2020-05-16 06:34:25,286:INFO:------------------------------------------------------------------------------------------------
2020-05-16 07:05:13,958:INFO:------------------------------------------------------------------------------------------------
2020-05-16 07:05:18,307:INFO:------------------------------------------------------------------------------------------------
2020-05-16 07:11:00,035:INFO:------------------------------------------------------------------------------------------------
2020-05-16 07:21:27,992:INFO:------------------------------------------------------------------------------------------------
2020-05-16 07:34:25,634:INFO:------------------------------------------------------------------------------------------------
2020-05-16 08:05:14,886:INFO:------------------------------------------------------------------------------------------------
2020-05-16 08:05:18,777:INFO:------------------------------------------------------------------------------------------------
2020-05-16 08:11:00,202:INFO:------------------------------------------------------------------------------------------------
2020-05-16 08:21:29,816:INFO:------------------------------------------------------------------------------------------------
2020-05-16 08:34:26,667:INFO:------------------------------------------------------------------------------------------------
2020-05-16 08:58:32,936:INFO:------------------------------------------------------------------------------------------------
2020-05-16 08:58:32,937:INFO:------------------------------------------------------------------------------------------------
2020-05-16 09:05:16,682:INFO:------------------------------------------------------------------------------------------------
2020-05-16 09:05:19,277:INFO:------------------------------------------------------------------------------------------------
2020-05-16 09:11:00,371:INFO:------------------------------------------------------------------------------------------------
2020-05-16 09:21:30,188:INFO:------------------------------------------------------------------------------------------------
2020-05-16 09:24:35,334:INFO:------------------------------------------------------------------------------------------------
2020-05-16 09:24:36,854:INFO:ДУГААРАА СОНГОЖ БУЙ ХЭСЭГ
2020-05-16 09:24:36,854:INFO:7
2020-05-16 09:24:52,013:WARNING:Not Found: /favicon.ico
2020-05-16 09:25:04,819:INFO:------------------------------------------------------------------------------------------------
2020-05-16 09:25:06,241:INFO:ДУГААРАА СОНГОЖ БУЙ ХЭСЭГ
2020-05-16 09:25:06,241:INFO:2
2020-05-16 09:26:12,925:INFO:------------------------------------------------------------------------------------------------
2020-05-16 09:26:13,864:INFO:ДУГААРАА СОНГОЖ БУЙ ХЭСЭГ
2020-05-16 09:26:13,864:INFO:7
2020-05-16 09:29:00,613:INFO:------------------------------------------------------------------------------------------------
2020-05-16 09:29:02,508:INFO:ДУГААРАА СОНГОЖ БУЙ ХЭСЭГ
2020-05-16 09:29:02,508:INFO:7
2020-05-16 09:29:18,157:INFO:------------------------------------------------------------------------------------------------
2020-05-16 09:29:18,996:INFO:ДУГААРАА СОНГОЖ БУЙ ХЭСЭГ
2020-05-16 09:29:18,997:INFO:7
2020-05-16 09:29:20,871:INFO:------------------------------------------------------------------------------------------------
2020-05-16 09:29:23,784:INFO:ДУГААРАА СОНГОЖ БУЙ ХЭСЭГ
2020-05-16 09:29:23,784:INFO:4
2020-05-16 09:29:42,488:INFO:------------------------------------------------------------------------------------------------
2020-05-16 09:29:44,292:INFO:ДУГААРАА СОНГОЖ БУЙ ХЭСЭГ
2020-05-16 09:29:44,292:INFO:7
2020-05-16 09:29:59,117:INFO:------------------------------------------------------------------------------------------------
2020-05-16 09:30:00,841:INFO:ДУГААРАА СОНГОЖ БУЙ ХЭСЭГ
2020-05-16 09:30:00,842:INFO:7
2020-05-16 09:30:42,102:INFO:------------------------------------------------------------------------------------------------
2020-05-16 09:30:46,280:INFO:ДУГААРАА СОНГОЖ БУЙ ХЭСЭГ
2020-05-16 09:30:46,280:INFO:7
2020-05-16 09:30:48,859:INFO:------------------------------------------------------------------------------------------------
2020-05-16 09:30:49,600:INFO:ДУГААРАА СОНГОЖ БУЙ ХЭСЭГ
2020-05-16 09:30:49,600:INFO:7
2020-05-16 09:30:50,997:INFO:------------------------------------------------------------------------------------------------
2020-05-16 09:30:51,834:INFO:ДУГААРАА СОНГОЖ БУЙ ХЭСЭГ
2020-05-16 09:30:51,834:INFO:7
2020-05-16 09:31:36,151:INFO:------------------------------------------------------------------------------------------------
2020-05-16 09:31:37,654:INFO:ДУГААРАА СОНГОЖ БУЙ ХЭСЭГ
2020-05-16 09:31:37,654:INFO:7
2020-05-16 09:31:51,936:INFO:ДУГААРЫН ҮНЭ
2020-05-16 09:31:51,939:INFO:10000
2020-05-16 09:32:32,673:INFO:ДУГААРЫН ZAHIALGA
2020-05-16 09:32:34,398:INFO:------------------------------------------------------------------------------------------------
2020-05-16 09:32:37,181:INFO:ДУГААРАА СОНГОЖ БУЙ ХЭСЭГ
2020-05-16 09:32:37,182:INFO:7
2020-05-16 09:34:02,954:INFO:------------------------------------------------------------------------------------------------
2020-05-16 09:34:03,856:INFO:ДУГААРАА СОНГОЖ БУЙ ХЭСЭГ
2020-05-16 09:34:03,856:INFO:7
2020-05-16 09:34:21,682:INFO:------------------------------------------------------------------------------------------------
2020-05-16 09:34:24,589:INFO:ДУГААРАА СОНГОЖ БУЙ ХЭСЭГ
2020-05-16 09:34:24,590:INFO:2
2020-05-16 09:34:27,693:INFO:------------------------------------------------------------------------------------------------
2020-05-16 09:34:43,554:INFO:ДУГААРАА СОНГОЖ БУЙ ХЭСЭГ
2020-05-16 09:34:43,554:INFO:2
2020-05-16 09:35:31,612:INFO:------------------------------------------------------------------------------------------------
2020-05-16 09:35:33,489:INFO:ДУГААРАА СОНГОЖ БУЙ ХЭСЭГ
2020-05-16 09:35:33,489:INFO:7
2020-05-16 09:38:09,767:INFO:------------------------------------------------------------------------------------------------
2020-05-16 09:50:53,093:INFO:------------------------------------------------------------------------------------------------
2020-05-16 09:50:57,138:INFO:ДУГААРАА СОНГОЖ БУЙ ХЭСЭГ
2020-05-16 09:50:57,138:INFO:2
2020-05-16 09:50:57,450:WARNING:Not Found: /favicon.ico
2020-05-16 09:57:13,758:INFO:------------------------------------------------------------------------------------------------
2020-05-16 09:58:33,716:INFO:------------------------------------------------------------------------------------------------
2020-05-16 09:58:33,767:INFO:------------------------------------------------------------------------------------------------
2020-05-16 09:58:56,868:INFO:ДУГААРАА СОНГОЖ БУЙ ХЭСЭГ
2020-05-16 09:58:56,868:INFO:7
2020-05-16 09:58:57,418:WARNING:Not Found: /favicon.ico
2020-05-16 10:00:16,042:INFO:------------------------------------------------------------------------------------------------
2020-05-16 10:05:17,038:INFO:------------------------------------------------------------------------------------------------
2020-05-16 10:05:19,747:INFO:------------------------------------------------------------------------------------------------
2020-05-16 10:11:00,528:INFO:------------------------------------------------------------------------------------------------
2020-05-16 10:17:54,426:INFO:------------------------------------------------------------------------------------------------
2020-05-16 10:21:31,415:INFO:------------------------------------------------------------------------------------------------
2020-05-16 10:27:53,019:INFO:------------------------------------------------------------------------------------------------
2020-05-16 10:27:54,105:INFO:ДУГААРАА СОНГОЖ БУЙ ХЭСЭГ
2020-05-16 10:27:54,106:INFO:2
2020-05-16 10:27:54,432:WARNING:Not Found: /favicon.ico
2020-05-16 10:27:54,451:WARNING:Not Found: /favicon.ico
2020-05-16 10:34:28,707:INFO:------------------------------------------------------------------------------------------------
2020-05-16 10:38:26,436:INFO:------------------------------------------------------------------------------------------------
2020-05-16 10:40:58,822:INFO:------------------------------------------------------------------------------------------------
2020-05-16 10:44:37,931:INFO:------------------------------------------------------------------------------------------------
2020-05-16 10:46:30,647:INFO:ДУГААРАА СОНГОЖ БУЙ ХЭСЭГ
2020-05-16 10:46:30,648:INFO:7
2020-05-16 10:46:33,145:INFO:------------------------------------------------------------------------------------------------
2020-05-16 10:56:39,963:INFO:ДУГААРАА СОНГОЖ БУЙ ХЭСЭГ
2020-05-16 10:56:39,964:INFO:2
2020-05-16 10:56:48,531:INFO:ДУГААРАА СОНГОЖ БУЙ ХЭСЭГ
2020-05-16 10:56:48,532:INFO:2
2020-05-16 10:56:49,734:INFO:ДУГААРАА СОНГОЖ БУЙ ХЭСЭГ
2020-05-16 10:56:49,734:INFO:2
2020-05-16 10:57:18,831:INFO:------------------------------------------------------------------------------------------------
2020-05-16 10:58:33,849:INFO:------------------------------------------------------------------------------------------------
2020-05-16 10:58:33,963:INFO:------------------------------------------------------------------------------------------------
2020-05-16 11:00:16,213:INFO:------------------------------------------------------------------------------------------------
2020-05-16 11:05:18,137:INFO:------------------------------------------------------------------------------------------------
2020-05-16 11:05:20,223:INFO:------------------------------------------------------------------------------------------------
2020-05-16 11:11:00,708:INFO:------------------------------------------------------------------------------------------------
2020-05-16 11:19:04,818:INFO:ДУГААРАА СОНГОЖ БУЙ ХЭСЭГ
2020-05-16 11:19:04,818:INFO:7
2020-05-16 11:19:19,493:INFO:ДУГААРАА СОНГОЖ БУЙ ХЭСЭГ
2020-05-16 11:19:19,494:INFO:7
2020-05-16 11:19:27,538:INFO:ДУГААРАА СОНГОЖ БУЙ ХЭСЭГ
2020-05-16 11:19:27,538:INFO:7
2020-05-16 11:21:25,607:INFO:ДУГААРАА СОНГОЖ БУЙ ХЭСЭГ
2020-05-16 11:21:25,608:INFO:7
2020-05-16 11:21:31,813:INFO:------------------------------------------------------------------------------------------------
2020-05-16 11:27:14,260:INFO:------------------------------------------------------------------------------------------------
2020-05-16 11:30:05,327:INFO:------------------------------------------------------------------------------------------------
2020-05-16 11:30:07,251:INFO:ДУГААРАА СОНГОЖ БУЙ ХЭСЭГ
2020-05-16 11:30:07,252:INFO:2
2020-05-16 11:31:02,747:INFO:------------------------------------------------------------------------------------------------
2020-05-16 11:31:22,167:INFO:------------------------------------------------------------------------------------------------
2020-05-16 11:31:22,284:INFO:------------------------------------------------------------------------------------------------
2020-05-16 11:34:29,756:INFO:------------------------------------------------------------------------------------------------
2020-05-16 11:34:36,923:WARNING:Not Found: /
2020-05-16 11:38:18,460:INFO:------------------------------------------------------------------------------------------------
2020-05-16 11:38:26,231:INFO:ДУГААРАА СОНГОЖ БУЙ ХЭСЭГ
2020-05-16 11:38:26,232:INFO:2
2020-05-16 11:38:26,522:WARNING:Not Found: /favicon.ico
2020-05-16 11:38:43,119:INFO:------------------------------------------------------------------------------------------------
2020-05-16 11:40:59,543:INFO:------------------------------------------------------------------------------------------------
2020-05-16 11:43:26,302:INFO:ДУГААРАА СОНГОЖ БУЙ ХЭСЭГ
2020-05-16 11:43:26,302:INFO:2
2020-05-16 11:43:26,695:WARNING:Not Found: /favicon.ico
2020-05-16 11:44:38,276:INFO:------------------------------------------------------------------------------------------------
2020-05-16 11:46:08,285:INFO:------------------------------------------------------------------------------------------------
2020-05-16 11:46:10,937:INFO:ДУГААРАА СОНГОЖ БУЙ ХЭСЭГ
2020-05-16 11:46:10,937:INFO:7
2020-05-16 11:46:11,333:WARNING:Not Found: /favicon.ico
2020-05-16 11:46:12,942:INFO:------------------------------------------------------------------------------------------------
2020-05-16 11:46:13,764:INFO:ДУГААРАА СОНГОЖ БУЙ ХЭСЭГ
2020-05-16 11:46:13,764:INFO:7
2020-05-16 11:46:18,456:INFO:ДУГААРАА СОНГОЖ БУЙ ХЭСЭГ
2020-05-16 11:46:18,457:INFO:2
2020-05-16 11:46:18,938:WARNING:Not Found: /favicon.ico
2020-05-16 11:46:18,944:WARNING:Not Found: /favicon.ico
2020-05-16 11:46:25,265:INFO:ДУГААРАА СОНГОЖ БУЙ ХЭСЭГ
2020-05-16 11:46:25,265:INFO:2
2020-05-16 11:46:29,623:INFO:ДУГААРАА СОНГОЖ БУЙ ХЭСЭГ
2020-05-16 11:46:29,623:INFO:2
2020-05-16 11:46:33,341:INFO:------------------------------------------------------------------------------------------------
2020-05-16 11:46:36,170:INFO:ДУГААРЫН ҮНЭ
2020-05-16 11:46:36,172:INFO:10000
2020-05-16 11:47:05,791:INFO:ДУГААРАА СОНГОЖ БУЙ ХЭСЭГ
2020-05-16 11:47:05,791:INFO:2
2020-05-16 11:47:09,073:INFO:ДУГААРАА СОНГОЖ БУЙ ХЭСЭГ
2020-05-16 11:47:09,074:INFO:2
2020-05-16 11:47:10,558:INFO:ДУГААРЫН ҮНЭ
2020-05-16 11:47:10,561:INFO:10000
2020-05-16 11:47:24,162:INFO:------------------------------------------------------------------------------------------------
2020-05-16 11:47:25,384:INFO:ДУГААРАА СОНГОЖ БУЙ ХЭСЭГ
2020-05-16 11:47:25,385:INFO:7
2020-05-16 11:47:58,774:INFO:ДУГААРЫН ҮНЭ
2020-05-16 11:47:58,777:INFO:10000
2020-05-16 11:48:33,904:INFO:------------------------------------------------------------------------------------------------
2020-05-16 11:48:49,103:INFO:ДУГААРЫН ZAHIALGA
2020-05-16 11:49:50,217:INFO:ДУГААРАА СОНГОЖ БУЙ ХЭСЭГ
2020-05-16 11:49:50,218:INFO:2
2020-05-16 11:49:58,888:INFO:------------------------------------------------------------------------------------------------
2020-05-16 11:50:01,751:INFO:ДУГААРАА СОНГОЖ БУЙ ХЭСЭГ
2020-05-16 11:50:01,751:INFO:7
2020-05-16 11:50:49,192:INFO:------------------------------------------------------------------------------------------------
2020-05-16 11:51:06,269:INFO:ДУГААРАА СОНГОЖ БУЙ ХЭСЭГ
2020-05-16 11:51:06,270:INFO:7
2020-05-16 11:51:13,206:INFO:ДУГААРАА СОНГОЖ БУЙ ХЭСЭГ
2020-05-16 11:51:13,207:INFO:7
2020-05-16 11:51:16,611:INFO:ДУГААРАА СОНГОЖ БУЙ ХЭСЭГ
2020-05-16 11:51:16,612:INFO:7
2020-05-16 11:51:20,632:INFO:ДУГААРАА СОНГОЖ БУЙ ХЭСЭГ
2020-05-16 11:51:20,633:INFO:7
2020-05-16 11:51:31,316:INFO:ДУГААРАА СОНГОЖ БУЙ ХЭСЭГ
2020-05-16 11:51:31,316:INFO:7
2020-05-16 11:52:15,330:INFO:ДУГААРАА СОНГОЖ БУЙ ХЭСЭГ
2020-05-16 11:52:15,331:INFO:7
2020-05-16 11:52:57,791:INFO:ДУГААРЫН ҮНЭ
2020-05-16 11:52:57,793:INFO:10000
2020-05-16 11:53:22,843:INFO:------------------------------------------------------------------------------------------------
2020-05-16 11:53:24,896:INFO:ДУГААРАА СОНГОЖ БУЙ ХЭСЭГ
2020-05-16 11:53:24,896:INFO:2
2020-05-16 11:53:25,209:WARNING:Not Found: /favicon.ico
2020-05-16 11:53:42,295:INFO:ДУГААРЫН ҮНЭ
2020-05-16 11:53:42,298:INFO:5000
2020-05-16 11:54:40,969:INFO:ДУГААРАА СОНГОЖ БУЙ ХЭСЭГ
2020-05-16 11:54:40,969:INFO:7
2020-05-16 11:55:00,085:INFO:ДУГААРАА СОНГОЖ БУЙ ХЭСЭГ
2020-05-16 11:55:00,086:INFO:7
2020-05-16 11:55:05,816:INFO:ДУГААРАА СОНГОЖ БУЙ ХЭСЭГ
2020-05-16 11:55:05,816:INFO:7
2020-05-16 11:55:32,688:INFO:------------------------------------------------------------------------------------------------
2020-05-16 11:55:45,485:INFO:ДУГААРАА СОНГОЖ БУЙ ХЭСЭГ
2020-05-16 11:55:45,485:INFO:2
2020-05-16 11:55:45,984:WARNING:Not Found: /favicon.ico
2020-05-16 11:57:18,958:INFO:------------------------------------------------------------------------------------------------
2020-05-16 11:58:33,978:INFO:------------------------------------------------------------------------------------------------
2020-05-16 11:58:34,116:INFO:------------------------------------------------------------------------------------------------
2020-05-16 11:58:57,725:INFO:------------------------------------------------------------------------------------------------
2020-05-16 11:59:00,710:INFO:ДУГААРАА СОНГОЖ БУЙ ХЭСЭГ
2020-05-16 11:59:00,710:INFO:7
2020-05-16 12:00:33,806:INFO:ДУГААРЫН ҮНЭ
2020-05-16 12:00:33,808:INFO:10000
2020-05-16 12:02:25,900:INFO:------------------------------------------------------------------------------------------------
2020-05-16 12:02:42,263:INFO:ДУГААРЫН ҮНЭ
2020-05-16 12:02:42,266:INFO:10000
2020-05-16 12:03:11,715:INFO:ДУГААРАА СОНГОЖ БУЙ ХЭСЭГ
2020-05-16 12:03:11,715:INFO:7
2020-05-16 12:03:22,699:INFO:ДУГААРАА СОНГОЖ БУЙ ХЭСЭГ
2020-05-16 12:03:22,699:INFO:7
2020-05-16 12:03:26,130:INFO:ДУГААРАА СОНГОЖ БУЙ ХЭСЭГ
2020-05-16 12:03:26,130:INFO:7
2020-05-16 12:03:39,364:INFO:ДУГААРАА СОНГОЖ БУЙ ХЭСЭГ
2020-05-16 12:03:39,365:INFO:7
2020-05-16 12:03:53,146:INFO:------------------------------------------------------------------------------------------------
2020-05-16 12:03:56,495:INFO:ДУГААРАА СОНГОЖ БУЙ ХЭСЭГ
2020-05-16 12:03:56,495:INFO:2
2020-05-16 12:03:58,300:INFO:ДУГААРАА СОНГОЖ БУЙ ХЭСЭГ
2020-05-16 12:03:58,301:INFO:7
2020-05-16 12:04:06,349:INFO:ДУГААРАА СОНГОЖ БУЙ ХЭСЭГ
2020-05-16 12:04:06,350:INFO:7
2020-05-16 12:04:26,906:INFO:ДУГААРАА СОНГОЖ БУЙ ХЭСЭГ
2020-05-16 12:04:26,906:INFO:7
2020-05-16 12:04:38,714:INFO:ДУГААРАА СОНГОЖ БУЙ ХЭСЭГ
2020-05-16 12:04:38,714:INFO:7
2020-05-16 12:04:57,882:INFO:ДУГААРЫН ҮНЭ
2020-05-16 12:04:57,884:INFO:10000
2020-05-16 12:05:15,650:INFO:ДУГААРАА СОНГОЖ БУЙ ХЭСЭГ
2020-05-16 12:05:15,650:INFO:7
2020-05-16 12:05:16,934:INFO:ДУГААРЫН ҮНЭ
2020-05-16 12:05:16,937:INFO:5000
2020-05-16 12:05:19,164:INFO:------------------------------------------------------------------------------------------------
2020-05-16 12:05:20,887:INFO:------------------------------------------------------------------------------------------------
2020-05-16 12:05:24,784:INFO:ДУГААРЫН ҮНЭ
2020-05-16 12:05:24,786:INFO:10000
2020-05-16 12:05:27,444:INFO:ДУГААРЫН ZAHIALGA
2020-05-16 12:05:32,795:INFO:ДУГААРЫН ҮНЭ
2020-05-16 12:05:32,798:INFO:10000
2020-05-16 12:05:35,463:INFO:ДУГААРЫН ҮНЭ
2020-05-16 12:05:35,466:INFO:10000
2020-05-16 12:05:56,251:INFO:ДУГААРЫН ҮНЭ
2020-05-16 12:05:56,253:INFO:10000
2020-05-16 12:06:03,427:INFO:ДУГААРАА СОНГОЖ БУЙ ХЭСЭГ
2020-05-16 12:06:03,428:INFO:7
2020-05-16 12:06:25,827:INFO:ДУГААРАА СОНГОЖ БУЙ ХЭСЭГ
2020-05-16 12:06:25,828:INFO:7
2020-05-16 12:06:48,829:INFO:ДУГААРАА СОНГОЖ БУЙ ХЭСЭГ
2020-05-16 12:06:48,829:INFO:7
2020-05-16 12:07:10,332:INFO:ДУГААРАА СОНГОЖ БУЙ ХЭСЭГ
2020-05-16 12:07:10,332:INFO:7
2020-05-16 12:07:16,391:INFO:ДУГААРАА СОНГОЖ БУЙ ХЭСЭГ
2020-05-16 12:07:16,391:INFO:7
2020-05-16 12:07:16,803:INFO:ДУГААРАА СОНГОЖ БУЙ ХЭСЭГ
2020-05-16 12:07:16,803:INFO:7
2020-05-16 12:07:41,252:INFO:------------------------------------------------------------------------------------------------
2020-05-16 12:07:43,451:INFO:ДУГААРАА СОНГОЖ БУЙ ХЭСЭГ
2020-05-16 12:07:43,452:INFO:2
2020-05-16 12:07:47,027:INFO:ДУГААРАА СОНГОЖ БУЙ ХЭСЭГ
2020-05-16 12:07:47,027:INFO:2
2020-05-16 12:07:57,966:INFO:ДУГААРАА СОНГОЖ БУЙ ХЭСЭГ
2020-05-16 12:07:57,966:INFO:2
2020-05-16 12:10:26,008:INFO:------------------------------------------------------------------------------------------------
2020-05-16 12:10:27,898:INFO:ДУГААРАА СОНГОЖ БУЙ ХЭСЭГ
2020-05-16 12:10:27,898:INFO:2
2020-05-16 12:11:00,882:INFO:------------------------------------------------------------------------------------------------
2020-05-16 12:11:09,670:INFO:ДУГААРАА СОНГОЖ БУЙ ХЭСЭГ
2020-05-16 12:11:09,671:INFO:7
2020-05-16 12:11:14,178:INFO:ДУГААРЫН ҮНЭ
2020-05-16 12:11:14,183:INFO:5000
2020-05-16 12:11:41,197:INFO:ДУГААРАА СОНГОЖ БУЙ ХЭСЭГ
2020-05-16 12:11:41,197:INFO:2
2020-05-16 12:12:28,430:INFO:------------------------------------------------------------------------------------------------
2020-05-16 12:12:44,361:INFO:ДУГААРАА СОНГОЖ БУЙ ХЭСЭГ
2020-05-16 12:12:44,362:INFO:2
2020-05-16 12:12:44,891:WARNING:Not Found: /favicon.ico
2020-05-16 12:14:34,171:INFO:------------------------------------------------------------------------------------------------
2020-05-16 12:14:52,306:INFO:ДУГААРАА СОНГОЖ БУЙ ХЭСЭГ
2020-05-16 12:14:52,306:INFO:7
2020-05-16 12:14:59,915:INFO:ДУГААРАА СОНГОЖ БУЙ ХЭСЭГ
2020-05-16 12:14:59,915:INFO:7
2020-05-16 12:16:19,872:ERROR:Internal Server Error: /getnumber
Traceback (most recent call last):
  File "/usr/local/lib/python2.7/dist-packages/django/core/handlers/exception.py", line 41, in inner
    response = get_response(request)
  File "/usr/local/lib/python2.7/dist-packages/django/core/handlers/base.py", line 187, in _get_response
    response = self.process_exception_by_middleware(e, request)
  File "/usr/local/lib/python2.7/dist-packages/django/core/handlers/base.py", line 185, in _get_response
    response = wrapped_callback(request, *callback_args, **callback_kwargs)
  File "/usr/local/lib/python2.7/dist-packages/django/views/decorators/csrf.py", line 58, in wrapped_view
    return view_func(*args, **kwargs)
  File "/usr/local/lib/python2.7/dist-packages/django/views/generic/base.py", line 68, in view
    return self.dispatch(request, *args, **kwargs)
  File "/usr/local/lib/python2.7/dist-packages/rest_framework/views.py", line 495, in dispatch
    response = self.handle_exception(exc)
  File "/usr/local/lib/python2.7/dist-packages/rest_framework/views.py", line 455, in handle_exception
    self.raise_uncaught_exception(exc)
  File "/usr/local/lib/python2.7/dist-packages/rest_framework/views.py", line 492, in dispatch
    response = handler(request, *args, **kwargs)
  File "/usr/local/lib/python2.7/dist-packages/rest_framework/decorators.py", line 55, in handler
    return func(*args, **kwargs)
  File "/home/user/nFilterNew/controller/views.py", line 206, in getNumber
    if data[1] == az:
IndexError: list index out of range
2020-05-16 12:16:56,827:INFO:ДУГААРЫН ҮНЭ
2020-05-16 12:16:56,829:INFO:10000
2020-05-16 12:21:32,881:INFO:------------------------------------------------------------------------------------------------
2020-05-16 12:21:59,386:INFO:------------------------------------------------------------------------------------------------
2020-05-16 12:22:53,795:INFO:ДУГААРАА СОНГОЖ БУЙ ХЭСЭГ
2020-05-16 12:22:53,796:INFO:2
2020-05-16 12:22:55,108:INFO:------------------------------------------------------------------------------------------------
2020-05-16 12:22:55,795:INFO:ДУГААРАА СОНГОЖ БУЙ ХЭСЭГ
2020-05-16 12:22:55,795:INFO:7
2020-05-16 12:23:19,883:INFO:ДУГААРЫН ҮНЭ
2020-05-16 12:23:19,886:INFO:10000
2020-05-16 12:23:40,721:INFO:ДУГААРЫН ZAHIALGA
2020-05-16 12:25:28,854:INFO:ДУГААРАА СОНГОЖ БУЙ ХЭСЭГ
2020-05-16 12:25:28,854:INFO:7
2020-05-16 12:25:40,817:INFO:------------------------------------------------------------------------------------------------
2020-05-16 12:25:43,507:INFO:ДУГААРАА СОНГОЖ БУЙ ХЭСЭГ
2020-05-16 12:25:43,508:INFO:7
2020-05-16 12:25:47,880:INFO:ДУГААРАА СОНГОЖ БУЙ ХЭСЭГ
2020-05-16 12:25:47,880:INFO:7
2020-05-16 12:25:55,034:INFO:ДУГААРЫН ҮНЭ
2020-05-16 12:25:55,037:INFO:10000
2020-05-16 12:26:12,184:INFO:ДУГААРАА СОНГОЖ БУЙ ХЭСЭГ
2020-05-16 12:26:12,184:INFO:7
2020-05-16 12:26:26,084:INFO:ДУГААРЫН ҮНЭ
2020-05-16 12:26:26,087:INFO:10000
2020-05-16 12:31:04,472:INFO:------------------------------------------------------------------------------------------------
2020-05-16 12:31:24,361:INFO:------------------------------------------------------------------------------------------------
2020-05-16 12:32:01,656:INFO:------------------------------------------------------------------------------------------------
2020-05-16 12:32:03,301:INFO:ДУГААРАА СОНГОЖ БУЙ ХЭСЭГ
2020-05-16 12:32:03,301:INFO:2
2020-05-16 12:34:30,771:INFO:------------------------------------------------------------------------------------------------
2020-05-16 12:35:08,002:INFO:------------------------------------------------------------------------------------------------
2020-05-16 12:35:08,999:INFO:ДУГААРАА СОНГОЖ БУЙ ХЭСЭГ
2020-05-16 12:35:09,000:INFO:7
2020-05-16 12:35:13,137:INFO:ДУГААРАА СОНГОЖ БУЙ ХЭСЭГ
2020-05-16 12:35:13,137:INFO:7
2020-05-16 12:36:03,002:INFO:ДУГААРАА СОНГОЖ БУЙ ХЭСЭГ
2020-05-16 12:36:03,002:INFO:2
2020-05-16 12:37:29,675:INFO:ДУГААРАА СОНГОЖ БУЙ ХЭСЭГ
2020-05-16 12:37:29,675:INFO:2
2020-05-16 12:37:30,846:INFO:ДУГААРАА СОНГОЖ БУЙ ХЭСЭГ
2020-05-16 12:37:30,846:INFO:2
2020-05-16 12:37:31,902:INFO:ДУГААРАА СОНГОЖ БУЙ ХЭСЭГ
2020-05-16 12:37:31,902:INFO:2
2020-05-16 12:37:47,681:INFO:ДУГААРЫН ҮНЭ
2020-05-16 12:37:47,684:INFO:5000
2020-05-16 12:38:02,630:INFO:ДУГААРЫН ZAHIALGA
2020-05-16 12:38:59,771:INFO:------------------------------------------------------------------------------------------------
2020-05-16 12:39:10,363:INFO:------------------------------------------------------------------------------------------------
2020-05-16 12:39:11,282:INFO:ДУГААРАА СОНГОЖ БУЙ ХЭСЭГ
2020-05-16 12:39:11,282:INFO:2
2020-05-16 12:40:01,697:INFO:ДУГААРЫН ҮНЭ
2020-05-16 12:40:01,699:INFO:5000
2020-05-16 12:40:02,734:INFO:------------------------------------------------------------------------------------------------
2020-05-16 12:40:54,803:INFO:ДУГААРАА СОНГОЖ БУЙ ХЭСЭГ
2020-05-16 12:40:54,803:INFO:7
2020-05-16 12:40:55,636:WARNING:Not Found: /favicon.ico
2020-05-16 12:40:58,317:INFO:------------------------------------------------------------------------------------------------
2020-05-16 12:41:49,759:INFO:ДУГААРАА СОНГОЖ БУЙ ХЭСЭГ
2020-05-16 12:41:49,759:INFO:7
2020-05-16 12:41:53,531:INFO:ДУГААРАА СОНГОЖ БУЙ ХЭСЭГ
2020-05-16 12:41:53,532:INFO:7
2020-05-16 12:41:57,520:INFO:ДУГААРАА СОНГОЖ БУЙ ХЭСЭГ
2020-05-16 12:41:57,521:INFO:7
2020-05-16 12:42:04,199:INFO:ДУГААРАА СОНГОЖ БУЙ ХЭСЭГ
2020-05-16 12:42:04,199:INFO:2
2020-05-16 12:42:06,779:INFO:ДУГААРАА СОНГОЖ БУЙ ХЭСЭГ
2020-05-16 12:42:06,779:INFO:7
2020-05-16 12:42:42,114:INFO:ДУГААРАА СОНГОЖ БУЙ ХЭСЭГ
2020-05-16 12:42:42,115:INFO:7
2020-05-16 12:43:55,232:INFO:ДУГААРЫН ҮНЭ
2020-05-16 12:43:55,235:INFO:5000
2020-05-16 12:44:38,412:INFO:------------------------------------------------------------------------------------------------
2020-05-16 12:44:47,791:INFO:ДУГААРЫН ҮНЭ
2020-05-16 12:44:47,794:INFO:5000
2020-05-16 12:48:27,088:INFO:ДУГААРЫН ҮНЭ
2020-05-16 12:48:27,091:INFO:5000
2020-05-16 12:48:34,141:INFO:------------------------------------------------------------------------------------------------
2020-05-16 12:49:14,348:INFO:------------------------------------------------------------------------------------------------
2020-05-16 12:49:16,488:INFO:ДУГААРАА СОНГОЖ БУЙ ХЭСЭГ
2020-05-16 12:49:16,488:INFO:7
2020-05-16 12:49:16,934:WARNING:Not Found: /favicon.ico
2020-05-16 12:49:16,942:WARNING:Not Found: /favicon.ico
2020-05-16 12:49:37,542:INFO:ДУГААРЫН ҮНЭ
2020-05-16 12:49:37,545:INFO:10000
2020-05-16 12:50:07,902:ERROR:Internal Server Error: /getnumber
Traceback (most recent call last):
  File "/usr/local/lib/python2.7/dist-packages/django/core/handlers/exception.py", line 41, in inner
    response = get_response(request)
  File "/usr/local/lib/python2.7/dist-packages/django/core/handlers/base.py", line 187, in _get_response
    response = self.process_exception_by_middleware(e, request)
  File "/usr/local/lib/python2.7/dist-packages/django/core/handlers/base.py", line 185, in _get_response
    response = wrapped_callback(request, *callback_args, **callback_kwargs)
  File "/usr/local/lib/python2.7/dist-packages/django/views/decorators/csrf.py", line 58, in wrapped_view
    return view_func(*args, **kwargs)
  File "/usr/local/lib/python2.7/dist-packages/django/views/generic/base.py", line 68, in view
    return self.dispatch(request, *args, **kwargs)
  File "/usr/local/lib/python2.7/dist-packages/rest_framework/views.py", line 495, in dispatch
    response = self.handle_exception(exc)
  File "/usr/local/lib/python2.7/dist-packages/rest_framework/views.py", line 455, in handle_exception
    self.raise_uncaught_exception(exc)
  File "/usr/local/lib/python2.7/dist-packages/rest_framework/views.py", line 492, in dispatch
    response = handler(request, *args, **kwargs)
  File "/usr/local/lib/python2.7/dist-packages/rest_framework/decorators.py", line 55, in handler
    return func(*args, **kwargs)
  File "/home/user/nFilterNew/controller/views.py", line 206, in getNumber
    if data[1] == az:
IndexError: list index out of range
2020-05-16 12:52:40,669:INFO:ДУГААРАА СОНГОЖ БУЙ ХЭСЭГ
2020-05-16 12:52:40,669:INFO:2
2020-05-16 12:52:46,149:INFO:ДУГААРАА СОНГОЖ БУЙ ХЭСЭГ
2020-05-16 12:52:46,149:INFO:2
2020-05-16 12:54:00,457:INFO:ДУГААРАА СОНГОЖ БУЙ ХЭСЭГ
2020-05-16 12:54:00,457:INFO:7
2020-05-16 12:58:00,119:INFO:ДУГААРАА СОНГОЖ БУЙ ХЭСЭГ
2020-05-16 12:58:00,119:INFO:7
2020-05-16 12:58:31,502:INFO:ДУГААРАА СОНГОЖ БУЙ ХЭСЭГ
2020-05-16 12:58:31,502:INFO:7
2020-05-16 12:58:34,057:INFO:------------------------------------------------------------------------------------------------
2020-05-16 12:58:34,237:INFO:------------------------------------------------------------------------------------------------
2020-05-16 12:59:56,814:INFO:ДУГААРАА СОНГОЖ БУЙ ХЭСЭГ
2020-05-16 12:59:56,814:INFO:7
2020-05-16 13:00:07,108:INFO:ДУГААРАА СОНГОЖ БУЙ ХЭСЭГ
2020-05-16 13:00:07,109:INFO:7
2020-05-16 13:00:11,158:INFO:ДУГААРАА СОНГОЖ БУЙ ХЭСЭГ
2020-05-16 13:00:11,159:INFO:7
2020-05-16 13:01:07,247:INFO:ДУГААРАА СОНГОЖ БУЙ ХЭСЭГ
2020-05-16 13:01:07,247:INFO:7
2020-05-16 13:02:26,835:INFO:------------------------------------------------------------------------------------------------
2020-05-16 13:03:24,378:INFO:ДУГААРЫН ҮНЭ
2020-05-16 13:03:24,381:INFO:5000
2020-05-16 13:05:19,899:INFO:------------------------------------------------------------------------------------------------
2020-05-16 13:05:21,363:INFO:------------------------------------------------------------------------------------------------
2020-05-16 13:06:01,098:INFO:ДУГААРАА СОНГОЖ БУЙ ХЭСЭГ
2020-05-16 13:06:01,098:INFO:7
2020-05-16 13:06:02,784:WARNING:Not Found: /favicon.ico
2020-05-16 13:06:27,693:INFO:ДУГААРАА СОНГОЖ БУЙ ХЭСЭГ
2020-05-16 13:06:27,693:INFO:7
2020-05-16 13:06:38,905:INFO:ДУГААРАА СОНГОЖ БУЙ ХЭСЭГ
2020-05-16 13:06:38,905:INFO:7
2020-05-16 13:07:20,493:INFO:ДУГААРЫН ҮНЭ
2020-05-16 13:07:20,495:INFO:10000
2020-05-16 13:11:01,077:INFO:------------------------------------------------------------------------------------------------
2020-05-16 13:14:34,322:INFO:------------------------------------------------------------------------------------------------
2020-05-16 13:17:33,071:INFO:ДУГААРАА СОНГОЖ БУЙ ХЭСЭГ
2020-05-16 13:17:33,072:INFO:7
2020-05-16 13:17:45,590:INFO:ДУГААРАА СОНГОЖ БУЙ ХЭСЭГ
2020-05-16 13:17:45,590:INFO:2
2020-05-16 13:18:20,548:INFO:ДУГААРАА СОНГОЖ БУЙ ХЭСЭГ
2020-05-16 13:18:20,548:INFO:7
2020-05-16 13:18:38,530:INFO:ДУГААРЫН ҮНЭ
2020-05-16 13:18:38,533:INFO:10000
2020-05-16 13:19:12,128:INFO:ДУГААРЫН ҮНЭ
2020-05-16 13:19:12,130:INFO:10000
2020-05-16 13:19:25,610:INFO:ДУГААРАА СОНГОЖ БУЙ ХЭСЭГ
2020-05-16 13:19:25,610:INFO:2
2020-05-16 13:19:50,392:INFO:ДУГААРЫН ҮНЭ
2020-05-16 13:19:50,395:INFO:10000
2020-05-16 13:21:33,852:INFO:------------------------------------------------------------------------------------------------
2020-05-16 13:21:37,559:INFO:ДУГААРЫН ҮНЭ
2020-05-16 13:21:37,561:INFO:10000
2020-05-16 13:22:04,505:INFO:------------------------------------------------------------------------------------------------
2020-05-16 13:22:07,575:INFO:ДУГААРЫН ҮНЭ
2020-05-16 13:22:07,578:INFO:10000
2020-05-16 13:22:10,055:INFO:ДУГААРЫН ҮНЭ
2020-05-16 13:22:10,057:INFO:10000
2020-05-16 13:31:10,697:INFO:------------------------------------------------------------------------------------------------
2020-05-16 13:31:31,887:INFO:------------------------------------------------------------------------------------------------
2020-05-16 13:34:31,801:INFO:------------------------------------------------------------------------------------------------
2020-05-16 13:35:43,858:INFO:ДУГААРАА СОНГОЖ БУЙ ХЭСЭГ
2020-05-16 13:35:43,859:INFO:7
2020-05-16 13:35:44,335:WARNING:Not Found: /favicon.ico
2020-05-16 13:35:45,287:INFO:------------------------------------------------------------------------------------------------
2020-05-16 13:35:46,055:INFO:ДУГААРАА СОНГОЖ БУЙ ХЭСЭГ
2020-05-16 13:35:46,055:INFO:7
2020-05-16 13:40:02,835:INFO:------------------------------------------------------------------------------------------------
2020-05-16 13:40:58,536:INFO:------------------------------------------------------------------------------------------------
2020-05-16 13:41:31,364:INFO:ДУГААРЫН ҮНЭ
2020-05-16 13:41:31,366:INFO:5000
2020-05-16 13:41:34,490:ERROR:Internal Server Error: /getnumber
Traceback (most recent call last):
  File "/usr/local/lib/python2.7/dist-packages/django/core/handlers/exception.py", line 41, in inner
    response = get_response(request)
  File "/usr/local/lib/python2.7/dist-packages/django/core/handlers/base.py", line 187, in _get_response
    response = self.process_exception_by_middleware(e, request)
  File "/usr/local/lib/python2.7/dist-packages/django/core/handlers/base.py", line 185, in _get_response
    response = wrapped_callback(request, *callback_args, **callback_kwargs)
  File "/usr/local/lib/python2.7/dist-packages/django/views/decorators/csrf.py", line 58, in wrapped_view
    return view_func(*args, **kwargs)
  File "/usr/local/lib/python2.7/dist-packages/django/views/generic/base.py", line 68, in view
    return self.dispatch(request, *args, **kwargs)
  File "/usr/local/lib/python2.7/dist-packages/rest_framework/views.py", line 495, in dispatch
    response = self.handle_exception(exc)
  File "/usr/local/lib/python2.7/dist-packages/rest_framework/views.py", line 455, in handle_exception
    self.raise_uncaught_exception(exc)
  File "/usr/local/lib/python2.7/dist-packages/rest_framework/views.py", line 492, in dispatch
    response = handler(request, *args, **kwargs)
  File "/usr/local/lib/python2.7/dist-packages/rest_framework/decorators.py", line 55, in handler
    return func(*args, **kwargs)
  File "/home/user/nFilterNew/controller/views.py", line 206, in getNumber
    if data[1] == az:
IndexError: list index out of range
2020-05-16 13:42:27,377:INFO:ДУГААРЫН ZAHIALGA
2020-05-16 13:44:04,773:INFO:ДУГААРАА СОНГОЖ БУЙ ХЭСЭГ
2020-05-16 13:44:04,773:INFO:7
2020-05-16 13:44:17,825:INFO:ДУГААРЫН ҮНЭ
2020-05-16 13:44:17,828:INFO:10000
2020-05-16 13:44:27,614:INFO:------------------------------------------------------------------------------------------------
2020-05-16 13:44:38,530:INFO:------------------------------------------------------------------------------------------------
2020-05-16 13:45:07,414:INFO:ДУГААРЫН ZAHIALGA
2020-05-16 13:45:46,121:INFO:ДУГААРАА СОНГОЖ БУЙ ХЭСЭГ
2020-05-16 13:45:46,121:INFO:2
2020-05-16 13:47:07,506:INFO:------------------------------------------------------------------------------------------------
2020-05-16 13:48:34,327:INFO:------------------------------------------------------------------------------------------------
2020-05-16 13:53:29,728:INFO:ДУГААРАА СОНГОЖ БУЙ ХЭСЭГ
2020-05-16 13:53:29,729:INFO:2
2020-05-16 13:53:30,236:WARNING:Not Found: /favicon.ico
2020-05-16 13:53:52,113:INFO:ДУГААРЫН ҮНЭ
2020-05-16 13:53:52,116:INFO:5000
2020-05-16 13:58:34,176:INFO:------------------------------------------------------------------------------------------------
2020-05-16 13:58:34,361:INFO:------------------------------------------------------------------------------------------------
2020-05-16 13:59:59,061:INFO:ДУГААРАА СОНГОЖ БУЙ ХЭСЭГ
2020-05-16 13:59:59,061:INFO:2
2020-05-16 14:02:29,769:INFO:------------------------------------------------------------------------------------------------
2020-05-16 14:05:20,325:INFO:------------------------------------------------------------------------------------------------
2020-05-16 14:05:21,565:INFO:------------------------------------------------------------------------------------------------
2020-05-16 14:06:58,230:ERROR:Internal Server Error: /getnumber
Traceback (most recent call last):
  File "/usr/local/lib/python2.7/dist-packages/django/core/handlers/exception.py", line 41, in inner
    response = get_response(request)
  File "/usr/local/lib/python2.7/dist-packages/django/core/handlers/base.py", line 187, in _get_response
    response = self.process_exception_by_middleware(e, request)
  File "/usr/local/lib/python2.7/dist-packages/django/core/handlers/base.py", line 185, in _get_response
    response = wrapped_callback(request, *callback_args, **callback_kwargs)
  File "/usr/local/lib/python2.7/dist-packages/django/views/decorators/csrf.py", line 58, in wrapped_view
    return view_func(*args, **kwargs)
  File "/usr/local/lib/python2.7/dist-packages/django/views/generic/base.py", line 68, in view
    return self.dispatch(request, *args, **kwargs)
  File "/usr/local/lib/python2.7/dist-packages/rest_framework/views.py", line 495, in dispatch
    response = self.handle_exception(exc)
  File "/usr/local/lib/python2.7/dist-packages/rest_framework/views.py", line 455, in handle_exception
    self.raise_uncaught_exception(exc)
  File "/usr/local/lib/python2.7/dist-packages/rest_framework/views.py", line 492, in dispatch
    response = handler(request, *args, **kwargs)
  File "/usr/local/lib/python2.7/dist-packages/rest_framework/decorators.py", line 55, in handler
    return func(*args, **kwargs)
  File "/home/user/nFilterNew/controller/views.py", line 206, in getNumber
    if data[1] == az:
IndexError: list index out of range
2020-05-16 14:07:12,814:INFO:------------------------------------------------------------------------------------------------
2020-05-16 14:07:13,679:INFO:ДУГААРАА СОНГОЖ БУЙ ХЭСЭГ
2020-05-16 14:07:13,680:INFO:7
2020-05-16 14:07:17,724:INFO:ДУГААРАА СОНГОЖ БУЙ ХЭСЭГ
2020-05-16 14:07:17,724:INFO:7
2020-05-16 14:08:02,338:INFO:ДУГААРЫН ҮНЭ
2020-05-16 14:08:02,340:INFO:10000
2020-05-16 14:08:53,935:INFO:ДУГААРЫН ҮНЭ
2020-05-16 14:08:53,938:INFO:5000
2020-05-16 14:09:13,546:INFO:------------------------------------------------------------------------------------------------
2020-05-16 14:09:17,610:INFO:ДУГААРАА СОНГОЖ БУЙ ХЭСЭГ
2020-05-16 14:09:17,610:INFO:7
2020-05-16 14:09:46,637:INFO:ДУГААРЫН ҮНЭ
2020-05-16 14:09:46,640:INFO:10000
2020-05-16 14:11:01,236:INFO:------------------------------------------------------------------------------------------------
2020-05-16 14:12:04,508:INFO:ДУГААРАА СОНГОЖ БУЙ ХЭСЭГ
2020-05-16 14:12:04,508:INFO:7
2020-05-16 14:12:13,268:INFO:ДУГААРАА СОНГОЖ БУЙ ХЭСЭГ
2020-05-16 14:12:13,268:INFO:7
2020-05-16 14:12:49,427:INFO:ДУГААРАА СОНГОЖ БУЙ ХЭСЭГ
2020-05-16 14:12:49,427:INFO:2
2020-05-16 14:14:31,892:INFO:ДУГААРАА СОНГОЖ БУЙ ХЭСЭГ
2020-05-16 14:14:31,892:INFO:7
2020-05-16 14:14:34,465:INFO:------------------------------------------------------------------------------------------------
2020-05-16 14:14:38,598:INFO:ДУГААРЫН ҮНЭ
2020-05-16 14:14:38,600:INFO:10000
2020-05-16 14:17:54,076:INFO:ДУГААРАА СОНГОЖ БУЙ ХЭСЭГ
2020-05-16 14:17:54,077:INFO:7
2020-05-16 14:19:34,618:INFO:ДУГААРАА СОНГОЖ БУЙ ХЭСЭГ
2020-05-16 14:19:34,618:INFO:7
2020-05-16 14:20:07,140:INFO:ДУГААРЫН ҮНЭ
2020-05-16 14:20:07,143:INFO:10000
2020-05-16 14:20:41,814:INFO:ДУГААРЫН ZAHIALGA
2020-05-16 14:21:34,271:INFO:------------------------------------------------------------------------------------------------
2020-05-16 14:22:41,920:INFO:------------------------------------------------------------------------------------------------
2020-05-16 14:22:56,578:INFO:ДУГААРАА СОНГОЖ БУЙ ХЭСЭГ
2020-05-16 14:22:56,578:INFO:2
2020-05-16 14:23:01,660:INFO:ДУГААРАА СОНГОЖ БУЙ ХЭСЭГ
2020-05-16 14:23:01,660:INFO:2
2020-05-16 14:24:41,642:INFO:ДУГААРАА СОНГОЖ БУЙ ХЭСЭГ
2020-05-16 14:24:41,642:INFO:2
2020-05-16 14:24:44,425:INFO:------------------------------------------------------------------------------------------------
2020-05-16 14:24:44,998:INFO:ДУГААРАА СОНГОЖ БУЙ ХЭСЭГ
2020-05-16 14:24:44,999:INFO:2
2020-05-16 14:25:23,830:INFO:ДУГААРАА СОНГОЖ БУЙ ХЭСЭГ
2020-05-16 14:25:23,830:INFO:2
2020-05-16 14:26:09,340:INFO:ДУГААРЫН ҮНЭ
2020-05-16 14:26:09,343:INFO:5000
2020-05-16 14:31:14,917:INFO:------------------------------------------------------------------------------------------------
2020-05-16 14:31:37,121:INFO:------------------------------------------------------------------------------------------------
2020-05-16 14:33:19,183:INFO:------------------------------------------------------------------------------------------------
2020-05-16 14:33:19,971:INFO:ДУГААРАА СОНГОЖ БУЙ ХЭСЭГ
2020-05-16 14:33:19,971:INFO:7
2020-05-16 14:33:34,642:INFO:ДУГААРЫН ҮНЭ
2020-05-16 14:33:34,644:INFO:10000
2020-05-16 14:33:47,535:INFO:ДУГААРЫН ZAHIALGA
2020-05-16 14:34:32,839:INFO:------------------------------------------------------------------------------------------------
2020-05-16 14:35:47,641:INFO:------------------------------------------------------------------------------------------------
2020-05-16 14:36:12,945:WARNING:Not Found: /
2020-05-16 14:37:15,343:INFO:ДУГААРАА СОНГОЖ БУЙ ХЭСЭГ
2020-05-16 14:37:15,343:INFO:2
2020-05-16 14:37:15,759:WARNING:Not Found: /favicon.ico
2020-05-16 14:39:00,625:INFO:ДУГААРАА СОНГОЖ БУЙ ХЭСЭГ
2020-05-16 14:39:00,625:INFO:2
2020-05-16 14:40:58,375:INFO:ДУГААРЫН ҮНЭ
2020-05-16 14:40:58,378:INFO:5000
2020-05-16 14:40:58,674:INFO:------------------------------------------------------------------------------------------------
2020-05-16 14:41:27,527:INFO:ДУГААРЫН ZAHIALGA
2020-05-16 14:41:32,299:INFO:------------------------------------------------------------------------------------------------
2020-05-16 14:43:36,668:INFO:ДУГААРАА СОНГОЖ БУЙ ХЭСЭГ
2020-05-16 14:43:36,669:INFO:3
2020-05-16 14:43:37,497:WARNING:Not Found: /favicon.ico
2020-05-16 14:43:41,773:INFO:------------------------------------------------------------------------------------------------
2020-05-16 14:43:43,379:INFO:ДУГААРАА СОНГОЖ БУЙ ХЭСЭГ
2020-05-16 14:43:43,379:INFO:2
2020-05-16 14:43:46,447:INFO:------------------------------------------------------------------------------------------------
2020-05-16 14:43:49,544:INFO:ДУГААРАА СОНГОЖ БУЙ ХЭСЭГ
2020-05-16 14:43:49,545:INFO:7
2020-05-16 14:43:58,795:INFO:------------------------------------------------------------------------------------------------
2020-05-16 14:44:38,628:INFO:------------------------------------------------------------------------------------------------
2020-05-16 14:46:25,832:INFO:------------------------------------------------------------------------------------------------
2020-05-16 14:46:26,146:INFO:ДУГААРАА СОНГОЖ БУЙ ХЭСЭГ
2020-05-16 14:46:26,147:INFO:7
2020-05-16 14:46:26,457:WARNING:Not Found: /favicon.ico
2020-05-16 14:46:27,844:INFO:------------------------------------------------------------------------------------------------
2020-05-16 14:46:28,881:INFO:ДУГААРАА СОНГОЖ БУЙ ХЭСЭГ
2020-05-16 14:46:28,882:INFO:7
2020-05-16 14:46:37,593:ERROR:Internal Server Error: /getnumber
Traceback (most recent call last):
  File "/usr/local/lib/python2.7/dist-packages/django/core/handlers/exception.py", line 41, in inner
    response = get_response(request)
  File "/usr/local/lib/python2.7/dist-packages/django/core/handlers/base.py", line 187, in _get_response
    response = self.process_exception_by_middleware(e, request)
  File "/usr/local/lib/python2.7/dist-packages/django/core/handlers/base.py", line 185, in _get_response
    response = wrapped_callback(request, *callback_args, **callback_kwargs)
  File "/usr/local/lib/python2.7/dist-packages/django/views/decorators/csrf.py", line 58, in wrapped_view
    return view_func(*args, **kwargs)
  File "/usr/local/lib/python2.7/dist-packages/django/views/generic/base.py", line 68, in view
    return self.dispatch(request, *args, **kwargs)
  File "/usr/local/lib/python2.7/dist-packages/rest_framework/views.py", line 495, in dispatch
    response = self.handle_exception(exc)
  File "/usr/local/lib/python2.7/dist-packages/rest_framework/views.py", line 455, in handle_exception
    self.raise_uncaught_exception(exc)
  File "/usr/local/lib/python2.7/dist-packages/rest_framework/views.py", line 492, in dispatch
    response = handler(request, *args, **kwargs)
  File "/usr/local/lib/python2.7/dist-packages/rest_framework/decorators.py", line 55, in handler
    return func(*args, **kwargs)
  File "/home/user/nFilterNew/controller/views.py", line 206, in getNumber
    if data[1] == az:
IndexError: list index out of range
2020-05-16 14:46:37,896:INFO:ДУГААРАА СОНГОЖ БУЙ ХЭСЭГ
2020-05-16 14:46:37,896:INFO:7
2020-05-16 14:47:17,668:INFO:ДУГААРАА СОНГОЖ БУЙ ХЭСЭГ
2020-05-16 14:47:17,669:INFO:2
2020-05-16 14:47:21,683:INFO:ДУГААРАА СОНГОЖ БУЙ ХЭСЭГ
2020-05-16 14:47:21,683:INFO:2
2020-05-16 14:47:25,821:INFO:ДУГААРАА СОНГОЖ БУЙ ХЭСЭГ
2020-05-16 14:47:25,822:INFO:2
2020-05-16 14:47:42,453:INFO:ДУГААРАА СОНГОЖ БУЙ ХЭСЭГ
2020-05-16 14:47:42,453:INFO:7
2020-05-16 14:47:44,735:INFO:ДУГААРАА СОНГОЖ БУЙ ХЭСЭГ
2020-05-16 14:47:44,735:INFO:7
2020-05-16 14:48:30,849:INFO:ДУГААРАА СОНГОЖ БУЙ ХЭСЭГ
2020-05-16 14:48:30,849:INFO:7
2020-05-16 14:50:16,481:INFO:ДУГААРАА СОНГОЖ БУЙ ХЭСЭГ
2020-05-16 14:50:16,481:INFO:7
2020-05-16 14:50:34,908:INFO:ДУГААРАА СОНГОЖ БУЙ ХЭСЭГ
2020-05-16 14:50:34,908:INFO:7
2020-05-16 14:50:45,644:INFO:ДУГААРАА СОНГОЖ БУЙ ХЭСЭГ
2020-05-16 14:50:45,644:INFO:7
2020-05-16 14:51:00,295:INFO:ДУГААРАА СОНГОЖ БУЙ ХЭСЭГ
2020-05-16 14:51:00,295:INFO:7
2020-05-16 14:51:05,650:INFO:ДУГААРАА СОНГОЖ БУЙ ХЭСЭГ
2020-05-16 14:51:05,650:INFO:7
2020-05-16 14:51:21,030:INFO:------------------------------------------------------------------------------------------------
2020-05-16 14:51:22,955:INFO:ДУГААРАА СОНГОЖ БУЙ ХЭСЭГ
2020-05-16 14:51:22,955:INFO:7
2020-05-16 14:51:35,172:INFO:ДУГААРАА СОНГОЖ БУЙ ХЭСЭГ
2020-05-16 14:51:35,172:INFO:7
2020-05-16 14:51:40,905:INFO:ДУГААРАА СОНГОЖ БУЙ ХЭСЭГ
2020-05-16 14:51:40,905:INFO:7
2020-05-16 14:51:43,475:INFO:ДУГААРАА СОНГОЖ БУЙ ХЭСЭГ
2020-05-16 14:51:43,475:INFO:7
2020-05-16 14:52:04,635:INFO:ДУГААРАА СОНГОЖ БУЙ ХЭСЭГ
2020-05-16 14:52:04,635:INFO:7
2020-05-16 14:52:22,526:INFO:ДУГААРЫН ҮНЭ
2020-05-16 14:52:22,529:INFO:10000
2020-05-16 14:54:00,610:INFO:------------------------------------------------------------------------------------------------
2020-05-16 14:54:10,389:INFO:ДУГААРАА СОНГОЖ БУЙ ХЭСЭГ
2020-05-16 14:54:10,389:INFO:7
2020-05-16 14:54:15,268:INFO:ДУГААРЫН ҮНЭ
2020-05-16 14:54:15,271:INFO:10000
2020-05-16 14:54:57,430:INFO:ДУГААРЫН ZAHIALGA
2020-05-16 14:56:31,803:INFO:ДУГААРЫН ҮНЭ
2020-05-16 14:56:31,806:INFO:10000
2020-05-16 14:56:57,545:INFO:------------------------------------------------------------------------------------------------
2020-05-16 14:58:34,875:INFO:ДУГААРЫН ҮНЭ
2020-05-16 14:58:34,878:INFO:10000
2020-05-16 15:00:57,046:INFO:ДУГААРАА СОНГОЖ БУЙ ХЭСЭГ
2020-05-16 15:00:57,046:INFO:7
2020-05-16 15:00:57,322:INFO:ДУГААРАА СОНГОЖ БУЙ ХЭСЭГ
2020-05-16 15:00:57,322:INFO:7
2020-05-16 15:00:59,424:INFO:ДУГААРАА СОНГОЖ БУЙ ХЭСЭГ
2020-05-16 15:00:59,424:INFO:7
2020-05-16 15:00:59,608:INFO:ДУГААРАА СОНГОЖ БУЙ ХЭСЭГ
2020-05-16 15:00:59,609:INFO:7
2020-05-16 15:00:59,782:INFO:ДУГААРАА СОНГОЖ БУЙ ХЭСЭГ
2020-05-16 15:00:59,783:INFO:7
2020-05-16 15:01:13,860:INFO:------------------------------------------------------------------------------------------------
2020-05-16 15:01:16,878:INFO:ДУГААРАА СОНГОЖ БУЙ ХЭСЭГ
2020-05-16 15:01:16,878:INFO:2
2020-05-16 15:01:18,860:INFO:------------------------------------------------------------------------------------------------
2020-05-16 15:01:26,467:INFO:ДУГААРАА СОНГОЖ БУЙ ХЭСЭГ
2020-05-16 15:01:26,468:INFO:2
2020-05-16 15:01:52,119:INFO:------------------------------------------------------------------------------------------------
2020-05-16 15:01:53,225:INFO:ДУГААРАА СОНГОЖ БУЙ ХЭСЭГ
2020-05-16 15:01:53,225:INFO:7
2020-05-16 15:02:32,970:INFO:------------------------------------------------------------------------------------------------
2020-05-16 15:03:44,107:INFO:------------------------------------------------------------------------------------------------
2020-05-16 15:05:21,447:INFO:------------------------------------------------------------------------------------------------
2020-05-16 15:05:24,769:INFO:------------------------------------------------------------------------------------------------
2020-05-16 15:09:07,782:ERROR:Internal Server Error: /getnumber
Traceback (most recent call last):
  File "/usr/local/lib/python2.7/dist-packages/django/core/handlers/exception.py", line 41, in inner
    response = get_response(request)
  File "/usr/local/lib/python2.7/dist-packages/django/core/handlers/base.py", line 187, in _get_response
    response = self.process_exception_by_middleware(e, request)
  File "/usr/local/lib/python2.7/dist-packages/django/core/handlers/base.py", line 185, in _get_response
    response = wrapped_callback(request, *callback_args, **callback_kwargs)
  File "/usr/local/lib/python2.7/dist-packages/django/views/decorators/csrf.py", line 58, in wrapped_view
    return view_func(*args, **kwargs)
  File "/usr/local/lib/python2.7/dist-packages/django/views/generic/base.py", line 68, in view
    return self.dispatch(request, *args, **kwargs)
  File "/usr/local/lib/python2.7/dist-packages/rest_framework/views.py", line 495, in dispatch
    response = self.handle_exception(exc)
  File "/usr/local/lib/python2.7/dist-packages/rest_framework/views.py", line 455, in handle_exception
    self.raise_uncaught_exception(exc)
  File "/usr/local/lib/python2.7/dist-packages/rest_framework/views.py", line 492, in dispatch
    response = handler(request, *args, **kwargs)
  File "/usr/local/lib/python2.7/dist-packages/rest_framework/decorators.py", line 55, in handler
    return func(*args, **kwargs)
  File "/home/user/nFilterNew/controller/views.py", line 206, in getNumber
    if data[1] == az:
IndexError: list index out of range
2020-05-16 15:09:59,144:INFO:------------------------------------------------------------------------------------------------
2020-05-16 15:10:00,130:INFO:ДУГААРАА СОНГОЖ БУЙ ХЭСЭГ
2020-05-16 15:10:00,131:INFO:2
2020-05-16 15:11:01,417:INFO:------------------------------------------------------------------------------------------------
2020-05-16 15:12:54,837:INFO:ДУГААРЫН ҮНЭ
2020-05-16 15:12:54,840:INFO:10000
2020-05-16 15:15:37,212:INFO:------------------------------------------------------------------------------------------------
2020-05-16 15:15:40,384:INFO:ДУГААРАА СОНГОЖ БУЙ ХЭСЭГ
2020-05-16 15:15:40,384:INFO:2
2020-05-16 15:16:37,633:INFO:ДУГААРЫН ҮНЭ
2020-05-16 15:16:37,636:INFO:5000
2020-05-16 15:20:21,106:INFO:------------------------------------------------------------------------------------------------
2020-05-16 15:20:22,647:INFO:ДУГААРАА СОНГОЖ БУЙ ХЭСЭГ
2020-05-16 15:20:22,647:INFO:2
2020-05-16 15:21:35,569:INFO:------------------------------------------------------------------------------------------------
2020-05-16 15:25:30,862:INFO:------------------------------------------------------------------------------------------------
2020-05-16 15:25:33,272:INFO:ДУГААРАА СОНГОЖ БУЙ ХЭСЭГ
2020-05-16 15:25:33,273:INFO:7
2020-05-16 15:25:35,217:INFO:ДУГААРАА СОНГОЖ БУЙ ХЭСЭГ
2020-05-16 15:25:35,217:INFO:7
2020-05-16 15:26:19,332:INFO:------------------------------------------------------------------------------------------------
2020-05-16 15:26:22,031:INFO:ДУГААРАА СОНГОЖ БУЙ ХЭСЭГ
2020-05-16 15:26:22,031:INFO:7
2020-05-16 15:26:22,523:WARNING:Not Found: /favicon.ico
2020-05-16 15:26:22,547:WARNING:Not Found: /favicon.ico
2020-05-16 15:26:28,416:INFO:ДУГААРАА СОНГОЖ БУЙ ХЭСЭГ
2020-05-16 15:26:28,416:INFO:7
2020-05-16 15:27:25,174:INFO:ДУГААРАА СОНГОЖ БУЙ ХЭСЭГ
2020-05-16 15:27:25,174:INFO:7
2020-05-16 15:27:49,506:INFO:------------------------------------------------------------------------------------------------
2020-05-16 15:27:54,390:INFO:ДУГААРАА СОНГОЖ БУЙ ХЭСЭГ
2020-05-16 15:27:54,390:INFO:2
2020-05-16 15:27:56,601:INFO:ДУГААРАА СОНГОЖ БУЙ ХЭСЭГ
2020-05-16 15:27:56,601:INFO:2
2020-05-16 15:28:27,434:INFO:ДУГААРАА СОНГОЖ БУЙ ХЭСЭГ
2020-05-16 15:28:27,434:INFO:2
2020-05-16 15:28:36,614:INFO:------------------------------------------------------------------------------------------------
2020-05-16 15:28:37,590:INFO:ДУГААРАА СОНГОЖ БУЙ ХЭСЭГ
2020-05-16 15:28:37,590:INFO:7
2020-05-16 15:29:52,233:INFO:ДУГААРАА СОНГОЖ БУЙ ХЭСЭГ
2020-05-16 15:29:52,234:INFO:2
2020-05-16 15:30:03,454:INFO:ДУГААРАА СОНГОЖ БУЙ ХЭСЭГ
2020-05-16 15:30:03,454:INFO:2
2020-05-16 15:30:20,489:INFO:ДУГААРАА СОНГОЖ БУЙ ХЭСЭГ
2020-05-16 15:30:20,490:INFO:2
2020-05-16 15:30:41,900:INFO:ДУГААРАА СОНГОЖ БУЙ ХЭСЭГ
2020-05-16 15:30:41,900:INFO:2
2020-05-16 15:31:23,346:INFO:------------------------------------------------------------------------------------------------
2020-05-16 15:33:44,845:INFO:ДУГААРАА СОНГОЖ БУЙ ХЭСЭГ
2020-05-16 15:33:44,846:INFO:2
2020-05-16 15:33:53,216:INFO:ДУГААРАА СОНГОЖ БУЙ ХЭСЭГ
2020-05-16 15:33:53,216:INFO:2
2020-05-16 15:34:23,370:INFO:ДУГААРАА СОНГОЖ БУЙ ХЭСЭГ
2020-05-16 15:34:23,370:INFO:2
2020-05-16 15:34:33,865:INFO:------------------------------------------------------------------------------------------------
2020-05-16 15:35:13,760:INFO:------------------------------------------------------------------------------------------------
2020-05-16 15:35:16,084:INFO:ДУГААРАА СОНГОЖ БУЙ ХЭСЭГ
2020-05-16 15:35:16,084:INFO:7
2020-05-16 15:35:47,724:INFO:------------------------------------------------------------------------------------------------
2020-05-16 15:36:28,656:INFO:ДУГААРАА СОНГОЖ БУЙ ХЭСЭГ
2020-05-16 15:36:28,656:INFO:2
2020-05-16 15:37:19,623:INFO:ДУГААРАА СОНГОЖ БУЙ ХЭСЭГ
2020-05-16 15:37:19,624:INFO:2
2020-05-16 15:37:24,395:INFO:ДУГААРАА СОНГОЖ БУЙ ХЭСЭГ
2020-05-16 15:37:24,396:INFO:2
2020-05-16 15:37:30,251:INFO:ДУГААРАА СОНГОЖ БУЙ ХЭСЭГ
2020-05-16 15:37:30,251:INFO:2
2020-05-16 15:38:06,704:INFO:ДУГААРАА СОНГОЖ БУЙ ХЭСЭГ
2020-05-16 15:38:06,704:INFO:7
2020-05-16 15:38:11,941:WARNING:Not Found: /favicon.ico
2020-05-16 15:38:12,472:INFO:------------------------------------------------------------------------------------------------
2020-05-16 15:38:14,645:INFO:------------------------------------------------------------------------------------------------
2020-05-16 15:38:15,194:INFO:ДУГААРАА СОНГОЖ БУЙ ХЭСЭГ
2020-05-16 15:38:15,194:INFO:2
2020-05-16 15:38:16,580:INFO:ДУГААРАА СОНГОЖ БУЙ ХЭСЭГ
2020-05-16 15:38:16,581:INFO:2
2020-05-16 15:38:26,745:INFO:ДУГААРЫН ҮНЭ
2020-05-16 15:38:26,748:INFO:10000
2020-05-16 15:38:55,719:INFO:ДУГААРАА СОНГОЖ БУЙ ХЭСЭГ
2020-05-16 15:38:55,719:INFO:2
2020-05-16 15:38:57,028:INFO:ДУГААРЫН ZAHIALGA
2020-05-16 15:39:26,538:INFO:ДУГААРАА СОНГОЖ БУЙ ХЭСЭГ
2020-05-16 15:39:26,539:INFO:2
2020-05-16 15:39:27,577:INFO:ДУГААРАА СОНГОЖ БУЙ ХЭСЭГ
2020-05-16 15:39:27,577:INFO:2
2020-05-16 15:39:28,388:INFO:ДУГААРАА СОНГОЖ БУЙ ХЭСЭГ
2020-05-16 15:39:28,388:INFO:7
2020-05-16 15:40:32,865:INFO:ДУГААРАА СОНГОЖ БУЙ ХЭСЭГ
2020-05-16 15:40:32,865:INFO:7
2020-05-16 15:40:57,276:INFO:------------------------------------------------------------------------------------------------
2020-05-16 15:40:58,847:INFO:------------------------------------------------------------------------------------------------
2020-05-16 15:41:07,765:INFO:ДУГААРАА СОНГОЖ БУЙ ХЭСЭГ
2020-05-16 15:41:07,765:INFO:7
2020-05-16 15:41:32,519:INFO:------------------------------------------------------------------------------------------------
2020-05-16 15:41:59,409:INFO:ДУГААРАА СОНГОЖ БУЙ ХЭСЭГ
2020-05-16 15:41:59,409:INFO:7
2020-05-16 15:43:59,382:INFO:------------------------------------------------------------------------------------------------
2020-05-16 15:44:07,072:INFO:ДУГААРАА СОНГОЖ БУЙ ХЭСЭГ
2020-05-16 15:44:07,072:INFO:2
2020-05-16 15:44:38,744:INFO:------------------------------------------------------------------------------------------------
2020-05-16 15:45:21,870:INFO:------------------------------------------------------------------------------------------------
2020-05-16 15:45:23,006:INFO:ДУГААРАА СОНГОЖ БУЙ ХЭСЭГ
2020-05-16 15:45:23,007:INFO:2
2020-05-16 15:45:25,395:INFO:ДУГААРАА СОНГОЖ БУЙ ХЭСЭГ
2020-05-16 15:45:25,395:INFO:2
2020-05-16 15:48:10,333:INFO:ДУГААРАА СОНГОЖ БУЙ ХЭСЭГ
2020-05-16 15:48:10,333:INFO:2
2020-05-16 15:48:12,567:INFO:ДУГААРАА СОНГОЖ БУЙ ХЭСЭГ
2020-05-16 15:48:12,567:INFO:2
2020-05-16 15:48:15,500:INFO:ДУГААРАА СОНГОЖ БУЙ ХЭСЭГ
2020-05-16 15:48:15,500:INFO:2
2020-05-16 15:48:20,046:INFO:ДУГААРАА СОНГОЖ БУЙ ХЭСЭГ
2020-05-16 15:48:20,046:INFO:2
2020-05-16 15:49:00,529:INFO:ДУГААРАА СОНГОЖ БУЙ ХЭСЭГ
2020-05-16 15:49:00,530:INFO:2
2020-05-16 15:49:02,492:INFO:ДУГААРАА СОНГОЖ БУЙ ХЭСЭГ
2020-05-16 15:49:02,492:INFO:2
2020-05-16 15:51:44,175:INFO:------------------------------------------------------------------------------------------------
2020-05-16 15:52:19,864:INFO:------------------------------------------------------------------------------------------------
2020-05-16 15:52:21,078:INFO:ДУГААРАА СОНГОЖ БУЙ ХЭСЭГ
2020-05-16 15:52:21,078:INFO:2
2020-05-16 15:52:42,794:INFO:------------------------------------------------------------------------------------------------
2020-05-16 15:53:34,619:INFO:ДУГААРАА СОНГОЖ БУЙ ХЭСЭГ
2020-05-16 15:53:34,619:INFO:2
2020-05-16 15:53:53,641:INFO:ДУГААРАА СОНГОЖ БУЙ ХЭСЭГ
2020-05-16 15:53:53,641:INFO:2
2020-05-16 15:54:26,515:INFO:ДУГААРАА СОНГОЖ БУЙ ХЭСЭГ
2020-05-16 15:54:26,515:INFO:7
2020-05-16 15:54:28,316:INFO:ДУГААРАА СОНГОЖ БУЙ ХЭСЭГ
2020-05-16 15:54:28,316:INFO:7
2020-05-16 15:54:40,903:INFO:ДУГААРАА СОНГОЖ БУЙ ХЭСЭГ
2020-05-16 15:54:40,904:INFO:7
2020-05-16 15:54:41,175:WARNING:Not Found: /favicon.ico
2020-05-16 15:54:45,577:INFO:ДУГААРАА СОНГОЖ БУЙ ХЭСЭГ
2020-05-16 15:54:45,577:INFO:7
2020-05-16 15:54:46,139:INFO:ДУГААРАА СОНГОЖ БУЙ ХЭСЭГ
2020-05-16 15:54:46,139:INFO:7
2020-05-16 15:54:51,735:INFO:ДУГААРАА СОНГОЖ БУЙ ХЭСЭГ
2020-05-16 15:54:51,736:INFO:7
2020-05-16 15:55:37,468:INFO:------------------------------------------------------------------------------------------------
2020-05-16 15:55:39,678:INFO:ДУГААРАА СОНГОЖ БУЙ ХЭСЭГ
2020-05-16 15:55:39,678:INFO:7
2020-05-16 15:55:41,703:INFO:ДУГААРАА СОНГОЖ БУЙ ХЭСЭГ
2020-05-16 15:55:41,703:INFO:7
2020-05-16 15:56:57,659:INFO:------------------------------------------------------------------------------------------------
2020-05-16 15:59:18,174:INFO:ДУГААРАА СОНГОЖ БУЙ ХЭСЭГ
2020-05-16 15:59:18,175:INFO:2
2020-05-16 15:59:56,948:INFO:ДУГААРЫН ҮНЭ
2020-05-16 15:59:56,951:INFO:5000
2020-05-16 16:00:30,549:INFO:ДУГААРЫН ZAHIALGA
2020-05-16 16:01:06,935:INFO:ДУГААРЫН ҮНЭ
2020-05-16 16:01:06,938:INFO:5000
2020-05-16 16:01:24,006:INFO:ДУГААРЫН ZAHIALGA
2020-05-16 16:02:30,856:INFO:------------------------------------------------------------------------------------------------
2020-05-16 16:02:32,985:INFO:ДУГААРАА СОНГОЖ БУЙ ХЭСЭГ
2020-05-16 16:02:32,985:INFO:7
2020-05-16 16:02:33,174:WARNING:Not Found: /favicon.ico
2020-05-16 16:02:37,392:INFO:------------------------------------------------------------------------------------------------
2020-05-16 16:02:42,454:INFO:ДУГААРАА СОНГОЖ БУЙ ХЭСЭГ
2020-05-16 16:02:42,454:INFO:7
2020-05-16 16:02:54,411:INFO:ДУГААРАА СОНГОЖ БУЙ ХЭСЭГ
2020-05-16 16:02:54,411:INFO:7
2020-05-16 16:03:08,227:INFO:ДУГААРАА СОНГОЖ БУЙ ХЭСЭГ
2020-05-16 16:03:08,228:INFO:7
2020-05-16 16:03:17,459:INFO:------------------------------------------------------------------------------------------------
2020-05-16 16:03:19,223:INFO:ДУГААРАА СОНГОЖ БУЙ ХЭСЭГ
2020-05-16 16:03:19,224:INFO:7
2020-05-16 16:03:24,197:INFO:------------------------------------------------------------------------------------------------
2020-05-16 16:05:22,442:INFO:------------------------------------------------------------------------------------------------
2020-05-16 16:05:24,993:INFO:------------------------------------------------------------------------------------------------
2020-05-16 16:09:18,235:INFO:------------------------------------------------------------------------------------------------
2020-05-16 16:09:22,019:INFO:------------------------------------------------------------------------------------------------
2020-05-16 16:09:25,695:INFO:ДУГААРАА СОНГОЖ БУЙ ХЭСЭГ
2020-05-16 16:09:25,695:INFO:7
2020-05-16 16:09:25,940:WARNING:Not Found: /favicon.ico
2020-05-16 16:09:47,963:INFO:ДУГААРЫН ҮНЭ
2020-05-16 16:09:47,966:INFO:10000
2020-05-16 16:10:04,000:INFO:ДУГААРЫН ZAHIALGA
2020-05-16 16:11:01,601:INFO:------------------------------------------------------------------------------------------------
2020-05-16 16:11:40,372:INFO:ДУГААРАА СОНГОЖ БУЙ ХЭСЭГ
2020-05-16 16:11:40,372:INFO:7
2020-05-16 16:12:04,229:INFO:------------------------------------------------------------------------------------------------
2020-05-16 16:13:07,427:INFO:ДУГААРЫН ҮНЭ
2020-05-16 16:13:07,430:INFO:5000
2020-05-16 16:13:15,886:INFO:ДУГААРЫН ZAHIALGA
2020-05-16 16:15:16,080:INFO:------------------------------------------------------------------------------------------------
2020-05-16 16:15:41,010:INFO:ДУГААРАА СОНГОЖ БУЙ ХЭСЭГ
2020-05-16 16:15:41,010:INFO:7
2020-05-16 16:15:43,028:INFO:ДУГААРАА СОНГОЖ БУЙ ХЭСЭГ
2020-05-16 16:15:43,028:INFO:7
2020-05-16 16:15:44,718:INFO:ДУГААРАА СОНГОЖ БУЙ ХЭСЭГ
2020-05-16 16:15:44,718:INFO:7
2020-05-16 16:17:04,376:INFO:ДУГААРАА СОНГОЖ БУЙ ХЭСЭГ
2020-05-16 16:17:04,377:INFO:7
2020-05-16 16:17:39,169:INFO:ДУГААРЫН ҮНЭ
2020-05-16 16:17:39,172:INFO:10000
2020-05-16 16:18:15,443:INFO:ДУГААРЫН ZAHIALGA
2020-05-16 16:18:18,244:INFO:ДУГААРАА СОНГОЖ БУЙ ХЭСЭГ
2020-05-16 16:18:18,244:INFO:7
2020-05-16 16:18:49,305:INFO:------------------------------------------------------------------------------------------------
2020-05-16 16:18:52,738:INFO:ДУГААРАА СОНГОЖ БУЙ ХЭСЭГ
2020-05-16 16:18:52,739:INFO:7
2020-05-16 16:20:00,851:INFO:ДУГААРЫН ҮНЭ
2020-05-16 16:20:00,854:INFO:10000
2020-05-16 16:20:15,566:INFO:------------------------------------------------------------------------------------------------
2020-05-16 16:20:17,720:INFO:------------------------------------------------------------------------------------------------
2020-05-16 16:20:22,569:INFO:ДУГААРАА СОНГОЖ БУЙ ХЭСЭГ
2020-05-16 16:20:22,569:INFO:2
2020-05-16 16:21:35,932:INFO:------------------------------------------------------------------------------------------------
2020-05-16 16:22:23,206:INFO:ДУГААРЫН ҮНЭ
2020-05-16 16:22:23,208:INFO:5000
2020-05-16 16:22:46,446:INFO:ДУГААРЫН ҮНЭ
2020-05-16 16:22:46,448:INFO:5000
2020-05-16 16:22:59,600:INFO:ДУГААРАА СОНГОЖ БУЙ ХЭСЭГ
2020-05-16 16:22:59,600:INFO:7
2020-05-16 16:23:10,660:INFO:ДУГААРЫН ZAHIALGA
2020-05-16 16:23:13,655:INFO:------------------------------------------------------------------------------------------------
2020-05-16 16:28:28,784:INFO:ДУГААРАА СОНГОЖ БУЙ ХЭСЭГ
2020-05-16 16:28:28,784:INFO:2
2020-05-16 16:29:35,213:INFO:ДУГААРАА СОНГОЖ БУЙ ХЭСЭГ
2020-05-16 16:29:35,214:INFO:7
2020-05-16 16:30:55,633:INFO:ДУГААРАА СОНГОЖ БУЙ ХЭСЭГ
2020-05-16 16:30:55,633:INFO:7
2020-05-16 16:30:58,344:INFO:ДУГААРАА СОНГОЖ БУЙ ХЭСЭГ
2020-05-16 16:30:58,344:INFO:7
2020-05-16 16:31:58,910:INFO:ДУГААРАА СОНГОЖ БУЙ ХЭСЭГ
2020-05-16 16:31:58,911:INFO:2
2020-05-16 16:32:24,420:INFO:ДУГААРАА СОНГОЖ БУЙ ХЭСЭГ
2020-05-16 16:32:24,421:INFO:7
2020-05-16 16:32:28,202:INFO:------------------------------------------------------------------------------------------------
2020-05-16 16:32:29,689:INFO:ДУГААРАА СОНГОЖ БУЙ ХЭСЭГ
2020-05-16 16:32:29,689:INFO:7
2020-05-16 16:32:31,408:INFO:ДУГААРАА СОНГОЖ БУЙ ХЭСЭГ
2020-05-16 16:32:31,409:INFO:7
2020-05-16 16:32:45,141:INFO:ДУГААРАА СОНГОЖ БУЙ ХЭСЭГ
2020-05-16 16:32:45,141:INFO:7
2020-05-16 16:32:56,594:INFO:ДУГААРАА СОНГОЖ БУЙ ХЭСЭГ
2020-05-16 16:32:56,594:INFO:7
2020-05-16 16:33:16,697:INFO:ДУГААРАА СОНГОЖ БУЙ ХЭСЭГ
2020-05-16 16:33:16,698:INFO:2
2020-05-16 16:33:18,871:INFO:------------------------------------------------------------------------------------------------
2020-05-16 16:33:20,154:INFO:ДУГААРАА СОНГОЖ БУЙ ХЭСЭГ
2020-05-16 16:33:20,154:INFO:7
2020-05-16 16:33:23,832:INFO:ДУГААРАА СОНГОЖ БУЙ ХЭСЭГ
2020-05-16 16:33:23,832:INFO:7
2020-05-16 16:33:35,863:ERROR:Internal Server Error: /getnumber
Traceback (most recent call last):
  File "/usr/local/lib/python2.7/dist-packages/django/core/handlers/exception.py", line 41, in inner
    response = get_response(request)
  File "/usr/local/lib/python2.7/dist-packages/django/core/handlers/base.py", line 187, in _get_response
    response = self.process_exception_by_middleware(e, request)
  File "/usr/local/lib/python2.7/dist-packages/django/core/handlers/base.py", line 185, in _get_response
    response = wrapped_callback(request, *callback_args, **callback_kwargs)
  File "/usr/local/lib/python2.7/dist-packages/django/views/decorators/csrf.py", line 58, in wrapped_view
    return view_func(*args, **kwargs)
  File "/usr/local/lib/python2.7/dist-packages/django/views/generic/base.py", line 68, in view
    return self.dispatch(request, *args, **kwargs)
  File "/usr/local/lib/python2.7/dist-packages/rest_framework/views.py", line 495, in dispatch
    response = self.handle_exception(exc)
  File "/usr/local/lib/python2.7/dist-packages/rest_framework/views.py", line 455, in handle_exception
    self.raise_uncaught_exception(exc)
  File "/usr/local/lib/python2.7/dist-packages/rest_framework/views.py", line 492, in dispatch
    response = handler(request, *args, **kwargs)
  File "/usr/local/lib/python2.7/dist-packages/rest_framework/decorators.py", line 55, in handler
    return func(*args, **kwargs)
  File "/home/user/nFilterNew/controller/views.py", line 206, in getNumber
    if data[1] == az:
IndexError: list index out of range
2020-05-16 16:34:10,654:INFO:ДУГААРАА СОНГОЖ БУЙ ХЭСЭГ
2020-05-16 16:34:10,655:INFO:7
2020-05-16 16:34:17,371:INFO:------------------------------------------------------------------------------------------------
2020-05-16 16:34:27,032:INFO:ДУГААРАА СОНГОЖ БУЙ ХЭСЭГ
2020-05-16 16:34:27,032:INFO:7
2020-05-16 16:34:34,904:INFO:------------------------------------------------------------------------------------------------
2020-05-16 16:34:55,644:INFO:ДУГААРЫН ҮНЭ
2020-05-16 16:34:55,646:INFO:5000
2020-05-16 16:35:47,817:INFO:------------------------------------------------------------------------------------------------
2020-05-16 16:36:23,185:INFO:------------------------------------------------------------------------------------------------
2020-05-16 16:36:25,385:INFO:ДУГААРАА СОНГОЖ БУЙ ХЭСЭГ
2020-05-16 16:36:25,385:INFO:7
2020-05-16 16:36:25,611:WARNING:Not Found: /favicon.ico
2020-05-16 16:36:32,918:INFO:ДУГААРАА СОНГОЖ БУЙ ХЭСЭГ
2020-05-16 16:36:32,918:INFO:7
2020-05-16 16:37:12,204:INFO:------------------------------------------------------------------------------------------------
2020-05-16 16:37:13,055:INFO:ДУГААРАА СОНГОЖ БУЙ ХЭСЭГ
2020-05-16 16:37:13,055:INFO:7
2020-05-16 16:37:15,718:INFO:ДУГААРАА СОНГОЖ БУЙ ХЭСЭГ
2020-05-16 16:37:15,718:INFO:7
2020-05-16 16:38:07,672:INFO:ДУГААРАА СОНГОЖ БУЙ ХЭСЭГ
2020-05-16 16:38:07,672:INFO:7
2020-05-16 16:38:34,793:INFO:ДУГААРАА СОНГОЖ БУЙ ХЭСЭГ
2020-05-16 16:38:34,793:INFO:7
2020-05-16 16:40:12,844:INFO:ДУГААРЫН ҮНЭ
2020-05-16 16:40:12,846:INFO:10000
2020-05-16 16:41:02,308:INFO:------------------------------------------------------------------------------------------------
2020-05-16 16:41:04,628:INFO:ДУГААРАА СОНГОЖ БУЙ ХЭСЭГ
2020-05-16 16:41:04,628:INFO:2
2020-05-16 16:41:53,109:INFO:ДУГААРЫН ҮНЭ
2020-05-16 16:41:53,112:INFO:10000
2020-05-16 16:42:02,893:INFO:ДУГААРЫН ҮНЭ
2020-05-16 16:42:02,895:INFO:10000
2020-05-16 16:42:29,866:INFO:ДУГААРАА СОНГОЖ БУЙ ХЭСЭГ
2020-05-16 16:42:29,866:INFO:7
2020-05-16 16:42:36,844:INFO:------------------------------------------------------------------------------------------------
2020-05-16 16:42:38,127:INFO:ДУГААРАА СОНГОЖ БУЙ ХЭСЭГ
2020-05-16 16:42:38,128:INFO:7
2020-05-16 16:42:47,618:INFO:ДУГААРАА СОНГОЖ БУЙ ХЭСЭГ
2020-05-16 16:42:47,619:INFO:7
2020-05-16 16:43:01,665:INFO:ДУГААРАА СОНГОЖ БУЙ ХЭСЭГ
2020-05-16 16:43:01,665:INFO:7
2020-05-16 16:43:04,092:INFO:ДУГААРАА СОНГОЖ БУЙ ХЭСЭГ
2020-05-16 16:43:04,092:INFO:7
2020-05-16 16:43:19,954:INFO:ДУГААРАА СОНГОЖ БУЙ ХЭСЭГ
2020-05-16 16:43:19,954:INFO:7
2020-05-16 16:43:33,244:INFO:ДУГААРАА СОНГОЖ БУЙ ХЭСЭГ
2020-05-16 16:43:33,244:INFO:2
2020-05-16 16:43:41,283:INFO:------------------------------------------------------------------------------------------------
2020-05-16 16:43:43,900:INFO:ДУГААРАА СОНГОЖ БУЙ ХЭСЭГ
2020-05-16 16:43:43,900:INFO:2
2020-05-16 16:43:45,518:INFO:------------------------------------------------------------------------------------------------
2020-05-16 16:43:46,241:INFO:ДУГААРАА СОНГОЖ БУЙ ХЭСЭГ
2020-05-16 16:43:46,241:INFO:7
2020-05-16 16:43:49,037:INFO:ДУГААРАА СОНГОЖ БУЙ ХЭСЭГ
2020-05-16 16:43:49,037:INFO:7
2020-05-16 16:43:52,053:INFO:ДУГААРАА СОНГОЖ БУЙ ХЭСЭГ
2020-05-16 16:43:52,053:INFO:7
2020-05-16 16:44:23,363:INFO:ДУГААРАА СОНГОЖ БУЙ ХЭСЭГ
2020-05-16 16:44:23,364:INFO:7
2020-05-16 16:44:33,552:INFO:ДУГААРАА СОНГОЖ БУЙ ХЭСЭГ
2020-05-16 16:44:33,552:INFO:7
2020-05-16 16:44:39,159:INFO:ДУГААРАА СОНГОЖ БУЙ ХЭСЭГ
2020-05-16 16:44:39,159:INFO:7
2020-05-16 16:44:39,375:INFO:ДУГААРАА СОНГОЖ БУЙ ХЭСЭГ
2020-05-16 16:44:39,375:INFO:7
2020-05-16 16:44:39,560:INFO:ДУГААРАА СОНГОЖ БУЙ ХЭСЭГ
2020-05-16 16:44:39,560:INFO:7
2020-05-16 16:45:14,477:INFO:------------------------------------------------------------------------------------------------
2020-05-16 16:45:40,046:INFO:ДУГААРАА СОНГОЖ БУЙ ХЭСЭГ
2020-05-16 16:45:40,046:INFO:7
2020-05-16 16:45:40,785:INFO:------------------------------------------------------------------------------------------------
2020-05-16 16:45:51,504:INFO:ДУГААРАА СОНГОЖ БУЙ ХЭСЭГ
2020-05-16 16:45:51,505:INFO:2
2020-05-16 16:46:35,622:INFO:ДУГААРЫН ҮНЭ
2020-05-16 16:46:35,624:INFO:5000
2020-05-16 16:47:29,698:INFO:------------------------------------------------------------------------------------------------
2020-05-16 16:47:30,943:INFO:ДУГААРАА СОНГОЖ БУЙ ХЭСЭГ
2020-05-16 16:47:30,943:INFO:2
2020-05-16 16:55:23,975:INFO:ДУГААРАА СОНГОЖ БУЙ ХЭСЭГ
2020-05-16 16:55:23,975:INFO:7
2020-05-16 16:56:46,684:INFO:ДУГААРЫН ҮНЭ
2020-05-16 16:56:46,686:INFO:10000
2020-05-16 17:00:54,102:INFO:------------------------------------------------------------------------------------------------
2020-05-16 17:00:55,458:INFO:ДУГААРАА СОНГОЖ БУЙ ХЭСЭГ
2020-05-16 17:00:55,458:INFO:2
2020-05-16 17:05:23,238:INFO:------------------------------------------------------------------------------------------------
2020-05-16 17:05:25,491:INFO:------------------------------------------------------------------------------------------------
2020-05-16 17:06:33,421:INFO:ДУГААРАА СОНГОЖ БУЙ ХЭСЭГ
2020-05-16 17:06:33,421:INFO:7
2020-05-16 17:07:16,778:INFO:ДУГААРАА СОНГОЖ БУЙ ХЭСЭГ
2020-05-16 17:07:16,778:INFO:7
2020-05-16 17:07:41,405:INFO:ДУГААРЫН ҮНЭ
2020-05-16 17:07:41,408:INFO:10000
2020-05-16 17:08:09,006:INFO:ДУГААРАА СОНГОЖ БУЙ ХЭСЭГ
2020-05-16 17:08:09,006:INFO:7
2020-05-16 17:08:23,155:INFO:ДУГААРАА СОНГОЖ БУЙ ХЭСЭГ
2020-05-16 17:08:23,156:INFO:7
2020-05-16 17:08:31,764:INFO:ДУГААРАА СОНГОЖ БУЙ ХЭСЭГ
2020-05-16 17:08:31,766:INFO:7
2020-05-16 17:08:55,292:INFO:ДУГААРАА СОНГОЖ БУЙ ХЭСЭГ
2020-05-16 17:08:55,292:INFO:7
2020-05-16 17:09:07,060:INFO:ДУГААРЫН ҮНЭ
2020-05-16 17:09:07,062:INFO:10000
2020-05-16 17:10:13,794:INFO:ДУГААРЫН ҮНЭ
2020-05-16 17:10:13,796:INFO:10000
2020-05-16 17:11:00,833:INFO:ДУГААРАА СОНГОЖ БУЙ ХЭСЭГ
2020-05-16 17:11:00,834:INFO:7
2020-05-16 17:11:01,751:INFO:------------------------------------------------------------------------------------------------
2020-05-16 17:12:01,347:INFO:ДУГААРАА СОНГОЖ БУЙ ХЭСЭГ
2020-05-16 17:12:01,347:INFO:7
2020-05-16 17:12:15,031:INFO:ДУГААРАА СОНГОЖ БУЙ ХЭСЭГ
2020-05-16 17:12:15,031:INFO:7
2020-05-16 17:12:40,213:INFO:ДУГААРАА СОНГОЖ БУЙ ХЭСЭГ
2020-05-16 17:12:40,213:INFO:7
2020-05-16 17:12:43,351:INFO:------------------------------------------------------------------------------------------------
2020-05-16 17:12:44,481:INFO:ДУГААРАА СОНГОЖ БУЙ ХЭСЭГ
2020-05-16 17:12:44,482:INFO:2
2020-05-16 17:12:44,739:WARNING:Not Found: /favicon.ico
2020-05-16 17:12:45,794:INFO:------------------------------------------------------------------------------------------------
2020-05-16 17:12:46,389:INFO:ДУГААРАА СОНГОЖ БУЙ ХЭСЭГ
2020-05-16 17:12:46,390:INFO:7
2020-05-16 17:12:47,699:INFO:ДУГААРАА СОНГОЖ БУЙ ХЭСЭГ
2020-05-16 17:12:47,699:INFO:7
2020-05-16 17:13:20,311:INFO:ДУГААРАА СОНГОЖ БУЙ ХЭСЭГ
2020-05-16 17:13:20,311:INFO:7
2020-05-16 17:15:54,930:INFO:ДУГААРАА СОНГОЖ БУЙ ХЭСЭГ
2020-05-16 17:15:54,931:INFO:7
2020-05-16 17:18:37,720:INFO:ДУГААРАА СОНГОЖ БУЙ ХЭСЭГ
2020-05-16 17:18:37,720:INFO:7
2020-05-16 17:19:35,612:INFO:ДУГААРАА СОНГОЖ БУЙ ХЭСЭГ
2020-05-16 17:19:35,614:INFO:7
2020-05-16 17:20:15,675:INFO:------------------------------------------------------------------------------------------------
2020-05-16 17:21:37,195:INFO:------------------------------------------------------------------------------------------------
2020-05-16 17:22:59,643:INFO:------------------------------------------------------------------------------------------------
2020-05-16 17:25:05,498:INFO:ДУГААРЫН ҮНЭ
2020-05-16 17:25:05,502:INFO:10000
2020-05-16 17:25:53,272:INFO:ДУГААРАА СОНГОЖ БУЙ ХЭСЭГ
2020-05-16 17:25:53,272:INFO:7
2020-05-16 17:29:51,926:INFO:ДУГААРАА СОНГОЖ БУЙ ХЭСЭГ
2020-05-16 17:29:51,926:INFO:2
2020-05-16 17:30:41,438:INFO:ДУГААРАА СОНГОЖ БУЙ ХЭСЭГ
2020-05-16 17:30:41,439:INFO:2
2020-05-16 17:32:51,565:INFO:------------------------------------------------------------------------------------------------
2020-05-16 17:32:54,781:INFO:ДУГААРАА СОНГОЖ БУЙ ХЭСЭГ
2020-05-16 17:32:54,781:INFO:7
2020-05-16 17:34:01,723:INFO:ДУГААРАА СОНГОЖ БУЙ ХЭСЭГ
2020-05-16 17:34:01,723:INFO:7
2020-05-16 17:34:35,886:INFO:------------------------------------------------------------------------------------------------
2020-05-16 17:35:14,434:INFO:ДУГААРАА СОНГОЖ БУЙ ХЭСЭГ
2020-05-16 17:35:14,434:INFO:7
2020-05-16 17:35:25,429:INFO:ДУГААРАА СОНГОЖ БУЙ ХЭСЭГ
2020-05-16 17:35:25,429:INFO:7
2020-05-16 17:39:12,842:INFO:ДУГААРАА СОНГОЖ БУЙ ХЭСЭГ
2020-05-16 17:39:12,842:INFO:7
2020-05-16 17:39:18,032:INFO:ДУГААРАА СОНГОЖ БУЙ ХЭСЭГ
2020-05-16 17:39:18,033:INFO:7
2020-05-16 17:39:33,258:INFO:ДУГААРЫН ҮНЭ
2020-05-16 17:39:33,261:INFO:10000
2020-05-16 17:40:04,950:INFO:ДУГААРАА СОНГОЖ БУЙ ХЭСЭГ
2020-05-16 17:40:04,950:INFO:7
2020-05-16 17:40:31,126:INFO:ДУГААРАА СОНГОЖ БУЙ ХЭСЭГ
2020-05-16 17:40:31,126:INFO:7
2020-05-16 17:40:35,090:INFO:ДУГААРЫН ZAHIALGA
2020-05-16 17:40:38,803:INFO:------------------------------------------------------------------------------------------------
2020-05-16 17:40:42,427:INFO:ДУГААРАА СОНГОЖ БУЙ ХЭСЭГ
2020-05-16 17:40:42,427:INFO:7
2020-05-16 17:41:38,866:INFO:ДУГААРЫН ҮНЭ
2020-05-16 17:41:38,868:INFO:10000
2020-05-16 17:42:01,724:INFO:ДУГААРЫН ZAHIALGA
2020-05-16 17:42:04,704:INFO:------------------------------------------------------------------------------------------------
2020-05-16 17:42:34,733:INFO:ДУГААРАА СОНГОЖ БУЙ ХЭСЭГ
2020-05-16 17:42:34,733:INFO:7
2020-05-16 17:42:36,399:INFO:ДУГААРАА СОНГОЖ БУЙ ХЭСЭГ
2020-05-16 17:42:36,400:INFO:7
2020-05-16 17:43:27,083:INFO:ДУГААРАА СОНГОЖ БУЙ ХЭСЭГ
2020-05-16 17:43:27,084:INFO:7
2020-05-16 17:44:03,511:INFO:ДУГААРАА СОНГОЖ БУЙ ХЭСЭГ
2020-05-16 17:44:03,512:INFO:7
2020-05-16 17:44:12,583:INFO:------------------------------------------------------------------------------------------------
2020-05-16 17:44:14,693:INFO:ДУГААРАА СОНГОЖ БУЙ ХЭСЭГ
2020-05-16 17:44:14,693:INFO:2
2020-05-16 17:44:39,482:INFO:------------------------------------------------------------------------------------------------
2020-05-16 17:44:42,004:INFO:ДУГААРАА СОНГОЖ БУЙ ХЭСЭГ
2020-05-16 17:44:42,004:INFO:7
2020-05-16 17:45:14,751:INFO:------------------------------------------------------------------------------------------------
2020-05-16 17:45:49,597:INFO:------------------------------------------------------------------------------------------------
2020-05-16 17:45:52,007:INFO:ДУГААРАА СОНГОЖ БУЙ ХЭСЭГ
2020-05-16 17:45:52,007:INFO:2
2020-05-16 17:46:47,451:INFO:------------------------------------------------------------------------------------------------
2020-05-16 17:46:54,670:INFO:ДУГААРАА СОНГОЖ БУЙ ХЭСЭГ
2020-05-16 17:46:54,670:INFO:7
2020-05-16 17:46:59,513:INFO:ДУГААРАА СОНГОЖ БУЙ ХЭСЭГ
2020-05-16 17:46:59,513:INFO:2
2020-05-16 17:47:12,612:INFO:------------------------------------------------------------------------------------------------
2020-05-16 17:47:13,613:INFO:ДУГААРАА СОНГОЖ БУЙ ХЭСЭГ
2020-05-16 17:47:13,613:INFO:2
2020-05-16 17:47:48,038:INFO:ДУГААРЫН ҮНЭ
2020-05-16 17:47:48,040:INFO:5000
2020-05-16 17:48:55,672:INFO:ДУГААРАА СОНГОЖ БУЙ ХЭСЭГ
2020-05-16 17:48:55,673:INFO:7
2020-05-16 17:51:31,991:INFO:ДУГААРАА СОНГОЖ БУЙ ХЭСЭГ
2020-05-16 17:51:31,991:INFO:7
2020-05-16 17:51:53,270:INFO:ДУГААРЫН ҮНЭ
2020-05-16 17:51:53,273:INFO:10000
2020-05-16 17:52:20,884:INFO:------------------------------------------------------------------------------------------------
2020-05-16 17:52:21,717:INFO:ДУГААРАА СОНГОЖ БУЙ ХЭСЭГ
2020-05-16 17:52:21,717:INFO:2
2020-05-16 17:56:00,994:INFO:------------------------------------------------------------------------------------------------
2020-05-16 17:56:43,333:INFO:ДУГААРАА СОНГОЖ БУЙ ХЭСЭГ
2020-05-16 17:56:43,333:INFO:7
2020-05-16 17:57:12,414:INFO:------------------------------------------------------------------------------------------------
2020-05-16 17:57:13,278:INFO:ДУГААРАА СОНГОЖ БУЙ ХЭСЭГ
2020-05-16 17:57:13,279:INFO:7
2020-05-16 18:02:44,613:INFO:ДУГААРАА СОНГОЖ БУЙ ХЭСЭГ
2020-05-16 18:02:44,613:INFO:2
2020-05-16 18:02:53,177:INFO:------------------------------------------------------------------------------------------------
2020-05-16 18:02:55,320:INFO:ДУГААРАА СОНГОЖ БУЙ ХЭСЭГ
2020-05-16 18:02:55,320:INFO:7
2020-05-16 18:05:23,660:INFO:------------------------------------------------------------------------------------------------
2020-05-16 18:05:25,707:INFO:------------------------------------------------------------------------------------------------
2020-05-16 18:08:29,499:INFO:ДУГААРАА СОНГОЖ БУЙ ХЭСЭГ
2020-05-16 18:08:29,499:INFO:7
2020-05-16 18:08:57,156:INFO:ДУГААРАА СОНГОЖ БУЙ ХЭСЭГ
2020-05-16 18:08:57,157:INFO:7
2020-05-16 18:09:13,919:INFO:ДУГААРАА СОНГОЖ БУЙ ХЭСЭГ
2020-05-16 18:09:13,919:INFO:7
2020-05-16 18:10:29,230:INFO:ДУГААРАА СОНГОЖ БУЙ ХЭСЭГ
2020-05-16 18:10:29,230:INFO:7
2020-05-16 18:10:39,342:INFO:ДУГААРАА СОНГОЖ БУЙ ХЭСЭГ
2020-05-16 18:10:39,343:INFO:7
2020-05-16 18:11:01,945:INFO:------------------------------------------------------------------------------------------------
2020-05-16 18:17:12,487:INFO:ДУГААРАА СОНГОЖ БУЙ ХЭСЭГ
2020-05-16 18:17:12,488:INFO:7
2020-05-16 18:17:21,876:INFO:ДУГААРАА СОНГОЖ БУЙ ХЭСЭГ
2020-05-16 18:17:21,876:INFO:7
2020-05-16 18:17:52,577:INFO:ДУГААРАА СОНГОЖ БУЙ ХЭСЭГ
2020-05-16 18:17:52,577:INFO:7
2020-05-16 18:18:02,763:INFO:------------------------------------------------------------------------------------------------
2020-05-16 18:18:04,083:INFO:ДУГААРАА СОНГОЖ БУЙ ХЭСЭГ
2020-05-16 18:18:04,083:INFO:7
2020-05-16 18:18:07,901:INFO:ДУГААРАА СОНГОЖ БУЙ ХЭСЭГ
2020-05-16 18:18:07,902:INFO:7
2020-05-16 18:18:08,275:INFO:ДУГААРАА СОНГОЖ БУЙ ХЭСЭГ
2020-05-16 18:18:08,275:INFO:7
2020-05-16 18:18:13,360:INFO:------------------------------------------------------------------------------------------------
2020-05-16 18:18:14,772:INFO:ДУГААРАА СОНГОЖ БУЙ ХЭСЭГ
2020-05-16 18:18:14,772:INFO:7
2020-05-16 18:18:17,317:INFO:ДУГААРАА СОНГОЖ БУЙ ХЭСЭГ
2020-05-16 18:18:17,317:INFO:7
2020-05-16 18:18:27,634:INFO:------------------------------------------------------------------------------------------------
2020-05-16 18:18:29,169:INFO:ДУГААРАА СОНГОЖ БУЙ ХЭСЭГ
2020-05-16 18:18:29,169:INFO:7
2020-05-16 18:19:01,748:INFO:ДУГААРАА СОНГОЖ БУЙ ХЭСЭГ
2020-05-16 18:19:01,748:INFO:7
2020-05-16 18:19:06,907:INFO:ДУГААРЫН ҮНЭ
2020-05-16 18:19:06,910:INFO:10000
2020-05-16 18:21:37,568:INFO:------------------------------------------------------------------------------------------------
2020-05-16 18:22:35,104:INFO:ДУГААРАА СОНГОЖ БУЙ ХЭСЭГ
2020-05-16 18:22:35,104:INFO:7
2020-05-16 18:26:21,411:INFO:ДУГААРАА СОНГОЖ БУЙ ХЭСЭГ
2020-05-16 18:26:21,412:INFO:7
2020-05-16 18:26:23,811:INFO:------------------------------------------------------------------------------------------------
2020-05-16 18:26:25,002:INFO:ДУГААРАА СОНГОЖ БУЙ ХЭСЭГ
2020-05-16 18:26:25,002:INFO:7
2020-05-16 18:26:39,728:INFO:ДУГААРАА СОНГОЖ БУЙ ХЭСЭГ
2020-05-16 18:26:39,729:INFO:7
2020-05-16 18:27:17,747:INFO:ДУГААРАА СОНГОЖ БУЙ ХЭСЭГ
2020-05-16 18:27:17,747:INFO:7
2020-05-16 18:27:42,729:INFO:ДУГААРАА СОНГОЖ БУЙ ХЭСЭГ
2020-05-16 18:27:42,729:INFO:7
2020-05-16 18:28:08,793:INFO:ДУГААРАА СОНГОЖ БУЙ ХЭСЭГ
2020-05-16 18:28:08,793:INFO:7
2020-05-16 18:29:21,761:INFO:ДУГААРАА СОНГОЖ БУЙ ХЭСЭГ
2020-05-16 18:29:21,761:INFO:7
2020-05-16 18:29:47,754:INFO:ДУГААРАА СОНГОЖ БУЙ ХЭСЭГ
2020-05-16 18:29:47,754:INFO:7
2020-05-16 18:30:22,709:INFO:ДУГААРЫН ҮНЭ
2020-05-16 18:30:22,712:INFO:10000
2020-05-16 18:30:45,742:INFO:ДУГААРАА СОНГОЖ БУЙ ХЭСЭГ
2020-05-16 18:30:45,743:INFO:7
2020-05-16 18:30:50,399:INFO:ДУГААРЫН ZAHIALGA
2020-05-16 18:32:28,820:INFO:ДУГААРАА СОНГОЖ БУЙ ХЭСЭГ
2020-05-16 18:32:28,820:INFO:7
2020-05-16 18:32:50,527:INFO:------------------------------------------------------------------------------------------------
2020-05-16 18:33:19,991:INFO:ДУГААРАА СОНГОЖ БУЙ ХЭСЭГ
2020-05-16 18:33:19,991:INFO:7
2020-05-16 18:34:36,960:INFO:------------------------------------------------------------------------------------------------
2020-05-16 18:36:20,566:INFO:------------------------------------------------------------------------------------------------
2020-05-16 18:36:21,377:INFO:ДУГААРАА СОНГОЖ БУЙ ХЭСЭГ
2020-05-16 18:36:21,377:INFO:2
2020-05-16 18:36:37,660:INFO:ДУГААРАА СОНГОЖ БУЙ ХЭСЭГ
2020-05-16 18:36:37,660:INFO:7
2020-05-16 18:36:38,931:INFO:ДУГААРАА СОНГОЖ БУЙ ХЭСЭГ
2020-05-16 18:36:38,931:INFO:7
2020-05-16 18:37:58,734:INFO:------------------------------------------------------------------------------------------------
2020-05-16 18:38:05,843:INFO:ДУГААРАА СОНГОЖ БУЙ ХЭСЭГ
2020-05-16 18:38:05,844:INFO:2
2020-05-16 18:40:10,687:INFO:ДУГААРАА СОНГОЖ БУЙ ХЭСЭГ
2020-05-16 18:40:10,688:INFO:7
2020-05-16 18:40:28,121:INFO:ДУГААРАА СОНГОЖ БУЙ ХЭСЭГ
2020-05-16 18:40:28,121:INFO:7
2020-05-16 18:40:35,722:INFO:ДУГААРАА СОНГОЖ БУЙ ХЭСЭГ
2020-05-16 18:40:35,722:INFO:7
2020-05-16 18:46:37,957:INFO:------------------------------------------------------------------------------------------------
2020-05-16 18:46:39,419:INFO:ДУГААРАА СОНГОЖ БУЙ ХЭСЭГ
2020-05-16 18:46:39,419:INFO:7
2020-05-16 18:46:43,500:INFO:------------------------------------------------------------------------------------------------
2020-05-16 18:46:44,946:INFO:------------------------------------------------------------------------------------------------
2020-05-16 18:46:45,607:INFO:ДУГААРАА СОНГОЖ БУЙ ХЭСЭГ
2020-05-16 18:46:45,607:INFO:2
2020-05-16 18:46:46,143:INFO:ДУГААРАА СОНГОЖ БУЙ ХЭСЭГ
2020-05-16 18:46:46,143:INFO:2
2020-05-16 18:47:30,361:INFO:ДУГААРЫН ҮНЭ
2020-05-16 18:47:30,364:INFO:5000
2020-05-16 18:47:43,333:INFO:ДУГААРЫН ҮНЭ
2020-05-16 18:47:43,335:INFO:5000
2020-05-16 18:48:26,804:INFO:ДУГААРАА СОНГОЖ БУЙ ХЭСЭГ
2020-05-16 18:48:26,805:INFO:2
2020-05-16 18:49:07,580:INFO:------------------------------------------------------------------------------------------------
2020-05-16 18:49:09,695:INFO:ДУГААРАА СОНГОЖ БУЙ ХЭСЭГ
2020-05-16 18:49:09,695:INFO:2
2020-05-16 18:49:39,692:INFO:ДУГААРЫН ҮНЭ
2020-05-16 18:49:39,695:INFO:5000
2020-05-16 18:49:42,340:INFO:ДУГААРАА СОНГОЖ БУЙ ХЭСЭГ
2020-05-16 18:49:42,340:INFO:2
2020-05-16 18:49:55,969:INFO:ДУГААРЫН ҮНЭ
2020-05-16 18:49:55,972:INFO:5000
2020-05-16 18:50:11,197:INFO:ДУГААРЫН ZAHIALGA
2020-05-16 18:50:17,560:INFO:------------------------------------------------------------------------------------------------
2020-05-16 18:50:49,333:WARNING:Not Found: /
2020-05-16 18:50:49,606:WARNING:Not Found: /vtigercrm/vtigerservice.php
2020-05-16 18:50:50,269:WARNING:Not Found: /a2billing/admin/Public/index.php
2020-05-16 18:50:50,934:WARNING:Not Found: /
2020-05-16 18:52:33,617:INFO:ДУГААРАА СОНГОЖ БУЙ ХЭСЭГ
2020-05-16 18:52:33,617:INFO:7
2020-05-16 18:52:34,315:INFO:ДУГААРАА СОНГОЖ БУЙ ХЭСЭГ
2020-05-16 18:52:34,315:INFO:7
2020-05-16 18:52:35,092:INFO:------------------------------------------------------------------------------------------------
2020-05-16 18:52:39,086:INFO:ДУГААРАА СОНГОЖ БУЙ ХЭСЭГ
2020-05-16 18:52:39,087:INFO:2
2020-05-16 18:52:42,053:INFO:------------------------------------------------------------------------------------------------
2020-05-16 18:52:43,153:INFO:ДУГААРАА СОНГОЖ БУЙ ХЭСЭГ
2020-05-16 18:52:43,154:INFO:7
2020-05-16 18:58:14,514:INFO:ДУГААРАА СОНГОЖ БУЙ ХЭСЭГ
2020-05-16 18:58:14,514:INFO:2
2020-05-16 19:02:37,756:INFO:ДУГААРАА СОНГОЖ БУЙ ХЭСЭГ
2020-05-16 19:02:37,756:INFO:2
2020-05-16 19:04:29,341:INFO:ДУГААРАА СОНГОЖ БУЙ ХЭСЭГ
2020-05-16 19:04:29,341:INFO:7
2020-05-16 19:04:55,165:INFO:ДУГААРЫН ҮНЭ
2020-05-16 19:04:55,168:INFO:10000
2020-05-16 19:05:13,999:INFO:ДУГААРЫН ZAHIALGA
2020-05-16 19:05:24,685:INFO:------------------------------------------------------------------------------------------------
2020-05-16 19:05:25,926:INFO:------------------------------------------------------------------------------------------------
2020-05-16 19:07:14,100:INFO:------------------------------------------------------------------------------------------------
2020-05-16 19:07:30,466:INFO:ДУГААРЫН ҮНЭ
2020-05-16 19:07:30,469:INFO:5000
2020-05-16 19:11:02,151:INFO:------------------------------------------------------------------------------------------------
2020-05-16 19:11:03,220:INFO:ДУГААРЫН ҮНЭ
2020-05-16 19:11:03,223:INFO:5000
2020-05-16 19:11:38,387:INFO:ДУГААРАА СОНГОЖ БУЙ ХЭСЭГ
2020-05-16 19:11:38,387:INFO:7
2020-05-16 19:11:41,444:INFO:ДУГААРАА СОНГОЖ БУЙ ХЭСЭГ
2020-05-16 19:11:41,445:INFO:7
2020-05-16 19:16:04,192:INFO:------------------------------------------------------------------------------------------------
2020-05-16 19:16:07,260:INFO:ДУГААРАА СОНГОЖ БУЙ ХЭСЭГ
2020-05-16 19:16:07,260:INFO:7
2020-05-16 19:21:38,685:INFO:------------------------------------------------------------------------------------------------
2020-05-16 19:23:08,763:INFO:------------------------------------------------------------------------------------------------
2020-05-16 19:23:09,670:INFO:ДУГААРАА СОНГОЖ БУЙ ХЭСЭГ
2020-05-16 19:23:09,671:INFO:7
2020-05-16 19:23:12,134:INFO:ДУГААРАА СОНГОЖ БУЙ ХЭСЭГ
2020-05-16 19:23:12,134:INFO:7
2020-05-16 19:23:21,084:INFO:ДУГААРЫН ҮНЭ
2020-05-16 19:23:21,088:INFO:10000
2020-05-16 19:26:14,688:INFO:ДУГААРАА СОНГОЖ БУЙ ХЭСЭГ
2020-05-16 19:26:14,688:INFO:7
2020-05-16 19:26:27,303:INFO:------------------------------------------------------------------------------------------------
2020-05-16 19:26:29,075:INFO:------------------------------------------------------------------------------------------------
2020-05-16 19:26:30,291:INFO:ДУГААРАА СОНГОЖ БУЙ ХЭСЭГ
2020-05-16 19:26:30,292:INFO:7
2020-05-16 19:26:44,746:INFO:ДУГААРЫН ҮНЭ
2020-05-16 19:26:44,749:INFO:10000
2020-05-16 19:27:02,906:INFO:ДУГААРЫН ZAHIALGA
2020-05-16 19:29:03,032:INFO:------------------------------------------------------------------------------------------------
2020-05-16 19:34:37,973:INFO:------------------------------------------------------------------------------------------------
2020-05-16 19:35:11,710:INFO:------------------------------------------------------------------------------------------------
2020-05-16 19:35:13,685:INFO:ДУГААРАА СОНГОЖ БУЙ ХЭСЭГ
2020-05-16 19:35:13,686:INFO:2
2020-05-16 19:38:25,264:INFO:------------------------------------------------------------------------------------------------
2020-05-16 19:38:26,259:INFO:ДУГААРАА СОНГОЖ БУЙ ХЭСЭГ
2020-05-16 19:38:26,259:INFO:2
2020-05-16 19:38:34,661:INFO:------------------------------------------------------------------------------------------------
2020-05-16 19:38:37,403:INFO:ДУГААРАА СОНГОЖ БУЙ ХЭСЭГ
2020-05-16 19:38:37,403:INFO:7
2020-05-16 19:38:44,521:INFO:ДУГААРЫН ҮНЭ
2020-05-16 19:38:44,524:INFO:5000
2020-05-16 20:05:25,626:INFO:------------------------------------------------------------------------------------------------
2020-05-16 20:05:26,104:INFO:------------------------------------------------------------------------------------------------
2020-05-16 20:11:02,327:INFO:------------------------------------------------------------------------------------------------
2020-05-16 20:11:38,500:INFO:------------------------------------------------------------------------------------------------
2020-05-16 20:21:39,563:INFO:------------------------------------------------------------------------------------------------
2020-05-16 20:29:03,077:INFO:------------------------------------------------------------------------------------------------
2020-05-16 20:34:38,925:INFO:------------------------------------------------------------------------------------------------
2020-05-16 21:05:26,368:INFO:------------------------------------------------------------------------------------------------
2020-05-16 21:05:26,522:INFO:------------------------------------------------------------------------------------------------
2020-05-16 21:11:02,571:INFO:------------------------------------------------------------------------------------------------
2020-05-16 21:11:38,680:INFO:------------------------------------------------------------------------------------------------
2020-05-16 21:21:40,082:INFO:------------------------------------------------------------------------------------------------
2020-05-16 21:34:40,079:INFO:------------------------------------------------------------------------------------------------
2020-05-16 22:05:26,579:INFO:------------------------------------------------------------------------------------------------
2020-05-16 22:05:28,393:INFO:------------------------------------------------------------------------------------------------
2020-05-16 22:11:02,760:INFO:------------------------------------------------------------------------------------------------
2020-05-16 22:21:41,334:INFO:------------------------------------------------------------------------------------------------
2020-05-16 22:34:41,073:INFO:------------------------------------------------------------------------------------------------
2020-05-16 23:05:26,774:INFO:------------------------------------------------------------------------------------------------
2020-05-16 23:05:30,020:INFO:------------------------------------------------------------------------------------------------
2020-05-16 23:11:02,897:INFO:------------------------------------------------------------------------------------------------
2020-05-16 23:21:43,133:INFO:------------------------------------------------------------------------------------------------
2020-05-16 23:34:42,099:INFO:------------------------------------------------------------------------------------------------
2020-05-17 00:05:26,996:INFO:------------------------------------------------------------------------------------------------
2020-05-17 00:05:30,639:INFO:------------------------------------------------------------------------------------------------
2020-05-17 00:11:03,069:INFO:------------------------------------------------------------------------------------------------
2020-05-17 00:21:43,929:INFO:------------------------------------------------------------------------------------------------
2020-05-17 00:25:24,077:INFO:------------------------------------------------------------------------------------------------
2020-05-17 00:34:43,131:INFO:------------------------------------------------------------------------------------------------
2020-05-17 01:05:27,205:INFO:------------------------------------------------------------------------------------------------
2020-05-17 01:05:31,830:INFO:------------------------------------------------------------------------------------------------
2020-05-17 01:07:15,185:WARNING:Not Found: /
2020-05-17 01:11:03,235:INFO:------------------------------------------------------------------------------------------------
2020-05-17 01:21:44,318:INFO:------------------------------------------------------------------------------------------------
2020-05-17 01:25:24,300:INFO:------------------------------------------------------------------------------------------------
2020-05-17 01:33:26,996:WARNING:Not Found: /robots.txt
2020-05-17 01:34:44,149:INFO:------------------------------------------------------------------------------------------------
2020-05-17 02:05:27,403:INFO:------------------------------------------------------------------------------------------------
2020-05-17 02:05:32,673:INFO:------------------------------------------------------------------------------------------------
2020-05-17 02:11:03,409:INFO:------------------------------------------------------------------------------------------------
2020-05-17 02:21:45,526:INFO:------------------------------------------------------------------------------------------------
2020-05-17 02:25:24,533:INFO:------------------------------------------------------------------------------------------------
2020-05-17 02:34:45,171:INFO:------------------------------------------------------------------------------------------------
2020-05-17 03:05:27,608:INFO:------------------------------------------------------------------------------------------------
2020-05-17 03:05:33,487:INFO:------------------------------------------------------------------------------------------------
2020-05-17 03:11:03,574:INFO:------------------------------------------------------------------------------------------------
2020-05-17 03:21:45,999:INFO:------------------------------------------------------------------------------------------------
2020-05-17 03:25:24,721:INFO:------------------------------------------------------------------------------------------------
2020-05-17 03:34:46,195:INFO:------------------------------------------------------------------------------------------------
2020-05-17 04:05:27,838:INFO:------------------------------------------------------------------------------------------------
2020-05-17 04:05:34,328:INFO:------------------------------------------------------------------------------------------------
2020-05-17 04:11:03,744:INFO:------------------------------------------------------------------------------------------------
2020-05-17 04:21:47,288:INFO:------------------------------------------------------------------------------------------------
2020-05-17 04:25:24,952:INFO:------------------------------------------------------------------------------------------------
2020-05-17 04:34:47,236:INFO:------------------------------------------------------------------------------------------------
2020-05-17 05:05:28,045:INFO:------------------------------------------------------------------------------------------------
2020-05-17 05:05:35,935:INFO:------------------------------------------------------------------------------------------------
2020-05-17 05:11:03,929:INFO:------------------------------------------------------------------------------------------------
2020-05-17 05:21:49,081:INFO:------------------------------------------------------------------------------------------------
2020-05-17 05:25:25,477:INFO:------------------------------------------------------------------------------------------------
2020-05-17 05:34:48,258:INFO:------------------------------------------------------------------------------------------------
2020-05-17 06:05:28,251:INFO:------------------------------------------------------------------------------------------------
2020-05-17 06:05:36,909:INFO:------------------------------------------------------------------------------------------------
2020-05-17 06:11:04,101:INFO:------------------------------------------------------------------------------------------------
2020-05-17 06:21:50,822:INFO:------------------------------------------------------------------------------------------------
