2019-12-01 17:52:52,245:INFO:ДУГААРАА СОНГОЖ БУЙ ХЭСЭГ
2019-12-01 17:52:52,245:INFO:2
2019-12-01 17:53:01,062:INFO:98120194:6|98120362:6|98120385:6|98120388:6|98120542:6|98120567:6|98120740:6|98120763:6|98120783:6|98120785:6|98120791:6|98120834:6|98120836:6|98120843:6|98120847:6|98120935:6|98120937:6|98120947:6|98120951:6|98120954:6|98120963:6|98120978:6|98121137:6|98121303:6|98121352:6|98121362:6|98121391:6|98121430:6|98121431:6|98121445:6|98121453:6|98121459:6|98121481:6|98121487:6|98121537:6|98121541:6|98121543:6|98121572:6|98121574:6|98121602:6|98121604:6|98121635:6|98121669:6|98121691:6|98121704:6|98121706:6|98121727:6|98121742:6|98121746:6|98121756:6|98121759:6|98121763:6|98121764:6|98121769:6|98121779:6|98121782:6|98121792:6|98121804:6|98121806:6|98121807:6|98121825:6|98121826:6|98121839:6|98121847:6|98121848:6|98121864:6|98121879:6|98121913:6|98121953:6|98121972:6|98121993:6|98121997:6|98122049:6|98122073:6|98122076:6|98122090:6|98122148:6|98122158:6|98122161:6|98122208:6|98122249:6|98122254:6|98122278:6|98122301:6|98122307:6|98122318:6|98122380:6|98122384:6|98122386:6|98122411:6|98122415:6|98122417:6|98122431:6|98122451:6|98122452:6|98122476:6|98122478:6|98122503:6|98122516:6|98122517:6|98122518:6|98122534:6|98122537:6|98122546:6|98122549:6|98122558:6|98122608:6|98122612:6|98122622:6|98122637:6|98122652:6|98122657:6|98122663:6|98122670:6|98122673:6|98122674:6|98122684:6|98122691:6|98122701:6|98122708:6|98122715:6|98122718:6|98122731:6|98122735:6|98122742:6|98122745:6|98122749:6|98122765:6|98122771:6|98122784:6|98122785:6|98122787:6
2019-12-01 17:58:56,652:INFO:----------------------------------------------------------------------------------------------------
2019-12-01 18:03:02,274:INFO:РЕГИСТЕРИЙН ДУГААР
2019-12-01 18:03:02,626:WARNING:Not Found: /favicon.ico
2019-12-01 18:03:38,872:INFO:РЕГИСТЕРИЙН ДУГААР
2019-12-01 18:04:35,638:INFO:РЕГИСТЕРИЙН ДУГААР
2019-12-01 18:08:57,380:INFO:----------------------------------------------------------------------------------------------------
2019-12-01 18:09:59,276:INFO:РЕГИСТЕРИЙН ДУГААР
2019-12-01 18:18:57,999:INFO:----------------------------------------------------------------------------------------------------
2019-12-01 18:28:58,773:INFO:----------------------------------------------------------------------------------------------------
2019-12-01 18:38:59,264:INFO:----------------------------------------------------------------------------------------------------
2019-12-01 18:48:59,698:INFO:----------------------------------------------------------------------------------------------------
2019-12-01 18:59:00,101:INFO:----------------------------------------------------------------------------------------------------
2019-12-01 19:09:00,608:INFO:----------------------------------------------------------------------------------------------------
2019-12-01 19:19:01,203:INFO:----------------------------------------------------------------------------------------------------
2019-12-01 19:25:26,748:INFO:РЕГИСТЕРИЙН ДУГААР
2019-12-01 19:29:01,819:INFO:----------------------------------------------------------------------------------------------------
2019-12-01 19:39:02,493:INFO:----------------------------------------------------------------------------------------------------
2019-12-01 19:49:03,261:INFO:----------------------------------------------------------------------------------------------------
2019-12-01 19:59:03,850:INFO:----------------------------------------------------------------------------------------------------
2019-12-01 20:09:04,273:INFO:----------------------------------------------------------------------------------------------------
2019-12-01 20:19:04,889:INFO:----------------------------------------------------------------------------------------------------
2019-12-01 20:25:36,300:WARNING:Not Found: /
2019-12-01 20:29:05,374:INFO:----------------------------------------------------------------------------------------------------
2019-12-01 20:39:05,889:INFO:----------------------------------------------------------------------------------------------------
2019-12-01 20:49:06,348:INFO:----------------------------------------------------------------------------------------------------
2019-12-01 20:59:06,847:INFO:----------------------------------------------------------------------------------------------------
2019-12-01 21:09:02,097:INFO:----------------------------------------------------------------------------------------------------
2019-12-01 21:09:07,499:INFO:----------------------------------------------------------------------------------------------------
2019-12-01 21:19:08,094:INFO:----------------------------------------------------------------------------------------------------
2019-12-01 21:29:08,845:INFO:----------------------------------------------------------------------------------------------------
2019-12-01 21:39:09,508:INFO:----------------------------------------------------------------------------------------------------
2019-12-01 21:49:10,196:INFO:----------------------------------------------------------------------------------------------------
2019-12-01 21:59:10,609:INFO:----------------------------------------------------------------------------------------------------
2019-12-01 22:09:11,034:INFO:----------------------------------------------------------------------------------------------------
2019-12-01 22:19:11,632:INFO:----------------------------------------------------------------------------------------------------
2019-12-01 22:29:12,050:INFO:----------------------------------------------------------------------------------------------------
2019-12-01 22:39:12,519:INFO:----------------------------------------------------------------------------------------------------
2019-12-01 22:49:13,037:INFO:----------------------------------------------------------------------------------------------------
2019-12-01 22:59:13,565:INFO:----------------------------------------------------------------------------------------------------
2019-12-01 23:09:14,223:INFO:----------------------------------------------------------------------------------------------------
2019-12-01 23:11:51,035:WARNING:Not Found: /
2019-12-01 23:19:14,863:INFO:----------------------------------------------------------------------------------------------------
2019-12-01 23:29:15,438:INFO:----------------------------------------------------------------------------------------------------
2019-12-01 23:38:48,237:WARNING:Not Found: /
2019-12-01 23:39:16,001:INFO:----------------------------------------------------------------------------------------------------
2019-12-01 23:49:16,475:INFO:----------------------------------------------------------------------------------------------------
2019-12-01 23:59:16,988:INFO:----------------------------------------------------------------------------------------------------
2019-12-02 00:09:17,820:INFO:----------------------------------------------------------------------------------------------------
2019-12-02 00:13:01,106:WARNING:Not Found: /struts2-rest-showcase/orders.xhtml
2019-12-02 00:13:02,294:WARNING:Not Found: /index.action
2019-12-02 00:13:03,347:WARNING:Not Found: /index.do
2019-12-02 00:19:21,731:INFO:----------------------------------------------------------------------------------------------------
2019-12-02 00:29:22,262:INFO:----------------------------------------------------------------------------------------------------
2019-12-02 00:39:22,871:INFO:----------------------------------------------------------------------------------------------------
2019-12-02 00:49:23,898:INFO:----------------------------------------------------------------------------------------------------
2019-12-02 00:59:24,560:INFO:----------------------------------------------------------------------------------------------------
2019-12-02 01:09:25,893:INFO:----------------------------------------------------------------------------------------------------
2019-12-02 01:19:26,431:INFO:----------------------------------------------------------------------------------------------------
2019-12-02 01:29:27,169:INFO:----------------------------------------------------------------------------------------------------
2019-12-02 01:39:28,434:INFO:----------------------------------------------------------------------------------------------------
2019-12-02 01:49:29,391:INFO:----------------------------------------------------------------------------------------------------
2019-12-02 01:59:30,237:INFO:----------------------------------------------------------------------------------------------------
2019-12-02 02:09:30,913:INFO:----------------------------------------------------------------------------------------------------
2019-12-02 02:19:31,349:INFO:----------------------------------------------------------------------------------------------------
2019-12-02 02:29:32,071:INFO:----------------------------------------------------------------------------------------------------
2019-12-02 02:39:32,737:INFO:----------------------------------------------------------------------------------------------------
2019-12-02 02:49:33,460:INFO:----------------------------------------------------------------------------------------------------
2019-12-02 02:54:36,834:WARNING:Not Found: /
2019-12-02 02:59:34,199:INFO:----------------------------------------------------------------------------------------------------
2019-12-02 03:09:34,879:INFO:----------------------------------------------------------------------------------------------------
2019-12-02 03:19:35,274:INFO:----------------------------------------------------------------------------------------------------
2019-12-02 03:29:35,809:INFO:----------------------------------------------------------------------------------------------------
2019-12-02 03:39:36,324:INFO:----------------------------------------------------------------------------------------------------
2019-12-02 03:40:03,076:ERROR:Invalid HTTP_HOST header: u'DugaarShuult:8000'. You may need to add u'dugaarshuult' to ALLOWED_HOSTS.
2019-12-02 03:49:36,806:INFO:----------------------------------------------------------------------------------------------------
2019-12-02 03:59:37,354:INFO:----------------------------------------------------------------------------------------------------
2019-12-02 04:09:38,120:INFO:----------------------------------------------------------------------------------------------------
2019-12-02 04:19:38,802:INFO:----------------------------------------------------------------------------------------------------
2019-12-02 04:29:39,477:INFO:----------------------------------------------------------------------------------------------------
2019-12-02 04:39:40,018:INFO:----------------------------------------------------------------------------------------------------
2019-12-02 04:49:40,629:INFO:----------------------------------------------------------------------------------------------------
2019-12-02 04:59:41,119:INFO:----------------------------------------------------------------------------------------------------
2019-12-02 05:09:41,603:INFO:----------------------------------------------------------------------------------------------------
2019-12-02 05:19:42,151:INFO:----------------------------------------------------------------------------------------------------
2019-12-02 05:29:42,805:INFO:----------------------------------------------------------------------------------------------------
2019-12-02 05:39:43,488:INFO:----------------------------------------------------------------------------------------------------
2019-12-02 05:49:44,177:INFO:----------------------------------------------------------------------------------------------------
2019-12-02 05:59:44,919:INFO:----------------------------------------------------------------------------------------------------
2019-12-02 06:09:45,556:INFO:----------------------------------------------------------------------------------------------------
2019-12-02 06:19:46,145:INFO:----------------------------------------------------------------------------------------------------
2019-12-02 06:29:46,720:INFO:----------------------------------------------------------------------------------------------------
2019-12-02 06:39:47,276:INFO:----------------------------------------------------------------------------------------------------
2019-12-02 06:49:47,896:INFO:----------------------------------------------------------------------------------------------------
2019-12-02 06:59:48,626:INFO:----------------------------------------------------------------------------------------------------
2019-12-02 07:09:49,268:INFO:----------------------------------------------------------------------------------------------------
2019-12-02 07:19:49,673:INFO:----------------------------------------------------------------------------------------------------
2019-12-02 07:29:50,277:INFO:----------------------------------------------------------------------------------------------------
2019-12-02 07:39:50,784:INFO:----------------------------------------------------------------------------------------------------
2019-12-02 07:49:51,247:INFO:----------------------------------------------------------------------------------------------------
2019-12-02 07:59:51,821:INFO:----------------------------------------------------------------------------------------------------
2019-12-02 08:09:52,459:INFO:----------------------------------------------------------------------------------------------------
2019-12-02 08:19:53,145:INFO:----------------------------------------------------------------------------------------------------
2019-12-02 08:29:53,833:INFO:----------------------------------------------------------------------------------------------------
2019-12-02 08:39:54,527:INFO:----------------------------------------------------------------------------------------------------
2019-12-02 08:49:54,993:INFO:----------------------------------------------------------------------------------------------------
