2021-02-21 08:56:02,381:INFO:------------------------------------------------------------------------------------------------
2021-02-21 08:59:31,952:INFO:------------------------------------------------------------------------------------------------
2021-02-21 09:40:09,655:INFO:ДУГААРАА СОНГОЖ БУЙ ХЭСЭГ
2021-02-21 09:40:09,655:INFO:7
2021-02-21 09:40:09,837:WARNING:Not Found: /favicon.ico
2021-02-21 09:41:35,909:INFO:93022203:6|93022204:6|93022205:6|93022206:6|93022209:6
2021-02-21 09:41:37,004:INFO:93022209:6
2021-02-21 09:41:37,662:INFO:ДУГААРЫН ҮНЭ
2021-02-21 09:41:37,665:INFO:10000
2021-02-21 09:41:44,560:INFO:ДУГААРЫН ЗАХИАЛГА
2021-02-21 09:41:44,569:INFO:Success
2021-02-21 09:41:44,569:INFO:Хадгалсан дугаар: 93022209
2021-02-21 09:41:48,644:INFO:------------------------------------------------------------------------------------------------
2021-02-21 09:56:03,587:INFO:------------------------------------------------------------------------------------------------
2021-02-21 09:56:45,204:INFO:------------------------------------------------------------------------------------------------
2021-02-21 09:56:45,206:INFO:------------------------------------------------------------------------------------------------
2021-02-21 09:56:45,352:INFO:ДУГААРАА СОНГОЖ БУЙ ХЭСЭГ
2021-02-21 09:56:45,353:INFO:7
2021-02-21 09:56:59,898:INFO:------------------------------------------------------------------------------------------------
2021-02-21 09:57:00,303:INFO:ДУГААРАА СОНГОЖ БУЙ ХЭСЭГ
2021-02-21 09:57:00,303:INFO:7
2021-02-21 09:57:16,273:INFO:ДУГААРАА СОНГОЖ БУЙ ХЭСЭГ
2021-02-21 09:57:16,273:INFO:7
2021-02-21 09:57:28,743:INFO:ДУГААРАА СОНГОЖ БУЙ ХЭСЭГ
2021-02-21 09:57:28,743:INFO:7
2021-02-21 09:57:43,676:INFO:------------------------------------------------------------------------------------------------
2021-02-21 09:57:44,086:INFO:------------------------------------------------------------------------------------------------
2021-02-21 09:57:49,697:INFO:------------------------------------------------------------------------------------------------
2021-02-21 09:57:50,182:INFO:------------------------------------------------------------------------------------------------
2021-02-21 09:57:54,599:INFO:------------------------------------------------------------------------------------------------
2021-02-21 09:57:54,991:INFO:ДУГААРАА СОНГОЖ БУЙ ХЭСЭГ
2021-02-21 09:57:54,991:INFO:7
2021-02-21 09:58:09,920:INFO:------------------------------------------------------------------------------------------------
2021-02-21 10:00:08,158:INFO:------------------------------------------------------------------------------------------------
2021-02-21 10:07:23,021:INFO:------------------------------------------------------------------------------------------------
2021-02-21 10:16:50,885:INFO:------------------------------------------------------------------------------------------------
2021-02-21 10:37:46,476:INFO:------------------------------------------------------------------------------------------------
2021-02-21 10:37:47,591:INFO:ДУГААРАА СОНГОЖ БУЙ ХЭСЭГ
2021-02-21 10:37:47,591:INFO:2
2021-02-21 10:37:47,801:WARNING:Not Found: /favicon.ico
2021-02-21 10:38:00,594:INFO:93449866:6
2021-02-21 10:38:23,622:INFO:ДУГААРАА СОНГОЖ БУЙ ХЭСЭГ
2021-02-21 10:38:23,622:INFO:2
2021-02-21 10:38:24,808:WARNING:Not Found: /favicon.ico
2021-02-21 10:41:30,659:INFO:93440844:6|93441844:6|93442644:6|93442744:6|93442844:6|93443144:6|93445644:6|93445744:6|93446744:6|93447244:6|93448244:6
2021-02-21 10:41:48,734:INFO:------------------------------------------------------------------------------------------------
2021-02-21 10:42:06,258:INFO:93220522:6|93221322:6|93221422:6|93221522:6|93221722:6|93223122:6|93224122:6|93224322:6|93224622:6|93224822:6|93225422:6|93225722:6|93225822:6|93225922:6|93226022:6|93226422:6|93226522:6|93226822:6|93226922:6|93227022:6|93227122:6|93227322:6|93227422:6|93227822:6|93228322:6|93228422:6|93228722:6|93229022:6|93229122:6|93229722:6
2021-02-21 10:42:15,550:INFO:93220522:6|93221322:6|93221422:6|93221522:6|93221722:6|93223122:6|93224122:6|93224322:6|93224622:6|93224822:6|93225422:6|93225722:6|93225822:6|93225922:6|93226022:6|93226422:6|93226522:6|93226822:6|93226922:6|93227022:6|93227122:6|93227322:6|93227422:6|93227822:6|93228322:6|93228422:6|93228722:6|93229022:6|93229122:6|93229722:6
2021-02-21 10:42:32,757:INFO:93220522:6|93221322:6|93221422:6|93221522:6|93221722:6|93223122:6|93224122:6|93224322:6|93224622:6|93224822:6|93225422:6|93225722:6|93225822:6|93225922:6|93226022:6|93226422:6|93226522:6|93226822:6|93226922:6|93227022:6|93227122:6|93227322:6|93227422:6|93227822:6|93228322:6|93228422:6|93228722:6|93229022:6|93229122:6|93229722:6
2021-02-21 10:43:00,575:INFO:83190519:6|83190619:6|83190719:6|83190819:6|83190919:6|83191219:6|83191719:6|83192119:6|83192419:6|83192519:6|83192619:6|83192719:6|83192819:6|83193019:6|83193319:6|83193419:6|83193719:6|83193819:6|83193919:6|83194019:6|83194219:6|83194319:6|83194519:6|83194619:6|83194719:6|83194819:6|83194919:6|83195019:6|83195119:6|83195419:6|83195819:6|83196019:6|83196219:6|83196319:6|83196419:6|83196519:6|83196619:6|83196719:6|83196819:6|83197019:6|83197119:6|83197219:6|83197319:6|83197419:6|83197519:6|83197619:6|83197719:6|83197819:6|83197919:6|83198119:6|83198719:6|83198819:6|83199019:6|83199219:6|83199419:6|83199519:6|83199619:6|83199719:6|83199819:6
2021-02-21 10:43:05,676:INFO:83190519:6|83190619:6|83190719:6|83190819:6|83190919:6|83191219:6|83191719:6|83192119:6|83192419:6|83192519:6|83192619:6|83192719:6|83192819:6|83193019:6|83193319:6|83193419:6|83193719:6|83193819:6|83193919:6|83194019:6|83194219:6|83194319:6|83194519:6|83194619:6|83194719:6|83194819:6|83194919:6|83195019:6|83195119:6|83195419:6|83195819:6|83196019:6|83196219:6|83196319:6|83196419:6|83196519:6|83196619:6|83196719:6|83196819:6|83197019:6|83197119:6|83197219:6|83197319:6|83197419:6|83197519:6|83197619:6|83197719:6|83197819:6|83197919:6|83198119:6|83198719:6|83198819:6|83199019:6|83199219:6|83199419:6|83199519:6|83199619:6|83199719:6|83199819:6
2021-02-21 10:43:08,229:INFO:83190519:6|83190619:6|83190719:6|83190819:6|83190919:6|83191219:6|83191719:6|83192119:6|83192419:6|83192519:6|83192619:6|83192719:6|83192819:6|83193019:6|83193319:6|83193419:6|83193719:6|83193819:6|83193919:6|83194019:6|83194219:6|83194319:6|83194519:6|83194619:6|83194719:6|83194819:6|83194919:6|83195019:6|83195119:6|83195419:6|83195819:6|83196019:6|83196219:6|83196319:6|83196419:6|83196519:6|83196619:6|83196719:6|83196819:6|83197019:6|83197119:6|83197219:6|83197319:6|83197419:6|83197519:6|83197619:6|83197719:6|83197819:6|83197919:6|83198119:6|83198719:6|83198819:6|83199019:6|83199219:6|83199419:6|83199519:6|83199619:6|83199719:6|83199819:6
2021-02-21 10:43:30,112:INFO:83181018:6|83183518:6|83187018:6
2021-02-21 10:43:37,835:INFO:83130413:6|83132113:6|83132513:6|83132913:6|83133213:6|83133613:6|83134213:6|83134713:6|83134913:6|83135513:6|83135913:6|83136413:6|83136613:6|83136713:6|83137313:6|83137913:6|83138213:6|83138513:6|83138813:6|83139013:6|83139113:6|83139813:6
2021-02-21 10:44:26,974:INFO:98182618:6|98184618:6|98184718:6
2021-02-21 10:44:35,660:INFO:98283828:6
2021-02-21 10:44:42,064:INFO:98225422:6|98226422:6|98228222:6
2021-02-21 10:44:51,828:INFO:-1
2021-02-21 10:44:58,294:INFO:98448144:6
2021-02-21 10:45:04,795:INFO:-1
2021-02-21 10:45:14,763:INFO:98663466:6|98663866:6|98664166:6|98664266:6|98665266:6|98667366:6|98667866:6
2021-02-21 10:45:40,869:INFO:-1
2021-02-21 10:45:48,151:INFO:-1
2021-02-21 10:46:03,513:INFO:97173217:6|97173417:6|97173917:6|97174317:6|97174917:6|97175217:6|97175317:6|97175917:6|97176817:6|97178317:6|97179917:6
2021-02-21 10:46:59,474:INFO:93330633:6|93331533:6|93332433:6|93332533:6|93332833:6|93335633:6|93335733:6|93338433:6
2021-02-21 10:47:38,490:INFO:-1
2021-02-21 10:47:41,539:INFO:-1
2021-02-21 10:47:44,260:INFO:93007333:6|93014333:6|93015333:6|93016333:6|93017333:6|93018333:6|93024333:6|93025333:6|93026333:6|93027333:6|93028333:6|93037333:6|93038333:6|93040333:6|93041333:6|93042333:6|93044333:6|93045333:6|93047333:6|93048333:6|93049333:6|93050333:6|93051333:6|93054333:6|93055333:6|93056333:6|93057333:6|93058333:6|93059333:6|93061333:6|93062333:6|93064333:6|93065333:6|93066333:6|93067333:6|93068333:6|93069333:6|93072333:6|93074333:6|93075333:6|93076333:6|93077333:6|93078333:6|93079333:6|93081333:6|93082333:6|93084333:6|93085333:6|93086333:6|93087333:6|93088333:6|93091333:6|93092333:6|93094333:6|93095333:6|93096333:6|93097333:6|93098333:6|93101333:6|93102333:6|93104333:6|93105333:6|93106333:6|93107333:6|93108333:6|93109333:6|93149333:6|93156333:6|93158333:6|93160333:6|93162333:6|93166333:6|93185333:6|93204333:6|93205333:6|93211333:6|93214333:6|93252333:6|93256333:6|93257333:6|93261333:6|93271333:6|93272333:6|93277333:6|93285333:6|93286333:6|93290333:6|93306333:6|93328333:6|93344333:6|93351333:6|93355333:6|93357333:6|93358333:6|93359333:6|93361333:6|93369333:6|93382333:6|93404333:6|93410333:6|93411333:6|93412333:6|93414333:6|93421333:6|93427333:6|93428333:6|93435333:6|93436333:6|93459333:6|93461333:6|93468333:6|93479333:6
2021-02-21 10:48:06,477:INFO:93306333:6|93328333:6|93344333:6|93351333:6|93355333:6|93357333:6|93358333:6|93359333:6|93361333:6|93369333:6|93382333:6
2021-02-21 10:49:53,956:INFO:ДУГААРЫН ҮНЭ
2021-02-21 10:49:53,958:INFO:5000
2021-02-21 10:56:03,715:INFO:------------------------------------------------------------------------------------------------
2021-02-21 10:56:45,844:INFO:------------------------------------------------------------------------------------------------
2021-02-21 10:56:45,899:INFO:------------------------------------------------------------------------------------------------
2021-02-21 11:00:08,256:INFO:------------------------------------------------------------------------------------------------
2021-02-21 11:07:24,064:INFO:------------------------------------------------------------------------------------------------
2021-02-21 11:16:51,246:INFO:------------------------------------------------------------------------------------------------
2021-02-21 11:39:10,317:INFO:------------------------------------------------------------------------------------------------
2021-02-21 11:41:48,809:INFO:------------------------------------------------------------------------------------------------
2021-02-21 11:56:03,837:INFO:------------------------------------------------------------------------------------------------
2021-02-21 11:56:45,981:INFO:------------------------------------------------------------------------------------------------
2021-02-21 11:56:46,090:INFO:------------------------------------------------------------------------------------------------
2021-02-21 12:00:08,345:INFO:------------------------------------------------------------------------------------------------
2021-02-21 12:07:24,169:INFO:------------------------------------------------------------------------------------------------
2021-02-21 12:16:51,343:INFO:------------------------------------------------------------------------------------------------
2021-02-21 12:39:11,313:INFO:------------------------------------------------------------------------------------------------
2021-02-21 12:41:48,882:INFO:------------------------------------------------------------------------------------------------
2021-02-21 12:42:39,598:INFO:------------------------------------------------------------------------------------------------
2021-02-21 12:42:42,208:INFO:------------------------------------------------------------------------------------------------
2021-02-21 12:42:43,897:INFO:ДУГААРАА СОНГОЖ БУЙ ХЭСЭГ
2021-02-21 12:42:43,897:INFO:2
2021-02-21 12:42:44,462:WARNING:Not Found: /favicon.ico
2021-02-21 12:43:02,692:INFO:98905114:6
2021-02-21 12:46:15,636:INFO:------------------------------------------------------------------------------------------------
2021-02-21 12:46:18,479:INFO:ДУГААРАА СОНГОЖ БУЙ ХЭСЭГ
2021-02-21 12:46:18,480:INFO:7
2021-02-21 12:46:29,161:INFO:98005164:6|98015164:6|98025164:6|98035164:6|98045164:6|98055164:6|98065164:6|98075164:6|98085164:6|98105164:6|98125164:6|98135164:6|98165164:6|98175164:6|98185164:6|98195164:6|98205164:6|98215164:6|98225164:6|98235164:6|98245164:6|98255164:6|98265164:6|98275164:6|98285164:6|98295164:6|98305164:6|98315164:6|98325164:6|98335164:6|98375164:6|98385164:6|98425164:6|98435164:6|98455164:6|98465164:6|98475164:6|98485164:6|98565164:6|98595164:6|98605164:6|98615164:6|98625164:6|98635164:6|98645164:6|98655164:6|98675164:6|98705164:6|98805164:6|98815164:6|98825164:6|98835164:6|98845164:6|98855164:6|98865164:6|98875164:6|98905164:6|98915164:6|98925164:6|98935164:6|98945164:6|98955164:6|98965164:6|98975164:6|98995164:6
2021-02-21 12:48:14,238:INFO:ДУГААРЫН ҮНЭ
2021-02-21 12:48:14,240:INFO:10000
2021-02-21 12:49:39,140:INFO:98115143:6
2021-02-21 12:50:21,077:INFO:-1
2021-02-21 12:50:23,125:INFO:98115264:6|98115764:6|98115964:6
2021-02-21 12:56:04,002:INFO:------------------------------------------------------------------------------------------------
2021-02-21 12:56:46,079:INFO:------------------------------------------------------------------------------------------------
2021-02-21 12:56:46,260:INFO:------------------------------------------------------------------------------------------------
2021-02-21 13:00:08,447:INFO:------------------------------------------------------------------------------------------------
2021-02-21 13:07:24,288:INFO:------------------------------------------------------------------------------------------------
2021-02-21 13:10:01,294:INFO:98000851:6
2021-02-21 13:12:20,819:INFO:-1
2021-02-21 13:12:26,205:INFO:-1
2021-02-21 13:16:52,071:INFO:------------------------------------------------------------------------------------------------
2021-02-21 13:39:12,184:INFO:------------------------------------------------------------------------------------------------
2021-02-21 13:41:48,955:INFO:------------------------------------------------------------------------------------------------
2021-02-21 13:42:07,020:INFO:------------------------------------------------------------------------------------------------
2021-02-21 13:56:04,213:INFO:------------------------------------------------------------------------------------------------
2021-02-21 13:56:46,202:INFO:------------------------------------------------------------------------------------------------
2021-02-21 13:56:46,375:INFO:------------------------------------------------------------------------------------------------
2021-02-21 14:00:08,551:INFO:------------------------------------------------------------------------------------------------
2021-02-21 14:07:25,065:INFO:------------------------------------------------------------------------------------------------
2021-02-21 14:14:34,177:INFO:ДУГААРАА СОНГОЖ БУЙ ХЭСЭГ
2021-02-21 14:14:34,178:INFO:7
2021-02-21 14:14:34,712:WARNING:Not Found: /favicon.ico
2021-02-21 14:14:47,940:INFO:-1
2021-02-21 14:14:49,101:INFO:-1
2021-02-21 14:14:54,660:INFO:98110287:6|98110421:6|98110473:6|98110563:6|98110823:6|98110926:6|98111327:6|98111476:6|98111541:6|98111547:6|98111973:6|98112145:6|98112394:6|98112405:6|98112537:6|98112561:6|98112583:6|98112645:6|98112690:6|98112714:6|98112742:6|98112763:6|98112785:6|98112793:6|98112795:6|98112853:6|98112865:6|98112876:6|98112936:6|98112938:6|98112975:6|98112985:6|98113056:6|98113128:6|98113147:6|98113174:6|98113204:6|98113258:6|98113265:6|98113271:6|98113417:6|98113420:6|98113421:6|98113460:6|98113473:6|98113491:6|98113492:6|98113497:6|98113506:6|98113510:6|98113513:6|98113527:6|98113541:6|98113542:6|98113564:6|98113573:6|98113587:6|98113593:6|98113613:6|98113617:6|98113624:6|98113682:6|98113695:6|98113706:6|98113712:6|98113750:6|98113756:6|98113759:6|98113802:6|98113814:6|98113824:6|98113850:6|98113863:6|98113872:6|98113905:6|98113912:6|98113913:6|98113915:6|98113918:6|98113920:6|98113924:6|98113926:6|98113943:6|98113946:6|98113951:6|98113954:6|98113964:6|98113976:6|98113981:6|98113986:6|98114053:6|98114127:6|98114128:6|98114150:6|98114210:6|98114264:6|98114269:6|98114291:6|98114306:6|98114307:6|98114317:6|98114328:6|98114359:6|98114365:6|98114374:6|98114385:6|98114396:6|98114397:6|98114517:6|98114537:6|98114573:6|98114587:6|98114594:6|98114612:6|98114630:6|98114631:6|98114672:6|98114730:6|98114732:6|98114735:6|98114738:6|98114752:6|98114762:6|98114765:6|98114793:6|98114805:6|98114825:6|98114835:6|98114902:6|98114916:6|98114917:6|98114923:6
2021-02-21 14:15:01,347:INFO:ДУГААРЫН ҮНЭ
2021-02-21 14:15:01,349:INFO:10000
2021-02-21 14:16:52,168:INFO:------------------------------------------------------------------------------------------------
2021-02-21 14:19:48,738:INFO:------------------------------------------------------------------------------------------------
2021-02-21 14:19:54,006:INFO:ДУГААРАА СОНГОЖ БУЙ ХЭСЭГ
2021-02-21 14:19:54,006:INFO:7
2021-02-21 14:19:54,314:WARNING:Not Found: /favicon.ico
2021-02-21 14:19:58,338:INFO:ДУГААРАА СОНГОЖ БУЙ ХЭСЭГ
2021-02-21 14:19:58,338:INFO:7
2021-02-21 14:20:10,977:INFO:-1
2021-02-21 14:20:19,128:INFO:-1
2021-02-21 14:20:26,668:INFO:98110287:6|98110421:6|98110473:6|98110563:6|98110823:6|98110926:6|98111327:6|98111476:6|98111541:6|98111547:6|98111973:6|98112145:6|98112394:6|98112405:6|98112537:6|98112561:6|98112583:6|98112645:6|98112690:6|98112714:6|98112742:6|98112763:6|98112785:6|98112793:6|98112795:6|98112853:6|98112865:6|98112876:6|98112936:6|98112938:6|98112975:6|98112985:6|98113056:6|98113128:6|98113147:6|98113174:6|98113204:6|98113258:6|98113265:6|98113271:6|98113417:6|98113420:6|98113421:6|98113460:6|98113473:6|98113491:6|98113492:6|98113497:6|98113506:6|98113510:6|98113513:6|98113527:6|98113541:6|98113542:6|98113564:6|98113573:6|98113587:6|98113593:6|98113613:6|98113617:6|98113624:6|98113682:6|98113695:6|98113706:6|98113712:6|98113750:6|98113756:6|98113759:6|98113802:6|98113814:6|98113824:6|98113850:6|98113863:6|98113872:6|98113905:6|98113912:6|98113913:6|98113915:6|98113918:6|98113920:6|98113924:6|98113926:6|98113943:6|98113946:6|98113951:6|98113954:6|98113964:6|98113976:6|98113981:6|98113986:6|98114053:6|98114127:6|98114128:6|98114150:6|98114210:6|98114264:6|98114269:6|98114291:6|98114306:6|98114307:6|98114317:6|98114328:6|98114359:6|98114365:6|98114374:6|98114385:6|98114396:6|98114397:6|98114517:6|98114537:6|98114573:6|98114587:6|98114594:6|98114612:6|98114630:6|98114631:6|98114672:6|98114730:6|98114732:6|98114735:6|98114738:6|98114752:6|98114762:6|98114765:6|98114793:6|98114805:6|98114825:6|98114835:6|98114902:6|98114916:6|98114917:6|98114923:6
2021-02-21 14:20:31,998:INFO:98114967:6|98115867:6|98117267:6|98117467:6|98118267:6|98118367:6|98118467:6|98119167:6|98119267:6|98119467:6
2021-02-21 14:20:46,085:INFO:98112537:6|98114537:6|98115237:6|98115637:6|98115937:6|98116137:6|98116437:6|98116537:6|98116937:6|98117237:6|98117437:6|98117537:6|98118137:6|98118237:6|98118437:6|98118537:6|98118637:6|98119437:6|98119537:6|98119637:6
2021-02-21 14:21:01,603:INFO:98116137:6|98116437:6|98116537:6|98116937:6
2021-02-21 14:32:58,409:INFO:------------------------------------------------------------------------------------------------
2021-02-21 14:39:13,134:INFO:------------------------------------------------------------------------------------------------
2021-02-21 14:41:49,037:INFO:------------------------------------------------------------------------------------------------
2021-02-21 14:42:07,622:INFO:------------------------------------------------------------------------------------------------
2021-02-21 14:47:02,220:INFO:ДУГААРАА СОНГОЖ БУЙ ХЭСЭГ
2021-02-21 14:47:02,220:INFO:2
2021-02-21 14:47:17,180:INFO:83139301:6
2021-02-21 14:56:04,338:INFO:------------------------------------------------------------------------------------------------
2021-02-21 14:56:46,482:INFO:------------------------------------------------------------------------------------------------
2021-02-21 14:56:46,626:INFO:------------------------------------------------------------------------------------------------
2021-02-21 15:00:08,649:INFO:------------------------------------------------------------------------------------------------
2021-02-21 15:08:32,591:INFO:------------------------------------------------------------------------------------------------
2021-02-21 15:08:33,567:INFO:ДУГААРАА СОНГОЖ БУЙ ХЭСЭГ
2021-02-21 15:08:33,567:INFO:7
2021-02-21 15:08:50,304:INFO:97080802:6
2021-02-21 15:08:51,171:INFO:ДУГААРЫН ҮНЭ
2021-02-21 15:08:51,174:INFO:10000
2021-02-21 15:14:14,787:INFO:ДУГААРАА СОНГОЖ БУЙ ХЭСЭГ
2021-02-21 15:14:14,787:INFO:7
2021-02-21 15:14:14,966:WARNING:Not Found: /favicon.ico
2021-02-21 15:14:14,991:WARNING:Not Found: /favicon.ico
2021-02-21 15:14:43,312:INFO:ДУГААРАА СОНГОЖ БУЙ ХЭСЭГ
2021-02-21 15:14:43,312:INFO:7
2021-02-21 15:14:50,501:INFO:ДУГААРАА СОНГОЖ БУЙ ХЭСЭГ
2021-02-21 15:14:50,502:INFO:7
2021-02-21 15:14:51,758:INFO:------------------------------------------------------------------------------------------------
2021-02-21 15:16:52,264:INFO:------------------------------------------------------------------------------------------------
2021-02-21 15:32:58,562:INFO:------------------------------------------------------------------------------------------------
2021-02-21 15:41:49,113:INFO:------------------------------------------------------------------------------------------------
2021-02-21 15:56:04,478:INFO:------------------------------------------------------------------------------------------------
2021-02-21 15:56:40,576:INFO:-1
2021-02-21 15:56:42,834:INFO:-1
2021-02-21 15:56:46,616:INFO:------------------------------------------------------------------------------------------------
2021-02-21 15:56:46,819:INFO:------------------------------------------------------------------------------------------------
2021-02-21 15:56:52,422:INFO:-1
2021-02-21 15:56:55,507:INFO:93071222:6
2021-02-21 16:00:08,750:INFO:------------------------------------------------------------------------------------------------
2021-02-21 16:16:52,376:INFO:------------------------------------------------------------------------------------------------
2021-02-21 16:32:58,680:INFO:------------------------------------------------------------------------------------------------
2021-02-21 16:34:20,265:INFO:ДУГААРАА СОНГОЖ БУЙ ХЭСЭГ
2021-02-21 16:34:20,266:INFO:7
2021-02-21 16:34:32,389:INFO:98110287:6|98110421:6|98110473:6|98110563:6|98110823:6|98110926:6|98111327:6|98111476:6|98111541:6|98111547:6|98111973:6|98112145:6|98112394:6|98112405:6|98112537:6|98112561:6|98112583:6|98112645:6|98112690:6|98112714:6|98112742:6|98112763:6|98112785:6|98112793:6|98112795:6|98112853:6|98112865:6|98112876:6|98112936:6|98112938:6|98112975:6|98112985:6|98113056:6|98113128:6|98113147:6|98113174:6|98113204:6|98113258:6|98113265:6|98113271:6|98113417:6|98113420:6|98113421:6|98113460:6|98113473:6|98113491:6|98113492:6|98113497:6|98113506:6|98113510:6|98113513:6|98113527:6|98113541:6|98113542:6|98113564:6|98113573:6|98113587:6|98113593:6|98113613:6|98113617:6|98113624:6|98113682:6|98113695:6|98113706:6|98113712:6|98113750:6|98113756:6|98113759:6|98113802:6|98113814:6|98113824:6|98113850:6|98113863:6|98113872:6|98113905:6|98113912:6|98113913:6|98113915:6|98113918:6|98113920:6|98113924:6|98113926:6|98113943:6|98113946:6|98113951:6|98113954:6|98113964:6|98113976:6|98113981:6|98113986:6|98114053:6|98114127:6|98114128:6|98114150:6|98114210:6|98114264:6|98114269:6|98114291:6|98114306:6|98114307:6|98114317:6|98114328:6|98114359:6|98114365:6|98114374:6|98114385:6|98114396:6|98114397:6|98114517:6|98114537:6|98114573:6|98114587:6|98114594:6|98114612:6|98114630:6|98114631:6|98114672:6|98114730:6|98114732:6|98114735:6|98114738:6|98114752:6|98114762:6|98114765:6|98114793:6|98114805:6|98114825:6|98114835:6|98114902:6|98114916:6|98114917:6|98114923:6
2021-02-21 16:35:57,230:INFO:98110287:6|98110421:6|98110473:6|98110563:6|98110823:6|98110926:6|98111327:6|98111476:6|98111541:6|98111547:6|98111973:6|98112145:6|98112394:6|98112405:6|98112537:6|98112561:6|98112583:6|98112645:6|98112690:6|98112714:6|98112742:6|98112763:6|98112785:6|98112793:6|98112795:6|98112853:6|98112865:6|98112876:6|98112936:6|98112938:6|98112975:6|98112985:6|98113056:6|98113128:6|98113147:6|98113174:6|98113204:6|98113258:6|98113265:6|98113271:6|98113417:6|98113420:6|98113421:6|98113460:6|98113473:6|98113491:6|98113492:6|98113497:6|98113506:6|98113510:6|98113513:6|98113527:6|98113541:6|98113542:6|98113564:6|98113573:6|98113587:6|98113593:6|98113613:6|98113617:6|98113624:6|98113682:6|98113695:6|98113706:6|98113712:6|98113750:6|98113756:6|98113759:6|98113802:6|98113814:6|98113824:6|98113850:6|98113863:6|98113872:6|98113905:6|98113912:6|98113913:6|98113915:6|98113918:6|98113920:6|98113924:6|98113926:6|98113943:6|98113946:6|98113951:6|98113954:6|98113964:6|98113976:6|98113981:6|98113986:6|98114053:6|98114127:6|98114128:6|98114150:6|98114210:6|98114264:6|98114269:6|98114291:6|98114306:6|98114307:6|98114317:6|98114328:6|98114359:6|98114365:6|98114374:6|98114385:6|98114396:6|98114397:6|98114517:6|98114537:6|98114573:6|98114587:6|98114594:6|98114612:6|98114630:6|98114631:6|98114672:6|98114730:6|98114732:6|98114735:6|98114738:6|98114752:6|98114762:6|98114765:6|98114793:6|98114805:6|98114825:6|98114835:6|98114902:6|98114916:6|98114917:6|98114923:6
2021-02-21 16:35:57,589:INFO:98110287:6|98110421:6|98110473:6|98110563:6|98110823:6|98110926:6|98111327:6|98111476:6|98111541:6|98111547:6|98111973:6|98112145:6|98112394:6|98112405:6|98112537:6|98112561:6|98112583:6|98112645:6|98112690:6|98112714:6|98112742:6|98112763:6|98112785:6|98112793:6|98112795:6|98112853:6|98112865:6|98112876:6|98112936:6|98112938:6|98112975:6|98112985:6|98113056:6|98113128:6|98113147:6|98113174:6|98113204:6|98113258:6|98113265:6|98113271:6|98113417:6|98113420:6|98113421:6|98113460:6|98113473:6|98113491:6|98113492:6|98113497:6|98113506:6|98113510:6|98113513:6|98113527:6|98113541:6|98113542:6|98113564:6|98113573:6|98113587:6|98113593:6|98113613:6|98113617:6|98113624:6|98113682:6|98113695:6|98113706:6|98113712:6|98113750:6|98113756:6|98113759:6|98113802:6|98113814:6|98113824:6|98113850:6|98113863:6|98113872:6|98113905:6|98113912:6|98113913:6|98113915:6|98113918:6|98113920:6|98113924:6|98113926:6|98113943:6|98113946:6|98113951:6|98113954:6|98113964:6|98113976:6|98113981:6|98113986:6|98114053:6|98114127:6|98114128:6|98114150:6|98114210:6|98114264:6|98114269:6|98114291:6|98114306:6|98114307:6|98114317:6|98114328:6|98114359:6|98114365:6|98114374:6|98114385:6|98114396:6|98114397:6|98114517:6|98114537:6|98114573:6|98114587:6|98114594:6|98114612:6|98114630:6|98114631:6|98114672:6|98114730:6|98114732:6|98114735:6|98114738:6|98114752:6|98114762:6|98114765:6|98114793:6|98114805:6|98114825:6|98114835:6|98114902:6|98114916:6|98114917:6|98114923:6
2021-02-21 16:36:22,442:INFO:98110287:6|98110421:6|98110473:6|98110563:6|98110823:6|98110926:6|98111327:6|98111476:6|98111541:6|98111547:6|98111973:6|98112145:6|98112394:6|98112405:6|98112537:6|98112561:6|98112583:6|98112645:6|98112690:6|98112714:6|98112742:6|98112763:6|98112785:6|98112793:6|98112795:6|98112853:6|98112865:6|98112876:6|98112936:6|98112938:6|98112975:6|98112985:6|98113056:6|98113128:6|98113147:6|98113174:6|98113204:6|98113258:6|98113265:6|98113271:6|98113417:6|98113420:6|98113421:6|98113460:6|98113473:6|98113491:6|98113492:6|98113497:6|98113506:6|98113510:6|98113513:6|98113527:6|98113541:6|98113542:6|98113564:6|98113573:6|98113587:6|98113593:6|98113613:6|98113617:6|98113624:6|98113682:6|98113695:6|98113706:6|98113712:6|98113750:6|98113756:6|98113759:6|98113802:6|98113814:6|98113824:6|98113850:6|98113863:6|98113872:6|98113905:6|98113912:6|98113913:6|98113915:6|98113918:6|98113920:6|98113924:6|98113926:6|98113943:6|98113946:6|98113951:6|98113954:6|98113964:6|98113976:6|98113981:6|98113986:6|98114053:6|98114127:6|98114128:6|98114150:6|98114210:6|98114264:6|98114269:6|98114291:6|98114306:6|98114307:6|98114317:6|98114328:6|98114359:6|98114365:6|98114374:6|98114385:6|98114396:6|98114397:6|98114517:6|98114537:6|98114573:6|98114587:6|98114594:6|98114612:6|98114630:6|98114631:6|98114672:6|98114730:6|98114732:6|98114735:6|98114738:6|98114752:6|98114762:6|98114765:6|98114793:6|98114805:6|98114825:6|98114835:6|98114902:6|98114916:6|98114917:6|98114923:6
2021-02-21 16:36:34,334:INFO:98110287:6|98110421:6|98110473:6|98110563:6|98110823:6|98110926:6|98111327:6|98111476:6|98111541:6|98111547:6|98111973:6|98112145:6|98112394:6|98112405:6|98112537:6|98112561:6|98112583:6|98112645:6|98112690:6|98112714:6|98112742:6|98112763:6|98112785:6|98112793:6|98112795:6|98112853:6|98112865:6|98112876:6|98112936:6|98112938:6|98112975:6|98112985:6|98113056:6|98113128:6|98113147:6|98113174:6|98113204:6|98113258:6|98113265:6|98113271:6|98113417:6|98113420:6|98113421:6|98113460:6|98113473:6|98113491:6|98113492:6|98113497:6|98113506:6|98113510:6|98113513:6|98113527:6|98113541:6|98113542:6|98113564:6|98113573:6|98113587:6|98113593:6|98113613:6|98113617:6|98113624:6|98113682:6|98113695:6|98113706:6|98113712:6|98113750:6|98113756:6|98113759:6|98113802:6|98113814:6|98113824:6|98113850:6|98113863:6|98113872:6|98113905:6|98113912:6|98113913:6|98113915:6|98113918:6|98113920:6|98113924:6|98113926:6|98113943:6|98113946:6|98113951:6|98113954:6|98113964:6|98113976:6|98113981:6|98113986:6|98114053:6|98114127:6|98114128:6|98114150:6|98114210:6|98114264:6|98114269:6|98114291:6|98114306:6|98114307:6|98114317:6|98114328:6|98114359:6|98114365:6|98114374:6|98114385:6|98114396:6|98114397:6|98114517:6|98114537:6|98114573:6|98114587:6|98114594:6|98114612:6|98114630:6|98114631:6|98114672:6|98114730:6|98114732:6|98114735:6|98114738:6|98114752:6|98114762:6|98114765:6|98114793:6|98114805:6|98114825:6|98114835:6|98114902:6|98114916:6|98114917:6|98114923:6
2021-02-21 16:37:03,020:INFO:98110287:6|98110421:6|98110473:6|98110563:6|98110823:6|98110926:6|98111327:6|98111476:6|98111541:6|98111547:6|98111973:6|98112145:6|98112394:6|98112405:6|98112537:6|98112561:6|98112583:6|98112645:6|98112690:6|98112714:6|98112742:6|98112763:6|98112785:6|98112793:6|98112795:6|98112853:6|98112865:6|98112876:6|98112936:6|98112938:6|98112975:6|98112985:6|98113056:6|98113128:6|98113147:6|98113174:6|98113204:6|98113258:6|98113265:6|98113271:6|98113417:6|98113420:6|98113421:6|98113460:6|98113473:6|98113491:6|98113492:6|98113497:6|98113506:6|98113510:6|98113513:6|98113527:6|98113541:6|98113542:6|98113564:6|98113573:6|98113587:6|98113593:6|98113613:6|98113617:6|98113624:6|98113682:6|98113695:6|98113706:6|98113712:6|98113750:6|98113756:6|98113759:6|98113802:6|98113814:6|98113824:6|98113850:6|98113863:6|98113872:6|98113905:6|98113912:6|98113913:6|98113915:6|98113918:6|98113920:6|98113924:6|98113926:6|98113943:6|98113946:6|98113951:6|98113954:6|98113964:6|98113976:6|98113981:6|98113986:6|98114053:6|98114127:6|98114128:6|98114150:6|98114210:6|98114264:6|98114269:6|98114291:6|98114306:6|98114307:6|98114317:6|98114328:6|98114359:6|98114365:6|98114374:6|98114385:6|98114396:6|98114397:6|98114517:6|98114537:6|98114573:6|98114587:6|98114594:6|98114612:6|98114630:6|98114631:6|98114672:6|98114730:6|98114732:6|98114735:6|98114738:6|98114752:6|98114762:6|98114765:6|98114793:6|98114805:6|98114825:6|98114835:6|98114902:6|98114916:6|98114917:6|98114923:6
2021-02-21 16:37:23,314:INFO:98110287:6|98110421:6|98110473:6|98110563:6|98110823:6|98110926:6|98111327:6|98111476:6|98111541:6|98111547:6|98111973:6|98112145:6|98112394:6|98112405:6|98112537:6|98112561:6|98112583:6|98112645:6|98112690:6|98112714:6|98112742:6|98112763:6|98112785:6|98112793:6|98112795:6|98112853:6|98112865:6|98112876:6|98112936:6|98112938:6|98112975:6|98112985:6|98113056:6|98113128:6|98113147:6|98113174:6|98113204:6|98113258:6|98113265:6|98113271:6|98113417:6|98113420:6|98113421:6|98113460:6|98113473:6|98113491:6|98113492:6|98113497:6|98113506:6|98113510:6|98113513:6|98113527:6|98113541:6|98113542:6|98113564:6|98113573:6|98113587:6|98113593:6|98113613:6|98113617:6|98113624:6|98113682:6|98113695:6|98113706:6|98113712:6|98113750:6|98113756:6|98113759:6|98113802:6|98113814:6|98113824:6|98113850:6|98113863:6|98113872:6|98113905:6|98113912:6|98113913:6|98113915:6|98113918:6|98113920:6|98113924:6|98113926:6|98113943:6|98113946:6|98113951:6|98113954:6|98113964:6|98113976:6|98113981:6|98113986:6|98114053:6|98114127:6|98114128:6|98114150:6|98114210:6|98114264:6|98114269:6|98114291:6|98114306:6|98114307:6|98114317:6|98114328:6|98114359:6|98114365:6|98114374:6|98114385:6|98114396:6|98114397:6|98114517:6|98114537:6|98114573:6|98114587:6|98114594:6|98114612:6|98114630:6|98114631:6|98114672:6|98114730:6|98114732:6|98114735:6|98114738:6|98114752:6|98114762:6|98114765:6|98114793:6|98114805:6|98114825:6|98114835:6|98114902:6|98114916:6|98114917:6|98114923:6
2021-02-21 16:41:49,194:INFO:------------------------------------------------------------------------------------------------
2021-02-21 16:56:04,603:INFO:------------------------------------------------------------------------------------------------
2021-02-21 16:56:46,721:INFO:------------------------------------------------------------------------------------------------
2021-02-21 16:56:46,995:INFO:------------------------------------------------------------------------------------------------
2021-02-21 17:00:08,839:INFO:------------------------------------------------------------------------------------------------
2021-02-21 17:16:52,479:INFO:------------------------------------------------------------------------------------------------
2021-02-21 17:41:49,268:INFO:------------------------------------------------------------------------------------------------
2021-02-21 17:51:16,672:INFO:------------------------------------------------------------------------------------------------
2021-02-21 17:56:46,838:INFO:------------------------------------------------------------------------------------------------
2021-02-21 17:56:47,117:INFO:------------------------------------------------------------------------------------------------
