2020-01-28 08:59:15,792:INFO:----------------------------------------------------------------------------------------------------
2020-01-28 09:49:47,998:WARNING:Not Found: /
2020-01-28 11:12:38,583:WARNING:Not Found: /
2020-01-28 11:12:38,888:WARNING:Not Found: /HNAP1/
2020-01-28 11:26:06,720:INFO:----------------------------------------------------------------------------------------------------
2020-01-28 11:26:10,099:INFO:ДУГААРАА СОНГОЖ БУЙ ХЭСЭГ
2020-01-28 11:26:10,099:INFO:2
2020-01-28 11:26:10,107:INFO:114
2020-01-28 11:26:10,107:INFO:['8312', '8313', '8314', '8315', '8316', '8317', '8318', '8319', '9312', '9313', '9314', '9315', '9316', '9317', '9318', '9319', '9320', '9321', '9322', '9323', '9324', '9325', '9326', '9327', '9328', '9329', '9330', '9331', '9332', '9333', '9334', '9335', '9336', '9337', '9338', '9339', '9340', '9341', '9342', '9343', '9344', '9345', '9346', '9347', '9712', '9713', '9714', '9715', '9716', '9717', '9718', '9719', '9812', '9813', '9814', '9815', '9816', '9817', '9818', '9819', '9820', '9821', '9822', '9823', '9824', '9825', '9826', '9827', '9828', '9829', '9830', '9831', '9832', '9833', '9837', '9838', '9842', '9843', '9845', '9846', '9847', '9848', '9851', '9856', '9859', '9860', '9861', '9862', '9863', '9864', '9865', '9866', '9867', '9870', '9880', '9881', '9882', '9883', '9884', '9885', '9886', '9887', '9888', '9889', '9890', '9891', '9892', '9893', '9894', '9895', '9896', '9897', '9898', '9899']
2020-01-28 11:27:28,359:INFO:98102289:6|98132289:6|98142289:6|98152289:6|98162289:6|98182289:6
2020-01-28 12:27:34,287:INFO:----------------------------------------------------------------------------------------------------
2020-01-28 12:27:38,367:INFO:ДУГААРАА СОНГОЖ БУЙ ХЭСЭГ
2020-01-28 12:27:38,368:INFO:2
2020-01-28 12:27:38,377:INFO:114
2020-01-28 12:27:38,377:INFO:['8312', '8313', '8314', '8315', '8316', '8317', '8318', '8319', '9312', '9313', '9314', '9315', '9316', '9317', '9318', '9319', '9320', '9321', '9322', '9323', '9324', '9325', '9326', '9327', '9328', '9329', '9330', '9331', '9332', '9333', '9334', '9335', '9336', '9337', '9338', '9339', '9340', '9341', '9342', '9343', '9344', '9345', '9346', '9347', '9712', '9713', '9714', '9715', '9716', '9717', '9718', '9719', '9812', '9813', '9814', '9815', '9816', '9817', '9818', '9819', '9820', '9821', '9822', '9823', '9824', '9825', '9826', '9827', '9828', '9829', '9830', '9831', '9832', '9833', '9837', '9838', '9842', '9843', '9845', '9846', '9847', '9848', '9851', '9856', '9859', '9860', '9861', '9862', '9863', '9864', '9865', '9866', '9867', '9870', '9880', '9881', '9882', '9883', '9884', '9885', '9886', '9887', '9888', '9889', '9890', '9891', '9892', '9893', '9894', '9895', '9896', '9897', '9898', '9899']
2020-01-28 12:27:59,039:INFO:98105659:6|98175659:6
2020-01-28 12:28:27,138:INFO:-1
2020-01-28 12:28:29,093:INFO:98109489:6|98139489:6|98149489:6|98159489:6|98169489:6|98199489:6
2020-01-28 12:29:01,724:INFO:РЕГИСТЕРИЙН ДУГААР
2020-01-28 12:29:08,885:INFO:ДУГААРЫН ZAHIALGA
2020-01-28 12:29:08,893:INFO:Success
2020-01-28 12:29:12,705:INFO:----------------------------------------------------------------------------------------------------
2020-01-28 12:29:14,434:INFO:ДУГААРАА СОНГОЖ БУЙ ХЭСЭГ
2020-01-28 12:29:14,434:INFO:2
2020-01-28 12:29:14,444:INFO:114
2020-01-28 12:29:14,444:INFO:['8312', '8313', '8314', '8315', '8316', '8317', '8318', '8319', '9312', '9313', '9314', '9315', '9316', '9317', '9318', '9319', '9320', '9321', '9322', '9323', '9324', '9325', '9326', '9327', '9328', '9329', '9330', '9331', '9332', '9333', '9334', '9335', '9336', '9337', '9338', '9339', '9340', '9341', '9342', '9343', '9344', '9345', '9346', '9347', '9712', '9713', '9714', '9715', '9716', '9717', '9718', '9719', '9812', '9813', '9814', '9815', '9816', '9817', '9818', '9819', '9820', '9821', '9822', '9823', '9824', '9825', '9826', '9827', '9828', '9829', '9830', '9831', '9832', '9833', '9837', '9838', '9842', '9843', '9845', '9846', '9847', '9848', '9851', '9856', '9859', '9860', '9861', '9862', '9863', '9864', '9865', '9866', '9867', '9870', '9880', '9881', '9882', '9883', '9884', '9885', '9886', '9887', '9888', '9889', '9890', '9891', '9892', '9893', '9894', '9895', '9896', '9897', '9898', '9899']
2020-01-28 12:29:31,530:INFO:-1
2020-01-28 12:29:58,981:INFO:-1
2020-01-28 12:30:03,212:INFO:-1
2020-01-28 12:30:04,617:INFO:-1
2020-01-28 12:30:06,456:INFO:-1
2020-01-28 12:30:10,532:INFO:-1
2020-01-28 12:30:19,781:INFO:93100911:6
2020-01-28 12:30:23,583:INFO:93100911:6
2020-01-28 12:30:24,843:INFO:93100911:6
2020-01-28 12:30:26,746:INFO:93100911:6
2020-01-28 12:30:33,360:INFO:93100911:6
2020-01-28 12:30:35,174:INFO:93100911:6
2020-01-28 12:30:44,125:INFO:ДУГААРАА СОНГОЖ БУЙ ХЭСЭГ
2020-01-28 12:30:44,125:INFO:2
2020-01-28 12:30:44,132:INFO:114
2020-01-28 12:30:44,132:INFO:['8312', '8313', '8314', '8315', '8316', '8317', '8318', '8319', '9312', '9313', '9314', '9315', '9316', '9317', '9318', '9319', '9320', '9321', '9322', '9323', '9324', '9325', '9326', '9327', '9328', '9329', '9330', '9331', '9332', '9333', '9334', '9335', '9336', '9337', '9338', '9339', '9340', '9341', '9342', '9343', '9344', '9345', '9346', '9347', '9712', '9713', '9714', '9715', '9716', '9717', '9718', '9719', '9812', '9813', '9814', '9815', '9816', '9817', '9818', '9819', '9820', '9821', '9822', '9823', '9824', '9825', '9826', '9827', '9828', '9829', '9830', '9831', '9832', '9833', '9837', '9838', '9842', '9843', '9845', '9846', '9847', '9848', '9851', '9856', '9859', '9860', '9861', '9862', '9863', '9864', '9865', '9866', '9867', '9870', '9880', '9881', '9882', '9883', '9884', '9885', '9886', '9887', '9888', '9889', '9890', '9891', '9892', '9893', '9894', '9895', '9896', '9897', '9898', '9899']
2020-01-28 12:31:00,984:INFO:-1
2020-01-28 12:31:08,244:INFO:97108909:6|97118909:6|97138909:6|97148909:6|97158909:6|97168909:6
2020-01-28 12:31:41,361:INFO:РЕГИСТЕРИЙН ДУГААР
2020-01-28 12:31:45,640:INFO:ДУГААРЫН ZAHIALGA
2020-01-28 12:31:45,650:INFO:Success
2020-01-28 12:31:47,300:INFO:----------------------------------------------------------------------------------------------------
2020-01-28 12:32:48,228:INFO:ДУГААРАА СОНГОЖ БУЙ ХЭСЭГ
2020-01-28 12:32:48,228:INFO:2
2020-01-28 12:32:48,234:INFO:114
2020-01-28 12:32:48,235:INFO:['8312', '8313', '8314', '8315', '8316', '8317', '8318', '8319', '9312', '9313', '9314', '9315', '9316', '9317', '9318', '9319', '9320', '9321', '9322', '9323', '9324', '9325', '9326', '9327', '9328', '9329', '9330', '9331', '9332', '9333', '9334', '9335', '9336', '9337', '9338', '9339', '9340', '9341', '9342', '9343', '9344', '9345', '9346', '9347', '9712', '9713', '9714', '9715', '9716', '9717', '9718', '9719', '9812', '9813', '9814', '9815', '9816', '9817', '9818', '9819', '9820', '9821', '9822', '9823', '9824', '9825', '9826', '9827', '9828', '9829', '9830', '9831', '9832', '9833', '9837', '9838', '9842', '9843', '9845', '9846', '9847', '9848', '9851', '9856', '9859', '9860', '9861', '9862', '9863', '9864', '9865', '9866', '9867', '9870', '9880', '9881', '9882', '9883', '9884', '9885', '9886', '9887', '9888', '9889', '9890', '9891', '9892', '9893', '9894', '9895', '9896', '9897', '9898', '9899']
2020-01-28 12:33:04,106:INFO:98106136:6|98116136:6|98126136:6|98156136:6|98176136:6|98186136:6|98196136:6
2020-01-28 12:33:45,087:INFO:РЕГИСТЕРИЙН ДУГААР
2020-01-28 12:33:49,617:INFO:ДУГААРЫН ZAHIALGA
2020-01-28 12:33:49,628:INFO:Success
2020-01-28 12:33:51,257:INFO:----------------------------------------------------------------------------------------------------
2020-01-28 12:42:18,885:INFO:ДУГААРАА СОНГОЖ БУЙ ХЭСЭГ
2020-01-28 12:42:18,885:INFO:2
2020-01-28 12:42:18,892:INFO:114
2020-01-28 12:42:18,893:INFO:['8312', '8313', '8314', '8315', '8316', '8317', '8318', '8319', '9312', '9313', '9314', '9315', '9316', '9317', '9318', '9319', '9320', '9321', '9322', '9323', '9324', '9325', '9326', '9327', '9328', '9329', '9330', '9331', '9332', '9333', '9334', '9335', '9336', '9337', '9338', '9339', '9340', '9341', '9342', '9343', '9344', '9345', '9346', '9347', '9712', '9713', '9714', '9715', '9716', '9717', '9718', '9719', '9812', '9813', '9814', '9815', '9816', '9817', '9818', '9819', '9820', '9821', '9822', '9823', '9824', '9825', '9826', '9827', '9828', '9829', '9830', '9831', '9832', '9833', '9837', '9838', '9842', '9843', '9845', '9846', '9847', '9848', '9851', '9856', '9859', '9860', '9861', '9862', '9863', '9864', '9865', '9866', '9867', '9870', '9880', '9881', '9882', '9883', '9884', '9885', '9886', '9887', '9888', '9889', '9890', '9891', '9892', '9893', '9894', '9895', '9896', '9897', '9898', '9899']
2020-01-28 12:42:43,292:INFO:98147789:6|98167789:6
2020-01-28 12:43:18,206:INFO:98109586:6|98119586:6|98139586:6|98149586:6|98169586:6|98179586:6|98189586:6|98199586:6
2020-01-28 12:44:04,650:INFO:РЕГИСТЕРИЙН ДУГААР
2020-01-28 12:44:09,023:INFO:ДУГААРЫН ZAHIALGA
2020-01-28 12:44:09,033:INFO:Success
2020-01-28 12:44:10,802:INFO:----------------------------------------------------------------------------------------------------
2020-01-28 12:44:59,367:INFO:ДУГААРАА СОНГОЖ БУЙ ХЭСЭГ
2020-01-28 12:44:59,367:INFO:2
2020-01-28 12:44:59,374:INFO:114
2020-01-28 12:44:59,374:INFO:['8312', '8313', '8314', '8315', '8316', '8317', '8318', '8319', '9312', '9313', '9314', '9315', '9316', '9317', '9318', '9319', '9320', '9321', '9322', '9323', '9324', '9325', '9326', '9327', '9328', '9329', '9330', '9331', '9332', '9333', '9334', '9335', '9336', '9337', '9338', '9339', '9340', '9341', '9342', '9343', '9344', '9345', '9346', '9347', '9712', '9713', '9714', '9715', '9716', '9717', '9718', '9719', '9812', '9813', '9814', '9815', '9816', '9817', '9818', '9819', '9820', '9821', '9822', '9823', '9824', '9825', '9826', '9827', '9828', '9829', '9830', '9831', '9832', '9833', '9837', '9838', '9842', '9843', '9845', '9846', '9847', '9848', '9851', '9856', '9859', '9860', '9861', '9862', '9863', '9864', '9865', '9866', '9867', '9870', '9880', '9881', '9882', '9883', '9884', '9885', '9886', '9887', '9888', '9889', '9890', '9891', '9892', '9893', '9894', '9895', '9896', '9897', '9898', '9899']
2020-01-28 12:45:20,016:INFO:98100413:6
2020-01-28 12:45:38,486:INFO:-1
2020-01-28 12:45:44,790:INFO:-1
2020-01-28 12:45:47,468:INFO:-1
2020-01-28 12:46:05,188:INFO:98170144:6
2020-01-28 12:46:24,087:INFO:РЕГИСТЕРИЙН ДУГААР
2020-01-28 12:46:28,626:INFO:ДУГААРЫН ZAHIALGA
2020-01-28 12:46:28,633:INFO:Success
2020-01-28 12:46:30,215:INFO:----------------------------------------------------------------------------------------------------
2020-01-28 12:46:30,796:INFO:----------------------------------------------------------------------------------------------------
2020-01-28 12:51:59,023:INFO:ДУГААРАА СОНГОЖ БУЙ ХЭСЭГ
2020-01-28 12:51:59,023:INFO:2
2020-01-28 12:51:59,030:INFO:114
2020-01-28 12:51:59,030:INFO:['8312', '8313', '8314', '8315', '8316', '8317', '8318', '8319', '9312', '9313', '9314', '9315', '9316', '9317', '9318', '9319', '9320', '9321', '9322', '9323', '9324', '9325', '9326', '9327', '9328', '9329', '9330', '9331', '9332', '9333', '9334', '9335', '9336', '9337', '9338', '9339', '9340', '9341', '9342', '9343', '9344', '9345', '9346', '9347', '9712', '9713', '9714', '9715', '9716', '9717', '9718', '9719', '9812', '9813', '9814', '9815', '9816', '9817', '9818', '9819', '9820', '9821', '9822', '9823', '9824', '9825', '9826', '9827', '9828', '9829', '9830', '9831', '9832', '9833', '9837', '9838', '9842', '9843', '9845', '9846', '9847', '9848', '9851', '9856', '9859', '9860', '9861', '9862', '9863', '9864', '9865', '9866', '9867', '9870', '9880', '9881', '9882', '9883', '9884', '9885', '9886', '9887', '9888', '9889', '9890', '9891', '9892', '9893', '9894', '9895', '9896', '9897', '9898', '9899']
2020-01-28 12:52:16,139:INFO:-1
2020-01-28 12:52:23,769:INFO:-1
2020-01-28 12:52:31,345:INFO:-1
2020-01-28 12:52:34,941:INFO:-1
2020-01-28 12:52:38,743:INFO:-1
2020-01-28 12:52:43,841:INFO:83141101:6|83161101:6
2020-01-28 12:53:03,206:INFO:РЕГИСТЕРИЙН ДУГААР
2020-01-28 12:53:11,105:INFO:ДУГААРЫН ZAHIALGA
2020-01-28 12:53:11,116:INFO:Success
2020-01-28 12:53:12,731:INFO:----------------------------------------------------------------------------------------------------
2020-01-28 12:53:14,872:INFO:ДУГААРАА СОНГОЖ БУЙ ХЭСЭГ
2020-01-28 12:53:14,872:INFO:2
2020-01-28 12:53:14,878:INFO:114
2020-01-28 12:53:14,878:INFO:['8312', '8313', '8314', '8315', '8316', '8317', '8318', '8319', '9312', '9313', '9314', '9315', '9316', '9317', '9318', '9319', '9320', '9321', '9322', '9323', '9324', '9325', '9326', '9327', '9328', '9329', '9330', '9331', '9332', '9333', '9334', '9335', '9336', '9337', '9338', '9339', '9340', '9341', '9342', '9343', '9344', '9345', '9346', '9347', '9712', '9713', '9714', '9715', '9716', '9717', '9718', '9719', '9812', '9813', '9814', '9815', '9816', '9817', '9818', '9819', '9820', '9821', '9822', '9823', '9824', '9825', '9826', '9827', '9828', '9829', '9830', '9831', '9832', '9833', '9837', '9838', '9842', '9843', '9845', '9846', '9847', '9848', '9851', '9856', '9859', '9860', '9861', '9862', '9863', '9864', '9865', '9866', '9867', '9870', '9880', '9881', '9882', '9883', '9884', '9885', '9886', '9887', '9888', '9889', '9890', '9891', '9892', '9893', '9894', '9895', '9896', '9897', '9898', '9899']
2020-01-28 12:53:32,175:INFO:98131077:6|98141077:6
2020-01-28 12:54:09,236:INFO:97121077:6|97131077:6|97141077:6|97151077:6|97161077:6|97181077:6
2020-01-28 12:54:37,704:INFO:РЕГИСТЕРИЙН ДУГААР
2020-01-28 12:54:43,575:INFO:ДУГААРЫН ZAHIALGA
2020-01-28 12:54:43,583:INFO:Success
2020-01-28 12:54:44,995:INFO:----------------------------------------------------------------------------------------------------
2020-01-28 12:55:47,289:INFO:ДУГААРАА СОНГОЖ БУЙ ХЭСЭГ
2020-01-28 12:55:47,289:INFO:2
2020-01-28 12:55:47,298:INFO:114
2020-01-28 12:55:47,298:INFO:['8312', '8313', '8314', '8315', '8316', '8317', '8318', '8319', '9312', '9313', '9314', '9315', '9316', '9317', '9318', '9319', '9320', '9321', '9322', '9323', '9324', '9325', '9326', '9327', '9328', '9329', '9330', '9331', '9332', '9333', '9334', '9335', '9336', '9337', '9338', '9339', '9340', '9341', '9342', '9343', '9344', '9345', '9346', '9347', '9712', '9713', '9714', '9715', '9716', '9717', '9718', '9719', '9812', '9813', '9814', '9815', '9816', '9817', '9818', '9819', '9820', '9821', '9822', '9823', '9824', '9825', '9826', '9827', '9828', '9829', '9830', '9831', '9832', '9833', '9837', '9838', '9842', '9843', '9845', '9846', '9847', '9848', '9851', '9856', '9859', '9860', '9861', '9862', '9863', '9864', '9865', '9866', '9867', '9870', '9880', '9881', '9882', '9883', '9884', '9885', '9886', '9887', '9888', '9889', '9890', '9891', '9892', '9893', '9894', '9895', '9896', '9897', '9898', '9899']
2020-01-28 12:56:02,298:INFO:-1
2020-01-28 12:56:07,822:INFO:97100701:6|97150701:6|97160701:6
2020-01-28 12:56:37,090:INFO:РЕГИСТЕРИЙН ДУГААР
2020-01-28 12:56:44,211:INFO:ДУГААРЫН ZAHIALGA
2020-01-28 12:56:44,229:INFO:Success
2020-01-28 12:56:46,121:INFO:----------------------------------------------------------------------------------------------------
2020-01-28 13:02:07,289:INFO:ДУГААРАА СОНГОЖ БУЙ ХЭСЭГ
2020-01-28 13:02:07,289:INFO:2
2020-01-28 13:02:07,297:INFO:114
2020-01-28 13:02:07,297:INFO:['8312', '8313', '8314', '8315', '8316', '8317', '8318', '8319', '9312', '9313', '9314', '9315', '9316', '9317', '9318', '9319', '9320', '9321', '9322', '9323', '9324', '9325', '9326', '9327', '9328', '9329', '9330', '9331', '9332', '9333', '9334', '9335', '9336', '9337', '9338', '9339', '9340', '9341', '9342', '9343', '9344', '9345', '9346', '9347', '9712', '9713', '9714', '9715', '9716', '9717', '9718', '9719', '9812', '9813', '9814', '9815', '9816', '9817', '9818', '9819', '9820', '9821', '9822', '9823', '9824', '9825', '9826', '9827', '9828', '9829', '9830', '9831', '9832', '9833', '9837', '9838', '9842', '9843', '9845', '9846', '9847', '9848', '9851', '9856', '9859', '9860', '9861', '9862', '9863', '9864', '9865', '9866', '9867', '9870', '9880', '9881', '9882', '9883', '9884', '9885', '9886', '9887', '9888', '9889', '9890', '9891', '9892', '9893', '9894', '9895', '9896', '9897', '9898', '9899']
2020-01-28 13:02:24,617:INFO:98104461:6|98134461:6|98154461:6|98174461:6|98194461:6
2020-01-28 13:02:54,904:INFO:РЕГИСТЕРИЙН ДУГААР
2020-01-28 13:02:59,543:INFO:ДУГААРЫН ZAHIALGA
2020-01-28 13:02:59,555:INFO:Success
2020-01-28 13:03:02,003:INFO:----------------------------------------------------------------------------------------------------
2020-01-28 13:29:35,241:INFO:ДУГААРАА СОНГОЖ БУЙ ХЭСЭГ
2020-01-28 13:29:35,241:INFO:2
2020-01-28 13:29:35,248:INFO:114
2020-01-28 13:29:35,249:INFO:['8312', '8313', '8314', '8315', '8316', '8317', '8318', '8319', '9312', '9313', '9314', '9315', '9316', '9317', '9318', '9319', '9320', '9321', '9322', '9323', '9324', '9325', '9326', '9327', '9328', '9329', '9330', '9331', '9332', '9333', '9334', '9335', '9336', '9337', '9338', '9339', '9340', '9341', '9342', '9343', '9344', '9345', '9346', '9347', '9712', '9713', '9714', '9715', '9716', '9717', '9718', '9719', '9812', '9813', '9814', '9815', '9816', '9817', '9818', '9819', '9820', '9821', '9822', '9823', '9824', '9825', '9826', '9827', '9828', '9829', '9830', '9831', '9832', '9833', '9837', '9838', '9842', '9843', '9845', '9846', '9847', '9848', '9851', '9856', '9859', '9860', '9861', '9862', '9863', '9864', '9865', '9866', '9867', '9870', '9880', '9881', '9882', '9883', '9884', '9885', '9886', '9887', '9888', '9889', '9890', '9891', '9892', '9893', '9894', '9895', '9896', '9897', '9898', '9899']
2020-01-28 13:29:56,243:INFO:98103441:6|98143441:6|98163441:6|98193441:6
2020-01-28 13:30:28,450:INFO:РЕГИСТЕРИЙН ДУГААР
2020-01-28 13:30:32,620:INFO:ДУГААРЫН ZAHIALGA
2020-01-28 13:30:32,628:INFO:Success
2020-01-28 13:30:34,239:INFO:----------------------------------------------------------------------------------------------------
2020-01-28 13:30:36,850:INFO:ДУГААРАА СОНГОЖ БУЙ ХЭСЭГ
2020-01-28 13:30:36,850:INFO:2
2020-01-28 13:30:36,856:INFO:114
2020-01-28 13:30:36,856:INFO:['8312', '8313', '8314', '8315', '8316', '8317', '8318', '8319', '9312', '9313', '9314', '9315', '9316', '9317', '9318', '9319', '9320', '9321', '9322', '9323', '9324', '9325', '9326', '9327', '9328', '9329', '9330', '9331', '9332', '9333', '9334', '9335', '9336', '9337', '9338', '9339', '9340', '9341', '9342', '9343', '9344', '9345', '9346', '9347', '9712', '9713', '9714', '9715', '9716', '9717', '9718', '9719', '9812', '9813', '9814', '9815', '9816', '9817', '9818', '9819', '9820', '9821', '9822', '9823', '9824', '9825', '9826', '9827', '9828', '9829', '9830', '9831', '9832', '9833', '9837', '9838', '9842', '9843', '9845', '9846', '9847', '9848', '9851', '9856', '9859', '9860', '9861', '9862', '9863', '9864', '9865', '9866', '9867', '9870', '9880', '9881', '9882', '9883', '9884', '9885', '9886', '9887', '9888', '9889', '9890', '9891', '9892', '9893', '9894', '9895', '9896', '9897', '9898', '9899']
2020-01-28 13:30:59,999:INFO:98104568:6|98124568:6|98134568:6
2020-01-28 13:31:19,496:INFO:РЕГИСТЕРИЙН ДУГААР
2020-01-28 13:31:23,243:INFO:ДУГААРЫН ZAHIALGA
2020-01-28 13:31:23,250:INFO:Success
2020-01-28 13:31:24,664:INFO:----------------------------------------------------------------------------------------------------
2020-01-28 13:31:28,854:INFO:ДУГААРАА СОНГОЖ БУЙ ХЭСЭГ
2020-01-28 13:31:28,854:INFO:2
2020-01-28 13:31:28,860:INFO:114
2020-01-28 13:31:28,861:INFO:['8312', '8313', '8314', '8315', '8316', '8317', '8318', '8319', '9312', '9313', '9314', '9315', '9316', '9317', '9318', '9319', '9320', '9321', '9322', '9323', '9324', '9325', '9326', '9327', '9328', '9329', '9330', '9331', '9332', '9333', '9334', '9335', '9336', '9337', '9338', '9339', '9340', '9341', '9342', '9343', '9344', '9345', '9346', '9347', '9712', '9713', '9714', '9715', '9716', '9717', '9718', '9719', '9812', '9813', '9814', '9815', '9816', '9817', '9818', '9819', '9820', '9821', '9822', '9823', '9824', '9825', '9826', '9827', '9828', '9829', '9830', '9831', '9832', '9833', '9837', '9838', '9842', '9843', '9845', '9846', '9847', '9848', '9851', '9856', '9859', '9860', '9861', '9862', '9863', '9864', '9865', '9866', '9867', '9870', '9880', '9881', '9882', '9883', '9884', '9885', '9886', '9887', '9888', '9889', '9890', '9891', '9892', '9893', '9894', '9895', '9896', '9897', '9898', '9899']
2020-01-28 13:31:43,556:INFO:98134047:6|98164047:6|98184047:6|98194047:6
2020-01-28 13:32:46,540:INFO:РЕГИСТЕРИЙН ДУГААР
2020-01-28 13:32:50,791:INFO:ДУГААРЫН ZAHIALGA
2020-01-28 13:32:50,800:INFO:Success
2020-01-28 13:32:54,231:INFO:----------------------------------------------------------------------------------------------------
2020-01-28 13:32:55,861:INFO:ДУГААРАА СОНГОЖ БУЙ ХЭСЭГ
2020-01-28 13:32:55,861:INFO:2
2020-01-28 13:32:55,867:INFO:114
2020-01-28 13:32:55,867:INFO:['8312', '8313', '8314', '8315', '8316', '8317', '8318', '8319', '9312', '9313', '9314', '9315', '9316', '9317', '9318', '9319', '9320', '9321', '9322', '9323', '9324', '9325', '9326', '9327', '9328', '9329', '9330', '9331', '9332', '9333', '9334', '9335', '9336', '9337', '9338', '9339', '9340', '9341', '9342', '9343', '9344', '9345', '9346', '9347', '9712', '9713', '9714', '9715', '9716', '9717', '9718', '9719', '9812', '9813', '9814', '9815', '9816', '9817', '9818', '9819', '9820', '9821', '9822', '9823', '9824', '9825', '9826', '9827', '9828', '9829', '9830', '9831', '9832', '9833', '9837', '9838', '9842', '9843', '9845', '9846', '9847', '9848', '9851', '9856', '9859', '9860', '9861', '9862', '9863', '9864', '9865', '9866', '9867', '9870', '9880', '9881', '9882', '9883', '9884', '9885', '9886', '9887', '9888', '9889', '9890', '9891', '9892', '9893', '9894', '9895', '9896', '9897', '9898', '9899']
2020-01-28 13:33:08,737:INFO:98171270:6|98191270:6
2020-01-28 13:33:26,052:INFO:РЕГИСТЕРИЙН ДУГААР
2020-01-28 13:33:30,091:INFO:ДУГААРЫН ZAHIALGA
2020-01-28 13:33:30,102:INFO:Success
2020-01-28 13:33:32,021:INFO:----------------------------------------------------------------------------------------------------
2020-01-28 13:33:33,571:INFO:ДУГААРАА СОНГОЖ БУЙ ХЭСЭГ
2020-01-28 13:33:33,571:INFO:2
2020-01-28 13:33:33,578:INFO:114
2020-01-28 13:33:33,579:INFO:['8312', '8313', '8314', '8315', '8316', '8317', '8318', '8319', '9312', '9313', '9314', '9315', '9316', '9317', '9318', '9319', '9320', '9321', '9322', '9323', '9324', '9325', '9326', '9327', '9328', '9329', '9330', '9331', '9332', '9333', '9334', '9335', '9336', '9337', '9338', '9339', '9340', '9341', '9342', '9343', '9344', '9345', '9346', '9347', '9712', '9713', '9714', '9715', '9716', '9717', '9718', '9719', '9812', '9813', '9814', '9815', '9816', '9817', '9818', '9819', '9820', '9821', '9822', '9823', '9824', '9825', '9826', '9827', '9828', '9829', '9830', '9831', '9832', '9833', '9837', '9838', '9842', '9843', '9845', '9846', '9847', '9848', '9851', '9856', '9859', '9860', '9861', '9862', '9863', '9864', '9865', '9866', '9867', '9870', '9880', '9881', '9882', '9883', '9884', '9885', '9886', '9887', '9888', '9889', '9890', '9891', '9892', '9893', '9894', '9895', '9896', '9897', '9898', '9899']
2020-01-28 13:33:44,369:WARNING:Not Found: /
2020-01-28 13:33:52,028:INFO:98140433:6|98170433:6
2020-01-28 13:34:09,122:INFO:РЕГИСТЕРИЙН ДУГААР
2020-01-28 13:34:14,022:INFO:ДУГААРЫН ZAHIALGA
2020-01-28 13:34:14,030:INFO:Success
2020-01-28 13:34:15,590:INFO:----------------------------------------------------------------------------------------------------
2020-01-28 13:34:21,981:INFO:ДУГААРАА СОНГОЖ БУЙ ХЭСЭГ
2020-01-28 13:34:21,981:INFO:2
2020-01-28 13:34:21,988:INFO:114
2020-01-28 13:34:21,988:INFO:['8312', '8313', '8314', '8315', '8316', '8317', '8318', '8319', '9312', '9313', '9314', '9315', '9316', '9317', '9318', '9319', '9320', '9321', '9322', '9323', '9324', '9325', '9326', '9327', '9328', '9329', '9330', '9331', '9332', '9333', '9334', '9335', '9336', '9337', '9338', '9339', '9340', '9341', '9342', '9343', '9344', '9345', '9346', '9347', '9712', '9713', '9714', '9715', '9716', '9717', '9718', '9719', '9812', '9813', '9814', '9815', '9816', '9817', '9818', '9819', '9820', '9821', '9822', '9823', '9824', '9825', '9826', '9827', '9828', '9829', '9830', '9831', '9832', '9833', '9837', '9838', '9842', '9843', '9845', '9846', '9847', '9848', '9851', '9856', '9859', '9860', '9861', '9862', '9863', '9864', '9865', '9866', '9867', '9870', '9880', '9881', '9882', '9883', '9884', '9885', '9886', '9887', '9888', '9889', '9890', '9891', '9892', '9893', '9894', '9895', '9896', '9897', '9898', '9899']
2020-01-28 13:34:36,785:INFO:98102705:6|98142705:6|98172705:6
2020-01-28 13:36:40,307:INFO:РЕГИСТЕРИЙН ДУГААР
2020-01-28 13:36:44,027:INFO:ДУГААРЫН ZAHIALGA
2020-01-28 13:36:44,037:INFO:Success
2020-01-28 13:36:45,379:INFO:----------------------------------------------------------------------------------------------------
2020-01-28 13:37:32,598:INFO:ДУГААРАА СОНГОЖ БУЙ ХЭСЭГ
2020-01-28 13:37:32,599:INFO:2
2020-01-28 13:37:32,606:INFO:114
2020-01-28 13:37:32,606:INFO:['8312', '8313', '8314', '8315', '8316', '8317', '8318', '8319', '9312', '9313', '9314', '9315', '9316', '9317', '9318', '9319', '9320', '9321', '9322', '9323', '9324', '9325', '9326', '9327', '9328', '9329', '9330', '9331', '9332', '9333', '9334', '9335', '9336', '9337', '9338', '9339', '9340', '9341', '9342', '9343', '9344', '9345', '9346', '9347', '9712', '9713', '9714', '9715', '9716', '9717', '9718', '9719', '9812', '9813', '9814', '9815', '9816', '9817', '9818', '9819', '9820', '9821', '9822', '9823', '9824', '9825', '9826', '9827', '9828', '9829', '9830', '9831', '9832', '9833', '9837', '9838', '9842', '9843', '9845', '9846', '9847', '9848', '9851', '9856', '9859', '9860', '9861', '9862', '9863', '9864', '9865', '9866', '9867', '9870', '9880', '9881', '9882', '9883', '9884', '9885', '9886', '9887', '9888', '9889', '9890', '9891', '9892', '9893', '9894', '9895', '9896', '9897', '9898', '9899']
2020-01-28 13:37:53,412:INFO:98103235:6|98143235:6|98153235:6|98163235:6|98173235:6|98183235:6|98193235:6
2020-01-28 13:38:19,056:INFO:РЕГИСТЕРИЙН ДУГААР
2020-01-28 13:38:22,836:INFO:ДУГААРЫН ZAHIALGA
2020-01-28 13:38:22,844:INFO:Success
2020-01-28 13:38:24,476:INFO:----------------------------------------------------------------------------------------------------
2020-01-28 13:39:15,990:INFO:ДУГААРАА СОНГОЖ БУЙ ХЭСЭГ
2020-01-28 13:39:15,990:INFO:2
2020-01-28 13:39:15,996:INFO:114
2020-01-28 13:39:15,996:INFO:['8312', '8313', '8314', '8315', '8316', '8317', '8318', '8319', '9312', '9313', '9314', '9315', '9316', '9317', '9318', '9319', '9320', '9321', '9322', '9323', '9324', '9325', '9326', '9327', '9328', '9329', '9330', '9331', '9332', '9333', '9334', '9335', '9336', '9337', '9338', '9339', '9340', '9341', '9342', '9343', '9344', '9345', '9346', '9347', '9712', '9713', '9714', '9715', '9716', '9717', '9718', '9719', '9812', '9813', '9814', '9815', '9816', '9817', '9818', '9819', '9820', '9821', '9822', '9823', '9824', '9825', '9826', '9827', '9828', '9829', '9830', '9831', '9832', '9833', '9837', '9838', '9842', '9843', '9845', '9846', '9847', '9848', '9851', '9856', '9859', '9860', '9861', '9862', '9863', '9864', '9865', '9866', '9867', '9870', '9880', '9881', '9882', '9883', '9884', '9885', '9886', '9887', '9888', '9889', '9890', '9891', '9892', '9893', '9894', '9895', '9896', '9897', '9898', '9899']
2020-01-28 13:39:30,207:INFO:-1
2020-01-28 13:39:36,489:INFO:97100103:6
2020-01-28 13:39:39,748:INFO:97100103:6
2020-01-28 13:39:44,792:INFO:-1
2020-01-28 13:39:48,063:INFO:-1
2020-01-28 13:39:51,939:INFO:-1
2020-01-28 13:39:54,444:INFO:-1
2020-01-28 13:40:12,366:INFO:98100341:6|98130341:6|98150341:6|98160341:6
2020-01-28 13:40:36,698:INFO:РЕГИСТЕРИЙН ДУГААР
2020-01-28 13:40:41,097:INFO:ДУГААРЫН ZAHIALGA
2020-01-28 13:40:41,106:INFO:Success
2020-01-28 13:40:42,790:INFO:----------------------------------------------------------------------------------------------------
2020-01-28 13:42:59,811:INFO:ДУГААРАА СОНГОЖ БУЙ ХЭСЭГ
2020-01-28 13:42:59,811:INFO:2
2020-01-28 13:42:59,818:INFO:114
2020-01-28 13:42:59,818:INFO:['8312', '8313', '8314', '8315', '8316', '8317', '8318', '8319', '9312', '9313', '9314', '9315', '9316', '9317', '9318', '9319', '9320', '9321', '9322', '9323', '9324', '9325', '9326', '9327', '9328', '9329', '9330', '9331', '9332', '9333', '9334', '9335', '9336', '9337', '9338', '9339', '9340', '9341', '9342', '9343', '9344', '9345', '9346', '9347', '9712', '9713', '9714', '9715', '9716', '9717', '9718', '9719', '9812', '9813', '9814', '9815', '9816', '9817', '9818', '9819', '9820', '9821', '9822', '9823', '9824', '9825', '9826', '9827', '9828', '9829', '9830', '9831', '9832', '9833', '9837', '9838', '9842', '9843', '9845', '9846', '9847', '9848', '9851', '9856', '9859', '9860', '9861', '9862', '9863', '9864', '9865', '9866', '9867', '9870', '9880', '9881', '9882', '9883', '9884', '9885', '9886', '9887', '9888', '9889', '9890', '9891', '9892', '9893', '9894', '9895', '9896', '9897', '9898', '9899']
2020-01-28 13:43:14,106:INFO:-1
2020-01-28 13:43:19,619:INFO:97101206:6|97111206:6|97131206:6|97141206:6|97151206:6|97161206:6|97181206:6|97191206:6
2020-01-28 13:43:56,194:INFO:97109003:6|97139003:6|97149003:6|97159003:6|97169003:6|97179003:6|97189003:6|97199003:6
2020-01-28 13:44:04,079:INFO:98109003:6|98169003:6
2020-01-28 13:44:18,187:INFO:РЕГИСТЕРИЙН ДУГААР
2020-01-28 13:44:23,627:INFO:ДУГААРЫН ZAHIALGA
2020-01-28 13:44:23,635:INFO:Success
2020-01-28 13:44:25,137:INFO:----------------------------------------------------------------------------------------------------
2020-01-28 13:47:51,865:INFO:ДУГААРАА СОНГОЖ БУЙ ХЭСЭГ
2020-01-28 13:47:51,865:INFO:2
2020-01-28 13:47:51,872:INFO:114
2020-01-28 13:47:51,872:INFO:['8312', '8313', '8314', '8315', '8316', '8317', '8318', '8319', '9312', '9313', '9314', '9315', '9316', '9317', '9318', '9319', '9320', '9321', '9322', '9323', '9324', '9325', '9326', '9327', '9328', '9329', '9330', '9331', '9332', '9333', '9334', '9335', '9336', '9337', '9338', '9339', '9340', '9341', '9342', '9343', '9344', '9345', '9346', '9347', '9712', '9713', '9714', '9715', '9716', '9717', '9718', '9719', '9812', '9813', '9814', '9815', '9816', '9817', '9818', '9819', '9820', '9821', '9822', '9823', '9824', '9825', '9826', '9827', '9828', '9829', '9830', '9831', '9832', '9833', '9837', '9838', '9842', '9843', '9845', '9846', '9847', '9848', '9851', '9856', '9859', '9860', '9861', '9862', '9863', '9864', '9865', '9866', '9867', '9870', '9880', '9881', '9882', '9883', '9884', '9885', '9886', '9887', '9888', '9889', '9890', '9891', '9892', '9893', '9894', '9895', '9896', '9897', '9898', '9899']
2020-01-28 13:48:06,758:INFO:98108208:6|98148208:6|98158208:6|98168208:6|98178208:6
2020-01-28 13:48:30,029:INFO:РЕГИСТЕРИЙН ДУГААР
2020-01-28 13:48:34,220:INFO:ДУГААРЫН ZAHIALGA
2020-01-28 13:48:34,229:INFO:Success
2020-01-28 13:48:35,919:INFO:----------------------------------------------------------------------------------------------------
2020-01-28 14:07:32,773:INFO:----------------------------------------------------------------------------------------------------
2020-01-28 14:07:36,899:INFO:ДУГААРАА СОНГОЖ БУЙ ХЭСЭГ
2020-01-28 14:07:36,899:INFO:2
2020-01-28 14:07:36,907:INFO:114
2020-01-28 14:07:36,907:INFO:['8312', '8313', '8314', '8315', '8316', '8317', '8318', '8319', '9312', '9313', '9314', '9315', '9316', '9317', '9318', '9319', '9320', '9321', '9322', '9323', '9324', '9325', '9326', '9327', '9328', '9329', '9330', '9331', '9332', '9333', '9334', '9335', '9336', '9337', '9338', '9339', '9340', '9341', '9342', '9343', '9344', '9345', '9346', '9347', '9712', '9713', '9714', '9715', '9716', '9717', '9718', '9719', '9812', '9813', '9814', '9815', '9816', '9817', '9818', '9819', '9820', '9821', '9822', '9823', '9824', '9825', '9826', '9827', '9828', '9829', '9830', '9831', '9832', '9833', '9837', '9838', '9842', '9843', '9845', '9846', '9847', '9848', '9851', '9856', '9859', '9860', '9861', '9862', '9863', '9864', '9865', '9866', '9867', '9870', '9880', '9881', '9882', '9883', '9884', '9885', '9886', '9887', '9888', '9889', '9890', '9891', '9892', '9893', '9894', '9895', '9896', '9897', '9898', '9899']
2020-01-28 14:07:37,972:WARNING:Not Found: /favicon.ico
2020-01-28 14:07:46,199:INFO:98103233:6|98104233:6|98105233:6|98106233:6|98107233:6|98108233:6|98109233:6|98124233:6|98134233:6|98136233:6|98138233:6|98145233:6|98146233:6|98153233:6|98155233:6|98157233:6|98158233:6|98165233:6|98166233:6|98167233:6|98169233:6|98171233:6|98174233:6|98175233:6|98176233:6|98177233:6|98184233:6|98185233:6|98189233:6|98194233:6|98195233:6|98198233:6
2020-01-28 15:06:41,599:INFO:----------------------------------------------------------------------------------------------------
2020-01-28 15:06:45,768:INFO:ДУГААРАА СОНГОЖ БУЙ ХЭСЭГ
2020-01-28 15:06:45,769:INFO:2
2020-01-28 15:06:45,776:INFO:114
2020-01-28 15:06:45,776:INFO:['8312', '8313', '8314', '8315', '8316', '8317', '8318', '8319', '9312', '9313', '9314', '9315', '9316', '9317', '9318', '9319', '9320', '9321', '9322', '9323', '9324', '9325', '9326', '9327', '9328', '9329', '9330', '9331', '9332', '9333', '9334', '9335', '9336', '9337', '9338', '9339', '9340', '9341', '9342', '9343', '9344', '9345', '9346', '9347', '9712', '9713', '9714', '9715', '9716', '9717', '9718', '9719', '9812', '9813', '9814', '9815', '9816', '9817', '9818', '9819', '9820', '9821', '9822', '9823', '9824', '9825', '9826', '9827', '9828', '9829', '9830', '9831', '9832', '9833', '9837', '9838', '9842', '9843', '9845', '9846', '9847', '9848', '9851', '9856', '9859', '9860', '9861', '9862', '9863', '9864', '9865', '9866', '9867', '9870', '9880', '9881', '9882', '9883', '9884', '9885', '9886', '9887', '9888', '9889', '9890', '9891', '9892', '9893', '9894', '9895', '9896', '9897', '9898', '9899']
2020-01-28 15:31:00,946:INFO:----------------------------------------------------------------------------------------------------
2020-01-28 15:36:20,289:INFO:98100316:6|98170316:6
2020-01-28 15:36:32,274:INFO:97100316:6|97140316:6|97150316:6|97180316:6
2020-01-28 15:36:50,063:INFO:98100316:6|98170316:6
2020-01-28 15:37:10,058:INFO:РЕГИСТЕРИЙН ДУГААР
2020-01-28 15:37:16,117:INFO:ДУГААРЫН ZAHIALGA
2020-01-28 15:37:16,124:INFO:Success
2020-01-28 15:38:18,770:INFO:----------------------------------------------------------------------------------------------------
2020-01-28 15:47:45,115:INFO:ДУГААРАА СОНГОЖ БУЙ ХЭСЭГ
2020-01-28 15:47:45,115:INFO:2
2020-01-28 15:47:45,122:INFO:114
2020-01-28 15:47:45,122:INFO:['8312', '8313', '8314', '8315', '8316', '8317', '8318', '8319', '9312', '9313', '9314', '9315', '9316', '9317', '9318', '9319', '9320', '9321', '9322', '9323', '9324', '9325', '9326', '9327', '9328', '9329', '9330', '9331', '9332', '9333', '9334', '9335', '9336', '9337', '9338', '9339', '9340', '9341', '9342', '9343', '9344', '9345', '9346', '9347', '9712', '9713', '9714', '9715', '9716', '9717', '9718', '9719', '9812', '9813', '9814', '9815', '9816', '9817', '9818', '9819', '9820', '9821', '9822', '9823', '9824', '9825', '9826', '9827', '9828', '9829', '9830', '9831', '9832', '9833', '9837', '9838', '9842', '9843', '9845', '9846', '9847', '9848', '9851', '9856', '9859', '9860', '9861', '9862', '9863', '9864', '9865', '9866', '9867', '9870', '9880', '9881', '9882', '9883', '9884', '9885', '9886', '9887', '9888', '9889', '9890', '9891', '9892', '9893', '9894', '9895', '9896', '9897', '9898', '9899']
2020-01-28 15:48:05,202:INFO:-1
2020-01-28 15:48:14,527:INFO:-1
2020-01-28 15:48:19,175:INFO:-1
2020-01-28 15:48:32,610:INFO:97111028:6|97131028:6|97151028:6|97171028:6|97181028:6
2020-01-28 15:49:38,779:INFO:РЕГИСТЕРИЙН ДУГААР
2020-01-28 15:49:43,810:INFO:ДУГААРЫН ZAHIALGA
2020-01-28 15:49:43,823:INFO:Success
2020-01-28 15:49:47,699:INFO:----------------------------------------------------------------------------------------------------
2020-01-28 15:53:00,152:INFO:----------------------------------------------------------------------------------------------------
2020-01-28 15:53:02,472:INFO:ДУГААРАА СОНГОЖ БУЙ ХЭСЭГ
2020-01-28 15:53:02,472:INFO:2
2020-01-28 15:53:02,479:INFO:114
2020-01-28 15:53:02,479:INFO:['8312', '8313', '8314', '8315', '8316', '8317', '8318', '8319', '9312', '9313', '9314', '9315', '9316', '9317', '9318', '9319', '9320', '9321', '9322', '9323', '9324', '9325', '9326', '9327', '9328', '9329', '9330', '9331', '9332', '9333', '9334', '9335', '9336', '9337', '9338', '9339', '9340', '9341', '9342', '9343', '9344', '9345', '9346', '9347', '9712', '9713', '9714', '9715', '9716', '9717', '9718', '9719', '9812', '9813', '9814', '9815', '9816', '9817', '9818', '9819', '9820', '9821', '9822', '9823', '9824', '9825', '9826', '9827', '9828', '9829', '9830', '9831', '9832', '9833', '9837', '9838', '9842', '9843', '9845', '9846', '9847', '9848', '9851', '9856', '9859', '9860', '9861', '9862', '9863', '9864', '9865', '9866', '9867', '9870', '9880', '9881', '9882', '9883', '9884', '9885', '9886', '9887', '9888', '9889', '9890', '9891', '9892', '9893', '9894', '9895', '9896', '9897', '9898', '9899']
2020-01-28 15:53:52,701:INFO:-1
2020-01-28 15:54:02,154:INFO:97101023:6|97111023:6|97151023:6|97161023:6|97171023:6|97181023:6
2020-01-28 15:59:00,472:INFO:ДУГААРАА СОНГОЖ БУЙ ХЭСЭГ
2020-01-28 15:59:00,473:INFO:2
2020-01-28 15:59:00,480:INFO:114
2020-01-28 15:59:00,480:INFO:['8312', '8313', '8314', '8315', '8316', '8317', '8318', '8319', '9312', '9313', '9314', '9315', '9316', '9317', '9318', '9319', '9320', '9321', '9322', '9323', '9324', '9325', '9326', '9327', '9328', '9329', '9330', '9331', '9332', '9333', '9334', '9335', '9336', '9337', '9338', '9339', '9340', '9341', '9342', '9343', '9344', '9345', '9346', '9347', '9712', '9713', '9714', '9715', '9716', '9717', '9718', '9719', '9812', '9813', '9814', '9815', '9816', '9817', '9818', '9819', '9820', '9821', '9822', '9823', '9824', '9825', '9826', '9827', '9828', '9829', '9830', '9831', '9832', '9833', '9837', '9838', '9842', '9843', '9845', '9846', '9847', '9848', '9851', '9856', '9859', '9860', '9861', '9862', '9863', '9864', '9865', '9866', '9867', '9870', '9880', '9881', '9882', '9883', '9884', '9885', '9886', '9887', '9888', '9889', '9890', '9891', '9892', '9893', '9894', '9895', '9896', '9897', '9898', '9899']
2020-01-28 15:59:25,126:INFO:-1
2020-01-28 15:59:41,198:INFO:97101023:6|97111023:6|97151023:6|97161023:6|97171023:6|97181023:6
2020-01-28 16:14:18,317:INFO:98109175:6|98129175:6|98139175:6|98169175:6|98189175:6
2020-01-28 16:48:23,300:ERROR:Invalid HTTP_HOST header: u'DugaarShuult:8000'. You may need to add u'dugaarshuult' to ALLOWED_HOSTS.
2020-01-28 18:05:17,055:INFO:ДУГААРАА СОНГОЖ БУЙ ХЭСЭГ
2020-01-28 18:05:17,055:INFO:2
2020-01-28 18:05:17,063:INFO:114
2020-01-28 18:05:17,063:INFO:['8312', '8313', '8314', '8315', '8316', '8317', '8318', '8319', '9312', '9313', '9314', '9315', '9316', '9317', '9318', '9319', '9320', '9321', '9322', '9323', '9324', '9325', '9326', '9327', '9328', '9329', '9330', '9331', '9332', '9333', '9334', '9335', '9336', '9337', '9338', '9339', '9340', '9341', '9342', '9343', '9344', '9345', '9346', '9347', '9712', '9713', '9714', '9715', '9716', '9717', '9718', '9719', '9812', '9813', '9814', '9815', '9816', '9817', '9818', '9819', '9820', '9821', '9822', '9823', '9824', '9825', '9826', '9827', '9828', '9829', '9830', '9831', '9832', '9833', '9837', '9838', '9842', '9843', '9845', '9846', '9847', '9848', '9851', '9856', '9859', '9860', '9861', '9862', '9863', '9864', '9865', '9866', '9867', '9870', '9880', '9881', '9882', '9883', '9884', '9885', '9886', '9887', '9888', '9889', '9890', '9891', '9892', '9893', '9894', '9895', '9896', '9897', '9898', '9899']
2020-01-28 18:05:17,200:WARNING:Not Found: /favicon.ico
2020-01-28 18:05:19,459:INFO:98100042:6|98100046:6|98100053:6|98100062:6|98100064:6|98100071:6|98100072:6|98100075:6|98100084:6|98100086:6|98100113:6|98100126:6|98100127:6|98100132:6|98100134:6|98100135:6|98100136:6|98100137:6|98100138:6|98100140:6|98100141:6|98100142:6|98100145:6|98100146:6|98100147:6|98100149:6|98100151:6|98100152:6|98100153:6|98100154:6|98100156:6|98100157:6|98100158:6|98100159:6|98100162:6|98100164:6|98100167:6|98100168:6|98100169:6|98100171:6|98100172:6|98100173:6|98100174:6|98100175:6|98100176:6|98100178:6|98100182:6|98100183:6|98100184:6|98100185:6|98100186:6|98100187:6|98100192:6|98100193:6|98100194:6|98100197:6|98100207:6|98100211:6|98100213:6|98100216:6|98100217:6|98100219:6|98100221:6|98100223:6|98100224:6|98100225:6|98100226:6|98100231:6|98100232:6|98100234:6|98100235:6|98100236:6|98100237:6|98100238:6|98100239:6|98100240:6|98100241:6|98100242:6|98100243:6|98100244:6|98100245:6|98100246:6|98100247:6|98100248:6|98100249:6|98100250:6|98100251:6|98100252:6|98100253:6|98100254:6|98100255:6|98100256:6|98100257:6|98100258:6|98100260:6|98100261:6|98100263:6|98100264:6|98100265:6|98100266:6|98100267:6|98100269:6|98100270:6|98100271:6|98100272:6|98100273:6|98100274:6|98100275:6|98100276:6|98100277:6|98100278:6|98100279:6|98100280:6|98100281:6|98100282:6|98100283:6|98100284:6|98100285:6|98100286:6|98100287:6|98100288:6|98100290:6|98100291:6|98100292:6|98100293:6|98100294:6|98100295:6|98100296:6|98100297:6|98100298:6|98100302:6|98100309:6
2020-01-28 18:29:13,543:INFO:----------------------------------------------------------------------------------------------------
2020-01-28 18:33:07,092:INFO:ДУГААРАА СОНГОЖ БУЙ ХЭСЭГ
2020-01-28 18:33:07,093:INFO:2
2020-01-28 18:33:07,100:INFO:114
2020-01-28 18:33:07,100:INFO:['8312', '8313', '8314', '8315', '8316', '8317', '8318', '8319', '9312', '9313', '9314', '9315', '9316', '9317', '9318', '9319', '9320', '9321', '9322', '9323', '9324', '9325', '9326', '9327', '9328', '9329', '9330', '9331', '9332', '9333', '9334', '9335', '9336', '9337', '9338', '9339', '9340', '9341', '9342', '9343', '9344', '9345', '9346', '9347', '9712', '9713', '9714', '9715', '9716', '9717', '9718', '9719', '9812', '9813', '9814', '9815', '9816', '9817', '9818', '9819', '9820', '9821', '9822', '9823', '9824', '9825', '9826', '9827', '9828', '9829', '9830', '9831', '9832', '9833', '9837', '9838', '9842', '9843', '9845', '9846', '9847', '9848', '9851', '9856', '9859', '9860', '9861', '9862', '9863', '9864', '9865', '9866', '9867', '9870', '9880', '9881', '9882', '9883', '9884', '9885', '9886', '9887', '9888', '9889', '9890', '9891', '9892', '9893', '9894', '9895', '9896', '9897', '9898', '9899']
2020-01-28 18:33:07,203:WARNING:Not Found: /favicon.ico
2020-01-28 19:47:48,034:WARNING:Not Found: /
2020-01-28 19:47:48,308:WARNING:Not Found: /HNAP1/
2020-01-28 20:03:55,949:ERROR:Invalid HTTP_HOST header: u'DugaarShuult:8000'. You may need to add u'dugaarshuult' to ALLOWED_HOSTS.
2020-01-28 21:03:18,398:WARNING:Not Found: /
2020-01-28 21:03:19,172:WARNING:Not Found: /index.php
2020-01-29 01:34:43,932:WARNING:Not Found: /
