2020-01-14 12:03:18,819:INFO:----------------------------------------------------------------------------------------------------
2020-01-14 12:03:20,270:INFO:ДУГААРАА СОНГОЖ БУЙ ХЭСЭГ
2020-01-14 12:03:20,270:INFO:2
2020-01-14 12:03:20,279:INFO:102
2020-01-14 12:03:20,279:INFO:['9812', '9813', '9814', '9815', '9816', '9817', '9818', '9819', '9820', '9821', '9822', '9823', '9824', '9825', '9826', '9827', '9828', '9829', '9830', '9831', '9832', '9833', '9838', '9842', '9843', '9848', '9851', '9856', '9859', '9860', '9861', '9862', '9863', '9864', '9865', '9866', '9870', '9880', '9881', '9882', '9883', '9884', '9885', '9886', '9887', '9888', '9889', '9890', '9891', '9892', '9893', '9894', '9895', '9896', '9897', '9899', '9312', '9313', '9314', '9315', '9316', '9317', '9318', '9319', '9320', '9321', '9322', '9323', '9324', '9325', '9326', '9327', '9328', '9329', '9330', '9331', '9337', '9338', '9339', '9340', '9341', '9342', '9343', '9344', '9712', '9713', '9714', '9715', '9716', '9717', '9718', '9719', '9845', '9846', '8312', '8313', '8314', '8315', '8316', '8317', '8318', '8319']
2020-01-14 12:03:20,426:WARNING:Not Found: /favicon.ico
2020-01-14 12:03:25,478:INFO:98160021:6|98160030:6|98160041:6|98160051:6|98160079:6|98160127:6|98160135:6|98160137:6|98160141:6|98160147:6|98160150:6|98160151:6|98160152:6|98160153:6|98160162:6|98160163:6|98160165:6|98160167:6|98160172:6|98160175:6|98160178:6|98160179:6|98160185:6|98160189:6|98160194:6|98160196:6|98160227:6|98160231:6|98160236:6|98160237:6|98160238:6|98160240:6|98160241:6|98160243:6|98160244:6|98160245:6|98160246:6|98160248:6|98160250:6|98160253:6|98160254:6|98160264:6|98160268:6|98160273:6|98160275:6|98160278:6|98160279:6|98160281:6|98160283:6|98160284:6|98160285:6|98160290:6|98160293:6|98160297:6|98160300:6|98160337:6|98160340:6|98160341:6|98160345:6|98160346:6|98160347:6|98160348:6|98160352:6|98160359:6|98160362:6|98160363:6|98160364:6|98160370:6|98160372:6|98160375:6|98160378:6|98160379:6|98160381:6|98160384:6|98160386:6|98160387:6|98160394:6|98160399:6|98160420:6|98160421:6|98160427:6|98160431:6|98160432:6|98160435:6|98160439:6|98160443:6|98160447:6|98160450:6|98160451:6|98160452:6|98160453:6|98160457:6|98160458:6|98160459:6|98160465:6|98160467:6|98160470:6|98160472:6|98160474:6|98160475:6|98160477:6|98160478:6|98160480:6|98160481:6|98160483:6|98160484:6|98160485:6|98160486:6|98160487:6|98160493:6|98160494:6|98160495:6|98160496:6|98160497:6|98160500:6|98160516:6|98160532:6|98160533:6|98160539:6|98160542:6|98160543:6|98160544:6|98160546:6|98160547:6|98160548:6|98160549:6|98160557:6|98160561:6|98160563:6|98160564:6|98160566:6|98160567:6
2020-01-14 12:03:44,308:INFO:----------------------------------------------------------------------------------------------------
2020-01-14 12:07:42,904:INFO:----------------------------------------------------------------------------------------------------
2020-01-14 12:07:47,393:INFO:ДУГААРАА СОНГОЖ БУЙ ХЭСЭГ
2020-01-14 12:07:47,394:INFO:2
2020-01-14 12:07:47,400:INFO:102
2020-01-14 12:07:47,400:INFO:['9812', '9813', '9814', '9815', '9816', '9817', '9818', '9819', '9820', '9821', '9822', '9823', '9824', '9825', '9826', '9827', '9828', '9829', '9830', '9831', '9832', '9833', '9838', '9842', '9843', '9848', '9851', '9856', '9859', '9860', '9861', '9862', '9863', '9864', '9865', '9866', '9870', '9880', '9881', '9882', '9883', '9884', '9885', '9886', '9887', '9888', '9889', '9890', '9891', '9892', '9893', '9894', '9895', '9896', '9897', '9899', '9312', '9313', '9314', '9315', '9316', '9317', '9318', '9319', '9320', '9321', '9322', '9323', '9324', '9325', '9326', '9327', '9328', '9329', '9330', '9331', '9337', '9338', '9339', '9340', '9341', '9342', '9343', '9344', '9712', '9713', '9714', '9715', '9716', '9717', '9718', '9719', '9845', '9846', '8312', '8313', '8314', '8315', '8316', '8317', '8318', '8319']
2020-01-14 12:08:16,926:INFO:-1
2020-01-14 12:08:25,943:INFO:98121816:6
2020-01-14 12:08:38,503:INFO:РЕГИСТЕРИЙН ДУГААР
2020-01-14 12:08:56,413:INFO:ДУГААРЫН ZAHIALGA
2020-01-14 12:08:56,421:INFO:Success
2020-01-14 12:09:12,418:INFO:----------------------------------------------------------------------------------------------------
2020-01-14 12:09:19,819:INFO:ДУГААРАА СОНГОЖ БУЙ ХЭСЭГ
2020-01-14 12:09:19,819:INFO:2
2020-01-14 12:09:19,826:INFO:102
2020-01-14 12:09:19,826:INFO:['9812', '9813', '9814', '9815', '9816', '9817', '9818', '9819', '9820', '9821', '9822', '9823', '9824', '9825', '9826', '9827', '9828', '9829', '9830', '9831', '9832', '9833', '9838', '9842', '9843', '9848', '9851', '9856', '9859', '9860', '9861', '9862', '9863', '9864', '9865', '9866', '9870', '9880', '9881', '9882', '9883', '9884', '9885', '9886', '9887', '9888', '9889', '9890', '9891', '9892', '9893', '9894', '9895', '9896', '9897', '9899', '9312', '9313', '9314', '9315', '9316', '9317', '9318', '9319', '9320', '9321', '9322', '9323', '9324', '9325', '9326', '9327', '9328', '9329', '9330', '9331', '9337', '9338', '9339', '9340', '9341', '9342', '9343', '9344', '9712', '9713', '9714', '9715', '9716', '9717', '9718', '9719', '9845', '9846', '8312', '8313', '8314', '8315', '8316', '8317', '8318', '8319']
2020-01-14 12:09:40,423:INFO:-1
2020-01-14 12:09:47,517:INFO:-1
2020-01-14 12:09:54,957:INFO:-1
2020-01-14 12:09:58,090:INFO:-1
2020-01-14 12:10:02,152:INFO:-1
2020-01-14 12:10:04,193:INFO:-1
2020-01-14 12:10:06,957:INFO:-1
2020-01-14 12:10:08,099:INFO:-1
2020-01-14 12:10:35,223:INFO:-1
2020-01-14 12:10:37,995:INFO:-1
2020-01-14 12:10:41,974:INFO:-1
2020-01-14 12:10:43,248:INFO:-1
2020-01-14 12:10:48,911:INFO:-1
2020-01-14 12:10:57,993:INFO:-1
2020-01-14 12:10:59,659:INFO:-1
2020-01-14 12:11:29,685:INFO:-1
2020-01-14 12:11:34,718:INFO:-1
2020-01-14 12:11:36,744:INFO:-1
2020-01-14 12:11:40,160:INFO:-1
2020-01-14 13:04:44,441:WARNING:Not Found: /
2020-01-14 14:07:39,272:INFO:----------------------------------------------------------------------------------------------------
2020-01-14 14:07:54,901:INFO:ДУГААРАА СОНГОЖ БУЙ ХЭСЭГ
2020-01-14 14:07:54,901:INFO:2
2020-01-14 14:07:54,908:INFO:102
2020-01-14 14:07:54,908:INFO:['9812', '9813', '9814', '9815', '9816', '9817', '9818', '9819', '9820', '9821', '9822', '9823', '9824', '9825', '9826', '9827', '9828', '9829', '9830', '9831', '9832', '9833', '9838', '9842', '9843', '9848', '9851', '9856', '9859', '9860', '9861', '9862', '9863', '9864', '9865', '9866', '9870', '9880', '9881', '9882', '9883', '9884', '9885', '9886', '9887', '9888', '9889', '9890', '9891', '9892', '9893', '9894', '9895', '9896', '9897', '9899', '9312', '9313', '9314', '9315', '9316', '9317', '9318', '9319', '9320', '9321', '9322', '9323', '9324', '9325', '9326', '9327', '9328', '9329', '9330', '9331', '9337', '9338', '9339', '9340', '9341', '9342', '9343', '9344', '9712', '9713', '9714', '9715', '9716', '9717', '9718', '9719', '9845', '9846', '8312', '8313', '8314', '8315', '8316', '8317', '8318', '8319']
2020-01-14 14:08:24,362:INFO:-1
2020-01-14 14:08:36,874:INFO:97120052:6
2020-01-14 14:08:46,434:INFO:-1
2020-01-14 14:08:53,470:INFO:-1
2020-01-14 14:08:57,837:INFO:-1
2020-01-14 14:09:01,900:INFO:-1
2020-01-14 14:09:05,114:INFO:-1
2020-01-14 14:09:13,786:INFO:97120052:6
2020-01-14 15:03:16,981:INFO:----------------------------------------------------------------------------------------------------
2020-01-14 15:03:26,629:INFO:ДУГААРАА СОНГОЖ БУЙ ХЭСЭГ
2020-01-14 15:03:26,629:INFO:2
2020-01-14 15:03:26,638:INFO:102
2020-01-14 15:03:26,638:INFO:['9812', '9813', '9814', '9815', '9816', '9817', '9818', '9819', '9820', '9821', '9822', '9823', '9824', '9825', '9826', '9827', '9828', '9829', '9830', '9831', '9832', '9833', '9838', '9842', '9843', '9848', '9851', '9856', '9859', '9860', '9861', '9862', '9863', '9864', '9865', '9866', '9870', '9880', '9881', '9882', '9883', '9884', '9885', '9886', '9887', '9888', '9889', '9890', '9891', '9892', '9893', '9894', '9895', '9896', '9897', '9899', '9312', '9313', '9314', '9315', '9316', '9317', '9318', '9319', '9320', '9321', '9322', '9323', '9324', '9325', '9326', '9327', '9328', '9329', '9330', '9331', '9337', '9338', '9339', '9340', '9341', '9342', '9343', '9344', '9712', '9713', '9714', '9715', '9716', '9717', '9718', '9719', '9845', '9846', '8312', '8313', '8314', '8315', '8316', '8317', '8318', '8319']
2020-01-14 15:03:26,915:WARNING:Not Found: /favicon.ico
2020-01-14 15:03:28,436:INFO:ДУГААРЫН ҮНЭ
2020-01-14 15:03:28,442:INFO:5000
2020-01-14 15:06:09,446:INFO:ДУГААРЫН ҮНЭ
2020-01-14 15:06:09,450:INFO:5000
2020-01-14 15:06:38,823:INFO:ДУГААРАА СОНГОЖ БУЙ ХЭСЭГ
2020-01-14 15:06:38,824:INFO:2
2020-01-14 15:06:38,830:INFO:102
2020-01-14 15:06:38,830:INFO:['9812', '9813', '9814', '9815', '9816', '9817', '9818', '9819', '9820', '9821', '9822', '9823', '9824', '9825', '9826', '9827', '9828', '9829', '9830', '9831', '9832', '9833', '9838', '9842', '9843', '9848', '9851', '9856', '9859', '9860', '9861', '9862', '9863', '9864', '9865', '9866', '9870', '9880', '9881', '9882', '9883', '9884', '9885', '9886', '9887', '9888', '9889', '9890', '9891', '9892', '9893', '9894', '9895', '9896', '9897', '9899', '9312', '9313', '9314', '9315', '9316', '9317', '9318', '9319', '9320', '9321', '9322', '9323', '9324', '9325', '9326', '9327', '9328', '9329', '9330', '9331', '9337', '9338', '9339', '9340', '9341', '9342', '9343', '9344', '9712', '9713', '9714', '9715', '9716', '9717', '9718', '9719', '9845', '9846', '8312', '8313', '8314', '8315', '8316', '8317', '8318', '8319']
2020-01-14 15:06:49,184:INFO:-1
2020-01-14 15:06:50,257:INFO:-1
2020-01-14 15:06:51,077:INFO:-1
2020-01-14 15:06:52,685:INFO:-1
2020-01-14 15:06:54,013:INFO:ДУГААРЫН ҮНЭ
2020-01-14 15:06:54,016:INFO:5000
2020-01-14 15:06:55,639:INFO:ДУГААРАА СОНГОЖ БУЙ ХЭСЭГ
2020-01-14 15:06:55,639:INFO:2
2020-01-14 15:06:55,647:INFO:102
2020-01-14 15:06:55,648:INFO:['9812', '9813', '9814', '9815', '9816', '9817', '9818', '9819', '9820', '9821', '9822', '9823', '9824', '9825', '9826', '9827', '9828', '9829', '9830', '9831', '9832', '9833', '9838', '9842', '9843', '9848', '9851', '9856', '9859', '9860', '9861', '9862', '9863', '9864', '9865', '9866', '9870', '9880', '9881', '9882', '9883', '9884', '9885', '9886', '9887', '9888', '9889', '9890', '9891', '9892', '9893', '9894', '9895', '9896', '9897', '9899', '9312', '9313', '9314', '9315', '9316', '9317', '9318', '9319', '9320', '9321', '9322', '9323', '9324', '9325', '9326', '9327', '9328', '9329', '9330', '9331', '9337', '9338', '9339', '9340', '9341', '9342', '9343', '9344', '9712', '9713', '9714', '9715', '9716', '9717', '9718', '9719', '9845', '9846', '8312', '8313', '8314', '8315', '8316', '8317', '8318', '8319']
2020-01-14 15:06:58,711:INFO:98120614:6|98120628:6|98120632:6|98120679:6|98120788:6|98120791:6|98120834:6|98120845:6|98120847:6|98120854:6|98120864:6|98120890:6|98120895:6|98120917:6|98120920:6|98120931:6|98120935:6|98120937:6|98120945:6|98120951:6|98120954:6|98120963:6|98120965:6|98120973:6|98120978:6|98121039:6|98121072:6|98121076:6|98121078:6|98121085:6|98121096:6|98121308:6|98121358:6|98121369:6|98121379:6|98121381:6|98121384:6|98121431:6|98121437:6|98121448:6|98121453:6|98121459:6|98121465:6|98121467:6|98121479:6|98121481:6|98121486:6|98121487:6|98121520:6|98121537:6|98121563:6|98121574:6|98121579:6|98121602:6|98121603:6|98121604:6|98121625:6|98121635:6|98121642:6|98121689:6|98121691:6|98121692:6|98121695:6|98121716:6|98121722:6|98121727:6|98121739:6|98121742:6|98121743:6|98121746:6|98121756:6|98121759:6|98121763:6|98121764:6|98121769:6|98121778:6|98121782:6|98121790:6|98121792:6|98121804:6|98121806:6|98121807:6|98121810:6|98121823:6|98121825:6|98121826:6|98121835:6|98121839:6|98121851:6|98121854:6|98121856:6|98121859:6|98121861:6|98121863:6|98121864:6|98121866:6|98121872:6|98121879:6|98121912:6|98121935:6|98121936:6|98121937:6|98121941:6|98121947:6|98121951:6|98121953:6|98121955:6|98121957:6|98121978:6|98121981:6|98121983:6|98121987:6|98121989:6|98121993:6|98122049:6|98122067:6|98122274:6|98122300:6|98122306:6|98122318:6|98122321:6|98122329:6|98122330:6|98122346:6|98122353:6|98122362:6|98122365:6|98122374:6|98122378:6|98122380:6|98122384:6|98122385:6
2020-01-14 15:08:39,486:INFO:РЕГИСТЕРИЙН ДУГААР
2020-01-14 15:09:16,266:INFO:ДУГААРЫН ZAHIALGA
2020-01-14 15:09:16,277:INFO:Success
2020-01-14 15:10:16,518:INFO:----------------------------------------------------------------------------------------------------
2020-01-14 15:10:21,986:INFO:ДУГААРАА СОНГОЖ БУЙ ХЭСЭГ
2020-01-14 15:10:21,986:INFO:2
2020-01-14 15:10:21,992:INFO:102
2020-01-14 15:10:21,992:INFO:['9812', '9813', '9814', '9815', '9816', '9817', '9818', '9819', '9820', '9821', '9822', '9823', '9824', '9825', '9826', '9827', '9828', '9829', '9830', '9831', '9832', '9833', '9838', '9842', '9843', '9848', '9851', '9856', '9859', '9860', '9861', '9862', '9863', '9864', '9865', '9866', '9870', '9880', '9881', '9882', '9883', '9884', '9885', '9886', '9887', '9888', '9889', '9890', '9891', '9892', '9893', '9894', '9895', '9896', '9897', '9899', '9312', '9313', '9314', '9315', '9316', '9317', '9318', '9319', '9320', '9321', '9322', '9323', '9324', '9325', '9326', '9327', '9328', '9329', '9330', '9331', '9337', '9338', '9339', '9340', '9341', '9342', '9343', '9344', '9712', '9713', '9714', '9715', '9716', '9717', '9718', '9719', '9845', '9846', '8312', '8313', '8314', '8315', '8316', '8317', '8318', '8319']
2020-01-14 15:10:28,020:INFO:98130025:6|98130046:6|98130049:6|98130057:6|98130080:6|98130115:6|98130137:6|98130158:6|98130161:6|98130163:6|98130179:6|98130187:6|98130189:6|98130194:6|98130197:6|98130214:6|98130258:6|98130263:6|98130265:6|98130293:6|98130297:6|98130341:6|98130369:6|98130374:6|98130377:6|98130381:6|98130384:6|98130385:6|98130396:6|98130397:6|98130421:6|98130429:6|98130437:6|98130438:6|98130441:6|98130442:6|98130450:6|98130459:6|98130468:6|98130470:6|98130472:6|98130474:6|98130475:6|98130478:6|98130479:6|98130482:6|98130485:6|98130486:6|98130487:6|98130488:6|98130491:6|98130495:6|98130496:6|98130511:6|98130516:6|98130532:6|98130536:6|98130537:6|98130541:6|98130543:6|98130546:6|98130547:6|98130548:6|98130549:6|98130551:6|98130552:6|98130554:6|98130558:6|98130561:6|98130562:6|98130566:6|98130569:6|98130571:6|98130574:6|98130578:6|98130581:6|98130584:6|98130591:6|98130593:6|98130595:6|98130610:6|98130624:6|98130633:6|98130637:6|98130639:6|98130642:6|98130643:6|98130645:6|98130648:6|98130649:6|98130654:6|98130656:6|98130657:6|98130658:6|98130671:6|98130673:6|98130675:6|98130680:6|98130681:6|98130682:6|98130683:6|98130684:6|98130685:6|98130687:6|98130691:6|98130692:6|98130693:6|98130694:6|98130695:6|98130696:6|98130697:6|98130698:6|98130732:6|98130734:6|98130740:6|98130744:6|98130745:6|98130746:6|98130751:6|98130752:6|98130756:6|98130758:6|98130759:6|98130762:6|98130763:6|98130764:6|98130766:6|98130769:6|98130772:6|98130774:6|98130776:6|98130781:6
2020-01-14 15:10:31,260:INFO:РЕГИСТЕРИЙН ДУГААР
2020-01-14 15:10:32,425:INFO:ДУГААРЫН ZAHIALGA
2020-01-14 15:10:32,433:INFO:Success
2020-01-14 15:10:34,771:INFO:----------------------------------------------------------------------------------------------------
2020-01-14 15:10:36,057:INFO:ДУГААРАА СОНГОЖ БУЙ ХЭСЭГ
2020-01-14 15:10:36,058:INFO:7
2020-01-14 15:10:36,064:INFO:48
2020-01-14 15:10:36,065:INFO:['9800', '9809', '9810', '8300', '9700', '9300', '9301', '9302', '9303', '9304', '9305', '9306', '9307', '9308', '9309', '9310', '9801', '9802', '9803', '9804', '9805', '9806', '9807', '9808', '8301', '8302', '8303', '8304', '8305', '8306', '8307', '8308', '8309', '8310', '9701', '9702', '9703', '9704', '9705', '9706', '9707', '9708', '9709', '9710', '9811', '8311', '9711', '9311']
2020-01-14 15:10:38,328:INFO:ДУГААРЫН ҮНЭ
2020-01-14 15:10:38,332:INFO:10000
2020-01-14 15:10:43,389:INFO:83000121:6|83000124:6|83000135:6|83000137:6|83000138:6|83000145:6|83000146:6|83000148:6|83000149:6|83000152:6|83000153:6|83000155:6|83000157:6|83000158:6|83000159:6|83000161:6|83000163:6|83000164:6|83000165:6|83000167:6|83000170:6|83000171:6|83000173:6|83000175:6|83000178:6|83000179:6|83000180:6|83000182:6|83000183:6|83000184:6|83000186:6|83000187:6|83000191:6|83000192:6|83000194:6|83000195:6|83000196:6|83000197:6|83000205:6|83000213:6|83000214:6|83000218:6|83000219:6|83000223:6|83000225:6|83000228:6|83000231:6|83000234:6|83000235:6|83000236:6|83000238:6|83000239:6|83000243:6|83000246:6|83000249:6|83000250:6|83000251:6|83000253:6|83000255:6|83000258:6|83000259:6|83000260:6|83000261:6|83000266:6|83000268:6|83000269:6|83000270:6|83000272:6|83000273:6|83000276:6|83000277:6|83000279:6|83000280:6|83000281:6|83000283:6|83000284:6|83000285:6|83000286:6|83000289:6|83000290:6|83000294:6|83000295:6|83000296:6|83000298:6|83000312:6|83000314:6|83000316:6|83000319:6|83000321:6|83000322:6|83000324:6|83000325:6|83000327:6|83000328:6|83000329:6|83000336:6|83000337:6|83000339:6|83000340:6|83000341:6|83000343:6|83000344:6|83000347:6|83000348:6|83000351:6|83000353:6|83000354:6|83000357:6|83000358:6|83000359:6|83000360:6|83000361:6|83000362:6|83000363:6|83000371:6|83000372:6|83000374:6|83000377:6|83000378:6|83000379:6|83000381:6|83000382:6|83000384:6|83000386:6|83000387:6|83000389:6|83000391:6|83000392:6|83000393:6|83000394:6|83000396:6|8300039
2020-01-14 15:10:43,390:ERROR:Internal Server Error: /getnumber
Traceback (most recent call last):
  File "/usr/local/lib/python2.7/dist-packages/django/core/handlers/exception.py", line 41, in inner
    response = get_response(request)
  File "/usr/local/lib/python2.7/dist-packages/django/core/handlers/base.py", line 187, in _get_response
    response = self.process_exception_by_middleware(e, request)
  File "/usr/local/lib/python2.7/dist-packages/django/core/handlers/base.py", line 185, in _get_response
    response = wrapped_callback(request, *callback_args, **callback_kwargs)
  File "/usr/local/lib/python2.7/dist-packages/django/views/decorators/csrf.py", line 58, in wrapped_view
    return view_func(*args, **kwargs)
  File "/usr/local/lib/python2.7/dist-packages/django/views/generic/base.py", line 68, in view
    return self.dispatch(request, *args, **kwargs)
  File "/usr/local/lib/python2.7/dist-packages/rest_framework/views.py", line 495, in dispatch
    response = self.handle_exception(exc)
  File "/usr/local/lib/python2.7/dist-packages/rest_framework/views.py", line 455, in handle_exception
    self.raise_uncaught_exception(exc)
  File "/usr/local/lib/python2.7/dist-packages/rest_framework/views.py", line 492, in dispatch
    response = handler(request, *args, **kwargs)
  File "/usr/local/lib/python2.7/dist-packages/rest_framework/decorators.py", line 55, in handler
    return func(*args, **kwargs)
  File "/home/nFilterNew/controller/views.py", line 144, in getNumber
    if data[1] == az:
IndexError: list index out of range
2020-01-14 15:10:47,087:INFO:83000121:6|83000124:6|83000135:6|83000137:6|83000138:6|83000145:6|83000146:6|83000148:6|83000149:6|83000152:6|83000153:6|83000155:6|83000157:6|83000158:6|83000159:6|83000161:6|83000163:6|83000164:6|83000165:6|83000167:6|83000170:6|83000171:6|83000173:6|83000175:6|83000178:6|83000179:6|83000180:6|83000182:6|83000183:6|83000184:6|83000186:6|83000187:6|83000191:6|83000192:6|83000194:6|83000195:6|83000196:6|83000197:6|83000205:6|83000213:6|83000214:6|83000218:6|83000219:6|83000223:6|83000225:6|83000228:6|83000231:6|83000234:6|83000235:6|83000236:6|83000238:6|83000239:6|83000243:6|83000246:6|83000249:6|83000250:6|83000251:6|83000253:6|83000255:6|83000258:6|83000259:6|83000260:6|83000261:6|83000266:6|83000268:6|83000269:6|83000270:6|83000272:6|83000273:6|83000276:6|83000277:6|83000279:6|83000280:6|83000281:6|83000283:6|83000284:6|83000285:6|83000286:6|83000289:6|83000290:6|83000294:6|83000295:6|83000296:6|83000298:6|83000312:6|83000314:6|83000316:6|83000319:6|83000321:6|83000322:6|83000324:6|83000325:6|83000327:6|83000328:6|83000329:6|83000336:6|83000337:6|83000339:6|83000340:6|83000341:6|83000343:6|83000344:6|83000347:6|83000348:6|83000351:6|83000353:6|83000354:6|83000357:6|83000358:6|83000359:6|83000360:6|83000361:6|83000362:6|83000363:6|83000371:6|83000372:6|83000374:6|83000377:6|83000378:6|83000379:6|83000381:6|83000382:6|83000384:6|83000386:6|83000387:6|83000389:6|83000391:6|83000392:6|83000393:6|83000394:6|83000396:6|83000397:6
2020-01-14 15:10:49,024:INFO:83000121:6|83000124:6|83000135:6|83000137:6|83000138:6|83000145:6|83000146:6|83000148:6|83000149:6|83000152:6|83000153:6|83000155:6|83000157:6|83000158:6|83000159:6|83000161:6|83000163:6|83000164:6|83000165:6|83000167:6|83000170:6|83000171:6|83000173:6|83000175:6|83000178:6|83000179:6|83000180:6|83000182:6|83000183:6|83000184:6|83000186:6|83000187:6|83000191:6|83000192:6|83000194:6|83000195:6|83000196:6|83000197:6|83000205:6|83000213:6|83000214:6|83000218:6|83000219:6|83000223:6|83000225:6|83000228:6|83000231:6|83000234:6|83000235:6|83000236:6|83000238:6|83000239:6|83000243:6|83000246:6|83000249:6|83000250:6|83000251:6|83000253:6|83000255:6|83000258:6|83000259:6|83000260:6|83000261:6|83000266:6|83000268:6|83000269:6|83000270:6|83000272:6|83000273:6|83000276:6|83000277:6|83000279:6|83000280:6|83000281:6|83000283:6|83000284:6|83000285:6|83000286:6|83000289:6|83000290:6|83000294:6|83000295:6|83000296:6|83000298:6|83000312:6|83000314:6|83000316:6|83000319:6|83000321:6|83000322:6|83000324:6|83000325:6|83000327:6|83000328:6|83000329:6|83000336:6|83000337:6|83000339:6|83000340:6|83000341:6|83000343:6|83000344:6|83000347:6|83000348:6|83000351:6|83000353:6|83000354:6|83000357:6|83000358:6|83000359:6|83000360:6|83000361:6|83000362:6|83000363:6|83000371:6|83000372:6|83000374:6|83000377:6|83000378:6|83000379:6|83000381:6|83000382:6|83000384:6|83000386:6|83000387:6|83000389:6|83000391:6|83000392:6|83000393:6|83000394:6|83000396:6|83000397:6
2020-01-14 15:10:50,734:INFO:83000121:6|83000124:6|83000135:6|83000137:6|83000138:6|83000145:6|83000146:6|83000148:6|83000149:6|83000152:6|83000153:6|83000155:6|83000157:6|83000158:6|83000159:6|83000161:6|83000163:6|83000164:6|83000165:6|83000167:6|83000170:6|83000171:6|83000173:6|83000175:6|83000178:6|83000179:6|83000180:6|83000182:6|83000183:6|83000184:6|83000186:6|83000187:6|83000191:6|83000192:6|83000194:6|83000195:6|83000196:6|83000197:6|83000205:6|83000213:6|83000214:6|83000218:6|83000219:6|83000223:6|83000225:6|83000228:6|83000231:6|83000234:6|83000235:6|83000236:6|83000238:6|83000239:6|83000243:6|83000246:6|83000249:6|83000250:6|83000251:6|83000253:6|83000255:6|83000258:6|83000259:6|83000260:6|83000261:6|83000266:6|83000268:6|83000269:6|83000270:6|83000272:6|83000273:6|83000276:6|83000277:6|83000279:6|83000280:6|83000281:6|83000283:6|83000284:6|83000285:6|83000286:6|83000289:6|83000290:6|83000294:6|83000295:6|83000296:6|83000298:6|83000312:6|83000314:6|83000316:6|83000319:6|83000321:6|83000322:6|83000324:6|83000325:6|83000327:6|83000328:6|83000329:6|83000336:6|83000337:6|83000339:6|83000340:6|83000341:6|83000343:6|83000344:6|83000347:6|83000348:6|83000351:6|83000353:6|83000354:6|83000357:6|83000358:6|83000359:6|83000360:6|83000361:6|83000362:6|83000363:6|83000371:6|83000372:6|83000374:6|83000377:6|83000378:6|83000379:6|83000381:6|83000382:6|83000384:6|83000386:6|83000387:6|83000389:6|83000391:6|83000392:6|83000393:6|83000394:6|83000396:6|83000397:6
2020-01-14 15:10:51,447:INFO:ДУГААРЫН ҮНЭ
2020-01-14 15:10:51,450:INFO:10000
2020-01-14 15:10:57,580:INFO:ДУГААРАА СОНГОЖ БУЙ ХЭСЭГ
2020-01-14 15:10:57,580:INFO:2
2020-01-14 15:10:57,587:INFO:102
2020-01-14 15:10:57,587:INFO:['9812', '9813', '9814', '9815', '9816', '9817', '9818', '9819', '9820', '9821', '9822', '9823', '9824', '9825', '9826', '9827', '9828', '9829', '9830', '9831', '9832', '9833', '9838', '9842', '9843', '9848', '9851', '9856', '9859', '9860', '9861', '9862', '9863', '9864', '9865', '9866', '9870', '9880', '9881', '9882', '9883', '9884', '9885', '9886', '9887', '9888', '9889', '9890', '9891', '9892', '9893', '9894', '9895', '9896', '9897', '9899', '9312', '9313', '9314', '9315', '9316', '9317', '9318', '9319', '9320', '9321', '9322', '9323', '9324', '9325', '9326', '9327', '9328', '9329', '9330', '9331', '9337', '9338', '9339', '9340', '9341', '9342', '9343', '9344', '9712', '9713', '9714', '9715', '9716', '9717', '9718', '9719', '9845', '9846', '8312', '8313', '8314', '8315', '8316', '8317', '8318', '8319']
2020-01-14 15:10:58,637:INFO:ДУГААРЫН ҮНЭ
2020-01-14 15:10:58,641:INFO:5000
2020-01-14 15:12:18,996:INFO:----------------------------------------------------------------------------------------------------
2020-01-14 15:12:20,089:WARNING:Not Found: /apple-touch-icon-120x120-precomposed.png
2020-01-14 15:12:20,174:WARNING:Not Found: /apple-touch-icon-120x120.png
2020-01-14 15:12:20,277:WARNING:Not Found: /apple-touch-icon-precomposed.png
2020-01-14 15:12:20,369:WARNING:Not Found: /apple-touch-icon.png
2020-01-14 15:12:21,546:INFO:ДУГААРАА СОНГОЖ БУЙ ХЭСЭГ
2020-01-14 15:12:21,547:INFO:2
2020-01-14 15:12:21,552:INFO:102
2020-01-14 15:12:21,552:INFO:['9812', '9813', '9814', '9815', '9816', '9817', '9818', '9819', '9820', '9821', '9822', '9823', '9824', '9825', '9826', '9827', '9828', '9829', '9830', '9831', '9832', '9833', '9838', '9842', '9843', '9848', '9851', '9856', '9859', '9860', '9861', '9862', '9863', '9864', '9865', '9866', '9870', '9880', '9881', '9882', '9883', '9884', '9885', '9886', '9887', '9888', '9889', '9890', '9891', '9892', '9893', '9894', '9895', '9896', '9897', '9899', '9312', '9313', '9314', '9315', '9316', '9317', '9318', '9319', '9320', '9321', '9322', '9323', '9324', '9325', '9326', '9327', '9328', '9329', '9330', '9331', '9337', '9338', '9339', '9340', '9341', '9342', '9343', '9344', '9712', '9713', '9714', '9715', '9716', '9717', '9718', '9719', '9845', '9846', '8312', '8313', '8314', '8315', '8316', '8317', '8318', '8319']
2020-01-14 15:12:21,852:WARNING:Not Found: /favicon.ico
2020-01-14 15:12:28,711:INFO:98160021:6|98160030:6|98160041:6|98160051:6|98160079:6|98160127:6|98160135:6|98160137:6|98160141:6|98160147:6|98160150:6|98160151:6|98160152:6|98160153:6|98160162:6|98160163:6|98160165:6|98160167:6|98160172:6|98160175:6|98160178:6|98160179:6|98160185:6|98160189:6|98160194:6|98160196:6|98160227:6|98160231:6|98160236:6|98160237:6|98160238:6|98160240:6|98160241:6|98160243:6|98160244:6|98160245:6|98160246:6|98160248:6|98160250:6|98160253:6|98160254:6|98160264:6|98160268:6|98160273:6|98160275:6|98160278:6|98160279:6|98160281:6|98160283:6|98160284:6|98160285:6|98160290:6|98160293:6|98160297:6|98160300:6|98160337:6|98160340:6|98160341:6|98160345:6|98160346:6|98160347:6|98160348:6|98160352:6|98160359:6|98160362:6|98160363:6|98160364:6|98160370:6|98160372:6|98160375:6|98160378:6|98160379:6|98160381:6|98160384:6|98160386:6|98160387:6|98160394:6|98160399:6|98160420:6|98160421:6|98160427:6|98160431:6|98160432:6|98160435:6|98160439:6|98160443:6|98160447:6|98160450:6|98160451:6|98160452:6|98160453:6|98160457:6|98160458:6|98160459:6|98160465:6|98160467:6|98160470:6|98160472:6|98160474:6|98160475:6|98160477:6|98160478:6|98160480:6|98160481:6|98160483:6|98160484:6|98160485:6|98160486:6|98160487:6|98160493:6|98160494:6|98160495:6|98160496:6|98160497:6|98160500:6|98160516:6|98160532:6|98160533:6|98160539:6|98160542:6|98160543:6|98160544:6|98160546:6|98160547:6|98160548:6|98160549:6|98160557:6|98160561:6|98160563:6|98160564:6|98160566:6|98160567:6
2020-01-14 15:12:52,797:INFO:ДУГААРЫН ҮНЭ
2020-01-14 15:12:52,801:INFO:5000
2020-01-14 15:12:54,666:INFO:ДУГААРАА СОНГОЖ БУЙ ХЭСЭГ
2020-01-14 15:12:54,666:INFO:2
2020-01-14 15:12:54,673:INFO:102
2020-01-14 15:12:54,673:INFO:['9812', '9813', '9814', '9815', '9816', '9817', '9818', '9819', '9820', '9821', '9822', '9823', '9824', '9825', '9826', '9827', '9828', '9829', '9830', '9831', '9832', '9833', '9838', '9842', '9843', '9848', '9851', '9856', '9859', '9860', '9861', '9862', '9863', '9864', '9865', '9866', '9870', '9880', '9881', '9882', '9883', '9884', '9885', '9886', '9887', '9888', '9889', '9890', '9891', '9892', '9893', '9894', '9895', '9896', '9897', '9899', '9312', '9313', '9314', '9315', '9316', '9317', '9318', '9319', '9320', '9321', '9322', '9323', '9324', '9325', '9326', '9327', '9328', '9329', '9330', '9331', '9337', '9338', '9339', '9340', '9341', '9342', '9343', '9344', '9712', '9713', '9714', '9715', '9716', '9717', '9718', '9719', '9845', '9846', '8312', '8313', '8314', '8315', '8316', '8317', '8318', '8319']
2020-01-14 15:12:54,842:WARNING:Not Found: /favicon.ico
2020-01-14 15:13:03,843:INFO:98183223:9|98185775:9
2020-01-14 15:13:21,417:INFO:ДУГААРЫН ҮНЭ
2020-01-14 15:13:21,420:INFO:5000
2020-01-14 15:13:22,296:INFO:ДУГААРАА СОНГОЖ БУЙ ХЭСЭГ
2020-01-14 15:13:22,297:INFO:2
2020-01-14 15:13:22,302:INFO:102
2020-01-14 15:13:22,302:INFO:['9812', '9813', '9814', '9815', '9816', '9817', '9818', '9819', '9820', '9821', '9822', '9823', '9824', '9825', '9826', '9827', '9828', '9829', '9830', '9831', '9832', '9833', '9838', '9842', '9843', '9848', '9851', '9856', '9859', '9860', '9861', '9862', '9863', '9864', '9865', '9866', '9870', '9880', '9881', '9882', '9883', '9884', '9885', '9886', '9887', '9888', '9889', '9890', '9891', '9892', '9893', '9894', '9895', '9896', '9897', '9899', '9312', '9313', '9314', '9315', '9316', '9317', '9318', '9319', '9320', '9321', '9322', '9323', '9324', '9325', '9326', '9327', '9328', '9329', '9330', '9331', '9337', '9338', '9339', '9340', '9341', '9342', '9343', '9344', '9712', '9713', '9714', '9715', '9716', '9717', '9718', '9719', '9845', '9846', '8312', '8313', '8314', '8315', '8316', '8317', '8318', '8319']
2020-01-14 15:13:22,464:WARNING:Not Found: /favicon.ico
2020-01-14 15:13:28,390:INFO:98184411:7|98185533:7|98187722:7
2020-01-14 15:13:32,370:INFO:----------------------------------------------------------------------------------------------------
2020-01-14 15:13:34,916:INFO:ДУГААРАА СОНГОЖ БУЙ ХЭСЭГ
2020-01-14 15:13:34,916:INFO:7
2020-01-14 15:13:34,922:INFO:48
2020-01-14 15:13:34,923:INFO:['9800', '9809', '9810', '8300', '9700', '9300', '9301', '9302', '9303', '9304', '9305', '9306', '9307', '9308', '9309', '9310', '9801', '9802', '9803', '9804', '9805', '9806', '9807', '9808', '8301', '8302', '8303', '8304', '8305', '8306', '8307', '8308', '8309', '8310', '9701', '9702', '9703', '9704', '9705', '9706', '9707', '9708', '9709', '9710', '9811', '8311', '9711', '9311']
2020-01-14 15:13:35,337:WARNING:Not Found: /favicon.ico
2020-01-14 15:13:38,989:INFO:98000132:6|98000146:6|98000149:6|98000152:6|98000153:6|98000156:6|98000159:6|98000163:6|98000164:6|98000165:6|98000167:6|98000172:6|98000174:6|98000175:6|98000176:6|98000182:6|98000184:6|98000216:6|98000231:6|98000237:6|98000238:6|98000239:6|98000243:6|98000245:6|98000248:6|98000251:6|98000252:6|98000253:6|98000254:6|98000257:6|98000259:6|98000261:6|98000262:6|98000263:6|98000264:6|98000267:6|98000269:6|98000271:6|98000272:6|98000273:6|98000274:6|98000275:6|98000276:6|98000278:6|98000279:6|98000281:6|98000283:6|98000284:6|98000286:6|98000287:6|98000291:6|98000292:6|98000293:6|98000295:6|98000296:6|98000297:6|98000319:6|98000324:6|98000325:6|98000329:6|98000334:6|98000337:6|98000340:6|98000341:6|98000342:6|98000345:6|98000346:6|98000347:6|98000348:6|98000349:6|98000352:6|98000354:6|98000356:6|98000357:6|98000358:6|98000359:6|98000360:6|98000361:6|98000362:6|98000363:6|98000364:6|98000365:6|98000367:6|98000368:6|98000370:6|98000371:6|98000372:6|98000373:6|98000374:6|98000375:6|98000376:6|98000378:6|98000379:6|98000382:6|98000383:6|98000384:6|98000385:6|98000386:6|98000392:6|98000394:6|98000395:6|98000396:6|98000397:6|98000416:6|98000417:6|98000418:6|98000419:6|98000422:6|98000423:6|98000425:6|98000427:6|98000429:6|98000430:6|98000431:6|98000432:6|98000433:6|98000434:6|98000436:6|98000437:6|98000438:6|98000439:6|98000441:6|98000442:6|98000443:6|98000445:6|98000446:6|98000450:6|98000451:6|98000452:6|98000453:6|98000457:6|98000458:6
2020-01-14 15:13:48,670:INFO:98112451:6|98112463:6|98112471:6|98112518:6|98112561:6|98112617:6|98112651:6|98112654:6|98112681:6|98112683:6|98112685:6|98112694:6|98112714:6|98112731:6|98112741:6|98112742:6|98112745:6|98112746:6|98112749:6|98112762:6|98112764:6|98112765:6|98112794:6|98112835:6|98112836:6|98112843:6|98112851:6|98112853:6|98112854:6|98112857:6|98112861:6|98112863:6|98112873:6|98112914:6|98112917:6|98112934:6|98112935:6|98112943:6|98112946:6|98112948:6|98112951:6|98112963:6|98112964:6|98112965:6|98112967:6|98112971:6|98112974:6|98112975:6|98112982:6|98112985:6|98113127:6|98113128:6|98113146:6|98113147:6|98113148:6|98113167:6|98113192:6|98113194:6|98113205:6|98113206:6|98113207:6|98113214:6|98113217:6|98113218:6|98113219:6|98113246:6|98113251:6|98113253:6|98113257:6|98113261:6|98113267:6|98113268:6|98113271:6|98113273:6|98113274:6|98113275:6|98113276:6|98113281:6|98113283:6|98113291:6|98113295:6|98113415:6|98113416:6|98113417:6|98113419:6|98113420:6|98113425:6|98113426:6|98113427:6|98113429:6|98113452:6|98113463:6|98113469:6|98113471:6|98113472:6|98113473:6|98113475:6|98113476:6|98113491:6|98113492:6|98113497:6|98113513:6|98113516:6|98113517:6|98113518:6|98113521:6|98113526:6|98113527:6|98113528:6|98113529:6|98113541:6|98113542:6|98113543:6|98113546:6|98113547:6|98113561:6|98113564:6|98113573:6|98113576:6|98113583:6|98113587:6|98113592:6|98113594:6|98113605:6|98113607:6|98113614:6|98113615:6|98113617:6|98113618:6|98113621:6|98113623:6|98113625:6
2020-01-14 15:14:52,442:INFO:ДУГААРЫН ҮНЭ
2020-01-14 15:14:52,446:INFO:5000
2020-01-14 15:16:07,186:INFO:ДУГААРЫН ҮНЭ
2020-01-14 15:16:07,190:INFO:5000
2020-01-14 15:16:10,161:INFO:ДУГААРЫН ҮНЭ
2020-01-14 15:16:10,165:INFO:5000
2020-01-14 15:16:35,431:INFO:98120628:6|98120632:6|98120679:6|98120788:6|98120791:6|98120834:6|98120845:6|98120847:6|98120854:6|98120864:6|98120890:6|98120895:6|98120917:6|98120920:6|98120931:6|98120935:6|98120937:6|98120945:6|98120951:6|98120954:6|98120963:6|98120965:6|98120973:6|98120978:6|98121039:6|98121072:6|98121076:6|98121078:6|98121085:6|98121096:6|98121308:6|98121358:6|98121369:6|98121379:6|98121381:6|98121384:6|98121431:6|98121437:6|98121448:6|98121453:6|98121459:6|98121465:6|98121467:6|98121479:6|98121481:6|98121486:6|98121487:6|98121520:6|98121537:6|98121563:6|98121574:6|98121579:6|98121602:6|98121603:6|98121604:6|98121625:6|98121635:6|98121642:6|98121689:6|98121691:6|98121692:6|98121695:6|98121716:6|98121722:6|98121727:6|98121739:6|98121742:6|98121743:6|98121746:6|98121756:6|98121759:6|98121763:6|98121764:6|98121769:6|98121778:6|98121782:6|98121790:6|98121792:6|98121804:6|98121806:6|98121807:6|98121810:6|98121823:6|98121825:6|98121826:6|98121835:6|98121839:6|98121851:6|98121854:6|98121856:6|98121859:6|98121861:6|98121863:6|98121864:6|98121866:6|98121872:6|98121879:6|98121912:6|98121935:6|98121936:6|98121937:6|98121941:6|98121947:6|98121951:6|98121953:6|98121955:6|98121957:6|98121978:6|98121981:6|98121983:6|98121987:6|98121989:6|98121993:6|98122049:6|98122067:6|98122274:6|98122300:6|98122306:6|98122318:6|98122321:6|98122329:6|98122330:6|98122346:6|98122353:6|98122362:6|98122365:6|98122374:6|98122378:6|98122380:6|98122384:6|98122385:6|98122386:6
2020-01-14 15:16:36,535:INFO:98130025:6|98130046:6|98130049:6|98130080:6|98130115:6|98130137:6|98130158:6|98130161:6|98130163:6|98130179:6|98130187:6|98130189:6|98130194:6|98130197:6|98130214:6|98130258:6|98130263:6|98130265:6|98130293:6|98130297:6|98130341:6|98130369:6|98130374:6|98130377:6|98130381:6|98130384:6|98130385:6|98130396:6|98130397:6|98130421:6|98130429:6|98130437:6|98130438:6|98130441:6|98130442:6|98130450:6|98130459:6|98130468:6|98130470:6|98130472:6|98130474:6|98130475:6|98130478:6|98130479:6|98130482:6|98130485:6|98130486:6|98130487:6|98130488:6|98130491:6|98130495:6|98130496:6|98130511:6|98130516:6|98130532:6|98130536:6|98130537:6|98130541:6|98130543:6|98130546:6|98130547:6|98130548:6|98130549:6|98130551:6|98130552:6|98130554:6|98130558:6|98130561:6|98130562:6|98130566:6|98130569:6|98130571:6|98130574:6|98130578:6|98130581:6|98130584:6|98130591:6|98130593:6|98130595:6|98130610:6|98130624:6|98130633:6|98130637:6|98130639:6|98130642:6|98130643:6|98130645:6|98130648:6|98130649:6|98130654:6|98130656:6|98130657:6|98130658:6|98130671:6|98130673:6|98130675:6|98130680:6|98130681:6|98130682:6|98130683:6|98130684:6|98130685:6|98130687:6|98130691:6|98130692:6|98130693:6|98130694:6|98130695:6|98130696:6|98130697:6|98130698:6|98130732:6|98130734:6|98130740:6|98130744:6|98130745:6|98130746:6|98130751:6|98130752:6|98130756:6|98130758:6|98130759:6|98130762:6|98130763:6|98130764:6|98130766:6|98130769:6|98130772:6|98130774:6|98130776:6|98130781:6|98130782:6
2020-01-14 15:16:44,380:INFO:98130025:6|98130046:6|98130049:6|98130080:6|98130115:6|98130137:6|98130158:6|98130161:6|98130163:6|98130179:6|98130187:6|98130189:6|98130194:6|98130197:6|98130214:6|98130258:6|98130263:6|98130265:6|98130293:6|98130297:6|98130341:6|98130369:6|98130374:6|98130377:6|98130381:6|98130384:6|98130385:6|98130396:6|98130397:6|98130421:6|98130429:6|98130437:6|98130438:6|98130441:6|98130442:6|98130450:6|98130459:6|98130468:6|98130470:6|98130472:6|98130474:6|98130475:6|98130478:6|98130479:6|98130482:6|98130485:6|98130486:6|98130487:6|98130488:6|98130491:6|98130495:6|98130496:6|98130511:6|98130516:6|98130532:6|98130536:6|98130537:6|98130541:6|98130543:6|98130546:6|98130547:6|98130548:6|98130549:6|98130551:6|98130552:6|98130554:6|98130558:6|98130561:6|98130562:6|98130566:6|98130569:6|98130571:6|98130574:6|98130578:6|98130581:6|98130584:6|98130591:6|98130593:6|98130595:6|98130610:6|98130624:6|98130633:6|98130637:6|98130639:6|98130642:6|98130643:6|98130645:6|98130648:6|98130649:6|98130654:6|98130656:6|98130657:6|98130658:6|98130671:6|98130673:6|98130675:6|98130680:6|98130681:6|98130682:6|98130683:6|98130684:6|98130685:6|98130687:6|98130691:6|98130692:6|98130693:6|98130694:6|98130695:6|98130696:6|98130697:6|98130698:6|98130732:6|98130734:6|98130740:6|98130744:6|98130745:6|98130746:6|98130751:6|98130752:6|98130756:6|98130758:6|98130759:6|98130762:6|98130763:6|98130764:6|98130766:6|98130769:6|98130772:6|98130774:6|98130776:6|98130781:6|98130782:6
2020-01-14 15:16:46,424:INFO:РЕГИСТЕРИЙН ДУГААР
2020-01-14 15:16:50,045:INFO:ДУГААРАА СОНГОЖ БУЙ ХЭСЭГ
2020-01-14 15:16:50,045:INFO:2
2020-01-14 15:16:50,050:INFO:102
2020-01-14 15:16:50,050:INFO:['9812', '9813', '9814', '9815', '9816', '9817', '9818', '9819', '9820', '9821', '9822', '9823', '9824', '9825', '9826', '9827', '9828', '9829', '9830', '9831', '9832', '9833', '9838', '9842', '9843', '9848', '9851', '9856', '9859', '9860', '9861', '9862', '9863', '9864', '9865', '9866', '9870', '9880', '9881', '9882', '9883', '9884', '9885', '9886', '9887', '9888', '9889', '9890', '9891', '9892', '9893', '9894', '9895', '9896', '9897', '9899', '9312', '9313', '9314', '9315', '9316', '9317', '9318', '9319', '9320', '9321', '9322', '9323', '9324', '9325', '9326', '9327', '9328', '9329', '9330', '9331', '9337', '9338', '9339', '9340', '9341', '9342', '9343', '9344', '9712', '9713', '9714', '9715', '9716', '9717', '9718', '9719', '9845', '9846', '8312', '8313', '8314', '8315', '8316', '8317', '8318', '8319']
2020-01-14 15:16:51,442:INFO:ДУГААРЫН ҮНЭ
2020-01-14 15:16:51,445:INFO:5000
2020-01-14 15:16:59,421:INFO:ДУГААРАА СОНГОЖ БУЙ ХЭСЭГ
2020-01-14 15:16:59,422:INFO:7
2020-01-14 15:16:59,426:INFO:48
2020-01-14 15:16:59,427:INFO:['9800', '9809', '9810', '8300', '9700', '9300', '9301', '9302', '9303', '9304', '9305', '9306', '9307', '9308', '9309', '9310', '9801', '9802', '9803', '9804', '9805', '9806', '9807', '9808', '8301', '8302', '8303', '8304', '8305', '8306', '8307', '8308', '8309', '8310', '9701', '9702', '9703', '9704', '9705', '9706', '9707', '9708', '9709', '9710', '9811', '8311', '9711', '9311']
2020-01-14 15:17:45,884:INFO:ДУГААРАА СОНГОЖ БУЙ ХЭСЭГ
2020-01-14 15:17:45,884:INFO:7
2020-01-14 15:17:45,888:INFO:48
2020-01-14 15:17:45,889:INFO:['9800', '9809', '9810', '8300', '9700', '9300', '9301', '9302', '9303', '9304', '9305', '9306', '9307', '9308', '9309', '9310', '9801', '9802', '9803', '9804', '9805', '9806', '9807', '9808', '8301', '8302', '8303', '8304', '8305', '8306', '8307', '8308', '8309', '8310', '9701', '9702', '9703', '9704', '9705', '9706', '9707', '9708', '9709', '9710', '9811', '8311', '9711', '9311']
2020-01-14 15:17:55,287:INFO:98090021:6|98090025:6|98090026:6|98090027:6|98090031:6|98090032:6|98090034:6|98090035:6|98090037:6|98090041:6|98090043:6|98090045:6|98090046:6|98090047:6|98090051:6|98090052:6|98090053:6|98090054:6|98090056:6|98090057:6|98090061:6|98090062:6|98090063:6|98090064:6|98090067:6|98090068:6|98090071:6|98090072:6|98090073:6|98090074:6|98090076:6|98090079:6|98090081:6|98090083:6|98090084:6|98090086:6|98090087:6|98090094:6|98090106:6|98090108:6|98090109:6|98090112:6|98090113:6|98090114:6|98090115:6|98090116:6|98090118:6|98090122:6|98090124:6|98090126:6|98090127:6|98090128:6|98090129:6|98090130:6|98090131:6|98090132:6|98090134:6|98090135:6|98090136:6|98090138:6|98090139:6|98090141:6|98090142:6|98090143:6|98090144:6|98090145:6|98090146:6|98090147:6|98090148:6|98090149:6|98090150:6|98090151:6|98090152:6|98090153:6|98090154:6|98090155:6|98090156:6|98090157:6|98090158:6|98090159:6|98090160:6|98090161:6|98090162:6|98090163:6|98090164:6|98090165:6|98090166:6|98090167:6|98090168:6|98090169:6|98090170:6|98090171:6|98090172:6|98090173:6|98090174:6|98090175:6|98090176:6|98090178:6|98090179:6|98090180:6|98090181:6|98090182:6|98090183:6|98090184:6|98090185:6|98090186:6|98090187:6|98090189:6|98090191:6|98090192:6|98090193:6|98090194:6|98090195:6|98090196:6|98090197:6|98090198:6|98090200:6|98090201:6|98090204:6|98090205:6|98090207:6|98090212:6|98090213:6|98090214:6|98090215:6|98090217:6|98090218:6|98090219:6|98090221:6|98090222:6|98090223:6|98090225:6
2020-01-14 15:17:56,290:INFO:98090021:6|98090025:6|98090026:6|98090027:6|98090031:6|98090032:6|98090034:6|98090035:6|98090037:6|98090041:6|98090043:6|98090045:6|98090046:6|98090047:6|98090051:6|98090052:6|98090053:6|98090054:6|98090056:6|98090057:6|98090061:6|98090062:6|98090063:6|98090064:6|98090067:6|98090068:6|98090071:6|98090072:6|98090073:6|98090074:6|98090076:6|98090079:6|98090081:6|98090083:6|98090084:6|98090086:6|98090087:6|98090094:6|98090106:6|98090108:6|98090109:6|98090112:6|98090113:6|98090114:6|98090115:6|98090116:6|98090118:6|98090122:6|98090124:6|98090126:6|98090127:6|98090128:6|98090129:6|98090130:6|98090131:6|98090132:6|98090134:6|98090135:6|98090136:6|98090138:6|98090139:6|98090141:6|98090142:6|98090143:6|98090144:6|98090145:6|98090146:6|98090147:6|98090148:6|98090149:6|98090150:6|98090151:6|98090152:6|98090153:6|98090154:6|98090155:6|98090156:6|98090157:6|98090158:6|98090159:6|98090160:6|98090161:6|98090162:6|98090163:6|98090164:6|98090165:6|98090166:6|98090167:6|98090168:6|98090169:6|98090170:6|98090171:6|98090172:6|98090173:6|98090174:6|98090175:6|98090176:6|98090178:6|98090179:6|98090180:6|98090181:6|98090182:6|98090183:6|98090184:6|98090185:6|98090186:6|98090187:6|98090189:6|98090191:6|98090192:6|98090193:6|98090194:6|98090195:6|98090196:6|98090197:6|98090198:6|98090200:6|98090201:6|98090204:6|98090205:6|98090207:6|98090212:6|98090213:6|98090214:6|98090215:6|98090217:6|98090218:6|98090219:6|98090221:6|98090222:6|98090223:6|98090225:6
2020-01-14 15:19:02,001:INFO:РЕГИСТЕРИЙН ДУГААР
2020-01-14 15:19:40,038:INFO:ДУГААРЫН ZAHIALGA
2020-01-14 15:19:40,046:INFO:Success
2020-01-14 15:20:10,811:INFO:----------------------------------------------------------------------------------------------------
2020-01-14 15:20:11,758:INFO:ДУГААРАА СОНГОЖ БУЙ ХЭСЭГ
2020-01-14 15:20:11,758:INFO:7
2020-01-14 15:20:11,765:INFO:48
2020-01-14 15:20:11,766:INFO:['9800', '9809', '9810', '8300', '9700', '9300', '9301', '9302', '9303', '9304', '9305', '9306', '9307', '9308', '9309', '9310', '9801', '9802', '9803', '9804', '9805', '9806', '9807', '9808', '8301', '8302', '8303', '8304', '8305', '8306', '8307', '8308', '8309', '8310', '9701', '9702', '9703', '9704', '9705', '9706', '9707', '9708', '9709', '9710', '9811', '8311', '9711', '9311']
2020-01-14 15:20:12,731:INFO:ДУГААРЫН ҮНЭ
2020-01-14 15:20:12,735:INFO:10000
2020-01-14 15:20:17,491:INFO:ДУГААРЫН ҮНЭ
2020-01-14 15:20:17,495:INFO:10000
2020-01-14 15:21:49,491:INFO:----------------------------------------------------------------------------------------------------
2020-01-14 15:21:50,921:INFO:ДУГААРАА СОНГОЖ БУЙ ХЭСЭГ
2020-01-14 15:21:50,921:INFO:2
2020-01-14 15:21:50,930:INFO:102
2020-01-14 15:21:50,930:INFO:['9812', '9813', '9814', '9815', '9816', '9817', '9818', '9819', '9820', '9821', '9822', '9823', '9824', '9825', '9826', '9827', '9828', '9829', '9830', '9831', '9832', '9833', '9838', '9842', '9843', '9848', '9851', '9856', '9859', '9860', '9861', '9862', '9863', '9864', '9865', '9866', '9870', '9880', '9881', '9882', '9883', '9884', '9885', '9886', '9887', '9888', '9889', '9890', '9891', '9892', '9893', '9894', '9895', '9896', '9897', '9899', '9312', '9313', '9314', '9315', '9316', '9317', '9318', '9319', '9320', '9321', '9322', '9323', '9324', '9325', '9326', '9327', '9328', '9329', '9330', '9331', '9337', '9338', '9339', '9340', '9341', '9342', '9343', '9344', '9712', '9713', '9714', '9715', '9716', '9717', '9718', '9719', '9845', '9846', '8312', '8313', '8314', '8315', '8316', '8317', '8318', '8319']
2020-01-14 15:22:29,275:INFO:-1
2020-01-14 15:22:47,393:INFO:-1
2020-01-14 15:22:50,131:INFO:-1
2020-01-14 15:23:06,059:INFO:-1
2020-01-14 15:23:11,212:INFO:97120344:6
2020-01-14 15:23:18,661:INFO:97120244:6
2020-01-14 15:24:32,823:INFO:-1
2020-01-14 15:24:39,701:INFO:-1
2020-01-14 15:24:45,771:INFO:-1
2020-01-14 15:25:01,990:INFO:-1
2020-01-14 15:25:04,128:INFO:-1
2020-01-14 15:25:08,549:INFO:-1
2020-01-14 15:25:10,866:INFO:-1
2020-01-14 15:25:18,805:INFO:-1
2020-01-14 15:25:20,894:INFO:-1
2020-01-14 15:25:25,607:INFO:-1
2020-01-14 15:25:59,849:INFO:-1
2020-01-14 15:26:02,601:INFO:-1
2020-01-14 15:26:08,390:INFO:-1
2020-01-14 15:26:21,966:INFO:-1
2020-01-14 15:26:26,273:INFO:-1
2020-01-14 15:26:30,516:INFO:-1
2020-01-14 15:26:36,084:INFO:-1
2020-01-14 15:36:38,378:INFO:----------------------------------------------------------------------------------------------------
2020-01-14 15:36:40,084:INFO:ДУГААРАА СОНГОЖ БУЙ ХЭСЭГ
2020-01-14 15:36:40,084:INFO:2
2020-01-14 15:36:40,092:INFO:102
2020-01-14 15:36:40,092:INFO:['9812', '9813', '9814', '9815', '9816', '9817', '9818', '9819', '9820', '9821', '9822', '9823', '9824', '9825', '9826', '9827', '9828', '9829', '9830', '9831', '9832', '9833', '9838', '9842', '9843', '9848', '9851', '9856', '9859', '9860', '9861', '9862', '9863', '9864', '9865', '9866', '9870', '9880', '9881', '9882', '9883', '9884', '9885', '9886', '9887', '9888', '9889', '9890', '9891', '9892', '9893', '9894', '9895', '9896', '9897', '9899', '9312', '9313', '9314', '9315', '9316', '9317', '9318', '9319', '9320', '9321', '9322', '9323', '9324', '9325', '9326', '9327', '9328', '9329', '9330', '9331', '9337', '9338', '9339', '9340', '9341', '9342', '9343', '9344', '9712', '9713', '9714', '9715', '9716', '9717', '9718', '9719', '9845', '9846', '8312', '8313', '8314', '8315', '8316', '8317', '8318', '8319']
2020-01-14 15:36:58,924:INFO:-1
2020-01-14 16:23:18,953:INFO:----------------------------------------------------------------------------------------------------
2020-01-14 16:23:21,252:INFO:ДУГААРАА СОНГОЖ БУЙ ХЭСЭГ
2020-01-14 16:23:21,252:INFO:2
2020-01-14 16:23:21,259:INFO:102
2020-01-14 16:23:21,260:INFO:['9812', '9813', '9814', '9815', '9816', '9817', '9818', '9819', '9820', '9821', '9822', '9823', '9824', '9825', '9826', '9827', '9828', '9829', '9830', '9831', '9832', '9833', '9838', '9842', '9843', '9848', '9851', '9856', '9859', '9860', '9861', '9862', '9863', '9864', '9865', '9866', '9870', '9880', '9881', '9882', '9883', '9884', '9885', '9886', '9887', '9888', '9889', '9890', '9891', '9892', '9893', '9894', '9895', '9896', '9897', '9899', '9312', '9313', '9314', '9315', '9316', '9317', '9318', '9319', '9320', '9321', '9322', '9323', '9324', '9325', '9326', '9327', '9328', '9329', '9330', '9331', '9337', '9338', '9339', '9340', '9341', '9342', '9343', '9344', '9712', '9713', '9714', '9715', '9716', '9717', '9718', '9719', '9845', '9846', '8312', '8313', '8314', '8315', '8316', '8317', '8318', '8319']
2020-01-14 16:23:28,076:INFO:98210014:6|98210057:6|98210061:6|98210132:6|98210143:6|98210147:6|98210160:6|98210161:6|98210167:6|98210169:6|98210173:6|98210174:6|98210177:6|98210186:6|98210194:6|98210195:6|98210196:6|98210233:6|98210234:6|98210235:6|98210238:6|98210240:6|98210244:6|98210246:6|98210248:6|98210251:6|98210253:6|98210256:6|98210258:6|98210259:6|98210261:6|98210264:6|98210265:6|98210272:6|98210273:6|98210276:6|98210278:6|98210279:6|98210281:6|98210284:6|98210286:6|98210292:6|98210293:6|98210294:6|98210297:6|98210324:6|98210327:6|98210338:6|98210339:6|98210340:6|98210341:6|98210346:6|98210348:6|98210349:6|98210351:6|98210352:6|98210356:6|98210357:6|98210358:6|98210359:6|98210360:6|98210361:6|98210362:6|98210364:6|98210365:6|98210370:6|98210372:6|98210374:6|98210375:6|98210377:6|98210379:6|98210380:6|98210381:6|98210382:6|98210383:6|98210384:6|98210385:6|98210386:6|98210392:6|98210394:6|98210395:6|98210396:6|98210397:6|98210398:6|98210431:6|98210432:6|98210433:6|98210435:6|98210437:6|98210438:6|98210439:6|98210446:6|98210447:6|98210450:6|98210452:6|98210453:6|98210455:6|98210456:6|98210457:6|98210461:6|98210462:6|98210463:6|98210465:6|98210466:6|98210469:6|98210470:6|98210471:6|98210472:6|98210473:6|98210475:6|98210476:6|98210477:6|98210478:6|98210481:6|98210482:6|98210483:6|98210485:6|98210487:6|98210488:6|98210489:6|98210490:6|98210496:6|98210497:6|98210521:6|98210526:6|98210533:6|98210534:6|98210537:6|98210539:6|98210541:6|98210543:6|98210546:6
2020-01-14 16:24:40,499:INFO:98124728:6
2020-01-14 16:24:53,475:INFO:98124729:6
2020-01-14 16:25:39,591:INFO:97124729:6
2020-01-14 16:25:43,014:INFO:97124729:6
2020-01-14 16:25:51,774:INFO:93124729:6
2020-01-14 16:26:09,312:INFO:----------------------------------------------------------------------------------------------------
2020-01-14 16:26:23,762:INFO:----------------------------------------------------------------------------------------------------
2020-01-14 16:26:30,809:INFO:-1
2020-01-14 16:26:38,348:INFO:-1
2020-01-14 16:26:45,026:INFO:-1
2020-01-14 16:26:50,810:INFO:-1
2020-01-14 16:26:51,780:INFO:-1
2020-01-14 16:27:44,556:INFO:-1
2020-01-14 16:27:51,920:INFO:-1
2020-01-14 16:28:02,736:INFO:-1
2020-01-14 16:28:06,126:INFO:ДУГААРАА СОНГОЖ БУЙ ХЭСЭГ
2020-01-14 16:28:06,126:INFO:2
2020-01-14 16:28:06,134:INFO:102
2020-01-14 16:28:06,134:INFO:['9812', '9813', '9814', '9815', '9816', '9817', '9818', '9819', '9820', '9821', '9822', '9823', '9824', '9825', '9826', '9827', '9828', '9829', '9830', '9831', '9832', '9833', '9838', '9842', '9843', '9848', '9851', '9856', '9859', '9860', '9861', '9862', '9863', '9864', '9865', '9866', '9870', '9880', '9881', '9882', '9883', '9884', '9885', '9886', '9887', '9888', '9889', '9890', '9891', '9892', '9893', '9894', '9895', '9896', '9897', '9899', '9312', '9313', '9314', '9315', '9316', '9317', '9318', '9319', '9320', '9321', '9322', '9323', '9324', '9325', '9326', '9327', '9328', '9329', '9330', '9331', '9337', '9338', '9339', '9340', '9341', '9342', '9343', '9344', '9712', '9713', '9714', '9715', '9716', '9717', '9718', '9719', '9845', '9846', '8312', '8313', '8314', '8315', '8316', '8317', '8318', '8319']
2020-01-14 16:28:07,690:INFO:-1
2020-01-14 16:28:11,939:INFO:-1
2020-01-14 16:28:17,455:INFO:-1
2020-01-14 16:28:51,251:INFO:----------------------------------------------------------------------------------------------------
2020-01-14 16:29:36,387:INFO:----------------------------------------------------------------------------------------------------
2020-01-14 16:29:48,217:INFO:ДУГААРАА СОНГОЖ БУЙ ХЭСЭГ
2020-01-14 16:29:48,218:INFO:2
2020-01-14 16:29:48,223:INFO:102
2020-01-14 16:29:48,224:INFO:['9812', '9813', '9814', '9815', '9816', '9817', '9818', '9819', '9820', '9821', '9822', '9823', '9824', '9825', '9826', '9827', '9828', '9829', '9830', '9831', '9832', '9833', '9838', '9842', '9843', '9848', '9851', '9856', '9859', '9860', '9861', '9862', '9863', '9864', '9865', '9866', '9870', '9880', '9881', '9882', '9883', '9884', '9885', '9886', '9887', '9888', '9889', '9890', '9891', '9892', '9893', '9894', '9895', '9896', '9897', '9899', '9312', '9313', '9314', '9315', '9316', '9317', '9318', '9319', '9320', '9321', '9322', '9323', '9324', '9325', '9326', '9327', '9328', '9329', '9330', '9331', '9337', '9338', '9339', '9340', '9341', '9342', '9343', '9344', '9712', '9713', '9714', '9715', '9716', '9717', '9718', '9719', '9845', '9846', '8312', '8313', '8314', '8315', '8316', '8317', '8318', '8319']
2020-01-14 16:30:09,609:INFO:-1
2020-01-14 16:30:13,660:INFO:-1
2020-01-14 16:30:26,810:INFO:-1
2020-01-14 16:30:33,452:INFO:-1
2020-01-14 16:30:36,139:INFO:-1
2020-01-14 16:30:42,451:INFO:-1
2020-01-14 16:30:45,415:INFO:-1
2020-01-14 16:31:10,875:INFO:-1
2020-01-14 16:31:12,274:INFO:-1
2020-01-14 16:31:14,431:INFO:-1
2020-01-14 16:31:34,587:INFO:-1
2020-01-14 16:31:42,266:INFO:-1
2020-01-14 16:31:45,241:INFO:-1
2020-01-14 16:31:53,451:INFO:-1
2020-01-14 16:32:01,636:INFO:-1
2020-01-14 16:32:07,900:INFO:-1
2020-01-14 16:32:56,812:INFO:----------------------------------------------------------------------------------------------------
2020-01-14 16:33:19,462:INFO:----------------------------------------------------------------------------------------------------
2020-01-14 16:33:21,733:INFO:ДУГААРАА СОНГОЖ БУЙ ХЭСЭГ
2020-01-14 16:33:21,733:INFO:2
2020-01-14 16:33:21,739:INFO:102
2020-01-14 16:33:21,740:INFO:['9812', '9813', '9814', '9815', '9816', '9817', '9818', '9819', '9820', '9821', '9822', '9823', '9824', '9825', '9826', '9827', '9828', '9829', '9830', '9831', '9832', '9833', '9838', '9842', '9843', '9848', '9851', '9856', '9859', '9860', '9861', '9862', '9863', '9864', '9865', '9866', '9870', '9880', '9881', '9882', '9883', '9884', '9885', '9886', '9887', '9888', '9889', '9890', '9891', '9892', '9893', '9894', '9895', '9896', '9897', '9899', '9312', '9313', '9314', '9315', '9316', '9317', '9318', '9319', '9320', '9321', '9322', '9323', '9324', '9325', '9326', '9327', '9328', '9329', '9330', '9331', '9337', '9338', '9339', '9340', '9341', '9342', '9343', '9344', '9712', '9713', '9714', '9715', '9716', '9717', '9718', '9719', '9845', '9846', '8312', '8313', '8314', '8315', '8316', '8317', '8318', '8319']
2020-01-14 16:33:50,238:INFO:----------------------------------------------------------------------------------------------------
2020-01-14 16:33:50,763:INFO:----------------------------------------------------------------------------------------------------
2020-01-14 16:34:09,992:INFO:----------------------------------------------------------------------------------------------------
2020-01-14 16:34:12,302:INFO:ДУГААРАА СОНГОЖ БУЙ ХЭСЭГ
2020-01-14 16:34:12,303:INFO:2
2020-01-14 16:34:12,310:INFO:102
2020-01-14 16:34:12,311:INFO:['9812', '9813', '9814', '9815', '9816', '9817', '9818', '9819', '9820', '9821', '9822', '9823', '9824', '9825', '9826', '9827', '9828', '9829', '9830', '9831', '9832', '9833', '9838', '9842', '9843', '9848', '9851', '9856', '9859', '9860', '9861', '9862', '9863', '9864', '9865', '9866', '9870', '9880', '9881', '9882', '9883', '9884', '9885', '9886', '9887', '9888', '9889', '9890', '9891', '9892', '9893', '9894', '9895', '9896', '9897', '9899', '9312', '9313', '9314', '9315', '9316', '9317', '9318', '9319', '9320', '9321', '9322', '9323', '9324', '9325', '9326', '9327', '9328', '9329', '9330', '9331', '9337', '9338', '9339', '9340', '9341', '9342', '9343', '9344', '9712', '9713', '9714', '9715', '9716', '9717', '9718', '9719', '9845', '9846', '8312', '8313', '8314', '8315', '8316', '8317', '8318', '8319']
2020-01-14 16:34:23,404:INFO:-1
2020-01-14 16:34:27,428:INFO:-1
2020-01-14 16:34:34,248:INFO:-1
2020-01-14 16:34:38,471:INFO:-1
2020-01-14 16:34:50,316:INFO:-1
2020-01-14 16:34:56,034:INFO:-1
2020-01-14 16:35:05,824:INFO:----------------------------------------------------------------------------------------------------
2020-01-14 16:35:07,914:INFO:ДУГААРАА СОНГОЖ БУЙ ХЭСЭГ
2020-01-14 16:35:07,914:INFO:2
2020-01-14 16:35:07,922:INFO:102
2020-01-14 16:35:07,922:INFO:['9812', '9813', '9814', '9815', '9816', '9817', '9818', '9819', '9820', '9821', '9822', '9823', '9824', '9825', '9826', '9827', '9828', '9829', '9830', '9831', '9832', '9833', '9838', '9842', '9843', '9848', '9851', '9856', '9859', '9860', '9861', '9862', '9863', '9864', '9865', '9866', '9870', '9880', '9881', '9882', '9883', '9884', '9885', '9886', '9887', '9888', '9889', '9890', '9891', '9892', '9893', '9894', '9895', '9896', '9897', '9899', '9312', '9313', '9314', '9315', '9316', '9317', '9318', '9319', '9320', '9321', '9322', '9323', '9324', '9325', '9326', '9327', '9328', '9329', '9330', '9331', '9337', '9338', '9339', '9340', '9341', '9342', '9343', '9344', '9712', '9713', '9714', '9715', '9716', '9717', '9718', '9719', '9845', '9846', '8312', '8313', '8314', '8315', '8316', '8317', '8318', '8319']
2020-01-14 16:35:26,861:INFO:----------------------------------------------------------------------------------------------------
2020-01-14 16:35:29,322:INFO:ДУГААРАА СОНГОЖ БУЙ ХЭСЭГ
2020-01-14 16:35:29,322:INFO:2
2020-01-14 16:35:29,328:INFO:102
2020-01-14 16:35:29,328:INFO:['9812', '9813', '9814', '9815', '9816', '9817', '9818', '9819', '9820', '9821', '9822', '9823', '9824', '9825', '9826', '9827', '9828', '9829', '9830', '9831', '9832', '9833', '9838', '9842', '9843', '9848', '9851', '9856', '9859', '9860', '9861', '9862', '9863', '9864', '9865', '9866', '9870', '9880', '9881', '9882', '9883', '9884', '9885', '9886', '9887', '9888', '9889', '9890', '9891', '9892', '9893', '9894', '9895', '9896', '9897', '9899', '9312', '9313', '9314', '9315', '9316', '9317', '9318', '9319', '9320', '9321', '9322', '9323', '9324', '9325', '9326', '9327', '9328', '9329', '9330', '9331', '9337', '9338', '9339', '9340', '9341', '9342', '9343', '9344', '9712', '9713', '9714', '9715', '9716', '9717', '9718', '9719', '9845', '9846', '8312', '8313', '8314', '8315', '8316', '8317', '8318', '8319']
2020-01-14 16:35:32,998:INFO:-1
2020-01-14 16:35:40,517:INFO:-1
2020-01-14 16:35:49,490:INFO:-1
2020-01-14 16:35:51,279:INFO:-1
2020-01-14 16:35:56,153:INFO:-1
2020-01-14 16:35:58,520:INFO:-1
2020-01-14 16:36:00,151:INFO:-1
2020-01-14 16:36:01,533:INFO:-1
2020-01-14 16:36:02,931:INFO:-1
2020-01-14 16:36:03,915:INFO:98124310:6|98125310:6|98127310:6|98128310:6|98129310:6
2020-01-14 16:36:04,091:INFO:-1
2020-01-14 16:36:05,163:INFO:-1
2020-01-14 16:36:06,816:INFO:-1
2020-01-14 16:36:18,836:INFO:----------------------------------------------------------------------------------------------------
2020-01-14 16:36:21,276:INFO:98335310:6|98337310:6|98339310:6
2020-01-14 16:36:22,396:INFO:ДУГААРАА СОНГОЖ БУЙ ХЭСЭГ
2020-01-14 16:36:22,396:INFO:2
2020-01-14 16:36:22,402:INFO:102
2020-01-14 16:36:22,402:INFO:['9812', '9813', '9814', '9815', '9816', '9817', '9818', '9819', '9820', '9821', '9822', '9823', '9824', '9825', '9826', '9827', '9828', '9829', '9830', '9831', '9832', '9833', '9838', '9842', '9843', '9848', '9851', '9856', '9859', '9860', '9861', '9862', '9863', '9864', '9865', '9866', '9870', '9880', '9881', '9882', '9883', '9884', '9885', '9886', '9887', '9888', '9889', '9890', '9891', '9892', '9893', '9894', '9895', '9896', '9897', '9899', '9312', '9313', '9314', '9315', '9316', '9317', '9318', '9319', '9320', '9321', '9322', '9323', '9324', '9325', '9326', '9327', '9328', '9329', '9330', '9331', '9337', '9338', '9339', '9340', '9341', '9342', '9343', '9344', '9712', '9713', '9714', '9715', '9716', '9717', '9718', '9719', '9845', '9846', '8312', '8313', '8314', '8315', '8316', '8317', '8318', '8319']
2020-01-14 16:36:25,458:INFO:-1
2020-01-14 16:36:31,575:INFO:98124310:6|98125310:6|98127310:6|98128310:6|98129310:6
2020-01-14 16:36:32,533:INFO:-1
2020-01-14 16:36:39,693:INFO:-1
2020-01-14 16:36:40,688:INFO:-1
2020-01-14 16:36:45,306:INFO:-1
2020-01-14 16:36:47,744:INFO:-1
2020-01-14 16:36:48,255:INFO:97125017:6
2020-01-14 16:36:49,132:INFO:-1
2020-01-14 16:37:09,478:INFO:93125017:6
2020-01-14 16:37:20,453:INFO:-1
2020-01-14 16:37:23,514:INFO:-1
2020-01-14 16:37:31,544:INFO:-1
2020-01-14 16:37:33,261:INFO:-1
2020-01-14 16:37:37,706:INFO:97125260:6
2020-01-14 16:38:42,695:INFO:-1
2020-01-14 16:38:50,106:INFO:-1
2020-01-14 16:38:53,073:INFO:-1
2020-01-14 16:38:55,720:INFO:-1
2020-01-14 16:39:01,484:INFO:93120626:6
2020-01-14 16:39:03,268:INFO:93120626:6
2020-01-14 16:39:58,571:INFO:93122918:6
2020-01-14 16:40:10,066:INFO:-1
2020-01-14 16:40:21,331:INFO:-1
2020-01-14 16:40:32,296:INFO:-1
2020-01-14 16:41:31,939:INFO:----------------------------------------------------------------------------------------------------
2020-01-14 16:41:33,939:INFO:ДУГААРАА СОНГОЖ БУЙ ХЭСЭГ
2020-01-14 16:41:33,939:INFO:2
2020-01-14 16:41:33,945:INFO:102
2020-01-14 16:41:33,945:INFO:['9812', '9813', '9814', '9815', '9816', '9817', '9818', '9819', '9820', '9821', '9822', '9823', '9824', '9825', '9826', '9827', '9828', '9829', '9830', '9831', '9832', '9833', '9838', '9842', '9843', '9848', '9851', '9856', '9859', '9860', '9861', '9862', '9863', '9864', '9865', '9866', '9870', '9880', '9881', '9882', '9883', '9884', '9885', '9886', '9887', '9888', '9889', '9890', '9891', '9892', '9893', '9894', '9895', '9896', '9897', '9899', '9312', '9313', '9314', '9315', '9316', '9317', '9318', '9319', '9320', '9321', '9322', '9323', '9324', '9325', '9326', '9327', '9328', '9329', '9330', '9331', '9337', '9338', '9339', '9340', '9341', '9342', '9343', '9344', '9712', '9713', '9714', '9715', '9716', '9717', '9718', '9719', '9845', '9846', '8312', '8313', '8314', '8315', '8316', '8317', '8318', '8319']
2020-01-14 16:41:45,931:INFO:98881402:6|98881427:6|98881463:6|98881527:6|98881652:6|98881692:6|98881704:6|98881724:6|98881754:6|98881762:6|98881793:6|98881795:6|98881826:6|98881827:6|98881842:6|98882056:6|98882061:6|98882130:6|98882143:6|98882147:6|98882154:6|98882162:6|98882171:6|98882172:6|98882173:6|98882175:6|98882315:6|98882316:6|98882340:6|98882356:6|98882357:6|98882361:6|98882365:6|98882370:6|98882372:6|98882376:6|98882381:6|98882391:6|98882397:6|98882412:6|98882413:6|98882416:6|98882417:6|98882437:6|98882451:6|98882453:6|98882492:6|98882507:6|98882511:6|98882516:6|98882517:6|98882536:6|98882540:6|98882541:6|98882571:6|98882580:6|98882593:6|98882595:6|98882637:6|98882645:6|98882647:6|98882673:6|98882674:6|98882693:6|98882715:6|98882730:6|98882734:6|98882753:6|98882763:6|98882774:6|98882781:6|98882782:6|98882785:6|98882794:6|98882814:6|98882843:6|98882854:6|98882932:6|98882937:6|98882947:6|98882951:6|98882954:6|98882964:6|98882972:6|98883024:6|98883027:6|98883052:6|98883069:6|98883082:6|98883084:6|98883142:6|98883152:6|98883154:6|98883165:6|98883167:6|98883172:6|98883184:6|98883192:6|98883201:6|98883217:6|98883245:6|98883246:6|98883253:6|98883254:6|98883257:6|98883265:6|98883275:6|98883290:6|98883402:6|98883441:6|98883445:6|98883451:6|98883460:6|98883467:6|98883470:6|98883476:6|98883491:6|98883493:6|98883495:6|98883503:6|98883512:6|98883517:6|98883523:6|98883524:6|98883526:6|98883530:6|98883547:6|98883556:6|98883562:6|98883563:6|98883571:6|98883582:6
2020-01-14 16:42:48,428:INFO:-1
2020-01-14 16:42:56,540:INFO:97126012:6
2020-01-14 16:58:36,653:INFO:----------------------------------------------------------------------------------------------------
2020-01-14 16:58:37,917:INFO:ДУГААРАА СОНГОЖ БУЙ ХЭСЭГ
2020-01-14 16:58:37,917:INFO:2
2020-01-14 16:58:37,923:INFO:102
2020-01-14 16:58:37,923:INFO:['9812', '9813', '9814', '9815', '9816', '9817', '9818', '9819', '9820', '9821', '9822', '9823', '9824', '9825', '9826', '9827', '9828', '9829', '9830', '9831', '9832', '9833', '9838', '9842', '9843', '9848', '9851', '9856', '9859', '9860', '9861', '9862', '9863', '9864', '9865', '9866', '9870', '9880', '9881', '9882', '9883', '9884', '9885', '9886', '9887', '9888', '9889', '9890', '9891', '9892', '9893', '9894', '9895', '9896', '9897', '9899', '9312', '9313', '9314', '9315', '9316', '9317', '9318', '9319', '9320', '9321', '9322', '9323', '9324', '9325', '9326', '9327', '9328', '9329', '9330', '9331', '9337', '9338', '9339', '9340', '9341', '9342', '9343', '9344', '9712', '9713', '9714', '9715', '9716', '9717', '9718', '9719', '9845', '9846', '8312', '8313', '8314', '8315', '8316', '8317', '8318', '8319']
2020-01-14 16:58:55,036:INFO:98129508:6
2020-01-14 17:10:20,063:INFO:----------------------------------------------------------------------------------------------------
2020-01-14 17:10:30,665:INFO:ДУГААРАА СОНГОЖ БУЙ ХЭСЭГ
2020-01-14 17:10:30,665:INFO:2
2020-01-14 17:10:30,675:INFO:102
2020-01-14 17:10:30,675:INFO:['9812', '9813', '9814', '9815', '9816', '9817', '9818', '9819', '9820', '9821', '9822', '9823', '9824', '9825', '9826', '9827', '9828', '9829', '9830', '9831', '9832', '9833', '9838', '9842', '9843', '9848', '9851', '9856', '9859', '9860', '9861', '9862', '9863', '9864', '9865', '9866', '9870', '9880', '9881', '9882', '9883', '9884', '9885', '9886', '9887', '9888', '9889', '9890', '9891', '9892', '9893', '9894', '9895', '9896', '9897', '9899', '9312', '9313', '9314', '9315', '9316', '9317', '9318', '9319', '9320', '9321', '9322', '9323', '9324', '9325', '9326', '9327', '9328', '9329', '9330', '9331', '9337', '9338', '9339', '9340', '9341', '9342', '9343', '9344', '9712', '9713', '9714', '9715', '9716', '9717', '9718', '9719', '9845', '9846', '8312', '8313', '8314', '8315', '8316', '8317', '8318', '8319']
2020-01-14 17:10:31,024:INFO:ДУГААРАА СОНГОЖ БУЙ ХЭСЭГ
2020-01-14 17:10:31,025:INFO:2
2020-01-14 17:10:31,032:INFO:102
2020-01-14 17:10:31,032:INFO:['9812', '9813', '9814', '9815', '9816', '9817', '9818', '9819', '9820', '9821', '9822', '9823', '9824', '9825', '9826', '9827', '9828', '9829', '9830', '9831', '9832', '9833', '9838', '9842', '9843', '9848', '9851', '9856', '9859', '9860', '9861', '9862', '9863', '9864', '9865', '9866', '9870', '9880', '9881', '9882', '9883', '9884', '9885', '9886', '9887', '9888', '9889', '9890', '9891', '9892', '9893', '9894', '9895', '9896', '9897', '9899', '9312', '9313', '9314', '9315', '9316', '9317', '9318', '9319', '9320', '9321', '9322', '9323', '9324', '9325', '9326', '9327', '9328', '9329', '9330', '9331', '9337', '9338', '9339', '9340', '9341', '9342', '9343', '9344', '9712', '9713', '9714', '9715', '9716', '9717', '9718', '9719', '9845', '9846', '8312', '8313', '8314', '8315', '8316', '8317', '8318', '8319']
2020-01-14 17:10:51,968:INFO:-1
2020-01-14 17:11:03,309:INFO:97128911:6
2020-01-14 17:13:11,422:INFO:98123517:6
2020-01-14 17:13:20,435:INFO:97123517:6
2020-01-14 17:13:31,427:INFO:93123517:6
2020-01-14 17:13:45,090:INFO:-1
2020-01-14 17:13:48,933:INFO:-1
2020-01-14 17:13:52,711:INFO:98183517:6
2020-01-14 17:47:58,754:INFO:----------------------------------------------------------------------------------------------------
2020-01-14 17:48:01,145:INFO:ДУГААРАА СОНГОЖ БУЙ ХЭСЭГ
2020-01-14 17:48:01,146:INFO:2
2020-01-14 17:48:01,152:INFO:102
2020-01-14 17:48:01,152:INFO:['9812', '9813', '9814', '9815', '9816', '9817', '9818', '9819', '9820', '9821', '9822', '9823', '9824', '9825', '9826', '9827', '9828', '9829', '9830', '9831', '9832', '9833', '9838', '9842', '9843', '9848', '9851', '9856', '9859', '9860', '9861', '9862', '9863', '9864', '9865', '9866', '9870', '9880', '9881', '9882', '9883', '9884', '9885', '9886', '9887', '9888', '9889', '9890', '9891', '9892', '9893', '9894', '9895', '9896', '9897', '9899', '9312', '9313', '9314', '9315', '9316', '9317', '9318', '9319', '9320', '9321', '9322', '9323', '9324', '9325', '9326', '9327', '9328', '9329', '9330', '9331', '9337', '9338', '9339', '9340', '9341', '9342', '9343', '9344', '9712', '9713', '9714', '9715', '9716', '9717', '9718', '9719', '9845', '9846', '8312', '8313', '8314', '8315', '8316', '8317', '8318', '8319']
2020-01-14 19:02:16,649:ERROR:Invalid HTTP_HOST header: u'DugaarShuult:8000'. You may need to add u'dugaarshuult' to ALLOWED_HOSTS.
2020-01-14 19:44:53,781:WARNING:Not Found: /
2020-01-14 19:44:54,975:WARNING:Not Found: /favicon.ico
2020-01-14 22:03:44,550:INFO:----------------------------------------------------------------------------------------------------
