2020-02-04 10:34:57,791:INFO:----------------------------------------------------------------------------------------------------
2020-02-04 11:58:29,868:ERROR:Invalid HTTP_HOST header: u'DugaarShuult:8000'. You may need to add u'dugaarshuult' to ALLOWED_HOSTS.
2020-02-04 13:48:10,935:WARNING:Not Found: /
2020-02-04 16:24:16,797:INFO:ДУГААРАА СОНГОЖ БУЙ ХЭСЭГ
2020-02-04 16:24:16,798:INFO:2
2020-02-04 16:24:16,808:INFO:114
2020-02-04 16:24:16,808:INFO:['8312', '8313', '8314', '8315', '8316', '8317', '8318', '8319', '9312', '9313', '9314', '9315', '9316', '9317', '9318', '9319', '9320', '9321', '9322', '9323', '9324', '9325', '9326', '9327', '9328', '9329', '9330', '9331', '9332', '9333', '9334', '9335', '9336', '9337', '9338', '9339', '9340', '9341', '9342', '9343', '9344', '9345', '9346', '9347', '9712', '9713', '9714', '9715', '9716', '9717', '9718', '9719', '9812', '9813', '9814', '9815', '9816', '9817', '9818', '9819', '9820', '9821', '9822', '9823', '9824', '9825', '9826', '9827', '9828', '9829', '9830', '9831', '9832', '9833', '9837', '9838', '9842', '9843', '9845', '9846', '9847', '9848', '9851', '9856', '9859', '9860', '9861', '9862', '9863', '9864', '9865', '9866', '9867', '9870', '9880', '9881', '9882', '9883', '9884', '9885', '9886', '9887', '9888', '9889', '9890', '9891', '9892', '9893', '9894', '9895', '9896', '9897', '9898', '9899']
2020-02-04 16:24:17,012:WARNING:Not Found: /favicon.ico
2020-02-04 16:24:25,255:INFO:83180037:6|83180043:6|83180063:6|83180074:6|83180086:6|83180105:6|83180111:6|83180119:6|83180124:6|83180131:6|83180139:6|83180142:6|83180143:6|83180152:6|83180154:6|83180155:6|83180156:6|83180159:6|83180161:6|83180164:6|83180165:6|83180173:6|83180176:6|83180177:6|83180178:6|83180179:6|83180191:6|83180217:6|83180219:6|83180229:6|83180236:6|83180246:6|83180250:6|83180251:6|83180253:6|83180255:6|83180257:6|83180261:6|83180263:6|83180264:6|83180265:6|83180267:6|83180268:6|83180269:6|83180271:6|83180272:6|83180273:6|83180274:6|83180275:6|83180276:6|83180286:6|83180287:6|83180289:6|83180291:6|83180292:6|83180293:6|83180294:6|83180295:6|83180296:6|83180298:6|83180300:6|83180312:6|83180314:6|83180315:6|83180321:6|83180325:6|83180326:6|83180327:6|83180329:6|83180331:6|83180332:6|83180334:6|83180335:6|83180336:6|83180337:6|83180341:6|83180342:6|83180345:6|83180346:6|83180347:6|83180348:6|83180349:6|83180350:6|83180351:6|83180352:6|83180353:6|83180354:6|83180355:6|83180356:6|83180357:6|83180358:6|83180359:6|83180360:6|83180362:6|83180364:6|83180365:6|83180367:6|83180368:6|83180369:6|83180370:6|83180371:6|83180372:6|83180373:6|83180374:6|83180375:6|83180376:6|83180377:6|83180378:6|83180381:6|83180382:6|83180386:6|83180387:6|83180390:6|83180392:6|83180394:6|83180396:6|83180397:6|83180399:6|83180402:6|83180410:6|83180412:6|83180414:6|83180417:6|83180425:6|83180427:6|83180428:6|83180431:6|83180432:6|83180433:6|83180434:6|83180435:6|83180436:6
2020-02-04 16:25:09,071:WARNING:Not Found: /
2020-02-04 16:25:09,131:WARNING:Not Found: /favicon.ico
2020-02-04 18:49:27,689:WARNING:Not Found: /
2020-02-04 18:49:28,124:ERROR:Invalid HTTP_HOST header: 'www.msftncsi.com'. You may need to add u'www.msftncsi.com' to ALLOWED_HOSTS.
2020-02-04 18:49:29,043:ERROR:Invalid HTTP_HOST header: 'www.msftncsi.com'. You may need to add u'www.msftncsi.com' to ALLOWED_HOSTS.
2020-02-04 18:49:29,962:ERROR:Invalid HTTP_HOST header: 'www.msftncsi.com'. You may need to add u'www.msftncsi.com' to ALLOWED_HOSTS.
2020-02-04 18:49:30,904:WARNING:Not Found: /HNAP1/
2020-02-04 18:49:31,312:WARNING:Not Found: /hudson/script
2020-02-04 18:49:31,758:WARNING:Not Found: /script
2020-02-04 18:49:32,177:WARNING:Not Found: /sqlite/main.php
2020-02-04 18:49:32,628:WARNING:Not Found: /sqlitemanager/main.php
2020-02-04 18:49:33,079:WARNING:Not Found: /SQLiteManager/main.php
2020-02-04 18:49:33,515:WARNING:Not Found: /SQLite/main.php
2020-02-04 18:49:33,926:WARNING:Not Found: /SQlite/main.php
2020-02-04 18:49:34,357:WARNING:Not Found: /main.php
2020-02-04 18:49:34,764:WARNING:Not Found: /test/sqlite/SQLiteManager-1.2.0/SQLiteManager-1.2.0/main.php
2020-02-04 18:49:35,201:WARNING:Not Found: /SQLiteManager-1.2.4/main.php
2020-02-04 18:49:35,607:WARNING:Not Found: /agSearch/SQlite/main.php
2020-02-04 18:49:36,041:WARNING:Not Found: /phpmyadmin/
2020-02-04 18:49:36,448:WARNING:Not Found: /phpMyAdmin/
2020-02-04 18:49:36,852:WARNING:Not Found: /PMA/
2020-02-04 18:49:37,256:WARNING:Not Found: /pma/
2020-02-04 18:49:38,663:WARNING:Not Found: /dbadmin/
2020-02-04 18:49:39,065:WARNING:Not Found: /mysql/
2020-02-04 18:49:39,522:WARNING:Not Found: /myadmin/
2020-02-04 18:49:39,974:WARNING:Not Found: /openserver/phpmyadmin/
2020-02-04 18:49:40,412:WARNING:Not Found: /phpmyadmin2/
2020-02-04 18:49:40,822:WARNING:Not Found: /phpMyAdmin2/
2020-02-04 18:49:41,233:WARNING:Not Found: /phpMyAdmin-2/
2020-02-04 18:49:41,666:WARNING:Not Found: /php-my-admin/
2020-02-04 18:49:42,074:WARNING:Not Found: /phpMyAdmin-2.2.3/
2020-02-04 18:49:42,481:WARNING:Not Found: /phpMyAdmin-2.2.6/
2020-02-04 18:49:42,886:WARNING:Not Found: /phpMyAdmin-2.5.1/
2020-02-04 18:49:43,290:WARNING:Not Found: /phpMyAdmin-2.5.4/
2020-02-04 18:49:43,697:WARNING:Not Found: /phpMyAdmin-2.5.5-rc1/
2020-02-04 18:49:44,105:WARNING:Not Found: /phpMyAdmin-2.5.5-rc2/
2020-02-04 18:49:44,510:WARNING:Not Found: /phpMyAdmin-2.5.5/
2020-02-04 18:49:44,918:WARNING:Not Found: /phpMyAdmin-2.5.5-pl1/
2020-02-04 18:49:45,326:WARNING:Not Found: /phpMyAdmin-2.5.6-rc1/
2020-02-04 18:49:45,731:WARNING:Not Found: /phpMyAdmin-2.5.6-rc2/
2020-02-04 18:49:46,172:WARNING:Not Found: /phpMyAdmin-2.5.6/
2020-02-04 18:49:46,579:WARNING:Not Found: /phpMyAdmin-2.5.7/
2020-02-04 18:49:47,028:WARNING:Not Found: /phpMyAdmin-2.5.7-pl1/
2020-02-04 18:49:47,441:WARNING:Not Found: /phpMyAdmin-2.6.0-alpha/
2020-02-04 18:49:47,882:WARNING:Not Found: /phpMyAdmin-2.6.0-alpha2/
2020-02-04 18:49:48,291:WARNING:Not Found: /phpMyAdmin-2.6.0-beta1/
2020-02-04 18:49:48,706:WARNING:Not Found: /phpMyAdmin-2.6.0-beta2/
2020-02-04 18:49:49,112:WARNING:Not Found: /phpMyAdmin-2.6.0-rc1/
2020-02-04 18:49:49,547:WARNING:Not Found: /phpMyAdmin-2.6.0-rc2/
2020-02-04 18:49:49,953:WARNING:Not Found: /phpMyAdmin-2.6.0-rc3/
2020-02-04 18:49:50,360:WARNING:Not Found: /phpMyAdmin-2.6.0/
2020-02-04 18:49:50,793:WARNING:Not Found: /phpMyAdmin-2.6.0-pl1/
2020-02-04 18:49:51,233:WARNING:Not Found: /phpMyAdmin-2.6.0-pl2/
2020-02-04 18:49:51,643:WARNING:Not Found: /phpMyAdmin-2.6.0-pl3/
2020-02-04 18:49:52,050:WARNING:Not Found: /phpMyAdmin-2.6.1-rc1/
2020-02-04 18:49:52,468:WARNING:Not Found: /phpMyAdmin-2.6.1-rc2/
2020-02-04 18:49:52,910:WARNING:Not Found: /phpMyAdmin-2.6.1/
2020-02-04 18:49:53,316:WARNING:Not Found: /phpMyAdmin-2.6.1-pl1/
2020-02-04 18:49:53,750:WARNING:Not Found: /phpMyAdmin-2.6.1-pl2/
2020-02-04 18:49:54,190:WARNING:Not Found: /phpMyAdmin-2.6.1-pl3/
2020-02-04 18:49:54,599:WARNING:Not Found: /phpMyAdmin-2.6.2-rc1/
2020-02-04 18:49:55,010:WARNING:Not Found: /phpMyAdmin-2.6.2-beta1/
2020-02-04 18:49:55,418:WARNING:Not Found: /phpMyAdmin-2.6.2-rc1/
2020-02-04 18:49:55,851:WARNING:Not Found: /phpMyAdmin-2.6.2/
2020-02-04 18:49:56,290:WARNING:Not Found: /phpMyAdmin-2.6.2-pl1/
2020-02-04 18:49:56,743:WARNING:Not Found: /phpMyAdmin-2.6.3/
2020-02-04 18:49:57,159:WARNING:Not Found: /phpMyAdmin-2.6.3-rc1/
2020-02-04 18:49:57,603:WARNING:Not Found: /phpMyAdmin-2.6.3/
2020-02-04 18:49:58,054:WARNING:Not Found: /phpMyAdmin-2.6.3-pl1/
2020-02-04 18:49:58,464:WARNING:Not Found: /phpMyAdmin-2.6.4-rc1/
2020-02-04 18:49:58,867:WARNING:Not Found: /phpMyAdmin-2.6.4-pl1/
2020-02-04 18:49:59,302:WARNING:Not Found: /phpMyAdmin-2.6.4-pl2/
2020-02-04 18:49:59,707:WARNING:Not Found: /phpMyAdmin-2.6.4-pl3/
2020-02-04 18:50:00,157:WARNING:Not Found: /phpMyAdmin-2.6.4-pl4/
2020-02-04 18:50:00,566:WARNING:Not Found: /phpMyAdmin-2.6.4/
2020-02-04 18:50:00,970:WARNING:Not Found: /phpMyAdmin-2.7.0-beta1/
2020-02-04 18:50:01,381:WARNING:Not Found: /phpMyAdmin-2.7.0-rc1/
2020-02-04 18:50:01,791:WARNING:Not Found: /phpMyAdmin-2.7.0-pl1/
2020-02-04 18:50:02,210:WARNING:Not Found: /phpMyAdmin-2.7.0-pl2/
2020-02-04 18:50:02,656:WARNING:Not Found: /phpMyAdmin-2.7.0/
2020-02-04 18:50:03,063:WARNING:Not Found: /phpMyAdmin-2.8.0-beta1/
2020-02-04 18:50:03,474:WARNING:Not Found: /phpMyAdmin-2.8.0-rc1/
2020-02-04 18:50:03,908:WARNING:Not Found: /phpMyAdmin-2.8.0-rc2/
2020-02-04 18:50:04,347:WARNING:Not Found: /phpMyAdmin-2.8.0/
2020-02-04 18:50:04,759:WARNING:Not Found: /phpMyAdmin-2.8.0.1/
2020-02-04 18:50:05,195:WARNING:Not Found: /phpMyAdmin-2.8.0.2/
2020-02-04 18:50:05,641:WARNING:Not Found: /phpMyAdmin-2.8.0.3/
2020-02-04 18:50:06,047:WARNING:Not Found: /phpMyAdmin-2.8.0.4/
2020-02-04 18:50:06,459:WARNING:Not Found: /phpMyAdmin-2.8.1-rc1/
2020-02-04 18:50:06,900:WARNING:Not Found: /phpMyAdmin-2.8.1/
2020-02-04 18:50:07,308:WARNING:Not Found: /phpMyAdmin-2.8.2/
2020-02-04 18:50:07,712:WARNING:Not Found: /sqlmanager/
2020-02-04 18:50:08,124:WARNING:Not Found: /mysqlmanager/
2020-02-04 18:50:08,531:WARNING:Not Found: /p/m/a/
2020-02-04 18:50:08,939:WARNING:Not Found: /PMA2005/
2020-02-04 18:50:09,348:WARNING:Not Found: /pma2005/
2020-02-04 18:50:09,755:WARNING:Not Found: /phpmanager/
2020-02-04 18:50:10,207:WARNING:Not Found: /php-myadmin/
2020-02-04 18:50:10,617:WARNING:Not Found: /phpmy-admin/
2020-02-04 18:50:11,035:WARNING:Not Found: /webadmin/
2020-02-04 18:50:11,444:WARNING:Not Found: /sqlweb/
2020-02-04 18:50:11,856:WARNING:Not Found: /websql/
2020-02-04 18:50:12,264:WARNING:Not Found: /webdb/
2020-02-04 18:50:12,706:WARNING:Not Found: /mysqladmin/
2020-02-04 18:50:13,118:WARNING:Not Found: /mysql-admin/
