2020-07-04 06:43:04,625:INFO:------------------------------------------------------------------------------------------------
2020-07-04 06:45:26,683:INFO:------------------------------------------------------------------------------------------------
2020-07-04 06:54:59,061:INFO:------------------------------------------------------------------------------------------------
2020-07-04 07:08:19,519:INFO:------------------------------------------------------------------------------------------------
2020-07-04 07:43:10,132:INFO:------------------------------------------------------------------------------------------------
2020-07-04 07:45:31,455:INFO:------------------------------------------------------------------------------------------------
2020-07-04 07:55:00,081:INFO:------------------------------------------------------------------------------------------------
2020-07-04 08:08:24,145:INFO:------------------------------------------------------------------------------------------------
2020-07-04 08:43:17,114:INFO:------------------------------------------------------------------------------------------------
2020-07-04 08:45:36,239:INFO:------------------------------------------------------------------------------------------------
2020-07-04 08:55:01,135:INFO:------------------------------------------------------------------------------------------------
2020-07-04 09:08:28,775:INFO:------------------------------------------------------------------------------------------------
2020-07-04 09:34:52,131:INFO:ДУГААРАА СОНГОЖ БУЙ ХЭСЭГ
2020-07-04 09:34:52,131:INFO:7
2020-07-04 09:35:05,885:INFO:ДУГААРАА СОНГОЖ БУЙ ХЭСЭГ
2020-07-04 09:35:05,885:INFO:7
2020-07-04 09:35:06,342:INFO:ДУГААРАА СОНГОЖ БУЙ ХЭСЭГ
2020-07-04 09:35:06,342:INFO:7
2020-07-04 09:40:59,438:INFO:------------------------------------------------------------------------------------------------
2020-07-04 09:41:20,336:INFO:ДУГААРАА СОНГОЖ БУЙ ХЭСЭГ
2020-07-04 09:41:20,336:INFO:2
2020-07-04 09:43:24,589:INFO:------------------------------------------------------------------------------------------------
2020-07-04 09:45:40,958:INFO:------------------------------------------------------------------------------------------------
2020-07-04 09:55:02,175:INFO:------------------------------------------------------------------------------------------------
2020-07-04 09:55:05,102:INFO:ДУГААРАА СОНГОЖ БУЙ ХЭСЭГ
2020-07-04 09:55:05,102:INFO:2
2020-07-04 09:55:05,106:INFO:ДУГААРАА СОНГОЖ БУЙ ХЭСЭГ
2020-07-04 09:55:05,110:INFO:2
2020-07-04 09:55:06,099:INFO:ДУГААРАА СОНГОЖ БУЙ ХЭСЭГ
2020-07-04 09:55:06,099:INFO:2
2020-07-04 09:55:06,111:INFO:ДУГААРАА СОНГОЖ БУЙ ХЭСЭГ
2020-07-04 09:55:06,115:INFO:2
2020-07-04 09:55:21,202:INFO:------------------------------------------------------------------------------------------------
2020-07-04 09:55:22,264:INFO:------------------------------------------------------------------------------------------------
2020-07-04 09:55:23,778:INFO:ДУГААРАА СОНГОЖ БУЙ ХЭСЭГ
2020-07-04 09:55:23,778:INFO:4
2020-07-04 09:55:23,971:WARNING:Not Found: /favicon.ico
2020-07-04 09:55:31,569:INFO:------------------------------------------------------------------------------------------------
2020-07-04 09:56:23,160:INFO:ДУГААРАА СОНГОЖ БУЙ ХЭСЭГ
2020-07-04 09:56:23,160:INFO:3
2020-07-04 09:59:45,562:INFO:------------------------------------------------------------------------------------------------
2020-07-04 10:00:09,645:INFO:ДУГААРАА СОНГОЖ БУЙ ХЭСЭГ
2020-07-04 10:00:09,645:INFO:7
2020-07-04 10:00:10,152:WARNING:Not Found: /favicon.ico
2020-07-04 10:00:11,126:INFO:------------------------------------------------------------------------------------------------
2020-07-04 10:00:11,761:INFO:ДУГААРАА СОНГОЖ БУЙ ХЭСЭГ
2020-07-04 10:00:11,761:INFO:2
2020-07-04 10:05:41,084:INFO:ДУГААРАА СОНГОЖ БУЙ ХЭСЭГ
2020-07-04 10:05:41,084:INFO:2
2020-07-04 10:05:49,687:INFO:ДУГААРЫН ҮНЭ
2020-07-04 10:05:49,690:INFO:5000
2020-07-04 10:05:56,254:INFO:------------------------------------------------------------------------------------------------
2020-07-04 10:05:56,914:INFO:ДУГААРАА СОНГОЖ БУЙ ХЭСЭГ
2020-07-04 10:05:56,914:INFO:7
2020-07-04 10:05:58,593:INFO:ДУГААРАА СОНГОЖ БУЙ ХЭСЭГ
2020-07-04 10:05:58,594:INFO:7
2020-07-04 10:06:35,928:INFO:ДУГААРЫН ҮНЭ
2020-07-04 10:06:35,930:INFO:10000
2020-07-04 10:07:17,536:INFO:------------------------------------------------------------------------------------------------
2020-07-04 10:07:18,381:INFO:ДУГААРАА СОНГОЖ БУЙ ХЭСЭГ
2020-07-04 10:07:18,382:INFO:2
2020-07-04 10:07:20,438:INFO:ДУГААРАА СОНГОЖ БУЙ ХЭСЭГ
2020-07-04 10:07:20,438:INFO:2
2020-07-04 10:07:37,350:INFO:------------------------------------------------------------------------------------------------
2020-07-04 10:07:38,429:INFO:ДУГААРАА СОНГОЖ БУЙ ХЭСЭГ
2020-07-04 10:07:38,429:INFO:2
2020-07-04 10:07:42,223:INFO:ДУГААРАА СОНГОЖ БУЙ ХЭСЭГ
2020-07-04 10:07:42,223:INFO:2
2020-07-04 10:08:33,352:INFO:------------------------------------------------------------------------------------------------
2020-07-04 10:08:42,150:INFO:------------------------------------------------------------------------------------------------
2020-07-04 10:08:43,123:INFO:ДУГААРАА СОНГОЖ БУЙ ХЭСЭГ
2020-07-04 10:08:43,123:INFO:2
2020-07-04 10:08:50,115:INFO:ДУГААРАА СОНГОЖ БУЙ ХЭСЭГ
2020-07-04 10:08:50,116:INFO:2
2020-07-04 10:08:53,662:INFO:------------------------------------------------------------------------------------------------
2020-07-04 10:08:54,989:INFO:ДУГААРАА СОНГОЖ БУЙ ХЭСЭГ
2020-07-04 10:08:54,990:INFO:2
2020-07-04 10:08:55,274:WARNING:Not Found: /favicon.ico
2020-07-04 10:09:06,336:INFO:------------------------------------------------------------------------------------------------
2020-07-04 10:09:07,195:INFO:ДУГААРАА СОНГОЖ БУЙ ХЭСЭГ
2020-07-04 10:09:07,196:INFO:2
2020-07-04 10:23:42,735:INFO:------------------------------------------------------------------------------------------------
2020-07-04 10:25:23,484:INFO:------------------------------------------------------------------------------------------------
2020-07-04 10:27:25,383:INFO:ДУГААРАА СОНГОЖ БУЙ ХЭСЭГ
2020-07-04 10:27:25,384:INFO:7
2020-07-04 10:27:25,809:WARNING:Not Found: /favicon.ico
2020-07-04 10:27:28,985:INFO:------------------------------------------------------------------------------------------------
2020-07-04 10:29:25,006:INFO:ДУГААРАА СОНГОЖ БУЙ ХЭСЭГ
2020-07-04 10:29:25,006:INFO:2
2020-07-04 10:29:29,995:WARNING:Not Found: /favicon.ico
2020-07-04 10:29:54,008:INFO:ДУГААРЫН ҮНЭ
2020-07-04 10:29:54,012:INFO:5000
2020-07-04 10:33:03,804:INFO:------------------------------------------------------------------------------------------------
2020-07-04 10:35:34,046:INFO:ДУГААРАА СОНГОЖ БУЙ ХЭСЭГ
2020-07-04 10:35:34,046:INFO:2
2020-07-04 10:35:38,226:INFO:------------------------------------------------------------------------------------------------
2020-07-04 10:35:43,970:INFO:ДУГААРАА СОНГОЖ БУЙ ХЭСЭГ
2020-07-04 10:35:43,971:INFO:2
2020-07-04 10:35:46,736:INFO:------------------------------------------------------------------------------------------------
2020-07-04 10:35:50,326:INFO:ДУГААРАА СОНГОЖ БУЙ ХЭСЭГ
2020-07-04 10:35:50,327:INFO:2
2020-07-04 10:36:18,060:INFO:------------------------------------------------------------------------------------------------
2020-07-04 10:36:22,087:INFO:ДУГААРАА СОНГОЖ БУЙ ХЭСЭГ
2020-07-04 10:36:22,088:INFO:7
2020-07-04 10:36:32,836:INFO:ДУГААРЫН ҮНЭ
2020-07-04 10:36:32,839:INFO:10000
2020-07-04 10:37:21,756:INFO:------------------------------------------------------------------------------------------------
2020-07-04 10:37:23,452:INFO:ДУГААРАА СОНГОЖ БУЙ ХЭСЭГ
2020-07-04 10:37:23,453:INFO:7
2020-07-04 10:37:32,090:INFO:ДУГААРЫН ҮНЭ
2020-07-04 10:37:32,092:INFO:10000
2020-07-04 10:38:33,014:INFO:------------------------------------------------------------------------------------------------
2020-07-04 10:38:34,664:INFO:ДУГААРАА СОНГОЖ БУЙ ХЭСЭГ
2020-07-04 10:38:34,664:INFO:2
2020-07-04 10:39:13,252:INFO:------------------------------------------------------------------------------------------------
2020-07-04 10:39:22,480:ERROR:Internal Server Error: /getnumber
Traceback (most recent call last):
  File "/usr/local/lib/python2.7/dist-packages/django/core/handlers/exception.py", line 41, in inner
    response = get_response(request)
  File "/usr/local/lib/python2.7/dist-packages/django/core/handlers/base.py", line 187, in _get_response
    response = self.process_exception_by_middleware(e, request)
  File "/usr/local/lib/python2.7/dist-packages/django/core/handlers/base.py", line 185, in _get_response
    response = wrapped_callback(request, *callback_args, **callback_kwargs)
  File "/usr/local/lib/python2.7/dist-packages/django/views/decorators/csrf.py", line 58, in wrapped_view
    return view_func(*args, **kwargs)
  File "/usr/local/lib/python2.7/dist-packages/django/views/generic/base.py", line 68, in view
    return self.dispatch(request, *args, **kwargs)
  File "/usr/local/lib/python2.7/dist-packages/rest_framework/views.py", line 495, in dispatch
    response = self.handle_exception(exc)
  File "/usr/local/lib/python2.7/dist-packages/rest_framework/views.py", line 455, in handle_exception
    self.raise_uncaught_exception(exc)
  File "/usr/local/lib/python2.7/dist-packages/rest_framework/views.py", line 492, in dispatch
    response = handler(request, *args, **kwargs)
  File "/usr/local/lib/python2.7/dist-packages/rest_framework/decorators.py", line 55, in handler
    return func(*args, **kwargs)
  File "/home/user/nFilterNew/controller/views.py", line 206, in getNumber
    if data[1] == az:
IndexError: list index out of range
2020-07-04 10:41:15,301:INFO:ДУГААРЫН ҮНЭ
2020-07-04 10:41:15,303:INFO:5000
2020-07-04 10:41:36,875:INFO:------------------------------------------------------------------------------------------------
2020-07-04 10:41:38,559:INFO:ДУГААРАА СОНГОЖ БУЙ ХЭСЭГ
2020-07-04 10:41:38,559:INFO:2
2020-07-04 10:41:39,177:WARNING:Not Found: /favicon.ico
2020-07-04 10:43:32,170:INFO:------------------------------------------------------------------------------------------------
2020-07-04 10:45:45,643:INFO:------------------------------------------------------------------------------------------------
2020-07-04 10:46:31,618:INFO:------------------------------------------------------------------------------------------------
2020-07-04 10:46:32,810:INFO:ДУГААРАА СОНГОЖ БУЙ ХЭСЭГ
2020-07-04 10:46:32,810:INFO:2
2020-07-04 10:46:33,043:WARNING:Not Found: /favicon.ico
2020-07-04 10:46:33,132:WARNING:Not Found: /favicon.ico
2020-07-04 10:49:38,525:INFO:------------------------------------------------------------------------------------------------
2020-07-04 10:49:45,906:INFO:ДУГААРАА СОНГОЖ БУЙ ХЭСЭГ
2020-07-04 10:49:45,906:INFO:2
2020-07-04 10:49:46,455:WARNING:Not Found: /favicon.ico
2020-07-04 10:52:57,897:INFO:ДУГААРАА СОНГОЖ БУЙ ХЭСЭГ
2020-07-04 10:52:57,897:INFO:2
2020-07-04 10:54:35,408:INFO:ДУГААРЫН ҮНЭ
2020-07-04 10:54:35,411:INFO:5000
2020-07-04 10:55:03,202:INFO:------------------------------------------------------------------------------------------------
2020-07-04 10:56:33,809:INFO:------------------------------------------------------------------------------------------------
2020-07-04 10:58:29,153:INFO:------------------------------------------------------------------------------------------------
2020-07-04 10:59:46,318:INFO:------------------------------------------------------------------------------------------------
2020-07-04 11:02:22,635:INFO:------------------------------------------------------------------------------------------------
2020-07-04 11:02:24,168:INFO:ДУГААРАА СОНГОЖ БУЙ ХЭСЭГ
2020-07-04 11:02:24,168:INFO:7
2020-07-04 11:02:24,634:WARNING:Not Found: /favicon.ico
2020-07-04 11:03:33,110:INFO:ДУГААРЫН ҮНЭ
2020-07-04 11:03:33,113:INFO:10000
2020-07-04 11:03:45,415:INFO:ДУГААРЫН ZAHIALGA
2020-07-04 11:03:46,908:INFO:------------------------------------------------------------------------------------------------
2020-07-04 11:03:47,951:INFO:ДУГААРАА СОНГОЖ БУЙ ХЭСЭГ
2020-07-04 11:03:47,952:INFO:7
2020-07-04 11:04:06,932:INFO:ДУГААРЫН ҮНЭ
2020-07-04 11:04:06,935:INFO:10000
2020-07-04 11:04:09,654:INFO:ДУГААРЫН ZAHIALGA
2020-07-04 11:04:18,276:INFO:------------------------------------------------------------------------------------------------
2020-07-04 11:04:19,744:INFO:ДУГААРАА СОНГОЖ БУЙ ХЭСЭГ
2020-07-04 11:04:19,744:INFO:7
2020-07-04 11:05:05,151:INFO:ДУГААРАА СОНГОЖ БУЙ ХЭСЭГ
2020-07-04 11:05:05,151:INFO:2
2020-07-04 11:05:06,027:WARNING:Not Found: /favicon.ico
2020-07-04 11:05:24,516:ERROR:Internal Server Error: /getnumber
Traceback (most recent call last):
  File "/usr/local/lib/python2.7/dist-packages/django/core/handlers/exception.py", line 41, in inner
    response = get_response(request)
  File "/usr/local/lib/python2.7/dist-packages/django/core/handlers/base.py", line 187, in _get_response
    response = self.process_exception_by_middleware(e, request)
  File "/usr/local/lib/python2.7/dist-packages/django/core/handlers/base.py", line 185, in _get_response
    response = wrapped_callback(request, *callback_args, **callback_kwargs)
  File "/usr/local/lib/python2.7/dist-packages/django/views/decorators/csrf.py", line 58, in wrapped_view
    return view_func(*args, **kwargs)
  File "/usr/local/lib/python2.7/dist-packages/django/views/generic/base.py", line 68, in view
    return self.dispatch(request, *args, **kwargs)
  File "/usr/local/lib/python2.7/dist-packages/rest_framework/views.py", line 495, in dispatch
    response = self.handle_exception(exc)
  File "/usr/local/lib/python2.7/dist-packages/rest_framework/views.py", line 455, in handle_exception
    self.raise_uncaught_exception(exc)
  File "/usr/local/lib/python2.7/dist-packages/rest_framework/views.py", line 492, in dispatch
    response = handler(request, *args, **kwargs)
  File "/usr/local/lib/python2.7/dist-packages/rest_framework/decorators.py", line 55, in handler
    return func(*args, **kwargs)
  File "/home/user/nFilterNew/controller/views.py", line 206, in getNumber
    if data[1] == az:
IndexError: list index out of range
2020-07-04 11:05:31,283:INFO:ДУГААРАА СОНГОЖ БУЙ ХЭСЭГ
2020-07-04 11:05:31,283:INFO:7
2020-07-04 11:06:22,128:INFO:------------------------------------------------------------------------------------------------
2020-07-04 11:06:22,940:INFO:ДУГААРАА СОНГОЖ БУЙ ХЭСЭГ
2020-07-04 11:06:22,941:INFO:7
2020-07-04 11:06:33,122:INFO:ДУГААРАА СОНГОЖ БУЙ ХЭСЭГ
2020-07-04 11:06:33,122:INFO:7
2020-07-04 11:07:09,770:INFO:ДУГААРАА СОНГОЖ БУЙ ХЭСЭГ
2020-07-04 11:07:09,770:INFO:7
2020-07-04 11:07:19,042:INFO:------------------------------------------------------------------------------------------------
2020-07-04 11:07:37,943:INFO:ДУГААРАА СОНГОЖ БУЙ ХЭСЭГ
2020-07-04 11:07:37,943:INFO:7
2020-07-04 11:07:53,728:INFO:ДУГААРАА СОНГОЖ БУЙ ХЭСЭГ
2020-07-04 11:07:53,728:INFO:7
2020-07-04 11:08:38,032:INFO:------------------------------------------------------------------------------------------------
2020-07-04 11:09:19,250:INFO:------------------------------------------------------------------------------------------------
2020-07-04 11:09:26,036:INFO:ДУГААРАА СОНГОЖ БУЙ ХЭСЭГ
2020-07-04 11:09:26,036:INFO:2
2020-07-04 11:09:26,359:WARNING:Not Found: /favicon.ico
2020-07-04 11:09:47,506:INFO:ДУГААРАА СОНГОЖ БУЙ ХЭСЭГ
2020-07-04 11:09:47,507:INFO:2
2020-07-04 11:09:53,269:INFO:------------------------------------------------------------------------------------------------
2020-07-04 11:09:54,332:INFO:ДУГААРАА СОНГОЖ БУЙ ХЭСЭГ
2020-07-04 11:09:54,333:INFO:2
2020-07-04 11:09:56,194:INFO:ДУГААРАА СОНГОЖ БУЙ ХЭСЭГ
2020-07-04 11:09:56,194:INFO:2
2020-07-04 11:10:08,303:INFO:------------------------------------------------------------------------------------------------
2020-07-04 11:10:09,625:INFO:ДУГААРАА СОНГОЖ БУЙ ХЭСЭГ
2020-07-04 11:10:09,625:INFO:2
2020-07-04 11:11:07,768:INFO:ДУГААРАА СОНГОЖ БУЙ ХЭСЭГ
2020-07-04 11:11:07,769:INFO:7
2020-07-04 11:11:08,305:WARNING:Not Found: /favicon.ico
2020-07-04 11:11:08,310:WARNING:Not Found: /favicon.ico
2020-07-04 11:11:34,219:INFO:------------------------------------------------------------------------------------------------
2020-07-04 11:12:35,356:INFO:ДУГААРЫН ҮНЭ
2020-07-04 11:12:35,360:INFO:5000
2020-07-04 11:12:58,416:INFO:ДУГААРЫН ZAHIALGA
2020-07-04 11:14:33,854:INFO:ДУГААРЫН ҮНЭ
2020-07-04 11:14:33,856:INFO:10000
2020-07-04 11:14:46,553:INFO:ДУГААРЫН ZAHIALGA
2020-07-04 11:14:55,604:INFO:------------------------------------------------------------------------------------------------
2020-07-04 11:14:56,875:INFO:ДУГААРАА СОНГОЖ БУЙ ХЭСЭГ
2020-07-04 11:14:56,875:INFO:7
2020-07-04 11:14:58,558:INFO:------------------------------------------------------------------------------------------------
2020-07-04 11:16:13,094:INFO:ДУГААРЫН ҮНЭ
2020-07-04 11:16:13,097:INFO:10000
2020-07-04 11:16:15,020:INFO:ДУГААРЫН ZAHIALGA
2020-07-04 11:16:53,008:INFO:ДУГААРАА СОНГОЖ БУЙ ХЭСЭГ
2020-07-04 11:16:53,008:INFO:7
2020-07-04 11:16:58,870:WARNING:Not Found: /favicon.ico
2020-07-04 11:17:00,360:INFO:------------------------------------------------------------------------------------------------
2020-07-04 11:17:01,663:INFO:ДУГААРАА СОНГОЖ БУЙ ХЭСЭГ
2020-07-04 11:17:01,663:INFO:7
2020-07-04 11:18:22,428:INFO:ДУГААРАА СОНГОЖ БУЙ ХЭСЭГ
2020-07-04 11:18:22,428:INFO:7
2020-07-04 11:18:37,028:INFO:ДУГААРАА СОНГОЖ БУЙ ХЭСЭГ
2020-07-04 11:18:37,028:INFO:2
2020-07-04 11:18:37,370:WARNING:Not Found: /favicon.ico
2020-07-04 11:20:36,051:INFO:------------------------------------------------------------------------------------------------
2020-07-04 11:20:37,000:INFO:ДУГААРАА СОНГОЖ БУЙ ХЭСЭГ
2020-07-04 11:20:37,000:INFO:2
2020-07-04 11:20:55,525:INFO:ДУГААРАА СОНГОЖ БУЙ ХЭСЭГ
2020-07-04 11:20:55,525:INFO:7
2020-07-04 11:20:55,929:WARNING:Not Found: /favicon.ico
2020-07-04 11:21:29,820:INFO:ДУГААРАА СОНГОЖ БУЙ ХЭСЭГ
2020-07-04 11:21:29,820:INFO:7
2020-07-04 11:21:30,049:WARNING:Not Found: /favicon.ico
2020-07-04 11:21:36,179:INFO:------------------------------------------------------------------------------------------------
2020-07-04 11:22:00,801:INFO:------------------------------------------------------------------------------------------------
2020-07-04 11:22:02,035:INFO:ДУГААРАА СОНГОЖ БУЙ ХЭСЭГ
2020-07-04 11:22:02,035:INFO:2
2020-07-04 11:23:08,290:INFO:------------------------------------------------------------------------------------------------
2020-07-04 11:23:11,593:INFO:ДУГААРАА СОНГОЖ БУЙ ХЭСЭГ
2020-07-04 11:23:11,593:INFO:2
2020-07-04 11:23:40,505:INFO:------------------------------------------------------------------------------------------------
2020-07-04 11:23:42,951:INFO:------------------------------------------------------------------------------------------------
2020-07-04 11:24:13,113:INFO:ДУГААРЫН ҮНЭ
2020-07-04 11:24:13,116:INFO:10000
2020-07-04 11:25:07,789:INFO:ДУГААРЫН ҮНЭ
2020-07-04 11:25:07,791:INFO:10000
2020-07-04 11:25:14,808:INFO:ДУГААРЫН ҮНЭ
2020-07-04 11:25:14,811:INFO:10000
2020-07-04 11:26:21,274:INFO:ДУГААРЫН ҮНЭ
2020-07-04 11:26:21,277:INFO:10000
2020-07-04 11:26:50,134:INFO:ДУГААРЫН ҮНЭ
2020-07-04 11:26:50,136:INFO:5000
2020-07-04 11:28:28,402:WARNING:Not Found: /favicon.ico
2020-07-04 11:29:52,044:INFO:ДУГААРЫН ҮНЭ
2020-07-04 11:29:52,047:INFO:10000
2020-07-04 11:30:14,478:INFO:ДУГААРЫН ZAHIALGA
2020-07-04 11:32:08,442:INFO:------------------------------------------------------------------------------------------------
2020-07-04 11:32:14,576:INFO:ДУГААРАА СОНГОЖ БУЙ ХЭСЭГ
2020-07-04 11:32:14,577:INFO:2
2020-07-04 11:32:14,612:INFO:------------------------------------------------------------------------------------------------
2020-07-04 11:32:14,857:WARNING:Not Found: /favicon.ico
2020-07-04 11:33:34,877:INFO:ДУГААРЫН ҮНЭ
2020-07-04 11:33:34,879:INFO:10000
2020-07-04 11:33:40,642:INFO:ДУГААРЫН ҮНЭ
2020-07-04 11:33:40,645:INFO:10000
2020-07-04 11:34:43,587:INFO:ДУГААРЫН ҮНЭ
2020-07-04 11:34:43,589:INFO:10000
2020-07-04 11:36:27,989:INFO:ДУГААРАА СОНГОЖ БУЙ ХЭСЭГ
2020-07-04 11:36:27,989:INFO:7
2020-07-04 11:36:45,210:INFO:ДУГААРАА СОНГОЖ БУЙ ХЭСЭГ
2020-07-04 11:36:45,210:INFO:7
2020-07-04 11:39:14,161:INFO:------------------------------------------------------------------------------------------------
2020-07-04 11:42:49,616:INFO:ДУГААРАА СОНГОЖ БУЙ ХЭСЭГ
2020-07-04 11:42:49,617:INFO:7
2020-07-04 11:42:56,746:INFO:------------------------------------------------------------------------------------------------
2020-07-04 11:43:00,042:INFO:ДУГААРАА СОНГОЖ БУЙ ХЭСЭГ
2020-07-04 11:43:00,042:INFO:7
2020-07-04 11:43:00,334:WARNING:Not Found: /favicon.ico
2020-07-04 11:43:09,839:INFO:ДУГААРЫН ҮНЭ
2020-07-04 11:43:09,841:INFO:10000
2020-07-04 11:43:12,813:INFO:ДУГААРЫН ҮНЭ
2020-07-04 11:43:12,815:INFO:10000
2020-07-04 11:43:22,943:INFO:ДУГААРЫН ZAHIALGA
2020-07-04 11:43:23,981:INFO:------------------------------------------------------------------------------------------------
2020-07-04 11:43:29,337:INFO:ДУГААРЫН ZAHIALGA
2020-07-04 11:43:38,904:INFO:------------------------------------------------------------------------------------------------
2020-07-04 11:45:29,486:INFO:------------------------------------------------------------------------------------------------
2020-07-04 11:45:50,331:INFO:------------------------------------------------------------------------------------------------
2020-07-04 11:50:04,398:INFO:ДУГААРЫН ҮНЭ
2020-07-04 11:50:04,401:INFO:5000
2020-07-04 11:53:48,131:INFO:------------------------------------------------------------------------------------------------
2020-07-04 11:53:54,331:INFO:ДУГААРАА СОНГОЖ БУЙ ХЭСЭГ
2020-07-04 11:53:54,331:INFO:2
2020-07-04 11:54:17,164:INFO:------------------------------------------------------------------------------------------------
2020-07-04 11:54:17,906:INFO:ДУГААРАА СОНГОЖ БУЙ ХЭСЭГ
2020-07-04 11:54:17,906:INFO:2
2020-07-04 11:54:37,707:INFO:ДУГААРЫН ҮНЭ
2020-07-04 11:54:37,709:INFO:5000
2020-07-04 11:55:04,265:INFO:------------------------------------------------------------------------------------------------
2020-07-04 11:56:34,106:INFO:------------------------------------------------------------------------------------------------
2020-07-04 11:58:29,287:INFO:------------------------------------------------------------------------------------------------
2020-07-04 11:59:46,411:INFO:------------------------------------------------------------------------------------------------
2020-07-04 12:02:14,880:INFO:------------------------------------------------------------------------------------------------
2020-07-04 12:06:28,558:INFO:ДУГААРАА СОНГОЖ БУЙ ХЭСЭГ
2020-07-04 12:06:28,558:INFO:7
2020-07-04 12:07:19,067:INFO:------------------------------------------------------------------------------------------------
2020-07-04 12:07:20,355:INFO:ДУГААРАА СОНГОЖ БУЙ ХЭСЭГ
2020-07-04 12:07:20,355:INFO:2
2020-07-04 12:08:42,889:INFO:------------------------------------------------------------------------------------------------
2020-07-04 12:09:52,199:INFO:------------------------------------------------------------------------------------------------
2020-07-04 12:09:53,223:INFO:ДУГААРАА СОНГОЖ БУЙ ХЭСЭГ
2020-07-04 12:09:53,223:INFO:2
2020-07-04 12:14:05,841:INFO:------------------------------------------------------------------------------------------------
2020-07-04 12:14:07,081:INFO:ДУГААРАА СОНГОЖ БУЙ ХЭСЭГ
2020-07-04 12:14:07,081:INFO:7
2020-07-04 12:15:18,217:INFO:ДУГААРАА СОНГОЖ БУЙ ХЭСЭГ
2020-07-04 12:15:18,217:INFO:2
2020-07-04 12:15:25,886:INFO:------------------------------------------------------------------------------------------------
2020-07-04 12:15:26,047:INFO:ДУГААРАА СОНГОЖ БУЙ ХЭСЭГ
2020-07-04 12:15:26,047:INFO:2
2020-07-04 12:15:26,356:INFO:------------------------------------------------------------------------------------------------
2020-07-04 12:15:31,109:INFO:ДУГААРАА СОНГОЖ БУЙ ХЭСЭГ
2020-07-04 12:15:31,109:INFO:7
2020-07-04 12:15:46,041:INFO:ДУГААРАА СОНГОЖ БУЙ ХЭСЭГ
2020-07-04 12:15:46,041:INFO:7
2020-07-04 12:15:49,141:INFO:ДУГААРАА СОНГОЖ БУЙ ХЭСЭГ
2020-07-04 12:15:49,141:INFO:7
2020-07-04 12:15:50,919:INFO:ДУГААРАА СОНГОЖ БУЙ ХЭСЭГ
2020-07-04 12:15:50,919:INFO:7
2020-07-04 12:15:59,528:INFO:ДУГААРЫН ҮНЭ
2020-07-04 12:15:59,531:INFO:5000
2020-07-04 12:16:14,510:INFO:ДУГААРАА СОНГОЖ БУЙ ХЭСЭГ
2020-07-04 12:16:14,510:INFO:7
2020-07-04 12:16:21,573:INFO:ДУГААРАА СОНГОЖ БУЙ ХЭСЭГ
2020-07-04 12:16:21,574:INFO:7
2020-07-04 12:16:28,182:INFO:ДУГААРЫН ZAHIALGA
2020-07-04 12:16:38,723:INFO:ДУГААРЫН ҮНЭ
2020-07-04 12:16:38,726:INFO:5000
2020-07-04 12:16:40,701:INFO:ДУГААРАА СОНГОЖ БУЙ ХЭСЭГ
2020-07-04 12:16:40,701:INFO:7
2020-07-04 12:16:47,474:INFO:ДУГААРАА СОНГОЖ БУЙ ХЭСЭГ
2020-07-04 12:16:47,475:INFO:7
2020-07-04 12:17:47,799:ERROR:Internal Server Error: /getnumber
Traceback (most recent call last):
  File "/usr/local/lib/python2.7/dist-packages/django/core/handlers/exception.py", line 41, in inner
    response = get_response(request)
  File "/usr/local/lib/python2.7/dist-packages/django/core/handlers/base.py", line 187, in _get_response
    response = self.process_exception_by_middleware(e, request)
  File "/usr/local/lib/python2.7/dist-packages/django/core/handlers/base.py", line 185, in _get_response
    response = wrapped_callback(request, *callback_args, **callback_kwargs)
  File "/usr/local/lib/python2.7/dist-packages/django/views/decorators/csrf.py", line 58, in wrapped_view
    return view_func(*args, **kwargs)
  File "/usr/local/lib/python2.7/dist-packages/django/views/generic/base.py", line 68, in view
    return self.dispatch(request, *args, **kwargs)
  File "/usr/local/lib/python2.7/dist-packages/rest_framework/views.py", line 495, in dispatch
    response = self.handle_exception(exc)
  File "/usr/local/lib/python2.7/dist-packages/rest_framework/views.py", line 455, in handle_exception
    self.raise_uncaught_exception(exc)
  File "/usr/local/lib/python2.7/dist-packages/rest_framework/views.py", line 492, in dispatch
    response = handler(request, *args, **kwargs)
  File "/usr/local/lib/python2.7/dist-packages/rest_framework/decorators.py", line 55, in handler
    return func(*args, **kwargs)
  File "/home/user/nFilterNew/controller/views.py", line 206, in getNumber
    if data[1] == az:
IndexError: list index out of range
2020-07-04 12:18:28,339:INFO:------------------------------------------------------------------------------------------------
2020-07-04 12:21:51,254:INFO:ДУГААРАА СОНГОЖ БУЙ ХЭСЭГ
2020-07-04 12:21:51,254:INFO:2
2020-07-04 12:22:57,205:INFO:------------------------------------------------------------------------------------------------
2020-07-04 12:23:18,276:WARNING:Not Found: /favicon.ico
2020-07-04 12:23:40,807:INFO:------------------------------------------------------------------------------------------------
2020-07-04 12:23:43,119:INFO:------------------------------------------------------------------------------------------------
2020-07-04 12:24:36,883:INFO:ДУГААРАА СОНГОЖ БУЙ ХЭСЭГ
2020-07-04 12:24:36,884:INFO:2
2020-07-04 12:24:39,359:INFO:ДУГААРАА СОНГОЖ БУЙ ХЭСЭГ
2020-07-04 12:24:39,359:INFO:2
2020-07-04 12:34:05,109:INFO:------------------------------------------------------------------------------------------------
2020-07-04 12:34:06,886:INFO:ДУГААРАА СОНГОЖ БУЙ ХЭСЭГ
2020-07-04 12:34:06,886:INFO:7
2020-07-04 12:34:07,192:WARNING:Not Found: /favicon.ico
2020-07-04 12:38:22,886:INFO:ДУГААРЫН ҮНЭ
2020-07-04 12:38:22,890:INFO:10000
2020-07-04 12:39:14,280:INFO:------------------------------------------------------------------------------------------------
2020-07-04 12:40:19,635:INFO:------------------------------------------------------------------------------------------------
2020-07-04 12:40:25,383:INFO:ДУГААРАА СОНГОЖ БУЙ ХЭСЭГ
2020-07-04 12:40:25,383:INFO:2
2020-07-04 12:43:36,326:INFO:------------------------------------------------------------------------------------------------
2020-07-04 12:43:42,249:INFO:ДУГААРАА СОНГОЖ БУЙ ХЭСЭГ
2020-07-04 12:43:42,249:INFO:2
2020-07-04 12:43:45,432:INFO:------------------------------------------------------------------------------------------------
2020-07-04 12:45:55,016:INFO:------------------------------------------------------------------------------------------------
2020-07-04 12:55:05,273:INFO:------------------------------------------------------------------------------------------------
2020-07-04 12:59:46,504:INFO:------------------------------------------------------------------------------------------------
2020-07-04 13:02:15,029:INFO:------------------------------------------------------------------------------------------------
2020-07-04 13:04:49,685:WARNING:Not Found: /
2020-07-04 13:04:50,353:WARNING:Not Found: /favicon.ico
2020-07-04 13:04:53,524:WARNING:Not Found: /
2020-07-04 13:08:47,488:INFO:------------------------------------------------------------------------------------------------
2020-07-04 13:10:47,491:INFO:ДУГААРАА СОНГОЖ БУЙ ХЭСЭГ
2020-07-04 13:10:47,492:INFO:7
2020-07-04 13:12:38,880:INFO:ДУГААРЫН ҮНЭ
2020-07-04 13:12:38,883:INFO:10000
2020-07-04 13:12:45,444:INFO:------------------------------------------------------------------------------------------------
2020-07-04 13:12:49,688:INFO:ДУГААРАА СОНГОЖ БУЙ ХЭСЭГ
2020-07-04 13:12:49,688:INFO:7
2020-07-04 13:12:53,289:INFO:ДУГААРАА СОНГОЖ БУЙ ХЭСЭГ
2020-07-04 13:12:53,289:INFO:7
2020-07-04 13:13:27,671:INFO:ДУГААРЫН ZAHIALGA
2020-07-04 13:13:34,565:INFO:------------------------------------------------------------------------------------------------
2020-07-04 13:15:29,441:INFO:ДУГААРАА СОНГОЖ БУЙ ХЭСЭГ
2020-07-04 13:15:29,441:INFO:2
2020-07-04 13:16:11,555:INFO:ДУГААРЫН ҮНЭ
2020-07-04 13:16:11,558:INFO:5000
2020-07-04 13:18:28,480:INFO:------------------------------------------------------------------------------------------------
2020-07-04 13:20:27,117:INFO:------------------------------------------------------------------------------------------------
2020-07-04 13:20:28,428:INFO:ДУГААРАА СОНГОЖ БУЙ ХЭСЭГ
2020-07-04 13:20:28,428:INFO:2
2020-07-04 13:20:45,290:ERROR:Internal Server Error: /getnumber
Traceback (most recent call last):
  File "/usr/local/lib/python2.7/dist-packages/django/core/handlers/exception.py", line 41, in inner
    response = get_response(request)
  File "/usr/local/lib/python2.7/dist-packages/django/core/handlers/base.py", line 187, in _get_response
    response = self.process_exception_by_middleware(e, request)
  File "/usr/local/lib/python2.7/dist-packages/django/core/handlers/base.py", line 185, in _get_response
    response = wrapped_callback(request, *callback_args, **callback_kwargs)
  File "/usr/local/lib/python2.7/dist-packages/django/views/decorators/csrf.py", line 58, in wrapped_view
    return view_func(*args, **kwargs)
  File "/usr/local/lib/python2.7/dist-packages/django/views/generic/base.py", line 68, in view
    return self.dispatch(request, *args, **kwargs)
  File "/usr/local/lib/python2.7/dist-packages/rest_framework/views.py", line 495, in dispatch
    response = self.handle_exception(exc)
  File "/usr/local/lib/python2.7/dist-packages/rest_framework/views.py", line 455, in handle_exception
    self.raise_uncaught_exception(exc)
  File "/usr/local/lib/python2.7/dist-packages/rest_framework/views.py", line 492, in dispatch
    response = handler(request, *args, **kwargs)
  File "/usr/local/lib/python2.7/dist-packages/rest_framework/decorators.py", line 55, in handler
    return func(*args, **kwargs)
  File "/home/user/nFilterNew/controller/views.py", line 206, in getNumber
    if data[1] == az:
IndexError: list index out of range
2020-07-04 13:20:46,808:ERROR:Internal Server Error: /getnumber
Traceback (most recent call last):
  File "/usr/local/lib/python2.7/dist-packages/django/core/handlers/exception.py", line 41, in inner
    response = get_response(request)
  File "/usr/local/lib/python2.7/dist-packages/django/core/handlers/base.py", line 187, in _get_response
    response = self.process_exception_by_middleware(e, request)
  File "/usr/local/lib/python2.7/dist-packages/django/core/handlers/base.py", line 185, in _get_response
    response = wrapped_callback(request, *callback_args, **callback_kwargs)
  File "/usr/local/lib/python2.7/dist-packages/django/views/decorators/csrf.py", line 58, in wrapped_view
    return view_func(*args, **kwargs)
  File "/usr/local/lib/python2.7/dist-packages/django/views/generic/base.py", line 68, in view
    return self.dispatch(request, *args, **kwargs)
  File "/usr/local/lib/python2.7/dist-packages/rest_framework/views.py", line 495, in dispatch
    response = self.handle_exception(exc)
  File "/usr/local/lib/python2.7/dist-packages/rest_framework/views.py", line 455, in handle_exception
    self.raise_uncaught_exception(exc)
  File "/usr/local/lib/python2.7/dist-packages/rest_framework/views.py", line 492, in dispatch
    response = handler(request, *args, **kwargs)
  File "/usr/local/lib/python2.7/dist-packages/rest_framework/decorators.py", line 55, in handler
    return func(*args, **kwargs)
  File "/home/user/nFilterNew/controller/views.py", line 206, in getNumber
    if data[1] == az:
IndexError: list index out of range
2020-07-04 13:20:48,110:ERROR:Internal Server Error: /getnumber
Traceback (most recent call last):
  File "/usr/local/lib/python2.7/dist-packages/django/core/handlers/exception.py", line 41, in inner
    response = get_response(request)
  File "/usr/local/lib/python2.7/dist-packages/django/core/handlers/base.py", line 187, in _get_response
    response = self.process_exception_by_middleware(e, request)
  File "/usr/local/lib/python2.7/dist-packages/django/core/handlers/base.py", line 185, in _get_response
    response = wrapped_callback(request, *callback_args, **callback_kwargs)
  File "/usr/local/lib/python2.7/dist-packages/django/views/decorators/csrf.py", line 58, in wrapped_view
    return view_func(*args, **kwargs)
  File "/usr/local/lib/python2.7/dist-packages/django/views/generic/base.py", line 68, in view
    return self.dispatch(request, *args, **kwargs)
  File "/usr/local/lib/python2.7/dist-packages/rest_framework/views.py", line 495, in dispatch
    response = self.handle_exception(exc)
  File "/usr/local/lib/python2.7/dist-packages/rest_framework/views.py", line 455, in handle_exception
    self.raise_uncaught_exception(exc)
  File "/usr/local/lib/python2.7/dist-packages/rest_framework/views.py", line 492, in dispatch
    response = handler(request, *args, **kwargs)
  File "/usr/local/lib/python2.7/dist-packages/rest_framework/decorators.py", line 55, in handler
    return func(*args, **kwargs)
  File "/home/user/nFilterNew/controller/views.py", line 206, in getNumber
    if data[1] == az:
IndexError: list index out of range
2020-07-04 13:20:48,760:ERROR:Internal Server Error: /getnumber
Traceback (most recent call last):
  File "/usr/local/lib/python2.7/dist-packages/django/core/handlers/exception.py", line 41, in inner
    response = get_response(request)
  File "/usr/local/lib/python2.7/dist-packages/django/core/handlers/base.py", line 187, in _get_response
    response = self.process_exception_by_middleware(e, request)
  File "/usr/local/lib/python2.7/dist-packages/django/core/handlers/base.py", line 185, in _get_response
    response = wrapped_callback(request, *callback_args, **callback_kwargs)
  File "/usr/local/lib/python2.7/dist-packages/django/views/decorators/csrf.py", line 58, in wrapped_view
    return view_func(*args, **kwargs)
  File "/usr/local/lib/python2.7/dist-packages/django/views/generic/base.py", line 68, in view
    return self.dispatch(request, *args, **kwargs)
  File "/usr/local/lib/python2.7/dist-packages/rest_framework/views.py", line 495, in dispatch
    response = self.handle_exception(exc)
  File "/usr/local/lib/python2.7/dist-packages/rest_framework/views.py", line 455, in handle_exception
    self.raise_uncaught_exception(exc)
  File "/usr/local/lib/python2.7/dist-packages/rest_framework/views.py", line 492, in dispatch
    response = handler(request, *args, **kwargs)
  File "/usr/local/lib/python2.7/dist-packages/rest_framework/decorators.py", line 55, in handler
    return func(*args, **kwargs)
  File "/home/user/nFilterNew/controller/views.py", line 206, in getNumber
    if data[1] == az:
IndexError: list index out of range
2020-07-04 13:20:51,557:ERROR:Internal Server Error: /getnumber
Traceback (most recent call last):
  File "/usr/local/lib/python2.7/dist-packages/django/core/handlers/exception.py", line 41, in inner
    response = get_response(request)
  File "/usr/local/lib/python2.7/dist-packages/django/core/handlers/base.py", line 187, in _get_response
    response = self.process_exception_by_middleware(e, request)
  File "/usr/local/lib/python2.7/dist-packages/django/core/handlers/base.py", line 185, in _get_response
    response = wrapped_callback(request, *callback_args, **callback_kwargs)
  File "/usr/local/lib/python2.7/dist-packages/django/views/decorators/csrf.py", line 58, in wrapped_view
    return view_func(*args, **kwargs)
  File "/usr/local/lib/python2.7/dist-packages/django/views/generic/base.py", line 68, in view
    return self.dispatch(request, *args, **kwargs)
  File "/usr/local/lib/python2.7/dist-packages/rest_framework/views.py", line 495, in dispatch
    response = self.handle_exception(exc)
  File "/usr/local/lib/python2.7/dist-packages/rest_framework/views.py", line 455, in handle_exception
    self.raise_uncaught_exception(exc)
  File "/usr/local/lib/python2.7/dist-packages/rest_framework/views.py", line 492, in dispatch
    response = handler(request, *args, **kwargs)
  File "/usr/local/lib/python2.7/dist-packages/rest_framework/decorators.py", line 55, in handler
    return func(*args, **kwargs)
  File "/home/user/nFilterNew/controller/views.py", line 206, in getNumber
    if data[1] == az:
IndexError: list index out of range
2020-07-04 13:20:52,781:ERROR:Internal Server Error: /getnumber
Traceback (most recent call last):
  File "/usr/local/lib/python2.7/dist-packages/django/core/handlers/exception.py", line 41, in inner
    response = get_response(request)
  File "/usr/local/lib/python2.7/dist-packages/django/core/handlers/base.py", line 187, in _get_response
    response = self.process_exception_by_middleware(e, request)
  File "/usr/local/lib/python2.7/dist-packages/django/core/handlers/base.py", line 185, in _get_response
    response = wrapped_callback(request, *callback_args, **callback_kwargs)
  File "/usr/local/lib/python2.7/dist-packages/django/views/decorators/csrf.py", line 58, in wrapped_view
    return view_func(*args, **kwargs)
  File "/usr/local/lib/python2.7/dist-packages/django/views/generic/base.py", line 68, in view
    return self.dispatch(request, *args, **kwargs)
  File "/usr/local/lib/python2.7/dist-packages/rest_framework/views.py", line 495, in dispatch
    response = self.handle_exception(exc)
  File "/usr/local/lib/python2.7/dist-packages/rest_framework/views.py", line 455, in handle_exception
    self.raise_uncaught_exception(exc)
  File "/usr/local/lib/python2.7/dist-packages/rest_framework/views.py", line 492, in dispatch
    response = handler(request, *args, **kwargs)
  File "/usr/local/lib/python2.7/dist-packages/rest_framework/decorators.py", line 55, in handler
    return func(*args, **kwargs)
  File "/home/user/nFilterNew/controller/views.py", line 206, in getNumber
    if data[1] == az:
IndexError: list index out of range
2020-07-04 13:20:53,346:ERROR:Internal Server Error: /getnumber
Traceback (most recent call last):
  File "/usr/local/lib/python2.7/dist-packages/django/core/handlers/exception.py", line 41, in inner
    response = get_response(request)
  File "/usr/local/lib/python2.7/dist-packages/django/core/handlers/base.py", line 187, in _get_response
    response = self.process_exception_by_middleware(e, request)
  File "/usr/local/lib/python2.7/dist-packages/django/core/handlers/base.py", line 185, in _get_response
    response = wrapped_callback(request, *callback_args, **callback_kwargs)
  File "/usr/local/lib/python2.7/dist-packages/django/views/decorators/csrf.py", line 58, in wrapped_view
    return view_func(*args, **kwargs)
  File "/usr/local/lib/python2.7/dist-packages/django/views/generic/base.py", line 68, in view
    return self.dispatch(request, *args, **kwargs)
  File "/usr/local/lib/python2.7/dist-packages/rest_framework/views.py", line 495, in dispatch
    response = self.handle_exception(exc)
  File "/usr/local/lib/python2.7/dist-packages/rest_framework/views.py", line 455, in handle_exception
    self.raise_uncaught_exception(exc)
  File "/usr/local/lib/python2.7/dist-packages/rest_framework/views.py", line 492, in dispatch
    response = handler(request, *args, **kwargs)
  File "/usr/local/lib/python2.7/dist-packages/rest_framework/decorators.py", line 55, in handler
    return func(*args, **kwargs)
  File "/home/user/nFilterNew/controller/views.py", line 206, in getNumber
    if data[1] == az:
IndexError: list index out of range
2020-07-04 13:22:57,494:INFO:------------------------------------------------------------------------------------------------
2020-07-04 13:23:41,114:INFO:------------------------------------------------------------------------------------------------
2020-07-04 13:23:43,317:INFO:------------------------------------------------------------------------------------------------
2020-07-04 13:27:12,981:INFO:------------------------------------------------------------------------------------------------
2020-07-04 13:27:14,526:INFO:ДУГААРАА СОНГОЖ БУЙ ХЭСЭГ
2020-07-04 13:27:14,527:INFO:7
2020-07-04 13:27:14,881:WARNING:Not Found: /favicon.ico
2020-07-04 13:39:14,414:INFO:------------------------------------------------------------------------------------------------
2020-07-04 13:43:53,393:INFO:------------------------------------------------------------------------------------------------
2020-07-04 13:45:59,710:INFO:------------------------------------------------------------------------------------------------
2020-07-04 13:51:11,619:INFO:------------------------------------------------------------------------------------------------
2020-07-04 13:51:12,888:INFO:ДУГААРАА СОНГОЖ БУЙ ХЭСЭГ
2020-07-04 13:51:12,889:INFO:7
2020-07-04 13:51:13,125:WARNING:Not Found: /favicon.ico
2020-07-04 13:51:28,171:INFO:ДУГААРЫН ҮНЭ
2020-07-04 13:51:28,173:INFO:10000
2020-07-04 13:51:59,373:INFO:ДУГААРЫН ZAHIALGA
2020-07-04 13:52:01,411:INFO:------------------------------------------------------------------------------------------------
2020-07-04 13:53:34,413:INFO:ДУГААРЫН ҮНЭ
2020-07-04 13:53:34,415:INFO:5000
2020-07-04 13:53:47,289:INFO:ДУГААРЫН ҮНЭ
2020-07-04 13:53:47,292:INFO:5000
2020-07-04 13:54:46,014:INFO:ДУГААРАА СОНГОЖ БУЙ ХЭСЭГ
2020-07-04 13:54:46,014:INFO:2
2020-07-04 13:55:06,339:INFO:------------------------------------------------------------------------------------------------
2020-07-04 13:55:43,919:INFO:------------------------------------------------------------------------------------------------
2020-07-04 13:55:44,656:INFO:ДУГААРАА СОНГОЖ БУЙ ХЭСЭГ
2020-07-04 13:55:44,656:INFO:2
2020-07-04 13:55:55,997:INFO:ДУГААРЫН ҮНЭ
2020-07-04 13:55:56,001:INFO:5000
2020-07-04 13:56:27,035:INFO:------------------------------------------------------------------------------------------------
2020-07-04 13:56:28,567:INFO:ДУГААРАА СОНГОЖ БУЙ ХЭСЭГ
2020-07-04 13:56:28,567:INFO:7
2020-07-04 13:56:28,836:WARNING:Not Found: /favicon.ico
2020-07-04 13:56:36,579:INFO:ДУГААРЫН ZAHIALGA
2020-07-04 13:57:06,153:INFO:ДУГААРАА СОНГОЖ БУЙ ХЭСЭГ
2020-07-04 13:57:06,153:INFO:7
2020-07-04 13:57:22,419:INFO:ДУГААРАА СОНГОЖ БУЙ ХЭСЭГ
2020-07-04 13:57:22,420:INFO:7
2020-07-04 13:58:36,709:INFO:------------------------------------------------------------------------------------------------
2020-07-04 13:59:44,463:INFO:------------------------------------------------------------------------------------------------
2020-07-04 13:59:46,586:INFO:------------------------------------------------------------------------------------------------
2020-07-04 13:59:50,436:INFO:ДУГААРАА СОНГОЖ БУЙ ХЭСЭГ
2020-07-04 13:59:50,436:INFO:7
2020-07-04 14:02:15,166:INFO:------------------------------------------------------------------------------------------------
2020-07-04 14:02:45,174:INFO:------------------------------------------------------------------------------------------------
2020-07-04 14:02:46,280:INFO:ДУГААРАА СОНГОЖ БУЙ ХЭСЭГ
2020-07-04 14:02:46,281:INFO:7
2020-07-04 14:02:46,678:WARNING:Not Found: /favicon.ico
2020-07-04 14:02:47,105:INFO:------------------------------------------------------------------------------------------------
2020-07-04 14:02:48,168:INFO:ДУГААРАА СОНГОЖ БУЙ ХЭСЭГ
2020-07-04 14:02:48,168:INFO:2
2020-07-04 14:02:57,170:INFO:ДУГААРЫН ҮНЭ
2020-07-04 14:02:57,172:INFO:10000
2020-07-04 14:03:02,065:INFO:ДУГААРЫН ZAHIALGA
2020-07-04 14:03:04,353:INFO:------------------------------------------------------------------------------------------------
2020-07-04 14:03:14,101:INFO:ДУГААРЫН ҮНЭ
2020-07-04 14:03:14,104:INFO:5000
2020-07-04 14:03:17,867:INFO:ДУГААРЫН ҮНЭ
2020-07-04 14:03:17,869:INFO:5000
2020-07-04 14:03:39,549:INFO:ДУГААРЫН ZAHIALGA
2020-07-04 14:03:42,065:INFO:------------------------------------------------------------------------------------------------
2020-07-04 14:03:43,044:INFO:ДУГААРАА СОНГОЖ БУЙ ХЭСЭГ
2020-07-04 14:03:43,045:INFO:2
2020-07-04 14:03:51,826:INFO:ДУГААРЫН ҮНЭ
2020-07-04 14:03:51,829:INFO:5000
2020-07-04 14:03:58,647:INFO:ДУГААРЫН ZAHIALGA
2020-07-04 14:05:58,779:INFO:------------------------------------------------------------------------------------------------
2020-07-04 14:08:52,090:INFO:------------------------------------------------------------------------------------------------
2020-07-04 14:11:27,082:INFO:------------------------------------------------------------------------------------------------
2020-07-04 14:11:28,100:INFO:------------------------------------------------------------------------------------------------
2020-07-04 14:11:29,423:INFO:ДУГААРАА СОНГОЖ БУЙ ХЭСЭГ
2020-07-04 14:11:29,423:INFO:2
2020-07-04 14:12:28,916:INFO:ДУГААРЫН ҮНЭ
2020-07-04 14:12:28,919:INFO:5000
2020-07-04 14:13:34,871:INFO:------------------------------------------------------------------------------------------------
2020-07-04 14:22:29,097:INFO:ДУГААРАА СОНГОЖ БУЙ ХЭСЭГ
2020-07-04 14:22:29,097:INFO:7
2020-07-04 14:22:34,510:INFO:ДУГААРАА СОНГОЖ БУЙ ХЭСЭГ
2020-07-04 14:22:34,510:INFO:7
2020-07-04 14:22:40,057:INFO:ДУГААРАА СОНГОЖ БУЙ ХЭСЭГ
2020-07-04 14:22:40,057:INFO:7
2020-07-04 14:22:47,023:INFO:------------------------------------------------------------------------------------------------
2020-07-04 14:22:48,155:INFO:ДУГААРАА СОНГОЖ БУЙ ХЭСЭГ
2020-07-04 14:22:48,155:INFO:7
2020-07-04 14:22:48,357:WARNING:Not Found: /favicon.ico
2020-07-04 14:22:58,470:INFO:------------------------------------------------------------------------------------------------
2020-07-04 14:23:41,415:INFO:------------------------------------------------------------------------------------------------
2020-07-04 14:23:43,478:INFO:------------------------------------------------------------------------------------------------
2020-07-04 14:34:04,294:INFO:ДУГААРАА СОНГОЖ БУЙ ХЭСЭГ
2020-07-04 14:34:04,295:INFO:2
2020-07-04 14:34:04,725:WARNING:Not Found: /favicon.ico
2020-07-04 14:36:30,098:INFO:------------------------------------------------------------------------------------------------
2020-07-04 14:40:04,263:INFO:ДУГААРАА СОНГОЖ БУЙ ХЭСЭГ
2020-07-04 14:40:04,264:INFO:2
2020-07-04 14:40:51,451:INFO:ДУГААРЫН ҮНЭ
2020-07-04 14:40:51,453:INFO:5000
2020-07-04 14:41:18,125:INFO:ДУГААРЫН ҮНЭ
2020-07-04 14:41:18,127:INFO:5000
2020-07-04 14:42:35,591:INFO:ДУГААРЫН ҮНЭ
2020-07-04 14:42:35,593:INFO:5000
2020-07-04 14:43:44,115:INFO:ДУГААРЫН ҮНЭ
2020-07-04 14:43:44,117:INFO:5000
2020-07-04 14:44:00,094:INFO:------------------------------------------------------------------------------------------------
2020-07-04 14:46:04,407:INFO:------------------------------------------------------------------------------------------------
2020-07-04 14:49:35,312:INFO:------------------------------------------------------------------------------------------------
2020-07-04 14:49:45,965:INFO:ДУГААРАА СОНГОЖ БУЙ ХЭСЭГ
2020-07-04 14:49:45,966:INFO:7
2020-07-04 14:49:46,249:WARNING:Not Found: /favicon.ico
2020-07-04 14:50:52,009:INFO:ДУГААРЫН ҮНЭ
2020-07-04 14:50:52,011:INFO:5000
2020-07-04 14:51:06,566:INFO:------------------------------------------------------------------------------------------------
2020-07-04 14:51:07,691:INFO:ДУГААРАА СОНГОЖ БУЙ ХЭСЭГ
2020-07-04 14:51:07,691:INFO:7
2020-07-04 14:53:25,090:INFO:------------------------------------------------------------------------------------------------
2020-07-04 14:55:07,364:INFO:------------------------------------------------------------------------------------------------
2020-07-04 14:58:36,866:INFO:------------------------------------------------------------------------------------------------
2020-07-04 14:59:03,089:INFO:ДУГААРАА СОНГОЖ БУЙ ХЭСЭГ
2020-07-04 14:59:03,090:INFO:2
2020-07-04 14:59:05,976:INFO:ДУГААРАА СОНГОЖ БУЙ ХЭСЭГ
2020-07-04 14:59:05,976:INFO:2
2020-07-04 14:59:46,700:INFO:------------------------------------------------------------------------------------------------
2020-07-04 14:59:48,396:ERROR:Internal Server Error: /getnumber
Traceback (most recent call last):
  File "/usr/local/lib/python2.7/dist-packages/django/core/handlers/exception.py", line 41, in inner
    response = get_response(request)
  File "/usr/local/lib/python2.7/dist-packages/django/core/handlers/base.py", line 187, in _get_response
    response = self.process_exception_by_middleware(e, request)
  File "/usr/local/lib/python2.7/dist-packages/django/core/handlers/base.py", line 185, in _get_response
    response = wrapped_callback(request, *callback_args, **callback_kwargs)
  File "/usr/local/lib/python2.7/dist-packages/django/views/decorators/csrf.py", line 58, in wrapped_view
    return view_func(*args, **kwargs)
  File "/usr/local/lib/python2.7/dist-packages/django/views/generic/base.py", line 68, in view
    return self.dispatch(request, *args, **kwargs)
  File "/usr/local/lib/python2.7/dist-packages/rest_framework/views.py", line 495, in dispatch
    response = self.handle_exception(exc)
  File "/usr/local/lib/python2.7/dist-packages/rest_framework/views.py", line 455, in handle_exception
    self.raise_uncaught_exception(exc)
  File "/usr/local/lib/python2.7/dist-packages/rest_framework/views.py", line 492, in dispatch
    response = handler(request, *args, **kwargs)
  File "/usr/local/lib/python2.7/dist-packages/rest_framework/decorators.py", line 55, in handler
    return func(*args, **kwargs)
  File "/home/user/nFilterNew/controller/views.py", line 206, in getNumber
    if data[1] == az:
IndexError: list index out of range
2020-07-04 15:00:21,266:INFO:ДУГААРАА СОНГОЖ БУЙ ХЭСЭГ
2020-07-04 15:00:21,266:INFO:2
2020-07-04 15:00:23,726:INFO:ДУГААРАА СОНГОЖ БУЙ ХЭСЭГ
2020-07-04 15:00:23,727:INFO:2
2020-07-04 15:02:15,315:INFO:------------------------------------------------------------------------------------------------
2020-07-04 15:02:45,012:INFO:ДУГААРЫН ҮНЭ
2020-07-04 15:02:45,015:INFO:5000
2020-07-04 15:05:58,941:INFO:------------------------------------------------------------------------------------------------
2020-07-04 15:08:01,989:INFO:------------------------------------------------------------------------------------------------
2020-07-04 15:08:10,805:INFO:ДУГААРАА СОНГОЖ БУЙ ХЭСЭГ
2020-07-04 15:08:10,805:INFO:7
2020-07-04 15:08:56,685:INFO:------------------------------------------------------------------------------------------------
2020-07-04 15:10:09,150:INFO:------------------------------------------------------------------------------------------------
2020-07-04 15:12:01,629:INFO:ДУГААРЫН ҮНЭ
2020-07-04 15:12:01,632:INFO:5000
2020-07-04 15:12:20,075:INFO:ДУГААРЫН ҮНЭ
2020-07-04 15:12:20,078:INFO:5000
2020-07-04 15:13:35,487:INFO:------------------------------------------------------------------------------------------------
2020-07-04 15:19:53,988:INFO:ДУГААРАА СОНГОЖ БУЙ ХЭСЭГ
2020-07-04 15:19:53,989:INFO:2
2020-07-04 15:20:32,761:INFO:ДУГААРЫН ҮНЭ
2020-07-04 15:20:32,764:INFO:5000
2020-07-04 15:20:48,929:INFO:ДУГААРЫН ZAHIALGA
2020-07-04 15:22:49,054:INFO:------------------------------------------------------------------------------------------------
2020-07-04 15:22:59,424:INFO:------------------------------------------------------------------------------------------------
2020-07-04 15:23:16,343:INFO:------------------------------------------------------------------------------------------------
2020-07-04 15:23:22,631:INFO:ДУГААРАА СОНГОЖ БУЙ ХЭСЭГ
2020-07-04 15:23:22,631:INFO:7
2020-07-04 15:23:41,778:INFO:------------------------------------------------------------------------------------------------
2020-07-04 15:23:43,655:INFO:------------------------------------------------------------------------------------------------
2020-07-04 15:28:23,798:INFO:------------------------------------------------------------------------------------------------
2020-07-04 15:31:46,604:INFO:ДУГААРАА СОНГОЖ БУЙ ХЭСЭГ
2020-07-04 15:31:46,605:INFO:2
2020-07-04 15:31:47,064:WARNING:Not Found: /favicon.ico
2020-07-04 15:34:31,874:INFO:ДУГААРАА СОНГОЖ БУЙ ХЭСЭГ
2020-07-04 15:34:31,875:INFO:2
2020-07-04 15:38:57,490:INFO:ДУГААРЫН ҮНЭ
2020-07-04 15:38:57,493:INFO:5000
2020-07-04 15:41:17,698:INFO:ДУГААРАА СОНГОЖ БУЙ ХЭСЭГ
2020-07-04 15:41:17,698:INFO:7
2020-07-04 15:43:33,541:INFO:------------------------------------------------------------------------------------------------
2020-07-04 15:44:08,239:INFO:------------------------------------------------------------------------------------------------
2020-07-04 15:46:09,124:INFO:------------------------------------------------------------------------------------------------
2020-07-04 15:47:15,883:INFO:------------------------------------------------------------------------------------------------
2020-07-04 15:49:33,932:INFO:ДУГААРАА СОНГОЖ БУЙ ХЭСЭГ
2020-07-04 15:49:33,932:INFO:2
2020-07-04 15:50:43,174:INFO:ДУГААРЫН ҮНЭ
2020-07-04 15:50:43,177:INFO:5000
2020-07-04 15:53:25,526:INFO:------------------------------------------------------------------------------------------------
2020-07-04 15:55:08,393:INFO:------------------------------------------------------------------------------------------------
2020-07-04 15:58:41,474:INFO:------------------------------------------------------------------------------------------------
2020-07-04 16:02:15,431:INFO:------------------------------------------------------------------------------------------------
2020-07-04 16:08:26,104:INFO:------------------------------------------------------------------------------------------------
2020-07-04 16:08:32,866:INFO:ДУГААРАА СОНГОЖ БУЙ ХЭСЭГ
2020-07-04 16:08:32,866:INFO:2
2020-07-04 16:08:46,271:INFO:ДУГААРАА СОНГОЖ БУЙ ХЭСЭГ
2020-07-04 16:08:46,271:INFO:2
2020-07-04 16:08:49,806:INFO:ДУГААРАА СОНГОЖ БУЙ ХЭСЭГ
2020-07-04 16:08:49,806:INFO:2
2020-07-04 16:09:01,266:INFO:------------------------------------------------------------------------------------------------
2020-07-04 16:10:09,243:INFO:------------------------------------------------------------------------------------------------
2020-07-04 16:11:32,197:INFO:ДУГААРАА СОНГОЖ БУЙ ХЭСЭГ
2020-07-04 16:11:32,197:INFO:7
2020-07-04 16:14:44,693:INFO:ДУГААРЫН ҮНЭ
2020-07-04 16:14:44,696:INFO:5000
2020-07-04 16:15:35,442:INFO:------------------------------------------------------------------------------------------------
2020-07-04 16:15:36,552:INFO:ДУГААРАА СОНГОЖ БУЙ ХЭСЭГ
2020-07-04 16:15:36,552:INFO:7
2020-07-04 16:15:36,801:WARNING:Not Found: /favicon.ico
2020-07-04 16:15:51,050:INFO:ДУГААРЫН ҮНЭ
2020-07-04 16:15:51,053:INFO:10000
2020-07-04 16:22:49,195:INFO:------------------------------------------------------------------------------------------------
2020-07-04 16:23:42,114:INFO:------------------------------------------------------------------------------------------------
2020-07-04 16:24:38,023:WARNING:Not Found: /
2020-07-04 16:24:38,862:INFO:ДУГААРАА СОНГОЖ БУЙ ХЭСЭГ
2020-07-04 16:24:38,862:INFO:7
2020-07-04 16:24:45,191:INFO:ДУГААРАА СОНГОЖ БУЙ ХЭСЭГ
2020-07-04 16:24:45,191:INFO:7
2020-07-04 16:26:22,477:INFO:ДУГААРЫН ҮНЭ
2020-07-04 16:26:22,480:INFO:10000
2020-07-04 16:28:57,540:INFO:ДУГААРАА СОНГОЖ БУЙ ХЭСЭГ
2020-07-04 16:28:57,540:INFO:2
2020-07-04 16:32:44,150:INFO:ДУГААРАА СОНГОЖ БУЙ ХЭСЭГ
2020-07-04 16:32:44,151:INFO:2
2020-07-04 16:35:44,062:INFO:------------------------------------------------------------------------------------------------
2020-07-04 16:37:00,269:INFO:------------------------------------------------------------------------------------------------
2020-07-04 16:37:01,375:INFO:ДУГААРАА СОНГОЖ БУЙ ХЭСЭГ
2020-07-04 16:37:01,375:INFO:4
2020-07-04 16:37:08,941:INFO:ДУГААРЫН ҮНЭ
2020-07-04 16:37:08,945:INFO:5000
2020-07-04 16:37:17,411:INFO:------------------------------------------------------------------------------------------------
2020-07-04 16:37:42,800:INFO:ДУГААРЫН ҮНЭ
2020-07-04 16:37:42,802:INFO:5000
2020-07-04 16:38:24,969:INFO:ДУГААРАА СОНГОЖ БУЙ ХЭСЭГ
2020-07-04 16:38:24,969:INFO:2
2020-07-04 16:38:25,338:INFO:ДУГААРАА СОНГОЖ БУЙ ХЭСЭГ
2020-07-04 16:38:25,338:INFO:7
2020-07-04 16:38:52,494:INFO:ДУГААРЫН ҮНЭ
2020-07-04 16:38:52,496:INFO:5000
2020-07-04 16:39:05,916:INFO:ДУГААРЫН ZAHIALGA
2020-07-04 16:41:06,052:INFO:------------------------------------------------------------------------------------------------
2020-07-04 16:44:01,156:INFO:------------------------------------------------------------------------------------------------
2020-07-04 16:44:16,066:INFO:------------------------------------------------------------------------------------------------
2020-07-04 16:45:20,373:INFO:ДУГААРАА СОНГОЖ БУЙ ХЭСЭГ
2020-07-04 16:45:20,373:INFO:2
2020-07-04 16:45:24,074:INFO:ДУГААРАА СОНГОЖ БУЙ ХЭСЭГ
2020-07-04 16:45:24,075:INFO:7
2020-07-04 16:45:58,716:INFO:ДУГААРАА СОНГОЖ БУЙ ХЭСЭГ
2020-07-04 16:45:58,716:INFO:7
2020-07-04 16:46:04,632:INFO:ДУГААРАА СОНГОЖ БУЙ ХЭСЭГ
2020-07-04 16:46:04,633:INFO:2
2020-07-04 16:46:13,801:INFO:------------------------------------------------------------------------------------------------
2020-07-04 16:46:39,060:INFO:ДУГААРАА СОНГОЖ БУЙ ХЭСЭГ
2020-07-04 16:46:39,060:INFO:7
2020-07-04 16:46:47,812:INFO:ДУГААРАА СОНГОЖ БУЙ ХЭСЭГ
2020-07-04 16:46:47,812:INFO:7
2020-07-04 16:46:48,368:WARNING:Not Found: /favicon.ico
2020-07-04 16:47:02,419:INFO:ДУГААРАА СОНГОЖ БУЙ ХЭСЭГ
2020-07-04 16:47:02,419:INFO:7
2020-07-04 16:47:31,340:INFO:ДУГААРЫН ҮНЭ
2020-07-04 16:47:31,342:INFO:10000
2020-07-04 16:47:49,419:INFO:ДУГААРАА СОНГОЖ БУЙ ХЭСЭГ
2020-07-04 16:47:49,419:INFO:7
2020-07-04 16:48:08,175:INFO:ДУГААРАА СОНГОЖ БУЙ ХЭСЭГ
2020-07-04 16:48:08,175:INFO:7
2020-07-04 16:48:15,073:INFO:ДУГААРАА СОНГОЖ БУЙ ХЭСЭГ
2020-07-04 16:48:15,073:INFO:7
2020-07-04 16:49:37,501:INFO:ДУГААРЫН ZAHIALGA
2020-07-04 16:51:37,700:INFO:------------------------------------------------------------------------------------------------
2020-07-04 16:55:09,475:INFO:------------------------------------------------------------------------------------------------
2020-07-04 16:55:25,686:INFO:------------------------------------------------------------------------------------------------
2020-07-04 16:57:02,281:INFO:ДУГААРАА СОНГОЖ БУЙ ХЭСЭГ
2020-07-04 16:57:02,281:INFO:7
2020-07-04 16:57:05,755:INFO:ДУГААРАА СОНГОЖ БУЙ ХЭСЭГ
2020-07-04 16:57:05,755:INFO:7
2020-07-04 16:57:08,792:INFO:ДУГААРАА СОНГОЖ БУЙ ХЭСЭГ
2020-07-04 16:57:08,793:INFO:7
2020-07-04 16:57:13,200:INFO:ДУГААРАА СОНГОЖ БУЙ ХЭСЭГ
2020-07-04 16:57:13,200:INFO:7
2020-07-04 16:57:23,623:INFO:ДУГААРАА СОНГОЖ БУЙ ХЭСЭГ
2020-07-04 16:57:23,624:INFO:7
2020-07-04 16:58:29,211:INFO:ДУГААРАА СОНГОЖ БУЙ ХЭСЭГ
2020-07-04 16:58:29,211:INFO:7
2020-07-04 16:58:45,568:INFO:ДУГААРАА СОНГОЖ БУЙ ХЭСЭГ
2020-07-04 16:58:45,568:INFO:7
2020-07-04 17:01:06,960:INFO:ДУГААРЫН ҮНЭ
2020-07-04 17:01:06,964:INFO:5000
2020-07-04 17:02:14,797:INFO:ДУГААРЫН ҮНЭ
2020-07-04 17:02:14,799:INFO:10000
2020-07-04 17:02:28,004:INFO:ДУГААРЫН ҮНЭ
2020-07-04 17:02:28,007:INFO:10000
2020-07-04 17:03:26,448:INFO:------------------------------------------------------------------------------------------------
2020-07-04 17:03:29,041:INFO:ДУГААРАА СОНГОЖ БУЙ ХЭСЭГ
2020-07-04 17:03:29,042:INFO:2
2020-07-04 17:05:44,708:INFO:ДУГААРАА СОНГОЖ БУЙ ХЭСЭГ
2020-07-04 17:05:44,708:INFO:7
2020-07-04 17:06:18,075:INFO:------------------------------------------------------------------------------------------------
2020-07-04 17:08:48,658:ERROR:Internal Server Error: /getnumber
Traceback (most recent call last):
  File "/usr/local/lib/python2.7/dist-packages/django/core/handlers/exception.py", line 41, in inner
    response = get_response(request)
  File "/usr/local/lib/python2.7/dist-packages/django/core/handlers/base.py", line 187, in _get_response
    response = self.process_exception_by_middleware(e, request)
  File "/usr/local/lib/python2.7/dist-packages/django/core/handlers/base.py", line 185, in _get_response
    response = wrapped_callback(request, *callback_args, **callback_kwargs)
  File "/usr/local/lib/python2.7/dist-packages/django/views/decorators/csrf.py", line 58, in wrapped_view
    return view_func(*args, **kwargs)
  File "/usr/local/lib/python2.7/dist-packages/django/views/generic/base.py", line 68, in view
    return self.dispatch(request, *args, **kwargs)
  File "/usr/local/lib/python2.7/dist-packages/rest_framework/views.py", line 495, in dispatch
    response = self.handle_exception(exc)
  File "/usr/local/lib/python2.7/dist-packages/rest_framework/views.py", line 455, in handle_exception
    self.raise_uncaught_exception(exc)
  File "/usr/local/lib/python2.7/dist-packages/rest_framework/views.py", line 492, in dispatch
    response = handler(request, *args, **kwargs)
  File "/usr/local/lib/python2.7/dist-packages/rest_framework/decorators.py", line 55, in handler
    return func(*args, **kwargs)
  File "/home/user/nFilterNew/controller/views.py", line 206, in getNumber
    if data[1] == az:
IndexError: list index out of range
2020-07-04 17:09:05,940:INFO:------------------------------------------------------------------------------------------------
2020-07-04 17:09:29,066:INFO:ДУГААРАА СОНГОЖ БУЙ ХЭСЭГ
2020-07-04 17:09:29,067:INFO:7
2020-07-04 17:10:00,244:ERROR:Internal Server Error: /getnumber
Traceback (most recent call last):
  File "/usr/local/lib/python2.7/dist-packages/django/core/handlers/exception.py", line 41, in inner
    response = get_response(request)
  File "/usr/local/lib/python2.7/dist-packages/django/core/handlers/base.py", line 187, in _get_response
    response = self.process_exception_by_middleware(e, request)
  File "/usr/local/lib/python2.7/dist-packages/django/core/handlers/base.py", line 185, in _get_response
    response = wrapped_callback(request, *callback_args, **callback_kwargs)
  File "/usr/local/lib/python2.7/dist-packages/django/views/decorators/csrf.py", line 58, in wrapped_view
    return view_func(*args, **kwargs)
  File "/usr/local/lib/python2.7/dist-packages/django/views/generic/base.py", line 68, in view
    return self.dispatch(request, *args, **kwargs)
  File "/usr/local/lib/python2.7/dist-packages/rest_framework/views.py", line 495, in dispatch
    response = self.handle_exception(exc)
  File "/usr/local/lib/python2.7/dist-packages/rest_framework/views.py", line 455, in handle_exception
    self.raise_uncaught_exception(exc)
  File "/usr/local/lib/python2.7/dist-packages/rest_framework/views.py", line 492, in dispatch
    response = handler(request, *args, **kwargs)
  File "/usr/local/lib/python2.7/dist-packages/rest_framework/decorators.py", line 55, in handler
    return func(*args, **kwargs)
  File "/home/user/nFilterNew/controller/views.py", line 206, in getNumber
    if data[1] == az:
IndexError: list index out of range
2020-07-04 17:10:05,083:INFO:------------------------------------------------------------------------------------------------
2020-07-04 17:10:06,638:INFO:ДУГААРАА СОНГОЖ БУЙ ХЭСЭГ
2020-07-04 17:10:06,638:INFO:2
2020-07-04 17:10:21,103:INFO:ДУГААРАА СОНГОЖ БУЙ ХЭСЭГ
2020-07-04 17:10:21,104:INFO:7
2020-07-04 17:10:29,916:INFO:ДУГААРАА СОНГОЖ БУЙ ХЭСЭГ
2020-07-04 17:10:29,916:INFO:7
2020-07-04 17:10:42,960:INFO:ДУГААРАА СОНГОЖ БУЙ ХЭСЭГ
2020-07-04 17:10:42,961:INFO:7
2020-07-04 17:13:47,295:INFO:ДУГААРЫН ҮНЭ
2020-07-04 17:13:47,298:INFO:10000
2020-07-04 17:13:55,331:INFO:ДУГААРАА СОНГОЖ БУЙ ХЭСЭГ
2020-07-04 17:13:55,331:INFO:2
2020-07-04 17:14:44,673:INFO:ДУГААРАА СОНГОЖ БУЙ ХЭСЭГ
2020-07-04 17:14:44,673:INFO:7
2020-07-04 17:14:47,646:INFO:------------------------------------------------------------------------------------------------
2020-07-04 17:14:48,627:INFO:ДУГААРАА СОНГОЖ БУЙ ХЭСЭГ
2020-07-04 17:14:48,627:INFO:7
2020-07-04 17:14:52,942:INFO:ДУГААРЫН ҮНЭ
2020-07-04 17:14:52,944:INFO:5000
2020-07-04 17:15:09,036:INFO:ДУГААРЫН ZAHIALGA
2020-07-04 17:15:11,617:INFO:------------------------------------------------------------------------------------------------
2020-07-04 17:15:37,958:INFO:ДУГААРАА СОНГОЖ БУЙ ХЭСЭГ
2020-07-04 17:15:37,958:INFO:7
2020-07-04 17:15:40,602:INFO:ДУГААРАА СОНГОЖ БУЙ ХЭСЭГ
2020-07-04 17:15:40,603:INFO:7
2020-07-04 17:15:46,790:INFO:ДУГААРАА СОНГОЖ БУЙ ХЭСЭГ
2020-07-04 17:15:46,790:INFO:7
2020-07-04 17:15:55,501:INFO:ДУГААРАА СОНГОЖ БУЙ ХЭСЭГ
2020-07-04 17:15:55,501:INFO:7
2020-07-04 17:16:08,416:INFO:ДУГААРАА СОНГОЖ БУЙ ХЭСЭГ
2020-07-04 17:16:08,416:INFO:7
2020-07-04 17:16:11,410:INFO:ДУГААРАА СОНГОЖ БУЙ ХЭСЭГ
2020-07-04 17:16:11,410:INFO:7
2020-07-04 17:16:40,107:INFO:ДУГААРАА СОНГОЖ БУЙ ХЭСЭГ
2020-07-04 17:16:40,107:INFO:7
2020-07-04 17:17:09,176:INFO:------------------------------------------------------------------------------------------------
2020-07-04 17:17:28,932:INFO:ДУГААРАА СОНГОЖ БУЙ ХЭСЭГ
2020-07-04 17:17:28,932:INFO:7
2020-07-04 17:18:34,197:INFO:ДУГААРЫН ҮНЭ
2020-07-04 17:18:34,199:INFO:10000
2020-07-04 17:18:38,270:INFO:ДУГААРЫН ҮНЭ
2020-07-04 17:18:38,272:INFO:10000
2020-07-04 17:23:25,827:INFO:ДУГААРЫН ҮНЭ
2020-07-04 17:23:25,830:INFO:10000
2020-07-04 17:23:47,147:INFO:ДУГААРАА СОНГОЖ БУЙ ХЭСЭГ
2020-07-04 17:23:47,147:INFO:7
2020-07-04 17:23:50,580:INFO:ДУГААРАА СОНГОЖ БУЙ ХЭСЭГ
2020-07-04 17:23:50,580:INFO:2
2020-07-04 17:24:07,321:INFO:ДУГААРАА СОНГОЖ БУЙ ХЭСЭГ
2020-07-04 17:24:07,321:INFO:7
2020-07-04 17:24:16,693:INFO:ДУГААРАА СОНГОЖ БУЙ ХЭСЭГ
2020-07-04 17:24:16,693:INFO:2
2020-07-04 17:24:20,061:INFO:ДУГААРАА СОНГОЖ БУЙ ХЭСЭГ
2020-07-04 17:24:20,061:INFO:7
2020-07-04 17:24:38,075:INFO:ДУГААРАА СОНГОЖ БУЙ ХЭСЭГ
2020-07-04 17:24:38,075:INFO:2
2020-07-04 17:24:38,478:INFO:ДУГААРАА СОНГОЖ БУЙ ХЭСЭГ
2020-07-04 17:24:38,478:INFO:7
2020-07-04 17:24:44,226:INFO:ДУГААРАА СОНГОЖ БУЙ ХЭСЭГ
2020-07-04 17:24:44,227:INFO:2
2020-07-04 17:24:47,375:INFO:ДУГААРАА СОНГОЖ БУЙ ХЭСЭГ
2020-07-04 17:24:47,375:INFO:2
2020-07-04 17:29:54,371:INFO:------------------------------------------------------------------------------------------------
2020-07-04 17:31:15,872:INFO:ДУГААРАА СОНГОЖ БУЙ ХЭСЭГ
2020-07-04 17:31:15,872:INFO:2
2020-07-04 17:35:42,361:INFO:ДУГААРАА СОНГОЖ БУЙ ХЭСЭГ
2020-07-04 17:35:42,362:INFO:2
2020-07-04 17:36:07,046:INFO:ДУГААРАА СОНГОЖ БУЙ ХЭСЭГ
2020-07-04 17:36:07,047:INFO:2
2020-07-04 17:37:05,678:INFO:ДУГААРАА СОНГОЖ БУЙ ХЭСЭГ
2020-07-04 17:37:05,678:INFO:7
2020-07-04 17:39:48,580:INFO:ДУГААРАА СОНГОЖ БУЙ ХЭСЭГ
2020-07-04 17:39:48,580:INFO:7
2020-07-04 17:39:54,676:INFO:ДУГААРАА СОНГОЖ БУЙ ХЭСЭГ
2020-07-04 17:39:54,676:INFO:7
2020-07-04 17:40:21,426:INFO:ДУГААРАА СОНГОЖ БУЙ ХЭСЭГ
2020-07-04 17:40:21,426:INFO:7
2020-07-04 17:44:33,565:INFO:------------------------------------------------------------------------------------------------
2020-07-04 17:46:18,493:INFO:------------------------------------------------------------------------------------------------
2020-07-04 17:47:02,812:INFO:ДУГААРАА СОНГОЖ БУЙ ХЭСЭГ
2020-07-04 17:47:02,812:INFO:2
2020-07-04 17:47:17,310:INFO:ДУГААРАА СОНГОЖ БУЙ ХЭСЭГ
2020-07-04 17:47:17,310:INFO:2
2020-07-04 17:47:37,799:INFO:------------------------------------------------------------------------------------------------
2020-07-04 17:47:38,802:INFO:ДУГААРАА СОНГОЖ БУЙ ХЭСЭГ
2020-07-04 17:47:38,803:INFO:2
2020-07-04 17:47:58,712:INFO:ДУГААРЫН ҮНЭ
2020-07-04 17:47:58,715:INFO:5000
2020-07-04 17:55:10,488:INFO:------------------------------------------------------------------------------------------------
2020-07-04 18:09:10,750:INFO:------------------------------------------------------------------------------------------------
2020-07-04 18:17:09,318:INFO:------------------------------------------------------------------------------------------------
2020-07-04 18:29:54,538:INFO:------------------------------------------------------------------------------------------------
2020-07-04 18:44:40,620:INFO:------------------------------------------------------------------------------------------------
2020-07-04 18:46:23,242:INFO:------------------------------------------------------------------------------------------------
2020-07-04 18:48:03,941:INFO:------------------------------------------------------------------------------------------------
2020-07-04 18:48:05,072:INFO:ДУГААРАА СОНГОЖ БУЙ ХЭСЭГ
2020-07-04 18:48:05,072:INFO:7
2020-07-04 18:55:11,516:INFO:------------------------------------------------------------------------------------------------
2020-07-04 19:09:15,480:INFO:------------------------------------------------------------------------------------------------
2020-07-04 19:17:13,945:INFO:------------------------------------------------------------------------------------------------
2020-07-04 19:17:42,261:INFO:------------------------------------------------------------------------------------------------
2020-07-04 19:23:38,837:INFO:ДУГААРАА СОНГОЖ БУЙ ХЭСЭГ
2020-07-04 19:23:38,838:INFO:2
2020-07-04 19:23:40,748:INFO:------------------------------------------------------------------------------------------------
2020-07-04 19:23:55,291:INFO:ДУГААРАА СОНГОЖ БУЙ ХЭСЭГ
2020-07-04 19:23:55,291:INFO:2
2020-07-04 19:29:54,676:INFO:------------------------------------------------------------------------------------------------
2020-07-04 19:29:55,879:INFO:------------------------------------------------------------------------------------------------
2020-07-04 19:44:47,312:INFO:------------------------------------------------------------------------------------------------
2020-07-04 19:46:27,926:INFO:------------------------------------------------------------------------------------------------
2020-07-04 19:55:12,567:INFO:------------------------------------------------------------------------------------------------
2020-07-04 20:09:20,128:INFO:------------------------------------------------------------------------------------------------
2020-07-04 20:17:18,572:INFO:------------------------------------------------------------------------------------------------
2020-07-04 20:29:54,802:INFO:------------------------------------------------------------------------------------------------
2020-07-04 20:29:56,019:INFO:------------------------------------------------------------------------------------------------
2020-07-04 20:32:50,736:INFO:ДУГААРАА СОНГОЖ БУЙ ХЭСЭГ
2020-07-04 20:32:50,736:INFO:2
2020-07-04 20:35:43,081:INFO:------------------------------------------------------------------------------------------------
2020-07-04 20:35:44,142:INFO:ДУГААРАА СОНГОЖ БУЙ ХЭСЭГ
2020-07-04 20:35:44,142:INFO:2
2020-07-04 20:37:50,695:INFO:------------------------------------------------------------------------------------------------
2020-07-04 20:37:51,893:INFO:ДУГААРАА СОНГОЖ БУЙ ХЭСЭГ
2020-07-04 20:37:51,893:INFO:7
2020-07-04 20:37:55,089:INFO:------------------------------------------------------------------------------------------------
2020-07-04 20:37:55,821:INFO:ДУГААРАА СОНГОЖ БУЙ ХЭСЭГ
2020-07-04 20:37:55,821:INFO:2
2020-07-04 20:40:39,301:INFO:ДУГААРЫН ҮНЭ
2020-07-04 20:40:39,304:INFO:5000
2020-07-04 20:44:54,709:INFO:------------------------------------------------------------------------------------------------
2020-07-04 20:45:30,285:INFO:ДУГААРЫН ҮНЭ
2020-07-04 20:45:30,288:INFO:5000
2020-07-04 20:46:32,582:INFO:------------------------------------------------------------------------------------------------
2020-07-04 20:55:13,571:INFO:------------------------------------------------------------------------------------------------
2020-07-04 20:56:15,432:WARNING:Not Found: /
2020-07-04 21:09:24,723:INFO:------------------------------------------------------------------------------------------------
2020-07-04 21:45:01,243:INFO:------------------------------------------------------------------------------------------------
2020-07-04 21:46:37,273:INFO:------------------------------------------------------------------------------------------------
2020-07-04 21:55:14,609:INFO:------------------------------------------------------------------------------------------------
2020-07-04 21:57:54,049:WARNING:Not Found: /
2020-07-04 22:09:29,334:INFO:------------------------------------------------------------------------------------------------
2020-07-04 22:45:08,278:INFO:------------------------------------------------------------------------------------------------
2020-07-04 22:46:41,945:INFO:------------------------------------------------------------------------------------------------
2020-07-04 22:55:15,646:INFO:------------------------------------------------------------------------------------------------
2020-07-04 23:09:34,000:INFO:------------------------------------------------------------------------------------------------
2020-07-04 23:45:16,074:INFO:------------------------------------------------------------------------------------------------
2020-07-04 23:46:46,612:INFO:------------------------------------------------------------------------------------------------
2020-07-04 23:55:16,701:INFO:------------------------------------------------------------------------------------------------
2020-07-05 00:09:38,783:INFO:------------------------------------------------------------------------------------------------
2020-07-05 00:45:23,052:INFO:------------------------------------------------------------------------------------------------
2020-07-05 00:46:51,343:INFO:------------------------------------------------------------------------------------------------
2020-07-05 00:55:17,734:INFO:------------------------------------------------------------------------------------------------
2020-07-05 01:09:43,360:INFO:------------------------------------------------------------------------------------------------
2020-07-05 01:45:30,805:INFO:------------------------------------------------------------------------------------------------
2020-07-05 01:46:56,071:INFO:------------------------------------------------------------------------------------------------
2020-07-05 01:55:18,798:INFO:------------------------------------------------------------------------------------------------
2020-07-05 02:09:47,969:INFO:------------------------------------------------------------------------------------------------
2020-07-05 02:45:38,079:INFO:------------------------------------------------------------------------------------------------
2020-07-05 02:47:00,761:INFO:------------------------------------------------------------------------------------------------
2020-07-05 02:55:19,825:INFO:------------------------------------------------------------------------------------------------
2020-07-05 03:09:52,550:INFO:------------------------------------------------------------------------------------------------
2020-07-05 03:45:45,112:INFO:------------------------------------------------------------------------------------------------
2020-07-05 03:47:05,457:INFO:------------------------------------------------------------------------------------------------
2020-07-05 03:55:20,841:INFO:------------------------------------------------------------------------------------------------
2020-07-05 04:09:57,185:INFO:------------------------------------------------------------------------------------------------
2020-07-05 04:45:53,104:INFO:------------------------------------------------------------------------------------------------
2020-07-05 04:47:10,151:INFO:------------------------------------------------------------------------------------------------
2020-07-05 04:55:21,889:INFO:------------------------------------------------------------------------------------------------
2020-07-05 05:10:01,771:INFO:------------------------------------------------------------------------------------------------
2020-07-05 05:46:00,208:INFO:------------------------------------------------------------------------------------------------
2020-07-05 05:47:14,833:INFO:------------------------------------------------------------------------------------------------
2020-07-05 05:55:22,927:INFO:------------------------------------------------------------------------------------------------
2020-07-05 06:10:06,366:INFO:------------------------------------------------------------------------------------------------
