2019-11-12 16:15:06,012:INFO:----------------------------------------------------------------------------------------------------
2019-11-12 16:15:08,746:INFO:ДУГААРАА СОНГОЖ БУЙ ХЭСЭГ
2019-11-12 16:15:08,746:INFO:2
2019-11-12 16:15:08,910:WARNING:Not Found: /favicon.ico
2019-11-12 16:22:10,954:INFO:----------------------------------------------------------------------------------------------------
2019-11-12 16:23:55,342:WARNING:Not Found: /
2019-11-12 16:24:00,621:INFO:----------------------------------------------------------------------------------------------------
2019-11-12 16:24:06,970:INFO:ДУГААРАА СОНГОЖ БУЙ ХЭСЭГ
2019-11-12 16:24:06,970:INFO:2
2019-11-12 16:24:07,065:WARNING:Not Found: /favicon.ico
2019-11-12 16:24:09,017:WARNING:Not Found: /nuur/
2019-11-12 16:24:45,010:INFO:----------------------------------------------------------------------------------------------------
2019-11-12 16:24:46,154:INFO:ДУГААРАА СОНГОЖ БУЙ ХЭСЭГ
2019-11-12 16:24:46,154:INFO:2
2019-11-12 16:24:47,707:INFO:----------------------------------------------------------------------------------------------------
2019-11-12 16:24:57,029:INFO:ДУГААРАА СОНГОЖ БУЙ ХЭСЭГ
2019-11-12 16:24:57,029:INFO:2
2019-11-12 16:25:11,263:INFO:----------------------------------------------------------------------------------------------------
2019-11-12 16:25:12,210:INFO:ДУГААРАА СОНГОЖ БУЙ ХЭСЭГ
2019-11-12 16:25:12,210:INFO:7
2019-11-12 16:25:12,296:WARNING:Not Found: /favicon.ico
2019-11-12 16:28:37,644:INFO:----------------------------------------------------------------------------------------------------
2019-11-12 16:28:38,473:WARNING:Not Found: /prepaid
2019-11-12 16:28:56,941:INFO:ДУГААРАА СОНГОЖ БУЙ ХЭСЭГ
2019-11-12 16:28:56,941:INFO:2
2019-11-12 16:29:02,762:INFO:ДУГААРАА СОНГОЖ БУЙ ХЭСЭГ
2019-11-12 16:29:02,762:INFO:7
2019-11-12 16:29:28,473:INFO:----------------------------------------------------------------------------------------------------
2019-11-12 16:29:31,697:INFO:ДУГААРАА СОНГОЖ БУЙ ХЭСЭГ
2019-11-12 16:29:31,697:ERROR:Internal Server Error: /prepaid/numbertype=2&az=6
Traceback (most recent call last):
  File "C:\Python27\lib\site-packages\django\core\handlers\exception.py", line 41, in inner
    response = get_response(request)
  File "C:\Python27\lib\site-packages\django\core\handlers\base.py", line 187, in _get_response
    response = self.process_exception_by_middleware(e, request)
  File "C:\Python27\lib\site-packages\django\core\handlers\base.py", line 185, in _get_response
    response = wrapped_callback(request, *callback_args, **callback_kwargs)
  File "D:\nFilterNew\controller\views.py", line 37, in getprepix
    numbertype = request.GET["numbertype"]
  File "C:\Python27\lib\site-packages\django\utils\datastructures.py", line 85, in __getitem__
    raise MultiValueDictKeyError(repr(key))
MultiValueDictKeyError: "'numbertype'"
2019-11-12 16:29:38,266:WARNING:Not Found: /favicon.ico
2019-11-12 16:30:01,259:INFO:ДУГААРАА СОНГОЖ БУЙ ХЭСЭГ
2019-11-12 16:30:01,259:ERROR:Internal Server Error: /prepaid/numbertype=2&az=6
Traceback (most recent call last):
  File "C:\Python27\lib\site-packages\django\core\handlers\exception.py", line 41, in inner
    response = get_response(request)
  File "C:\Python27\lib\site-packages\django\core\handlers\base.py", line 187, in _get_response
    response = self.process_exception_by_middleware(e, request)
  File "C:\Python27\lib\site-packages\django\core\handlers\base.py", line 185, in _get_response
    response = wrapped_callback(request, *callback_args, **callback_kwargs)
  File "D:\nFilterNew\controller\views.py", line 37, in getprepix
    numbertype = request.GET["numbertype"]
  File "C:\Python27\lib\site-packages\django\utils\datastructures.py", line 85, in __getitem__
    raise MultiValueDictKeyError(repr(key))
MultiValueDictKeyError: "'numbertype'"
2019-11-12 16:30:03,467:INFO:ДУГААРАА СОНГОЖ БУЙ ХЭСЭГ
2019-11-12 16:30:03,467:ERROR:Internal Server Error: /prepaid/numbertype=2&az=6
Traceback (most recent call last):
  File "C:\Python27\lib\site-packages\django\core\handlers\exception.py", line 41, in inner
    response = get_response(request)
  File "C:\Python27\lib\site-packages\django\core\handlers\base.py", line 187, in _get_response
    response = self.process_exception_by_middleware(e, request)
  File "C:\Python27\lib\site-packages\django\core\handlers\base.py", line 185, in _get_response
    response = wrapped_callback(request, *callback_args, **callback_kwargs)
  File "D:\nFilterNew\controller\views.py", line 37, in getprepix
    numbertype = request.GET["numbertype"]
  File "C:\Python27\lib\site-packages\django\utils\datastructures.py", line 85, in __getitem__
    raise MultiValueDictKeyError(repr(key))
MultiValueDictKeyError: "'numbertype'"
2019-11-12 16:30:06,999:INFO:----------------------------------------------------------------------------------------------------
2019-11-12 16:30:07,963:INFO:ДУГААРАА СОНГОЖ БУЙ ХЭСЭГ
2019-11-12 16:30:07,963:INFO:2
2019-11-12 16:30:08,039:WARNING:Not Found: /favicon.ico
2019-11-12 16:30:18,128:INFO:ДУГААРЫН ҮНЭ
2019-11-12 16:30:18,138:INFO:5000
2019-11-12 16:30:19,073:WARNING:Not Found: /newnumbertype
2019-11-12 16:31:23,328:INFO:----------------------------------------------------------------------------------------------------
2019-11-12 16:31:24,407:INFO:ДУГААРАА СОНГОЖ БУЙ ХЭСЭГ
2019-11-12 16:31:24,407:INFO:7
2019-11-12 16:33:45,273:INFO:----------------------------------------------------------------------------------------------------
2019-11-12 16:33:46,766:INFO:ДУГААРАА СОНГОЖ БУЙ ХЭСЭГ
2019-11-12 16:33:46,766:INFO:2
2019-11-12 16:33:47,937:INFO:ДУГААРЫН ҮНЭ
2019-11-12 16:33:47,947:INFO:5000
2019-11-12 16:33:48,799:INFO:ДУГААРАА СОНГОЖ БУЙ ХЭСЭГ
2019-11-12 16:33:48,799:INFO:2
2019-11-12 16:33:51,176:INFO:ДУГААРЫН ҮНЭ
2019-11-12 16:33:51,186:INFO:5000
2019-11-12 16:33:52,042:INFO:ДУГААРАА СОНГОЖ БУЙ ХЭСЭГ
2019-11-12 16:33:52,042:INFO:2
2019-11-12 16:33:54,256:INFO:----------------------------------------------------------------------------------------------------
2019-11-12 16:33:54,926:INFO:ДУГААРАА СОНГОЖ БУЙ ХЭСЭГ
2019-11-12 16:33:54,926:INFO:7
2019-11-12 16:33:55,822:INFO:ДУГААРЫН ҮНЭ
2019-11-12 16:33:55,828:INFO:10000
2019-11-12 16:33:56,674:INFO:ДУГААРАА СОНГОЖ БУЙ ХЭСЭГ
2019-11-12 16:33:56,674:INFO:7
2019-11-12 16:34:02,358:INFO:ДУГААРЫН ҮНЭ
2019-11-12 16:34:02,364:INFO:10000
2019-11-12 16:34:03,250:INFO:ДУГААРАА СОНГОЖ БУЙ ХЭСЭГ
2019-11-12 16:34:03,250:INFO:7
2019-11-12 16:34:31,522:INFO:----------------------------------------------------------------------------------------------------
2019-11-12 16:34:33,096:INFO:ДУГААРАА СОНГОЖ БУЙ ХЭСЭГ
2019-11-12 16:34:33,096:INFO:7
2019-11-12 16:34:34,653:INFO:ДУГААРЫН ҮНЭ
2019-11-12 16:34:34,657:INFO:10000
2019-11-12 16:34:35,568:INFO:ДУГААРАА СОНГОЖ БУЙ ХЭСЭГ
2019-11-12 16:34:35,568:INFO:7
2019-11-12 16:34:36,756:INFO:ДУГААРЫН ҮНЭ
2019-11-12 16:34:36,760:INFO:10000
2019-11-12 16:34:37,542:INFO:ДУГААРАА СОНГОЖ БУЙ ХЭСЭГ
2019-11-12 16:34:37,548:INFO:7
2019-11-12 16:34:38,569:INFO:ДУГААРЫН ҮНЭ
2019-11-12 16:34:38,579:INFO:10000
2019-11-12 16:34:39,178:INFO:ДУГААРАА СОНГОЖ БУЙ ХЭСЭГ
2019-11-12 16:34:39,178:INFO:7
2019-11-12 16:34:41,582:INFO:----------------------------------------------------------------------------------------------------
2019-11-12 16:34:42,109:INFO:ДУГААРАА СОНГОЖ БУЙ ХЭСЭГ
2019-11-12 16:34:42,109:INFO:2
2019-11-12 16:34:43,467:INFO:ДУГААРЫН ҮНЭ
2019-11-12 16:34:43,473:INFO:5000
2019-11-12 16:34:44,137:INFO:ДУГААРАА СОНГОЖ БУЙ ХЭСЭГ
2019-11-12 16:34:44,137:INFO:2
2019-11-12 16:34:45,924:INFO:ДУГААРЫН ҮНЭ
2019-11-12 16:34:45,930:INFO:5000
2019-11-12 16:34:46,753:INFO:ДУГААРАА СОНГОЖ БУЙ ХЭСЭГ
2019-11-12 16:34:46,753:INFO:2
2019-11-12 16:34:48,138:INFO:ДУГААРЫН ҮНЭ
2019-11-12 16:34:48,148:INFO:5000
2019-11-12 16:34:48,858:INFO:ДУГААРАА СОНГОЖ БУЙ ХЭСЭГ
2019-11-12 16:34:48,858:INFO:2
2019-11-12 16:34:53,739:INFO:----------------------------------------------------------------------------------------------------
2019-11-12 16:34:55,493:INFO:ДУГААРАА СОНГОЖ БУЙ ХЭСЭГ
2019-11-12 16:34:55,493:INFO:2
2019-11-12 16:35:00,993:INFO:98100024:6|98100034:6|98100037:6|98100042:6|98100043:6|98100045:6|98100046:6|98100047:6|98100051:6|98100053:6|98100054:6|98100056:6|98100057:6|98100061:6|98100062:6|98100063:6|98100064:6|98100071:6|98100072:6|98100075:6|98100079:6|98100082:6|98100084:6|98100092:6|98100094:6|98100113:6|98100116:6|98100120:6|98100124:6|98100126:6|98100127:6|98100132:6|98100134:6|98100135:6|98100136:6|98100137:6|98100138:6|98100139:6|98100140:6|98100141:6|98100142:6|98100145:6|98100146:6|98100147:6|98100149:6|98100150:6|98100151:6|98100152:6|98100153:6|98100154:6|98100156:6|98100157:6|98100158:6|98100159:6|98100160:6|98100162:6|98100164:6|98100165:6|98100167:6|98100168:6|98100169:6|98100170:6|98100171:6|98100172:6|98100173:6|98100174:6|98100175:6|98100176:6|98100178:6|98100179:6|98100182:6|98100183:6|98100184:6|98100185:6|98100186:6|98100187:6|98100190:6|98100192:6|98100193:6|98100194:6|98100195:6|98100197:6|98100211:6|98100213:6|98100216:6|98100217:6|98100219:6|98100221:6|98100223:6|98100224:6|98100225:6|98100226:6|98100231:6|98100232:6|98100233:6|98100234:6|98100235:6|98100236:6|98100237:6|98100238:6|98100239:6|98100240:6|98100241:6|98100242:6|98100243:6|98100244:6|98100245:6|98100246:6|98100248:6|98100249:6|98100250:6|98100251:6|98100252:6|98100253:6|98100254:6|98100255:6|98100256:6|98100257:6|98100258:6|98100261:6|98100263:6|98100264:6|98100265:6|98100266:6|98100267:6|98100269:6|98100270:6|98100271:6|98100272:6|98100273:6|98100274:6|98100275:6
2019-11-12 16:35:03,801:INFO:98120166:6|98120317:6|98120557:6|98120571:6|98120572:6|98120681:6|98120685:6|98120699:6|98120747:6|98120756:6|98120768:6|98120783:6|98120785:6|98120791:6|98120814:6|98120834:6|98120836:6|98120843:6|98120849:6|98120935:6|98120938:6|98120947:6|98120951:6|98120954:6|98120963:6|98120971:6|98121084:6|98121186:6|98121320:6|98121362:6|98121427:6|98121431:6|98121453:6|98121487:6|98121504:6|98121541:6|98121543:6|98121552:6|98121578:6|98121601:6|98121602:6|98121604:6|98121622:6|98121635:6|98121691:6|98121724:6|98121742:6|98121759:6|98121763:6|98121769:6|98121782:6|98121804:6|98121806:6|98121807:6|98121825:6|98121826:6|98121839:6|98121847:6|98121864:6|98121879:6|98121913:6|98121923:6|98121942:6|98121952:6|98121953:6|98121972:6|98122073:6|98122148:6|98122158:6|98122249:6|98122254:6|98122280:6|98122301:6|98122318:6|98122380:6|98122384:6|98122431:6|98122451:6|98122452:6|98122458:6|98122476:6|98122478:6|98122493:6|98122503:6|98122516:6|98122517:6|98122518:6|98122534:6|98122537:6|98122546:6|98122549:6|98122557:6|98122592:6|98122608:6|98122637:6|98122652:6|98122657:6|98122663:6|98122670:6|98122673:6|98122674:6|98122684:6|98122691:6|98122701:6|98122708:6|98122715:6|98122718:6|98122731:6|98122735:6|98122742:6|98122745:6|98122749:6|98122765:6|98122784:6|98122791:6|98122807:6|98122813:6|98122830:6|98122843:6|98122854:6|98122860:6|98122863:6|98122864:6|98122872:6|98122892:6|98122902:6|98122903:6|98122905:6|98122908:6|98122917:6|98122934:6|98122937:6
2019-11-12 16:35:07,796:INFO:РЕГИСТЕРИЙН ДУГААР
2019-11-12 16:35:24,608:WARNING:Not Found: /newnumbertype
2019-11-12 16:38:52,542:WARNING:Not Found: /
2019-11-12 16:38:59,980:INFO:----------------------------------------------------------------------------------------------------
2019-11-12 16:39:01,523:INFO:ДУГААРАА СОНГОЖ БУЙ ХЭСЭГ
2019-11-12 16:39:01,523:INFO:2
2019-11-12 16:39:07,628:INFO:98020013:6|98020014:6|98020016:6|98020017:6|98020019:6|98020024:6|98020025:6|98020026:6|98020027:6|98020029:6|98020030:6|98020031:6|98020032:6|98020034:6|98020035:6|98020036:6|98020037:6|98020038:6|98020039:6|98020041:6|98020042:6|98020043:6|98020045:6|98020046:6|98020047:6|98020048:6|98020049:6|98020050:6|98020051:6|98020052:6|98020053:6|98020054:6|98020056:6|98020057:6|98020059:6|98020061:6|98020062:6|98020063:6|98020064:6|98020065:6|98020067:6|98020069:6|98020071:6|98020072:6|98020073:6|98020074:6|98020075:6|98020076:6|98020078:6|98020079:6|98020080:6|98020081:6|98020083:6|98020084:6|98020085:6|98020086:6|98020087:6|98020089:6|98020091:6|98020092:6|98020093:6|98020094:6|98020096:6|98020097:6|98020104:6|98020105:6|98020106:6|98020108:6|98020112:6|98020113:6|98020114:6|98020115:6|98020116:6|98020117:6|98020118:6|98020119:6|98020120:6|98020121:6|98020123:6|98020124:6|98020125:6|98020126:6|98020127:6|98020128:6|98020129:6|98020131:6|98020132:6|98020133:6|98020134:6|98020135:6|98020136:6|98020137:6|98020138:6|98020139:6|98020140:6|98020141:6|98020142:6|98020143:6|98020144:6|98020145:6|98020146:6|98020147:6|98020148:6|98020149:6|98020151:6|98020152:6|98020153:6|98020154:6|98020155:6|98020156:6|98020157:6|98020158:6|98020159:6|98020160:6|98020161:6|98020162:6|98020163:6|98020164:6|98020165:6|98020167:6|98020168:6|98020169:6|98020170:6|98020171:6|98020172:6|98020173:6|98020174:6|98020175:6|98020176:6|98020177:6|98020178:6|98020179:6
2019-11-12 16:39:11,588:INFO:98220149:6|98220152:6|98220167:6|98220261:6|98220263:6|98220348:6|98220372:6|98220407:6|98220435:6|98220436:6|98220493:6|98220525:6|98220534:6|98220547:6|98220561:6|98220564:6|98220576:6|98220578:6|98220586:6|98220596:6|98220627:6|98220631:6|98220634:6|98220637:6|98220641:6|98220651:6|98220652:6|98220653:6|98220654:6|98220657:6|98220671:6|98220672:6|98220673:6|98220683:6|98220692:6|98220697:6|98220734:6|98220736:6|98220741:6|98220743:6|98220746:6|98220751:6|98220753:6|98220754:6|98220758:6|98220759:6|98220761:6|98220763:6|98220764:6|98220765:6|98220781:6|98220852:6|98220897:6|98220923:6|98220939:6|98220941:6|98220943:6|98220952:6|98220957:6|98220961:6|98220964:6|98220971:6|98220973:6|98220974:6|98220975:6|98220976:6|98220986:6|98221037:6|98221043:6|98221045:6|98221051:6|98221052:6|98221053:6|98221057:6|98221063:6|98221065:6|98221076:6|98221086:6|98221240:6|98221243:6|98221259:6|98221261:6|98221265:6|98221267:6|98221276:6|98221279:6|98221281:6|98221284:6|98221285:6|98221287:6|98221288:6|98221294:6|98221297:6|98221301:6|98221305:6|98221309:6|98221320:6|98221321:6|98221322:6|98221326:6|98221328:6|98221345:6|98221346:6|98221347:6|98221348:6|98221349:6|98221351:6|98221353:6|98221354:6|98221357:6|98221358:6|98221359:6|98221360:6|98221361:6|98221363:6|98221364:6|98221365:6|98221369:6|98221370:6|98221371:6|98221374:6|98221378:6|98221379:6|98221389:6|98221390:6|98221394:6|98221395:6|98221397:6|98221402:6|98221403:6|98221407:6|98221416:6
2019-11-12 16:39:15,007:INFO:РЕГИСТЕРИЙН ДУГААР
2019-11-12 16:39:17,059:INFO:ДУГААРАА СОНГОЖ БУЙ ХЭСЭГ
2019-11-12 16:39:17,059:INFO:2
2019-11-12 16:39:19,180:INFO:----------------------------------------------------------------------------------------------------
2019-11-12 16:39:19,924:INFO:ДУГААРАА СОНГОЖ БУЙ ХЭСЭГ
2019-11-12 16:39:19,924:INFO:7
2019-11-12 16:39:19,994:WARNING:Not Found: /favicon.ico
2019-11-12 16:39:24,065:INFO:98010028:6|98010064:6|98010065:6|98010067:6|98010069:6|98010072:6|98010073:6|98010074:6|98010075:6|98010078:6|98010079:6|98010082:6|98010084:6|98010086:6|98010087:6|98010092:6|98010094:6|98010135:6|98010142:6|98010145:6|98010146:6|98010147:6|98010148:6|98010151:6|98010152:6|98010153:6|98010154:6|98010167:6|98010172:6|98010173:6|98010174:6|98010175:6|98010176:6|98010179:6|98010214:6|98010224:6|98010225:6|98010226:6|98010227:6|98010229:6|98010231:6|98010232:6|98010235:6|98010236:6|98010237:6|98010238:6|98010239:6|98010240:6|98010241:6|98010242:6|98010243:6|98010244:6|98010245:6|98010246:6|98010248:6|98010249:6|98010252:6|98010253:6|98010254:6|98010255:6|98010257:6|98010258:6|98010259:6|98010260:6|98010261:6|98010262:6|98010263:6|98010264:6|98010265:6|98010266:6|98010267:6|98010268:6|98010269:6|98010270:6|98010271:6|98010272:6|98010273:6|98010274:6|98010275:6|98010276:6|98010277:6|98010278:6|98010279:6|98010280:6|98010281:6|98010282:6|98010283:6|98010284:6|98010285:6|98010286:6|98010287:6|98010290:6|98010291:6|98010292:6|98010293:6|98010294:6|98010296:6|98010297:6|98010302:6|98010307:6|98010310:6|98010312:6|98010315:6|98010317:6|98010319:6|98010320:6|98010322:6|98010323:6|98010325:6|98010326:6|98010327:6|98010329:6|98010331:6|98010332:6|98010334:6|98010335:6|98010336:6|98010337:6|98010338:6|98010339:6|98010340:6|98010341:6|98010342:6|98010343:6|98010344:6|98010345:6|98010346:6|98010347:6|98010348:6|98010349:6|98010350:6|98010351:6
2019-11-12 16:39:27,938:INFO:РЕГИСТЕРИЙН ДУГААР
2019-11-12 16:39:31,440:INFO:ДУГААРАА СОНГОЖ БУЙ ХЭСЭГ
2019-11-12 16:39:31,440:INFO:2
2019-11-12 16:39:41,253:INFO:98010028:6|98010064:6|98010065:6|98010067:6|98010069:6|98010072:6|98010073:6|98010074:6|98010075:6|98010078:6|98010079:6|98010082:6|98010084:6|98010086:6|98010087:6|98010092:6|98010094:6|98010135:6|98010142:6|98010145:6|98010146:6|98010147:6|98010148:6|98010151:6|98010152:6|98010153:6|98010154:6|98010167:6|98010172:6|98010173:6|98010174:6|98010175:6|98010176:6|98010179:6|98010214:6|98010224:6|98010225:6|98010226:6|98010227:6|98010229:6|98010231:6|98010232:6|98010235:6|98010236:6|98010237:6|98010238:6|98010239:6|98010240:6|98010241:6|98010242:6|98010243:6|98010244:6|98010245:6|98010246:6|98010248:6|98010249:6|98010252:6|98010253:6|98010254:6|98010255:6|98010257:6|98010258:6|98010259:6|98010260:6|98010261:6|98010262:6|98010263:6|98010264:6|98010265:6|98010266:6|98010267:6|98010268:6|98010269:6|98010270:6|98010271:6|98010272:6|98010273:6|98010274:6|98010275:6|98010276:6|98010277:6|98010278:6|98010279:6|98010280:6|98010281:6|98010282:6|98010283:6|98010284:6|98010285:6|98010286:6|98010287:6|98010290:6|98010291:6|98010292:6|98010293:6|98010294:6|98010296:6|98010297:6|98010302:6|98010307:6|98010310:6|98010312:6|98010315:6|98010317:6|98010319:6|98010320:6|98010322:6|98010323:6|98010325:6|98010326:6|98010327:6|98010329:6|98010331:6|98010332:6|98010334:6|98010335:6|98010336:6|98010337:6|98010338:6|98010339:6|98010340:6|98010341:6|98010342:6|98010343:6|98010344:6|98010345:6|98010346:6|98010347:6|98010348:6|98010349:6|98010350:6|98010351:6
2019-11-12 16:40:30,451:INFO:----------------------------------------------------------------------------------------------------
2019-11-12 16:40:32,384:INFO:ДУГААРАА СОНГОЖ БУЙ ХЭСЭГ
2019-11-12 16:40:32,384:INFO:7
2019-11-12 16:40:39,184:INFO:98000124:6|98000132:6|98000134:6|98000135:6|98000143:6|98000146:6|98000149:6|98000152:6|98000153:6|98000154:6|98000163:6|98000164:6|98000165:6|98000167:6|98000169:6|98000172:6|98000173:6|98000174:6|98000175:6|98000176:6|98000182:6|98000184:6|98000187:6|98000193:6|98000194:6|98000231:6|98000235:6|98000236:6|98000237:6|98000238:6|98000239:6|98000241:6|98000243:6|98000245:6|98000248:6|98000251:6|98000252:6|98000253:6|98000254:6|98000257:6|98000259:6|98000261:6|98000262:6|98000263:6|98000264:6|98000266:6|98000267:6|98000268:6|98000269:6|98000271:6|98000272:6|98000273:6|98000274:6|98000275:6|98000276:6|98000278:6|98000279:6|98000281:6|98000282:6|98000283:6|98000284:6|98000286:6|98000287:6|98000291:6|98000292:6|98000293:6|98000295:6|98000296:6|98000297:6|98000319:6|98000324:6|98000328:6|98000329:6|98000334:6|98000336:6|98000337:6|98000340:6|98000341:6|98000342:6|98000345:6|98000346:6|98000347:6|98000348:6|98000349:6|98000350:6|98000352:6|98000354:6|98000356:6|98000357:6|98000358:6|98000359:6|98000365:6|98000367:6|98000368:6|98000370:6|98000371:6|98000372:6|98000373:6|98000374:6|98000375:6|98000376:6|98000377:6|98000378:6|98000379:6|98000380:6|98000382:6|98000383:6|98000384:6|98000385:6|98000386:6|98000392:6|98000393:6|98000394:6|98000395:6|98000396:6|98000397:6|98000412:6|98000417:6|98000418:6|98000419:6|98000420:6|98000422:6|98000423:6|98000425:6|98000426:6|98000427:6|98000429:6|98000430:6|98000431:6|98000432:6|98000433:6|98000434:6
2019-11-12 16:40:43,154:INFO:РЕГИСТЕРИЙН ДУГААР
2019-11-12 16:40:47,513:INFO:ДУГААРАА СОНГОЖ БУЙ ХЭСЭГ
2019-11-12 16:40:47,513:INFO:7
2019-11-12 16:50:20,631:INFO:----------------------------------------------------------------------------------------------------
2019-11-12 16:50:50,115:INFO:ДУГААРАА СОНГОЖ БУЙ ХЭСЭГ
2019-11-12 16:50:50,121:INFO:2
2019-11-12 16:50:50,200:WARNING:Not Found: /favicon.ico
2019-11-12 16:50:53,868:INFO:----------------------------------------------------------------------------------------------------
2019-11-12 16:50:54,528:INFO:ДУГААРАА СОНГОЖ БУЙ ХЭСЭГ
2019-11-12 16:50:54,528:INFO:7
2019-11-12 16:51:26,318:INFO:98000502:6|98000603:6|98000704:6|98000904:6|98001002:6|98001201:6|98001203:6|98001204:6|98001205:6|98001206:6|98001301:6|98001302:6|98001304:6|98001305:6|98001306:6|98001307:6|98001308:6|98001309:6|98001401:6|98001402:6|98001403:6|98001404:6|98001405:6|98001406:6|98001407:6|98001408:6|98001409:6|98001502:6|98001503:6|98001504:6|98001505:6|98001506:6|98001507:6|98001508:6|98001509:6|98001601:6|98001602:6|98001603:6|98001604:6|98001605:6|98001606:6|98001607:6|98001608:6|98001609:6|98001700:6|98001701:6|98001702:6|98001703:6|98001704:6|98001705:6|98001706:6|98001707:6|98001708:6|98001709:6|98001802:6|98001803:6|98001804:6|98001805:6|98001806:6|98001807:6|98001808:6|98001809:6|98001901:6|98001903:6|98001904:6|98001905:6|98001906:6|98001907:6|98001908:6|98001909:6|98002007:6|98002100:6|98002101:6|98002102:6|98002103:6|98002104:6|98002105:6|98002106:6|98002107:6|98002108:6|98002109:6|98002201:6|98002203:6|98002204:6|98002205:6|98002206:6|98002207:6|98002301:6|98002302:6|98002303:6|98002304:6|98002305:6|98002306:6|98002307:6|98002308:6|98002309:6|98002401:6|98002403:6|98002404:6|98002405:6|98002407:6|98002408:6|98002409:6|98002501:6|98002502:6|98002503:6|98002504:6|98002505:6|98002506:6|98002507:6|98002508:6|98002509:6|98002601:6|98002602:6|98002603:6|98002604:6|98002605:6|98002608:6|98002609:6|98002700:6|98002701:6|98002702:6|98002703:6|98002704:6|98002705:6|98002706:6|98002707:6|98002708:6|98002709:6|98002801:6|98002802:6|98002804:6
2019-11-12 16:51:34,131:INFO:РЕГИСТЕРИЙН ДУГААР
2019-11-12 16:51:52,451:INFO:ДУГААРЫН ZAHIALGA
2019-11-12 16:51:52,467:INFO:Success
2019-11-12 16:51:59,894:WARNING:Not Found: /
2019-11-12 16:52:22,440:INFO:----------------------------------------------------------------------------------------------------
2019-11-12 16:52:23,976:INFO:ДУГААРАА СОНГОЖ БУЙ ХЭСЭГ
2019-11-12 16:52:23,976:INFO:2
2019-11-12 16:59:52,078:INFO:98120317:6|98120557:6|98120571:6|98120572:6|98120681:6|98120685:6|98120699:6|98120747:6|98120756:6|98120768:6|98120783:6|98120785:6|98120791:6|98120814:6|98120834:6|98120836:6|98120843:6|98120849:6|98120935:6|98120938:6|98120947:6|98120951:6|98120954:6|98120963:6|98120971:6|98121084:6|98121186:6|98121320:6|98121362:6|98121427:6|98121431:6|98121453:6|98121487:6|98121504:6|98121541:6|98121543:6|98121552:6|98121578:6|98121601:6|98121602:6|98121604:6|98121622:6|98121635:6|98121691:6|98121724:6|98121742:6|98121759:6|98121763:6|98121769:6|98121782:6|98121804:6|98121806:6|98121807:6|98121825:6|98121826:6|98121839:6|98121847:6|98121864:6|98121879:6|98121913:6|98121923:6|98121942:6|98121952:6|98121953:6|98121972:6|98122073:6|98122148:6|98122158:6|98122249:6|98122254:6|98122280:6|98122301:6|98122318:6|98122380:6|98122384:6|98122431:6|98122451:6|98122452:6|98122458:6|98122476:6|98122478:6|98122493:6|98122503:6|98122516:6|98122517:6|98122518:6|98122534:6|98122537:6|98122546:6|98122549:6|98122557:6|98122592:6|98122608:6|98122637:6|98122652:6|98122657:6|98122663:6|98122670:6|98122673:6|98122674:6|98122684:6|98122691:6|98122701:6|98122708:6|98122715:6|98122718:6|98122731:6|98122735:6|98122742:6|98122745:6|98122749:6|98122765:6|98122784:6|98122791:6|98122807:6|98122813:6|98122830:6|98122843:6|98122854:6|98122860:6|98122863:6|98122864:6|98122872:6|98122892:6|98122902:6|98122903:6|98122905:6|98122908:6|98122917:6|98122934:6|98122937:6|98122941:6
2019-11-12 17:00:00,596:INFO:РЕГИСТЕРИЙН ДУГААР
2019-11-12 17:00:13,275:INFO:ДУГААРЫН ZAHIALGA
2019-11-12 17:00:13,275:ERROR:Internal Server Error: /zahialga
Traceback (most recent call last):
  File "C:\Python27\lib\site-packages\django\core\handlers\exception.py", line 41, in inner
    response = get_response(request)
  File "C:\Python27\lib\site-packages\django\core\handlers\base.py", line 187, in _get_response
    response = self.process_exception_by_middleware(e, request)
  File "C:\Python27\lib\site-packages\django\core\handlers\base.py", line 185, in _get_response
    response = wrapped_callback(request, *callback_args, **callback_kwargs)
  File "D:\nFilterNew\controller\views.py", line 71, in zahialga
    prepost = request.GET['prepost']
  File "C:\Python27\lib\site-packages\django\utils\datastructures.py", line 85, in __getitem__
    raise MultiValueDictKeyError(repr(key))
MultiValueDictKeyError: "'prepost'"
2019-11-12 17:01:16,575:INFO:----------------------------------------------------------------------------------------------------
2019-11-12 17:01:18,454:INFO:ДУГААРАА СОНГОЖ БУЙ ХЭСЭГ
2019-11-12 17:01:18,454:INFO:2
2019-11-12 17:01:18,529:WARNING:Not Found: /favicon.ico
2019-11-12 17:01:22,740:INFO:98120317:6|98120557:6|98120571:6|98120572:6|98120681:6|98120685:6|98120699:6|98120747:6|98120756:6|98120768:6|98120783:6|98120785:6|98120791:6|98120814:6|98120834:6|98120836:6|98120843:6|98120849:6|98120935:6|98120938:6|98120947:6|98120951:6|98120954:6|98120963:6|98120971:6|98121084:6|98121186:6|98121320:6|98121362:6|98121427:6|98121431:6|98121453:6|98121487:6|98121504:6|98121541:6|98121543:6|98121552:6|98121578:6|98121601:6|98121602:6|98121604:6|98121622:6|98121635:6|98121691:6|98121724:6|98121742:6|98121759:6|98121763:6|98121769:6|98121782:6|98121804:6|98121806:6|98121807:6|98121825:6|98121826:6|98121839:6|98121847:6|98121864:6|98121879:6|98121913:6|98121923:6|98121942:6|98121952:6|98121953:6|98121972:6|98122073:6|98122148:6|98122158:6|98122249:6|98122254:6|98122280:6|98122301:6|98122318:6|98122380:6|98122384:6|98122431:6|98122451:6|98122452:6|98122458:6|98122476:6|98122478:6|98122493:6|98122503:6|98122516:6|98122517:6|98122518:6|98122534:6|98122537:6|98122546:6|98122549:6|98122557:6|98122592:6|98122608:6|98122637:6|98122652:6|98122657:6|98122663:6|98122670:6|98122673:6|98122674:6|98122684:6|98122691:6|98122701:6|98122708:6|98122715:6|98122718:6|98122731:6|98122735:6|98122742:6|98122745:6|98122749:6|98122765:6|98122784:6|98122791:6|98122807:6|98122813:6|98122830:6|98122843:6|98122854:6|98122860:6|98122863:6|98122864:6|98122872:6|98122892:6|98122902:6|98122903:6|98122905:6|98122908:6|98122917:6|98122934:6|98122937:6|98122941:6
2019-11-12 17:01:26,408:INFO:РЕГИСТЕРИЙН ДУГААР
2019-11-12 17:01:26,493:WARNING:Not Found: /favicon.ico
2019-11-12 17:01:36,450:INFO:ДУГААРЫН ZAHIALGA
2019-11-12 17:01:36,450:ERROR:Internal Server Error: /zahialga
Traceback (most recent call last):
  File "C:\Python27\lib\site-packages\django\core\handlers\exception.py", line 41, in inner
    response = get_response(request)
  File "C:\Python27\lib\site-packages\django\core\handlers\base.py", line 187, in _get_response
    response = self.process_exception_by_middleware(e, request)
  File "C:\Python27\lib\site-packages\django\core\handlers\base.py", line 185, in _get_response
    response = wrapped_callback(request, *callback_args, **callback_kwargs)
  File "D:\nFilterNew\controller\views.py", line 74, in zahialga
    socket_results = FilternumberBlockUnblock("block", number, "", "", "", register)
  File "D:\nFilterNew\controller\views.py", line 90, in FilternumberBlockUnblock
    request_string = "0003Block:{0}|{1}".format(number, user)
UnicodeEncodeError: 'ascii' codec can't encode characters in position 0-1: ordinal not in range(128)
2019-11-12 17:03:47,457:INFO:ДУГААРЫН ZAHIALGA
2019-11-12 17:03:47,463:ERROR:Internal Server Error: /zahialga
Traceback (most recent call last):
  File "C:\Python27\lib\site-packages\django\core\handlers\exception.py", line 41, in inner
    response = get_response(request)
  File "C:\Python27\lib\site-packages\django\core\handlers\base.py", line 187, in _get_response
    response = self.process_exception_by_middleware(e, request)
  File "C:\Python27\lib\site-packages\django\core\handlers\base.py", line 185, in _get_response
    response = wrapped_callback(request, *callback_args, **callback_kwargs)
  File "D:\nFilterNew\controller\views.py", line 74, in zahialga
    socket_results = FilternumberBlockUnblock("block", number, "", "", "", register)
  File "D:\nFilterNew\controller\views.py", line 90, in FilternumberBlockUnblock
    request_string = "0003Block:{0}|{1}".format(number, str(user))
UnicodeEncodeError: 'ascii' codec can't encode characters in position 0-1: ordinal not in range(128)
2019-11-12 17:04:29,933:INFO:РЕГИСТЕРИЙН ДУГААР
2019-11-12 17:04:35,737:INFO:ДУГААРЫН ZAHIALGA
2019-11-12 17:04:35,737:ERROR:Internal Server Error: /zahialga
Traceback (most recent call last):
  File "C:\Python27\lib\site-packages\django\core\handlers\exception.py", line 41, in inner
    response = get_response(request)
  File "C:\Python27\lib\site-packages\django\core\handlers\base.py", line 187, in _get_response
    response = self.process_exception_by_middleware(e, request)
  File "C:\Python27\lib\site-packages\django\core\handlers\base.py", line 185, in _get_response
    response = wrapped_callback(request, *callback_args, **callback_kwargs)
  File "D:\nFilterNew\controller\views.py", line 74, in zahialga
    socket_results = FilternumberBlockUnblock("block", number, "", "", "", str(register))
UnicodeEncodeError: 'ascii' codec can't encode characters in position 0-1: ordinal not in range(128)
2019-11-12 17:06:17,270:INFO:РЕГИСТЕРИЙН ДУГААР
2019-11-12 17:06:25,621:INFO:ДУГААРЫН ZAHIALGA
2019-11-12 17:06:25,621:ERROR:Internal Server Error: /zahialga
Traceback (most recent call last):
  File "C:\Python27\lib\site-packages\django\core\handlers\exception.py", line 41, in inner
    response = get_response(request)
  File "C:\Python27\lib\site-packages\django\core\handlers\base.py", line 187, in _get_response
    response = self.process_exception_by_middleware(e, request)
  File "C:\Python27\lib\site-packages\django\core\handlers\base.py", line 185, in _get_response
    response = wrapped_callback(request, *callback_args, **callback_kwargs)
  File "D:\nFilterNew\controller\views.py", line 74, in zahialga
    socket_results = FilternumberBlockUnblock("block", number, "", "", "", register)
  File "D:\nFilterNew\controller\views.py", line 90, in FilternumberBlockUnblock
    request_string = "0003Block:{0}|{1}".format(number, unicode(user).encode())
UnicodeEncodeError: 'ascii' codec can't encode characters in position 0-1: ordinal not in range(128)
2019-11-12 17:08:23,026:INFO:РЕГИСТЕРИЙН ДУГААР
2019-11-12 17:08:29,331:INFO:ДУГААРЫН ZAHIALGA
2019-11-12 17:08:29,345:INFO:Success
2019-11-12 17:08:39,316:WARNING:Not Found: /
2019-11-12 17:08:56,667:INFO:----------------------------------------------------------------------------------------------------
2019-11-12 17:09:00,127:INFO:ДУГААРАА СОНГОЖ БУЙ ХЭСЭГ
2019-11-12 17:09:00,127:INFO:2
2019-11-12 17:09:26,005:INFO:98120317:6|98120557:6|98120571:6|98120572:6|98120681:6|98120685:6|98120699:6|98120747:6|98120756:6|98120768:6|98120783:6|98120785:6|98120791:6|98120814:6|98120834:6|98120836:6|98120843:6|98120849:6|98120935:6|98120937:6|98120938:6|98120947:6|98120951:6|98120954:6|98120963:6|98120971:6|98121084:6|98121186:6|98121320:6|98121362:6|98121427:6|98121431:6|98121453:6|98121487:6|98121504:6|98121541:6|98121543:6|98121552:6|98121578:6|98121601:6|98121602:6|98121604:6|98121622:6|98121635:6|98121691:6|98121724:6|98121742:6|98121759:6|98121763:6|98121769:6|98121782:6|98121804:6|98121806:6|98121807:6|98121825:6|98121826:6|98121839:6|98121847:6|98121864:6|98121879:6|98121913:6|98121923:6|98121942:6|98121952:6|98121953:6|98121972:6|98122073:6|98122148:6|98122158:6|98122249:6|98122254:6|98122280:6|98122301:6|98122318:6|98122380:6|98122384:6|98122431:6|98122451:6|98122452:6|98122458:6|98122476:6|98122478:6|98122493:6|98122503:6|98122516:6|98122517:6|98122518:6|98122534:6|98122537:6|98122546:6|98122549:6|98122557:6|98122592:6|98122608:6|98122637:6|98122652:6|98122657:6|98122663:6|98122670:6|98122673:6|98122674:6|98122684:6|98122691:6|98122701:6|98122708:6|98122715:6|98122718:6|98122731:6|98122735:6|98122742:6|98122745:6|98122749:6|98122765:6|98122784:6|98122791:6|98122807:6|98122813:6|98122830:6|98122843:6|98122854:6|98122860:6|98122863:6|98122864:6|98122872:6|98122892:6|98122902:6|98122903:6|98122905:6|98122908:6|98122917:6|98122934:6|98122937:6
2019-11-12 17:09:31,757:INFO:РЕГИСТЕРИЙН ДУГААР
2019-11-12 17:09:36,697:INFO:ДУГААРЫН ZAHIALGA
2019-11-12 17:09:36,713:INFO:Success
2019-11-12 17:09:39,917:INFO:----------------------------------------------------------------------------------------------------
2019-11-12 17:09:44,749:INFO:ДУГААРАА СОНГОЖ БУЙ ХЭСЭГ
2019-11-12 17:09:44,749:INFO:2
2019-11-12 17:10:30,578:INFO:98120317:6|98120557:6|98120571:6|98120572:6|98120681:6|98120685:6|98120699:6|98120747:6|98120756:6|98120768:6|98120783:6|98120785:6|98120791:6|98120814:6|98120834:6|98120836:6|98120843:6|98120849:6|98120935:6|98120937:6|98120938:6|98120947:6|98120951:6|98120954:6|98120963:6|98120971:6|98121084:6|98121186:6|98121320:6|98121362:6|98121427:6|98121431:6|98121453:6|98121487:6|98121504:6|98121541:6|98121543:6|98121552:6|98121578:6|98121601:6|98121602:6|98121604:6|98121622:6|98121635:6|98121691:6|98121724:6|98121742:6|98121759:6|98121763:6|98121769:6|98121782:6|98121804:6|98121806:6|98121807:6|98121825:6|98121826:6|98121839:6|98121847:6|98121864:6|98121879:6|98121913:6|98121923:6|98121942:6|98121952:6|98121953:6|98121972:6|98122073:6|98122148:6|98122158:6|98122249:6|98122254:6|98122280:6|98122301:6|98122318:6|98122380:6|98122384:6|98122431:6|98122451:6|98122452:6|98122458:6|98122476:6|98122478:6|98122493:6|98122503:6|98122516:6|98122517:6|98122518:6|98122534:6|98122537:6|98122546:6|98122549:6|98122557:6|98122592:6|98122608:6|98122637:6|98122652:6|98122657:6|98122663:6|98122670:6|98122673:6|98122674:6|98122684:6|98122691:6|98122701:6|98122708:6|98122715:6|98122718:6|98122731:6|98122735:6|98122742:6|98122745:6|98122749:6|98122765:6|98122784:6|98122791:6|98122807:6|98122813:6|98122830:6|98122843:6|98122854:6|98122860:6|98122863:6|98122864:6|98122872:6|98122892:6|98122902:6|98122903:6|98122905:6|98122908:6|98122917:6|98122934:6|98122937:6
2019-11-12 17:10:34,780:INFO:РЕГИСТЕРИЙН ДУГААР
2019-11-12 17:10:56,885:INFO:ДУГААРЫН ZAHIALGA
2019-11-12 17:10:56,891:INFO:Failed
2019-11-12 17:10:56,891:ERROR:Уучлаарай, таны сонгосон 98120317 дугаар захиалах боломжгүй байна. Line-1379
2019-11-12 17:11:01,539:INFO:ДУГААРАА СОНГОЖ БУЙ ХЭСЭГ
2019-11-12 17:11:01,539:INFO:2
2019-11-12 17:11:07,823:INFO:98120557:6|98120571:6|98120572:6|98120681:6|98120685:6|98120699:6|98120747:6|98120756:6|98120768:6|98120783:6|98120785:6|98120791:6|98120814:6|98120834:6|98120836:6|98120843:6|98120849:6|98120935:6|98120937:6|98120938:6|98120947:6|98120951:6|98120954:6|98120963:6|98120971:6|98121084:6|98121186:6|98121320:6|98121362:6|98121427:6|98121431:6|98121453:6|98121487:6|98121504:6|98121541:6|98121543:6|98121552:6|98121578:6|98121601:6|98121602:6|98121604:6|98121622:6|98121635:6|98121691:6|98121724:6|98121742:6|98121759:6|98121763:6|98121769:6|98121782:6|98121804:6|98121806:6|98121807:6|98121825:6|98121826:6|98121839:6|98121847:6|98121864:6|98121879:6|98121913:6|98121923:6|98121942:6|98121952:6|98121953:6|98121972:6|98122073:6|98122148:6|98122158:6|98122249:6|98122254:6|98122280:6|98122301:6|98122318:6|98122380:6|98122384:6|98122431:6|98122451:6|98122452:6|98122458:6|98122476:6|98122478:6|98122493:6|98122503:6|98122516:6|98122517:6|98122518:6|98122534:6|98122537:6|98122546:6|98122549:6|98122557:6|98122592:6|98122608:6|98122637:6|98122652:6|98122657:6|98122663:6|98122670:6|98122673:6|98122674:6|98122684:6|98122691:6|98122701:6|98122708:6|98122715:6|98122718:6|98122731:6|98122735:6|98122742:6|98122745:6|98122749:6|98122765:6|98122784:6|98122791:6|98122807:6|98122813:6|98122830:6|98122843:6|98122854:6|98122860:6|98122863:6|98122864:6|98122872:6|98122892:6|98122902:6|98122903:6|98122905:6|98122908:6|98122917:6|98122934:6|98122937:6|98122941:6
2019-11-12 17:13:16,904:INFO:РЕГИСТЕРИЙН ДУГААР
2019-11-12 17:15:09,476:INFO:ДУГААРЫН ZAHIALGA
2019-11-12 17:15:09,486:INFO:Success
2019-11-12 17:15:45,821:INFO:----------------------------------------------------------------------------------------------------
2019-11-12 17:25:45,917:WARNING:Not Found: /
