2019-12-09 10:28:42,036:INFO:ДУГААРАА СОНГОЖ БУЙ ХЭСЭГ
2019-12-09 10:28:42,036:INFO:7
2019-12-09 10:28:42,685:WARNING:Not Found: /favicon.ico
2019-12-09 11:53:46,109:WARNING:Not Found: /
2019-12-09 12:12:48,887:WARNING:Not Found: /
2019-12-09 12:22:11,965:WARNING:Not Found: /
2019-12-09 13:59:46,211:INFO:----------------------------------------------------------------------------------------------------
2019-12-09 13:59:48,282:INFO:ДУГААРАА СОНГОЖ БУЙ ХЭСЭГ
2019-12-09 13:59:48,283:INFO:2
2019-12-09 13:59:50,102:WARNING:Not Found: /favicon.ico
2019-12-09 14:00:04,880:INFO:98008987:6|98018987:6|98028987:6|98038987:6|98048987:6|98058987:6|98068987:6|98078987:6|98088987:6|98108987:6|98158987:6|98168987:6|98178987:6|98218987:6|98238987:6|98248987:6|98258987:6|98268987:6|98278987:6|98288987:6|98298987:6|98308987:6|98318987:6|98328987:6|98338987:6|98428987:6|98458987:6|98468987:6|98478987:6|98488987:6|98518987:6|98568987:6|98608987:6|98618987:6|98628987:6|98638987:6|98648987:6|98658987:6|98668987:6|98678987:6|98708987:6|98818987:6|98838987:6|98848987:6|98908987:6|98918987:6|98928987:6|98938987:6|98948987:6|98958987:6|98968987:6
2019-12-09 14:02:04,586:INFO:98018838:6|98028838:6|98048838:6|98058838:6|98068838:6|98078838:6|98098838:6|98168838:6|98238838:6|98258838:6|98268838:6|98278838:6|98438838:6|98518838:6|98628838:6|98648838:6|98658838:6|98678838:6
2019-12-09 14:02:05,375:INFO:98018838:6|98028838:6|98048838:6|98058838:6|98068838:6|98078838:6|98098838:6|98168838:6|98238838:6|98258838:6|98268838:6|98278838:6|98438838:6|98518838:6|98628838:6|98648838:6|98658838:6|98678838:6
2019-12-09 14:22:41,271:INFO:----------------------------------------------------------------------------------------------------
2019-12-09 14:30:12,890:INFO:ДУГААРАА СОНГОЖ БУЙ ХЭСЭГ
2019-12-09 14:30:12,890:INFO:2
2019-12-09 14:30:31,739:INFO:98018882:6|98038882:6|98058882:6|98068882:6|98078882:6|98098882:6|98168882:6|98198882:6|98468882:6
2019-12-09 14:30:32,806:INFO:98018882:6|98038882:6|98058882:6|98068882:6|98078882:6|98098882:6|98168882:6|98198882:6|98468882:6
2019-12-09 14:30:33,818:INFO:98018882:6|98038882:6|98058882:6|98068882:6|98078882:6|98098882:6|98168882:6|98198882:6|98468882:6
2019-12-09 14:30:34,813:INFO:98018882:6|98038882:6|98058882:6|98068882:6|98078882:6|98098882:6|98168882:6|98198882:6|98468882:6
2019-12-09 14:51:04,991:INFO:----------------------------------------------------------------------------------------------------
2019-12-09 16:00:48,941:INFO:----------------------------------------------------------------------------------------------------
2019-12-09 16:00:50,762:INFO:ДУГААРАА СОНГОЖ БУЙ ХЭСЭГ
2019-12-09 16:00:50,762:INFO:2
2019-12-09 16:01:13,917:INFO:98040218:6|98050218:6|98060218:6|98070218:6|98090218:6|98350218:6
2019-12-09 16:01:35,151:INFO:98009458:6|98019458:6|98029458:6|98039458:6|98049458:6|98059458:6|98069458:6|98079458:6|98089458:6|98099458:6|98119458:6|98129458:6|98139458:6|98149458:6|98159458:6|98169458:6|98179458:6|98189458:6|98209458:6|98219458:6|98229458:6|98239458:6|98249458:6|98259458:6|98269458:6|98279458:6|98289458:6|98299458:6|98309458:6|98319458:6|98359458:6|98429458:6|98439458:6|98459458:6|98469458:6|98479458:6|98489458:6|98519458:6|98569458:6|98599458:6|98609458:6|98619458:6|98629458:6|98639458:6|98649458:6|98659458:6|98669458:6|98679458:6|98709458:6|98809458:6|98819458:6|98829458:6|98839458:6|98849458:6|98869458:6|98879458:6|98899458:6|98909458:6|98919458:6|98929458:6|98959458:6|98969458:6|98979458:6
2019-12-09 16:02:48,230:INFO:РЕГИСТЕРИЙН ДУГААР
2019-12-09 16:02:58,851:INFO:ДУГААРЫН ZAHIALGA
2019-12-09 16:02:58,861:INFO:Success
2019-12-09 16:03:01,524:INFO:----------------------------------------------------------------------------------------------------
2019-12-09 16:03:17,622:INFO:ДУГААРАА СОНГОЖ БУЙ ХЭСЭГ
2019-12-09 16:03:17,622:INFO:2
2019-12-09 16:03:35,747:INFO:98005368:6|98015368:6|98025368:6|98035368:6|98045368:6|98055368:6|98065368:6|98075368:6|98085368:6|98095368:6|98105368:6|98225368:6|98235368:6|98245368:6|98265368:6|98275368:6|98285368:6|98295368:6|98305368:6|98315368:6|98425368:6|98435368:6|98455368:6|98465368:6|98475368:6|98565368:6|98595368:6|98605368:6|98615368:6|98625368:6|98635368:6|98645368:6|98675368:6|98705368:6|98815368:6|98835368:6|98895368:6|98945368:6|98995368:6
2019-12-09 16:04:50,617:INFO:----------------------------------------------------------------------------------------------------
2019-12-09 16:05:40,828:INFO:----------------------------------------------------------------------------------------------------
2019-12-09 16:05:52,773:INFO:----------------------------------------------------------------------------------------------------
2019-12-09 16:06:44,488:INFO:ДУГААРАА СОНГОЖ БУЙ ХЭСЭГ
2019-12-09 16:06:44,489:INFO:2
2019-12-09 16:06:44,731:WARNING:Not Found: /favicon.ico
2019-12-09 16:12:11,863:INFO:98009984:6|98019984:6|98029984:6|98039984:6|98049984:6|98059984:6|98069984:6|98079984:6|98089984:6|98099984:6|98109984:6|98129984:6|98149984:6|98159984:6|98169984:6|98179984:6|98219984:6|98239984:6|98249984:6|98269984:6|98279984:6|98309984:6|98319984:6|98329984:6|98389984:6|98429984:6|98439984:6|98459984:6|98469984:6|98489984:6|98519984:6|98569984:6|98609984:6|98619984:6|98629984:6|98639984:6|98649984:6|98659984:6|98669984:6|98679984:6|98829984:6|98839984:6|98879984:6|98959984:6|98969984:6
2019-12-09 16:17:42,971:INFO:98040818:6|98050818:6|98070818:6|98600818:6
2019-12-09 16:18:00,982:INFO:РЕГИСТЕРИЙН ДУГААР
2019-12-09 16:18:01,097:WARNING:Not Found: /favicon.ico
2019-12-09 16:18:11,138:INFO:ДУГААРЫН ZAHIALGA
2019-12-09 16:18:11,148:INFO:Success
2019-12-09 16:18:13,293:INFO:----------------------------------------------------------------------------------------------------
2019-12-09 16:18:17,846:INFO:ДУГААРАА СОНГОЖ БУЙ ХЭСЭГ
2019-12-09 16:18:17,846:INFO:2
2019-12-09 16:35:28,636:INFO:98009354:6|98019354:6|98029354:6|98039354:6|98049354:6|98059354:6|98069354:6|98079354:6|98089354:6|98099354:6|98109354:6|98119354:6|98129354:6|98139354:6|98149354:6|98179354:6|98199354:6|98209354:6|98219354:6|98239354:6|98249354:6|98259354:6|98269354:6|98289354:6|98299354:6|98309354:6|98359354:6|98429354:6|98439354:6|98469354:6|98479354:6|98489354:6|98519354:6|98569354:6|98599354:6|98619354:6|98629354:6|98639354:6|98649354:6|98659354:6|98669354:6|98679354:6|98709354:6|98819354:6|98829354:6|98839354:6|98849354:6|98859354:6|98869354:6|98879354:6|98889354:6|98899354:6|98909354:6|98919354:6|98929354:6|98959354:6|98969354:6|98979354:6
2019-12-09 17:26:00,430:WARNING:Not Found: /
2019-12-09 19:03:26,197:INFO:----------------------------------------------------------------------------------------------------
