2020-11-26 06:58:42,759:INFO:------------------------------------------------------------------------------------------------
2020-11-26 07:15:13,739:INFO:------------------------------------------------------------------------------------------------
2020-11-26 07:58:42,676:INFO:------------------------------------------------------------------------------------------------
2020-11-26 08:15:13,829:INFO:------------------------------------------------------------------------------------------------
2020-11-26 08:58:37,129:WARNING:Not Found: /
2020-11-26 08:58:42,753:INFO:------------------------------------------------------------------------------------------------
2020-11-26 09:15:13,911:INFO:------------------------------------------------------------------------------------------------
2020-11-26 09:40:04,051:INFO:------------------------------------------------------------------------------------------------
2020-11-26 09:41:04,774:INFO:ДУГААРАА СОНГОЖ БУЙ ХЭСЭГ
2020-11-26 09:41:04,774:INFO:2
2020-11-26 09:41:36,153:WARNING:Not Found: /favicon.ico
2020-11-26 09:58:43,093:INFO:------------------------------------------------------------------------------------------------
2020-11-26 10:15:13,986:INFO:------------------------------------------------------------------------------------------------
2020-11-26 10:22:27,937:INFO:------------------------------------------------------------------------------------------------
2020-11-26 10:45:00,900:INFO:ДУГААРАА СОНГОЖ БУЙ ХЭСЭГ
2020-11-26 10:45:00,900:INFO:7
2020-11-26 10:45:01,464:WARNING:Not Found: /favicon.ico
2020-11-26 10:45:04,971:INFO:------------------------------------------------------------------------------------------------
2020-11-26 10:58:43,428:INFO:------------------------------------------------------------------------------------------------
2020-11-26 11:11:11,758:INFO:------------------------------------------------------------------------------------------------
2020-11-26 11:11:15,411:INFO:ДУГААРАА СОНГОЖ БУЙ ХЭСЭГ
2020-11-26 11:11:15,412:INFO:2
2020-11-26 11:11:15,728:WARNING:Not Found: /favicon.ico
2020-11-26 11:11:23,253:INFO:98009028:6|98019028:6|98029028:6|98039028:6|98049028:6|98059028:6|98069028:6|98079028:6|98089028:6|98099028:6|98109028:6|98139028:6|98159028:6|98169028:6|98179028:6|98199028:6|98229028:6|98239028:6|98249028:6|98269028:6|98279028:6|98299028:6|98329028:6|98379028:6|98429028:6|98439028:6|98459028:6|98469028:6|98479028:6|98519028:6|98569028:6|98599028:6|98619028:6|98629028:6|98639028:6|98649028:6|98659028:6|98669028:6|98679028:6|98819028:6|98829028:6|98839028:6|98849028:6|98859028:6|98869028:6|98879028:6|98919028:6|98929028:6|98939028:6|98949028:6|98959028:6|98969028:6|98979028:6
2020-11-26 11:15:14,054:INFO:------------------------------------------------------------------------------------------------
2020-11-26 11:20:59,641:INFO:------------------------------------------------------------------------------------------------
2020-11-26 11:45:05,212:INFO:------------------------------------------------------------------------------------------------
2020-11-26 11:58:43,758:INFO:------------------------------------------------------------------------------------------------
2020-11-26 12:15:14,359:INFO:------------------------------------------------------------------------------------------------
2020-11-26 12:21:00,348:INFO:------------------------------------------------------------------------------------------------
2020-11-26 12:25:53,501:INFO:------------------------------------------------------------------------------------------------
2020-11-26 12:45:05,348:INFO:------------------------------------------------------------------------------------------------
2020-11-26 12:58:44,110:INFO:------------------------------------------------------------------------------------------------
2020-11-26 13:05:09,190:INFO:ДУГААРАА СОНГОЖ БУЙ ХЭСЭГ
2020-11-26 13:05:09,190:INFO:2
2020-11-26 13:05:11,568:WARNING:Not Found: /favicon.ico
2020-11-26 13:05:18,072:INFO:98005645:6|98015645:6|98025645:6|98035645:6|98045645:6|98055645:6|98065645:6|98075645:6|98085645:6|98095645:6|98105645:6|98145645:6|98155645:6|98175645:6|98185645:6|98195645:6|98205645:6|98215645:6|98225645:6|98235645:6|98245645:6|98255645:6|98265645:6|98275645:6|98295645:6|98305645:6|98315645:6|98325645:6|98335645:6|98375645:6|98385645:6|98465645:6|98475645:6|98485645:6|98515645:6|98595645:6|98605645:6|98615645:6|98625645:6|98635645:6|98655645:6|98665645:6|98675645:6|98705645:6|98815645:6|98825645:6|98835645:6|98845645:6|98865645:6|98875645:6|98895645:6|98905645:6|98915645:6|98925645:6|98935645:6|98945645:6|98955645:6|98975645:6
2020-11-26 13:05:30,676:INFO:98005645:6|98015645:6|98025645:6|98035645:6|98045645:6|98055645:6|98065645:6|98075645:6|98085645:6|98095645:6|98105645:6|98145645:6|98155645:6|98175645:6|98185645:6|98195645:6|98205645:6|98215645:6|98225645:6|98235645:6|98245645:6|98255645:6|98265645:6|98275645:6|98295645:6|98305645:6|98315645:6|98325645:6|98335645:6|98375645:6|98385645:6|98465645:6|98475645:6|98485645:6|98515645:6|98595645:6|98605645:6|98615645:6|98625645:6|98635645:6|98655645:6|98665645:6|98675645:6|98705645:6|98815645:6|98825645:6|98835645:6|98845645:6|98865645:6|98875645:6|98895645:6|98905645:6|98915645:6|98925645:6|98935645:6|98945645:6|98955645:6|98975645:6
2020-11-26 13:05:44,286:INFO:98005646:6|98015646:6|98025646:6|98035646:6|98045646:6|98055646:6|98065646:6|98075646:6|98085646:6|98095646:6|98105646:6|98145646:6|98175646:6|98185646:6|98195646:6|98215646:6|98225646:6|98235646:6|98245646:6|98255646:6|98275646:6|98295646:6|98315646:6|98325646:6|98335646:6|98385646:6|98435646:6|98475646:6|98485646:6|98595646:6|98615646:6|98625646:6|98635646:6|98645646:6|98705646:6|98805646:6|98815646:6|98825646:6|98835646:6|98845646:6|98865646:6|98875646:6|98915646:6|98925646:6|98935646:6|98945646:6
2020-11-26 13:05:46,687:INFO:98005646:6|98015646:6|98025646:6|98035646:6|98045646:6|98055646:6|98065646:6|98075646:6|98085646:6|98095646:6|98105646:6|98145646:6|98175646:6|98185646:6|98195646:6|98215646:6|98225646:6|98235646:6|98245646:6|98255646:6|98275646:6|98295646:6|98315646:6|98325646:6|98335646:6|98385646:6|98435646:6|98475646:6|98485646:6|98595646:6|98615646:6|98625646:6|98635646:6|98645646:6|98705646:6|98805646:6|98815646:6|98825646:6|98835646:6|98845646:6|98865646:6|98875646:6|98915646:6|98925646:6|98935646:6|98945646:6
2020-11-26 13:06:11,523:INFO:98005646:6|98015646:6|98025646:6|98035646:6|98045646:6|98055646:6|98065646:6|98075646:6|98085646:6|98095646:6|98105646:6|98145646:6|98175646:6|98185646:6|98195646:6|98215646:6|98225646:6|98235646:6|98245646:6|98255646:6|98275646:6|98295646:6|98315646:6|98325646:6|98335646:6|98385646:6|98435646:6|98475646:6|98485646:6|98595646:6|98615646:6|98625646:6|98635646:6|98645646:6|98705646:6|98805646:6|98815646:6|98825646:6|98835646:6|98845646:6|98865646:6|98875646:6|98915646:6|98925646:6|98935646:6|98945646:6
2020-11-26 13:06:13,095:INFO:98005646:6|98015646:6|98025646:6|98035646:6|98045646:6|98055646:6|98065646:6|98075646:6|98085646:6|98095646:6|98105646:6|98145646:6|98175646:6|98185646:6|98195646:6|98215646:6|98225646:6|98235646:6|98245646:6|98255646:6|98275646:6|98295646:6|98315646:6|98325646:6|98335646:6|98385646:6|98435646:6|98475646:6|98485646:6|98595646:6|98615646:6|98625646:6|98635646:6|98645646:6|98705646:6|98805646:6|98815646:6|98825646:6|98835646:6|98845646:6|98865646:6|98875646:6|98915646:6|98925646:6|98935646:6|98945646:6
2020-11-26 13:06:22,642:INFO:98005646:6|98015646:6|98025646:6|98035646:6|98045646:6|98055646:6|98065646:6|98075646:6|98085646:6|98095646:6|98105646:6|98145646:6|98175646:6|98185646:6|98195646:6|98215646:6|98225646:6|98235646:6|98245646:6|98255646:6|98275646:6|98295646:6|98315646:6|98325646:6|98335646:6|98385646:6|98435646:6|98475646:6|98485646:6|98595646:6|98615646:6|98625646:6|98635646:6|98645646:6|98705646:6|98805646:6|98815646:6|98825646:6|98835646:6|98845646:6|98865646:6|98875646:6|98915646:6|98925646:6|98935646:6|98945646:6
2020-11-26 13:13:32,921:INFO:ДУГААРАА СОНГОЖ БУЙ ХЭСЭГ
2020-11-26 13:13:32,922:INFO:2
2020-11-26 13:13:33,255:WARNING:Not Found: /favicon.ico
2020-11-26 13:14:54,377:INFO:-1
2020-11-26 13:15:14,463:INFO:------------------------------------------------------------------------------------------------
2020-11-26 13:18:14,104:INFO:98031444:6|98051444:6|98061444:6|98071444:6|98091444:6|98211444:6
2020-11-26 13:30:46,783:INFO:ДУГААРАА СОНГОЖ БУЙ ХЭСЭГ
2020-11-26 13:30:46,783:INFO:2
2020-11-26 13:30:52,424:INFO:ДУГААРАА СОНГОЖ БУЙ ХЭСЭГ
2020-11-26 13:30:52,425:INFO:2
2020-11-26 13:31:26,152:INFO:-1
2020-11-26 13:31:41,758:INFO:-1
2020-11-26 13:31:53,024:INFO:-1
2020-11-26 13:31:53,809:INFO:-1
2020-11-26 13:31:54,586:INFO:-1
2020-11-26 13:31:55,348:INFO:-1
2020-11-26 13:31:56,121:INFO:-1
2020-11-26 13:31:56,892:INFO:-1
2020-11-26 13:31:57,669:INFO:-1
2020-11-26 13:31:58,438:INFO:-1
2020-11-26 13:31:58,890:INFO:-1
2020-11-26 13:31:59,207:INFO:-1
2020-11-26 13:31:59,666:INFO:-1
2020-11-26 13:31:59,975:INFO:-1
2020-11-26 13:32:00,435:INFO:-1
2020-11-26 13:32:01,209:INFO:-1
2020-11-26 13:32:02,016:INFO:-1
2020-11-26 13:32:02,785:INFO:-1
2020-11-26 13:32:03,567:INFO:-1
2020-11-26 13:32:04,332:INFO:-1
2020-11-26 13:32:05,137:INFO:-1
2020-11-26 13:32:05,936:INFO:-1
2020-11-26 13:32:06,713:INFO:-1
2020-11-26 13:32:07,480:INFO:-1
2020-11-26 13:32:08,254:INFO:-1
2020-11-26 13:32:09,037:INFO:-1
2020-11-26 13:32:09,812:INFO:-1
2020-11-26 13:32:10,583:INFO:-1
2020-11-26 13:32:11,375:INFO:-1
2020-11-26 13:41:37,011:INFO:98019232:6|98029232:6|98039232:6|98049232:6|98059232:6|98069232:6|98079232:6|98089232:6|98109232:6|98139232:6|98179232:6|98229232:6|98279232:6|98379232:6|98389232:6|98429232:6|98479232:6|98519232:6|98599232:6|98619232:6|98629232:6|98639232:6|98659232:6|98669232:6|98709232:6|98899232:6
2020-11-26 13:44:03,334:INFO:------------------------------------------------------------------------------------------------
2020-11-26 13:45:05,471:INFO:------------------------------------------------------------------------------------------------
2020-11-26 13:47:10,183:INFO:98030325:6|98040325:6|98050325:6|98060325:6|98070325:6|98090325:6|98100325:6|98670325:6|98700325:6|98820325:6|98920325:6
2020-11-26 13:58:44,448:INFO:------------------------------------------------------------------------------------------------
2020-11-26 14:15:14,537:INFO:------------------------------------------------------------------------------------------------
2020-11-26 14:24:22,005:INFO:------------------------------------------------------------------------------------------------
2020-11-26 14:24:23,700:INFO:ДУГААРАА СОНГОЖ БУЙ ХЭСЭГ
2020-11-26 14:24:23,700:INFO:2
2020-11-26 14:24:30,973:INFO:-1
2020-11-26 14:24:32,004:INFO:-1
2020-11-26 14:24:37,307:INFO:-1
2020-11-26 14:24:38,093:INFO:-1
2020-11-26 14:24:42,918:INFO:-1
2020-11-26 14:24:47,595:INFO:-1
2020-11-26 14:24:50,695:INFO:------------------------------------------------------------------------------------------------
2020-11-26 14:24:51,970:INFO:ДУГААРАА СОНГОЖ БУЙ ХЭСЭГ
2020-11-26 14:24:51,970:INFO:2
2020-11-26 14:24:54,154:INFO:ДУГААРАА СОНГОЖ БУЙ ХЭСЭГ
2020-11-26 14:24:54,154:INFO:2
2020-11-26 14:24:55,730:INFO:ДУГААРАА СОНГОЖ БУЙ ХЭСЭГ
2020-11-26 14:24:55,730:INFO:2
2020-11-26 14:25:02,237:INFO:97120505:9|97120550:9|97121331:9|97121441:9|97121551:9|97121661:9|97121881:9|97121991:9|97122442:9|97122552:9|97122662:9|97122772:9|97122992:9|97123113:9|97123223:9|97123443:9|97123553:9|97123663:9|97123773:9|97123883:9|97123993:9|97124004:9|97124114:9|97124224:9|97124334:9|97124343:9|97124554:9|97124646:9|97124664:9|97124774:9|97124884:9|97124994:9|97125005:9|97125115:9|97125151:9|97125225:9|97125252:9|97125335:9|97125353:9|97125445:9|97125454:9|97125656:9|97125665:9|97125775:9|97125885:9|97125995:9|97126116:9|97126161:9|97126226:9|97126262:9|97126336:9|97126363:9|97126446:9|97126556:9|97126565:9|97126776:9|97126868:9|97126886:9|97126996:9|97127171:9|97127227:9|97127337:9|97127447:9|97127474:9|97127557:9|97127575:9|97127667:9|97127676:9|97127887:9|97127997:9|97128008:9|97128118:9|97128228:9|97128338:9|97128448:9|97128484:9|97128558:9|97128668:9|97128686:9|97128778:9|97128998:9|97129119:9|97129229:9|97129339:9|97129393:9|97129449:9|97129494:9|97129595:9|97129669:9|97129889:9
2020-11-26 14:25:06,230:INFO:93120770:9|93121441:9|93121551:9|93121661:9|93121991:9|93122552:9|93122882:9|93122992:9|93123443:9|93123553:9|93123663:9|93123773:9|93123993:9|93124114:9|93124224:9|93124334:9|93124554:9|93124664:9|93124774:9|93124884:9|93124994:9|93125115:9|93125335:9|93125445:9|93125665:9|93125757:9|93125995:9|93126116:9|93126161:9|93126226:9|93126464:9|93126556:9|93126565:9|93126776:9|93126886:9|93127007:9|93127117:9|93127337:9|93127447:9|93127997:9|93128118:9|93128338:9|93128668:9|93128686:9|93128778:9|93128787:9|93129119:9|93129229:9|93129339:9|93129494:9|93129559:9|93129595:9|93129696:9|93129797:9
2020-11-26 14:25:10,386:INFO:ДУГААРАА СОНГОЖ БУЙ ХЭСЭГ
2020-11-26 14:25:10,387:INFO:2
2020-11-26 14:25:12,496:INFO:98120459:6|98120539:6|98120834:6|98120873:6|98120893:6|98120895:6|98120954:6|98121063:6|98121087:6|98121136:6|98121367:6|98121457:6|98121471:6|98121493:6|98121561:6|98121585:6|98121609:6|98121623:6|98121728:6|98121782:6|98121789:6|98121857:6|98121871:6|98121885:6|98121898:6|98121902:6|98121934:6|98121936:6|98121953:6|98121986:6|98121994:6|98122146:6|98122148:6|98122305:6|98122306:6|98122315:6|98122321:6|98122350:6|98122397:6|98122398:6|98122416:6|98122476:6|98122495:6|98122506:6|98122547:6|98122564:6|98122570:6|98122583:6|98122601:6|98122605:6|98122614:6|98122630:6|98122632:6|98122643:6|98122644:6|98122737:6|98122738:6|98122741:6|98122751:6|98122783:6|98122797:6|98122806:6|98122862:6|98122879:6|98122903:6|98122917:6|98122958:6|98122969:6|98122972:6|98122974:6|98122978:6|98123002:6|98123008:6|98123023:6|98123054:6|98123056:6|98123061:6|98123062:6|98123065:6|98123089:6|98123095:6|98123106:6|98123127:6|98123129:6|98123153:6|98123157:6|98123159:6|98123174:6|98123175:6|98123182:6|98123183:6|98123184:6|98123186:6|98123195:6|98123197:6|98123201:6|98123211:6|98123227:6|98123271:6|98123274:6|98123278:6|98123284:6|98123286:6|98123294:6|98123306:6|98123315:6|98123320:6|98123340:6|98123343:6|98123350:6|98123354:6|98123357:6|98123367:6|98123375:6|98123376:6|98123378:6|98123381:6|98123384:6|98123389:6|98123390:6|98123396:6|98123401:6|98123402:6|98123409:6|98123415:6|98123427:6|98123428:6|98123452:6|98123461:6|98123464:6|98123468:6|98123483:6
2020-11-26 14:25:15,371:INFO:ДУГААРАА СОНГОЖ БУЙ ХЭСЭГ
2020-11-26 14:25:15,371:INFO:2
2020-11-26 14:25:17,573:INFO:98122442:9|98125225:9|98125665:9|98126446:9|98127447:9|98127667:9
2020-11-26 14:25:21,098:INFO:ДУГААРАА СОНГОЖ БУЙ ХЭСЭГ
2020-11-26 14:25:21,098:INFO:2
2020-11-26 14:25:22,848:INFO:-1
2020-11-26 14:25:36,923:INFO:------------------------------------------------------------------------------------------------
2020-11-26 14:25:38,691:INFO:ДУГААРАА СОНГОЖ БУЙ ХЭСЭГ
2020-11-26 14:25:38,692:INFO:7
2020-11-26 14:25:50,660:INFO:ДУГААРАА СОНГОЖ БУЙ ХЭСЭГ
2020-11-26 14:25:50,661:INFO:7
2020-11-26 14:25:52,062:INFO:98013663:9|98013773:9|98014334:9|98014664:9|98014774:9|98015665:9|98016446:9|98016556:9|98017227:9|98017337:9|98017557:9|98017667:9|98021441:9|98021551:9|98023443:9|98023553:9|98023663:9|98023773:9|98024114:9|98024554:9|98024774:9|98025115:9|98025335:9|98025665:9|98025775:9|98026226:9|98026336:9|98026446:9|98026556:9|98026776:9|98026996:9|98027117:9|98027227:9|98027337:9|98027447:9|98027557:9|98027667:9|98027997:9|98028338:9|98029339:9|98029449:9|98029559:9|98029669:9|98029779:9|98031441:9|98031515:9|98031551:9|98031661:9|98031771:9|98032442:9|98032662:9|98032772:9|98033443:9|98033553:9|98033663:9|98033773:9|98033883:9|98034114:9|98034224:9|98034334:9|98034554:9|98034664:9|98034774:9|98034884:9|98035115:9|98035225:9|98035335:9|98035445:9|98035665:9|98035775:9|98035885:9|98035995:9|98036006:9|98036116:9|98036226:9|98036336:9|98036446:9|98036556:9|98036776:9|98036886:9|98036996:9|98037117:9|98037227:9|98037337:9|98037447:9|98037557:9|98037667:9|98037887:9|98038118:9|98038228:9|98038282:9|98038448:9|98038558:9|98038778:9|98039229:9|98039449:9|98039494:9|98039559:9|98039779:9|98039797:9|98040770:9|98041331:9|98041441:9|98041551:9|98041661:9|98041771:9|98041881:9|98041991:9|98042332:9|98042552:9|98042662:9|98042772:9|98042992:9|98043003:9|98043113:9|98043223:9|98043443:9|98043553:9|98043663:9|98043773:9|98043883:9|98043993:9|98044224:9|98044334:9|98044554:9|98044664:9|98044774:9|98044994:9|98045115:9|98045225:9|98045252:9|98045335:9
2020-11-26 14:25:54,490:INFO:ДУГААРАА СОНГОЖ БУЙ ХЭСЭГ
2020-11-26 14:25:54,490:INFO:7
2020-11-26 14:25:56,004:INFO:98016644:7|98027700:7|98094466:7|98097744:7|98130022:7|98137722:7|98137744:7|98138866:7|98141177:7|98142211:7|98142255:7|98142266:7|98142288:7|98146600:7|98146644:7|98146655:7|98146688:7|98148822:7|98148844:7|98151177:7|98152200:7|98152255:7|98152266:7|98154488:7|98155500:7|98156600:7|98157711:7|98157733:7|98157755:7|98157766:7|98158800:7|98159955:7|98159966:7|98160033:7|98163300:7|98163311:7|98163322:7|98163366:7|98163377:7|98164422:7|98164433:7|98164466:7|98164488:7|98165500:7|98165511:7|98165522:7|98167722:7|98167755:7|98167766:7|98168811:7|98168822:7|98168844:7|98168855:7|98168866:7|98168877:7|98170022:7|98171100:7|98171133:7|98171144:7|98172200:7|98172266:7|98172288:7|98173322:7|98173377:7|98174422:7|98174499:7|98175522:7|98175544:7|98175588:7|98176600:7|98176611:7|98176622:7|98176633:7|98176644:7|98177700:7|98177755:7|98177766:7|98178855:7|98178866:7|98184411:7|98187744:7|98191155:7|98192211:7|98192266:7|98192288:7|98193377:7|98194411:7|98194422:7|98194466:7|98194477:7|98196622:7|98202277:7|98206622:7|98207711:7|98207744:7|98207755:7|98208822:7|98208844:7|98208877:7|98210033:7|98210055:7|98210066:7|98210077:7|98210099:7|98212277:7|98213300:7|98213366:7|98213399:7|98214411:7|98214433:7|98215522:7|98216600:7|98216655:7|98216688:7|98217722:7|98217733:7|98217744:7|98217755:7|98218800:7|98218822:7|98218844:7|98230011:7|98230044:7|98231177:7|98232211:7|98233300:7|98234411:7|98234422:7|98234433:7|98235511:7|98236600:7|98236611:7
2020-11-26 14:25:58,345:INFO:ДУГААРАА СОНГОЖ БУЙ ХЭСЭГ
2020-11-26 14:25:58,345:INFO:7
2020-11-26 14:26:00,771:INFO:98013663:9|98013773:9|98014334:9|98014664:9|98014774:9|98015665:9|98016446:9|98016556:9|98017227:9|98017337:9|98017557:9|98017667:9|98021441:9|98021551:9|98023443:9|98023553:9|98023663:9|98023773:9|98024114:9|98024554:9|98024774:9|98025115:9|98025335:9|98025665:9|98025775:9|98026226:9|98026336:9|98026446:9|98026556:9|98026776:9|98026996:9|98027117:9|98027227:9|98027337:9|98027447:9|98027557:9|98027667:9|98027997:9|98028338:9|98029339:9|98029449:9|98029559:9|98029669:9|98029779:9|98031441:9|98031515:9|98031551:9|98031661:9|98031771:9|98032442:9|98032662:9|98032772:9|98033443:9|98033553:9|98033663:9|98033773:9|98033883:9|98034114:9|98034224:9|98034334:9|98034554:9|98034664:9|98034774:9|98034884:9|98035115:9|98035225:9|98035335:9|98035445:9|98035665:9|98035775:9|98035885:9|98035995:9|98036006:9|98036116:9|98036226:9|98036336:9|98036446:9|98036556:9|98036776:9|98036886:9|98036996:9|98037117:9|98037227:9|98037337:9|98037447:9|98037557:9|98037667:9|98037887:9|98038118:9|98038228:9|98038282:9|98038448:9|98038558:9|98038778:9|98039229:9|98039449:9|98039494:9|98039559:9|98039779:9|98039797:9|98040770:9|98041331:9|98041441:9|98041551:9|98041661:9|98041771:9|98041881:9|98041991:9|98042332:9|98042552:9|98042662:9|98042772:9|98042992:9|98043003:9|98043113:9|98043223:9|98043443:9|98043553:9|98043663:9|98043773:9|98043883:9|98043993:9|98044224:9|98044334:9|98044554:9|98044664:9|98044774:9|98044994:9|98045115:9|98045225:9|98045252:9|98045335:9
2020-11-26 14:26:03,112:INFO:------------------------------------------------------------------------------------------------
2020-11-26 14:26:04,047:INFO:ДУГААРАА СОНГОЖ БУЙ ХЭСЭГ
2020-11-26 14:26:04,047:INFO:2
2020-11-26 14:26:06,119:INFO:ДУГААРАА СОНГОЖ БУЙ ХЭСЭГ
2020-11-26 14:26:06,119:INFO:2
2020-11-26 14:26:08,679:INFO:98122442:9|98125225:9|98125665:9|98126446:9|98127447:9|98127667:9
2020-11-26 14:26:12,277:INFO:98122442:9|98125225:9|98125665:9|98126446:9|98127447:9|98127667:9
2020-11-26 14:26:18,759:INFO:98122442:9|98125225:9|98125665:9|98126446:9|98127447:9|98127667:9
2020-11-26 14:28:51,234:INFO:98000979:6|98020979:6|98030979:6|98040979:6|98050979:6|98060979:6|98070979:6|98080979:6|98100979:6|98210979:6|98230979:6|98260979:6|98270979:6|98300979:6|98370979:6|98430979:6|98450979:6|98460979:6|98480979:6|98510979:6|98560979:6|98610979:6|98630979:6|98650979:6|98670979:6|98710979:6|98830979:6|98840979:6|98860979:6|98900979:6
2020-11-26 14:29:23,846:INFO:------------------------------------------------------------------------------------------------
2020-11-26 14:29:24,860:INFO:ДУГААРАА СОНГОЖ БУЙ ХЭСЭГ
2020-11-26 14:29:24,860:INFO:2
2020-11-26 14:29:28,878:INFO:98980254:6|98981152:6|98981391:6|98981573:6|98981654:6|98981976:6|98982588:6|98983100:6|98983401:6|98983450:6|98983564:6|98984135:6|98984184:6|98984295:6|98984702:6|98984900:6|98985026:6|98985238:6|98985734:6|98985922:6|98985926:6|98986027:6|98986194:6|98986426:6|98986534:6|98986724:6|98986853:6|98987514:6|98988264:6|98989743:6|98989745:6
2020-11-26 14:33:33,562:INFO:------------------------------------------------------------------------------------------------
2020-11-26 14:33:35,515:INFO:ДУГААРАА СОНГОЖ БУЙ ХЭСЭГ
2020-11-26 14:33:35,515:INFO:2
2020-11-26 14:33:36,563:WARNING:Not Found: /favicon.ico
2020-11-26 14:33:44,630:INFO:98898936:6
2020-11-26 14:33:53,072:INFO:-1
2020-11-26 14:33:58,328:INFO:98998902:6|98998915:6|98998940:6
2020-11-26 14:34:10,211:INFO:98898936:6
2020-11-26 14:34:19,491:INFO:-1
2020-11-26 14:44:03,492:INFO:------------------------------------------------------------------------------------------------
2020-11-26 14:45:05,827:INFO:------------------------------------------------------------------------------------------------
2020-11-26 14:50:13,649:WARNING:Not Found: /
2020-11-26 14:50:14,103:WARNING:Not Found: /
2020-11-26 14:54:35,542:INFO:98004604:6|98014604:6|98024604:6|98034604:6|98044604:6|98054604:6|98064604:6|98074604:6|98084604:6|98094604:6|98104604:6|98154604:6|98174604:6|98204604:6|98214604:6|98224604:6|98234604:6|98244604:6|98254604:6|98264604:6|98274604:6|98284604:6|98294604:6|98304604:6|98314604:6|98324604:6|98374604:6|98424604:6|98434604:6|98454604:6|98474604:6|98484604:6|98514604:6|98564604:6|98594604:6|98614604:6|98624604:6|98654604:6|98664604:6|98674604:6|98704604:6|98804604:6|98814604:6|98824604:6|98834604:6|98844604:6|98854604:6|98864604:6|98874604:6|98894604:6|98904604:6|98914604:6|98944604:6|98954604:6|98964604:6|98974604:6
2020-11-26 14:54:38,779:INFO:98904604:6|98914604:6|98944604:6|98954604:6|98964604:6|98974604:6
2020-11-26 14:58:44,793:INFO:------------------------------------------------------------------------------------------------
2020-11-26 15:01:25,239:INFO:ДУГААРАА СОНГОЖ БУЙ ХЭСЭГ
2020-11-26 15:01:25,240:INFO:2
2020-11-26 15:02:22,248:INFO:98883024:6|98883027:6|98883029:6|98883095:6|98883126:6|98883127:6|98883140:6|98883145:6|98883152:6|98883154:6|98883156:6|98883157:6|98883164:6|98883167:6|98883169:6|98883172:6|98883196:6|98883197:6|98883206:6|98883218:6|98883246:6|98883254:6|98883257:6|98883259:6|98883261:6|98883269:6|98883271:6|98883273:6|98883274:6|98883276:6|98883278:6|98883294:6|98883295:6|98883297:6|98883315:6|98883362:6|98883374:6|98883413:6|98883415:6|98883416:6|98883421:6|98883423:6|98883425:6|98883426:6|98883451:6|98883461:6|98883476:6|98883479:6|98883510:6|98883512:6|98883523:6|98883524:6|98883527:6|98883543:6|98883548:6|98883566:6|98883582:6|98883584:6|98883589:6|98883596:6|98883597:6|98883601:6|98883614:6|98883615:6|98883618:6|98883627:6|98883633:6|98883643:6|98883644:6|98883651:6|98883653:6|98883673:6|98883674:6|98883684:6|98883687:6|98883691:6|98883697:6|98883705:6|98883710:6|98883711:6|98883713:6|98883720:6|98883725:6|98883727:6|98883740:6|98883741:6|98883742:6|98883745:6|98883746:6|98883748:6|98883759:6|98883761:6|98883762:6|98883763:6|98883765:6|98883782:6|98883785:6|98883792:6|98883794:6|98883821:6|98883829:6|98883842:6|98883846:6|98883847:6|98883861:6|98883866:6|98883871:6|98883876:6|98883896:6|98883902:6|98883903:6|98883917:6|98883918:6|98883920:6|98883925:6|98883942:6|98883943:6|98883946:6|98883948:6|98883951:6|98883954:6|98883956:6|98883962:6|98883964:6|98883982:6|98883987:6
2020-11-26 15:02:47,151:INFO:98887013:6|98887014:6|98887016:6|98887017:6|98887018:6|98887019:6|98887021:6|98887027:6|98887031:6|98887032:6|98887034:6|98887036:6|98887042:6|98887045:6|98887046:6|98887047:6|98887049:6|98887052:6|98887062:6|98887063:6|98887065:6|98887083:6|98887085:6|98887086:6|98887091:6|98887093:6|98887099:6|98887102:6|98887110:6|98887112:6|98887114:6|98887123:6|98887125:6|98887126:6|98887127:6|98887130:6|98887134:6|98887135:6|98887136:6|98887137:6|98887141:6|98887143:6|98887145:6|98887146:6|98887149:6|98887150:6|98887153:6|98887156:6|98887157:6|98887158:6|98887159:6|98887160:6|98887163:6|98887167:6|98887168:6|98887170:6|98887183:6|98887184:6|98887186:6|98887189:6|98887192:6|98887194:6|98887195:6|98887197:6|98887203:6|98887205:6|98887211:6|98887214:6|98887216:6|98887219:6|98887221:6|98887223:6|98887224:6|98887225:6|98887235:6|98887239:6|98887245:6|98887250:6|98887251:6|98887254:6|98887257:6|98887259:6|98887260:6|98887262:6|98887263:6|98887264:6|98887265:6|98887266:6|98887267:6|98887283:6|98887293:6|98887297:6|98887301:6|98887304:6|98887307:6|98887308:6|98887314:6|98887315:6|98887316:6|98887317:6|98887321:6|98887324:6|98887326:6|98887327:6|98887331:6|98887332:6|98887335:6|98887340:6|98887342:6|98887344:6|98887346:6|98887347:6|98887350:6|98887352:6|98887354:6|98887356:6|98887357:6|98887359:6|98887363:6|98887376:6|98887382:6|98887384:6|98887386:6|98887392:6|98887394:6|98887403:6|98887407:6|98887413:6|98887415:6|98887417:6|98887423:6|98887426:6
2020-11-26 15:02:52,757:INFO:98888053:6|98888187:6|98888327:6|98888347:6|98888351:6|98888357:6|98888413:6|98888426:6|98888435:6|98888437:6|98888471:6|98888620:6|98888643:6|98888657:6|98888724:6|98888761:6
2020-11-26 15:03:49,846:INFO:98684137:6|98684142:6|98684159:6|98684264:6|98684635:6|98684893:6|98684940:6|98684946:6|98684948:6
2020-11-26 15:04:01,307:INFO:98888053:6|98888187:6|98888327:6|98888347:6|98888351:6|98888357:6|98888413:6|98888426:6|98888435:6|98888437:6|98888471:6|98888620:6|98888643:6|98888657:6|98888724:6|98888761:6
2020-11-26 15:04:15,022:INFO:98883024:6|98883027:6|98883029:6|98883095:6|98883126:6|98883127:6|98883140:6|98883145:6|98883152:6|98883154:6|98883156:6|98883157:6|98883164:6|98883167:6|98883169:6|98883172:6|98883196:6|98883197:6|98883206:6|98883218:6|98883246:6|98883254:6|98883257:6|98883259:6|98883261:6|98883269:6|98883271:6|98883273:6|98883274:6|98883276:6|98883278:6|98883294:6|98883295:6|98883297:6|98883315:6|98883362:6|98883374:6|98883413:6|98883415:6|98883416:6|98883421:6|98883423:6|98883425:6|98883426:6|98883451:6|98883461:6|98883476:6|98883479:6|98883510:6|98883512:6|98883523:6|98883524:6|98883527:6|98883543:6|98883548:6|98883566:6|98883582:6|98883584:6|98883589:6|98883596:6|98883597:6|98883601:6|98883614:6|98883615:6|98883618:6|98883627:6|98883633:6|98883643:6|98883644:6|98883651:6|98883653:6|98883673:6|98883674:6|98883684:6|98883687:6|98883691:6|98883697:6|98883705:6|98883710:6|98883711:6|98883713:6|98883720:6|98883725:6|98883727:6|98883740:6|98883741:6|98883742:6|98883745:6|98883746:6|98883748:6|98883759:6|98883761:6|98883762:6|98883763:6|98883765:6|98883782:6|98883785:6|98883792:6|98883794:6|98883821:6|98883829:6|98883842:6|98883846:6|98883847:6|98883861:6|98883866:6|98883871:6|98883876:6|98883896:6|98883902:6|98883903:6|98883917:6|98883918:6|98883920:6|98883925:6|98883942:6|98883943:6|98883946:6|98883948:6|98883951:6|98883954:6|98883956:6|98883962:6|98883964:6|98883982:6|98883987:6
2020-11-26 15:04:39,726:WARNING:Not Found: /
2020-11-26 15:14:23,316:INFO:------------------------------------------------------------------------------------------------
2020-11-26 15:14:24,471:INFO:ДУГААРАА СОНГОЖ БУЙ ХЭСЭГ
2020-11-26 15:14:24,471:INFO:2
2020-11-26 15:14:24,701:WARNING:Not Found: /favicon.ico
2020-11-26 15:14:31,394:INFO:98040115:6|98050115:6|98060115:6|98070115:6|98090115:6|98670115:6
2020-11-26 15:14:37,537:INFO:97010115:6|97020115:6|97030115:6|97040115:6|97050115:6|97060115:6|97070115:6|97080115:6|97090115:6|97100115:6|97180115:6
2020-11-26 15:14:44,412:INFO:93020115:6|93030115:6|93040115:6|93050115:6|93070115:6|93080115:6|93100115:6|93140115:6|93350115:6|93400115:6
2020-11-26 15:14:50,665:INFO:98040115:6|98050115:6|98060115:6|98070115:6|98090115:6|98670115:6
2020-11-26 15:15:14,612:INFO:------------------------------------------------------------------------------------------------
2020-11-26 15:20:05,289:INFO:------------------------------------------------------------------------------------------------
2020-11-26 15:20:08,325:INFO:ДУГААРАА СОНГОЖ БУЙ ХЭСЭГ
2020-11-26 15:20:08,325:INFO:7
2020-11-26 15:20:54,930:INFO:-1
2020-11-26 15:21:06,001:INFO:98110467:6|98110634:6|98110693:6|98111453:6|98111752:6|98111783:6|98112358:6|98112541:6|98112597:6|98112715:6|98112763:6|98112813:6|98112876:6|98112935:6|98112951:6|98112982:6|98113086:6|98113415:6|98113425:6|98113426:6|98113463:6|98113527:6|98113572:6|98113584:6|98113618:6|98113623:6|98113624:6|98113652:6|98113685:6|98113691:6|98113710:6|98113820:6|98113924:6|98113934:6|98113954:6|98114031:6|98114032:6|98114057:6|98114065:6|98114075:6|98114091:6|98114092:6|98114093:6|98114096:6|98114156:6|98114317:6|98114507:6|98114513:6|98114517:6|98114526:6|98114537:6|98114539:6|98114573:6|98114631:6|98114670:6|98114671:6|98114672:6|98114673:6|98114674:6|98114675:6|98114695:6|98114732:6|98114735:6|98114738:6|98114758:6|98114762:6|98114763:6|98114801:6|98114804:6|98114825:6|98114835:6|98114892:6|98114917:6|98114923:6|98114925:6|98114931:6|98114935:6|98114952:6|98114962:6|98114963:6|98114967:6|98114972:6|98114974:6|98114975:6|98114982:6|98115074:6|98115092:6|98115134:6|98115143:6|98115213:6|98115217:6|98115236:6|98115237:6|98115246:6|98115273:6|98115274:6|98115287:6|98115293:6|98115314:6|98115317:6|98115327:6|98115339:6|98115341:6|98115342:6|98115346:6|98115347:6|98115349:6|98115361:6|98115371:6|98115382:6|98115384:6|98115386:6|98115391:6|98115392:6|98115403:6|98115413:6|98115423:6|98115427:6|98115431:6|98115438:6|98115443:6|98115462:6|98115471:6|98115481:6|98115614:6|98115627:6|98115631:6|98115632:6|98115634:6|98115637:6|98115638:6|98115639:6
2020-11-26 15:21:19,283:INFO:98110467:6|98110634:6|98110693:6|98111453:6|98111752:6|98111783:6|98112358:6|98112541:6|98112597:6|98112715:6|98112763:6|98112813:6|98112876:6|98112935:6|98112951:6|98112982:6|98113086:6|98113415:6|98113425:6|98113426:6|98113463:6|98113527:6|98113572:6|98113584:6|98113618:6|98113623:6|98113624:6|98113652:6|98113685:6|98113691:6|98113710:6|98113820:6|98113924:6|98113934:6|98113954:6|98114031:6|98114032:6|98114057:6|98114065:6|98114075:6|98114091:6|98114092:6|98114093:6|98114096:6|98114156:6|98114317:6|98114507:6|98114513:6|98114517:6|98114526:6|98114537:6|98114539:6|98114573:6|98114631:6|98114670:6|98114671:6|98114672:6|98114673:6|98114674:6|98114675:6|98114695:6|98114732:6|98114735:6|98114738:6|98114758:6|98114762:6|98114763:6|98114801:6|98114804:6|98114825:6|98114835:6|98114892:6|98114917:6|98114923:6|98114925:6|98114931:6|98114935:6|98114952:6|98114962:6|98114963:6|98114967:6|98114972:6|98114974:6|98114975:6|98114982:6|98115074:6|98115092:6|98115134:6|98115143:6|98115213:6|98115217:6|98115236:6|98115237:6|98115246:6|98115273:6|98115274:6|98115287:6|98115293:6|98115314:6|98115317:6|98115327:6|98115339:6|98115341:6|98115342:6|98115346:6|98115347:6|98115349:6|98115361:6|98115371:6|98115382:6|98115384:6|98115386:6|98115391:6|98115392:6|98115403:6|98115413:6|98115423:6|98115427:6|98115431:6|98115438:6|98115443:6|98115462:6|98115471:6|98115481:6|98115614:6|98115627:6|98115631:6|98115632:6|98115634:6|98115637:6|98115638:6|98115639:6
2020-11-26 15:21:26,488:INFO:98110467:6|98110634:6|98110693:6|98111453:6|98111752:6|98111783:6|98112358:6|98112541:6|98112597:6|98112715:6|98112763:6|98112813:6|98112876:6|98112935:6|98112951:6|98112982:6|98113086:6|98113415:6|98113425:6|98113426:6|98113463:6|98113527:6|98113572:6|98113584:6|98113618:6|98113623:6|98113624:6|98113652:6|98113685:6|98113691:6|98113710:6|98113820:6|98113924:6|98113934:6|98113954:6|98114031:6|98114032:6|98114057:6|98114065:6|98114075:6|98114091:6|98114092:6|98114093:6|98114096:6|98114156:6|98114317:6|98114507:6|98114513:6|98114517:6|98114526:6|98114537:6|98114539:6|98114573:6|98114631:6|98114670:6|98114671:6|98114672:6|98114673:6|98114674:6|98114675:6|98114695:6|98114732:6|98114735:6|98114738:6|98114758:6|98114762:6|98114763:6|98114801:6|98114804:6|98114825:6|98114835:6|98114892:6|98114917:6|98114923:6|98114925:6|98114931:6|98114935:6|98114952:6|98114962:6|98114963:6|98114967:6|98114972:6|98114974:6|98114975:6|98114982:6|98115074:6|98115092:6|98115134:6|98115143:6|98115213:6|98115217:6|98115236:6|98115237:6|98115246:6|98115273:6|98115274:6|98115287:6|98115293:6|98115314:6|98115317:6|98115327:6|98115339:6|98115341:6|98115342:6|98115346:6|98115347:6|98115349:6|98115361:6|98115371:6|98115382:6|98115384:6|98115386:6|98115391:6|98115392:6|98115403:6|98115413:6|98115423:6|98115427:6|98115431:6|98115438:6|98115443:6|98115462:6|98115471:6|98115481:6|98115614:6|98115627:6|98115631:6|98115632:6|98115634:6|98115637:6|98115638:6|98115639:6
2020-11-26 15:21:32,607:INFO:98110467:6|98110634:6|98110693:6|98111453:6|98111752:6|98111783:6|98112358:6|98112541:6|98112597:6|98112715:6|98112763:6|98112813:6|98112876:6|98112935:6|98112951:6|98112982:6|98113086:6|98113415:6|98113425:6|98113426:6|98113463:6|98113527:6|98113572:6|98113584:6|98113618:6|98113623:6|98113624:6|98113652:6|98113685:6|98113691:6|98113710:6|98113820:6|98113924:6|98113934:6|98113954:6|98114031:6|98114032:6|98114057:6|98114065:6|98114075:6|98114091:6|98114092:6|98114093:6|98114096:6|98114156:6|98114317:6|98114507:6|98114513:6|98114517:6|98114526:6|98114537:6|98114539:6|98114573:6|98114631:6|98114670:6|98114671:6|98114672:6|98114673:6|98114674:6|98114675:6|98114695:6|98114732:6|98114735:6|98114738:6|98114758:6|98114762:6|98114763:6|98114801:6|98114804:6|98114825:6|98114835:6|98114892:6|98114917:6|98114923:6|98114925:6|98114931:6|98114935:6|98114952:6|98114962:6|98114963:6|98114967:6|98114972:6|98114974:6|98114975:6|98114982:6|98115074:6|98115092:6|98115134:6|98115143:6|98115213:6|98115217:6|98115236:6|98115237:6|98115246:6|98115273:6|98115274:6|98115287:6|98115293:6|98115314:6|98115317:6|98115327:6|98115339:6|98115341:6|98115342:6|98115346:6|98115347:6|98115349:6|98115361:6|98115371:6|98115382:6|98115384:6|98115386:6|98115391:6|98115392:6|98115403:6|98115413:6|98115423:6|98115427:6|98115431:6|98115438:6|98115443:6|98115462:6|98115471:6|98115481:6|98115614:6|98115627:6|98115631:6|98115632:6|98115634:6|98115637:6|98115638:6|98115639:6
2020-11-26 15:22:09,212:INFO:-1
2020-11-26 15:22:17,310:INFO:98110467:6|98110634:6|98110693:6|98111453:6|98111752:6|98111783:6|98112358:6|98112541:6|98112597:6|98112715:6|98112763:6|98112813:6|98112876:6|98112935:6|98112951:6|98112982:6|98113086:6|98113415:6|98113425:6|98113426:6|98113463:6|98113527:6|98113572:6|98113584:6|98113618:6|98113623:6|98113624:6|98113652:6|98113685:6|98113691:6|98113710:6|98113820:6|98113924:6|98113934:6|98113954:6|98114031:6|98114032:6|98114057:6|98114065:6|98114075:6|98114091:6|98114092:6|98114093:6|98114096:6|98114156:6|98114317:6|98114507:6|98114513:6|98114517:6|98114526:6|98114537:6|98114539:6|98114573:6|98114631:6|98114670:6|98114671:6|98114672:6|98114673:6|98114674:6|98114675:6|98114695:6|98114732:6|98114735:6|98114738:6|98114758:6|98114762:6|98114763:6|98114801:6|98114804:6|98114825:6|98114835:6|98114892:6|98114917:6|98114923:6|98114925:6|98114931:6|98114935:6|98114952:6|98114962:6|98114963:6|98114967:6|98114972:6|98114974:6|98114975:6|98114982:6|98115074:6|98115092:6|98115134:6|98115143:6|98115213:6|98115217:6|98115236:6|98115237:6|98115246:6|98115273:6|98115274:6|98115287:6|98115293:6|98115314:6|98115317:6|98115327:6|98115339:6|98115341:6|98115342:6|98115346:6|98115347:6|98115349:6|98115361:6|98115371:6|98115382:6|98115384:6|98115386:6|98115391:6|98115392:6|98115403:6|98115413:6|98115423:6|98115427:6|98115431:6|98115438:6|98115443:6|98115462:6|98115471:6|98115481:6|98115614:6|98115627:6|98115631:6|98115632:6|98115634:6|98115637:6|98115638:6|98115639:6
2020-11-26 15:22:22,765:INFO:98110467:6|98110634:6|98110693:6|98111453:6|98111752:6|98111783:6|98112358:6|98112541:6|98112597:6|98112715:6|98112763:6|98112813:6|98112876:6|98112935:6|98112951:6|98112982:6|98113086:6|98113415:6|98113425:6|98113426:6|98113463:6|98113527:6|98113572:6|98113584:6|98113618:6|98113623:6|98113624:6|98113652:6|98113685:6|98113691:6|98113710:6|98113820:6|98113924:6|98113934:6|98113954:6|98114031:6|98114032:6|98114057:6|98114065:6|98114075:6|98114091:6|98114092:6|98114093:6|98114096:6|98114156:6|98114317:6|98114507:6|98114513:6|98114517:6|98114526:6|98114537:6|98114539:6|98114573:6|98114631:6|98114670:6|98114671:6|98114672:6|98114673:6|98114674:6|98114675:6|98114695:6|98114732:6|98114735:6|98114738:6|98114758:6|98114762:6|98114763:6|98114801:6|98114804:6|98114825:6|98114835:6|98114892:6|98114917:6|98114923:6|98114925:6|98114931:6|98114935:6|98114952:6|98114962:6|98114963:6|98114967:6|98114972:6|98114974:6|98114975:6|98114982:6|98115074:6|98115092:6|98115134:6|98115143:6|98115213:6|98115217:6|98115236:6|98115237:6|98115246:6|98115273:6|98115274:6|98115287:6|98115293:6|98115314:6|98115317:6|98115327:6|98115339:6|98115341:6|98115342:6|98115346:6|98115347:6|98115349:6|98115361:6|98115371:6|98115382:6|98115384:6|98115386:6|98115391:6|98115392:6|98115403:6|98115413:6|98115423:6|98115427:6|98115431:6|98115438:6|98115443:6|98115462:6|98115471:6|98115481:6|98115614:6|98115627:6|98115631:6|98115632:6|98115634:6|98115637:6|98115638:6|98115639:6
2020-11-26 15:22:39,327:INFO:98110467:6|98110634:6|98110693:6|98111453:6|98111752:6|98111783:6|98112358:6|98112541:6|98112597:6|98112715:6|98112763:6|98112813:6|98112876:6|98112935:6|98112951:6|98112982:6|98113086:6|98113415:6|98113425:6|98113426:6|98113463:6|98113527:6|98113572:6|98113584:6|98113618:6|98113623:6|98113624:6|98113652:6|98113685:6|98113691:6|98113710:6|98113820:6|98113924:6|98113934:6|98113954:6|98114031:6|98114032:6|98114057:6|98114065:6|98114075:6|98114091:6|98114092:6|98114093:6|98114096:6|98114156:6|98114317:6|98114507:6|98114513:6|98114517:6|98114526:6|98114537:6|98114539:6|98114573:6|98114631:6|98114670:6|98114671:6|98114672:6|98114673:6|98114674:6|98114675:6|98114695:6|98114732:6|98114735:6|98114738:6|98114758:6|98114762:6|98114763:6|98114801:6|98114804:6|98114825:6|98114835:6|98114892:6|98114917:6|98114923:6|98114925:6|98114931:6|98114935:6|98114952:6|98114962:6|98114963:6|98114967:6|98114972:6|98114974:6|98114975:6|98114982:6|98115074:6|98115092:6|98115134:6|98115143:6|98115213:6|98115217:6|98115236:6|98115237:6|98115246:6|98115273:6|98115274:6|98115287:6|98115293:6|98115314:6|98115317:6|98115327:6|98115339:6|98115341:6|98115342:6|98115346:6|98115347:6|98115349:6|98115361:6|98115371:6|98115382:6|98115384:6|98115386:6|98115391:6|98115392:6|98115403:6|98115413:6|98115423:6|98115427:6|98115431:6|98115438:6|98115443:6|98115462:6|98115471:6|98115481:6|98115614:6|98115627:6|98115631:6|98115632:6|98115634:6|98115637:6|98115638:6|98115639:6
2020-11-26 15:22:56,554:INFO:------------------------------------------------------------------------------------------------
2020-11-26 15:22:58,113:INFO:ДУГААРАА СОНГОЖ БУЙ ХЭСЭГ
2020-11-26 15:22:58,113:INFO:7
2020-11-26 15:23:03,375:INFO:98110467:6|98110634:6|98110693:6|98111453:6|98111752:6|98111783:6|98112358:6|98112541:6|98112597:6|98112715:6|98112763:6|98112813:6|98112876:6|98112935:6|98112951:6|98112982:6|98113086:6|98113415:6|98113425:6|98113426:6|98113463:6|98113527:6|98113572:6|98113584:6|98113618:6|98113623:6|98113624:6|98113652:6|98113685:6|98113691:6|98113710:6|98113820:6|98113924:6|98113934:6|98113954:6|98114031:6|98114032:6|98114057:6|98114065:6|98114075:6|98114091:6|98114092:6|98114093:6|98114096:6|98114156:6|98114317:6|98114507:6|98114513:6|98114517:6|98114526:6|98114537:6|98114539:6|98114573:6|98114631:6|98114670:6|98114671:6|98114672:6|98114673:6|98114674:6|98114675:6|98114695:6|98114732:6|98114735:6|98114738:6|98114758:6|98114762:6|98114763:6|98114801:6|98114804:6|98114825:6|98114835:6|98114892:6|98114917:6|98114923:6|98114925:6|98114931:6|98114935:6|98114952:6|98114962:6|98114963:6|98114967:6|98114972:6|98114974:6|98114975:6|98114982:6|98115074:6|98115092:6|98115134:6|98115143:6|98115213:6|98115217:6|98115236:6|98115237:6|98115246:6|98115273:6|98115274:6|98115287:6|98115293:6|98115314:6|98115317:6|98115327:6|98115339:6|98115341:6|98115342:6|98115346:6|98115347:6|98115349:6|98115361:6|98115371:6|98115382:6|98115384:6|98115386:6|98115391:6|98115392:6|98115403:6|98115413:6|98115423:6|98115427:6|98115431:6|98115438:6|98115443:6|98115462:6|98115471:6|98115481:6|98115614:6|98115627:6|98115631:6|98115632:6|98115634:6|98115637:6|98115638:6|98115639:6
2020-11-26 15:23:09,358:INFO:------------------------------------------------------------------------------------------------
2020-11-26 15:23:16,198:INFO:98110467:6|98110634:6|98110693:6|98111453:6|98111752:6|98111783:6|98112358:6|98112541:6|98112597:6|98112715:6|98112763:6|98112813:6|98112876:6|98112935:6|98112951:6|98112982:6|98113086:6|98113415:6|98113425:6|98113426:6|98113463:6|98113527:6|98113572:6|98113584:6|98113618:6|98113623:6|98113624:6|98113652:6|98113685:6|98113691:6|98113710:6|98113820:6|98113924:6|98113934:6|98113954:6|98114031:6|98114032:6|98114057:6|98114065:6|98114075:6|98114091:6|98114092:6|98114093:6|98114096:6|98114156:6|98114317:6|98114507:6|98114513:6|98114517:6|98114526:6|98114537:6|98114539:6|98114573:6|98114631:6|98114670:6|98114671:6|98114672:6|98114673:6|98114674:6|98114675:6|98114695:6|98114732:6|98114735:6|98114738:6|98114758:6|98114762:6|98114763:6|98114801:6|98114804:6|98114825:6|98114835:6|98114892:6|98114917:6|98114923:6|98114925:6|98114931:6|98114935:6|98114952:6|98114962:6|98114963:6|98114967:6|98114972:6|98114974:6|98114975:6|98114982:6|98115074:6|98115092:6|98115134:6|98115143:6|98115213:6|98115217:6|98115236:6|98115237:6|98115246:6|98115273:6|98115274:6|98115287:6|98115293:6|98115314:6|98115317:6|98115327:6|98115339:6|98115341:6|98115342:6|98115346:6|98115347:6|98115349:6|98115361:6|98115371:6|98115382:6|98115384:6|98115386:6|98115391:6|98115392:6|98115403:6|98115413:6|98115423:6|98115427:6|98115431:6|98115438:6|98115443:6|98115462:6|98115471:6|98115481:6|98115614:6|98115627:6|98115631:6|98115632:6|98115634:6|98115637:6|98115638:6|98115639:6
2020-11-26 15:23:33,238:INFO:98110467:6|98110634:6|98110693:6|98111453:6|98111752:6|98111783:6|98112358:6|98112541:6|98112597:6|98112715:6|98112763:6|98112813:6|98112876:6|98112935:6|98112951:6|98112982:6|98113086:6|98113415:6|98113425:6|98113426:6|98113463:6|98113527:6|98113572:6|98113584:6|98113618:6|98113623:6|98113624:6|98113652:6|98113685:6|98113691:6|98113710:6|98113820:6|98113924:6|98113934:6|98113954:6|98114031:6|98114032:6|98114057:6|98114065:6|98114075:6|98114091:6|98114092:6|98114093:6|98114096:6|98114156:6|98114317:6|98114507:6|98114513:6|98114517:6|98114526:6|98114537:6|98114539:6|98114573:6|98114631:6|98114670:6|98114671:6|98114672:6|98114673:6|98114674:6|98114675:6|98114695:6|98114732:6|98114735:6|98114738:6|98114758:6|98114762:6|98114763:6|98114801:6|98114804:6|98114825:6|98114835:6|98114892:6|98114917:6|98114923:6|98114925:6|98114931:6|98114935:6|98114952:6|98114962:6|98114963:6|98114967:6|98114972:6|98114974:6|98114975:6|98114982:6|98115074:6|98115092:6|98115134:6|98115143:6|98115213:6|98115217:6|98115236:6|98115237:6|98115246:6|98115273:6|98115274:6|98115287:6|98115293:6|98115314:6|98115317:6|98115327:6|98115339:6|98115341:6|98115342:6|98115346:6|98115347:6|98115349:6|98115361:6|98115371:6|98115382:6|98115384:6|98115386:6|98115391:6|98115392:6|98115403:6|98115413:6|98115423:6|98115427:6|98115431:6|98115438:6|98115443:6|98115462:6|98115471:6|98115481:6|98115614:6|98115627:6|98115631:6|98115632:6|98115634:6|98115637:6|98115638:6|98115639:6
2020-11-26 15:23:46,307:INFO:98110467:6|98110634:6|98110693:6|98111453:6|98111752:6|98111783:6|98112358:6|98112541:6|98112597:6|98112715:6|98112763:6|98112813:6|98112876:6|98112935:6|98112951:6|98112982:6|98113086:6|98113415:6|98113425:6|98113426:6|98113463:6|98113527:6|98113572:6|98113584:6|98113618:6|98113623:6|98113624:6|98113652:6|98113685:6|98113691:6|98113710:6|98113820:6|98113924:6|98113934:6|98113954:6|98114031:6|98114032:6|98114057:6|98114065:6|98114075:6|98114091:6|98114092:6|98114093:6|98114096:6|98114156:6|98114317:6|98114507:6|98114513:6|98114517:6|98114526:6|98114537:6|98114539:6|98114573:6|98114631:6|98114670:6|98114671:6|98114672:6|98114673:6|98114674:6|98114675:6|98114695:6|98114732:6|98114735:6|98114738:6|98114758:6|98114762:6|98114763:6|98114801:6|98114804:6|98114825:6|98114835:6|98114892:6|98114917:6|98114923:6|98114925:6|98114931:6|98114935:6|98114952:6|98114962:6|98114963:6|98114967:6|98114972:6|98114974:6|98114975:6|98114982:6|98115074:6|98115092:6|98115134:6|98115143:6|98115213:6|98115217:6|98115236:6|98115237:6|98115246:6|98115273:6|98115274:6|98115287:6|98115293:6|98115314:6|98115317:6|98115327:6|98115339:6|98115341:6|98115342:6|98115346:6|98115347:6|98115349:6|98115361:6|98115371:6|98115382:6|98115384:6|98115386:6|98115391:6|98115392:6|98115403:6|98115413:6|98115423:6|98115427:6|98115431:6|98115438:6|98115443:6|98115462:6|98115471:6|98115481:6|98115614:6|98115627:6|98115631:6|98115632:6|98115634:6|98115637:6|98115638:6|98115639:6
2020-11-26 15:23:46,975:INFO:98110467:6|98110634:6|98110693:6|98111453:6|98111752:6|98111783:6|98112358:6|98112541:6|98112597:6|98112715:6|98112763:6|98112813:6|98112876:6|98112935:6|98112951:6|98112982:6|98113086:6|98113415:6|98113425:6|98113426:6|98113463:6|98113527:6|98113572:6|98113584:6|98113618:6|98113623:6|98113624:6|98113652:6|98113685:6|98113691:6|98113710:6|98113820:6|98113924:6|98113934:6|98113954:6|98114031:6|98114032:6|98114057:6|98114065:6|98114075:6|98114091:6|98114092:6|98114093:6|98114096:6|98114156:6|98114317:6|98114507:6|98114513:6|98114517:6|98114526:6|98114537:6|98114539:6|98114573:6|98114631:6|98114670:6|98114671:6|98114672:6|98114673:6|98114674:6|98114675:6|98114695:6|98114732:6|98114735:6|98114738:6|98114758:6|98114762:6|98114763:6|98114801:6|98114804:6|98114825:6|98114835:6|98114892:6|98114917:6|98114923:6|98114925:6|98114931:6|98114935:6|98114952:6|98114962:6|98114963:6|98114967:6|98114972:6|98114974:6|98114975:6|98114982:6|98115074:6|98115092:6|98115134:6|98115143:6|98115213:6|98115217:6|98115236:6|98115237:6|98115246:6|98115273:6|98115274:6|98115287:6|98115293:6|98115314:6|98115317:6|98115327:6|98115339:6|98115341:6|98115342:6|98115346:6|98115347:6|98115349:6|98115361:6|98115371:6|98115382:6|98115384:6|98115386:6|98115391:6|98115392:6|98115403:6|98115413:6|98115423:6|98115427:6|98115431:6|98115438:6|98115443:6|98115462:6|98115471:6|98115481:6|98115614:6|98115627:6|98115631:6|98115632:6|98115634:6|98115637:6|98115638:6|98115639:6
2020-11-26 15:23:52,659:INFO:98110467:6|98110634:6|98110693:6|98111453:6|98111752:6|98111783:6|98112358:6|98112541:6|98112597:6|98112715:6|98112763:6|98112813:6|98112876:6|98112935:6|98112951:6|98112982:6|98113086:6|98113415:6|98113425:6|98113426:6|98113463:6|98113527:6|98113572:6|98113584:6|98113618:6|98113623:6|98113624:6|98113652:6|98113685:6|98113691:6|98113710:6|98113820:6|98113924:6|98113934:6|98113954:6|98114031:6|98114032:6|98114057:6|98114065:6|98114075:6|98114091:6|98114092:6|98114093:6|98114096:6|98114156:6|98114317:6|98114507:6|98114513:6|98114517:6|98114526:6|98114537:6|98114539:6|98114573:6|98114631:6|98114670:6|98114671:6|98114672:6|98114673:6|98114674:6|98114675:6|98114695:6|98114732:6|98114735:6|98114738:6|98114758:6|98114762:6|98114763:6|98114801:6|98114804:6|98114825:6|98114835:6|98114892:6|98114917:6|98114923:6|98114925:6|98114931:6|98114935:6|98114952:6|98114962:6|98114963:6|98114967:6|98114972:6|98114974:6|98114975:6|98114982:6|98115074:6|98115092:6|98115134:6|98115143:6|98115213:6|98115217:6|98115236:6|98115237:6|98115246:6|98115273:6|98115274:6|98115287:6|98115293:6|98115314:6|98115317:6|98115327:6|98115339:6|98115341:6|98115342:6|98115346:6|98115347:6|98115349:6|98115361:6|98115371:6|98115382:6|98115384:6|98115386:6|98115391:6|98115392:6|98115403:6|98115413:6|98115423:6|98115427:6|98115431:6|98115438:6|98115443:6|98115462:6|98115471:6|98115481:6|98115614:6|98115627:6|98115631:6|98115632:6|98115634:6|98115637:6|98115638:6|98115639:6
2020-11-26 15:24:04,768:INFO:98110467:6|98110634:6|98110693:6|98111453:6|98111752:6|98111783:6|98112358:6|98112541:6|98112597:6|98112715:6|98112763:6|98112813:6|98112876:6|98112935:6|98112951:6|98112982:6|98113086:6|98113415:6|98113425:6|98113426:6|98113463:6|98113527:6|98113572:6|98113584:6|98113618:6|98113623:6|98113624:6|98113652:6|98113685:6|98113691:6|98113710:6|98113820:6|98113924:6|98113934:6|98113954:6|98114031:6|98114032:6|98114057:6|98114065:6|98114075:6|98114091:6|98114092:6|98114093:6|98114096:6|98114156:6|98114317:6|98114507:6|98114513:6|98114517:6|98114526:6|98114537:6|98114539:6|98114573:6|98114631:6|98114670:6|98114671:6|98114672:6|98114673:6|98114674:6|98114675:6|98114695:6|98114732:6|98114735:6|98114738:6|98114758:6|98114762:6|98114763:6|98114801:6|98114804:6|98114825:6|98114835:6|98114892:6|98114917:6|98114923:6|98114925:6|98114931:6|98114935:6|98114952:6|98114962:6|98114963:6|98114967:6|98114972:6|98114974:6|98114975:6|98114982:6|98115074:6|98115092:6|98115134:6|98115143:6|98115213:6|98115217:6|98115236:6|98115237:6|98115246:6|98115273:6|98115274:6|98115287:6|98115293:6|98115314:6|98115317:6|98115327:6|98115339:6|98115341:6|98115342:6|98115346:6|98115347:6|98115349:6|98115361:6|98115371:6|98115382:6|98115384:6|98115386:6|98115391:6|98115392:6|98115403:6|98115413:6|98115423:6|98115427:6|98115431:6|98115438:6|98115443:6|98115462:6|98115471:6|98115481:6|98115614:6|98115627:6|98115631:6|98115632:6|98115634:6|98115637:6|98115638:6|98115639:6
2020-11-26 15:24:05,268:INFO:98110467:6|98110634:6|98110693:6|98111453:6|98111752:6|98111783:6|98112358:6|98112541:6|98112597:6|98112715:6|98112763:6|98112813:6|98112876:6|98112935:6|98112951:6|98112982:6|98113086:6|98113415:6|98113425:6|98113426:6|98113463:6|98113527:6|98113572:6|98113584:6|98113618:6|98113623:6|98113624:6|98113652:6|98113685:6|98113691:6|98113710:6|98113820:6|98113924:6|98113934:6|98113954:6|98114031:6|98114032:6|98114057:6|98114065:6|98114075:6|98114091:6|98114092:6|98114093:6|98114096:6|98114156:6|98114317:6|98114507:6|98114513:6|98114517:6|98114526:6|98114537:6|98114539:6|98114573:6|98114631:6|98114670:6|98114671:6|98114672:6|98114673:6|98114674:6|98114675:6|98114695:6|98114732:6|98114735:6|98114738:6|98114758:6|98114762:6|98114763:6|98114801:6|98114804:6|98114825:6|98114835:6|98114892:6|98114917:6|98114923:6|98114925:6|98114931:6|98114935:6|98114952:6|98114962:6|98114963:6|98114967:6|98114972:6|98114974:6|98114975:6|98114982:6|98115074:6|98115092:6|98115134:6|98115143:6|98115213:6|98115217:6|98115236:6|98115237:6|98115246:6|98115273:6|98115274:6|98115287:6|98115293:6|98115314:6|98115317:6|98115327:6|98115339:6|98115341:6|98115342:6|98115346:6|98115347:6|98115349:6|98115361:6|98115371:6|98115382:6|98115384:6|98115386:6|98115391:6|98115392:6|98115403:6|98115413:6|98115423:6|98115427:6|98115431:6|98115438:6|98115443:6|98115462:6|98115471:6|98115481:6|98115614:6|98115627:6|98115631:6|98115632:6|98115634:6|98115637:6|98115638:6|98115639:6
2020-11-26 15:24:29,176:INFO:-1
2020-11-26 15:25:04,263:INFO:98082202:6|98082203:6|98082204:6|98082205:6|98082206:6|98082207:6|98082209:6|98082210:6|98082212:6|98082213:6|98082214:6|98082216:6|98082218:6|98082219:6|98082221:6|98082224:6|98082226:6|98082227:6|98082230:6|98082231:6|98082232:6|98082234:6|98082235:6|98082236:6|98082238:6|98082239:6|98082240:6|98082241:6|98082242:6|98082243:6|98082245:6|98082246:6|98082247:6|98082248:6|98082249:6|98082250:6|98082251:6|98082252:6|98082253:6|98082254:6|98082256:6|98082257:6|98082258:6|98082259:6|98082260:6|98082261:6|98082263:6|98082265:6|98082267:6|98082268:6|98082269:6|98082270:6|98082271:6|98082272:6|98082273:6|98082274:6|98082275:6|98082276:6|98082281:6|98082283:6|98082284:6|98082285:6|98082286:6|98082287:6|98082289:6|98082290:6|98082291:6|98082292:6|98082293:6|98082294:6|98082295:6|98082297:6|98082298:6
2020-11-26 15:25:42,103:INFO:98088812:6|98088813:6|98088814:6|98088815:6|98088816:6|98088821:6|98088823:6|98088825:6|98088826:6|98088827:6|98088829:6|98088830:6|98088831:6|98088834:6|98088835:6|98088836:6|98088837:6|98088840:6|98088841:6|98088842:6|98088843:6|98088845:6|98088846:6|98088849:6|98088851:6|98088852:6|98088853:6|98088857:6|98088859:6|98088862:6|98088863:6|98088864:6|98088865:6|98088867:6|98088869:6|98088870:6|98088871:6|98088872:6|98088873:6|98088874:6|98088876:6|98088879:6|98088892:6
2020-11-26 15:26:13,072:INFO:-1
2020-11-26 15:26:41,939:INFO:98088830:6|98088840:6|98088870:6
2020-11-26 15:27:23,193:INFO:-1
2020-11-26 15:27:34,037:INFO:-1
2020-11-26 15:27:45,472:INFO:98111453:6|98111752:6|98111783:6
2020-11-26 15:28:29,877:INFO:98110467:6|98110634:6|98110693:6|98111453:6|98111752:6|98111783:6|98112358:6|98112541:6|98112597:6|98112715:6|98112763:6|98112813:6|98112876:6|98112935:6|98112951:6|98112982:6|98113086:6|98113415:6|98113425:6|98113426:6|98113463:6|98113527:6|98113572:6|98113584:6|98113618:6|98113623:6|98113624:6|98113652:6|98113685:6|98113691:6|98113710:6|98113820:6|98113924:6|98113934:6|98113954:6|98114031:6|98114032:6|98114057:6|98114065:6|98114075:6|98114091:6|98114092:6|98114093:6|98114096:6|98114156:6|98114317:6|98114507:6|98114513:6|98114517:6|98114526:6|98114537:6|98114539:6|98114573:6|98114631:6|98114670:6|98114671:6|98114672:6|98114673:6|98114674:6|98114675:6|98114695:6|98114732:6|98114735:6|98114738:6|98114758:6|98114762:6|98114763:6|98114801:6|98114804:6|98114825:6|98114835:6|98114892:6|98114917:6|98114923:6|98114925:6|98114931:6|98114935:6|98114952:6|98114962:6|98114963:6|98114967:6|98114972:6|98114974:6|98114975:6|98114982:6|98115074:6|98115092:6|98115134:6|98115143:6|98115213:6|98115217:6|98115236:6|98115237:6|98115246:6|98115273:6|98115274:6|98115287:6|98115293:6|98115314:6|98115317:6|98115327:6|98115339:6|98115341:6|98115342:6|98115346:6|98115347:6|98115349:6|98115361:6|98115371:6|98115382:6|98115384:6|98115386:6|98115391:6|98115392:6|98115403:6|98115413:6|98115423:6|98115427:6|98115431:6|98115438:6|98115443:6|98115462:6|98115471:6|98115481:6|98115614:6|98115627:6|98115631:6|98115632:6|98115634:6|98115637:6|98115638:6|98115639:6
2020-11-26 15:28:40,970:INFO:98110467:6|98110634:6|98110693:6|98111453:6|98111752:6|98111783:6|98112358:6|98112541:6|98112597:6|98112715:6|98112763:6|98112813:6|98112876:6|98112935:6|98112951:6|98112982:6|98113086:6|98113415:6|98113425:6|98113426:6|98113463:6|98113527:6|98113572:6|98113584:6|98113618:6|98113623:6|98113624:6|98113652:6|98113685:6|98113691:6|98113710:6|98113820:6|98113924:6|98113934:6|98113954:6|98114031:6|98114032:6|98114057:6|98114065:6|98114075:6|98114091:6|98114092:6|98114093:6|98114096:6|98114156:6|98114317:6|98114507:6|98114513:6|98114517:6|98114526:6|98114537:6|98114539:6|98114573:6|98114631:6|98114670:6|98114671:6|98114672:6|98114673:6|98114674:6|98114675:6|98114695:6|98114732:6|98114735:6|98114738:6|98114758:6|98114762:6|98114763:6|98114801:6|98114804:6|98114825:6|98114835:6|98114892:6|98114917:6|98114923:6|98114925:6|98114931:6|98114935:6|98114952:6|98114962:6|98114963:6|98114967:6|98114972:6|98114974:6|98114975:6|98114982:6|98115074:6|98115092:6|98115134:6|98115143:6|98115213:6|98115217:6|98115236:6|98115237:6|98115246:6|98115273:6|98115274:6|98115287:6|98115293:6|98115314:6|98115317:6|98115327:6|98115339:6|98115341:6|98115342:6|98115346:6|98115347:6|98115349:6|98115361:6|98115371:6|98115382:6|98115384:6|98115386:6|98115391:6|98115392:6|98115403:6|98115413:6|98115423:6|98115427:6|98115431:6|98115438:6|98115443:6|98115462:6|98115471:6|98115481:6|98115614:6|98115627:6|98115631:6|98115632:6|98115634:6|98115637:6|98115638:6|98115639:6
2020-11-26 15:28:56,044:INFO:98110467:6|98110634:6|98110693:6|98111453:6|98111752:6|98111783:6|98112358:6|98112541:6|98112597:6|98112715:6|98112763:6|98112813:6|98112876:6|98112935:6|98112951:6|98112982:6|98113086:6|98113415:6|98113425:6|98113426:6|98113463:6|98113527:6|98113572:6|98113584:6|98113618:6|98113623:6|98113624:6|98113652:6|98113685:6|98113691:6|98113710:6|98113820:6|98113924:6|98113934:6|98113954:6|98114031:6|98114032:6|98114057:6|98114065:6|98114075:6|98114091:6|98114092:6|98114093:6|98114096:6|98114156:6|98114317:6|98114507:6|98114513:6|98114517:6|98114526:6|98114537:6|98114539:6|98114573:6|98114631:6|98114670:6|98114671:6|98114672:6|98114673:6|98114674:6|98114675:6|98114695:6|98114732:6|98114735:6|98114738:6|98114758:6|98114762:6|98114763:6|98114801:6|98114804:6|98114825:6|98114835:6|98114892:6|98114917:6|98114923:6|98114925:6|98114931:6|98114935:6|98114952:6|98114962:6|98114963:6|98114967:6|98114972:6|98114974:6|98114975:6|98114982:6|98115074:6|98115092:6|98115134:6|98115143:6|98115213:6|98115217:6|98115236:6|98115237:6|98115246:6|98115273:6|98115274:6|98115287:6|98115293:6|98115314:6|98115317:6|98115327:6|98115339:6|98115341:6|98115342:6|98115346:6|98115347:6|98115349:6|98115361:6|98115371:6|98115382:6|98115384:6|98115386:6|98115391:6|98115392:6|98115403:6|98115413:6|98115423:6|98115427:6|98115431:6|98115438:6|98115443:6|98115462:6|98115471:6|98115481:6|98115614:6|98115627:6|98115631:6|98115632:6|98115634:6|98115637:6|98115638:6|98115639:6
2020-11-26 15:29:05,835:INFO:98110467:6|98110634:6|98110693:6|98111453:6|98111752:6|98111783:6|98112358:6|98112541:6|98112597:6|98112715:6|98112763:6|98112813:6|98112876:6|98112935:6|98112951:6|98112982:6|98113086:6|98113415:6|98113425:6|98113426:6|98113463:6|98113527:6|98113572:6|98113584:6|98113618:6|98113623:6|98113624:6|98113652:6|98113685:6|98113691:6|98113710:6|98113820:6|98113924:6|98113934:6|98113954:6|98114031:6|98114032:6|98114057:6|98114065:6|98114075:6|98114091:6|98114092:6|98114093:6|98114096:6|98114156:6|98114317:6|98114507:6|98114513:6|98114517:6|98114526:6|98114537:6|98114539:6|98114573:6|98114631:6|98114670:6|98114671:6|98114672:6|98114673:6|98114674:6|98114675:6|98114695:6|98114732:6|98114735:6|98114738:6|98114758:6|98114762:6|98114763:6|98114801:6|98114804:6|98114825:6|98114835:6|98114892:6|98114917:6|98114923:6|98114925:6|98114931:6|98114935:6|98114952:6|98114962:6|98114963:6|98114967:6|98114972:6|98114974:6|98114975:6|98114982:6|98115074:6|98115092:6|98115134:6|98115143:6|98115213:6|98115217:6|98115236:6|98115237:6|98115246:6|98115273:6|98115274:6|98115287:6|98115293:6|98115314:6|98115317:6|98115327:6|98115339:6|98115341:6|98115342:6|98115346:6|98115347:6|98115349:6|98115361:6|98115371:6|98115382:6|98115384:6|98115386:6|98115391:6|98115392:6|98115403:6|98115413:6|98115423:6|98115427:6|98115431:6|98115438:6|98115443:6|98115462:6|98115471:6|98115481:6|98115614:6|98115627:6|98115631:6|98115632:6|98115634:6|98115637:6|98115638:6|98115639:6
2020-11-26 15:29:17,819:INFO:98110467:6|98110634:6|98110693:6|98111453:6|98111752:6|98111783:6|98112358:6|98112541:6|98112597:6|98112715:6|98112763:6|98112813:6|98112876:6|98112935:6|98112951:6|98112982:6|98113086:6|98113415:6|98113425:6|98113426:6|98113463:6|98113527:6|98113572:6|98113584:6|98113618:6|98113623:6|98113624:6|98113652:6|98113685:6|98113691:6|98113710:6|98113820:6|98113924:6|98113934:6|98113954:6|98114031:6|98114032:6|98114057:6|98114065:6|98114075:6|98114091:6|98114092:6|98114093:6|98114096:6|98114156:6|98114317:6|98114507:6|98114513:6|98114517:6|98114526:6|98114537:6|98114539:6|98114573:6|98114631:6|98114670:6|98114671:6|98114672:6|98114673:6|98114674:6|98114675:6|98114695:6|98114732:6|98114735:6|98114738:6|98114758:6|98114762:6|98114763:6|98114801:6|98114804:6|98114825:6|98114835:6|98114892:6|98114917:6|98114923:6|98114925:6|98114931:6|98114935:6|98114952:6|98114962:6|98114963:6|98114967:6|98114972:6|98114974:6|98114975:6|98114982:6|98115074:6|98115092:6|98115134:6|98115143:6|98115213:6|98115217:6|98115236:6|98115237:6|98115246:6|98115273:6|98115274:6|98115287:6|98115293:6|98115314:6|98115317:6|98115327:6|98115339:6|98115341:6|98115342:6|98115346:6|98115347:6|98115349:6|98115361:6|98115371:6|98115382:6|98115384:6|98115386:6|98115391:6|98115392:6|98115403:6|98115413:6|98115423:6|98115427:6|98115431:6|98115438:6|98115443:6|98115462:6|98115471:6|98115481:6|98115614:6|98115627:6|98115631:6|98115632:6|98115634:6|98115637:6|98115638:6|98115639:6
2020-11-26 15:29:29,293:INFO:98110467:6|98110634:6|98110693:6|98111453:6|98111752:6|98111783:6|98112358:6|98112541:6|98112597:6|98112715:6|98112763:6|98112813:6|98112876:6|98112935:6|98112951:6|98112982:6|98113086:6|98113415:6|98113425:6|98113426:6|98113463:6|98113527:6|98113572:6|98113584:6|98113618:6|98113623:6|98113624:6|98113652:6|98113685:6|98113691:6|98113710:6|98113820:6|98113924:6|98113934:6|98113954:6|98114031:6|98114032:6|98114057:6|98114065:6|98114075:6|98114091:6|98114092:6|98114093:6|98114096:6|98114156:6|98114317:6|98114507:6|98114513:6|98114517:6|98114526:6|98114537:6|98114539:6|98114573:6|98114631:6|98114670:6|98114671:6|98114672:6|98114673:6|98114674:6|98114675:6|98114695:6|98114732:6|98114735:6|98114738:6|98114758:6|98114762:6|98114763:6|98114801:6|98114804:6|98114825:6|98114835:6|98114892:6|98114917:6|98114923:6|98114925:6|98114931:6|98114935:6|98114952:6|98114962:6|98114963:6|98114967:6|98114972:6|98114974:6|98114975:6|98114982:6|98115074:6|98115092:6|98115134:6|98115143:6|98115213:6|98115217:6|98115236:6|98115237:6|98115246:6|98115273:6|98115274:6|98115287:6|98115293:6|98115314:6|98115317:6|98115327:6|98115339:6|98115341:6|98115342:6|98115346:6|98115347:6|98115349:6|98115361:6|98115371:6|98115382:6|98115384:6|98115386:6|98115391:6|98115392:6|98115403:6|98115413:6|98115423:6|98115427:6|98115431:6|98115438:6|98115443:6|98115462:6|98115471:6|98115481:6|98115614:6|98115627:6|98115631:6|98115632:6|98115634:6|98115637:6|98115638:6|98115639:6
2020-11-26 15:29:45,071:INFO:98110467:6|98110634:6|98110693:6|98111453:6|98111752:6|98111783:6|98112358:6|98112541:6|98112597:6|98112715:6|98112763:6|98112813:6|98112876:6|98112935:6|98112951:6|98112982:6|98113086:6|98113415:6|98113425:6|98113426:6|98113463:6|98113527:6|98113572:6|98113584:6|98113618:6|98113623:6|98113624:6|98113652:6|98113685:6|98113691:6|98113710:6|98113820:6|98113924:6|98113934:6|98113954:6|98114031:6|98114032:6|98114057:6|98114065:6|98114075:6|98114091:6|98114092:6|98114093:6|98114096:6|98114156:6|98114317:6|98114507:6|98114513:6|98114517:6|98114526:6|98114537:6|98114539:6|98114573:6|98114631:6|98114670:6|98114671:6|98114672:6|98114673:6|98114674:6|98114675:6|98114695:6|98114732:6|98114735:6|98114738:6|98114758:6|98114762:6|98114763:6|98114801:6|98114804:6|98114825:6|98114835:6|98114892:6|98114917:6|98114923:6|98114925:6|98114931:6|98114935:6|98114952:6|98114962:6|98114963:6|98114967:6|98114972:6|98114974:6|98114975:6|98114982:6|98115074:6|98115092:6|98115134:6|98115143:6|98115213:6|98115217:6|98115236:6|98115237:6|98115246:6|98115273:6|98115274:6|98115287:6|98115293:6|98115314:6|98115317:6|98115327:6|98115339:6|98115341:6|98115342:6|98115346:6|98115347:6|98115349:6|98115361:6|98115371:6|98115382:6|98115384:6|98115386:6|98115391:6|98115392:6|98115403:6|98115413:6|98115423:6|98115427:6|98115431:6|98115438:6|98115443:6|98115462:6|98115471:6|98115481:6|98115614:6|98115627:6|98115631:6|98115632:6|98115634:6|98115637:6|98115638:6|98115639:6
2020-11-26 15:29:45,731:INFO:98110467:6|98110634:6|98110693:6|98111453:6|98111752:6|98111783:6|98112358:6|98112541:6|98112597:6|98112715:6|98112763:6|98112813:6|98112876:6|98112935:6|98112951:6|98112982:6|98113086:6|98113415:6|98113425:6|98113426:6|98113463:6|98113527:6|98113572:6|98113584:6|98113618:6|98113623:6|98113624:6|98113652:6|98113685:6|98113691:6|98113710:6|98113820:6|98113924:6|98113934:6|98113954:6|98114031:6|98114032:6|98114057:6|98114065:6|98114075:6|98114091:6|98114092:6|98114093:6|98114096:6|98114156:6|98114317:6|98114507:6|98114513:6|98114517:6|98114526:6|98114537:6|98114539:6|98114573:6|98114631:6|98114670:6|98114671:6|98114672:6|98114673:6|98114674:6|98114675:6|98114695:6|98114732:6|98114735:6|98114738:6|98114758:6|98114762:6|98114763:6|98114801:6|98114804:6|98114825:6|98114835:6|98114892:6|98114917:6|98114923:6|98114925:6|98114931:6|98114935:6|98114952:6|98114962:6|98114963:6|98114967:6|98114972:6|98114974:6|98114975:6|98114982:6|98115074:6|98115092:6|98115134:6|98115143:6|98115213:6|98115217:6|98115236:6|98115237:6|98115246:6|98115273:6|98115274:6|98115287:6|98115293:6|98115314:6|98115317:6|98115327:6|98115339:6|98115341:6|98115342:6|98115346:6|98115347:6|98115349:6|98115361:6|98115371:6|98115382:6|98115384:6|98115386:6|98115391:6|98115392:6|98115403:6|98115413:6|98115423:6|98115427:6|98115431:6|98115438:6|98115443:6|98115462:6|98115471:6|98115481:6|98115614:6|98115627:6|98115631:6|98115632:6|98115634:6|98115637:6|98115638:6|98115639:6
2020-11-26 15:44:03,644:INFO:------------------------------------------------------------------------------------------------
2020-11-26 15:58:45,146:INFO:------------------------------------------------------------------------------------------------
2020-11-26 16:15:14,684:INFO:------------------------------------------------------------------------------------------------
2020-11-26 16:39:50,729:INFO:98980254:6|98981152:6|98981391:6|98981573:6|98981654:6|98981976:6|98982588:6|98983401:6|98983450:6|98983564:6|98984135:6|98984184:6|98984295:6|98984702:6|98984900:6|98985026:6|98985238:6|98985734:6|98985922:6|98985926:6|98986027:6|98986194:6|98986426:6|98986534:6|98986724:6|98986853:6|98987514:6|98988264:6|98989743:6|98989745:6
2020-11-26 16:40:27,400:INFO:98990163:6|98990278:6|98990386:6|98990390:6|98990473:6|98990485:6|98990497:6|98990532:6|98990635:6|98990648:6|98990934:6|98990957:6|98991034:6|98991052:6|98991265:6|98991320:6|98991354:6|98991421:6|98991429:6|98991435:6|98991481:6|98991597:6|98991601:6|98991603:6|98991692:6|98991697:6|98991726:6|98991735:6|98991743:6|98991751:6|98991752:6|98991789:6|98991792:6|98991843:6|98991942:6|98991977:6|98992143:6|98992157:6|98992186:6|98992205:6|98992267:6|98992291:6|98992316:6|98992358:6|98992360:6|98992371:6|98992372:6|98992376:6|98992381:6|98992382:6|98992391:6|98992412:6|98992413:6|98992457:6|98992480:6|98992538:6|98992543:6|98992547:6|98992548:6|98992556:6|98992561:6|98992571:6|98992631:6|98992634:6|98992653:6|98992654:6|98992665:6|98992670:6|98992673:6|98992693:6|98992708:6|98992734:6|98992736:6|98992762:6|98992765:6|98992792:6|98992805:6|98992807:6|98992831:6|98992835:6|98992861:6|98992872:6|98992876:6|98992913:6|98992931:6|98992951:6|98992967:6|98992974:6|98992976:6|98992986:6|98993026:6|98993047:6|98993057:6|98993089:6|98993102:6|98993107:6|98993122:6|98993125:6|98993127:6|98993140:6|98993148:6|98993205:6|98993245:6|98993257:6|98993286:6|98993325:6|98993378:6|98993401:6|98993408:6|98993412:6|98993413:6|98993418:6|98993421:6|98993432:6|98993453:6|98993462:6|98993465:6|98993475:6|98993482:6|98993497:6|98993502:6|98993509:6|98993516:6|98993527:6|98993541:6|98993542:6|98993562:6|98993563:6|98993594:6|98993597:6|98993608:6|98993623:6
2020-11-26 16:40:53,610:INFO:98999066:6|98999230:6|98999354:6|98999427:6|98999553:6|98999683:6|98999755:6
2020-11-26 16:40:58,399:INFO:98989743:6|98989745:6
2020-11-26 16:41:02,715:INFO:98988264:6
2020-11-26 16:44:03,776:INFO:------------------------------------------------------------------------------------------------
2020-11-26 16:44:17,903:INFO:ДУГААРАА СОНГОЖ БУЙ ХЭСЭГ
2020-11-26 16:44:17,904:INFO:2
2020-11-26 16:44:39,046:INFO:98980254:6|98981152:6|98981391:6|98981573:6|98981654:6|98981976:6|98982588:6|98983401:6|98983450:6|98983564:6|98984135:6|98984184:6|98984295:6|98984702:6|98984900:6|98985026:6|98985238:6|98985734:6|98985922:6|98985926:6|98986027:6|98986194:6|98986426:6|98986534:6|98986724:6|98986853:6|98987514:6|98988264:6|98989743:6|98989745:6
2020-11-26 16:45:04,843:INFO:98980254:6|98981152:6|98981391:6|98981573:6|98981654:6|98981976:6|98982588:6|98983401:6|98983450:6|98983564:6|98984135:6|98984184:6|98984295:6|98984702:6|98984900:6|98985026:6|98985238:6|98985734:6|98985922:6|98985926:6|98986027:6|98986194:6|98986426:6|98986534:6|98986724:6|98986853:6|98987514:6|98988264:6|98989743:6|98989745:6
2020-11-26 16:45:32,678:INFO:98980254:6|98981152:6|98981391:6|98981573:6|98981654:6|98981976:6|98982588:6|98983401:6|98983450:6|98983564:6|98984135:6|98984184:6|98984295:6|98984702:6|98984900:6|98985026:6|98985238:6|98985734:6|98985922:6|98985926:6|98986027:6|98986194:6|98986426:6|98986534:6|98986724:6|98986853:6|98987514:6|98988264:6|98989743:6|98989745:6
2020-11-26 16:45:33,221:INFO:98980254:6|98981152:6|98981391:6|98981573:6|98981654:6|98981976:6|98982588:6|98983401:6|98983450:6|98983564:6|98984135:6|98984184:6|98984295:6|98984702:6|98984900:6|98985026:6|98985238:6|98985734:6|98985922:6|98985926:6|98986027:6|98986194:6|98986426:6|98986534:6|98986724:6|98986853:6|98987514:6|98988264:6|98989743:6|98989745:6
2020-11-26 16:45:38,854:INFO:98980254:6|98981152:6|98981391:6|98981573:6|98981654:6|98981976:6|98982588:6|98983401:6|98983450:6|98983564:6|98984135:6|98984184:6|98984295:6|98984702:6|98984900:6|98985026:6|98985238:6|98985734:6|98985922:6|98985926:6|98986027:6|98986194:6|98986426:6|98986534:6|98986724:6|98986853:6|98987514:6|98988264:6|98989743:6|98989745:6
2020-11-26 16:58:45,485:INFO:------------------------------------------------------------------------------------------------
2020-11-26 17:15:14,750:INFO:------------------------------------------------------------------------------------------------
2020-11-26 17:58:45,824:INFO:------------------------------------------------------------------------------------------------
2020-11-26 18:15:14,825:INFO:------------------------------------------------------------------------------------------------
2020-11-26 18:19:01,520:WARNING:Not Found: /
2020-11-26 18:58:46,169:INFO:------------------------------------------------------------------------------------------------
2020-11-26 19:15:14,892:INFO:------------------------------------------------------------------------------------------------
2020-11-26 19:58:46,508:INFO:------------------------------------------------------------------------------------------------
2020-11-26 20:15:14,969:INFO:------------------------------------------------------------------------------------------------
2020-11-26 20:53:59,420:INFO:------------------------------------------------------------------------------------------------
2020-11-26 20:54:11,520:INFO:ДУГААРАА СОНГОЖ БУЙ ХЭСЭГ
2020-11-26 20:54:11,520:INFO:7
2020-11-26 20:54:12,539:WARNING:Not Found: /favicon.ico
2020-11-26 20:54:18,617:INFO:98010017:6|98010054:6|98010166:6|98010307:6|98010576:6|98010591:6|98010592:6|98010594:6|98010595:6|98010596:6|98010597:6|98010598:6|98010617:6|98010618:6|98010619:6|98010620:6|98010621:6|98010623:6|98010624:6|98010625:6|98010627:6|98010628:6|98010629:6|98010631:6|98010632:6|98010633:6|98010634:6|98010635:6|98010637:6|98010638:6|98010639:6|98010641:6|98010643:6|98010645:6|98010646:6|98010648:6|98010652:6|98010657:6|98010658:6|98010662:6|98010671:6|98010672:6|98010683:6|98010685:6|98010687:6|98010688:6|98010689:6|98010691:6|98010692:6|98010693:6|98010694:6|98010695:6|98010696:6|98010697:6|98010703:6|98010704:6|98010712:6|98010713:6|98010714:6|98010716:6|98010718:6|98010719:6|98010720:6|98010721:6|98010722:6|98010723:6|98010724:6|98010725:6|98010728:6|98010729:6|98010730:6|98010731:6|98010732:6|98010733:6|98010734:6|98010735:6|98010736:6|98010737:6|98010738:6|98010739:6|98010741:6|98010742:6|98010743:6|98010744:6|98010745:6|98010746:6|98010747:6|98010748:6|98010749:6|98010750:6|98010751:6|98010752:6|98010753:6|98010754:6|98010755:6|98010756:6|98010757:6|98010758:6|98010759:6|98010760:6|98010762:6|98010763:6|98010764:6|98010765:6|98010766:6|98010767:6|98010768:6|98010769:6|98010771:6|98010772:6|98010773:6|98010774:6|98010775:6|98010776:6|98010778:6|98010779:6|98010782:6|98010783:6|98010784:6|98010785:6|98010786:6|98010787:6|98010791:6|98010792:6|98010793:6|98010794:6|98010795:6|98010796:6|98010797:6|98010799:6|98010803:6|98010812:6
2020-11-26 20:58:46,850:INFO:------------------------------------------------------------------------------------------------
2020-11-26 21:15:15,051:INFO:------------------------------------------------------------------------------------------------
2020-11-26 21:58:47,191:INFO:------------------------------------------------------------------------------------------------
2020-11-26 22:15:15,158:INFO:------------------------------------------------------------------------------------------------
2020-11-26 22:58:47,528:INFO:------------------------------------------------------------------------------------------------
2020-11-26 23:15:15,273:INFO:------------------------------------------------------------------------------------------------
2020-11-26 23:58:47,876:INFO:------------------------------------------------------------------------------------------------
2020-11-27 00:01:46,869:WARNING:Not Found: /
2020-11-27 00:15:15,355:INFO:------------------------------------------------------------------------------------------------
2020-11-27 00:58:48,212:INFO:------------------------------------------------------------------------------------------------
2020-11-27 01:15:15,470:INFO:------------------------------------------------------------------------------------------------
2020-11-27 01:55:39,681:WARNING:Not Found: /
2020-11-27 01:58:48,545:INFO:------------------------------------------------------------------------------------------------
2020-11-27 02:15:15,585:INFO:------------------------------------------------------------------------------------------------
2020-11-27 02:58:48,881:INFO:------------------------------------------------------------------------------------------------
2020-11-27 03:05:40,586:WARNING:Not Found: /
2020-11-27 03:15:15,664:INFO:------------------------------------------------------------------------------------------------
2020-11-27 03:37:48,340:WARNING:Not Found: /
2020-11-27 03:58:49,211:INFO:------------------------------------------------------------------------------------------------
2020-11-27 04:15:15,747:INFO:------------------------------------------------------------------------------------------------
2020-11-27 04:58:49,566:INFO:------------------------------------------------------------------------------------------------
2020-11-27 05:15:15,840:INFO:------------------------------------------------------------------------------------------------
2020-11-27 05:58:49,886:INFO:------------------------------------------------------------------------------------------------
2020-11-27 06:15:15,923:INFO:------------------------------------------------------------------------------------------------
