2020-07-13 06:25:21,481:INFO:------------------------------------------------------------------------------------------------
2020-07-13 07:07:13,363:WARNING:Not Found: /
2020-07-13 07:25:21,549:INFO:------------------------------------------------------------------------------------------------
2020-07-13 08:25:21,625:INFO:------------------------------------------------------------------------------------------------
2020-07-13 09:07:18,685:INFO:ДУГААРАА СОНГОЖ БУЙ ХЭСЭГ
2020-07-13 09:07:18,686:INFO:ДУГААРАА СОНГОЖ БУЙ ХЭСЭГ
2020-07-13 09:07:18,687:INFO:7
2020-07-13 09:07:18,687:INFO:7
2020-07-13 09:07:24,738:INFO:ДУГААРАА СОНГОЖ БУЙ ХЭСЭГ
2020-07-13 09:07:24,738:INFO:7
2020-07-13 09:25:21,694:INFO:------------------------------------------------------------------------------------------------
2020-07-13 09:38:19,654:INFO:------------------------------------------------------------------------------------------------
2020-07-13 09:57:23,897:INFO:------------------------------------------------------------------------------------------------
2020-07-13 10:10:47,061:INFO:ДУГААРАА СОНГОЖ БУЙ ХЭСЭГ
2020-07-13 10:10:47,062:INFO:7
2020-07-13 10:10:47,577:WARNING:Not Found: /favicon.ico
2020-07-13 10:13:24,245:INFO:------------------------------------------------------------------------------------------------
2020-07-13 10:13:25,722:INFO:ДУГААРАА СОНГОЖ БУЙ ХЭСЭГ
2020-07-13 10:13:25,722:INFO:7
2020-07-13 10:23:04,871:INFO:ДУГААРАА СОНГОЖ БУЙ ХЭСЭГ
2020-07-13 10:23:04,871:INFO:7
2020-07-13 10:23:28,397:INFO:ДУГААРАА СОНГОЖ БУЙ ХЭСЭГ
2020-07-13 10:23:28,397:INFO:7
2020-07-13 10:23:48,282:INFO:ДУГААРЫН ҮНЭ
2020-07-13 10:23:48,285:INFO:10000
2020-07-13 10:24:41,947:INFO:------------------------------------------------------------------------------------------------
2020-07-13 10:24:43,764:INFO:ДУГААРАА СОНГОЖ БУЙ ХЭСЭГ
2020-07-13 10:24:43,765:INFO:7
2020-07-13 10:25:11,552:INFO:ДУГААРАА СОНГОЖ БУЙ ХЭСЭГ
2020-07-13 10:25:11,553:INFO:7
2020-07-13 10:25:21,742:INFO:------------------------------------------------------------------------------------------------
2020-07-13 10:25:42,190:INFO:ДУГААРАА СОНГОЖ БУЙ ХЭСЭГ
2020-07-13 10:25:42,190:INFO:7
2020-07-13 10:42:51,549:INFO:------------------------------------------------------------------------------------------------
2020-07-13 10:43:04,287:INFO:ДУГААРАА СОНГОЖ БУЙ ХЭСЭГ
2020-07-13 10:43:04,288:INFO:2
2020-07-13 10:52:56,380:INFO:ДУГААРАА СОНГОЖ БУЙ ХЭСЭГ
2020-07-13 10:52:56,381:INFO:7
2020-07-13 10:52:56,979:WARNING:Not Found: /favicon.ico
2020-07-13 10:54:29,167:INFO:------------------------------------------------------------------------------------------------
2020-07-13 10:54:33,358:INFO:ДУГААРАА СОНГОЖ БУЙ ХЭСЭГ
2020-07-13 10:54:33,359:INFO:2
2020-07-13 10:57:24,461:INFO:------------------------------------------------------------------------------------------------
2020-07-13 11:00:50,901:INFO:ДУГААРАА СОНГОЖ БУЙ ХЭСЭГ
2020-07-13 11:00:50,901:INFO:2
2020-07-13 11:00:50,902:INFO:------------------------------------------------------------------------------------------------
2020-07-13 11:00:50,902:INFO:------------------------------------------------------------------------------------------------
2020-07-13 11:00:50,914:INFO:------------------------------------------------------------------------------------------------
2020-07-13 11:00:50,914:INFO:------------------------------------------------------------------------------------------------
2020-07-13 11:00:50,918:INFO:------------------------------------------------------------------------------------------------
2020-07-13 11:00:51,034:INFO:------------------------------------------------------------------------------------------------
2020-07-13 11:00:51,035:INFO:------------------------------------------------------------------------------------------------
2020-07-13 11:00:51,041:INFO:------------------------------------------------------------------------------------------------
2020-07-13 11:00:51,636:INFO:------------------------------------------------------------------------------------------------
2020-07-13 11:01:32,916:INFO:ДУГААРАА СОНГОЖ БУЙ ХЭСЭГ
2020-07-13 11:01:32,916:INFO:2
2020-07-13 11:01:48,113:INFO:ДУГААРАА СОНГОЖ БУЙ ХЭСЭГ
2020-07-13 11:01:48,113:INFO:3
2020-07-13 11:10:31,182:INFO:ДУГААРАА СОНГОЖ БУЙ ХЭСЭГ
2020-07-13 11:10:31,183:INFO:2
2020-07-13 11:10:32,520:INFO:ДУГААРАА СОНГОЖ БУЙ ХЭСЭГ
2020-07-13 11:10:32,521:INFO:2
2020-07-13 11:10:33,952:INFO:------------------------------------------------------------------------------------------------
2020-07-13 11:10:34,199:INFO:ДУГААРЫН ZAHIALGA
2020-07-13 11:10:34,209:ERROR:Уучлаарай, таны сонгосон 98597942 дугаар захиалах боломжгүй байна. Line-1379
2020-07-13 11:10:36,163:INFO:------------------------------------------------------------------------------------------------
2020-07-13 11:12:13,092:INFO:ДУГААРАА СОНГОЖ БУЙ ХЭСЭГ
2020-07-13 11:12:13,093:INFO:7
2020-07-13 11:25:21,814:INFO:------------------------------------------------------------------------------------------------
2020-07-13 11:55:36,552:INFO:ДУГААРЫН ҮНЭ
2020-07-13 11:55:36,555:INFO:5000
2020-07-13 11:57:24,615:INFO:------------------------------------------------------------------------------------------------
2020-07-13 11:57:29,445:INFO:ДУГААРЫН ҮНЭ
2020-07-13 11:57:29,448:INFO:5000
2020-07-13 11:57:49,509:INFO:------------------------------------------------------------------------------------------------
2020-07-13 11:57:50,962:INFO:ДУГААРАА СОНГОЖ БУЙ ХЭСЭГ
2020-07-13 11:57:50,962:INFO:7
2020-07-13 11:57:51,262:WARNING:Not Found: /favicon.ico
2020-07-13 12:00:52,824:INFO:------------------------------------------------------------------------------------------------
2020-07-13 12:00:52,830:INFO:------------------------------------------------------------------------------------------------
2020-07-13 12:00:52,831:INFO:------------------------------------------------------------------------------------------------
2020-07-13 12:00:55,225:INFO:------------------------------------------------------------------------------------------------
2020-07-13 12:00:55,326:INFO:------------------------------------------------------------------------------------------------
2020-07-13 12:00:55,402:INFO:------------------------------------------------------------------------------------------------
2020-07-13 12:00:55,420:INFO:------------------------------------------------------------------------------------------------
2020-07-13 12:00:55,489:INFO:------------------------------------------------------------------------------------------------
2020-07-13 12:05:57,699:INFO:------------------------------------------------------------------------------------------------
2020-07-13 12:12:35,342:INFO:ДУГААРАА СОНГОЖ БУЙ ХЭСЭГ
2020-07-13 12:12:35,342:INFO:7
2020-07-13 12:24:19,769:INFO:ДУГААРЫН ҮНЭ
2020-07-13 12:24:19,772:INFO:10000
2020-07-13 12:24:44,671:INFO:ДУГААРЫН ZAHIALGA
2020-07-13 12:25:04,353:INFO:ДУГААРАА СОНГОЖ БУЙ ХЭСЭГ
2020-07-13 12:25:04,353:INFO:7
2020-07-13 12:25:09,256:INFO:------------------------------------------------------------------------------------------------
2020-07-13 12:25:21,855:INFO:------------------------------------------------------------------------------------------------
2020-07-13 12:35:36,049:INFO:------------------------------------------------------------------------------------------------
2020-07-13 12:38:23,154:INFO:------------------------------------------------------------------------------------------------
2020-07-13 12:38:24,030:INFO:ДУГААРАА СОНГОЖ БУЙ ХЭСЭГ
2020-07-13 12:38:24,030:INFO:7
2020-07-13 12:57:24,719:INFO:------------------------------------------------------------------------------------------------
2020-07-13 13:00:57,044:INFO:------------------------------------------------------------------------------------------------
2020-07-13 13:00:57,073:INFO:------------------------------------------------------------------------------------------------
2020-07-13 13:00:57,563:INFO:------------------------------------------------------------------------------------------------
2020-07-13 13:00:57,721:INFO:------------------------------------------------------------------------------------------------
2020-07-13 13:00:57,750:INFO:------------------------------------------------------------------------------------------------
2020-07-13 13:00:57,955:INFO:------------------------------------------------------------------------------------------------
2020-07-13 13:00:58,137:INFO:------------------------------------------------------------------------------------------------
2020-07-13 13:00:58,564:INFO:------------------------------------------------------------------------------------------------
2020-07-13 13:05:57,835:INFO:------------------------------------------------------------------------------------------------
2020-07-13 13:08:59,072:INFO:ДУГААРАА СОНГОЖ БУЙ ХЭСЭГ
2020-07-13 13:08:59,072:INFO:7
2020-07-13 13:11:12,146:INFO:ДУГААРЫН ҮНЭ
2020-07-13 13:11:12,149:INFO:10000
2020-07-13 13:12:12,034:INFO:ДУГААРЫН ҮНЭ
2020-07-13 13:12:12,037:INFO:10000
2020-07-13 13:25:09,592:INFO:------------------------------------------------------------------------------------------------
2020-07-13 13:25:21,935:INFO:------------------------------------------------------------------------------------------------
2020-07-13 13:26:13,964:INFO:ДУГААРЫН ҮНЭ
2020-07-13 13:26:13,966:INFO:10000
2020-07-13 13:35:36,446:INFO:------------------------------------------------------------------------------------------------
2020-07-13 13:54:05,154:INFO:ДУГААРАА СОНГОЖ БУЙ ХЭСЭГ
2020-07-13 13:54:05,154:INFO:2
2020-07-13 13:57:24,849:INFO:------------------------------------------------------------------------------------------------
2020-07-13 13:59:46,747:INFO:ДУГААРЫН ҮНЭ
2020-07-13 13:59:46,750:INFO:10000
2020-07-13 14:00:57,290:INFO:------------------------------------------------------------------------------------------------
2020-07-13 14:00:57,398:INFO:------------------------------------------------------------------------------------------------
2020-07-13 14:00:57,763:INFO:------------------------------------------------------------------------------------------------
2020-07-13 14:00:57,959:INFO:------------------------------------------------------------------------------------------------
2020-07-13 14:00:57,963:INFO:------------------------------------------------------------------------------------------------
2020-07-13 14:00:58,191:INFO:------------------------------------------------------------------------------------------------
2020-07-13 14:00:58,598:INFO:------------------------------------------------------------------------------------------------
2020-07-13 14:00:58,700:INFO:------------------------------------------------------------------------------------------------
2020-07-13 14:01:45,145:INFO:------------------------------------------------------------------------------------------------
2020-07-13 14:01:46,236:INFO:ДУГААРАА СОНГОЖ БУЙ ХЭСЭГ
2020-07-13 14:01:46,236:INFO:2
2020-07-13 14:04:14,900:INFO:ДУГААРЫН ҮНЭ
2020-07-13 14:04:14,903:INFO:5000
2020-07-13 14:21:57,916:INFO:ДУГААРЫН ҮНЭ
2020-07-13 14:21:57,920:INFO:5000
2020-07-13 14:22:03,027:INFO:ДУГААРЫН ҮНЭ
2020-07-13 14:22:03,029:INFO:5000
2020-07-13 14:22:03,047:INFO:ДУГААРЫН ҮНЭ
2020-07-13 14:22:03,049:INFO:5000
2020-07-13 14:22:06,579:INFO:------------------------------------------------------------------------------------------------
2020-07-13 14:25:21,990:INFO:------------------------------------------------------------------------------------------------
2020-07-13 14:31:54,671:ERROR:Invalid HTTP_HOST header: 'pv.sohu.com'. You may need to add u'pv.sohu.com' to ALLOWED_HOSTS.
2020-07-13 14:35:36,799:INFO:------------------------------------------------------------------------------------------------
2020-07-13 14:44:02,820:INFO:------------------------------------------------------------------------------------------------
2020-07-13 14:44:04,489:INFO:ДУГААРАА СОНГОЖ БУЙ ХЭСЭГ
2020-07-13 14:44:04,489:INFO:2
2020-07-13 14:44:05,268:WARNING:Not Found: /favicon.ico
2020-07-13 14:49:23,369:INFO:------------------------------------------------------------------------------------------------
2020-07-13 14:49:24,366:INFO:ДУГААРАА СОНГОЖ БУЙ ХЭСЭГ
2020-07-13 14:49:24,366:INFO:2
2020-07-13 14:49:37,675:INFO:ДУГААРЫН ҮНЭ
2020-07-13 14:49:37,678:INFO:5000
2020-07-13 14:57:25,007:INFO:------------------------------------------------------------------------------------------------
2020-07-13 15:00:57,429:INFO:------------------------------------------------------------------------------------------------
2020-07-13 15:00:57,584:INFO:------------------------------------------------------------------------------------------------
2020-07-13 15:00:57,945:INFO:------------------------------------------------------------------------------------------------
2020-07-13 15:00:58,187:INFO:------------------------------------------------------------------------------------------------
2020-07-13 15:00:58,195:INFO:------------------------------------------------------------------------------------------------
2020-07-13 15:00:58,377:INFO:------------------------------------------------------------------------------------------------
2020-07-13 15:00:58,896:INFO:------------------------------------------------------------------------------------------------
2020-07-13 15:00:58,932:INFO:------------------------------------------------------------------------------------------------
2020-07-13 15:14:41,452:INFO:ДУГААРЫН ҮНЭ
2020-07-13 15:14:41,456:INFO:5000
2020-07-13 15:17:30,575:INFO:------------------------------------------------------------------------------------------------
2020-07-13 15:17:31,328:INFO:ДУГААРАА СОНГОЖ БУЙ ХЭСЭГ
2020-07-13 15:17:31,328:INFO:7
2020-07-13 15:18:30,213:INFO:ДУГААРАА СОНГОЖ БУЙ ХЭСЭГ
2020-07-13 15:18:30,214:INFO:7
2020-07-13 15:18:31,796:INFO:------------------------------------------------------------------------------------------------
2020-07-13 15:18:33,461:INFO:ДУГААРАА СОНГОЖ БУЙ ХЭСЭГ
2020-07-13 15:18:33,461:INFO:7
2020-07-13 15:19:10,634:INFO:ДУГААРЫН ҮНЭ
2020-07-13 15:19:10,636:INFO:10000
2020-07-13 15:20:00,491:INFO:------------------------------------------------------------------------------------------------
2020-07-13 15:20:01,524:INFO:ДУГААРАА СОНГОЖ БУЙ ХЭСЭГ
2020-07-13 15:20:01,524:INFO:7
2020-07-13 15:20:10,476:INFO:------------------------------------------------------------------------------------------------
2020-07-13 15:20:11,420:INFO:ДУГААРАА СОНГОЖ БУЙ ХЭСЭГ
2020-07-13 15:20:11,420:INFO:2
2020-07-13 15:21:50,779:INFO:ДУГААРЫН ҮНЭ
2020-07-13 15:21:50,781:INFO:5000
2020-07-13 15:25:22,053:INFO:------------------------------------------------------------------------------------------------
2020-07-13 15:28:21,075:INFO:------------------------------------------------------------------------------------------------
2020-07-13 15:28:23,142:INFO:ДУГААРАА СОНГОЖ БУЙ ХЭСЭГ
2020-07-13 15:28:23,142:INFO:2
2020-07-13 15:35:37,127:INFO:------------------------------------------------------------------------------------------------
2020-07-13 15:40:17,252:INFO:------------------------------------------------------------------------------------------------
2020-07-13 15:40:17,950:INFO:ДУГААРАА СОНГОЖ БУЙ ХЭСЭГ
2020-07-13 15:40:17,951:INFO:7
2020-07-13 15:43:32,377:INFO:ДУГААРЫН ҮНЭ
2020-07-13 15:43:32,381:INFO:10000
2020-07-13 15:43:47,750:INFO:ДУГААРЫН ZAHIALGA
2020-07-13 15:44:30,880:INFO:------------------------------------------------------------------------------------------------
2020-07-13 15:57:47,002:INFO:------------------------------------------------------------------------------------------------
2020-07-13 16:25:22,099:INFO:------------------------------------------------------------------------------------------------
2020-07-13 16:32:15,875:INFO:ДУГААРАА СОНГОЖ БУЙ ХЭСЭГ
2020-07-13 16:32:15,875:INFO:2
2020-07-13 16:32:16,108:WARNING:Not Found: /favicon.ico
2020-07-13 16:32:32,293:INFO:ДУГААРЫН ҮНЭ
2020-07-13 16:32:32,296:INFO:5000
2020-07-13 16:32:37,983:INFO:ДУГААРЫН ҮНЭ
2020-07-13 16:32:37,986:INFO:5000
2020-07-13 16:32:40,558:INFO:ДУГААРЫН ҮНЭ
2020-07-13 16:32:40,561:INFO:5000
2020-07-13 16:32:47,599:INFO:ДУГААРЫН ҮНЭ
2020-07-13 16:32:47,601:INFO:5000
2020-07-13 16:32:53,413:INFO:ДУГААРЫН ҮНЭ
2020-07-13 16:32:53,415:INFO:5000
2020-07-13 16:33:43,871:INFO:ДУГААРАА СОНГОЖ БУЙ ХЭСЭГ
2020-07-13 16:33:43,871:INFO:7
2020-07-13 17:06:21,295:INFO:ДУГААРАА СОНГОЖ БУЙ ХЭСЭГ
2020-07-13 17:06:21,296:INFO:2
2020-07-13 17:25:22,192:INFO:------------------------------------------------------------------------------------------------
2020-07-13 17:52:36,649:INFO:ДУГААРАА СОНГОЖ БУЙ ХЭСЭГ
2020-07-13 17:52:36,649:INFO:2
2020-07-13 17:52:48,544:INFO:ДУГААРАА СОНГОЖ БУЙ ХЭСЭГ
2020-07-13 17:52:48,545:INFO:2
2020-07-13 17:52:56,544:INFO:------------------------------------------------------------------------------------------------
2020-07-13 17:52:57,525:INFO:ДУГААРАА СОНГОЖ БУЙ ХЭСЭГ
2020-07-13 17:52:57,525:INFO:7
2020-07-13 17:53:17,286:INFO:ДУГААРЫН ҮНЭ
2020-07-13 17:53:17,291:INFO:10000
2020-07-13 17:53:26,434:INFO:ДУГААРАА СОНГОЖ БУЙ ХЭСЭГ
2020-07-13 17:53:26,434:INFO:7
2020-07-13 17:53:29,524:INFO:ДУГААРАА СОНГОЖ БУЙ ХЭСЭГ
2020-07-13 17:53:29,524:INFO:7
2020-07-13 17:53:31,880:INFO:ДУГААРАА СОНГОЖ БУЙ ХЭСЭГ
2020-07-13 17:53:31,880:INFO:7
2020-07-13 17:53:32,798:INFO:ДУГААРАА СОНГОЖ БУЙ ХЭСЭГ
2020-07-13 17:53:32,798:INFO:7
2020-07-13 17:53:33,157:INFO:ДУГААРАА СОНГОЖ БУЙ ХЭСЭГ
2020-07-13 17:53:33,157:INFO:7
2020-07-13 17:53:51,983:INFO:ДУГААРАА СОНГОЖ БУЙ ХЭСЭГ
2020-07-13 17:53:51,983:INFO:7
2020-07-13 17:53:53,620:INFO:ДУГААРАА СОНГОЖ БУЙ ХЭСЭГ
2020-07-13 17:53:53,620:INFO:7
2020-07-13 17:53:54,362:INFO:ДУГААРАА СОНГОЖ БУЙ ХЭСЭГ
2020-07-13 17:53:54,363:INFO:7
2020-07-13 17:56:54,919:INFO:------------------------------------------------------------------------------------------------
2020-07-13 18:25:22,244:INFO:------------------------------------------------------------------------------------------------
2020-07-13 18:41:06,128:WARNING:Not Found: /
2020-07-13 18:56:55,065:INFO:------------------------------------------------------------------------------------------------
2020-07-13 19:25:22,296:INFO:------------------------------------------------------------------------------------------------
2020-07-13 19:56:55,202:INFO:------------------------------------------------------------------------------------------------
2020-07-13 19:57:01,935:WARNING:Not Found: /
2020-07-13 19:57:02,159:WARNING:Not Found: /
2020-07-13 19:57:02,434:WARNING:Not Found: /
2020-07-13 20:25:22,368:INFO:------------------------------------------------------------------------------------------------
2020-07-13 20:54:33,862:INFO:------------------------------------------------------------------------------------------------
2020-07-13 21:25:22,431:INFO:------------------------------------------------------------------------------------------------
2020-07-13 22:25:22,482:INFO:------------------------------------------------------------------------------------------------
2020-07-13 23:25:22,546:INFO:------------------------------------------------------------------------------------------------
2020-07-14 00:25:22,610:INFO:------------------------------------------------------------------------------------------------
2020-07-14 01:25:22,679:INFO:------------------------------------------------------------------------------------------------
2020-07-14 02:25:22,737:INFO:------------------------------------------------------------------------------------------------
2020-07-14 03:25:22,784:INFO:------------------------------------------------------------------------------------------------
2020-07-14 04:25:22,841:INFO:------------------------------------------------------------------------------------------------
2020-07-14 05:25:22,911:INFO:------------------------------------------------------------------------------------------------
