2020-07-18 06:49:05,026:INFO:------------------------------------------------------------------------------------------------
2020-07-18 06:49:17,902:WARNING:Not Found: /robots.txt
2020-07-18 06:52:16,816:INFO:------------------------------------------------------------------------------------------------
2020-07-18 06:53:06,341:INFO:------------------------------------------------------------------------------------------------
2020-07-18 07:49:10,884:INFO:------------------------------------------------------------------------------------------------
2020-07-18 07:52:21,673:INFO:------------------------------------------------------------------------------------------------
2020-07-18 07:53:10,943:INFO:------------------------------------------------------------------------------------------------
2020-07-18 08:49:19,494:INFO:------------------------------------------------------------------------------------------------
2020-07-18 08:52:26,531:INFO:------------------------------------------------------------------------------------------------
2020-07-18 08:53:15,790:INFO:------------------------------------------------------------------------------------------------
2020-07-18 09:00:15,048:INFO:------------------------------------------------------------------------------------------------
2020-07-18 09:00:15,049:INFO:------------------------------------------------------------------------------------------------
2020-07-18 09:00:27,386:INFO:------------------------------------------------------------------------------------------------
2020-07-18 09:00:37,247:INFO:ДУГААРАА СОНГОЖ БУЙ ХЭСЭГ
2020-07-18 09:00:37,247:INFO:2
2020-07-18 09:00:55,673:INFO:------------------------------------------------------------------------------------------------
2020-07-18 09:38:20,813:INFO:ДУГААРАА СОНГОЖ БУЙ ХЭСЭГ
2020-07-18 09:38:20,813:INFO:7
2020-07-18 09:49:26,929:INFO:------------------------------------------------------------------------------------------------
2020-07-18 09:52:31,405:INFO:------------------------------------------------------------------------------------------------
2020-07-18 09:53:20,560:INFO:------------------------------------------------------------------------------------------------
2020-07-18 09:57:03,058:INFO:------------------------------------------------------------------------------------------------
2020-07-18 09:59:04,886:INFO:------------------------------------------------------------------------------------------------
2020-07-18 09:59:16,801:INFO:------------------------------------------------------------------------------------------------
2020-07-18 10:02:16,902:INFO:------------------------------------------------------------------------------------------------
2020-07-18 10:02:17,788:WARNING:Not Found: /favicon.ico
2020-07-18 10:03:47,579:INFO:ДУГААРАА СОНГОЖ БУЙ ХЭСЭГ
2020-07-18 10:03:47,579:INFO:2
2020-07-18 10:03:48,159:WARNING:Not Found: /favicon.ico
2020-07-18 10:05:23,741:INFO:------------------------------------------------------------------------------------------------
2020-07-18 10:07:46,966:INFO:------------------------------------------------------------------------------------------------
2020-07-18 10:10:34,983:INFO:ДУГААРАА СОНГОЖ БУЙ ХЭСЭГ
2020-07-18 10:10:34,984:INFO:7
2020-07-18 10:10:35,434:WARNING:Not Found: /favicon.ico
2020-07-18 10:10:37,544:INFO:------------------------------------------------------------------------------------------------
2020-07-18 10:15:15,343:INFO:ДУГААРАА СОНГОЖ БУЙ ХЭСЭГ
2020-07-18 10:15:15,343:INFO:2
2020-07-18 10:16:03,963:ERROR:Internal Server Error: /getnumber
Traceback (most recent call last):
  File "/usr/local/lib/python2.7/dist-packages/django/core/handlers/exception.py", line 41, in inner
    response = get_response(request)
  File "/usr/local/lib/python2.7/dist-packages/django/core/handlers/base.py", line 187, in _get_response
    response = self.process_exception_by_middleware(e, request)
  File "/usr/local/lib/python2.7/dist-packages/django/core/handlers/base.py", line 185, in _get_response
    response = wrapped_callback(request, *callback_args, **callback_kwargs)
  File "/usr/local/lib/python2.7/dist-packages/django/views/decorators/csrf.py", line 58, in wrapped_view
    return view_func(*args, **kwargs)
  File "/usr/local/lib/python2.7/dist-packages/django/views/generic/base.py", line 68, in view
    return self.dispatch(request, *args, **kwargs)
  File "/usr/local/lib/python2.7/dist-packages/rest_framework/views.py", line 495, in dispatch
    response = self.handle_exception(exc)
  File "/usr/local/lib/python2.7/dist-packages/rest_framework/views.py", line 455, in handle_exception
    self.raise_uncaught_exception(exc)
  File "/usr/local/lib/python2.7/dist-packages/rest_framework/views.py", line 492, in dispatch
    response = handler(request, *args, **kwargs)
  File "/usr/local/lib/python2.7/dist-packages/rest_framework/decorators.py", line 55, in handler
    return func(*args, **kwargs)
  File "/home/user/nFilterNew/controller/views.py", line 206, in getNumber
    if data[1] == az:
IndexError: list index out of range
2020-07-18 10:17:05,165:INFO:------------------------------------------------------------------------------------------------
2020-07-18 10:29:02,519:INFO:------------------------------------------------------------------------------------------------
2020-07-18 10:29:05,257:INFO:ДУГААРАА СОНГОЖ БУЙ ХЭСЭГ
2020-07-18 10:29:05,257:INFO:2
2020-07-18 10:29:05,546:WARNING:Not Found: /favicon.ico
2020-07-18 10:29:07,880:INFO:------------------------------------------------------------------------------------------------
2020-07-18 10:29:08,848:INFO:ДУГААРАА СОНГОЖ БУЙ ХЭСЭГ
2020-07-18 10:29:08,848:INFO:2
2020-07-18 10:36:46,776:INFO:------------------------------------------------------------------------------------------------
2020-07-18 10:36:47,742:INFO:ДУГААРАА СОНГОЖ БУЙ ХЭСЭГ
2020-07-18 10:36:47,742:INFO:2
2020-07-18 10:36:48,019:WARNING:Not Found: /favicon.ico
2020-07-18 10:36:48,064:WARNING:Not Found: /favicon.ico
2020-07-18 10:38:36,850:WARNING:Not Found: /favicon.ico
2020-07-18 10:38:52,614:INFO:ДУГААРАА СОНГОЖ БУЙ ХЭСЭГ
2020-07-18 10:38:52,614:INFO:7
2020-07-18 10:38:59,796:INFO:------------------------------------------------------------------------------------------------
2020-07-18 10:39:13,961:INFO:------------------------------------------------------------------------------------------------
2020-07-18 10:39:14,069:INFO:------------------------------------------------------------------------------------------------
2020-07-18 10:39:15,528:INFO:ДУГААРАА СОНГОЖ БУЙ ХЭСЭГ
2020-07-18 10:39:15,529:INFO:7
2020-07-18 10:44:02,368:INFO:------------------------------------------------------------------------------------------------
2020-07-18 10:48:53,558:INFO:ДУГААРАА СОНГОЖ БУЙ ХЭСЭГ
2020-07-18 10:48:53,558:INFO:2
2020-07-18 10:49:00,007:WARNING:Not Found: /favicon.ico
2020-07-18 10:50:12,585:INFO:------------------------------------------------------------------------------------------------
2020-07-18 10:51:03,599:INFO:ДУГААРАА СОНГОЖ БУЙ ХЭСЭГ
2020-07-18 10:51:03,599:INFO:2
2020-07-18 10:51:04,272:WARNING:Not Found: /favicon.ico
2020-07-18 10:51:05,430:INFO:------------------------------------------------------------------------------------------------
2020-07-18 10:51:06,555:INFO:ДУГААРАА СОНГОЖ БУЙ ХЭСЭГ
2020-07-18 10:51:06,555:INFO:7
2020-07-18 10:51:11,221:INFO:ДУГААРАА СОНГОЖ БУЙ ХЭСЭГ
2020-07-18 10:51:11,221:INFO:7
2020-07-18 10:51:12,414:INFO:ДУГААРАА СОНГОЖ БУЙ ХЭСЭГ
2020-07-18 10:51:12,414:INFO:7
2020-07-18 10:52:23,929:INFO:------------------------------------------------------------------------------------------------
2020-07-18 10:52:25,414:INFO:ДУГААРАА СОНГОЖ БУЙ ХЭСЭГ
2020-07-18 10:52:25,414:INFO:2
2020-07-18 10:52:36,243:INFO:------------------------------------------------------------------------------------------------
2020-07-18 10:53:25,494:INFO:------------------------------------------------------------------------------------------------
2020-07-18 10:57:09,092:INFO:------------------------------------------------------------------------------------------------
2020-07-18 10:58:16,247:INFO:ДУГААРАА СОНГОЖ БУЙ ХЭСЭГ
2020-07-18 10:58:16,247:INFO:2
2020-07-18 10:58:46,808:INFO:------------------------------------------------------------------------------------------------
2020-07-18 11:00:06,954:INFO:------------------------------------------------------------------------------------------------
2020-07-18 11:00:11,202:INFO:ДУГААРАА СОНГОЖ БУЙ ХЭСЭГ
2020-07-18 11:00:11,202:INFO:2
2020-07-18 11:02:22,380:INFO:------------------------------------------------------------------------------------------------
2020-07-18 11:02:30,548:INFO:------------------------------------------------------------------------------------------------
2020-07-18 11:07:47,457:INFO:------------------------------------------------------------------------------------------------
2020-07-18 11:08:44,490:INFO:------------------------------------------------------------------------------------------------
2020-07-18 11:10:37,732:INFO:------------------------------------------------------------------------------------------------
2020-07-18 11:11:01,415:INFO:------------------------------------------------------------------------------------------------
2020-07-18 11:11:09,525:INFO:ДУГААРАА СОНГОЖ БУЙ ХЭСЭГ
2020-07-18 11:11:09,526:INFO:7
2020-07-18 11:11:14,764:WARNING:Not Found: /favicon.ico
2020-07-18 11:11:16,525:INFO:------------------------------------------------------------------------------------------------
2020-07-18 11:14:40,909:INFO:------------------------------------------------------------------------------------------------
2020-07-18 11:17:05,586:INFO:------------------------------------------------------------------------------------------------
2020-07-18 11:25:41,040:INFO:------------------------------------------------------------------------------------------------
2020-07-18 11:25:42,118:INFO:ДУГААРАА СОНГОЖ БУЙ ХЭСЭГ
2020-07-18 11:25:42,118:INFO:2
2020-07-18 11:25:42,391:WARNING:Not Found: /favicon.ico
2020-07-18 11:26:49,579:INFO:ДУГААРЫН ҮНЭ
2020-07-18 11:26:49,583:INFO:5000
2020-07-18 11:29:24,539:INFO:ДУГААРАА СОНГОЖ БУЙ ХЭСЭГ
2020-07-18 11:29:24,539:INFO:7
2020-07-18 11:29:29,320:WARNING:Not Found: /favicon.ico
2020-07-18 11:30:45,832:INFO:------------------------------------------------------------------------------------------------
2020-07-18 11:36:24,933:INFO:ДУГААРАА СОНГОЖ БУЙ ХЭСЭГ
2020-07-18 11:36:24,933:INFO:7
2020-07-18 11:36:25,733:WARNING:Not Found: /favicon.ico
2020-07-18 11:36:25,740:WARNING:Not Found: /favicon.ico
2020-07-18 11:36:37,841:ERROR:Internal Server Error: /getnumber
Traceback (most recent call last):
  File "/usr/local/lib/python2.7/dist-packages/django/core/handlers/exception.py", line 41, in inner
    response = get_response(request)
  File "/usr/local/lib/python2.7/dist-packages/django/core/handlers/base.py", line 187, in _get_response
    response = self.process_exception_by_middleware(e, request)
  File "/usr/local/lib/python2.7/dist-packages/django/core/handlers/base.py", line 185, in _get_response
    response = wrapped_callback(request, *callback_args, **callback_kwargs)
  File "/usr/local/lib/python2.7/dist-packages/django/views/decorators/csrf.py", line 58, in wrapped_view
    return view_func(*args, **kwargs)
  File "/usr/local/lib/python2.7/dist-packages/django/views/generic/base.py", line 68, in view
    return self.dispatch(request, *args, **kwargs)
  File "/usr/local/lib/python2.7/dist-packages/rest_framework/views.py", line 495, in dispatch
    response = self.handle_exception(exc)
  File "/usr/local/lib/python2.7/dist-packages/rest_framework/views.py", line 455, in handle_exception
    self.raise_uncaught_exception(exc)
  File "/usr/local/lib/python2.7/dist-packages/rest_framework/views.py", line 492, in dispatch
    response = handler(request, *args, **kwargs)
  File "/usr/local/lib/python2.7/dist-packages/rest_framework/decorators.py", line 55, in handler
    return func(*args, **kwargs)
  File "/home/user/nFilterNew/controller/views.py", line 206, in getNumber
    if data[1] == az:
IndexError: list index out of range
2020-07-18 11:37:48,284:INFO:ДУГААРЫН ҮНЭ
2020-07-18 11:37:48,287:INFO:5000
2020-07-18 11:38:59,951:INFO:------------------------------------------------------------------------------------------------
2020-07-18 11:44:22,702:INFO:------------------------------------------------------------------------------------------------
2020-07-18 11:50:17,927:INFO:------------------------------------------------------------------------------------------------
2020-07-18 11:52:41,112:INFO:------------------------------------------------------------------------------------------------
2020-07-18 11:53:30,390:INFO:------------------------------------------------------------------------------------------------
2020-07-18 11:55:17,451:INFO:ДУГААРАА СОНГОЖ БУЙ ХЭСЭГ
2020-07-18 11:55:17,451:INFO:2
2020-07-18 11:57:13,704:INFO:------------------------------------------------------------------------------------------------
2020-07-18 11:58:46,929:INFO:------------------------------------------------------------------------------------------------
2020-07-18 12:00:10,256:INFO:------------------------------------------------------------------------------------------------
2020-07-18 12:01:13,884:INFO:------------------------------------------------------------------------------------------------
2020-07-18 12:01:15,557:INFO:ДУГААРАА СОНГОЖ БУЙ ХЭСЭГ
2020-07-18 12:01:15,558:INFO:2
2020-07-18 12:01:15,733:WARNING:Not Found: /favicon.ico
2020-07-18 12:02:18,806:INFO:ДУГААРАА СОНГОЖ БУЙ ХЭСЭГ
2020-07-18 12:02:18,806:INFO:7
2020-07-18 12:02:22,997:INFO:------------------------------------------------------------------------------------------------
2020-07-18 12:02:29,456:INFO:ДУГААРАА СОНГОЖ БУЙ ХЭСЭГ
2020-07-18 12:02:29,456:INFO:7
2020-07-18 12:02:31,089:INFO:------------------------------------------------------------------------------------------------
2020-07-18 12:03:54,552:INFO:------------------------------------------------------------------------------------------------
2020-07-18 12:03:55,547:INFO:ДУГААРАА СОНГОЖ БУЙ ХЭСЭГ
2020-07-18 12:03:55,548:INFO:7
2020-07-18 12:04:37,686:INFO:ДУГААРАА СОНГОЖ БУЙ ХЭСЭГ
2020-07-18 12:04:37,686:INFO:7
2020-07-18 12:04:39,099:INFO:------------------------------------------------------------------------------------------------
2020-07-18 12:04:40,011:INFO:ДУГААРАА СОНГОЖ БУЙ ХЭСЭГ
2020-07-18 12:04:40,011:INFO:7
2020-07-18 12:05:02,200:INFO:ДУГААРЫН ҮНЭ
2020-07-18 12:05:02,203:INFO:10000
2020-07-18 12:06:28,824:INFO:ДУГААРАА СОНГОЖ БУЙ ХЭСЭГ
2020-07-18 12:06:28,825:INFO:2
2020-07-18 12:06:29,028:WARNING:Not Found: /favicon.ico
2020-07-18 12:07:47,598:INFO:------------------------------------------------------------------------------------------------
2020-07-18 12:08:49,844:INFO:ДУГААРАА СОНГОЖ БУЙ ХЭСЭГ
2020-07-18 12:08:49,844:INFO:7
2020-07-18 12:09:12,294:INFO:ДУГААРАА СОНГОЖ БУЙ ХЭСЭГ
2020-07-18 12:09:12,294:INFO:7
2020-07-18 12:09:24,072:INFO:ДУГААРАА СОНГОЖ БУЙ ХЭСЭГ
2020-07-18 12:09:24,072:INFO:7
2020-07-18 12:09:33,316:INFO:ДУГААРАА СОНГОЖ БУЙ ХЭСЭГ
2020-07-18 12:09:33,316:INFO:7
2020-07-18 12:09:41,724:INFO:ДУГААРАА СОНГОЖ БУЙ ХЭСЭГ
2020-07-18 12:09:41,724:INFO:7
2020-07-18 12:09:48,320:INFO:ДУГААРЫН ҮНЭ
2020-07-18 12:09:48,323:INFO:10000
2020-07-18 12:10:06,204:INFO:ДУГААРЫН ҮНЭ
2020-07-18 12:10:06,207:INFO:10000
2020-07-18 12:10:37,839:INFO:------------------------------------------------------------------------------------------------
2020-07-18 12:11:06,566:INFO:------------------------------------------------------------------------------------------------
2020-07-18 12:11:16,967:INFO:------------------------------------------------------------------------------------------------
2020-07-18 12:13:08,020:INFO:ДУГААРАА СОНГОЖ БУЙ ХЭСЭГ
2020-07-18 12:13:08,020:INFO:7
2020-07-18 12:13:43,760:INFO:ДУГААРЫН ҮНЭ
2020-07-18 12:13:43,763:INFO:10000
2020-07-18 12:13:53,874:INFO:ДУГААРАА СОНГОЖ БУЙ ХЭСЭГ
2020-07-18 12:13:53,875:INFO:7
2020-07-18 12:14:01,072:INFO:ДУГААРЫН ҮНЭ
2020-07-18 12:14:01,074:INFO:10000
2020-07-18 12:14:07,051:INFO:ДУГААРАА СОНГОЖ БУЙ ХЭСЭГ
2020-07-18 12:14:07,051:INFO:7
2020-07-18 12:14:21,439:INFO:------------------------------------------------------------------------------------------------
2020-07-18 12:14:23,281:INFO:ДУГААРАА СОНГОЖ БУЙ ХЭСЭГ
2020-07-18 12:14:23,282:INFO:2
2020-07-18 12:14:33,609:INFO:ДУГААРАА СОНГОЖ БУЙ ХЭСЭГ
2020-07-18 12:14:33,609:INFO:2
2020-07-18 12:14:35,785:INFO:ДУГААРАА СОНГОЖ БУЙ ХЭСЭГ
2020-07-18 12:14:35,785:INFO:7
2020-07-18 12:14:41,431:INFO:------------------------------------------------------------------------------------------------
2020-07-18 12:14:50,049:INFO:ДУГААРАА СОНГОЖ БУЙ ХЭСЭГ
2020-07-18 12:14:50,049:INFO:7
2020-07-18 12:16:22,267:INFO:------------------------------------------------------------------------------------------------
2020-07-18 12:17:41,654:INFO:ДУГААРАА СОНГОЖ БУЙ ХЭСЭГ
2020-07-18 12:17:41,654:INFO:7
2020-07-18 12:17:55,361:INFO:ДУГААРАА СОНГОЖ БУЙ ХЭСЭГ
2020-07-18 12:17:55,362:INFO:7
2020-07-18 12:18:33,306:INFO:ДУГААРАА СОНГОЖ БУЙ ХЭСЭГ
2020-07-18 12:18:33,307:INFO:7
2020-07-18 12:18:40,435:INFO:ДУГААРАА СОНГОЖ БУЙ ХЭСЭГ
2020-07-18 12:18:40,435:INFO:7
2020-07-18 12:19:29,623:INFO:ДУГААРАА СОНГОЖ БУЙ ХЭСЭГ
2020-07-18 12:19:29,623:INFO:7
2020-07-18 12:19:43,634:INFO:ДУГААРАА СОНГОЖ БУЙ ХЭСЭГ
2020-07-18 12:19:43,635:INFO:7
2020-07-18 12:19:45,026:INFO:ДУГААРАА СОНГОЖ БУЙ ХЭСЭГ
2020-07-18 12:19:45,026:INFO:7
2020-07-18 12:20:14,575:INFO:ДУГААРАА СОНГОЖ БУЙ ХЭСЭГ
2020-07-18 12:20:14,575:INFO:7
2020-07-18 12:20:16,468:INFO:ДУГААРАА СОНГОЖ БУЙ ХЭСЭГ
2020-07-18 12:20:16,468:INFO:7
2020-07-18 12:20:16,655:INFO:------------------------------------------------------------------------------------------------
2020-07-18 12:20:27,216:INFO:ДУГААРАА СОНГОЖ БУЙ ХЭСЭГ
2020-07-18 12:20:27,216:INFO:2
2020-07-18 12:21:28,309:INFO:ДУГААРЫН ҮНЭ
2020-07-18 12:21:28,311:INFO:5000
2020-07-18 12:22:01,719:INFO:ДУГААРЫН ZAHIALGA
2020-07-18 12:22:13,941:INFO:------------------------------------------------------------------------------------------------
2020-07-18 12:24:13,934:INFO:------------------------------------------------------------------------------------------------
2020-07-18 12:24:16,987:INFO:------------------------------------------------------------------------------------------------
2020-07-18 12:24:17,978:INFO:ДУГААРАА СОНГОЖ БУЙ ХЭСЭГ
2020-07-18 12:24:17,978:INFO:7
2020-07-18 12:25:53,258:INFO:ДУГААРЫН ҮНЭ
2020-07-18 12:25:53,260:INFO:10000
2020-07-18 12:28:26,185:INFO:ДУГААРАА СОНГОЖ БУЙ ХЭСЭГ
2020-07-18 12:28:26,186:INFO:7
2020-07-18 12:29:55,998:INFO:------------------------------------------------------------------------------------------------
2020-07-18 12:29:57,455:INFO:ДУГААРАА СОНГОЖ БУЙ ХЭСЭГ
2020-07-18 12:29:57,456:INFO:2
2020-07-18 12:30:46,134:INFO:------------------------------------------------------------------------------------------------
2020-07-18 12:35:28,381:INFO:------------------------------------------------------------------------------------------------
2020-07-18 12:35:34,595:INFO:ДУГААРАА СОНГОЖ БУЙ ХЭСЭГ
2020-07-18 12:35:34,595:INFO:2
2020-07-18 12:35:34,983:WARNING:Not Found: /favicon.ico
2020-07-18 12:37:08,393:INFO:ДУГААРАА СОНГОЖ БУЙ ХЭСЭГ
2020-07-18 12:37:08,393:INFO:7
2020-07-18 12:39:00,100:INFO:------------------------------------------------------------------------------------------------
2020-07-18 12:40:37,217:INFO:------------------------------------------------------------------------------------------------
2020-07-18 12:40:38,464:INFO:ДУГААРАА СОНГОЖ БУЙ ХЭСЭГ
2020-07-18 12:40:38,464:INFO:2
2020-07-18 12:40:38,588:WARNING:Not Found: /favicon.ico
2020-07-18 12:40:52,118:INFO:------------------------------------------------------------------------------------------------
2020-07-18 12:40:52,810:INFO:ДУГААРАА СОНГОЖ БУЙ ХЭСЭГ
2020-07-18 12:40:52,810:INFO:2
2020-07-18 12:41:17,753:INFO:ДУГААРЫН ҮНЭ
2020-07-18 12:41:17,756:INFO:5000
2020-07-18 12:43:43,733:INFO:ДУГААРАА СОНГОЖ БУЙ ХЭСЭГ
2020-07-18 12:43:43,734:INFO:2
2020-07-18 12:43:54,986:INFO:ДУГААРЫН ҮНЭ
2020-07-18 12:43:54,989:INFO:5000
2020-07-18 12:44:01,540:INFO:ДУГААРАА СОНГОЖ БУЙ ХЭСЭГ
2020-07-18 12:44:01,540:INFO:2
2020-07-18 12:44:04,515:INFO:------------------------------------------------------------------------------------------------
2020-07-18 12:44:05,876:INFO:ДУГААРАА СОНГОЖ БУЙ ХЭСЭГ
2020-07-18 12:44:05,876:INFO:2
2020-07-18 12:44:18,798:INFO:------------------------------------------------------------------------------------------------
2020-07-18 12:44:19,395:INFO:ДУГААРАА СОНГОЖ БУЙ ХЭСЭГ
2020-07-18 12:44:19,396:INFO:7
2020-07-18 12:44:22,809:INFO:------------------------------------------------------------------------------------------------
2020-07-18 12:44:26,914:INFO:ДУГААРЫН ҮНЭ
2020-07-18 12:44:26,916:INFO:10000
2020-07-18 12:44:37,278:INFO:ДУГААРЫН ZAHIALGA
2020-07-18 12:46:37,355:INFO:------------------------------------------------------------------------------------------------
2020-07-18 12:48:05,348:INFO:ДУГААРАА СОНГОЖ БУЙ ХЭСЭГ
2020-07-18 12:48:05,348:INFO:2
2020-07-18 12:48:05,764:WARNING:Not Found: /favicon.ico
2020-07-18 12:49:23,328:INFO:ДУГААРАА СОНГОЖ БУЙ ХЭСЭГ
2020-07-18 12:49:23,329:INFO:7
2020-07-18 12:49:52,160:INFO:ДУГААРАА СОНГОЖ БУЙ ХЭСЭГ
2020-07-18 12:49:52,160:INFO:7
2020-07-18 12:50:22,800:INFO:------------------------------------------------------------------------------------------------
2020-07-18 12:52:15,428:INFO:ДУГААРАА СОНГОЖ БУЙ ХЭСЭГ
2020-07-18 12:52:15,428:INFO:7
2020-07-18 12:52:19,204:INFO:------------------------------------------------------------------------------------------------
2020-07-18 12:52:21,922:INFO:ДУГААРАА СОНГОЖ БУЙ ХЭСЭГ
2020-07-18 12:52:21,922:INFO:7
2020-07-18 12:52:45,969:INFO:------------------------------------------------------------------------------------------------
2020-07-18 12:52:54,371:INFO:ДУГААРАА СОНГОЖ БУЙ ХЭСЭГ
2020-07-18 12:52:54,371:INFO:7
2020-07-18 12:53:03,996:INFO:ДУГААРАА СОНГОЖ БУЙ ХЭСЭГ
2020-07-18 12:53:03,996:INFO:7
2020-07-18 12:53:13,707:INFO:ДУГААРАА СОНГОЖ БУЙ ХЭСЭГ
2020-07-18 12:53:13,708:INFO:7
2020-07-18 12:53:28,883:INFO:ДУГААРАА СОНГОЖ БУЙ ХЭСЭГ
2020-07-18 12:53:28,884:INFO:7
2020-07-18 12:53:29,250:INFO:ДУГААРАА СОНГОЖ БУЙ ХЭСЭГ
2020-07-18 12:53:29,250:INFO:7
2020-07-18 12:53:29,758:INFO:------------------------------------------------------------------------------------------------
2020-07-18 12:53:33,042:INFO:ДУГААРАА СОНГОЖ БУЙ ХЭСЭГ
2020-07-18 12:53:33,042:INFO:7
2020-07-18 12:53:35,180:INFO:------------------------------------------------------------------------------------------------
2020-07-18 12:53:52,760:INFO:ДУГААРЫН ҮНЭ
2020-07-18 12:53:52,763:INFO:10000
2020-07-18 12:53:59,033:INFO:ДУГААРАА СОНГОЖ БУЙ ХЭСЭГ
2020-07-18 12:53:59,034:INFO:7
2020-07-18 12:54:01,819:INFO:------------------------------------------------------------------------------------------------
2020-07-18 12:54:48,690:INFO:ДУГААРАА СОНГОЖ БУЙ ХЭСЭГ
2020-07-18 12:54:48,690:INFO:7
2020-07-18 12:55:44,886:INFO:------------------------------------------------------------------------------------------------
2020-07-18 12:55:45,785:INFO:ДУГААРАА СОНГОЖ БУЙ ХЭСЭГ
2020-07-18 12:55:45,785:INFO:7
2020-07-18 12:55:51,379:INFO:ДУГААРАА СОНГОЖ БУЙ ХЭСЭГ
2020-07-18 12:55:51,379:INFO:7
2020-07-18 12:55:52,920:INFO:ДУГААРАА СОНГОЖ БУЙ ХЭСЭГ
2020-07-18 12:55:52,921:INFO:7
2020-07-18 12:55:53,720:INFO:ДУГААРАА СОНГОЖ БУЙ ХЭСЭГ
2020-07-18 12:55:53,721:INFO:7
2020-07-18 12:55:54,416:INFO:ДУГААРАА СОНГОЖ БУЙ ХЭСЭГ
2020-07-18 12:55:54,417:INFO:7
2020-07-18 12:55:54,897:INFO:ДУГААРАА СОНГОЖ БУЙ ХЭСЭГ
2020-07-18 12:55:54,897:INFO:7
2020-07-18 12:55:55,589:INFO:------------------------------------------------------------------------------------------------
2020-07-18 12:55:56,305:INFO:ДУГААРАА СОНГОЖ БУЙ ХЭСЭГ
2020-07-18 12:55:56,305:INFO:2
2020-07-18 12:56:46,438:INFO:------------------------------------------------------------------------------------------------
2020-07-18 12:57:18,378:INFO:------------------------------------------------------------------------------------------------
2020-07-18 12:59:44,543:INFO:ДУГААРАА СОНГОЖ БУЙ ХЭСЭГ
2020-07-18 12:59:44,544:INFO:7
2020-07-18 12:59:58,023:INFO:ДУГААРАА СОНГОЖ БУЙ ХЭСЭГ
2020-07-18 12:59:58,023:INFO:7
2020-07-18 13:00:10,493:INFO:------------------------------------------------------------------------------------------------
2020-07-18 13:00:37,068:INFO:------------------------------------------------------------------------------------------------
2020-07-18 13:00:39,014:INFO:ДУГААРАА СОНГОЖ БУЙ ХЭСЭГ
2020-07-18 13:00:39,015:INFO:7
2020-07-18 13:02:09,796:INFO:ДУГААРЫН ҮНЭ
2020-07-18 13:02:09,798:INFO:10000
2020-07-18 13:02:24,082:INFO:------------------------------------------------------------------------------------------------
2020-07-18 13:02:26,397:INFO:ДУГААРАА СОНГОЖ БУЙ ХЭСЭГ
2020-07-18 13:02:26,397:INFO:7
2020-07-18 13:02:31,195:INFO:------------------------------------------------------------------------------------------------
2020-07-18 13:03:22,417:INFO:------------------------------------------------------------------------------------------------
2020-07-18 13:04:04,659:INFO:ДУГААРЫН ҮНЭ
2020-07-18 13:04:04,662:INFO:10000
2020-07-18 13:04:09,585:INFO:ДУГААРАА СОНГОЖ БУЙ ХЭСЭГ
2020-07-18 13:04:09,586:INFO:7
2020-07-18 13:04:58,633:INFO:ДУГААРЫН ҮНЭ
2020-07-18 13:04:58,636:INFO:10000
2020-07-18 13:05:01,692:INFO:ДУГААРАА СОНГОЖ БУЙ ХЭСЭГ
2020-07-18 13:05:01,692:INFO:7
2020-07-18 13:05:14,747:ERROR:Internal Server Error: /getnumber
Traceback (most recent call last):
  File "/usr/local/lib/python2.7/dist-packages/django/core/handlers/exception.py", line 41, in inner
    response = get_response(request)
  File "/usr/local/lib/python2.7/dist-packages/django/core/handlers/base.py", line 187, in _get_response
    response = self.process_exception_by_middleware(e, request)
  File "/usr/local/lib/python2.7/dist-packages/django/core/handlers/base.py", line 185, in _get_response
    response = wrapped_callback(request, *callback_args, **callback_kwargs)
  File "/usr/local/lib/python2.7/dist-packages/django/views/decorators/csrf.py", line 58, in wrapped_view
    return view_func(*args, **kwargs)
  File "/usr/local/lib/python2.7/dist-packages/django/views/generic/base.py", line 68, in view
    return self.dispatch(request, *args, **kwargs)
  File "/usr/local/lib/python2.7/dist-packages/rest_framework/views.py", line 495, in dispatch
    response = self.handle_exception(exc)
  File "/usr/local/lib/python2.7/dist-packages/rest_framework/views.py", line 455, in handle_exception
    self.raise_uncaught_exception(exc)
  File "/usr/local/lib/python2.7/dist-packages/rest_framework/views.py", line 492, in dispatch
    response = handler(request, *args, **kwargs)
  File "/usr/local/lib/python2.7/dist-packages/rest_framework/decorators.py", line 55, in handler
    return func(*args, **kwargs)
  File "/home/user/nFilterNew/controller/views.py", line 206, in getNumber
    if data[1] == az:
IndexError: list index out of range
2020-07-18 13:05:45,451:INFO:ДУГААРЫН ҮНЭ
2020-07-18 13:05:45,454:INFO:10000
2020-07-18 13:05:52,147:INFO:ДУГААРАА СОНГОЖ БУЙ ХЭСЭГ
2020-07-18 13:05:52,147:INFO:7
2020-07-18 13:06:48,058:INFO:ДУГААРЫН ҮНЭ
2020-07-18 13:06:48,060:INFO:10000
2020-07-18 13:06:51,728:INFO:ДУГААРАА СОНГОЖ БУЙ ХЭСЭГ
2020-07-18 13:06:51,728:INFO:7
2020-07-18 13:06:53,163:INFO:ДУГААРАА СОНГОЖ БУЙ ХЭСЭГ
2020-07-18 13:06:53,163:INFO:7
2020-07-18 13:07:16,301:INFO:ДУГААРАА СОНГОЖ БУЙ ХЭСЭГ
2020-07-18 13:07:16,301:INFO:7
2020-07-18 13:07:27,140:INFO:ДУГААРАА СОНГОЖ БУЙ ХЭСЭГ
2020-07-18 13:07:27,140:INFO:7
2020-07-18 13:07:47,770:INFO:------------------------------------------------------------------------------------------------
2020-07-18 13:09:33,980:INFO:ДУГААРЫН ҮНЭ
2020-07-18 13:09:33,982:INFO:10000
2020-07-18 13:09:55,284:INFO:ДУГААРАА СОНГОЖ БУЙ ХЭСЭГ
2020-07-18 13:09:55,284:INFO:7
2020-07-18 13:09:56,650:INFO:ДУГААРАА СОНГОЖ БУЙ ХЭСЭГ
2020-07-18 13:09:56,650:INFO:7
2020-07-18 13:10:04,938:INFO:ДУГААРАА СОНГОЖ БУЙ ХЭСЭГ
2020-07-18 13:10:04,938:INFO:7
2020-07-18 13:10:05,930:INFO:ДУГААРАА СОНГОЖ БУЙ ХЭСЭГ
2020-07-18 13:10:05,930:INFO:7
2020-07-18 13:10:15,412:INFO:ДУГААРЫН ҮНЭ
2020-07-18 13:10:15,415:INFO:10000
2020-07-18 13:10:37,941:INFO:------------------------------------------------------------------------------------------------
2020-07-18 13:11:17,198:INFO:------------------------------------------------------------------------------------------------
2020-07-18 13:11:37,159:INFO:ДУГААРАА СОНГОЖ БУЙ ХЭСЭГ
2020-07-18 13:11:37,159:INFO:7
2020-07-18 13:14:15,295:INFO:ДУГААРАА СОНГОЖ БУЙ ХЭСЭГ
2020-07-18 13:14:15,295:INFO:7
2020-07-18 13:14:23,494:INFO:ДУГААРАА СОНГОЖ БУЙ ХЭСЭГ
2020-07-18 13:14:23,494:INFO:7
2020-07-18 13:14:32,926:INFO:ДУГААРАА СОНГОЖ БУЙ ХЭСЭГ
2020-07-18 13:14:32,926:INFO:7
2020-07-18 13:14:41,692:INFO:------------------------------------------------------------------------------------------------
2020-07-18 13:14:45,326:INFO:ДУГААРАА СОНГОЖ БУЙ ХЭСЭГ
2020-07-18 13:14:45,326:INFO:7
2020-07-18 13:16:51,973:INFO:------------------------------------------------------------------------------------------------
2020-07-18 13:16:53,054:INFO:ДУГААРАА СОНГОЖ БУЙ ХЭСЭГ
2020-07-18 13:16:53,054:INFO:2
2020-07-18 13:17:14,990:INFO:ДУГААРЫН ҮНЭ
2020-07-18 13:17:14,993:INFO:5000
2020-07-18 13:17:20,187:INFO:ДУГААРЫН ҮНЭ
2020-07-18 13:17:20,189:INFO:10000
2020-07-18 13:17:29,225:INFO:ДУГААРАА СОНГОЖ БУЙ ХЭСЭГ
2020-07-18 13:17:29,225:INFO:7
2020-07-18 13:17:29,961:INFO:ДУГААРАА СОНГОЖ БУЙ ХЭСЭГ
2020-07-18 13:17:29,961:INFO:7
2020-07-18 13:17:30,538:INFO:ДУГААРАА СОНГОЖ БУЙ ХЭСЭГ
2020-07-18 13:17:30,538:INFO:7
2020-07-18 13:17:31,601:INFO:ДУГААРАА СОНГОЖ БУЙ ХЭСЭГ
2020-07-18 13:17:31,602:INFO:7
2020-07-18 13:18:09,645:INFO:ДУГААРАА СОНГОЖ БУЙ ХЭСЭГ
2020-07-18 13:18:09,645:INFO:2
2020-07-18 13:18:28,677:INFO:------------------------------------------------------------------------------------------------
2020-07-18 13:18:37,190:INFO:ДУГААРАА СОНГОЖ БУЙ ХЭСЭГ
2020-07-18 13:18:37,190:INFO:7
2020-07-18 13:18:40,961:INFO:------------------------------------------------------------------------------------------------
2020-07-18 13:18:42,950:INFO:ДУГААРАА СОНГОЖ БУЙ ХЭСЭГ
2020-07-18 13:18:42,950:INFO:2
2020-07-18 13:19:10,918:INFO:ДУГААРАА СОНГОЖ БУЙ ХЭСЭГ
2020-07-18 13:19:10,918:INFO:2
2020-07-18 13:20:32,251:INFO:ДУГААРАА СОНГОЖ БУЙ ХЭСЭГ
2020-07-18 13:20:32,251:INFO:7
2020-07-18 13:22:14,180:INFO:------------------------------------------------------------------------------------------------
2020-07-18 13:22:52,815:INFO:ДУГААРАА СОНГОЖ БУЙ ХЭСЭГ
2020-07-18 13:22:52,815:INFO:2
2020-07-18 13:23:07,316:INFO:ДУГААРАА СОНГОЖ БУЙ ХЭСЭГ
2020-07-18 13:23:07,317:INFO:2
2020-07-18 13:23:13,704:INFO:------------------------------------------------------------------------------------------------
2020-07-18 13:23:19,655:INFO:ДУГААРАА СОНГОЖ БУЙ ХЭСЭГ
2020-07-18 13:23:19,655:INFO:7
2020-07-18 13:23:20,050:WARNING:Not Found: /favicon.ico
2020-07-18 13:24:14,045:INFO:------------------------------------------------------------------------------------------------
2020-07-18 13:31:32,783:INFO:------------------------------------------------------------------------------------------------
2020-07-18 13:32:05,096:INFO:------------------------------------------------------------------------------------------------
2020-07-18 13:32:06,579:INFO:ДУГААРАА СОНГОЖ БУЙ ХЭСЭГ
2020-07-18 13:32:06,579:INFO:2
2020-07-18 13:32:50,612:INFO:ДУГААРАА СОНГОЖ БУЙ ХЭСЭГ
2020-07-18 13:32:50,613:INFO:2
2020-07-18 13:33:06,615:INFO:------------------------------------------------------------------------------------------------
2020-07-18 13:33:07,462:INFO:ДУГААРАА СОНГОЖ БУЙ ХЭСЭГ
2020-07-18 13:33:07,462:INFO:7
2020-07-18 13:33:09,992:INFO:------------------------------------------------------------------------------------------------
2020-07-18 13:34:52,072:INFO:------------------------------------------------------------------------------------------------
2020-07-18 13:39:00,205:INFO:------------------------------------------------------------------------------------------------
2020-07-18 13:43:23,145:INFO:------------------------------------------------------------------------------------------------
2020-07-18 13:43:28,308:INFO:------------------------------------------------------------------------------------------------
2020-07-18 13:43:29,884:INFO:ДУГААРАА СОНГОЖ БУЙ ХЭСЭГ
2020-07-18 13:43:29,884:INFO:2
2020-07-18 13:44:04,890:INFO:------------------------------------------------------------------------------------------------
2020-07-18 13:44:22,907:INFO:------------------------------------------------------------------------------------------------
2020-07-18 13:44:26,948:INFO:ДУГААРАА СОНГОЖ БУЙ ХЭСЭГ
2020-07-18 13:44:26,948:INFO:7
2020-07-18 13:50:25,358:INFO:ДУГААРАА СОНГОЖ БУЙ ХЭСЭГ
2020-07-18 13:50:25,359:INFO:2
2020-07-18 13:50:28,230:INFO:------------------------------------------------------------------------------------------------
2020-07-18 13:52:50,840:INFO:------------------------------------------------------------------------------------------------
2020-07-18 13:53:39,794:INFO:------------------------------------------------------------------------------------------------
2020-07-18 13:56:46,566:INFO:------------------------------------------------------------------------------------------------
2020-07-18 13:57:22,974:INFO:------------------------------------------------------------------------------------------------
2020-07-18 13:57:55,700:INFO:------------------------------------------------------------------------------------------------
2020-07-18 13:57:56,481:INFO:ДУГААРАА СОНГОЖ БУЙ ХЭСЭГ
2020-07-18 13:57:56,481:INFO:7
2020-07-18 13:58:12,833:INFO:------------------------------------------------------------------------------------------------
2020-07-18 13:58:13,802:INFO:ДУГААРАА СОНГОЖ БУЙ ХЭСЭГ
2020-07-18 13:58:13,802:INFO:2
2020-07-18 14:00:10,736:INFO:------------------------------------------------------------------------------------------------
2020-07-18 14:01:59,867:INFO:------------------------------------------------------------------------------------------------
2020-07-18 14:02:24,822:INFO:------------------------------------------------------------------------------------------------
2020-07-18 14:02:31,289:INFO:------------------------------------------------------------------------------------------------
2020-07-18 14:03:04,442:INFO:ДУГААРАА СОНГОЖ БУЙ ХЭСЭГ
2020-07-18 14:03:04,442:INFO:2
2020-07-18 14:03:22,876:INFO:------------------------------------------------------------------------------------------------
2020-07-18 14:03:59,935:INFO:ДУГААРЫН ҮНЭ
2020-07-18 14:03:59,938:INFO:5000
2020-07-18 14:04:21,524:INFO:ДУГААРЫН ҮНЭ
2020-07-18 14:04:21,527:INFO:5000
2020-07-18 14:04:54,736:INFO:ДУГААРЫН ZAHIALGA
2020-07-18 14:05:33,253:INFO:ДУГААРЫН ҮНЭ
2020-07-18 14:05:33,256:INFO:10000
2020-07-18 14:06:54,834:INFO:------------------------------------------------------------------------------------------------
2020-07-18 14:07:47,866:INFO:------------------------------------------------------------------------------------------------
2020-07-18 14:10:01,620:INFO:ДУГААРЫН ҮНЭ
2020-07-18 14:10:01,623:INFO:10000
2020-07-18 14:10:03,574:INFO:------------------------------------------------------------------------------------------------
2020-07-18 14:10:15,045:INFO:ДУГААРЫН ҮНЭ
2020-07-18 14:10:15,048:INFO:10000
2020-07-18 14:10:20,169:INFO:ДУГААРЫН ZAHIALGA
2020-07-18 14:10:22,342:INFO:------------------------------------------------------------------------------------------------
2020-07-18 14:10:38,023:INFO:------------------------------------------------------------------------------------------------
2020-07-18 14:11:21,902:INFO:------------------------------------------------------------------------------------------------
2020-07-18 14:13:12,956:INFO:------------------------------------------------------------------------------------------------
2020-07-18 14:13:17,684:INFO:ДУГААРАА СОНГОЖ БУЙ ХЭСЭГ
2020-07-18 14:13:17,685:INFO:7
2020-07-18 14:14:16,604:INFO:ДУГААРАА СОНГОЖ БУЙ ХЭСЭГ
2020-07-18 14:14:16,605:INFO:2
2020-07-18 14:14:17,346:WARNING:Not Found: /favicon.ico
2020-07-18 14:14:41,923:INFO:------------------------------------------------------------------------------------------------
2020-07-18 14:21:17,491:INFO:ДУГААРАА СОНГОЖ БУЙ ХЭСЭГ
2020-07-18 14:21:17,491:INFO:2
2020-07-18 14:21:17,891:WARNING:Not Found: /favicon.ico
2020-07-18 14:21:20,138:INFO:ДУГААРАА СОНГОЖ БУЙ ХЭСЭГ
2020-07-18 14:21:20,138:INFO:2
2020-07-18 14:21:33,672:INFO:------------------------------------------------------------------------------------------------
2020-07-18 14:21:35,116:INFO:ДУГААРАА СОНГОЖ БУЙ ХЭСЭГ
2020-07-18 14:21:35,116:INFO:2
2020-07-18 14:21:37,106:INFO:ДУГААРАА СОНГОЖ БУЙ ХЭСЭГ
2020-07-18 14:21:37,106:INFO:2
2020-07-18 14:23:03,199:INFO:------------------------------------------------------------------------------------------------
2020-07-18 14:23:06,387:INFO:ДУГААРАА СОНГОЖ БУЙ ХЭСЭГ
2020-07-18 14:23:06,387:INFO:4
2020-07-18 14:23:09,677:INFO:------------------------------------------------------------------------------------------------
2020-07-18 14:23:10,380:INFO:ДУГААРАА СОНГОЖ БУЙ ХЭСЭГ
2020-07-18 14:23:10,380:INFO:2
2020-07-18 14:23:31,414:INFO:------------------------------------------------------------------------------------------------
2020-07-18 14:24:14,128:INFO:------------------------------------------------------------------------------------------------
2020-07-18 14:24:50,991:INFO:------------------------------------------------------------------------------------------------
2020-07-18 14:24:52,294:INFO:ДУГААРАА СОНГОЖ БУЙ ХЭСЭГ
2020-07-18 14:24:52,295:INFO:7
2020-07-18 14:24:55,384:INFO:ДУГААРАА СОНГОЖ БУЙ ХЭСЭГ
2020-07-18 14:24:55,384:INFO:7
2020-07-18 14:31:32,926:INFO:------------------------------------------------------------------------------------------------
2020-07-18 14:31:57,235:INFO:ДУГААРАА СОНГОЖ БУЙ ХЭСЭГ
2020-07-18 14:31:57,235:INFO:2
2020-07-18 14:33:10,087:INFO:------------------------------------------------------------------------------------------------
2020-07-18 14:35:09,060:INFO:------------------------------------------------------------------------------------------------
2020-07-18 14:35:09,932:INFO:ДУГААРАА СОНГОЖ БУЙ ХЭСЭГ
2020-07-18 14:35:09,932:INFO:7
2020-07-18 14:35:25,398:INFO:ДУГААРЫН ҮНЭ
2020-07-18 14:35:25,401:INFO:10000
2020-07-18 14:35:43,417:INFO:ДУГААРЫН ZAHIALGA
2020-07-18 14:37:43,777:INFO:------------------------------------------------------------------------------------------------
2020-07-18 14:39:00,344:INFO:------------------------------------------------------------------------------------------------
2020-07-18 14:40:33,515:INFO:------------------------------------------------------------------------------------------------
2020-07-18 14:40:35,601:INFO:ДУГААРАА СОНГОЖ БУЙ ХЭСЭГ
2020-07-18 14:40:35,601:INFO:7
2020-07-18 14:40:59,187:INFO:ДУГААРАА СОНГОЖ БУЙ ХЭСЭГ
2020-07-18 14:40:59,188:INFO:2
2020-07-18 14:44:09,068:INFO:ДУГААРАА СОНГОЖ БУЙ ХЭСЭГ
2020-07-18 14:44:09,068:INFO:2
2020-07-18 14:44:23,008:INFO:------------------------------------------------------------------------------------------------
2020-07-18 14:49:05,969:INFO:------------------------------------------------------------------------------------------------
2020-07-18 14:49:10,101:INFO:ДУГААРАА СОНГОЖ БУЙ ХЭСЭГ
2020-07-18 14:49:10,101:INFO:2
2020-07-18 14:50:34,004:INFO:------------------------------------------------------------------------------------------------
2020-07-18 14:51:04,943:INFO:ДУГААРЫН ҮНЭ
2020-07-18 14:51:04,945:INFO:5000
2020-07-18 14:51:38,191:INFO:ДУГААРЫН ҮНЭ
2020-07-18 14:51:38,193:INFO:5000
2020-07-18 14:51:49,562:INFO:ДУГААРЫН ҮНЭ
2020-07-18 14:51:49,565:INFO:5000
2020-07-18 14:52:08,558:INFO:ДУГААРЫН ҮНЭ
2020-07-18 14:52:08,560:INFO:5000
2020-07-18 14:52:55,692:INFO:------------------------------------------------------------------------------------------------
2020-07-18 14:53:44,401:INFO:------------------------------------------------------------------------------------------------
2020-07-18 14:55:56,162:INFO:ДУГААРАА СОНГОЖ БУЙ ХЭСЭГ
2020-07-18 14:55:56,162:INFO:2
2020-07-18 14:56:09,260:INFO:ДУГААРАА СОНГОЖ БУЙ ХЭСЭГ
2020-07-18 14:56:09,260:INFO:2
2020-07-18 14:56:20,207:INFO:ДУГААРАА СОНГОЖ БУЙ ХЭСЭГ
2020-07-18 14:56:20,207:INFO:2
2020-07-18 14:56:28,691:INFO:------------------------------------------------------------------------------------------------
2020-07-18 14:56:31,574:INFO:ДУГААРАА СОНГОЖ БУЙ ХЭСЭГ
2020-07-18 14:56:31,574:INFO:7
2020-07-18 14:56:47,402:INFO:------------------------------------------------------------------------------------------------
2020-07-18 14:56:47,449:INFO:ДУГААРЫН ҮНЭ
2020-07-18 14:56:47,451:INFO:10000
2020-07-18 15:01:11,058:INFO:------------------------------------------------------------------------------------------------
2020-07-18 15:01:12,522:INFO:------------------------------------------------------------------------------------------------
2020-07-18 15:01:13,780:INFO:ДУГААРАА СОНГОЖ БУЙ ХЭСЭГ
2020-07-18 15:01:13,780:INFO:7
2020-07-18 15:01:22,205:INFO:ДУГААРАА СОНГОЖ БУЙ ХЭСЭГ
2020-07-18 15:01:22,205:INFO:7
2020-07-18 15:02:26,597:INFO:------------------------------------------------------------------------------------------------
2020-07-18 15:02:31,398:INFO:------------------------------------------------------------------------------------------------
2020-07-18 15:03:23,668:INFO:------------------------------------------------------------------------------------------------
2020-07-18 15:03:48,654:INFO:------------------------------------------------------------------------------------------------
2020-07-18 15:04:49,481:INFO:ДУГААРАА СОНГОЖ БУЙ ХЭСЭГ
2020-07-18 15:04:49,481:INFO:2
2020-07-18 15:04:49,626:WARNING:Not Found: /favicon.ico
2020-07-18 15:05:22,989:INFO:ДУГААРЫН ҮНЭ
2020-07-18 15:05:22,992:INFO:5000
2020-07-18 15:06:54,924:INFO:------------------------------------------------------------------------------------------------
2020-07-18 15:07:48,006:INFO:------------------------------------------------------------------------------------------------
2020-07-18 15:10:03,698:INFO:------------------------------------------------------------------------------------------------
2020-07-18 15:10:38,140:INFO:------------------------------------------------------------------------------------------------
2020-07-18 15:12:51,276:INFO:------------------------------------------------------------------------------------------------
2020-07-18 15:12:52,039:INFO:ДУГААРАА СОНГОЖ БУЙ ХЭСЭГ
2020-07-18 15:12:52,039:INFO:7
2020-07-18 15:13:08,596:INFO:ДУГААРАА СОНГОЖ БУЙ ХЭСЭГ
2020-07-18 15:13:08,597:INFO:2
2020-07-18 15:14:42,170:INFO:------------------------------------------------------------------------------------------------
2020-07-18 15:17:10,008:INFO:ДУГААРЫН ҮНЭ
2020-07-18 15:17:10,010:INFO:5000
2020-07-18 15:23:20,084:INFO:------------------------------------------------------------------------------------------------
2020-07-18 15:23:21,098:INFO:ДУГААРАА СОНГОЖ БУЙ ХЭСЭГ
2020-07-18 15:23:21,098:INFO:7
2020-07-18 15:24:14,227:INFO:------------------------------------------------------------------------------------------------
2020-07-18 15:27:51,829:INFO:------------------------------------------------------------------------------------------------
2020-07-18 15:27:57,188:INFO:------------------------------------------------------------------------------------------------
2020-07-18 15:27:58,031:INFO:ДУГААРАА СОНГОЖ БУЙ ХЭСЭГ
2020-07-18 15:27:58,031:INFO:2
2020-07-18 15:27:58,052:INFO:ДУГААРАА СОНГОЖ БУЙ ХЭСЭГ
2020-07-18 15:27:58,052:INFO:2
2020-07-18 15:27:59,081:INFO:------------------------------------------------------------------------------------------------
2020-07-18 15:29:01,576:INFO:------------------------------------------------------------------------------------------------
2020-07-18 15:29:05,951:INFO:ДУГААРАА СОНГОЖ БУЙ ХЭСЭГ
2020-07-18 15:29:05,951:INFO:4
2020-07-18 15:29:25,379:INFO:ДУГААРЫН ҮНЭ
2020-07-18 15:29:25,382:INFO:10000
2020-07-18 15:30:03,758:ERROR:Internal Server Error: /getnumber
Traceback (most recent call last):
  File "/usr/local/lib/python2.7/dist-packages/django/core/handlers/exception.py", line 41, in inner
    response = get_response(request)
  File "/usr/local/lib/python2.7/dist-packages/django/core/handlers/base.py", line 187, in _get_response
    response = self.process_exception_by_middleware(e, request)
  File "/usr/local/lib/python2.7/dist-packages/django/core/handlers/base.py", line 185, in _get_response
    response = wrapped_callback(request, *callback_args, **callback_kwargs)
  File "/usr/local/lib/python2.7/dist-packages/django/views/decorators/csrf.py", line 58, in wrapped_view
    return view_func(*args, **kwargs)
  File "/usr/local/lib/python2.7/dist-packages/django/views/generic/base.py", line 68, in view
    return self.dispatch(request, *args, **kwargs)
  File "/usr/local/lib/python2.7/dist-packages/rest_framework/views.py", line 495, in dispatch
    response = self.handle_exception(exc)
  File "/usr/local/lib/python2.7/dist-packages/rest_framework/views.py", line 455, in handle_exception
    self.raise_uncaught_exception(exc)
  File "/usr/local/lib/python2.7/dist-packages/rest_framework/views.py", line 492, in dispatch
    response = handler(request, *args, **kwargs)
  File "/usr/local/lib/python2.7/dist-packages/rest_framework/decorators.py", line 55, in handler
    return func(*args, **kwargs)
  File "/home/user/nFilterNew/controller/views.py", line 206, in getNumber
    if data[1] == az:
IndexError: list index out of range
2020-07-18 15:31:46,895:INFO:ДУГААРАА СОНГОЖ БУЙ ХЭСЭГ
2020-07-18 15:31:46,895:INFO:2
2020-07-18 15:31:48,272:INFO:------------------------------------------------------------------------------------------------
2020-07-18 15:33:10,137:INFO:------------------------------------------------------------------------------------------------
2020-07-18 15:33:50,273:INFO:ДУГААРАА СОНГОЖ БУЙ ХЭСЭГ
2020-07-18 15:33:50,273:INFO:7
2020-07-18 15:34:31,085:INFO:------------------------------------------------------------------------------------------------
2020-07-18 15:34:31,823:INFO:ДУГААРАА СОНГОЖ БУЙ ХЭСЭГ
2020-07-18 15:34:31,823:INFO:7
2020-07-18 15:34:38,773:INFO:ДУГААРЫН ҮНЭ
2020-07-18 15:34:38,776:INFO:10000
2020-07-18 15:34:46,103:INFO:ДУГААРАА СОНГОЖ БУЙ ХЭСЭГ
2020-07-18 15:34:46,104:INFO:7
2020-07-18 15:39:00,518:INFO:------------------------------------------------------------------------------------------------
2020-07-18 15:44:23,091:INFO:------------------------------------------------------------------------------------------------
2020-07-18 15:47:14,628:INFO:ДУГААРАА СОНГОЖ БУЙ ХЭСЭГ
2020-07-18 15:47:14,628:INFO:2
2020-07-18 15:47:16,343:INFO:ДУГААРАА СОНГОЖ БУЙ ХЭСЭГ
2020-07-18 15:47:16,343:INFO:2
2020-07-18 15:49:53,636:INFO:ДУГААРЫН ҮНЭ
2020-07-18 15:49:53,639:INFO:5000
2020-07-18 15:50:39,364:INFO:------------------------------------------------------------------------------------------------
2020-07-18 15:53:00,538:INFO:------------------------------------------------------------------------------------------------
2020-07-18 15:53:49,005:INFO:------------------------------------------------------------------------------------------------
2020-07-18 15:56:36,196:INFO:------------------------------------------------------------------------------------------------
2020-07-18 15:56:47,903:INFO:------------------------------------------------------------------------------------------------
2020-07-18 15:56:52,441:INFO:------------------------------------------------------------------------------------------------
2020-07-18 15:57:01,298:INFO:ДУГААРАА СОНГОЖ БУЙ ХЭСЭГ
2020-07-18 15:57:01,298:INFO:7
2020-07-18 15:57:01,552:WARNING:Not Found: /favicon.ico
2020-07-18 15:57:08,824:INFO:ДУГААРАА СОНГОЖ БУЙ ХЭСЭГ
2020-07-18 15:57:08,824:INFO:7
2020-07-18 15:57:09,451:WARNING:Not Found: /favicon.ico
2020-07-18 15:57:25,144:INFO:ДУГААРАА СОНГОЖ БУЙ ХЭСЭГ
2020-07-18 15:57:25,144:INFO:7
2020-07-18 15:57:38,945:INFO:ДУГААРАА СОНГОЖ БУЙ ХЭСЭГ
2020-07-18 15:57:38,946:INFO:7
2020-07-18 15:58:19,281:INFO:ДУГААРАА СОНГОЖ БУЙ ХЭСЭГ
2020-07-18 15:58:19,281:INFO:7
2020-07-18 15:58:49,616:INFO:ДУГААРАА СОНГОЖ БУЙ ХЭСЭГ
2020-07-18 15:58:49,616:INFO:7
2020-07-18 16:03:24,489:INFO:------------------------------------------------------------------------------------------------
2020-07-18 16:03:37,610:INFO:ДУГААРЫН ҮНЭ
2020-07-18 16:03:37,614:INFO:10000
2020-07-18 16:07:48,095:INFO:------------------------------------------------------------------------------------------------
2020-07-18 16:10:03,787:INFO:------------------------------------------------------------------------------------------------
2020-07-18 16:10:38,244:INFO:------------------------------------------------------------------------------------------------
2020-07-18 16:11:20,857:INFO:------------------------------------------------------------------------------------------------
2020-07-18 16:11:50,560:INFO:ДУГААРАА СОНГОЖ БУЙ ХЭСЭГ
2020-07-18 16:11:50,560:INFO:2
2020-07-18 16:12:07,246:INFO:ДУГААРАА СОНГОЖ БУЙ ХЭСЭГ
2020-07-18 16:12:07,247:INFO:2
2020-07-18 16:14:42,416:INFO:------------------------------------------------------------------------------------------------
2020-07-18 16:15:29,293:INFO:------------------------------------------------------------------------------------------------
2020-07-18 16:15:29,529:INFO:------------------------------------------------------------------------------------------------
2020-07-18 16:15:33,784:INFO:ДУГААРАА СОНГОЖ БУЙ ХЭСЭГ
2020-07-18 16:15:33,785:INFO:7
2020-07-18 16:15:34,929:WARNING:Not Found: /favicon.ico
2020-07-18 16:15:36,197:INFO:------------------------------------------------------------------------------------------------
2020-07-18 16:15:37,763:INFO:ДУГААРАА СОНГОЖ БУЙ ХЭСЭГ
2020-07-18 16:15:37,763:INFO:7
2020-07-18 16:17:16,208:INFO:ДУГААРЫН ҮНЭ
2020-07-18 16:17:16,211:INFO:10000
2020-07-18 16:17:55,576:INFO:ДУГААРАА СОНГОЖ БУЙ ХЭСЭГ
2020-07-18 16:17:55,576:INFO:7
2020-07-18 16:18:53,800:INFO:------------------------------------------------------------------------------------------------
2020-07-18 16:18:54,690:INFO:ДУГААРАА СОНГОЖ БУЙ ХЭСЭГ
2020-07-18 16:18:54,690:INFO:7
2020-07-18 16:18:54,976:WARNING:Not Found: /favicon.ico
2020-07-18 16:19:10,064:INFO:ДУГААРЫН ҮНЭ
2020-07-18 16:19:10,067:INFO:10000
2020-07-18 16:19:24,548:INFO:ДУГААРЫН ZAHIALGA
2020-07-18 16:23:30,754:INFO:ДУГААРАА СОНГОЖ БУЙ ХЭСЭГ
2020-07-18 16:23:30,754:INFO:2
2020-07-18 16:24:47,606:INFO:------------------------------------------------------------------------------------------------
2020-07-18 16:24:48,984:INFO:ДУГААРАА СОНГОЖ БУЙ ХЭСЭГ
2020-07-18 16:24:48,984:INFO:2
2020-07-18 16:28:40,380:INFO:ДУГААРАА СОНГОЖ БУЙ ХЭСЭГ
2020-07-18 16:28:40,380:INFO:7
2020-07-18 16:28:44,509:INFO:ДУГААРАА СОНГОЖ БУЙ ХЭСЭГ
2020-07-18 16:28:44,509:INFO:7
2020-07-18 16:28:46,023:INFO:------------------------------------------------------------------------------------------------
2020-07-18 16:28:47,110:INFO:ДУГААРАА СОНГОЖ БУЙ ХЭСЭГ
2020-07-18 16:28:47,110:INFO:7
2020-07-18 16:30:30,381:INFO:------------------------------------------------------------------------------------------------
2020-07-18 16:30:31,916:INFO:ДУГААРАА СОНГОЖ БУЙ ХЭСЭГ
2020-07-18 16:30:31,916:INFO:2
2020-07-18 16:33:03,669:INFO:ДУГААРАА СОНГОЖ БУЙ ХЭСЭГ
2020-07-18 16:33:03,669:INFO:7
2020-07-18 16:33:04,029:WARNING:Not Found: /favicon.ico
2020-07-18 16:33:10,210:INFO:------------------------------------------------------------------------------------------------
2020-07-18 16:34:37,577:INFO:ДУГААРЫН ҮНЭ
2020-07-18 16:34:37,580:INFO:10000
2020-07-18 16:35:28,960:INFO:------------------------------------------------------------------------------------------------
2020-07-18 16:35:54,216:INFO:ДУГААРАА СОНГОЖ БУЙ ХЭСЭГ
2020-07-18 16:35:54,216:INFO:7
2020-07-18 16:39:06,163:INFO:------------------------------------------------------------------------------------------------
2020-07-18 16:39:08,305:INFO:------------------------------------------------------------------------------------------------
2020-07-18 16:39:10,481:INFO:ДУГААРАА СОНГОЖ БУЙ ХЭСЭГ
2020-07-18 16:39:10,482:INFO:7
2020-07-18 16:39:12,322:INFO:ДУГААРАА СОНГОЖ БУЙ ХЭСЭГ
2020-07-18 16:39:12,322:INFO:7
2020-07-18 16:39:40,513:INFO:ДУГААРАА СОНГОЖ БУЙ ХЭСЭГ
2020-07-18 16:39:40,513:INFO:7
2020-07-18 16:40:17,461:INFO:ДУГААРЫН ҮНЭ
2020-07-18 16:40:17,464:INFO:10000
2020-07-18 16:40:24,471:INFO:------------------------------------------------------------------------------------------------
2020-07-18 16:40:35,867:INFO:ДУГААРАА СОНГОЖ БУЙ ХЭСЭГ
2020-07-18 16:40:35,867:INFO:7
2020-07-18 16:40:51,483:INFO:ДУГААРЫН ҮНЭ
2020-07-18 16:40:51,485:INFO:10000
2020-07-18 16:41:18,239:INFO:ДУГААРЫН ҮНЭ
2020-07-18 16:41:18,242:INFO:10000
2020-07-18 16:42:21,655:INFO:------------------------------------------------------------------------------------------------
2020-07-18 16:42:22,872:INFO:ДУГААРАА СОНГОЖ БУЙ ХЭСЭГ
2020-07-18 16:42:22,873:INFO:7
2020-07-18 16:43:19,441:INFO:ДУГААРАА СОНГОЖ БУЙ ХЭСЭГ
2020-07-18 16:43:19,441:INFO:2
2020-07-18 16:43:28,776:INFO:ДУГААРАА СОНГОЖ БУЙ ХЭСЭГ
2020-07-18 16:43:28,776:INFO:2
2020-07-18 16:43:33,540:INFO:ДУГААРАА СОНГОЖ БУЙ ХЭСЭГ
2020-07-18 16:43:33,540:INFO:2
2020-07-18 16:43:40,843:INFO:------------------------------------------------------------------------------------------------
2020-07-18 16:43:42,230:INFO:ДУГААРАА СОНГОЖ БУЙ ХЭСЭГ
2020-07-18 16:43:42,230:INFO:7
2020-07-18 16:43:49,636:INFO:ДУГААРАА СОНГОЖ БУЙ ХЭСЭГ
2020-07-18 16:43:49,636:INFO:7
2020-07-18 16:44:23,187:INFO:------------------------------------------------------------------------------------------------
2020-07-18 16:44:55,542:INFO:ДУГААРАА СОНГОЖ БУЙ ХЭСЭГ
2020-07-18 16:44:55,542:INFO:7
2020-07-18 16:44:57,087:INFO:ДУГААРАА СОНГОЖ БУЙ ХЭСЭГ
2020-07-18 16:44:57,087:INFO:7
2020-07-18 16:50:18,821:INFO:------------------------------------------------------------------------------------------------
2020-07-18 16:50:34,030:INFO:ДУГААРАА СОНГОЖ БУЙ ХЭСЭГ
2020-07-18 16:50:34,030:INFO:2
2020-07-18 16:50:44,785:INFO:------------------------------------------------------------------------------------------------
2020-07-18 16:50:54,667:INFO:ДУГААРАА СОНГОЖ БУЙ ХЭСЭГ
2020-07-18 16:50:54,667:INFO:2
2020-07-18 16:51:12,924:INFO:------------------------------------------------------------------------------------------------
2020-07-18 16:53:05,393:INFO:------------------------------------------------------------------------------------------------
2020-07-18 16:53:53,773:INFO:------------------------------------------------------------------------------------------------
2020-07-18 16:57:08,670:INFO:------------------------------------------------------------------------------------------------
2020-07-18 16:57:09,643:INFO:ДУГААРАА СОНГОЖ БУЙ ХЭСЭГ
2020-07-18 16:57:09,643:INFO:2
2020-07-18 17:00:00,837:INFO:ДУГААРЫН ҮНЭ
2020-07-18 17:00:00,841:INFO:5000
2020-07-18 17:07:48,506:INFO:------------------------------------------------------------------------------------------------
2020-07-18 17:10:03,858:INFO:------------------------------------------------------------------------------------------------
2020-07-18 17:14:53,912:INFO:------------------------------------------------------------------------------------------------
2020-07-18 17:14:54,515:INFO:ДУГААРАА СОНГОЖ БУЙ ХЭСЭГ
2020-07-18 17:14:54,515:INFO:2
2020-07-18 17:16:08,805:INFO:ДУГААРЫН ҮНЭ
2020-07-18 17:16:08,808:INFO:5000
2020-07-18 17:16:17,168:INFO:ДУГААРЫН ZAHIALGA
2020-07-18 17:16:19,110:INFO:------------------------------------------------------------------------------------------------
2020-07-18 17:16:23,580:INFO:ДУГААРАА СОНГОЖ БУЙ ХЭСЭГ
2020-07-18 17:16:23,581:INFO:2
2020-07-18 17:16:24,372:INFO:------------------------------------------------------------------------------------------------
2020-07-18 17:24:06,695:INFO:ДУГААРАА СОНГОЖ БУЙ ХЭСЭГ
2020-07-18 17:24:06,695:INFO:7
2020-07-18 17:29:35,725:INFO:ДУГААРАА СОНГОЖ БУЙ ХЭСЭГ
2020-07-18 17:29:35,725:INFO:7
2020-07-18 17:29:36,516:INFO:ДУГААРАА СОНГОЖ БУЙ ХЭСЭГ
2020-07-18 17:29:36,516:INFO:7
2020-07-18 17:29:36,533:INFO:ДУГААРАА СОНГОЖ БУЙ ХЭСЭГ
2020-07-18 17:29:36,533:INFO:7
2020-07-18 17:29:37,187:INFO:ДУГААРАА СОНГОЖ БУЙ ХЭСЭГ
2020-07-18 17:29:37,187:INFO:7
2020-07-18 17:29:38,219:INFO:ДУГААРАА СОНГОЖ БУЙ ХЭСЭГ
2020-07-18 17:29:38,219:INFO:7
2020-07-18 17:29:39,331:INFO:ДУГААРАА СОНГОЖ БУЙ ХЭСЭГ
2020-07-18 17:29:39,332:INFO:7
2020-07-18 17:29:39,763:INFO:ДУГААРАА СОНГОЖ БУЙ ХЭСЭГ
2020-07-18 17:29:39,763:INFO:7
2020-07-18 17:29:48,148:INFO:ДУГААРАА СОНГОЖ БУЙ ХЭСЭГ
2020-07-18 17:29:48,149:INFO:7
2020-07-18 17:31:43,996:INFO:ДУГААРАА СОНГОЖ БУЙ ХЭСЭГ
2020-07-18 17:31:43,997:INFO:7
2020-07-18 17:31:44,491:INFO:ДУГААРАА СОНГОЖ БУЙ ХЭСЭГ
2020-07-18 17:31:44,491:INFO:7
2020-07-18 17:31:44,907:INFO:------------------------------------------------------------------------------------------------
2020-07-18 17:32:14,122:INFO:------------------------------------------------------------------------------------------------
2020-07-18 17:33:23,097:INFO:ДУГААРАА СОНГОЖ БУЙ ХЭСЭГ
2020-07-18 17:33:23,097:INFO:2
2020-07-18 17:44:23,287:INFO:------------------------------------------------------------------------------------------------
2020-07-18 17:50:50,049:INFO:------------------------------------------------------------------------------------------------
2020-07-18 17:53:10,282:INFO:------------------------------------------------------------------------------------------------
2020-07-18 17:53:58,392:INFO:------------------------------------------------------------------------------------------------
2020-07-18 17:58:26,402:INFO:ДУГААРАА СОНГОЖ БУЙ ХЭСЭГ
2020-07-18 17:58:26,403:INFO:3
2020-07-18 17:59:18,675:INFO:ДУГААРЫН ҮНЭ
2020-07-18 17:59:18,678:INFO:20000
2020-07-18 17:59:36,516:INFO:ДУГААРЫН ҮНЭ
2020-07-18 17:59:36,518:INFO:20000
2020-07-18 18:02:38,935:INFO:ДУГААРЫН ҮНЭ
2020-07-18 18:02:38,938:INFO:20000
2020-07-18 18:03:47,406:INFO:ДУГААРЫН ҮНЭ
2020-07-18 18:03:47,409:INFO:20000
2020-07-18 18:03:55,983:INFO:------------------------------------------------------------------------------------------------
2020-07-18 18:03:57,057:INFO:ДУГААРАА СОНГОЖ БУЙ ХЭСЭГ
2020-07-18 18:03:57,058:INFO:2
2020-07-18 18:04:04,647:INFO:ДУГААРЫН ҮНЭ
2020-07-18 18:04:04,649:INFO:5000
2020-07-18 18:04:33,212:INFO:ДУГААРЫН ҮНЭ
2020-07-18 18:04:33,215:INFO:5000
2020-07-18 18:05:01,980:INFO:------------------------------------------------------------------------------------------------
2020-07-18 18:05:03,421:INFO:ДУГААРАА СОНГОЖ БУЙ ХЭСЭГ
2020-07-18 18:05:03,422:INFO:7
2020-07-18 18:05:04,976:INFO:------------------------------------------------------------------------------------------------
2020-07-18 18:05:05,490:INFO:ДУГААРАА СОНГОЖ БУЙ ХЭСЭГ
2020-07-18 18:05:05,490:INFO:2
2020-07-18 18:05:07,883:INFO:ДУГААРЫН ҮНЭ
2020-07-18 18:05:07,886:INFO:5000
2020-07-18 18:05:12,074:INFO:ДУГААРАА СОНГОЖ БУЙ ХЭСЭГ
2020-07-18 18:05:12,075:INFO:2
2020-07-18 18:05:12,703:INFO:ДУГААРАА СОНГОЖ БУЙ ХЭСЭГ
2020-07-18 18:05:12,703:INFO:2
2020-07-18 18:05:13,811:INFO:ДУГААРАА СОНГОЖ БУЙ ХЭСЭГ
2020-07-18 18:05:13,811:INFO:2
2020-07-18 18:05:17,478:INFO:ДУГААРЫН ҮНЭ
2020-07-18 18:05:17,482:INFO:5000
2020-07-18 18:05:27,162:INFO:ДУГААРАА СОНГОЖ БУЙ ХЭСЭГ
2020-07-18 18:05:27,162:INFO:2
2020-07-18 18:05:28,121:INFO:------------------------------------------------------------------------------------------------
2020-07-18 18:07:48,685:INFO:------------------------------------------------------------------------------------------------
2020-07-18 18:10:04,001:INFO:------------------------------------------------------------------------------------------------
2020-07-18 18:16:19,182:INFO:------------------------------------------------------------------------------------------------
2020-07-18 18:17:37,805:INFO:------------------------------------------------------------------------------------------------
2020-07-18 18:17:38,824:INFO:ДУГААРАА СОНГОЖ БУЙ ХЭСЭГ
2020-07-18 18:17:38,824:INFO:7
2020-07-18 18:25:36,861:INFO:------------------------------------------------------------------------------------------------
2020-07-18 18:25:38,652:INFO:ДУГААРАА СОНГОЖ БУЙ ХЭСЭГ
2020-07-18 18:25:38,652:INFO:7
2020-07-18 18:27:29,977:INFO:ДУГААРАА СОНГОЖ БУЙ ХЭСЭГ
2020-07-18 18:27:29,977:INFO:7
2020-07-18 18:27:54,742:INFO:------------------------------------------------------------------------------------------------
2020-07-18 18:31:44,912:INFO:------------------------------------------------------------------------------------------------
2020-07-18 18:40:47,880:INFO:ДУГААРАА СОНГОЖ БУЙ ХЭСЭГ
2020-07-18 18:40:47,880:INFO:7
2020-07-18 18:49:52,464:INFO:------------------------------------------------------------------------------------------------
2020-07-18 18:49:53,240:INFO:ДУГААРАА СОНГОЖ БУЙ ХЭСЭГ
2020-07-18 18:49:53,240:INFO:2
2020-07-18 18:50:06,923:INFO:ДУГААРАА СОНГОЖ БУЙ ХЭСЭГ
2020-07-18 18:50:06,923:INFO:2
2020-07-18 18:50:16,606:INFO:ДУГААРАА СОНГОЖ БУЙ ХЭСЭГ
2020-07-18 18:50:16,607:INFO:2
2020-07-18 18:50:31,073:INFO:ДУГААРЫН ҮНЭ
2020-07-18 18:50:31,077:INFO:5000
2020-07-18 18:50:55,317:INFO:------------------------------------------------------------------------------------------------
2020-07-18 18:53:15,143:INFO:------------------------------------------------------------------------------------------------
2020-07-18 18:53:36,933:INFO:ДУГААРАА СОНГОЖ БУЙ ХЭСЭГ
2020-07-18 18:53:36,933:INFO:2
2020-07-18 18:53:40,265:INFO:ДУГААРАА СОНГОЖ БУЙ ХЭСЭГ
2020-07-18 18:53:40,266:INFO:2
2020-07-18 18:54:03,138:INFO:------------------------------------------------------------------------------------------------
2020-07-18 18:55:04,394:INFO:ДУГААРАА СОНГОЖ БУЙ ХЭСЭГ
2020-07-18 18:55:04,394:INFO:7
2020-07-18 18:55:38,796:INFO:ДУГААРАА СОНГОЖ БУЙ ХЭСЭГ
2020-07-18 18:55:38,796:INFO:2
2020-07-18 19:07:48,802:INFO:------------------------------------------------------------------------------------------------
2020-07-18 19:10:04,081:INFO:------------------------------------------------------------------------------------------------
2020-07-18 19:28:17,439:INFO:ДУГААРАА СОНГОЖ БУЙ ХЭСЭГ
2020-07-18 19:28:17,440:INFO:2
2020-07-18 19:28:22,942:WARNING:Not Found: /favicon.ico
2020-07-18 19:31:44,959:INFO:------------------------------------------------------------------------------------------------
2020-07-18 19:51:00,770:INFO:------------------------------------------------------------------------------------------------
2020-07-18 19:53:20,023:INFO:------------------------------------------------------------------------------------------------
2020-07-18 19:54:07,761:INFO:------------------------------------------------------------------------------------------------
2020-07-18 20:07:48,912:INFO:------------------------------------------------------------------------------------------------
2020-07-18 20:51:06,089:INFO:------------------------------------------------------------------------------------------------
2020-07-18 20:53:24,888:INFO:------------------------------------------------------------------------------------------------
2020-07-18 20:54:12,367:INFO:------------------------------------------------------------------------------------------------
2020-07-18 21:17:11,975:INFO:ДУГААРАА СОНГОЖ БУЙ ХЭСЭГ
2020-07-18 21:17:11,976:INFO:2
2020-07-18 21:39:20,203:INFO:ДУГААРАА СОНГОЖ БУЙ ХЭСЭГ
2020-07-18 21:39:20,203:INFO:7
2020-07-18 21:39:28,432:WARNING:Not Found: /favicon.ico
2020-07-18 21:51:11,297:INFO:------------------------------------------------------------------------------------------------
2020-07-18 21:53:29,729:INFO:------------------------------------------------------------------------------------------------
2020-07-18 21:54:16,972:INFO:------------------------------------------------------------------------------------------------
2020-07-18 22:51:16,665:INFO:------------------------------------------------------------------------------------------------
2020-07-18 22:53:34,599:INFO:------------------------------------------------------------------------------------------------
2020-07-18 22:54:21,667:INFO:------------------------------------------------------------------------------------------------
2020-07-18 23:51:22,073:INFO:------------------------------------------------------------------------------------------------
2020-07-18 23:53:39,457:INFO:------------------------------------------------------------------------------------------------
2020-07-18 23:54:26,282:INFO:------------------------------------------------------------------------------------------------
2020-07-19 00:31:52,698:WARNING:Not Found: /
2020-07-19 00:51:27,344:INFO:------------------------------------------------------------------------------------------------
2020-07-19 00:53:44,319:INFO:------------------------------------------------------------------------------------------------
2020-07-19 00:54:30,885:INFO:------------------------------------------------------------------------------------------------
2020-07-19 01:51:32,641:INFO:------------------------------------------------------------------------------------------------
2020-07-19 01:53:49,144:INFO:------------------------------------------------------------------------------------------------
2020-07-19 01:54:35,516:INFO:------------------------------------------------------------------------------------------------
2020-07-19 02:51:38,064:INFO:------------------------------------------------------------------------------------------------
2020-07-19 02:53:54,029:INFO:------------------------------------------------------------------------------------------------
2020-07-19 02:54:40,345:INFO:------------------------------------------------------------------------------------------------
2020-07-19 03:51:43,252:INFO:------------------------------------------------------------------------------------------------
2020-07-19 03:53:58,878:INFO:------------------------------------------------------------------------------------------------
2020-07-19 03:54:44,954:INFO:------------------------------------------------------------------------------------------------
2020-07-19 04:51:48,521:INFO:------------------------------------------------------------------------------------------------
2020-07-19 04:54:03,746:INFO:------------------------------------------------------------------------------------------------
2020-07-19 04:54:49,563:INFO:------------------------------------------------------------------------------------------------
2020-07-19 05:51:53,763:INFO:------------------------------------------------------------------------------------------------
2020-07-19 05:54:08,591:INFO:------------------------------------------------------------------------------------------------
2020-07-19 05:54:54,265:INFO:------------------------------------------------------------------------------------------------
