2022-06-27 19:27:27,310:INFO:FilternumberBlockUnblock
2022-06-27 19:27:27,310:INFO:9888****
2022-06-27 19:27:27,312:INFO:0003ACC_QUERY:0|3|132|9888****|6
2022-06-27 19:27:27,529:INFO:------------------------------------------------------------------------------------------------
2022-06-27 19:27:28,054:INFO:98880296:6|98880349:6|98880359:6|98880378:6|98880382:6|98880451:6|98880468:6|98880485:6|98880539:6|98880549:6|98880568:6|98880571:6|98880572:6|98880593:6|98880673:6|98880872:6|98880958:6|98880971:6|98881046:6|98881073:6|98881239:6|98881276:6|98881359:6|98881361:6|98881375:6|98881391:6|98881405:6|98881435:6|98881452:6|98881460:6|98881462:6|98881465:6|98881470:6|98881475:6|98881495:6|98881509:6|98881524:6|98881532:6|98881534:6|98881541:6|98881546:6|98881569:6|98881577:6|98881583:6|98881584:6|98881586:6|98881587:6|98881593:6|98881596:6|98881597:6|98881609:6|98881613:6|98881627:6|98881632:6|98881635:6|98881641:6|98881643:6|98881647:6|98881649:6|98881655:6|98881656:6|98881657:6|98881671:6|98881674:6|98881675:6|98881684:6|98881685:6|98881693:6|98881695:6|98881712:6|98881724:6|98881730:6|98881749:6|98881751:6|98881752:6|98881753:6|98881762:6|98881763:6|98881772:6|98881776:6|98881794:6|98881827:6|98881835:6|98881847:6|98881849:6|98881854:6|98881862:6|98881912:6|98881914:6|98881922:6|98881925:6|98881936:6|98881942:6|98881946:6|98881947:6|98881963:6|98881973:6|98881975:6|98881976:6|98881983:6|98882036:6|98882041:6|98882052:6|98882053:6|98882072:6|98882077:6|98882093:6|98882096:6|98882097:6|98882106:6|98882107:6|98882114:6|98882139:6|98882143:6|98882145:6|98882146:6|98882149:6|98882150:6|98882153:6|98882154:6|98882157:6|98882162:6|98882164:6|98882169:6|98882170:6|98882173:6|98882175:6|98882178:6|98882179:6|98882182:6|98882187:6|98882193:6
2022-06-27 19:28:03,570:INFO:FilternumberBlockUnblock
2022-06-27 19:28:03,570:INFO:8383****
2022-06-27 19:28:03,571:INFO:0003ACC_QUERY:0|3|132|8383****|6
2022-06-27 19:28:06,144:INFO:-1
2022-06-27 19:28:15,191:INFO:FilternumberBlockUnblock
2022-06-27 19:28:15,191:INFO:8313****
2022-06-27 19:28:15,192:INFO:0003ACC_QUERY:0|3|132|8313****|6
2022-06-27 19:28:15,955:INFO:83130072:6|83130116:6|83130118:6|83130210:6|83130238:6|83130267:6|83130362:6|83130376:6|83130405:6|83130498:6|83130528:6|83130556:6|83130582:6|83130587:6|83130588:6|83130617:6|83130642:6|83130656:6|83130691:6|83130692:6|83130694:6|83130697:6|83130722:6|83130723:6|83130724:6|83130725:6|83130730:6|83130731:6|83130734:6|83130735:6|83130736:6|83130738:6|83130739:6|83130740:6|83130742:6|83130743:6|83130744:6|83130745:6|83130749:6|83130750:6|83130751:6|83130753:6|83130754:6|83130756:6|83130757:6|83130758:6|83130759:6|83130761:6|83130762:6|83130763:6|83130764:6|83130765:6|83130766:6|83130767:6|83130768:6|83130769:6|83130771:6|83130772:6|83130773:6|83130774:6|83130775:6|83130776:6|83130778:6|83130780:6|83130781:6|83130782:6|83130783:6|83130784:6|83130785:6|83130786:6|83130787:6|83130790:6|83130791:6|83130792:6|83130794:6|83130795:6|83130796:6|83130797:6|83130798:6|83130802:6|83130807:6|83130816:6|83130819:6|83130820:6|83130822:6|83130824:6|83130825:6|83130826:6|83130832:6|83130834:6|83130835:6|83130837:6|83130838:6|83130840:6|83130841:6|83130842:6|83130843:6|83130845:6|83130846:6|83130847:6|83130848:6|83130849:6|83130850:6|83130851:6|83130852:6|83130853:6|83130855:6|83130856:6|83130857:6|83130858:6|83130859:6|83130860:6|83130861:6|83130862:6|83130863:6|83130864:6|83130865:6|83130866:6|83130867:6|83130868:6|83130869:6|83130871:6|83130872:6|83130873:6|83130875:6|83130876:6|83130879:6|83130881:6|83130885:6|83130886:6|83130887:6|83130890:6
2022-06-27 19:28:22,159:INFO:FilternumberBlockUnblock
2022-06-27 19:28:22,159:INFO:8312****
2022-06-27 19:28:22,160:INFO:0003ACC_QUERY:0|3|132|8312****|6
2022-06-27 19:28:22,335:INFO:83120045:6|83120213:6|83120272:6|83120275:6|83120276:6|83120278:6|83120289:6|83120294:6|83120295:6|83120296:6|83120297:6|83120315:6|83120319:6|83120326:6|83120340:6|83120341:6|83120345:6|83120347:6|83120352:6|83120354:6|83120356:6|83120358:6|83120361:6|83120363:6|83120371:6|83120372:6|83120373:6|83120374:6|83120375:6|83120382:6|83120384:6|83120386:6|83120387:6|83120389:6|83120390:6|83120397:6|83120413:6|83120417:6|83120418:6|83120419:6|83120424:6|83120427:6|83120430:6|83120431:6|83120434:6|83120436:6|83120437:6|83120443:6|83120445:6|83120446:6|83120447:6|83120448:6|83120449:6|83120450:6|83120452:6|83120453:6|83120456:6|83120457:6|83120458:6|83120459:6|83120463:6|83120465:6|83120467:6|83120468:6|83120470:6|83120474:6|83120476:6|83120480:6|83120481:6|83120483:6|83120485:6|83120486:6|83120494:6|83120497:6|83120498:6|83120507:6|83120508:6|83120514:6|83120516:6|83120518:6|83120526:6|83120527:6|83120529:6|83120532:6|83120533:6|83120534:6|83120535:6|83120536:6|83120537:6|83120538:6|83120539:6|83120540:6|83120541:6|83120542:6|83120543:6|83120544:6|83120546:6|83120548:6|83120551:6|83120562:6|83120563:6|83120568:6|83120569:6|83120571:6|83120572:6|83120573:6|83120574:6|83120575:6|83120576:6|83120578:6|83120579:6|83120580:6|83120581:6|83120582:6|83120583:6|83120584:6|83120586:6|83120587:6|83120588:6|83120589:6|83120590:6|83120593:6|83120594:6|83120596:6|83120599:6|83120605:6|83120613:6|83120618:6|83120619:6|83120620:6|83120622:6|83120624:6
2022-06-27 19:28:27,833:INFO:ДУГААРЫН ҮНЭ
2022-06-27 19:28:27,838:INFO:5000
2022-06-27 19:28:43,814:INFO:ДУГААРЫН ҮНЭ
2022-06-27 19:28:43,818:INFO:5000
2022-06-27 19:29:11,094:INFO:ДУГААРЫН ЗАХИАЛГА
2022-06-27 19:29:11,094:INFO:user_ip: 192.168.15.152
2022-06-27 19:29:11,094:INFO:FilternumberBlockUnblock
2022-06-27 19:29:11,094:INFO:83120272
2022-06-27 19:29:11,096:INFO:0003Block:83120272|shuult-уп03220542|0|192.168.15.152|0|DShuult
2022-06-27 19:29:11,112:INFO:Success
2022-06-27 19:29:11,112:INFO:Хадгалсан дугаар: 83120272
2022-06-27 19:29:26,994:INFO:FilternumberBlockUnblock
2022-06-27 19:29:26,994:INFO:83120272
2022-06-27 19:29:26,995:INFO:0003ACC_QUERY:0|3|132|83120272|6
2022-06-27 19:29:27,742:INFO:-1
2022-06-27 19:29:27,757:INFO:FilternumberBlockUnblock
2022-06-27 19:29:27,757:INFO:83120272
2022-06-27 19:29:27,758:INFO:0003ACC_QUERY:0|3|132|83120272|6
2022-06-27 19:29:28,499:INFO:-1
2022-06-27 19:29:29,313:INFO:------------------------------------------------------------------------------------------------
2022-06-27 19:29:30,277:INFO:ДУГААРАА СОНГОЖ БУЙ ХЭСЭГ
2022-06-27 19:29:30,277:INFO:2
2022-06-27 19:29:36,167:INFO:FilternumberBlockUnblock
2022-06-27 19:29:36,167:INFO:8312****
2022-06-27 19:29:36,169:INFO:0003ACC_QUERY:0|3|132|8312****|6
2022-06-27 19:29:36,339:INFO:83120045:6|83120213:6|83120275:6|83120276:6|83120278:6|83120289:6|83120294:6|83120295:6|83120296:6|83120297:6|83120315:6|83120319:6|83120326:6|83120340:6|83120341:6|83120345:6|83120347:6|83120352:6|83120354:6|83120356:6|83120358:6|83120361:6|83120363:6|83120371:6|83120372:6|83120373:6|83120374:6|83120375:6|83120382:6|83120384:6|83120386:6|83120387:6|83120389:6|83120390:6|83120397:6|83120413:6|83120417:6|83120418:6|83120419:6|83120424:6|83120427:6|83120430:6|83120431:6|83120434:6|83120436:6|83120437:6|83120443:6|83120445:6|83120446:6|83120447:6|83120448:6|83120449:6|83120450:6|83120452:6|83120453:6|83120456:6|83120457:6|83120458:6|83120459:6|83120463:6|83120465:6|83120467:6|83120468:6|83120470:6|83120474:6|83120476:6|83120480:6|83120481:6|83120483:6|83120485:6|83120486:6|83120494:6|83120497:6|83120498:6|83120507:6|83120508:6|83120514:6|83120516:6|83120518:6|83120526:6|83120527:6|83120529:6|83120532:6|83120533:6|83120534:6|83120535:6|83120536:6|83120537:6|83120538:6|83120539:6|83120540:6|83120541:6|83120542:6|83120543:6|83120544:6|83120546:6|83120548:6|83120551:6|83120562:6|83120563:6|83120568:6|83120569:6|83120571:6|83120572:6|83120573:6|83120574:6|83120575:6|83120576:6|83120578:6|83120579:6|83120580:6|83120581:6|83120582:6|83120583:6|83120584:6|83120586:6|83120587:6|83120588:6|83120589:6|83120590:6|83120593:6|83120594:6|83120596:6|83120599:6|83120605:6|83120613:6|83120618:6|83120619:6|83120620:6|83120622:6|83120624:6|83120625:6
2022-06-27 19:32:51,037:INFO:FilternumberBlockUnblock
2022-06-27 19:32:51,038:INFO:83120272
2022-06-27 19:32:51,039:INFO:0003ACC_QUERY:0|3|132|83120272|6
2022-06-27 19:32:51,779:INFO:-1
2022-06-27 19:32:51,797:INFO:FilternumberBlockUnblock
2022-06-27 19:32:51,797:INFO:83120272
2022-06-27 19:32:51,799:INFO:0003ACC_QUERY:0|3|132|83120272|6
2022-06-27 19:32:52,541:INFO:-1
2022-06-27 19:39:47,823:INFO:ДУГААРАА СОНГОЖ БУЙ ХЭСЭГ
2022-06-27 19:39:47,824:INFO:2
2022-06-27 19:51:04,490:INFO:------------------------------------------------------------------------------------------------
2022-06-27 19:51:06,123:INFO:------------------------------------------------------------------------------------------------
2022-06-27 20:02:07,875:INFO:------------------------------------------------------------------------------------------------
2022-06-27 20:08:28,433:INFO:------------------------------------------------------------------------------------------------
2022-06-27 20:27:27,871:INFO:------------------------------------------------------------------------------------------------
2022-06-27 20:38:17,873:INFO:------------------------------------------------------------------------------------------------
2022-06-27 20:41:42,509:INFO:receive_sms_postpaid
2022-06-27 20:41:42,509:INFO:user_ip: 192.88.80.199
2022-06-27 20:41:42,509:INFO:98110906
2022-06-27 20:41:42,509:INFO:0906
2022-06-27 20:41:42,509:INFO:buscarNumeros
2022-06-27 20:41:42,510:INFO:az6
2022-06-27 20:41:42,771:INFO:socket_results[u'48010906:6', u'48030906:6', u'48050906:6', u'48520906:6', u'78000906:6', u'78010906:6', u'78020906:6', u'78030906:6', u'78040906:6', u'78050906:6', u'78060906:6', u'78070906:6', u'78080906:6', u'78090906:6', u'78100906:6', u'78110906:6', u'78130906:6', u'78140906:6', u'78150906:6', u'78170906:6', u'78180906:6', u'78190906:6', u'83010906:6', u'83020906:6', u'83030906:6', u'83040906:6', u'83050906:6', u'83070906:6', u'83080906:6', u'83100906:6', u'83110906:6', u'83180906:6', u'83190906:6', u'93010906:6', u'93020906:6', u'93040906:6', u'93050906:6', u'93100906:6', u'93220906:6', u'93230906:6', u'93240906:6', u'93280906:6', u'93320906:6', u'93360906:6', u'93390906:6', u'93410906:6', u'93420906:6', u'93450906:6', u'93470906:6', u'97010906:6', u'97020906:6', u'97030906:6', u'97040906:6', u'97050906:6', u'97060906:6', u'97070906:6', u'97080906:6', u'97100906:6', u'97150906:6', u'97180906:6', u'98370906:6', u'98460906:6', u'98670906:6', u'98850906:6', u'98960906:6']
2022-06-27 20:41:42,771:INFO:numbers[u'98960906', u'98850906', u'98670906', u'98460906', u'98370906', u'97180906', u'97150906', u'97100906', u'97080906', u'97070906', u'97060906', u'97050906', u'97040906', u'97030906', u'97020906', u'97010906', u'93470906', u'93450906', u'93420906', u'93410906', u'93390906', u'93360906', u'93320906', u'93280906', u'93240906', u'93230906', u'93220906', u'93100906', u'93050906', u'93040906', u'93020906', u'93010906', u'83190906', u'83180906', u'83110906', u'83100906', u'83080906', u'83070906', u'83050906', u'83040906', u'83030906', u'83020906', u'83010906', u'78190906', u'78180906', u'78170906', u'78150906', u'78140906', u'78130906', u'78110906', u'78100906', u'78090906', u'78080906', u'78070906', u'78060906', u'78050906', u'78040906', u'78030906', u'78020906', u'78010906', u'78000906', u'48520906', u'48050906', u'48030906', u'48010906']
2022-06-27 20:41:42,875:INFO:prepaid[98960906, 98850906, 98670906, 98370906, 97180906, 97150906, 93470906, 93450906, 93420906, 93410906]
2022-06-27 20:41:42,875:INFO:postpaid[97100906, 97080906, 97070906, 97060906, 97050906, 97040906, 97030906, 97020906, 97010906, 93100906]
2022-06-27 20:41:42,941:DEBUG:Starting new HTTP connection (1): 192.88.80.199:80
2022-06-27 20:41:42,972:DEBUG:http://192.88.80.199:80 "GET /cgi-bin/sendsms?username=n_search&password=search*0223&from=353&to=98110906&text=Ta%20Uridchilsan%20tulburt:%20%5B98960906,%2098850906,%2098670906,%2098370906,%2097180906,%2097150906,%2093470906,%2093450906,%2093420906,%2093410906%5D,%20Daraa%20tulburt:%20%5B97100906,%2097080906,%2097070906,%2097060906,%2097050906,%2097040906,%2097030906,%2097020906,%2097010906,%2093100906%5D%20dugaaruudaas%20songon%20avax%20bolomjtoi%20baina. HTTP/1.1" 200 24
2022-06-27 20:41:45,482:DEBUG:Starting new HTTP connection (1): 192.88.80.199:80
2022-06-27 20:41:45,510:DEBUG:http://192.88.80.199:80 "GET /cgi-bin/sendsms?username=n_search&password=search*0223&from=353&to=98110906&text=Tany%20songoson%20dugaaryg%20uur%20xereglegch%20avch%20bolzoshgui%20tul%20ta%20amjij%20www.gmobile.mn%20online%20salbar,%20uurt%20oir%20bairlax%20uilchilgeenii%20salbar,%20kiosk%20mashinaas%20avaarai. HTTP/1.1" 200 24
2022-06-27 20:41:48,020:DEBUG:Starting new HTTP connection (1): 192.88.80.199:80
2022-06-27 20:41:48,047:DEBUG:http://192.88.80.199:80 "GET /cgi-bin/sendsms?username=n_search&password=search*0223&from=353&to=98110906&text=Dugaaraa%20xadgaluulax%20bol%20songoson%20dugaaraa%20353%20dugaart%20ilgeene%20uu.%20Tany%20dugaaryg%203%20cag%20xadgalax%20bolomjtoi.%20Gmobile HTTP/1.1" 200 24
2022-06-27 20:48:53,377:INFO:ДУГААРАА СОНГОЖ БУЙ ХЭСЭГ
2022-06-27 20:48:53,378:INFO:2
2022-06-27 20:48:57,034:INFO:FilternumberBlockUnblock
2022-06-27 20:48:57,034:INFO:98**8888
2022-06-27 20:48:57,035:INFO:0003ACC_QUERY:0|3|132|98**8888|5
2022-06-27 20:48:57,816:INFO:-1
2022-06-27 20:48:59,539:INFO:FilternumberBlockUnblock
2022-06-27 20:48:59,539:INFO:97**8888
2022-06-27 20:48:59,541:INFO:0003ACC_QUERY:0|3|132|97**8888|5
2022-06-27 20:49:00,272:INFO:-1
2022-06-27 20:49:02,246:INFO:FilternumberBlockUnblock
2022-06-27 20:49:02,246:INFO:93**8888
2022-06-27 20:49:02,248:INFO:0003ACC_QUERY:0|3|132|93**8888|5
2022-06-27 20:49:06,212:INFO:-1
2022-06-27 20:49:08,259:INFO:FilternumberBlockUnblock
2022-06-27 20:49:08,260:INFO:83**8888
2022-06-27 20:49:08,261:INFO:0003ACC_QUERY:0|3|132|83**8888|5
2022-06-27 20:49:11,203:INFO:-1
2022-06-27 20:49:12,249:INFO:------------------------------------------------------------------------------------------------
2022-06-27 20:49:13,168:INFO:ДУГААРАА СОНГОЖ БУЙ ХЭСЭГ
2022-06-27 20:49:13,169:INFO:7
2022-06-27 20:49:16,921:INFO:FilternumberBlockUnblock
2022-06-27 20:49:16,921:INFO:98**8888
2022-06-27 20:49:16,923:INFO:0003ACC_QUERY:0|3|132|98**8888|5
2022-06-27 20:49:18,744:INFO:-1
2022-06-27 20:49:20,812:INFO:FilternumberBlockUnblock
2022-06-27 20:49:20,813:INFO:97**8888
2022-06-27 20:49:20,814:INFO:0003ACC_QUERY:0|3|132|97**8888|5
2022-06-27 20:49:21,546:INFO:-1
2022-06-27 20:49:23,507:INFO:FilternumberBlockUnblock
2022-06-27 20:49:23,507:INFO:93**8888
2022-06-27 20:49:23,509:INFO:0003ACC_QUERY:0|3|132|93**8888|5
2022-06-27 20:49:24,294:INFO:-1
2022-06-27 20:49:26,436:INFO:FilternumberBlockUnblock
2022-06-27 20:49:26,437:INFO:83**8888
2022-06-27 20:49:26,438:INFO:0003ACC_QUERY:0|3|132|83**8888|5
2022-06-27 20:49:27,003:INFO:-1
2022-06-27 20:49:29,953:INFO:------------------------------------------------------------------------------------------------
2022-06-27 20:49:30,993:INFO:ДУГААРАА СОНГОЖ БУЙ ХЭСЭГ
2022-06-27 20:49:30,993:INFO:7
2022-06-27 20:49:31,856:INFO:ДУГААРАА СОНГОЖ БУЙ ХЭСЭГ
2022-06-27 20:49:31,856:INFO:7
2022-06-27 20:49:34,006:INFO:FilternumberBlockUnblock
2022-06-27 20:49:34,006:INFO:98******
2022-06-27 20:49:34,008:INFO:0003ACC_QUERY:0|3|132|98******|5
2022-06-27 20:49:35,131:INFO:98062222:5|98246666:5|98473333:5|98513333:5|98612222:5|98862222:5|98957777:5
2022-06-27 20:49:42,009:INFO:------------------------------------------------------------------------------------------------
2022-06-27 20:49:48,066:INFO:ДУГААРАА СОНГОЖ БУЙ ХЭСЭГ
2022-06-27 20:49:48,066:INFO:2
2022-06-27 20:49:56,094:INFO:FilternumberBlockUnblock
2022-06-27 20:49:56,094:INFO:98**8888
2022-06-27 20:49:56,096:INFO:0003ACC_QUERY:0|3|132|98**8888|5
2022-06-27 20:49:56,876:INFO:-1
2022-06-27 20:49:59,420:INFO:FilternumberBlockUnblock
2022-06-27 20:49:59,420:INFO:97**8888
2022-06-27 20:49:59,422:INFO:0003ACC_QUERY:0|3|132|97**8888|5
2022-06-27 20:50:00,151:INFO:-1
2022-06-27 20:50:03,949:INFO:FilternumberBlockUnblock
2022-06-27 20:50:03,949:INFO:93**8888
2022-06-27 20:50:03,951:INFO:0003ACC_QUERY:0|3|132|93**8888|5
2022-06-27 20:50:07,763:INFO:-1
2022-06-27 20:50:10,148:INFO:FilternumberBlockUnblock
2022-06-27 20:50:10,148:INFO:83**8888
2022-06-27 20:50:10,150:INFO:0003ACC_QUERY:0|3|132|83**8888|5
2022-06-27 20:50:13,362:INFO:-1
2022-06-27 20:50:16,133:INFO:FilternumberBlockUnblock
2022-06-27 20:50:16,134:INFO:97**8888
2022-06-27 20:50:16,135:INFO:0003ACC_QUERY:0|3|132|97**8888|5
2022-06-27 20:50:18,593:INFO:-1
2022-06-27 20:50:21,311:INFO:FilternumberBlockUnblock
2022-06-27 20:50:21,311:INFO:98**8888
2022-06-27 20:50:21,313:INFO:0003ACC_QUERY:0|3|132|98**8888|5
2022-06-27 20:50:22,093:INFO:-1
2022-06-27 20:50:24,229:INFO:FilternumberBlockUnblock
2022-06-27 20:50:24,229:INFO:97**8888
2022-06-27 20:50:24,231:INFO:0003ACC_QUERY:0|3|132|97**8888|5
2022-06-27 20:50:24,961:INFO:-1
2022-06-27 20:50:27,151:INFO:FilternumberBlockUnblock
2022-06-27 20:50:27,151:INFO:93**8888
2022-06-27 20:50:27,152:INFO:0003ACC_QUERY:0|3|132|93**8888|5
2022-06-27 20:50:27,940:INFO:-1
2022-06-27 20:50:29,931:INFO:FilternumberBlockUnblock
2022-06-27 20:50:29,931:INFO:83**8888
2022-06-27 20:50:29,932:INFO:0003ACC_QUERY:0|3|132|83**8888|5
2022-06-27 20:50:30,501:INFO:-1
2022-06-27 20:50:32,642:INFO:------------------------------------------------------------------------------------------------
2022-06-27 20:51:05,047:INFO:------------------------------------------------------------------------------------------------
2022-06-27 20:54:11,519:INFO:receive_sms_postpaid
2022-06-27 20:54:11,519:INFO:user_ip: 192.88.80.199
2022-06-27 20:54:11,519:INFO:98110906
2022-06-27 20:54:11,520:INFO:97010906...97100906
2022-06-27 20:58:15,950:INFO:FilternumberBlockUnblock
2022-06-27 20:58:15,951:INFO:9812****
2022-06-27 20:58:15,952:INFO:0003ACC_QUERY:0|3|132|9812****|6
2022-06-27 20:58:16,872:INFO:98120468:6|98121046:6|98121428:6|98121604:6|98121937:6|98122285:6|98122400:6|98122475:6|98122511:6|98123766:6|98124233:6|98124354:6|98124358:6|98124359:6|98124360:6|98124361:6|98124363:6|98124364:6|98124365:6|98124366:6|98124370:6|98124372:6|98124374:6|98124375:6|98124379:6|98124380:6|98124381:6|98124382:6|98124383:6|98124384:6|98124387:6|98124389:6|98124390:6|98124391:6|98124392:6|98124393:6|98124395:6|98124396:6|98124397:6|98124406:6|98124416:6|98124417:6|98124418:6|98124419:6|98124427:6|98124429:6|98124431:6|98124435:6|98124436:6|98124437:6|98124439:6|98124443:6|98124456:6|98124459:6|98124463:6|98124464:6|98124465:6|98124469:6|98124470:6|98124471:6|98124472:6|98124476:6|98124479:6|98124481:6|98124482:6|98124483:6|98124485:6|98124486:6|98124487:6|98124490:6|98124491:6|98124496:6|98124497:6|98124502:6|98124504:6|98124506:6|98124508:6|98124509:6|98124513:6|98124514:6|98124516:6|98124517:6|98124518:6|98124519:6|98124521:6|98124523:6|98124524:6|98124528:6|98124529:6|98124531:6|98124532:6|98124534:6|98124536:6|98124538:6|98124539:6|98124541:6|98124542:6|98124551:6|98124557:6|98124558:6|98124560:6|98124561:6|98124562:6|98124564:6|98124568:6|98124569:6|98124570:6|98124572:6|98124573:6|98124576:6|98124578:6|98124579:6|98124581:6|98124582:6|98124583:6|98124584:6|98124585:6|98124586:6|98124589:6|98124590:6|98124591:6|98124593:6|98124594:6|98124599:6|98124601:6|98124602:6|98124603:6|98124604:6|98124605:6|98124606:6|98124607:6|98124614:6
2022-06-27 20:58:27,431:INFO:FilternumberBlockUnblock
2022-06-27 20:58:27,431:INFO:9812****
2022-06-27 20:58:27,432:INFO:0003ACC_QUERY:0|3|132|9812****|6
2022-06-27 20:58:27,943:INFO:98120468:6|98121046:6|98121428:6|98121604:6|98121937:6|98122285:6|98122400:6|98122475:6|98122511:6|98123766:6|98124233:6|98124354:6|98124358:6|98124359:6|98124360:6|98124361:6|98124363:6|98124364:6|98124365:6|98124366:6|98124370:6|98124372:6|98124374:6|98124375:6|98124379:6|98124380:6|98124381:6|98124382:6|98124383:6|98124384:6|98124387:6|98124389:6|98124390:6|98124391:6|98124392:6|98124393:6|98124395:6|98124396:6|98124397:6|98124406:6|98124416:6|98124417:6|98124418:6|98124419:6|98124427:6|98124429:6|98124431:6|98124435:6|98124436:6|98124437:6|98124439:6|98124443:6|98124456:6|98124459:6|98124463:6|98124464:6|98124465:6|98124469:6|98124470:6|98124471:6|98124472:6|98124476:6|98124479:6|98124481:6|98124482:6|98124483:6|98124485:6|98124486:6|98124487:6|98124490:6|98124491:6|98124496:6|98124497:6|98124502:6|98124504:6|98124506:6|98124508:6|98124509:6|98124513:6|98124514:6|98124516:6|98124517:6|98124518:6|98124519:6|98124521:6|98124523:6|98124524:6|98124528:6|98124529:6|98124531:6|98124532:6|98124534:6|98124536:6|98124538:6|98124539:6|98124541:6|98124542:6|98124551:6|98124557:6|98124558:6|98124560:6|98124561:6|98124562:6|98124564:6|98124568:6|98124569:6|98124570:6|98124572:6|98124573:6|98124576:6|98124578:6|98124579:6|98124581:6|98124582:6|98124583:6|98124584:6|98124585:6|98124586:6|98124589:6|98124590:6|98124591:6|98124593:6|98124594:6|98124599:6|98124601:6|98124602:6|98124603:6|98124604:6|98124605:6|98124606:6|98124607:6|98124614:6
2022-06-27 20:58:29,961:INFO:FilternumberBlockUnblock
2022-06-27 20:58:29,962:INFO:9812****
2022-06-27 20:58:29,963:INFO:0003ACC_QUERY:0|3|132|9812****|6
2022-06-27 20:58:30,475:INFO:98120468:6|98121046:6|98121428:6|98121604:6|98121937:6|98122285:6|98122400:6|98122475:6|98122511:6|98123766:6|98124233:6|98124354:6|98124358:6|98124359:6|98124360:6|98124361:6|98124363:6|98124364:6|98124365:6|98124366:6|98124370:6|98124372:6|98124374:6|98124375:6|98124379:6|98124380:6|98124381:6|98124382:6|98124383:6|98124384:6|98124387:6|98124389:6|98124390:6|98124391:6|98124392:6|98124393:6|98124395:6|98124396:6|98124397:6|98124406:6|98124416:6|98124417:6|98124418:6|98124419:6|98124427:6|98124429:6|98124431:6|98124435:6|98124436:6|98124437:6|98124439:6|98124443:6|98124456:6|98124459:6|98124463:6|98124464:6|98124465:6|98124469:6|98124470:6|98124471:6|98124472:6|98124476:6|98124479:6|98124481:6|98124482:6|98124483:6|98124485:6|98124486:6|98124487:6|98124490:6|98124491:6|98124496:6|98124497:6|98124502:6|98124504:6|98124506:6|98124508:6|98124509:6|98124513:6|98124514:6|98124516:6|98124517:6|98124518:6|98124519:6|98124521:6|98124523:6|98124524:6|98124528:6|98124529:6|98124531:6|98124532:6|98124534:6|98124536:6|98124538:6|98124539:6|98124541:6|98124542:6|98124551:6|98124557:6|98124558:6|98124560:6|98124561:6|98124562:6|98124564:6|98124568:6|98124569:6|98124570:6|98124572:6|98124573:6|98124576:6|98124578:6|98124579:6|98124581:6|98124582:6|98124583:6|98124584:6|98124585:6|98124586:6|98124589:6|98124590:6|98124591:6|98124593:6|98124594:6|98124599:6|98124601:6|98124602:6|98124603:6|98124604:6|98124605:6|98124606:6|98124607:6|98124614:6
2022-06-27 20:58:36,085:INFO:FilternumberBlockUnblock
2022-06-27 20:58:36,086:INFO:9812****
2022-06-27 20:58:36,087:INFO:0003ACC_QUERY:0|3|132|9812****|6
2022-06-27 20:58:36,603:INFO:98120468:6|98121046:6|98121428:6|98121604:6|98121937:6|98122285:6|98122400:6|98122475:6|98122511:6|98123766:6|98124233:6|98124354:6|98124358:6|98124359:6|98124360:6|98124361:6|98124363:6|98124364:6|98124365:6|98124366:6|98124370:6|98124372:6|98124374:6|98124375:6|98124379:6|98124380:6|98124381:6|98124382:6|98124383:6|98124384:6|98124387:6|98124389:6|98124390:6|98124391:6|98124392:6|98124393:6|98124395:6|98124396:6|98124397:6|98124406:6|98124416:6|98124417:6|98124418:6|98124419:6|98124427:6|98124429:6|98124431:6|98124435:6|98124436:6|98124437:6|98124439:6|98124443:6|98124456:6|98124459:6|98124463:6|98124464:6|98124465:6|98124469:6|98124470:6|98124471:6|98124472:6|98124476:6|98124479:6|98124481:6|98124482:6|98124483:6|98124485:6|98124486:6|98124487:6|98124490:6|98124491:6|98124496:6|98124497:6|98124502:6|98124504:6|98124506:6|98124508:6|98124509:6|98124513:6|98124514:6|98124516:6|98124517:6|98124518:6|98124519:6|98124521:6|98124523:6|98124524:6|98124528:6|98124529:6|98124531:6|98124532:6|98124534:6|98124536:6|98124538:6|98124539:6|98124541:6|98124542:6|98124551:6|98124557:6|98124558:6|98124560:6|98124561:6|98124562:6|98124564:6|98124568:6|98124569:6|98124570:6|98124572:6|98124573:6|98124576:6|98124578:6|98124579:6|98124581:6|98124582:6|98124583:6|98124584:6|98124585:6|98124586:6|98124589:6|98124590:6|98124591:6|98124593:6|98124594:6|98124599:6|98124601:6|98124602:6|98124603:6|98124604:6|98124605:6|98124606:6|98124607:6|98124614:6
2022-06-27 20:58:40,951:INFO:FilternumberBlockUnblock
2022-06-27 20:58:40,952:INFO:9812****
2022-06-27 20:58:40,953:INFO:0003ACC_QUERY:0|3|132|9812****|6
2022-06-27 20:58:41,462:INFO:98120468:6|98121046:6|98121428:6|98121604:6|98121937:6|98122285:6|98122400:6|98122475:6|98122511:6|98123766:6|98124233:6|98124354:6|98124358:6|98124359:6|98124360:6|98124361:6|98124363:6|98124364:6|98124365:6|98124366:6|98124370:6|98124372:6|98124374:6|98124375:6|98124379:6|98124380:6|98124381:6|98124382:6|98124383:6|98124384:6|98124387:6|98124389:6|98124390:6|98124391:6|98124392:6|98124393:6|98124395:6|98124396:6|98124397:6|98124406:6|98124416:6|98124417:6|98124418:6|98124419:6|98124427:6|98124429:6|98124431:6|98124435:6|98124436:6|98124437:6|98124439:6|98124443:6|98124456:6|98124459:6|98124463:6|98124464:6|98124465:6|98124469:6|98124470:6|98124471:6|98124472:6|98124476:6|98124479:6|98124481:6|98124482:6|98124483:6|98124485:6|98124486:6|98124487:6|98124490:6|98124491:6|98124496:6|98124497:6|98124502:6|98124504:6|98124506:6|98124508:6|98124509:6|98124513:6|98124514:6|98124516:6|98124517:6|98124518:6|98124519:6|98124521:6|98124523:6|98124524:6|98124528:6|98124529:6|98124531:6|98124532:6|98124534:6|98124536:6|98124538:6|98124539:6|98124541:6|98124542:6|98124551:6|98124557:6|98124558:6|98124560:6|98124561:6|98124562:6|98124564:6|98124568:6|98124569:6|98124570:6|98124572:6|98124573:6|98124576:6|98124578:6|98124579:6|98124581:6|98124582:6|98124583:6|98124584:6|98124585:6|98124586:6|98124589:6|98124590:6|98124591:6|98124593:6|98124594:6|98124599:6|98124601:6|98124602:6|98124603:6|98124604:6|98124605:6|98124606:6|98124607:6|98124614:6
2022-06-27 20:58:57,443:INFO:FilternumberBlockUnblock
2022-06-27 20:58:57,444:INFO:981222**
2022-06-27 20:58:57,445:INFO:0003ACC_QUERY:0|3|132|981222**|6
2022-06-27 20:58:58,221:INFO:98122285:6
2022-06-27 20:59:01,981:INFO:FilternumberBlockUnblock
2022-06-27 20:59:01,981:INFO:981221**
2022-06-27 20:59:01,982:INFO:0003ACC_QUERY:0|3|132|981221**|6
2022-06-27 20:59:04,943:INFO:-1
2022-06-27 20:59:11,433:INFO:FilternumberBlockUnblock
2022-06-27 20:59:11,434:INFO:98121***
2022-06-27 20:59:11,435:INFO:0003ACC_QUERY:0|3|132|98121***|6
2022-06-27 20:59:13,863:INFO:98121046:6|98121428:6|98121604:6|98121937:6
2022-06-27 20:59:27,528:INFO:FilternumberBlockUnblock
2022-06-27 20:59:27,529:INFO:98122***
2022-06-27 20:59:27,532:INFO:0003ACC_QUERY:0|3|132|98122***|6
2022-06-27 20:59:28,522:INFO:98122285:6|98122400:6|98122475:6|98122511:6
2022-06-27 20:59:32,569:INFO:ДУГААРЫН ҮНЭ
2022-06-27 20:59:32,574:INFO:5000
2022-06-27 21:00:13,194:INFO:ДУГААРАА СОНГОЖ БУЙ ХЭСЭГ
2022-06-27 21:00:13,195:INFO:2
2022-06-27 21:00:14,409:INFO:------------------------------------------------------------------------------------------------
2022-06-27 21:00:16,327:INFO:ДУГААРАА СОНГОЖ БУЙ ХЭСЭГ
2022-06-27 21:00:16,327:INFO:2
2022-06-27 21:00:29,369:INFO:FilternumberBlockUnblock
2022-06-27 21:00:29,369:INFO:98122400
2022-06-27 21:00:29,370:INFO:0003ACC_QUERY:0|3|132|98122400|6
2022-06-27 21:00:30,310:INFO:98122400:6
2022-06-27 21:00:30,333:INFO:FilternumberBlockUnblock
2022-06-27 21:00:30,333:INFO:98122400
2022-06-27 21:00:30,335:INFO:0003ACC_QUERY:0|3|132|98122400|6
2022-06-27 21:00:30,920:INFO:ДУГААРЫН ҮНЭ
2022-06-27 21:00:30,925:INFO:5000
2022-06-27 21:00:31,282:INFO:98122400:6
2022-06-27 21:00:48,526:INFO:ДУГААРЫН ҮНЭ
2022-06-27 21:00:48,533:INFO:5000
2022-06-27 21:00:50,379:INFO:------------------------------------------------------------------------------------------------
2022-06-27 21:00:51,544:INFO:ДУГААРАА СОНГОЖ БУЙ ХЭСЭГ
2022-06-27 21:00:51,544:INFO:2
2022-06-27 21:01:01,135:INFO:FilternumberBlockUnblock
2022-06-27 21:01:01,135:INFO:98122400
2022-06-27 21:01:01,136:INFO:0003ACC_QUERY:0|3|132|98122400|6
2022-06-27 21:01:04,100:INFO:98122400:6
2022-06-27 21:01:04,122:INFO:FilternumberBlockUnblock
2022-06-27 21:01:04,122:INFO:98122400
2022-06-27 21:01:04,124:INFO:0003ACC_QUERY:0|3|132|98122400|6
2022-06-27 21:01:05,056:INFO:ДУГААРЫН ҮНЭ
2022-06-27 21:01:05,060:INFO:5000
2022-06-27 21:01:08,450:INFO:98122400:6
2022-06-27 21:25:57,822:INFO:------------------------------------------------------------------------------------------------
2022-06-27 21:50:32,885:INFO:------------------------------------------------------------------------------------------------
2022-06-27 21:51:05,409:INFO:------------------------------------------------------------------------------------------------
2022-06-27 22:09:47,106:INFO:receive_sms_postpaid
2022-06-27 22:09:47,106:INFO:user_ip: 192.88.80.199
2022-06-27 22:09:47,106:INFO:98898527
2022-06-27 22:09:47,106:INFO:0207
2022-06-27 22:09:47,106:INFO:buscarNumeros
2022-06-27 22:09:47,106:INFO:az6
2022-06-27 22:09:47,344:INFO:socket_results[u'48000207:6', u'48010207:6', u'48030207:6', u'48050207:6', u'78010207:6', u'78030207:6', u'78040207:6', u'78050207:6', u'78060207:6', u'78070207:6', u'78080207:6', u'78090207:6', u'78100207:6', u'78110207:6', u'78140207:6', u'78150207:6', u'78170207:6', u'78190207:6', u'83000207:6', u'83010207:6', u'83030207:6', u'83040207:6', u'83060207:6', u'83070207:6', u'83080207:6', u'83090207:6', u'83100207:6', u'83160207:6', u'83170207:6', u'93000207:6', u'93050207:6', u'93080207:6', u'93090207:6', u'93100207:6', u'93210207:6', u'93230207:6', u'93260207:6', u'93290207:6', u'93310207:6', u'93320207:6', u'93340207:6', u'93360207:6', u'93410207:6', u'93450207:6', u'93460207:6', u'97030207:6', u'97040207:6', u'97050207:6', u'97060207:6', u'97080207:6', u'97090207:6', u'97130207:6', u'97140207:6', u'98060207:6', u'98090207:6', u'98230207:6']
2022-06-27 22:09:47,345:INFO:numbers[u'98230207', u'98090207', u'98060207', u'97140207', u'97130207', u'97090207', u'97080207', u'97060207', u'97050207', u'97040207', u'97030207', u'93460207', u'93450207', u'93410207', u'93360207', u'93340207', u'93320207', u'93310207', u'93290207', u'93260207', u'93230207', u'93210207', u'93100207', u'93090207', u'93080207', u'93050207', u'93000207', u'83170207', u'83160207', u'83100207', u'83090207', u'83080207', u'83070207', u'83060207', u'83040207', u'83030207', u'83010207', u'83000207', u'78190207', u'78170207', u'78150207', u'78140207', u'78110207', u'78100207', u'78090207', u'78080207', u'78070207', u'78060207', u'78050207', u'78040207', u'78030207', u'78010207', u'48050207', u'48030207', u'48010207', u'48000207']
2022-06-27 22:09:47,443:INFO:prepaid[98230207, 97140207, 97130207, 93460207, 93450207, 93410207, 93360207, 93340207, 93320207, 93310207]
2022-06-27 22:09:47,443:INFO:postpaid[98090207, 98060207, 97090207, 97080207, 97060207, 97050207, 97040207, 97030207, 93100207, 93090207]
2022-06-27 22:09:47,449:DEBUG:Starting new HTTP connection (1): 192.88.80.199:80
2022-06-27 22:09:47,477:DEBUG:http://192.88.80.199:80 "GET /cgi-bin/sendsms?username=n_search&password=search*0223&from=353&to=98898527&text=Ta%20Uridchilsan%20tulburt:%20%5B98230207,%2097140207,%2097130207,%2093460207,%2093450207,%2093410207,%2093360207,%2093340207,%2093320207,%2093310207%5D,%20Daraa%20tulburt:%20%5B98090207,%2098060207,%2097090207,%2097080207,%2097060207,%2097050207,%2097040207,%2097030207,%2093100207,%2093090207%5D%20dugaaruudaas%20songon%20avax%20bolomjtoi%20baina. HTTP/1.1" 200 24
2022-06-27 22:09:49,986:DEBUG:Starting new HTTP connection (1): 192.88.80.199:80
2022-06-27 22:09:50,013:DEBUG:http://192.88.80.199:80 "GET /cgi-bin/sendsms?username=n_search&password=search*0223&from=353&to=98898527&text=Tany%20songoson%20dugaaryg%20uur%20xereglegch%20avch%20bolzoshgui%20tul%20ta%20amjij%20www.gmobile.mn%20online%20salbar,%20uurt%20oir%20bairlax%20uilchilgeenii%20salbar,%20kiosk%20mashinaas%20avaarai. HTTP/1.1" 200 24
2022-06-27 22:09:52,523:DEBUG:Starting new HTTP connection (1): 192.88.80.199:80
2022-06-27 22:09:52,550:DEBUG:http://192.88.80.199:80 "GET /cgi-bin/sendsms?username=n_search&password=search*0223&from=353&to=98898527&text=Dugaaraa%20xadgaluulax%20bol%20songoson%20dugaaraa%20353%20dugaart%20ilgeene%20uu.%20Tany%20dugaaryg%203%20cag%20xadgalax%20bolomjtoi.%20Gmobile HTTP/1.1" 200 24
2022-06-27 22:10:34,647:INFO:receive_sms_postpaid
2022-06-27 22:10:34,648:INFO:user_ip: 192.88.80.199
2022-06-27 22:10:34,648:INFO:98898527
2022-06-27 22:10:34,648:INFO:2277
2022-06-27 22:10:34,648:INFO:buscarNumeros
2022-06-27 22:10:34,648:INFO:az7
2022-06-27 22:10:34,891:INFO:socket_results[u'48002277:7', u'48012277:7', u'48032277:7', u'48042277:7', u'78002277:7', u'78012277:7', u'78022277:7', u'78032277:7', u'78042277:7', u'78052277:7', u'78062277:7', u'78072277:7', u'78082277:7', u'78092277:7', u'78102277:7', u'78112277:7', u'78122277:7', u'78132277:7', u'78142277:7', u'78152277:7', u'78162277:7', u'78172277:7', u'78182277:7', u'78192277:7', u'83012277:7', u'83022277:7', u'83032277:7', u'83042277:7', u'83052277:7', u'83062277:7', u'83072277:7', u'83082277:7', u'83092277:7', u'83102277:7', u'83122277:7', u'83132277:7', u'83142277:7', u'83152277:7', u'83162277:7', u'83172277:7', u'83182277:7', u'92122277:7', u'93042277:7', u'93052277:7', u'93062277:7', u'93082277:7', u'93092277:7', u'93142277:7', u'93152277:7', u'93162277:7', u'93172277:7', u'93182277:7', u'93192277:7', u'93202277:7', u'93212277:7', u'93242277:7', u'93252277:7', u'93272277:7', u'93282277:7', u'93292277:7', u'93302277:7', u'93312277:7', u'93322277:7', u'93342277:7', u'93352277:7', u'93362277:7', u'93372277:7', u'93382277:7', u'93402277:7', u'93412277:7', u'93432277:7', u'93452277:7', u'93462277:7', u'93472277:7', u'97012277:7', u'97032277:7', u'97052277:7', u'97062277:7', u'97082277:7', u'97122277:7', u'97132277:7', u'97142277:7', u'97152277:7', u'97162277:7', u'97182277:7', u'97192277:7', u'98252277:7', u'98262277:7', u'98302277:7', u'98312277:7', u'98322277:7', u'98382277:7', u'98422277:7', u'98432277:7', u'98452277:7', u'98462277:7', u'98472277:7', u'98512277:7', u'98562277:7', u'98592277:7', u'98632277:7', u'98642277:7', u'98652277:7', u'98912277:7']
2022-06-27 22:10:34,891:INFO:numbers[u'98912277', u'98652277', u'98642277', u'98632277', u'98592277', u'98562277', u'98512277', u'98472277', u'98462277', u'98452277', u'98432277', u'98422277', u'98382277', u'98322277', u'98312277', u'98302277', u'98262277', u'98252277', u'97192277', u'97182277', u'97162277', u'97152277', u'97142277', u'97132277', u'97122277', u'97082277', u'97062277', u'97052277', u'97032277', u'97012277', u'93472277', u'93462277', u'93452277', u'93432277', u'93412277', u'93402277', u'93382277', u'93372277', u'93362277', u'93352277', u'93342277', u'93322277', u'93312277', u'93302277', u'93292277', u'93282277', u'93272277', u'93252277', u'93242277', u'93212277', u'93202277', u'93192277', u'93182277', u'93172277', u'93162277', u'93152277', u'93142277', u'93092277', u'93082277', u'93062277', u'93052277', u'93042277', u'92122277', u'83182277', u'83172277', u'83162277', u'83152277', u'83142277', u'83132277', u'83122277', u'83102277', u'83092277', u'83082277', u'83072277', u'83062277', u'83052277', u'83042277', u'83032277', u'83022277', u'83012277', u'78192277', u'78182277', u'78172277', u'78162277', u'78152277', u'78142277', u'78132277', u'78122277', u'78112277', u'78102277', u'78092277', u'78082277', u'78072277', u'78062277', u'78052277', u'78042277', u'78032277', u'78022277', u'78012277', u'78002277', u'48042277', u'48032277', u'48012277', u'48002277']
2022-06-27 22:10:35,062:INFO:prepaid[98912277, 98652277, 98642277, 98632277, 98592277, 98562277, 98512277, 98472277, 98432277, 98422277]
2022-06-27 22:10:35,063:INFO:postpaid[97082277, 97062277, 97052277, 97032277, 97012277, 93092277, 93082277, 93062277, 93052277, 93042277]
2022-06-27 22:10:35,069:DEBUG:Starting new HTTP connection (1): 192.88.80.199:80
2022-06-27 22:10:35,103:DEBUG:http://192.88.80.199:80 "GET /cgi-bin/sendsms?username=n_search&password=search*0223&from=353&to=98898527&text=Ta%20Uridchilsan%20tulburt:%20%5B98912277,%2098652277,%2098642277,%2098632277,%2098592277,%2098562277,%2098512277,%2098472277,%2098432277,%2098422277%5D,%20Daraa%20tulburt:%20%5B97082277,%2097062277,%2097052277,%2097032277,%2097012277,%2093092277,%2093082277,%2093062277,%2093052277,%2093042277%5D%20mungun%20dugaaruudaas%20songon%20avax%20bolomjtoi%20baina.%20Une:50,000T HTTP/1.1" 200 24
2022-06-27 22:10:37,613:DEBUG:Starting new HTTP connection (1): 192.88.80.199:80
2022-06-27 22:10:37,642:DEBUG:http://192.88.80.199:80 "GET /cgi-bin/sendsms?username=n_search&password=search*0223&from=353&to=98898527&text=Tany%20songoson%20dugaaryg%20uur%20xereglegch%20avch%20bolzoshgui%20tul%20ta%20amjij%20www.gmobile.mn%20online%20salbar,%20uurt%20oir%20bairlax%20uilchilgeenii%20salbar,%20kiosk%20mashinaas%20avaarai. HTTP/1.1" 200 24
2022-06-27 22:10:40,152:DEBUG:Starting new HTTP connection (1): 192.88.80.199:80
2022-06-27 22:10:40,180:DEBUG:http://192.88.80.199:80 "GET /cgi-bin/sendsms?username=n_search&password=search*0223&from=353&to=98898527&text=Dugaaraa%20xadgaluulax%20bol%20songoson%20dugaaraa%20353%20dugaart%20ilgeene%20uu.%20Tany%20dugaaryg%203%20cag%20xadgalax%20bolomjtoi.%20Gmobile HTTP/1.1" 200 24
2022-06-27 22:11:20,993:INFO:receive_sms_postpaid
2022-06-27 22:11:20,993:INFO:user_ip: 192.88.80.199
2022-06-27 22:11:20,994:INFO:98898527
2022-06-27 22:11:20,994:INFO:1005
2022-06-27 22:11:20,994:INFO:buscarNumeros
2022-06-27 22:11:20,994:INFO:az6
2022-06-27 22:11:21,233:INFO:socket_results[u'48011005:6', u'48031005:6', u'48051005:6', u'48521005:6', u'78001005:6', u'78011005:6', u'78021005:6', u'78031005:6', u'78051005:6', u'78061005:6', u'78071005:6', u'78081005:6', u'78091005:6', u'78101005:6', u'78111005:6', u'78131005:6', u'78141005:6', u'78151005:6', u'78161005:6', u'78191005:6', u'83021005:6', u'83031005:6', u'83041005:6', u'83051005:6', u'83061005:6', u'83071005:6', u'83081005:6', u'83091005:6', u'83101005:6', u'83131005:6', u'83141005:6', u'83161005:6', u'93021005:6', u'93031005:6', u'93041005:6', u'93071005:6', u'93091005:6', u'93461005:6', u'97021005:6', u'97031005:6', u'97041005:6', u'97051005:6', u'97061005:6', u'97071005:6', u'98061005:6', u'98321005:6', u'98591005:6', u'98641005:6']
2022-06-27 22:11:21,233:INFO:numbers[u'98641005', u'98591005', u'98321005', u'98061005', u'97071005', u'97061005', u'97051005', u'97041005', u'97031005', u'97021005', u'93461005', u'93091005', u'93071005', u'93041005', u'93031005', u'93021005', u'83161005', u'83141005', u'83131005', u'83101005', u'83091005', u'83081005', u'83071005', u'83061005', u'83051005', u'83041005', u'83031005', u'83021005', u'78191005', u'78161005', u'78151005', u'78141005', u'78131005', u'78111005', u'78101005', u'78091005', u'78081005', u'78071005', u'78061005', u'78051005', u'78031005', u'78021005', u'78011005', u'78001005', u'48521005', u'48051005', u'48031005', u'48011005']
2022-06-27 22:11:21,375:INFO:prepaid[98641005, 98591005, 98321005, 93461005, 83161005, 83141005, 83131005]
2022-06-27 22:11:21,375:INFO:postpaid[98061005, 97071005, 97061005, 97051005, 97041005, 97031005, 97021005, 93091005, 93071005, 93041005]
2022-06-27 22:11:21,381:DEBUG:Starting new HTTP connection (1): 192.88.80.199:80
2022-06-27 22:11:21,410:DEBUG:http://192.88.80.199:80 "GET /cgi-bin/sendsms?username=n_search&password=search*0223&from=353&to=98898527&text=Ta%20Uridchilsan%20tulburt:%20%5B98641005,%2098591005,%2098321005,%2093461005,%2083161005,%2083141005,%2083131005%5D,%20Daraa%20tulburt:%20%5B98061005,%2097071005,%2097061005,%2097051005,%2097041005,%2097031005,%2097021005,%2093091005,%2093071005,%2093041005%5D%20dugaaruudaas%20songon%20avax%20bolomjtoi%20baina. HTTP/1.1" 200 24
2022-06-27 22:11:23,920:DEBUG:Starting new HTTP connection (1): 192.88.80.199:80
2022-06-27 22:11:23,947:DEBUG:http://192.88.80.199:80 "GET /cgi-bin/sendsms?username=n_search&password=search*0223&from=353&to=98898527&text=Tany%20songoson%20dugaaryg%20uur%20xereglegch%20avch%20bolzoshgui%20tul%20ta%20amjij%20www.gmobile.mn%20online%20salbar,%20uurt%20oir%20bairlax%20uilchilgeenii%20salbar,%20kiosk%20mashinaas%20avaarai. HTTP/1.1" 200 24
2022-06-27 22:11:26,456:DEBUG:Starting new HTTP connection (1): 192.88.80.199:80
2022-06-27 22:11:26,489:DEBUG:http://192.88.80.199:80 "GET /cgi-bin/sendsms?username=n_search&password=search*0223&from=353&to=98898527&text=Dugaaraa%20xadgaluulax%20bol%20songoson%20dugaaraa%20353%20dugaart%20ilgeene%20uu.%20Tany%20dugaaryg%203%20cag%20xadgalax%20bolomjtoi.%20Gmobile HTTP/1.1" 200 24
2022-06-27 22:24:49,936:INFO:------------------------------------------------------------------------------------------------
2022-06-27 22:24:51,765:INFO:ДУГААРАА СОНГОЖ БУЙ ХЭСЭГ
2022-06-27 22:24:51,766:INFO:7
2022-06-27 22:24:52,374:WARNING:Not Found: /favicon.ico
2022-06-27 22:24:54,978:INFO:ДУГААРАА СОНГОЖ БУЙ ХЭСЭГ
2022-06-27 22:24:54,978:INFO:7
2022-06-27 22:25:11,617:INFO:ДУГААРАА СОНГОЖ БУЙ ХЭСЭГ
2022-06-27 22:25:11,617:INFO:7
2022-06-27 22:25:18,642:INFO:FilternumberBlockUnblock
2022-06-27 22:25:18,643:INFO:98******
2022-06-27 22:25:18,644:INFO:0003ACC_QUERY:0|3|132|98******|7
2022-06-27 22:25:19,728:INFO:98024466:7|98031100:7|98037722:7|98047755:7|98054433:7|98056622:7|98057722:7|98057744:7|98059922:7|98064433:7|98064477:7|98070044:7|98073300:7|98073311:7|98078822:7|98097744:7|98156622:7|98157711:7|98157733:7|98157744:7|98158844:7|98159944:7|98162299:7|98163377:7|98164400:7|98164433:7|98165500:7|98165511:7|98167755:7|98168822:7|98168877:7|98169977:7|98170055:7|98173311:7|98175588:7|98176600:7|98176633:7|98176644:7|98177700:7|98178800:7|98178822:7|98187744:7|98195544:7|98197711:7|98201166:7|98203322:7|98203388:7|98204422:7|98204477:7|98206622:7|98206644:7|98207711:7|98207722:7|98207744:7|98207755:7|98207766:7|98208844:7|98208877:7|98210033:7|98210055:7|98210066:7|98210077:7|98211144:7|98211177:7|98213311:7|98214411:7|98214433:7|98214477:7|98214488:7|98215500:7|98215522:7|98216600:7|98216688:7|98217722:7|98217744:7|98217755:7|98218822:7|98218844:7|98218855:7|98219933:7|98219944:7|98226600:7|98230022:7|98230044:7|98231166:7|98231177:7|98232211:7|98232255:7|98232288:7|98234411:7|98234422:7|98235511:7|98235522:7|98236600:7|98236611:7|98236622:7|98236633:7|98236655:7|98236688:7|98237700:7|98237744:7|98238800:7|98238822:7|98238855:7|98238866:7|98238877:7|98239900:7|98239922:7|98239944:7|98239966:7|98239977:7|98239988:7|98240055:7|98240077:7|98241122:7|98241155:7|98242211:7|98242266:7|98242288:7|98243300:7|98243322:7|98243377:7|98244411:7|98244477:7|98245511:7|98245533:7|98246600:7|98246644:7|98247700:7|98247711:7|98247722:7|98247755:7
2022-06-27 22:25:24,253:INFO:FilternumberBlockUnblock
2022-06-27 22:25:24,253:INFO:98******
2022-06-27 22:25:24,255:INFO:0003ACC_QUERY:0|3|132|98******|7
2022-06-27 22:25:25,373:INFO:98024466:7|98031100:7|98037722:7|98047755:7|98054433:7|98056622:7|98057722:7|98057744:7|98059922:7|98064433:7|98064477:7|98070044:7|98073300:7|98073311:7|98078822:7|98097744:7|98156622:7|98157711:7|98157733:7|98157744:7|98158844:7|98159944:7|98162299:7|98163377:7|98164400:7|98164433:7|98165500:7|98165511:7|98167755:7|98168822:7|98168877:7|98169977:7|98170055:7|98173311:7|98175588:7|98176600:7|98176633:7|98176644:7|98177700:7|98178800:7|98178822:7|98187744:7|98195544:7|98197711:7|98201166:7|98203322:7|98203388:7|98204422:7|98204477:7|98206622:7|98206644:7|98207711:7|98207722:7|98207744:7|98207755:7|98207766:7|98208844:7|98208877:7|98210033:7|98210055:7|98210066:7|98210077:7|98211144:7|98211177:7|98213311:7|98214411:7|98214433:7|98214477:7|98214488:7|98215500:7|98215522:7|98216600:7|98216688:7|98217722:7|98217744:7|98217755:7|98218822:7|98218844:7|98218855:7|98219933:7|98219944:7|98226600:7|98230022:7|98230044:7|98231166:7|98231177:7|98232211:7|98232255:7|98232288:7|98234411:7|98234422:7|98235511:7|98235522:7|98236600:7|98236611:7|98236622:7|98236633:7|98236655:7|98236688:7|98237700:7|98237744:7|98238800:7|98238822:7|98238855:7|98238866:7|98238877:7|98239900:7|98239922:7|98239944:7|98239966:7|98239977:7|98239988:7|98240055:7|98240077:7|98241122:7|98241155:7|98242211:7|98242266:7|98242288:7|98243300:7|98243322:7|98243377:7|98244411:7|98244477:7|98245511:7|98245533:7|98246600:7|98246644:7|98247700:7|98247711:7|98247722:7|98247755:7
2022-06-28 00:14:41,798:INFO:------------------------------------------------------------------------------------------------
2022-06-28 00:52:17,108:INFO:------------------------------------------------------------------------------------------------
2022-06-28 00:52:19,101:INFO:ДУГААРАА СОНГОЖ БУЙ ХЭСЭГ
2022-06-28 00:52:19,102:INFO:7
2022-06-28 00:52:19,239:WARNING:Not Found: /favicon.ico
2022-06-28 00:53:20,406:INFO:------------------------------------------------------------------------------------------------
2022-06-28 00:53:22,657:INFO:ДУГААРАА СОНГОЖ БУЙ ХЭСЭГ
2022-06-28 00:53:22,657:INFO:7
2022-06-28 00:53:22,890:WARNING:Not Found: /favicon.ico
2022-06-28 00:53:25,561:INFO:ДУГААРАА СОНГОЖ БУЙ ХЭСЭГ
2022-06-28 00:53:25,561:INFO:7
2022-06-28 00:53:28,121:INFO:FilternumberBlockUnblock
2022-06-28 00:53:28,121:INFO:98******
2022-06-28 00:53:28,123:INFO:0003ACC_QUERY:0|3|132|98******|9
2022-06-28 00:53:29,274:INFO:98060007:9|98070002:9|98074000:9|98077089:9|98230004:9|98240008:9|98377389:9|98433489:9|98460002:9|98477489:9|98566589:9|98590008:9|98633689:9|98840005:9|98920002:9
2022-06-28 00:54:34,431:INFO:------------------------------------------------------------------------------------------------
2022-06-28 00:54:35,715:INFO:ДУГААРАА СОНГОЖ БУЙ ХЭСЭГ
2022-06-28 00:54:35,715:INFO:2
2022-06-28 00:54:36,657:INFO:ДУГААРАА СОНГОЖ БУЙ ХЭСЭГ
2022-06-28 00:54:36,657:INFO:2
2022-06-28 00:54:38,390:INFO:FilternumberBlockUnblock
2022-06-28 00:54:38,390:INFO:9812****
2022-06-28 00:54:38,392:INFO:0003ACC_QUERY:0|3|132|9812****|9
2022-06-28 00:54:39,202:INFO:-1
2022-06-28 00:54:47,924:INFO:FilternumberBlockUnblock
2022-06-28 00:54:47,925:INFO:9818****
2022-06-28 00:54:47,926:INFO:0003ACC_QUERY:0|3|132|9818****|9
2022-06-28 00:54:48,717:INFO:-1
2022-06-28 01:02:17,829:INFO:ДУГААРАА СОНГОЖ БУЙ ХЭСЭГ
2022-06-28 01:02:17,830:INFO:7
2022-06-28 01:09:59,460:INFO:------------------------------------------------------------------------------------------------
2022-06-28 01:10:00,552:INFO:ДУГААРАА СОНГОЖ БУЙ ХЭСЭГ
2022-06-28 01:10:00,553:INFO:2
2022-06-28 01:10:17,147:INFO:ДУГААРАА СОНГОЖ БУЙ ХЭСЭГ
2022-06-28 01:10:17,147:INFO:2
2022-06-28 01:14:42,187:INFO:------------------------------------------------------------------------------------------------
2022-06-28 01:15:14,596:INFO:------------------------------------------------------------------------------------------------
2022-06-28 01:17:26,368:INFO:------------------------------------------------------------------------------------------------
2022-06-28 01:17:28,068:INFO:ДУГААРАА СОНГОЖ БУЙ ХЭСЭГ
2022-06-28 01:17:28,068:INFO:7
2022-06-28 01:17:32,390:INFO:ДУГААРАА СОНГОЖ БУЙ ХЭСЭГ
2022-06-28 01:17:32,390:INFO:7
2022-06-28 01:17:33,014:INFO:ДУГААРАА СОНГОЖ БУЙ ХЭСЭГ
2022-06-28 01:17:33,014:INFO:7
2022-06-28 01:17:36,371:INFO:------------------------------------------------------------------------------------------------
2022-06-28 01:17:37,269:INFO:ДУГААРАА СОНГОЖ БУЙ ХЭСЭГ
2022-06-28 01:17:37,270:INFO:2
2022-06-28 01:17:46,556:INFO:------------------------------------------------------------------------------------------------
2022-06-28 01:17:47,399:INFO:ДУГААРАА СОНГОЖ БУЙ ХЭСЭГ
2022-06-28 01:17:47,399:INFO:7
2022-06-28 01:18:21,671:INFO:ДУГААРАА СОНГОЖ БУЙ ХЭСЭГ
2022-06-28 01:18:21,671:INFO:7
2022-06-28 01:18:22,855:INFO:FilternumberBlockUnblock
2022-06-28 01:18:22,855:INFO:98******
2022-06-28 01:18:22,856:INFO:0003ACC_QUERY:0|3|132|98******|5
2022-06-28 01:18:23,987:INFO:98062222:5|98246666:5|98473333:5|98513333:5|98612222:5|98862222:5|98957777:5
2022-06-28 01:18:41,118:INFO:FilternumberBlockUnblock
2022-06-28 01:18:41,119:INFO:9806****
2022-06-28 01:18:41,120:INFO:0003ACC_QUERY:0|3|132|9806****|5
2022-06-28 01:18:41,929:INFO:98062222:5
2022-06-28 01:18:44,790:INFO:ДУГААРАА СОНГОЖ БУЙ ХЭСЭГ
2022-06-28 01:18:44,791:INFO:7
2022-06-28 01:18:47,616:INFO:------------------------------------------------------------------------------------------------
2022-06-28 01:18:48,702:INFO:ДУГААРАА СОНГОЖ БУЙ ХЭСЭГ
2022-06-28 01:18:48,703:INFO:2
2022-06-28 01:18:50,134:INFO:ДУГААРАА СОНГОЖ БУЙ ХЭСЭГ
2022-06-28 01:18:50,134:INFO:2
2022-06-28 01:18:51,003:INFO:FilternumberBlockUnblock
2022-06-28 01:18:51,004:INFO:9812****
2022-06-28 01:18:51,005:INFO:0003ACC_QUERY:0|3|132|9812****|5
2022-06-28 01:18:51,810:INFO:-1
2022-06-28 01:18:55,168:INFO:ДУГААРАА СОНГОЖ БУЙ ХЭСЭГ
2022-06-28 01:18:55,168:INFO:2
2022-06-28 01:18:56,345:INFO:FilternumberBlockUnblock
2022-06-28 01:18:56,345:INFO:9812****
2022-06-28 01:18:56,347:INFO:0003ACC_QUERY:0|3|132|9812****|6
2022-06-28 01:18:56,886:INFO:98120468:6|98121046:6|98121428:6|98121604:6|98121937:6|98122285:6|98122475:6|98122511:6|98123766:6|98124233:6|98124354:6|98124358:6|98124359:6|98124360:6|98124361:6|98124363:6|98124364:6|98124365:6|98124366:6|98124370:6|98124372:6|98124374:6|98124375:6|98124379:6|98124380:6|98124381:6|98124382:6|98124383:6|98124384:6|98124387:6|98124389:6|98124390:6|98124391:6|98124392:6|98124393:6|98124395:6|98124396:6|98124397:6|98124406:6|98124416:6|98124417:6|98124418:6|98124419:6|98124427:6|98124429:6|98124431:6|98124435:6|98124436:6|98124437:6|98124439:6|98124443:6|98124456:6|98124459:6|98124463:6|98124464:6|98124465:6|98124469:6|98124470:6|98124471:6|98124472:6|98124476:6|98124479:6|98124481:6|98124482:6|98124483:6|98124485:6|98124486:6|98124487:6|98124490:6|98124491:6|98124496:6|98124497:6|98124502:6|98124504:6|98124506:6|98124508:6|98124509:6|98124513:6|98124514:6|98124516:6|98124517:6|98124518:6|98124519:6|98124521:6|98124523:6|98124524:6|98124528:6|98124529:6|98124531:6|98124532:6|98124534:6|98124536:6|98124538:6|98124539:6|98124541:6|98124542:6|98124551:6|98124557:6|98124558:6|98124560:6|98124561:6|98124562:6|98124564:6|98124568:6|98124569:6|98124570:6|98124572:6|98124573:6|98124576:6|98124578:6|98124579:6|98124581:6|98124582:6|98124583:6|98124584:6|98124585:6|98124586:6|98124589:6|98124590:6|98124591:6|98124593:6|98124594:6|98124599:6|98124601:6|98124602:6|98124603:6|98124604:6|98124605:6|98124606:6|98124607:6|98124614:6|9812461
2022-06-28 01:18:56,887:ERROR:Internal Server Error: /getnumber
Traceback (most recent call last):
  File "/home/bam/nFilterNew/nFilterNewenv/lib/python2.7/site-packages/django/core/handlers/exception.py", line 41, in inner
    response = get_response(request)
  File "/home/bam/nFilterNew/nFilterNewenv/lib/python2.7/site-packages/django/core/handlers/base.py", line 187, in _get_response
    response = self.process_exception_by_middleware(e, request)
  File "/home/bam/nFilterNew/nFilterNewenv/lib/python2.7/site-packages/django/core/handlers/base.py", line 185, in _get_response
    response = wrapped_callback(request, *callback_args, **callback_kwargs)
  File "/home/bam/nFilterNew/nFilterNewenv/lib/python2.7/site-packages/django/views/decorators/csrf.py", line 58, in wrapped_view
    return view_func(*args, **kwargs)
  File "/home/bam/nFilterNew/nFilterNewenv/lib/python2.7/site-packages/django/views/generic/base.py", line 68, in view
    return self.dispatch(request, *args, **kwargs)
  File "/home/bam/nFilterNew/nFilterNewenv/lib/python2.7/site-packages/rest_framework/views.py", line 495, in dispatch
    response = self.handle_exception(exc)
  File "/home/bam/nFilterNew/nFilterNewenv/lib/python2.7/site-packages/rest_framework/views.py", line 455, in handle_exception
    self.raise_uncaught_exception(exc)
  File "/home/bam/nFilterNew/nFilterNewenv/lib/python2.7/site-packages/rest_framework/views.py", line 492, in dispatch
    response = handler(request, *args, **kwargs)
  File "/home/bam/nFilterNew/nFilterNewenv/lib/python2.7/site-packages/rest_framework/decorators.py", line 55, in handler
    return func(*args, **kwargs)
  File "/home/bam/nFilterNew/controller/views.py", line 219, in getNumber
    if data[1] == az:
IndexError: list index out of range
