2020-06-01 06:37:11,174:INFO:------------------------------------------------------------------------------------------------
2020-06-01 07:03:05,594:INFO:------------------------------------------------------------------------------------------------
2020-06-01 07:17:32,647:INFO:------------------------------------------------------------------------------------------------
2020-06-01 07:37:11,258:INFO:------------------------------------------------------------------------------------------------
2020-06-01 08:03:06,659:INFO:------------------------------------------------------------------------------------------------
2020-06-01 08:17:32,742:INFO:------------------------------------------------------------------------------------------------
2020-06-01 08:37:11,318:INFO:------------------------------------------------------------------------------------------------
2020-06-01 09:03:07,660:INFO:------------------------------------------------------------------------------------------------
2020-06-01 09:17:32,857:INFO:------------------------------------------------------------------------------------------------
2020-06-01 09:18:29,342:INFO:------------------------------------------------------------------------------------------------
2020-06-01 09:18:31,139:INFO:ДУГААРАА СОНГОЖ БУЙ ХЭСЭГ
2020-06-01 09:18:31,140:INFO:7
2020-06-01 09:18:37,119:INFO:------------------------------------------------------------------------------------------------
2020-06-01 09:18:37,954:INFO:ДУГААРАА СОНГОЖ БУЙ ХЭСЭГ
2020-06-01 09:18:37,955:INFO:2
2020-06-01 09:18:46,450:WARNING:Not Found: /favicon.ico
2020-06-01 09:18:46,515:INFO:------------------------------------------------------------------------------------------------
2020-06-01 09:18:47,546:INFO:ДУГААРАА СОНГОЖ БУЙ ХЭСЭГ
2020-06-01 09:18:47,546:INFO:2
2020-06-01 09:19:13,868:INFO:------------------------------------------------------------------------------------------------
2020-06-01 09:19:14,644:INFO:ДУГААРАА СОНГОЖ БУЙ ХЭСЭГ
2020-06-01 09:19:14,644:INFO:7
2020-06-01 09:26:25,407:INFO:ДУГААРАА СОНГОЖ БУЙ ХЭСЭГ
2020-06-01 09:26:25,408:INFO:2
2020-06-01 09:37:11,399:INFO:------------------------------------------------------------------------------------------------
2020-06-01 09:54:52,150:INFO:------------------------------------------------------------------------------------------------
2020-06-01 09:58:41,755:INFO:------------------------------------------------------------------------------------------------
2020-06-01 10:01:19,383:INFO:ДУГААРАА СОНГОЖ БУЙ ХЭСЭГ
2020-06-01 10:01:19,384:INFO:7
2020-06-01 10:01:19,990:WARNING:Not Found: /favicon.ico
2020-06-01 10:03:08,716:INFO:------------------------------------------------------------------------------------------------
2020-06-01 10:06:49,570:INFO:------------------------------------------------------------------------------------------------
2020-06-01 10:17:32,960:INFO:------------------------------------------------------------------------------------------------
2020-06-01 10:18:05,211:INFO:------------------------------------------------------------------------------------------------
2020-06-01 10:37:11,468:INFO:------------------------------------------------------------------------------------------------
2020-06-01 10:54:52,590:INFO:------------------------------------------------------------------------------------------------
2020-06-01 10:58:58,446:INFO:------------------------------------------------------------------------------------------------
2020-06-01 11:03:09,693:INFO:------------------------------------------------------------------------------------------------
2020-06-01 11:05:13,457:INFO:ДУГААРАА СОНГОЖ БУЙ ХЭСЭГ
2020-06-01 11:05:13,458:INFO:2
2020-06-01 11:05:14,140:WARNING:Not Found: /favicon.ico
2020-06-01 11:05:18,220:INFO:ДУГААРАА СОНГОЖ БУЙ ХЭСЭГ
2020-06-01 11:05:18,220:INFO:2
2020-06-01 11:05:43,651:INFO:ДУГААРАА СОНГОЖ БУЙ ХЭСЭГ
2020-06-01 11:05:43,651:INFO:2
2020-06-01 11:06:05,462:INFO:ДУГААРАА СОНГОЖ БУЙ ХЭСЭГ
2020-06-01 11:06:05,462:INFO:2
2020-06-01 11:06:36,215:INFO:ДУГААРАА СОНГОЖ БУЙ ХЭСЭГ
2020-06-01 11:06:36,215:INFO:2
2020-06-01 11:06:50,035:INFO:------------------------------------------------------------------------------------------------
2020-06-01 11:07:19,957:INFO:ДУГААРАА СОНГОЖ БУЙ ХЭСЭГ
2020-06-01 11:07:19,957:INFO:2
2020-06-01 11:17:33,069:INFO:------------------------------------------------------------------------------------------------
2020-06-01 11:37:11,523:INFO:------------------------------------------------------------------------------------------------
2020-06-01 11:58:21,457:INFO:ДУГААРАА СОНГОЖ БУЙ ХЭСЭГ
2020-06-01 11:58:21,457:INFO:2
2020-06-01 11:59:15,071:INFO:------------------------------------------------------------------------------------------------
2020-06-01 12:03:00,911:INFO:ДУГААРАА СОНГОЖ БУЙ ХЭСЭГ
2020-06-01 12:03:00,912:INFO:2
2020-06-01 12:03:01,154:WARNING:Not Found: /favicon.ico
2020-06-01 12:03:10,766:INFO:------------------------------------------------------------------------------------------------
2020-06-01 12:04:04,696:INFO:ДУГААРЫН ҮНЭ
2020-06-01 12:04:04,699:INFO:5000
2020-06-01 12:04:23,084:INFO:ДУГААРАА СОНГОЖ БУЙ ХЭСЭГ
2020-06-01 12:04:23,084:INFO:2
2020-06-01 12:04:28,093:WARNING:Not Found: /favicon.ico
2020-06-01 12:04:29,335:INFO:------------------------------------------------------------------------------------------------
2020-06-01 12:04:30,135:INFO:ДУГААРАА СОНГОЖ БУЙ ХЭСЭГ
2020-06-01 12:04:30,135:INFO:2
2020-06-01 12:04:42,455:INFO:ДУГААРЫН ҮНЭ
2020-06-01 12:04:42,458:INFO:5000
2020-06-01 12:04:50,183:INFO:ДУГААРЫН ZAHIALGA
2020-06-01 12:04:51,198:INFO:------------------------------------------------------------------------------------------------
2020-06-01 12:10:38,242:INFO:ДУГААРАА СОНГОЖ БУЙ ХЭСЭГ
2020-06-01 12:10:38,243:INFO:2
2020-06-01 12:10:54,944:WARNING:Not Found: /favicon.ico
2020-06-01 12:12:31,313:INFO:------------------------------------------------------------------------------------------------
2020-06-01 12:12:32,714:INFO:ДУГААРАА СОНГОЖ БУЙ ХЭСЭГ
2020-06-01 12:12:32,714:INFO:7
2020-06-01 12:12:33,049:WARNING:Not Found: /favicon.ico
2020-06-01 12:12:46,351:INFO:ДУГААРЫН ҮНЭ
2020-06-01 12:12:46,353:INFO:10000
2020-06-01 12:13:24,760:INFO:ДУГААРЫН ZAHIALGA
2020-06-01 12:13:27,297:INFO:------------------------------------------------------------------------------------------------
2020-06-01 12:17:29,134:INFO:------------------------------------------------------------------------------------------------
2020-06-01 12:17:29,948:INFO:ДУГААРАА СОНГОЖ БУЙ ХЭСЭГ
2020-06-01 12:17:29,948:INFO:2
2020-06-01 12:17:33,187:INFO:------------------------------------------------------------------------------------------------
2020-06-01 12:17:46,231:INFO:------------------------------------------------------------------------------------------------
2020-06-01 12:17:56,264:INFO:------------------------------------------------------------------------------------------------
2020-06-01 12:17:58,089:INFO:ДУГААРАА СОНГОЖ БУЙ ХЭСЭГ
2020-06-01 12:17:58,089:INFO:7
2020-06-01 12:18:03,403:INFO:ДУГААРАА СОНГОЖ БУЙ ХЭСЭГ
2020-06-01 12:18:03,404:INFO:7
2020-06-01 12:18:08,088:INFO:ДУГААРАА СОНГОЖ БУЙ ХЭСЭГ
2020-06-01 12:18:08,088:INFO:7
2020-06-01 12:18:16,508:INFO:ДУГААРАА СОНГОЖ БУЙ ХЭСЭГ
2020-06-01 12:18:16,508:INFO:7
2020-06-01 12:18:30,961:INFO:ДУГААРАА СОНГОЖ БУЙ ХЭСЭГ
2020-06-01 12:18:30,962:INFO:7
2020-06-01 12:18:52,045:INFO:ДУГААРАА СОНГОЖ БУЙ ХЭСЭГ
2020-06-01 12:18:52,045:INFO:7
2020-06-01 12:19:36,565:INFO:ДУГААРАА СОНГОЖ БУЙ ХЭСЭГ
2020-06-01 12:19:36,565:INFO:7
2020-06-01 12:19:36,877:WARNING:Not Found: /favicon.ico
2020-06-01 12:19:47,783:INFO:ДУГААРЫН ҮНЭ
2020-06-01 12:19:47,785:INFO:10000
2020-06-01 12:24:37,350:INFO:ДУГААРЫН ҮНЭ
2020-06-01 12:24:37,353:INFO:10000
2020-06-01 12:24:46,317:INFO:ДУГААРЫН ҮНЭ
2020-06-01 12:24:46,320:INFO:10000
2020-06-01 12:27:42,144:INFO:ДУГААРЫН ZAHIALGA
2020-06-01 12:29:42,263:INFO:------------------------------------------------------------------------------------------------
2020-06-01 12:29:50,770:INFO:------------------------------------------------------------------------------------------------
2020-06-01 12:30:06,313:INFO:ДУГААРАА СОНГОЖ БУЙ ХЭСЭГ
2020-06-01 12:30:06,313:INFO:2
2020-06-01 12:31:05,077:INFO:------------------------------------------------------------------------------------------------
2020-06-01 12:31:08,017:INFO:ДУГААРАА СОНГОЖ БУЙ ХЭСЭГ
2020-06-01 12:31:08,017:INFO:7
2020-06-01 12:32:03,879:INFO:ДУГААРЫН ҮНЭ
2020-06-01 12:32:03,881:INFO:10000
2020-06-01 12:32:44,141:INFO:ДУГААРЫН ZAHIALGA
2020-06-01 12:32:51,432:INFO:------------------------------------------------------------------------------------------------
2020-06-01 12:34:51,435:INFO:------------------------------------------------------------------------------------------------
2020-06-01 12:37:11,597:INFO:------------------------------------------------------------------------------------------------
2020-06-01 12:52:37,957:INFO:------------------------------------------------------------------------------------------------
2020-06-01 12:52:38,957:INFO:ДУГААРАА СОНГОЖ БУЙ ХЭСЭГ
2020-06-01 12:52:38,957:INFO:2
2020-06-01 12:52:39,139:WARNING:Not Found: /favicon.ico
2020-06-01 13:03:11,775:INFO:------------------------------------------------------------------------------------------------
2020-06-01 13:04:51,379:INFO:------------------------------------------------------------------------------------------------
2020-06-01 13:09:32,970:INFO:------------------------------------------------------------------------------------------------
2020-06-01 13:09:33,885:INFO:ДУГААРАА СОНГОЖ БУЙ ХЭСЭГ
2020-06-01 13:09:33,885:INFO:2
2020-06-01 13:13:27,610:INFO:------------------------------------------------------------------------------------------------
2020-06-01 13:17:33,304:INFO:------------------------------------------------------------------------------------------------
2020-06-01 13:19:21,223:INFO:ДУГААРЫН ҮНЭ
2020-06-01 13:19:21,226:INFO:5000
2020-06-01 13:19:26,173:INFO:ДУГААРЫН ҮНЭ
2020-06-01 13:19:26,175:INFO:5000
2020-06-01 13:21:44,886:INFO:ДУГААРЫН ҮНЭ
2020-06-01 13:21:44,889:INFO:5000
2020-06-01 13:32:51,711:INFO:------------------------------------------------------------------------------------------------
2020-06-01 13:34:51,548:INFO:------------------------------------------------------------------------------------------------
2020-06-01 13:37:11,661:INFO:------------------------------------------------------------------------------------------------
2020-06-01 14:03:12,788:INFO:------------------------------------------------------------------------------------------------
2020-06-01 14:13:27,831:INFO:------------------------------------------------------------------------------------------------
2020-06-01 14:17:33,406:INFO:------------------------------------------------------------------------------------------------
2020-06-01 14:19:44,653:INFO:ДУГААРАА СОНГОЖ БУЙ ХЭСЭГ
2020-06-01 14:19:44,653:INFO:7
2020-06-01 14:21:16,626:INFO:------------------------------------------------------------------------------------------------
2020-06-01 14:21:20,680:INFO:ДУГААРАА СОНГОЖ БУЙ ХЭСЭГ
2020-06-01 14:21:20,680:INFO:7
2020-06-01 14:21:57,727:INFO:ДУГААРЫН ҮНЭ
2020-06-01 14:21:57,730:INFO:5000
2020-06-01 14:22:03,223:INFO:ДУГААРАА СОНГОЖ БУЙ ХЭСЭГ
2020-06-01 14:22:03,223:INFO:7
2020-06-01 14:23:08,974:INFO:ДУГААРЫН ҮНЭ
2020-06-01 14:23:08,977:INFO:5000
2020-06-01 14:23:18,795:INFO:ДУГААРЫН ZAHIALGA
2020-06-01 14:23:22,055:INFO:------------------------------------------------------------------------------------------------
2020-06-01 14:23:31,843:INFO:ДУГААРАА СОНГОЖ БУЙ ХЭСЭГ
2020-06-01 14:23:31,843:INFO:2
2020-06-01 14:23:48,570:INFO:------------------------------------------------------------------------------------------------
2020-06-01 14:23:49,241:INFO:ДУГААРАА СОНГОЖ БУЙ ХЭСЭГ
2020-06-01 14:23:49,242:INFO:7
2020-06-01 14:24:31,985:INFO:------------------------------------------------------------------------------------------------
2020-06-01 14:24:38,159:INFO:ДУГААРАА СОНГОЖ БУЙ ХЭСЭГ
2020-06-01 14:24:38,160:INFO:2
2020-06-01 14:24:48,977:INFO:ДУГААРАА СОНГОЖ БУЙ ХЭСЭГ
2020-06-01 14:24:48,977:INFO:7
2020-06-01 14:24:49,681:INFO:ДУГААРАА СОНГОЖ БУЙ ХЭСЭГ
2020-06-01 14:24:49,682:INFO:7
2020-06-01 14:24:54,841:INFO:ДУГААРАА СОНГОЖ БУЙ ХЭСЭГ
2020-06-01 14:24:54,841:INFO:2
2020-06-01 14:25:01,789:INFO:ДУГААРАА СОНГОЖ БУЙ ХЭСЭГ
2020-06-01 14:25:01,789:INFO:2
2020-06-01 14:25:03,000:INFO:ДУГААРАА СОНГОЖ БУЙ ХЭСЭГ
2020-06-01 14:25:03,000:INFO:2
2020-06-01 14:25:04,691:INFO:ДУГААРАА СОНГОЖ БУЙ ХЭСЭГ
2020-06-01 14:25:04,691:INFO:2
2020-06-01 14:25:06,474:INFO:ДУГААРАА СОНГОЖ БУЙ ХЭСЭГ
2020-06-01 14:25:06,475:INFO:7
2020-06-01 14:25:11,620:INFO:------------------------------------------------------------------------------------------------
2020-06-01 14:25:12,667:INFO:ДУГААРАА СОНГОЖ БУЙ ХЭСЭГ
2020-06-01 14:25:12,667:INFO:2
2020-06-01 14:25:23,457:INFO:------------------------------------------------------------------------------------------------
2020-06-01 14:25:24,324:INFO:ДУГААРАА СОНГОЖ БУЙ ХЭСЭГ
2020-06-01 14:25:24,325:INFO:2
2020-06-01 14:26:00,850:INFO:ДУГААРАА СОНГОЖ БУЙ ХЭСЭГ
2020-06-01 14:26:00,850:INFO:7
2020-06-01 14:26:03,370:INFO:ДУГААРАА СОНГОЖ БУЙ ХЭСЭГ
2020-06-01 14:26:03,370:INFO:7
2020-06-01 14:26:05,397:INFO:ДУГААРАА СОНГОЖ БУЙ ХЭСЭГ
2020-06-01 14:26:05,397:INFO:7
2020-06-01 14:26:07,353:INFO:------------------------------------------------------------------------------------------------
2020-06-01 14:26:09,553:INFO:ДУГААРАА СОНГОЖ БУЙ ХЭСЭГ
2020-06-01 14:26:09,553:INFO:2
2020-06-01 14:26:36,553:INFO:ДУГААРЫН ҮНЭ
2020-06-01 14:26:36,556:INFO:5000
2020-06-01 14:26:42,590:INFO:ДУГААРЫН ҮНЭ
2020-06-01 14:26:42,592:INFO:5000
2020-06-01 14:26:55,374:INFO:ДУГААРЫН ҮНЭ
2020-06-01 14:26:55,376:INFO:5000
2020-06-01 14:30:41,462:INFO:ДУГААРЫН ҮНЭ
2020-06-01 14:30:41,465:INFO:5000
2020-06-01 14:30:52,487:INFO:ДУГААРЫН ZAHIALGA
2020-06-01 14:32:51,798:INFO:------------------------------------------------------------------------------------------------
2020-06-01 14:32:52,652:INFO:------------------------------------------------------------------------------------------------
2020-06-01 14:33:05,111:INFO:ДУГААРАА СОНГОЖ БУЙ ХЭСЭГ
2020-06-01 14:33:05,111:INFO:7
2020-06-01 14:33:32,448:INFO:ДУГААРАА СОНГОЖ БУЙ ХЭСЭГ
2020-06-01 14:33:32,448:INFO:2
2020-06-01 14:33:34,772:INFO:ДУГААРАА СОНГОЖ БУЙ ХЭСЭГ
2020-06-01 14:33:34,773:INFO:2
2020-06-01 14:34:21,362:INFO:ДУГААРЫН ҮНЭ
2020-06-01 14:34:21,365:INFO:5000
2020-06-01 14:34:28,545:INFO:ДУГААРЫН ҮНЭ
2020-06-01 14:34:28,548:INFO:5000
2020-06-01 14:35:57,384:INFO:ДУГААРАА СОНГОЖ БУЙ ХЭСЭГ
2020-06-01 14:35:57,385:INFO:7
2020-06-01 14:37:11,737:INFO:------------------------------------------------------------------------------------------------
2020-06-01 14:44:47,769:INFO:------------------------------------------------------------------------------------------------
2020-06-01 14:44:48,320:INFO:ДУГААРАА СОНГОЖ БУЙ ХЭСЭГ
2020-06-01 14:44:48,320:INFO:7
2020-06-01 15:03:13,823:INFO:------------------------------------------------------------------------------------------------
2020-06-01 15:13:28,065:INFO:------------------------------------------------------------------------------------------------
2020-06-01 15:15:57,274:INFO:------------------------------------------------------------------------------------------------
2020-06-01 15:15:58,152:INFO:ДУГААРАА СОНГОЖ БУЙ ХЭСЭГ
2020-06-01 15:15:58,152:INFO:7
2020-06-01 15:15:59,415:INFO:ДУГААРАА СОНГОЖ БУЙ ХЭСЭГ
2020-06-01 15:15:59,415:INFO:7
2020-06-01 15:16:00,769:INFO:------------------------------------------------------------------------------------------------
2020-06-01 15:16:01,295:INFO:ДУГААРАА СОНГОЖ БУЙ ХЭСЭГ
2020-06-01 15:16:01,295:INFO:2
2020-06-01 15:16:20,872:INFO:ДУГААРАА СОНГОЖ БУЙ ХЭСЭГ
2020-06-01 15:16:20,873:INFO:2
2020-06-01 15:17:33,509:INFO:------------------------------------------------------------------------------------------------
2020-06-01 15:19:03,674:INFO:ДУГААРАА СОНГОЖ БУЙ ХЭСЭГ
2020-06-01 15:19:03,675:INFO:2
2020-06-01 15:23:31,926:INFO:ДУГААРАА СОНГОЖ БУЙ ХЭСЭГ
2020-06-01 15:23:31,927:INFO:7
2020-06-01 15:23:32,199:WARNING:Not Found: /favicon.ico
2020-06-01 15:23:38,095:INFO:ДУГААРАА СОНГОЖ БУЙ ХЭСЭГ
2020-06-01 15:23:38,095:INFO:7
2020-06-01 15:24:36,782:INFO:ДУГААРЫН ҮНЭ
2020-06-01 15:24:36,784:INFO:10000
2020-06-01 15:24:49,874:INFO:ДУГААРЫН ZAHIALGA
2020-06-01 15:24:51,416:INFO:------------------------------------------------------------------------------------------------
2020-06-01 15:24:53,287:INFO:ДУГААРАА СОНГОЖ БУЙ ХЭСЭГ
2020-06-01 15:24:53,287:INFO:7
2020-06-01 15:24:57,904:INFO:ДУГААРАА СОНГОЖ БУЙ ХЭСЭГ
2020-06-01 15:24:57,904:INFO:7
2020-06-01 15:24:59,007:INFO:ДУГААРАА СОНГОЖ БУЙ ХЭСЭГ
2020-06-01 15:24:59,007:INFO:7
2020-06-01 15:25:40,630:INFO:------------------------------------------------------------------------------------------------
2020-06-01 15:27:46,945:INFO:ДУГААРЫН ҮНЭ
2020-06-01 15:27:46,947:INFO:10000
2020-06-01 15:27:53,631:INFO:ДУГААРЫН ZAHIALGA
2020-06-01 15:27:54,987:INFO:------------------------------------------------------------------------------------------------
2020-06-01 15:27:56,145:INFO:ДУГААРАА СОНГОЖ БУЙ ХЭСЭГ
2020-06-01 15:27:56,145:INFO:7
2020-06-01 15:27:58,977:INFO:ДУГААРАА СОНГОЖ БУЙ ХЭСЭГ
2020-06-01 15:27:58,978:INFO:7
2020-06-01 15:30:54,080:INFO:ДУГААРАА СОНГОЖ БУЙ ХЭСЭГ
2020-06-01 15:30:54,080:INFO:7
2020-06-01 15:32:02,848:INFO:ДУГААРАА СОНГОЖ БУЙ ХЭСЭГ
2020-06-01 15:32:02,848:INFO:7
2020-06-01 15:32:51,913:INFO:------------------------------------------------------------------------------------------------
2020-06-01 15:33:05,191:INFO:------------------------------------------------------------------------------------------------
2020-06-01 15:37:11,796:INFO:------------------------------------------------------------------------------------------------
2020-06-01 15:39:25,153:INFO:------------------------------------------------------------------------------------------------
2020-06-01 15:39:26,654:INFO:ДУГААРАА СОНГОЖ БУЙ ХЭСЭГ
2020-06-01 15:39:26,654:INFO:7
2020-06-01 15:40:07,839:INFO:------------------------------------------------------------------------------------------------
2020-06-01 15:40:10,614:INFO:ДУГААРАА СОНГОЖ БУЙ ХЭСЭГ
2020-06-01 15:40:10,614:INFO:7
2020-06-01 15:40:46,010:INFO:ДУГААРАА СОНГОЖ БУЙ ХЭСЭГ
2020-06-01 15:40:46,011:INFO:7
2020-06-01 15:41:09,024:INFO:ДУГААРАА СОНГОЖ БУЙ ХЭСЭГ
2020-06-01 15:41:09,025:INFO:7
2020-06-01 15:41:55,630:INFO:ДУГААРАА СОНГОЖ БУЙ ХЭСЭГ
2020-06-01 15:41:55,631:INFO:7
2020-06-01 15:53:19,038:INFO:ДУГААРАА СОНГОЖ БУЙ ХЭСЭГ
2020-06-01 15:53:19,039:INFO:7
2020-06-01 15:53:19,212:INFO:ДУГААРАА СОНГОЖ БУЙ ХЭСЭГ
2020-06-01 15:53:19,213:INFO:7
2020-06-01 15:53:21,329:WARNING:Not Found: /favicon.ico
2020-06-01 15:54:02,547:INFO:ДУГААРАА СОНГОЖ БУЙ ХЭСЭГ
2020-06-01 15:54:02,547:INFO:7
2020-06-01 15:54:24,110:INFO:ДУГААРАА СОНГОЖ БУЙ ХЭСЭГ
2020-06-01 15:54:24,110:INFO:7
2020-06-01 15:54:59,731:INFO:------------------------------------------------------------------------------------------------
2020-06-01 16:03:14,849:INFO:------------------------------------------------------------------------------------------------
2020-06-01 16:13:28,310:INFO:------------------------------------------------------------------------------------------------
2020-06-01 16:17:33,620:INFO:------------------------------------------------------------------------------------------------
2020-06-01 16:32:52,024:INFO:------------------------------------------------------------------------------------------------
2020-06-01 16:33:05,301:INFO:------------------------------------------------------------------------------------------------
2020-06-01 16:37:11,882:INFO:------------------------------------------------------------------------------------------------
2020-06-01 16:38:21,289:INFO:ДУГААРАА СОНГОЖ БУЙ ХЭСЭГ
2020-06-01 16:38:21,289:INFO:7
2020-06-01 16:38:23,359:INFO:ДУГААРАА СОНГОЖ БУЙ ХЭСЭГ
2020-06-01 16:38:23,360:INFO:7
2020-06-01 16:38:26,545:INFO:ДУГААРАА СОНГОЖ БУЙ ХЭСЭГ
2020-06-01 16:38:26,545:INFO:7
2020-06-01 16:39:55,562:INFO:ДУГААРЫН ҮНЭ
2020-06-01 16:39:55,565:INFO:10000
2020-06-01 16:40:17,898:INFO:ДУГААРЫН ZAHIALGA
2020-06-01 16:42:18,671:INFO:------------------------------------------------------------------------------------------------
2020-06-01 16:54:59,848:INFO:------------------------------------------------------------------------------------------------
2020-06-01 17:03:15,889:INFO:------------------------------------------------------------------------------------------------
2020-06-01 17:13:28,526:INFO:------------------------------------------------------------------------------------------------
2020-06-01 17:17:33,753:INFO:------------------------------------------------------------------------------------------------
2020-06-01 17:30:21,177:INFO:ДУГААРАА СОНГОЖ БУЙ ХЭСЭГ
2020-06-01 17:30:21,177:INFO:7
2020-06-01 17:31:10,113:INFO:ДУГААРАА СОНГОЖ БУЙ ХЭСЭГ
2020-06-01 17:31:10,113:INFO:7
2020-06-01 17:31:11,460:INFO:ДУГААРАА СОНГОЖ БУЙ ХЭСЭГ
2020-06-01 17:31:11,460:INFO:7
2020-06-01 17:31:30,062:INFO:ДУГААРАА СОНГОЖ БУЙ ХЭСЭГ
2020-06-01 17:31:30,062:INFO:7
2020-06-01 17:31:51,794:INFO:ДУГААРАА СОНГОЖ БУЙ ХЭСЭГ
2020-06-01 17:31:51,795:INFO:7
2020-06-01 17:31:54,430:INFO:ДУГААРАА СОНГОЖ БУЙ ХЭСЭГ
2020-06-01 17:31:54,430:INFO:7
2020-06-01 17:32:52,136:INFO:------------------------------------------------------------------------------------------------
2020-06-01 17:33:05,430:INFO:------------------------------------------------------------------------------------------------
2020-06-01 17:37:11,944:INFO:------------------------------------------------------------------------------------------------
2020-06-01 17:42:23,874:INFO:------------------------------------------------------------------------------------------------
2020-06-01 17:45:23,403:INFO:ДУГААРАА СОНГОЖ БУЙ ХЭСЭГ
2020-06-01 17:45:23,404:INFO:2
2020-06-01 17:45:28,818:WARNING:Not Found: /favicon.ico
2020-06-01 17:49:23,199:INFO:ДУГААРАА СОНГОЖ БУЙ ХЭСЭГ
2020-06-01 17:49:23,199:INFO:2
2020-06-01 17:49:37,128:INFO:ДУГААРАА СОНГОЖ БУЙ ХЭСЭГ
2020-06-01 17:49:37,128:INFO:2
2020-06-01 17:51:25,691:INFO:ДУГААРАА СОНГОЖ БУЙ ХЭСЭГ
2020-06-01 17:51:25,691:INFO:2
2020-06-01 17:54:10,889:INFO:------------------------------------------------------------------------------------------------
2020-06-01 17:54:16,457:INFO:ДУГААРАА СОНГОЖ БУЙ ХЭСЭГ
2020-06-01 17:54:16,458:INFO:2
2020-06-01 17:54:59,981:INFO:------------------------------------------------------------------------------------------------
2020-06-01 18:03:16,904:INFO:------------------------------------------------------------------------------------------------
2020-06-01 18:13:28,761:INFO:------------------------------------------------------------------------------------------------
2020-06-01 18:31:00,342:INFO:ДУГААРАА СОНГОЖ БУЙ ХЭСЭГ
2020-06-01 18:31:00,342:INFO:2
2020-06-01 18:32:52,243:INFO:------------------------------------------------------------------------------------------------
2020-06-01 18:33:05,536:INFO:------------------------------------------------------------------------------------------------
2020-06-01 18:37:12,019:INFO:------------------------------------------------------------------------------------------------
2020-06-01 18:43:56,615:INFO:ДУГААРАА СОНГОЖ БУЙ ХЭСЭГ
2020-06-01 18:43:56,615:INFO:2
2020-06-01 18:44:04,883:INFO:------------------------------------------------------------------------------------------------
2020-06-01 18:44:07,235:INFO:ДУГААРАА СОНГОЖ БУЙ ХЭСЭГ
2020-06-01 18:44:07,235:INFO:7
2020-06-01 18:44:09,038:INFO:ДУГААРАА СОНГОЖ БУЙ ХЭСЭГ
2020-06-01 18:44:09,038:INFO:7
2020-06-01 18:44:23,617:INFO:ДУГААРАА СОНГОЖ БУЙ ХЭСЭГ
2020-06-01 18:44:23,617:INFO:7
2020-06-01 18:46:14,670:INFO:ДУГААРАА СОНГОЖ БУЙ ХЭСЭГ
2020-06-01 18:46:14,670:INFO:7
2020-06-01 18:55:00,103:INFO:------------------------------------------------------------------------------------------------
2020-06-01 18:55:04,089:INFO:------------------------------------------------------------------------------------------------
2020-06-01 18:55:04,696:INFO:ДУГААРАА СОНГОЖ БУЙ ХЭСЭГ
2020-06-01 18:55:04,697:INFO:2
2020-06-01 19:03:17,917:INFO:------------------------------------------------------------------------------------------------
2020-06-01 19:06:33,969:INFO:------------------------------------------------------------------------------------------------
2020-06-01 19:06:35,287:INFO:ДУГААРАА СОНГОЖ БУЙ ХЭСЭГ
2020-06-01 19:06:35,287:INFO:2
2020-06-01 19:13:29,004:INFO:------------------------------------------------------------------------------------------------
2020-06-01 19:27:18,086:INFO:ДУГААРАА СОНГОЖ БУЙ ХЭСЭГ
2020-06-01 19:27:18,086:INFO:7
2020-06-01 19:27:58,912:INFO:ДУГААРАА СОНГОЖ БУЙ ХЭСЭГ
2020-06-01 19:27:58,912:INFO:7
2020-06-01 19:27:59,671:INFO:ДУГААРАА СОНГОЖ БУЙ ХЭСЭГ
2020-06-01 19:27:59,671:INFO:7
2020-06-01 19:28:01,855:INFO:ДУГААРАА СОНГОЖ БУЙ ХЭСЭГ
2020-06-01 19:28:01,855:INFO:7
2020-06-01 19:29:00,739:INFO:ДУГААРАА СОНГОЖ БУЙ ХЭСЭГ
2020-06-01 19:29:00,740:INFO:7
2020-06-01 19:29:09,371:INFO:------------------------------------------------------------------------------------------------
2020-06-01 19:29:13,709:INFO:ДУГААРАА СОНГОЖ БУЙ ХЭСЭГ
2020-06-01 19:29:13,710:INFO:2
2020-06-01 19:29:20,387:INFO:------------------------------------------------------------------------------------------------
2020-06-01 19:29:24,185:INFO:ДУГААРАА СОНГОЖ БУЙ ХЭСЭГ
2020-06-01 19:29:24,185:INFO:3
2020-06-01 19:29:29,079:INFO:------------------------------------------------------------------------------------------------
2020-06-01 19:29:29,805:INFO:ДУГААРАА СОНГОЖ БУЙ ХЭСЭГ
2020-06-01 19:29:29,805:INFO:7
2020-06-01 19:30:26,581:INFO:ДУГААРАА СОНГОЖ БУЙ ХЭСЭГ
2020-06-01 19:30:26,581:INFO:2
2020-06-01 19:30:31,647:WARNING:Not Found: /favicon.ico
2020-06-01 19:30:33,641:INFO:------------------------------------------------------------------------------------------------
2020-06-01 19:30:36,361:INFO:ДУГААРАА СОНГОЖ БУЙ ХЭСЭГ
2020-06-01 19:30:36,361:INFO:2
2020-06-01 19:30:37,859:INFO:------------------------------------------------------------------------------------------------
2020-06-01 19:30:38,577:INFO:ДУГААРАА СОНГОЖ БУЙ ХЭСЭГ
2020-06-01 19:30:38,577:INFO:7
2020-06-01 19:30:49,038:INFO:ДУГААРАА СОНГОЖ БУЙ ХЭСЭГ
2020-06-01 19:30:49,038:INFO:7
2020-06-01 19:30:52,422:INFO:ДУГААРАА СОНГОЖ БУЙ ХЭСЭГ
2020-06-01 19:30:52,422:INFO:7
2020-06-01 19:31:06,767:INFO:ДУГААРАА СОНГОЖ БУЙ ХЭСЭГ
2020-06-01 19:31:06,768:INFO:7
2020-06-01 19:31:33,709:INFO:ДУГААРАА СОНГОЖ БУЙ ХЭСЭГ
2020-06-01 19:31:33,709:INFO:7
2020-06-01 19:31:35,105:INFO:------------------------------------------------------------------------------------------------
2020-06-01 19:31:37,128:INFO:ДУГААРАА СОНГОЖ БУЙ ХЭСЭГ
2020-06-01 19:31:37,128:INFO:2
2020-06-01 19:32:52,361:INFO:------------------------------------------------------------------------------------------------
2020-06-01 19:33:03,419:INFO:------------------------------------------------------------------------------------------------
2020-06-01 19:33:04,664:INFO:ДУГААРАА СОНГОЖ БУЙ ХЭСЭГ
2020-06-01 19:33:04,664:INFO:7
2020-06-01 19:33:05,726:INFO:------------------------------------------------------------------------------------------------
2020-06-01 19:36:38,891:INFO:ДУГААРЫН ҮНЭ
2020-06-01 19:36:38,893:INFO:10000
2020-06-01 19:37:12,093:INFO:------------------------------------------------------------------------------------------------
2020-06-01 20:03:18,948:INFO:------------------------------------------------------------------------------------------------
2020-06-01 20:32:52,503:INFO:------------------------------------------------------------------------------------------------
2020-06-01 20:33:05,876:INFO:------------------------------------------------------------------------------------------------
2020-06-01 20:37:12,163:INFO:------------------------------------------------------------------------------------------------
2020-06-01 21:03:20,009:INFO:------------------------------------------------------------------------------------------------
2020-06-01 21:32:52,621:INFO:------------------------------------------------------------------------------------------------
2020-06-01 21:33:06,028:INFO:------------------------------------------------------------------------------------------------
2020-06-01 21:37:12,248:INFO:------------------------------------------------------------------------------------------------
2020-06-01 21:56:18,100:WARNING:Not Found: /favicon.ico
2020-06-01 22:02:37,568:INFO:------------------------------------------------------------------------------------------------
2020-06-01 22:02:42,927:INFO:ДУГААРАА СОНГОЖ БУЙ ХЭСЭГ
2020-06-01 22:02:42,927:INFO:7
2020-06-01 22:02:43,166:WARNING:Not Found: /favicon.ico
2020-06-01 22:03:21,049:INFO:------------------------------------------------------------------------------------------------
2020-06-01 22:05:27,928:INFO:ДУГААРЫН ҮНЭ
2020-06-01 22:05:27,932:INFO:10000
2020-06-01 22:05:37,698:WARNING:Not Found: /public/index.php
2020-06-01 22:05:37,835:WARNING:Not Found: /public/index.php
2020-06-01 22:05:37,972:WARNING:Not Found: /public/hydra.php
2020-06-01 22:05:38,840:INFO:------------------------------------------------------------------------------------------------
2020-06-01 22:05:43,988:INFO:ДУГААРАА СОНГОЖ БУЙ ХЭСЭГ
2020-06-01 22:05:43,988:INFO:7
2020-06-01 22:05:44,282:WARNING:Not Found: /favicon.ico
2020-06-01 22:06:52,388:INFO:------------------------------------------------------------------------------------------------
2020-06-01 22:06:53,887:INFO:ДУГААРАА СОНГОЖ БУЙ ХЭСЭГ
2020-06-01 22:06:53,887:INFO:7
2020-06-01 22:06:54,150:WARNING:Not Found: /favicon.ico
2020-06-01 22:09:24,269:INFO:ДУГААРЫН ҮНЭ
2020-06-01 22:09:24,273:INFO:10000
2020-06-01 22:37:12,347:INFO:------------------------------------------------------------------------------------------------
2020-06-01 23:03:22,042:INFO:------------------------------------------------------------------------------------------------
2020-06-01 23:37:12,437:INFO:------------------------------------------------------------------------------------------------
2020-06-02 00:03:23,100:INFO:------------------------------------------------------------------------------------------------
2020-06-02 00:37:12,523:INFO:------------------------------------------------------------------------------------------------
2020-06-02 01:03:24,118:INFO:------------------------------------------------------------------------------------------------
2020-06-02 01:37:12,594:INFO:------------------------------------------------------------------------------------------------
2020-06-02 02:03:25,205:INFO:------------------------------------------------------------------------------------------------
2020-06-02 02:37:12,686:INFO:------------------------------------------------------------------------------------------------
2020-06-02 03:03:26,202:INFO:------------------------------------------------------------------------------------------------
2020-06-02 03:31:54,971:INFO:------------------------------------------------------------------------------------------------
2020-06-02 03:37:12,757:INFO:------------------------------------------------------------------------------------------------
2020-06-02 04:03:27,241:INFO:------------------------------------------------------------------------------------------------
2020-06-02 04:31:55,175:INFO:------------------------------------------------------------------------------------------------
2020-06-02 04:37:12,832:INFO:------------------------------------------------------------------------------------------------
2020-06-02 05:03:28,257:INFO:------------------------------------------------------------------------------------------------
2020-06-02 05:31:55,339:INFO:------------------------------------------------------------------------------------------------
2020-06-02 05:37:12,911:INFO:------------------------------------------------------------------------------------------------
2020-06-02 06:03:29,283:INFO:------------------------------------------------------------------------------------------------
