2021-01-02 07:24:00,193:WARNING:Not Found: /
2021-01-02 08:58:29,767:WARNING:Not Found: /favicon.ico
2021-01-02 09:00:15,287:INFO:------------------------------------------------------------------------------------------------
2021-01-02 09:09:19,162:INFO:------------------------------------------------------------------------------------------------
2021-01-02 09:48:55,645:INFO:------------------------------------------------------------------------------------------------
2021-01-02 09:54:48,125:INFO:ДУГААРАА СОНГОЖ БУЙ ХЭСЭГ
2021-01-02 09:54:48,125:INFO:2
2021-01-02 09:54:49,698:INFO:------------------------------------------------------------------------------------------------
2021-01-02 09:55:10,131:INFO:ДУГААРАА СОНГОЖ БУЙ ХЭСЭГ
2021-01-02 09:55:10,131:INFO:2
2021-01-02 09:56:47,472:INFO:ДУГААРАА СОНГОЖ БУЙ ХЭСЭГ
2021-01-02 09:56:47,473:INFO:2
2021-01-02 09:57:13,302:INFO:------------------------------------------------------------------------------------------------
2021-01-02 10:00:15,770:INFO:------------------------------------------------------------------------------------------------
2021-01-02 10:09:19,455:INFO:------------------------------------------------------------------------------------------------
2021-01-02 10:15:38,072:INFO:------------------------------------------------------------------------------------------------
2021-01-02 10:25:50,166:INFO:------------------------------------------------------------------------------------------------
2021-01-02 10:34:54,415:INFO:ДУГААРАА СОНГОЖ БУЙ ХЭСЭГ
2021-01-02 10:34:54,415:INFO:7
2021-01-02 10:34:54,880:WARNING:Not Found: /favicon.ico
2021-01-02 10:35:00,785:INFO:98112715:6|98112763:6|98112876:6|98113415:6|98113426:6|98113527:6|98113584:6|98113624:6|98113723:6|98113924:6|98113926:6|98113946:6|98113954:6|98113976:6|98113977:6|98114317:6|98114507:6|98114513:6|98114517:6|98114537:6|98114539:6|98114573:6|98114631:6|98114671:6|98114672:6|98114732:6|98114735:6|98114738:6|98114762:6|98114825:6|98114835:6|98114917:6|98114923:6|98114931:6|98114935:6|98114952:6|98114962:6|98114963:6|98114967:6|98114972:6|98114975:6|98114982:6|98115134:6|98115143:6|98115213:6|98115217:6|98115236:6|98115237:6|98115246:6|98115273:6|98115274:6|98115287:6|98115293:6|98115314:6|98115317:6|98115327:6|98115341:6|98115342:6|98115346:6|98115347:6|98115361:6|98115371:6|98115382:6|98115386:6|98115392:6|98115413:6|98115423:6|98115427:6|98115431:6|98115438:6|98115462:6|98115471:6|98115614:6|98115627:6|98115631:6|98115632:6|98115634:6|98115637:6|98115639:6|98115643:6|98115672:6|98115693:6|98115712:6|98115713:6|98115714:6|98115716:6|98115721:6|98115724:6|98115728:6|98115729:6|98115732:6|98115734:6|98115736:6|98115742:6|98115743:6|98115761:6|98115762:6|98115763:6|98115764:6|98115782:6|98115783:6|98115784:6|98115786:6|98115791:6|98115792:6|98115794:6|98115817:6|98115834:6|98115841:6|98115843:6|98115846:6|98115847:6|98115863:6|98115867:6|98115871:6|98115873:6|98115893:6|98115924:6|98115925:6|98115926:6|98115928:6|98115932:6|98115935:6|98115937:6|98115938:6|98115941:6|98115942:6|98115943:6|98115946:6|98115947:6|98115962:6|98115964:6
2021-01-02 10:35:06,323:INFO:98112715:6|98112763:6|98112876:6|98113415:6|98113426:6|98113527:6|98113584:6|98113624:6|98113723:6|98113924:6|98113926:6|98113946:6|98113954:6|98113976:6|98113977:6|98114317:6|98114507:6|98114513:6|98114517:6|98114537:6|98114539:6|98114573:6|98114631:6|98114671:6|98114672:6|98114732:6|98114735:6|98114738:6|98114762:6|98114825:6|98114835:6|98114917:6|98114923:6|98114931:6|98114935:6|98114952:6|98114962:6|98114963:6|98114967:6|98114972:6|98114975:6|98114982:6|98115134:6|98115143:6|98115213:6|98115217:6|98115236:6|98115237:6|98115246:6|98115273:6|98115274:6|98115287:6|98115293:6|98115314:6|98115317:6|98115327:6|98115341:6|98115342:6|98115346:6|98115347:6|98115361:6|98115371:6|98115382:6|98115386:6|98115392:6|98115413:6|98115423:6|98115427:6|98115431:6|98115438:6|98115462:6|98115471:6|98115614:6|98115627:6|98115631:6|98115632:6|98115634:6|98115637:6|98115639:6|98115643:6|98115672:6|98115693:6|98115712:6|98115713:6|98115714:6|98115716:6|98115721:6|98115724:6|98115728:6|98115729:6|98115732:6|98115734:6|98115736:6|98115742:6|98115743:6|98115761:6|98115762:6|98115763:6|98115764:6|98115782:6|98115783:6|98115784:6|98115786:6|98115791:6|98115792:6|98115794:6|98115817:6|98115834:6|98115841:6|98115843:6|98115846:6|98115847:6|98115863:6|98115867:6|98115871:6|98115873:6|98115893:6|98115924:6|98115925:6|98115926:6|98115928:6|98115932:6|98115935:6|98115937:6|98115938:6|98115941:6|98115942:6|98115943:6|98115946:6|98115947:6|98115962:6|98115964:6
2021-01-02 10:35:09,245:INFO:98112715:6|98112763:6|98112876:6|98113415:6|98113426:6|98113527:6|98113584:6|98113624:6|98113723:6|98113924:6|98113926:6|98113946:6|98113954:6|98113976:6|98113977:6|98114317:6|98114507:6|98114513:6|98114517:6|98114537:6|98114539:6|98114573:6|98114631:6|98114671:6|98114672:6|98114732:6|98114735:6|98114738:6|98114762:6|98114825:6|98114835:6|98114917:6|98114923:6|98114931:6|98114935:6|98114952:6|98114962:6|98114963:6|98114967:6|98114972:6|98114975:6|98114982:6|98115134:6|98115143:6|98115213:6|98115217:6|98115236:6|98115237:6|98115246:6|98115273:6|98115274:6|98115287:6|98115293:6|98115314:6|98115317:6|98115327:6|98115341:6|98115342:6|98115346:6|98115347:6|98115361:6|98115371:6|98115382:6|98115386:6|98115392:6|98115413:6|98115423:6|98115427:6|98115431:6|98115438:6|98115462:6|98115471:6|98115614:6|98115627:6|98115631:6|98115632:6|98115634:6|98115637:6|98115639:6|98115643:6|98115672:6|98115693:6|98115712:6|98115713:6|98115714:6|98115716:6|98115721:6|98115724:6|98115728:6|98115729:6|98115732:6|98115734:6|98115736:6|98115742:6|98115743:6|98115761:6|98115762:6|98115763:6|98115764:6|98115782:6|98115783:6|98115784:6|98115786:6|98115791:6|98115792:6|98115794:6|98115817:6|98115834:6|98115841:6|98115843:6|98115846:6|98115847:6|98115863:6|98115867:6|98115871:6|98115873:6|98115893:6|98115924:6|98115925:6|98115926:6|98115928:6|98115932:6|98115935:6|98115937:6|98115938:6|98115941:6|98115942:6|98115943:6|98115946:6|98115947:6|98115962:6|98115964:6
2021-01-02 10:35:13,762:INFO:98112715:6|98112763:6|98112876:6|98113415:6|98113426:6|98113527:6|98113584:6|98113624:6|98113723:6|98113924:6|98113926:6|98113946:6|98113954:6|98113976:6|98113977:6|98114317:6|98114507:6|98114513:6|98114517:6|98114537:6|98114539:6|98114573:6|98114631:6|98114671:6|98114672:6|98114732:6|98114735:6|98114738:6|98114762:6|98114825:6|98114835:6|98114917:6|98114923:6|98114931:6|98114935:6|98114952:6|98114962:6|98114963:6|98114967:6|98114972:6|98114975:6|98114982:6|98115134:6|98115143:6|98115213:6|98115217:6|98115236:6|98115237:6|98115246:6|98115273:6|98115274:6|98115287:6|98115293:6|98115314:6|98115317:6|98115327:6|98115341:6|98115342:6|98115346:6|98115347:6|98115361:6|98115371:6|98115382:6|98115386:6|98115392:6|98115413:6|98115423:6|98115427:6|98115431:6|98115438:6|98115462:6|98115471:6|98115614:6|98115627:6|98115631:6|98115632:6|98115634:6|98115637:6|98115639:6|98115643:6|98115672:6|98115693:6|98115712:6|98115713:6|98115714:6|98115716:6|98115721:6|98115724:6|98115728:6|98115729:6|98115732:6|98115734:6|98115736:6|98115742:6|98115743:6|98115761:6|98115762:6|98115763:6|98115764:6|98115782:6|98115783:6|98115784:6|98115786:6|98115791:6|98115792:6|98115794:6|98115817:6|98115834:6|98115841:6|98115843:6|98115846:6|98115847:6|98115863:6|98115867:6|98115871:6|98115873:6|98115893:6|98115924:6|98115925:6|98115926:6|98115928:6|98115932:6|98115935:6|98115937:6|98115938:6|98115941:6|98115942:6|98115943:6|98115946:6|98115947:6|98115962:6|98115964:6
2021-01-02 10:35:17,903:INFO:98112715:6|98112763:6|98112876:6|98113415:6|98113426:6|98113527:6|98113584:6|98113624:6|98113723:6|98113924:6|98113926:6|98113946:6|98113954:6|98113976:6|98113977:6|98114317:6|98114507:6|98114513:6|98114517:6|98114537:6|98114539:6|98114573:6|98114631:6|98114671:6|98114672:6|98114732:6|98114735:6|98114738:6|98114762:6|98114825:6|98114835:6|98114917:6|98114923:6|98114931:6|98114935:6|98114952:6|98114962:6|98114963:6|98114967:6|98114972:6|98114975:6|98114982:6|98115134:6|98115143:6|98115213:6|98115217:6|98115236:6|98115237:6|98115246:6|98115273:6|98115274:6|98115287:6|98115293:6|98115314:6|98115317:6|98115327:6|98115341:6|98115342:6|98115346:6|98115347:6|98115361:6|98115371:6|98115382:6|98115386:6|98115392:6|98115413:6|98115423:6|98115427:6|98115431:6|98115438:6|98115462:6|98115471:6|98115614:6|98115627:6|98115631:6|98115632:6|98115634:6|98115637:6|98115639:6|98115643:6|98115672:6|98115693:6|98115712:6|98115713:6|98115714:6|98115716:6|98115721:6|98115724:6|98115728:6|98115729:6|98115732:6|98115734:6|98115736:6|98115742:6|98115743:6|98115761:6|98115762:6|98115763:6|98115764:6|98115782:6|98115783:6|98115784:6|98115786:6|98115791:6|98115792:6|98115794:6|98115817:6|98115834:6|98115841:6|98115843:6|98115846:6|98115847:6|98115863:6|98115867:6|98115871:6|98115873:6|98115893:6|98115924:6|98115925:6|98115926:6|98115928:6|98115932:6|98115935:6|98115937:6|98115938:6|98115941:6|98115942:6|98115943:6|98115946:6|98115947:6|98115962:6|98115964:6
2021-01-02 10:35:20,412:INFO:98112715:6|98112763:6|98112876:6|98113415:6|98113426:6|98113527:6|98113584:6|98113624:6|98113723:6|98113924:6|98113926:6|98113946:6|98113954:6|98113976:6|98113977:6|98114317:6|98114507:6|98114513:6|98114517:6|98114537:6|98114539:6|98114573:6|98114631:6|98114671:6|98114672:6|98114732:6|98114735:6|98114738:6|98114762:6|98114825:6|98114835:6|98114917:6|98114923:6|98114931:6|98114935:6|98114952:6|98114962:6|98114963:6|98114967:6|98114972:6|98114975:6|98114982:6|98115134:6|98115143:6|98115213:6|98115217:6|98115236:6|98115237:6|98115246:6|98115273:6|98115274:6|98115287:6|98115293:6|98115314:6|98115317:6|98115327:6|98115341:6|98115342:6|98115346:6|98115347:6|98115361:6|98115371:6|98115382:6|98115386:6|98115392:6|98115413:6|98115423:6|98115427:6|98115431:6|98115438:6|98115462:6|98115471:6|98115614:6|98115627:6|98115631:6|98115632:6|98115634:6|98115637:6|98115639:6|98115643:6|98115672:6|98115693:6|98115712:6|98115713:6|98115714:6|98115716:6|98115721:6|98115724:6|98115728:6|98115729:6|98115732:6|98115734:6|98115736:6|98115742:6|98115743:6|98115761:6|98115762:6|98115763:6|98115764:6|98115782:6|98115783:6|98115784:6|98115786:6|98115791:6|98115792:6|98115794:6|98115817:6|98115834:6|98115841:6|98115843:6|98115846:6|98115847:6|98115863:6|98115867:6|98115871:6|98115873:6|98115893:6|98115924:6|98115925:6|98115926:6|98115928:6|98115932:6|98115935:6|98115937:6|98115938:6|98115941:6|98115942:6|98115943:6|98115946:6|98115947:6|98115962:6|98115964:6
2021-01-02 10:35:22,920:INFO:------------------------------------------------------------------------------------------------
2021-01-02 10:53:05,351:INFO:ДУГААРАА СОНГОЖ БУЙ ХЭСЭГ
2021-01-02 10:53:05,351:INFO:2
2021-01-02 10:53:05,904:WARNING:Not Found: /favicon.ico
2021-01-02 10:57:13,520:INFO:------------------------------------------------------------------------------------------------
2021-01-02 11:00:15,912:INFO:------------------------------------------------------------------------------------------------
2021-01-02 11:02:20,815:INFO:------------------------------------------------------------------------------------------------
2021-01-02 11:07:25,219:INFO:------------------------------------------------------------------------------------------------
2021-01-02 11:09:19,486:INFO:------------------------------------------------------------------------------------------------
2021-01-02 11:15:38,423:INFO:------------------------------------------------------------------------------------------------
2021-01-02 11:21:47,525:INFO:------------------------------------------------------------------------------------------------
2021-01-02 11:27:34,098:INFO:------------------------------------------------------------------------------------------------
2021-01-02 11:35:23,057:INFO:------------------------------------------------------------------------------------------------
2021-01-02 11:45:47,859:INFO:------------------------------------------------------------------------------------------------
2021-01-02 11:45:55,665:INFO:ДУГААРАА СОНГОЖ БУЙ ХЭСЭГ
2021-01-02 11:45:55,665:INFO:7
2021-01-02 11:45:55,895:WARNING:Not Found: /favicon.ico
2021-01-02 11:54:15,415:INFO:ДУГААРАА СОНГОЖ БУЙ ХЭСЭГ
2021-01-02 11:54:15,415:INFO:2
2021-01-02 11:57:13,629:INFO:------------------------------------------------------------------------------------------------
2021-01-02 12:00:16,052:INFO:------------------------------------------------------------------------------------------------
2021-01-02 12:02:23,784:INFO:------------------------------------------------------------------------------------------------
2021-01-02 12:07:25,386:INFO:------------------------------------------------------------------------------------------------
2021-01-02 12:09:19,511:INFO:------------------------------------------------------------------------------------------------
2021-01-02 12:12:17,800:INFO:ДУГААРАА СОНГОЖ БУЙ ХЭСЭГ
2021-01-02 12:12:17,800:INFO:7
2021-01-02 12:12:18,398:WARNING:Not Found: /favicon.ico
2021-01-02 12:12:22,413:INFO:98112715:6|98112763:6|98112876:6|98113415:6|98113426:6|98113527:6|98113584:6|98113624:6|98113723:6|98113924:6|98113926:6|98113946:6|98113954:6|98113976:6|98113977:6|98114317:6|98114507:6|98114513:6|98114517:6|98114537:6|98114539:6|98114573:6|98114631:6|98114671:6|98114672:6|98114732:6|98114735:6|98114738:6|98114762:6|98114825:6|98114835:6|98114917:6|98114923:6|98114931:6|98114935:6|98114952:6|98114962:6|98114963:6|98114967:6|98114972:6|98114975:6|98114982:6|98115134:6|98115143:6|98115213:6|98115217:6|98115236:6|98115237:6|98115246:6|98115273:6|98115274:6|98115287:6|98115293:6|98115314:6|98115317:6|98115327:6|98115341:6|98115342:6|98115346:6|98115347:6|98115361:6|98115371:6|98115382:6|98115386:6|98115392:6|98115413:6|98115423:6|98115427:6|98115431:6|98115438:6|98115462:6|98115471:6|98115614:6|98115627:6|98115631:6|98115632:6|98115634:6|98115637:6|98115639:6|98115643:6|98115672:6|98115693:6|98115712:6|98115713:6|98115714:6|98115716:6|98115721:6|98115724:6|98115728:6|98115729:6|98115732:6|98115734:6|98115736:6|98115742:6|98115743:6|98115761:6|98115762:6|98115763:6|98115764:6|98115782:6|98115783:6|98115784:6|98115786:6|98115791:6|98115792:6|98115794:6|98115817:6|98115834:6|98115841:6|98115843:6|98115846:6|98115847:6|98115863:6|98115867:6|98115871:6|98115873:6|98115893:6|98115924:6|98115925:6|98115926:6|98115928:6|98115932:6|98115935:6|98115937:6|98115938:6|98115941:6|98115942:6|98115943:6|98115946:6|98115947:6|98115962:6|98115964:6
2021-01-02 12:12:23,670:INFO:------------------------------------------------------------------------------------------------
2021-01-02 12:12:26,941:INFO:ДУГААРАА СОНГОЖ БУЙ ХЭСЭГ
2021-01-02 12:12:26,941:INFO:2
2021-01-02 12:12:27,323:WARNING:Not Found: /favicon.ico
2021-01-02 12:12:29,389:INFO:------------------------------------------------------------------------------------------------
2021-01-02 12:12:35,425:INFO:98880431:6|98880472:6|98880534:6|98880541:6|98880576:6|98880596:6|98880674:6|98880732:6|98880746:6|98880748:6|98880752:6|98880753:6|98880946:6|98881073:6|98881097:6|98881253:6|98881265:6|98881329:6|98881346:6|98881362:6|98881365:6|98881395:6|98881407:6|98881425:6|98881429:6|98881434:6|98881452:6|98881475:6|98881507:6|98881527:6|98881540:6|98881546:6|98881557:6|98881597:6|98881625:6|98881627:6|98881641:6|98881647:6|98881649:6|98881668:6|98881674:6|98881691:6|98881736:6|98881749:6|98881751:6|98881795:6|98881823:6|98881825:6|98881837:6|98881921:6|98881926:6|98881937:6|98881940:6|98881953:6|98881961:6|98881975:6|98881983:6|98881987:6|98882056:6|98882067:6|98882075:6|98882087:6|98882101:6|98882106:6|98882142:6|98882146:6|98882154:6|98882157:6|98882162:6|98882169:6|98882175:6|98882184:6|98882193:6|98882197:6|98882213:6|98882253:6|98882301:6|98882307:6|98882317:6|98882340:6|98882341:6|98882354:6|98882361:6|98882364:6|98882370:6|98882372:6|98882375:6|98882384:6|98882391:6|98882395:6|98882397:6|98882401:6|98882415:6|98882416:6|98882417:6|98882436:6|98882437:6|98882439:6|98882451:6|98882453:6|98882462:6|98882496:6|98882504:6|98882506:6|98882512:6|98882514:6|98882569:6|98882579:6|98882583:6|98882592:6|98882612:6|98882631:6|98882632:6|98882634:6|98882670:6|98882671:6|98882674:6|98882675:6|98882678:6|98882691:6|98882693:6|98882694:6|98882704:6|98882715:6|98882736:6|98882743:6|98882761:6|98882763:6|98882782:6|98882785:6|98882806:6|98882815:6
2021-01-02 12:13:30,719:INFO:-1
2021-01-02 12:13:40,351:INFO:98881073:6|98881097:6
2021-01-02 12:15:04,664:INFO:ДУГААРАА СОНГОЖ БУЙ ХЭСЭГ
2021-01-02 12:15:04,665:INFO:7
2021-01-02 12:15:06,938:WARNING:Not Found: /favicon.ico
2021-01-02 12:15:38,591:INFO:------------------------------------------------------------------------------------------------
2021-01-02 12:19:31,869:INFO:------------------------------------------------------------------------------------------------
2021-01-02 12:21:14,659:INFO:ДУГААРАА СОНГОЖ БУЙ ХЭСЭГ
2021-01-02 12:21:14,659:INFO:2
2021-01-02 12:21:15,317:WARNING:Not Found: /favicon.ico
2021-01-02 12:21:47,854:INFO:------------------------------------------------------------------------------------------------
2021-01-02 12:39:59,128:INFO:ДУГААРАА СОНГОЖ БУЙ ХЭСЭГ
2021-01-02 12:39:59,128:INFO:2
2021-01-02 12:39:59,503:WARNING:Not Found: /favicon.ico
2021-01-02 12:39:59,554:WARNING:Not Found: /favicon.ico
2021-01-02 12:40:30,057:INFO:98990346:6|98990358:6|98990446:6|98990472:6|98990569:6|98990634:6|98990635:6|98990648:6|98990732:6|98990761:6|98990765:6|98990823:6|98990876:6|98991034:6|98991052:6|98991076:6|98991245:6|98991289:6|98991293:6|98991327:6|98991354:6|98991370:6|98991396:6|98991412:6|98991421:6|98991432:6|98991435:6|98991453:6|98991457:6|98991546:6|98991552:6|98991553:6|98991603:6|98991620:6|98991648:6|98991651:6|98991683:6|98991692:6|98991697:6|98991700:6|98991705:6|98991725:6|98991726:6|98991732:6|98991735:6|98991743:6|98991752:6|98991767:6|98991774:6|98991782:6|98991792:6|98991843:6|98991846:6|98991942:6|98992036:6|98992157:6|98992160:6|98992186:6|98992196:6|98992316:6|98992336:6|98992345:6|98992347:6|98992351:6|98992358:6|98992360:6|98992371:6|98992372:6|98992376:6|98992381:6|98992382:6|98992387:6|98992391:6|98992412:6|98992413:6|98992446:6|98992457:6|98992482:6|98992485:6|98992496:6|98992534:6|98992538:6|98992543:6|98992546:6|98992547:6|98992548:6|98992561:6|98992571:6|98992592:6|98992620:6|98992631:6|98992634:6|98992651:6|98992653:6|98992672:6|98992673:6|98992693:6|98992734:6|98992755:6|98992758:6|98992761:6|98992762:6|98992764:6|98992765:6|98992792:6|98992821:6|98992831:6|98992861:6|98992872:6|98992876:6|98992905:6|98992923:6|98992931:6|98992957:6|98992963:6|98992967:6|98992974:6|98992976:6|98993046:6|98993047:6|98993057:6|98993077:6|98993079:6|98993102:6|98993107:6|98993122:6|98993125:6|98993127:6|98993129:6|98993138:6|98993140:6|98993141:6
2021-01-02 12:41:35,455:INFO:98990346:6|98990358:6|98990446:6|98990472:6|98990569:6|98990634:6|98990635:6|98990648:6|98990732:6|98990761:6|98990765:6|98990823:6|98990876:6|98991034:6|98991052:6|98991076:6|98991245:6|98991289:6|98991293:6|98991327:6|98991354:6|98991370:6|98991396:6|98991412:6|98991421:6|98991432:6|98991435:6|98991453:6|98991457:6|98991546:6|98991552:6|98991553:6|98991603:6|98991620:6|98991648:6|98991651:6|98991683:6|98991692:6|98991697:6|98991700:6|98991705:6|98991725:6|98991726:6|98991732:6|98991735:6|98991743:6|98991752:6|98991767:6|98991774:6|98991782:6|98991792:6|98991843:6|98991846:6|98991942:6|98992036:6|98992157:6|98992160:6|98992186:6|98992196:6|98992316:6|98992336:6|98992345:6|98992347:6|98992351:6|98992358:6|98992360:6|98992371:6|98992372:6|98992376:6|98992381:6|98992382:6|98992387:6|98992391:6|98992412:6|98992413:6|98992446:6|98992457:6|98992482:6|98992485:6|98992496:6|98992534:6|98992538:6|98992543:6|98992546:6|98992547:6|98992548:6|98992561:6|98992571:6|98992592:6|98992620:6|98992631:6|98992634:6|98992651:6|98992653:6|98992672:6|98992673:6|98992693:6|98992734:6|98992755:6|98992758:6|98992761:6|98992762:6|98992764:6|98992765:6|98992792:6|98992821:6|98992831:6|98992861:6|98992872:6|98992876:6|98992905:6|98992923:6|98992931:6|98992957:6|98992963:6|98992967:6|98992974:6|98992976:6|98993046:6|98993047:6|98993057:6|98993077:6|98993079:6|98993102:6|98993107:6|98993122:6|98993125:6|98993127:6|98993129:6|98993138:6|98993140:6|9899314
2021-01-02 12:41:35,456:ERROR:Internal Server Error: /getnumber
Traceback (most recent call last):
  File "/usr/local/lib/python2.7/dist-packages/django/core/handlers/exception.py", line 41, in inner
    response = get_response(request)
  File "/usr/local/lib/python2.7/dist-packages/django/core/handlers/base.py", line 187, in _get_response
    response = self.process_exception_by_middleware(e, request)
  File "/usr/local/lib/python2.7/dist-packages/django/core/handlers/base.py", line 185, in _get_response
    response = wrapped_callback(request, *callback_args, **callback_kwargs)
  File "/usr/local/lib/python2.7/dist-packages/django/views/decorators/csrf.py", line 58, in wrapped_view
    return view_func(*args, **kwargs)
  File "/usr/local/lib/python2.7/dist-packages/django/views/generic/base.py", line 68, in view
    return self.dispatch(request, *args, **kwargs)
  File "/usr/local/lib/python2.7/dist-packages/rest_framework/views.py", line 495, in dispatch
    response = self.handle_exception(exc)
  File "/usr/local/lib/python2.7/dist-packages/rest_framework/views.py", line 455, in handle_exception
    self.raise_uncaught_exception(exc)
  File "/usr/local/lib/python2.7/dist-packages/rest_framework/views.py", line 492, in dispatch
    response = handler(request, *args, **kwargs)
  File "/usr/local/lib/python2.7/dist-packages/rest_framework/decorators.py", line 55, in handler
    return func(*args, **kwargs)
  File "/home/user/nFilterNew/controller/views.py", line 201, in getNumber
    if data[1] == az:
IndexError: list index out of range
2021-01-02 12:41:57,481:INFO:98990346:6|98990358:6|98990446:6|98990472:6|98990569:6|98990634:6|98990635:6|98990648:6|98990732:6|98990761:6|98990765:6|98990823:6|98990876:6|98991034:6|98991052:6|98991076:6|98991245:6|98991289:6|98991293:6|98991327:6|98991354:6|98991370:6|98991396:6|98991412:6|98991421:6|98991432:6|98991435:6|98991453:6|98991457:6|98991546:6|98991552:6|98991553:6|98991603:6|98991620:6|98991648:6|98991651:6|98991683:6|98991692:6|98991697:6|98991700:6|98991705:6|98991725:6|98991726:6|98991732:6|98991735:6|98991743:6|98991752:6|98991767:6|98991774:6|98991782:6|98991792:6|98991843:6|98991846:6|98991942:6|98992036:6|98992157:6|98992160:6|98992186:6|98992196:6|98992316:6|98992336:6|98992345:6|98992347:6|98992351:6|98992358:6|98992360:6|98992371:6|98992372:6|98992376:6|98992381:6|98992382:6|98992387:6|98992391:6|98992412:6|98992413:6|98992446:6|98992457:6|98992482:6|98992485:6|98992496:6|98992534:6|98992538:6|98992543:6|98992546:6|98992547:6|98992548:6|98992561:6|98992571:6|98992592:6|98992620:6|98992631:6|98992634:6|98992651:6|98992653:6|98992672:6|98992673:6|98992693:6|98992734:6|98992755:6|98992758:6|98992761:6|98992762:6|98992764:6|98992765:6|98992792:6|98992821:6|98992831:6|98992861:6|98992872:6|98992876:6|98992905:6|98992923:6|98992931:6|98992957:6|98992963:6|98992967:6|98992974:6|98992976:6|98993046:6|98993047:6|98993057:6|98993077:6|98993079:6|98993102:6|98993107:6|98993122:6|98993125:6|98993127:6|98993129:6|98993138:6|98993140:6|98993141:6
2021-01-02 12:41:58,852:INFO:98990346:6|98990358:6|98990446:6|98990472:6|98990569:6|98990634:6|98990635:6|98990648:6|98990732:6|98990761:6|98990765:6|98990823:6|98990876:6|98991034:6|98991052:6|98991076:6|98991245:6|98991289:6|98991293:6|98991327:6|98991354:6|98991370:6|98991396:6|98991412:6|98991421:6|98991432:6|98991435:6|98991453:6|98991457:6|98991546:6|98991552:6|98991553:6|98991603:6|98991620:6|98991648:6|98991651:6|98991683:6|98991692:6|98991697:6|98991700:6|98991705:6|98991725:6|98991726:6|98991732:6|98991735:6|98991743:6|98991752:6|98991767:6|98991774:6|98991782:6|98991792:6|98991843:6|98991846:6|98991942:6|98992036:6|98992157:6|98992160:6|98992186:6|98992196:6|98992316:6|98992336:6|98992345:6|98992347:6|98992351:6|98992358:6|98992360:6|98992371:6|98992372:6|98992376:6|98992381:6|98992382:6|98992387:6|98992391:6|98992412:6|98992413:6|98992446:6|98992457:6|98992482:6|98992485:6|98992496:6|98992534:6|98992538:6|98992543:6|98992546:6|98992547:6|98992548:6|98992561:6|98992571:6|98992592:6|98992620:6|98992631:6|98992634:6|98992651:6|98992653:6|98992672:6|98992673:6|98992693:6|98992734:6|98992755:6|98992758:6|98992761:6|98992762:6|98992764:6|98992765:6|98992792:6|98992821:6|98992831:6|98992861:6|98992872:6|98992876:6|98992905:6|98992923:6|98992931:6|98992957:6|98992963:6|98992967:6|98992974:6|98992976:6|98993046:6|98993047:6|98993057:6|98993077:6|98993079:6|98993102:6|98993107:6|98993122:6|98993125:6|98993127:6|98993129:6|98993138:6|98993140:6|98993141:6
2021-01-02 12:42:32,584:INFO:98650012:6|98650046:6|98650047:6|98650071:6|98650079:6|98650092:6|98650094:6|98650123:6|98650134:6|98650136:6|98650142:6|98650143:6|98650145:6|98650146:6|98650147:6|98650148:6|98650149:6|98650150:6|98650152:6|98650153:6|98650156:6|98650158:6|98650159:6|98650162:6|98650163:6|98650167:6|98650171:6|98650172:6|98650174:6|98650175:6|98650176:6|98650178:6|98650179:6|98650182:6|98650183:6|98650185:6|98650189:6|98650191:6|98650193:6|98650196:6|98650230:6|98650231:6|98650232:6|98650236:6|98650237:6|98650238:6|98650241:6|98650243:6|98650245:6|98650246:6|98650248:6|98650251:6|98650252:6|98650253:6|98650254:6|98650256:6|98650257:6|98650258:6|98650259:6|98650260:6|98650261:6|98650262:6|98650263:6|98650264:6|98650267:6|98650271:6|98650272:6|98650274:6|98650275:6|98650276:6|98650278:6|98650279:6|98650281:6|98650282:6|98650286:6|98650287:6|98650288:6|98650289:6|98650291:6|98650293:6|98650294:6|98650297:6|98650320:6|98650332:6|98650336:6|98650337:6|98650338:6|98650340:6|98650341:6|98650342:6|98650346:6|98650347:6|98650348:6|98650349:6|98650351:6|98650352:6|98650353:6|98650356:6|98650357:6|98650358:6|98650361:6|98650364:6|98650366:6|98650369:6|98650372:6|98650374:6|98650375:6|98650376:6|98650377:6|98650378:6|98650379:6|98650380:6|98650381:6|98650382:6|98650383:6|98650384:6|98650386:6|98650387:6|98650389:6|98650390:6|98650391:6|98650393:6|98650395:6|98650396:6|98650420:6|98650421:6|98650424:6|98650429:6|98650431:6|98650432:6|98650434:6|98650435:6
2021-01-02 12:42:43,751:INFO:98650012:6|98650046:6|98650047:6|98650071:6|98650079:6|98650092:6|98650094:6|98650123:6|98650134:6|98650136:6|98650142:6|98650143:6|98650145:6|98650146:6|98650147:6|98650148:6|98650149:6|98650150:6|98650152:6|98650153:6|98650156:6|98650158:6|98650159:6|98650162:6|98650163:6|98650167:6|98650171:6|98650172:6|98650174:6|98650175:6|98650176:6|98650178:6|98650179:6|98650182:6|98650183:6|98650185:6|98650189:6|98650191:6|98650193:6|98650196:6|98650230:6|98650231:6|98650232:6|98650236:6|98650237:6|98650238:6|98650241:6|98650243:6|98650245:6|98650246:6|98650248:6|98650251:6|98650252:6|98650253:6|98650254:6|98650256:6|98650257:6|98650258:6|98650259:6|98650260:6|98650261:6|98650262:6|98650263:6|98650264:6|98650267:6|98650271:6|98650272:6|98650274:6|98650275:6|98650276:6|98650278:6|98650279:6|98650281:6|98650282:6|98650286:6|98650287:6|98650288:6|98650289:6|98650291:6|98650293:6|98650294:6|98650297:6|98650320:6|98650332:6|98650336:6|98650337:6|98650338:6|98650340:6|98650341:6|98650342:6|98650346:6|98650347:6|98650348:6|98650349:6|98650351:6|98650352:6|98650353:6|98650356:6|98650357:6|98650358:6|98650361:6|98650364:6|98650366:6|98650369:6|98650372:6|98650374:6|98650375:6|98650376:6|98650377:6|98650378:6|98650379:6|98650380:6|98650381:6|98650382:6|98650383:6|98650384:6|98650386:6|98650387:6|98650389:6|98650390:6|98650391:6|98650393:6|98650395:6|98650396:6|98650420:6|98650421:6|98650424:6|98650429:6|98650431:6|98650432:6|98650434:6|98650435:6
2021-01-02 12:42:44,097:INFO:ДУГААРАА СОНГОЖ БУЙ ХЭСЭГ
2021-01-02 12:42:44,098:INFO:2
2021-01-02 12:42:52,045:INFO:98650012:6|98650046:6|98650047:6|98650071:6|98650079:6|98650092:6|98650094:6|98650123:6|98650134:6|98650136:6|98650142:6|98650143:6|98650145:6|98650146:6|98650147:6|98650148:6|98650149:6|98650150:6|98650152:6|98650153:6|98650156:6|98650158:6|98650159:6|98650162:6|98650163:6|98650167:6|98650171:6|98650172:6|98650174:6|98650175:6|98650176:6|98650178:6|98650179:6|98650182:6|98650183:6|98650185:6|98650189:6|98650191:6|98650193:6|98650196:6|98650230:6|98650231:6|98650232:6|98650236:6|98650237:6|98650238:6|98650241:6|98650243:6|98650245:6|98650246:6|98650248:6|98650251:6|98650252:6|98650253:6|98650254:6|98650256:6|98650257:6|98650258:6|98650259:6|98650260:6|98650261:6|98650262:6|98650263:6|98650264:6|98650267:6|98650271:6|98650272:6|98650274:6|98650275:6|98650276:6|98650278:6|98650279:6|98650281:6|98650282:6|98650286:6|98650287:6|98650288:6|98650289:6|98650291:6|98650293:6|98650294:6|98650297:6|98650320:6|98650332:6|98650336:6|98650337:6|98650338:6|98650340:6|98650341:6|98650342:6|98650346:6|98650347:6|98650348:6|98650349:6|98650351:6|98650352:6|98650353:6|98650356:6|98650357:6|98650358:6|98650361:6|98650364:6|98650366:6|98650369:6|98650372:6|98650374:6|98650375:6|98650376:6|98650377:6|98650378:6|98650379:6|98650380:6|98650381:6|98650382:6|98650383:6|98650384:6|98650386:6|98650387:6|98650389:6|98650390:6|98650391:6|98650393:6|98650395:6|98650396:6|98650420:6|98650421:6|98650424:6|98650429:6|98650431:6|98650432:6|98650434:6|98650435:6
2021-01-02 12:43:07,032:INFO:98650812:6|98650813:6|98650817:6|98650827:6|98650828:6|98650832:6|98650833:6|98650834:6|98650835:6|98650836:6|98650837:6|98650839:6|98650840:6|98650841:6|98650842:6|98650843:6|98650845:6|98650846:6|98650848:6|98650849:6|98650850:6|98650851:6|98650853:6|98650854:6|98650855:6|98650856:6|98650857:6|98650859:6|98650860:6|98650861:6|98650862:6|98650863:6|98650864:6|98650867:6|98650868:6|98650869:6|98650870:6|98650871:6|98650872:6|98650873:6|98650875:6|98650877:6|98650878:6|98650879:6|98650886:6|98650891:6|98650892:6|98650893:6|98650894:6|98650896:6
2021-01-02 12:43:42,525:INFO:98650828:6
2021-01-02 12:57:13,747:INFO:------------------------------------------------------------------------------------------------
2021-01-02 13:00:16,206:INFO:------------------------------------------------------------------------------------------------
2021-01-02 13:02:22,708:INFO:ДУГААРЫН ЗАХИАЛГА
2021-01-02 13:02:22,715:INFO:Failed
2021-01-02 13:02:22,715:ERROR:Уучлаарай, таны сонгосон 98514899 дугаар захиалах боломжгүй байна. Line-1379
2021-01-02 13:02:24,017:INFO:------------------------------------------------------------------------------------------------
2021-01-02 13:04:32,068:INFO:-1
2021-01-02 13:04:35,489:INFO:98070223:6|98080223:6|98320223:6
2021-01-02 13:07:25,547:INFO:------------------------------------------------------------------------------------------------
2021-01-02 13:09:19,568:INFO:------------------------------------------------------------------------------------------------
2021-01-02 13:12:30,890:INFO:------------------------------------------------------------------------------------------------
2021-01-02 13:15:16,309:INFO:------------------------------------------------------------------------------------------------
2021-01-02 13:15:17,924:INFO:ДУГААРАА СОНГОЖ БУЙ ХЭСЭГ
2021-01-02 13:15:17,924:INFO:7
2021-01-02 13:15:18,238:WARNING:Not Found: /favicon.ico
2021-01-02 13:15:18,254:WARNING:Not Found: /favicon.ico
2021-01-02 13:15:18,527:INFO:ДУГААРАА СОНГОЖ БУЙ ХЭСЭГ
2021-01-02 13:15:18,527:INFO:2
2021-01-02 13:15:28,190:INFO:98006766:6|98016766:6|98026766:6|98036766:6|98046766:6|98056766:6|98066766:6|98076766:6|98096766:6|98106766:6|98146766:6|98176766:6|98456766:6|98476766:6|98516766:6|98566766:6|98596766:6|98806766:6|98866766:6|98876766:6|98936766:6|98946766:6|98956766:6
2021-01-02 13:15:30,645:INFO:------------------------------------------------------------------------------------------------
2021-01-02 13:15:38,743:INFO:------------------------------------------------------------------------------------------------
2021-01-02 13:15:41,176:INFO:98112715:6|98112763:6|98112876:6|98113415:6|98113426:6|98113527:6|98113584:6|98113624:6|98113723:6|98113924:6|98113926:6|98113946:6|98113954:6|98113976:6|98113977:6|98114317:6|98114507:6|98114513:6|98114517:6|98114537:6|98114539:6|98114573:6|98114631:6|98114671:6|98114672:6|98114732:6|98114735:6|98114738:6|98114762:6|98114825:6|98114835:6|98114917:6|98114923:6|98114931:6|98114935:6|98114952:6|98114962:6|98114963:6|98114967:6|98114972:6|98114975:6|98114982:6|98115134:6|98115143:6|98115213:6|98115217:6|98115236:6|98115237:6|98115246:6|98115273:6|98115274:6|98115287:6|98115293:6|98115314:6|98115317:6|98115327:6|98115341:6|98115342:6|98115346:6|98115347:6|98115361:6|98115371:6|98115382:6|98115386:6|98115392:6|98115413:6|98115423:6|98115427:6|98115431:6|98115438:6|98115462:6|98115471:6|98115614:6|98115627:6|98115631:6|98115632:6|98115634:6|98115637:6|98115639:6|98115643:6|98115672:6|98115693:6|98115712:6|98115713:6|98115714:6|98115716:6|98115721:6|98115724:6|98115728:6|98115729:6|98115732:6|98115734:6|98115736:6|98115742:6|98115743:6|98115761:6|98115762:6|98115763:6|98115764:6|98115782:6|98115783:6|98115784:6|98115786:6|98115791:6|98115792:6|98115794:6|98115817:6|98115834:6|98115841:6|98115843:6|98115846:6|98115847:6|98115863:6|98115867:6|98115871:6|98115873:6|98115893:6|98115924:6|98115925:6|98115926:6|98115928:6|98115932:6|98115935:6|98115937:6|98115938:6|98115941:6|98115942:6|98115943:6|98115946:6|98115947:6|98115962:6|98115964:6
2021-01-02 13:15:52,489:INFO:-1
2021-01-02 13:15:57,425:INFO:-1
2021-01-02 13:16:05,515:INFO:98114317:6|98115314:6|98115317:6|98115327:6|98115341:6|98115342:6|98115346:6|98115347:6|98115361:6|98115371:6|98115382:6|98115386:6|98115392:6|98116304:6|98116315:6|98116316:6|98116317:6|98116319:6|98116321:6|98116324:6|98116326:6|98116327:6|98116328:6|98116341:6|98116342:6|98116343:6|98116347:6|98116348:6|98116351:6|98116354:6|98116356:6|98116357:6|98116359:6|98116371:6|98116372:6|98116375:6|98116382:6|98116384:6|98116387:6|98116392:6|98116394:6|98116395:6|98117302:6|98117312:6|98117314:6|98117318:6|98117320:6|98117321:6|98117324:6|98117326:6|98117327:6|98117329:6|98117340:6|98117342:6|98117345:6|98117348:6|98117351:6|98117352:6|98117357:6|98117358:6|98117361:6|98117362:6|98117364:6|98117365:6|98117368:6|98117381:6|98117382:6|98117387:6|98117392:6|98117395:6|98117396:6|98118314:6|98118315:6|98118317:6|98118319:6|98118321:6|98118324:6|98118326:6|98118327:6|98118329:6|98118340:6|98118341:6|98118342:6|98118345:6|98118349:6|98118351:6|98118356:6|98118361:6|98118362:6|98118364:6|98118367:6|98118371:6|98118372:6|98118374:6|98118375:6|98118391:6|98119314:6|98119324:6|98119326:6|98119346:6|98119347:6|98119351:6|98119352:6|98119354:6|98119356:6|98119358:6|98119361:6|98119362:6|98119364:6|98119372:6|98119375:6|98119376:6|98119384:6|98119386:6
2021-01-02 13:16:24,375:INFO:-1
2021-01-02 13:16:28,552:INFO:-1
2021-01-02 13:16:32,058:INFO:-1
2021-01-02 13:16:36,114:INFO:98112715:6|98112763:6|98112876:6|98113415:6|98113426:6|98113527:6|98113584:6|98113624:6|98113723:6|98113924:6|98113926:6|98113946:6|98113954:6|98113976:6|98113977:6|98114317:6|98114507:6|98114513:6|98114517:6|98114537:6|98114539:6|98114573:6|98114631:6|98114671:6|98114672:6|98114732:6|98114735:6|98114738:6|98114762:6|98114825:6|98114835:6|98114917:6|98114923:6|98114931:6|98114935:6|98114952:6|98114962:6|98114963:6|98114967:6|98114972:6|98114975:6|98114982:6|98115134:6|98115143:6|98115213:6|98115217:6|98115236:6|98115237:6|98115246:6|98115273:6|98115274:6|98115287:6|98115293:6|98115314:6|98115317:6|98115327:6|98115341:6|98115342:6|98115346:6|98115347:6|98115361:6|98115371:6|98115382:6|98115386:6|98115392:6|98115413:6|98115423:6|98115427:6|98115431:6|98115438:6|98115462:6|98115471:6|98115614:6|98115627:6|98115631:6|98115632:6|98115634:6|98115637:6|98115639:6|98115643:6|98115672:6|98115693:6|98115712:6|98115713:6|98115714:6|98115716:6|98115721:6|98115724:6|98115728:6|98115729:6|98115732:6|98115734:6|98115736:6|98115742:6|98115743:6|98115761:6|98115762:6|98115763:6|98115764:6|98115782:6|98115783:6|98115784:6|98115786:6|98115791:6|98115792:6|98115794:6|98115817:6|98115834:6|98115841:6|98115843:6|98115846:6|98115847:6|98115863:6|98115867:6|98115871:6|98115873:6|98115893:6|98115924:6|98115925:6|98115926:6|98115928:6|98115932:6|98115935:6|98115937:6|98115938:6|98115941:6|98115942:6|98115943:6|98115946:6|98115947:6|98115962:6|98115964:6
2021-01-02 13:16:47,526:INFO:ДУГААРЫН ҮНЭ
2021-01-02 13:16:47,529:INFO:10000
2021-01-02 13:21:48,960:INFO:------------------------------------------------------------------------------------------------
2021-01-02 13:24:28,787:INFO:------------------------------------------------------------------------------------------------
2021-01-02 13:24:31,652:INFO:ДУГААРАА СОНГОЖ БУЙ ХЭСЭГ
2021-01-02 13:24:31,652:INFO:2
2021-01-02 13:24:45,094:INFO:98568018:6|98568218:6|98568318:6|98568418:6|98568518:6|98568618:6|98568718:6|98568918:6
2021-01-02 13:25:52,056:INFO:98190024:6|98190062:6|98190078:6|98190117:6|98190145:6|98190146:6|98190148:6|98190153:6|98190155:6|98190165:6|98190188:6|98190231:6|98190233:6|98190237:6|98190239:6|98190240:6|98190244:6|98190246:6|98190253:6|98190254:6|98190263:6|98190265:6|98190268:6|98190270:6|98190277:6|98190292:6|98190293:6|98190315:6|98190337:6|98190342:6|98190352:6|98190357:6|98190360:6|98190361:6|98190362:6|98190364:6|98190371:6|98190375:6|98190378:6|98190384:6|98190387:6|98190389:6|98190392:6|98190396:6|98190397:6|98190431:6|98190433:6|98190434:6|98190436:6|98190439:6|98190451:6|98190452:6|98190453:6|98190456:6|98190457:6|98190461:6|98190465:6|98190467:6|98190470:6|98190474:6|98190475:6|98190477:6|98190478:6|98190479:6|98190481:6|98190482:6|98190486:6|98190487:6|98190491:6|98190492:6|98190494:6|98190495:6|98190496:6|98190524:6|98190535:6|98190536:6|98190542:6|98190546:6|98190547:6|98190548:6|98190561:6|98190567:6|98190568:6|98190571:6|98190573:6|98190574:6|98190577:6|98190581:6|98190593:6|98190596:6|98190613:6|98190619:6|98190642:6|98190644:6|98190646:6|98190647:6|98190650:6|98190651:6|98190653:6|98190656:6|98190657:6|98190658:6|98190663:6|98190665:6|98190667:6|98190671:6|98190672:6|98190673:6|98190675:6|98190681:6|98190683:6|98190686:6|98190689:6|98190697:6|98190698:6|98190703:6|98190728:6|98190732:6|98190737:6|98190741:6|98190742:6|98190743:6|98190746:6|98190751:6|98190753:6|98190754:6|98190755:6|98190758:6|98190759:6|98190760:6|98190761:6|98190762:6
2021-01-02 13:46:17,889:INFO:ДУГААРАА СОНГОЖ БУЙ ХЭСЭГ
2021-01-02 13:46:17,889:INFO:7
2021-01-02 13:46:17,973:WARNING:Not Found: /favicon.ico
2021-01-02 13:47:17,507:INFO:98050992:6
2021-01-02 13:47:20,307:INFO:ДУГААРЫН ҮНЭ
2021-01-02 13:47:20,310:INFO:10000
2021-01-02 13:47:51,198:INFO:ДУГААРАА СОНГОЖ БУЙ ХЭСЭГ
2021-01-02 13:47:51,198:INFO:2
2021-01-02 13:47:51,423:WARNING:Not Found: /favicon.ico
2021-01-02 13:48:05,990:INFO:ДУГААРАА СОНГОЖ БУЙ ХЭСЭГ
2021-01-02 13:48:05,990:INFO:7
2021-01-02 13:48:06,919:INFO:------------------------------------------------------------------------------------------------
2021-01-02 13:48:07,954:INFO:ДУГААРАА СОНГОЖ БУЙ ХЭСЭГ
2021-01-02 13:48:07,955:INFO:2
2021-01-02 13:48:11,816:INFO:98300030:6
2021-01-02 13:48:12,899:INFO:ДУГААРЫН ҮНЭ
2021-01-02 13:48:12,902:INFO:5000
2021-01-02 13:48:38,289:INFO:-1
2021-01-02 13:48:48,837:INFO:-1
2021-01-02 13:48:54,477:INFO:-1
2021-01-02 13:49:19,205:INFO:93250992:6
2021-01-02 13:49:21,481:INFO:ДУГААРЫН ҮНЭ
2021-01-02 13:49:21,483:INFO:5000
2021-01-02 13:51:44,640:INFO:93120992:6
2021-01-02 13:51:56,973:INFO:-1
2021-01-02 13:52:10,699:INFO:97120992:6
2021-01-02 13:55:54,443:INFO:ДУГААРАА СОНГОЖ БУЙ ХЭСЭГ
2021-01-02 13:55:54,443:INFO:7
2021-01-02 13:57:13,845:INFO:------------------------------------------------------------------------------------------------
2021-01-02 14:00:16,349:INFO:------------------------------------------------------------------------------------------------
2021-01-02 14:02:24,285:INFO:------------------------------------------------------------------------------------------------
2021-01-02 14:08:44,754:INFO:-1
2021-01-02 14:08:50,968:INFO:93350718:6
2021-01-02 14:15:31,000:INFO:------------------------------------------------------------------------------------------------
2021-01-02 14:19:42,078:INFO:------------------------------------------------------------------------------------------------
2021-01-02 14:19:48,239:INFO:ДУГААРАА СОНГОЖ БУЙ ХЭСЭГ
2021-01-02 14:19:48,239:INFO:7
2021-01-02 14:20:00,151:INFO:97011818:9
2021-01-02 14:30:03,487:INFO:------------------------------------------------------------------------------------------------
2021-01-02 14:30:04,678:INFO:ДУГААРАА СОНГОЖ БУЙ ХЭСЭГ
2021-01-02 14:30:04,679:INFO:2
2021-01-02 14:30:04,885:WARNING:Not Found: /favicon.ico
2021-01-02 14:30:47,411:INFO:98024248:6|98034248:6|98044248:6|98064248:6|98074248:6|98094248:6|98104248:6|98134248:6|98144248:6|98164248:6|98174248:6|98214248:6|98224248:6|98234248:6|98254248:6|98274248:6|98294248:6|98304248:6|98314248:6|98334248:6|98374248:6|98384248:6|98454248:6|98474248:6|98514248:6|98564248:6|98594248:6|98604248:6|98634248:6|98654248:6|98804248:6|98814248:6|98824248:6|98834248:6|98844248:6|98854248:6|98864248:6|98874248:6|98954248:6
2021-01-02 14:31:46,538:INFO:98024248:6|98034248:6|98044248:6|98064248:6|98074248:6|98094248:6|98104248:6|98134248:6|98144248:6|98164248:6|98174248:6|98214248:6|98224248:6|98234248:6|98254248:6|98274248:6|98294248:6|98304248:6|98314248:6|98334248:6|98374248:6|98384248:6|98454248:6|98474248:6|98514248:6|98564248:6|98594248:6|98604248:6|98634248:6|98654248:6|98804248:6|98814248:6|98824248:6|98834248:6|98844248:6|98854248:6|98864248:6|98874248:6|98954248:6
2021-01-02 14:32:04,143:INFO:98024248:6|98034248:6|98044248:6|98064248:6|98074248:6|98094248:6|98104248:6|98134248:6|98144248:6|98164248:6|98174248:6|98214248:6|98224248:6|98234248:6|98254248:6|98274248:6|98294248:6|98304248:6|98314248:6|98334248:6|98374248:6|98384248:6|98454248:6|98474248:6|98514248:6|98564248:6|98594248:6|98604248:6|98634248:6|98654248:6|98804248:6|98814248:6|98824248:6|98834248:6|98844248:6|98854248:6|98864248:6|98874248:6|98954248:6
2021-01-02 14:32:07,316:INFO:98024248:6|98034248:6|98044248:6|98064248:6|98074248:6|98094248:6|98104248:6|98134248:6|98144248:6|98164248:6|98174248:6|98214248:6|98224248:6|98234248:6|98254248:6|98274248:6|98294248:6|98304248:6|98314248:6|98334248:6|98374248:6|98384248:6|98454248:6|98474248:6|98514248:6|98564248:6|98594248:6|98604248:6|98634248:6|98654248:6|98804248:6|98814248:6|98824248:6|98834248:6|98844248:6|98854248:6|98864248:6|98874248:6|98954248:6
2021-01-02 14:33:03,209:INFO:93004248:6|93024248:6|93034248:6|93044248:6|93054248:6|93064248:6|93074248:6|93084248:6|93094248:6|93104248:6|93134248:6|93164248:6|93174248:6|93184248:6|93194248:6|93204248:6|93214248:6|93234248:6|93244248:6|93254248:6|93264248:6|93274248:6|93284248:6|93294248:6|93304248:6|93314248:6|93324248:6|93334248:6|93344248:6|93354248:6|93364248:6|93374248:6|93384248:6|93394248:6|93404248:6|93414248:6|93424248:6|93434248:6|93444248:6|93454248:6|93464248:6|93474248:6
2021-01-02 14:33:20,271:INFO:98009893:6|98019893:6|98029893:6|98039893:6|98049893:6|98059893:6|98069893:6|98079893:6|98099893:6|98109893:6|98129893:6|98179893:6|98199893:6|98249893:6|98259893:6|98269893:6|98279893:6|98329893:6|98379893:6|98439893:6|98459893:6|98469893:6|98479893:6|98519893:6|98569893:6|98599893:6|98609893:6|98619893:6|98629893:6|98649893:6|98679893:6|98849893:6
2021-01-02 14:34:11,936:INFO:93009893:6|93019893:6|93029893:6|93039893:6|93049893:6|93069893:6|93079893:6|93089893:6|93099893:6|93109893:6|93119893:6|93129893:6|93149893:6|93159893:6|93179893:6|93199893:6|93209893:6|93229893:6|93249893:6|93259893:6|93269893:6|93279893:6|93289893:6|93299893:6|93319893:6|93329893:6|93349893:6|93359893:6|93369893:6|93379893:6|93409893:6|93419893:6|93429893:6|93449893:6|93459893:6|93469893:6|93479893:6
2021-01-02 14:34:42,557:INFO:93009890:6|93009891:6|93009892:6|93009893:6|93009894:6|93009895:6|93009896:6|93009897:6|93019890:6|93019891:6|93019892:6|93019893:6|93019894:6|93019895:6|93019896:6|93019897:6|93029890:6|93029891:6|93029892:6|93029893:6|93029894:6|93029895:6|93029896:6|93029897:6|93039890:6|93039891:6|93039892:6|93039893:6|93039894:6|93039895:6|93039896:6|93039897:6|93049890:6|93049891:6|93049892:6|93049893:6|93049894:6|93049895:6|93049896:6|93049897:6|93049899:6|93069890:6|93069891:6|93069892:6|93069893:6|93069894:6|93069895:6|93069896:6|93069897:6|93069899:6|93079890:6|93079891:6|93079892:6|93079893:6|93079894:6|93079895:6|93079896:6|93079897:6|93079899:6|93089890:6|93089891:6|93089892:6|93089893:6|93089894:6|93089895:6|93089896:6|93099890:6|93099891:6|93099892:6|93099893:6|93099894:6|93099895:6|93099896:6|93099897:6|93109890:6|93109891:6|93109892:6|93109893:6|93109894:6|93109895:6|93109896:6|93109897:6|93109899:6|93119890:6|93119891:6|93119892:6|93119893:6|93119894:6|93119895:6|93119896:6|93129890:6|93129891:6|93129892:6|93129893:6|93129894:6|93129895:6|93129896:6|93139891:6|93139892:6|93139894:6|93139895:6|93139896:6|93149890:6|93149891:6|93149892:6|93149893:6|93149894:6|93149895:6|93149896:6|93149897:6|93159891:6|93159892:6|93159893:6|93159894:6|93159895:6|93159896:6|93169891:6|93169892:6|93169894:6|93169895:6|93169896:6|93169897:6|93179890:6|93179891:6|93179892:6|93179893:6|93179894:6|93179895:6|93179896:6|93179897:6|93189891:6|93189892:6
2021-01-02 14:34:54,623:INFO:93009890:6|93009891:6|93009892:6|93009893:6|93009894:6|93009895:6|93009896:6|93009897:6|93019890:6|93019891:6|93019892:6|93019893:6|93019894:6|93019895:6|93019896:6|93019897:6|93029890:6|93029891:6|93029892:6|93029893:6|93029894:6|93029895:6|93029896:6|93029897:6|93039890:6|93039891:6|93039892:6|93039893:6|93039894:6|93039895:6|93039896:6|93039897:6|93049890:6|93049891:6|93049892:6|93049893:6|93049894:6|93049895:6|93049896:6|93049897:6|93049899:6|93069890:6|93069891:6|93069892:6|93069893:6|93069894:6|93069895:6|93069896:6|93069897:6|93069899:6|93079890:6|93079891:6|93079892:6|93079893:6|93079894:6|93079895:6|93079896:6|93079897:6|93079899:6|93089890:6|93089891:6|93089892:6|93089893:6|93089894:6|93089895:6|93089896:6|93099890:6|93099891:6|93099892:6|93099893:6|93099894:6|93099895:6|93099896:6|93099897:6|93109890:6|93109891:6|93109892:6|93109893:6|93109894:6|93109895:6|93109896:6|93109897:6|93109899:6|93119890:6|93119891:6|93119892:6|93119893:6|93119894:6|93119895:6|93119896:6|93129890:6|93129891:6|93129892:6|93129893:6|93129894:6|93129895:6|93129896:6|93139891:6|93139892:6|93139894:6|93139895:6|93139896:6|93149890:6|93149891:6|93149892:6|93149893:6|93149894:6|93149895:6|93149896:6|93149897:6|93159891:6|93159892:6|93159893:6|93159894:6|93159895:6|93159896:6|93169891:6|93169892:6|93169894:6|93169895:6|93169896:6|93169897:6|93179890:6|93179891:6|93179892:6|93179893:6|93179894:6|93179895:6|93179896:6|93179897:6|93189891:6|93189892:6
2021-01-02 14:35:02,602:INFO:------------------------------------------------------------------------------------------------
2021-01-02 14:35:31,097:INFO:98009893:6|98009895:6|98019891:6|98019892:6|98019893:6|98019895:6|98019896:6|98029890:6|98029891:6|98029892:6|98029893:6|98029894:6|98029895:6|98029896:6|98029897:6|98039890:6|98039891:6|98039892:6|98039893:6|98039894:6|98039895:6|98039896:6|98039897:6|98049890:6|98049891:6|98049892:6|98049893:6|98049894:6|98049895:6|98049896:6|98049897:6|98059891:6|98059892:6|98059893:6|98059894:6|98059895:6|98059896:6|98059897:6|98069890:6|98069891:6|98069892:6|98069893:6|98069894:6|98069895:6|98069896:6|98069897:6|98079890:6|98079891:6|98079892:6|98079893:6|98079895:6|98079896:6|98079897:6|98089895:6|98099891:6|98099893:6|98099896:6|98109890:6|98109891:6|98109892:6|98109893:6|98109894:6|98109895:6|98109896:6|98129891:6|98129893:6|98129896:6|98139892:6|98139895:6|98139896:6|98149892:6|98149895:6|98149896:6|98159892:6|98169894:6|98169895:6|98179891:6|98179892:6|98179893:6|98179894:6|98179896:6|98199893:6|98209892:6|98209897:6|98239897:6|98249893:6|98249896:6|98259891:6|98259892:6|98259893:6|98259896:6|98269893:6|98269894:6|98279892:6|98279893:6|98279894:6|98279895:6|98309894:6|98309895:6|98319892:6|98329890:6|98329891:6|98329893:6|98329895:6|98379891:6|98379892:6|98379893:6|98379894:6|98379895:6|98379896:6|98389895:6|98439892:6|98439893:6|98439894:6|98449894:6|98459892:6|98459893:6|98459894:6|98469892:6|98469893:6|98469894:6|98479891:6|98479892:6|98479893:6|98479894:6|98479895:6|98479896:6|98519892:6|98519893:6|98519894:6|98569893:6|98569895:6
2021-01-02 14:35:43,516:INFO:98120692:6|98121093:6|98121390:6|98121492:6|98121495:6|98121593:6|98121695:6|98121696:6|98121697:6|98121895:6|98121995:6|98122390:6|98122394:6|98122397:6|98122490:6|98122491:6|98122495:6|98122790:6|98122791:6|98122797:6|98122893:6|98123095:6|98123195:6|98123197:6|98123294:6|98123298:6|98123390:6|98123396:6|98123493:6|98123592:6|98123597:6|98123790:6|98123791:6|98123792:6|98123794:6|98123796:6|98123897:6|98123899:6|98123997:6|98124092:6|98124094:6|98124193:6|98124194:6|98124195:6|98124197:6|98124291:6|98124294:6|98124295:6|98124296:6|98124391:6|98124395:6|98124396:6|98124397:6|98124491:6|98124493:6|98124496:6|98124590:6|98124591:6|98124593:6|98124595:6|98124596:6|98124690:6|98124692:6|98124693:6|98124694:6|98124695:6|98124697:6|98124790:6|98124793:6|98124794:6|98124795:6|98124796:6|98124797:6|98124890:6|98124891:6|98124894:6|98124897:6|98124991:6|98124995:6|98125091:6|98125096:6|98125097:6|98125194:6|98125195:6|98125199:6|98125297:6|98125391:6|98125392:6|98125394:6|98125395:6|98125396:6|98125397:6|98125491:6|98125493:6|98125495:6|98125496:6|98125591:6|98125593:6|98125594:6|98125596:6|98125695:6|98125698:6|98125791:6|98125792:6|98125794:6|98125795:6|98125891:6|98125892:6|98125894:6|98125897:6|98125991:6|98125993:6|98125994:6|98125996:6|98126091:6|98126092:6|98126093:6|98126094:6|98126095:6|98126096:6|98126193:6|98126194:6|98126195:6|98126196:6|98126197:6|98126291:6|98126293:6|98126294:6|98126295:6|98126296:6|98126297:6|98126391:6
2021-01-02 14:40:23,142:INFO:------------------------------------------------------------------------------------------------
2021-01-02 14:43:14,378:INFO:------------------------------------------------------------------------------------------------
2021-01-02 14:43:18,156:INFO:ДУГААРАА СОНГОЖ БУЙ ХЭСЭГ
2021-01-02 14:43:18,156:INFO:7
2021-01-02 14:43:22,094:INFO:98112715:6|98112763:6|98112876:6|98113415:6|98113426:6|98113527:6|98113584:6|98113624:6|98113723:6|98113924:6|98113926:6|98113946:6|98113954:6|98113976:6|98114317:6|98114507:6|98114513:6|98114517:6|98114537:6|98114539:6|98114573:6|98114631:6|98114671:6|98114672:6|98114732:6|98114735:6|98114738:6|98114762:6|98114825:6|98114835:6|98114917:6|98114923:6|98114931:6|98114935:6|98114952:6|98114962:6|98114963:6|98114967:6|98114972:6|98114975:6|98114982:6|98115134:6|98115143:6|98115213:6|98115217:6|98115236:6|98115237:6|98115246:6|98115273:6|98115274:6|98115287:6|98115293:6|98115314:6|98115317:6|98115327:6|98115341:6|98115342:6|98115346:6|98115347:6|98115361:6|98115371:6|98115382:6|98115386:6|98115392:6|98115413:6|98115423:6|98115427:6|98115431:6|98115438:6|98115462:6|98115471:6|98115614:6|98115627:6|98115631:6|98115632:6|98115634:6|98115637:6|98115639:6|98115643:6|98115672:6|98115693:6|98115712:6|98115713:6|98115714:6|98115716:6|98115721:6|98115724:6|98115728:6|98115729:6|98115732:6|98115734:6|98115736:6|98115742:6|98115743:6|98115761:6|98115762:6|98115763:6|98115764:6|98115782:6|98115783:6|98115784:6|98115786:6|98115791:6|98115792:6|98115794:6|98115817:6|98115834:6|98115841:6|98115843:6|98115846:6|98115847:6|98115863:6|98115867:6|98115871:6|98115873:6|98115893:6|98115924:6|98115925:6|98115926:6|98115928:6|98115932:6|98115935:6|98115937:6|98115938:6|98115941:6|98115942:6|98115943:6|98115946:6|98115947:6|98115962:6|98115964:6|98115973:6
2021-01-02 14:43:45,587:INFO:98118026:6|98118046:6|98118065:6|98118071:6|98118076:6|98118106:6|98118125:6|98118127:6|98118132:6|98118135:6|98118137:6|98118143:6|98118145:6|98118146:6|98118152:6|98118156:6|98118163:6|98118176:6|98118216:6|98118217:6|98118230:6|98118231:6|98118235:6|98118236:6|98118237:6|98118243:6|98118245:6|98118249:6|98118257:6|98118263:6|98118264:6|98118265:6|98118267:6|98118269:6|98118271:6|98118291:6|98118297:6|98118314:6|98118315:6|98118317:6|98118319:6|98118321:6|98118324:6|98118326:6|98118327:6|98118329:6|98118340:6|98118341:6|98118342:6|98118345:6|98118349:6|98118351:6|98118356:6|98118361:6|98118362:6|98118364:6|98118367:6|98118371:6|98118372:6|98118374:6|98118375:6|98118391:6|98118417:6|98118421:6|98118425:6|98118426:6|98118429:6|98118430:6|98118435:6|98118437:6|98118439:6|98118442:6|98118450:6|98118451:6|98118452:6|98118453:6|98118457:6|98118460:6|98118461:6|98118462:6|98118463:6|98118467:6|98118471:6|98118472:6|98118473:6|98118476:6|98118507:6|98118514:6|98118517:6|98118526:6|98118527:6|98118536:6|98118537:6|98118539:6|98118541:6|98118542:6|98118543:6|98118546:6|98118562:6|98118563:6|98118571:6|98118574:6|98118592:6|98118593:6|98118614:6|98118615:6|98118621:6|98118623:6|98118635:6|98118637:6|98118640:6|98118642:6|98118643:6|98118645:6|98118647:6|98118652:6|98118654:6|98118671:6|98118672:6|98118674:6|98118675:6|98118694:6|98118705:6|98118710:6|98118714:6|98118715:6|98118716:6|98118723:6|98118724:6|98118726:6|98118730:6|98118731:6
2021-01-02 14:43:54,059:INFO:98119064:6|98119143:6|98119152:6|98119153:6|98119231:6|98119235:6|98119236:6|98119238:6|98119241:6|98119245:6|98119256:6|98119257:6|98119263:6|98119264:6|98119267:6|98119268:6|98119271:6|98119274:6|98119275:6|98119276:6|98119283:6|98119285:6|98119314:6|98119324:6|98119326:6|98119346:6|98119347:6|98119351:6|98119352:6|98119354:6|98119356:6|98119358:6|98119361:6|98119362:6|98119364:6|98119372:6|98119375:6|98119376:6|98119384:6|98119386:6|98119420:6|98119421:6|98119423:6|98119426:6|98119427:6|98119431:6|98119432:6|98119435:6|98119436:6|98119437:6|98119452:6|98119453:6|98119457:6|98119461:6|98119463:6|98119465:6|98119467:6|98119471:6|98119473:6|98119517:6|98119523:6|98119527:6|98119532:6|98119534:6|98119537:6|98119541:6|98119542:6|98119543:6|98119548:6|98119561:6|98119562:6|98119563:6|98119576:6|98119581:6|98119582:6|98119583:6|98119584:6|98119586:6|98119623:6|98119624:6|98119626:6|98119627:6|98119628:6|98119631:6|98119632:6|98119637:6|98119641:6|98119643:6|98119645:6|98119652:6|98119657:6|98119671:6|98119672:6|98119673:6|98119674:6|98119675:6|98119681:6|98119682:6|98119683:6|98119684:6|98119713:6|98119725:6|98119726:6|98119732:6|98119734:6|98119736:6|98119738:6|98119740:6|98119742:6|98119745:6|98119753:6|98119754:6|98119762:6|98119763:6|98119764:6|98119783:6
2021-01-02 14:43:59,496:INFO:98119064:6|98119143:6|98119152:6|98119153:6|98119231:6|98119235:6|98119236:6|98119238:6|98119241:6|98119245:6|98119256:6|98119257:6|98119263:6|98119264:6|98119267:6|98119268:6|98119271:6|98119274:6|98119275:6|98119276:6|98119283:6|98119285:6|98119314:6|98119324:6|98119326:6|98119346:6|98119347:6|98119351:6|98119352:6|98119354:6|98119356:6|98119358:6|98119361:6|98119362:6|98119364:6|98119372:6|98119375:6|98119376:6|98119384:6|98119386:6|98119420:6|98119421:6|98119423:6|98119426:6|98119427:6|98119431:6|98119432:6|98119435:6|98119436:6|98119437:6|98119452:6|98119453:6|98119457:6|98119461:6|98119463:6|98119465:6|98119467:6|98119471:6|98119473:6|98119517:6|98119523:6|98119527:6|98119532:6|98119534:6|98119537:6|98119541:6|98119542:6|98119543:6|98119548:6|98119561:6|98119562:6|98119563:6|98119576:6|98119581:6|98119582:6|98119583:6|98119584:6|98119586:6|98119623:6|98119624:6|98119626:6|98119627:6|98119628:6|98119631:6|98119632:6|98119637:6|98119641:6|98119643:6|98119645:6|98119652:6|98119657:6|98119671:6|98119672:6|98119673:6|98119674:6|98119675:6|98119681:6|98119682:6|98119683:6|98119684:6|98119713:6|98119725:6|98119726:6|98119732:6|98119734:6|98119736:6|98119738:6|98119740:6|98119742:6|98119745:6|98119753:6|98119754:6|98119762:6|98119763:6|98119764:6|98119783:6
2021-01-02 14:44:02,086:INFO:98119064:6|98119143:6|98119152:6|98119153:6|98119231:6|98119235:6|98119236:6|98119238:6|98119241:6|98119245:6|98119256:6|98119257:6|98119263:6|98119264:6|98119267:6|98119268:6|98119271:6|98119274:6|98119275:6|98119276:6|98119283:6|98119285:6|98119314:6|98119324:6|98119326:6|98119346:6|98119347:6|98119351:6|98119352:6|98119354:6|98119356:6|98119358:6|98119361:6|98119362:6|98119364:6|98119372:6|98119375:6|98119376:6|98119384:6|98119386:6|98119420:6|98119421:6|98119423:6|98119426:6|98119427:6|98119431:6|98119432:6|98119435:6|98119436:6|98119437:6|98119452:6|98119453:6|98119457:6|98119461:6|98119463:6|98119465:6|98119467:6|98119471:6|98119473:6|98119517:6|98119523:6|98119527:6|98119532:6|98119534:6|98119537:6|98119541:6|98119542:6|98119543:6|98119548:6|98119561:6|98119562:6|98119563:6|98119576:6|98119581:6|98119582:6|98119583:6|98119584:6|98119586:6|98119623:6|98119624:6|98119626:6|98119627:6|98119628:6|98119631:6|98119632:6|98119637:6|98119641:6|98119643:6|98119645:6|98119652:6|98119657:6|98119671:6|98119672:6|98119673:6|98119674:6|98119675:6|98119681:6|98119682:6|98119683:6|98119684:6|98119713:6|98119725:6|98119726:6|98119732:6|98119734:6|98119736:6|98119738:6|98119740:6|98119742:6|98119745:6|98119753:6|98119754:6|98119762:6|98119763:6|98119764:6|98119783:6
2021-01-02 14:44:04,167:INFO:98119064:6|98119143:6|98119152:6|98119153:6|98119231:6|98119235:6|98119236:6|98119238:6|98119241:6|98119245:6|98119256:6|98119257:6|98119263:6|98119264:6|98119267:6|98119268:6|98119271:6|98119274:6|98119275:6|98119276:6|98119283:6|98119285:6|98119314:6|98119324:6|98119326:6|98119346:6|98119347:6|98119351:6|98119352:6|98119354:6|98119356:6|98119358:6|98119361:6|98119362:6|98119364:6|98119372:6|98119375:6|98119376:6|98119384:6|98119386:6|98119420:6|98119421:6|98119423:6|98119426:6|98119427:6|98119431:6|98119432:6|98119435:6|98119436:6|98119437:6|98119452:6|98119453:6|98119457:6|98119461:6|98119463:6|98119465:6|98119467:6|98119471:6|98119473:6|98119517:6|98119523:6|98119527:6|98119532:6|98119534:6|98119537:6|98119541:6|98119542:6|98119543:6|98119548:6|98119561:6|98119562:6|98119563:6|98119576:6|98119581:6|98119582:6|98119583:6|98119584:6|98119586:6|98119623:6|98119624:6|98119626:6|98119627:6|98119628:6|98119631:6|98119632:6|98119637:6|98119641:6|98119643:6|98119645:6|98119652:6|98119657:6|98119671:6|98119672:6|98119673:6|98119674:6|98119675:6|98119681:6|98119682:6|98119683:6|98119684:6|98119713:6|98119725:6|98119726:6|98119732:6|98119734:6|98119736:6|98119738:6|98119740:6|98119742:6|98119745:6|98119753:6|98119754:6|98119762:6|98119763:6|98119764:6|98119783:6
2021-01-02 14:44:07,030:INFO:98119064:6|98119143:6|98119152:6|98119153:6|98119231:6|98119235:6|98119236:6|98119238:6|98119241:6|98119245:6|98119256:6|98119257:6|98119263:6|98119264:6|98119267:6|98119268:6|98119271:6|98119274:6|98119275:6|98119276:6|98119283:6|98119285:6|98119314:6|98119324:6|98119326:6|98119346:6|98119347:6|98119351:6|98119352:6|98119354:6|98119356:6|98119358:6|98119361:6|98119362:6|98119364:6|98119372:6|98119375:6|98119376:6|98119384:6|98119386:6|98119420:6|98119421:6|98119423:6|98119426:6|98119427:6|98119431:6|98119432:6|98119435:6|98119436:6|98119437:6|98119452:6|98119453:6|98119457:6|98119461:6|98119463:6|98119465:6|98119467:6|98119471:6|98119473:6|98119517:6|98119523:6|98119527:6|98119532:6|98119534:6|98119537:6|98119541:6|98119542:6|98119543:6|98119548:6|98119561:6|98119562:6|98119563:6|98119576:6|98119581:6|98119582:6|98119583:6|98119584:6|98119586:6|98119623:6|98119624:6|98119626:6|98119627:6|98119628:6|98119631:6|98119632:6|98119637:6|98119641:6|98119643:6|98119645:6|98119652:6|98119657:6|98119671:6|98119672:6|98119673:6|98119674:6|98119675:6|98119681:6|98119682:6|98119683:6|98119684:6|98119713:6|98119725:6|98119726:6|98119732:6|98119734:6|98119736:6|98119738:6|98119740:6|98119742:6|98119745:6|98119753:6|98119754:6|98119762:6|98119763:6|98119764:6|98119783:6
2021-01-02 14:44:17,472:INFO:98118705:6|98118710:6|98118714:6|98118715:6|98118716:6|98118723:6|98118724:6|98118726:6|98118730:6|98118731:6|98118734:6|98118736:6|98118739:6|98118740:6|98118741:6|98118743:6|98118745:6|98118746:6|98118748:6|98118749:6|98118750:6|98118752:6|98118753:6|98118762:6|98118763:6|98118764:6
2021-01-02 14:44:30,540:INFO:98118026:6|98118046:6|98118065:6|98118071:6|98118076:6
2021-01-02 14:44:36,947:INFO:98118106:6|98118125:6|98118127:6|98118132:6|98118135:6|98118137:6|98118143:6|98118145:6|98118146:6|98118152:6|98118156:6|98118163:6|98118176:6
2021-01-02 14:44:45,345:INFO:98118216:6|98118217:6|98118230:6|98118231:6|98118235:6|98118236:6|98118237:6|98118243:6|98118245:6|98118249:6|98118257:6|98118263:6|98118264:6|98118265:6|98118267:6|98118269:6|98118271:6|98118291:6|98118297:6
2021-01-02 14:44:50,953:INFO:98118314:6|98118315:6|98118317:6|98118319:6|98118321:6|98118324:6|98118326:6|98118327:6|98118329:6|98118340:6|98118341:6|98118342:6|98118345:6|98118349:6|98118351:6|98118356:6|98118361:6|98118362:6|98118364:6|98118367:6|98118371:6|98118372:6|98118374:6|98118375:6|98118391:6
2021-01-02 14:44:55,729:INFO:98118216:6|98118217:6|98118230:6|98118231:6|98118235:6|98118236:6|98118237:6|98118243:6|98118245:6|98118249:6|98118257:6|98118263:6|98118264:6|98118265:6|98118267:6|98118269:6|98118271:6|98118291:6|98118297:6
2021-01-02 14:45:07,048:INFO:98118507:6|98118514:6|98118517:6|98118526:6|98118527:6|98118536:6|98118537:6|98118539:6|98118541:6|98118542:6|98118543:6|98118546:6|98118562:6|98118563:6|98118571:6|98118574:6|98118592:6|98118593:6
2021-01-02 14:45:15,413:INFO:98118314:6|98118315:6|98118317:6|98118319:6|98118321:6|98118324:6|98118326:6|98118327:6|98118329:6|98118340:6|98118341:6|98118342:6|98118345:6|98118349:6|98118351:6|98118356:6|98118361:6|98118362:6|98118364:6|98118367:6|98118371:6|98118372:6|98118374:6|98118375:6|98118391:6
2021-01-02 14:45:26,116:INFO:-1
2021-01-02 14:45:28,229:INFO:98118314:6|98118315:6|98118317:6|98118319:6|98118321:6|98118324:6|98118326:6|98118327:6|98118329:6|98118340:6|98118341:6|98118342:6|98118345:6|98118349:6|98118351:6|98118356:6|98118361:6|98118362:6|98118364:6|98118367:6|98118371:6|98118372:6|98118374:6|98118375:6|98118391:6
2021-01-02 14:57:14,120:INFO:------------------------------------------------------------------------------------------------
2021-01-02 14:59:13,083:INFO:98880431:6|98880472:6|98880534:6|98880541:6|98880576:6|98880596:6|98880674:6|98880732:6|98880746:6|98880748:6|98880752:6|98880753:6|98880946:6|98881073:6|98881253:6|98881265:6|98881329:6|98881346:6|98881362:6|98881365:6|98881395:6|98881407:6|98881425:6|98881429:6|98881434:6|98881452:6|98881475:6|98881507:6|98881527:6|98881540:6|98881546:6|98881557:6|98881597:6|98881625:6|98881627:6|98881641:6|98881647:6|98881649:6|98881668:6|98881674:6|98881691:6|98881736:6|98881749:6|98881751:6|98881795:6|98881823:6|98881825:6|98881837:6|98881921:6|98881926:6|98881937:6|98881940:6|98881953:6|98881961:6|98881975:6|98881983:6|98881987:6|98882056:6|98882067:6|98882075:6|98882087:6|98882101:6|98882106:6|98882142:6|98882146:6|98882154:6|98882157:6|98882162:6|98882169:6|98882175:6|98882184:6|98882193:6|98882197:6|98882213:6|98882253:6|98882301:6|98882307:6|98882317:6|98882340:6|98882341:6|98882354:6|98882361:6|98882364:6|98882370:6|98882372:6|98882375:6|98882384:6|98882391:6|98882395:6|98882397:6|98882401:6|98882415:6|98882416:6|98882417:6|98882436:6|98882437:6|98882439:6|98882451:6|98882453:6|98882462:6|98882496:6|98882504:6|98882506:6|98882512:6|98882514:6|98882569:6|98882579:6|98882583:6|98882592:6|98882612:6|98882631:6|98882632:6|98882634:6|98882670:6|98882671:6|98882674:6|98882675:6|98882678:6|98882691:6|98882693:6|98882694:6|98882704:6|98882715:6|98882736:6|98882743:6|98882761:6|98882763:6|98882782:6|98882785:6|98882806:6|98882815:6|98882834:6
2021-01-02 14:59:24,904:INFO:98880748:6|98881668:6|98882678:6|98883948:6|98884138:6|98884578:6|98884608:6|98884728:6|98884928:6|98884958:6|98884978:6|98885138:6|98885148:6|98885268:6|98885318:6|98885378:6|98885608:6|98885638:6|98885728:6|98885898:6|98885908:6|98885928:6|98885938:6|98886078:6|98886228:6|98886308:6|98886438:6|98886508:6|98886948:6|98887018:6|98887158:6|98887168:6|98887228:6|98887248:6|98887308:6|98887528:6|98887908:6|98887918:6|98888458:6|98889158:6|98889538:6
2021-01-02 14:59:43,602:INFO:98883948:6|98884928:6|98884958:6|98884978:6|98885908:6|98885928:6|98885938:6|98886948:6|98887908:6|98887918:6
2021-01-02 15:00:16,497:INFO:------------------------------------------------------------------------------------------------
2021-01-02 15:02:24,481:INFO:------------------------------------------------------------------------------------------------
2021-01-02 15:15:31,161:INFO:------------------------------------------------------------------------------------------------
2021-01-02 15:35:02,765:INFO:------------------------------------------------------------------------------------------------
2021-01-02 15:40:23,368:INFO:------------------------------------------------------------------------------------------------
2021-01-02 15:57:14,205:INFO:------------------------------------------------------------------------------------------------
2021-01-02 16:02:24,737:INFO:------------------------------------------------------------------------------------------------
2021-01-02 16:35:02,907:INFO:------------------------------------------------------------------------------------------------
2021-01-02 16:40:56,096:INFO:------------------------------------------------------------------------------------------------
2021-01-02 16:57:14,307:INFO:------------------------------------------------------------------------------------------------
2021-01-02 17:02:24,961:INFO:------------------------------------------------------------------------------------------------
2021-01-02 17:08:39,168:INFO:ДУГААРАА СОНГОЖ БУЙ ХЭСЭГ
2021-01-02 17:08:39,168:INFO:2
2021-01-02 17:08:44,711:INFO:ДУГААРАА СОНГОЖ БУЙ ХЭСЭГ
2021-01-02 17:08:44,712:INFO:2
2021-01-02 17:11:17,545:INFO:------------------------------------------------------------------------------------------------
2021-01-02 17:11:18,799:INFO:ДУГААРАА СОНГОЖ БУЙ ХЭСЭГ
2021-01-02 17:11:18,799:INFO:7
2021-01-02 17:11:29,292:INFO:98006693:6|98016693:6|98026693:6|98036693:6|98046693:6|98056693:6|98066693:6|98076693:6|98086693:6|98106693:6|98146693:6|98156693:6|98176693:6|98186693:6|98196693:6|98206693:6|98216693:6|98236693:6|98256693:6|98266693:6|98276693:6|98286693:6|98296693:6|98316693:6|98326693:6|98386693:6|98436693:6|98456693:6|98466693:6|98476693:6|98486693:6|98516693:6|98566693:6|98596693:6|98616693:6|98626693:6|98636693:6|98646693:6|98676693:6|98706693:6|98816693:6|98826693:6|98836693:6|98846693:6|98856693:6|98866693:6|98906693:6|98916693:6|98926693:6|98946693:6|98966693:6|98976693:6
2021-01-02 17:11:58,712:INFO:98060809:6
2021-01-02 17:12:46,800:INFO:98060809:6
2021-01-02 17:12:48,028:INFO:98060809:6
2021-01-02 17:12:54,493:INFO:ДУГААРАА СОНГОЖ БУЙ ХЭСЭГ
2021-01-02 17:12:54,493:INFO:2
2021-01-02 17:13:19,446:INFO:-1
2021-01-02 17:13:47,322:INFO:-1
2021-01-02 17:13:54,513:INFO:-1
2021-01-02 17:14:00,347:INFO:-1
2021-01-02 17:14:04,103:INFO:-1
2021-01-02 17:14:09,921:INFO:-1
2021-01-02 17:14:40,065:INFO:-1
2021-01-02 17:15:11,732:INFO:-1
2021-01-02 17:15:22,292:INFO:-1
2021-01-02 17:40:56,281:INFO:------------------------------------------------------------------------------------------------
2021-01-02 17:57:14,407:INFO:------------------------------------------------------------------------------------------------
2021-01-02 18:40:56,389:INFO:------------------------------------------------------------------------------------------------
2021-01-02 18:48:03,683:INFO:ДУГААРАА СОНГОЖ БУЙ ХЭСЭГ
2021-01-02 18:48:03,684:INFO:2
2021-01-02 18:48:04,100:WARNING:Not Found: /favicon.ico
2021-01-02 18:49:31,360:INFO:ДУГААРАА СОНГОЖ БУЙ ХЭСЭГ
2021-01-02 18:49:31,361:INFO:2
2021-01-02 18:49:39,456:INFO:ДУГААРАА СОНГОЖ БУЙ ХЭСЭГ
2021-01-02 18:49:39,456:INFO:2
2021-01-02 18:49:47,408:INFO:ДУГААРАА СОНГОЖ БУЙ ХЭСЭГ
2021-01-02 18:49:47,408:INFO:2
2021-01-02 18:49:58,996:INFO:93337722:7|93337744:7
2021-01-02 18:50:30,328:INFO:98980831:6|98981384:6|98982037:6|98982073:6|98983007:6|98983372:6|98983771:6|98984697:6|98984764:6|98984864:6|98985337:6|98985360:6|98985819:6|98986017:6|98986435:6|98986541:6|98986724:6|98986732:6|98986742:6|98986792:6|98986823:6|98986924:6|98986934:6|98987170:6|98987245:6|98987385:6|98987392:6|98987641:6|98987665:6|98987931:6|98987938:6|98988941:6|98989544:6|98989754:6
2021-01-02 18:50:32,906:INFO:ДУГААРЫН ҮНЭ
2021-01-02 18:50:32,908:INFO:5000
2021-01-02 18:50:43,644:INFO:93394411:7|93394466:7|93396644:7|93397700:7|93397722:7|93397766:7
2021-01-02 18:51:37,009:INFO:-1
2021-01-02 18:51:43,006:INFO:-1
2021-01-02 18:51:54,004:INFO:-1
2021-01-02 18:52:04,541:INFO:-1
2021-01-02 18:52:30,699:INFO:93337722:7|93337744:7
2021-01-02 18:52:58,336:INFO:ДУГААРАА СОНГОЖ БУЙ ХЭСЭГ
2021-01-02 18:52:58,337:INFO:2
2021-01-02 18:53:10,760:INFO:93391661:9|93391771:9|93392424:9|93392552:9|93392662:9|93394664:9
2021-01-02 18:53:26,621:INFO:ДУГААРЫН ҮНЭ
2021-01-02 18:53:26,624:INFO:5000
2021-01-02 18:53:33,198:INFO:93330440:9|93331441:9|93331661:9|93331717:9|93331771:9|93331881:9|93332002:9|93332112:9|93332552:9|93332772:9|93332992:9|93333883:9|93334224:9|93334554:9|93334664:9|93334774:9|93334884:9|93334949:9|93334994:9|93335005:9|93335115:9|93335665:9|93335775:9|93335995:9|93336116:9|93336446:9|93336556:9|93336767:9|93336776:9|93336996:9|93337117:9|93337171:9|93337227:9|93337447:9|93337474:9|93337557:9|93337667:9|93337676:9|93337887:9|93338228:9|93338282:9|93338448:9|93338558:9|93338778:9|93338998:9|93339449:9|93339494:9
2021-01-02 18:53:53,241:INFO:ДУГААРЫН ҮНЭ
2021-01-02 18:53:53,243:INFO:5000
2021-01-02 18:55:10,429:INFO:93230220:9|93230440:9|93230660:9|93230770:9|93231221:9|93231441:9|93231551:9|93231661:9|93231717:9|93231881:9|93231991:9|93232002:9|93232112:9|93232552:9|93232626:9|93232727:9|93232882:9|93232992:9|93233443:9|93233553:9|93233737:9|93234004:9|93234141:9|93234224:9|93234554:9|93234646:9|93234664:9|93234747:9|93234774:9|93234884:9|93234994:9|93235115:9|93235225:9|93235335:9|93235445:9|93235665:9|93235757:9|93235775:9|93235885:9|93236006:9|93236116:9|93236161:9|93236226:9|93236262:9|93236336:9|93236446:9|93236464:9|93236556:9|93236776:9|93236996:9|93237117:9|93237227:9|93237272:9|93237447:9|93237557:9|93237676:9|93237887:9|93237997:9|93238228:9|93238282:9|93238338:9|93238383:9|93238668:9|93238778:9|93238998:9|93239119:9|93239449:9|93239559:9|93239669:9|93239779:9|93239797:9
2021-01-02 18:56:10,230:INFO:ДУГААРАА СОНГОЖ БУЙ ХЭСЭГ
2021-01-02 18:56:10,230:INFO:2
2021-01-02 18:56:20,491:INFO:-1
2021-01-02 18:56:22,669:INFO:ДУГААРАА СОНГОЖ БУЙ ХЭСЭГ
2021-01-02 18:56:22,669:INFO:2
2021-01-02 18:57:17,740:INFO:-1
2021-01-02 18:57:33,951:INFO:-1
2021-01-02 18:57:42,333:INFO:-1
2021-01-02 18:57:53,925:INFO:93124444:5|93126666:5
2021-01-02 19:23:52,826:WARNING:Not Found: /
2021-01-02 20:22:26,862:WARNING:Not Found: /
2021-01-02 22:03:08,471:WARNING:Not Found: /
2021-01-02 22:03:09,096:WARNING:Not Found: /
2021-01-03 00:24:23,805:WARNING:Not Found: /
2021-01-03 00:24:24,244:WARNING:Not Found: /
2021-01-03 03:34:12,382:WARNING:Not Found: /
