2019-09-18 10:39:40,684:INFO:98000115:6|98000119:6|98000134:6|98000135:6|98000139:6|98000143:6|98000146:6|98000147:6|98000149:6|98000152:6|98000154:6|98000162:6|98000163:6|98000164:6|98000165:6|98000167:6|98000169:6|98000170:6|98000172:6|98000173:6|98000174:6|98000175:6|98000176:6|98000178:6|98000182:6|98000184:6|98000186:6|98000187:6|98000194:6
2019-09-18 10:41:19,971:INFO:ДУГААРАА СОНГОЖ БУЙ ХЭСЭГ
2019-09-18 10:41:19,971:INFO:2
2019-09-18 10:41:22,875:INFO:98000115:6|98000119:6|98000134:6|98000135:6|98000139:6|98000143:6|98000146:6|98000147:6|98000149:6|98000152:6|98000154:6|98000162:6|98000163:6|98000164:6|98000165:6|98000167:6|98000169:6|98000170:6|98000172:6|98000173:6|98000174:6|98000175:6|98000176:6|98000178:6|98000182:6|98000184:6|98000186:6|98000187:6|98000194:6|98000223:6|98000225:6|98000231:6|98000234:6|98000235:6|98000236:6|98000237:6|98000238:6|98000239:6|98000241:6|98000243:6|98000245:6|98000248:6|98000251:6|98000252:6|98000253:6|98000254:6|98000257:6|98000259:6|98000260:6|98000261:6|98000262:6|98000263:6|98000264:6|98000267:6|98000268:6|98000269:6|98000271:6|98000272:6|98000273:6|98000274:6|98000275:6|98000276:6|98000278:6|98000279:6|98000281:6|98000282:6|98000283:6|98000284:6|98000285:6|98000286:6|98000287:6|98000291:6|98000292:6|98000293:6|98000294:6|98000295:6|98000296:6|98000319:6|98000323:6|98000324:6|98000328:6|98000329:6|98000332:6|98000336:6|98000337:6|98000338:6|98000340:6|98000341:6|98000342:6|98000345:6|98000346:6|98000347:6|98000348:6|98000349:6|98000350:6|98000352:6|98000354:6|98000356:6|98000357:6|98000358:6|98000359:6|98000360:6|98000361:6|98000362:6|98000363:6|98000364:6|98000365:6|98000367:6|98000368:6|98000380:6|98000382:6|98000383:6|98000384:6|98000385:6|98000386:6|98000392:6|98000393:6|98000394:6|98000395:6|98000396:6|98000397:6|98000412:6|98000417:6|98000418:6|98000419:6|98000420:6|98000423:6|98000425:6|98000426:6|98000427:6|98000429:6|98000430:6|98000431
2019-09-18 10:41:22,878:ERROR:Internal Server Error: /getnumber
Traceback (most recent call last):
  File "C:\Python27\lib\site-packages\django\core\handlers\exception.py", line 41, in inner
    response = get_response(request)
  File "C:\Python27\lib\site-packages\django\core\handlers\base.py", line 187, in _get_response
    response = self.process_exception_by_middleware(e, request)
  File "C:\Python27\lib\site-packages\django\core\handlers\base.py", line 185, in _get_response
    response = wrapped_callback(request, *callback_args, **callback_kwargs)
  File "C:\Python27\lib\site-packages\django\views\decorators\csrf.py", line 58, in wrapped_view
    return view_func(*args, **kwargs)
  File "C:\Python27\lib\site-packages\django\views\generic\base.py", line 68, in view
    return self.dispatch(request, *args, **kwargs)
  File "C:\Python27\lib\site-packages\rest_framework\views.py", line 489, in dispatch
    response = self.handle_exception(exc)
  File "C:\Python27\lib\site-packages\rest_framework\views.py", line 449, in handle_exception
    self.raise_uncaught_exception(exc)
  File "C:\Python27\lib\site-packages\rest_framework\views.py", line 486, in dispatch
    response = handler(request, *args, **kwargs)
  File "C:\Python27\lib\site-packages\rest_framework\decorators.py", line 52, in handler
    return func(*args, **kwargs)
  File "D:\nFilterNew\controller\views.py", line 133, in getNumber
    if data[1] == az:
IndexError: list index out of range
2019-09-18 10:41:46,973:INFO:ДУГААРАА СОНГОЖ БУЙ ХЭСЭГ
2019-09-18 10:41:46,973:INFO:2
2019-09-18 10:41:50,424:INFO:98000115:6|98000119:6|98000134:6|98000135:6|98000139:6|98000143:6|98000146:6|98000147:6|98000149:6|98000152:6|98000154:6|98000162:6|98000163:6|98000164:6|98000165:6|98000167:6|98000169:6|98000170:6|98000172:6|98000173:6|98000174:6|98000175:6|98000176:6|98000178:6|98000182:6|98000184:6|98000186:6|98000187:6|98000194:6|98000223:6|98000225:6|98000231:6|98000234:6|98000235:6|98000236:6|98000237:6|98000238:6|98000239:6|98000241:6|98000243:6|98000245:6|98000248:6|98000251:6|98000252:6|98000253:6|98000254:6|98000257:6|98000259:6|98000260:6|98000261:6|98000262:6|98000263:6|98000264:6|98000267:6|98000268:6|98000269:6|98000271:6|98000272:6|98000273:6|98000274:6|98000275:6|98000276:6|98000278:6|98000279:6|98000281:6|98000282:6|98000283:6|98000284:6|98000285:6|98000286:6|98000287:6|98000291:6|98000292:6|98000293:6|98000294:6|98000295:6|98000296:6|98000319:6|98000323:6|98000324:6|98000328:6|98000329:6|98000332:6|98000336:6|98000337:6|98000338:6|98000340:6|98000341:6|98000342:6|98000345:6|98000346:6|98000347:6|98000348:6|98000349:6|98000350:6|98000352:6|98000354:6|98000356:6|98000357:6|98000358:6
2019-09-18 10:42:58,413:INFO:ДУГААРАА СОНГОЖ БУЙ ХЭСЭГ
2019-09-18 10:42:58,413:INFO:2
2019-09-18 10:43:00,335:INFO:98000115:6|98000119:6|98000134:6|98000135:6|98000139:6|98000143:6|98000146:6|98000147:6|98000149:6|98000152:6|98000154:6|98000162:6|98000163:6|98000164:6|98000165:6|98000167:6|98000169:6|98000170:6|98000172:6|98000173:6|98000174:6|98000175:6|98000176:6|98000178:6|98000182:6|98000184:6|98000186:6|98000187:6|98000194:6|98000223:6|98000225:6|98000231:6|98000234:6|98000235:6|98000236:6|98000237:6|98000238:6|98000239:6|98000241:6|98000243:6|98000245:6|98000248:6|98000251:6|98000252:6|98000253:6|98000254:6|98000257:6|98000259:6|98000260:6|98000261:6|98000262:6|98000263:6|98000264:6|98000267:6|98000268:6|98000269:6|98000271:6|98000272:6|98000273:6|98000274:6|98000275:6|98000276:6|98000278:6|98000279:6|98000281:6|98000282:6|98000283:6|98000284:6|98000285:6|98000286:6|98000287:6|98000291:6|98000292:6|98000293:6|98000294:6|98000295:6|98000296:6|98000319:6|98000323:6|98000324:6|98000328:6|98000329:6|98000332:6|98000336:6|98000337:6|98000338:6|98000340:6|98000341:6|98000342:6|98000345:6|98000346:6|98000347:6|98000348:6|98000349:6|98000350:6|98000352:6|98000354:6|98000356:6|98000357:6|98000358:6|98000359:6|98000360:6|98000361:6|98000362:6|98000363:6|98000364:6|98000365:6|98000367:6|98000368:6|98000380:6|98000382:6|98000383:6|98000384:6|98000385:6|98000386:6|98000392:6|98000393:6|98000394:6|98000395:6|98000396:6|98000397:6|98000412:6|98000417:6|98000418:6|98000419:6|98000420:6|98000423:6|98000425:6|98000426:6|98000427:6|98000429:6|98000430:6|98000431
2019-09-18 10:43:00,339:ERROR:Internal Server Error: /getnumber
Traceback (most recent call last):
  File "C:\Python27\lib\site-packages\django\core\handlers\exception.py", line 41, in inner
    response = get_response(request)
  File "C:\Python27\lib\site-packages\django\core\handlers\base.py", line 187, in _get_response
    response = self.process_exception_by_middleware(e, request)
  File "C:\Python27\lib\site-packages\django\core\handlers\base.py", line 185, in _get_response
    response = wrapped_callback(request, *callback_args, **callback_kwargs)
  File "C:\Python27\lib\site-packages\django\views\decorators\csrf.py", line 58, in wrapped_view
    return view_func(*args, **kwargs)
  File "C:\Python27\lib\site-packages\django\views\generic\base.py", line 68, in view
    return self.dispatch(request, *args, **kwargs)
  File "C:\Python27\lib\site-packages\rest_framework\views.py", line 489, in dispatch
    response = self.handle_exception(exc)
  File "C:\Python27\lib\site-packages\rest_framework\views.py", line 449, in handle_exception
    self.raise_uncaught_exception(exc)
  File "C:\Python27\lib\site-packages\rest_framework\views.py", line 486, in dispatch
    response = handler(request, *args, **kwargs)
  File "C:\Python27\lib\site-packages\rest_framework\decorators.py", line 52, in handler
    return func(*args, **kwargs)
  File "D:\nFilterNew\controller\views.py", line 133, in getNumber
    if data[1] == az:
IndexError: list index out of range
2019-09-18 10:44:11,575:INFO:ДУГААРАА СОНГОЖ БУЙ ХЭСЭГ
2019-09-18 10:44:11,579:INFO:2
2019-09-18 10:44:16,316:INFO:98000115:6|98000119:6|98000134:6|98000135:6|98000139:6|98000143:6|98000146:6|98000147:6|98000149:6|98000152:6|98000154:6|98000162:6|98000163:6|98000164:6|98000165:6|98000167:6|98000169:6|98000170:6|98000172:6|98000173:6|98000174:6|98000175:6|98000176:6|98000178:6|98000182:6|98000184:6|98000186:6|98000187:6|98000194:6|98000223:6|98000225:6|98000231:6|98000234:6|98000235:6|98000236:6|98000237:6|98000238:6|98000239:6|98000241:6|98000243:6|98000245:6|98000248:6|98000251:6|98000252:6|98000253:6|98000254:6|98000257:6|98000259:6|98000260:6|98000261:6|98000262:6|98000263:6|98000264:6|98000267:6|98000268:6|98000269:6|98000271:6|98000272:6|98000273:6|98000274:6|98000275:6|98000276:6|98000278:6|98000279:6|98000281:6|98000282:6|98000283:6|98000284:6|98000285:6|98000286:6|98000287:6|98000291:6|98000292:6|98000293:6|98000294:6|98000295:6|98000296:6|98000319:6|98000323:6|98000324:6|98000328:6|98000329:6|98000332:6|98000336:6|98000337:6|98000338:6|98000340:6|98000341:6|98000342:6|98000345:6|98000346:6|98000347:6|98000348:6|98000349:6|98000350:6|98000352:6|98000354:6|98000356:6|98000357:6|98000358:6|98000359:6|98000360:6|98000361:6|98000362:6|98000363:6|98000364:6|98000365:6|98000367:6|98000368:6|98000380:6|98000382:6|98000383:6|98000384:6|98000385:6|98000386:6|98000392:6|98000393:6|98000394:6|98000395:6|98000396:6|98000397:6|98000412:6|98000417:6|98000418:6|98000419:6|98000420:6|98000423:6|98000425:6|98000426:6|98000427:6|98000429:6|98000430:6|98000431
2019-09-18 10:44:16,316:ERROR:Internal Server Error: /getnumber
Traceback (most recent call last):
  File "C:\Python27\lib\site-packages\django\core\handlers\exception.py", line 41, in inner
    response = get_response(request)
  File "C:\Python27\lib\site-packages\django\core\handlers\base.py", line 187, in _get_response
    response = self.process_exception_by_middleware(e, request)
  File "C:\Python27\lib\site-packages\django\core\handlers\base.py", line 185, in _get_response
    response = wrapped_callback(request, *callback_args, **callback_kwargs)
  File "C:\Python27\lib\site-packages\django\views\decorators\csrf.py", line 58, in wrapped_view
    return view_func(*args, **kwargs)
  File "C:\Python27\lib\site-packages\django\views\generic\base.py", line 68, in view
    return self.dispatch(request, *args, **kwargs)
  File "C:\Python27\lib\site-packages\rest_framework\views.py", line 489, in dispatch
    response = self.handle_exception(exc)
  File "C:\Python27\lib\site-packages\rest_framework\views.py", line 449, in handle_exception
    self.raise_uncaught_exception(exc)
  File "C:\Python27\lib\site-packages\rest_framework\views.py", line 486, in dispatch
    response = handler(request, *args, **kwargs)
  File "C:\Python27\lib\site-packages\rest_framework\decorators.py", line 52, in handler
    return func(*args, **kwargs)
  File "D:\nFilterNew\controller\views.py", line 133, in getNumber
    if data[1] == az:
IndexError: list index out of range
2019-09-18 10:44:44,161:INFO:ДУГААРАА СОНГОЖ БУЙ ХЭСЭГ
2019-09-18 10:44:44,161:INFO:2
2019-09-18 10:44:47,338:INFO:98000115:6|98000119:6|98000134:6|98000135:6|98000139:6|98000143:6|98000146:6|98000147:6|98000149:6|98000152:6|98000154:6|98000162:6|98000163:6|98000164:6|98000165:6|98000167:6|98000169:6|98000170:6|98000172:6|98000173:6|98000174:6|98000175:6|98000176:6|98000178:6|98000182:6|98000184:6|98000186:6|98000187:6|98000194:6|98000223:6|98000225:6|98000231:6|98000234:6|98000235:6|98000236:6|98000237:6|98000238:6|98000239:6|98000241:6|98000243:6|98000245:6|98000248:6|98000251:6|98000252:6|98000253:6|98000254:6|98000257:6|98000259:6|98000260:6|98000261:6|98000262:6|98000263:6|98000264:6|98000267:6|98000268:6|98000269:6|98000271:6|98000272:6|98000273:6|98000274:6|98000275:6|98000276:6|98000278:6|98000279:6|98000281:6|98000282:6|98000283:6|98000284:6|98000285:6|98000286:6|98000287:6|98000291:6|98000292:6|98000293:6|98000294:6|98000295:6|98000296:6|98000319:6|98000323:6|98000324:6|98000328:6|98000329:6|98000332:6|98000336:6|98000337:6|98000338:6|98000340:6|98000341:6|98000342:6|98000345:6|98000346:6|98000347:6|98000348:6|98000349:6|98000350:6|98000352:6|98000354:6|98000356:6|98000357:6|98000358:6|98000359:6|98000360:6|98000361:6|98000362:6|98000363:6|98000364:6|98000365:6|98000367:6|98000368:6|98000380:6|98000382:6|98000383:6|98000384:6|98000385:6|98000386:6|98000392:6|98000393:6|98000394:6|98000395:6|98000396:6|98000397:6|98000412:6|98000417:6|98000418:6|98000419:6|98000420:6|98000423:6|98000425:6|98000426:6|98000427:6|98000429:6|98000430:6|98000431
2019-09-18 10:44:47,342:ERROR:Internal Server Error: /getnumber
Traceback (most recent call last):
  File "C:\Python27\lib\site-packages\django\core\handlers\exception.py", line 41, in inner
    response = get_response(request)
  File "C:\Python27\lib\site-packages\django\core\handlers\base.py", line 187, in _get_response
    response = self.process_exception_by_middleware(e, request)
  File "C:\Python27\lib\site-packages\django\core\handlers\base.py", line 185, in _get_response
    response = wrapped_callback(request, *callback_args, **callback_kwargs)
  File "C:\Python27\lib\site-packages\django\views\decorators\csrf.py", line 58, in wrapped_view
    return view_func(*args, **kwargs)
  File "C:\Python27\lib\site-packages\django\views\generic\base.py", line 68, in view
    return self.dispatch(request, *args, **kwargs)
  File "C:\Python27\lib\site-packages\rest_framework\views.py", line 489, in dispatch
    response = self.handle_exception(exc)
  File "C:\Python27\lib\site-packages\rest_framework\views.py", line 449, in handle_exception
    self.raise_uncaught_exception(exc)
  File "C:\Python27\lib\site-packages\rest_framework\views.py", line 486, in dispatch
    response = handler(request, *args, **kwargs)
  File "C:\Python27\lib\site-packages\rest_framework\decorators.py", line 52, in handler
    return func(*args, **kwargs)
  File "D:\nFilterNew\controller\views.py", line 133, in getNumber
    if data[1] == az:
IndexError: list index out of range
2019-09-18 10:45:54,316:INFO:ДУГААРАА СОНГОЖ БУЙ ХЭСЭГ
2019-09-18 10:45:54,316:INFO:2
2019-09-18 10:45:57,042:INFO:98000115:6|98000119:6|98000134:6|98000135:6|98000139:6|98000143:6|98000146:6|98000147:6|98000149:6|98000152:6|98000154:6|98000162:6|98000163:6|98000164:6|98000165:6|98000167:6|98000169:6|98000170:6|98000172:6|98000173:6|98000174:6|98000175:6|98000176:6|98000178:6|98000182:6|98000184:6|98000186:6|98000187:6|98000194:6|98000223:6|98000225:6|98000231:6|98000234:6|98000235:6|98000236:6|98000237:6|98000238:6|98000239:6|98000241:6|98000243:6|98000245:6|98000248:6|98000251:6|98000252:6|98000253:6|98000254:6|98000257:6|98000259:6|98000260:6|98000261:6|98000262:6|98000263:6|98000264:6|98000267:6|98000268:6|98000269:6|98000271:6|98000272:6|98000273:6|98000274:6|98000275:6|98000276:6|98000278:6|98000279:6|98000281:6|98000282:6|98000283:6|98000284:6|98000285:6|98000286:6|98000287:6|98000291:6|98000292:6|98000293:6|98000294:6|98000295:6|98000296:6|98000319:6|98000323:6|98000324:6|98000328:6|98000329:6|98000332:6|98000336:6|98000337:6|98000338:6|98000340:6|98000341:6|98000342:6|98000345:6|98000346:6|98000347:6|98000348:6|98000349:6|98000350:6|98000352:6|98000354:6|98000356:6|98000357:6|98000358:6|98000359:6|98000360:6|98000361:6|98000362:6|98000363:6|98000364:6|98000365:6|98000367:6|98000368:6|98000380:6|98000382:6|98000383:6|98000384:6|98000385:6|98000386:6|98000392:6|98000393:6|98000394:6|98000395:6|98000396:6|98000397:6|98000412:6|98000417:6|98000418:6|98000419:6|98000420:6|98000423:6|98000425:6|98000426:6|98000427:6
2019-09-18 10:55:54,553:INFO:----------------------------------------------------------------------------------------------------
2019-09-18 11:05:55,099:INFO:----------------------------------------------------------------------------------------------------
2019-09-18 11:15:55,660:INFO:----------------------------------------------------------------------------------------------------
2019-09-18 11:17:11,157:INFO:ДУГААРАА СОНГОЖ БУЙ ХЭСЭГ
2019-09-18 11:17:11,157:INFO:2
2019-09-18 11:17:16,405:INFO:98100013:6|98100019:6|98100024:6|98100025:6|98100027:6|98100031:6|98100032:6|98100034:6|98100036:6|98100037:6|98100042:6|98100043:6|98100045:6|98100046:6|98100047:6|98100051:6|98100052:6|98100053:6|98100054:6|98100056:6|98100057:6|98100058:6|98100059:6|98100061:6|98100062:6|98100063:6|98100064:6|98100067:6|98100071:6|98100072:6|98100073:6|98100075:6|98100079:6|98100082:6|98100083:6|98100084:6|98100092:6|98100094:6|98100095:6|98100096:6|98100097:6|98100105:6|98100108:6|98100113:6|98100116:6|98100120:6|98100124:6|98100126:6|98100127:6|98100131:6|98100132:6|98100134:6|98100135:6|98100136:6|98100137:6|98100138:6|98100139:6|98100140:6|98100141:6|98100142:6|98100145:6|98100146:6|98100147:6|98100150:6|98100151:6|98100152:6|98100153:6|98100154:6|98100156:6|98100157:6|98100158:6|98100159:6|98100160:6|98100161:6|98100162:6|98100164:6|98100165:6|98100167:6|98100168:6|98100169:6|98100170:6|98100171:6|98100172:6|98100173:6|98100174:6|98100175:6|98100176:6|98100178:6|98100179:6|98100182:6|98100183:6|98100184:6|98100185:6|98100186:6|98100187:6|98100190:6|98100192:6|98100193:6|98100194:6|98100195:6|98100197:6|98100201:6|98100205:6|98100207:6|98100211:6|98100213:6|98100215:6|98100216:6|98100217:6|98100219:6|98100221:6|98100223:6|98100224:6|98100225:6|98100226:6|98100231:6|98100232:6|98100233:6|98100234:6|98100235:6|98100236:6|98100237:6|98100238:6|98100239:6|98100240:6|98100241:6|98100242:6|98100243:6|98100244:6|98100245:6|98100246:6|98100248:6|98100249
2019-09-18 11:17:16,405:ERROR:Internal Server Error: /getnumber
Traceback (most recent call last):
  File "C:\Python27\lib\site-packages\django\core\handlers\exception.py", line 41, in inner
    response = get_response(request)
  File "C:\Python27\lib\site-packages\django\core\handlers\base.py", line 187, in _get_response
    response = self.process_exception_by_middleware(e, request)
  File "C:\Python27\lib\site-packages\django\core\handlers\base.py", line 185, in _get_response
    response = wrapped_callback(request, *callback_args, **callback_kwargs)
  File "C:\Python27\lib\site-packages\django\views\decorators\csrf.py", line 58, in wrapped_view
    return view_func(*args, **kwargs)
  File "C:\Python27\lib\site-packages\django\views\generic\base.py", line 68, in view
    return self.dispatch(request, *args, **kwargs)
  File "C:\Python27\lib\site-packages\rest_framework\views.py", line 489, in dispatch
    response = self.handle_exception(exc)
  File "C:\Python27\lib\site-packages\rest_framework\views.py", line 449, in handle_exception
    self.raise_uncaught_exception(exc)
  File "C:\Python27\lib\site-packages\rest_framework\views.py", line 486, in dispatch
    response = handler(request, *args, **kwargs)
  File "C:\Python27\lib\site-packages\rest_framework\decorators.py", line 52, in handler
    return func(*args, **kwargs)
  File "D:\nFilterNew\controller\views.py", line 133, in getNumber
    if data[1] == az:
IndexError: list index out of range
2019-09-18 11:17:43,630:INFO:ДУГААРАА СОНГОЖ БУЙ ХЭСЭГ
2019-09-18 11:17:43,630:INFO:2
2019-09-18 11:17:46,296:INFO:98100013:6|98100019:6|98100024:6|98100025:6|98100027:6|98100031:6|98100032:6|98100034:6|98100036:6|98100037:6|98100042:6|98100043:6|98100045:6|98100046:6|98100047:6|98100051:6|98100052:6|98100053:6|98100054:6|98100056:6|98100057:6|98100058:6|98100059:6|98100061:6|98100062:6|98100063:6|98100064:6|98100067:6|98100071:6|98100072:6|98100073:6|98100075:6|98100079:6|98100082:6|98100083:6|98100084:6|98100092:6|98100094:6|98100095:6|98100096:6|98100097:6|98100105:6|98100108:6|98100113:6|98100116:6|98100120:6|98100124:6|98100126:6|98100127:6|98100131:6|98100132:6|98100134:6|98100135:6|98100136:6|98100137:6|98100138:6|98100139:6|98100140:6|98100141:6|98100142:6|98100145:6|98100146:6|98100147:6|98100150:6|98100151:6|98100152:6|98100153:6|98100154:6|98100156:6|98100157:6|98100158:6|98100159:6|98100160:6|98100161:6|98100162:6|98100164:6|98100165:6|98100167:6|98100168:6|98100169:6|98100170:6|98100171:6|98100172:6|98100173:6|98100174:6|98100175:6|98100176:6|98100178:6|98100179:6|98100182:6|98100183:6|98100184:6|98100185:6|98100186:6|98100187:6|98100190:6|98100192:6|98100193:6|98100194:6|98100195:6|98100197:6|98100201:6|98100205:6|98100207:6|98100211:6|98100213:6|98100215:6|98100216:6|98100217:6|98100219:6|98100221:6|98100223:6|98100224:6|98100225:6|98100226:6|98100231:6|98100232:6|98100233:6|98100234:6|98100235:6|98100236:6|98100237:6|98100238:6|98100239:6|98100240:6|98100241:6|98100242:6|98100243:6|98100244:6|98100245:6|98100246:6|98100248:6|98100249
2019-09-18 11:17:46,296:ERROR:Internal Server Error: /getnumber
Traceback (most recent call last):
  File "C:\Python27\lib\site-packages\django\core\handlers\exception.py", line 41, in inner
    response = get_response(request)
  File "C:\Python27\lib\site-packages\django\core\handlers\base.py", line 187, in _get_response
    response = self.process_exception_by_middleware(e, request)
  File "C:\Python27\lib\site-packages\django\core\handlers\base.py", line 185, in _get_response
    response = wrapped_callback(request, *callback_args, **callback_kwargs)
  File "C:\Python27\lib\site-packages\django\views\decorators\csrf.py", line 58, in wrapped_view
    return view_func(*args, **kwargs)
  File "C:\Python27\lib\site-packages\django\views\generic\base.py", line 68, in view
    return self.dispatch(request, *args, **kwargs)
  File "C:\Python27\lib\site-packages\rest_framework\views.py", line 489, in dispatch
    response = self.handle_exception(exc)
  File "C:\Python27\lib\site-packages\rest_framework\views.py", line 449, in handle_exception
    self.raise_uncaught_exception(exc)
  File "C:\Python27\lib\site-packages\rest_framework\views.py", line 486, in dispatch
    response = handler(request, *args, **kwargs)
  File "C:\Python27\lib\site-packages\rest_framework\decorators.py", line 52, in handler
    return func(*args, **kwargs)
  File "D:\nFilterNew\controller\views.py", line 133, in getNumber
    if data[1] == az:
IndexError: list index out of range
2019-09-18 11:18:06,640:INFO:ДУГААРАА СОНГОЖ БУЙ ХЭСЭГ
2019-09-18 11:18:06,640:INFO:2
2019-09-18 11:18:09,214:INFO:98100013:6|98100019:6|98100024:6|98100025:6|98100027:6|98100031:6|98100032:6|98100034:6|98100036:6|98100037:6|98100042:6|98100043:6|98100045:6|98100046:6|98100047:6|98100051:6|98100052:6|98100053:6|98100054:6|98100056:6|98100057:6|98100058:6|98100059:6|98100061:6|98100062:6|98100063:6|98100064:6|98100067:6|98100071:6|98100072:6|98100073:6|98100075:6|98100079:6|98100082:6|98100083:6|98100084:6|98100092:6|98100094:6|98100095:6|98100096:6|98100097:6|98100105:6|98100108:6|98100113:6|98100116:6|98100120:6|98100124:6|98100126:6|98100127:6|98100131:6|98100132:6|98100134:6|98100135:6|98100136:6|98100137:6|98100138:6|98100139:6|98100140:6|98100141:6|98100142:6|98100145:6|98100146:6|98100147:6|98100150:6|98100151:6|98100152:6|98100153:6|98100154:6|98100156:6|98100157:6|98100158:6|98100159:6|98100160:6|98100161:6|98100162:6|98100164:6|98100165:6|98100167:6|98100168:6|98100169:6|98100170:6|98100171:6|98100172:6|98100173:6|98100174:6|98100175:6|98100176:6|98100178:6|98100179:6|98100182:6|98100183:6|98100184:6|98100185:6|98100186:6|98100187:6|98100190:6|98100192:6|98100193:6|98100194:6|98100195:6|98100197:6|98100201:6|98100205:6|98100207:6|98100211:6|98100213:6|98100215:6|98100216:6|98100217:6|98100219:6|98100221:6|98100223:6|98100224:6|98100225:6|98100226:6|98100231:6|98100232:6|98100233:6|98100234:6|98100235:6|98100236:6|98100237:6|98100238:6|98100239:6|98100240:6|98100241:6|98100242:6|98100243:6|98100244:6|98100245:6|98100246:6|98100248:6|98100249
2019-09-18 11:18:09,214:ERROR:Internal Server Error: /getnumber
Traceback (most recent call last):
  File "C:\Python27\lib\site-packages\django\core\handlers\exception.py", line 41, in inner
    response = get_response(request)
  File "C:\Python27\lib\site-packages\django\core\handlers\base.py", line 187, in _get_response
    response = self.process_exception_by_middleware(e, request)
  File "C:\Python27\lib\site-packages\django\core\handlers\base.py", line 185, in _get_response
    response = wrapped_callback(request, *callback_args, **callback_kwargs)
  File "C:\Python27\lib\site-packages\django\views\decorators\csrf.py", line 58, in wrapped_view
    return view_func(*args, **kwargs)
  File "C:\Python27\lib\site-packages\django\views\generic\base.py", line 68, in view
    return self.dispatch(request, *args, **kwargs)
  File "C:\Python27\lib\site-packages\rest_framework\views.py", line 489, in dispatch
    response = self.handle_exception(exc)
  File "C:\Python27\lib\site-packages\rest_framework\views.py", line 449, in handle_exception
    self.raise_uncaught_exception(exc)
  File "C:\Python27\lib\site-packages\rest_framework\views.py", line 486, in dispatch
    response = handler(request, *args, **kwargs)
  File "C:\Python27\lib\site-packages\rest_framework\decorators.py", line 52, in handler
    return func(*args, **kwargs)
  File "D:\nFilterNew\controller\views.py", line 133, in getNumber
    if data[1] == az:
IndexError: list index out of range
2019-09-18 11:18:41,548:INFO:ДУГААРАА СОНГОЖ БУЙ ХЭСЭГ
2019-09-18 11:18:41,548:INFO:2
2019-09-18 11:18:44,782:INFO:98100013:6|98100019:6|98100024:6|98100025:6|98100027:6|98100031:6|98100032:6|98100034:6|98100036:6|98100037:6|98100042:6|98100043:6|98100045:6|98100046:6|98100047:6|98100051:6|98100052:6|98100053:6|98100054:6|98100056:6|98100057:6|98100058:6|98100059:6|98100061:6|98100062:6|98100063:6|98100064:6|98100067:6|98100071:6|98100072:6|98100073:6|98100075:6|98100079:6|98100082:6|98100083:6|98100084:6|98100092:6|98100094:6|98100095:6|98100096:6|98100097:6|98100105:6|98100108:6|98100113:6|98100116:6|98100120:6|98100124:6|98100126:6|98100127:6|98100131:6|98100132:6|98100134:6|98100135:6|98100136:6|98100137:6|98100138:6|98100139:6|98100140:6|98100141:6|98100142:6|98100145:6|98100146:6|98100147:6|98100150:6|98100151:6|98100152:6|98100153:6|98100154:6|98100156:6|98100157:6|98100158:6|98100159:6|98100160:6|98100161:6|98100162:6|98100164:6|98100165:6|98100167:6|98100168:6|98100169:6|98100170:6|98100171:6|98100172:6|98100173:6|98100174:6|98100175:6|98100176:6|98100178:6|98100179:6|98100182:6|98100183:6|98100184:6|98100185:6|98100186:6|98100187:6|98100190:6|98100192:6|98100193:6|98100194:6|98100195:6|98100197:6|98100201:6|98100205:6|98100207:6|98100211:6|98100213:6|98100215:6|98100216:6|98100217:6|98100219:6|98100221:6|98100223:6|98100224:6|98100225:6|98100226:6|98100231:6|98100232:6|98100233:6|98100234:6|98100235:6|98100236:6|98100237:6|98100238:6|98100239:6|98100240:6|98100241:6|98100242:6|98100243:6|98100244:6|98100245:6|98100246:6|98100248:6
2019-09-18 11:24:56,842:INFO:98120069:6|98120308:6|98121078:6|98121519:6|98121590:6|98121597:6|98121625:6|98121731:6|98121736:6|98121738:6|98121753:6|98121853:6|98121857:6|98121873:6|98121876:6|98121892:6|98121926:6|98121961:6|98121971:6|98121994:6|98122016:6|98122039:6|98122413:6|98122431:6|98122439:6|98122457:6|98122475:6|98122493:6|98122513:6|98122534:6|98122537:6|98122546:6|98122548:6|98122549:6|98122563:6|98122564:6|98122583:6|98122592:6|98122613:6|98122617:6|98122619:6|98122637:6|98122638:6|98122640:6|98122641:6|98122643:6|98122645:6|98122648:6|98122652:6|98122654:6|98122657:6|98122659:6|98122663:6|98122670:6|98122673:6|98122684:6|98122687:6|98122691:6|98122708:6|98122714:6|98122718:6|98122721:6|98122731:6|98122735:6|98122742:6|98122749:6|98122756:6|98122765:6|98122768:6|98122782:6|98122784:6|98122801:6|98122804:6|98122813:6|98122833:6|98122842:6|98122845:6|98122849:6|98122852:6|98122863:6|98122864:6|98122872:6|98122891:6|98122897:6|98122902:6|98122903:6|98122908:6|98122917:6|98122934:6|98122937:6|98122938:6|98122941:6|98122942:6|98122945:6|98122946:6|98122951:6|98122952:6|98122976:6|98122986:6|98123028:6|98123049:6|98123051:6|98123057:6|98123059:6|98123062:6|98123067:6|98123074:6|98123076:6|98123082:6|98123089:6|98123096:6|98123104:6|98123106:6|98123108:6|98123114:6|98123116:6|98123128:6|98123142:6|98123143:6|98123145:6|98123156:6|98123157:6|98123159:6|98123162:6|98123163:6|98123164:6|98123165:6|98123166:6|98123170:6|98123172:6|98123173:6|98123179:6
2019-09-18 11:27:42,302:INFO:98200044:7|98200314:6|98200357:6|98200434:6|98200435:6|98200465:6|98200483:6|98200497:6|98200507:6|98200534:6|98200537:6|98200538:6|98200541:6|98200542:6|98200549:6|98200561:6|98200562:6|98200564:6|98200565:6|98200568:6|98200569:6|98200573:6|98200576:6|98200581:6|98200627:6|98200634:6|98200635:6|98200637:6|98200639:6|98200643:6|98200650:6|98200651:6|98200654:6|98200657:6|98200658:6|98200659:6|98200660:9|98200662:6|98200668:6|98200673:6|98200675:6|98200683:6|98200684:6|98200685:6|98200693:6|98200694:6|98200697:6|98200719:6|98200734:6|98200737:6|98200738:6|98200740:6|98200741:6|98200743:6|98200746:6|98200748:6|98200749:6|98200750:6|98200753:6|98200754:6|98200756:6|98200758:6|98200761:6|98200762:6|98200763:6|98200764:6|98200765:6|98200767:6|98200769:6|98200773:6|98200774:6|98200781:6|98200785:6|98200793:6|98200794:6|98200795:6|98200796:6|98200834:6|98200837:6|98200851:6|98200852:6|98200853:6|98200856:6|98200859:6|98200864:6|98200874:6|98200875:6|98200879:6|98200893:6|98200896:6|98200937:6|98200949:6|98200952:6|98200954:6|98200957:6|98200961:6|98200962:6|98200974:6|98200983:6|98200984:6|98200987:6|98201039:6|98201042:6|98201049:6|98201057:6|98201065:6|98201069:6|98201073:6|98201081:6|98201087:6|98201096:6|98201137:6|98201142:6|98201148:6|98201149:6|98201152:6|98201153:6|98201154:6|98201156:6|98201158:6|98201159:6|98201162:6|98201164:6|98201167:6|98201168:6|98201171:6|98201172:6|98201174:6|98201175:6|98201177:7|98201186:6|98201187:6
2019-09-18 11:28:16,502:INFO:98100013:6|98100019:6|98100024:6|98100025:6|98100027:6|98100031:6|98100032:6|98100034:6|98100036:6|98100037:6|98100042:6|98100043:6|98100045:6|98100046:6|98100047:6|98100051:6|98100052:6|98100053:6|98100054:6|98100056:6|98100057:6|98100058:6|98100059:6|98100061:6|98100062:6|98100063:6|98100064:6|98100067:6|98100071:6|98100072:6|98100073:6|98100075:6|98100079:6|98100082:6|98100083:6|98100084:6|98100092:6|98100094:6|98100095:6|98100096:6|98100097:6|98100105:6|98100108:6|98100113:6|98100116:6|98100120:6|98100124:6|98100126:6|98100127:6|98100131:6|98100132:6|98100134:6|98100135:6|98100136:6|98100137:6|98100138:6|98100139:6|98100140:6|98100141:6|98100142:6|98100145:6|98100146:6|98100147:6|98100150:6|98100151:6|98100152:6|98100153:6|98100154:6|98100156:6|98100157:6|98100158:6|98100159:6|98100160:6|98100161:6|98100162:6|98100164:6|98100165:6|98100167:6|98100168:6|98100169:6|98100170:6|98100171:6|98100172:6|98100173:6|98100174:6|98100175:6|98100176:6|98100178:6|98100179:6|98100182:6|98100183:6|98100184:6|98100185:6|98100186:6|98100187:6|98100190:6|98100192:6|98100193:6|98100194:6|98100195:6|98100197:6|98100201:6|98100205:6|98100207:6|98100211:6|98100213:6|98100215:6|98100216:6|98100217:6|98100219:6|98100221:6|98100223:6|98100224:6|98100225:6|98100226:6|98100231:6|98100232:6|98100233:6|98100234:6|98100235:6|98100236:6|98100237:6|98100238:6|98100239:6|98100240:6|98100241:6|98100242:6|98100243:6|98100244:6|98100245:6|98100246:6|98100248:6
2019-09-18 11:28:34,375:INFO:98100105:6|98100108:6|98100113:6|98100116:6|98100120:6|98100124:6|98100126:6|98100127:6|98100131:6|98100132:6|98100134:6|98100135:6|98100136:6|98100137:6|98100138:6|98100139:6|98100140:6|98100141:6|98100142:6|98100145:6|98100146:6|98100147:6|98100150:6|98100151:6|98100152:6|98100153:6|98100154:6|98100156:6|98100157:6|98100158:6|98100159:6|98100160:6|98100161:6|98100162:6|98100164:6|98100165:6|98100167:6|98100168:6|98100169:6|98100170:6|98100171:6|98100172:6|98100173:6|98100174:6|98100175:6|98100176:6|98100178:6|98100179:6|98100182:6|98100183:6|98100184:6|98100185:6|98100186:6|98100187:6|98100190:6|98100192:6|98100193:6|98100194:6|98100195:6|98100197:6|98101152:6|98101158:6|98102101:6|98102104:6|98102105:6|98102106:6|98102108:6|98102109:6|98102110:6|98102112:9|98102113:6|98102114:6|98102115:6|98102116:6|98102117:6|98102118:6|98102119:6|98102120:6|98102124:6|98102125:6|98102126:6|98102127:6|98102128:6|98102130:6|98102131:6|98102132:6|98102133:6|98102134:6|98102135:6|98102136:6|98102137:6|98102138:6|98102139:6|98102140:6|98102141:6|98102142:6|98102143:6|98102144:6|98102145:6|98102146:6|98102147:6|98102148:6|98102149:6|98102150:6|98102151:6|98102152:6|98102153:6|98102154:6|98102155:6|98102156:6|98102157:6|98102158:6|98102159:6|98102160:6|98102161:6|98102162:6|98102163:6|98102164:6|98102165:6|98102166:6|98102167:6|98102170:6|98102172:6|98102173:6|98102174:6|98102175:6|98102176:6|98102177:6|98102178:6|98102179:6|98102180:6|98102181:6
2019-09-18 11:28:41,480:INFO:98123104:6|98123106:6|98123108:6|98123114:6|98123116:6|98123128:6|98123142:6|98123143:6|98123145:6|98123156:6|98123157:6|98123159:6|98123162:6|98123163:6|98123164:6|98123165:6|98123166:6|98123170:6|98123172:6|98123173:6|98123179:6|98123181:6|98123182:6|98123183:6|98123186:6|98123192:6|98123194:6|98123197:6|98124102:6|98124103:6|98124107:6|98124108:6|98124109:6|98124119:6|98124123:6|98124127:6|98124128:6|98124129:6|98124132:6|98124134:6|98124138:6|98124143:6|98124146:6|98124149:6|98124150:6|98124153:6|98124157:6|98124159:6|98124160:6|98124161:6|98124163:6|98124165:6|98124168:6|98124169:6|98124170:6|98124173:6|98124175:6|98124176:6|98124182:6|98124184:6|98124185:6|98124186:6|98124189:6|98124193:6|98124194:6|98124195:6|98124197:6|98125101:6|98125103:6|98125104:6|98125106:6|98125108:6|98125109:6|98125114:6|98125116:6|98125117:6|98125119:6|98125124:6|98125125:6|98125126:6|98125127:6|98125129:6|98125130:6|98125132:6|98125134:6|98125138:6|98125139:6|98125142:6|98125143:6|98125146:6|98125147:6|98125149:6|98125159:6|98125160:6|98125162:6|98125163:6|98125164:6|98125165:6|98125168:6|98125169:6|98125170:6|98125171:6|98125173:6|98125174:6|98125175:6|98125176:6|98125178:6|98125179:6|98125181:6|98125182:6|98125183:6|98125184:6|98125185:6|98125186:6|98125187:6|98125189:6|98125191:6|98125194:6|98126104:6|98126106:6|98126107:6|98126108:6|98126109:6|98126114:6|98126117:6|98126119:6|98126123:6|98126124:6|98126125:6|98126128:6|98126129:6|98126130:6
2019-09-18 11:28:41,867:INFO:----------------------------------------------------------------------------------------------------
2019-09-18 11:28:44,368:INFO:ДУГААРАА СОНГОЖ БУЙ ХЭСЭГ
2019-09-18 11:28:44,368:INFO:2
2019-09-18 11:29:03,256:INFO:98121078:6|98121873:6|98121876:6|98121971:6|98122475:6|98122670:6|98122673:6|98122872:6|98122976:6|98123074:6|98123076:6|98123170:6|98123172:6|98123173:6|98123179:6|98123271:6|98123279:6|98123371:6|98123372:6|98123373:6|98123374:6|98123375:6|98123376:6|98123473:6|98123474:6|98123571:6|98123572:6|98123573:6|98123576:6|98123670:6|98123671:6|98123672:6|98123674:6|98123675:6|98123772:6|98123774:6|98123775:6|98123870:6|98123872:6|98123873:6|98123874:6|98123875:6|98123876:6|98123879:6|98123971:6|98123976:6|98123978:6|98124072:6|98124074:6|98124076:6|98124170:6|98124173:6|98124175:6|98124176:6|98124273:6|98124274:6|98124275:6|98124278:6|98124279:6|98124371:6|98124372:6|98124376:6|98124470:6|98124471:6|98124472:6|98124473:6|98124475:6|98124573:6|98124575:6|98124576:6|98124671:6|98124672:6|98124673:6|98124675:6|98124679:6|98124871:6|98124872:6|98124873:6|98124874:6|98124875:6|98124879:6|98124970:6|98124973:6|98124975:6|98124976:6|98125071:6|98125072:6|98125073:6|98125074:6|98125077:6|98125079:6|98125170:6|98125171:6|98125173:6|98125174:6|98125175:6|98125176:6|98125178:6|98125179:6|98125271:6|98125272:6|98125274:6|98125276:6|98125279:6|98125370:6|98125371:6|98125372:6|98125374:6|98125375:6|98125376:6|98125377:6|98125378:6|98125471:6|98125472:6|98125473:6|98125475:6|98125477:6|98125571:6|98125573:6|98125574:6|98125576:6|98125579:6|98125674:6|98125771:6|98125772:6|98125773:6|98125774:6|98125871:6|98125872:6|98125874:6|98125875:6|98125970:6
2019-09-18 11:30:37,309:INFO:98121078:6|98121873:6|98121876:6|98121971:6|98122475:6|98122670:6|98122673:6|98122872:6|98122976:6|98123074:6|98123076:6|98123170:6|98123172:6|98123173:6|98123179:6|98123271:6|98123279:6|98123371:6|98123372:6|98123373:6|98123374:6|98123375:6|98123376:6|98123473:6|98123474:6|98123571:6|98123572:6|98123573:6|98123576:6|98123670:6|98123671:6|98123672:6|98123674:6|98123675:6|98123772:6|98123774:6|98123775:6|98123870:6|98123872:6|98123873:6|98123874:6|98123875:6|98123876:6|98123879:6|98123971:6|98123976:6|98123978:6|98124072:6|98124074:6|98124076:6|98124170:6|98124173:6|98124175:6|98124176:6|98124273:6|98124274:6|98124275:6|98124278:6|98124279:6|98124371:6|98124372:6|98124376:6|98124470:6|98124471:6|98124472:6|98124473:6|98124475:6|98124573:6|98124575:6|98124576:6|98124671:6|98124672:6|98124673:6|98124675:6|98124679:6|98124871:6|98124872:6|98124873:6|98124874:6|98124875:6|98124879:6|98124970:6|98124973:6|98124975:6|98124976:6|98125071:6|98125072:6|98125073:6|98125074:6|98125077:6|98125079:6|98125170:6|98125171:6|98125173:6|98125174:6|98125175:6|98125176:6|98125178:6|98125179:6|98125271:6|98125272:6|98125274:6|98125276:6|98125279:6|98125370:6|98125371:6|98125372:6|98125374:6|98125375:6|98125376:6|98125377:6|98125378:6|98125471:6|98125472:6|98125473:6|98125475:6|98125477:6|98125571:6|98125573:6|98125574:6|98125576:6|98125579:6|98125674:6|98125771:6|98125772:6|98125773:6|98125774:6|98125871:6|98125872:6|98125874:6|98125875:6|98125970:6
2019-09-18 11:30:52,329:INFO:98100071:6|98100072:6|98100073:6|98100075:6|98100079:6|98100170:6|98100171:6|98100172:6|98100173:6|98100174:6|98100175:6|98100176:6|98100178:6|98100179:6|98100270:6|98100271:6|98100272:6|98100273:6|98100274:6|98100275:6|98100276:6|98100277:6|98100278:6|98100279:6|98100370:6|98100371:6|98100372:6|98100373:6|98100374:6|98100375:6|98100376:6|98100377:6|98100378:6|98100379:6|98100471:6|98100472:6|98100473:6|98100474:6|98100475:6|98100476:6|98100477:6|98100478:6|98100479:6|98100571:6|98100572:6|98100573:6|98100574:6|98100576:6|98100577:6|98100578:6|98100579:6|98100670:6|98100671:6|98100672:6|98100673:6|98100674:6|98100675:6|98100676:6|98100677:6|98100678:6|98100679:6|98100771:6|98100772:6|98100773:6|98100774:6|98100775:6|98100776:6|98100778:6|98100779:6|98100870:6|98100871:6|98100872:6|98100873:6|98100874:6|98100875:6|98100876:6|98100877:6|98100878:6|98100879:6|98100970:6|98100971:6|98100972:6|98100973:6|98100974:6|98100975:6|98100976:6|98100977:6|98100978:6|98100979:6|98101372:6|98101375:6|98101579:6|98101670:6|98101671:6|98101672:6|98101673:6|98101674:6|98101675:6|98101676:6|98101677:6|98101678:6|98101679:6|98101770:6|98101771:9|98101772:6|98101773:6|98101774:6|98101775:6|98101776:6|98101777:6|98101778:6|98101779:6|98101870:6|98101871:6|98101872:6|98101873:6|98101874:6|98101875:6|98101876:6|98101877:6|98101878:6|98101879:6|98101970:6|98101971:6|98101972:6|98101973:6|98101974:6|98101975:6|98101976:6|98101977:6|98101978:6|98101979:6
2019-09-18 11:31:19,365:INFO:ДУГААРЫН ҮНЭ
2019-09-18 11:31:19,407:INFO:5000
2019-09-18 11:31:20,226:INFO:ДУГААРАА СОНГОЖ БУЙ ХЭСЭГ
2019-09-18 11:31:20,226:INFO:2
2019-09-18 11:31:26,780:INFO:98100013:6|98100019:6|98100024:6|98100025:6|98100027:6|98100031:6|98100032:6|98100034:6|98100036:6|98100037:6|98100042:6|98100043:6|98100045:6|98100046:6|98100047:6|98100051:6|98100052:6|98100053:6|98100054:6|98100056:6|98100057:6|98100058:6|98100059:6|98100061:6|98100062:6|98100063:6|98100064:6|98100067:6|98100071:6|98100072:6|98100073:6|98100075:6|98100079:6|98100082:6|98100083:6|98100084:6|98100092:6|98100094:6|98100095:6|98100096:6|98100097:6|98100105:6|98100108:6|98100113:6|98100116:6|98100120:6|98100124:6|98100126:6|98100127:6|98100131:6|98100132:6|98100134:6|98100135:6|98100136:6|98100137:6|98100138:6|98100139:6|98100140:6|98100141:6|98100142:6|98100145:6|98100146:6|98100147:6|98100150:6|98100151:6|98100152:6|98100153:6|98100154:6|98100156:6|98100157:6|98100158:6|98100159:6|98100160:6|98100161:6|98100162:6|98100164:6|98100165:6|98100167:6|98100168:6|98100169:6|98100170:6|98100171:6|98100172:6|98100173:6|98100174:6|98100175:6|98100176:6|98100178:6|98100179:6|98100182:6|98100183:6|98100184:6|98100185:6|98100186:6|98100187:6|98100190:6|98100192:6|98100193:6|98100194:6|98100195:6|98100197:6|98100201:6|98100205:6|98100207:6|98100211:6|98100213:6|98100215:6|98100216:6|98100217:6|98100219:6|98100221:6|98100223:6|98100224:6|98100225:6|98100226:6|98100231:6|98100232:6|98100233:6|98100234:6|98100235:6|98100236:6|98100237:6|98100238:6|98100239:6|98100240:6|98100241:6|98100242:6|98100243:6|98100244:6|98100245:6|98100246:6|98100248:6
2019-09-18 11:31:37,357:INFO:98120069:6|98120308:6|98121078:6|98121519:6|98121590:6|98121597:6|98121625:6|98121731:6|98121736:6|98121738:6|98121753:6|98121853:6|98121857:6|98121873:6|98121876:6|98121892:6|98121926:6|98121961:6|98121971:6|98121994:6|98122016:6|98122039:6|98122413:6|98122431:6|98122439:6|98122457:6|98122475:6|98122493:6|98122513:6|98122534:6|98122537:6|98122546:6|98122548:6|98122549:6|98122563:6|98122564:6|98122583:6|98122592:6|98122613:6|98122617:6|98122619:6|98122637:6|98122638:6|98122640:6|98122641:6|98122643:6|98122645:6|98122648:6|98122652:6|98122654:6|98122657:6|98122659:6|98122663:6|98122670:6|98122673:6|98122684:6|98122687:6|98122691:6|98122708:6|98122714:6|98122718:6|98122721:6|98122731:6|98122735:6|98122742:6|98122749:6|98122756:6|98122765:6|98122768:6|98122782:6|98122784:6|98122801:6|98122804:6|98122813:6|98122833:6|98122842:6|98122845:6|98122849:6|98122852:6|98122863:6|98122864:6|98122872:6|98122891:6|98122897:6|98122902:6|98122903:6|98122908:6|98122917:6|98122934:6|98122937:6|98122938:6|98122941:6|98122942:6|98122945:6|98122946:6|98122951:6|98122952:6|98122976:6|98122986:6|98123028:6|98123049:6|98123051:6|98123057:6|98123059:6|98123062:6|98123067:6|98123074:6|98123076:6|98123082:6|98123089:6|98123096:6|98123104:6|98123106:6|98123108:6|98123114:6|98123116:6|98123128:6|98123142:6|98123143:6|98123145:6|98123156:6|98123157:6|98123159:6|98123162:6|98123163:6|98123164:6|98123165:6|98123166:6|98123170:6|98123172:6|98123173:6|98123179:6
2019-09-18 11:31:54,743:INFO:98920025:6|98920037:6|98920042:6|98920052:6|98920066:7|98920075:6|98920083:6|98920086:6|98920136:6|98920138:6|98920139:6|98920145:6|98920146:6|98920148:6|98920153:6|98920154:6|98920156:6|98920157:6|98920158:6|98920159:6|98920160:6|98920163:6|98920164:6|98920168:6|98920169:6|98920172:6|98920173:6|98920174:6|98920175:6|98920176:6|98920183:6|98920184:6|98920186:6|98920187:6|98920194:6|98920195:6|98920197:6|98920231:6|98920236:6|98920251:6|98920253:6|98920254:6|98920256:6|98920258:6|98920260:6|98920261:6|98920263:6|98920265:6|98920267:6|98920268:6|98920271:6|98920273:6|98920274:6|98920275:6|98920282:6|98920285:6|98920287:6|98920297:6|98920337:6|98920338:6|98920341:6|98920345:6|98920346:6|98920347:6|98920348:6|98920351:6|98920352:6|98920354:6|98920356:6|98920357:6|98920358:6|98920360:6|98920362:6|98920363:6|98920364:6|98920365:6|98920367:6|98920369:6|98920371:6|98920372:6|98920373:6|98920374:6|98920375:6|98920376:6|98920378:6|98920379:6|98920380:6|98920381:6|98920382:6|98920383:6|98920384:6|98920385:6|98920386:6|98920387:6|98920389:6|98920393:6|98920394:6|98920395:6|98920396:6|98920397:6|98920398:6|98920432:6|98920435:6|98920437:6|98920438:6|98920439:6|98920441:6|98920443:6|98920449:6|98920450:6|98920452:6|98920453:6|98920456:6|98920457:6|98920458:6|98920459:6|98920460:6|98920461:6|98920462:6|98920465:6|98920467:6|98920468:6|98920469:6|98920470:6|98920471:6|98920473:6|98920474:6|98920475:6|98920476:6|98920478:6|98920479:6|98920480:6
2019-09-18 11:38:34,102:INFO:ДУГААРАА СОНГОЖ БУЙ ХЭСЭГ
2019-09-18 11:38:34,102:INFO:2
2019-09-18 11:38:36,904:INFO:-1
2019-09-18 11:39:20,094:INFO:-1
2019-09-18 11:39:28,655:INFO:-1
2019-09-18 11:39:55,605:INFO:ДУГААРАА СОНГОЖ БУЙ ХЭСЭГ
2019-09-18 11:39:55,611:INFO:2
2019-09-18 11:39:57,947:INFO:-1
2019-09-18 11:40:47,635:INFO:ДУГААРАА СОНГОЖ БУЙ ХЭСЭГ
2019-09-18 11:40:47,635:INFO:2
2019-09-18 11:40:50,163:INFO:98900267:6|98900546:6|98900631:6|98900649:6|98900675:6|98900774:6|98900798:6|98901249:6|98901254:6|98901274:6|98901286:6|98901324:6|98901325:6|98901328:6|98901342:6|98901349:6|98901350:6|98901351:6|98901354:6|98901356:6|98901359:6|98901361:6|98901362:6|98901364:6|98901365:6|98901367:6|98901368:6|98901369:6|98901372:6|98901386:6|98901387:6|98901391:6|98901395:6|98901402:6|98901406:6|98901407:6|98901417:6|98901418:6|98901419:6|98901421:6|98901423:6|98901435:6|98901438:6|98901449:6|98901452:6|98901453:6|98901457:6|98901458:6|98901461:6|98901462:6|98901463:6|98901467:6|98901468:6|98901472:6|98901473:6|98901476:6|98901483:6|98901484:6|98901486:6|98901493:6|98901495:6|98901501:6|98901517:6|98901523:6|98901524:6|98901526:6|98901529:6|98901534:6|98901537:6|98901538:6|98901539:6|98901541:6|98901542:6|98901543:6|98901546:6|98901549:6|98901552:6|98901554:6|98901561:6|98901564:6|98901567:6|98901568:6|98901571:6|98901573:6|98901574:6|98901576:6|98901578:6|98901583:6|98901584:6|98901586:6|98901587:6|98901591:6|98901592:6|98901593:6|98901594:6|98901601:6|98901607:6|98901613:6|98901615:6|98901621:6|98901623:6|98901624:6|98901625:6|98901629:6|98901631:6|98901635:6|98901637:6|98901638:6|98901641:6|98901642:6|98901643:6|98901647:6|98901648:6|98901651:6|98901652:6|98901653:6|98901657:6|98901659:6|98901664:6|98901673:6|98901682:6|98901684:6|98901685:6|98901687:6|98901689:6|98901692:6|98901693:6|98901695:6|98901697:6|98901702:6|98901703:6|98901704:6
2019-09-18 11:50:47,882:INFO:----------------------------------------------------------------------------------------------------
2019-09-18 12:00:48,385:INFO:----------------------------------------------------------------------------------------------------
2019-09-18 12:10:48,880:INFO:----------------------------------------------------------------------------------------------------
2019-09-18 12:20:49,355:INFO:----------------------------------------------------------------------------------------------------
2019-09-18 12:30:49,828:INFO:----------------------------------------------------------------------------------------------------
2019-09-18 12:40:50,280:INFO:----------------------------------------------------------------------------------------------------
2019-09-18 12:50:52,298:INFO:----------------------------------------------------------------------------------------------------
2019-09-18 13:00:52,913:INFO:----------------------------------------------------------------------------------------------------
2019-09-18 13:10:53,466:INFO:----------------------------------------------------------------------------------------------------
2019-09-18 13:20:54,022:INFO:----------------------------------------------------------------------------------------------------
2019-09-18 13:30:54,493:INFO:----------------------------------------------------------------------------------------------------
2019-09-18 13:40:54,976:INFO:----------------------------------------------------------------------------------------------------
2019-09-18 13:50:55,456:INFO:----------------------------------------------------------------------------------------------------
2019-09-18 14:00:55,914:INFO:----------------------------------------------------------------------------------------------------
2019-09-18 14:10:56,378:INFO:----------------------------------------------------------------------------------------------------
2019-09-18 14:20:58,614:INFO:----------------------------------------------------------------------------------------------------
2019-09-18 14:30:59,207:INFO:----------------------------------------------------------------------------------------------------
2019-09-18 14:40:59,750:INFO:----------------------------------------------------------------------------------------------------
2019-09-18 14:51:00,214:INFO:----------------------------------------------------------------------------------------------------
2019-09-18 15:01:00,677:INFO:----------------------------------------------------------------------------------------------------
2019-09-18 15:11:01,197:INFO:----------------------------------------------------------------------------------------------------
2019-09-18 15:21:01,676:INFO:----------------------------------------------------------------------------------------------------
2019-09-18 15:31:02,127:INFO:----------------------------------------------------------------------------------------------------
2019-09-18 15:41:02,670:INFO:----------------------------------------------------------------------------------------------------
2019-09-18 15:51:03,223:INFO:----------------------------------------------------------------------------------------------------
2019-09-18 16:01:03,750:INFO:----------------------------------------------------------------------------------------------------
2019-09-18 16:11:04,325:INFO:----------------------------------------------------------------------------------------------------
2019-09-18 16:21:04,813:INFO:----------------------------------------------------------------------------------------------------
2019-09-18 16:31:05,358:INFO:----------------------------------------------------------------------------------------------------
2019-09-18 16:41:05,828:INFO:----------------------------------------------------------------------------------------------------
2019-09-18 16:51:06,319:INFO:----------------------------------------------------------------------------------------------------
2019-09-18 17:01:06,809:INFO:----------------------------------------------------------------------------------------------------
2019-09-18 17:11:07,362:INFO:----------------------------------------------------------------------------------------------------
2019-09-18 17:21:07,937:INFO:----------------------------------------------------------------------------------------------------
2019-09-18 17:31:08,493:INFO:----------------------------------------------------------------------------------------------------
2019-09-18 17:41:09,128:INFO:----------------------------------------------------------------------------------------------------
2019-09-18 17:51:09,621:INFO:----------------------------------------------------------------------------------------------------
2019-09-18 18:01:10,111:INFO:----------------------------------------------------------------------------------------------------
2019-09-18 18:11:10,601:INFO:----------------------------------------------------------------------------------------------------
2019-09-18 18:21:11,086:INFO:----------------------------------------------------------------------------------------------------
2019-09-18 18:31:11,571:INFO:----------------------------------------------------------------------------------------------------
2019-09-18 18:41:12,042:INFO:----------------------------------------------------------------------------------------------------
2019-09-18 18:51:12,588:INFO:----------------------------------------------------------------------------------------------------
2019-09-18 19:01:13,144:INFO:----------------------------------------------------------------------------------------------------
2019-09-18 19:11:13,697:INFO:----------------------------------------------------------------------------------------------------
2019-09-18 19:21:14,262:INFO:----------------------------------------------------------------------------------------------------
2019-09-18 19:31:14,835:INFO:----------------------------------------------------------------------------------------------------
2019-09-18 19:41:15,375:INFO:----------------------------------------------------------------------------------------------------
2019-09-18 19:51:15,841:INFO:----------------------------------------------------------------------------------------------------
2019-09-18 20:01:16,311:INFO:----------------------------------------------------------------------------------------------------
2019-09-18 20:11:16,778:INFO:----------------------------------------------------------------------------------------------------
2019-09-18 20:21:17,233:INFO:----------------------------------------------------------------------------------------------------
2019-09-18 20:31:17,717:INFO:----------------------------------------------------------------------------------------------------
2019-09-18 20:41:18,226:INFO:----------------------------------------------------------------------------------------------------
2019-09-18 20:51:18,759:INFO:----------------------------------------------------------------------------------------------------
2019-09-18 21:01:19,316:INFO:----------------------------------------------------------------------------------------------------
2019-09-18 21:11:19,943:INFO:----------------------------------------------------------------------------------------------------
2019-09-18 21:21:20,411:INFO:----------------------------------------------------------------------------------------------------
2019-09-18 21:31:20,882:INFO:----------------------------------------------------------------------------------------------------
2019-09-18 21:41:21,342:INFO:----------------------------------------------------------------------------------------------------
2019-09-18 21:51:21,799:INFO:----------------------------------------------------------------------------------------------------
2019-09-18 22:01:22,266:INFO:----------------------------------------------------------------------------------------------------
2019-09-18 22:11:22,726:INFO:----------------------------------------------------------------------------------------------------
2019-09-18 22:21:23,256:INFO:----------------------------------------------------------------------------------------------------
2019-09-18 22:31:23,796:INFO:----------------------------------------------------------------------------------------------------
2019-09-18 22:41:24,328:INFO:----------------------------------------------------------------------------------------------------
2019-09-18 22:51:26,203:INFO:----------------------------------------------------------------------------------------------------
2019-09-18 23:01:26,664:INFO:----------------------------------------------------------------------------------------------------
2019-09-18 23:11:27,127:INFO:----------------------------------------------------------------------------------------------------
2019-09-18 23:21:27,631:INFO:----------------------------------------------------------------------------------------------------
2019-09-18 23:31:28,088:INFO:----------------------------------------------------------------------------------------------------
2019-09-18 23:41:28,565:INFO:----------------------------------------------------------------------------------------------------
2019-09-18 23:51:29,036:INFO:----------------------------------------------------------------------------------------------------
2019-09-19 00:01:29,446:INFO:----------------------------------------------------------------------------------------------------
2019-09-19 00:11:30,012:INFO:----------------------------------------------------------------------------------------------------
2019-09-19 00:21:30,493:INFO:----------------------------------------------------------------------------------------------------
2019-09-19 00:31:30,964:INFO:----------------------------------------------------------------------------------------------------
2019-09-19 00:41:31,428:INFO:----------------------------------------------------------------------------------------------------
2019-09-19 00:51:31,992:INFO:----------------------------------------------------------------------------------------------------
2019-09-19 01:01:32,453:INFO:----------------------------------------------------------------------------------------------------
2019-09-19 01:11:32,990:INFO:----------------------------------------------------------------------------------------------------
2019-09-19 01:21:33,539:INFO:----------------------------------------------------------------------------------------------------
2019-09-19 01:31:34,095:INFO:----------------------------------------------------------------------------------------------------
2019-09-19 01:41:34,674:INFO:----------------------------------------------------------------------------------------------------
2019-09-19 01:51:35,236:INFO:----------------------------------------------------------------------------------------------------
2019-09-19 02:01:35,729:INFO:----------------------------------------------------------------------------------------------------
2019-09-19 02:11:36,250:INFO:----------------------------------------------------------------------------------------------------
2019-09-19 02:21:36,789:INFO:----------------------------------------------------------------------------------------------------
2019-09-19 02:31:37,288:INFO:----------------------------------------------------------------------------------------------------
2019-09-19 02:41:37,842:INFO:----------------------------------------------------------------------------------------------------
2019-09-19 02:51:38,400:INFO:----------------------------------------------------------------------------------------------------
2019-09-19 03:01:38,967:INFO:----------------------------------------------------------------------------------------------------
2019-09-19 03:11:39,525:INFO:----------------------------------------------------------------------------------------------------
2019-09-19 03:21:40,088:INFO:----------------------------------------------------------------------------------------------------
2019-09-19 03:31:40,681:INFO:----------------------------------------------------------------------------------------------------
2019-09-19 03:41:41,196:INFO:----------------------------------------------------------------------------------------------------
2019-09-19 03:51:41,750:INFO:----------------------------------------------------------------------------------------------------
2019-09-19 04:01:42,237:INFO:----------------------------------------------------------------------------------------------------
2019-09-19 04:11:42,799:INFO:----------------------------------------------------------------------------------------------------
2019-09-19 04:21:43,426:INFO:----------------------------------------------------------------------------------------------------
2019-09-19 04:31:43,996:INFO:----------------------------------------------------------------------------------------------------
2019-09-19 04:41:44,644:INFO:----------------------------------------------------------------------------------------------------
2019-09-19 04:51:45,209:INFO:----------------------------------------------------------------------------------------------------
2019-09-19 05:01:45,769:INFO:----------------------------------------------------------------------------------------------------
2019-09-19 05:11:46,368:INFO:----------------------------------------------------------------------------------------------------
2019-09-19 05:21:46,838:INFO:----------------------------------------------------------------------------------------------------
2019-09-19 05:31:47,306:INFO:----------------------------------------------------------------------------------------------------
2019-09-19 05:41:47,854:INFO:----------------------------------------------------------------------------------------------------
2019-09-19 05:51:49,404:INFO:----------------------------------------------------------------------------------------------------
2019-09-19 06:01:49,869:INFO:----------------------------------------------------------------------------------------------------
2019-09-19 06:11:50,328:INFO:----------------------------------------------------------------------------------------------------
2019-09-19 06:21:50,796:INFO:----------------------------------------------------------------------------------------------------
2019-09-19 06:31:51,378:INFO:----------------------------------------------------------------------------------------------------
2019-09-19 06:41:51,941:INFO:----------------------------------------------------------------------------------------------------
2019-09-19 06:51:52,487:INFO:----------------------------------------------------------------------------------------------------
2019-09-19 07:01:53,023:INFO:----------------------------------------------------------------------------------------------------
2019-09-19 07:11:53,585:INFO:----------------------------------------------------------------------------------------------------
2019-09-19 07:21:54,158:INFO:----------------------------------------------------------------------------------------------------
2019-09-19 07:31:54,628:INFO:----------------------------------------------------------------------------------------------------
2019-09-19 07:41:55,270:INFO:----------------------------------------------------------------------------------------------------
2019-09-19 07:51:55,818:INFO:----------------------------------------------------------------------------------------------------
2019-09-19 08:01:56,372:INFO:----------------------------------------------------------------------------------------------------
2019-09-19 08:11:56,907:INFO:----------------------------------------------------------------------------------------------------
2019-09-19 08:21:57,440:INFO:----------------------------------------------------------------------------------------------------
2019-09-19 08:31:57,966:INFO:----------------------------------------------------------------------------------------------------
