2020-06-28 06:42:04,122:INFO:------------------------------------------------------------------------------------------------
2020-06-28 07:04:47,161:INFO:------------------------------------------------------------------------------------------------
2020-06-28 07:20:29,866:INFO:------------------------------------------------------------------------------------------------
2020-06-28 07:42:04,207:INFO:------------------------------------------------------------------------------------------------
2020-06-28 08:04:51,842:INFO:------------------------------------------------------------------------------------------------
2020-06-28 08:20:29,955:INFO:------------------------------------------------------------------------------------------------
2020-06-28 08:42:04,276:INFO:------------------------------------------------------------------------------------------------
2020-06-28 09:04:56,480:INFO:------------------------------------------------------------------------------------------------
2020-06-28 09:09:33,980:WARNING:Not Found: /
2020-06-28 09:15:22,566:INFO:------------------------------------------------------------------------------------------------
2020-06-28 09:15:22,624:INFO:------------------------------------------------------------------------------------------------
2020-06-28 09:15:22,625:INFO:ДУГААРАА СОНГОЖ БУЙ ХЭСЭГ
2020-06-28 09:15:22,626:INFO:7
2020-06-28 09:15:22,631:INFO:------------------------------------------------------------------------------------------------
2020-06-28 09:15:46,430:INFO:ДУГААРАА СОНГОЖ БУЙ ХЭСЭГ
2020-06-28 09:15:46,431:INFO:7
2020-06-28 09:20:30,201:INFO:------------------------------------------------------------------------------------------------
2020-06-28 09:42:04,366:INFO:------------------------------------------------------------------------------------------------
2020-06-28 10:00:32,070:INFO:------------------------------------------------------------------------------------------------
2020-06-28 10:01:40,439:INFO:------------------------------------------------------------------------------------------------
2020-06-28 10:01:41,839:INFO:------------------------------------------------------------------------------------------------
2020-06-28 10:05:01,186:INFO:------------------------------------------------------------------------------------------------
2020-06-28 10:05:37,082:INFO:ДУГААРАА СОНГОЖ БУЙ ХЭСЭГ
2020-06-28 10:05:37,083:INFO:7
2020-06-28 10:05:38,275:WARNING:Not Found: /favicon.ico
2020-06-28 10:05:40,372:INFO:------------------------------------------------------------------------------------------------
2020-06-28 10:07:12,561:INFO:ДУГААРАА СОНГОЖ БУЙ ХЭСЭГ
2020-06-28 10:07:12,561:INFO:2
2020-06-28 10:07:12,763:WARNING:Not Found: /favicon.ico
2020-06-28 10:08:03,894:INFO:ДУГААРАА СОНГОЖ БУЙ ХЭСЭГ
2020-06-28 10:08:03,894:INFO:2
2020-06-28 10:15:23,733:INFO:------------------------------------------------------------------------------------------------
2020-06-28 10:15:23,734:INFO:------------------------------------------------------------------------------------------------
2020-06-28 10:15:24,834:INFO:------------------------------------------------------------------------------------------------
2020-06-28 10:15:32,957:INFO:ДУГААРАА СОНГОЖ БУЙ ХЭСЭГ
2020-06-28 10:15:32,957:INFO:2
2020-06-28 10:19:39,634:INFO:ДУГААРЫН ҮНЭ
2020-06-28 10:19:39,636:INFO:5000
2020-06-28 10:20:30,310:INFO:------------------------------------------------------------------------------------------------
2020-06-28 10:28:22,432:INFO:ДУГААРАА СОНГОЖ БУЙ ХЭСЭГ
2020-06-28 10:28:22,433:INFO:2
2020-06-28 10:28:25,645:INFO:ДУГААРАА СОНГОЖ БУЙ ХЭСЭГ
2020-06-28 10:28:25,646:INFO:2
2020-06-28 10:28:28,405:INFO:ДУГААРАА СОНГОЖ БУЙ ХЭСЭГ
2020-06-28 10:28:28,405:INFO:2
2020-06-28 10:28:31,141:INFO:ДУГААРАА СОНГОЖ БУЙ ХЭСЭГ
2020-06-28 10:28:31,141:INFO:2
2020-06-28 10:28:32,732:INFO:ДУГААРАА СОНГОЖ БУЙ ХЭСЭГ
2020-06-28 10:28:32,733:INFO:2
2020-06-28 10:29:30,461:INFO:ДУГААРАА СОНГОЖ БУЙ ХЭСЭГ
2020-06-28 10:29:30,461:INFO:2
2020-06-28 10:30:03,455:INFO:ДУГААРАА СОНГОЖ БУЙ ХЭСЭГ
2020-06-28 10:30:03,456:INFO:2
2020-06-28 10:30:06,221:INFO:ДУГААРАА СОНГОЖ БУЙ ХЭСЭГ
2020-06-28 10:30:06,221:INFO:2
2020-06-28 10:30:50,166:INFO:ДУГААРЫН ҮНЭ
2020-06-28 10:30:50,169:INFO:5000
2020-06-28 10:32:40,294:INFO:------------------------------------------------------------------------------------------------
2020-06-28 10:32:43,425:INFO:ДУГААРАА СОНГОЖ БУЙ ХЭСЭГ
2020-06-28 10:32:43,425:INFO:7
2020-06-28 10:33:24,120:INFO:ДУГААРАА СОНГОЖ БУЙ ХЭСЭГ
2020-06-28 10:33:24,121:INFO:7
2020-06-28 10:33:41,133:INFO:ДУГААРАА СОНГОЖ БУЙ ХЭСЭГ
2020-06-28 10:33:41,133:INFO:7
2020-06-28 10:33:58,209:INFO:------------------------------------------------------------------------------------------------
2020-06-28 10:42:00,063:INFO:------------------------------------------------------------------------------------------------
2020-06-28 10:42:01,769:INFO:ДУГААРАА СОНГОЖ БУЙ ХЭСЭГ
2020-06-28 10:42:01,769:INFO:2
2020-06-28 10:42:01,938:WARNING:Not Found: /favicon.ico
2020-06-28 10:42:04,436:INFO:------------------------------------------------------------------------------------------------
2020-06-28 10:44:32,507:INFO:------------------------------------------------------------------------------------------------
2020-06-28 10:45:44,129:INFO:------------------------------------------------------------------------------------------------
2020-06-28 10:46:35,956:INFO:------------------------------------------------------------------------------------------------
2020-06-28 10:52:32,752:INFO:------------------------------------------------------------------------------------------------
2020-06-28 10:52:37,697:INFO:ДУГААРАА СОНГОЖ БУЙ ХЭСЭГ
2020-06-28 10:52:37,697:INFO:2
2020-06-28 10:52:37,951:WARNING:Not Found: /favicon.ico
2020-06-28 10:53:03,321:INFO:ДУГААРАА СОНГОЖ БУЙ ХЭСЭГ
2020-06-28 10:53:03,321:INFO:7
2020-06-28 10:53:52,621:INFO:------------------------------------------------------------------------------------------------
2020-06-28 10:54:01,088:INFO:ДУГААРАА СОНГОЖ БУЙ ХЭСЭГ
2020-06-28 10:54:01,088:INFO:2
2020-06-28 10:54:03,361:WARNING:Not Found: /favicon.ico
2020-06-28 10:54:45,014:INFO:ДУГААРЫН ҮНЭ
2020-06-28 10:54:45,016:INFO:10000
2020-06-28 10:55:09,961:INFO:ДУГААРЫН ZAHIALGA
2020-06-28 10:55:11,167:INFO:------------------------------------------------------------------------------------------------
2020-06-28 10:55:15,805:INFO:ДУГААРАА СОНГОЖ БУЙ ХЭСЭГ
2020-06-28 10:55:15,806:INFO:7
2020-06-28 10:55:28,365:INFO:ДУГААРЫН ҮНЭ
2020-06-28 10:55:28,368:INFO:10000
2020-06-28 10:55:38,488:INFO:ДУГААРЫН ZAHIALGA
2020-06-28 10:55:39,623:INFO:------------------------------------------------------------------------------------------------
2020-06-28 11:02:54,502:INFO:ДУГААРАА СОНГОЖ БУЙ ХЭСЭГ
2020-06-28 11:02:54,502:INFO:7
2020-06-28 11:02:55,063:WARNING:Not Found: /favicon.ico
2020-06-28 11:02:55,288:WARNING:Not Found: /favicon.ico
2020-06-28 11:03:21,356:INFO:------------------------------------------------------------------------------------------------
2020-06-28 11:04:23,028:INFO:ДУГААРЫН ҮНЭ
2020-06-28 11:04:23,030:INFO:10000
2020-06-28 11:05:05,801:INFO:------------------------------------------------------------------------------------------------
2020-06-28 11:05:40,605:INFO:------------------------------------------------------------------------------------------------
2020-06-28 11:05:55,353:INFO:ДУГААРАА СОНГОЖ БУЙ ХЭСЭГ
2020-06-28 11:05:55,354:INFO:7
2020-06-28 11:08:59,356:INFO:ДУГААРЫН ҮНЭ
2020-06-28 11:08:59,360:INFO:5000
2020-06-28 11:09:15,030:INFO:ДУГААРАА СОНГОЖ БУЙ ХЭСЭГ
2020-06-28 11:09:15,030:INFO:2
2020-06-28 11:09:15,586:WARNING:Not Found: /favicon.ico
2020-06-28 11:15:23,890:INFO:------------------------------------------------------------------------------------------------
2020-06-28 11:15:24,887:INFO:------------------------------------------------------------------------------------------------
2020-06-28 11:15:32,543:INFO:------------------------------------------------------------------------------------------------
2020-06-28 11:15:47,210:INFO:ДУГААРАА СОНГОЖ БУЙ ХЭСЭГ
2020-06-28 11:15:47,210:INFO:2
2020-06-28 11:19:10,574:INFO:ДУГААРАА СОНГОЖ БУЙ ХЭСЭГ
2020-06-28 11:19:10,575:INFO:7
2020-06-28 11:20:20,754:INFO:------------------------------------------------------------------------------------------------
2020-06-28 11:20:30,368:INFO:------------------------------------------------------------------------------------------------
2020-06-28 11:20:55,742:WARNING:Not Found: /
2020-06-28 11:20:56,247:WARNING:Not Found: /favicon.ico
2020-06-28 11:21:15,362:INFO:ДУГААРАА СОНГОЖ БУЙ ХЭСЭГ
2020-06-28 11:21:15,362:ERROR:Internal Server Error: /prepaid
Traceback (most recent call last):
  File "/usr/local/lib/python2.7/dist-packages/django/core/handlers/exception.py", line 41, in inner
    response = get_response(request)
  File "/usr/local/lib/python2.7/dist-packages/django/core/handlers/base.py", line 187, in _get_response
    response = self.process_exception_by_middleware(e, request)
  File "/usr/local/lib/python2.7/dist-packages/django/core/handlers/base.py", line 185, in _get_response
    response = wrapped_callback(request, *callback_args, **callback_kwargs)
  File "/home/user/nFilterNew/controller/views.py", line 36, in getprepix
    numbertype = request.GET["numbertype"]
  File "/usr/local/lib/python2.7/dist-packages/django/utils/datastructures.py", line 85, in __getitem__
    raise MultiValueDictKeyError(repr(key))
MultiValueDictKeyError: "'numbertype'"
2020-06-28 11:21:28,896:INFO:ДУГААРАА СОНГОЖ БУЙ ХЭСЭГ
2020-06-28 11:21:28,896:ERROR:Internal Server Error: /prepaid
Traceback (most recent call last):
  File "/usr/local/lib/python2.7/dist-packages/django/core/handlers/exception.py", line 41, in inner
    response = get_response(request)
  File "/usr/local/lib/python2.7/dist-packages/django/core/handlers/base.py", line 187, in _get_response
    response = self.process_exception_by_middleware(e, request)
  File "/usr/local/lib/python2.7/dist-packages/django/core/handlers/base.py", line 185, in _get_response
    response = wrapped_callback(request, *callback_args, **callback_kwargs)
  File "/home/user/nFilterNew/controller/views.py", line 36, in getprepix
    numbertype = request.GET["numbertype"]
  File "/usr/local/lib/python2.7/dist-packages/django/utils/datastructures.py", line 85, in __getitem__
    raise MultiValueDictKeyError(repr(key))
MultiValueDictKeyError: "'numbertype'"
2020-06-28 11:22:07,540:INFO:ДУГААРАА СОНГОЖ БУЙ ХЭСЭГ
2020-06-28 11:22:07,541:INFO:38az=6
2020-06-28 11:22:07,541:ERROR:Internal Server Error: /prepaid
Traceback (most recent call last):
  File "/usr/local/lib/python2.7/dist-packages/django/core/handlers/exception.py", line 41, in inner
    response = get_response(request)
  File "/usr/local/lib/python2.7/dist-packages/django/core/handlers/base.py", line 187, in _get_response
    response = self.process_exception_by_middleware(e, request)
  File "/usr/local/lib/python2.7/dist-packages/django/core/handlers/base.py", line 185, in _get_response
    response = wrapped_callback(request, *callback_args, **callback_kwargs)
  File "/home/user/nFilterNew/controller/views.py", line 38, in getprepix
    az = request.GET['az']
  File "/usr/local/lib/python2.7/dist-packages/django/utils/datastructures.py", line 85, in __getitem__
    raise MultiValueDictKeyError(repr(key))
MultiValueDictKeyError: "'az'"
2020-06-28 11:22:13,456:INFO:ДУГААРАА СОНГОЖ БУЙ ХЭСЭГ
2020-06-28 11:22:13,456:INFO:
2020-06-28 11:22:13,456:ERROR:Internal Server Error: /prepaid
Traceback (most recent call last):
  File "/usr/local/lib/python2.7/dist-packages/django/core/handlers/exception.py", line 41, in inner
    response = get_response(request)
  File "/usr/local/lib/python2.7/dist-packages/django/core/handlers/base.py", line 187, in _get_response
    response = self.process_exception_by_middleware(e, request)
  File "/usr/local/lib/python2.7/dist-packages/django/core/handlers/base.py", line 185, in _get_response
    response = wrapped_callback(request, *callback_args, **callback_kwargs)
  File "/home/user/nFilterNew/controller/views.py", line 38, in getprepix
    az = request.GET['az']
  File "/usr/local/lib/python2.7/dist-packages/django/utils/datastructures.py", line 85, in __getitem__
    raise MultiValueDictKeyError(repr(key))
MultiValueDictKeyError: "'az'"
2020-06-28 11:22:19,761:INFO:ДУГААРАА СОНГОЖ БУЙ ХЭСЭГ
2020-06-28 11:22:19,761:INFO:
2020-06-28 11:22:19,761:ERROR:Internal Server Error: /prepaid
Traceback (most recent call last):
  File "/usr/local/lib/python2.7/dist-packages/django/core/handlers/exception.py", line 41, in inner
    response = get_response(request)
  File "/usr/local/lib/python2.7/dist-packages/django/core/handlers/base.py", line 187, in _get_response
    response = self.process_exception_by_middleware(e, request)
  File "/usr/local/lib/python2.7/dist-packages/django/core/handlers/base.py", line 185, in _get_response
    response = wrapped_callback(request, *callback_args, **callback_kwargs)
  File "/home/user/nFilterNew/controller/views.py", line 38, in getprepix
    az = request.GET['az']
  File "/usr/local/lib/python2.7/dist-packages/django/utils/datastructures.py", line 85, in __getitem__
    raise MultiValueDictKeyError(repr(key))
MultiValueDictKeyError: "'az'"
2020-06-28 11:22:33,833:INFO:ДУГААРАА СОНГОЖ БУЙ ХЭСЭГ
2020-06-28 11:22:33,833:ERROR:Internal Server Error: /prepaid
Traceback (most recent call last):
  File "/usr/local/lib/python2.7/dist-packages/django/core/handlers/exception.py", line 41, in inner
    response = get_response(request)
  File "/usr/local/lib/python2.7/dist-packages/django/core/handlers/base.py", line 187, in _get_response
    response = self.process_exception_by_middleware(e, request)
  File "/usr/local/lib/python2.7/dist-packages/django/core/handlers/base.py", line 185, in _get_response
    response = wrapped_callback(request, *callback_args, **callback_kwargs)
  File "/home/user/nFilterNew/controller/views.py", line 36, in getprepix
    numbertype = request.GET["numbertype"]
  File "/usr/local/lib/python2.7/dist-packages/django/utils/datastructures.py", line 85, in __getitem__
    raise MultiValueDictKeyError(repr(key))
MultiValueDictKeyError: "'numbertype'"
2020-06-28 11:24:10,761:INFO:ДУГААРАА СОНГОЖ БУЙ ХЭСЭГ
2020-06-28 11:24:10,761:INFO:2
2020-06-28 11:24:12,944:INFO:ДУГААРАА СОНГОЖ БУЙ ХЭСЭГ
2020-06-28 11:24:12,944:INFO:2
2020-06-28 11:24:30,212:INFO:ДУГААРАА СОНГОЖ БУЙ ХЭСЭГ
2020-06-28 11:24:30,212:INFO:7
2020-06-28 11:25:28,746:INFO:ДУГААРАА СОНГОЖ БУЙ ХЭСЭГ
2020-06-28 11:25:28,746:INFO:7
2020-06-28 11:26:21,930:INFO:------------------------------------------------------------------------------------------------
2020-06-28 11:26:48,403:INFO:------------------------------------------------------------------------------------------------
2020-06-28 11:26:58,828:INFO:ДУГААРАА СОНГОЖ БУЙ ХЭСЭГ
2020-06-28 11:26:58,829:INFO:2
2020-06-28 11:27:00,501:WARNING:Not Found: /favicon.ico
2020-06-28 11:28:27,896:INFO:ДУГААРЫН ҮНЭ
2020-06-28 11:28:27,898:INFO:5000
2020-06-28 11:30:23,894:INFO:ДУГААРАА СОНГОЖ БУЙ ХЭСЭГ
2020-06-28 11:30:23,895:INFO:2
2020-06-28 11:30:35,584:INFO:ДУГААРЫН ҮНЭ
2020-06-28 11:30:35,587:INFO:5000
2020-06-28 11:30:50,950:INFO:ДУГААРЫН ZAHIALGA
2020-06-28 11:32:51,019:INFO:------------------------------------------------------------------------------------------------
2020-06-28 11:33:58,337:INFO:------------------------------------------------------------------------------------------------
2020-06-28 11:37:24,333:INFO:------------------------------------------------------------------------------------------------
2020-06-28 11:42:04,500:INFO:------------------------------------------------------------------------------------------------
2020-06-28 11:46:36,312:INFO:------------------------------------------------------------------------------------------------
2020-06-28 11:52:08,772:INFO:ДУГААРАА СОНГОЖ БУЙ ХЭСЭГ
2020-06-28 11:52:08,772:INFO:2
2020-06-28 11:52:09,042:WARNING:Not Found: /favicon.ico
2020-06-28 11:52:42,161:INFO:------------------------------------------------------------------------------------------------
2020-06-28 11:52:49,970:INFO:ДУГААРАА СОНГОЖ БУЙ ХЭСЭГ
2020-06-28 11:52:49,971:INFO:2
2020-06-28 11:52:50,277:WARNING:Not Found: /favicon.ico
2020-06-28 11:53:58,430:INFO:ДУГААРЫН ҮНЭ
2020-06-28 11:53:58,434:INFO:5000
2020-06-28 11:54:18,194:INFO:ДУГААРЫН ZAHIALGA
2020-06-28 11:56:18,339:INFO:------------------------------------------------------------------------------------------------
2020-06-28 12:03:07,038:INFO:ДУГААРАА СОНГОЖ БУЙ ХЭСЭГ
2020-06-28 12:03:07,039:INFO:2
2020-06-28 12:03:07,474:WARNING:Not Found: /favicon.ico
2020-06-28 12:03:23,497:INFO:------------------------------------------------------------------------------------------------
2020-06-28 12:05:10,513:INFO:------------------------------------------------------------------------------------------------
2020-06-28 12:05:52,471:INFO:ДУГААРЫН ҮНЭ
2020-06-28 12:05:52,475:INFO:5000
2020-06-28 12:06:03,146:INFO:ДУГААРЫН ZAHIALGA
2020-06-28 12:07:00,785:INFO:------------------------------------------------------------------------------------------------
2020-06-28 12:07:02,716:INFO:ДУГААРАА СОНГОЖ БУЙ ХЭСЭГ
2020-06-28 12:07:02,716:INFO:4
2020-06-28 12:07:52,647:INFO:------------------------------------------------------------------------------------------------
2020-06-28 12:07:54,532:INFO:ДУГААРАА СОНГОЖ БУЙ ХЭСЭГ
2020-06-28 12:07:54,532:INFO:2
2020-06-28 12:08:54,064:INFO:------------------------------------------------------------------------------------------------
2020-06-28 12:08:57,482:INFO:ДУГААРАА СОНГОЖ БУЙ ХЭСЭГ
2020-06-28 12:08:57,483:INFO:2
2020-06-28 12:10:47,111:INFO:ДУГААРЫН ҮНЭ
2020-06-28 12:10:47,115:INFO:5000
2020-06-28 12:15:24,009:INFO:------------------------------------------------------------------------------------------------
2020-06-28 12:15:24,991:INFO:------------------------------------------------------------------------------------------------
2020-06-28 12:15:32,843:INFO:------------------------------------------------------------------------------------------------
2020-06-28 12:18:37,578:INFO:ДУГААРАА СОНГОЖ БУЙ ХЭСЭГ
2020-06-28 12:18:37,578:INFO:2
2020-06-28 12:18:38,253:WARNING:Not Found: /favicon.ico
2020-06-28 12:18:38,273:WARNING:Not Found: /favicon.ico
2020-06-28 12:19:02,951:INFO:ДУГААРАА СОНГОЖ БУЙ ХЭСЭГ
2020-06-28 12:19:02,951:INFO:2
2020-06-28 12:20:05,412:INFO:ДУГААРЫН ҮНЭ
2020-06-28 12:20:05,414:INFO:5000
2020-06-28 12:20:22,234:INFO:ДУГААРАА СОНГОЖ БУЙ ХЭСЭГ
2020-06-28 12:20:22,234:INFO:2
2020-06-28 12:20:30,459:INFO:------------------------------------------------------------------------------------------------
2020-06-28 12:20:54,349:INFO:ДУГААРАА СОНГОЖ БУЙ ХЭСЭГ
2020-06-28 12:20:54,349:INFO:2
2020-06-28 12:21:27,367:INFO:------------------------------------------------------------------------------------------------
2020-06-28 12:21:28,558:INFO:ДУГААРАА СОНГОЖ БУЙ ХЭСЭГ
2020-06-28 12:21:28,558:INFO:2
2020-06-28 12:21:42,968:INFO:------------------------------------------------------------------------------------------------
2020-06-28 12:21:43,854:INFO:ДУГААРАА СОНГОЖ БУЙ ХЭСЭГ
2020-06-28 12:21:43,854:INFO:2
2020-06-28 12:22:52,669:INFO:ДУГААРЫН ҮНЭ
2020-06-28 12:22:52,672:INFO:5000
2020-06-28 12:25:25,397:INFO:ДУГААРЫН ҮНЭ
2020-06-28 12:25:25,401:INFO:5000
2020-06-28 12:26:07,572:INFO:ДУГААРЫН ҮНЭ
2020-06-28 12:26:07,575:INFO:5000
2020-06-28 12:30:46,065:INFO:------------------------------------------------------------------------------------------------
2020-06-28 12:30:53,941:INFO:------------------------------------------------------------------------------------------------
2020-06-28 12:30:56,798:INFO:ДУГААРАА СОНГОЖ БУЙ ХЭСЭГ
2020-06-28 12:30:56,799:INFO:2
2020-06-28 12:30:57,038:WARNING:Not Found: /favicon.ico
2020-06-28 12:31:11,167:INFO:ДУГААРЫН ҮНЭ
2020-06-28 12:31:11,170:INFO:5000
2020-06-28 12:32:51,101:INFO:------------------------------------------------------------------------------------------------
2020-06-28 12:33:19,243:INFO:ДУГААРАА СОНГОЖ БУЙ ХЭСЭГ
2020-06-28 12:33:19,244:INFO:2
2020-06-28 12:33:19,645:WARNING:Not Found: /favicon.ico
2020-06-28 12:35:02,965:INFO:ДУГААРЫН ҮНЭ
2020-06-28 12:35:02,967:INFO:5000
2020-06-28 12:37:55,646:INFO:ДУГААРЫН ҮНЭ
2020-06-28 12:37:55,650:INFO:5000
2020-06-28 12:38:11,595:INFO:ДУГААРЫН ZAHIALGA
2020-06-28 12:40:11,737:INFO:------------------------------------------------------------------------------------------------
2020-06-28 12:40:23,066:INFO:ДУГААРАА СОНГОЖ БУЙ ХЭСЭГ
2020-06-28 12:40:23,066:INFO:2
2020-06-28 12:42:04,580:INFO:------------------------------------------------------------------------------------------------
2020-06-28 12:43:19,540:INFO:------------------------------------------------------------------------------------------------
2020-06-28 12:43:21,210:INFO:ДУГААРАА СОНГОЖ БУЙ ХЭСЭГ
2020-06-28 12:43:21,211:INFO:2
2020-06-28 12:46:36,531:INFO:------------------------------------------------------------------------------------------------
2020-06-28 12:51:13,159:INFO:ДУГААРАА СОНГОЖ БУЙ ХЭСЭГ
2020-06-28 12:51:13,160:INFO:2
2020-06-28 12:51:20,716:INFO:------------------------------------------------------------------------------------------------
2020-06-28 12:51:21,979:INFO:------------------------------------------------------------------------------------------------
2020-06-28 12:51:22,642:INFO:ДУГААРАА СОНГОЖ БУЙ ХЭСЭГ
2020-06-28 12:51:22,642:INFO:2
2020-06-28 12:51:22,828:INFO:ДУГААРАА СОНГОЖ БУЙ ХЭСЭГ
2020-06-28 12:51:22,828:INFO:2
2020-06-28 12:51:40,796:INFO:ДУГААРЫН ҮНЭ
2020-06-28 12:51:40,798:INFO:5000
2020-06-28 12:52:06,831:INFO:ДУГААРЫН ҮНЭ
2020-06-28 12:52:06,833:INFO:5000
2020-06-28 12:52:13,514:INFO:ДУГААРЫН ҮНЭ
2020-06-28 12:52:13,516:INFO:5000
2020-06-28 12:52:14,837:INFO:ДУГААРЫН ҮНЭ
2020-06-28 12:52:14,840:INFO:5000
2020-06-28 12:52:56,111:INFO:ДУГААРЫН ҮНЭ
2020-06-28 12:52:56,113:INFO:5000
2020-06-28 12:53:01,141:INFO:ДУГААРЫН ҮНЭ
2020-06-28 12:53:01,146:INFO:5000
2020-06-28 12:53:01,173:INFO:ДУГААРЫН ҮНЭ
2020-06-28 12:53:01,176:INFO:5000
2020-06-28 12:53:28,001:INFO:ДУГААРЫН ZAHIALGA
2020-06-28 12:54:16,737:INFO:ДУГААРАА СОНГОЖ БУЙ ХЭСЭГ
2020-06-28 12:54:16,738:INFO:7
2020-06-28 12:54:18,429:INFO:------------------------------------------------------------------------------------------------
2020-06-28 12:54:19,689:INFO:ДУГААРАА СОНГОЖ БУЙ ХЭСЭГ
2020-06-28 12:54:19,689:INFO:2
2020-06-28 12:54:34,702:INFO:ДУГААРЫН ҮНЭ
2020-06-28 12:54:34,705:INFO:5000
2020-06-28 12:54:47,458:INFO:------------------------------------------------------------------------------------------------
2020-06-28 12:54:48,682:INFO:ДУГААРАА СОНГОЖ БУЙ ХЭСЭГ
2020-06-28 12:54:48,682:INFO:2
2020-06-28 12:55:28,135:INFO:------------------------------------------------------------------------------------------------
2020-06-28 12:55:39,243:INFO:------------------------------------------------------------------------------------------------
2020-06-28 12:55:54,115:INFO:ДУГААРЫН ҮНЭ
2020-06-28 12:55:54,118:INFO:5000
2020-06-28 12:59:46,604:INFO:ДУГААРАА СОНГОЖ БУЙ ХЭСЭГ
2020-06-28 12:59:46,605:INFO:2
2020-06-28 13:00:16,011:INFO:ДУГААРЫН ҮНЭ
2020-06-28 13:00:16,014:INFO:5000
2020-06-28 13:01:40,344:INFO:ДУГААРЫН ZAHIALGA
2020-06-28 13:03:40,478:INFO:------------------------------------------------------------------------------------------------
2020-06-28 13:04:14,057:INFO:ДУГААРЫН ҮНЭ
2020-06-28 13:04:14,060:INFO:5000
2020-06-28 13:05:15,172:INFO:------------------------------------------------------------------------------------------------
2020-06-28 13:05:33,310:INFO:ДУГААРЫН ҮНЭ
2020-06-28 13:05:33,313:INFO:5000
2020-06-28 13:07:43,049:INFO:------------------------------------------------------------------------------------------------
2020-06-28 13:07:44,096:INFO:ДУГААРАА СОНГОЖ БУЙ ХЭСЭГ
2020-06-28 13:07:44,096:INFO:2
2020-06-28 13:08:04,182:INFO:------------------------------------------------------------------------------------------------
2020-06-28 13:09:22,571:INFO:ДУГААРАА СОНГОЖ БУЙ ХЭСЭГ
2020-06-28 13:09:22,571:INFO:2
2020-06-28 13:14:49,863:INFO:ДУГААРАА СОНГОЖ БУЙ ХЭСЭГ
2020-06-28 13:14:49,864:INFO:2
2020-06-28 13:15:24,100:INFO:------------------------------------------------------------------------------------------------
2020-06-28 13:15:25,084:INFO:------------------------------------------------------------------------------------------------
2020-06-28 13:15:33,265:INFO:------------------------------------------------------------------------------------------------
2020-06-28 13:18:10,217:INFO:ДУГААРЫН ҮНЭ
2020-06-28 13:18:10,219:INFO:5000
2020-06-28 13:18:50,311:INFO:------------------------------------------------------------------------------------------------
2020-06-28 13:18:51,040:INFO:ДУГААРАА СОНГОЖ БУЙ ХЭСЭГ
2020-06-28 13:18:51,040:INFO:7
2020-06-28 13:19:33,003:INFO:ДУГААРЫН ҮНЭ
2020-06-28 13:19:33,005:INFO:10000
2020-06-28 13:20:30,520:INFO:------------------------------------------------------------------------------------------------
2020-06-28 13:22:15,483:INFO:ДУГААРАА СОНГОЖ БУЙ ХЭСЭГ
2020-06-28 13:22:15,483:INFO:2
2020-06-28 13:22:16,149:INFO:ДУГААРЫН ҮНЭ
2020-06-28 13:22:16,151:INFO:5000
2020-06-28 13:22:24,824:INFO:ДУГААРАА СОНГОЖ БУЙ ХЭСЭГ
2020-06-28 13:22:24,825:INFO:2
2020-06-28 13:22:39,482:INFO:ДУГААРАА СОНГОЖ БУЙ ХЭСЭГ
2020-06-28 13:22:39,482:INFO:2
2020-06-28 13:23:25,890:INFO:ДУГААРАА СОНГОЖ БУЙ ХЭСЭГ
2020-06-28 13:23:25,890:INFO:2
2020-06-28 13:23:26,271:INFO:ДУГААРАА СОНГОЖ БУЙ ХЭСЭГ
2020-06-28 13:23:26,272:INFO:2
2020-06-28 13:25:48,919:INFO:ДУГААРАА СОНГОЖ БУЙ ХЭСЭГ
2020-06-28 13:25:48,919:INFO:2
2020-06-28 13:26:15,641:INFO:------------------------------------------------------------------------------------------------
2020-06-28 13:26:16,742:INFO:ДУГААРАА СОНГОЖ БУЙ ХЭСЭГ
2020-06-28 13:26:16,742:INFO:2
2020-06-28 13:26:45,468:INFO:ДУГААРЫН ҮНЭ
2020-06-28 13:26:45,470:INFO:5000
2020-06-28 13:27:37,385:INFO:ДУГААРАА СОНГОЖ БУЙ ХЭСЭГ
2020-06-28 13:27:37,386:INFO:7
2020-06-28 13:27:37,662:WARNING:Not Found: /favicon.ico
2020-06-28 13:28:23,761:INFO:ДУГААРЫН ҮНЭ
2020-06-28 13:28:23,764:INFO:10000
2020-06-28 13:29:58,019:INFO:------------------------------------------------------------------------------------------------
2020-06-28 13:29:58,749:INFO:ДУГААРАА СОНГОЖ БУЙ ХЭСЭГ
2020-06-28 13:29:58,750:INFO:2
2020-06-28 13:30:26,260:INFO:ДУГААРЫН ҮНЭ
2020-06-28 13:30:26,262:INFO:5000
2020-06-28 13:32:25,550:INFO:------------------------------------------------------------------------------------------------
2020-06-28 13:32:44,898:INFO:ДУГААРЫН ҮНЭ
2020-06-28 13:32:44,901:INFO:5000
2020-06-28 13:32:51,207:INFO:------------------------------------------------------------------------------------------------
2020-06-28 13:33:06,871:INFO:ДУГААРЫН ZAHIALGA
2020-06-28 13:33:55,931:INFO:ДУГААРАА СОНГОЖ БУЙ ХЭСЭГ
2020-06-28 13:33:55,932:INFO:2
2020-06-28 13:34:02,784:INFO:ДУГААРАА СОНГОЖ БУЙ ХЭСЭГ
2020-06-28 13:34:02,785:INFO:2
2020-06-28 13:34:10,712:INFO:ДУГААРАА СОНГОЖ БУЙ ХЭСЭГ
2020-06-28 13:34:10,712:INFO:2
2020-06-28 13:35:07,013:INFO:------------------------------------------------------------------------------------------------
2020-06-28 13:36:42,471:INFO:ДУГААРАА СОНГОЖ БУЙ ХЭСЭГ
2020-06-28 13:36:42,471:INFO:2
2020-06-28 13:37:26,329:INFO:ДУГААРЫН ҮНЭ
2020-06-28 13:37:26,332:INFO:5000
2020-06-28 13:37:27,870:INFO:ДУГААРАА СОНГОЖ БУЙ ХЭСЭГ
2020-06-28 13:37:27,871:INFO:2
2020-06-28 13:39:08,070:INFO:ДУГААРАА СОНГОЖ БУЙ ХЭСЭГ
2020-06-28 13:39:08,070:INFO:2
2020-06-28 13:39:09,964:INFO:ДУГААРАА СОНГОЖ БУЙ ХЭСЭГ
2020-06-28 13:39:09,964:INFO:2
2020-06-28 13:42:04,669:INFO:------------------------------------------------------------------------------------------------
2020-06-28 13:42:38,880:INFO:ДУГААРАА СОНГОЖ БУЙ ХЭСЭГ
2020-06-28 13:42:38,880:INFO:7
2020-06-28 13:43:52,025:INFO:ДУГААРАА СОНГОЖ БУЙ ХЭСЭГ
2020-06-28 13:43:52,026:INFO:2
2020-06-28 13:44:15,117:INFO:ДУГААРЫН ҮНЭ
2020-06-28 13:44:15,120:INFO:5000
2020-06-28 13:44:54,695:INFO:ДУГААРАА СОНГОЖ БУЙ ХЭСЭГ
2020-06-28 13:44:54,696:INFO:2
2020-06-28 13:45:56,007:INFO:ДУГААРЫН ҮНЭ
2020-06-28 13:45:56,010:INFO:5000
2020-06-28 13:46:32,761:INFO:ДУГААРЫН ZAHIALGA
2020-06-28 13:48:32,893:INFO:------------------------------------------------------------------------------------------------
2020-06-28 13:51:17,025:INFO:ДУГААРЫН ҮНЭ
2020-06-28 13:51:17,028:INFO:5000
2020-06-28 13:52:29,573:INFO:------------------------------------------------------------------------------------------------
2020-06-28 13:52:34,911:INFO:ДУГААРАА СОНГОЖ БУЙ ХЭСЭГ
2020-06-28 13:52:34,911:INFO:2
2020-06-28 13:53:49,509:INFO:ДУГААРАА СОНГОЖ БУЙ ХЭСЭГ
2020-06-28 13:53:49,510:INFO:2
2020-06-28 13:53:52,639:INFO:ДУГААРАА СОНГОЖ БУЙ ХЭСЭГ
2020-06-28 13:53:52,639:INFO:2
2020-06-28 13:54:27,570:INFO:------------------------------------------------------------------------------------------------
2020-06-28 13:54:28,513:INFO:ДУГААРАА СОНГОЖ БУЙ ХЭСЭГ
2020-06-28 13:54:28,514:INFO:2
2020-06-28 13:55:05,740:INFO:------------------------------------------------------------------------------------------------
2020-06-28 13:55:06,533:INFO:ДУГААРАА СОНГОЖ БУЙ ХЭСЭГ
2020-06-28 13:55:06,534:INFO:2
2020-06-28 13:55:57,882:INFO:------------------------------------------------------------------------------------------------
2020-06-28 13:55:59,493:INFO:------------------------------------------------------------------------------------------------
2020-06-28 13:56:00,342:INFO:ДУГААРАА СОНГОЖ БУЙ ХЭСЭГ
2020-06-28 13:56:00,342:INFO:2
2020-06-28 13:56:44,701:INFO:------------------------------------------------------------------------------------------------
2020-06-28 13:56:45,481:INFO:ДУГААРАА СОНГОЖ БУЙ ХЭСЭГ
2020-06-28 13:56:45,481:INFO:2
2020-06-28 13:58:06,659:INFO:ДУГААРЫН ҮНЭ
2020-06-28 13:58:06,661:INFO:5000
2020-06-28 13:58:34,072:INFO:ДУГААРЫН ZAHIALGA
2020-06-28 13:59:50,250:INFO:ДУГААРЫН ҮНЭ
2020-06-28 13:59:50,253:INFO:5000
2020-06-28 14:00:10,281:INFO:ДУГААРЫН ҮНЭ
2020-06-28 14:00:10,284:INFO:5000
2020-06-28 14:00:23,420:INFO:ДУГААРЫН ҮНЭ
2020-06-28 14:00:23,423:INFO:5000
2020-06-28 14:00:34,200:INFO:------------------------------------------------------------------------------------------------
2020-06-28 14:00:46,062:INFO:ДУГААРЫН ҮНЭ
2020-06-28 14:00:46,065:INFO:5000
2020-06-28 14:00:58,426:INFO:ДУГААРЫН ҮНЭ
2020-06-28 14:00:58,429:INFO:5000
2020-06-28 14:01:36,420:INFO:ДУГААРЫН ZAHIALGA
2020-06-28 14:01:36,791:INFO:ДУГААРЫН ҮНЭ
2020-06-28 14:01:36,793:INFO:5000
2020-06-28 14:01:44,574:INFO:------------------------------------------------------------------------------------------------
2020-06-28 14:01:48,255:INFO:ДУГААРЫН ҮНЭ
2020-06-28 14:01:48,257:INFO:5000
2020-06-28 14:01:50,052:INFO:ДУГААРАА СОНГОЖ БУЙ ХЭСЭГ
2020-06-28 14:01:50,052:INFO:3
2020-06-28 14:01:53,786:INFO:------------------------------------------------------------------------------------------------
2020-06-28 14:01:56,025:INFO:ДУГААРАА СОНГОЖ БУЙ ХЭСЭГ
2020-06-28 14:01:56,025:INFO:2
2020-06-28 14:01:56,838:INFO:ДУГААРЫН ҮНЭ
2020-06-28 14:01:56,841:INFO:5000
2020-06-28 14:01:57,717:INFO:------------------------------------------------------------------------------------------------
2020-06-28 14:01:58,782:INFO:ДУГААРАА СОНГОЖ БУЙ ХЭСЭГ
2020-06-28 14:01:58,783:INFO:4
2020-06-28 14:02:01,142:INFO:ДУГААРАА СОНГОЖ БУЙ ХЭСЭГ
2020-06-28 14:02:01,142:INFO:4
2020-06-28 14:02:02,339:INFO:------------------------------------------------------------------------------------------------
2020-06-28 14:02:25,772:INFO:ДУГААРЫН ҮНЭ
2020-06-28 14:02:25,774:INFO:5000
2020-06-28 14:02:34,607:INFO:ДУГААРЫН ҮНЭ
2020-06-28 14:02:34,611:INFO:5000
2020-06-28 14:02:46,144:INFO:ДУГААРЫН ҮНЭ
2020-06-28 14:02:46,146:INFO:5000
2020-06-28 14:04:41,549:INFO:ДУГААРАА СОНГОЖ БУЙ ХЭСЭГ
2020-06-28 14:04:41,550:INFO:2
2020-06-28 14:04:48,669:INFO:ДУГААРАА СОНГОЖ БУЙ ХЭСЭГ
2020-06-28 14:04:48,669:INFO:2
2020-06-28 14:04:56,582:INFO:ДУГААРАА СОНГОЖ БУЙ ХЭСЭГ
2020-06-28 14:04:56,582:INFO:2
2020-06-28 14:05:19,880:INFO:------------------------------------------------------------------------------------------------
2020-06-28 14:05:22,042:INFO:ДУГААРАА СОНГОЖ БУЙ ХЭСЭГ
2020-06-28 14:05:22,043:INFO:2
2020-06-28 14:07:30,130:INFO:ДУГААРЫН ҮНЭ
2020-06-28 14:07:30,133:INFO:5000
2020-06-28 14:07:56,626:INFO:ДУГААРЫН ҮНЭ
2020-06-28 14:07:56,629:INFO:5000
2020-06-28 14:07:58,474:INFO:ДУГААРЫН ҮНЭ
2020-06-28 14:07:58,477:INFO:5000
2020-06-28 14:08:01,310:WARNING:Not Found: /
2020-06-28 14:10:47,533:INFO:ДУГААРАА СОНГОЖ БУЙ ХЭСЭГ
2020-06-28 14:10:47,534:INFO:2
2020-06-28 14:10:49,583:INFO:ДУГААРАА СОНГОЖ БУЙ ХЭСЭГ
2020-06-28 14:10:49,584:INFO:2
2020-06-28 14:10:51,074:INFO:ДУГААРАА СОНГОЖ БУЙ ХЭСЭГ
2020-06-28 14:10:51,074:INFO:2
2020-06-28 14:11:07,381:INFO:ДУГААРАА СОНГОЖ БУЙ ХЭСЭГ
2020-06-28 14:11:07,381:INFO:2
2020-06-28 14:11:07,736:INFO:ДУГААРАА СОНГОЖ БУЙ ХЭСЭГ
2020-06-28 14:11:07,736:INFO:2
2020-06-28 14:12:11,082:INFO:ДУГААРАА СОНГОЖ БУЙ ХЭСЭГ
2020-06-28 14:12:11,083:INFO:2
2020-06-28 14:12:25,925:INFO:ДУГААРЫН ҮНЭ
2020-06-28 14:12:25,928:INFO:5000
2020-06-28 14:12:38,718:INFO:ДУГААРЫН ZAHIALGA
2020-06-28 14:12:59,898:INFO:ДУГААРЫН ҮНЭ
2020-06-28 14:12:59,900:INFO:5000
2020-06-28 14:14:38,866:INFO:------------------------------------------------------------------------------------------------
2020-06-28 14:15:24,203:INFO:------------------------------------------------------------------------------------------------
2020-06-28 14:15:25,187:INFO:------------------------------------------------------------------------------------------------
2020-06-28 14:15:33,758:INFO:------------------------------------------------------------------------------------------------
2020-06-28 14:15:49,809:INFO:ДУГААРЫН ҮНЭ
2020-06-28 14:15:49,813:INFO:5000
2020-06-28 14:18:26,595:INFO:ДУГААРАА СОНГОЖ БУЙ ХЭСЭГ
2020-06-28 14:18:26,595:INFO:2
2020-06-28 14:20:30,622:INFO:------------------------------------------------------------------------------------------------
2020-06-28 14:25:42,193:WARNING:Not Found: /
2020-06-28 14:31:55,453:INFO:ДУГААРЫН ҮНЭ
2020-06-28 14:31:55,455:INFO:5000
2020-06-28 14:32:35,736:INFO:ДУГААРЫН ZAHIALGA
2020-06-28 14:32:51,280:INFO:------------------------------------------------------------------------------------------------
2020-06-28 14:34:35,854:INFO:------------------------------------------------------------------------------------------------
2020-06-28 14:40:44,547:INFO:------------------------------------------------------------------------------------------------
2020-06-28 14:40:45,605:INFO:ДУГААРАА СОНГОЖ БУЙ ХЭСЭГ
2020-06-28 14:40:45,605:INFO:2
2020-06-28 14:41:29,711:INFO:ДУГААРЫН ҮНЭ
2020-06-28 14:41:29,714:INFO:5000
2020-06-28 14:42:04,744:INFO:------------------------------------------------------------------------------------------------
2020-06-28 14:42:27,772:INFO:ДУГААРАА СОНГОЖ БУЙ ХЭСЭГ
2020-06-28 14:42:27,773:INFO:2
2020-06-28 14:42:44,625:INFO:ДУГААРЫН ҮНЭ
2020-06-28 14:42:44,627:INFO:5000
2020-06-28 14:43:03,735:INFO:ДУГААРЫН ZAHIALGA
2020-06-28 14:45:03,902:INFO:------------------------------------------------------------------------------------------------
2020-06-28 14:48:29,037:INFO:------------------------------------------------------------------------------------------------
2020-06-28 14:48:31,501:INFO:ДУГААРАА СОНГОЖ БУЙ ХЭСЭГ
2020-06-28 14:48:31,501:INFO:2
2020-06-28 14:49:04,360:INFO:ДУГААРЫН ҮНЭ
2020-06-28 14:49:04,364:INFO:5000
2020-06-28 14:49:21,291:INFO:ДУГААРЫН ҮНЭ
2020-06-28 14:49:21,294:INFO:5000
2020-06-28 14:51:14,084:INFO:------------------------------------------------------------------------------------------------
2020-06-28 14:51:15,461:INFO:ДУГААРАА СОНГОЖ БУЙ ХЭСЭГ
2020-06-28 14:51:15,462:INFO:2
2020-06-28 14:51:27,851:INFO:ДУГААРЫН ҮНЭ
2020-06-28 14:51:27,853:INFO:5000
2020-06-28 15:00:13,566:INFO:------------------------------------------------------------------------------------------------
2020-06-28 15:02:02,656:INFO:------------------------------------------------------------------------------------------------
2020-06-28 15:05:24,521:INFO:------------------------------------------------------------------------------------------------
2020-06-28 15:13:19,607:INFO:ДУГААРАА СОНГОЖ БУЙ ХЭСЭГ
2020-06-28 15:13:19,608:INFO:2
2020-06-28 15:13:23,583:INFO:ДУГААРАА СОНГОЖ БУЙ ХЭСЭГ
2020-06-28 15:13:23,583:INFO:2
2020-06-28 15:13:39,382:INFO:ДУГААРАА СОНГОЖ БУЙ ХЭСЭГ
2020-06-28 15:13:39,382:INFO:2
2020-06-28 15:13:41,650:INFO:ДУГААРАА СОНГОЖ БУЙ ХЭСЭГ
2020-06-28 15:13:41,650:INFO:2
2020-06-28 15:13:56,831:INFO:ДУГААРАА СОНГОЖ БУЙ ХЭСЭГ
2020-06-28 15:13:56,831:INFO:2
2020-06-28 15:15:24,291:INFO:------------------------------------------------------------------------------------------------
2020-06-28 15:15:25,274:INFO:------------------------------------------------------------------------------------------------
2020-06-28 15:15:34,179:INFO:------------------------------------------------------------------------------------------------
2020-06-28 15:20:30,835:INFO:------------------------------------------------------------------------------------------------
2020-06-28 15:20:54,778:INFO:ДУГААРАА СОНГОЖ БУЙ ХЭСЭГ
2020-06-28 15:20:54,778:INFO:2
2020-06-28 15:24:11,892:INFO:ДУГААРАА СОНГОЖ БУЙ ХЭСЭГ
2020-06-28 15:24:11,893:INFO:2
2020-06-28 15:24:54,791:INFO:ДУГААРЫН ҮНЭ
2020-06-28 15:24:54,794:INFO:5000
2020-06-28 15:26:15,650:INFO:ДУГААРЫН ZAHIALGA
2020-06-28 15:28:15,796:INFO:------------------------------------------------------------------------------------------------
2020-06-28 15:34:35,979:INFO:------------------------------------------------------------------------------------------------
2020-06-28 15:42:04,813:INFO:------------------------------------------------------------------------------------------------
2020-06-28 15:48:57,226:INFO:ДУГААРАА СОНГОЖ БУЙ ХЭСЭГ
2020-06-28 15:48:57,226:INFO:2
2020-06-28 15:49:24,634:INFO:ДУГААРЫН ҮНЭ
2020-06-28 15:49:24,637:INFO:5000
2020-06-28 15:49:26,035:INFO:------------------------------------------------------------------------------------------------
2020-06-28 15:49:28,584:INFO:ДУГААРАА СОНГОЖ БУЙ ХЭСЭГ
2020-06-28 15:49:28,584:INFO:2
2020-06-28 15:50:53,525:INFO:------------------------------------------------------------------------------------------------
2020-06-28 15:50:54,956:INFO:ДУГААРАА СОНГОЖ БУЙ ХЭСЭГ
2020-06-28 15:50:54,957:INFO:2
2020-06-28 15:51:24,575:INFO:ДУГААРАА СОНГОЖ БУЙ ХЭСЭГ
2020-06-28 15:51:24,576:INFO:2
2020-06-28 15:51:26,722:INFO:ДУГААРАА СОНГОЖ БУЙ ХЭСЭГ
2020-06-28 15:51:26,722:INFO:2
2020-06-28 15:56:23,285:INFO:ДУГААРАА СОНГОЖ БУЙ ХЭСЭГ
2020-06-28 15:56:23,286:INFO:2
2020-06-28 15:59:09,638:INFO:ДУГААРАА СОНГОЖ БУЙ ХЭСЭГ
2020-06-28 15:59:09,638:INFO:2
2020-06-28 15:59:17,608:INFO:------------------------------------------------------------------------------------------------
2020-06-28 15:59:21,779:INFO:ДУГААРАА СОНГОЖ БУЙ ХЭСЭГ
2020-06-28 15:59:21,779:INFO:2
2020-06-28 16:00:13,678:INFO:------------------------------------------------------------------------------------------------
2020-06-28 16:02:02,889:INFO:------------------------------------------------------------------------------------------------
2020-06-28 16:04:59,837:INFO:ДУГААРАА СОНГОЖ БУЙ ХЭСЭГ
2020-06-28 16:04:59,838:INFO:2
2020-06-28 16:05:29,139:INFO:------------------------------------------------------------------------------------------------
2020-06-28 16:05:59,571:INFO:ДУГААРАА СОНГОЖ БУЙ ХЭСЭГ
2020-06-28 16:05:59,571:INFO:2
2020-06-28 16:07:02,925:INFO:ДУГААРЫН ҮНЭ
2020-06-28 16:07:02,928:INFO:5000
2020-06-28 16:08:09,877:INFO:ДУГААРЫН ҮНЭ
2020-06-28 16:08:09,880:INFO:5000
2020-06-28 16:08:35,149:INFO:ДУГААРЫН ҮНЭ
2020-06-28 16:08:35,152:INFO:5000
2020-06-28 16:09:38,246:INFO:ДУГААРЫН ZAHIALGA
2020-06-28 16:11:38,648:INFO:------------------------------------------------------------------------------------------------
2020-06-28 16:13:21,958:INFO:------------------------------------------------------------------------------------------------
2020-06-28 16:13:23,334:INFO:ДУГААРАА СОНГОЖ БУЙ ХЭСЭГ
2020-06-28 16:13:23,335:INFO:7
2020-06-28 16:15:24,382:INFO:------------------------------------------------------------------------------------------------
2020-06-28 16:15:25,350:INFO:------------------------------------------------------------------------------------------------
2020-06-28 16:19:41,456:INFO:------------------------------------------------------------------------------------------------
2020-06-28 16:19:42,715:INFO:ДУГААРАА СОНГОЖ БУЙ ХЭСЭГ
2020-06-28 16:19:42,715:INFO:7
2020-06-28 16:20:30,945:INFO:------------------------------------------------------------------------------------------------
2020-06-28 16:24:49,276:INFO:------------------------------------------------------------------------------------------------
2020-06-28 16:24:52,959:INFO:ДУГААРАА СОНГОЖ БУЙ ХЭСЭГ
2020-06-28 16:24:52,959:INFO:7
2020-06-28 16:25:14,188:INFO:ДУГААРЫН ҮНЭ
2020-06-28 16:25:14,192:INFO:5000
2020-06-28 16:25:29,769:INFO:------------------------------------------------------------------------------------------------
2020-06-28 16:25:31,025:INFO:ДУГААРАА СОНГОЖ БУЙ ХЭСЭГ
2020-06-28 16:25:31,025:INFO:2
2020-06-28 16:25:31,961:INFO:------------------------------------------------------------------------------------------------
2020-06-28 16:25:32,736:INFO:ДУГААРАА СОНГОЖ БУЙ ХЭСЭГ
2020-06-28 16:25:32,736:INFO:7
2020-06-28 16:27:16,404:INFO:ДУГААРЫН ҮНЭ
2020-06-28 16:27:16,408:INFO:10000
2020-06-28 16:28:15,951:INFO:------------------------------------------------------------------------------------------------
2020-06-28 16:29:05,225:INFO:ДУГААРАА СОНГОЖ БУЙ ХЭСЭГ
2020-06-28 16:29:05,225:INFO:2
2020-06-28 16:30:08,146:INFO:ДУГААРАА СОНГОЖ БУЙ ХЭСЭГ
2020-06-28 16:30:08,146:INFO:2
2020-06-28 16:31:48,690:INFO:------------------------------------------------------------------------------------------------
2020-06-28 16:31:49,810:INFO:ДУГААРАА СОНГОЖ БУЙ ХЭСЭГ
2020-06-28 16:31:49,811:INFO:2
2020-06-28 16:39:02,241:INFO:ДУГААРАА СОНГОЖ БУЙ ХЭСЭГ
2020-06-28 16:39:02,242:INFO:2
2020-06-28 16:39:53,100:INFO:ДУГААРЫН ҮНЭ
2020-06-28 16:39:53,102:INFO:5000
2020-06-28 16:40:38,882:INFO:ДУГААРЫН ZAHIALGA
2020-06-28 16:41:29,835:INFO:------------------------------------------------------------------------------------------------
2020-06-28 16:41:30,768:INFO:ДУГААРАА СОНГОЖ БУЙ ХЭСЭГ
2020-06-28 16:41:30,768:INFO:2
2020-06-28 16:42:04,902:INFO:------------------------------------------------------------------------------------------------
2020-06-28 16:42:30,605:INFO:ДУГААРАА СОНГОЖ БУЙ ХЭСЭГ
2020-06-28 16:42:30,605:INFO:2
2020-06-28 16:42:37,169:INFO:ДУГААРАА СОНГОЖ БУЙ ХЭСЭГ
2020-06-28 16:42:37,170:INFO:2
2020-06-28 16:42:39,032:INFO:------------------------------------------------------------------------------------------------
2020-06-28 16:42:44,163:INFO:ДУГААРАА СОНГОЖ БУЙ ХЭСЭГ
2020-06-28 16:42:44,163:INFO:2
2020-06-28 16:42:45,962:INFO:ДУГААРАА СОНГОЖ БУЙ ХЭСЭГ
2020-06-28 16:42:45,962:INFO:2
2020-06-28 16:42:51,155:INFO:ДУГААРАА СОНГОЖ БУЙ ХЭСЭГ
2020-06-28 16:42:51,155:INFO:2
2020-06-28 16:42:53,247:INFO:ДУГААРАА СОНГОЖ БУЙ ХЭСЭГ
2020-06-28 16:42:53,247:INFO:2
2020-06-28 16:43:00,985:INFO:ДУГААРАА СОНГОЖ БУЙ ХЭСЭГ
2020-06-28 16:43:00,986:INFO:2
2020-06-28 16:43:01,706:INFO:ДУГААРАА СОНГОЖ БУЙ ХЭСЭГ
2020-06-28 16:43:01,706:INFO:2
2020-06-28 16:43:36,064:INFO:ДУГААРАА СОНГОЖ БУЙ ХЭСЭГ
2020-06-28 16:43:36,064:INFO:2
2020-06-28 16:43:38,295:INFO:------------------------------------------------------------------------------------------------
2020-06-28 16:43:46,975:INFO:ДУГААРАА СОНГОЖ БУЙ ХЭСЭГ
2020-06-28 16:43:46,976:INFO:2
2020-06-28 16:43:52,431:INFO:ДУГААРАА СОНГОЖ БУЙ ХЭСЭГ
2020-06-28 16:43:52,431:INFO:2
2020-06-28 16:43:56,768:INFO:------------------------------------------------------------------------------------------------
2020-06-28 16:43:59,841:INFO:ДУГААРАА СОНГОЖ БУЙ ХЭСЭГ
2020-06-28 16:43:59,841:INFO:7
2020-06-28 16:44:05,029:INFO:------------------------------------------------------------------------------------------------
2020-06-28 16:44:11,848:INFO:ДУГААРАА СОНГОЖ БУЙ ХЭСЭГ
2020-06-28 16:44:11,848:INFO:3
2020-06-28 16:44:15,330:INFO:------------------------------------------------------------------------------------------------
2020-06-28 16:44:34,752:INFO:ДУГААРАА СОНГОЖ БУЙ ХЭСЭГ
2020-06-28 16:44:34,752:INFO:2
2020-06-28 16:44:43,239:INFO:ДУГААРАА СОНГОЖ БУЙ ХЭСЭГ
2020-06-28 16:44:43,239:INFO:2
2020-06-28 16:44:46,822:INFO:ДУГААРАА СОНГОЖ БУЙ ХЭСЭГ
2020-06-28 16:44:46,822:INFO:2
2020-06-28 16:44:50,241:INFO:ДУГААРАА СОНГОЖ БУЙ ХЭСЭГ
2020-06-28 16:44:50,242:INFO:2
2020-06-28 16:44:52,847:INFO:------------------------------------------------------------------------------------------------
2020-06-28 16:44:55,624:INFO:ДУГААРАА СОНГОЖ БУЙ ХЭСЭГ
2020-06-28 16:44:55,624:INFO:7
2020-06-28 16:45:01,255:INFO:ДУГААРАА СОНГОЖ БУЙ ХЭСЭГ
2020-06-28 16:45:01,256:INFO:7
2020-06-28 16:45:03,039:INFO:------------------------------------------------------------------------------------------------
2020-06-28 16:45:16,672:INFO:ДУГААРАА СОНГОЖ БУЙ ХЭСЭГ
2020-06-28 16:45:16,672:INFO:7
2020-06-28 16:45:20,991:INFO:------------------------------------------------------------------------------------------------
2020-06-28 16:45:23,381:INFO:ДУГААРАА СОНГОЖ БУЙ ХЭСЭГ
2020-06-28 16:45:23,381:INFO:7
2020-06-28 16:46:35,591:INFO:ДУГААРАА СОНГОЖ БУЙ ХЭСЭГ
2020-06-28 16:46:35,592:INFO:7
2020-06-28 16:46:35,841:INFO:ДУГААРАА СОНГОЖ БУЙ ХЭСЭГ
2020-06-28 16:46:35,841:INFO:7
2020-06-28 16:46:56,613:INFO:------------------------------------------------------------------------------------------------
2020-06-28 16:46:58,163:INFO:ДУГААРАА СОНГОЖ БУЙ ХЭСЭГ
2020-06-28 16:46:58,164:INFO:7
2020-06-28 16:47:17,762:INFO:ДУГААРАА СОНГОЖ БУЙ ХЭСЭГ
2020-06-28 16:47:17,763:INFO:7
2020-06-28 16:47:23,030:INFO:------------------------------------------------------------------------------------------------
2020-06-28 16:47:23,772:INFO:ДУГААРАА СОНГОЖ БУЙ ХЭСЭГ
2020-06-28 16:47:23,772:INFO:2
2020-06-28 16:48:51,738:ERROR:Internal Server Error: /getnumber
Traceback (most recent call last):
  File "/usr/local/lib/python2.7/dist-packages/django/core/handlers/exception.py", line 41, in inner
    response = get_response(request)
  File "/usr/local/lib/python2.7/dist-packages/django/core/handlers/base.py", line 187, in _get_response
    response = self.process_exception_by_middleware(e, request)
  File "/usr/local/lib/python2.7/dist-packages/django/core/handlers/base.py", line 185, in _get_response
    response = wrapped_callback(request, *callback_args, **callback_kwargs)
  File "/usr/local/lib/python2.7/dist-packages/django/views/decorators/csrf.py", line 58, in wrapped_view
    return view_func(*args, **kwargs)
  File "/usr/local/lib/python2.7/dist-packages/django/views/generic/base.py", line 68, in view
    return self.dispatch(request, *args, **kwargs)
  File "/usr/local/lib/python2.7/dist-packages/rest_framework/views.py", line 495, in dispatch
    response = self.handle_exception(exc)
  File "/usr/local/lib/python2.7/dist-packages/rest_framework/views.py", line 455, in handle_exception
    self.raise_uncaught_exception(exc)
  File "/usr/local/lib/python2.7/dist-packages/rest_framework/views.py", line 492, in dispatch
    response = handler(request, *args, **kwargs)
  File "/usr/local/lib/python2.7/dist-packages/rest_framework/decorators.py", line 55, in handler
    return func(*args, **kwargs)
  File "/home/user/nFilterNew/controller/views.py", line 206, in getNumber
    if data[1] == az:
IndexError: list index out of range
2020-06-28 16:49:13,490:INFO:ДУГААРЫН ҮНЭ
2020-06-28 16:49:13,493:INFO:10000
2020-06-28 16:49:18,362:INFO:ДУГААРЫН ҮНЭ
2020-06-28 16:49:18,364:INFO:10000
2020-06-28 16:49:44,668:INFO:ДУГААРАА СОНГОЖ БУЙ ХЭСЭГ
2020-06-28 16:49:44,668:INFO:7
2020-06-28 16:49:50,312:INFO:ДУГААРАА СОНГОЖ БУЙ ХЭСЭГ
2020-06-28 16:49:50,312:INFO:7
2020-06-28 16:49:51,454:INFO:ДУГААРАА СОНГОЖ БУЙ ХЭСЭГ
2020-06-28 16:49:51,454:INFO:7
2020-06-28 16:49:53,963:INFO:ДУГААРАА СОНГОЖ БУЙ ХЭСЭГ
2020-06-28 16:49:53,963:INFO:7
2020-06-28 16:51:39,180:INFO:------------------------------------------------------------------------------------------------
2020-06-28 16:51:40,908:INFO:ДУГААРАА СОНГОЖ БУЙ ХЭСЭГ
2020-06-28 16:51:40,908:INFO:2
2020-06-28 16:52:15,725:INFO:ДУГААРЫН ҮНЭ
2020-06-28 16:52:15,728:INFO:10000
2020-06-28 16:52:35,388:INFO:ДУГААРЫН ҮНЭ
2020-06-28 16:52:35,391:INFO:10000
2020-06-28 16:53:49,345:INFO:------------------------------------------------------------------------------------------------
2020-06-28 16:53:50,810:INFO:ДУГААРАА СОНГОЖ БУЙ ХЭСЭГ
2020-06-28 16:53:50,810:INFO:7
2020-06-28 17:00:13,791:INFO:------------------------------------------------------------------------------------------------
2020-06-28 17:05:33,794:INFO:------------------------------------------------------------------------------------------------
2020-06-28 17:07:25,756:ERROR:Internal Server Error: /getnumber
Traceback (most recent call last):
  File "/usr/local/lib/python2.7/dist-packages/django/core/handlers/exception.py", line 41, in inner
    response = get_response(request)
  File "/usr/local/lib/python2.7/dist-packages/django/core/handlers/base.py", line 187, in _get_response
    response = self.process_exception_by_middleware(e, request)
  File "/usr/local/lib/python2.7/dist-packages/django/core/handlers/base.py", line 185, in _get_response
    response = wrapped_callback(request, *callback_args, **callback_kwargs)
  File "/usr/local/lib/python2.7/dist-packages/django/views/decorators/csrf.py", line 58, in wrapped_view
    return view_func(*args, **kwargs)
  File "/usr/local/lib/python2.7/dist-packages/django/views/generic/base.py", line 68, in view
    return self.dispatch(request, *args, **kwargs)
  File "/usr/local/lib/python2.7/dist-packages/rest_framework/views.py", line 495, in dispatch
    response = self.handle_exception(exc)
  File "/usr/local/lib/python2.7/dist-packages/rest_framework/views.py", line 455, in handle_exception
    self.raise_uncaught_exception(exc)
  File "/usr/local/lib/python2.7/dist-packages/rest_framework/views.py", line 492, in dispatch
    response = handler(request, *args, **kwargs)
  File "/usr/local/lib/python2.7/dist-packages/rest_framework/decorators.py", line 55, in handler
    return func(*args, **kwargs)
  File "/home/user/nFilterNew/controller/views.py", line 206, in getNumber
    if data[1] == az:
IndexError: list index out of range
2020-06-28 17:12:30,981:INFO:ДУГААРАА СОНГОЖ БУЙ ХЭСЭГ
2020-06-28 17:12:30,982:INFO:7
2020-06-28 17:12:31,484:INFO:------------------------------------------------------------------------------------------------
2020-06-28 17:12:32,842:INFO:ДУГААРАА СОНГОЖ БУЙ ХЭСЭГ
2020-06-28 17:12:32,842:INFO:2
2020-06-28 17:12:33,793:INFO:ДУГААРАА СОНГОЖ БУЙ ХЭСЭГ
2020-06-28 17:12:33,793:INFO:2
2020-06-28 17:12:35,881:INFO:ДУГААРАА СОНГОЖ БУЙ ХЭСЭГ
2020-06-28 17:12:35,881:INFO:2
2020-06-28 17:15:24,491:INFO:------------------------------------------------------------------------------------------------
2020-06-28 17:15:25,473:INFO:------------------------------------------------------------------------------------------------
2020-06-28 17:20:31,028:INFO:------------------------------------------------------------------------------------------------
2020-06-28 17:27:14,213:INFO:------------------------------------------------------------------------------------------------
2020-06-28 17:27:20,418:INFO:ДУГААРАА СОНГОЖ БУЙ ХЭСЭГ
2020-06-28 17:27:20,418:INFO:2
2020-06-28 17:27:20,812:WARNING:Not Found: /favicon.ico
2020-06-28 17:27:41,687:INFO:ДУГААРЫН ҮНЭ
2020-06-28 17:27:41,691:INFO:5000
2020-06-28 17:30:26,511:INFO:ДУГААРЫН ҮНЭ
2020-06-28 17:30:26,515:INFO:5000
2020-06-28 17:30:45,969:INFO:ДУГААРЫН ҮНЭ
2020-06-28 17:30:45,972:INFO:5000
2020-06-28 17:42:04,983:INFO:------------------------------------------------------------------------------------------------
2020-06-28 17:42:39,225:INFO:------------------------------------------------------------------------------------------------
2020-06-28 17:51:06,240:INFO:ДУГААРЫН ҮНЭ
2020-06-28 17:51:06,243:INFO:5000
2020-06-28 17:54:47,855:INFO:ДУГААРАА СОНГОЖ БУЙ ХЭСЭГ
2020-06-28 17:54:47,856:INFO:2
2020-06-28 17:54:48,937:INFO:------------------------------------------------------------------------------------------------
2020-06-28 17:56:01,722:INFO:ДУГААРЫН ҮНЭ
2020-06-28 17:56:01,724:INFO:5000
2020-06-28 18:00:13,903:INFO:------------------------------------------------------------------------------------------------
2020-06-28 18:05:38,399:INFO:------------------------------------------------------------------------------------------------
2020-06-28 18:10:32,399:INFO:ДУГААРАА СОНГОЖ БУЙ ХЭСЭГ
2020-06-28 18:10:32,399:INFO:2
2020-06-28 18:15:24,595:INFO:------------------------------------------------------------------------------------------------
2020-06-28 18:15:25,571:INFO:------------------------------------------------------------------------------------------------
2020-06-28 18:17:06,449:INFO:ДУГААРАА СОНГОЖ БУЙ ХЭСЭГ
2020-06-28 18:17:06,450:INFO:2
2020-06-28 18:18:48,050:INFO:------------------------------------------------------------------------------------------------
2020-06-28 18:18:49,565:INFO:ДУГААРАА СОНГОЖ БУЙ ХЭСЭГ
2020-06-28 18:18:49,565:INFO:2
2020-06-28 18:18:54,281:INFO:ДУГААРАА СОНГОЖ БУЙ ХЭСЭГ
2020-06-28 18:18:54,281:INFO:2
2020-06-28 18:20:31,845:INFO:------------------------------------------------------------------------------------------------
2020-06-28 18:21:30,544:ERROR:Internal Server Error: /getnumber
Traceback (most recent call last):
  File "/usr/local/lib/python2.7/dist-packages/django/core/handlers/exception.py", line 41, in inner
    response = get_response(request)
  File "/usr/local/lib/python2.7/dist-packages/django/core/handlers/base.py", line 187, in _get_response
    response = self.process_exception_by_middleware(e, request)
  File "/usr/local/lib/python2.7/dist-packages/django/core/handlers/base.py", line 185, in _get_response
    response = wrapped_callback(request, *callback_args, **callback_kwargs)
  File "/usr/local/lib/python2.7/dist-packages/django/views/decorators/csrf.py", line 58, in wrapped_view
    return view_func(*args, **kwargs)
  File "/usr/local/lib/python2.7/dist-packages/django/views/generic/base.py", line 68, in view
    return self.dispatch(request, *args, **kwargs)
  File "/usr/local/lib/python2.7/dist-packages/rest_framework/views.py", line 495, in dispatch
    response = self.handle_exception(exc)
  File "/usr/local/lib/python2.7/dist-packages/rest_framework/views.py", line 455, in handle_exception
    self.raise_uncaught_exception(exc)
  File "/usr/local/lib/python2.7/dist-packages/rest_framework/views.py", line 492, in dispatch
    response = handler(request, *args, **kwargs)
  File "/usr/local/lib/python2.7/dist-packages/rest_framework/decorators.py", line 55, in handler
    return func(*args, **kwargs)
  File "/home/user/nFilterNew/controller/views.py", line 206, in getNumber
    if data[1] == az:
IndexError: list index out of range
2020-06-28 18:21:30,797:INFO:ДУГААРАА СОНГОЖ БУЙ ХЭСЭГ
2020-06-28 18:21:30,798:INFO:2
2020-06-28 18:21:36,849:INFO:ДУГААРАА СОНГОЖ БУЙ ХЭСЭГ
2020-06-28 18:21:36,849:INFO:2
2020-06-28 18:23:11,197:INFO:ДУГААРЫН ҮНЭ
2020-06-28 18:23:11,200:INFO:5000
2020-06-28 18:23:20,675:INFO:ДУГААРЫН ҮНЭ
2020-06-28 18:23:20,679:INFO:5000
2020-06-28 18:23:36,956:INFO:ДУГААРЫН ҮНЭ
2020-06-28 18:23:36,958:INFO:5000
2020-06-28 18:42:05,048:INFO:------------------------------------------------------------------------------------------------
2020-06-28 18:50:03,667:INFO:------------------------------------------------------------------------------------------------
2020-06-28 19:00:14,005:INFO:------------------------------------------------------------------------------------------------
2020-06-28 19:03:34,746:INFO:ДУГААРАА СОНГОЖ БУЙ ХЭСЭГ
2020-06-28 19:03:34,747:INFO:2
2020-06-28 19:04:57,333:INFO:ДУГААРЫН ҮНЭ
2020-06-28 19:04:57,336:INFO:5000
2020-06-28 19:05:43,034:INFO:------------------------------------------------------------------------------------------------
2020-06-28 19:09:36,281:INFO:ДУГААРЫН ҮНЭ
2020-06-28 19:09:36,284:INFO:5000
2020-06-28 19:10:13,634:INFO:ДУГААРЫН ZAHIALGA
2020-06-28 19:12:13,774:INFO:------------------------------------------------------------------------------------------------
2020-06-28 19:15:24,702:INFO:------------------------------------------------------------------------------------------------
2020-06-28 19:15:25,671:INFO:------------------------------------------------------------------------------------------------
2020-06-28 19:20:33,674:INFO:------------------------------------------------------------------------------------------------
2020-06-28 19:42:05,123:INFO:------------------------------------------------------------------------------------------------
2020-06-28 19:44:27,562:INFO:ДУГААРАА СОНГОЖ БУЙ ХЭСЭГ
2020-06-28 19:44:27,562:INFO:2
2020-06-28 19:44:29,560:INFO:ДУГААРАА СОНГОЖ БУЙ ХЭСЭГ
2020-06-28 19:44:29,561:INFO:2
2020-06-28 19:44:42,987:INFO:------------------------------------------------------------------------------------------------
2020-06-28 19:44:44,273:INFO:ДУГААРАА СОНГОЖ БУЙ ХЭСЭГ
2020-06-28 19:44:44,273:INFO:7
2020-06-28 19:44:48,137:INFO:ДУГААРАА СОНГОЖ БУЙ ХЭСЭГ
2020-06-28 19:44:48,137:INFO:7
2020-06-28 19:44:59,391:INFO:ДУГААРАА СОНГОЖ БУЙ ХЭСЭГ
2020-06-28 19:44:59,391:INFO:7
2020-06-28 19:45:08,682:INFO:ДУГААРАА СОНГОЖ БУЙ ХЭСЭГ
2020-06-28 19:45:08,682:INFO:7
2020-06-28 19:45:18,505:INFO:------------------------------------------------------------------------------------------------
2020-06-28 19:45:19,768:INFO:ДУГААРАА СОНГОЖ БУЙ ХЭСЭГ
2020-06-28 19:45:19,769:INFO:2
2020-06-28 19:45:25,528:INFO:ДУГААРАА СОНГОЖ БУЙ ХЭСЭГ
2020-06-28 19:45:25,528:INFO:2
2020-06-28 19:46:06,362:INFO:------------------------------------------------------------------------------------------------
2020-06-28 19:46:07,918:INFO:ДУГААРАА СОНГОЖ БУЙ ХЭСЭГ
2020-06-28 19:46:07,918:INFO:2
2020-06-28 19:46:12,686:INFO:ДУГААРАА СОНГОЖ БУЙ ХЭСЭГ
2020-06-28 19:46:12,686:INFO:2
2020-06-28 19:46:21,128:INFO:ДУГААРАА СОНГОЖ БУЙ ХЭСЭГ
2020-06-28 19:46:21,128:INFO:2
2020-06-28 19:46:29,877:INFO:------------------------------------------------------------------------------------------------
2020-06-28 19:46:31,021:INFO:ДУГААРАА СОНГОЖ БУЙ ХЭСЭГ
2020-06-28 19:46:31,021:INFO:7
2020-06-28 19:46:39,710:INFO:ДУГААРАА СОНГОЖ БУЙ ХЭСЭГ
2020-06-28 19:46:39,710:INFO:7
2020-06-28 19:47:04,108:INFO:ДУГААРАА СОНГОЖ БУЙ ХЭСЭГ
2020-06-28 19:47:04,108:INFO:2
2020-06-28 19:47:14,918:INFO:------------------------------------------------------------------------------------------------
2020-06-28 19:47:16,188:INFO:ДУГААРАА СОНГОЖ БУЙ ХЭСЭГ
2020-06-28 19:47:16,188:INFO:2
2020-06-28 19:47:18,221:INFO:ДУГААРАА СОНГОЖ БУЙ ХЭСЭГ
2020-06-28 19:47:18,221:INFO:2
2020-06-28 19:47:30,702:INFO:ДУГААРАА СОНГОЖ БУЙ ХЭСЭГ
2020-06-28 19:47:30,702:INFO:2
2020-06-28 19:50:03,818:INFO:------------------------------------------------------------------------------------------------
2020-06-28 20:05:47,709:INFO:------------------------------------------------------------------------------------------------
2020-06-28 20:11:21,589:INFO:------------------------------------------------------------------------------------------------
2020-06-28 20:11:22,996:INFO:ДУГААРАА СОНГОЖ БУЙ ХЭСЭГ
2020-06-28 20:11:22,996:INFO:2
2020-06-28 20:15:24,793:INFO:------------------------------------------------------------------------------------------------
2020-06-28 20:15:25,744:INFO:------------------------------------------------------------------------------------------------
2020-06-28 20:20:33,961:INFO:------------------------------------------------------------------------------------------------
2020-06-28 20:30:30,580:INFO:ДУГААРЫН ҮНЭ
2020-06-28 20:30:30,582:INFO:5000
2020-06-28 20:42:05,201:INFO:------------------------------------------------------------------------------------------------
2020-06-28 20:42:54,712:INFO:------------------------------------------------------------------------------------------------
2020-06-28 20:42:56,189:INFO:ДУГААРАА СОНГОЖ БУЙ ХЭСЭГ
2020-06-28 20:42:56,189:INFO:7
2020-06-28 20:43:00,412:INFO:------------------------------------------------------------------------------------------------
2020-06-28 20:43:01,433:INFO:ДУГААРАА СОНГОЖ БУЙ ХЭСЭГ
2020-06-28 20:43:01,433:INFO:7
2020-06-28 20:52:15,979:INFO:ДУГААРЫН ҮНЭ
2020-06-28 20:52:15,982:INFO:5000
2020-06-28 21:05:52,340:INFO:------------------------------------------------------------------------------------------------
2020-06-28 21:08:11,832:INFO:------------------------------------------------------------------------------------------------
2020-06-28 21:08:13,381:INFO:ДУГААРАА СОНГОЖ БУЙ ХЭСЭГ
2020-06-28 21:08:13,381:INFO:2
2020-06-28 21:15:24,902:INFO:------------------------------------------------------------------------------------------------
2020-06-28 21:15:25,839:INFO:------------------------------------------------------------------------------------------------
2020-06-28 21:20:34,129:INFO:------------------------------------------------------------------------------------------------
2020-06-28 21:42:05,282:INFO:------------------------------------------------------------------------------------------------
2020-06-28 22:05:57,046:INFO:------------------------------------------------------------------------------------------------
2020-06-28 22:20:34,275:INFO:------------------------------------------------------------------------------------------------
2020-06-28 22:42:05,371:INFO:------------------------------------------------------------------------------------------------
2020-06-28 23:06:01,677:INFO:------------------------------------------------------------------------------------------------
2020-06-28 23:20:34,352:INFO:------------------------------------------------------------------------------------------------
2020-06-28 23:42:05,443:INFO:------------------------------------------------------------------------------------------------
2020-06-29 00:06:06,310:INFO:------------------------------------------------------------------------------------------------
2020-06-29 00:20:34,445:INFO:------------------------------------------------------------------------------------------------
2020-06-29 00:42:05,515:INFO:------------------------------------------------------------------------------------------------
2020-06-29 01:06:10,981:INFO:------------------------------------------------------------------------------------------------
2020-06-29 01:20:34,626:INFO:------------------------------------------------------------------------------------------------
2020-06-29 01:42:05,586:INFO:------------------------------------------------------------------------------------------------
2020-06-29 02:06:15,720:INFO:------------------------------------------------------------------------------------------------
2020-06-29 02:20:34,723:INFO:------------------------------------------------------------------------------------------------
2020-06-29 02:42:05,681:INFO:------------------------------------------------------------------------------------------------
2020-06-29 03:06:20,387:INFO:------------------------------------------------------------------------------------------------
2020-06-29 03:20:34,883:INFO:------------------------------------------------------------------------------------------------
2020-06-29 03:22:36,146:WARNING:Not Found: /
2020-06-29 03:42:05,743:INFO:------------------------------------------------------------------------------------------------
2020-06-29 04:06:25,007:INFO:------------------------------------------------------------------------------------------------
2020-06-29 04:20:34,958:INFO:------------------------------------------------------------------------------------------------
2020-06-29 04:42:05,807:INFO:------------------------------------------------------------------------------------------------
2020-06-29 05:06:29,677:INFO:------------------------------------------------------------------------------------------------
2020-06-29 05:20:35,079:INFO:------------------------------------------------------------------------------------------------
2020-06-29 05:42:05,889:INFO:------------------------------------------------------------------------------------------------
2020-06-29 06:06:34,428:INFO:------------------------------------------------------------------------------------------------
2020-06-29 06:20:36,298:INFO:------------------------------------------------------------------------------------------------
