2019-06-05 16:08:55,480:INFO:----------------------------------------------------------------------------------------------------
2019-06-05 16:08:56,381:INFO:ДУГААРАА СОНГОЖ БУЙ ХЭСЭГ
2019-06-05 16:09:00,190:INFO:8*******
2019-06-05 16:09:05,756:INFO:83******
2019-06-05 16:09:08,973:INFO:831*****
2019-06-05 16:09:13,085:INFO:8312****
2019-06-05 16:18:56,578:INFO:----------------------------------------------------------------------------------------------------
2019-06-05 16:30:51,430:INFO:ДУГААРАА СОНГОЖ БУЙ ХЭСЭГ
2019-06-05 16:30:51,721:WARNING:Not Found: /favicon.ico
2019-06-05 16:30:54,874:INFO:8*******
2019-06-05 16:31:08,246:INFO:83******
2019-06-05 16:31:12,309:INFO:831*****
2019-06-05 16:31:16,851:INFO:831****5
2019-06-05 16:34:36,992:INFO:----------------------------------------------------------------------------------------------------
2019-06-05 16:34:37,908:INFO:ДУГААРАА СОНГОЖ БУЙ ХЭСЭГ
2019-06-05 16:34:41,809:INFO:8*******
2019-06-05 16:39:02,592:INFO:----------------------------------------------------------------------------------------------------
2019-06-05 16:39:03,505:INFO:ДУГААРАА СОНГОЖ БУЙ ХЭСЭГ
2019-06-05 16:39:06,743:INFO:8*******
2019-06-05 16:49:03,701:INFO:----------------------------------------------------------------------------------------------------
2019-06-05 17:49:04,257:INFO:----------------------------------------------------------------------------------------------------
2019-06-05 18:49:04,937:INFO:----------------------------------------------------------------------------------------------------
2019-06-05 19:49:05,581:INFO:----------------------------------------------------------------------------------------------------
2019-06-05 20:49:07,095:INFO:----------------------------------------------------------------------------------------------------
2019-06-05 21:49:07,678:INFO:----------------------------------------------------------------------------------------------------
2019-06-05 22:49:08,332:INFO:----------------------------------------------------------------------------------------------------
2019-06-05 23:49:08,930:INFO:----------------------------------------------------------------------------------------------------
2019-06-06 00:49:09,556:INFO:----------------------------------------------------------------------------------------------------
2019-06-06 01:49:10,220:INFO:----------------------------------------------------------------------------------------------------
2019-06-06 02:49:10,875:INFO:----------------------------------------------------------------------------------------------------
2019-06-06 03:49:11,464:INFO:----------------------------------------------------------------------------------------------------
2019-06-06 04:49:12,121:INFO:----------------------------------------------------------------------------------------------------
2019-06-06 05:49:12,654:INFO:----------------------------------------------------------------------------------------------------
2019-06-06 06:49:13,236:INFO:----------------------------------------------------------------------------------------------------
2019-06-06 07:49:14,253:INFO:----------------------------------------------------------------------------------------------------
2019-06-06 08:49:15,000:INFO:----------------------------------------------------------------------------------------------------
2019-06-06 09:49:15,994:INFO:----------------------------------------------------------------------------------------------------
2019-06-06 10:18:43,066:INFO:ДУГААРАА СОНГОЖ БУЙ ХЭСЭГ
2019-06-06 10:18:48,831:INFO:*3******
2019-06-06 10:18:57,917:INFO:83******
2019-06-06 10:19:07,369:INFO:----------------------------------------------------------------------------------------------------
2019-06-06 10:19:08,322:INFO:ДУГААРАА СОНГОЖ БУЙ ХЭСЭГ
2019-06-06 10:19:10,969:INFO:8*******
2019-06-06 10:29:08,631:INFO:----------------------------------------------------------------------------------------------------
