2019-09-17 11:18:02,851:INFO:----------------------------------------------------------------------------------------------------
2019-09-17 11:18:07,917:INFO:ДУГААРАА СОНГОЖ БУЙ ХЭСЭГ
2019-09-17 11:18:07,917:INFO:2
2019-09-17 11:18:08,062:WARNING:Not Found: /favicon.ico
2019-09-17 11:28:08,088:INFO:----------------------------------------------------------------------------------------------------
2019-09-17 11:35:12,710:INFO:ДУГААРАА СОНГОЖ БУЙ ХЭСЭГ
2019-09-17 11:35:12,710:INFO:2
2019-09-17 11:44:52,273:INFO:ДУГААРЫН ҮНЭ
2019-09-17 11:44:52,282:INFO:5000
2019-09-17 11:44:53,160:INFO:ДУГААРАА СОНГОЖ БУЙ ХЭСЭГ
2019-09-17 11:44:53,160:INFO:2
2019-09-17 11:54:53,253:INFO:----------------------------------------------------------------------------------------------------
2019-09-17 12:04:17,372:INFO:ДУГААРАА СОНГОЖ БУЙ ХЭСЭГ
2019-09-17 12:04:17,374:INFO:2
2019-09-17 12:04:17,463:WARNING:Not Found: /favicon.ico
2019-09-17 12:14:17,486:INFO:----------------------------------------------------------------------------------------------------
2019-09-17 12:22:10,539:INFO:ДУГААРАА СОНГОЖ БУЙ ХЭСЭГ
2019-09-17 12:22:10,539:INFO:2
2019-09-17 12:32:10,642:INFO:----------------------------------------------------------------------------------------------------
2019-09-17 12:37:38,819:INFO:ДУГААРАА СОНГОЖ БУЙ ХЭСЭГ
2019-09-17 12:37:38,819:INFO:2
2019-09-17 12:47:38,920:INFO:----------------------------------------------------------------------------------------------------
2019-09-17 12:48:58,272:INFO:ДУГААРАА СОНГОЖ БУЙ ХЭСЭГ
2019-09-17 12:48:58,272:INFO:2
2019-09-17 12:58:58,378:INFO:----------------------------------------------------------------------------------------------------
2019-09-17 13:08:58,815:INFO:----------------------------------------------------------------------------------------------------
2019-09-17 13:18:59,247:INFO:----------------------------------------------------------------------------------------------------
2019-09-17 13:28:59,703:INFO:----------------------------------------------------------------------------------------------------
2019-09-17 13:39:00,473:INFO:----------------------------------------------------------------------------------------------------
2019-09-17 13:49:00,926:INFO:----------------------------------------------------------------------------------------------------
2019-09-17 13:59:01,463:INFO:----------------------------------------------------------------------------------------------------
2019-09-17 14:09:01,990:INFO:----------------------------------------------------------------------------------------------------
2019-09-17 14:19:02,548:INFO:----------------------------------------------------------------------------------------------------
2019-09-17 14:29:03,107:INFO:----------------------------------------------------------------------------------------------------
2019-09-17 14:30:51,187:INFO:ДУГААРАА СОНГОЖ БУЙ ХЭСЭГ
2019-09-17 14:30:51,187:INFO:2
2019-09-17 14:40:51,342:INFO:----------------------------------------------------------------------------------------------------
2019-09-17 14:41:39,299:INFO:ДУГААРАА СОНГОЖ БУЙ ХЭСЭГ
2019-09-17 14:41:39,299:INFO:2
2019-09-17 14:46:58,924:INFO:ДУГААРАА СОНГОЖ БУЙ ХЭСЭГ
2019-09-17 14:46:58,924:INFO:2
2019-09-17 14:46:59,717:WARNING:Not Found: /favicon.ico
2019-09-17 14:47:08,645:INFO:98001006:6|98001012:6|98001014:6|98001015:6|98001017:6|98001023:6|98001024:6|98001026:6|98001028:6|98001029:6|98001030:6|98001031:6|98001032:6|98001033:6|98001037:6|98001040:6|98001041:6|98001042:6|98001043:6|98001045:6|98001046:6|98001047:6|98001048:6|98001049:6|98001050:6|98001051:6|98001052:6|98001053:6|98001054:6
2019-09-17 14:54:24,934:ERROR:Internal Server Error: /getnumber
Traceback (most recent call last):
  File "C:\Python27\lib\site-packages\django\core\handlers\exception.py", line 41, in inner
    response = get_response(request)
  File "C:\Python27\lib\site-packages\django\core\handlers\base.py", line 187, in _get_response
    response = self.process_exception_by_middleware(e, request)
  File "C:\Python27\lib\site-packages\django\core\handlers\base.py", line 185, in _get_response
    response = wrapped_callback(request, *callback_args, **callback_kwargs)
  File "C:\Python27\lib\site-packages\django\views\decorators\csrf.py", line 58, in wrapped_view
    return view_func(*args, **kwargs)
  File "C:\Python27\lib\site-packages\django\views\generic\base.py", line 68, in view
    return self.dispatch(request, *args, **kwargs)
  File "C:\Python27\lib\site-packages\rest_framework\views.py", line 489, in dispatch
    response = self.handle_exception(exc)
  File "C:\Python27\lib\site-packages\rest_framework\views.py", line 449, in handle_exception
    self.raise_uncaught_exception(exc)
  File "C:\Python27\lib\site-packages\rest_framework\views.py", line 486, in dispatch
    response = handler(request, *args, **kwargs)
  File "C:\Python27\lib\site-packages\rest_framework\decorators.py", line 52, in handler
    return func(*args, **kwargs)
  File "D:\nFilterNew\controller\views.py", line 173, in getNumber
    start[2] = 1
TypeError: 'unicode' object does not support item assignment
2019-09-17 14:54:27,010:INFO:ДУГААРАА СОНГОЖ БУЙ ХЭСЭГ
2019-09-17 14:54:27,010:INFO:2
2019-09-17 14:54:28,635:ERROR:Internal Server Error: /getnumber
Traceback (most recent call last):
  File "C:\Python27\lib\site-packages\django\core\handlers\exception.py", line 41, in inner
    response = get_response(request)
  File "C:\Python27\lib\site-packages\django\core\handlers\base.py", line 187, in _get_response
    response = self.process_exception_by_middleware(e, request)
  File "C:\Python27\lib\site-packages\django\core\handlers\base.py", line 185, in _get_response
    response = wrapped_callback(request, *callback_args, **callback_kwargs)
  File "C:\Python27\lib\site-packages\django\views\decorators\csrf.py", line 58, in wrapped_view
    return view_func(*args, **kwargs)
  File "C:\Python27\lib\site-packages\django\views\generic\base.py", line 68, in view
    return self.dispatch(request, *args, **kwargs)
  File "C:\Python27\lib\site-packages\rest_framework\views.py", line 489, in dispatch
    response = self.handle_exception(exc)
  File "C:\Python27\lib\site-packages\rest_framework\views.py", line 449, in handle_exception
    self.raise_uncaught_exception(exc)
  File "C:\Python27\lib\site-packages\rest_framework\views.py", line 486, in dispatch
    response = handler(request, *args, **kwargs)
  File "C:\Python27\lib\site-packages\rest_framework\decorators.py", line 52, in handler
    return func(*args, **kwargs)
  File "D:\nFilterNew\controller\views.py", line 173, in getNumber
    start[2] = 1
TypeError: 'unicode' object does not support item assignment
2019-09-17 14:59:17,658:INFO:ДУГААРАА СОНГОЖ БУЙ ХЭСЭГ
2019-09-17 14:59:17,658:INFO:2
2019-09-17 14:59:21,171:INFO:98001006:6|98001012:6|98001014:6|98001015:6|98001017:6|98001023:6|98001024:6|98001026:6|98001028:6|98001029:6|98001030:6|98001031:6|98001032:6|98001033:6|98001037:6|98001040:6|98001041:6|98001042:6|98001043:6|98001045:6|98001046:6|98001047:6|98001048:6|98001049:6|98001050:6|98001051:6|98001052:6|98001053:6|98001054:6
2019-09-17 15:00:56,885:INFO:ДУГААРАА СОНГОЖ БУЙ ХЭСЭГ
2019-09-17 15:00:56,885:INFO:2
2019-09-17 15:01:01,099:INFO:98001006:6|98001012:6|98001014:6|98001015:6|98001017:6|98001023:6|98001024:6|98001026:6|98001028:6|98001029:6|98001030:6|98001031:6|98001032:6|98001033:6|98001037:6|98001040:6|98001041:6|98001042:6|98001043:6|98001045:6|98001046:6|98001047:6|98001048:6|98001049:6|98001050:6|98001051:6|98001052:6|98001053:6|98001054:6
2019-09-17 15:03:25,667:INFO:ДУГААРАА СОНГОЖ БУЙ ХЭСЭГ
2019-09-17 15:03:25,667:INFO:2
2019-09-17 15:03:27,808:INFO:98001006:6|98001012:6|98001014:6|98001015:6|98001017:6|98001023:6|98001024:6|98001026:6|98001028:6|98001029:6|98001030:6|98001031:6|98001032:6|98001033:6|98001037:6|98001040:6|98001041:6|98001042:6|98001043:6|98001045:6|98001046:6|98001047:6|98001048:6|98001049:6|98001050:6|98001051:6|98001052:6|98001053:6|98001054:6
2019-09-17 15:13:26,296:INFO:----------------------------------------------------------------------------------------------------
2019-09-17 15:21:40,374:INFO:ДУГААРАА СОНГОЖ БУЙ ХЭСЭГ
2019-09-17 15:21:40,374:INFO:2
2019-09-17 15:21:44,891:INFO:98001006:6|98001012:6|98001014:6|98001015:6|98001017:6|98001023:6|98001024:6|98001026:6|98001028:6|98001029:6|98001030:6|98001031:6|98001032:6|98001033:6|98001037:6|98001040:6|98001041:6|98001042:6|98001043:6|98001045:6|98001046:6|98001047:6|98001048:6|98001049:6|98001050:6|98001051:6|98001052:6|98001053:6|98001054:6
2019-09-17 15:30:18,022:INFO:ДУГААРАА СОНГОЖ БУЙ ХЭСЭГ
2019-09-17 15:30:18,022:INFO:2
2019-09-17 15:30:24,601:INFO:98121590:6|98121597:6|98121625:6|98121731:6|98121736:6|98121738:6|98121753:6|98121853:6|98121857:6|98121876:6|98121892:6|98121926:6|98121961:6|98121971:6|98121994:6
2019-09-17 15:40:18,539:INFO:----------------------------------------------------------------------------------------------------
2019-09-17 15:45:47,292:INFO:ДУГААРАА СОНГОЖ БУЙ ХЭСЭГ
2019-09-17 15:45:47,292:INFO:2
2019-09-17 15:45:52,651:INFO:98101152:6|98101158:6|98101207:6|98101241:6|98101289:6|98101308:6|98101328:6|98101329:6|98101336:6|98101341:6|98101359:6|98101372:6|98101375:6|98101386:6|98101387:6|98101397:6|98101405:6|98101419:6|98101439:6|98101450:6|98101488:6|98101494:6|98101537:6|98101538:6|98101541:6|98101552:6|98101579:6|98101601:6|98101602:6
2019-09-17 15:46:14,385:INFO:98100013:6|98100019:6|98100024:6|98100025:6|98100027:6|98100031:6|98100032:6|98100034:6|98100036:6|98100037:6|98100042:6|98100043:6|98100045:6|98100046:6|98100047:6|98100051:6|98100052:6|98100053:6|98100054:6|98100056:6|98100057:6|98100058:6|98100059:6|98100061:6|98100062:6|98100063:6|98100064:6|98100067:6|98100071:6
2019-09-17 15:48:14,822:INFO:ДУГААРАА СОНГОЖ БУЙ ХЭСЭГ
2019-09-17 15:48:14,822:INFO:2
2019-09-17 15:48:21,299:INFO:98000115:6|98000134:6|98000135:6|98000139:6|98000143:6|98000146:6|98000147:6|98000149:6|98000152:6|98000154:6|98000162:6|98000163:6|98000164:6|98000165:6|98000166:6|98000167:6|98000169:6|98000170:6|98000172:6|98000173:6|98000174:6|98000175:6|98000176:6|98000178:6|98000182:6|98000184:6|98000186:6|98000187:6|98000194:6
2019-09-17 15:58:15,252:INFO:----------------------------------------------------------------------------------------------------
2019-09-17 16:02:29,056:INFO:ДУГААРАА СОНГОЖ БУЙ ХЭСЭГ
2019-09-17 16:02:29,056:INFO:2
2019-09-17 16:05:06,565:INFO:----------------------------------------------------------------------------------------------------
2019-09-17 16:05:07,397:INFO:ДУГААРАА СОНГОЖ БУЙ ХЭСЭГ
2019-09-17 16:05:07,397:INFO:7
2019-09-17 16:05:18,904:INFO:98000115:6|98000134:6|98000135:6|98000139:6|98000143:6|98000146:6|98000147:6|98000149:6|98000152:6|98000154:6|98000162:6|98000163:6|98000164:6|98000165:6|98000167:6|98000169:6|98000170:6|98000172:6|98000173:6|98000174:6|98000175:6|98000176:6|98000178:6|98000182:6|98000184:6|98000186:6|98000187:6|98000194:6|98000223:6
2019-09-17 16:05:32,046:INFO:98000115:6|98000134:6|98000135:6|98000139:6|98000143:6|98000146:6|98000147:6|98000149:6|98000152:6|98000154:6|98000162:6|98000163:6|98000164:6|98000165:6|98000167:6|98000169:6|98000170:6|98000172:6|98000173:6|98000174:6|98000175:6|98000176:6|98000178:6|98000182:6|98000184:6|98000186:6|98000187:6|98000194:6|98000223:6
2019-09-17 16:06:38,480:INFO:98001006:6|98001012:6|98001014:6|98001015:6|98001017:6|98001023:6|98001024:6|98001026:6|98001028:6|98001029:6|98001030:6|98001031:6|98001032:6|98001033:6|98001037:6|98001040:6|98001041:6|98001042:6|98001043:6|98001045:6|98001046:6|98001047:6|98001048:6|98001049:6|98001050:6|98001051:6|98001052:6|98001053:6|98001054:6
2019-09-17 16:07:04,607:INFO:98101152:6|98101158:6|98101207:6|98101241:6|98101289:6|98101308:6|98101328:6|98101329:6|98101336:6|98101341:6|98101359:6|98101372:6|98101375:6|98101386:6|98101387:6|98101397:6|98101405:6|98101419:6|98101439:6|98101450:6|98101488:6|98101494:6|98101537:6|98101538:6|98101541:6|98101552:6|98101579:6|98101601:6|98101602:6
2019-09-17 16:07:15,686:INFO:98101152:6|98101158:6|98101207:6|98101241:6|98101289:6|98101308:6|98101328:6|98101329:6|98101336:6|98101341:6|98101359:6|98101372:6|98101375:6|98101386:6|98101387:6|98101397:6|98101405:6|98101419:6|98101439:6|98101450:6|98101488:6|98101494:6|98101537:6|98101538:6|98101541:6|98101552:6|98101579:6|98101601:6|98101602:6
2019-09-17 16:07:36,364:INFO:-1
2019-09-17 16:07:43,561:INFO:98101372:6|98101375:6|98101579:6|98101670:6|98101671:6|98101672:6|98101673:6|98101674:6|98101675:6|98101676:6|98101677:6|98101678:6|98101679:6|98101770:6|98101771:9|98101772:6|98101773:6|98101774:6|98101775:6|98101776:6|98101777:6|98101778:6|98101779:6|98101870:6|98101871:6|98101872:6|98101873:6|98101874:6|98101875:6
2019-09-17 16:08:36,355:INFO:98001071:6|98001072:6|98001073:6|98001074:6|98001075:6|98001076:6|98001077:6|98001078:6|98001079:6|98001170:6|98001171:6|98001172:6|98001174:6|98001175:6|98001176:6|98001178:6|98001179:6|98001270:6|98001271:6|98001272:6|98001273:6|98001274:6|98001275:6|98001276:6|98001277:6|98001278:6|98001279:6|98001370:6|98001371:6
2019-09-17 16:09:01,236:INFO:98011070:6|98011071:6|98011072:6|98011073:6|98011074:6|98011075:6|98011076:6|98011077:6|98011078:6|98011079:6|98011170:6|98011172:6|98011173:6|98011174:6|98011175:6|98011176:6|98011771:9
2019-09-17 16:09:05,974:INFO:98011070:6|98011071:6|98011072:6|98011073:6|98011074:6|98011075:6|98011076:6|98011077:6|98011078:6|98011079:6
2019-09-17 16:09:28,605:INFO:97011070:6|97011071:6|97011072:6|97011073:6|97011074:6|97011075:6|97011076:6|97011077:6|97011078:6|97011079:6
2019-09-17 16:09:33,301:INFO:93011070:6|93011071:6|93011072:6|93011075:6|93011076:6|93011077:6|93011078:6|93011079:6
2019-09-17 16:09:39,242:INFO:83011070:6|83011071:6|83011072:6|83011073:6|83011074:6|83011075:6|83011076:6|83011077:6|83011078:6|83011079:6
2019-09-17 16:09:46,703:INFO:83101070:6|83101071:6|83101072:6|83101073:6|83101074:6|83101075:6|83101076:6|83101077:6|83101078:6|83101079:6
2019-09-17 16:09:52,836:INFO:93101070:6|93101071:6|93101072:6|93101073:6|93101074:6|93101075:6|93101076:6|93101077:6|93101078:6|93101079:6
2019-09-17 16:09:57,437:INFO:97101071:6|97101072:6|97101073:6|97101074:6|97101075:6|97101076:6|97101078:6
2019-09-17 16:10:05,013:INFO:-1
2019-09-17 16:10:14,852:INFO:97101071:6|97101072:6|97101073:6|97101074:6|97101075:6|97101076:6|97101078:6
2019-09-17 16:15:07,484:INFO:----------------------------------------------------------------------------------------------------
2019-09-17 16:25:07,944:INFO:----------------------------------------------------------------------------------------------------
2019-09-17 16:35:08,411:INFO:----------------------------------------------------------------------------------------------------
2019-09-17 16:45:08,878:INFO:----------------------------------------------------------------------------------------------------
2019-09-17 16:55:09,375:INFO:----------------------------------------------------------------------------------------------------
2019-09-17 17:05:09,973:INFO:----------------------------------------------------------------------------------------------------
2019-09-17 17:15:10,467:INFO:----------------------------------------------------------------------------------------------------
2019-09-17 17:25:11,006:INFO:----------------------------------------------------------------------------------------------------
2019-09-17 17:35:11,493:INFO:----------------------------------------------------------------------------------------------------
2019-09-17 17:45:11,947:INFO:----------------------------------------------------------------------------------------------------
2019-09-17 17:55:12,394:INFO:----------------------------------------------------------------------------------------------------
2019-09-17 18:05:12,828:INFO:----------------------------------------------------------------------------------------------------
2019-09-17 18:15:13,293:INFO:----------------------------------------------------------------------------------------------------
2019-09-17 18:25:13,760:INFO:----------------------------------------------------------------------------------------------------
2019-09-17 18:35:14,322:INFO:----------------------------------------------------------------------------------------------------
2019-09-17 18:45:14,910:INFO:----------------------------------------------------------------------------------------------------
2019-09-17 18:55:15,492:INFO:----------------------------------------------------------------------------------------------------
2019-09-17 19:05:16,039:INFO:----------------------------------------------------------------------------------------------------
2019-09-17 19:15:16,582:INFO:----------------------------------------------------------------------------------------------------
2019-09-17 19:25:17,049:INFO:----------------------------------------------------------------------------------------------------
2019-09-17 19:35:17,512:INFO:----------------------------------------------------------------------------------------------------
2019-09-17 19:45:17,969:INFO:----------------------------------------------------------------------------------------------------
2019-09-17 19:55:18,433:INFO:----------------------------------------------------------------------------------------------------
2019-09-17 20:05:18,895:INFO:----------------------------------------------------------------------------------------------------
2019-09-17 20:15:19,443:INFO:----------------------------------------------------------------------------------------------------
2019-09-17 20:25:20,006:INFO:----------------------------------------------------------------------------------------------------
2019-09-17 20:35:20,470:INFO:----------------------------------------------------------------------------------------------------
2019-09-17 20:45:20,934:INFO:----------------------------------------------------------------------------------------------------
2019-09-17 20:55:21,420:INFO:----------------------------------------------------------------------------------------------------
2019-09-17 21:05:21,890:INFO:----------------------------------------------------------------------------------------------------
2019-09-17 21:15:22,480:INFO:----------------------------------------------------------------------------------------------------
2019-09-17 21:25:23,042:INFO:----------------------------------------------------------------------------------------------------
2019-09-17 21:35:23,588:INFO:----------------------------------------------------------------------------------------------------
2019-09-17 21:45:24,138:INFO:----------------------------------------------------------------------------------------------------
2019-09-17 21:55:24,612:INFO:----------------------------------------------------------------------------------------------------
2019-09-17 22:05:25,062:INFO:----------------------------------------------------------------------------------------------------
2019-09-17 22:15:25,520:INFO:----------------------------------------------------------------------------------------------------
2019-09-17 22:25:26,003:INFO:----------------------------------------------------------------------------------------------------
2019-09-17 22:35:26,500:INFO:----------------------------------------------------------------------------------------------------
2019-09-17 22:45:26,977:INFO:----------------------------------------------------------------------------------------------------
2019-09-17 22:55:27,503:INFO:----------------------------------------------------------------------------------------------------
2019-09-17 23:05:28,078:INFO:----------------------------------------------------------------------------------------------------
2019-09-17 23:15:28,684:INFO:----------------------------------------------------------------------------------------------------
2019-09-17 23:25:29,263:INFO:----------------------------------------------------------------------------------------------------
2019-09-17 23:35:29,732:INFO:----------------------------------------------------------------------------------------------------
2019-09-17 23:45:30,240:INFO:----------------------------------------------------------------------------------------------------
2019-09-17 23:55:30,762:INFO:----------------------------------------------------------------------------------------------------
2019-09-18 00:05:31,293:INFO:----------------------------------------------------------------------------------------------------
2019-09-18 00:15:31,851:INFO:----------------------------------------------------------------------------------------------------
2019-09-18 00:25:32,328:INFO:----------------------------------------------------------------------------------------------------
2019-09-18 00:35:32,783:INFO:----------------------------------------------------------------------------------------------------
2019-09-18 00:45:33,260:INFO:----------------------------------------------------------------------------------------------------
2019-09-18 00:55:33,723:INFO:----------------------------------------------------------------------------------------------------
2019-09-18 01:05:34,342:INFO:----------------------------------------------------------------------------------------------------
2019-09-18 01:15:34,835:INFO:----------------------------------------------------------------------------------------------------
2019-09-18 01:25:35,298:INFO:----------------------------------------------------------------------------------------------------
2019-09-18 01:35:35,796:INFO:----------------------------------------------------------------------------------------------------
2019-09-18 01:45:36,371:INFO:----------------------------------------------------------------------------------------------------
2019-09-18 01:55:36,904:INFO:----------------------------------------------------------------------------------------------------
2019-09-18 02:05:37,444:INFO:----------------------------------------------------------------------------------------------------
2019-09-18 02:15:38,000:INFO:----------------------------------------------------------------------------------------------------
2019-09-18 02:25:38,562:INFO:----------------------------------------------------------------------------------------------------
2019-09-18 02:35:39,035:INFO:----------------------------------------------------------------------------------------------------
2019-09-18 02:45:39,505:INFO:----------------------------------------------------------------------------------------------------
2019-09-18 02:55:39,970:INFO:----------------------------------------------------------------------------------------------------
2019-09-18 03:05:40,433:INFO:----------------------------------------------------------------------------------------------------
2019-09-18 03:15:40,898:INFO:----------------------------------------------------------------------------------------------------
2019-09-18 03:25:41,470:INFO:----------------------------------------------------------------------------------------------------
2019-09-18 03:35:41,944:INFO:----------------------------------------------------------------------------------------------------
2019-09-18 03:45:42,401:INFO:----------------------------------------------------------------------------------------------------
2019-09-18 03:55:42,868:INFO:----------------------------------------------------------------------------------------------------
2019-09-18 04:05:43,326:INFO:----------------------------------------------------------------------------------------------------
2019-09-18 04:15:43,783:INFO:----------------------------------------------------------------------------------------------------
2019-09-18 04:25:44,253:INFO:----------------------------------------------------------------------------------------------------
2019-09-18 04:35:44,792:INFO:----------------------------------------------------------------------------------------------------
2019-09-18 04:45:45,243:INFO:----------------------------------------------------------------------------------------------------
2019-09-18 04:55:45,795:INFO:----------------------------------------------------------------------------------------------------
2019-09-18 05:05:46,346:INFO:----------------------------------------------------------------------------------------------------
2019-09-18 05:15:46,977:INFO:----------------------------------------------------------------------------------------------------
2019-09-18 05:25:47,558:INFO:----------------------------------------------------------------------------------------------------
2019-09-18 05:35:48,155:INFO:----------------------------------------------------------------------------------------------------
2019-09-18 05:45:48,707:INFO:----------------------------------------------------------------------------------------------------
2019-09-18 05:55:49,243:INFO:----------------------------------------------------------------------------------------------------
2019-09-18 06:05:49,704:INFO:----------------------------------------------------------------------------------------------------
2019-09-18 06:15:50,191:INFO:----------------------------------------------------------------------------------------------------
2019-09-18 06:25:50,664:INFO:----------------------------------------------------------------------------------------------------
2019-09-18 06:35:51,125:INFO:----------------------------------------------------------------------------------------------------
2019-09-18 06:45:51,582:INFO:----------------------------------------------------------------------------------------------------
2019-09-18 06:55:52,053:INFO:----------------------------------------------------------------------------------------------------
2019-09-18 07:05:52,515:INFO:----------------------------------------------------------------------------------------------------
2019-09-18 07:15:52,980:INFO:----------------------------------------------------------------------------------------------------
2019-09-18 07:25:53,548:INFO:----------------------------------------------------------------------------------------------------
2019-09-18 07:35:54,085:INFO:----------------------------------------------------------------------------------------------------
2019-09-18 07:45:54,642:INFO:----------------------------------------------------------------------------------------------------
2019-09-18 07:55:55,213:INFO:----------------------------------------------------------------------------------------------------
2019-09-18 08:05:55,778:INFO:----------------------------------------------------------------------------------------------------
2019-09-18 08:15:56,256:INFO:----------------------------------------------------------------------------------------------------
2019-09-18 08:25:56,733:INFO:----------------------------------------------------------------------------------------------------
2019-09-18 08:35:57,220:INFO:----------------------------------------------------------------------------------------------------
2019-09-18 08:45:57,707:INFO:----------------------------------------------------------------------------------------------------
2019-09-18 08:55:58,263:INFO:----------------------------------------------------------------------------------------------------
2019-09-18 09:05:58,779:INFO:----------------------------------------------------------------------------------------------------
2019-09-18 09:15:59,250:INFO:----------------------------------------------------------------------------------------------------
2019-09-18 09:25:59,723:INFO:----------------------------------------------------------------------------------------------------
2019-09-18 09:36:00,190:INFO:----------------------------------------------------------------------------------------------------
2019-09-18 09:46:00,642:INFO:----------------------------------------------------------------------------------------------------
2019-09-18 09:56:01,447:INFO:----------------------------------------------------------------------------------------------------
2019-09-18 10:06:02,042:INFO:----------------------------------------------------------------------------------------------------
2019-09-18 10:16:02,588:INFO:----------------------------------------------------------------------------------------------------
2019-09-18 10:21:43,538:INFO:ДУГААРАА СОНГОЖ БУЙ ХЭСЭГ
2019-09-18 10:21:43,538:INFO:2
2019-09-18 10:31:43,676:INFO:----------------------------------------------------------------------------------------------------
2019-09-18 10:38:32,345:INFO:ДУГААРАА СОНГОЖ БУЙ ХЭСЭГ
2019-09-18 10:38:32,345:INFO:2
2019-09-18 10:38:32,454:WARNING:Not Found: /favicon.ico
2019-09-18 10:38:35,236:INFO:98000115:6|98000119:6|98000134:6|98000135:6|98000139:6|98000143:6|98000146:6|98000147:6|98000149:6|98000152:6|98000154:6|98000162:6|98000163:6|98000164:6|98000165:6|98000167:6|98000169:6|98000170:6|98000172:6|98000173:6|98000174:6|98000175:6|98000176:6|98000178:6|98000182:6|98000184:6|98000186:6|98000187:6|98000194:6
