2020-01-24 09:27:39,134:INFO:----------------------------------------------------------------------------------------------------
2020-01-24 10:21:16,887:INFO:----------------------------------------------------------------------------------------------------
2020-01-24 10:21:19,169:INFO:ДУГААРАА СОНГОЖ БУЙ ХЭСЭГ
2020-01-24 10:21:19,170:INFO:2
2020-01-24 10:21:19,180:INFO:114
2020-01-24 10:21:19,181:INFO:['8312', '8313', '8314', '8315', '8316', '8317', '8318', '8319', '9312', '9313', '9314', '9315', '9316', '9317', '9318', '9319', '9320', '9321', '9322', '9323', '9324', '9325', '9326', '9327', '9328', '9329', '9330', '9331', '9332', '9333', '9334', '9335', '9336', '9337', '9338', '9339', '9340', '9341', '9342', '9343', '9344', '9345', '9346', '9347', '9712', '9713', '9714', '9715', '9716', '9717', '9718', '9719', '9812', '9813', '9814', '9815', '9816', '9817', '9818', '9819', '9820', '9821', '9822', '9823', '9824', '9825', '9826', '9827', '9828', '9829', '9830', '9831', '9832', '9833', '9837', '9838', '9842', '9843', '9845', '9846', '9847', '9848', '9851', '9856', '9859', '9860', '9861', '9862', '9863', '9864', '9865', '9866', '9867', '9870', '9880', '9881', '9882', '9883', '9884', '9885', '9886', '9887', '9888', '9889', '9890', '9891', '9892', '9893', '9894', '9895', '9896', '9897', '9898', '9899']
2020-01-24 10:21:36,650:INFO:98980524:6|98981044:6|98981712:6|98981780:6|98983935:6|98984495:6|98984521:6|98984572:6|98984577:6|98984683:6|98984713:6|98984752:6|98984785:6|98984869:6|98984874:6|98984912:6|98984934:6|98984939:6|98985042:6|98985179:6|98985217:6|98985287:6|98985379:6|98985407:6|98985463:6|98985478:6|98985562:6|98985594:6|98985708:6|98985847:6|98985849:6|98986234:6|98986235:6|98986397:6|98986452:6|98986631:6|98987143:6|98987167:6|98987265:6|98987281:6|98987296:6|98987362:6|98987364:6|98987365:6|98987470:6|98987548:6|98987593:6|98987597:6|98988137:6|98988257:6|98988472:6|98988475:6|98988518:6|98988542:6|98988554:6|98988736:6|98988751:6|98988942:6|98989254:6|98989308:6|98989505:6
2020-01-24 10:21:37,913:INFO:98980524:6|98981044:6|98981712:6|98981780:6|98983935:6|98984495:6|98984521:6|98984572:6|98984577:6|98984683:6|98984713:6|98984752:6|98984785:6|98984869:6|98984874:6|98984912:6|98984934:6|98984939:6|98985042:6|98985179:6|98985217:6|98985287:6|98985379:6|98985407:6|98985463:6|98985478:6|98985562:6|98985594:6|98985708:6|98985847:6|98985849:6|98986234:6|98986235:6|98986397:6|98986452:6|98986631:6|98987143:6|98987167:6|98987265:6|98987281:6|98987296:6|98987362:6|98987364:6|98987365:6|98987470:6|98987548:6|98987593:6|98987597:6|98988137:6|98988257:6|98988472:6|98988475:6|98988518:6|98988542:6|98988554:6|98988736:6|98988751:6|98988942:6|98989254:6|98989308:6|98989505:6
2020-01-24 10:21:38,057:INFO:98980524:6|98981044:6|98981712:6|98981780:6|98983935:6|98984495:6|98984521:6|98984572:6|98984577:6|98984683:6|98984713:6|98984752:6|98984785:6|98984869:6|98984874:6|98984912:6|98984934:6|98984939:6|98985042:6|98985179:6|98985217:6|98985287:6|98985379:6|98985407:6|98985463:6|98985478:6|98985562:6|98985594:6|98985708:6|98985847:6|98985849:6|98986234:6|98986235:6|98986397:6|98986452:6|98986631:6|98987143:6|98987167:6|98987265:6|98987281:6|98987296:6|98987362:6|98987364:6|98987365:6|98987470:6|98987548:6|98987593:6|98987597:6|98988137:6|98988257:6|98988472:6|98988475:6|98988518:6|98988542:6|98988554:6|98988736:6|98988751:6|98988942:6|98989254:6|98989308:6|98989505:6
2020-01-24 10:35:34,863:INFO:----------------------------------------------------------------------------------------------------
2020-01-24 10:35:38,887:INFO:ДУГААРАА СОНГОЖ БУЙ ХЭСЭГ
2020-01-24 10:35:38,887:INFO:2
2020-01-24 10:35:38,894:INFO:114
2020-01-24 10:35:38,895:INFO:['8312', '8313', '8314', '8315', '8316', '8317', '8318', '8319', '9312', '9313', '9314', '9315', '9316', '9317', '9318', '9319', '9320', '9321', '9322', '9323', '9324', '9325', '9326', '9327', '9328', '9329', '9330', '9331', '9332', '9333', '9334', '9335', '9336', '9337', '9338', '9339', '9340', '9341', '9342', '9343', '9344', '9345', '9346', '9347', '9712', '9713', '9714', '9715', '9716', '9717', '9718', '9719', '9812', '9813', '9814', '9815', '9816', '9817', '9818', '9819', '9820', '9821', '9822', '9823', '9824', '9825', '9826', '9827', '9828', '9829', '9830', '9831', '9832', '9833', '9837', '9838', '9842', '9843', '9845', '9846', '9847', '9848', '9851', '9856', '9859', '9860', '9861', '9862', '9863', '9864', '9865', '9866', '9867', '9870', '9880', '9881', '9882', '9883', '9884', '9885', '9886', '9887', '9888', '9889', '9890', '9891', '9892', '9893', '9894', '9895', '9896', '9897', '9898', '9899']
2020-01-24 10:37:22,524:INFO:-1
2020-01-24 10:37:24,967:INFO:ДУГААРЫН ҮНЭ
2020-01-24 10:37:24,971:INFO:5000
2020-01-24 10:37:26,848:INFO:ДУГААРАА СОНГОЖ БУЙ ХЭСЭГ
2020-01-24 10:37:26,848:INFO:2
2020-01-24 10:37:26,861:INFO:114
2020-01-24 10:37:26,861:INFO:['8312', '8313', '8314', '8315', '8316', '8317', '8318', '8319', '9312', '9313', '9314', '9315', '9316', '9317', '9318', '9319', '9320', '9321', '9322', '9323', '9324', '9325', '9326', '9327', '9328', '9329', '9330', '9331', '9332', '9333', '9334', '9335', '9336', '9337', '9338', '9339', '9340', '9341', '9342', '9343', '9344', '9345', '9346', '9347', '9712', '9713', '9714', '9715', '9716', '9717', '9718', '9719', '9812', '9813', '9814', '9815', '9816', '9817', '9818', '9819', '9820', '9821', '9822', '9823', '9824', '9825', '9826', '9827', '9828', '9829', '9830', '9831', '9832', '9833', '9837', '9838', '9842', '9843', '9845', '9846', '9847', '9848', '9851', '9856', '9859', '9860', '9861', '9862', '9863', '9864', '9865', '9866', '9867', '9870', '9880', '9881', '9882', '9883', '9884', '9885', '9886', '9887', '9888', '9889', '9890', '9891', '9892', '9893', '9894', '9895', '9896', '9897', '9898', '9899']
2020-01-24 10:37:41,098:INFO:98103223:9|98183223:9|98193223:9
2020-01-24 10:38:05,367:INFO:РЕГИСТЕРИЙН ДУГААР
2020-01-24 10:38:12,903:INFO:ДУГААРЫН ZAHIALGA
2020-01-24 10:38:12,915:INFO:Success
2020-01-24 10:38:16,613:INFO:----------------------------------------------------------------------------------------------------
2020-01-24 10:38:20,513:INFO:ДУГААРАА СОНГОЖ БУЙ ХЭСЭГ
2020-01-24 10:38:20,513:INFO:2
2020-01-24 10:38:20,522:INFO:114
2020-01-24 10:38:20,523:INFO:['8312', '8313', '8314', '8315', '8316', '8317', '8318', '8319', '9312', '9313', '9314', '9315', '9316', '9317', '9318', '9319', '9320', '9321', '9322', '9323', '9324', '9325', '9326', '9327', '9328', '9329', '9330', '9331', '9332', '9333', '9334', '9335', '9336', '9337', '9338', '9339', '9340', '9341', '9342', '9343', '9344', '9345', '9346', '9347', '9712', '9713', '9714', '9715', '9716', '9717', '9718', '9719', '9812', '9813', '9814', '9815', '9816', '9817', '9818', '9819', '9820', '9821', '9822', '9823', '9824', '9825', '9826', '9827', '9828', '9829', '9830', '9831', '9832', '9833', '9837', '9838', '9842', '9843', '9845', '9846', '9847', '9848', '9851', '9856', '9859', '9860', '9861', '9862', '9863', '9864', '9865', '9866', '9867', '9870', '9880', '9881', '9882', '9883', '9884', '9885', '9886', '9887', '9888', '9889', '9890', '9891', '9892', '9893', '9894', '9895', '9896', '9897', '9898', '9899']
2020-01-24 10:39:42,599:INFO:98103111:6
2020-01-24 10:40:03,548:INFO:98182011:6|98182411:6|98182611:6|98183211:6|98183611:6|98183811:6|98184311:6|98184511:6|98184911:6|98185211:6|98185311:6|98185411:6|98185811:6|98186211:6|98187411:6|98188211:6|98188911:6
2020-01-24 10:40:33,553:INFO:98188103:6|98188142:6|98188149:6|98188152:6|98188154:6|98188157:6|98188163:6|98188165:6|98188168:6|98188174:6|98188195:6
2020-01-24 10:40:36,483:INFO:98188103:6|98188142:6|98188149:6|98188152:6|98188154:6|98188157:6|98188163:6|98188165:6|98188168:6|98188174:6|98188195:6
2020-01-24 10:41:16,151:INFO:РЕГИСТЕРИЙН ДУГААР
2020-01-24 10:41:21,311:INFO:ДУГААРЫН ZAHIALGA
2020-01-24 10:41:21,321:INFO:Success
2020-01-24 10:41:23,062:INFO:----------------------------------------------------------------------------------------------------
2020-01-24 10:42:39,267:INFO:ДУГААРАА СОНГОЖ БУЙ ХЭСЭГ
2020-01-24 10:42:39,268:INFO:2
2020-01-24 10:42:39,274:INFO:114
2020-01-24 10:42:39,274:INFO:['8312', '8313', '8314', '8315', '8316', '8317', '8318', '8319', '9312', '9313', '9314', '9315', '9316', '9317', '9318', '9319', '9320', '9321', '9322', '9323', '9324', '9325', '9326', '9327', '9328', '9329', '9330', '9331', '9332', '9333', '9334', '9335', '9336', '9337', '9338', '9339', '9340', '9341', '9342', '9343', '9344', '9345', '9346', '9347', '9712', '9713', '9714', '9715', '9716', '9717', '9718', '9719', '9812', '9813', '9814', '9815', '9816', '9817', '9818', '9819', '9820', '9821', '9822', '9823', '9824', '9825', '9826', '9827', '9828', '9829', '9830', '9831', '9832', '9833', '9837', '9838', '9842', '9843', '9845', '9846', '9847', '9848', '9851', '9856', '9859', '9860', '9861', '9862', '9863', '9864', '9865', '9866', '9867', '9870', '9880', '9881', '9882', '9883', '9884', '9885', '9886', '9887', '9888', '9889', '9890', '9891', '9892', '9893', '9894', '9895', '9896', '9897', '9898', '9899']
2020-01-24 10:42:54,563:INFO:98105049:6|98125049:6|98135049:6|98145049:6|98155049:6|98165049:6|98175049:6|98195049:6
2020-01-24 10:43:19,853:INFO:РЕГИСТЕРИЙН ДУГААР
2020-01-24 10:43:29,123:INFO:ДУГААРЫН ZAHIALGA
2020-01-24 10:43:29,133:INFO:Success
2020-01-24 10:43:31,233:INFO:----------------------------------------------------------------------------------------------------
2020-01-24 10:45:13,928:INFO:ДУГААРАА СОНГОЖ БУЙ ХЭСЭГ
2020-01-24 10:45:13,929:INFO:2
2020-01-24 10:45:13,935:INFO:114
2020-01-24 10:45:13,935:INFO:['8312', '8313', '8314', '8315', '8316', '8317', '8318', '8319', '9312', '9313', '9314', '9315', '9316', '9317', '9318', '9319', '9320', '9321', '9322', '9323', '9324', '9325', '9326', '9327', '9328', '9329', '9330', '9331', '9332', '9333', '9334', '9335', '9336', '9337', '9338', '9339', '9340', '9341', '9342', '9343', '9344', '9345', '9346', '9347', '9712', '9713', '9714', '9715', '9716', '9717', '9718', '9719', '9812', '9813', '9814', '9815', '9816', '9817', '9818', '9819', '9820', '9821', '9822', '9823', '9824', '9825', '9826', '9827', '9828', '9829', '9830', '9831', '9832', '9833', '9837', '9838', '9842', '9843', '9845', '9846', '9847', '9848', '9851', '9856', '9859', '9860', '9861', '9862', '9863', '9864', '9865', '9866', '9867', '9870', '9880', '9881', '9882', '9883', '9884', '9885', '9886', '9887', '9888', '9889', '9890', '9891', '9892', '9893', '9894', '9895', '9896', '9897', '9898', '9899']
2020-01-24 10:45:27,899:INFO:98102912:6|98132912:6|98142912:6|98172912:6|98192912:6
2020-01-24 10:45:48,709:INFO:РЕГИСТЕРИЙН ДУГААР
2020-01-24 10:45:52,050:INFO:ДУГААРЫН ZAHIALGA
2020-01-24 10:45:52,062:INFO:Success
2020-01-24 10:45:53,770:INFO:----------------------------------------------------------------------------------------------------
2020-01-24 10:48:06,349:INFO:ДУГААРАА СОНГОЖ БУЙ ХЭСЭГ
2020-01-24 10:48:06,349:INFO:2
2020-01-24 10:48:06,357:INFO:114
2020-01-24 10:48:06,358:INFO:['8312', '8313', '8314', '8315', '8316', '8317', '8318', '8319', '9312', '9313', '9314', '9315', '9316', '9317', '9318', '9319', '9320', '9321', '9322', '9323', '9324', '9325', '9326', '9327', '9328', '9329', '9330', '9331', '9332', '9333', '9334', '9335', '9336', '9337', '9338', '9339', '9340', '9341', '9342', '9343', '9344', '9345', '9346', '9347', '9712', '9713', '9714', '9715', '9716', '9717', '9718', '9719', '9812', '9813', '9814', '9815', '9816', '9817', '9818', '9819', '9820', '9821', '9822', '9823', '9824', '9825', '9826', '9827', '9828', '9829', '9830', '9831', '9832', '9833', '9837', '9838', '9842', '9843', '9845', '9846', '9847', '9848', '9851', '9856', '9859', '9860', '9861', '9862', '9863', '9864', '9865', '9866', '9867', '9870', '9880', '9881', '9882', '9883', '9884', '9885', '9886', '9887', '9888', '9889', '9890', '9891', '9892', '9893', '9894', '9895', '9896', '9897', '9898', '9899']
2020-01-24 10:48:23,266:INFO:98181201:6
2020-01-24 10:48:36,718:INFO:РЕГИСТЕРИЙН ДУГААР
2020-01-24 10:48:40,848:INFO:ДУГААРЫН ZAHIALGA
2020-01-24 10:48:40,858:INFO:Success
2020-01-24 10:48:42,399:INFO:----------------------------------------------------------------------------------------------------
2020-01-24 11:20:46,185:INFO:ДУГААРАА СОНГОЖ БУЙ ХЭСЭГ
2020-01-24 11:20:46,185:INFO:7
2020-01-24 11:20:46,190:INFO:48
2020-01-24 11:20:46,191:INFO:['8300', '8301', '8302', '8303', '8304', '8305', '8306', '8307', '8308', '8309', '8310', '8311', '9300', '9301', '9302', '9303', '9304', '9305', '9306', '9307', '9308', '9309', '9310', '9311', '9700', '9701', '9702', '9703', '9704', '9705', '9706', '9707', '9708', '9709', '9710', '9711', '9800', '9801', '9802', '9803', '9804', '9805', '9806', '9807', '9808', '9809', '9810', '9811']
2020-01-24 11:21:03,184:INFO:-1
2020-01-24 11:21:10,622:INFO:-1
2020-01-24 11:21:14,720:INFO:-1
2020-01-24 11:21:15,834:INFO:-1
2020-01-24 11:21:21,040:INFO:-1
2020-01-24 11:21:24,335:INFO:-1
2020-01-24 11:21:38,080:INFO:-1
2020-01-24 11:21:40,163:INFO:ДУГААРЫН ҮНЭ
2020-01-24 11:21:40,167:INFO:10000
2020-01-24 11:21:41,892:INFO:ДУГААРАА СОНГОЖ БУЙ ХЭСЭГ
2020-01-24 11:21:41,892:INFO:7
2020-01-24 11:21:41,897:INFO:48
2020-01-24 11:21:41,897:INFO:['8300', '8301', '8302', '8303', '8304', '8305', '8306', '8307', '8308', '8309', '8310', '8311', '9300', '9301', '9302', '9303', '9304', '9305', '9306', '9307', '9308', '9309', '9310', '9311', '9700', '9701', '9702', '9703', '9704', '9705', '9706', '9707', '9708', '9709', '9710', '9711', '9800', '9801', '9802', '9803', '9804', '9805', '9806', '9807', '9808', '9809', '9810', '9811']
2020-01-24 11:21:59,773:INFO:98049922:7|98109922:7|98149922:7|98239922:7|98249922:7|98259922:7|98379922:7|98389922:7|98429922:7|98459922:7|98469922:7|98479922:7|98569922:7|98599922:7|98619922:7|98629922:7|98709922:7|98959922:7
2020-01-24 11:26:43,028:INFO:-1
2020-01-24 11:26:48,340:INFO:98131044:6
2020-01-24 11:33:30,699:INFO:----------------------------------------------------------------------------------------------------
2020-01-24 11:33:34,947:INFO:ДУГААРАА СОНГОЖ БУЙ ХЭСЭГ
2020-01-24 11:33:34,947:INFO:2
2020-01-24 11:33:34,954:INFO:114
2020-01-24 11:33:34,954:INFO:['8312', '8313', '8314', '8315', '8316', '8317', '8318', '8319', '9312', '9313', '9314', '9315', '9316', '9317', '9318', '9319', '9320', '9321', '9322', '9323', '9324', '9325', '9326', '9327', '9328', '9329', '9330', '9331', '9332', '9333', '9334', '9335', '9336', '9337', '9338', '9339', '9340', '9341', '9342', '9343', '9344', '9345', '9346', '9347', '9712', '9713', '9714', '9715', '9716', '9717', '9718', '9719', '9812', '9813', '9814', '9815', '9816', '9817', '9818', '9819', '9820', '9821', '9822', '9823', '9824', '9825', '9826', '9827', '9828', '9829', '9830', '9831', '9832', '9833', '9837', '9838', '9842', '9843', '9845', '9846', '9847', '9848', '9851', '9856', '9859', '9860', '9861', '9862', '9863', '9864', '9865', '9866', '9867', '9870', '9880', '9881', '9882', '9883', '9884', '9885', '9886', '9887', '9888', '9889', '9890', '9891', '9892', '9893', '9894', '9895', '9896', '9897', '9898', '9899']
2020-01-24 11:33:52,377:INFO:98105899:6|98135899:6|98165899:6
2020-01-24 11:36:14,892:INFO:РЕГИСТЕРИЙН ДУГААР
2020-01-24 11:36:19,061:INFO:ДУГААРЫН ZAHIALGA
2020-01-24 11:36:19,070:INFO:Success
2020-01-24 11:47:17,309:INFO:----------------------------------------------------------------------------------------------------
2020-01-24 11:47:18,899:INFO:ДУГААРАА СОНГОЖ БУЙ ХЭСЭГ
2020-01-24 11:47:18,899:INFO:2
2020-01-24 11:47:18,906:INFO:114
2020-01-24 11:47:18,906:INFO:['8312', '8313', '8314', '8315', '8316', '8317', '8318', '8319', '9312', '9313', '9314', '9315', '9316', '9317', '9318', '9319', '9320', '9321', '9322', '9323', '9324', '9325', '9326', '9327', '9328', '9329', '9330', '9331', '9332', '9333', '9334', '9335', '9336', '9337', '9338', '9339', '9340', '9341', '9342', '9343', '9344', '9345', '9346', '9347', '9712', '9713', '9714', '9715', '9716', '9717', '9718', '9719', '9812', '9813', '9814', '9815', '9816', '9817', '9818', '9819', '9820', '9821', '9822', '9823', '9824', '9825', '9826', '9827', '9828', '9829', '9830', '9831', '9832', '9833', '9837', '9838', '9842', '9843', '9845', '9846', '9847', '9848', '9851', '9856', '9859', '9860', '9861', '9862', '9863', '9864', '9865', '9866', '9867', '9870', '9880', '9881', '9882', '9883', '9884', '9885', '9886', '9887', '9888', '9889', '9890', '9891', '9892', '9893', '9894', '9895', '9896', '9897', '9898', '9899']
2020-01-24 11:47:34,325:INFO:98130734:6|98170734:6|98190734:6
2020-01-24 11:48:04,112:INFO:РЕГИСТЕРИЙН ДУГААР
2020-01-24 11:48:08,552:INFO:ДУГААРЫН ZAHIALGA
2020-01-24 11:48:08,564:INFO:Success
2020-01-24 11:48:10,581:INFO:----------------------------------------------------------------------------------------------------
2020-01-24 11:48:27,842:INFO:ДУГААРАА СОНГОЖ БУЙ ХЭСЭГ
2020-01-24 11:48:27,842:INFO:2
2020-01-24 11:48:27,849:INFO:114
2020-01-24 11:48:27,850:INFO:['8312', '8313', '8314', '8315', '8316', '8317', '8318', '8319', '9312', '9313', '9314', '9315', '9316', '9317', '9318', '9319', '9320', '9321', '9322', '9323', '9324', '9325', '9326', '9327', '9328', '9329', '9330', '9331', '9332', '9333', '9334', '9335', '9336', '9337', '9338', '9339', '9340', '9341', '9342', '9343', '9344', '9345', '9346', '9347', '9712', '9713', '9714', '9715', '9716', '9717', '9718', '9719', '9812', '9813', '9814', '9815', '9816', '9817', '9818', '9819', '9820', '9821', '9822', '9823', '9824', '9825', '9826', '9827', '9828', '9829', '9830', '9831', '9832', '9833', '9837', '9838', '9842', '9843', '9845', '9846', '9847', '9848', '9851', '9856', '9859', '9860', '9861', '9862', '9863', '9864', '9865', '9866', '9867', '9870', '9880', '9881', '9882', '9883', '9884', '9885', '9886', '9887', '9888', '9889', '9890', '9891', '9892', '9893', '9894', '9895', '9896', '9897', '9898', '9899']
2020-01-24 11:48:59,660:INFO:98107681:6|98127681:6|98137681:6|98147681:6|98157681:6|98167681:6|98177681:6|98197681:6
2020-01-24 11:49:31,307:INFO:РЕГИСТЕРИЙН ДУГААР
2020-01-24 11:49:36,117:INFO:ДУГААРЫН ZAHIALGA
2020-01-24 11:49:36,127:INFO:Success
2020-01-24 11:49:38,027:INFO:----------------------------------------------------------------------------------------------------
2020-01-24 13:03:11,526:INFO:98131044:6
2020-01-24 13:03:18,092:INFO:-1
2020-01-24 13:03:19,097:INFO:-1
2020-01-24 13:03:24,485:INFO:98131046:6|98151046:6
2020-01-24 13:03:34,922:INFO:98131440:6|98161440:6
2020-01-24 13:03:36,529:INFO:98131440:6|98161440:6
2020-01-24 13:03:47,126:INFO:-1
2020-01-24 13:25:44,336:WARNING:Not Found: /
2020-01-24 13:27:18,538:ERROR:Invalid HTTP_HOST header: u'DugaarShuult:8000'. You may need to add u'dugaarshuult' to ALLOWED_HOSTS.
2020-01-24 13:43:03,973:ERROR:Invalid HTTP_HOST header: u'DugaarShuult:8000'. You may need to add u'dugaarshuult' to ALLOWED_HOSTS.
2020-01-24 14:50:47,497:INFO:----------------------------------------------------------------------------------------------------
2020-01-24 14:50:49,786:INFO:ДУГААРАА СОНГОЖ БУЙ ХЭСЭГ
2020-01-24 14:50:49,787:INFO:2
2020-01-24 14:50:49,794:INFO:114
2020-01-24 14:50:49,795:INFO:['8312', '8313', '8314', '8315', '8316', '8317', '8318', '8319', '9312', '9313', '9314', '9315', '9316', '9317', '9318', '9319', '9320', '9321', '9322', '9323', '9324', '9325', '9326', '9327', '9328', '9329', '9330', '9331', '9332', '9333', '9334', '9335', '9336', '9337', '9338', '9339', '9340', '9341', '9342', '9343', '9344', '9345', '9346', '9347', '9712', '9713', '9714', '9715', '9716', '9717', '9718', '9719', '9812', '9813', '9814', '9815', '9816', '9817', '9818', '9819', '9820', '9821', '9822', '9823', '9824', '9825', '9826', '9827', '9828', '9829', '9830', '9831', '9832', '9833', '9837', '9838', '9842', '9843', '9845', '9846', '9847', '9848', '9851', '9856', '9859', '9860', '9861', '9862', '9863', '9864', '9865', '9866', '9867', '9870', '9880', '9881', '9882', '9883', '9884', '9885', '9886', '9887', '9888', '9889', '9890', '9891', '9892', '9893', '9894', '9895', '9896', '9897', '9898', '9899']
2020-01-24 14:51:03,057:INFO:98105303:6|98145303:6|98155303:6|98165303:6|98195303:6
2020-01-24 14:51:29,345:INFO:РЕГИСТЕРИЙН ДУГААР
2020-01-24 14:51:47,685:INFO:ДУГААРЫН ZAHIALGA
2020-01-24 14:51:47,697:INFO:Success
2020-01-24 14:51:50,854:INFO:----------------------------------------------------------------------------------------------------
2020-01-24 14:51:52,705:INFO:ДУГААРАА СОНГОЖ БУЙ ХЭСЭГ
2020-01-24 14:51:52,705:INFO:2
2020-01-24 14:51:52,715:INFO:114
2020-01-24 14:51:52,715:INFO:['8312', '8313', '8314', '8315', '8316', '8317', '8318', '8319', '9312', '9313', '9314', '9315', '9316', '9317', '9318', '9319', '9320', '9321', '9322', '9323', '9324', '9325', '9326', '9327', '9328', '9329', '9330', '9331', '9332', '9333', '9334', '9335', '9336', '9337', '9338', '9339', '9340', '9341', '9342', '9343', '9344', '9345', '9346', '9347', '9712', '9713', '9714', '9715', '9716', '9717', '9718', '9719', '9812', '9813', '9814', '9815', '9816', '9817', '9818', '9819', '9820', '9821', '9822', '9823', '9824', '9825', '9826', '9827', '9828', '9829', '9830', '9831', '9832', '9833', '9837', '9838', '9842', '9843', '9845', '9846', '9847', '9848', '9851', '9856', '9859', '9860', '9861', '9862', '9863', '9864', '9865', '9866', '9867', '9870', '9880', '9881', '9882', '9883', '9884', '9885', '9886', '9887', '9888', '9889', '9890', '9891', '9892', '9893', '9894', '9895', '9896', '9897', '9898', '9899']
2020-01-24 14:52:18,434:INFO:98100516:6
2020-01-24 14:52:24,106:INFO:97100516:6|97120516:6|97180516:6
2020-01-24 14:52:43,484:INFO:РЕГИСТЕРИЙН ДУГААР
2020-01-24 14:53:06,842:INFO:ДУГААРЫН ZAHIALGA
2020-01-24 14:53:06,850:INFO:Success
2020-01-24 14:53:09,902:INFO:----------------------------------------------------------------------------------------------------
2020-01-24 14:58:31,751:INFO:ДУГААРАА СОНГОЖ БУЙ ХЭСЭГ
2020-01-24 14:58:31,751:INFO:2
2020-01-24 14:58:31,758:INFO:114
2020-01-24 14:58:31,759:INFO:['8312', '8313', '8314', '8315', '8316', '8317', '8318', '8319', '9312', '9313', '9314', '9315', '9316', '9317', '9318', '9319', '9320', '9321', '9322', '9323', '9324', '9325', '9326', '9327', '9328', '9329', '9330', '9331', '9332', '9333', '9334', '9335', '9336', '9337', '9338', '9339', '9340', '9341', '9342', '9343', '9344', '9345', '9346', '9347', '9712', '9713', '9714', '9715', '9716', '9717', '9718', '9719', '9812', '9813', '9814', '9815', '9816', '9817', '9818', '9819', '9820', '9821', '9822', '9823', '9824', '9825', '9826', '9827', '9828', '9829', '9830', '9831', '9832', '9833', '9837', '9838', '9842', '9843', '9845', '9846', '9847', '9848', '9851', '9856', '9859', '9860', '9861', '9862', '9863', '9864', '9865', '9866', '9867', '9870', '9880', '9881', '9882', '9883', '9884', '9885', '9886', '9887', '9888', '9889', '9890', '9891', '9892', '9893', '9894', '9895', '9896', '9897', '9898', '9899']
2020-01-24 14:58:47,285:INFO:98108056:6|98118056:6|98128056:6|98138056:6|98148056:6|98158056:6|98198056:6
2020-01-24 14:59:26,850:INFO:РЕГИСТЕРИЙН ДУГААР
2020-01-24 14:59:34,450:INFO:ДУГААРЫН ZAHIALGA
2020-01-24 14:59:34,462:INFO:Success
2020-01-24 14:59:37,191:INFO:----------------------------------------------------------------------------------------------------
2020-01-24 15:01:31,887:INFO:ДУГААРАА СОНГОЖ БУЙ ХЭСЭГ
2020-01-24 15:01:31,888:INFO:2
2020-01-24 15:01:31,895:INFO:114
2020-01-24 15:01:31,895:INFO:['8312', '8313', '8314', '8315', '8316', '8317', '8318', '8319', '9312', '9313', '9314', '9315', '9316', '9317', '9318', '9319', '9320', '9321', '9322', '9323', '9324', '9325', '9326', '9327', '9328', '9329', '9330', '9331', '9332', '9333', '9334', '9335', '9336', '9337', '9338', '9339', '9340', '9341', '9342', '9343', '9344', '9345', '9346', '9347', '9712', '9713', '9714', '9715', '9716', '9717', '9718', '9719', '9812', '9813', '9814', '9815', '9816', '9817', '9818', '9819', '9820', '9821', '9822', '9823', '9824', '9825', '9826', '9827', '9828', '9829', '9830', '9831', '9832', '9833', '9837', '9838', '9842', '9843', '9845', '9846', '9847', '9848', '9851', '9856', '9859', '9860', '9861', '9862', '9863', '9864', '9865', '9866', '9867', '9870', '9880', '9881', '9882', '9883', '9884', '9885', '9886', '9887', '9888', '9889', '9890', '9891', '9892', '9893', '9894', '9895', '9896', '9897', '9898', '9899']
2020-01-24 15:01:51,547:INFO:98105463:6|98115463:6|98125463:6|98135463:6|98155463:6|98165463:6|98175463:6
2020-01-24 15:02:50,411:INFO:98102808:6|98142808:6
2020-01-24 15:03:25,074:INFO:РЕГИСТЕРИЙН ДУГААР
2020-01-24 15:03:29,266:INFO:ДУГААРЫН ZAHIALGA
2020-01-24 15:03:29,275:INFO:Success
2020-01-24 15:05:51,712:INFO:-1
2020-01-24 15:05:55,470:INFO:-1
2020-01-24 15:06:59,589:INFO:----------------------------------------------------------------------------------------------------
2020-01-24 15:07:13,410:INFO:ДУГААРАА СОНГОЖ БУЙ ХЭСЭГ
2020-01-24 15:07:13,410:INFO:2
2020-01-24 15:07:13,419:INFO:114
2020-01-24 15:07:13,419:INFO:['8312', '8313', '8314', '8315', '8316', '8317', '8318', '8319', '9312', '9313', '9314', '9315', '9316', '9317', '9318', '9319', '9320', '9321', '9322', '9323', '9324', '9325', '9326', '9327', '9328', '9329', '9330', '9331', '9332', '9333', '9334', '9335', '9336', '9337', '9338', '9339', '9340', '9341', '9342', '9343', '9344', '9345', '9346', '9347', '9712', '9713', '9714', '9715', '9716', '9717', '9718', '9719', '9812', '9813', '9814', '9815', '9816', '9817', '9818', '9819', '9820', '9821', '9822', '9823', '9824', '9825', '9826', '9827', '9828', '9829', '9830', '9831', '9832', '9833', '9837', '9838', '9842', '9843', '9845', '9846', '9847', '9848', '9851', '9856', '9859', '9860', '9861', '9862', '9863', '9864', '9865', '9866', '9867', '9870', '9880', '9881', '9882', '9883', '9884', '9885', '9886', '9887', '9888', '9889', '9890', '9891', '9892', '9893', '9894', '9895', '9896', '9897', '9898', '9899']
2020-01-24 15:07:29,723:INFO:98104483:6|98124483:6|98174483:6|98194483:6
2020-01-24 15:08:19,351:INFO:-1
2020-01-24 15:08:20,042:INFO:-1
2020-01-24 15:08:20,334:INFO:-1
2020-01-24 15:08:20,533:INFO:-1
2020-01-24 15:08:28,629:INFO:ДУГААРЫН ҮНЭ
2020-01-24 15:08:28,633:INFO:5000
2020-01-24 15:16:57,505:INFO:98108915:6|98128915:6|98138915:6|98178915:6
2020-01-24 15:17:57,595:INFO:РЕГИСТЕРИЙН ДУГААР
2020-01-24 15:18:02,835:INFO:ДУГААРЫН ZAHIALGA
2020-01-24 15:18:02,847:INFO:Success
2020-01-24 15:18:06,194:INFO:----------------------------------------------------------------------------------------------------
2020-01-24 15:35:03,420:INFO:ДУГААРАА СОНГОЖ БУЙ ХЭСЭГ
2020-01-24 15:35:03,420:INFO:2
2020-01-24 15:35:03,430:INFO:114
2020-01-24 15:35:03,430:INFO:['8312', '8313', '8314', '8315', '8316', '8317', '8318', '8319', '9312', '9313', '9314', '9315', '9316', '9317', '9318', '9319', '9320', '9321', '9322', '9323', '9324', '9325', '9326', '9327', '9328', '9329', '9330', '9331', '9332', '9333', '9334', '9335', '9336', '9337', '9338', '9339', '9340', '9341', '9342', '9343', '9344', '9345', '9346', '9347', '9712', '9713', '9714', '9715', '9716', '9717', '9718', '9719', '9812', '9813', '9814', '9815', '9816', '9817', '9818', '9819', '9820', '9821', '9822', '9823', '9824', '9825', '9826', '9827', '9828', '9829', '9830', '9831', '9832', '9833', '9837', '9838', '9842', '9843', '9845', '9846', '9847', '9848', '9851', '9856', '9859', '9860', '9861', '9862', '9863', '9864', '9865', '9866', '9867', '9870', '9880', '9881', '9882', '9883', '9884', '9885', '9886', '9887', '9888', '9889', '9890', '9891', '9892', '9893', '9894', '9895', '9896', '9897', '9898', '9899']
2020-01-24 15:35:17,638:INFO:98103937:6|98123937:6|98133937:6|98143937:6|98153937:6|98163937:6|98173937:6|98193937:6
2020-01-24 15:35:40,295:INFO:РЕГИСТЕРИЙН ДУГААР
2020-01-24 15:35:44,383:INFO:ДУГААРЫН ZAHIALGA
2020-01-24 15:35:44,393:INFO:Success
2020-01-24 15:36:00,063:INFO:----------------------------------------------------------------------------------------------------
2020-01-24 15:50:26,533:INFO:ДУГААРАА СОНГОЖ БУЙ ХЭСЭГ
2020-01-24 15:50:26,534:INFO:2
2020-01-24 15:50:26,541:INFO:114
2020-01-24 15:50:26,541:INFO:['8312', '8313', '8314', '8315', '8316', '8317', '8318', '8319', '9312', '9313', '9314', '9315', '9316', '9317', '9318', '9319', '9320', '9321', '9322', '9323', '9324', '9325', '9326', '9327', '9328', '9329', '9330', '9331', '9332', '9333', '9334', '9335', '9336', '9337', '9338', '9339', '9340', '9341', '9342', '9343', '9344', '9345', '9346', '9347', '9712', '9713', '9714', '9715', '9716', '9717', '9718', '9719', '9812', '9813', '9814', '9815', '9816', '9817', '9818', '9819', '9820', '9821', '9822', '9823', '9824', '9825', '9826', '9827', '9828', '9829', '9830', '9831', '9832', '9833', '9837', '9838', '9842', '9843', '9845', '9846', '9847', '9848', '9851', '9856', '9859', '9860', '9861', '9862', '9863', '9864', '9865', '9866', '9867', '9870', '9880', '9881', '9882', '9883', '9884', '9885', '9886', '9887', '9888', '9889', '9890', '9891', '9892', '9893', '9894', '9895', '9896', '9897', '9898', '9899']
2020-01-24 15:50:40,187:INFO:98104483:6|98124483:6|98174483:6|98194483:6
2020-01-24 15:51:03,484:INFO:РЕГИСТЕРИЙН ДУГААР
2020-01-24 15:51:09,963:INFO:ДУГААРЫН ZAHIALGA
2020-01-24 15:51:09,972:INFO:Success
2020-01-24 15:51:30,805:INFO:----------------------------------------------------------------------------------------------------
2020-01-24 15:53:52,236:INFO:----------------------------------------------------------------------------------------------------
2020-01-24 15:53:53,785:INFO:ДУГААРАА СОНГОЖ БУЙ ХЭСЭГ
2020-01-24 15:53:53,786:INFO:2
2020-01-24 15:53:53,794:INFO:114
2020-01-24 15:53:53,795:INFO:['8312', '8313', '8314', '8315', '8316', '8317', '8318', '8319', '9312', '9313', '9314', '9315', '9316', '9317', '9318', '9319', '9320', '9321', '9322', '9323', '9324', '9325', '9326', '9327', '9328', '9329', '9330', '9331', '9332', '9333', '9334', '9335', '9336', '9337', '9338', '9339', '9340', '9341', '9342', '9343', '9344', '9345', '9346', '9347', '9712', '9713', '9714', '9715', '9716', '9717', '9718', '9719', '9812', '9813', '9814', '9815', '9816', '9817', '9818', '9819', '9820', '9821', '9822', '9823', '9824', '9825', '9826', '9827', '9828', '9829', '9830', '9831', '9832', '9833', '9837', '9838', '9842', '9843', '9845', '9846', '9847', '9848', '9851', '9856', '9859', '9860', '9861', '9862', '9863', '9864', '9865', '9866', '9867', '9870', '9880', '9881', '9882', '9883', '9884', '9885', '9886', '9887', '9888', '9889', '9890', '9891', '9892', '9893', '9894', '9895', '9896', '9897', '9898', '9899']
2020-01-24 15:55:00,033:INFO:98140056:6
2020-01-24 15:55:22,191:INFO:РЕГИСТЕРИЙН ДУГААР
2020-01-24 15:55:31,061:INFO:ДУГААРЫН ZAHIALGA
2020-01-24 15:55:31,073:INFO:Success
2020-01-24 15:55:33,400:INFO:----------------------------------------------------------------------------------------------------
2020-01-24 16:00:45,847:INFO:ДУГААРАА СОНГОЖ БУЙ ХЭСЭГ
2020-01-24 16:00:45,847:INFO:2
2020-01-24 16:00:45,854:INFO:114
2020-01-24 16:00:45,854:INFO:['8312', '8313', '8314', '8315', '8316', '8317', '8318', '8319', '9312', '9313', '9314', '9315', '9316', '9317', '9318', '9319', '9320', '9321', '9322', '9323', '9324', '9325', '9326', '9327', '9328', '9329', '9330', '9331', '9332', '9333', '9334', '9335', '9336', '9337', '9338', '9339', '9340', '9341', '9342', '9343', '9344', '9345', '9346', '9347', '9712', '9713', '9714', '9715', '9716', '9717', '9718', '9719', '9812', '9813', '9814', '9815', '9816', '9817', '9818', '9819', '9820', '9821', '9822', '9823', '9824', '9825', '9826', '9827', '9828', '9829', '9830', '9831', '9832', '9833', '9837', '9838', '9842', '9843', '9845', '9846', '9847', '9848', '9851', '9856', '9859', '9860', '9861', '9862', '9863', '9864', '9865', '9866', '9867', '9870', '9880', '9881', '9882', '9883', '9884', '9885', '9886', '9887', '9888', '9889', '9890', '9891', '9892', '9893', '9894', '9895', '9896', '9897', '9898', '9899']
2020-01-24 16:01:00,903:INFO:98109866:6
2020-01-24 16:01:07,684:INFO:97109866:6|97119866:6|97129866:6|97139866:6|97149866:6|97159866:6|97169866:6|97189866:6|97199866:6
2020-01-24 16:01:44,521:INFO:РЕГИСТЕРИЙН ДУГААР
2020-01-24 16:01:49,872:INFO:ДУГААРЫН ZAHIALGA
2020-01-24 16:01:49,882:INFO:Success
2020-01-24 16:01:53,881:INFO:----------------------------------------------------------------------------------------------------
2020-01-24 16:04:25,767:INFO:ДУГААРАА СОНГОЖ БУЙ ХЭСЭГ
2020-01-24 16:04:25,768:INFO:2
2020-01-24 16:04:25,776:INFO:114
2020-01-24 16:04:25,776:INFO:['8312', '8313', '8314', '8315', '8316', '8317', '8318', '8319', '9312', '9313', '9314', '9315', '9316', '9317', '9318', '9319', '9320', '9321', '9322', '9323', '9324', '9325', '9326', '9327', '9328', '9329', '9330', '9331', '9332', '9333', '9334', '9335', '9336', '9337', '9338', '9339', '9340', '9341', '9342', '9343', '9344', '9345', '9346', '9347', '9712', '9713', '9714', '9715', '9716', '9717', '9718', '9719', '9812', '9813', '9814', '9815', '9816', '9817', '9818', '9819', '9820', '9821', '9822', '9823', '9824', '9825', '9826', '9827', '9828', '9829', '9830', '9831', '9832', '9833', '9837', '9838', '9842', '9843', '9845', '9846', '9847', '9848', '9851', '9856', '9859', '9860', '9861', '9862', '9863', '9864', '9865', '9866', '9867', '9870', '9880', '9881', '9882', '9883', '9884', '9885', '9886', '9887', '9888', '9889', '9890', '9891', '9892', '9893', '9894', '9895', '9896', '9897', '9898', '9899']
2020-01-24 16:04:39,569:INFO:98105724:6|98125724:6|98145724:6|98175724:6|98185724:6
2020-01-24 16:05:51,566:INFO:РЕГИСТЕРИЙН ДУГААР
2020-01-24 16:05:55,612:INFO:ДУГААРЫН ZAHIALGA
2020-01-24 16:05:55,621:INFO:Success
2020-01-24 16:06:08,791:INFO:----------------------------------------------------------------------------------------------------
2020-01-24 16:09:12,977:INFO:ДУГААРАА СОНГОЖ БУЙ ХЭСЭГ
2020-01-24 16:09:12,977:INFO:2
2020-01-24 16:09:12,984:INFO:114
2020-01-24 16:09:12,984:INFO:['8312', '8313', '8314', '8315', '8316', '8317', '8318', '8319', '9312', '9313', '9314', '9315', '9316', '9317', '9318', '9319', '9320', '9321', '9322', '9323', '9324', '9325', '9326', '9327', '9328', '9329', '9330', '9331', '9332', '9333', '9334', '9335', '9336', '9337', '9338', '9339', '9340', '9341', '9342', '9343', '9344', '9345', '9346', '9347', '9712', '9713', '9714', '9715', '9716', '9717', '9718', '9719', '9812', '9813', '9814', '9815', '9816', '9817', '9818', '9819', '9820', '9821', '9822', '9823', '9824', '9825', '9826', '9827', '9828', '9829', '9830', '9831', '9832', '9833', '9837', '9838', '9842', '9843', '9845', '9846', '9847', '9848', '9851', '9856', '9859', '9860', '9861', '9862', '9863', '9864', '9865', '9866', '9867', '9870', '9880', '9881', '9882', '9883', '9884', '9885', '9886', '9887', '9888', '9889', '9890', '9891', '9892', '9893', '9894', '9895', '9896', '9897', '9898', '9899']
2020-01-24 16:09:29,371:INFO:98107832:6|98117832:6|98127832:6|98137832:6|98147832:6|98157832:6|98167832:6|98187832:6|98197832:6
2020-01-24 16:10:16,379:INFO:РЕГИСТЕРИЙН ДУГААР
2020-01-24 16:10:20,696:INFO:ДУГААРЫН ZAHIALGA
2020-01-24 16:10:20,709:INFO:Success
2020-01-24 16:10:22,476:INFO:----------------------------------------------------------------------------------------------------
2020-01-24 16:10:53,144:INFO:ДУГААРАА СОНГОЖ БУЙ ХЭСЭГ
2020-01-24 16:10:53,145:INFO:2
2020-01-24 16:10:53,151:INFO:114
2020-01-24 16:10:53,151:INFO:['8312', '8313', '8314', '8315', '8316', '8317', '8318', '8319', '9312', '9313', '9314', '9315', '9316', '9317', '9318', '9319', '9320', '9321', '9322', '9323', '9324', '9325', '9326', '9327', '9328', '9329', '9330', '9331', '9332', '9333', '9334', '9335', '9336', '9337', '9338', '9339', '9340', '9341', '9342', '9343', '9344', '9345', '9346', '9347', '9712', '9713', '9714', '9715', '9716', '9717', '9718', '9719', '9812', '9813', '9814', '9815', '9816', '9817', '9818', '9819', '9820', '9821', '9822', '9823', '9824', '9825', '9826', '9827', '9828', '9829', '9830', '9831', '9832', '9833', '9837', '9838', '9842', '9843', '9845', '9846', '9847', '9848', '9851', '9856', '9859', '9860', '9861', '9862', '9863', '9864', '9865', '9866', '9867', '9870', '9880', '9881', '9882', '9883', '9884', '9885', '9886', '9887', '9888', '9889', '9890', '9891', '9892', '9893', '9894', '9895', '9896', '9897', '9898', '9899']
2020-01-24 16:11:06,268:INFO:98103514:6|98163514:6
2020-01-24 16:11:55,997:INFO:98100317:6
2020-01-24 16:12:01,738:INFO:97100317:6|97110317:6|97130317:6|97140317:6|97160317:6|97180317:6
2020-01-24 16:12:50,694:INFO:РЕГИСТЕРИЙН ДУГААР
2020-01-24 16:13:29,899:INFO:ДУГААРЫН ZAHIALGA
2020-01-24 16:13:29,911:INFO:Success
2020-01-24 16:16:43,910:INFO:----------------------------------------------------------------------------------------------------
2020-01-24 16:18:45,853:INFO:-1
2020-01-24 16:21:57,176:INFO:ДУГААРАА СОНГОЖ БУЙ ХЭСЭГ
2020-01-24 16:21:57,176:INFO:2
2020-01-24 16:21:57,183:INFO:114
2020-01-24 16:21:57,183:INFO:['8312', '8313', '8314', '8315', '8316', '8317', '8318', '8319', '9312', '9313', '9314', '9315', '9316', '9317', '9318', '9319', '9320', '9321', '9322', '9323', '9324', '9325', '9326', '9327', '9328', '9329', '9330', '9331', '9332', '9333', '9334', '9335', '9336', '9337', '9338', '9339', '9340', '9341', '9342', '9343', '9344', '9345', '9346', '9347', '9712', '9713', '9714', '9715', '9716', '9717', '9718', '9719', '9812', '9813', '9814', '9815', '9816', '9817', '9818', '9819', '9820', '9821', '9822', '9823', '9824', '9825', '9826', '9827', '9828', '9829', '9830', '9831', '9832', '9833', '9837', '9838', '9842', '9843', '9845', '9846', '9847', '9848', '9851', '9856', '9859', '9860', '9861', '9862', '9863', '9864', '9865', '9866', '9867', '9870', '9880', '9881', '9882', '9883', '9884', '9885', '9886', '9887', '9888', '9889', '9890', '9891', '9892', '9893', '9894', '9895', '9896', '9897', '9898', '9899']
2020-01-24 16:22:11,997:INFO:98109767:6
2020-01-24 16:22:18,724:INFO:97109767:6|97119767:6|97129767:6|97139767:6|97149767:6|97159767:6|97169767:6|97189767:6|97199767:6
2020-01-24 16:23:49,725:INFO:РЕГИСТЕРИЙН ДУГААР
2020-01-24 16:23:59,284:INFO:ДУГААРЫН ZAHIALGA
2020-01-24 16:23:59,299:INFO:Success
2020-01-24 16:24:01,415:INFO:----------------------------------------------------------------------------------------------------
2020-01-24 16:34:05,085:INFO:ДУГААРАА СОНГОЖ БУЙ ХЭСЭГ
2020-01-24 16:34:05,086:INFO:2
2020-01-24 16:34:05,092:INFO:114
2020-01-24 16:34:05,093:INFO:['8312', '8313', '8314', '8315', '8316', '8317', '8318', '8319', '9312', '9313', '9314', '9315', '9316', '9317', '9318', '9319', '9320', '9321', '9322', '9323', '9324', '9325', '9326', '9327', '9328', '9329', '9330', '9331', '9332', '9333', '9334', '9335', '9336', '9337', '9338', '9339', '9340', '9341', '9342', '9343', '9344', '9345', '9346', '9347', '9712', '9713', '9714', '9715', '9716', '9717', '9718', '9719', '9812', '9813', '9814', '9815', '9816', '9817', '9818', '9819', '9820', '9821', '9822', '9823', '9824', '9825', '9826', '9827', '9828', '9829', '9830', '9831', '9832', '9833', '9837', '9838', '9842', '9843', '9845', '9846', '9847', '9848', '9851', '9856', '9859', '9860', '9861', '9862', '9863', '9864', '9865', '9866', '9867', '9870', '9880', '9881', '9882', '9883', '9884', '9885', '9886', '9887', '9888', '9889', '9890', '9891', '9892', '9893', '9894', '9895', '9896', '9897', '9898', '9899']
2020-01-24 16:34:54,357:INFO:98161476:6|98171476:6
2020-01-24 16:35:32,673:INFO:РЕГИСТЕРИЙН ДУГААР
2020-01-24 16:35:36,594:INFO:ДУГААРЫН ZAHIALGA
2020-01-24 16:35:36,601:INFO:Success
2020-01-24 16:35:46,694:INFO:----------------------------------------------------------------------------------------------------
2020-01-24 16:40:26,571:INFO:ДУГААРАА СОНГОЖ БУЙ ХЭСЭГ
2020-01-24 16:40:26,572:INFO:2
2020-01-24 16:40:26,578:INFO:114
2020-01-24 16:40:26,578:INFO:['8312', '8313', '8314', '8315', '8316', '8317', '8318', '8319', '9312', '9313', '9314', '9315', '9316', '9317', '9318', '9319', '9320', '9321', '9322', '9323', '9324', '9325', '9326', '9327', '9328', '9329', '9330', '9331', '9332', '9333', '9334', '9335', '9336', '9337', '9338', '9339', '9340', '9341', '9342', '9343', '9344', '9345', '9346', '9347', '9712', '9713', '9714', '9715', '9716', '9717', '9718', '9719', '9812', '9813', '9814', '9815', '9816', '9817', '9818', '9819', '9820', '9821', '9822', '9823', '9824', '9825', '9826', '9827', '9828', '9829', '9830', '9831', '9832', '9833', '9837', '9838', '9842', '9843', '9845', '9846', '9847', '9848', '9851', '9856', '9859', '9860', '9861', '9862', '9863', '9864', '9865', '9866', '9867', '9870', '9880', '9881', '9882', '9883', '9884', '9885', '9886', '9887', '9888', '9889', '9890', '9891', '9892', '9893', '9894', '9895', '9896', '9897', '9898', '9899']
2020-01-24 16:41:03,730:INFO:-1
2020-01-24 16:41:13,190:INFO:97100206:6|97110206:6|97120206:6|97130206:6|97140206:6|97180206:6
2020-01-24 16:41:21,712:INFO:93100206:6|93110206:6|93140206:6
2020-01-24 16:41:40,516:INFO:РЕГИСТЕРИЙН ДУГААР
2020-01-24 16:41:45,406:INFO:ДУГААРЫН ZAHIALGA
2020-01-24 16:41:45,418:INFO:Success
2020-01-24 16:41:47,886:INFO:----------------------------------------------------------------------------------------------------
2020-01-24 16:42:22,965:INFO:ДУГААРАА СОНГОЖ БУЙ ХЭСЭГ
2020-01-24 16:42:22,966:INFO:2
2020-01-24 16:42:22,974:INFO:114
2020-01-24 16:42:22,974:INFO:['8312', '8313', '8314', '8315', '8316', '8317', '8318', '8319', '9312', '9313', '9314', '9315', '9316', '9317', '9318', '9319', '9320', '9321', '9322', '9323', '9324', '9325', '9326', '9327', '9328', '9329', '9330', '9331', '9332', '9333', '9334', '9335', '9336', '9337', '9338', '9339', '9340', '9341', '9342', '9343', '9344', '9345', '9346', '9347', '9712', '9713', '9714', '9715', '9716', '9717', '9718', '9719', '9812', '9813', '9814', '9815', '9816', '9817', '9818', '9819', '9820', '9821', '9822', '9823', '9824', '9825', '9826', '9827', '9828', '9829', '9830', '9831', '9832', '9833', '9837', '9838', '9842', '9843', '9845', '9846', '9847', '9848', '9851', '9856', '9859', '9860', '9861', '9862', '9863', '9864', '9865', '9866', '9867', '9870', '9880', '9881', '9882', '9883', '9884', '9885', '9886', '9887', '9888', '9889', '9890', '9891', '9892', '9893', '9894', '9895', '9896', '9897', '9898', '9899']
2020-01-24 16:42:37,077:INFO:98102834:6|98122834:6|98132834:6|98142834:6|98152834:6|98162834:6|98172834:6|98182834:6
2020-01-24 16:43:19,887:INFO:РЕГИСТЕРИЙН ДУГААР
2020-01-24 16:43:24,336:INFO:ДУГААРЫН ZAHIALGA
2020-01-24 16:43:24,346:INFO:Success
2020-01-24 16:43:30,237:INFO:----------------------------------------------------------------------------------------------------
2020-01-24 16:48:27,654:INFO:ДУГААРАА СОНГОЖ БУЙ ХЭСЭГ
2020-01-24 16:48:27,654:INFO:2
2020-01-24 16:48:27,662:INFO:114
2020-01-24 16:48:27,662:INFO:['8312', '8313', '8314', '8315', '8316', '8317', '8318', '8319', '9312', '9313', '9314', '9315', '9316', '9317', '9318', '9319', '9320', '9321', '9322', '9323', '9324', '9325', '9326', '9327', '9328', '9329', '9330', '9331', '9332', '9333', '9334', '9335', '9336', '9337', '9338', '9339', '9340', '9341', '9342', '9343', '9344', '9345', '9346', '9347', '9712', '9713', '9714', '9715', '9716', '9717', '9718', '9719', '9812', '9813', '9814', '9815', '9816', '9817', '9818', '9819', '9820', '9821', '9822', '9823', '9824', '9825', '9826', '9827', '9828', '9829', '9830', '9831', '9832', '9833', '9837', '9838', '9842', '9843', '9845', '9846', '9847', '9848', '9851', '9856', '9859', '9860', '9861', '9862', '9863', '9864', '9865', '9866', '9867', '9870', '9880', '9881', '9882', '9883', '9884', '9885', '9886', '9887', '9888', '9889', '9890', '9891', '9892', '9893', '9894', '9895', '9896', '9897', '9898', '9899']
2020-01-24 16:48:40,432:INFO:-1
2020-01-24 16:48:46,803:INFO:97101222:6
2020-01-24 16:48:53,484:INFO:93101222:6
2020-01-24 16:49:33,479:INFO:-1
2020-01-24 16:49:42,834:INFO:97101005:6|97121005:6
2020-01-24 16:50:30,921:INFO:РЕГИСТЕРИЙН ДУГААР
2020-01-24 16:50:49,009:INFO:ДУГААРЫН ZAHIALGA
2020-01-24 16:50:49,018:INFO:Success
2020-01-24 16:54:40,406:INFO:----------------------------------------------------------------------------------------------------
2020-01-24 17:03:02,858:INFO:ДУГААРАА СОНГОЖ БУЙ ХЭСЭГ
2020-01-24 17:03:02,859:INFO:2
2020-01-24 17:03:02,866:INFO:114
2020-01-24 17:03:02,866:INFO:['8312', '8313', '8314', '8315', '8316', '8317', '8318', '8319', '9312', '9313', '9314', '9315', '9316', '9317', '9318', '9319', '9320', '9321', '9322', '9323', '9324', '9325', '9326', '9327', '9328', '9329', '9330', '9331', '9332', '9333', '9334', '9335', '9336', '9337', '9338', '9339', '9340', '9341', '9342', '9343', '9344', '9345', '9346', '9347', '9712', '9713', '9714', '9715', '9716', '9717', '9718', '9719', '9812', '9813', '9814', '9815', '9816', '9817', '9818', '9819', '9820', '9821', '9822', '9823', '9824', '9825', '9826', '9827', '9828', '9829', '9830', '9831', '9832', '9833', '9837', '9838', '9842', '9843', '9845', '9846', '9847', '9848', '9851', '9856', '9859', '9860', '9861', '9862', '9863', '9864', '9865', '9866', '9867', '9870', '9880', '9881', '9882', '9883', '9884', '9885', '9886', '9887', '9888', '9889', '9890', '9891', '9892', '9893', '9894', '9895', '9896', '9897', '9898', '9899']
2020-01-24 17:03:38,242:INFO:98109626:6|98139626:6|98159626:6|98179626:6
2020-01-24 17:04:25,742:INFO:РЕГИСТЕРИЙН ДУГААР
2020-01-24 17:04:31,570:INFO:ДУГААРЫН ZAHIALGA
2020-01-24 17:04:31,582:INFO:Success
2020-01-24 17:08:34,842:INFO:----------------------------------------------------------------------------------------------------
2020-01-24 17:16:33,060:INFO:ДУГААРАА СОНГОЖ БУЙ ХЭСЭГ
2020-01-24 17:16:33,060:INFO:2
2020-01-24 17:16:33,068:INFO:114
2020-01-24 17:16:33,068:INFO:['8312', '8313', '8314', '8315', '8316', '8317', '8318', '8319', '9312', '9313', '9314', '9315', '9316', '9317', '9318', '9319', '9320', '9321', '9322', '9323', '9324', '9325', '9326', '9327', '9328', '9329', '9330', '9331', '9332', '9333', '9334', '9335', '9336', '9337', '9338', '9339', '9340', '9341', '9342', '9343', '9344', '9345', '9346', '9347', '9712', '9713', '9714', '9715', '9716', '9717', '9718', '9719', '9812', '9813', '9814', '9815', '9816', '9817', '9818', '9819', '9820', '9821', '9822', '9823', '9824', '9825', '9826', '9827', '9828', '9829', '9830', '9831', '9832', '9833', '9837', '9838', '9842', '9843', '9845', '9846', '9847', '9848', '9851', '9856', '9859', '9860', '9861', '9862', '9863', '9864', '9865', '9866', '9867', '9870', '9880', '9881', '9882', '9883', '9884', '9885', '9886', '9887', '9888', '9889', '9890', '9891', '9892', '9893', '9894', '9895', '9896', '9897', '9898', '9899']
2020-01-24 17:16:47,503:INFO:98108454:6
2020-01-24 17:16:54,291:INFO:97108454:6|97118454:6|97128454:6|97138454:6|97158454:6|97168454:6|97188454:6|97198454:6
2020-01-24 17:17:25,657:INFO:РЕГИСТЕРИЙН ДУГААР
2020-01-24 17:17:30,076:INFO:ДУГААРЫН ZAHIALGA
2020-01-24 17:17:30,085:INFO:Success
2020-01-24 17:21:49,237:INFO:----------------------------------------------------------------------------------------------------
2020-01-24 17:32:52,144:INFO:----------------------------------------------------------------------------------------------------
2020-01-24 17:32:53,983:INFO:ДУГААРАА СОНГОЖ БУЙ ХЭСЭГ
2020-01-24 17:32:53,983:INFO:2
2020-01-24 17:32:53,991:INFO:114
2020-01-24 17:32:53,991:INFO:['8312', '8313', '8314', '8315', '8316', '8317', '8318', '8319', '9312', '9313', '9314', '9315', '9316', '9317', '9318', '9319', '9320', '9321', '9322', '9323', '9324', '9325', '9326', '9327', '9328', '9329', '9330', '9331', '9332', '9333', '9334', '9335', '9336', '9337', '9338', '9339', '9340', '9341', '9342', '9343', '9344', '9345', '9346', '9347', '9712', '9713', '9714', '9715', '9716', '9717', '9718', '9719', '9812', '9813', '9814', '9815', '9816', '9817', '9818', '9819', '9820', '9821', '9822', '9823', '9824', '9825', '9826', '9827', '9828', '9829', '9830', '9831', '9832', '9833', '9837', '9838', '9842', '9843', '9845', '9846', '9847', '9848', '9851', '9856', '9859', '9860', '9861', '9862', '9863', '9864', '9865', '9866', '9867', '9870', '9880', '9881', '9882', '9883', '9884', '9885', '9886', '9887', '9888', '9889', '9890', '9891', '9892', '9893', '9894', '9895', '9896', '9897', '9898', '9899']
2020-01-24 17:33:15,650:INFO:-1
2020-01-24 17:33:22,227:INFO:97100209:6|97110209:6|97160209:6
2020-01-24 17:33:24,180:INFO:97100209:6|97110209:6|97160209:6
2020-01-24 17:33:48,509:INFO:РЕГИСТЕРИЙН ДУГААР
2020-01-24 17:33:53,928:INFO:ДУГААРЫН ZAHIALGA
2020-01-24 17:33:53,936:INFO:Success
2020-01-24 17:33:55,579:INFO:----------------------------------------------------------------------------------------------------
2020-01-24 17:33:56,067:INFO:----------------------------------------------------------------------------------------------------
2020-01-24 17:37:17,365:INFO:ДУГААРАА СОНГОЖ БУЙ ХЭСЭГ
2020-01-24 17:37:17,365:INFO:2
2020-01-24 17:37:17,372:INFO:114
2020-01-24 17:37:17,372:INFO:['8312', '8313', '8314', '8315', '8316', '8317', '8318', '8319', '9312', '9313', '9314', '9315', '9316', '9317', '9318', '9319', '9320', '9321', '9322', '9323', '9324', '9325', '9326', '9327', '9328', '9329', '9330', '9331', '9332', '9333', '9334', '9335', '9336', '9337', '9338', '9339', '9340', '9341', '9342', '9343', '9344', '9345', '9346', '9347', '9712', '9713', '9714', '9715', '9716', '9717', '9718', '9719', '9812', '9813', '9814', '9815', '9816', '9817', '9818', '9819', '9820', '9821', '9822', '9823', '9824', '9825', '9826', '9827', '9828', '9829', '9830', '9831', '9832', '9833', '9837', '9838', '9842', '9843', '9845', '9846', '9847', '9848', '9851', '9856', '9859', '9860', '9861', '9862', '9863', '9864', '9865', '9866', '9867', '9870', '9880', '9881', '9882', '9883', '9884', '9885', '9886', '9887', '9888', '9889', '9890', '9891', '9892', '9893', '9894', '9895', '9896', '9897', '9898', '9899']
2020-01-24 17:37:32,722:INFO:98107274:6|98127274:6|98167274:6|98197274:6
2020-01-24 17:38:10,315:INFO:РЕГИСТЕРИЙН ДУГААР
2020-01-24 17:38:15,877:INFO:ДУГААРЫН ZAHIALGA
2020-01-24 17:38:15,889:INFO:Success
2020-01-24 17:38:17,698:INFO:----------------------------------------------------------------------------------------------------
2020-01-24 17:40:01,326:INFO:ДУГААРАА СОНГОЖ БУЙ ХЭСЭГ
2020-01-24 17:40:01,327:INFO:2
2020-01-24 17:40:01,333:INFO:114
2020-01-24 17:40:01,333:INFO:['8312', '8313', '8314', '8315', '8316', '8317', '8318', '8319', '9312', '9313', '9314', '9315', '9316', '9317', '9318', '9319', '9320', '9321', '9322', '9323', '9324', '9325', '9326', '9327', '9328', '9329', '9330', '9331', '9332', '9333', '9334', '9335', '9336', '9337', '9338', '9339', '9340', '9341', '9342', '9343', '9344', '9345', '9346', '9347', '9712', '9713', '9714', '9715', '9716', '9717', '9718', '9719', '9812', '9813', '9814', '9815', '9816', '9817', '9818', '9819', '9820', '9821', '9822', '9823', '9824', '9825', '9826', '9827', '9828', '9829', '9830', '9831', '9832', '9833', '9837', '9838', '9842', '9843', '9845', '9846', '9847', '9848', '9851', '9856', '9859', '9860', '9861', '9862', '9863', '9864', '9865', '9866', '9867', '9870', '9880', '9881', '9882', '9883', '9884', '9885', '9886', '9887', '9888', '9889', '9890', '9891', '9892', '9893', '9894', '9895', '9896', '9897', '9898', '9899']
2020-01-24 17:40:22,657:INFO:83104244:6|83114244:6|83124244:6|83154244:6|83164244:6|83174244:6|83184244:6|83194244:6
2020-01-24 17:41:22,663:INFO:РЕГИСТЕРИЙН ДУГААР
2020-01-24 17:41:26,741:INFO:ДУГААРЫН ZAHIALGA
2020-01-24 17:41:26,754:INFO:Success
2020-01-24 17:41:28,241:INFO:----------------------------------------------------------------------------------------------------
2020-01-24 17:59:43,422:ERROR:Invalid HTTP_HOST header: u'DugaarShuult:8000'. You may need to add u'dugaarshuult' to ALLOWED_HOSTS.
2020-01-24 18:11:26,574:INFO:----------------------------------------------------------------------------------------------------
2020-01-24 18:11:28,253:INFO:ДУГААРАА СОНГОЖ БУЙ ХЭСЭГ
2020-01-24 18:11:28,253:INFO:2
2020-01-24 18:11:28,260:INFO:114
2020-01-24 18:11:28,260:INFO:['8312', '8313', '8314', '8315', '8316', '8317', '8318', '8319', '9312', '9313', '9314', '9315', '9316', '9317', '9318', '9319', '9320', '9321', '9322', '9323', '9324', '9325', '9326', '9327', '9328', '9329', '9330', '9331', '9332', '9333', '9334', '9335', '9336', '9337', '9338', '9339', '9340', '9341', '9342', '9343', '9344', '9345', '9346', '9347', '9712', '9713', '9714', '9715', '9716', '9717', '9718', '9719', '9812', '9813', '9814', '9815', '9816', '9817', '9818', '9819', '9820', '9821', '9822', '9823', '9824', '9825', '9826', '9827', '9828', '9829', '9830', '9831', '9832', '9833', '9837', '9838', '9842', '9843', '9845', '9846', '9847', '9848', '9851', '9856', '9859', '9860', '9861', '9862', '9863', '9864', '9865', '9866', '9867', '9870', '9880', '9881', '9882', '9883', '9884', '9885', '9886', '9887', '9888', '9889', '9890', '9891', '9892', '9893', '9894', '9895', '9896', '9897', '9898', '9899']
2020-01-24 18:11:51,730:INFO:98108375:6|98118375:6|98138375:6|98148375:6|98158375:6|98168375:6|98198375:6
2020-01-24 18:12:23,320:INFO:РЕГИСТЕРИЙН ДУГААР
2020-01-24 18:12:38,522:INFO:ДУГААРЫН ZAHIALGA
2020-01-24 18:12:38,529:INFO:Success
2020-01-24 18:12:48,831:INFO:ДУГААРЫН ZAHIALGA
2020-01-24 18:12:48,837:INFO:Failed
2020-01-24 18:12:48,838:ERROR:Уучлаарай, таны сонгосон 98168375 дугаар захиалах боломжгүй байна. Line-1379
2020-01-24 18:16:21,159:INFO:----------------------------------------------------------------------------------------------------
2020-01-24 18:16:22,598:INFO:ДУГААРАА СОНГОЖ БУЙ ХЭСЭГ
2020-01-24 18:16:22,598:INFO:2
2020-01-24 18:16:22,606:INFO:114
2020-01-24 18:16:22,606:INFO:['8312', '8313', '8314', '8315', '8316', '8317', '8318', '8319', '9312', '9313', '9314', '9315', '9316', '9317', '9318', '9319', '9320', '9321', '9322', '9323', '9324', '9325', '9326', '9327', '9328', '9329', '9330', '9331', '9332', '9333', '9334', '9335', '9336', '9337', '9338', '9339', '9340', '9341', '9342', '9343', '9344', '9345', '9346', '9347', '9712', '9713', '9714', '9715', '9716', '9717', '9718', '9719', '9812', '9813', '9814', '9815', '9816', '9817', '9818', '9819', '9820', '9821', '9822', '9823', '9824', '9825', '9826', '9827', '9828', '9829', '9830', '9831', '9832', '9833', '9837', '9838', '9842', '9843', '9845', '9846', '9847', '9848', '9851', '9856', '9859', '9860', '9861', '9862', '9863', '9864', '9865', '9866', '9867', '9870', '9880', '9881', '9882', '9883', '9884', '9885', '9886', '9887', '9888', '9889', '9890', '9891', '9892', '9893', '9894', '9895', '9896', '9897', '9898', '9899']
2020-01-24 18:16:37,678:INFO:98100530:6
2020-01-24 18:16:44,860:INFO:97100530:6|97110530:6|97160530:6|97180530:6|97190530:6
2020-01-24 18:16:47,556:INFO:97100530:6|97110530:6|97160530:6|97180530:6|97190530:6
2020-01-24 18:17:29,684:INFO:РЕГИСТЕРИЙН ДУГААР
2020-01-24 18:17:33,752:INFO:ДУГААРЫН ZAHIALGA
2020-01-24 18:17:33,762:INFO:Success
2020-01-24 18:17:35,413:INFO:----------------------------------------------------------------------------------------------------
2020-01-24 18:22:51,198:INFO:----------------------------------------------------------------------------------------------------
2020-01-24 18:22:52,828:INFO:ДУГААРАА СОНГОЖ БУЙ ХЭСЭГ
2020-01-24 18:22:52,828:INFO:2
2020-01-24 18:22:52,836:INFO:114
2020-01-24 18:22:52,837:INFO:['8312', '8313', '8314', '8315', '8316', '8317', '8318', '8319', '9312', '9313', '9314', '9315', '9316', '9317', '9318', '9319', '9320', '9321', '9322', '9323', '9324', '9325', '9326', '9327', '9328', '9329', '9330', '9331', '9332', '9333', '9334', '9335', '9336', '9337', '9338', '9339', '9340', '9341', '9342', '9343', '9344', '9345', '9346', '9347', '9712', '9713', '9714', '9715', '9716', '9717', '9718', '9719', '9812', '9813', '9814', '9815', '9816', '9817', '9818', '9819', '9820', '9821', '9822', '9823', '9824', '9825', '9826', '9827', '9828', '9829', '9830', '9831', '9832', '9833', '9837', '9838', '9842', '9843', '9845', '9846', '9847', '9848', '9851', '9856', '9859', '9860', '9861', '9862', '9863', '9864', '9865', '9866', '9867', '9870', '9880', '9881', '9882', '9883', '9884', '9885', '9886', '9887', '9888', '9889', '9890', '9891', '9892', '9893', '9894', '9895', '9896', '9897', '9898', '9899']
2020-01-24 18:23:07,856:INFO:-1
2020-01-24 18:23:14,040:INFO:97130010:6|97180010:6
2020-01-24 18:23:48,611:INFO:97107991:6|97117991:6|97127991:6|97137991:6|97147991:6|97157991:6|97167991:6|97177991:6|97187991:6|97197991:6
2020-01-24 18:23:55,694:INFO:97107991:6|97117991:6|97127991:6|97137991:6|97147991:6|97157991:6|97167991:6|97177991:6|97187991:6|97197991:6
2020-01-24 18:24:03,194:INFO:98107991:6|98137991:6|98147991:6|98167991:6|98177991:6|98197991:6
2020-01-24 18:24:34,528:INFO:РЕГИСТЕРИЙН ДУГААР
2020-01-24 18:24:41,850:INFO:ДУГААРЫН ZAHIALGA
2020-01-24 18:24:41,859:INFO:Success
2020-01-24 18:24:43,841:INFO:----------------------------------------------------------------------------------------------------
2020-01-24 19:27:39,789:INFO:----------------------------------------------------------------------------------------------------
