2020-06-06 06:27:53,503:INFO:------------------------------------------------------------------------------------------------
2020-06-06 06:31:38,982:INFO:------------------------------------------------------------------------------------------------
2020-06-06 07:27:58,245:INFO:------------------------------------------------------------------------------------------------
2020-06-06 07:31:49,389:INFO:------------------------------------------------------------------------------------------------
2020-06-06 08:28:02,970:INFO:------------------------------------------------------------------------------------------------
2020-06-06 08:31:59,823:INFO:------------------------------------------------------------------------------------------------
2020-06-06 09:28:07,820:INFO:------------------------------------------------------------------------------------------------
2020-06-06 09:32:10,296:INFO:------------------------------------------------------------------------------------------------
2020-06-06 09:55:05,148:INFO:------------------------------------------------------------------------------------------------
2020-06-06 10:00:38,987:INFO:------------------------------------------------------------------------------------------------
2020-06-06 10:02:07,072:INFO:------------------------------------------------------------------------------------------------
2020-06-06 10:08:37,217:INFO:ДУГААРАА СОНГОЖ БУЙ ХЭСЭГ
2020-06-06 10:08:37,217:INFO:7
2020-06-06 10:08:37,480:WARNING:Not Found: /favicon.ico
2020-06-06 10:11:19,294:INFO:------------------------------------------------------------------------------------------------
2020-06-06 10:11:20,493:INFO:------------------------------------------------------------------------------------------------
2020-06-06 10:17:32,341:INFO:ДУГААРЫН ҮНЭ
2020-06-06 10:17:32,344:INFO:10000
2020-06-06 10:18:47,387:INFO:------------------------------------------------------------------------------------------------
2020-06-06 10:18:53,029:INFO:ДУГААРАА СОНГОЖ БУЙ ХЭСЭГ
2020-06-06 10:18:53,029:INFO:2
2020-06-06 10:21:10,123:INFO:------------------------------------------------------------------------------------------------
2020-06-06 10:21:35,941:INFO:ДУГААРАА СОНГОЖ БУЙ ХЭСЭГ
2020-06-06 10:21:35,941:INFO:2
2020-06-06 10:21:54,576:INFO:ДУГААРЫН ҮНЭ
2020-06-06 10:21:54,579:INFO:5000
2020-06-06 10:24:30,169:INFO:------------------------------------------------------------------------------------------------
2020-06-06 10:24:41,552:INFO:------------------------------------------------------------------------------------------------
2020-06-06 10:28:12,503:INFO:------------------------------------------------------------------------------------------------
2020-06-06 10:32:51,621:WARNING:Not Found: /
2020-06-06 10:34:17,453:INFO:------------------------------------------------------------------------------------------------
2020-06-06 10:41:39,540:INFO:------------------------------------------------------------------------------------------------
2020-06-06 10:41:42,123:INFO:ДУГААРАА СОНГОЖ БУЙ ХЭСЭГ
2020-06-06 10:41:42,123:INFO:7
2020-06-06 10:41:42,461:WARNING:Not Found: /favicon.ico
2020-06-06 10:41:52,722:INFO:------------------------------------------------------------------------------------------------
2020-06-06 10:41:53,953:INFO:ДУГААРАА СОНГОЖ БУЙ ХЭСЭГ
2020-06-06 10:41:53,953:INFO:7
2020-06-06 10:41:54,962:INFO:------------------------------------------------------------------------------------------------
2020-06-06 10:41:55,473:INFO:ДУГААРАА СОНГОЖ БУЙ ХЭСЭГ
2020-06-06 10:41:55,474:INFO:2
2020-06-06 10:42:11,678:INFO:ДУГААРАА СОНГОЖ БУЙ ХЭСЭГ
2020-06-06 10:42:11,678:INFO:2
2020-06-06 10:48:00,046:INFO:ДУГААРАА СОНГОЖ БУЙ ХЭСЭГ
2020-06-06 10:48:00,046:INFO:7
2020-06-06 10:48:00,419:WARNING:Not Found: /favicon.ico
2020-06-06 10:48:00,444:WARNING:Not Found: /favicon.ico
2020-06-06 10:50:38,926:INFO:ДУГААРЫН ҮНЭ
2020-06-06 10:50:38,929:INFO:10000
2020-06-06 10:52:17,743:INFO:ДУГААРЫН ҮНЭ
2020-06-06 10:52:17,746:INFO:10000
2020-06-06 10:55:06,474:INFO:------------------------------------------------------------------------------------------------
2020-06-06 11:04:19,394:INFO:------------------------------------------------------------------------------------------------
2020-06-06 11:05:22,199:INFO:ДУГААРАА СОНГОЖ БУЙ ХЭСЭГ
2020-06-06 11:05:22,200:INFO:2
2020-06-06 11:05:22,805:WARNING:Not Found: /favicon.ico
2020-06-06 11:06:11,360:INFO:------------------------------------------------------------------------------------------------
2020-06-06 11:06:11,965:INFO:ДУГААРАА СОНГОЖ БУЙ ХЭСЭГ
2020-06-06 11:06:11,965:INFO:7
2020-06-06 11:06:12,464:WARNING:Not Found: /favicon.ico
2020-06-06 11:06:17,954:INFO:ДУГААРАА СОНГОЖ БУЙ ХЭСЭГ
2020-06-06 11:06:17,954:INFO:7
2020-06-06 11:07:17,808:INFO:------------------------------------------------------------------------------------------------
2020-06-06 11:08:25,416:INFO:ДУГААРЫН ҮНЭ
2020-06-06 11:08:25,418:INFO:10000
2020-06-06 11:12:27,217:INFO:------------------------------------------------------------------------------------------------
2020-06-06 11:12:30,522:INFO:ДУГААРАА СОНГОЖ БУЙ ХЭСЭГ
2020-06-06 11:12:30,522:INFO:2
2020-06-06 11:12:30,631:WARNING:Not Found: /favicon.ico
2020-06-06 11:14:32,529:INFO:ДУГААРАА СОНГОЖ БУЙ ХЭСЭГ
2020-06-06 11:14:32,530:INFO:7
2020-06-06 11:15:06,737:INFO:ДУГААРАА СОНГОЖ БУЙ ХЭСЭГ
2020-06-06 11:15:06,738:INFO:7
2020-06-06 11:15:11,559:INFO:ДУГААРАА СОНГОЖ БУЙ ХЭСЭГ
2020-06-06 11:15:11,559:INFO:7
2020-06-06 11:15:13,104:INFO:ДУГААРАА СОНГОЖ БУЙ ХЭСЭГ
2020-06-06 11:15:13,104:INFO:7
2020-06-06 11:15:13,566:INFO:------------------------------------------------------------------------------------------------
2020-06-06 11:15:15,872:INFO:ДУГААРАА СОНГОЖ БУЙ ХЭСЭГ
2020-06-06 11:15:15,872:INFO:2
2020-06-06 11:15:34,833:INFO:ДУГААРАА СОНГОЖ БУЙ ХЭСЭГ
2020-06-06 11:15:34,834:INFO:2
2020-06-06 11:15:52,024:INFO:ДУГААРЫН ҮНЭ
2020-06-06 11:15:52,027:INFO:5000
2020-06-06 11:16:11,386:INFO:ДУГААРАА СОНГОЖ БУЙ ХЭСЭГ
2020-06-06 11:16:11,387:INFO:2
2020-06-06 11:16:36,248:INFO:ДУГААРАА СОНГОЖ БУЙ ХЭСЭГ
2020-06-06 11:16:36,248:INFO:2
2020-06-06 11:16:38,539:INFO:------------------------------------------------------------------------------------------------
2020-06-06 11:16:38,544:WARNING:Not Found: /favicon.ico
2020-06-06 11:16:46,278:INFO:------------------------------------------------------------------------------------------------
2020-06-06 11:17:13,275:INFO:------------------------------------------------------------------------------------------------
2020-06-06 11:17:15,451:INFO:ДУГААРАА СОНГОЖ БУЙ ХЭСЭГ
2020-06-06 11:17:15,451:INFO:2
2020-06-06 11:18:01,711:INFO:------------------------------------------------------------------------------------------------
2020-06-06 11:18:04,625:INFO:ДУГААРАА СОНГОЖ БУЙ ХЭСЭГ
2020-06-06 11:18:04,625:INFO:2
2020-06-06 11:18:04,872:WARNING:Not Found: /favicon.ico
2020-06-06 11:18:09,917:INFO:------------------------------------------------------------------------------------------------
2020-06-06 11:18:10,672:INFO:ДУГААРАА СОНГОЖ БУЙ ХЭСЭГ
2020-06-06 11:18:10,672:INFO:7
2020-06-06 11:19:07,543:INFO:ДУГААРЫН ҮНЭ
2020-06-06 11:19:07,546:INFO:10000
2020-06-06 11:21:10,573:INFO:------------------------------------------------------------------------------------------------
2020-06-06 11:21:27,515:INFO:------------------------------------------------------------------------------------------------
2020-06-06 11:24:42,511:INFO:------------------------------------------------------------------------------------------------
2020-06-06 11:28:17,190:INFO:------------------------------------------------------------------------------------------------
2020-06-06 11:32:27,009:INFO:ДУГААРАА СОНГОЖ БУЙ ХЭСЭГ
2020-06-06 11:32:27,010:INFO:7
2020-06-06 11:34:00,906:INFO:------------------------------------------------------------------------------------------------
2020-06-06 11:34:02,173:INFO:ДУГААРАА СОНГОЖ БУЙ ХЭСЭГ
2020-06-06 11:34:02,173:INFO:2
2020-06-06 11:34:11,316:INFO:ДУГААРЫН ҮНЭ
2020-06-06 11:34:11,320:INFO:5000
2020-06-06 11:34:40,765:INFO:ДУГААРЫН ҮНЭ
2020-06-06 11:34:40,768:INFO:5000
2020-06-06 11:34:53,308:INFO:------------------------------------------------------------------------------------------------
2020-06-06 11:37:56,007:INFO:ДУГААРАА СОНГОЖ БУЙ ХЭСЭГ
2020-06-06 11:37:56,007:INFO:2
2020-06-06 11:37:56,385:WARNING:Not Found: /favicon.ico
2020-06-06 11:38:50,575:INFO:------------------------------------------------------------------------------------------------
2020-06-06 11:38:53,312:INFO:ДУГААРАА СОНГОЖ БУЙ ХЭСЭГ
2020-06-06 11:38:53,312:INFO:2
2020-06-06 11:38:54,897:WARNING:Not Found: /favicon.ico
2020-06-06 11:39:23,947:INFO:ДУГААРАА СОНГОЖ БУЙ ХЭСЭГ
2020-06-06 11:39:23,947:INFO:2
2020-06-06 11:39:53,514:INFO:ДУГААРЫН ҮНЭ
2020-06-06 11:39:53,517:INFO:5000
2020-06-06 11:40:29,575:INFO:ДУГААРАА СОНГОЖ БУЙ ХЭСЭГ
2020-06-06 11:40:29,576:INFO:2
2020-06-06 11:40:30,588:WARNING:Not Found: /favicon.ico
2020-06-06 11:41:05,435:INFO:ДУГААРЫН ZAHIALGA
2020-06-06 11:41:08,508:INFO:------------------------------------------------------------------------------------------------
2020-06-06 11:41:10,046:INFO:ДУГААРАА СОНГОЖ БУЙ ХЭСЭГ
2020-06-06 11:41:10,047:INFO:2
2020-06-06 11:42:01,836:INFO:------------------------------------------------------------------------------------------------
2020-06-06 11:42:02,958:INFO:ДУГААРАА СОНГОЖ БУЙ ХЭСЭГ
2020-06-06 11:42:02,958:INFO:2
2020-06-06 11:42:15,402:INFO:ДУГААРАА СОНГОЖ БУЙ ХЭСЭГ
2020-06-06 11:42:15,403:INFO:2
2020-06-06 11:42:17,695:INFO:------------------------------------------------------------------------------------------------
2020-06-06 11:42:38,171:INFO:ДУГААРАА СОНГОЖ БУЙ ХЭСЭГ
2020-06-06 11:42:38,172:INFO:2
2020-06-06 11:43:00,355:ERROR:Internal Server Error: /getnumber
Traceback (most recent call last):
  File "/usr/local/lib/python2.7/dist-packages/django/core/handlers/exception.py", line 41, in inner
    response = get_response(request)
  File "/usr/local/lib/python2.7/dist-packages/django/core/handlers/base.py", line 187, in _get_response
    response = self.process_exception_by_middleware(e, request)
  File "/usr/local/lib/python2.7/dist-packages/django/core/handlers/base.py", line 185, in _get_response
    response = wrapped_callback(request, *callback_args, **callback_kwargs)
  File "/usr/local/lib/python2.7/dist-packages/django/views/decorators/csrf.py", line 58, in wrapped_view
    return view_func(*args, **kwargs)
  File "/usr/local/lib/python2.7/dist-packages/django/views/generic/base.py", line 68, in view
    return self.dispatch(request, *args, **kwargs)
  File "/usr/local/lib/python2.7/dist-packages/rest_framework/views.py", line 495, in dispatch
    response = self.handle_exception(exc)
  File "/usr/local/lib/python2.7/dist-packages/rest_framework/views.py", line 455, in handle_exception
    self.raise_uncaught_exception(exc)
  File "/usr/local/lib/python2.7/dist-packages/rest_framework/views.py", line 492, in dispatch
    response = handler(request, *args, **kwargs)
  File "/usr/local/lib/python2.7/dist-packages/rest_framework/decorators.py", line 55, in handler
    return func(*args, **kwargs)
  File "/home/user/nFilterNew/controller/views.py", line 206, in getNumber
    if data[1] == az:
IndexError: list index out of range
2020-06-06 11:43:08,897:INFO:ДУГААРАА СОНГОЖ БУЙ ХЭСЭГ
2020-06-06 11:43:08,897:INFO:7
2020-06-06 11:43:12,442:INFO:ДУГААРАА СОНГОЖ БУЙ ХЭСЭГ
2020-06-06 11:43:12,442:INFO:7
2020-06-06 11:43:13,061:WARNING:Not Found: /favicon.ico
2020-06-06 11:43:18,304:INFO:ДУГААРАА СОНГОЖ БУЙ ХЭСЭГ
2020-06-06 11:43:18,304:INFO:7
2020-06-06 11:44:43,943:INFO:ДУГААРАА СОНГОЖ БУЙ ХЭСЭГ
2020-06-06 11:44:43,943:INFO:2
2020-06-06 11:44:46,967:INFO:ДУГААРАА СОНГОЖ БУЙ ХЭСЭГ
2020-06-06 11:44:46,968:INFO:2
2020-06-06 11:44:48,247:INFO:ДУГААРАА СОНГОЖ БУЙ ХЭСЭГ
2020-06-06 11:44:48,247:INFO:2
2020-06-06 11:45:01,957:INFO:------------------------------------------------------------------------------------------------
2020-06-06 11:45:05,995:INFO:ДУГААРАА СОНГОЖ БУЙ ХЭСЭГ
2020-06-06 11:45:05,995:INFO:2
2020-06-06 11:46:08,165:INFO:ДУГААРЫН ҮНЭ
2020-06-06 11:46:08,168:INFO:5000
2020-06-06 11:46:31,749:INFO:ДУГААРЫН ZAHIALGA
2020-06-06 11:46:35,327:INFO:------------------------------------------------------------------------------------------------
2020-06-06 11:46:36,461:INFO:ДУГААРАА СОНГОЖ БУЙ ХЭСЭГ
2020-06-06 11:46:36,462:INFO:2
2020-06-06 11:46:37,211:INFO:ДУГААРАА СОНГОЖ БУЙ ХЭСЭГ
2020-06-06 11:46:37,211:INFO:7
2020-06-06 11:46:52,326:INFO:ДУГААРЫН ҮНЭ
2020-06-06 11:46:52,329:INFO:5000
2020-06-06 11:46:54,904:INFO:------------------------------------------------------------------------------------------------
2020-06-06 11:47:02,631:INFO:ДУГААРАА СОНГОЖ БУЙ ХЭСЭГ
2020-06-06 11:47:02,631:INFO:2
2020-06-06 11:47:08,836:INFO:ДУГААРЫН ZAHIALGA
2020-06-06 11:47:36,575:INFO:ДУГААРЫН ҮНЭ
2020-06-06 11:47:36,577:INFO:5000
2020-06-06 11:47:38,777:INFO:ДУГААРАА СОНГОЖ БУЙ ХЭСЭГ
2020-06-06 11:47:38,778:INFO:7
2020-06-06 11:47:40,113:INFO:------------------------------------------------------------------------------------------------
2020-06-06 11:47:40,998:INFO:ДУГААРАА СОНГОЖ БУЙ ХЭСЭГ
2020-06-06 11:47:40,998:INFO:2
2020-06-06 11:47:55,298:INFO:ДУГААРАА СОНГОЖ БУЙ ХЭСЭГ
2020-06-06 11:47:55,298:INFO:2
2020-06-06 11:48:28,740:INFO:ДУГААРАА СОНГОЖ БУЙ ХЭСЭГ
2020-06-06 11:48:28,740:INFO:2
2020-06-06 11:49:08,941:INFO:------------------------------------------------------------------------------------------------
2020-06-06 11:49:29,493:ERROR:Internal Server Error: /getnumber
Traceback (most recent call last):
  File "/usr/local/lib/python2.7/dist-packages/django/core/handlers/exception.py", line 41, in inner
    response = get_response(request)
  File "/usr/local/lib/python2.7/dist-packages/django/core/handlers/base.py", line 187, in _get_response
    response = self.process_exception_by_middleware(e, request)
  File "/usr/local/lib/python2.7/dist-packages/django/core/handlers/base.py", line 185, in _get_response
    response = wrapped_callback(request, *callback_args, **callback_kwargs)
  File "/usr/local/lib/python2.7/dist-packages/django/views/decorators/csrf.py", line 58, in wrapped_view
    return view_func(*args, **kwargs)
  File "/usr/local/lib/python2.7/dist-packages/django/views/generic/base.py", line 68, in view
    return self.dispatch(request, *args, **kwargs)
  File "/usr/local/lib/python2.7/dist-packages/rest_framework/views.py", line 495, in dispatch
    response = self.handle_exception(exc)
  File "/usr/local/lib/python2.7/dist-packages/rest_framework/views.py", line 455, in handle_exception
    self.raise_uncaught_exception(exc)
  File "/usr/local/lib/python2.7/dist-packages/rest_framework/views.py", line 492, in dispatch
    response = handler(request, *args, **kwargs)
  File "/usr/local/lib/python2.7/dist-packages/rest_framework/decorators.py", line 55, in handler
    return func(*args, **kwargs)
  File "/home/user/nFilterNew/controller/views.py", line 206, in getNumber
    if data[1] == az:
IndexError: list index out of range
2020-06-06 11:49:44,969:INFO:ДУГААРАА СОНГОЖ БУЙ ХЭСЭГ
2020-06-06 11:49:44,969:INFO:2
2020-06-06 11:49:53,423:INFO:------------------------------------------------------------------------------------------------
2020-06-06 11:49:54,714:INFO:ДУГААРАА СОНГОЖ БУЙ ХЭСЭГ
2020-06-06 11:49:54,714:INFO:7
2020-06-06 11:50:21,766:INFO:ДУГААРЫН ҮНЭ
2020-06-06 11:50:21,769:INFO:5000
2020-06-06 11:50:32,551:INFO:ДУГААРЫН ҮНЭ
2020-06-06 11:50:32,554:INFO:10000
2020-06-06 11:50:34,468:INFO:------------------------------------------------------------------------------------------------
2020-06-06 11:50:35,907:INFO:ДУГААРАА СОНГОЖ БУЙ ХЭСЭГ
2020-06-06 11:50:35,907:INFO:7
2020-06-06 11:50:48,306:INFO:ДУГААРАА СОНГОЖ БУЙ ХЭСЭГ
2020-06-06 11:50:48,306:INFO:7
2020-06-06 11:50:52,305:INFO:ДУГААРАА СОНГОЖ БУЙ ХЭСЭГ
2020-06-06 11:50:52,305:INFO:7
2020-06-06 11:50:56,375:INFO:ДУГААРЫН ҮНЭ
2020-06-06 11:50:56,378:INFO:10000
2020-06-06 11:51:22,873:INFO:ДУГААРЫН ҮНЭ
2020-06-06 11:51:22,876:INFO:10000
2020-06-06 11:51:44,174:INFO:ДУГААРЫН ҮНЭ
2020-06-06 11:51:44,177:INFO:10000
2020-06-06 11:52:11,099:INFO:ДУГААРЫН ҮНЭ
2020-06-06 11:52:11,102:INFO:10000
2020-06-06 11:52:35,556:INFO:ДУГААРЫН ZAHIALGA
2020-06-06 11:52:37,239:INFO:------------------------------------------------------------------------------------------------
2020-06-06 11:52:38,640:INFO:ДУГААРАА СОНГОЖ БУЙ ХЭСЭГ
2020-06-06 11:52:38,640:INFO:7
2020-06-06 11:52:49,257:INFO:------------------------------------------------------------------------------------------------
2020-06-06 11:53:00,219:INFO:------------------------------------------------------------------------------------------------
2020-06-06 11:53:01,330:INFO:ДУГААРАА СОНГОЖ БУЙ ХЭСЭГ
2020-06-06 11:53:01,330:INFO:7
2020-06-06 11:53:01,533:WARNING:Not Found: /favicon.ico
2020-06-06 11:54:44,241:INFO:ДУГААРЫН ҮНЭ
2020-06-06 11:54:44,243:INFO:10000
2020-06-06 11:55:06,690:INFO:------------------------------------------------------------------------------------------------
2020-06-06 11:58:13,326:INFO:------------------------------------------------------------------------------------------------
2020-06-06 11:58:18,389:INFO:ДУГААРАА СОНГОЖ БУЙ ХЭСЭГ
2020-06-06 11:58:18,389:INFO:2
2020-06-06 11:58:18,906:WARNING:Not Found: /favicon.ico
2020-06-06 11:59:08,570:INFO:ДУГААРЫН ҮНЭ
2020-06-06 11:59:08,573:INFO:5000
2020-06-06 11:59:57,980:INFO:------------------------------------------------------------------------------------------------
2020-06-06 11:59:58,920:INFO:ДУГААРАА СОНГОЖ БУЙ ХЭСЭГ
2020-06-06 11:59:58,920:INFO:7
2020-06-06 12:02:11,002:INFO:ДУГААРЫН ҮНЭ
2020-06-06 12:02:11,006:INFO:5000
2020-06-06 12:03:31,125:INFO:ДУГААРЫН ҮНЭ
2020-06-06 12:03:31,127:INFO:10000
2020-06-06 12:03:59,956:INFO:ДУГААРЫН ZAHIALGA
2020-06-06 12:04:20,124:INFO:------------------------------------------------------------------------------------------------
2020-06-06 12:06:00,078:INFO:------------------------------------------------------------------------------------------------
2020-06-06 12:06:08,211:INFO:ДУГААРЫН ҮНЭ
2020-06-06 12:06:08,213:INFO:5000
2020-06-06 12:06:51,038:INFO:------------------------------------------------------------------------------------------------
2020-06-06 12:06:52,140:INFO:ДУГААРАА СОНГОЖ БУЙ ХЭСЭГ
2020-06-06 12:06:52,140:INFO:2
2020-06-06 12:07:18,318:INFO:------------------------------------------------------------------------------------------------
2020-06-06 12:07:57,832:INFO:------------------------------------------------------------------------------------------------
2020-06-06 12:08:00,776:INFO:ДУГААРАА СОНГОЖ БУЙ ХЭСЭГ
2020-06-06 12:08:00,776:INFO:2
2020-06-06 12:09:25,812:INFO:ДУГААРЫН ҮНЭ
2020-06-06 12:09:25,815:INFO:5000
2020-06-06 12:09:39,195:INFO:------------------------------------------------------------------------------------------------
2020-06-06 12:09:40,978:INFO:ДУГААРАА СОНГОЖ БУЙ ХЭСЭГ
2020-06-06 12:09:40,978:INFO:2
2020-06-06 12:15:55,582:INFO:ДУГААРАА СОНГОЖ БУЙ ХЭСЭГ
2020-06-06 12:15:55,583:INFO:2
2020-06-06 12:15:57,347:INFO:ДУГААРАА СОНГОЖ БУЙ ХЭСЭГ
2020-06-06 12:15:57,347:INFO:2
2020-06-06 12:16:02,560:INFO:------------------------------------------------------------------------------------------------
2020-06-06 12:16:48,364:INFO:------------------------------------------------------------------------------------------------
2020-06-06 12:16:51,043:INFO:------------------------------------------------------------------------------------------------
2020-06-06 12:19:45,216:INFO:ДУГААРАА СОНГОЖ БУЙ ХЭСЭГ
2020-06-06 12:19:45,216:INFO:2
2020-06-06 12:21:10,708:INFO:------------------------------------------------------------------------------------------------
2020-06-06 12:21:15,724:INFO:------------------------------------------------------------------------------------------------
2020-06-06 12:21:27,431:INFO:ДУГААРАА СОНГОЖ БУЙ ХЭСЭГ
2020-06-06 12:21:27,432:INFO:2
2020-06-06 12:21:27,639:INFO:------------------------------------------------------------------------------------------------
2020-06-06 12:21:27,869:WARNING:Not Found: /favicon.ico
2020-06-06 12:23:10,429:INFO:------------------------------------------------------------------------------------------------
2020-06-06 12:23:11,452:INFO:ДУГААРАА СОНГОЖ БУЙ ХЭСЭГ
2020-06-06 12:23:11,453:INFO:2
2020-06-06 12:23:11,742:WARNING:Not Found: /favicon.ico
2020-06-06 12:24:42,701:INFO:------------------------------------------------------------------------------------------------
2020-06-06 12:26:47,543:INFO:ДУГААРАА СОНГОЖ БУЙ ХЭСЭГ
2020-06-06 12:26:47,543:INFO:2
2020-06-06 12:26:55,536:INFO:ДУГААРАА СОНГОЖ БУЙ ХЭСЭГ
2020-06-06 12:26:55,536:INFO:2
2020-06-06 12:26:56,733:INFO:ДУГААРАА СОНГОЖ БУЙ ХЭСЭГ
2020-06-06 12:26:56,733:INFO:2
2020-06-06 12:27:03,700:INFO:ДУГААРАА СОНГОЖ БУЙ ХЭСЭГ
2020-06-06 12:27:03,700:INFO:2
2020-06-06 12:28:21,963:INFO:------------------------------------------------------------------------------------------------
2020-06-06 12:30:38,479:INFO:------------------------------------------------------------------------------------------------
2020-06-06 12:30:39,540:INFO:ДУГААРАА СОНГОЖ БУЙ ХЭСЭГ
2020-06-06 12:30:39,541:INFO:2
2020-06-06 12:30:54,819:INFO:ДУГААРАА СОНГОЖ БУЙ ХЭСЭГ
2020-06-06 12:30:54,820:INFO:2
2020-06-06 12:35:04,307:INFO:------------------------------------------------------------------------------------------------
2020-06-06 12:35:05,681:INFO:ДУГААРАА СОНГОЖ БУЙ ХЭСЭГ
2020-06-06 12:35:05,681:INFO:2
2020-06-06 12:35:05,933:WARNING:Not Found: /favicon.ico
2020-06-06 12:35:45,077:INFO:------------------------------------------------------------------------------------------------
2020-06-06 12:35:45,795:INFO:ДУГААРАА СОНГОЖ БУЙ ХЭСЭГ
2020-06-06 12:35:45,795:INFO:2
2020-06-06 12:36:04,671:INFO:ДУГААРАА СОНГОЖ БУЙ ХЭСЭГ
2020-06-06 12:36:04,671:INFO:7
2020-06-06 12:36:31,927:INFO:ДУГААРАА СОНГОЖ БУЙ ХЭСЭГ
2020-06-06 12:36:31,927:INFO:7
2020-06-06 12:36:39,577:INFO:------------------------------------------------------------------------------------------------
2020-06-06 12:37:14,599:INFO:ДУГААРАА СОНГОЖ БУЙ ХЭСЭГ
2020-06-06 12:37:14,599:INFO:2
2020-06-06 12:37:14,881:WARNING:Not Found: /favicon.ico
2020-06-06 12:37:22,562:INFO:ДУГААРАА СОНГОЖ БУЙ ХЭСЭГ
2020-06-06 12:37:22,562:INFO:7
2020-06-06 12:37:29,033:INFO:ДУГААРАА СОНГОЖ БУЙ ХЭСЭГ
2020-06-06 12:37:29,033:INFO:7
2020-06-06 12:37:33,497:INFO:ДУГААРЫН ҮНЭ
2020-06-06 12:37:33,499:INFO:5000
2020-06-06 12:37:59,220:INFO:ДУГААРЫН ZAHIALGA
2020-06-06 12:38:45,965:INFO:ДУГААРАА СОНГОЖ БУЙ ХЭСЭГ
2020-06-06 12:38:45,965:INFO:7
2020-06-06 12:39:08,695:INFO:ДУГААРАА СОНГОЖ БУЙ ХЭСЭГ
2020-06-06 12:39:08,695:INFO:7
2020-06-06 12:39:59,365:INFO:------------------------------------------------------------------------------------------------
2020-06-06 12:40:15,609:INFO:ДУГААРЫН ҮНЭ
2020-06-06 12:40:15,612:INFO:10000
2020-06-06 12:40:41,290:INFO:------------------------------------------------------------------------------------------------
2020-06-06 12:40:42,952:INFO:ДУГААРАА СОНГОЖ БУЙ ХЭСЭГ
2020-06-06 12:40:42,952:INFO:7
2020-06-06 12:41:43,166:INFO:ДУГААРЫН ҮНЭ
2020-06-06 12:41:43,168:INFO:10000
2020-06-06 12:42:12,079:INFO:ДУГААРЫН ZAHIALGA
2020-06-06 12:42:16,653:INFO:------------------------------------------------------------------------------------------------
2020-06-06 12:42:18,696:INFO:ДУГААРАА СОНГОЖ БУЙ ХЭСЭГ
2020-06-06 12:42:18,696:INFO:7
2020-06-06 12:42:27,216:INFO:ДУГААРАА СОНГОЖ БУЙ ХЭСЭГ
2020-06-06 12:42:27,216:INFO:7
2020-06-06 12:43:11,102:INFO:------------------------------------------------------------------------------------------------
2020-06-06 12:50:30,080:INFO:------------------------------------------------------------------------------------------------
2020-06-06 12:50:31,084:INFO:ДУГААРАА СОНГОЖ БУЙ ХЭСЭГ
2020-06-06 12:50:31,084:INFO:2
2020-06-06 12:55:06,873:INFO:------------------------------------------------------------------------------------------------
2020-06-06 12:59:46,365:INFO:ДУГААРЫН ҮНЭ
2020-06-06 12:59:46,367:INFO:5000
2020-06-06 12:59:53,128:INFO:ДУГААРЫН ҮНЭ
2020-06-06 12:59:53,131:INFO:5000
2020-06-06 13:00:00,607:INFO:ДУГААРЫН ZAHIALGA
2020-06-06 13:00:50,897:INFO:------------------------------------------------------------------------------------------------
2020-06-06 13:02:00,721:INFO:------------------------------------------------------------------------------------------------
2020-06-06 13:03:12,573:INFO:ДУГААРАА СОНГОЖ БУЙ ХЭСЭГ
2020-06-06 13:03:12,573:INFO:7
2020-06-06 13:03:12,859:WARNING:Not Found: /favicon.ico
2020-06-06 13:03:35,286:INFO:------------------------------------------------------------------------------------------------
2020-06-06 13:04:22,457:INFO:------------------------------------------------------------------------------------------------
2020-06-06 13:04:25,059:INFO:ДУГААРЫН ҮНЭ
2020-06-06 13:04:25,063:INFO:5000
2020-06-06 13:12:08,903:INFO:ДУГААРАА СОНГОЖ БУЙ ХЭСЭГ
2020-06-06 13:12:08,903:INFO:2
2020-06-06 13:16:02,767:INFO:------------------------------------------------------------------------------------------------
2020-06-06 13:16:55,619:INFO:------------------------------------------------------------------------------------------------
2020-06-06 13:16:59,104:INFO:------------------------------------------------------------------------------------------------
2020-06-06 13:22:04,206:INFO:------------------------------------------------------------------------------------------------
2020-06-06 13:22:05,133:INFO:ДУГААРАА СОНГОЖ БУЙ ХЭСЭГ
2020-06-06 13:22:05,133:INFO:7
2020-06-06 13:22:28,574:INFO:------------------------------------------------------------------------------------------------
2020-06-06 13:27:36,768:INFO:ДУГААРАА СОНГОЖ БУЙ ХЭСЭГ
2020-06-06 13:27:36,768:INFO:2
2020-06-06 13:28:26,656:INFO:------------------------------------------------------------------------------------------------
2020-06-06 13:29:57,866:INFO:ДУГААРЫН ҮНЭ
2020-06-06 13:29:57,868:INFO:5000
2020-06-06 13:33:18,539:INFO:------------------------------------------------------------------------------------------------
2020-06-06 13:33:23,465:INFO:ДУГААРАА СОНГОЖ БУЙ ХЭСЭГ
2020-06-06 13:33:23,466:INFO:2
2020-06-06 13:35:14,993:INFO:------------------------------------------------------------------------------------------------
2020-06-06 13:35:52,482:INFO:------------------------------------------------------------------------------------------------
2020-06-06 13:35:55,538:INFO:ДУГААРАА СОНГОЖ БУЙ ХЭСЭГ
2020-06-06 13:35:55,538:INFO:7
2020-06-06 13:35:56,195:WARNING:Not Found: /favicon.ico
2020-06-06 13:36:54,888:ERROR:Internal Server Error: /getnumber
Traceback (most recent call last):
  File "/usr/local/lib/python2.7/dist-packages/django/core/handlers/exception.py", line 41, in inner
    response = get_response(request)
  File "/usr/local/lib/python2.7/dist-packages/django/core/handlers/base.py", line 187, in _get_response
    response = self.process_exception_by_middleware(e, request)
  File "/usr/local/lib/python2.7/dist-packages/django/core/handlers/base.py", line 185, in _get_response
    response = wrapped_callback(request, *callback_args, **callback_kwargs)
  File "/usr/local/lib/python2.7/dist-packages/django/views/decorators/csrf.py", line 58, in wrapped_view
    return view_func(*args, **kwargs)
  File "/usr/local/lib/python2.7/dist-packages/django/views/generic/base.py", line 68, in view
    return self.dispatch(request, *args, **kwargs)
  File "/usr/local/lib/python2.7/dist-packages/rest_framework/views.py", line 495, in dispatch
    response = self.handle_exception(exc)
  File "/usr/local/lib/python2.7/dist-packages/rest_framework/views.py", line 455, in handle_exception
    self.raise_uncaught_exception(exc)
  File "/usr/local/lib/python2.7/dist-packages/rest_framework/views.py", line 492, in dispatch
    response = handler(request, *args, **kwargs)
  File "/usr/local/lib/python2.7/dist-packages/rest_framework/decorators.py", line 55, in handler
    return func(*args, **kwargs)
  File "/home/user/nFilterNew/controller/views.py", line 206, in getNumber
    if data[1] == az:
IndexError: list index out of range
2020-06-06 13:39:59,472:INFO:------------------------------------------------------------------------------------------------
2020-06-06 13:46:06,321:INFO:ДУГААРАА СОНГОЖ БУЙ ХЭСЭГ
2020-06-06 13:46:06,322:INFO:7
2020-06-06 13:46:11,059:WARNING:Not Found: /
2020-06-06 13:46:19,788:INFO:------------------------------------------------------------------------------------------------
2020-06-06 13:46:21,968:INFO:ДУГААРАА СОНГОЖ БУЙ ХЭСЭГ
2020-06-06 13:46:21,968:INFO:2
2020-06-06 13:47:02,839:INFO:------------------------------------------------------------------------------------------------
2020-06-06 13:47:05,523:INFO:ДУГААРАА СОНГОЖ БУЙ ХЭСЭГ
2020-06-06 13:47:05,523:INFO:7
2020-06-06 13:47:05,956:WARNING:Not Found: /favicon.ico
2020-06-06 13:47:05,968:WARNING:Not Found: /favicon.ico
2020-06-06 13:47:13,234:INFO:------------------------------------------------------------------------------------------------
2020-06-06 13:50:57,040:INFO:ДУГААРАА СОНГОЖ БУЙ ХЭСЭГ
2020-06-06 13:50:57,040:INFO:2
2020-06-06 13:51:36,135:INFO:ДУГААРАА СОНГОЖ БУЙ ХЭСЭГ
2020-06-06 13:51:36,135:INFO:2
2020-06-06 13:52:02,623:INFO:ДУГААРАА СОНГОЖ БУЙ ХЭСЭГ
2020-06-06 13:52:02,623:INFO:2
2020-06-06 13:54:06,795:INFO:ДУГААРАА СОНГОЖ БУЙ ХЭСЭГ
2020-06-06 13:54:06,795:INFO:2
2020-06-06 13:54:07,196:WARNING:Not Found: /favicon.ico
2020-06-06 13:54:07,202:WARNING:Not Found: /favicon.ico
2020-06-06 13:54:32,146:INFO:ДУГААРЫН ҮНЭ
2020-06-06 13:54:32,149:INFO:5000
2020-06-06 13:55:07,081:INFO:------------------------------------------------------------------------------------------------
2020-06-06 13:57:13,935:WARNING:Not Found: /favicon.ico
2020-06-06 13:58:08,591:INFO:------------------------------------------------------------------------------------------------
2020-06-06 13:58:11,658:INFO:ДУГААРАА СОНГОЖ БУЙ ХЭСЭГ
2020-06-06 13:58:11,658:INFO:2
2020-06-06 13:58:12,248:WARNING:Not Found: /favicon.ico
2020-06-06 13:58:14,110:INFO:------------------------------------------------------------------------------------------------
2020-06-06 13:58:15,302:INFO:ДУГААРАА СОНГОЖ БУЙ ХЭСЭГ
2020-06-06 13:58:15,302:INFO:2
2020-06-06 13:58:37,347:INFO:ДУГААРЫН ҮНЭ
2020-06-06 13:58:37,350:INFO:5000
2020-06-06 13:58:45,613:INFO:ДУГААРЫН ZAHIALGA
2020-06-06 13:58:47,134:INFO:------------------------------------------------------------------------------------------------
2020-06-06 14:02:00,828:INFO:------------------------------------------------------------------------------------------------
2020-06-06 14:03:21,267:INFO:------------------------------------------------------------------------------------------------
2020-06-06 14:03:22,232:INFO:ДУГААРАА СОНГОЖ БУЙ ХЭСЭГ
2020-06-06 14:03:22,232:INFO:2
2020-06-06 14:03:22,404:WARNING:Not Found: /favicon.ico
2020-06-06 14:03:35,466:INFO:------------------------------------------------------------------------------------------------
2020-06-06 14:04:25,118:INFO:------------------------------------------------------------------------------------------------
2020-06-06 14:07:47,688:INFO:ДУГААРАА СОНГОЖ БУЙ ХЭСЭГ
2020-06-06 14:07:47,689:INFO:7
2020-06-06 14:07:49,873:WARNING:Not Found: /favicon.ico
2020-06-06 14:08:42,382:INFO:ДУГААРАА СОНГОЖ БУЙ ХЭСЭГ
2020-06-06 14:08:42,382:INFO:7
2020-06-06 14:09:39,996:INFO:ДУГААРАА СОНГОЖ БУЙ ХЭСЭГ
2020-06-06 14:09:39,996:INFO:2
2020-06-06 14:10:48,637:INFO:ДУГААРЫН ҮНЭ
2020-06-06 14:10:48,639:INFO:5000
2020-06-06 14:13:17,957:INFO:ДУГААРАА СОНГОЖ БУЙ ХЭСЭГ
2020-06-06 14:13:17,957:INFO:7
2020-06-06 14:14:09,272:INFO:ДУГААРАА СОНГОЖ БУЙ ХЭСЭГ
2020-06-06 14:14:09,273:INFO:7
2020-06-06 14:15:04,031:INFO:------------------------------------------------------------------------------------------------
2020-06-06 14:15:05,058:INFO:ДУГААРАА СОНГОЖ БУЙ ХЭСЭГ
2020-06-06 14:15:05,058:INFO:2
2020-06-06 14:15:31,608:INFO:ДУГААРАА СОНГОЖ БУЙ ХЭСЭГ
2020-06-06 14:15:31,609:INFO:7
2020-06-06 14:15:49,101:INFO:ДУГААРАА СОНГОЖ БУЙ ХЭСЭГ
2020-06-06 14:15:49,102:INFO:7
2020-06-06 14:15:55,049:INFO:ДУГААРАА СОНГОЖ БУЙ ХЭСЭГ
2020-06-06 14:15:55,049:INFO:7
2020-06-06 14:15:57,210:INFO:ДУГААРАА СОНГОЖ БУЙ ХЭСЭГ
2020-06-06 14:15:57,210:INFO:7
2020-06-06 14:16:03,008:INFO:------------------------------------------------------------------------------------------------
2020-06-06 14:16:04,031:INFO:ДУГААРАА СОНГОЖ БУЙ ХЭСЭГ
2020-06-06 14:16:04,031:INFO:7
2020-06-06 14:16:15,969:INFO:ДУГААРАА СОНГОЖ БУЙ ХЭСЭГ
2020-06-06 14:16:15,969:INFO:7
2020-06-06 14:16:28,181:INFO:------------------------------------------------------------------------------------------------
2020-06-06 14:16:29,255:INFO:ДУГААРАА СОНГОЖ БУЙ ХЭСЭГ
2020-06-06 14:16:29,255:INFO:2
2020-06-06 14:16:51,029:INFO:ДУГААРАА СОНГОЖ БУЙ ХЭСЭГ
2020-06-06 14:16:51,029:INFO:7
2020-06-06 14:17:00,216:INFO:------------------------------------------------------------------------------------------------
2020-06-06 14:17:08,555:INFO:ДУГААРАА СОНГОЖ БУЙ ХЭСЭГ
2020-06-06 14:17:08,555:INFO:7
2020-06-06 14:17:27,505:ERROR:Internal Server Error: /getnumber
Traceback (most recent call last):
  File "/usr/local/lib/python2.7/dist-packages/django/core/handlers/exception.py", line 41, in inner
    response = get_response(request)
  File "/usr/local/lib/python2.7/dist-packages/django/core/handlers/base.py", line 187, in _get_response
    response = self.process_exception_by_middleware(e, request)
  File "/usr/local/lib/python2.7/dist-packages/django/core/handlers/base.py", line 185, in _get_response
    response = wrapped_callback(request, *callback_args, **callback_kwargs)
  File "/usr/local/lib/python2.7/dist-packages/django/views/decorators/csrf.py", line 58, in wrapped_view
    return view_func(*args, **kwargs)
  File "/usr/local/lib/python2.7/dist-packages/django/views/generic/base.py", line 68, in view
    return self.dispatch(request, *args, **kwargs)
  File "/usr/local/lib/python2.7/dist-packages/rest_framework/views.py", line 495, in dispatch
    response = self.handle_exception(exc)
  File "/usr/local/lib/python2.7/dist-packages/rest_framework/views.py", line 455, in handle_exception
    self.raise_uncaught_exception(exc)
  File "/usr/local/lib/python2.7/dist-packages/rest_framework/views.py", line 492, in dispatch
    response = handler(request, *args, **kwargs)
  File "/usr/local/lib/python2.7/dist-packages/rest_framework/decorators.py", line 55, in handler
    return func(*args, **kwargs)
  File "/home/user/nFilterNew/controller/views.py", line 206, in getNumber
    if data[1] == az:
IndexError: list index out of range
2020-06-06 14:19:56,281:INFO:ДУГААРАА СОНГОЖ БУЙ ХЭСЭГ
2020-06-06 14:19:56,281:INFO:7
2020-06-06 14:20:03,354:INFO:ДУГААРАА СОНГОЖ БУЙ ХЭСЭГ
2020-06-06 14:20:03,354:INFO:7
2020-06-06 14:20:28,921:INFO:ДУГААРАА СОНГОЖ БУЙ ХЭСЭГ
2020-06-06 14:20:28,922:INFO:7
2020-06-06 14:20:35,911:INFO:ДУГААРАА СОНГОЖ БУЙ ХЭСЭГ
2020-06-06 14:20:35,912:INFO:7
2020-06-06 14:26:15,663:INFO:------------------------------------------------------------------------------------------------
2020-06-06 14:26:16,365:INFO:ДУГААРАА СОНГОЖ БУЙ ХЭСЭГ
2020-06-06 14:26:16,365:INFO:2
2020-06-06 14:26:28,578:INFO:ДУГААРАА СОНГОЖ БУЙ ХЭСЭГ
2020-06-06 14:26:28,579:INFO:7
2020-06-06 14:26:31,401:INFO:ДУГААРАА СОНГОЖ БУЙ ХЭСЭГ
2020-06-06 14:26:31,401:INFO:7
2020-06-06 14:27:14,100:INFO:ДУГААРЫН ҮНЭ
2020-06-06 14:27:14,102:INFO:5000
2020-06-06 14:27:30,238:INFO:ДУГААРАА СОНГОЖ БУЙ ХЭСЭГ
2020-06-06 14:27:30,239:INFO:2
2020-06-06 14:28:31,382:INFO:------------------------------------------------------------------------------------------------
2020-06-06 14:28:33,085:INFO:ДУГААРЫН ҮНЭ
2020-06-06 14:28:33,087:INFO:5000
2020-06-06 14:28:47,941:INFO:ДУГААРЫН ZAHIALGA
2020-06-06 14:30:25,113:INFO:------------------------------------------------------------------------------------------------
2020-06-06 14:30:37,646:INFO:ДУГААРАА СОНГОЖ БУЙ ХЭСЭГ
2020-06-06 14:30:37,646:INFO:2
2020-06-06 14:30:37,901:WARNING:Not Found: /favicon.ico
2020-06-06 14:30:39,021:INFO:------------------------------------------------------------------------------------------------
2020-06-06 14:30:47,916:INFO:------------------------------------------------------------------------------------------------
2020-06-06 14:30:48,076:INFO:------------------------------------------------------------------------------------------------
2020-06-06 14:30:48,985:INFO:ДУГААРАА СОНГОЖ БУЙ ХЭСЭГ
2020-06-06 14:30:48,986:INFO:2
2020-06-06 14:30:49,293:WARNING:Not Found: /favicon.ico
2020-06-06 14:30:49,304:WARNING:Not Found: /favicon.ico
2020-06-06 14:31:39,812:INFO:ДУГААРАА СОНГОЖ БУЙ ХЭСЭГ
2020-06-06 14:31:39,812:INFO:2
2020-06-06 14:31:42,571:INFO:ДУГААРАА СОНГОЖ БУЙ ХЭСЭГ
2020-06-06 14:31:42,571:INFO:2
2020-06-06 14:31:46,396:INFO:ДУГААРЫН ҮНЭ
2020-06-06 14:31:46,399:INFO:5000
2020-06-06 14:31:50,301:INFO:ДУГААРАА СОНГОЖ БУЙ ХЭСЭГ
2020-06-06 14:31:50,302:INFO:2
2020-06-06 14:35:35,099:INFO:------------------------------------------------------------------------------------------------
2020-06-06 14:35:57,891:INFO:ДУГААРАА СОНГОЖ БУЙ ХЭСЭГ
2020-06-06 14:35:57,891:INFO:2
2020-06-06 14:36:01,499:INFO:------------------------------------------------------------------------------------------------
2020-06-06 14:36:02,556:INFO:ДУГААРАА СОНГОЖ БУЙ ХЭСЭГ
2020-06-06 14:36:02,557:INFO:2
2020-06-06 14:36:54,780:INFO:ДУГААРЫН ҮНЭ
2020-06-06 14:36:54,783:INFO:5000
2020-06-06 14:37:03,080:INFO:ДУГААРЫН ZAHIALGA
2020-06-06 14:37:41,210:INFO:------------------------------------------------------------------------------------------------
2020-06-06 14:37:42,488:INFO:ДУГААРАА СОНГОЖ БУЙ ХЭСЭГ
2020-06-06 14:37:42,489:INFO:2
2020-06-06 14:39:03,287:INFO:------------------------------------------------------------------------------------------------
2020-06-06 14:41:56,608:INFO:ДУГААРЫН ҮНЭ
2020-06-06 14:41:56,610:INFO:5000
2020-06-06 14:42:18,907:INFO:ДУГААРЫН ҮНЭ
2020-06-06 14:42:18,910:INFO:5000
2020-06-06 14:43:26,854:INFO:ДУГААРАА СОНГОЖ БУЙ ХЭСЭГ
2020-06-06 14:43:26,854:INFO:2
2020-06-06 14:43:41,758:INFO:ДУГААРАА СОНГОЖ БУЙ ХЭСЭГ
2020-06-06 14:43:41,758:INFO:2
2020-06-06 14:43:42,839:INFO:------------------------------------------------------------------------------------------------
2020-06-06 14:43:43,884:INFO:ДУГААРАА СОНГОЖ БУЙ ХЭСЭГ
2020-06-06 14:43:43,884:INFO:2
2020-06-06 14:43:56,805:INFO:------------------------------------------------------------------------------------------------
2020-06-06 14:43:57,829:INFO:ДУГААРАА СОНГОЖ БУЙ ХЭСЭГ
2020-06-06 14:43:57,830:INFO:2
2020-06-06 14:44:49,436:INFO:ДУГААРАА СОНГОЖ БУЙ ХЭСЭГ
2020-06-06 14:44:49,437:INFO:2
2020-06-06 14:47:13,412:INFO:------------------------------------------------------------------------------------------------
2020-06-06 14:47:16,663:INFO:ДУГААРАА СОНГОЖ БУЙ ХЭСЭГ
2020-06-06 14:47:16,663:INFO:2
2020-06-06 14:47:16,941:WARNING:Not Found: /favicon.ico
2020-06-06 14:47:42,873:INFO:ДУГААРАА СОНГОЖ БУЙ ХЭСЭГ
2020-06-06 14:47:42,874:INFO:2
2020-06-06 14:47:46,133:INFO:ДУГААРАА СОНГОЖ БУЙ ХЭСЭГ
2020-06-06 14:47:46,134:INFO:2
2020-06-06 14:47:47,965:INFO:ДУГААРАА СОНГОЖ БУЙ ХЭСЭГ
2020-06-06 14:47:47,965:INFO:2
2020-06-06 14:47:53,103:INFO:ДУГААРАА СОНГОЖ БУЙ ХЭСЭГ
2020-06-06 14:47:53,103:INFO:2
2020-06-06 14:47:55,199:INFO:ДУГААРАА СОНГОЖ БУЙ ХЭСЭГ
2020-06-06 14:47:55,200:INFO:2
2020-06-06 14:48:02,076:INFO:ДУГААРАА СОНГОЖ БУЙ ХЭСЭГ
2020-06-06 14:48:02,076:INFO:2
2020-06-06 14:48:39,440:INFO:ДУГААРАА СОНГОЖ БУЙ ХЭСЭГ
2020-06-06 14:48:39,440:INFO:2
2020-06-06 14:49:44,994:INFO:------------------------------------------------------------------------------------------------
2020-06-06 14:49:47,749:INFO:ДУГААРАА СОНГОЖ БУЙ ХЭСЭГ
2020-06-06 14:49:47,749:INFO:2
2020-06-06 14:49:48,261:INFO:ДУГААРАА СОНГОЖ БУЙ ХЭСЭГ
2020-06-06 14:49:48,261:INFO:2
2020-06-06 14:49:55,822:INFO:ДУГААРАА СОНГОЖ БУЙ ХЭСЭГ
2020-06-06 14:49:55,822:INFO:2
2020-06-06 14:49:59,449:INFO:ДУГААРАА СОНГОЖ БУЙ ХЭСЭГ
2020-06-06 14:49:59,449:INFO:2
2020-06-06 14:50:00,461:INFO:ДУГААРАА СОНГОЖ БУЙ ХЭСЭГ
2020-06-06 14:50:00,461:INFO:2
2020-06-06 14:50:01,247:INFO:ДУГААРАА СОНГОЖ БУЙ ХЭСЭГ
2020-06-06 14:50:01,248:INFO:2
2020-06-06 14:50:02,147:INFO:ДУГААРАА СОНГОЖ БУЙ ХЭСЭГ
2020-06-06 14:50:02,147:INFO:2
2020-06-06 14:50:31,689:ERROR:Internal Server Error: /getnumber
Traceback (most recent call last):
  File "/usr/local/lib/python2.7/dist-packages/django/core/handlers/exception.py", line 41, in inner
    response = get_response(request)
  File "/usr/local/lib/python2.7/dist-packages/django/core/handlers/base.py", line 187, in _get_response
    response = self.process_exception_by_middleware(e, request)
  File "/usr/local/lib/python2.7/dist-packages/django/core/handlers/base.py", line 185, in _get_response
    response = wrapped_callback(request, *callback_args, **callback_kwargs)
  File "/usr/local/lib/python2.7/dist-packages/django/views/decorators/csrf.py", line 58, in wrapped_view
    return view_func(*args, **kwargs)
  File "/usr/local/lib/python2.7/dist-packages/django/views/generic/base.py", line 68, in view
    return self.dispatch(request, *args, **kwargs)
  File "/usr/local/lib/python2.7/dist-packages/rest_framework/views.py", line 495, in dispatch
    response = self.handle_exception(exc)
  File "/usr/local/lib/python2.7/dist-packages/rest_framework/views.py", line 455, in handle_exception
    self.raise_uncaught_exception(exc)
  File "/usr/local/lib/python2.7/dist-packages/rest_framework/views.py", line 492, in dispatch
    response = handler(request, *args, **kwargs)
  File "/usr/local/lib/python2.7/dist-packages/rest_framework/decorators.py", line 55, in handler
    return func(*args, **kwargs)
  File "/home/user/nFilterNew/controller/views.py", line 206, in getNumber
    if data[1] == az:
IndexError: list index out of range
2020-06-06 14:50:38,832:INFO:ДУГААРАА СОНГОЖ БУЙ ХЭСЭГ
2020-06-06 14:50:38,832:INFO:2
2020-06-06 14:51:41,350:INFO:ДУГААРАА СОНГОЖ БУЙ ХЭСЭГ
2020-06-06 14:51:41,351:INFO:2
2020-06-06 14:53:02,958:INFO:ДУГААРАА СОНГОЖ БУЙ ХЭСЭГ
2020-06-06 14:53:02,958:INFO:2
2020-06-06 14:55:46,579:INFO:ДУГААРАА СОНГОЖ БУЙ ХЭСЭГ
2020-06-06 14:55:46,579:INFO:2
2020-06-06 15:02:27,122:INFO:------------------------------------------------------------------------------------------------
2020-06-06 15:02:27,980:INFO:ДУГААРАА СОНГОЖ БУЙ ХЭСЭГ
2020-06-06 15:02:27,980:INFO:7
2020-06-06 15:02:29,974:INFO:------------------------------------------------------------------------------------------------
2020-06-06 15:02:30,643:INFO:ДУГААРАА СОНГОЖ БУЙ ХЭСЭГ
2020-06-06 15:02:30,643:INFO:7
2020-06-06 15:02:50,656:INFO:ДУГААРАА СОНГОЖ БУЙ ХЭСЭГ
2020-06-06 15:02:50,656:INFO:7
2020-06-06 15:02:50,922:INFO:ДУГААРАА СОНГОЖ БУЙ ХЭСЭГ
2020-06-06 15:02:50,922:INFO:7
2020-06-06 15:03:00,243:WARNING:Not Found: /favicon.ico
2020-06-06 15:03:03,036:INFO:ДУГААРАА СОНГОЖ БУЙ ХЭСЭГ
2020-06-06 15:03:03,036:INFO:7
2020-06-06 15:03:04,437:INFO:ДУГААРАА СОНГОЖ БУЙ ХЭСЭГ
2020-06-06 15:03:04,437:INFO:7
2020-06-06 15:03:05,501:INFO:ДУГААРАА СОНГОЖ БУЙ ХЭСЭГ
2020-06-06 15:03:05,501:INFO:7
2020-06-06 15:03:08,316:INFO:ДУГААРАА СОНГОЖ БУЙ ХЭСЭГ
2020-06-06 15:03:08,317:INFO:7
2020-06-06 15:03:12,374:INFO:ДУГААРАА СОНГОЖ БУЙ ХЭСЭГ
2020-06-06 15:03:12,374:INFO:7
2020-06-06 15:03:35,600:INFO:------------------------------------------------------------------------------------------------
2020-06-06 15:04:00,646:INFO:------------------------------------------------------------------------------------------------
2020-06-06 15:04:01,312:INFO:ДУГААРАА СОНГОЖ БУЙ ХЭСЭГ
2020-06-06 15:04:01,312:INFO:7
2020-06-06 15:04:18,055:INFO:ДУГААРАА СОНГОЖ БУЙ ХЭСЭГ
2020-06-06 15:04:18,056:INFO:7
2020-06-06 15:04:54,689:INFO:------------------------------------------------------------------------------------------------
2020-06-06 15:04:55,374:INFO:ДУГААРАА СОНГОЖ БУЙ ХЭСЭГ
2020-06-06 15:04:55,375:INFO:7
2020-06-06 15:04:57,015:INFO:------------------------------------------------------------------------------------------------
2020-06-06 15:04:57,653:INFO:ДУГААРАА СОНГОЖ БУЙ ХЭСЭГ
2020-06-06 15:04:57,653:INFO:7
2020-06-06 15:05:04,667:INFO:ДУГААРАА СОНГОЖ БУЙ ХЭСЭГ
2020-06-06 15:05:04,667:INFO:7
2020-06-06 15:05:30,255:INFO:------------------------------------------------------------------------------------------------
2020-06-06 15:05:31,089:INFO:ДУГААРАА СОНГОЖ БУЙ ХЭСЭГ
2020-06-06 15:05:31,090:INFO:7
2020-06-06 15:06:59,209:INFO:------------------------------------------------------------------------------------------------
2020-06-06 15:07:00,286:INFO:ДУГААРАА СОНГОЖ БУЙ ХЭСЭГ
2020-06-06 15:07:00,286:INFO:7
2020-06-06 15:07:11,556:INFO:ДУГААРЫН ҮНЭ
2020-06-06 15:07:11,559:INFO:10000
2020-06-06 15:07:24,090:INFO:ДУГААРЫН ZAHIALGA
2020-06-06 15:07:25,352:INFO:------------------------------------------------------------------------------------------------
2020-06-06 15:15:26,423:INFO:------------------------------------------------------------------------------------------------
2020-06-06 15:15:29,425:INFO:ДУГААРАА СОНГОЖ БУЙ ХЭСЭГ
2020-06-06 15:15:29,426:INFO:2
2020-06-06 15:15:43,138:WARNING:Not Found: /favicon.ico
2020-06-06 15:17:04,809:INFO:------------------------------------------------------------------------------------------------
2020-06-06 15:17:23,853:INFO:ДУГААРЫН ҮНЭ
2020-06-06 15:17:23,855:INFO:5000
2020-06-06 15:17:34,620:INFO:ДУГААРАА СОНГОЖ БУЙ ХЭСЭГ
2020-06-06 15:17:34,620:INFO:7
2020-06-06 15:17:34,962:WARNING:Not Found: /favicon.ico
2020-06-06 15:20:20,017:WARNING:Not Found: /
2020-06-06 15:20:20,183:WARNING:Not Found: /favicon.ico
2020-06-06 15:20:37,614:WARNING:Not Found: /
2020-06-06 15:20:50,547:WARNING:Not Found: /
2020-06-06 15:21:01,183:INFO:ДУГААРАА СОНГОЖ БУЙ ХЭСЭГ
2020-06-06 15:21:01,184:ERROR:Internal Server Error: /postpaid
Traceback (most recent call last):
  File "/usr/local/lib/python2.7/dist-packages/django/core/handlers/exception.py", line 41, in inner
    response = get_response(request)
  File "/usr/local/lib/python2.7/dist-packages/django/core/handlers/base.py", line 187, in _get_response
    response = self.process_exception_by_middleware(e, request)
  File "/usr/local/lib/python2.7/dist-packages/django/core/handlers/base.py", line 185, in _get_response
    response = wrapped_callback(request, *callback_args, **callback_kwargs)
  File "/home/user/nFilterNew/controller/views.py", line 36, in getprepix
    numbertype = request.GET["numbertype"]
  File "/usr/local/lib/python2.7/dist-packages/django/utils/datastructures.py", line 85, in __getitem__
    raise MultiValueDictKeyError(repr(key))
MultiValueDictKeyError: "'numbertype'"
2020-06-06 15:21:13,094:INFO:------------------------------------------------------------------------------------------------
2020-06-06 15:21:14,583:INFO:ДУГААРАА СОНГОЖ БУЙ ХЭСЭГ
2020-06-06 15:21:14,583:INFO:7
2020-06-06 15:21:18,070:INFO:ДУГААРАА СОНГОЖ БУЙ ХЭСЭГ
2020-06-06 15:21:18,070:INFO:7
2020-06-06 15:23:26,042:INFO:ДУГААРАА СОНГОЖ БУЙ ХЭСЭГ
2020-06-06 15:23:26,042:INFO:2
2020-06-06 15:23:26,569:WARNING:Not Found: /favicon.ico
2020-06-06 15:24:29,641:INFO:ДУГААРЫН ҮНЭ
2020-06-06 15:24:29,644:INFO:5000
2020-06-06 15:25:37,455:INFO:------------------------------------------------------------------------------------------------
2020-06-06 15:25:40,306:INFO:ДУГААРАА СОНГОЖ БУЙ ХЭСЭГ
2020-06-06 15:25:40,306:INFO:2
2020-06-06 15:27:03,775:INFO:ДУГААРАА СОНГОЖ БУЙ ХЭСЭГ
2020-06-06 15:27:03,775:INFO:2
2020-06-06 15:27:06,307:INFO:ДУГААРАА СОНГОЖ БУЙ ХЭСЭГ
2020-06-06 15:27:06,307:INFO:2
2020-06-06 15:27:16,041:INFO:ДУГААРАА СОНГОЖ БУЙ ХЭСЭГ
2020-06-06 15:27:16,041:INFO:2
2020-06-06 15:27:18,034:INFO:------------------------------------------------------------------------------------------------
2020-06-06 15:27:27,024:INFO:ДУГААРАА СОНГОЖ БУЙ ХЭСЭГ
2020-06-06 15:27:27,024:INFO:3
2020-06-06 15:27:51,189:INFO:------------------------------------------------------------------------------------------------
2020-06-06 15:27:52,656:INFO:ДУГААРАА СОНГОЖ БУЙ ХЭСЭГ
2020-06-06 15:27:52,657:INFO:2
2020-06-06 15:27:52,962:WARNING:Not Found: /favicon.ico
2020-06-06 15:28:36,199:INFO:------------------------------------------------------------------------------------------------
2020-06-06 15:30:48,176:INFO:------------------------------------------------------------------------------------------------
2020-06-06 15:37:48,952:INFO:------------------------------------------------------------------------------------------------
2020-06-06 15:37:50,539:INFO:ДУГААРАА СОНГОЖ БУЙ ХЭСЭГ
2020-06-06 15:37:50,539:INFO:7
2020-06-06 15:38:35,969:INFO:------------------------------------------------------------------------------------------------
2020-06-06 15:38:36,889:INFO:ДУГААРАА СОНГОЖ БУЙ ХЭСЭГ
2020-06-06 15:38:36,889:INFO:7
2020-06-06 15:38:41,234:ERROR:Internal Server Error: /getnumber
Traceback (most recent call last):
  File "/usr/local/lib/python2.7/dist-packages/django/core/handlers/exception.py", line 41, in inner
    response = get_response(request)
  File "/usr/local/lib/python2.7/dist-packages/django/core/handlers/base.py", line 187, in _get_response
    response = self.process_exception_by_middleware(e, request)
  File "/usr/local/lib/python2.7/dist-packages/django/core/handlers/base.py", line 185, in _get_response
    response = wrapped_callback(request, *callback_args, **callback_kwargs)
  File "/usr/local/lib/python2.7/dist-packages/django/views/decorators/csrf.py", line 58, in wrapped_view
    return view_func(*args, **kwargs)
  File "/usr/local/lib/python2.7/dist-packages/django/views/generic/base.py", line 68, in view
    return self.dispatch(request, *args, **kwargs)
  File "/usr/local/lib/python2.7/dist-packages/rest_framework/views.py", line 495, in dispatch
    response = self.handle_exception(exc)
  File "/usr/local/lib/python2.7/dist-packages/rest_framework/views.py", line 455, in handle_exception
    self.raise_uncaught_exception(exc)
  File "/usr/local/lib/python2.7/dist-packages/rest_framework/views.py", line 492, in dispatch
    response = handler(request, *args, **kwargs)
  File "/usr/local/lib/python2.7/dist-packages/rest_framework/decorators.py", line 55, in handler
    return func(*args, **kwargs)
  File "/home/user/nFilterNew/controller/views.py", line 206, in getNumber
    if data[1] == az:
IndexError: list index out of range
2020-06-06 15:39:03,593:INFO:------------------------------------------------------------------------------------------------
2020-06-06 15:47:13,972:INFO:------------------------------------------------------------------------------------------------
2020-06-06 15:50:49,298:INFO:------------------------------------------------------------------------------------------------
2020-06-06 15:50:50,514:INFO:ДУГААРАА СОНГОЖ БУЙ ХЭСЭГ
2020-06-06 15:50:50,515:INFO:2
2020-06-06 16:07:25,651:INFO:------------------------------------------------------------------------------------------------
2020-06-06 16:13:25,705:INFO:ДУГААРАА СОНГОЖ БУЙ ХЭСЭГ
2020-06-06 16:13:25,706:INFO:7
2020-06-06 16:13:32,885:INFO:------------------------------------------------------------------------------------------------
2020-06-06 16:13:34,134:INFO:ДУГААРАА СОНГОЖ БУЙ ХЭСЭГ
2020-06-06 16:13:34,134:INFO:2
2020-06-06 16:13:35,935:INFO:ДУГААРАА СОНГОЖ БУЙ ХЭСЭГ
2020-06-06 16:13:35,935:INFO:2
2020-06-06 16:15:16,632:INFO:ДУГААРАА СОНГОЖ БУЙ ХЭСЭГ
2020-06-06 16:15:16,632:INFO:2
2020-06-06 16:16:15,041:INFO:ДУГААРАА СОНГОЖ БУЙ ХЭСЭГ
2020-06-06 16:16:15,041:INFO:2
2020-06-06 16:16:33,091:INFO:ДУГААРАА СОНГОЖ БУЙ ХЭСЭГ
2020-06-06 16:16:33,091:INFO:2
2020-06-06 16:16:48,418:INFO:------------------------------------------------------------------------------------------------
2020-06-06 16:17:17,590:INFO:ДУГААРАА СОНГОЖ БУЙ ХЭСЭГ
2020-06-06 16:17:17,590:INFO:7
2020-06-06 16:17:18,365:INFO:------------------------------------------------------------------------------------------------
2020-06-06 16:17:19,602:INFO:ДУГААРАА СОНГОЖ БУЙ ХЭСЭГ
2020-06-06 16:17:19,602:INFO:2
2020-06-06 16:19:50,390:INFO:ДУГААРАА СОНГОЖ БУЙ ХЭСЭГ
2020-06-06 16:19:50,390:INFO:2
2020-06-06 16:19:52,257:INFO:ДУГААРАА СОНГОЖ БУЙ ХЭСЭГ
2020-06-06 16:19:52,258:INFO:2
2020-06-06 16:19:55,510:INFO:ДУГААРАА СОНГОЖ БУЙ ХЭСЭГ
2020-06-06 16:19:55,510:INFO:2
2020-06-06 16:20:06,085:INFO:ДУГААРЫН ҮНЭ
2020-06-06 16:20:06,088:INFO:5000
2020-06-06 16:26:54,092:INFO:------------------------------------------------------------------------------------------------
2020-06-06 16:26:55,382:INFO:ДУГААРАА СОНГОЖ БУЙ ХЭСЭГ
2020-06-06 16:26:55,382:INFO:2
2020-06-06 16:28:40,969:INFO:------------------------------------------------------------------------------------------------
2020-06-06 16:29:59,453:INFO:ДУГААРЫН ZAHIALGA
2020-06-06 16:30:52,779:INFO:------------------------------------------------------------------------------------------------
2020-06-06 16:31:59,528:INFO:------------------------------------------------------------------------------------------------
2020-06-06 16:32:02,552:INFO:ДУГААРАА СОНГОЖ БУЙ ХЭСЭГ
2020-06-06 16:32:02,553:INFO:2
2020-06-06 16:32:06,031:INFO:ДУГААРАА СОНГОЖ БУЙ ХЭСЭГ
2020-06-06 16:32:06,031:INFO:2
2020-06-06 16:32:12,597:INFO:ДУГААРАА СОНГОЖ БУЙ ХЭСЭГ
2020-06-06 16:32:12,597:INFO:2
2020-06-06 16:32:24,626:INFO:ДУГААРАА СОНГОЖ БУЙ ХЭСЭГ
2020-06-06 16:32:24,627:INFO:2
2020-06-06 16:32:25,171:INFO:ДУГААРАА СОНГОЖ БУЙ ХЭСЭГ
2020-06-06 16:32:25,171:INFO:2
2020-06-06 16:32:34,324:INFO:ДУГААРАА СОНГОЖ БУЙ ХЭСЭГ
2020-06-06 16:32:34,324:INFO:2
2020-06-06 16:32:41,116:INFO:ДУГААРАА СОНГОЖ БУЙ ХЭСЭГ
2020-06-06 16:32:41,117:INFO:2
2020-06-06 16:32:43,179:INFO:ДУГААРАА СОНГОЖ БУЙ ХЭСЭГ
2020-06-06 16:32:43,179:INFO:2
2020-06-06 16:32:46,946:INFO:ДУГААРАА СОНГОЖ БУЙ ХЭСЭГ
2020-06-06 16:32:46,946:INFO:2
2020-06-06 16:32:55,468:INFO:ДУГААРАА СОНГОЖ БУЙ ХЭСЭГ
2020-06-06 16:32:55,468:INFO:2
2020-06-06 16:32:58,255:INFO:ДУГААРАА СОНГОЖ БУЙ ХЭСЭГ
2020-06-06 16:32:58,255:INFO:2
2020-06-06 16:33:09,420:INFO:ДУГААРАА СОНГОЖ БУЙ ХЭСЭГ
2020-06-06 16:33:09,420:INFO:2
2020-06-06 16:35:11,510:INFO:------------------------------------------------------------------------------------------------
2020-06-06 16:35:14,659:INFO:ДУГААРАА СОНГОЖ БУЙ ХЭСЭГ
2020-06-06 16:35:14,659:INFO:2
2020-06-06 16:35:29,692:INFO:ДУГААРАА СОНГОЖ БУЙ ХЭСЭГ
2020-06-06 16:35:29,692:INFO:2
2020-06-06 16:35:43,328:INFO:ДУГААРАА СОНГОЖ БУЙ ХЭСЭГ
2020-06-06 16:35:43,328:INFO:2
2020-06-06 16:36:28,638:INFO:------------------------------------------------------------------------------------------------
2020-06-06 16:36:29,914:INFO:ДУГААРАА СОНГОЖ БУЙ ХЭСЭГ
2020-06-06 16:36:29,914:INFO:7
2020-06-06 16:36:31,364:INFO:ДУГААРАА СОНГОЖ БУЙ ХЭСЭГ
2020-06-06 16:36:31,364:INFO:7
2020-06-06 16:36:35,378:INFO:ДУГААРАА СОНГОЖ БУЙ ХЭСЭГ
2020-06-06 16:36:35,378:INFO:7
2020-06-06 16:36:40,602:INFO:------------------------------------------------------------------------------------------------
2020-06-06 16:36:41,334:INFO:ДУГААРАА СОНГОЖ БУЙ ХЭСЭГ
2020-06-06 16:36:41,335:INFO:2
2020-06-06 16:36:45,909:INFO:ДУГААРАА СОНГОЖ БУЙ ХЭСЭГ
2020-06-06 16:36:45,909:INFO:2
2020-06-06 16:36:49,971:INFO:------------------------------------------------------------------------------------------------
2020-06-06 16:36:50,822:INFO:ДУГААРАА СОНГОЖ БУЙ ХЭСЭГ
2020-06-06 16:36:50,823:INFO:7
2020-06-06 16:37:23,354:INFO:ДУГААРАА СОНГОЖ БУЙ ХЭСЭГ
2020-06-06 16:37:23,354:INFO:2
2020-06-06 16:37:25,960:INFO:ДУГААРАА СОНГОЖ БУЙ ХЭСЭГ
2020-06-06 16:37:25,960:INFO:2
2020-06-06 16:37:58,217:INFO:ДУГААРЫН ҮНЭ
2020-06-06 16:37:58,219:INFO:5000
2020-06-06 16:38:14,093:INFO:ДУГААРАА СОНГОЖ БУЙ ХЭСЭГ
2020-06-06 16:38:14,093:INFO:2
2020-06-06 16:38:52,509:INFO:ДУГААРЫН ҮНЭ
2020-06-06 16:38:52,512:INFO:5000
2020-06-06 16:39:08,340:INFO:------------------------------------------------------------------------------------------------
2020-06-06 16:43:05,028:INFO:------------------------------------------------------------------------------------------------
2020-06-06 16:43:06,173:INFO:ДУГААРАА СОНГОЖ БУЙ ХЭСЭГ
2020-06-06 16:43:06,173:INFO:7
2020-06-06 16:43:07,633:INFO:ДУГААРАА СОНГОЖ БУЙ ХЭСЭГ
2020-06-06 16:43:07,633:INFO:7
2020-06-06 16:43:12,384:INFO:------------------------------------------------------------------------------------------------
2020-06-06 16:43:13,309:INFO:ДУГААРАА СОНГОЖ БУЙ ХЭСЭГ
2020-06-06 16:43:13,309:INFO:7
2020-06-06 16:43:15,062:INFO:ДУГААРАА СОНГОЖ БУЙ ХЭСЭГ
2020-06-06 16:43:15,062:INFO:7
2020-06-06 16:52:32,134:INFO:ДУГААРАА СОНГОЖ БУЙ ХЭСЭГ
2020-06-06 16:52:32,135:INFO:2
2020-06-06 16:53:42,966:INFO:ДУГААРЫН ҮНЭ
2020-06-06 16:53:42,969:INFO:5000
2020-06-06 16:54:19,231:INFO:ДУГААРЫН ZAHIALGA
2020-06-06 16:56:19,363:INFO:------------------------------------------------------------------------------------------------
2020-06-06 16:57:53,648:INFO:------------------------------------------------------------------------------------------------
2020-06-06 16:57:54,857:INFO:ДУГААРАА СОНГОЖ БУЙ ХЭСЭГ
2020-06-06 16:57:54,857:INFO:2
2020-06-06 17:01:47,830:INFO:ДУГААРАА СОНГОЖ БУЙ ХЭСЭГ
2020-06-06 17:01:47,830:INFO:2
2020-06-06 17:01:50,782:INFO:ДУГААРАА СОНГОЖ БУЙ ХЭСЭГ
2020-06-06 17:01:50,783:INFO:2
2020-06-06 17:02:09,614:INFO:ДУГААРАА СОНГОЖ БУЙ ХЭСЭГ
2020-06-06 17:02:09,614:INFO:7
2020-06-06 17:02:10,472:WARNING:Not Found: /favicon.ico
2020-06-06 17:02:17,969:INFO:ДУГААРАА СОНГОЖ БУЙ ХЭСЭГ
2020-06-06 17:02:17,969:INFO:2
2020-06-06 17:02:20,383:INFO:ДУГААРАА СОНГОЖ БУЙ ХЭСЭГ
2020-06-06 17:02:20,384:INFO:7
2020-06-06 17:02:42,095:INFO:------------------------------------------------------------------------------------------------
2020-06-06 17:04:15,479:INFO:ДУГААРАА СОНГОЖ БУЙ ХЭСЭГ
2020-06-06 17:04:15,480:INFO:7
2020-06-06 17:06:18,077:INFO:ДУГААРАА СОНГОЖ БУЙ ХЭСЭГ
2020-06-06 17:06:18,078:INFO:7
2020-06-06 17:06:34,263:INFO:ДУГААРАА СОНГОЖ БУЙ ХЭСЭГ
2020-06-06 17:06:34,263:INFO:7
2020-06-06 17:09:16,561:INFO:------------------------------------------------------------------------------------------------
2020-06-06 17:16:46,344:INFO:------------------------------------------------------------------------------------------------
2020-06-06 17:16:47,828:INFO:ДУГААРАА СОНГОЖ БУЙ ХЭСЭГ
2020-06-06 17:16:47,828:INFO:7
2020-06-06 17:19:20,360:ERROR:Internal Server Error: /getnumber
Traceback (most recent call last):
  File "/usr/local/lib/python2.7/dist-packages/django/core/handlers/exception.py", line 41, in inner
    response = get_response(request)
  File "/usr/local/lib/python2.7/dist-packages/django/core/handlers/base.py", line 187, in _get_response
    response = self.process_exception_by_middleware(e, request)
  File "/usr/local/lib/python2.7/dist-packages/django/core/handlers/base.py", line 185, in _get_response
    response = wrapped_callback(request, *callback_args, **callback_kwargs)
  File "/usr/local/lib/python2.7/dist-packages/django/views/decorators/csrf.py", line 58, in wrapped_view
    return view_func(*args, **kwargs)
  File "/usr/local/lib/python2.7/dist-packages/django/views/generic/base.py", line 68, in view
    return self.dispatch(request, *args, **kwargs)
  File "/usr/local/lib/python2.7/dist-packages/rest_framework/views.py", line 495, in dispatch
    response = self.handle_exception(exc)
  File "/usr/local/lib/python2.7/dist-packages/rest_framework/views.py", line 455, in handle_exception
    self.raise_uncaught_exception(exc)
  File "/usr/local/lib/python2.7/dist-packages/rest_framework/views.py", line 492, in dispatch
    response = handler(request, *args, **kwargs)
  File "/usr/local/lib/python2.7/dist-packages/rest_framework/decorators.py", line 55, in handler
    return func(*args, **kwargs)
  File "/home/user/nFilterNew/controller/views.py", line 206, in getNumber
    if data[1] == az:
IndexError: list index out of range
2020-06-06 17:20:40,943:INFO:ДУГААРАА СОНГОЖ БУЙ ХЭСЭГ
2020-06-06 17:20:40,944:INFO:7
2020-06-06 17:21:03,098:INFO:ДУГААРАА СОНГОЖ БУЙ ХЭСЭГ
2020-06-06 17:21:03,098:INFO:7
2020-06-06 17:21:03,514:INFO:------------------------------------------------------------------------------------------------
2020-06-06 17:21:13,758:INFO:ДУГААРАА СОНГОЖ БУЙ ХЭСЭГ
2020-06-06 17:21:13,759:INFO:2
2020-06-06 17:22:36,796:INFO:ДУГААРАА СОНГОЖ БУЙ ХЭСЭГ
2020-06-06 17:22:36,796:INFO:2
2020-06-06 17:22:39,185:INFO:------------------------------------------------------------------------------------------------
2020-06-06 17:22:41,137:INFO:ДУГААРАА СОНГОЖ БУЙ ХЭСЭГ
2020-06-06 17:22:41,137:INFO:2
2020-06-06 17:25:22,470:INFO:------------------------------------------------------------------------------------------------
2020-06-06 17:25:23,387:INFO:ДУГААРАА СОНГОЖ БУЙ ХЭСЭГ
2020-06-06 17:25:23,387:INFO:7
2020-06-06 17:27:09,680:INFO:ДУГААРЫН ҮНЭ
2020-06-06 17:27:09,682:INFO:10000
2020-06-06 17:27:33,558:INFO:ДУГААРЫН ҮНЭ
2020-06-06 17:27:33,561:INFO:10000
2020-06-06 17:28:22,794:INFO:ДУГААРЫН ҮНЭ
2020-06-06 17:28:22,798:INFO:10000
2020-06-06 17:28:45,710:INFO:------------------------------------------------------------------------------------------------
2020-06-06 17:31:40,243:ERROR:Internal Server Error: /getnumber
Traceback (most recent call last):
  File "/usr/local/lib/python2.7/dist-packages/django/core/handlers/exception.py", line 41, in inner
    response = get_response(request)
  File "/usr/local/lib/python2.7/dist-packages/django/core/handlers/base.py", line 187, in _get_response
    response = self.process_exception_by_middleware(e, request)
  File "/usr/local/lib/python2.7/dist-packages/django/core/handlers/base.py", line 185, in _get_response
    response = wrapped_callback(request, *callback_args, **callback_kwargs)
  File "/usr/local/lib/python2.7/dist-packages/django/views/decorators/csrf.py", line 58, in wrapped_view
    return view_func(*args, **kwargs)
  File "/usr/local/lib/python2.7/dist-packages/django/views/generic/base.py", line 68, in view
    return self.dispatch(request, *args, **kwargs)
  File "/usr/local/lib/python2.7/dist-packages/rest_framework/views.py", line 495, in dispatch
    response = self.handle_exception(exc)
  File "/usr/local/lib/python2.7/dist-packages/rest_framework/views.py", line 455, in handle_exception
    self.raise_uncaught_exception(exc)
  File "/usr/local/lib/python2.7/dist-packages/rest_framework/views.py", line 492, in dispatch
    response = handler(request, *args, **kwargs)
  File "/usr/local/lib/python2.7/dist-packages/rest_framework/decorators.py", line 55, in handler
    return func(*args, **kwargs)
  File "/home/user/nFilterNew/controller/views.py", line 206, in getNumber
    if data[1] == az:
IndexError: list index out of range
2020-06-06 17:31:59,616:INFO:------------------------------------------------------------------------------------------------
2020-06-06 17:32:08,924:INFO:ДУГААРЫН ҮНЭ
2020-06-06 17:32:08,926:INFO:10000
2020-06-06 17:39:13,148:INFO:------------------------------------------------------------------------------------------------
2020-06-06 17:39:17,227:INFO:ДУГААРАА СОНГОЖ БУЙ ХЭСЭГ
2020-06-06 17:39:17,227:INFO:7
2020-06-06 17:39:35,506:INFO:ДУГААРЫН ҮНЭ
2020-06-06 17:39:35,508:INFO:10000
2020-06-06 17:39:48,544:INFO:ДУГААРЫН ZAHIALGA
2020-06-06 17:41:48,671:INFO:------------------------------------------------------------------------------------------------
2020-06-06 17:47:05,493:INFO:ДУГААРАА СОНГОЖ БУЙ ХЭСЭГ
2020-06-06 17:47:05,493:INFO:2
2020-06-06 17:47:10,757:WARNING:Not Found: /favicon.ico
2020-06-06 17:47:21,136:INFO:------------------------------------------------------------------------------------------------
2020-06-06 17:47:24,939:INFO:ДУГААРАА СОНГОЖ БУЙ ХЭСЭГ
2020-06-06 17:47:24,939:INFO:2
2020-06-06 17:50:15,826:INFO:ДУГААРАА СОНГОЖ БУЙ ХЭСЭГ
2020-06-06 17:50:15,826:INFO:2
2020-06-06 17:51:43,924:INFO:ДУГААРЫН ҮНЭ
2020-06-06 17:51:43,927:INFO:5000
2020-06-06 17:52:00,119:INFO:ДУГААРЫН ZAHIALGA
2020-06-06 17:52:07,208:INFO:------------------------------------------------------------------------------------------------
2020-06-06 17:52:09,387:INFO:ДУГААРАА СОНГОЖ БУЙ ХЭСЭГ
2020-06-06 17:52:09,387:INFO:2
2020-06-06 17:54:00,276:INFO:------------------------------------------------------------------------------------------------
2020-06-06 17:54:25,031:INFO:ДУГААРАА СОНГОЖ БУЙ ХЭСЭГ
2020-06-06 17:54:25,031:INFO:2
2020-06-06 17:54:38,046:INFO:ДУГААРЫН ҮНЭ
2020-06-06 17:54:38,048:INFO:5000
2020-06-06 17:54:44,029:INFO:ДУГААРЫН ҮНЭ
2020-06-06 17:54:44,031:INFO:5000
2020-06-06 17:56:35,076:INFO:ДУГААРАА СОНГОЖ БУЙ ХЭСЭГ
2020-06-06 17:56:35,076:INFO:2
2020-06-06 17:58:45,334:INFO:------------------------------------------------------------------------------------------------
2020-06-06 17:58:49,367:INFO:------------------------------------------------------------------------------------------------
2020-06-06 17:58:53,321:INFO:ДУГААРЫН ҮНЭ
2020-06-06 17:58:53,324:INFO:5000
2020-06-06 17:59:05,296:INFO:ДУГААРЫН ZAHIALGA
2020-06-06 17:59:06,179:INFO:ДУГААРАА СОНГОЖ БУЙ ХЭСЭГ
2020-06-06 17:59:06,179:INFO:2
2020-06-06 17:59:06,770:WARNING:Not Found: /favicon.ico
2020-06-06 17:59:34,097:INFO:ДУГААРАА СОНГОЖ БУЙ ХЭСЭГ
2020-06-06 17:59:34,097:INFO:2
2020-06-06 17:59:50,844:INFO:------------------------------------------------------------------------------------------------
2020-06-06 17:59:51,511:INFO:ДУГААРАА СОНГОЖ БУЙ ХЭСЭГ
2020-06-06 17:59:51,511:INFO:2
2020-06-06 18:00:58,387:INFO:ДУГААРЫН ҮНЭ
2020-06-06 18:00:58,390:INFO:5000
2020-06-06 18:01:05,461:INFO:------------------------------------------------------------------------------------------------
2020-06-06 18:02:10,978:INFO:ДУГААРЫН ҮНЭ
2020-06-06 18:02:10,980:INFO:5000
2020-06-06 18:04:11,579:INFO:ДУГААРЫН ҮНЭ
2020-06-06 18:04:11,582:INFO:5000
2020-06-06 18:04:54,297:INFO:ДУГААРАА СОНГОЖ БУЙ ХЭСЭГ
2020-06-06 18:04:54,298:INFO:2
2020-06-06 18:05:00,382:INFO:ДУГААРАА СОНГОЖ БУЙ ХЭСЭГ
2020-06-06 18:05:00,382:INFO:2
2020-06-06 18:05:17,836:INFO:ДУГААРЫН ҮНЭ
2020-06-06 18:05:17,838:INFO:5000
2020-06-06 18:05:25,984:INFO:ДУГААРЫН ҮНЭ
2020-06-06 18:05:25,987:INFO:5000
2020-06-06 18:05:41,106:INFO:ДУГААРЫН ҮНЭ
2020-06-06 18:05:41,109:INFO:5000
2020-06-06 18:05:46,508:INFO:ДУГААРЫН ZAHIALGA
2020-06-06 18:07:46,655:INFO:------------------------------------------------------------------------------------------------
2020-06-06 18:09:16,998:INFO:------------------------------------------------------------------------------------------------
2020-06-06 18:12:35,095:INFO:------------------------------------------------------------------------------------------------
2020-06-06 18:19:27,189:WARNING:Not Found: /
2020-06-06 18:20:32,951:INFO:ДУГААРАА СОНГОЖ БУЙ ХЭСЭГ
2020-06-06 18:20:32,951:INFO:2
2020-06-06 18:20:33,204:WARNING:Not Found: /favicon.ico
2020-06-06 18:26:05,360:INFO:------------------------------------------------------------------------------------------------
2020-06-06 18:26:06,254:INFO:ДУГААРАА СОНГОЖ БУЙ ХЭСЭГ
2020-06-06 18:26:06,254:INFO:7
2020-06-06 18:28:50,607:INFO:------------------------------------------------------------------------------------------------
2020-06-06 18:29:32,999:INFO:ДУГААРАА СОНГОЖ БУЙ ХЭСЭГ
2020-06-06 18:29:32,999:INFO:2
2020-06-06 18:29:47,079:INFO:ДУГААРЫН ҮНЭ
2020-06-06 18:29:47,082:INFO:5000
2020-06-06 18:30:04,619:INFO:ДУГААРЫН ZAHIALGA
2020-06-06 18:30:42,743:INFO:ДУГААРАА СОНГОЖ БУЙ ХЭСЭГ
2020-06-06 18:30:42,743:INFO:2
2020-06-06 18:30:45,773:INFO:------------------------------------------------------------------------------------------------
2020-06-06 18:30:48,420:INFO:ДУГААРАА СОНГОЖ БУЙ ХЭСЭГ
2020-06-06 18:30:48,420:INFO:7
2020-06-06 18:31:07,556:INFO:ДУГААРАА СОНГОЖ БУЙ ХЭСЭГ
2020-06-06 18:31:07,557:INFO:7
2020-06-06 18:31:24,092:INFO:ДУГААРАА СОНГОЖ БУЙ ХЭСЭГ
2020-06-06 18:31:24,092:INFO:2
2020-06-06 18:32:04,254:INFO:------------------------------------------------------------------------------------------------
2020-06-06 18:32:04,764:INFO:------------------------------------------------------------------------------------------------
2020-06-06 18:33:44,971:INFO:ДУГААРЫН ҮНЭ
2020-06-06 18:33:44,975:INFO:10000
2020-06-06 18:46:19,625:INFO:------------------------------------------------------------------------------------------------
2020-06-06 18:46:20,826:INFO:ДУГААРАА СОНГОЖ БУЙ ХЭСЭГ
2020-06-06 18:46:20,826:INFO:7
2020-06-06 18:46:21,470:INFO:------------------------------------------------------------------------------------------------
2020-06-06 18:46:42,299:INFO:ДУГААРЫН ҮНЭ
2020-06-06 18:46:42,301:INFO:10000
2020-06-06 18:47:02,876:INFO:ДУГААРЫН ZAHIALGA
2020-06-06 18:47:05,046:INFO:------------------------------------------------------------------------------------------------
2020-06-06 18:47:13,230:INFO:------------------------------------------------------------------------------------------------
2020-06-06 19:05:01,327:INFO:ДУГААРАА СОНГОЖ БУЙ ХЭСЭГ
2020-06-06 19:05:01,327:INFO:2
2020-06-06 19:05:02,435:INFO:ДУГААРАА СОНГОЖ БУЙ ХЭСЭГ
2020-06-06 19:05:02,435:INFO:2
2020-06-06 19:05:05,313:INFO:ДУГААРАА СОНГОЖ БУЙ ХЭСЭГ
2020-06-06 19:05:05,313:INFO:2
2020-06-06 19:05:06,055:INFO:ДУГААРАА СОНГОЖ БУЙ ХЭСЭГ
2020-06-06 19:05:06,055:INFO:2
2020-06-06 19:05:06,995:INFO:ДУГААРАА СОНГОЖ БУЙ ХЭСЭГ
2020-06-06 19:05:06,995:INFO:2
2020-06-06 19:09:02,976:INFO:------------------------------------------------------------------------------------------------
2020-06-06 19:09:03,954:INFO:ДУГААРАА СОНГОЖ БУЙ ХЭСЭГ
2020-06-06 19:09:03,954:INFO:7
2020-06-06 19:09:04,275:WARNING:Not Found: /favicon.ico
2020-06-06 19:09:17,228:INFO:------------------------------------------------------------------------------------------------
2020-06-06 19:09:28,694:INFO:------------------------------------------------------------------------------------------------
2020-06-06 19:09:30,926:INFO:ДУГААРАА СОНГОЖ БУЙ ХЭСЭГ
2020-06-06 19:09:30,926:INFO:7
2020-06-06 19:09:53,796:INFO:ДУГААРАА СОНГОЖ БУЙ ХЭСЭГ
2020-06-06 19:09:53,796:INFO:7
2020-06-06 19:12:08,464:INFO:ДУГААРЫН ҮНЭ
2020-06-06 19:12:08,467:INFO:5000
2020-06-06 19:14:52,398:INFO:ДУГААРЫН ҮНЭ
2020-06-06 19:14:52,401:INFO:5000
2020-06-06 19:14:54,771:INFO:ДУГААРЫН ҮНЭ
2020-06-06 19:14:54,774:INFO:5000
2020-06-06 19:15:29,474:INFO:ДУГААРЫН ҮНЭ
2020-06-06 19:15:29,477:INFO:5000
2020-06-06 19:20:26,672:INFO:ДУГААРАА СОНГОЖ БУЙ ХЭСЭГ
2020-06-06 19:20:26,673:INFO:2
2020-06-06 19:21:53,417:INFO:ДУГААРЫН ҮНЭ
2020-06-06 19:21:53,419:INFO:5000
2020-06-06 19:28:55,347:INFO:------------------------------------------------------------------------------------------------
2020-06-06 19:32:04,892:INFO:------------------------------------------------------------------------------------------------
2020-06-06 19:32:08,855:INFO:------------------------------------------------------------------------------------------------
2020-06-06 19:46:21,646:INFO:------------------------------------------------------------------------------------------------
2020-06-06 19:47:13,472:INFO:------------------------------------------------------------------------------------------------
2020-06-06 20:13:02,445:INFO:ДУГААРАА СОНГОЖ БУЙ ХЭСЭГ
2020-06-06 20:13:02,446:INFO:2
2020-06-06 20:13:03,633:INFO:ДУГААРАА СОНГОЖ БУЙ ХЭСЭГ
2020-06-06 20:13:03,633:INFO:2
2020-06-06 20:13:08,166:INFO:ДУГААРАА СОНГОЖ БУЙ ХЭСЭГ
2020-06-06 20:13:08,166:INFO:2
2020-06-06 20:20:26,936:INFO:ДУГААРАА СОНГОЖ БУЙ ХЭСЭГ
2020-06-06 20:20:26,936:INFO:7
2020-06-06 20:26:49,010:INFO:ДУГААРАА СОНГОЖ БУЙ ХЭСЭГ
2020-06-06 20:26:49,010:INFO:7
2020-06-06 20:27:09,375:INFO:ДУГААРЫН ҮНЭ
2020-06-06 20:27:09,378:INFO:10000
2020-06-06 20:27:30,006:INFO:ДУГААРЫН ZAHIALGA
2020-06-06 20:29:00,030:INFO:------------------------------------------------------------------------------------------------
2020-06-06 20:29:30,162:INFO:------------------------------------------------------------------------------------------------
2020-06-06 20:32:13,450:INFO:------------------------------------------------------------------------------------------------
2020-06-06 20:47:13,571:INFO:------------------------------------------------------------------------------------------------
2020-06-06 20:53:23,187:INFO:ДУГААРАА СОНГОЖ БУЙ ХЭСЭГ
2020-06-06 20:53:23,187:INFO:2
2020-06-06 20:53:42,830:INFO:------------------------------------------------------------------------------------------------
2020-06-06 20:53:45,600:INFO:ДУГААРАА СОНГОЖ БУЙ ХЭСЭГ
2020-06-06 20:53:45,601:INFO:2
2020-06-06 21:29:04,916:INFO:------------------------------------------------------------------------------------------------
2020-06-06 21:32:18,037:INFO:------------------------------------------------------------------------------------------------
2020-06-06 21:38:54,768:INFO:------------------------------------------------------------------------------------------------
2020-06-06 22:15:49,620:WARNING:Not Found: /robots.txt
2020-06-06 22:29:09,615:INFO:------------------------------------------------------------------------------------------------
2020-06-06 22:32:22,657:INFO:------------------------------------------------------------------------------------------------
2020-06-06 22:38:55,006:INFO:------------------------------------------------------------------------------------------------
2020-06-06 23:29:14,304:INFO:------------------------------------------------------------------------------------------------
2020-06-06 23:32:27,251:INFO:------------------------------------------------------------------------------------------------
2020-06-06 23:38:55,583:INFO:------------------------------------------------------------------------------------------------
2020-06-07 00:29:19,053:INFO:------------------------------------------------------------------------------------------------
2020-06-07 00:32:31,850:INFO:------------------------------------------------------------------------------------------------
2020-06-07 00:38:55,798:INFO:------------------------------------------------------------------------------------------------
2020-06-07 01:29:23,798:INFO:------------------------------------------------------------------------------------------------
2020-06-07 01:32:36,438:INFO:------------------------------------------------------------------------------------------------
2020-06-07 01:38:56,010:INFO:------------------------------------------------------------------------------------------------
2020-06-07 02:29:28,481:INFO:------------------------------------------------------------------------------------------------
2020-06-07 02:32:36,535:INFO:------------------------------------------------------------------------------------------------
2020-06-07 02:38:56,201:INFO:------------------------------------------------------------------------------------------------
2020-06-07 03:29:33,251:INFO:------------------------------------------------------------------------------------------------
2020-06-07 03:32:41,148:INFO:------------------------------------------------------------------------------------------------
2020-06-07 03:38:56,422:INFO:------------------------------------------------------------------------------------------------
2020-06-07 04:29:37,934:INFO:------------------------------------------------------------------------------------------------
2020-06-07 04:32:45,750:INFO:------------------------------------------------------------------------------------------------
2020-06-07 04:39:25,153:INFO:------------------------------------------------------------------------------------------------
2020-06-07 05:29:42,712:INFO:------------------------------------------------------------------------------------------------
2020-06-07 05:32:50,342:INFO:------------------------------------------------------------------------------------------------
