2019-12-12 17:22:05,003:INFO:ДУГААРАА СОНГОЖ БУЙ ХЭСЭГ
2019-12-12 17:22:05,003:INFO:2
2019-12-12 17:22:05,149:WARNING:Not Found: /favicon.ico
2019-12-12 17:22:08,409:INFO:98120783:6|98120791:6|98120824:6|98120834:6|98120836:6|98120839:6|98120840:6|98120843:6|98120847:6|98120931:6|98120935:6|98120937:6|98120951:6|98120954:6|98120963:6|98120978:6|98121061:6|98121135:6|98121362:6|98121379:6|98121384:6|98121385:6|98121391:6|98121430:6|98121431:6|98121445:6|98121453:6|98121459:6|98121481:6|98121487:6|98121537:6|98121541:6|98121543:6|98121574:6|98121579:6|98121602:6|98121603:6|98121604:6|98121635:6|98121691:6|98121704:6|98121706:6|98121722:6|98121727:6|98121742:6|98121743:6|98121746:6|98121756:6|98121759:6|98121763:6|98121764:6|98121769:6|98121778:6|98121782:6|98121790:6|98121792:6|98121804:6|98121806:6|98121807:6|98121816:6|98121825:6|98121826:6|98121839:6|98121847:6|98121848:6|98121864:6|98121872:6|98121879:6|98121935:6|98121936:6|98121941:6|98121947:6|98121953:6|98121957:6|98121972:6|98121978:6|98121993:6|98121997:6|98122042:6|98122049:6|98122073:6|98122076:6|98122148:6|98122161:6|98122170:6|98122225:6|98122249:6|98122274:6|98122278:6|98122301:6|98122306:6|98122307:6|98122318:6|98122329:6|98122330:6|98122346:6|98122374:6|98122380:6|98122384:6|98122386:6|98122387:6|98122394:6|98122415:6|98122417:6|98122431:6|98122451:6|98122452:6|98122476:6|98122478:6|98122503:6|98122516:6|98122517:6|98122518:6|98122537:6|98122546:6|98122549:6|98122558:6|98122587:6|98122608:6|98122612:6|98122622:6|98122637:6|98122652:6|98122657:6|98122663:6|98122670:6|98122673:6|98122674:6|98122684:6|98122691:6|98122701:6|98122708:6
2019-12-12 17:22:23,966:INFO:98180264:6|98180271:6|98180283:6|98180287:6|98180326:6|98180352:6|98180353:6|98180354:6|98180395:6|98180423:6|98180432:6|98180433:6|98180453:6|98180465:6|98180467:6|98180469:6|98180473:6|98180477:6|98180485:6|98180486:6|98180497:6|98180511:6|98180542:6|98180543:6|98180546:6|98180552:6|98180562:6|98180587:6|98180593:6|98180619:6|98180627:6|98180635:6|98180643:6|98180647:6|98180649:6|98180651:6|98180658:6|98180671:6|98180684:6|98180685:6|98180692:6|98180693:6|98180694:6|98180722:6|98180731:6|98180732:6|98180739:6|98180753:6|98180763:6|98180772:6|98180786:6|98180796:6|98180825:6|98180851:6|98180861:6|98180934:6|98180939:6|98180942:6|98180944:6|98180945:6|98180947:6|98180949:6|98180952:6|98180964:6|98180967:6|98180970:6|98180987:6|98181047:6|98181049:6|98181064:6|98181085:6|98181097:6|98181134:6|98181157:6|98181283:6|98181285:6|98181290:6|98181297:6|98181317:6|98181324:6|98181325:6|98181342:6|98181346:6|98181347:6|98181356:6|98181359:6|98181367:6|98181376:6|98181379:6|98181384:6|98181426:6|98181430:6|98181440:6|98181447:6|98181450:6|98181458:6|98181473:6|98181505:6|98181521:6|98181535:6|98181552:6|98181560:6|98181583:6|98181596:6|98181612:6|98181621:6|98181662:6|98181671:6|98181674:6|98181677:6|98181684:6|98181693:6|98181695:6|98181697:6|98181731:6|98181732:6|98181746:6|98181751:6|98181762:6|98181764:6|98181774:6|98181782:6|98181783:6|98181785:6|98181792:6|98181796:6|98181907:6|98181935:6|98181938:6|98181942:6|98181943:6|98181952:6
2019-12-12 17:22:47,852:INFO:-1
2019-12-12 17:29:38,749:INFO:РЕГИСТЕРИЙН ДУГААР
2019-12-12 17:29:44,882:INFO:ДУГААРЫН ZAHIALGA
2019-12-12 17:29:44,894:INFO:Success
2019-12-12 17:29:48,462:INFO:----------------------------------------------------------------------------------------------------
2019-12-12 17:32:05,185:INFO:----------------------------------------------------------------------------------------------------
2019-12-12 17:42:05,630:INFO:----------------------------------------------------------------------------------------------------
2019-12-12 17:50:10,266:INFO:----------------------------------------------------------------------------------------------------
2019-12-12 17:50:12,402:INFO:ДУГААРАА СОНГОЖ БУЙ ХЭСЭГ
2019-12-12 17:50:12,402:INFO:2
2019-12-12 17:50:24,107:INFO:-1
2019-12-12 17:50:25,116:INFO:-1
2019-12-12 17:50:29,599:INFO:-1
2019-12-12 17:50:33,305:INFO:-1
2019-12-12 17:50:35,464:INFO:-1
2019-12-12 17:50:37,319:INFO:-1
2019-12-12 17:50:38,805:INFO:-1
2019-12-12 17:50:40,307:INFO:-1
2019-12-12 17:50:41,903:INFO:-1
2019-12-12 17:50:43,369:INFO:-1
2019-12-12 17:50:44,871:INFO:-1
2019-12-12 17:50:46,352:INFO:-1
2019-12-12 17:50:47,232:INFO:ДУГААРЫН ҮНЭ
2019-12-12 17:50:47,237:INFO:5000
2019-12-12 17:50:47,857:INFO:-1
2019-12-12 17:50:49,245:INFO:-1
2019-12-12 17:50:51,800:INFO:ДУГААРАА СОНГОЖ БУЙ ХЭСЭГ
2019-12-12 17:50:51,800:INFO:2
2019-12-12 17:51:06,407:INFO:-1
2019-12-12 17:51:11,335:INFO:97125578:6
2019-12-12 17:51:12,316:INFO:97125578:6
2019-12-12 17:51:13,174:INFO:97125578:6
2019-12-12 17:51:14,032:INFO:97125578:6
2019-12-12 17:51:26,379:INFO:83125578:6
2019-12-12 17:51:41,393:INFO:97125578:6
2019-12-12 17:51:42,274:INFO:97125578:6
2019-12-12 17:51:44,091:INFO:97125578:6
2019-12-12 17:51:44,961:INFO:97125578:6
2019-12-12 17:52:06,058:INFO:----------------------------------------------------------------------------------------------------
2019-12-12 18:00:56,072:INFO:----------------------------------------------------------------------------------------------------
2019-12-12 18:00:58,875:INFO:ДУГААРАА СОНГОЖ БУЙ ХЭСЭГ
2019-12-12 18:00:58,876:INFO:2
2019-12-12 18:01:52,094:INFO:98129205:6
2019-12-12 18:02:06,526:INFO:----------------------------------------------------------------------------------------------------
2019-12-12 18:02:54,942:INFO:РЕГИСТЕРИЙН ДУГААР
2019-12-12 18:03:04,689:INFO:ДУГААРАА СОНГОЖ БУЙ ХЭСЭГ
2019-12-12 18:03:04,690:INFO:2
2019-12-12 18:03:22,545:INFO:98129205:6
2019-12-12 18:03:25,607:INFO:РЕГИСТЕРИЙН ДУГААР
2019-12-12 18:03:31,938:INFO:ДУГААРЫН ZAHIALGA
2019-12-12 18:03:31,947:INFO:Success
2019-12-12 18:03:33,799:INFO:----------------------------------------------------------------------------------------------------
2019-12-12 18:12:06,874:INFO:----------------------------------------------------------------------------------------------------
2019-12-12 18:22:07,340:INFO:----------------------------------------------------------------------------------------------------
2019-12-12 18:32:07,837:INFO:----------------------------------------------------------------------------------------------------
2019-12-12 18:39:01,044:INFO:----------------------------------------------------------------------------------------------------
2019-12-12 18:42:08,335:INFO:----------------------------------------------------------------------------------------------------
2019-12-12 18:52:18,803:INFO:----------------------------------------------------------------------------------------------------
2019-12-12 19:02:19,215:INFO:----------------------------------------------------------------------------------------------------
2019-12-12 19:12:19,645:INFO:----------------------------------------------------------------------------------------------------
2019-12-12 19:22:20,056:INFO:----------------------------------------------------------------------------------------------------
2019-12-12 19:32:20,455:INFO:----------------------------------------------------------------------------------------------------
2019-12-12 19:42:20,880:INFO:----------------------------------------------------------------------------------------------------
2019-12-12 19:52:21,403:INFO:----------------------------------------------------------------------------------------------------
2019-12-12 20:02:26,619:INFO:----------------------------------------------------------------------------------------------------
2019-12-12 20:12:27,115:INFO:----------------------------------------------------------------------------------------------------
2019-12-12 20:22:27,574:INFO:----------------------------------------------------------------------------------------------------
2019-12-12 20:32:28,084:INFO:----------------------------------------------------------------------------------------------------
2019-12-12 20:42:28,599:INFO:----------------------------------------------------------------------------------------------------
2019-12-12 20:52:29,123:INFO:----------------------------------------------------------------------------------------------------
2019-12-12 21:00:10,955:WARNING:Not Found: /FxCodeShell.jsp 
2019-12-12 21:00:11,154:WARNING:Not Found: /FxCodeShell.jsp::$DATA
2019-12-12 21:00:11,351:WARNING:Not Found: /FxCodeShell.jsp/
2019-12-12 21:00:11,551:WARNING:Not Found: /FxCodeShell.jsp
2019-12-12 21:02:29,514:INFO:----------------------------------------------------------------------------------------------------
2019-12-12 21:12:30,453:INFO:----------------------------------------------------------------------------------------------------
2019-12-12 21:22:30,882:INFO:----------------------------------------------------------------------------------------------------
2019-12-12 21:32:31,442:INFO:----------------------------------------------------------------------------------------------------
2019-12-12 21:42:33,843:INFO:----------------------------------------------------------------------------------------------------
2019-12-12 21:52:34,368:INFO:----------------------------------------------------------------------------------------------------
2019-12-12 22:02:34,829:INFO:----------------------------------------------------------------------------------------------------
2019-12-12 22:12:41,002:INFO:----------------------------------------------------------------------------------------------------
2019-12-12 22:22:41,452:INFO:----------------------------------------------------------------------------------------------------
2019-12-12 22:32:42,875:INFO:----------------------------------------------------------------------------------------------------
2019-12-12 22:42:43,451:INFO:----------------------------------------------------------------------------------------------------
2019-12-12 22:52:43,949:INFO:----------------------------------------------------------------------------------------------------
2019-12-12 23:02:44,465:INFO:----------------------------------------------------------------------------------------------------
2019-12-12 23:12:44,986:INFO:----------------------------------------------------------------------------------------------------
2019-12-12 23:22:45,960:INFO:----------------------------------------------------------------------------------------------------
2019-12-12 23:32:46,683:INFO:----------------------------------------------------------------------------------------------------
2019-12-12 23:42:47,256:INFO:----------------------------------------------------------------------------------------------------
2019-12-12 23:52:47,809:INFO:----------------------------------------------------------------------------------------------------
2019-12-13 00:00:43,823:WARNING:Not Found: /
2019-12-13 00:02:53,045:INFO:----------------------------------------------------------------------------------------------------
2019-12-13 00:12:54,109:INFO:----------------------------------------------------------------------------------------------------
2019-12-13 00:22:54,864:INFO:----------------------------------------------------------------------------------------------------
2019-12-13 00:32:55,501:INFO:----------------------------------------------------------------------------------------------------
2019-12-13 00:43:01,417:INFO:----------------------------------------------------------------------------------------------------
2019-12-13 00:53:03,945:INFO:----------------------------------------------------------------------------------------------------
2019-12-13 01:03:04,405:INFO:----------------------------------------------------------------------------------------------------
2019-12-13 01:13:07,761:INFO:----------------------------------------------------------------------------------------------------
2019-12-13 01:23:08,819:INFO:----------------------------------------------------------------------------------------------------
2019-12-13 01:33:09,230:INFO:----------------------------------------------------------------------------------------------------
2019-12-13 01:43:09,667:INFO:----------------------------------------------------------------------------------------------------
2019-12-13 01:53:10,152:INFO:----------------------------------------------------------------------------------------------------
2019-12-13 02:03:11,094:INFO:----------------------------------------------------------------------------------------------------
2019-12-13 02:13:12,308:INFO:----------------------------------------------------------------------------------------------------
2019-12-13 02:23:17,840:INFO:----------------------------------------------------------------------------------------------------
2019-12-13 02:33:18,346:INFO:----------------------------------------------------------------------------------------------------
2019-12-13 02:43:18,843:INFO:----------------------------------------------------------------------------------------------------
2019-12-13 02:53:20,047:INFO:----------------------------------------------------------------------------------------------------
2019-12-13 03:03:20,906:INFO:----------------------------------------------------------------------------------------------------
2019-12-13 03:13:21,337:INFO:----------------------------------------------------------------------------------------------------
2019-12-13 03:23:24,013:INFO:----------------------------------------------------------------------------------------------------
2019-12-13 03:33:24,493:INFO:----------------------------------------------------------------------------------------------------
2019-12-13 03:43:24,948:INFO:----------------------------------------------------------------------------------------------------
2019-12-13 03:53:29,792:INFO:----------------------------------------------------------------------------------------------------
2019-12-13 04:03:30,202:INFO:----------------------------------------------------------------------------------------------------
2019-12-13 04:13:30,775:INFO:----------------------------------------------------------------------------------------------------
2019-12-13 04:23:31,177:INFO:----------------------------------------------------------------------------------------------------
2019-12-13 04:33:31,701:INFO:----------------------------------------------------------------------------------------------------
2019-12-13 04:43:33,343:INFO:----------------------------------------------------------------------------------------------------
2019-12-13 04:53:33,839:INFO:----------------------------------------------------------------------------------------------------
2019-12-13 05:03:34,267:INFO:----------------------------------------------------------------------------------------------------
2019-12-13 05:13:34,715:INFO:----------------------------------------------------------------------------------------------------
2019-12-13 05:23:35,177:INFO:----------------------------------------------------------------------------------------------------
2019-12-13 05:33:35,601:INFO:----------------------------------------------------------------------------------------------------
2019-12-13 05:43:36,040:INFO:----------------------------------------------------------------------------------------------------
2019-12-13 05:53:36,495:INFO:----------------------------------------------------------------------------------------------------
2019-12-13 06:03:37,056:INFO:----------------------------------------------------------------------------------------------------
2019-12-13 06:13:37,549:INFO:----------------------------------------------------------------------------------------------------
2019-12-13 06:23:38,052:INFO:----------------------------------------------------------------------------------------------------
2019-12-13 06:33:40,090:INFO:----------------------------------------------------------------------------------------------------
2019-12-13 06:43:40,620:INFO:----------------------------------------------------------------------------------------------------
2019-12-13 06:53:41,008:INFO:----------------------------------------------------------------------------------------------------
2019-12-13 07:03:41,484:INFO:----------------------------------------------------------------------------------------------------
2019-12-13 07:13:42,005:INFO:----------------------------------------------------------------------------------------------------
2019-12-13 07:23:42,524:INFO:----------------------------------------------------------------------------------------------------
2019-12-13 07:33:43,072:INFO:----------------------------------------------------------------------------------------------------
2019-12-13 07:43:43,614:INFO:----------------------------------------------------------------------------------------------------
2019-12-13 07:53:44,094:INFO:----------------------------------------------------------------------------------------------------
2019-12-13 08:03:50,106:INFO:----------------------------------------------------------------------------------------------------
2019-12-13 08:13:53,884:INFO:----------------------------------------------------------------------------------------------------
2019-12-13 08:23:54,393:INFO:----------------------------------------------------------------------------------------------------
2019-12-13 08:33:54,810:INFO:----------------------------------------------------------------------------------------------------
2019-12-13 08:44:00,677:INFO:----------------------------------------------------------------------------------------------------
2019-12-13 08:54:01,639:INFO:----------------------------------------------------------------------------------------------------
2019-12-13 09:04:02,344:INFO:----------------------------------------------------------------------------------------------------
