2019-10-28 16:55:22,592:INFO:----------------------------------------------------------------------------------------------------
2019-10-28 16:55:25,240:INFO:ДУГААРАА СОНГОЖ БУЙ ХЭСЭГ
2019-10-28 16:55:25,240:INFO:2
2019-10-28 16:55:25,490:WARNING:Not Found: /favicon.ico
2019-10-28 16:56:17,493:INFO:98001075:6|98011075:6|98021075:6|98031075:6|98041075:6|98051075:6|98061075:6|98071075:6|98081075:6|98091075:6|98141075:6|98161075:6|98171075:6|98231075:6|98241075:6|98261075:6|98271075:6|98281075:6|98291075:6|98301075:6|98391075:6|98431075:6|98451075:6|98461075:6|98511075:6|98561075:6|98591075:6|98601075:6|98611075:6|98621075:6|98631075:6|98641075:6|98651075:6|98661075:6|98671075:6|98811075:6|98821075:6|98831075:6|98841075:6|98871075:6|98911075:6|98921075:6|98931075:6|98951075:6|98961075:6
2019-10-28 16:56:27,953:INFO:93001075:6|93011075:6|93021075:6|93031075:6|93041075:6|93051075:6|93061075:6|93071075:6|93081075:6|93091075:6|93101075:6|93111075:6|93121075:6|93141075:6|93151075:6|93161075:6|93171075:6|93181075:6|93201075:6|93211075:6|93221075:6|93241075:6|93251075:6|93261075:6|93271075:6|93281075:6|93291075:6|93301075:6|93311075:6|93321075:6|93331075:6|93341075:6|93351075:6|93361075:6|93381075:6|93391075:6|93401075:6|93411075:6|93421075:6|93431075:6|93441075:6|93451075:6
2019-10-28 16:56:35,596:INFO:93001075:6|93001175:6|93001275:6|93001375:6|93001475:6|93001575:6|93001675:6|93001775:6|93001875:6|93001975:6|93011075:6|93011275:6|93011375:6|93011475:6|93011575:6|93011675:6|93011775:6|93011875:6|93011975:6|93021075:6|93021175:6|93021275:6|93021375:6|93021475:6|93021575:6|93021675:6|93021775:6|93021875:6|93021975:6|93031075:6|93031175:6|93031275:6|93031375:6|93031475:6|93031575:6|93031675:6|93031775:6|93031875:6|93031975:6|93041075:6|93041175:6|93041275:6|93041375:6|93041475:6|93041575:6|93041675:6|93041775:6|93041875:6|93041975:6|93051075:6|93051175:6|93051275:6|93051375:6|93051475:6|93051575:6|93051675:6|93051775:6|93051875:6|93051975:6|93061075:6|93061175:6|93061275:6|93061375:6|93061475:6|93061575:6|93061875:6|93061975:6|93071075:6|93071175:6|93071375:6|93071475:6|93071675:6|93071775:6|93071875:6|93071975:6|93081075:6|93081175:6|93081275:6|93081375:6|93081475:6|93081575:6|93081675:6|93081775:6|93081875:6|93081975:6|93091075:6|93091175:6|93091275:6|93091375:6|93091475:6|93091575:6|93091675:6|93091775:6|93091875:6|93091975:6|93101075:6|93101175:6|93101275:6|93101375:6|93101475:6|93101575:6|93101675:6|93101775:6|93101975:6|93111075:6|93111375:6|93111475:6|93111575:6|93111675:6|93111775:6|93111875:6|93111975:6|93121075:6|93121475:6|93121575:6|93121775:6|93121875:6|93121975:6|93131175:6|93131275:6|93131475:6|93131575:6|93131875:6|93141075:6|93141175:6|93141375:6|93141575:6|93141675:6|93141775:6|93141875:6|93141975:6|93151075:6
2019-10-28 17:05:25,732:INFO:----------------------------------------------------------------------------------------------------
2019-10-28 17:15:26,513:INFO:----------------------------------------------------------------------------------------------------
2019-10-28 17:25:27,460:INFO:----------------------------------------------------------------------------------------------------
2019-10-28 17:35:28,351:INFO:----------------------------------------------------------------------------------------------------
2019-10-28 17:45:29,247:INFO:----------------------------------------------------------------------------------------------------
2019-10-28 17:55:30,072:INFO:----------------------------------------------------------------------------------------------------
2019-10-28 18:05:30,874:INFO:----------------------------------------------------------------------------------------------------
2019-10-28 18:15:31,680:INFO:----------------------------------------------------------------------------------------------------
2019-10-28 18:25:32,532:INFO:----------------------------------------------------------------------------------------------------
2019-10-28 18:35:33,377:INFO:----------------------------------------------------------------------------------------------------
2019-10-28 18:45:34,165:INFO:----------------------------------------------------------------------------------------------------
2019-10-28 18:55:35,053:INFO:----------------------------------------------------------------------------------------------------
2019-10-28 19:05:35,907:INFO:----------------------------------------------------------------------------------------------------
2019-10-28 19:15:36,746:INFO:----------------------------------------------------------------------------------------------------
2019-10-28 19:25:37,723:INFO:----------------------------------------------------------------------------------------------------
2019-10-28 19:35:38,648:INFO:----------------------------------------------------------------------------------------------------
2019-10-28 19:45:39,558:INFO:----------------------------------------------------------------------------------------------------
2019-10-28 19:55:40,464:INFO:----------------------------------------------------------------------------------------------------
2019-10-28 20:05:41,443:INFO:----------------------------------------------------------------------------------------------------
2019-10-28 20:15:42,364:INFO:----------------------------------------------------------------------------------------------------
2019-10-28 20:25:43,282:INFO:----------------------------------------------------------------------------------------------------
2019-10-28 20:35:44,279:INFO:----------------------------------------------------------------------------------------------------
2019-10-28 20:45:45,059:INFO:----------------------------------------------------------------------------------------------------
2019-10-28 20:55:45,950:INFO:----------------------------------------------------------------------------------------------------
2019-10-28 21:05:46,825:INFO:----------------------------------------------------------------------------------------------------
2019-10-28 21:15:47,654:INFO:----------------------------------------------------------------------------------------------------
2019-10-28 21:25:48,549:INFO:----------------------------------------------------------------------------------------------------
2019-10-28 21:35:49,832:INFO:----------------------------------------------------------------------------------------------------
2019-10-28 21:45:51,313:INFO:----------------------------------------------------------------------------------------------------
2019-10-28 21:55:52,244:INFO:----------------------------------------------------------------------------------------------------
2019-10-28 22:05:53,171:INFO:----------------------------------------------------------------------------------------------------
2019-10-28 22:15:54,142:INFO:----------------------------------------------------------------------------------------------------
2019-10-28 22:25:55,101:INFO:----------------------------------------------------------------------------------------------------
2019-10-28 22:35:55,976:INFO:----------------------------------------------------------------------------------------------------
2019-10-28 22:45:56,920:INFO:----------------------------------------------------------------------------------------------------
2019-10-28 22:55:57,907:INFO:----------------------------------------------------------------------------------------------------
2019-10-28 23:05:58,792:INFO:----------------------------------------------------------------------------------------------------
2019-10-28 23:15:59,658:INFO:----------------------------------------------------------------------------------------------------
2019-10-28 23:26:00,674:INFO:----------------------------------------------------------------------------------------------------
2019-10-28 23:36:01,486:INFO:----------------------------------------------------------------------------------------------------
2019-10-28 23:46:02,346:INFO:----------------------------------------------------------------------------------------------------
2019-10-28 23:56:03,292:INFO:----------------------------------------------------------------------------------------------------
2019-10-29 00:06:04,165:INFO:----------------------------------------------------------------------------------------------------
2019-10-29 00:16:05,061:INFO:----------------------------------------------------------------------------------------------------
2019-10-29 00:26:05,845:INFO:----------------------------------------------------------------------------------------------------
2019-10-29 00:36:06,665:INFO:----------------------------------------------------------------------------------------------------
2019-10-29 00:46:07,563:INFO:----------------------------------------------------------------------------------------------------
2019-10-29 00:56:08,417:INFO:----------------------------------------------------------------------------------------------------
2019-10-29 01:06:09,193:INFO:----------------------------------------------------------------------------------------------------
2019-10-29 01:16:10,132:INFO:----------------------------------------------------------------------------------------------------
2019-10-29 01:26:11,091:INFO:----------------------------------------------------------------------------------------------------
2019-10-29 01:36:11,986:INFO:----------------------------------------------------------------------------------------------------
2019-10-29 01:46:12,904:INFO:----------------------------------------------------------------------------------------------------
2019-10-29 01:56:13,753:INFO:----------------------------------------------------------------------------------------------------
2019-10-29 02:06:14,588:INFO:----------------------------------------------------------------------------------------------------
2019-10-29 02:16:15,480:INFO:----------------------------------------------------------------------------------------------------
2019-10-29 02:26:16,335:INFO:----------------------------------------------------------------------------------------------------
2019-10-29 02:36:17,168:INFO:----------------------------------------------------------------------------------------------------
2019-10-29 02:46:17,953:INFO:----------------------------------------------------------------------------------------------------
2019-10-29 02:56:18,799:INFO:----------------------------------------------------------------------------------------------------
2019-10-29 03:06:19,697:INFO:----------------------------------------------------------------------------------------------------
2019-10-29 03:16:20,493:INFO:----------------------------------------------------------------------------------------------------
2019-10-29 03:26:21,407:INFO:----------------------------------------------------------------------------------------------------
2019-10-29 03:36:22,270:INFO:----------------------------------------------------------------------------------------------------
2019-10-29 03:46:23,157:INFO:----------------------------------------------------------------------------------------------------
2019-10-29 03:56:23,963:INFO:----------------------------------------------------------------------------------------------------
2019-10-29 04:06:24,779:INFO:----------------------------------------------------------------------------------------------------
2019-10-29 04:16:25,552:INFO:----------------------------------------------------------------------------------------------------
2019-10-29 04:26:26,357:INFO:----------------------------------------------------------------------------------------------------
2019-10-29 04:36:27,145:INFO:----------------------------------------------------------------------------------------------------
2019-10-29 04:46:27,930:INFO:----------------------------------------------------------------------------------------------------
2019-10-29 04:56:28,701:INFO:----------------------------------------------------------------------------------------------------
2019-10-29 05:06:29,490:INFO:----------------------------------------------------------------------------------------------------
2019-10-29 05:16:30,270:INFO:----------------------------------------------------------------------------------------------------
2019-10-29 05:26:31,052:INFO:----------------------------------------------------------------------------------------------------
2019-10-29 05:36:31,845:INFO:----------------------------------------------------------------------------------------------------
2019-10-29 05:46:32,694:INFO:----------------------------------------------------------------------------------------------------
2019-10-29 05:56:33,549:INFO:----------------------------------------------------------------------------------------------------
2019-10-29 06:06:34,427:INFO:----------------------------------------------------------------------------------------------------
2019-10-29 06:16:35,219:INFO:----------------------------------------------------------------------------------------------------
2019-10-29 06:26:36,046:INFO:----------------------------------------------------------------------------------------------------
2019-10-29 06:36:36,891:INFO:----------------------------------------------------------------------------------------------------
2019-10-29 06:46:37,796:INFO:----------------------------------------------------------------------------------------------------
2019-10-29 06:56:38,766:INFO:----------------------------------------------------------------------------------------------------
2019-10-29 07:06:39,700:INFO:----------------------------------------------------------------------------------------------------
2019-10-29 07:16:40,627:INFO:----------------------------------------------------------------------------------------------------
2019-10-29 07:26:41,480:INFO:----------------------------------------------------------------------------------------------------
2019-10-29 07:36:42,292:INFO:----------------------------------------------------------------------------------------------------
2019-10-29 07:46:43,135:INFO:----------------------------------------------------------------------------------------------------
2019-10-29 07:56:44,063:INFO:----------------------------------------------------------------------------------------------------
2019-10-29 08:06:44,928:INFO:----------------------------------------------------------------------------------------------------
2019-10-29 08:16:45,799:INFO:----------------------------------------------------------------------------------------------------
2019-10-29 08:26:46,562:INFO:----------------------------------------------------------------------------------------------------
2019-10-29 08:36:47,348:INFO:----------------------------------------------------------------------------------------------------
2019-10-29 08:46:48,237:INFO:----------------------------------------------------------------------------------------------------
2019-10-29 08:50:52,855:INFO:ДУГААРАА СОНГОЖ БУЙ ХЭСЭГ
2019-10-29 08:50:52,855:INFO:2
2019-10-29 08:50:53,105:WARNING:Not Found: /favicon.ico
2019-10-29 08:51:26,871:INFO:98990181:6|98990357:6|98990530:6|98991354:6|98991467:6|98991504:6|98991630:6|98991645:6|98991653:6|98991704:6|98991724:6|98991725:6|98991726:6|98991754:6|98991792:6|98991843:6|98991926:6|98991973:6|98992043:6|98992081:6|98992316:6|98992338:6|98992431:6|98992437:6|98992451:6|98992457:6|98992476:6|98992487:6|98992524:6|98992537:6|98992543:6|98992642:6|98992652:6|98992653:6|98992693:6|98992732:6|98992740:6|98992783:6|98992792:6|98992794:6|98992834:6|98992837:6|98992841:6|98992874:6|98992942:6|98992956:6|98992967:6|98993045:6|98993075:6|98993124:6|98993153:6|98993172:6|98993175:6|98993198:6|98993201:6|98993254:6|98993412:6|98993421:6|98993465:6|98993470:6|98993503:6|98993524:6|98993526:6|98993561:6|98993564:6|98993572:6|98993574:6|98993595:6|98993625:6|98993645:6|98993654:6|98993657:6|98993675:6|98993679:6|98993694:6|98993706:6|98993714:6|98993716:6|98993721:6|98993725:6|98993726:6|98993729:6|98993736:6|98993746:6|98993756:6|98993758:6|98993764:6|98993792:6|98993794:6|98993812:6|98993816:6|98993825:6|98993826:6|98993836:6|98993862:6|98993923:6|98993943:6|98993952:6|98993957:6|98993973:6|98993981:6|98994091:6|98994127:6|98994154:6|98994156:6|98994162:6|98994165:6|98994167:6|98994173:6|98994178:6|98994187:6|98994195:6|98994213:6|98994214:6|98994237:6|98994257:6|98994260:6|98994263:6|98994264:6|98994273:6|98994281:6|98994284:6|98994294:6|98994301:6|98994302:6|98994308:6|98994314:6|98994317:6|98994324:6|98994325:6|98994327:6|98994337:6
2019-10-29 08:51:28,263:INFO:ДУГААРЫН ҮНЭ
2019-10-29 08:51:28,279:INFO:5000
2019-10-29 08:51:29,200:INFO:ДУГААРАА СОНГОЖ БУЙ ХЭСЭГ
2019-10-29 08:51:29,200:INFO:2
2019-10-29 08:51:33,872:INFO:-1
2019-10-29 08:51:37,122:INFO:-1
2019-10-29 08:51:47,342:INFO:98971166:7|98972200:7|98973311:7|98973366:7|98973388:7|98974411:7|98974422:7|98974466:7|98974499:7|98975533:7|98976600:7|98976622:7
2019-10-29 08:52:06,640:INFO:98960022:7|98961100:7|98961177:7|98963300:7|98963377:7|98964411:7|98964422:7|98964455:7|98964477:7|98965577:7|98966600:7|98968855:7
2019-10-29 08:52:26,062:INFO:98971166:7|98972200:7|98973311:7|98973366:7|98973388:7|98974411:7|98974422:7|98974466:7|98974499:7|98975533:7|98976600:7|98976622:7
2019-10-29 08:53:41,046:INFO:98960022:7|98961100:7|98961177:7|98963300:7|98963377:7|98964411:7|98964422:7|98964455:7|98964477:7|98965577:7|98966600:7|98968855:7
2019-10-29 08:54:47,845:INFO:98951133:7|98953322:7|98956600:7|98956644:7|98956655:7|98957700:7|98957733:7|98957755:7|98957766:7|98959922:7|98959944:7|98959977:7
2019-10-29 08:55:48,921:INFO:98971166:7|98972200:7|98973311:7|98973366:7|98973388:7|98974411:7|98974422:7|98974466:7|98974499:7|98975533:7|98976600:7|98976622:7
2019-10-29 08:57:02,612:INFO:98960022:7|98961100:7|98961177:7|98963300:7|98963377:7|98964411:7|98964422:7|98964455:7|98964477:7|98965577:7|98966600:7|98968855:7
