2019-09-12 17:21:37,983:INFO:----------------------------------------------------------------------------------------------------
2019-09-12 17:21:38,520:INFO:----------------------------------------------------------------------------------------------------
2019-09-12 17:21:57,503:INFO:ДУГААРАА СОНГОЖ БУЙ ХЭСЭГ
2019-09-12 17:21:57,503:INFO:2
2019-09-12 17:21:57,980:WARNING:Not Found: /favicon.ico
2019-09-12 17:22:07,684:INFO:98010027:6|98010034:6|98010035:6|98010036:6|98010037:6|98010043:6|98010045:6|98010046:6|98010052:6|98010053:6|98010056:6|98010057:6|98010062:6|98010064:6|98010065:6|98010067:6|98010069:6|98010072:6|98010073:6|98010074:6|98010075:6|98010078:6|98010079:6|98010082:6|98010084:6|98010085:6|98010086:6|98010087:6|98010092:6
2019-09-12 17:31:58,078:INFO:----------------------------------------------------------------------------------------------------
2019-09-12 17:41:58,746:INFO:----------------------------------------------------------------------------------------------------
2019-09-12 17:51:59,305:INFO:----------------------------------------------------------------------------------------------------
2019-09-12 18:01:59,861:INFO:----------------------------------------------------------------------------------------------------
2019-09-12 18:12:00,684:INFO:----------------------------------------------------------------------------------------------------
2019-09-12 18:22:01,279:INFO:----------------------------------------------------------------------------------------------------
2019-09-12 18:32:01,848:INFO:----------------------------------------------------------------------------------------------------
2019-09-12 18:42:02,645:INFO:----------------------------------------------------------------------------------------------------
2019-09-12 18:52:03,390:INFO:----------------------------------------------------------------------------------------------------
2019-09-12 19:02:04,069:INFO:----------------------------------------------------------------------------------------------------
2019-09-12 19:12:04,627:INFO:----------------------------------------------------------------------------------------------------
2019-09-12 19:22:05,171:INFO:----------------------------------------------------------------------------------------------------
2019-09-12 19:32:05,740:INFO:----------------------------------------------------------------------------------------------------
2019-09-12 19:42:06,736:INFO:----------------------------------------------------------------------------------------------------
2019-09-12 19:52:07,401:INFO:----------------------------------------------------------------------------------------------------
2019-09-12 20:02:08,062:INFO:----------------------------------------------------------------------------------------------------
2019-09-12 20:12:08,760:INFO:----------------------------------------------------------------------------------------------------
2019-09-12 20:22:09,428:INFO:----------------------------------------------------------------------------------------------------
2019-09-12 20:32:09,875:INFO:----------------------------------------------------------------------------------------------------
2019-09-12 20:42:10,444:INFO:----------------------------------------------------------------------------------------------------
2019-09-12 20:52:11,030:INFO:----------------------------------------------------------------------------------------------------
2019-09-12 21:02:11,467:INFO:----------------------------------------------------------------------------------------------------
2019-09-12 21:12:12,046:INFO:----------------------------------------------------------------------------------------------------
2019-09-12 21:22:12,717:INFO:----------------------------------------------------------------------------------------------------
2019-09-12 21:32:13,378:INFO:----------------------------------------------------------------------------------------------------
2019-09-12 21:42:14,059:INFO:----------------------------------------------------------------------------------------------------
2019-09-12 21:52:14,724:INFO:----------------------------------------------------------------------------------------------------
2019-09-12 22:02:15,298:INFO:----------------------------------------------------------------------------------------------------
2019-09-12 22:12:15,861:INFO:----------------------------------------------------------------------------------------------------
2019-09-12 22:22:16,414:INFO:----------------------------------------------------------------------------------------------------
2019-09-12 22:32:16,878:INFO:----------------------------------------------------------------------------------------------------
2019-09-12 22:42:18,548:INFO:----------------------------------------------------------------------------------------------------
2019-09-12 22:52:19,226:INFO:----------------------------------------------------------------------------------------------------
2019-09-12 23:02:19,769:INFO:----------------------------------------------------------------------------------------------------
2019-09-12 23:12:20,332:INFO:----------------------------------------------------------------------------------------------------
2019-09-12 23:22:20,901:INFO:----------------------------------------------------------------------------------------------------
2019-09-12 23:32:21,464:INFO:----------------------------------------------------------------------------------------------------
2019-09-12 23:42:22,023:INFO:----------------------------------------------------------------------------------------------------
2019-09-12 23:52:22,670:INFO:----------------------------------------------------------------------------------------------------
2019-09-13 00:02:23,369:INFO:----------------------------------------------------------------------------------------------------
2019-09-13 00:12:23,934:INFO:----------------------------------------------------------------------------------------------------
2019-09-13 00:22:24,601:INFO:----------------------------------------------------------------------------------------------------
2019-09-13 00:32:25,240:INFO:----------------------------------------------------------------------------------------------------
2019-09-13 00:42:25,782:INFO:----------------------------------------------------------------------------------------------------
2019-09-13 00:52:26,430:INFO:----------------------------------------------------------------------------------------------------
2019-09-13 01:02:26,967:INFO:----------------------------------------------------------------------------------------------------
2019-09-13 01:12:27,617:INFO:----------------------------------------------------------------------------------------------------
2019-09-13 01:22:28,161:INFO:----------------------------------------------------------------------------------------------------
2019-09-13 01:32:28,697:INFO:----------------------------------------------------------------------------------------------------
2019-09-13 01:42:29,371:INFO:----------------------------------------------------------------------------------------------------
2019-09-13 01:52:30,059:INFO:----------------------------------------------------------------------------------------------------
2019-09-13 02:02:30,742:INFO:----------------------------------------------------------------------------------------------------
2019-09-13 02:12:31,423:INFO:----------------------------------------------------------------------------------------------------
2019-09-13 02:22:31,974:INFO:----------------------------------------------------------------------------------------------------
2019-09-13 02:32:32,528:INFO:----------------------------------------------------------------------------------------------------
2019-09-13 02:42:37,286:INFO:----------------------------------------------------------------------------------------------------
2019-09-13 02:52:37,851:INFO:----------------------------------------------------------------------------------------------------
2019-09-13 03:02:38,496:INFO:----------------------------------------------------------------------------------------------------
2019-09-13 03:12:39,140:INFO:----------------------------------------------------------------------------------------------------
2019-09-13 03:22:39,789:INFO:----------------------------------------------------------------------------------------------------
2019-09-13 03:32:40,490:INFO:----------------------------------------------------------------------------------------------------
2019-09-13 03:42:41,180:INFO:----------------------------------------------------------------------------------------------------
2019-09-13 03:52:41,763:INFO:----------------------------------------------------------------------------------------------------
2019-09-13 04:02:42,311:INFO:----------------------------------------------------------------------------------------------------
2019-09-13 04:12:42,944:INFO:----------------------------------------------------------------------------------------------------
2019-09-13 04:22:43,382:INFO:----------------------------------------------------------------------------------------------------
2019-09-13 04:32:43,937:INFO:----------------------------------------------------------------------------------------------------
2019-09-13 04:42:44,596:INFO:----------------------------------------------------------------------------------------------------
2019-09-13 04:52:45,311:INFO:----------------------------------------------------------------------------------------------------
2019-09-13 05:02:45,982:INFO:----------------------------------------------------------------------------------------------------
2019-09-13 05:12:46,684:INFO:----------------------------------------------------------------------------------------------------
2019-09-13 05:22:47,246:INFO:----------------------------------------------------------------------------------------------------
2019-09-13 05:32:47,792:INFO:----------------------------------------------------------------------------------------------------
2019-09-13 05:42:48,344:INFO:----------------------------------------------------------------------------------------------------
2019-09-13 05:52:49,051:INFO:----------------------------------------------------------------------------------------------------
2019-09-13 06:02:49,706:INFO:----------------------------------------------------------------------------------------------------
2019-09-13 06:12:50,240:INFO:----------------------------------------------------------------------------------------------------
2019-09-13 06:22:50,888:INFO:----------------------------------------------------------------------------------------------------
2019-09-13 06:32:51,552:INFO:----------------------------------------------------------------------------------------------------
2019-09-13 06:42:52,125:INFO:----------------------------------------------------------------------------------------------------
2019-09-13 06:52:52,805:INFO:----------------------------------------------------------------------------------------------------
2019-09-13 07:02:53,355:INFO:----------------------------------------------------------------------------------------------------
2019-09-13 07:12:53,907:INFO:----------------------------------------------------------------------------------------------------
2019-09-13 07:22:54,556:INFO:----------------------------------------------------------------------------------------------------
2019-09-13 07:32:55,289:INFO:----------------------------------------------------------------------------------------------------
2019-09-13 07:42:55,966:INFO:----------------------------------------------------------------------------------------------------
2019-09-13 07:52:56,536:INFO:----------------------------------------------------------------------------------------------------
2019-09-13 08:02:57,092:INFO:----------------------------------------------------------------------------------------------------
2019-09-13 08:12:57,865:INFO:----------------------------------------------------------------------------------------------------
2019-09-13 08:22:58,510:INFO:----------------------------------------------------------------------------------------------------
2019-09-13 08:32:59,066:INFO:----------------------------------------------------------------------------------------------------
2019-09-13 08:42:59,733:INFO:----------------------------------------------------------------------------------------------------
2019-09-13 08:53:00,421:INFO:----------------------------------------------------------------------------------------------------
2019-09-13 09:03:00,980:INFO:----------------------------------------------------------------------------------------------------
2019-09-13 09:13:01,516:INFO:----------------------------------------------------------------------------------------------------
