2020-05-10 09:06:09,961:INFO:ДУГААРАА СОНГОЖ БУЙ ХЭСЭГ
2020-05-10 09:06:09,961:INFO:7
2020-05-10 09:16:38,793:INFO:------------------------------------------------------------------------------------------------
2020-05-10 09:26:45,518:INFO:ДУГААРАА СОНГОЖ БУЙ ХЭСЭГ
2020-05-10 09:26:45,519:INFO:7
2020-05-10 09:36:43,302:INFO:------------------------------------------------------------------------------------------------
2020-05-10 09:53:40,981:INFO:------------------------------------------------------------------------------------------------
2020-05-10 09:55:42,714:INFO:ДУГААРАА СОНГОЖ БУЙ ХЭСЭГ
2020-05-10 09:55:42,714:INFO:2
2020-05-10 09:55:43,538:WARNING:Not Found: /favicon.ico
2020-05-10 09:55:58,820:INFO:------------------------------------------------------------------------------------------------
2020-05-10 10:06:51,043:INFO:ДУГААРАА СОНГОЖ БУЙ ХЭСЭГ
2020-05-10 10:06:51,044:INFO:7
2020-05-10 10:06:51,494:WARNING:Not Found: /favicon.ico
2020-05-10 10:06:52,579:INFO:ДУГААРАА СОНГОЖ БУЙ ХЭСЭГ
2020-05-10 10:06:52,579:INFO:7
2020-05-10 10:06:52,943:WARNING:Not Found: /favicon.ico
2020-05-10 10:09:53,177:INFO:ДУГААРАА СОНГОЖ БУЙ ХЭСЭГ
2020-05-10 10:09:53,178:INFO:7
2020-05-10 10:09:53,818:WARNING:Not Found: /favicon.ico
2020-05-10 10:12:52,138:INFO:------------------------------------------------------------------------------------------------
2020-05-10 10:13:33,285:INFO:------------------------------------------------------------------------------------------------
2020-05-10 10:16:59,376:INFO:------------------------------------------------------------------------------------------------
2020-05-10 10:20:50,144:INFO:------------------------------------------------------------------------------------------------
2020-05-10 10:20:51,473:INFO:ДУГААРАА СОНГОЖ БУЙ ХЭСЭГ
2020-05-10 10:20:51,473:INFO:2
2020-05-10 10:33:29,979:INFO:ДУГААРАА СОНГОЖ БУЙ ХЭСЭГ
2020-05-10 10:33:29,979:INFO:7
2020-05-10 10:33:32,181:WARNING:Not Found: /favicon.ico
2020-05-10 10:36:44,101:INFO:------------------------------------------------------------------------------------------------
2020-05-10 10:39:18,623:INFO:------------------------------------------------------------------------------------------------
2020-05-10 10:40:28,104:INFO:ДУГААРАА СОНГОЖ БУЙ ХЭСЭГ
2020-05-10 10:40:28,104:INFO:2
2020-05-10 10:40:32,602:INFO:------------------------------------------------------------------------------------------------
2020-05-10 10:40:38,125:INFO:ДУГААРАА СОНГОЖ БУЙ ХЭСЭГ
2020-05-10 10:40:38,126:INFO:7
2020-05-10 10:40:38,408:INFO:------------------------------------------------------------------------------------------------
2020-05-10 10:40:38,782:INFO:------------------------------------------------------------------------------------------------
2020-05-10 10:40:39,068:INFO:ДУГААРАА СОНГОЖ БУЙ ХЭСЭГ
2020-05-10 10:40:39,068:INFO:7
2020-05-10 10:40:39,455:INFO:ДУГААРАА СОНГОЖ БУЙ ХЭСЭГ
2020-05-10 10:40:39,456:INFO:4
2020-05-10 10:40:41,180:INFO:ДУГААРАА СОНГОЖ БУЙ ХЭСЭГ
2020-05-10 10:40:41,180:INFO:2
2020-05-10 10:43:31,378:INFO:ДУГААРАА СОНГОЖ БУЙ ХЭСЭГ
2020-05-10 10:43:31,379:INFO:7
2020-05-10 10:43:31,749:WARNING:Not Found: /favicon.ico
2020-05-10 10:43:33,228:INFO:------------------------------------------------------------------------------------------------
2020-05-10 10:43:33,938:INFO:ДУГААРАА СОНГОЖ БУЙ ХЭСЭГ
2020-05-10 10:43:33,938:INFO:2
2020-05-10 10:44:59,120:INFO:------------------------------------------------------------------------------------------------
2020-05-10 10:44:59,957:INFO:ДУГААРАА СОНГОЖ БУЙ ХЭСЭГ
2020-05-10 10:44:59,957:INFO:2
2020-05-10 10:45:00,518:WARNING:Not Found: /favicon.ico
2020-05-10 10:45:00,556:WARNING:Not Found: /favicon.ico
2020-05-10 10:46:45,101:INFO:ДУГААРЫН ҮНЭ
2020-05-10 10:46:45,104:INFO:5000
2020-05-10 10:46:58,915:INFO:ДУГААРЫН ҮНЭ
2020-05-10 10:46:58,917:INFO:5000
2020-05-10 10:50:11,603:INFO:------------------------------------------------------------------------------------------------
2020-05-10 10:50:12,343:INFO:------------------------------------------------------------------------------------------------
2020-05-10 10:53:41,452:INFO:------------------------------------------------------------------------------------------------
2020-05-10 10:55:58,997:INFO:------------------------------------------------------------------------------------------------
2020-05-10 11:01:42,671:INFO:------------------------------------------------------------------------------------------------
2020-05-10 11:05:51,932:INFO:ДУГААРАА СОНГОЖ БУЙ ХЭСЭГ
2020-05-10 11:05:51,932:INFO:2
2020-05-10 11:05:53,583:WARNING:Not Found: /favicon.ico
2020-05-10 11:11:41,985:INFO:------------------------------------------------------------------------------------------------
2020-05-10 11:13:38,584:INFO:------------------------------------------------------------------------------------------------
2020-05-10 11:15:12,920:INFO:ДУГААРАА СОНГОЖ БУЙ ХЭСЭГ
2020-05-10 11:15:12,921:INFO:7
2020-05-10 11:15:13,266:WARNING:Not Found: /favicon.ico
2020-05-10 11:15:14,609:INFO:------------------------------------------------------------------------------------------------
2020-05-10 11:15:15,460:INFO:ДУГААРАА СОНГОЖ БУЙ ХЭСЭГ
2020-05-10 11:15:15,461:INFO:2
2020-05-10 11:17:16,058:INFO:------------------------------------------------------------------------------------------------
2020-05-10 11:20:27,835:INFO:------------------------------------------------------------------------------------------------
2020-05-10 11:21:06,211:INFO:ДУГААРЫН ҮНЭ
2020-05-10 11:21:06,213:INFO:5000
2020-05-10 11:21:10,992:INFO:ДУГААРЫН ҮНЭ
2020-05-10 11:21:10,994:INFO:5000
2020-05-10 11:22:02,161:INFO:ДУГААРЫН ZAHIALGA
2020-05-10 11:24:02,274:INFO:------------------------------------------------------------------------------------------------
2020-05-10 11:32:30,360:INFO:------------------------------------------------------------------------------------------------
2020-05-10 11:32:33,673:INFO:ДУГААРАА СОНГОЖ БУЙ ХЭСЭГ
2020-05-10 11:32:33,673:INFO:2
2020-05-10 11:32:34,079:WARNING:Not Found: /favicon.ico
2020-05-10 11:36:44,193:INFO:------------------------------------------------------------------------------------------------
2020-05-10 11:40:32,772:INFO:------------------------------------------------------------------------------------------------
2020-05-10 11:40:38,508:INFO:------------------------------------------------------------------------------------------------
2020-05-10 11:40:38,891:INFO:------------------------------------------------------------------------------------------------
2020-05-10 11:44:53,432:WARNING:Not Found: /favicon.ico
2020-05-10 11:45:01,443:INFO:ДУГААРАА СОНГОЖ БУЙ ХЭСЭГ
2020-05-10 11:45:01,443:INFO:2
2020-05-10 11:45:01,781:WARNING:Not Found: /favicon.ico
2020-05-10 11:45:10,104:INFO:------------------------------------------------------------------------------------------------
2020-05-10 11:45:13,724:INFO:------------------------------------------------------------------------------------------------
2020-05-10 11:45:23,602:WARNING:Not Found: /favicon.ico
2020-05-10 11:46:24,592:INFO:ДУГААРАА СОНГОЖ БУЙ ХЭСЭГ
2020-05-10 11:46:24,593:INFO:2
2020-05-10 11:46:24,955:WARNING:Not Found: /favicon.ico
2020-05-10 11:46:50,149:INFO:ДУГААРАА СОНГОЖ БУЙ ХЭСЭГ
2020-05-10 11:46:50,149:INFO:2
2020-05-10 11:46:50,445:WARNING:Not Found: /favicon.ico
2020-05-10 11:47:01,956:INFO:ДУГААРАА СОНГОЖ БУЙ ХЭСЭГ
2020-05-10 11:47:01,956:INFO:2
2020-05-10 11:47:02,287:WARNING:Not Found: /favicon.ico
2020-05-10 11:49:06,452:INFO:------------------------------------------------------------------------------------------------
2020-05-10 11:49:09,006:INFO:ДУГААРАА СОНГОЖ БУЙ ХЭСЭГ
2020-05-10 11:49:09,006:INFO:7
2020-05-10 11:49:09,322:WARNING:Not Found: /favicon.ico
2020-05-10 11:49:55,827:INFO:ДУГААРЫН ҮНЭ
2020-05-10 11:49:55,830:INFO:10000
2020-05-10 11:50:15,314:INFO:------------------------------------------------------------------------------------------------
2020-05-10 11:53:41,613:INFO:------------------------------------------------------------------------------------------------
2020-05-10 11:55:25,651:INFO:ДУГААРАА СОНГОЖ БУЙ ХЭСЭГ
2020-05-10 11:55:25,651:INFO:2
2020-05-10 11:55:25,883:WARNING:Not Found: /favicon.ico
2020-05-10 11:58:17,579:INFO:ДУГААРАА СОНГОЖ БУЙ ХЭСЭГ
2020-05-10 11:58:17,579:INFO:2
2020-05-10 11:58:35,843:INFO:ДУГААРАА СОНГОЖ БУЙ ХЭСЭГ
2020-05-10 11:58:35,843:INFO:2
2020-05-10 12:01:43,403:INFO:------------------------------------------------------------------------------------------------
2020-05-10 12:02:43,079:INFO:------------------------------------------------------------------------------------------------
2020-05-10 12:02:43,723:INFO:ДУГААРАА СОНГОЖ БУЙ ХЭСЭГ
2020-05-10 12:02:43,723:INFO:7
2020-05-10 12:02:49,570:INFO:------------------------------------------------------------------------------------------------
2020-05-10 12:02:51,293:INFO:ДУГААРАА СОНГОЖ БУЙ ХЭСЭГ
2020-05-10 12:02:51,294:INFO:2
2020-05-10 12:05:37,102:INFO:ДУГААРЫН ҮНЭ
2020-05-10 12:05:37,105:INFO:5000
2020-05-10 12:06:59,831:INFO:ДУГААРЫН ҮНЭ
2020-05-10 12:06:59,834:INFO:5000
2020-05-10 12:07:12,863:INFO:ДУГААРЫН ҮНЭ
2020-05-10 12:07:12,866:INFO:5000
2020-05-10 12:07:19,077:INFO:ДУГААРЫН ҮНЭ
2020-05-10 12:07:19,079:INFO:5000
2020-05-10 12:08:01,835:INFO:ДУГААРЫН ҮНЭ
2020-05-10 12:08:01,837:INFO:5000
2020-05-10 12:08:29,143:INFO:ДУГААРЫН ҮНЭ
2020-05-10 12:08:29,146:INFO:5000
2020-05-10 12:09:11,254:INFO:ДУГААРЫН ZAHIALGA
2020-05-10 12:09:12,805:INFO:------------------------------------------------------------------------------------------------
2020-05-10 12:11:46,967:INFO:------------------------------------------------------------------------------------------------
2020-05-10 12:12:45,374:INFO:------------------------------------------------------------------------------------------------
2020-05-10 12:13:39,094:INFO:------------------------------------------------------------------------------------------------
2020-05-10 12:17:32,787:INFO:------------------------------------------------------------------------------------------------
2020-05-10 12:20:29,620:INFO:------------------------------------------------------------------------------------------------
2020-05-10 12:24:02,371:INFO:------------------------------------------------------------------------------------------------
2020-05-10 12:32:30,558:INFO:------------------------------------------------------------------------------------------------
2020-05-10 12:36:44,306:INFO:------------------------------------------------------------------------------------------------
2020-05-10 12:40:32,870:INFO:------------------------------------------------------------------------------------------------
2020-05-10 12:40:38,571:INFO:------------------------------------------------------------------------------------------------
2020-05-10 12:40:38,995:INFO:------------------------------------------------------------------------------------------------
2020-05-10 12:44:27,365:INFO:ДУГААРАА СОНГОЖ БУЙ ХЭСЭГ
2020-05-10 12:44:27,365:INFO:7
2020-05-10 12:44:38,948:INFO:ДУГААРАА СОНГОЖ БУЙ ХЭСЭГ
2020-05-10 12:44:38,949:INFO:7
2020-05-10 12:44:39,101:WARNING:Not Found: /favicon.ico
2020-05-10 12:44:43,535:INFO:------------------------------------------------------------------------------------------------
2020-05-10 12:44:44,003:WARNING:Not Found: /favicon.ico
2020-05-10 12:45:01,550:INFO:ДУГААРАА СОНГОЖ БУЙ ХЭСЭГ
2020-05-10 12:45:01,550:INFO:7
2020-05-10 12:48:06,030:INFO:ДУГААРАА СОНГОЖ БУЙ ХЭСЭГ
2020-05-10 12:48:06,030:INFO:2
2020-05-10 12:48:07,947:INFO:ДУГААРАА СОНГОЖ БУЙ ХЭСЭГ
2020-05-10 12:48:07,947:INFO:2
2020-05-10 12:48:17,338:INFO:ДУГААРЫН ҮНЭ
2020-05-10 12:48:17,345:INFO:5000
2020-05-10 12:48:25,141:INFO:ДУГААРАА СОНГОЖ БУЙ ХЭСЭГ
2020-05-10 12:48:25,141:INFO:2
2020-05-10 12:48:37,019:INFO:ДУГААРАА СОНГОЖ БУЙ ХЭСЭГ
2020-05-10 12:48:37,020:INFO:2
2020-05-10 12:50:15,469:INFO:------------------------------------------------------------------------------------------------
2020-05-10 12:50:31,190:INFO:------------------------------------------------------------------------------------------------
2020-05-10 12:51:47,590:INFO:------------------------------------------------------------------------------------------------
2020-05-10 12:56:56,990:INFO:------------------------------------------------------------------------------------------------
2020-05-10 13:01:13,406:INFO:ДУГААРАА СОНГОЖ БУЙ ХЭСЭГ
2020-05-10 13:01:13,407:INFO:2
2020-05-10 13:01:13,778:WARNING:Not Found: /favicon.ico
2020-05-10 13:01:43,901:INFO:------------------------------------------------------------------------------------------------
2020-05-10 13:05:43,096:INFO:------------------------------------------------------------------------------------------------
2020-05-10 13:06:59,770:INFO:ДУГААРАА СОНГОЖ БУЙ ХЭСЭГ
2020-05-10 13:06:59,771:INFO:7
2020-05-10 13:07:00,021:WARNING:Not Found: /favicon.ico
2020-05-10 13:07:51,113:INFO:ДУГААРАА СОНГОЖ БУЙ ХЭСЭГ
2020-05-10 13:07:51,114:INFO:7
2020-05-10 13:07:51,487:WARNING:Not Found: /favicon.ico
2020-05-10 13:09:13,018:INFO:------------------------------------------------------------------------------------------------
2020-05-10 13:09:28,543:INFO:ДУГААРАА СОНГОЖ БУЙ ХЭСЭГ
2020-05-10 13:09:28,543:INFO:7
2020-05-10 13:09:28,910:WARNING:Not Found: /favicon.ico
2020-05-10 13:09:34,352:INFO:ДУГААРАА СОНГОЖ БУЙ ХЭСЭГ
2020-05-10 13:09:34,352:INFO:7
2020-05-10 13:09:34,629:WARNING:Not Found: /favicon.ico
2020-05-10 13:09:37,830:INFO:ДУГААРАА СОНГОЖ БУЙ ХЭСЭГ
2020-05-10 13:09:37,830:INFO:7
2020-05-10 13:09:38,088:WARNING:Not Found: /favicon.ico
2020-05-10 13:09:40,531:INFO:ДУГААРАА СОНГОЖ БУЙ ХЭСЭГ
2020-05-10 13:09:40,531:INFO:7
2020-05-10 13:09:40,776:WARNING:Not Found: /favicon.ico
2020-05-10 13:09:42,098:INFO:ДУГААРАА СОНГОЖ БУЙ ХЭСЭГ
2020-05-10 13:09:42,098:INFO:7
2020-05-10 13:09:42,359:WARNING:Not Found: /favicon.ico
2020-05-10 13:09:46,023:INFO:------------------------------------------------------------------------------------------------
2020-05-10 13:09:56,243:INFO:ДУГААРАА СОНГОЖ БУЙ ХЭСЭГ
2020-05-10 13:09:56,243:INFO:7
2020-05-10 13:09:56,581:WARNING:Not Found: /favicon.ico
2020-05-10 13:10:02,131:INFO:ДУГААРАА СОНГОЖ БУЙ ХЭСЭГ
2020-05-10 13:10:02,132:INFO:7
2020-05-10 13:10:02,411:WARNING:Not Found: /favicon.ico
2020-05-10 13:10:04,105:INFO:ДУГААРАА СОНГОЖ БУЙ ХЭСЭГ
2020-05-10 13:10:04,106:INFO:7
2020-05-10 13:10:04,422:WARNING:Not Found: /favicon.ico
2020-05-10 13:10:05,821:INFO:ДУГААРАА СОНГОЖ БУЙ ХЭСЭГ
2020-05-10 13:10:05,821:INFO:7
2020-05-10 13:10:06,128:WARNING:Not Found: /favicon.ico
2020-05-10 13:10:07,357:INFO:ДУГААРАА СОНГОЖ БУЙ ХЭСЭГ
2020-05-10 13:10:07,357:INFO:7
2020-05-10 13:10:07,642:WARNING:Not Found: /favicon.ico
2020-05-10 13:10:07,905:INFO:ДУГААРАА СОНГОЖ БУЙ ХЭСЭГ
2020-05-10 13:10:07,905:INFO:7
2020-05-10 13:10:08,226:WARNING:Not Found: /favicon.ico
2020-05-10 13:10:09,403:INFO:ДУГААРАА СОНГОЖ БУЙ ХЭСЭГ
2020-05-10 13:10:09,403:INFO:7
2020-05-10 13:10:09,684:WARNING:Not Found: /favicon.ico
2020-05-10 13:10:10,830:INFO:ДУГААРАА СОНГОЖ БУЙ ХЭСЭГ
2020-05-10 13:10:10,831:INFO:7
2020-05-10 13:10:11,062:WARNING:Not Found: /favicon.ico
2020-05-10 13:10:24,772:INFO:ДУГААРАА СОНГОЖ БУЙ ХЭСЭГ
2020-05-10 13:10:24,772:INFO:7
2020-05-10 13:10:25,067:WARNING:Not Found: /favicon.ico
2020-05-10 13:10:25,560:INFO:ДУГААРАА СОНГОЖ БУЙ ХЭСЭГ
2020-05-10 13:10:25,560:INFO:7
2020-05-10 13:10:25,838:WARNING:Not Found: /favicon.ico
2020-05-10 13:10:29,788:INFO:ДУГААРАА СОНГОЖ БУЙ ХЭСЭГ
2020-05-10 13:10:29,788:INFO:7
2020-05-10 13:10:30,077:WARNING:Not Found: /favicon.ico
2020-05-10 13:10:32,849:INFO:ДУГААРАА СОНГОЖ БУЙ ХЭСЭГ
2020-05-10 13:10:32,849:INFO:7
2020-05-10 13:10:33,170:WARNING:Not Found: /favicon.ico
2020-05-10 13:11:14,326:INFO:ДУГААРАА СОНГОЖ БУЙ ХЭСЭГ
2020-05-10 13:11:14,326:INFO:7
2020-05-10 13:11:14,684:WARNING:Not Found: /favicon.ico
2020-05-10 13:11:47,193:INFO:------------------------------------------------------------------------------------------------
2020-05-10 13:12:02,443:WARNING:Not Found: /favicon.ico
2020-05-10 13:12:05,913:INFO:ДУГААРАА СОНГОЖ БУЙ ХЭСЭГ
2020-05-10 13:12:05,913:INFO:7
2020-05-10 13:12:06,226:WARNING:Not Found: /favicon.ico
2020-05-10 13:12:45,481:INFO:------------------------------------------------------------------------------------------------
2020-05-10 13:13:44,062:INFO:------------------------------------------------------------------------------------------------
2020-05-10 13:18:40,356:INFO:ДУГААРАА СОНГОЖ БУЙ ХЭСЭГ
2020-05-10 13:18:40,356:INFO:7
2020-05-10 13:18:40,720:WARNING:Not Found: /favicon.ico
2020-05-10 13:22:05,233:INFO:ДУГААРЫН ҮНЭ
2020-05-10 13:22:05,236:INFO:10000
2020-05-10 13:22:17,575:INFO:ДУГААРЫН ҮНЭ
2020-05-10 13:22:17,577:INFO:10000
2020-05-10 13:22:30,755:INFO:------------------------------------------------------------------------------------------------
2020-05-10 13:22:32,681:INFO:ДУГААРАА СОНГОЖ БУЙ ХЭСЭГ
2020-05-10 13:22:32,681:INFO:7
2020-05-10 13:23:14,610:INFO:ДУГААРЫН ҮНЭ
2020-05-10 13:23:14,614:INFO:10000
2020-05-10 13:23:15,008:INFO:ДУГААРЫН ҮНЭ
2020-05-10 13:23:15,012:INFO:10000
2020-05-10 13:24:02,445:INFO:------------------------------------------------------------------------------------------------
2020-05-10 13:28:45,264:INFO:ДУГААРАА СОНГОЖ БУЙ ХЭСЭГ
2020-05-10 13:28:45,264:INFO:2
2020-05-10 13:28:45,709:WARNING:Not Found: /favicon.ico
2020-05-10 13:30:26,466:INFO:ДУГААРАА СОНГОЖ БУЙ ХЭСЭГ
2020-05-10 13:30:26,466:INFO:2
2020-05-10 13:32:30,716:INFO:------------------------------------------------------------------------------------------------
2020-05-10 13:37:32,867:INFO:ДУГААРАА СОНГОЖ БУЙ ХЭСЭГ
2020-05-10 13:37:32,867:INFO:2
2020-05-10 13:37:39,494:INFO:ДУГААРАА СОНГОЖ БУЙ ХЭСЭГ
2020-05-10 13:37:39,495:INFO:2
2020-05-10 13:39:11,807:INFO:ДУГААРАА СОНГОЖ БУЙ ХЭСЭГ
2020-05-10 13:39:11,807:INFO:7
2020-05-10 13:39:47,698:INFO:ДУГААРЫН ҮНЭ
2020-05-10 13:39:47,701:INFO:10000
2020-05-10 13:40:10,490:INFO:ДУГААРЫН ZAHIALGA
2020-05-10 13:40:18,170:INFO:------------------------------------------------------------------------------------------------
2020-05-10 13:40:32,960:INFO:------------------------------------------------------------------------------------------------
2020-05-10 13:40:35,322:INFO:ДУГААРАА СОНГОЖ БУЙ ХЭСЭГ
2020-05-10 13:40:35,322:INFO:2
2020-05-10 13:40:37,259:INFO:ДУГААРАА СОНГОЖ БУЙ ХЭСЭГ
2020-05-10 13:40:37,259:INFO:2
2020-05-10 13:40:38,636:INFO:------------------------------------------------------------------------------------------------
2020-05-10 13:40:39,085:INFO:------------------------------------------------------------------------------------------------
2020-05-10 13:42:34,363:INFO:ДУГААРЫН ҮНЭ
2020-05-10 13:42:34,366:INFO:5000
2020-05-10 13:43:09,763:INFO:ДУГААРАА СОНГОЖ БУЙ ХЭСЭГ
2020-05-10 13:43:09,764:INFO:7
2020-05-10 13:43:11,542:INFO:ДУГААРАА СОНГОЖ БУЙ ХЭСЭГ
2020-05-10 13:43:11,542:INFO:7
2020-05-10 13:43:28,514:INFO:------------------------------------------------------------------------------------------------
2020-05-10 13:43:30,800:INFO:ДУГААРАА СОНГОЖ БУЙ ХЭСЭГ
2020-05-10 13:43:30,801:INFO:3
2020-05-10 13:44:03,549:INFO:ДУГААРЫН ZAHIALGA
2020-05-10 13:46:03,818:INFO:------------------------------------------------------------------------------------------------
2020-05-10 13:46:44,066:INFO:ДУГААРАА СОНГОЖ БУЙ ХЭСЭГ
2020-05-10 13:46:44,067:INFO:2
2020-05-10 13:51:48,185:INFO:------------------------------------------------------------------------------------------------
2020-05-10 13:53:17,277:WARNING:Not Found: /favicon.ico
2020-05-10 13:53:24,251:INFO:------------------------------------------------------------------------------------------------
2020-05-10 13:53:27,645:INFO:ДУГААРАА СОНГОЖ БУЙ ХЭСЭГ
2020-05-10 13:53:27,646:INFO:7
2020-05-10 13:54:00,193:INFO:ДУГААРАА СОНГОЖ БУЙ ХЭСЭГ
2020-05-10 13:54:00,193:INFO:7
2020-05-10 13:54:16,396:INFO:ДУГААРАА СОНГОЖ БУЙ ХЭСЭГ
2020-05-10 13:54:16,396:INFO:7
2020-05-10 13:54:39,095:INFO:ДУГААРАА СОНГОЖ БУЙ ХЭСЭГ
2020-05-10 13:54:39,095:INFO:7
2020-05-10 13:54:59,073:INFO:ДУГААРАА СОНГОЖ БУЙ ХЭСЭГ
2020-05-10 13:54:59,073:INFO:7
2020-05-10 13:55:06,714:ERROR:Internal Server Error: /getnumber
Traceback (most recent call last):
  File "/usr/local/lib/python2.7/dist-packages/django/core/handlers/exception.py", line 41, in inner
    response = get_response(request)
  File "/usr/local/lib/python2.7/dist-packages/django/core/handlers/base.py", line 187, in _get_response
    response = self.process_exception_by_middleware(e, request)
  File "/usr/local/lib/python2.7/dist-packages/django/core/handlers/base.py", line 185, in _get_response
    response = wrapped_callback(request, *callback_args, **callback_kwargs)
  File "/usr/local/lib/python2.7/dist-packages/django/views/decorators/csrf.py", line 58, in wrapped_view
    return view_func(*args, **kwargs)
  File "/usr/local/lib/python2.7/dist-packages/django/views/generic/base.py", line 68, in view
    return self.dispatch(request, *args, **kwargs)
  File "/usr/local/lib/python2.7/dist-packages/rest_framework/views.py", line 495, in dispatch
    response = self.handle_exception(exc)
  File "/usr/local/lib/python2.7/dist-packages/rest_framework/views.py", line 455, in handle_exception
    self.raise_uncaught_exception(exc)
  File "/usr/local/lib/python2.7/dist-packages/rest_framework/views.py", line 492, in dispatch
    response = handler(request, *args, **kwargs)
  File "/usr/local/lib/python2.7/dist-packages/rest_framework/decorators.py", line 55, in handler
    return func(*args, **kwargs)
  File "/home/user/nFilterNew/controller/views.py", line 206, in getNumber
    if data[1] == az:
IndexError: list index out of range
2020-05-10 13:55:50,507:INFO:------------------------------------------------------------------------------------------------
2020-05-10 13:56:38,746:INFO:ДУГААРАА СОНГОЖ БУЙ ХЭСЭГ
2020-05-10 13:56:38,747:INFO:2
2020-05-10 13:56:39,018:WARNING:Not Found: /favicon.ico
2020-05-10 13:57:01,698:INFO:ДУГААРАА СОНГОЖ БУЙ ХЭСЭГ
2020-05-10 13:57:01,698:INFO:7
2020-05-10 13:57:47,160:INFO:ДУГААРАА СОНГОЖ БУЙ ХЭСЭГ
2020-05-10 13:57:47,160:INFO:7
2020-05-10 13:57:58,005:INFO:ДУГААРАА СОНГОЖ БУЙ ХЭСЭГ
2020-05-10 13:57:58,005:INFO:7
2020-05-10 13:58:20,622:INFO:ДУГААРАА СОНГОЖ БУЙ ХЭСЭГ
2020-05-10 13:58:20,622:INFO:7
2020-05-10 13:58:24,425:INFO:ДУГААРАА СОНГОЖ БУЙ ХЭСЭГ
2020-05-10 13:58:24,425:INFO:2
2020-05-10 13:58:25,034:INFO:ДУГААРАА СОНГОЖ БУЙ ХЭСЭГ
2020-05-10 13:58:25,034:INFO:2
2020-05-10 13:58:25,523:WARNING:Not Found: /favicon.ico
2020-05-10 13:58:25,530:WARNING:Not Found: /favicon.ico
2020-05-10 13:58:44,107:INFO:ДУГААРАА СОНГОЖ БУЙ ХЭСЭГ
2020-05-10 13:58:44,107:INFO:7
2020-05-10 13:58:44,598:INFO:------------------------------------------------------------------------------------------------
2020-05-10 13:58:45,573:INFO:ДУГААРАА СОНГОЖ БУЙ ХЭСЭГ
2020-05-10 13:58:45,573:INFO:2
2020-05-10 13:58:46,717:INFO:ДУГААРАА СОНГОЖ БУЙ ХЭСЭГ
2020-05-10 13:58:46,717:INFO:2
2020-05-10 13:59:02,184:INFO:ДУГААРАА СОНГОЖ БУЙ ХЭСЭГ
2020-05-10 13:59:02,184:INFO:7
2020-05-10 13:59:15,347:INFO:ДУГААРАА СОНГОЖ БУЙ ХЭСЭГ
2020-05-10 13:59:15,348:INFO:7
2020-05-10 13:59:34,075:INFO:ДУГААРАА СОНГОЖ БУЙ ХЭСЭГ
2020-05-10 13:59:34,076:INFO:7
2020-05-10 13:59:35,636:INFO:ДУГААРАА СОНГОЖ БУЙ ХЭСЭГ
2020-05-10 13:59:35,636:INFO:7
2020-05-10 13:59:35,660:INFO:ДУГААРАА СОНГОЖ БУЙ ХЭСЭГ
2020-05-10 13:59:35,661:INFO:2
2020-05-10 13:59:36,571:INFO:ДУГААРАА СОНГОЖ БУЙ ХЭСЭГ
2020-05-10 13:59:36,571:INFO:7
2020-05-10 13:59:38,579:INFO:ДУГААРАА СОНГОЖ БУЙ ХЭСЭГ
2020-05-10 13:59:38,579:INFO:7
2020-05-10 13:59:39,402:INFO:ДУГААРАА СОНГОЖ БУЙ ХЭСЭГ
2020-05-10 13:59:39,402:INFO:7
2020-05-10 13:59:39,979:INFO:ДУГААРАА СОНГОЖ БУЙ ХЭСЭГ
2020-05-10 13:59:39,979:INFO:7
2020-05-10 13:59:42,004:INFO:------------------------------------------------------------------------------------------------
2020-05-10 13:59:47,035:INFO:ДУГААРАА СОНГОЖ БУЙ ХЭСЭГ
2020-05-10 13:59:47,035:INFO:2
2020-05-10 13:59:51,649:INFO:ДУГААРАА СОНГОЖ БУЙ ХЭСЭГ
2020-05-10 13:59:51,649:INFO:7
2020-05-10 13:59:53,851:INFO:ДУГААРАА СОНГОЖ БУЙ ХЭСЭГ
2020-05-10 13:59:53,851:INFO:7
2020-05-10 14:00:09,963:INFO:ДУГААРАА СОНГОЖ БУЙ ХЭСЭГ
2020-05-10 14:00:09,963:INFO:7
2020-05-10 14:01:25,024:INFO:ДУГААРЫН ҮНЭ
2020-05-10 14:01:25,026:INFO:10000
2020-05-10 14:01:44,208:INFO:------------------------------------------------------------------------------------------------
2020-05-10 14:02:21,434:INFO:ДУГААРАА СОНГОЖ БУЙ ХЭСЭГ
2020-05-10 14:02:21,435:INFO:7
2020-05-10 14:02:36,764:INFO:ДУГААРАА СОНГОЖ БУЙ ХЭСЭГ
2020-05-10 14:02:36,764:INFO:7
2020-05-10 14:02:46,808:INFO:ДУГААРАА СОНГОЖ БУЙ ХЭСЭГ
2020-05-10 14:02:46,808:INFO:7
2020-05-10 14:02:57,048:INFO:------------------------------------------------------------------------------------------------
2020-05-10 14:02:57,886:INFO:ДУГААРАА СОНГОЖ БУЙ ХЭСЭГ
2020-05-10 14:02:57,886:INFO:7
2020-05-10 14:02:59,934:INFO:ДУГААРАА СОНГОЖ БУЙ ХЭСЭГ
2020-05-10 14:02:59,934:INFO:7
2020-05-10 14:03:36,156:INFO:------------------------------------------------------------------------------------------------
2020-05-10 14:03:38,695:INFO:ДУГААРАА СОНГОЖ БУЙ ХЭСЭГ
2020-05-10 14:03:38,695:INFO:7
2020-05-10 14:03:41,581:INFO:ДУГААРАА СОНГОЖ БУЙ ХЭСЭГ
2020-05-10 14:03:41,581:INFO:7
2020-05-10 14:04:18,504:ERROR:Internal Server Error: /getnumber
Traceback (most recent call last):
  File "/usr/local/lib/python2.7/dist-packages/django/core/handlers/exception.py", line 41, in inner
    response = get_response(request)
  File "/usr/local/lib/python2.7/dist-packages/django/core/handlers/base.py", line 187, in _get_response
    response = self.process_exception_by_middleware(e, request)
  File "/usr/local/lib/python2.7/dist-packages/django/core/handlers/base.py", line 185, in _get_response
    response = wrapped_callback(request, *callback_args, **callback_kwargs)
  File "/usr/local/lib/python2.7/dist-packages/django/views/decorators/csrf.py", line 58, in wrapped_view
    return view_func(*args, **kwargs)
  File "/usr/local/lib/python2.7/dist-packages/django/views/generic/base.py", line 68, in view
    return self.dispatch(request, *args, **kwargs)
  File "/usr/local/lib/python2.7/dist-packages/rest_framework/views.py", line 495, in dispatch
    response = self.handle_exception(exc)
  File "/usr/local/lib/python2.7/dist-packages/rest_framework/views.py", line 455, in handle_exception
    self.raise_uncaught_exception(exc)
  File "/usr/local/lib/python2.7/dist-packages/rest_framework/views.py", line 492, in dispatch
    response = handler(request, *args, **kwargs)
  File "/usr/local/lib/python2.7/dist-packages/rest_framework/decorators.py", line 55, in handler
    return func(*args, **kwargs)
  File "/home/user/nFilterNew/controller/views.py", line 206, in getNumber
    if data[1] == az:
IndexError: list index out of range
2020-05-10 14:04:46,000:INFO:ДУГААРЫН ҮНЭ
2020-05-10 14:04:46,002:INFO:10000
2020-05-10 14:04:50,915:INFO:ДУГААРЫН ҮНЭ
2020-05-10 14:04:50,917:INFO:10000
2020-05-10 14:06:14,158:INFO:ДУГААРАА СОНГОЖ БУЙ ХЭСЭГ
2020-05-10 14:06:14,159:INFO:7
2020-05-10 14:06:46,015:INFO:ДУГААРАА СОНГОЖ БУЙ ХЭСЭГ
2020-05-10 14:06:46,016:INFO:2
2020-05-10 14:06:51,556:INFO:ДУГААРАА СОНГОЖ БУЙ ХЭСЭГ
2020-05-10 14:06:51,556:INFO:2
2020-05-10 14:07:09,650:INFO:ДУГААРАА СОНГОЖ БУЙ ХЭСЭГ
2020-05-10 14:07:09,651:INFO:2
2020-05-10 14:07:18,588:INFO:ДУГААРАА СОНГОЖ БУЙ ХЭСЭГ
2020-05-10 14:07:18,588:INFO:7
2020-05-10 14:07:19,260:INFO:ДУГААРАА СОНГОЖ БУЙ ХЭСЭГ
2020-05-10 14:07:19,260:INFO:7
2020-05-10 14:07:19,278:INFO:ДУГААРАА СОНГОЖ БУЙ ХЭСЭГ
2020-05-10 14:07:19,279:INFO:7
2020-05-10 14:07:19,848:INFO:ДУГААРАА СОНГОЖ БУЙ ХЭСЭГ
2020-05-10 14:07:19,848:INFO:7
2020-05-10 14:07:20,725:INFO:ДУГААРАА СОНГОЖ БУЙ ХЭСЭГ
2020-05-10 14:07:20,726:INFO:7
2020-05-10 14:07:28,261:INFO:ДУГААРЫН ҮНЭ
2020-05-10 14:07:28,263:INFO:10000
2020-05-10 14:09:45,009:INFO:ДУГААРАА СОНГОЖ БУЙ ХЭСЭГ
2020-05-10 14:09:45,010:INFO:7
2020-05-10 14:10:54,557:INFO:ДУГААРАА СОНГОЖ БУЙ ХЭСЭГ
2020-05-10 14:10:54,557:INFO:7
2020-05-10 14:11:41,286:ERROR:Internal Server Error: /getnumber
Traceback (most recent call last):
  File "/usr/local/lib/python2.7/dist-packages/django/core/handlers/exception.py", line 41, in inner
    response = get_response(request)
  File "/usr/local/lib/python2.7/dist-packages/django/core/handlers/base.py", line 187, in _get_response
    response = self.process_exception_by_middleware(e, request)
  File "/usr/local/lib/python2.7/dist-packages/django/core/handlers/base.py", line 185, in _get_response
    response = wrapped_callback(request, *callback_args, **callback_kwargs)
  File "/usr/local/lib/python2.7/dist-packages/django/views/decorators/csrf.py", line 58, in wrapped_view
    return view_func(*args, **kwargs)
  File "/usr/local/lib/python2.7/dist-packages/django/views/generic/base.py", line 68, in view
    return self.dispatch(request, *args, **kwargs)
  File "/usr/local/lib/python2.7/dist-packages/rest_framework/views.py", line 495, in dispatch
    response = self.handle_exception(exc)
  File "/usr/local/lib/python2.7/dist-packages/rest_framework/views.py", line 455, in handle_exception
    self.raise_uncaught_exception(exc)
  File "/usr/local/lib/python2.7/dist-packages/rest_framework/views.py", line 492, in dispatch
    response = handler(request, *args, **kwargs)
  File "/usr/local/lib/python2.7/dist-packages/rest_framework/decorators.py", line 55, in handler
    return func(*args, **kwargs)
  File "/home/user/nFilterNew/controller/views.py", line 206, in getNumber
    if data[1] == az:
IndexError: list index out of range
2020-05-10 14:11:43,220:INFO:------------------------------------------------------------------------------------------------
2020-05-10 14:12:11,903:INFO:------------------------------------------------------------------------------------------------
2020-05-10 14:12:13,782:INFO:ДУГААРАА СОНГОЖ БУЙ ХЭСЭГ
2020-05-10 14:12:13,782:INFO:2
2020-05-10 14:12:25,008:INFO:ДУГААРАА СОНГОЖ БУЙ ХЭСЭГ
2020-05-10 14:12:25,009:INFO:2
2020-05-10 14:12:27,429:INFO:ДУГААРАА СОНГОЖ БУЙ ХЭСЭГ
2020-05-10 14:12:27,429:INFO:2
2020-05-10 14:12:45,620:INFO:------------------------------------------------------------------------------------------------
2020-05-10 14:13:49,432:INFO:------------------------------------------------------------------------------------------------
2020-05-10 14:17:33,669:INFO:ДУГААРЫН ҮНЭ
2020-05-10 14:17:33,673:INFO:10000
2020-05-10 14:17:38,703:INFO:ДУГААРЫН ҮНЭ
2020-05-10 14:17:38,705:INFO:10000
2020-05-10 14:17:38,742:INFO:ДУГААРЫН ҮНЭ
2020-05-10 14:17:38,744:INFO:10000
2020-05-10 14:17:38,781:INFO:ДУГААРЫН ҮНЭ
2020-05-10 14:17:38,783:INFO:10000
2020-05-10 14:17:41,755:INFO:------------------------------------------------------------------------------------------------
2020-05-10 14:18:13,831:INFO:ДУГААРЫН ҮНЭ
2020-05-10 14:18:13,833:INFO:10000
2020-05-10 14:18:36,472:INFO:ДУГААРАА СОНГОЖ БУЙ ХЭСЭГ
2020-05-10 14:18:36,473:INFO:7
2020-05-10 14:18:46,046:INFO:ДУГААРАА СОНГОЖ БУЙ ХЭСЭГ
2020-05-10 14:18:46,047:INFO:7
2020-05-10 14:18:49,807:INFO:------------------------------------------------------------------------------------------------
2020-05-10 14:18:53,539:INFO:ДУГААРАА СОНГОЖ БУЙ ХЭСЭГ
2020-05-10 14:18:53,540:INFO:2
2020-05-10 14:18:55,499:INFO:ДУГААРАА СОНГОЖ БУЙ ХЭСЭГ
2020-05-10 14:18:55,499:INFO:2
2020-05-10 14:19:00,735:INFO:ДУГААРАА СОНГОЖ БУЙ ХЭСЭГ
2020-05-10 14:19:00,735:INFO:2
2020-05-10 14:19:07,509:INFO:ДУГААРАА СОНГОЖ БУЙ ХЭСЭГ
2020-05-10 14:19:07,510:INFO:2
2020-05-10 14:19:09,044:INFO:ДУГААРАА СОНГОЖ БУЙ ХЭСЭГ
2020-05-10 14:19:09,044:INFO:7
2020-05-10 14:19:10,374:INFO:ДУГААРАА СОНГОЖ БУЙ ХЭСЭГ
2020-05-10 14:19:10,374:INFO:2
2020-05-10 14:19:13,481:INFO:------------------------------------------------------------------------------------------------
2020-05-10 14:19:16,273:INFO:ДУГААРАА СОНГОЖ БУЙ ХЭСЭГ
2020-05-10 14:19:16,273:INFO:7
2020-05-10 14:19:28,732:INFO:ДУГААРАА СОНГОЖ БУЙ ХЭСЭГ
2020-05-10 14:19:28,732:INFO:2
2020-05-10 14:20:22,136:INFO:ДУГААРЫН ҮНЭ
2020-05-10 14:20:22,139:INFO:10000
2020-05-10 14:22:36,878:INFO:------------------------------------------------------------------------------------------------
2020-05-10 14:23:21,885:INFO:ДУГААРЫН ҮНЭ
2020-05-10 14:23:21,888:INFO:10000
2020-05-10 14:23:37,887:INFO:ДУГААРАА СОНГОЖ БУЙ ХЭСЭГ
2020-05-10 14:23:37,887:INFO:7
2020-05-10 14:24:02,510:INFO:------------------------------------------------------------------------------------------------
2020-05-10 14:24:26,789:INFO:ДУГААРАА СОНГОЖ БУЙ ХЭСЭГ
2020-05-10 14:24:26,789:INFO:7
2020-05-10 14:24:48,573:INFO:ДУГААРАА СОНГОЖ БУЙ ХЭСЭГ
2020-05-10 14:24:48,573:INFO:7
2020-05-10 14:24:48,938:WARNING:Not Found: /favicon.ico
2020-05-10 14:24:49,992:INFO:------------------------------------------------------------------------------------------------
2020-05-10 14:24:51,347:INFO:ДУГААРАА СОНГОЖ БУЙ ХЭСЭГ
2020-05-10 14:24:51,347:INFO:7
2020-05-10 14:25:03,439:INFO:ДУГААРАА СОНГОЖ БУЙ ХЭСЭГ
2020-05-10 14:25:03,440:INFO:7
2020-05-10 14:25:04,639:INFO:ДУГААРАА СОНГОЖ БУЙ ХЭСЭГ
2020-05-10 14:25:04,639:INFO:7
2020-05-10 14:25:11,416:INFO:ДУГААРАА СОНГОЖ БУЙ ХЭСЭГ
2020-05-10 14:25:11,416:INFO:7
2020-05-10 14:25:17,280:INFO:ДУГААРАА СОНГОЖ БУЙ ХЭСЭГ
2020-05-10 14:25:17,280:INFO:7
2020-05-10 14:25:52,103:INFO:ДУГААРАА СОНГОЖ БУЙ ХЭСЭГ
2020-05-10 14:25:52,103:INFO:7
2020-05-10 14:28:07,976:ERROR:Internal Server Error: /getnumber
Traceback (most recent call last):
  File "/usr/local/lib/python2.7/dist-packages/django/core/handlers/exception.py", line 41, in inner
    response = get_response(request)
  File "/usr/local/lib/python2.7/dist-packages/django/core/handlers/base.py", line 187, in _get_response
    response = self.process_exception_by_middleware(e, request)
  File "/usr/local/lib/python2.7/dist-packages/django/core/handlers/base.py", line 185, in _get_response
    response = wrapped_callback(request, *callback_args, **callback_kwargs)
  File "/usr/local/lib/python2.7/dist-packages/django/views/decorators/csrf.py", line 58, in wrapped_view
    return view_func(*args, **kwargs)
  File "/usr/local/lib/python2.7/dist-packages/django/views/generic/base.py", line 68, in view
    return self.dispatch(request, *args, **kwargs)
  File "/usr/local/lib/python2.7/dist-packages/rest_framework/views.py", line 495, in dispatch
    response = self.handle_exception(exc)
  File "/usr/local/lib/python2.7/dist-packages/rest_framework/views.py", line 455, in handle_exception
    self.raise_uncaught_exception(exc)
  File "/usr/local/lib/python2.7/dist-packages/rest_framework/views.py", line 492, in dispatch
    response = handler(request, *args, **kwargs)
  File "/usr/local/lib/python2.7/dist-packages/rest_framework/decorators.py", line 55, in handler
    return func(*args, **kwargs)
  File "/home/user/nFilterNew/controller/views.py", line 206, in getNumber
    if data[1] == az:
IndexError: list index out of range
2020-05-10 14:28:31,305:INFO:ДУГААРЫН ҮНЭ
2020-05-10 14:28:31,307:INFO:10000
2020-05-10 14:30:06,920:INFO:ДУГААРЫН ҮНЭ
2020-05-10 14:30:06,922:INFO:10000
2020-05-10 14:33:15,679:INFO:------------------------------------------------------------------------------------------------
2020-05-10 14:36:42,251:INFO:ДУГААРАА СОНГОЖ БУЙ ХЭСЭГ
2020-05-10 14:36:42,251:INFO:2
2020-05-10 14:37:13,018:INFO:ДУГААРАА СОНГОЖ БУЙ ХЭСЭГ
2020-05-10 14:37:13,018:INFO:2
2020-05-10 14:37:15,654:INFO:------------------------------------------------------------------------------------------------
2020-05-10 14:37:16,735:INFO:ДУГААРАА СОНГОЖ БУЙ ХЭСЭГ
2020-05-10 14:37:16,735:INFO:7
2020-05-10 14:37:24,600:INFO:ДУГААРАА СОНГОЖ БУЙ ХЭСЭГ
2020-05-10 14:37:24,601:INFO:7
2020-05-10 14:37:45,521:INFO:ДУГААРАА СОНГОЖ БУЙ ХЭСЭГ
2020-05-10 14:37:45,522:INFO:7
2020-05-10 14:40:33,100:INFO:------------------------------------------------------------------------------------------------
2020-05-10 14:40:38,725:INFO:------------------------------------------------------------------------------------------------
2020-05-10 14:40:39,169:INFO:------------------------------------------------------------------------------------------------
2020-05-10 14:43:35,269:INFO:------------------------------------------------------------------------------------------------
2020-05-10 14:46:07,876:INFO:ДУГААРАА СОНГОЖ БУЙ ХЭСЭГ
2020-05-10 14:46:07,876:INFO:2
2020-05-10 14:46:14,708:INFO:------------------------------------------------------------------------------------------------
2020-05-10 14:46:15,841:INFO:ДУГААРАА СОНГОЖ БУЙ ХЭСЭГ
2020-05-10 14:46:15,841:INFO:2
2020-05-10 14:46:17,108:INFO:------------------------------------------------------------------------------------------------
2020-05-10 14:46:17,656:INFO:ДУГААРАА СОНГОЖ БУЙ ХЭСЭГ
2020-05-10 14:46:17,656:INFO:7
2020-05-10 14:46:50,144:INFO:ДУГААРАА СОНГОЖ БУЙ ХЭСЭГ
2020-05-10 14:46:50,144:INFO:7
2020-05-10 14:47:05,266:INFO:ДУГААРАА СОНГОЖ БУЙ ХЭСЭГ
2020-05-10 14:47:05,266:INFO:7
2020-05-10 14:47:16,483:INFO:ДУГААРАА СОНГОЖ БУЙ ХЭСЭГ
2020-05-10 14:47:16,484:INFO:7
2020-05-10 14:48:25,648:INFO:ДУГААРАА СОНГОЖ БУЙ ХЭСЭГ
2020-05-10 14:48:25,648:INFO:2
2020-05-10 14:53:00,074:INFO:ДУГААРАА СОНГОЖ БУЙ ХЭСЭГ
2020-05-10 14:53:00,074:INFO:2
2020-05-10 14:53:06,725:INFO:ДУГААРАА СОНГОЖ БУЙ ХЭСЭГ
2020-05-10 14:53:06,725:INFO:2
2020-05-10 14:56:09,800:INFO:ДУГААРЫН ҮНЭ
2020-05-10 14:56:09,803:INFO:5000
2020-05-10 14:56:44,585:INFO:ДУГААРЫН ZAHIALGA
2020-05-10 14:57:18,731:INFO:------------------------------------------------------------------------------------------------
2020-05-10 14:57:20,759:INFO:ДУГААРАА СОНГОЖ БУЙ ХЭСЭГ
2020-05-10 14:57:20,759:INFO:7
2020-05-10 14:57:32,621:INFO:ДУГААРЫН ҮНЭ
2020-05-10 14:57:32,624:INFO:10000
2020-05-10 14:58:09,838:INFO:ДУГААРАА СОНГОЖ БУЙ ХЭСЭГ
2020-05-10 14:58:09,838:INFO:7
2020-05-10 14:58:14,253:INFO:------------------------------------------------------------------------------------------------
2020-05-10 14:58:16,177:INFO:ДУГААРАА СОНГОЖ БУЙ ХЭСЭГ
2020-05-10 14:58:16,177:INFO:2
2020-05-10 14:58:22,374:INFO:ДУГААРАА СОНГОЖ БУЙ ХЭСЭГ
2020-05-10 14:58:22,375:INFO:2
2020-05-10 14:58:40,033:INFO:ДУГААРАА СОНГОЖ БУЙ ХЭСЭГ
2020-05-10 14:58:40,034:INFO:2
2020-05-10 14:58:45,093:INFO:------------------------------------------------------------------------------------------------
2020-05-10 15:00:18,144:INFO:ДУГААРЫН ҮНЭ
2020-05-10 15:00:18,146:INFO:10000
2020-05-10 15:00:31,790:INFO:ДУГААРЫН ҮНЭ
2020-05-10 15:00:31,793:INFO:10000
2020-05-10 15:00:37,757:INFO:------------------------------------------------------------------------------------------------
2020-05-10 15:01:44,601:INFO:------------------------------------------------------------------------------------------------
2020-05-10 15:02:00,150:INFO:ДУГААРАА СОНГОЖ БУЙ ХЭСЭГ
2020-05-10 15:02:00,150:INFO:2
2020-05-10 15:03:14,553:INFO:ДУГААРАА СОНГОЖ БУЙ ХЭСЭГ
2020-05-10 15:03:14,553:INFO:7
2020-05-10 15:10:43,298:INFO:ДУГААРАА СОНГОЖ БУЙ ХЭСЭГ
2020-05-10 15:10:43,299:INFO:3
2020-05-10 15:11:44,092:INFO:------------------------------------------------------------------------------------------------
2020-05-10 15:12:45,732:INFO:------------------------------------------------------------------------------------------------
2020-05-10 15:13:54,801:INFO:------------------------------------------------------------------------------------------------
2020-05-10 15:16:24,908:INFO:ДУГААРАА СОНГОЖ БУЙ ХЭСЭГ
2020-05-10 15:16:24,908:INFO:7
2020-05-10 15:16:27,696:INFO:ДУГААРАА СОНГОЖ БУЙ ХЭСЭГ
2020-05-10 15:16:27,696:INFO:7
2020-05-10 15:16:29,957:INFO:ДУГААРАА СОНГОЖ БУЙ ХЭСЭГ
2020-05-10 15:16:29,957:INFO:7
2020-05-10 15:16:32,370:INFO:ДУГААРАА СОНГОЖ БУЙ ХЭСЭГ
2020-05-10 15:16:32,370:INFO:7
2020-05-10 15:16:35,751:INFO:ДУГААРАА СОНГОЖ БУЙ ХЭСЭГ
2020-05-10 15:16:35,751:INFO:7
2020-05-10 15:16:37,111:INFO:ДУГААРАА СОНГОЖ БУЙ ХЭСЭГ
2020-05-10 15:16:37,111:INFO:7
2020-05-10 15:16:38,581:INFO:ДУГААРАА СОНГОЖ БУЙ ХЭСЭГ
2020-05-10 15:16:38,582:INFO:7
2020-05-10 15:16:39,130:INFO:ДУГААРАА СОНГОЖ БУЙ ХЭСЭГ
2020-05-10 15:16:39,131:INFO:7
2020-05-10 15:16:43,985:INFO:ДУГААРАА СОНГОЖ БУЙ ХЭСЭГ
2020-05-10 15:16:43,985:INFO:7
2020-05-10 15:17:03,793:INFO:ДУГААРАА СОНГОЖ БУЙ ХЭСЭГ
2020-05-10 15:17:03,794:INFO:2
2020-05-10 15:17:06,555:INFO:ДУГААРАА СОНГОЖ БУЙ ХЭСЭГ
2020-05-10 15:17:06,556:INFO:7
2020-05-10 15:17:07,633:WARNING:Not Found: /favicon.ico
2020-05-10 15:17:08,653:WARNING:Not Found: /favicon.ico
2020-05-10 15:17:11,987:INFO:------------------------------------------------------------------------------------------------
2020-05-10 15:17:12,896:INFO:ДУГААРАА СОНГОЖ БУЙ ХЭСЭГ
2020-05-10 15:17:12,896:INFO:7
2020-05-10 15:17:27,079:INFO:ДУГААРАА СОНГОЖ БУЙ ХЭСЭГ
2020-05-10 15:17:27,079:INFO:7
2020-05-10 15:17:34,039:INFO:ДУГААРАА СОНГОЖ БУЙ ХЭСЭГ
2020-05-10 15:17:34,039:INFO:7
2020-05-10 15:17:36,135:INFO:------------------------------------------------------------------------------------------------
2020-05-10 15:17:42,026:INFO:------------------------------------------------------------------------------------------------
2020-05-10 15:17:43,146:INFO:ДУГААРАА СОНГОЖ БУЙ ХЭСЭГ
2020-05-10 15:17:43,146:INFO:2
2020-05-10 15:17:43,530:WARNING:Not Found: /favicon.ico
2020-05-10 15:18:02,319:INFO:ДУГААРАА СОНГОЖ БУЙ ХЭСЭГ
2020-05-10 15:18:02,319:INFO:7
2020-05-10 15:18:02,686:WARNING:Not Found: /favicon.ico
2020-05-10 15:18:15,768:INFO:ДУГААРАА СОНГОЖ БУЙ ХЭСЭГ
2020-05-10 15:18:15,768:INFO:7
2020-05-10 15:19:54,518:INFO:------------------------------------------------------------------------------------------------
2020-05-10 15:20:01,232:INFO:ДУГААРАА СОНГОЖ БУЙ ХЭСЭГ
2020-05-10 15:20:01,233:INFO:2
2020-05-10 15:21:08,908:INFO:ДУГААРЫН ҮНЭ
2020-05-10 15:21:08,911:INFO:5000
2020-05-10 15:23:17,585:INFO:------------------------------------------------------------------------------------------------
2020-05-10 15:23:20,185:INFO:ДУГААРАА СОНГОЖ БУЙ ХЭСЭГ
2020-05-10 15:23:20,185:INFO:7
2020-05-10 15:23:47,280:INFO:------------------------------------------------------------------------------------------------
2020-05-10 15:23:48,196:INFO:ДУГААРАА СОНГОЖ БУЙ ХЭСЭГ
2020-05-10 15:23:48,197:INFO:2
2020-05-10 15:23:56,155:INFO:------------------------------------------------------------------------------------------------
2020-05-10 15:30:14,870:INFO:ДУГААРЫН ҮНЭ
2020-05-10 15:30:14,874:INFO:10000
2020-05-10 15:30:27,290:INFO:ДУГААРАА СОНГОЖ БУЙ ХЭСЭГ
2020-05-10 15:30:27,290:INFO:7
2020-05-10 15:30:55,839:INFO:ДУГААРЫН ҮНЭ
2020-05-10 15:30:55,842:INFO:10000
2020-05-10 15:31:35,045:INFO:ДУГААРАА СОНГОЖ БУЙ ХЭСЭГ
2020-05-10 15:31:35,045:INFO:7
2020-05-10 15:32:08,593:INFO:ДУГААРЫН ҮНЭ
2020-05-10 15:32:08,596:INFO:10000
2020-05-10 15:32:27,661:INFO:ДУГААРАА СОНГОЖ БУЙ ХЭСЭГ
2020-05-10 15:32:27,661:INFO:7
2020-05-10 15:32:27,674:INFO:ДУГААРАА СОНГОЖ БУЙ ХЭСЭГ
2020-05-10 15:32:27,675:INFO:2
2020-05-10 15:32:29,065:INFO:------------------------------------------------------------------------------------------------
2020-05-10 15:32:50,580:INFO:ДУГААРЫН ҮНЭ
2020-05-10 15:32:50,582:INFO:10000
2020-05-10 15:33:04,226:INFO:ДУГААРАА СОНГОЖ БУЙ ХЭСЭГ
2020-05-10 15:33:04,226:INFO:7
2020-05-10 15:33:15,874:INFO:------------------------------------------------------------------------------------------------
2020-05-10 15:33:17,196:INFO:ДУГААРЫН ҮНЭ
2020-05-10 15:33:17,199:INFO:5000
2020-05-10 15:34:19,298:INFO:ДУГААРАА СОНГОЖ БУЙ ХЭСЭГ
2020-05-10 15:34:19,298:INFO:2
2020-05-10 15:39:53,235:INFO:------------------------------------------------------------------------------------------------
2020-05-10 15:39:54,247:INFO:ДУГААРАА СОНГОЖ БУЙ ХЭСЭГ
2020-05-10 15:39:54,247:INFO:7
2020-05-10 15:40:00,271:INFO:ДУГААРАА СОНГОЖ БУЙ ХЭСЭГ
2020-05-10 15:40:00,271:INFO:7
2020-05-10 15:40:23,155:INFO:ДУГААРАА СОНГОЖ БУЙ ХЭСЭГ
2020-05-10 15:40:23,156:INFO:7
2020-05-10 15:40:34,438:INFO:------------------------------------------------------------------------------------------------
2020-05-10 15:40:38,828:INFO:------------------------------------------------------------------------------------------------
2020-05-10 15:40:39,265:INFO:------------------------------------------------------------------------------------------------
2020-05-10 15:42:48,783:INFO:ДУГААРАА СОНГОЖ БУЙ ХЭСЭГ
2020-05-10 15:42:48,783:INFO:7
2020-05-10 15:57:20,746:INFO:------------------------------------------------------------------------------------------------
2020-05-10 15:57:23,985:INFO:ДУГААРАА СОНГОЖ БУЙ ХЭСЭГ
2020-05-10 15:57:23,985:INFO:2
2020-05-10 15:57:24,329:WARNING:Not Found: /favicon.ico
2020-05-10 16:00:54,436:INFO:------------------------------------------------------------------------------------------------
2020-05-10 16:01:44,912:INFO:------------------------------------------------------------------------------------------------
2020-05-10 16:07:02,440:INFO:ДУГААРЫН ҮНЭ
2020-05-10 16:07:02,443:INFO:10000
2020-05-10 16:08:29,981:INFO:ДУГААРАА СОНГОЖ БУЙ ХЭСЭГ
2020-05-10 16:08:29,981:INFO:2
2020-05-10 16:08:35,516:INFO:------------------------------------------------------------------------------------------------
2020-05-10 16:08:36,892:INFO:ДУГААРАА СОНГОЖ БУЙ ХЭСЭГ
2020-05-10 16:08:36,892:INFO:2
2020-05-10 16:08:37,147:WARNING:Not Found: /favicon.ico
2020-05-10 16:08:52,766:INFO:ДУГААРЫН ҮНЭ
2020-05-10 16:08:52,768:INFO:5000
2020-05-10 16:08:59,345:INFO:------------------------------------------------------------------------------------------------
2020-05-10 16:09:00,242:INFO:ДУГААРАА СОНГОЖ БУЙ ХЭСЭГ
2020-05-10 16:09:00,242:INFO:2
2020-05-10 16:09:25,615:INFO:------------------------------------------------------------------------------------------------
2020-05-10 16:10:15,536:INFO:ДУГААРАА СОНГОЖ БУЙ ХЭСЭГ
2020-05-10 16:10:15,537:INFO:2
2020-05-10 16:10:22,502:INFO:------------------------------------------------------------------------------------------------
2020-05-10 16:13:59,670:INFO:------------------------------------------------------------------------------------------------
2020-05-10 16:17:47,289:INFO:------------------------------------------------------------------------------------------------
2020-05-10 16:18:44,484:INFO:------------------------------------------------------------------------------------------------
2020-05-10 16:18:49,380:INFO:ДУГААРАА СОНГОЖ БУЙ ХЭСЭГ
2020-05-10 16:18:49,381:INFO:7
2020-05-10 16:18:52,360:INFO:ДУГААРАА СОНГОЖ БУЙ ХЭСЭГ
2020-05-10 16:18:52,360:INFO:7
2020-05-10 16:19:28,195:INFO:ДУГААРЫН ҮНЭ
2020-05-10 16:19:28,198:INFO:10000
2020-05-10 16:20:24,381:INFO:------------------------------------------------------------------------------------------------
2020-05-10 16:20:26,159:INFO:ДУГААРАА СОНГОЖ БУЙ ХЭСЭГ
2020-05-10 16:20:26,159:INFO:7
2020-05-10 16:22:01,293:WARNING:Not Found: /
2020-05-10 16:22:02,447:WARNING:Not Found: /favicon.ico
2020-05-10 16:24:19,950:INFO:ДУГААРАА СОНГОЖ БУЙ ХЭСЭГ
2020-05-10 16:24:19,950:INFO:7
2020-05-10 16:24:20,671:INFO:ДУГААРАА СОНГОЖ БУЙ ХЭСЭГ
2020-05-10 16:24:20,672:INFO:7
2020-05-10 16:24:24,831:INFO:ДУГААРАА СОНГОЖ БУЙ ХЭСЭГ
2020-05-10 16:24:24,831:INFO:7
2020-05-10 16:24:27,421:INFO:ДУГААРАА СОНГОЖ БУЙ ХЭСЭГ
2020-05-10 16:24:27,422:INFO:7
2020-05-10 16:24:42,822:INFO:ДУГААРАА СОНГОЖ БУЙ ХЭСЭГ
2020-05-10 16:24:42,822:INFO:7
2020-05-10 16:24:47,801:INFO:------------------------------------------------------------------------------------------------
2020-05-10 16:24:55,865:INFO:ДУГААРАА СОНГОЖ БУЙ ХЭСЭГ
2020-05-10 16:24:55,865:INFO:7
2020-05-10 16:24:56,736:INFO:ДУГААРАА СОНГОЖ БУЙ ХЭСЭГ
2020-05-10 16:24:56,736:INFO:7
2020-05-10 16:24:58,314:INFO:ДУГААРАА СОНГОЖ БУЙ ХЭСЭГ
2020-05-10 16:24:58,314:INFO:7
2020-05-10 16:24:59,285:INFO:ДУГААРАА СОНГОЖ БУЙ ХЭСЭГ
2020-05-10 16:24:59,285:INFO:7
2020-05-10 16:32:26,526:INFO:------------------------------------------------------------------------------------------------
2020-05-10 16:40:34,526:INFO:------------------------------------------------------------------------------------------------
2020-05-10 16:40:38,932:INFO:------------------------------------------------------------------------------------------------
2020-05-10 16:40:39,350:INFO:------------------------------------------------------------------------------------------------
2020-05-10 16:44:57,345:INFO:ДУГААРАА СОНГОЖ БУЙ ХЭСЭГ
2020-05-10 16:44:57,346:INFO:7
2020-05-10 16:45:05,245:INFO:ДУГААРАА СОНГОЖ БУЙ ХЭСЭГ
2020-05-10 16:45:05,245:INFO:2
2020-05-10 16:49:49,987:INFO:------------------------------------------------------------------------------------------------
2020-05-10 16:49:51,352:INFO:ДУГААРАА СОНГОЖ БУЙ ХЭСЭГ
2020-05-10 16:49:51,353:INFO:7
2020-05-10 16:50:01,395:INFO:------------------------------------------------------------------------------------------------
2020-05-10 16:50:04,453:INFO:ДУГААРАА СОНГОЖ БУЙ ХЭСЭГ
2020-05-10 16:50:04,453:INFO:7
2020-05-10 16:50:04,909:WARNING:Not Found: /favicon.ico
2020-05-10 16:50:36,672:INFO:ДУГААРАА СОНГОЖ БУЙ ХЭСЭГ
2020-05-10 16:50:36,672:INFO:7
2020-05-10 16:51:16,605:INFO:ДУГААРЫН ҮНЭ
2020-05-10 16:51:16,607:INFO:5000
2020-05-10 16:54:19,560:INFO:ДУГААРЫН ҮНЭ
2020-05-10 16:54:19,563:INFO:10000
2020-05-10 16:55:28,028:INFO:ДУГААРАА СОНГОЖ БУЙ ХЭСЭГ
2020-05-10 16:55:28,028:INFO:2
2020-05-10 16:56:29,272:INFO:ДУГААРАА СОНГОЖ БУЙ ХЭСЭГ
2020-05-10 16:56:29,273:INFO:2
2020-05-10 16:57:08,792:INFO:ДУГААРЫН ҮНЭ
2020-05-10 16:57:08,795:INFO:10000
2020-05-10 16:57:23,097:INFO:ДУГААРАА СОНГОЖ БУЙ ХЭСЭГ
2020-05-10 16:57:23,097:INFO:2
2020-05-10 16:57:25,809:INFO:ДУГААРЫН ZAHIALGA
2020-05-10 16:57:54,116:INFO:ДУГААРАА СОНГОЖ БУЙ ХЭСЭГ
2020-05-10 16:57:54,116:INFO:2
2020-05-10 16:57:56,958:INFO:ДУГААРАА СОНГОЖ БУЙ ХЭСЭГ
2020-05-10 16:57:56,958:INFO:2
2020-05-10 16:57:58,286:INFO:ДУГААРАА СОНГОЖ БУЙ ХЭСЭГ
2020-05-10 16:57:58,286:INFO:2
2020-05-10 16:57:59,926:INFO:ДУГААРАА СОНГОЖ БУЙ ХЭСЭГ
2020-05-10 16:57:59,926:INFO:2
2020-05-10 16:58:01,218:INFO:ДУГААРАА СОНГОЖ БУЙ ХЭСЭГ
2020-05-10 16:58:01,219:INFO:2
2020-05-10 16:58:13,260:INFO:ДУГААРАА СОНГОЖ БУЙ ХЭСЭГ
2020-05-10 16:58:13,260:INFO:2
2020-05-10 16:58:28,571:INFO:------------------------------------------------------------------------------------------------
2020-05-10 16:58:30,209:INFO:ДУГААРАА СОНГОЖ БУЙ ХЭСЭГ
2020-05-10 16:58:30,209:INFO:7
2020-05-10 16:58:33,611:INFO:ДУГААРАА СОНГОЖ БУЙ ХЭСЭГ
2020-05-10 16:58:33,611:INFO:7
2020-05-10 16:58:37,458:INFO:ДУГААРАА СОНГОЖ БУЙ ХЭСЭГ
2020-05-10 16:58:37,458:INFO:2
2020-05-10 16:58:59,048:INFO:ДУГААРАА СОНГОЖ БУЙ ХЭСЭГ
2020-05-10 16:58:59,048:INFO:2
2020-05-10 16:59:14,057:INFO:------------------------------------------------------------------------------------------------
2020-05-10 16:59:15,275:INFO:ДУГААРАА СОНГОЖ БУЙ ХЭСЭГ
2020-05-10 16:59:15,275:INFO:2
2020-05-10 16:59:33,926:INFO:ДУГААРЫН ҮНЭ
2020-05-10 16:59:33,928:INFO:10000
2020-05-10 16:59:44,492:INFO:ДУГААРЫН ZAHIALGA
2020-05-10 17:00:17,583:INFO:ДУГААРЫН ҮНЭ
2020-05-10 17:00:17,586:INFO:5000
2020-05-10 17:01:11,105:INFO:------------------------------------------------------------------------------------------------
2020-05-10 17:02:31,512:INFO:------------------------------------------------------------------------------------------------
2020-05-10 17:02:44,632:INFO:ДУГААРАА СОНГОЖ БУЙ ХЭСЭГ
2020-05-10 17:02:44,632:INFO:7
2020-05-10 17:03:26,085:INFO:ДУГААРЫН ҮНЭ
2020-05-10 17:03:26,088:INFO:10000
2020-05-10 17:03:33,972:INFO:ДУГААРЫН ZAHIALGA
2020-05-10 17:04:54,373:INFO:------------------------------------------------------------------------------------------------
2020-05-10 17:04:55,473:INFO:ДУГААРАА СОНГОЖ БУЙ ХЭСЭГ
2020-05-10 17:04:55,474:INFO:7
2020-05-10 17:04:58,233:INFO:ДУГААРАА СОНГОЖ БУЙ ХЭСЭГ
2020-05-10 17:04:58,234:INFO:7
2020-05-10 17:05:01,263:INFO:ДУГААРАА СОНГОЖ БУЙ ХЭСЭГ
2020-05-10 17:05:01,263:INFO:7
2020-05-10 17:05:52,153:INFO:ДУГААРЫН ҮНЭ
2020-05-10 17:05:52,155:INFO:10000
2020-05-10 17:06:11,695:INFO:ДУГААРЫН ZAHIALGA
2020-05-10 17:07:53,062:INFO:------------------------------------------------------------------------------------------------
2020-05-10 17:07:54,753:INFO:ДУГААРАА СОНГОЖ БУЙ ХЭСЭГ
2020-05-10 17:07:54,753:INFO:7
2020-05-10 17:08:58,993:INFO:ДУГААРЫН ҮНЭ
2020-05-10 17:08:58,996:INFO:10000
2020-05-10 17:09:06,542:INFO:ДУГААРЫН ZAHIALGA
2020-05-10 17:09:08,934:INFO:------------------------------------------------------------------------------------------------
2020-05-10 17:09:40,320:INFO:ДУГААРАА СОНГОЖ БУЙ ХЭСЭГ
2020-05-10 17:09:40,321:INFO:7
2020-05-10 17:10:19,923:INFO:ДУГААРАА СОНГОЖ БУЙ ХЭСЭГ
2020-05-10 17:10:19,923:INFO:2
2020-05-10 17:10:20,680:INFO:------------------------------------------------------------------------------------------------
2020-05-10 17:10:27,949:INFO:ДУГААРАА СОНГОЖ БУЙ ХЭСЭГ
2020-05-10 17:10:27,949:INFO:2
2020-05-10 17:10:28,482:WARNING:Not Found: /favicon.ico
2020-05-10 17:10:35,425:INFO:ДУГААРЫН ҮНЭ
2020-05-10 17:10:35,428:INFO:10000
2020-05-10 17:10:44,836:INFO:ДУГААРЫН ZAHIALGA
2020-05-10 17:10:57,120:INFO:------------------------------------------------------------------------------------------------
2020-05-10 17:10:57,797:INFO:ДУГААРАА СОНГОЖ БУЙ ХЭСЭГ
2020-05-10 17:10:57,797:INFO:2
2020-05-10 17:12:44,597:INFO:------------------------------------------------------------------------------------------------
2020-05-10 17:12:45,887:INFO:ДУГААРАА СОНГОЖ БУЙ ХЭСЭГ
2020-05-10 17:12:45,887:INFO:7
2020-05-10 17:14:04,540:INFO:------------------------------------------------------------------------------------------------
2020-05-10 17:14:52,445:INFO:ДУГААРЫН ҮНЭ
2020-05-10 17:14:52,449:INFO:10000
2020-05-10 17:14:58,335:INFO:ДУГААРЫН ZAHIALGA
2020-05-10 17:15:34,015:INFO:------------------------------------------------------------------------------------------------
2020-05-10 17:15:36,233:INFO:ДУГААРАА СОНГОЖ БУЙ ХЭСЭГ
2020-05-10 17:15:36,233:INFO:7
2020-05-10 17:16:23,654:INFO:ДУГААРЫН ҮНЭ
2020-05-10 17:16:23,656:INFO:10000
2020-05-10 17:16:32,845:INFO:ДУГААРЫН ZAHIALGA
2020-05-10 17:17:22,648:INFO:------------------------------------------------------------------------------------------------
2020-05-10 17:17:25,317:INFO:ДУГААРАА СОНГОЖ БУЙ ХЭСЭГ
2020-05-10 17:17:25,317:INFO:7
2020-05-10 17:17:51,986:INFO:------------------------------------------------------------------------------------------------
2020-05-10 17:19:02,258:INFO:ДУГААРЫН ҮНЭ
2020-05-10 17:19:02,260:INFO:10000
2020-05-10 17:19:12,996:INFO:ДУГААРЫН ZAHIALGA
2020-05-10 17:21:08,501:INFO:ДУГААРАА СОНГОЖ БУЙ ХЭСЭГ
2020-05-10 17:21:08,502:INFO:7
2020-05-10 17:21:13,920:INFO:ДУГААРАА СОНГОЖ БУЙ ХЭСЭГ
2020-05-10 17:21:13,920:INFO:7
2020-05-10 17:24:02,661:INFO:ДУГААРАА СОНГОЖ БУЙ ХЭСЭГ
2020-05-10 17:24:02,662:INFO:7
2020-05-10 17:24:03,130:INFO:ДУГААРАА СОНГОЖ БУЙ ХЭСЭГ
2020-05-10 17:24:03,131:INFO:7
2020-05-10 17:24:04,897:INFO:ДУГААРАА СОНГОЖ БУЙ ХЭСЭГ
2020-05-10 17:24:04,897:INFO:7
2020-05-10 17:24:07,518:INFO:ДУГААРАА СОНГОЖ БУЙ ХЭСЭГ
2020-05-10 17:24:07,518:INFO:7
2020-05-10 17:24:08,438:INFO:ДУГААРАА СОНГОЖ БУЙ ХЭСЭГ
2020-05-10 17:24:08,438:INFO:7
2020-05-10 17:24:09,209:INFO:ДУГААРАА СОНГОЖ БУЙ ХЭСЭГ
2020-05-10 17:24:09,209:INFO:7
2020-05-10 17:24:09,776:INFO:ДУГААРАА СОНГОЖ БУЙ ХЭСЭГ
2020-05-10 17:24:09,777:INFO:7
2020-05-10 17:24:15,228:INFO:ДУГААРАА СОНГОЖ БУЙ ХЭСЭГ
2020-05-10 17:24:15,229:INFO:7
2020-05-10 17:24:16,005:INFO:ДУГААРАА СОНГОЖ БУЙ ХЭСЭГ
2020-05-10 17:24:16,005:INFO:7
2020-05-10 17:24:17,176:INFO:ДУГААРАА СОНГОЖ БУЙ ХЭСЭГ
2020-05-10 17:24:17,176:INFO:7
2020-05-10 17:24:17,825:INFO:ДУГААРАА СОНГОЖ БУЙ ХЭСЭГ
2020-05-10 17:24:17,826:INFO:7
2020-05-10 17:24:18,466:INFO:ДУГААРАА СОНГОЖ БУЙ ХЭСЭГ
2020-05-10 17:24:18,466:INFO:7
2020-05-10 17:24:19,129:INFO:ДУГААРАА СОНГОЖ БУЙ ХЭСЭГ
2020-05-10 17:24:19,129:INFO:7
2020-05-10 17:24:19,673:INFO:ДУГААРАА СОНГОЖ БУЙ ХЭСЭГ
2020-05-10 17:24:19,673:INFO:7
2020-05-10 17:24:35,485:INFO:------------------------------------------------------------------------------------------------
2020-05-10 17:24:37,620:INFO:ДУГААРАА СОНГОЖ БУЙ ХЭСЭГ
2020-05-10 17:24:37,621:INFO:2
2020-05-10 17:24:42,933:INFO:------------------------------------------------------------------------------------------------
2020-05-10 17:26:43,782:INFO:ДУГААРЫН ҮНЭ
2020-05-10 17:26:43,785:INFO:5000
2020-05-10 17:27:21,913:INFO:ДУГААРАА СОНГОЖ БУЙ ХЭСЭГ
2020-05-10 17:27:21,914:INFO:2
2020-05-10 17:27:31,677:INFO:------------------------------------------------------------------------------------------------
2020-05-10 17:27:33,685:INFO:ДУГААРАА СОНГОЖ БУЙ ХЭСЭГ
2020-05-10 17:27:33,685:INFO:7
2020-05-10 17:27:35,197:INFO:ДУГААРАА СОНГОЖ БУЙ ХЭСЭГ
2020-05-10 17:27:35,197:INFO:7
2020-05-10 17:29:17,872:WARNING:Not Found: /
2020-05-10 17:30:54,840:INFO:ДУГААРАА СОНГОЖ БУЙ ХЭСЭГ
2020-05-10 17:30:54,840:INFO:7
2020-05-10 17:33:12,815:INFO:ДУГААРАА СОНГОЖ БУЙ ХЭСЭГ
2020-05-10 17:33:12,816:INFO:7
2020-05-10 17:33:21,136:INFO:ДУГААРАА СОНГОЖ БУЙ ХЭСЭГ
2020-05-10 17:33:21,136:INFO:7
2020-05-10 17:33:50,419:INFO:ДУГААРАА СОНГОЖ БУЙ ХЭСЭГ
2020-05-10 17:33:50,419:INFO:7
2020-05-10 17:34:20,938:INFO:ДУГААРАА СОНГОЖ БУЙ ХЭСЭГ
2020-05-10 17:34:20,938:INFO:7
2020-05-10 17:35:32,880:INFO:ДУГААРАА СОНГОЖ БУЙ ХЭСЭГ
2020-05-10 17:35:32,880:INFO:7
2020-05-10 17:37:13,136:WARNING:Not Found: /
2020-05-10 17:38:00,528:INFO:ДУГААРЫН ҮНЭ
2020-05-10 17:38:00,531:INFO:10000
2020-05-10 17:39:01,110:INFO:------------------------------------------------------------------------------------------------
2020-05-10 17:39:03,367:INFO:ДУГААРАА СОНГОЖ БУЙ ХЭСЭГ
2020-05-10 17:39:03,367:INFO:7
2020-05-10 17:40:10,551:INFO:ДУГААРАА СОНГОЖ БУЙ ХЭСЭГ
2020-05-10 17:40:10,552:INFO:7
2020-05-10 17:40:12,188:INFO:ДУГААРАА СОНГОЖ БУЙ ХЭСЭГ
2020-05-10 17:40:12,188:INFO:7
2020-05-10 17:40:16,863:INFO:ДУГААРАА СОНГОЖ БУЙ ХЭСЭГ
2020-05-10 17:40:16,863:INFO:7
2020-05-10 17:40:20,599:INFO:ДУГААРАА СОНГОЖ БУЙ ХЭСЭГ
2020-05-10 17:40:20,599:INFO:7
2020-05-10 17:40:30,736:INFO:ДУГААРАА СОНГОЖ БУЙ ХЭСЭГ
2020-05-10 17:40:30,736:INFO:7
2020-05-10 17:40:39,011:INFO:------------------------------------------------------------------------------------------------
2020-05-10 17:40:39,471:INFO:------------------------------------------------------------------------------------------------
2020-05-10 17:40:43,246:INFO:ДУГААРАА СОНГОЖ БУЙ ХЭСЭГ
2020-05-10 17:40:43,247:INFO:7
2020-05-10 17:40:45,572:INFO:ДУГААРАА СОНГОЖ БУЙ ХЭСЭГ
2020-05-10 17:40:45,572:INFO:7
2020-05-10 17:40:49,804:INFO:ДУГААРЫН ҮНЭ
2020-05-10 17:40:49,807:INFO:10000
2020-05-10 17:40:50,612:INFO:------------------------------------------------------------------------------------------------
2020-05-10 17:40:53,269:INFO:ДУГААРАА СОНГОЖ БУЙ ХЭСЭГ
2020-05-10 17:40:53,269:INFO:2
2020-05-10 17:40:55,868:INFO:ДУГААРАА СОНГОЖ БУЙ ХЭСЭГ
2020-05-10 17:40:55,869:INFO:2
2020-05-10 17:40:58,984:INFO:ДУГААРАА СОНГОЖ БУЙ ХЭСЭГ
2020-05-10 17:40:58,985:INFO:2
2020-05-10 17:41:00,311:INFO:ДУГААРЫН ZAHIALGA
2020-05-10 17:41:00,348:INFO:ДУГААРАА СОНГОЖ БУЙ ХЭСЭГ
2020-05-10 17:41:00,348:INFO:2
2020-05-10 17:41:16,447:INFO:ДУГААРАА СОНГОЖ БУЙ ХЭСЭГ
2020-05-10 17:41:16,448:INFO:2
2020-05-10 17:42:24,815:INFO:ДУГААРЫН ҮНЭ
2020-05-10 17:42:24,817:INFO:10000
2020-05-10 17:43:02,441:INFO:------------------------------------------------------------------------------------------------
2020-05-10 17:49:29,279:INFO:ДУГААРАА СОНГОЖ БУЙ ХЭСЭГ
2020-05-10 17:49:29,279:INFO:7
2020-05-10 17:49:48,686:INFO:ДУГААРЫН ҮНЭ
2020-05-10 17:49:48,689:INFO:10000
2020-05-10 17:49:58,326:INFO:ДУГААРЫН ZAHIALGA
2020-05-10 17:51:58,937:INFO:------------------------------------------------------------------------------------------------
2020-05-10 17:58:02,195:INFO:ДУГААРАА СОНГОЖ БУЙ ХЭСЭГ
2020-05-10 17:58:02,195:INFO:7
2020-05-10 17:58:29,608:INFO:ДУГААРЫН ҮНЭ
2020-05-10 17:58:29,610:INFO:5000
2020-05-10 17:59:17,667:INFO:ДУГААРЫН ҮНЭ
2020-05-10 17:59:17,669:INFO:10000
2020-05-10 17:59:28,459:INFO:ДУГААРЫН ZAHIALGA
2020-05-10 17:59:38,250:INFO:ДУГААРЫН ҮНЭ
2020-05-10 17:59:38,252:INFO:5000
2020-05-10 18:00:15,174:INFO:ДУГААРЫН ҮНЭ
2020-05-10 18:00:15,177:INFO:5000
2020-05-10 18:01:27,784:INFO:------------------------------------------------------------------------------------------------
2020-05-10 18:01:28,798:INFO:------------------------------------------------------------------------------------------------
2020-05-10 18:02:09,184:INFO:ДУГААРЫН ҮНЭ
2020-05-10 18:02:09,187:INFO:5000
2020-05-10 18:05:50,602:INFO:------------------------------------------------------------------------------------------------
2020-05-10 18:05:51,880:INFO:ДУГААРАА СОНГОЖ БУЙ ХЭСЭГ
2020-05-10 18:05:51,880:INFO:7
2020-05-10 18:06:20,010:INFO:ДУГААРЫН ҮНЭ
2020-05-10 18:06:20,012:INFO:10000
2020-05-10 18:06:30,709:INFO:ДУГААРЫН ZAHIALGA
2020-05-10 18:08:30,965:INFO:------------------------------------------------------------------------------------------------
2020-05-10 18:15:49,761:INFO:------------------------------------------------------------------------------------------------
2020-05-10 18:15:58,321:INFO:ДУГААРАА СОНГОЖ БУЙ ХЭСЭГ
2020-05-10 18:15:58,322:INFO:7
2020-05-10 18:17:18,193:INFO:ДУГААРЫН ҮНЭ
2020-05-10 18:17:18,196:INFO:10000
2020-05-10 18:17:26,967:INFO:ДУГААРЫН ZAHIALGA
2020-05-10 18:19:29,658:INFO:------------------------------------------------------------------------------------------------
2020-05-10 18:19:33,661:INFO:------------------------------------------------------------------------------------------------
2020-05-10 18:19:45,261:INFO:ДУГААРАА СОНГОЖ БУЙ ХЭСЭГ
2020-05-10 18:19:45,261:INFO:2
2020-05-10 18:19:45,940:WARNING:Not Found: /favicon.ico
2020-05-10 18:24:43,208:INFO:------------------------------------------------------------------------------------------------
2020-05-10 18:27:00,981:INFO:ДУГААРАА СОНГОЖ БУЙ ХЭСЭГ
2020-05-10 18:27:00,981:INFO:2
2020-05-10 18:27:02,057:INFO:ДУГААРАА СОНГОЖ БУЙ ХЭСЭГ
2020-05-10 18:27:02,058:INFO:2
2020-05-10 18:40:39,098:INFO:------------------------------------------------------------------------------------------------
2020-05-10 18:40:39,580:INFO:------------------------------------------------------------------------------------------------
2020-05-10 18:41:04,865:INFO:ДУГААРАА СОНГОЖ БУЙ ХЭСЭГ
2020-05-10 18:41:04,866:INFO:2
2020-05-10 18:46:50,835:INFO:------------------------------------------------------------------------------------------------
2020-05-10 18:46:53,973:INFO:ДУГААРАА СОНГОЖ БУЙ ХЭСЭГ
2020-05-10 18:46:53,973:INFO:7
2020-05-10 18:46:55,340:INFO:ДУГААРАА СОНГОЖ БУЙ ХЭСЭГ
2020-05-10 18:46:55,340:INFO:7
2020-05-10 18:48:10,773:INFO:------------------------------------------------------------------------------------------------
2020-05-10 18:48:11,850:INFO:ДУГААРАА СОНГОЖ БУЙ ХЭСЭГ
2020-05-10 18:48:11,850:INFO:7
2020-05-10 19:01:44,447:INFO:------------------------------------------------------------------------------------------------
2020-05-10 19:14:47,500:INFO:------------------------------------------------------------------------------------------------
2020-05-10 19:14:53,529:INFO:ДУГААРАА СОНГОЖ БУЙ ХЭСЭГ
2020-05-10 19:14:53,529:INFO:7
2020-05-10 19:15:44,193:INFO:ДУГААРАА СОНГОЖ БУЙ ХЭСЭГ
2020-05-10 19:15:44,193:INFO:7
2020-05-10 19:25:28,749:INFO:ДУГААРАА СОНГОЖ БУЙ ХЭСЭГ
2020-05-10 19:25:28,750:INFO:7
2020-05-10 19:25:52,836:INFO:ДУГААРЫН ҮНЭ
2020-05-10 19:25:52,839:INFO:10000
2020-05-10 19:26:00,836:INFO:ДУГААРЫН ZAHIALGA
2020-05-10 19:28:02,474:INFO:------------------------------------------------------------------------------------------------
2020-05-10 19:31:34,424:INFO:ДУГААРАА СОНГОЖ БУЙ ХЭСЭГ
2020-05-10 19:31:34,424:INFO:7
2020-05-10 19:32:49,045:INFO:ДУГААРЫН ҮНЭ
2020-05-10 19:32:49,048:INFO:10000
2020-05-10 19:32:59,027:INFO:ДУГААРЫН ҮНЭ
2020-05-10 19:32:59,029:INFO:10000
2020-05-10 19:33:05,698:INFO:ДУГААРЫН ҮНЭ
2020-05-10 19:33:05,701:INFO:10000
2020-05-10 19:40:39,184:INFO:------------------------------------------------------------------------------------------------
2020-05-10 19:40:39,668:INFO:------------------------------------------------------------------------------------------------
2020-05-10 19:46:52,545:INFO:ДУГААРАА СОНГОЖ БУЙ ХЭСЭГ
2020-05-10 19:46:52,545:INFO:7
2020-05-10 19:49:14,978:WARNING:Not Found: /console
2020-05-10 19:49:15,158:WARNING:Not Found: /cgi-bin/test-cgi
2020-05-10 19:49:15,327:WARNING:Not Found: /
2020-05-10 19:49:15,505:WARNING:Not Found: /horde/imp/test.php
2020-05-10 19:49:16,724:WARNING:Not Found: /login.action
2020-05-10 19:49:16,894:WARNING:Not Found: /login
2020-05-10 19:49:17,096:WARNING:Not Found: /phpMyAdmin/scripts/setup.php
2020-05-10 19:49:17,441:WARNING:Not Found: /login/do_login
2020-05-10 20:02:01,110:INFO:------------------------------------------------------------------------------------------------
2020-05-10 20:42:26,161:INFO:------------------------------------------------------------------------------------------------
2020-05-10 21:02:17,810:INFO:------------------------------------------------------------------------------------------------
2020-05-10 21:42:26,342:INFO:------------------------------------------------------------------------------------------------
2020-05-10 22:02:34,503:INFO:------------------------------------------------------------------------------------------------
