2020-12-27 09:03:46,489:WARNING:Not Found: /
2020-12-27 09:03:46,919:WARNING:Not Found: /
2020-12-27 09:10:25,666:INFO:------------------------------------------------------------------------------------------------
2020-12-27 09:16:02,291:INFO:------------------------------------------------------------------------------------------------
2020-12-27 09:32:18,646:INFO:------------------------------------------------------------------------------------------------
2020-12-27 09:57:50,471:INFO:ДУГААРЫН ЗАХИАЛГА
2020-12-27 09:57:50,471:INFO:------------------------------------------------------------------------------------------------
2020-12-27 09:57:50,478:INFO:Failed
2020-12-27 09:57:50,478:ERROR:Уучлаарай, таны сонгосон 98115481 дугаар захиалах боломжгүй байна. Line-1379
2020-12-27 09:58:11,850:INFO:ДУГААРАА СОНГОЖ БУЙ ХЭСЭГ
2020-12-27 09:58:11,851:INFO:2
2020-12-27 09:58:12,420:INFO:------------------------------------------------------------------------------------------------
2020-12-27 09:58:31,273:INFO:ДУГААРАА СОНГОЖ БУЙ ХЭСЭГ
2020-12-27 09:58:31,273:INFO:2
2020-12-27 09:58:46,468:INFO:ДУГААРАА СОНГОЖ БУЙ ХЭСЭГ
2020-12-27 09:58:46,469:INFO:7
2020-12-27 09:58:52,543:INFO:------------------------------------------------------------------------------------------------
2020-12-27 09:59:44,778:INFO:------------------------------------------------------------------------------------------------
2020-12-27 09:59:51,317:INFO:------------------------------------------------------------------------------------------------
2020-12-27 10:02:27,215:INFO:ДУГААРЫН ЗАХИАЛГА
2020-12-27 10:02:27,221:INFO:Failed
2020-12-27 10:02:27,221:ERROR:Уучлаарай, таны сонгосон 98115481 дугаар захиалах боломжгүй байна. Line-1379
2020-12-27 10:03:08,655:INFO:------------------------------------------------------------------------------------------------
2020-12-27 10:04:27,297:INFO:------------------------------------------------------------------------------------------------
2020-12-27 10:06:49,160:INFO:ДУГААРАА СОНГОЖ БУЙ ХЭСЭГ
2020-12-27 10:06:49,160:INFO:2
2020-12-27 10:06:51,701:INFO:------------------------------------------------------------------------------------------------
2020-12-27 10:10:25,995:INFO:------------------------------------------------------------------------------------------------
2020-12-27 10:16:02,870:INFO:------------------------------------------------------------------------------------------------
2020-12-27 10:25:41,295:INFO:ДУГААРАА СОНГОЖ БУЙ ХЭСЭГ
2020-12-27 10:25:41,296:INFO:2
2020-12-27 10:25:41,619:WARNING:Not Found: /favicon.ico
2020-12-27 10:32:18,874:INFO:------------------------------------------------------------------------------------------------
2020-12-27 10:59:45,115:INFO:------------------------------------------------------------------------------------------------
2020-12-27 11:03:09,053:INFO:------------------------------------------------------------------------------------------------
2020-12-27 11:04:27,400:INFO:------------------------------------------------------------------------------------------------
2020-12-27 11:06:51,840:INFO:------------------------------------------------------------------------------------------------
2020-12-27 11:10:26,140:INFO:------------------------------------------------------------------------------------------------
2020-12-27 11:16:02,946:INFO:------------------------------------------------------------------------------------------------
2020-12-27 11:21:48,636:WARNING:Not Found: /favicon.ico
2020-12-27 11:21:48,677:WARNING:Not Found: /favicon.ico
2020-12-27 11:23:18,383:INFO:97181850:6
2020-12-27 11:31:26,169:INFO:ДУГААРАА СОНГОЖ БУЙ ХЭСЭГ
2020-12-27 11:31:26,169:INFO:7
2020-12-27 11:31:26,378:WARNING:Not Found: /favicon.ico
2020-12-27 11:31:58,510:INFO:93046520:6
2020-12-27 11:32:19,021:INFO:------------------------------------------------------------------------------------------------
2020-12-27 11:32:28,526:INFO:93006520:6|93016520:6|93026520:6|93036520:6|93046520:6|93066520:6|93076520:6|93086520:6|93096520:6|93106520:6|93126520:6|93136520:6|93146520:6|93166520:6|93176520:6|93186520:6|93196520:6|93226520:6|93236520:6|93246520:6|93256520:6|93266520:6|93276520:6|93286520:6|93296520:6|93306520:6|93316520:6|93326520:6|93336520:6|93346520:6|93356520:6|93366520:6|93376520:6|93386520:6|93396520:6|93406520:6|93416520:6|93426520:6|93436520:6|93446520:6|93456520:6|93466520:6|93476520:6
2020-12-27 11:38:27,287:INFO:------------------------------------------------------------------------------------------------
2020-12-27 11:38:30,620:INFO:ДУГААРАА СОНГОЖ БУЙ ХЭСЭГ
2020-12-27 11:38:30,620:INFO:2
2020-12-27 11:38:30,740:WARNING:Not Found: /favicon.ico
2020-12-27 11:39:07,306:INFO:98213579:6
2020-12-27 11:42:23,095:INFO:ДУГААРЫН ҮНЭ
2020-12-27 11:42:23,099:INFO:5000
2020-12-27 11:42:33,564:INFO:ДУГААРЫН ЗАХИАЛГА
2020-12-27 11:42:33,573:INFO:Success
2020-12-27 11:42:33,573:INFO:Хадгалсан дугаар: 98213579
2020-12-27 11:42:36,716:INFO:------------------------------------------------------------------------------------------------
2020-12-27 11:52:56,308:INFO:98112715:6|98112763:6|98112876:6|98113415:6|98113426:6|98113527:6|98113584:6|98113624:6|98113924:6|98113926:6|98113946:6|98113954:6|98113976:6|98114317:6|98114507:6|98114513:6|98114517:6|98114537:6|98114539:6|98114573:6|98114631:6|98114671:6|98114672:6|98114732:6|98114735:6|98114738:6|98114762:6|98114763:6|98114825:6|98114835:6|98114917:6|98114923:6|98114931:6|98114935:6|98114952:6|98114962:6|98114963:6|98114967:6|98114972:6|98114975:6|98114982:6|98115134:6|98115143:6|98115213:6|98115217:6|98115236:6|98115237:6|98115246:6|98115273:6|98115274:6|98115287:6|98115293:6|98115314:6|98115317:6|98115327:6|98115341:6|98115342:6|98115346:6|98115347:6|98115361:6|98115371:6|98115382:6|98115384:6|98115386:6|98115392:6|98115403:6|98115413:6|98115423:6|98115427:6|98115431:6|98115438:6|98115462:6|98115471:6|98115614:6|98115627:6|98115631:6|98115632:6|98115634:6|98115637:6|98115638:6|98115639:6|98115643:6|98115672:6|98115693:6|98115712:6|98115713:6|98115714:6|98115716:6|98115721:6|98115724:6|98115728:6|98115729:6|98115732:6|98115734:6|98115736:6|98115742:6|98115743:6|98115761:6|98115762:6|98115763:6|98115764:6|98115782:6|98115783:6|98115784:6|98115786:6|98115791:6|98115792:6|98115794:6|98115796:6|98115817:6|98115834:6|98115841:6|98115843:6|98115846:6|98115847:6|98115863:6|98115867:6|98115871:6|98115873:6|98115893:6|98115924:6|98115925:6|98115926:6|98115928:6|98115932:6|98115935:6|98115937:6|98115938:6|98115941:6|98115942:6|98115943:6|98115945:6
2020-12-27 11:53:10,495:INFO:98112715:6|98112763:6|98112876:6|98113415:6|98113426:6|98113527:6|98113584:6|98113624:6|98113924:6|98113926:6|98113946:6|98113954:6|98113976:6|98114317:6|98114507:6|98114513:6|98114517:6|98114537:6|98114539:6|98114573:6|98114631:6|98114671:6|98114672:6|98114732:6|98114735:6|98114738:6|98114762:6|98114763:6|98114825:6|98114835:6|98114917:6|98114923:6|98114931:6|98114935:6|98114952:6|98114962:6|98114963:6|98114967:6|98114972:6|98114975:6|98114982:6|98115134:6|98115143:6|98115213:6|98115217:6|98115236:6|98115237:6|98115246:6|98115273:6|98115274:6|98115287:6|98115293:6|98115314:6|98115317:6|98115327:6|98115341:6|98115342:6|98115346:6|98115347:6|98115361:6|98115371:6|98115382:6|98115384:6|98115386:6|98115392:6|98115403:6|98115413:6|98115423:6|98115427:6|98115431:6|98115438:6|98115462:6|98115471:6|98115614:6|98115627:6|98115631:6|98115632:6|98115634:6|98115637:6|98115638:6|98115639:6|98115643:6|98115672:6|98115693:6|98115712:6|98115713:6|98115714:6|98115716:6|98115721:6|98115724:6|98115728:6|98115729:6|98115732:6|98115734:6|98115736:6|98115742:6|98115743:6|98115761:6|98115762:6|98115763:6|98115764:6|98115782:6|98115783:6|98115784:6|98115786:6|98115791:6|98115792:6|98115794:6|98115796:6|98115817:6|98115834:6|98115841:6|98115843:6|98115846:6|98115847:6|98115863:6|98115867:6|98115871:6|98115873:6|98115893:6|98115924:6|98115925:6|98115926:6|98115928:6|98115932:6|98115935:6|98115937:6|98115938:6|98115941:6|98115942:6|98115943:6|98115945:6
2020-12-27 11:53:20,129:INFO:-1
2020-12-27 11:53:25,930:INFO:-1
2020-12-27 11:53:34,290:INFO:98112715:6|98112763:6|98112876:6|98113415:6|98113426:6|98113527:6|98113584:6|98113624:6|98113924:6|98113926:6|98113946:6|98113954:6|98113976:6|98114317:6|98114507:6|98114513:6|98114517:6|98114537:6|98114539:6|98114573:6|98114631:6|98114671:6|98114672:6|98114732:6|98114735:6|98114738:6|98114762:6|98114763:6|98114825:6|98114835:6|98114917:6|98114923:6|98114931:6|98114935:6|98114952:6|98114962:6|98114963:6|98114967:6|98114972:6|98114975:6|98114982:6|98115134:6|98115143:6|98115213:6|98115217:6|98115236:6|98115237:6|98115246:6|98115273:6|98115274:6|98115287:6|98115293:6|98115314:6|98115317:6|98115327:6|98115341:6|98115342:6|98115346:6|98115347:6|98115361:6|98115371:6|98115382:6|98115384:6|98115386:6|98115392:6|98115403:6|98115413:6|98115423:6|98115427:6|98115431:6|98115438:6|98115462:6|98115471:6|98115614:6|98115627:6|98115631:6|98115632:6|98115634:6|98115637:6|98115638:6|98115639:6|98115643:6|98115672:6|98115693:6|98115712:6|98115713:6|98115714:6|98115716:6|98115721:6|98115724:6|98115728:6|98115729:6|98115732:6|98115734:6|98115736:6|98115742:6|98115743:6|98115761:6|98115762:6|98115763:6|98115764:6|98115782:6|98115783:6|98115784:6|98115786:6|98115791:6|98115792:6|98115794:6|98115796:6|98115817:6|98115834:6|98115841:6|98115843:6|98115846:6|98115847:6|98115863:6|98115867:6|98115871:6|98115873:6|98115893:6|98115924:6|98115925:6|98115926:6|98115928:6|98115932:6|98115935:6|98115937:6|98115938:6|98115941:6|98115942:6|98115943:6|98115945:6
2020-12-27 11:54:02,712:INFO:98112715:6|98112763:6|98112876:6|98113415:6|98113426:6|98113527:6|98113584:6|98113624:6|98113924:6|98113926:6|98113946:6|98113954:6|98113976:6|98114317:6|98114507:6|98114513:6|98114517:6|98114537:6|98114539:6|98114573:6|98114631:6|98114671:6|98114672:6|98114732:6|98114735:6|98114738:6|98114762:6|98114763:6|98114825:6|98114835:6|98114917:6|98114923:6|98114931:6|98114935:6|98114952:6|98114962:6|98114963:6|98114967:6|98114972:6|98114975:6|98114982:6|98115134:6|98115143:6|98115213:6|98115217:6|98115236:6|98115237:6|98115246:6|98115273:6|98115274:6|98115287:6|98115293:6|98115314:6|98115317:6|98115327:6|98115341:6|98115342:6|98115346:6|98115347:6|98115361:6|98115371:6|98115382:6|98115384:6|98115386:6|98115392:6|98115403:6|98115413:6|98115423:6|98115427:6|98115431:6|98115438:6|98115462:6|98115471:6|98115614:6|98115627:6|98115631:6|98115632:6|98115634:6|98115637:6|98115638:6|98115639:6|98115643:6|98115672:6|98115693:6|98115712:6|98115713:6|98115714:6|98115716:6|98115721:6|98115724:6|98115728:6|98115729:6|98115732:6|98115734:6|98115736:6|98115742:6|98115743:6|98115761:6|98115762:6|98115763:6|98115764:6|98115782:6|98115783:6|98115784:6|98115786:6|98115791:6|98115792:6|98115794:6|98115796:6|98115817:6|98115834:6|98115841:6|98115843:6|98115846:6|98115847:6|98115863:6|98115867:6|98115871:6|98115873:6|98115893:6|98115924:6|98115925:6|98115926:6|98115928:6|98115932:6|98115935:6|98115937:6|98115938:6|98115941:6|98115942:6|98115943:6|98115945:6
2020-12-27 11:54:05,838:INFO:98112715:6|98112763:6|98112876:6|98113415:6|98113426:6|98113527:6|98113584:6|98113624:6|98113924:6|98113926:6|98113946:6|98113954:6|98113976:6|98114317:6|98114507:6|98114513:6|98114517:6|98114537:6|98114539:6|98114573:6|98114631:6|98114671:6|98114672:6|98114732:6|98114735:6|98114738:6|98114762:6|98114763:6|98114825:6|98114835:6|98114917:6|98114923:6|98114931:6|98114935:6|98114952:6|98114962:6|98114963:6|98114967:6|98114972:6|98114975:6|98114982:6|98115134:6|98115143:6|98115213:6|98115217:6|98115236:6|98115237:6|98115246:6|98115273:6|98115274:6|98115287:6|98115293:6|98115314:6|98115317:6|98115327:6|98115341:6|98115342:6|98115346:6|98115347:6|98115361:6|98115371:6|98115382:6|98115384:6|98115386:6|98115392:6|98115403:6|98115413:6|98115423:6|98115427:6|98115431:6|98115438:6|98115462:6|98115471:6|98115614:6|98115627:6|98115631:6|98115632:6|98115634:6|98115637:6|98115638:6|98115639:6|98115643:6|98115672:6|98115693:6|98115712:6|98115713:6|98115714:6|98115716:6|98115721:6|98115724:6|98115728:6|98115729:6|98115732:6|98115734:6|98115736:6|98115742:6|98115743:6|98115761:6|98115762:6|98115763:6|98115764:6|98115782:6|98115783:6|98115784:6|98115786:6|98115791:6|98115792:6|98115794:6|98115796:6|98115817:6|98115834:6|98115841:6|98115843:6|98115846:6|98115847:6|98115863:6|98115867:6|98115871:6|98115873:6|98115893:6|98115924:6|98115925:6|98115926:6|98115928:6|98115932:6|98115935:6|98115937:6|98115938:6|98115941:6|98115942:6|98115943:6|98115945:6
2020-12-27 11:54:09,386:INFO:98112715:6|98112763:6|98112876:6|98113415:6|98113426:6|98113527:6|98113584:6|98113624:6|98113924:6|98113926:6|98113946:6|98113954:6|98113976:6|98114317:6|98114507:6|98114513:6|98114517:6|98114537:6|98114539:6|98114573:6|98114631:6|98114671:6|98114672:6|98114732:6|98114735:6|98114738:6|98114762:6|98114763:6|98114825:6|98114835:6|98114917:6|98114923:6|98114931:6|98114935:6|98114952:6|98114962:6|98114963:6|98114967:6|98114972:6|98114975:6|98114982:6|98115134:6|98115143:6|98115213:6|98115217:6|98115236:6|98115237:6|98115246:6|98115273:6|98115274:6|98115287:6|98115293:6|98115314:6|98115317:6|98115327:6|98115341:6|98115342:6|98115346:6|98115347:6|98115361:6|98115371:6|98115382:6|98115384:6|98115386:6|98115392:6|98115403:6|98115413:6|98115423:6|98115427:6|98115431:6|98115438:6|98115462:6|98115471:6|98115614:6|98115627:6|98115631:6|98115632:6|98115634:6|98115637:6|98115638:6|98115639:6|98115643:6|98115672:6|98115693:6|98115712:6|98115713:6|98115714:6|98115716:6|98115721:6|98115724:6|98115728:6|98115729:6|98115732:6|98115734:6|98115736:6|98115742:6|98115743:6|98115761:6|98115762:6|98115763:6|98115764:6|98115782:6|98115783:6|98115784:6|98115786:6|98115791:6|98115792:6|98115794:6|98115796:6|98115817:6|98115834:6|98115841:6|98115843:6|98115846:6|98115847:6|98115863:6|98115867:6|98115871:6|98115873:6|98115893:6|98115924:6|98115925:6|98115926:6|98115928:6|98115932:6|98115935:6|98115937:6|98115938:6|98115941:6|98115942:6|98115943:6|98115945:6
2020-12-27 11:54:13,741:INFO:98112715:6|98112763:6|98112876:6|98113415:6|98113426:6|98113527:6|98113584:6|98113624:6|98113924:6|98113926:6|98113946:6|98113954:6|98113976:6|98114317:6|98114507:6|98114513:6|98114517:6|98114537:6|98114539:6|98114573:6|98114631:6|98114671:6|98114672:6|98114732:6|98114735:6|98114738:6|98114762:6|98114763:6|98114825:6|98114835:6|98114917:6|98114923:6|98114931:6|98114935:6|98114952:6|98114962:6|98114963:6|98114967:6|98114972:6|98114975:6|98114982:6|98115134:6|98115143:6|98115213:6|98115217:6|98115236:6|98115237:6|98115246:6|98115273:6|98115274:6|98115287:6|98115293:6|98115314:6|98115317:6|98115327:6|98115341:6|98115342:6|98115346:6|98115347:6|98115361:6|98115371:6|98115382:6|98115384:6|98115386:6|98115392:6|98115403:6|98115413:6|98115423:6|98115427:6|98115431:6|98115438:6|98115462:6|98115471:6|98115614:6|98115627:6|98115631:6|98115632:6|98115634:6|98115637:6|98115638:6|98115639:6|98115643:6|98115672:6|98115693:6|98115712:6|98115713:6|98115714:6|98115716:6|98115721:6|98115724:6|98115728:6|98115729:6|98115732:6|98115734:6|98115736:6|98115742:6|98115743:6|98115761:6|98115762:6|98115763:6|98115764:6|98115782:6|98115783:6|98115784:6|98115786:6|98115791:6|98115792:6|98115794:6|98115796:6|98115817:6|98115834:6|98115841:6|98115843:6|98115846:6|98115847:6|98115863:6|98115867:6|98115871:6|98115873:6|98115893:6|98115924:6|98115925:6|98115926:6|98115928:6|98115932:6|98115935:6|98115937:6|98115938:6|98115941:6|98115942:6|98115943:6|98115945:6
2020-12-27 11:54:21,126:INFO:-1
2020-12-27 11:54:25,261:INFO:-1
2020-12-27 11:54:30,852:INFO:-1
2020-12-27 11:54:58,873:INFO:93111700:6|93112300:6|93112400:6|93112800:6|93112900:6|93113200:6|93113400:6|93113500:6|93113600:6|93113700:6|93113800:6|93114200:6|93114300:6|93114500:6|93114600:6|93114700:6|93114800:6|93114900:6|93115100:6|93115200:6|93115300:6|93115400:6|93115600:6|93115700:6|93115900:6|93116100:6|93116200:6|93116300:6|93116400:6|93116700:6|93116900:6|93117100:6|93117200:6|93117300:6|93117400:6|93117500:6|93117600:6|93117800:6|93117900:6|93118100:6|93118200:6|93118400:6|93118500:6|93118600:6|93118700:6|93118900:6|93119200:6|93119500:6|93119600:6|93119700:6|93119800:6
2020-12-27 11:55:05,006:INFO:-1
2020-12-27 12:03:09,167:INFO:------------------------------------------------------------------------------------------------
2020-12-27 12:04:28,223:INFO:------------------------------------------------------------------------------------------------
2020-12-27 12:05:15,671:INFO:------------------------------------------------------------------------------------------------
2020-12-27 12:05:16,740:INFO:ДУГААРАА СОНГОЖ БУЙ ХЭСЭГ
2020-12-27 12:05:16,740:INFO:2
2020-12-27 12:05:27,870:INFO:98009370:6|98019370:6|98029370:6|98039370:6|98049370:6|98059370:6|98069370:6|98079370:6|98089370:6|98099370:6|98109370:6|98129370:6|98149370:6|98159370:6|98169370:6|98179370:6|98199370:6|98229370:6|98239370:6|98249370:6|98259370:6|98269370:6|98279370:6|98289370:6|98309370:6|98319370:6|98329370:6|98379370:6|98429370:6|98439370:6|98459370:6|98469370:6|98489370:6|98519370:6|98569370:6|98599370:6|98619370:6|98629370:6|98639370:6|98649370:6|98659370:6|98809370:6|98819370:6|98829370:6|98839370:6|98849370:6|98859370:6|98869370:6|98879370:6|98899370:6|98919370:6|98949370:6|98959370:6
2020-12-27 12:05:32,265:INFO:93009370:6|93019370:6|93029370:6|93039370:6|93059370:6|93069370:6|93079370:6|93089370:6|93099370:6|93109370:6|93119370:6|93139370:6|93149370:6|93169370:6|93179370:6|93189370:6|93199370:6|93209370:6|93219370:6|93249370:6|93259370:6|93269370:6|93279370:6|93289370:6|93299370:6|93309370:6|93319370:6|93329370:6|93339370:6|93349370:6|93359370:6|93369370:6|93379370:6|93389370:6|93409370:6|93419370:6|93429370:6|93439370:6|93449370:6|93459370:6|93469370:6|93479370:6
2020-12-27 12:06:51,946:INFO:------------------------------------------------------------------------------------------------
2020-12-27 12:08:31,326:INFO:ДУГААРАА СОНГОЖ БУЙ ХЭСЭГ
2020-12-27 12:08:31,327:INFO:2
2020-12-27 12:08:31,556:WARNING:Not Found: /favicon.ico
2020-12-27 12:08:36,603:INFO:98980345:6|98980356:6|98981660:6|98982340:6|98982429:6|98983512:6|98983794:6|98984611:6|98985927:6|98985962:6|98986156:6|98986193:6|98986395:6|98986451:6|98986534:6|98986541:6|98986649:6|98986724:6|98986732:6|98986741:6|98986742:6|98986792:6|98986924:6|98987245:6|98987392:6|98987517:6|98987554:6|98987641:6|98987650:6|98987684:6|98987885:6|98987931:6|98988031:6|98988461:6|98988527:6|98988748:6|98989175:6|98989254:6
2020-12-27 12:10:26,283:INFO:------------------------------------------------------------------------------------------------
2020-12-27 12:12:05,925:INFO:97139370:6
2020-12-27 12:13:09,258:INFO:-1
2020-12-27 12:13:16,045:INFO:-1
2020-12-27 12:13:26,062:INFO:93231133:7
2020-12-27 12:13:51,327:INFO:ДУГААРАА СОНГОЖ БУЙ ХЭСЭГ
2020-12-27 12:13:51,327:INFO:2
2020-12-27 12:13:54,605:INFO:-1
2020-12-27 12:13:58,924:INFO:97120033:7|97120044:7|97120055:7|97120066:7|97120077:7|97120088:7|97121100:7|97121122:7|97122244:7|97122255:7|97122266:7|97123300:7|97123311:7|97123322:7|97123355:7|97123366:7|97123377:7|97123388:7|97123399:7|97124400:7|97124411:7|97124422:7|97124433:7|97124466:7|97124477:7|97124488:7|97125500:7|97125511:7|97125522:7|97125533:7|97125544:7|97125577:7|97125599:7|97126600:7|97126611:7|97126622:7|97126633:7|97126644:7|97126655:7|97127711:7|97127744:7|97127766:7|97128800:7|97128833:7|97128844:7|97128855:7|97128877:7|97129933:7|97129944:7|97129955:7|97129988:7
2020-12-27 12:14:05,191:INFO:93121144:7|93121177:7|93122266:7|93123322:7|93123344:7|93124400:7|93124422:7|93124433:7|93124466:7|93125511:7|93125522:7|93125533:7|93125544:7|93125566:7|93126611:7|93126622:7|93126688:7|93127700:7|93127722:7|93127733:7|93127744:7|93127755:7|93127766:7|93128822:7|93128833:7|93128855:7|93128866:7|93128877:7|93129922:7|93129933:7|93129944:7|93129955:7|93129966:7|93129977:7
2020-12-27 12:14:28,334:INFO:93121144:7|93121177:7|93122266:7|93123322:7|93123344:7|93124400:7|93124422:7|93124433:7|93124466:7|93125511:7|93125522:7|93125533:7|93125544:7|93125566:7|93126611:7|93126622:7|93126688:7|93127700:7|93127722:7|93127733:7|93127744:7|93127755:7|93127766:7|93128822:7|93128833:7|93128855:7|93128866:7|93128877:7|93129922:7|93129933:7|93129944:7|93129955:7|93129966:7|93129977:7
2020-12-27 12:14:43,544:INFO:93131144:7|93132200:7|93132244:7|93134400:7|93134411:7|93134422:7|93134466:7|93134477:7|93135500:7|93135544:7|93135577:7|93136611:7|93137700:7|93137744:7|93137766:7|93137788:7|93138844:7|93138855:7|93138877:7|93139955:7
2020-12-27 12:15:02,225:INFO:93230022:7|93230055:7|93231100:7|93231133:7|93231144:7|93232266:7|93232288:7|93233311:7|93233399:7|93234400:7|93234422:7|93234433:7|93234466:7|93234499:7|93235500:7|93235511:7|93235522:7|93235533:7|93235544:7|93235599:7|93236611:7|93236622:7|93236633:7|93236644:7|93236655:7|93236677:7|93237700:7|93237711:7|93237722:7|93237733:7|93237744:7|93237755:7|93237766:7|93238822:7|93238833:7|93238844:7|93239900:7|93239922:7|93239933:7|93239944:7|93239955:7|93239966:7|93239977:7
2020-12-27 12:15:35,102:INFO:ДУГААРАА СОНГОЖ БУЙ ХЭСЭГ
2020-12-27 12:15:35,102:INFO:2
2020-12-27 12:15:41,982:INFO:93120593:6|93120793:6|93120893:6|93121093:6|93121193:6|93121593:6|93121693:6|93121893:6|93122093:6|93122593:6|93122693:6|93122893:6|93122993:6|93123193:6|93123293:6|93123593:6|93123793:6|93123893:6|93124093:6|93124193:6|93124593:6|93124693:6|93124893:6|93124993:6|93125193:6|93125293:6|93125393:6|93125493:6|93125593:6|93125693:6|93125793:6|93125893:6|93125993:6|93126193:6|93126293:6|93126393:6|93126493:6|93126593:6|93126793:6|93126893:6|93126993:6|93127093:6|93127193:6|93127493:6|93127593:6|93127693:6|93127793:6|93127893:6|93127993:6|93128093:6|93128193:6|93128293:6|93128493:6|93128593:6|93128693:6|93128793:6|93128893:6|93128993:6|93129093:6|93129193:6|93129493:6|93129593:6|93129693:6|93129793:6|93129893:6
2020-12-27 12:15:56,524:INFO:93230893:6|93231293:6|93233093:6|93233593:6|93234193:6|93234693:6|93236193:6|93237593:6|93237693:6|93237793:6|93237893:6|93237993:6|93238193:6|93238293:6|93238493:6|93238593:6|93238693:6|93238793:6|93238893:6|93238993:6|93239093:6|93239193:6|93239493:6|93239593:6|93239693:6|93239793:6
2020-12-27 12:16:03,026:INFO:------------------------------------------------------------------------------------------------
2020-12-27 12:16:09,988:INFO:93330893:6|93331493:6|93331693:6|93331793:6|93331893:6|93332093:6|93332493:6|93332593:6|93332693:6|93332793:6|93332893:6|93334193:6|93334293:6|93334593:6|93334693:6|93334793:6|93334893:6|93335193:6|93335293:6|93335493:6|93335693:6|93335793:6|93335893:6|93336193:6|93336493:6|93336693:6|93336793:6|93336893:6|93337093:6|93337493:6|93337693:6|93337893:6|93338093:6|93338293:6|93338493:6|93338693:6|93339693:6
2020-12-27 12:16:30,031:INFO:93130693:6|93130893:6|93131593:6|93133293:6|93134593:6|93135093:6|93135693:6|93135793:6|93135893:6|93135993:6|93136193:6|93136793:6|93136993:6|93137093:6|93137693:6|93137793:6|93138493:6|93138593:6|93138993:6|93139493:6
2020-12-27 12:20:17,047:INFO:98980345:6|98980356:6|98981660:6|98982429:6|98983512:6|98983794:6|98984611:6|98985927:6|98985962:6|98986156:6|98986193:6|98986395:6|98986451:6|98986534:6|98986541:6|98986649:6|98986724:6|98986732:6|98986741:6|98986742:6|98986792:6|98986924:6|98987245:6|98987392:6|98987517:6|98987554:6|98987641:6|98987650:6|98987684:6|98987885:6|98987931:6|98988031:6|98988461:6|98988527:6|98988748:6|98989175:6|98989254:6
2020-12-27 12:20:18,634:INFO:98980345:6|98980356:6|98981660:6|98982429:6|98983512:6|98983794:6|98984611:6|98985927:6|98985962:6|98986156:6|98986193:6|98986395:6|98986451:6|98986534:6|98986541:6|98986649:6|98986724:6|98986732:6|98986741:6|98986742:6|98986792:6|98986924:6|98987245:6|98987392:6|98987517:6|98987554:6|98987641:6|98987650:6|98987684:6|98987885:6|98987931:6|98988031:6|98988461:6|98988527:6|98988748:6|98989175:6|98989254:6
2020-12-27 12:25:29,142:INFO:98003799:6|98013799:6|98023799:6|98033799:6|98043799:6|98053799:6|98063799:6|98073799:6|98083799:6|98093799:6|98103799:6|98173799:6|98183799:6|98243799:6|98253799:6|98313799:6|98453799:6|98463799:6|98473799:6|98483799:6|98513799:6|98563799:6|98613799:6|98623799:6|98633799:6|98843799:6|98863799:6|98923799:6|98953799:6
2020-12-27 12:25:33,424:INFO:98022799:6|98032799:6|98042799:6|98052799:6|98062799:6|98072799:6|98082799:6|98092799:6|98102799:6|98152799:6|98242799:6|98372799:6|98452799:6|98462799:6|98482799:6|98562799:6|98602799:6|98612799:6|98622799:6|98632799:6|98652799:6|98662799:6|98842799:6|98872799:6|98942799:6|98962799:6
2020-12-27 12:26:47,152:INFO:93002799:6|93012799:6|93042799:6|93052799:6|93072799:6|93082799:6|93092799:6|93102799:6|93112799:6|93152799:6|93172799:6|93182799:6|93202799:6|93212799:6|93222799:6|93232799:6|93242799:6|93252799:6|93262799:6|93282799:6|93292799:6|93302799:6|93312799:6|93322799:6|93342799:6|93352799:6|93362799:6|93372799:6|93392799:6|93402799:6|93412799:6|93422799:6|93432799:6|93442799:6|93452799:6|93462799:6|93472799:6
2020-12-27 12:32:19,124:INFO:------------------------------------------------------------------------------------------------
2020-12-27 12:39:11,877:INFO:-1
2020-12-27 12:39:25,429:INFO:ДУГААРАА СОНГОЖ БУЙ ХЭСЭГ
2020-12-27 12:39:25,430:INFO:2
2020-12-27 12:39:25,690:WARNING:Not Found: /favicon.ico
2020-12-27 12:39:31,606:INFO:-1
2020-12-27 12:39:32,309:INFO:98005860:6|98015860:6|98025860:6|98035860:6|98045860:6|98055860:6|98065860:6|98075860:6|98085860:6|98095860:6|98105860:6|98135860:6|98165860:6|98175860:6|98215860:6|98225860:6|98255860:6|98275860:6|98305860:6|98315860:6|98325860:6|98335860:6|98375860:6|98385860:6|98425860:6|98435860:6|98455860:6|98465860:6|98515860:6|98585860:6|98595860:6|98615860:6|98625860:6|98635860:6|98645860:6|98655860:6|98675860:6|98805860:6|98815860:6|98825860:6|98835860:6|98845860:6|98865860:6|98875860:6|98915860:6|98925860:6|98935860:6|98945860:6|98955860:6|98965860:6|98975860:6|98995860:6
2020-12-27 12:39:46,888:INFO:98005860:6|98015860:6|98025860:6|98035860:6|98045860:6|98055860:6|98065860:6|98075860:6|98085860:6|98095860:6|98105860:6|98135860:6|98165860:6|98175860:6|98215860:6|98225860:6|98255860:6|98275860:6|98305860:6|98315860:6|98325860:6|98335860:6|98375860:6|98385860:6|98425860:6|98435860:6|98455860:6|98465860:6|98515860:6|98585860:6|98595860:6|98615860:6|98625860:6|98635860:6|98645860:6|98655860:6|98675860:6|98805860:6|98815860:6|98825860:6|98835860:6|98845860:6|98865860:6|98875860:6|98915860:6|98925860:6|98935860:6|98945860:6|98955860:6|98965860:6|98975860:6|98995860:6
2020-12-27 12:39:56,056:INFO:-1
2020-12-27 12:39:56,188:INFO:------------------------------------------------------------------------------------------------
2020-12-27 12:40:02,722:INFO:ДУГААРАА СОНГОЖ БУЙ ХЭСЭГ
2020-12-27 12:40:02,723:INFO:2
2020-12-27 12:40:02,820:INFO:98005860:6|98015860:6|98025860:6|98035860:6|98045860:6|98055860:6|98065860:6|98075860:6|98085860:6|98095860:6|98105860:6|98135860:6|98165860:6|98175860:6|98215860:6|98225860:6|98255860:6|98275860:6|98305860:6|98315860:6|98325860:6|98335860:6|98375860:6|98385860:6|98425860:6|98435860:6|98455860:6|98465860:6|98515860:6|98585860:6|98595860:6|98615860:6|98625860:6|98635860:6|98645860:6|98655860:6|98675860:6|98805860:6|98815860:6|98825860:6|98835860:6|98845860:6|98865860:6|98875860:6|98915860:6|98925860:6|98935860:6|98945860:6|98955860:6|98965860:6|98975860:6|98995860:6
2020-12-27 12:40:03,285:WARNING:Not Found: /favicon.ico
2020-12-27 12:40:11,818:INFO:-1
2020-12-27 12:40:15,885:INFO:98005860:6|98015860:6|98025860:6|98035860:6|98045860:6|98055860:6|98065860:6|98075860:6|98085860:6|98095860:6|98105860:6|98135860:6|98165860:6|98175860:6|98215860:6|98225860:6|98255860:6|98275860:6|98305860:6|98315860:6|98325860:6|98335860:6|98375860:6|98385860:6|98425860:6|98435860:6|98455860:6|98465860:6|98515860:6|98585860:6|98595860:6|98615860:6|98625860:6|98635860:6|98645860:6|98655860:6|98675860:6|98805860:6|98815860:6|98825860:6|98835860:6|98845860:6|98865860:6|98875860:6|98915860:6|98925860:6|98935860:6|98945860:6|98955860:6|98965860:6|98975860:6|98995860:6
2020-12-27 12:40:20,896:INFO:-1
2020-12-27 12:40:25,953:INFO:97030222:6|97040222:6|97060222:6|97080222:6|97090222:6|97100222:6
2020-12-27 12:40:30,296:INFO:93040222:6|93050222:6|93060222:6|93070222:6|93080222:6|93090222:6|93400222:6|93450222:6
2020-12-27 12:40:52,379:INFO:ДУГААРЫН ҮНЭ
2020-12-27 12:40:52,381:INFO:5000
2020-12-27 12:42:36,712:INFO:------------------------------------------------------------------------------------------------
2020-12-27 12:48:43,134:INFO:ДУГААРАА СОНГОЖ БУЙ ХЭСЭГ
2020-12-27 12:48:43,135:INFO:2
2020-12-27 12:48:43,495:WARNING:Not Found: /favicon.ico
2020-12-27 12:49:27,150:INFO:98620198:6
2020-12-27 12:49:33,915:INFO:ДУГААРЫН ҮНЭ
2020-12-27 12:49:33,917:INFO:5000
2020-12-27 13:01:09,753:INFO:------------------------------------------------------------------------------------------------
2020-12-27 13:03:16,923:INFO:ДУГААРАА СОНГОЖ БУЙ ХЭСЭГ
2020-12-27 13:03:16,924:INFO:7
2020-12-27 13:03:33,412:WARNING:Not Found: /favicon.ico
2020-12-27 13:04:28,341:INFO:------------------------------------------------------------------------------------------------
2020-12-27 13:06:52,096:INFO:------------------------------------------------------------------------------------------------
2020-12-27 13:16:03,097:INFO:------------------------------------------------------------------------------------------------
2020-12-27 13:16:05,833:INFO:ДУГААРАА СОНГОЖ БУЙ ХЭСЭГ
2020-12-27 13:16:05,833:INFO:2
2020-12-27 13:17:07,307:INFO:93309769:6
2020-12-27 13:32:19,229:INFO:------------------------------------------------------------------------------------------------
2020-12-27 13:42:36,705:INFO:------------------------------------------------------------------------------------------------
2020-12-27 13:49:39,169:INFO:ДУГААРАА СОНГОЖ БУЙ ХЭСЭГ
2020-12-27 13:49:39,169:INFO:2
2020-12-27 13:49:39,888:INFO:------------------------------------------------------------------------------------------------
2020-12-27 13:53:06,239:INFO:------------------------------------------------------------------------------------------------
2020-12-27 13:53:38,764:INFO:ДУГААРАА СОНГОЖ БУЙ ХЭСЭГ
2020-12-27 13:53:38,764:INFO:2
2020-12-27 13:53:39,032:WARNING:Not Found: /favicon.ico
2020-12-27 13:53:56,049:INFO:98018919:6|98028919:6|98038919:6|98048919:6|98058919:6|98068919:6|98078919:6|98108919:6|98138919:6|98238919:6|98248919:6|98268919:6|98468919:6|98478919:6|98518919:6|98568919:6|98638919:6|98648919:6|98658919:6|98708919:6|98848919:6|98878919:6|98928919:6|98958919:6|98968919:6
2020-12-27 14:04:28,432:INFO:------------------------------------------------------------------------------------------------
2020-12-27 14:06:52,217:INFO:------------------------------------------------------------------------------------------------
2020-12-27 14:13:42,814:INFO:ДУГААРАА СОНГОЖ БУЙ ХЭСЭГ
2020-12-27 14:13:42,815:INFO:2
2020-12-27 14:13:43,015:WARNING:Not Found: /favicon.ico
2020-12-27 14:13:49,997:INFO:98008991:6|98008992:6|98008993:6|98008994:6|98008995:6|98008996:6|98008997:6|98018990:6|98018991:6|98018992:6|98018993:6|98018994:6|98018995:6|98018996:6|98018997:6|98028990:6|98028991:6|98028992:6|98028993:6|98028994:6|98028996:6|98028997:6|98038990:6|98038991:6|98038992:6|98038993:6|98038994:6|98038995:6|98038996:6|98038997:6|98048990:6|98048991:6|98048992:6|98048993:6|98048994:6|98048995:6|98048996:6|98048997:6|98058990:6|98058991:6|98058992:6|98058993:6|98058994:6|98058995:6|98058996:6|98058997:6|98068990:6|98068991:6|98068992:6|98068993:6|98068994:6|98068995:6|98068996:6|98068997:6|98078990:6|98078992:6|98078993:6|98078994:6|98078995:6|98078996:6|98088992:6|98088993:6|98088994:6|98088995:6|98088997:6|98098993:6|98098994:6|98098995:6|98098996:6|98098997:6|98108990:6|98108992:6|98108993:6|98108994:6|98108995:6|98108996:6|98108997:6|98128993:6|98128994:6|98128995:6|98138992:6|98138993:6|98138994:6|98138995:6|98138997:6|98148991:6|98148993:6|98148996:6|98148997:6|98168991:6|98168993:6|98168994:6|98168995:6|98168996:6|98178991:6|98178992:6|98178994:6|98178995:6|98178997:6|98188994:6|98198993:6|98208994:6|98208995:6|98218992:6|98218994:6|98228991:6|98228992:6|98228995:6|98238991:6|98238993:6|98238994:6|98238995:6|98238996:6|98248992:6|98248993:6|98248994:6|98248995:6|98248997:6|98258991:6|98258994:6|98258997:6|98268993:6|98268994:6|98268995:6|98278992:6|98278994:6|98278995:6|98298991:6|98308992:6|98308997:6|98318991:6|98318992:6
2020-12-27 14:13:56,530:INFO:-1
2020-12-27 14:13:59,809:INFO:98057999:6|98812999:6
2020-12-27 14:14:15,954:INFO:98019995:6|98019997:6|98029993:6|98029994:6|98029995:6|98029996:6|98029997:6|98039991:6|98039992:6|98039993:6|98039994:6|98039995:6|98039997:6|98049991:6|98049992:6|98049993:6|98049995:6|98049996:6|98049997:6|98049998:6|98059991:6|98059992:6|98059993:6|98059994:6|98059995:6|98059996:6|98059997:6|98069991:6|98069992:6|98069993:6|98069994:6|98069995:6|98069998:6|98079990:6|98079991:6|98079992:6|98079993:6|98079994:6|98079995:6|98079996:6|98089993:6|98089994:6|98109993:6|98239990:6|98379993:6|98629997:6
2020-12-27 14:14:22,682:INFO:-1
2020-12-27 14:14:25,718:INFO:97089000:6
2020-12-27 14:14:28,611:INFO:-1
2020-12-27 14:14:31,688:INFO:-1
2020-12-27 14:14:34,560:INFO:-1
2020-12-27 14:14:37,909:INFO:-1
2020-12-27 14:14:42,615:INFO:-1
2020-12-27 14:14:45,658:INFO:-1
2020-12-27 14:15:54,522:INFO:-1
2020-12-27 14:15:57,296:INFO:-1
2020-12-27 14:16:00,534:INFO:97032000:6|97052000:6|97062000:6|97082000:6
2020-12-27 14:16:03,623:INFO:-1
2020-12-27 14:42:36,709:INFO:------------------------------------------------------------------------------------------------
2020-12-27 14:49:40,148:INFO:------------------------------------------------------------------------------------------------
2020-12-27 14:53:06,404:INFO:------------------------------------------------------------------------------------------------
2020-12-27 15:04:28,567:INFO:------------------------------------------------------------------------------------------------
2020-12-27 15:06:52,322:INFO:------------------------------------------------------------------------------------------------
2020-12-27 15:07:21,789:INFO:------------------------------------------------------------------------------------------------
2020-12-27 15:24:36,196:INFO:------------------------------------------------------------------------------------------------
2020-12-27 15:42:36,725:INFO:------------------------------------------------------------------------------------------------
2020-12-27 15:49:40,522:INFO:------------------------------------------------------------------------------------------------
2020-12-27 15:53:06,555:INFO:------------------------------------------------------------------------------------------------
2020-12-27 16:04:28,700:INFO:------------------------------------------------------------------------------------------------
2020-12-27 16:06:52,442:INFO:------------------------------------------------------------------------------------------------
2020-12-27 16:07:22,154:INFO:------------------------------------------------------------------------------------------------
2020-12-27 16:20:24,364:INFO:------------------------------------------------------------------------------------------------
2020-12-27 16:20:26,448:INFO:ДУГААРАА СОНГОЖ БУЙ ХЭСЭГ
2020-12-27 16:20:26,448:INFO:2
2020-12-27 16:20:26,719:WARNING:Not Found: /favicon.ico
2020-12-27 16:20:43,845:INFO:98180294:6|98180334:6|98180349:6|98180354:6|98180374:6|98180416:6|98180437:6|98180439:6|98180466:6|98180474:6|98180475:6|98180548:6|98180630:6|98180631:6|98180637:6|98180641:6|98180649:6|98180657:6|98180663:6|98180678:6|98180695:6|98180732:6|98180736:6|98180737:6|98180739:6|98180743:6|98180745:6|98180753:6|98180754:6|98180760:6|98180764:6|98180790:6|98180793:6|98180836:6|98180867:6|98180885:6|98180923:6|98180933:6|98180934:6|98180937:6|98180952:6|98180961:6|98180964:6|98180965:6|98180967:6|98180983:6|98181049:6|98181058:6|98181065:6|98181067:6|98181076:6|98181077:6|98181091:6|98181137:6|98181154:6|98181176:6|98181184:6|98181245:6|98181249:6|98181251:6|98181256:6|98181258:6|98181260:6|98181261:6|98181264:6|98181267:6|98181283:6|98181291:6|98181296:6|98181297:6|98181302:6|98181310:6|98181320:6|98181321:6|98181325:6|98181327:6|98181341:6|98181342:6|98181346:6|98181347:6|98181352:6|98181356:6|98181357:6|98181361:6|98181364:6|98181365:6|98181367:6|98181368:6|98181369:6|98181374:6|98181379:6|98181382:6|98181384:6|98181386:6|98181394:6|98181403:6|98181404:6|98181406:6|98181410:6|98181417:6|98181422:6|98181426:6|98181427:6|98181430:6|98181436:6|98181446:6|98181453:6|98181463:6|98181467:6|98181472:6|98181475:6|98181476:6|98181487:6|98181496:6|98181519:6|98181521:6|98181524:6|98181541:6|98181547:6|98181561:6|98181567:6|98181571:6|98181575:6|98181576:6|98181583:6|98181584:6|98181592:6|98181593:6|98181596:6|98181598:6|98181606:6|98181612:6
2020-12-27 16:24:36,343:INFO:------------------------------------------------------------------------------------------------
2020-12-27 16:42:36,738:INFO:------------------------------------------------------------------------------------------------
2020-12-27 16:45:30,881:INFO:98020726:6|98030726:6|98040726:6|98050726:6|98060726:6|98090726:6|98100726:6|98420726:6|98430726:6|98460726:6|98470726:6|98620726:6|98640726:6|98650726:6
2020-12-27 16:45:35,440:INFO:98020726:6|98030726:6|98040726:6|98050726:6|98060726:6|98090726:6|98100726:6|98420726:6|98430726:6|98460726:6|98470726:6|98620726:6|98640726:6|98650726:6
2020-12-27 16:45:52,525:INFO:93000726:6|93010726:6|93020726:6|93030726:6|93040726:6|93060726:6|93070726:6|93080726:6|93090726:6|93100726:6|93110726:6|93160726:6|93180726:6|93190726:6|93210726:6|93220726:6|93240726:6|93250726:6|93260726:6|93270726:6|93280726:6|93290726:6|93310726:6|93320726:6|93350726:6|93360726:6|93400726:6|93410726:6|93420726:6|93430726:6|93440726:6|93460726:6|93470726:6
2020-12-27 16:49:40,888:INFO:------------------------------------------------------------------------------------------------
2020-12-27 16:53:06,702:INFO:------------------------------------------------------------------------------------------------
2020-12-27 17:01:32,330:INFO:98060208:6
2020-12-27 17:01:35,010:INFO:97030208:6|97040208:6|97050208:6|97060208:6|97090208:6|97100208:6
2020-12-27 17:01:37,803:INFO:93000208:6|93040208:6|93050208:6|93060208:6|93100208:6|93370208:6|93400208:6
2020-12-27 17:04:28,816:INFO:------------------------------------------------------------------------------------------------
2020-12-27 17:06:52,585:INFO:------------------------------------------------------------------------------------------------
2020-12-27 17:07:22,360:INFO:------------------------------------------------------------------------------------------------
2020-12-27 17:07:23,959:INFO:ДУГААРАА СОНГОЖ БУЙ ХЭСЭГ
2020-12-27 17:07:23,959:INFO:2
2020-12-27 17:07:24,205:WARNING:Not Found: /favicon.ico
2020-12-27 17:07:34,730:INFO:-1
2020-12-27 17:07:42,356:INFO:98121830:6|98122630:6|98122830:6|98123230:6|98124230:6|98124330:6|98124630:6|98124730:6|98124830:6|98124930:6|98125330:6|98125430:6|98125630:6|98125730:6|98125830:6|98125930:6|98126130:6|98126330:6|98126430:6|98126530:6|98126630:6|98127030:6|98127230:6|98127330:6|98127430:6|98127530:6|98127630:6|98127730:6|98127830:6|98128630:6|98128930:6|98129130:6|98129230:6|98129330:6|98129430:6|98129530:6|98129630:6|98129930:6
2020-12-27 17:07:48,644:INFO:98121830:6|98122630:6|98122830:6|98123230:6|98124230:6|98124330:6|98124630:6|98124730:6|98124830:6|98124930:6|98125330:6|98125430:6|98125630:6|98125730:6|98125830:6|98125930:6|98126130:6|98126330:6|98126430:6|98126530:6|98126630:6|98127030:6|98127230:6|98127330:6|98127430:6|98127530:6|98127630:6|98127730:6|98127830:6|98128630:6|98128930:6|98129130:6|98129230:6|98129330:6|98129430:6|98129530:6|98129630:6|98129930:6
2020-12-27 17:07:57,477:INFO:ДУГААРАА СОНГОЖ БУЙ ХЭСЭГ
2020-12-27 17:07:57,477:INFO:2
2020-12-27 17:08:03,759:INFO:98980345:6|98980356:6|98981660:6|98982429:6|98983512:6|98983794:6|98984611:6|98985927:6|98985962:6|98986156:6|98986193:6|98986395:6|98986451:6|98986534:6|98986541:6|98986649:6|98986724:6|98986732:6|98986741:6|98986742:6|98986792:6|98986924:6|98987245:6|98987392:6|98987517:6|98987554:6|98987641:6|98987650:6|98987684:6|98987885:6|98987931:6|98988031:6|98988461:6|98988527:6|98988748:6|98989175:6|98989254:6
2020-12-27 17:14:43,433:WARNING:Not Found: /
2020-12-27 17:24:36,476:INFO:------------------------------------------------------------------------------------------------
2020-12-27 17:53:06,852:INFO:------------------------------------------------------------------------------------------------
2020-12-27 18:03:00,065:INFO:------------------------------------------------------------------------------------------------
2020-12-27 18:04:28,902:INFO:------------------------------------------------------------------------------------------------
2020-12-27 18:24:36,613:INFO:------------------------------------------------------------------------------------------------
2020-12-27 18:53:07,001:INFO:------------------------------------------------------------------------------------------------
2020-12-27 19:03:00,196:INFO:------------------------------------------------------------------------------------------------
2020-12-27 19:04:28,995:INFO:------------------------------------------------------------------------------------------------
2020-12-27 21:01:16,032:WARNING:Not Found: /
2020-12-28 01:39:02,786:INFO:------------------------------------------------------------------------------------------------
