2019-10-31 09:06:43,216:INFO:----------------------------------------------------------------------------------------------------
2019-10-31 09:06:45,312:INFO:ДУГААРАА СОНГОЖ БУЙ ХЭСЭГ
2019-10-31 09:06:45,312:INFO:2
2019-10-31 09:06:48,944:INFO:ДУГААРЫН ҮНЭ
2019-10-31 09:06:49,085:INFO:5000
2019-10-31 09:06:49,726:INFO:ДУГААРАА СОНГОЖ БУЙ ХЭСЭГ
2019-10-31 09:06:49,726:INFO:2
2019-10-31 09:06:59,177:INFO:-1
2019-10-31 09:07:05,259:INFO:-1
2019-10-31 09:07:13,045:INFO:98971155:7|98971166:7|98972200:7|98973311:7|98973366:7|98973388:7|98974411:7|98974422:7|98974466:7|98974499:7|98975533:7|98976600:7|98976622:7
2019-10-31 09:07:29,918:INFO:98960022:7|98961100:7|98961177:7|98963300:7|98963377:7|98964411:7|98964422:7|98964455:7|98964477:7|98965577:7|98966600:7|98968855:7
2019-10-31 09:08:08,559:INFO:98951133:7|98953322:7|98956600:7|98956644:7|98956655:7|98957700:7|98957733:7|98957755:7|98957766:7|98959922:7|98959944:7|98959977:7
2019-10-31 09:09:41,323:INFO:98960022:7|98961100:7|98961177:7|98963300:7|98963377:7|98964411:7|98964422:7|98964455:7|98964477:7|98965577:7|98966600:7|98968855:7
2019-10-31 09:11:00,325:INFO:98971155:7|98971166:7|98972200:7|98973311:7|98973366:7|98973388:7|98974411:7|98974422:7|98974466:7|98974499:7|98975533:7|98976600:7|98976622:7
2019-10-31 09:12:05,503:INFO:98951133:7|98953322:7|98956600:7|98956644:7|98956655:7|98957700:7|98957733:7|98957755:7|98957766:7|98959922:7|98959944:7|98959977:7
2019-10-31 09:14:56,854:INFO:97001133:7|97002233:7|97003311:7|97003322:7|97003366:7|97003377:7|97004411:7|97004433:7|97005522:7|97005533:7|97005544:7|97006611:7|97006622:7|97006633:7|97006644:7|97006655:7|97007722:7|97007733:7|97007755:7|97007766:7|97008822:7|97008833:7|97008844:7|97008855:7|97008866:7|97008877:7|97009922:7|97009944:7|97009966:7|97010022:7|97010044:7|97010055:7|97010066:7|97011166:7|97012200:7|97012211:7|97012233:7|97012244:7|97012255:7|97012266:7|97012277:7|97012288:7|97012299:7|97013300:7|97013311:7|97013322:7|97013344:7|97013377:7|97013388:7|97013399:7|97014400:7|97014411:7|97014422:7|97014433:7|97014455:7|97014466:7|97014477:7|97014488:7|97014499:7|97015500:7|97015533:7|97015544:7|97015566:7|97015577:7|97015588:7|97016600:7|97016611:7|97016622:7|97016633:7|97016644:7|97016655:7|97016677:7|97017722:7|97017733:7|97017744:7|97017755:7|97017766:7|97017788:7|97018800:7|97018811:7|97018822:7|97018833:7|97018844:7|97018855:7|97018866:7|97018877:7|97019900:7|97019922:7|97019933:7|97019944:7|97019955:7|97019966:7|97019977:7|97019988:7|97020011:7|97020033:7|97020044:7|97020055:7|97020066:7|97020077:7|97020088:7|97020099:7|97020297:7|97021100:7|97021122:7|97021133:7|97021144:7|97021155:7|97021166:7|97021177:7|97021188:7|97021199:7|97022200:7|97022211:7|97022233:7|97022244:7|97022255:7|97022266:7|97022277:7|97022288:7|97023300:7|97023311:7|97023322:7|97023355:7|97023366:7|97023377:7|97023388:7|97023399:7|97024400:7|97024411:7|97024422:7|97024433:7
2019-10-31 09:14:56,858:INFO:97001133:7|97002233:7|97003311:7|97003322:7|97003366:7|97003377:7|97004411:7|97004433:7|97005522:7|97005533:7|97005544:7|97006611:7|97006622:7|97006633:7|97006644:7|97006655:7|97007722:7|97007733:7|97007755:7|97007766:7|97008822:7|97008833:7|97008844:7|97008855:7|97008866:7|97008877:7|97009922:7|97009944:7|97009966:7|97010022:7|97010044:7|97010055:7|97010066:7|97011166:7|97012200:7|97012211:7|97012233:7|97012244:7|97012255:7|97012266:7|97012277:7|97012288:7|97012299:7|97013300:7|97013311:7|97013322:7|97013344:7|97013377:7|97013388:7|97013399:7|97014400:7|97014411:7|97014422:7|97014433:7|97014455:7|97014466:7|97014477:7|97014488:7|97014499:7|97015500:7|97015533:7|97015544:7|97015566:7|97015577:7|97015588:7|97016600:7|97016611:7|97016622:7|97016633:7|97016644:7|97016655:7|97016677:7|97017722:7|97017733:7|97017744:7|97017755:7|97017766:7|97017788:7|97018800:7|97018811:7|97018822:7|97018833:7|97018844:7|97018855:7|97018866:7|97018877:7|97019900:7|97019922:7|97019933:7|97019944:7|97019955:7|97019966:7|97019977:7|97019988:7|97020011:7|97020033:7|97020044:7|97020055:7|97020066:7|97020077:7|97020088:7|97020099:7|97020297:7|97021100:7|97021122:7|97021133:7|97021144:7|97021155:7|97021166:7|97021177:7|97021188:7|97021199:7|97022200:7|97022211:7|97022233:7|97022244:7|97022255:7|97022266:7|97022277:7|97022288:7|97023300:7|97023311:7|97023322:7|97023355:7|97023366:7|97023377:7|97023388:7|97023399:7|97024400:7|97024411:7|97024422:7|97024433:7
2019-10-31 09:15:06,951:INFO:93001155:7|93002211:7|93002244:7|93002266:7|93002277:7|93003322:7|93003366:7|93003377:7|93004422:7|93004433:7|93004455:7|93004466:7|93004477:7|93005511:7|93005533:7|93005544:7|93005566:7|93005588:7|93006611:7|93006622:7|93006633:7|93006644:7|93006655:7|93006677:7|93006688:7|93007733:7|93007766:7|93008811:7|93008822:7|93008833:7|93008844:7|93008855:7|93008866:7|93008877:7|93009944:7|93009955:7|93009977:7|93010055:7|93010066:7|93011155:7|93012233:7|93012244:7|93012255:7|93012266:7|93012277:7|93012288:7|93012299:7|93013311:7|93013322:7|93013355:7|93013377:7|93014400:7|93014411:7|93014422:7|93014433:7|93014455:7|93014466:7|93014477:7|93014488:7|93014499:7|93015500:7|93015511:7|93015533:7|93015544:7|93015566:7|93015588:7|93016600:7|93016611:7|93016622:7|93016633:7|93016644:7|93016655:7|93016677:7|93016688:7|93017700:7|93017711:7|93017722:7|93017733:7|93017744:7|93017799:7|93018800:7|93018822:7|93018844:7|93018855:7|93018866:7|93018877:7|93019922:7|93019944:7|93022255:7|93022266:7|93024488:7|93026611:7|93028855:7|93029955:7|93030044:7|93030066:7|93031100:7|93031122:7|93031144:7|93031188:7|93032200:7|93032211:7|93032255:7|93032277:7|93032288:7|93032299:7|93034411:7|93034433:7|93034455:7|93034466:7|93034488:7|93035500:7|93035522:7|93035533:7|93035544:7|93035566:7|93035577:7|93035588:7|93036600:7|93036611:7|93036622:7|93036633:7|93036644:7|93037700:7|93037711:7|93037722:7|93037755:7|93037766:7|93038800:7|93038811:7|93038822:7|93038844:7
2019-10-31 09:15:36,387:INFO:-1
2019-10-31 09:16:34,440:INFO:-1
2019-10-31 09:16:49,013:INFO:----------------------------------------------------------------------------------------------------
2019-10-31 09:16:50,036:INFO:ДУГААРАА СОНГОЖ БУЙ ХЭСЭГ
2019-10-31 09:16:50,036:INFO:7
2019-10-31 09:16:50,132:WARNING:Not Found: /favicon.ico
2019-10-31 09:16:57,553:INFO:93000026:6|93000042:6|93000046:6|93000051:6|93000052:6|93000056:6|93000065:6|93000067:6|93000074:6|93000076:6|93000082:6|93000104:6|93000105:6|93000107:6|93000113:6|93000114:6|93000116:6|93000117:6|93000118:6|93000120:6|93000121:6|93000122:6|93000124:6|93000125:6|93000126:6|93000127:6|93000128:6|93000129:6|93000130:6|93000131:6|93000132:6|93000133:6|93000134:6|93000135:6|93000136:6|93000137:6|93000138:6|93000139:6|93000140:6|93000141:6|93000142:6|93000143:6|93000144:6|93000145:6|93000146:6|93000149:6|93000150:6|93000151:6|93000152:6|93000153:6|93000154:6|93000156:6|93000157:6|93000158:6|93000159:6|93000160:6|93000161:6|93000162:6|93000163:6|93000164:6|93000165:6|93000166:6|93000167:6|93000168:6|93000169:6|93000170:6|93000171:6|93000172:6|93000173:6|93000174:6|93000175:6|93000176:6|93000177:6|93000178:6|93000179:6|93000180:6|93000181:6|93000182:6|93000183:6|93000184:6|93000185:6|93000186:6|93000187:6|93000196:6|93000197:6|93000204:6|93000205:6|93000206:6|93000207:6|93000208:6|93000209:6|93000210:6|93000211:6|93000212:6|93000213:6|93000214:6|93000215:6|93000216:6|93000217:6|93000218:6|93000219:6|93000221:6|93000223:6|93000224:6|93000226:6|93000227:6|93000228:6|93000229:6|93000230:6|93000231:6|93000232:6|93000233:6|93000234:6|93000235:6|93000236:6|93000237:6|93000238:6|93000239:6|93000240:6|93000241:6|93000242:6|93000243:6|93000244:6|93000245:6|93000246:6|93000247:6|93000248:6|93000249:6|93000250:6|93000251:6|93000252:6|93000253:6
2019-10-31 09:17:02,463:INFO:ДУГААРЫН ҮНЭ
2019-10-31 09:17:02,473:INFO:None
2019-10-31 09:17:03,372:INFO:ДУГААРАА СОНГОЖ БУЙ ХЭСЭГ
2019-10-31 09:17:03,372:INFO:7
2019-10-31 09:17:03,457:WARNING:Not Found: /favicon.ico
2019-10-31 09:17:06,180:INFO:97001133:7|97002233:7|97003311:7|97003322:7|97003366:7|97003377:7|97004411:7|97004433:7|97005522:7|97005533:7|97005544:7|97006611:7|97006622:7|97006633:7|97006644:7|97006655:7|97007722:7|97007733:7|97007755:7|97007766:7|97008822:7|97008833:7|97008844:7|97008855:7|97008866:7|97008877:7|97009922:7|97009944:7|97009966:7|97010022:7|97010044:7|97010055:7|97010066:7|97011166:7|97012200:7|97012211:7|97012233:7|97012244:7|97012255:7|97012266:7|97012277:7|97012288:7|97012299:7|97013300:7|97013311:7|97013322:7|97013344:7|97013377:7|97013388:7|97013399:7|97014400:7|97014411:7|97014422:7|97014433:7|97014455:7|97014466:7|97014477:7|97014488:7|97014499:7|97015500:7|97015533:7|97015544:7|97015566:7|97015577:7|97015588:7|97016600:7|97016611:7|97016622:7|97016633:7|97016644:7|97016655:7|97016677:7|97017722:7|97017733:7|97017744:7|97017755:7|97017766:7|97017788:7|97018800:7|97018811:7|97018822:7|97018833:7|97018844:7|97018855:7|97018866:7|97018877:7|97019900:7|97019922:7|97019933:7|97019944:7|97019955:7|97019966:7|97019977:7|97019988:7|97020011:7|97020033:7|97020044:7|97020055:7|97020066:7|97020077:7|97020088:7|97020099:7|97020297:7|97021100:7|97021122:7|97021133:7|97021144:7|97021155:7|97021166:7|97021177:7|97021188:7|97021199:7|97022200:7|97022211:7|97022233:7|97022244:7|97022255:7|97022266:7|97022277:7|97022288:7|97023300:7|97023311:7|97023322:7|97023355:7|97023366:7|97023377:7|97023388:7|97023399:7|97024400:7|97024411:7|97024422:7|97024433:7
2019-10-31 09:17:12,335:INFO:93001155:7|93002211:7|93002244:7|93002266:7|93002277:7|93003322:7|93003366:7|93003377:7|93004422:7|93004433:7|93004455:7|93004466:7|93004477:7|93005511:7|93005533:7|93005544:7|93005566:7|93005588:7|93006611:7|93006622:7|93006633:7|93006644:7|93006655:7|93006677:7|93006688:7|93007733:7|93007766:7|93008811:7|93008822:7|93008833:7|93008844:7|93008855:7|93008866:7|93008877:7|93009944:7|93009955:7|93009977:7|93010055:7|93010066:7|93011155:7|93012233:7|93012244:7|93012255:7|93012266:7|93012277:7|93012288:7|93012299:7|93013311:7|93013322:7|93013355:7|93013377:7|93014400:7|93014411:7|93014422:7|93014433:7|93014455:7|93014466:7|93014477:7|93014488:7|93014499:7|93015500:7|93015511:7|93015533:7|93015544:7|93015566:7|93015588:7|93016600:7|93016611:7|93016622:7|93016633:7|93016644:7|93016655:7|93016677:7|93016688:7|93017700:7|93017711:7|93017722:7|93017733:7|93017744:7|93017799:7|93018800:7|93018822:7|93018844:7|93018855:7|93018866:7|93018877:7|93019922:7|93019944:7|93022255:7|93022266:7|93024488:7|93026611:7|93028855:7|93029955:7|93030044:7|93030066:7|93031100:7|93031122:7|93031144:7|93031188:7|93032200:7|93032211:7|93032255:7|93032277:7|93032288:7|93032299:7|93034411:7|93034433:7|93034455:7|93034466:7|93034488:7|93035500:7|93035522:7|93035533:7|93035544:7|93035566:7|93035577:7|93035588:7|93036600:7|93036611:7|93036622:7|93036633:7|93036644:7|93037700:7|93037711:7|93037722:7|93037755:7|93037766:7|93038800:7|93038811:7|93038822:7|93038844:7
2019-10-31 09:18:11,201:INFO:93100033:7|93100055:7|93101133:7|93101144:7|93101155:7|93101166:7|93101177:7|93101188:7|93102200:7|93102211:7|93102233:7|93102244:7|93102255:7|93102266:7|93102277:7|93102288:7|93102299:7|93103300:7|93103311:7|93103322:7|93103344:7|93103355:7|93104400:7|93104411:7|93104422:7|93104433:7|93104466:7|93104477:7|93104488:7|93104499:7|93105500:7|93105511:7|93105522:7|93105533:7|93105544:7|93105566:7|93105577:7|93105599:7|93106600:7|93106611:7|93106622:7|93106633:7|93106644:7|93106655:7|93106677:7|93106699:7|93107700:7|93107711:7|93107722:7|93107733:7|93107744:7|93107755:7|93107766:7|93107788:7|93107799:7|93108800:7|93108811:7|93108822:7|93108833:7|93108844:7|93108855:7|93108866:7|93108877:7|93109900:7|93109911:7|93109922:7|93109933:7|93109944:7|93109955:7|93109966:7|93109977:7|93117744:7|93120077:7|93121100:7|93122200:7|93122255:7|93122266:7|93123322:7|93123344:7|93124422:7|93124433:7|93124455:7|93124466:7|93124488:7|93124499:7|93125511:7|93125522:7|93125533:7|93125544:7|93126600:7|93126611:7|93126622:7|93126688:7|93127700:7|93127711:7|93127722:7|93127733:7|93127744:7|93127755:7|93127766:7|93127799:7|93128811:7|93128822:7|93128833:7|93128855:7|93128866:7|93129900:7|93129911:7|93129922:7|93129933:7|93129944:7|93129955:7|93129966:7|93129977:7|93132200:7|93134400:7|93134411:7|93134422:7|93134477:7|93135544:7|93135588:7|93136611:7|93137700:7|93137744:7|93137766:7|93138844:7|93138855:7|93138877:7|93139955:7|93140022:7|93140033:7|93140044:7
2019-10-31 09:19:36,309:INFO:93117744:7
2019-10-31 09:20:52,686:INFO:93001155:7|93002211:7|93002244:7|93002266:7|93002277:7|93003322:7|93003366:7|93003377:7|93004422:7|93004433:7|93004455:7|93004466:7|93004477:7|93005511:7|93005533:7|93005544:7|93005566:7|93005588:7|93006611:7|93006622:7|93006633:7|93006644:7|93006655:7|93006677:7|93006688:7|93007733:7|93007766:7|93008811:7|93008822:7|93008833:7|93008844:7|93008855:7|93008866:7|93008877:7|93009944:7|93009955:7|93009977:7
2019-10-31 09:27:03,471:INFO:----------------------------------------------------------------------------------------------------
2019-10-31 09:37:04,394:INFO:----------------------------------------------------------------------------------------------------
2019-10-31 09:47:05,184:INFO:----------------------------------------------------------------------------------------------------
2019-10-31 09:57:07,832:INFO:----------------------------------------------------------------------------------------------------
2019-10-31 10:07:08,914:INFO:----------------------------------------------------------------------------------------------------
2019-10-31 10:17:09,770:INFO:----------------------------------------------------------------------------------------------------
2019-10-31 10:27:10,621:INFO:----------------------------------------------------------------------------------------------------
2019-10-31 10:37:11,443:INFO:----------------------------------------------------------------------------------------------------
2019-10-31 10:47:12,276:INFO:----------------------------------------------------------------------------------------------------
2019-10-31 10:57:13,121:INFO:----------------------------------------------------------------------------------------------------
2019-10-31 11:07:13,914:INFO:----------------------------------------------------------------------------------------------------
2019-10-31 11:17:14,821:INFO:----------------------------------------------------------------------------------------------------
2019-10-31 11:27:15,660:INFO:----------------------------------------------------------------------------------------------------
2019-10-31 11:37:16,486:INFO:----------------------------------------------------------------------------------------------------
2019-10-31 11:47:17,484:INFO:----------------------------------------------------------------------------------------------------
2019-10-31 11:57:19,453:INFO:----------------------------------------------------------------------------------------------------
2019-10-31 12:07:20,374:INFO:----------------------------------------------------------------------------------------------------
2019-10-31 12:17:21,224:INFO:----------------------------------------------------------------------------------------------------
2019-10-31 12:27:22,173:INFO:----------------------------------------------------------------------------------------------------
2019-10-31 12:37:23,710:INFO:----------------------------------------------------------------------------------------------------
2019-10-31 12:47:24,769:INFO:----------------------------------------------------------------------------------------------------
2019-10-31 12:57:25,561:INFO:----------------------------------------------------------------------------------------------------
2019-10-31 13:07:26,434:INFO:----------------------------------------------------------------------------------------------------
2019-10-31 13:17:28,354:INFO:----------------------------------------------------------------------------------------------------
2019-10-31 13:27:29,555:INFO:----------------------------------------------------------------------------------------------------
2019-10-31 13:37:30,405:INFO:----------------------------------------------------------------------------------------------------
2019-10-31 13:47:31,213:INFO:----------------------------------------------------------------------------------------------------
2019-10-31 13:57:32,634:INFO:----------------------------------------------------------------------------------------------------
2019-10-31 14:07:34,532:INFO:----------------------------------------------------------------------------------------------------
2019-10-31 14:17:35,381:INFO:----------------------------------------------------------------------------------------------------
2019-10-31 14:28:17,974:INFO:----------------------------------------------------------------------------------------------------
2019-10-31 14:38:20,219:INFO:----------------------------------------------------------------------------------------------------
2019-10-31 14:48:21,032:INFO:----------------------------------------------------------------------------------------------------
2019-10-31 14:58:21,851:INFO:----------------------------------------------------------------------------------------------------
2019-10-31 15:08:22,686:INFO:----------------------------------------------------------------------------------------------------
