2020-01-23 09:58:24,582:INFO:----------------------------------------------------------------------------------------------------
2020-01-23 11:11:36,125:INFO:ДУГААРАА СОНГОЖ БУЙ ХЭСЭГ
2020-01-23 11:11:36,125:INFO:2
2020-01-23 11:11:36,133:INFO:114
2020-01-23 11:11:36,133:INFO:['8312', '8313', '8314', '8315', '8316', '8317', '8318', '8319', '9312', '9313', '9314', '9315', '9316', '9317', '9318', '9319', '9320', '9321', '9322', '9323', '9324', '9325', '9326', '9327', '9328', '9329', '9330', '9331', '9332', '9333', '9334', '9335', '9336', '9337', '9338', '9339', '9340', '9341', '9342', '9343', '9344', '9345', '9346', '9347', '9712', '9713', '9714', '9715', '9716', '9717', '9718', '9719', '9812', '9813', '9814', '9815', '9816', '9817', '9818', '9819', '9820', '9821', '9822', '9823', '9824', '9825', '9826', '9827', '9828', '9829', '9830', '9831', '9832', '9833', '9837', '9838', '9842', '9843', '9845', '9846', '9847', '9848', '9851', '9856', '9859', '9860', '9861', '9862', '9863', '9864', '9865', '9866', '9867', '9870', '9880', '9881', '9882', '9883', '9884', '9885', '9886', '9887', '9888', '9889', '9890', '9891', '9892', '9893', '9894', '9895', '9896', '9897', '9898', '9899']
2020-01-23 11:11:36,230:WARNING:Not Found: /favicon.ico
2020-01-23 11:11:42,219:INFO:83190002:6|83190012:6|83190014:6|83190030:6|83190056:6|83190058:6|83190062:6|83190064:6|83190070:6|83190076:6|83190082:6|83190122:6|83190124:6|83190126:6|83190128:6|83190129:6|83190131:6|83190132:6|83190135:6|83190139:6|83190146:6|83190150:6|83190153:6|83190156:6|83190159:6|83190160:6|83190162:6|83190163:6|83190164:6|83190165:6|83190166:6|83190167:6|83190168:6|83190172:6|83190173:6|83190174:6|83190175:6|83190176:6|83190177:6|83190178:6|83190180:6|83190182:6|83190183:6|83190184:6|83190185:6|83190186:6|83190187:6|83190189:6|83190192:6|83190193:6|83190194:6|83190195:6|83190196:6|83190197:6|83190198:6|83190208:6|83190211:6|83190213:6|83190218:6|83190224:6|83190226:6|83190227:6|83190229:6|83190230:6|83190231:6|83190232:6|83190233:6|83190234:6|83190235:6|83190236:6|83190238:6|83190239:6|83190240:6|83190241:6|83190242:6|83190244:6|83190245:6|83190248:6|83190249:6|83190250:6|83190251:6|83190252:6|83190253:6|83190254:6|83190256:6|83190258:6|83190259:6|83190260:6|83190261:6|83190262:6|83190263:6|83190266:6|83190267:6|83190268:6|83190270:6|83190271:6|83190273:6|83190274:6|83190275:6|83190276:6|83190280:6|83190281:6|83190282:6|83190284:6|83190286:6|83190287:6|83190288:6|83190289:6|83190291:6|83190293:6|83190294:6|83190295:6|83190296:6|83190297:6|83190298:6|83190302:6|83190306:6|83190307:6|83190310:6|83190312:6|83190314:6|83190315:6|83190321:6|83190326:6|83190327:6|83190328:6|83190331:6|83190332:6|83190334:6|83190335:6|83190336:6|83190338:6
2020-01-23 11:24:42,894:INFO:----------------------------------------------------------------------------------------------------
2020-01-23 11:24:44,633:INFO:ДУГААРАА СОНГОЖ БУЙ ХЭСЭГ
2020-01-23 11:24:44,633:INFO:2
2020-01-23 11:24:44,641:INFO:114
2020-01-23 11:24:44,641:INFO:['8312', '8313', '8314', '8315', '8316', '8317', '8318', '8319', '9312', '9313', '9314', '9315', '9316', '9317', '9318', '9319', '9320', '9321', '9322', '9323', '9324', '9325', '9326', '9327', '9328', '9329', '9330', '9331', '9332', '9333', '9334', '9335', '9336', '9337', '9338', '9339', '9340', '9341', '9342', '9343', '9344', '9345', '9346', '9347', '9712', '9713', '9714', '9715', '9716', '9717', '9718', '9719', '9812', '9813', '9814', '9815', '9816', '9817', '9818', '9819', '9820', '9821', '9822', '9823', '9824', '9825', '9826', '9827', '9828', '9829', '9830', '9831', '9832', '9833', '9837', '9838', '9842', '9843', '9845', '9846', '9847', '9848', '9851', '9856', '9859', '9860', '9861', '9862', '9863', '9864', '9865', '9866', '9867', '9870', '9880', '9881', '9882', '9883', '9884', '9885', '9886', '9887', '9888', '9889', '9890', '9891', '9892', '9893', '9894', '9895', '9896', '9897', '9898', '9899']
2020-01-23 11:24:59,430:INFO:98100216:6
2020-01-23 11:25:40,745:INFO:97100216:6|97110216:6|97140216:6|97150216:6|97160216:6|97180216:6|97190216:6
2020-01-23 11:26:07,416:INFO:РЕГИСТЕРИЙН ДУГААР
2020-01-23 11:26:14,305:INFO:ДУГААРЫН ZAHIALGA
2020-01-23 11:26:14,317:INFO:Success
2020-01-23 11:26:49,862:INFO:----------------------------------------------------------------------------------------------------
2020-01-23 11:46:37,549:INFO:----------------------------------------------------------------------------------------------------
2020-01-23 11:46:40,119:INFO:ДУГААРАА СОНГОЖ БУЙ ХЭСЭГ
2020-01-23 11:46:40,120:INFO:2
2020-01-23 11:46:40,127:INFO:114
2020-01-23 11:46:40,127:INFO:['8312', '8313', '8314', '8315', '8316', '8317', '8318', '8319', '9312', '9313', '9314', '9315', '9316', '9317', '9318', '9319', '9320', '9321', '9322', '9323', '9324', '9325', '9326', '9327', '9328', '9329', '9330', '9331', '9332', '9333', '9334', '9335', '9336', '9337', '9338', '9339', '9340', '9341', '9342', '9343', '9344', '9345', '9346', '9347', '9712', '9713', '9714', '9715', '9716', '9717', '9718', '9719', '9812', '9813', '9814', '9815', '9816', '9817', '9818', '9819', '9820', '9821', '9822', '9823', '9824', '9825', '9826', '9827', '9828', '9829', '9830', '9831', '9832', '9833', '9837', '9838', '9842', '9843', '9845', '9846', '9847', '9848', '9851', '9856', '9859', '9860', '9861', '9862', '9863', '9864', '9865', '9866', '9867', '9870', '9880', '9881', '9882', '9883', '9884', '9885', '9886', '9887', '9888', '9889', '9890', '9891', '9892', '9893', '9894', '9895', '9896', '9897', '9898', '9899']
2020-01-23 11:50:09,642:INFO:98107555:6
2020-01-23 11:50:19,272:INFO:97107555:6|97137555:6|97157555:6
2020-01-23 11:51:28,199:INFO:РЕГИСТЕРИЙН ДУГААР
2020-01-23 11:51:33,818:INFO:ДУГААРЫН ZAHIALGA
2020-01-23 11:51:33,827:INFO:Success
2020-01-23 11:51:35,451:INFO:----------------------------------------------------------------------------------------------------
2020-01-23 11:54:42,225:INFO:ДУГААРАА СОНГОЖ БУЙ ХЭСЭГ
2020-01-23 11:54:42,225:INFO:2
2020-01-23 11:54:42,232:INFO:114
2020-01-23 11:54:42,232:INFO:['8312', '8313', '8314', '8315', '8316', '8317', '8318', '8319', '9312', '9313', '9314', '9315', '9316', '9317', '9318', '9319', '9320', '9321', '9322', '9323', '9324', '9325', '9326', '9327', '9328', '9329', '9330', '9331', '9332', '9333', '9334', '9335', '9336', '9337', '9338', '9339', '9340', '9341', '9342', '9343', '9344', '9345', '9346', '9347', '9712', '9713', '9714', '9715', '9716', '9717', '9718', '9719', '9812', '9813', '9814', '9815', '9816', '9817', '9818', '9819', '9820', '9821', '9822', '9823', '9824', '9825', '9826', '9827', '9828', '9829', '9830', '9831', '9832', '9833', '9837', '9838', '9842', '9843', '9845', '9846', '9847', '9848', '9851', '9856', '9859', '9860', '9861', '9862', '9863', '9864', '9865', '9866', '9867', '9870', '9880', '9881', '9882', '9883', '9884', '9885', '9886', '9887', '9888', '9889', '9890', '9891', '9892', '9893', '9894', '9895', '9896', '9897', '9898', '9899']
2020-01-23 11:56:56,921:INFO:98101969:6|98131969:6|98141969:6|98151969:6|98171969:6
2020-01-23 11:57:24,518:INFO:РЕГИСТЕРИЙН ДУГААР
2020-01-23 11:57:29,718:INFO:ДУГААРЫН ZAHIALGA
2020-01-23 11:57:29,730:INFO:Success
2020-01-23 11:57:31,708:INFO:----------------------------------------------------------------------------------------------------
2020-01-23 12:01:59,495:INFO:ДУГААРАА СОНГОЖ БУЙ ХЭСЭГ
2020-01-23 12:01:59,496:INFO:2
2020-01-23 12:01:59,502:INFO:114
2020-01-23 12:01:59,503:INFO:['8312', '8313', '8314', '8315', '8316', '8317', '8318', '8319', '9312', '9313', '9314', '9315', '9316', '9317', '9318', '9319', '9320', '9321', '9322', '9323', '9324', '9325', '9326', '9327', '9328', '9329', '9330', '9331', '9332', '9333', '9334', '9335', '9336', '9337', '9338', '9339', '9340', '9341', '9342', '9343', '9344', '9345', '9346', '9347', '9712', '9713', '9714', '9715', '9716', '9717', '9718', '9719', '9812', '9813', '9814', '9815', '9816', '9817', '9818', '9819', '9820', '9821', '9822', '9823', '9824', '9825', '9826', '9827', '9828', '9829', '9830', '9831', '9832', '9833', '9837', '9838', '9842', '9843', '9845', '9846', '9847', '9848', '9851', '9856', '9859', '9860', '9861', '9862', '9863', '9864', '9865', '9866', '9867', '9870', '9880', '9881', '9882', '9883', '9884', '9885', '9886', '9887', '9888', '9889', '9890', '9891', '9892', '9893', '9894', '9895', '9896', '9897', '9898', '9899']
2020-01-23 12:02:14,704:INFO:-1
2020-01-23 12:02:28,869:INFO:97100910:6|97150910:6|97180910:6
2020-01-23 12:03:29,997:INFO:РЕГИСТЕРИЙН ДУГААР
2020-01-23 12:03:34,737:INFO:ДУГААРЫН ZAHIALGA
2020-01-23 12:03:34,750:INFO:Success
2020-01-23 12:03:36,237:INFO:----------------------------------------------------------------------------------------------------
2020-01-23 12:08:36,113:INFO:----------------------------------------------------------------------------------------------------
2020-01-23 12:08:37,513:INFO:ДУГААРАА СОНГОЖ БУЙ ХЭСЭГ
2020-01-23 12:08:37,513:INFO:2
2020-01-23 12:08:37,521:INFO:114
2020-01-23 12:08:37,521:INFO:['8312', '8313', '8314', '8315', '8316', '8317', '8318', '8319', '9312', '9313', '9314', '9315', '9316', '9317', '9318', '9319', '9320', '9321', '9322', '9323', '9324', '9325', '9326', '9327', '9328', '9329', '9330', '9331', '9332', '9333', '9334', '9335', '9336', '9337', '9338', '9339', '9340', '9341', '9342', '9343', '9344', '9345', '9346', '9347', '9712', '9713', '9714', '9715', '9716', '9717', '9718', '9719', '9812', '9813', '9814', '9815', '9816', '9817', '9818', '9819', '9820', '9821', '9822', '9823', '9824', '9825', '9826', '9827', '9828', '9829', '9830', '9831', '9832', '9833', '9837', '9838', '9842', '9843', '9845', '9846', '9847', '9848', '9851', '9856', '9859', '9860', '9861', '9862', '9863', '9864', '9865', '9866', '9867', '9870', '9880', '9881', '9882', '9883', '9884', '9885', '9886', '9887', '9888', '9889', '9890', '9891', '9892', '9893', '9894', '9895', '9896', '9897', '9898', '9899']
2020-01-23 12:09:19,901:INFO:98108419:6|98128419:6|98138419:6|98158419:6|98168419:6|98178419:6
2020-01-23 12:09:47,299:INFO:РЕГИСТЕРИЙН ДУГААР
2020-01-23 12:09:54,011:INFO:ДУГААРЫН ZAHIALGA
2020-01-23 12:09:54,019:INFO:Success
2020-01-23 12:10:06,070:INFO:----------------------------------------------------------------------------------------------------
2020-01-23 12:10:06,520:INFO:----------------------------------------------------------------------------------------------------
2020-01-23 12:10:38,370:INFO:ДУГААРАА СОНГОЖ БУЙ ХЭСЭГ
2020-01-23 12:10:38,370:INFO:2
2020-01-23 12:10:38,376:INFO:114
2020-01-23 12:10:38,376:INFO:['8312', '8313', '8314', '8315', '8316', '8317', '8318', '8319', '9312', '9313', '9314', '9315', '9316', '9317', '9318', '9319', '9320', '9321', '9322', '9323', '9324', '9325', '9326', '9327', '9328', '9329', '9330', '9331', '9332', '9333', '9334', '9335', '9336', '9337', '9338', '9339', '9340', '9341', '9342', '9343', '9344', '9345', '9346', '9347', '9712', '9713', '9714', '9715', '9716', '9717', '9718', '9719', '9812', '9813', '9814', '9815', '9816', '9817', '9818', '9819', '9820', '9821', '9822', '9823', '9824', '9825', '9826', '9827', '9828', '9829', '9830', '9831', '9832', '9833', '9837', '9838', '9842', '9843', '9845', '9846', '9847', '9848', '9851', '9856', '9859', '9860', '9861', '9862', '9863', '9864', '9865', '9866', '9867', '9870', '9880', '9881', '9882', '9883', '9884', '9885', '9886', '9887', '9888', '9889', '9890', '9891', '9892', '9893', '9894', '9895', '9896', '9897', '9898', '9899']
2020-01-23 12:11:10,093:INFO:98103622:6|98133622:6|98143622:6|98153622:6
2020-01-23 12:11:46,408:INFO:РЕГИСТЕРИЙН ДУГААР
2020-01-23 12:11:53,048:INFO:ДУГААРЫН ZAHIALGA
2020-01-23 12:11:53,057:INFO:Success
2020-01-23 12:11:55,709:INFO:----------------------------------------------------------------------------------------------------
2020-01-23 12:22:37,170:INFO:ДУГААРАА СОНГОЖ БУЙ ХЭСЭГ
2020-01-23 12:22:37,170:INFO:2
2020-01-23 12:22:37,177:INFO:114
2020-01-23 12:22:37,177:INFO:['8312', '8313', '8314', '8315', '8316', '8317', '8318', '8319', '9312', '9313', '9314', '9315', '9316', '9317', '9318', '9319', '9320', '9321', '9322', '9323', '9324', '9325', '9326', '9327', '9328', '9329', '9330', '9331', '9332', '9333', '9334', '9335', '9336', '9337', '9338', '9339', '9340', '9341', '9342', '9343', '9344', '9345', '9346', '9347', '9712', '9713', '9714', '9715', '9716', '9717', '9718', '9719', '9812', '9813', '9814', '9815', '9816', '9817', '9818', '9819', '9820', '9821', '9822', '9823', '9824', '9825', '9826', '9827', '9828', '9829', '9830', '9831', '9832', '9833', '9837', '9838', '9842', '9843', '9845', '9846', '9847', '9848', '9851', '9856', '9859', '9860', '9861', '9862', '9863', '9864', '9865', '9866', '9867', '9870', '9880', '9881', '9882', '9883', '9884', '9885', '9886', '9887', '9888', '9889', '9890', '9891', '9892', '9893', '9894', '9895', '9896', '9897', '9898', '9899']
2020-01-23 12:22:51,617:INFO:98100720:6
2020-01-23 12:22:59,998:INFO:97100720:6|97110720:6|97120720:6|97130720:6|97140720:6|97150720:6|97160720:6|97190720:6
2020-01-23 12:23:15,898:INFO:93100720:6|93110720:6|93120720:6|93150720:6|93160720:6
2020-01-23 12:24:42,864:INFO:РЕГИСТЕРИЙН ДУГААР
2020-01-23 12:24:47,104:INFO:ДУГААРЫН ZAHIALGA
2020-01-23 12:24:47,114:INFO:Success
2020-01-23 12:24:49,493:INFO:----------------------------------------------------------------------------------------------------
2020-01-23 12:28:16,028:INFO:ДУГААРАА СОНГОЖ БУЙ ХЭСЭГ
2020-01-23 12:28:16,029:INFO:2
2020-01-23 12:28:16,036:INFO:114
2020-01-23 12:28:16,036:INFO:['8312', '8313', '8314', '8315', '8316', '8317', '8318', '8319', '9312', '9313', '9314', '9315', '9316', '9317', '9318', '9319', '9320', '9321', '9322', '9323', '9324', '9325', '9326', '9327', '9328', '9329', '9330', '9331', '9332', '9333', '9334', '9335', '9336', '9337', '9338', '9339', '9340', '9341', '9342', '9343', '9344', '9345', '9346', '9347', '9712', '9713', '9714', '9715', '9716', '9717', '9718', '9719', '9812', '9813', '9814', '9815', '9816', '9817', '9818', '9819', '9820', '9821', '9822', '9823', '9824', '9825', '9826', '9827', '9828', '9829', '9830', '9831', '9832', '9833', '9837', '9838', '9842', '9843', '9845', '9846', '9847', '9848', '9851', '9856', '9859', '9860', '9861', '9862', '9863', '9864', '9865', '9866', '9867', '9870', '9880', '9881', '9882', '9883', '9884', '9885', '9886', '9887', '9888', '9889', '9890', '9891', '9892', '9893', '9894', '9895', '9896', '9897', '9898', '9899']
2020-01-23 12:28:53,037:INFO:98105758:6|98135758:6
2020-01-23 12:29:07,057:INFO:РЕГИСТЕРИЙН ДУГААР
2020-01-23 12:29:12,518:INFO:ДУГААРЫН ZAHIALGA
2020-01-23 12:29:12,529:INFO:Success
2020-01-23 12:29:13,988:INFO:----------------------------------------------------------------------------------------------------
2020-01-23 12:43:25,552:INFO:ДУГААРАА СОНГОЖ БУЙ ХЭСЭГ
2020-01-23 12:43:25,553:INFO:2
2020-01-23 12:43:25,560:INFO:114
2020-01-23 12:43:25,560:INFO:['8312', '8313', '8314', '8315', '8316', '8317', '8318', '8319', '9312', '9313', '9314', '9315', '9316', '9317', '9318', '9319', '9320', '9321', '9322', '9323', '9324', '9325', '9326', '9327', '9328', '9329', '9330', '9331', '9332', '9333', '9334', '9335', '9336', '9337', '9338', '9339', '9340', '9341', '9342', '9343', '9344', '9345', '9346', '9347', '9712', '9713', '9714', '9715', '9716', '9717', '9718', '9719', '9812', '9813', '9814', '9815', '9816', '9817', '9818', '9819', '9820', '9821', '9822', '9823', '9824', '9825', '9826', '9827', '9828', '9829', '9830', '9831', '9832', '9833', '9837', '9838', '9842', '9843', '9845', '9846', '9847', '9848', '9851', '9856', '9859', '9860', '9861', '9862', '9863', '9864', '9865', '9866', '9867', '9870', '9880', '9881', '9882', '9883', '9884', '9885', '9886', '9887', '9888', '9889', '9890', '9891', '9892', '9893', '9894', '9895', '9896', '9897', '9898', '9899']
2020-01-23 12:43:49,566:INFO:-1
2020-01-23 12:43:58,009:INFO:97101115:6
2020-01-23 12:44:04,441:INFO:97101115:6
2020-01-23 12:44:09,170:INFO:97101115:6
2020-01-23 12:45:42,329:INFO:-1
2020-01-23 12:45:49,436:INFO:-1
2020-01-23 12:45:52,149:INFO:-1
2020-01-23 12:45:59,439:INFO:-1
2020-01-23 12:46:33,949:INFO:-1
2020-01-23 12:46:40,151:INFO:-1
2020-01-23 12:46:47,792:INFO:-1
2020-01-23 12:49:25,904:INFO:-1
2020-01-23 12:49:36,519:INFO:-1
2020-01-23 12:49:52,899:INFO:-1
2020-01-23 12:49:56,269:INFO:-1
2020-01-23 12:50:04,762:INFO:-1
2020-01-23 12:50:07,000:INFO:----------------------------------------------------------------------------------------------------
2020-01-23 12:50:09,443:INFO:ДУГААРАА СОНГОЖ БУЙ ХЭСЭГ
2020-01-23 12:50:09,443:INFO:2
2020-01-23 12:50:09,450:INFO:114
2020-01-23 12:50:09,450:INFO:['8312', '8313', '8314', '8315', '8316', '8317', '8318', '8319', '9312', '9313', '9314', '9315', '9316', '9317', '9318', '9319', '9320', '9321', '9322', '9323', '9324', '9325', '9326', '9327', '9328', '9329', '9330', '9331', '9332', '9333', '9334', '9335', '9336', '9337', '9338', '9339', '9340', '9341', '9342', '9343', '9344', '9345', '9346', '9347', '9712', '9713', '9714', '9715', '9716', '9717', '9718', '9719', '9812', '9813', '9814', '9815', '9816', '9817', '9818', '9819', '9820', '9821', '9822', '9823', '9824', '9825', '9826', '9827', '9828', '9829', '9830', '9831', '9832', '9833', '9837', '9838', '9842', '9843', '9845', '9846', '9847', '9848', '9851', '9856', '9859', '9860', '9861', '9862', '9863', '9864', '9865', '9866', '9867', '9870', '9880', '9881', '9882', '9883', '9884', '9885', '9886', '9887', '9888', '9889', '9890', '9891', '9892', '9893', '9894', '9895', '9896', '9897', '9898', '9899']
2020-01-23 12:50:43,577:INFO:-1
2020-01-23 12:51:33,327:INFO:-1
2020-01-23 12:51:37,092:INFO:-1
2020-01-23 12:51:38,508:INFO:-1
2020-01-23 12:54:16,888:INFO:83101186:6|83121186:6|83131186:6|83141186:6|83151186:6|83161186:6|83171186:6|83181186:6|83191186:6
2020-01-23 12:54:24,506:INFO:98131186:6|98141186:6|98171186:6
2020-01-23 12:54:51,832:INFO:83101186:6|83121186:6|83131186:6|83141186:6|83151186:6|83161186:6|83171186:6|83181186:6|83191186:6
2020-01-23 12:56:04,833:INFO:98861118:6
2020-01-23 12:56:37,379:INFO:-1
2020-01-23 12:57:27,016:INFO:ДУГААРЫН ҮНЭ
2020-01-23 12:57:27,020:INFO:5000
2020-01-23 12:57:35,056:INFO:ДУГААРАА СОНГОЖ БУЙ ХЭСЭГ
2020-01-23 12:57:35,056:INFO:2
2020-01-23 12:57:35,063:INFO:114
2020-01-23 12:57:35,063:INFO:['8312', '8313', '8314', '8315', '8316', '8317', '8318', '8319', '9312', '9313', '9314', '9315', '9316', '9317', '9318', '9319', '9320', '9321', '9322', '9323', '9324', '9325', '9326', '9327', '9328', '9329', '9330', '9331', '9332', '9333', '9334', '9335', '9336', '9337', '9338', '9339', '9340', '9341', '9342', '9343', '9344', '9345', '9346', '9347', '9712', '9713', '9714', '9715', '9716', '9717', '9718', '9719', '9812', '9813', '9814', '9815', '9816', '9817', '9818', '9819', '9820', '9821', '9822', '9823', '9824', '9825', '9826', '9827', '9828', '9829', '9830', '9831', '9832', '9833', '9837', '9838', '9842', '9843', '9845', '9846', '9847', '9848', '9851', '9856', '9859', '9860', '9861', '9862', '9863', '9864', '9865', '9866', '9867', '9870', '9880', '9881', '9882', '9883', '9884', '9885', '9886', '9887', '9888', '9889', '9890', '9891', '9892', '9893', '9894', '9895', '9896', '9897', '9898', '9899']
2020-01-23 12:58:04,906:INFO:98172424:9
2020-01-23 12:58:52,801:INFO:-1
2020-01-23 12:59:01,848:INFO:-1
2020-01-23 12:59:09,201:INFO:-1
2020-01-23 12:59:15,475:INFO:97104747:9|97124747:9|97134747:9|97144747:9|97184747:9
2020-01-23 13:00:29,797:INFO:97102424:9|97152424:9|97182424:9
2020-01-23 13:00:36,780:INFO:98172424:9
2020-01-23 13:00:45,568:INFO:РЕГИСТЕРИЙН ДУГААР
2020-01-23 13:00:50,427:INFO:ДУГААРЫН ZAHIALGA
2020-01-23 13:00:50,437:INFO:Success
2020-01-23 13:00:52,138:INFO:----------------------------------------------------------------------------------------------------
2020-01-23 13:07:12,576:INFO:----------------------------------------------------------------------------------------------------
2020-01-23 13:07:22,314:INFO:ДУГААРАА СОНГОЖ БУЙ ХЭСЭГ
2020-01-23 13:07:22,315:INFO:2
2020-01-23 13:07:22,321:INFO:114
2020-01-23 13:07:22,321:INFO:['8312', '8313', '8314', '8315', '8316', '8317', '8318', '8319', '9312', '9313', '9314', '9315', '9316', '9317', '9318', '9319', '9320', '9321', '9322', '9323', '9324', '9325', '9326', '9327', '9328', '9329', '9330', '9331', '9332', '9333', '9334', '9335', '9336', '9337', '9338', '9339', '9340', '9341', '9342', '9343', '9344', '9345', '9346', '9347', '9712', '9713', '9714', '9715', '9716', '9717', '9718', '9719', '9812', '9813', '9814', '9815', '9816', '9817', '9818', '9819', '9820', '9821', '9822', '9823', '9824', '9825', '9826', '9827', '9828', '9829', '9830', '9831', '9832', '9833', '9837', '9838', '9842', '9843', '9845', '9846', '9847', '9848', '9851', '9856', '9859', '9860', '9861', '9862', '9863', '9864', '9865', '9866', '9867', '9870', '9880', '9881', '9882', '9883', '9884', '9885', '9886', '9887', '9888', '9889', '9890', '9891', '9892', '9893', '9894', '9895', '9896', '9897', '9898', '9899']
2020-01-23 13:08:33,804:INFO:98105934:6|98125934:6|98135934:6|98145934:6|98155934:6|98165934:6|98175934:6|98185934:6
2020-01-23 13:09:23,014:INFO:РЕГИСТЕРИЙН ДУГААР
2020-01-23 13:09:28,495:INFO:ДУГААРЫН ZAHIALGA
2020-01-23 13:09:28,507:INFO:Success
2020-01-23 13:09:31,766:INFO:----------------------------------------------------------------------------------------------------
2020-01-23 13:19:58,135:INFO:ДУГААРАА СОНГОЖ БУЙ ХЭСЭГ
2020-01-23 13:19:58,136:INFO:2
2020-01-23 13:19:58,143:INFO:114
2020-01-23 13:19:58,144:INFO:['8312', '8313', '8314', '8315', '8316', '8317', '8318', '8319', '9312', '9313', '9314', '9315', '9316', '9317', '9318', '9319', '9320', '9321', '9322', '9323', '9324', '9325', '9326', '9327', '9328', '9329', '9330', '9331', '9332', '9333', '9334', '9335', '9336', '9337', '9338', '9339', '9340', '9341', '9342', '9343', '9344', '9345', '9346', '9347', '9712', '9713', '9714', '9715', '9716', '9717', '9718', '9719', '9812', '9813', '9814', '9815', '9816', '9817', '9818', '9819', '9820', '9821', '9822', '9823', '9824', '9825', '9826', '9827', '9828', '9829', '9830', '9831', '9832', '9833', '9837', '9838', '9842', '9843', '9845', '9846', '9847', '9848', '9851', '9856', '9859', '9860', '9861', '9862', '9863', '9864', '9865', '9866', '9867', '9870', '9880', '9881', '9882', '9883', '9884', '9885', '9886', '9887', '9888', '9889', '9890', '9891', '9892', '9893', '9894', '9895', '9896', '9897', '9898', '9899']
2020-01-23 13:20:11,580:INFO:98105896:6|98135896:6|98145896:6|98155896:6|98165896:6
2020-01-23 13:21:19,648:INFO:РЕГИСТЕРИЙН ДУГААР
2020-01-23 13:21:39,918:INFO:ДУГААРЫН ZAHIALGA
2020-01-23 13:21:39,928:INFO:Success
2020-01-23 13:21:55,397:INFO:----------------------------------------------------------------------------------------------------
2020-01-23 13:21:55,867:INFO:----------------------------------------------------------------------------------------------------
2020-01-23 13:24:07,461:WARNING:Not Found: /
2020-01-23 13:31:08,619:INFO:ДУГААРАА СОНГОЖ БУЙ ХЭСЭГ
2020-01-23 13:31:08,620:INFO:2
2020-01-23 13:31:08,627:INFO:114
2020-01-23 13:31:08,627:INFO:['8312', '8313', '8314', '8315', '8316', '8317', '8318', '8319', '9312', '9313', '9314', '9315', '9316', '9317', '9318', '9319', '9320', '9321', '9322', '9323', '9324', '9325', '9326', '9327', '9328', '9329', '9330', '9331', '9332', '9333', '9334', '9335', '9336', '9337', '9338', '9339', '9340', '9341', '9342', '9343', '9344', '9345', '9346', '9347', '9712', '9713', '9714', '9715', '9716', '9717', '9718', '9719', '9812', '9813', '9814', '9815', '9816', '9817', '9818', '9819', '9820', '9821', '9822', '9823', '9824', '9825', '9826', '9827', '9828', '9829', '9830', '9831', '9832', '9833', '9837', '9838', '9842', '9843', '9845', '9846', '9847', '9848', '9851', '9856', '9859', '9860', '9861', '9862', '9863', '9864', '9865', '9866', '9867', '9870', '9880', '9881', '9882', '9883', '9884', '9885', '9886', '9887', '9888', '9889', '9890', '9891', '9892', '9893', '9894', '9895', '9896', '9897', '9898', '9899']
2020-01-23 13:31:22,350:INFO:98103164:6|98123164:6|98143164:6|98163164:6|98173164:6|98183164:6|98193164:6
2020-01-23 13:31:50,559:INFO:РЕГИСТЕРИЙН ДУГААР
2020-01-23 13:31:57,279:INFO:ДУГААРЫН ZAHIALGA
2020-01-23 13:31:57,290:INFO:Success
2020-01-23 13:36:55,202:INFO:----------------------------------------------------------------------------------------------------
2020-01-23 13:58:43,086:INFO:----------------------------------------------------------------------------------------------------
2020-01-23 13:58:45,456:INFO:ДУГААРАА СОНГОЖ БУЙ ХЭСЭГ
2020-01-23 13:58:45,456:INFO:2
2020-01-23 13:58:45,464:INFO:114
2020-01-23 13:58:45,464:INFO:['8312', '8313', '8314', '8315', '8316', '8317', '8318', '8319', '9312', '9313', '9314', '9315', '9316', '9317', '9318', '9319', '9320', '9321', '9322', '9323', '9324', '9325', '9326', '9327', '9328', '9329', '9330', '9331', '9332', '9333', '9334', '9335', '9336', '9337', '9338', '9339', '9340', '9341', '9342', '9343', '9344', '9345', '9346', '9347', '9712', '9713', '9714', '9715', '9716', '9717', '9718', '9719', '9812', '9813', '9814', '9815', '9816', '9817', '9818', '9819', '9820', '9821', '9822', '9823', '9824', '9825', '9826', '9827', '9828', '9829', '9830', '9831', '9832', '9833', '9837', '9838', '9842', '9843', '9845', '9846', '9847', '9848', '9851', '9856', '9859', '9860', '9861', '9862', '9863', '9864', '9865', '9866', '9867', '9870', '9880', '9881', '9882', '9883', '9884', '9885', '9886', '9887', '9888', '9889', '9890', '9891', '9892', '9893', '9894', '9895', '9896', '9897', '9898', '9899']
2020-01-23 13:59:36,705:INFO:----------------------------------------------------------------------------------------------------
2020-01-23 13:59:38,300:INFO:ДУГААРАА СОНГОЖ БУЙ ХЭСЭГ
2020-01-23 13:59:38,300:INFO:2
2020-01-23 13:59:38,306:INFO:114
2020-01-23 13:59:38,306:INFO:['8312', '8313', '8314', '8315', '8316', '8317', '8318', '8319', '9312', '9313', '9314', '9315', '9316', '9317', '9318', '9319', '9320', '9321', '9322', '9323', '9324', '9325', '9326', '9327', '9328', '9329', '9330', '9331', '9332', '9333', '9334', '9335', '9336', '9337', '9338', '9339', '9340', '9341', '9342', '9343', '9344', '9345', '9346', '9347', '9712', '9713', '9714', '9715', '9716', '9717', '9718', '9719', '9812', '9813', '9814', '9815', '9816', '9817', '9818', '9819', '9820', '9821', '9822', '9823', '9824', '9825', '9826', '9827', '9828', '9829', '9830', '9831', '9832', '9833', '9837', '9838', '9842', '9843', '9845', '9846', '9847', '9848', '9851', '9856', '9859', '9860', '9861', '9862', '9863', '9864', '9865', '9866', '9867', '9870', '9880', '9881', '9882', '9883', '9884', '9885', '9886', '9887', '9888', '9889', '9890', '9891', '9892', '9893', '9894', '9895', '9896', '9897', '9898', '9899']
2020-01-23 14:00:21,639:INFO:98105982:6|98125982:6|98135982:6|98145982:6|98165982:6|98175982:6|98185982:6
2020-01-23 14:54:04,181:INFO:----------------------------------------------------------------------------------------------------
2020-01-23 14:54:09,970:INFO:ДУГААРАА СОНГОЖ БУЙ ХЭСЭГ
2020-01-23 14:54:09,971:INFO:2
2020-01-23 14:54:09,978:INFO:114
2020-01-23 14:54:09,978:INFO:['8312', '8313', '8314', '8315', '8316', '8317', '8318', '8319', '9312', '9313', '9314', '9315', '9316', '9317', '9318', '9319', '9320', '9321', '9322', '9323', '9324', '9325', '9326', '9327', '9328', '9329', '9330', '9331', '9332', '9333', '9334', '9335', '9336', '9337', '9338', '9339', '9340', '9341', '9342', '9343', '9344', '9345', '9346', '9347', '9712', '9713', '9714', '9715', '9716', '9717', '9718', '9719', '9812', '9813', '9814', '9815', '9816', '9817', '9818', '9819', '9820', '9821', '9822', '9823', '9824', '9825', '9826', '9827', '9828', '9829', '9830', '9831', '9832', '9833', '9837', '9838', '9842', '9843', '9845', '9846', '9847', '9848', '9851', '9856', '9859', '9860', '9861', '9862', '9863', '9864', '9865', '9866', '9867', '9870', '9880', '9881', '9882', '9883', '9884', '9885', '9886', '9887', '9888', '9889', '9890', '9891', '9892', '9893', '9894', '9895', '9896', '9897', '9898', '9899']
2020-01-23 14:55:40,554:INFO:-1
2020-01-23 15:00:26,983:INFO:93109488:6
2020-01-23 15:00:29,326:INFO:93109488:6
2020-01-23 15:00:30,332:INFO:93109488:6
2020-01-23 15:00:30,611:INFO:93109488:6
2020-01-23 15:00:31,053:INFO:93109488:6
2020-01-23 15:00:31,708:INFO:93109488:6
2020-01-23 15:00:37,643:INFO:98109488:6
2020-01-23 15:00:38,581:INFO:98109488:6
2020-01-23 15:00:39,071:INFO:98109488:6
2020-01-23 15:00:39,097:INFO:98109488:6
2020-01-23 15:00:39,261:INFO:98109488:6
2020-01-23 15:00:39,930:INFO:98109488:6
2020-01-23 15:00:40,127:INFO:98109488:6
2020-01-23 15:00:40,158:INFO:98109488:6
2020-01-23 15:00:45,232:INFO:83109488:6
2020-01-23 15:00:45,739:INFO:83109488:6
2020-01-23 15:00:46,188:INFO:83109488:6
2020-01-23 15:00:50,710:INFO:93109488:6
2020-01-23 15:00:50,913:INFO:93109488:6
2020-01-23 15:00:50,980:INFO:93109488:6
2020-01-23 15:00:51,128:INFO:93109488:6
2020-01-23 15:00:51,472:INFO:93109488:6
2020-01-23 15:00:54,325:INFO:93109488:6|93119488:6|93129488:6|93159488:6|93169488:6|93179488:6
2020-01-23 15:00:55,559:INFO:93109488:6|93119488:6|93129488:6|93159488:6|93169488:6|93179488:6
2020-01-23 15:00:55,785:INFO:93109488:6|93119488:6|93129488:6|93159488:6|93169488:6|93179488:6
2020-01-23 15:01:19,086:INFO:98109488:6
2020-01-23 15:01:20,253:INFO:98109488:6
2020-01-23 15:01:21,790:INFO:98109488:6
2020-01-23 15:01:22,592:INFO:98109488:6
2020-01-23 15:01:25,858:INFO:93109488:6|93119488:6|93129488:6|93159488:6|93169488:6|93179488:6
2020-01-23 15:02:04,665:INFO:93109488:6
2020-01-23 15:02:05,772:INFO:93109488:6
2020-01-23 15:02:05,936:INFO:93109488:6
2020-01-23 15:02:12,036:INFO:93109488:6|93119488:6|93129488:6|93159488:6|93169488:6|93179488:6
2020-01-23 15:02:12,914:INFO:93109488:6|93119488:6|93129488:6|93159488:6|93169488:6|93179488:6
2020-01-23 15:03:08,884:INFO:93389488:6
2020-01-23 15:03:31,601:INFO:-1
2020-01-23 15:03:37,621:INFO:-1
2020-01-23 15:03:52,549:INFO:-1
2020-01-23 15:03:57,698:INFO:-1
2020-01-23 15:04:05,065:INFO:-1
2020-01-23 15:04:15,190:INFO:-1
2020-01-23 15:04:24,988:INFO:-1
2020-01-23 15:04:30,028:INFO:-1
2020-01-23 15:04:46,044:INFO:-1
2020-01-23 15:04:49,641:INFO:-1
2020-01-23 15:04:50,756:INFO:-1
2020-01-23 15:05:02,628:INFO:-1
2020-01-23 15:05:05,774:INFO:-1
2020-01-23 15:05:06,550:INFO:-1
2020-01-23 15:05:21,334:INFO:98999137:6|98999178:6|98999237:6|98999259:6|98999325:6|98999326:6|98999327:6|98999365:6|98999374:6|98999375:6|98999376:6|98999381:6|98999412:6|98999472:6|98999476:6|98999483:6|98999516:6|98999518:6|98999527:6|98999531:6|98999534:6|98999561:6|98999576:6|98999682:6|98999737:6|98999845:6
2020-01-23 15:05:22,550:INFO:98999137:6|98999178:6|98999237:6|98999259:6|98999325:6|98999326:6|98999327:6|98999365:6|98999374:6|98999375:6|98999376:6|98999381:6|98999412:6|98999472:6|98999476:6|98999483:6|98999516:6|98999518:6|98999527:6|98999531:6|98999534:6|98999561:6|98999576:6|98999682:6|98999737:6|98999845:6
2020-01-23 15:08:01,830:INFO:93129488:6
2020-01-23 15:08:10,577:INFO:-1
2020-01-23 15:08:14,202:INFO:93159488:6
2020-01-23 15:08:46,031:INFO:93129488:6
2020-01-23 15:31:30,627:INFO:----------------------------------------------------------------------------------------------------
2020-01-23 15:31:42,477:INFO:ДУГААРАА СОНГОЖ БУЙ ХЭСЭГ
2020-01-23 15:31:42,478:INFO:2
2020-01-23 15:31:42,488:INFO:114
2020-01-23 15:31:42,488:INFO:['8312', '8313', '8314', '8315', '8316', '8317', '8318', '8319', '9312', '9313', '9314', '9315', '9316', '9317', '9318', '9319', '9320', '9321', '9322', '9323', '9324', '9325', '9326', '9327', '9328', '9329', '9330', '9331', '9332', '9333', '9334', '9335', '9336', '9337', '9338', '9339', '9340', '9341', '9342', '9343', '9344', '9345', '9346', '9347', '9712', '9713', '9714', '9715', '9716', '9717', '9718', '9719', '9812', '9813', '9814', '9815', '9816', '9817', '9818', '9819', '9820', '9821', '9822', '9823', '9824', '9825', '9826', '9827', '9828', '9829', '9830', '9831', '9832', '9833', '9837', '9838', '9842', '9843', '9845', '9846', '9847', '9848', '9851', '9856', '9859', '9860', '9861', '9862', '9863', '9864', '9865', '9866', '9867', '9870', '9880', '9881', '9882', '9883', '9884', '9885', '9886', '9887', '9888', '9889', '9890', '9891', '9892', '9893', '9894', '9895', '9896', '9897', '9898', '9899']
2020-01-23 15:31:44,737:WARNING:Not Found: /favicon.ico
2020-01-23 15:32:01,421:INFO:ДУГААРЫН ҮНЭ
2020-01-23 15:32:01,425:INFO:5000
2020-01-23 15:32:02,928:INFO:ДУГААРАА СОНГОЖ БУЙ ХЭСЭГ
2020-01-23 15:32:02,928:INFO:2
2020-01-23 15:32:02,937:INFO:114
2020-01-23 15:32:02,937:INFO:['8312', '8313', '8314', '8315', '8316', '8317', '8318', '8319', '9312', '9313', '9314', '9315', '9316', '9317', '9318', '9319', '9320', '9321', '9322', '9323', '9324', '9325', '9326', '9327', '9328', '9329', '9330', '9331', '9332', '9333', '9334', '9335', '9336', '9337', '9338', '9339', '9340', '9341', '9342', '9343', '9344', '9345', '9346', '9347', '9712', '9713', '9714', '9715', '9716', '9717', '9718', '9719', '9812', '9813', '9814', '9815', '9816', '9817', '9818', '9819', '9820', '9821', '9822', '9823', '9824', '9825', '9826', '9827', '9828', '9829', '9830', '9831', '9832', '9833', '9837', '9838', '9842', '9843', '9845', '9846', '9847', '9848', '9851', '9856', '9859', '9860', '9861', '9862', '9863', '9864', '9865', '9866', '9867', '9870', '9880', '9881', '9882', '9883', '9884', '9885', '9886', '9887', '9888', '9889', '9890', '9891', '9892', '9893', '9894', '9895', '9896', '9897', '9898', '9899']
2020-01-23 15:34:33,717:INFO:----------------------------------------------------------------------------------------------------
2020-01-23 15:34:38,456:INFO:ДУГААРАА СОНГОЖ БУЙ ХЭСЭГ
2020-01-23 15:34:38,456:INFO:2
2020-01-23 15:34:38,465:INFO:114
2020-01-23 15:34:38,465:INFO:['8312', '8313', '8314', '8315', '8316', '8317', '8318', '8319', '9312', '9313', '9314', '9315', '9316', '9317', '9318', '9319', '9320', '9321', '9322', '9323', '9324', '9325', '9326', '9327', '9328', '9329', '9330', '9331', '9332', '9333', '9334', '9335', '9336', '9337', '9338', '9339', '9340', '9341', '9342', '9343', '9344', '9345', '9346', '9347', '9712', '9713', '9714', '9715', '9716', '9717', '9718', '9719', '9812', '9813', '9814', '9815', '9816', '9817', '9818', '9819', '9820', '9821', '9822', '9823', '9824', '9825', '9826', '9827', '9828', '9829', '9830', '9831', '9832', '9833', '9837', '9838', '9842', '9843', '9845', '9846', '9847', '9848', '9851', '9856', '9859', '9860', '9861', '9862', '9863', '9864', '9865', '9866', '9867', '9870', '9880', '9881', '9882', '9883', '9884', '9885', '9886', '9887', '9888', '9889', '9890', '9891', '9892', '9893', '9894', '9895', '9896', '9897', '9898', '9899']
2020-01-23 15:34:53,039:INFO:98106109:6|98126109:6|98146109:6|98156109:6|98166109:6|98176109:6|98186109:6
2020-01-23 15:35:49,237:INFO:РЕГИСТЕРИЙН ДУГААР
2020-01-23 15:35:59,125:INFO:ДУГААРЫН ZAHIALGA
2020-01-23 15:35:59,140:INFO:Success
2020-01-23 15:36:01,695:INFO:----------------------------------------------------------------------------------------------------
2020-01-23 15:37:51,253:INFO:-1
2020-01-23 15:37:58,280:INFO:-1
2020-01-23 15:37:59,698:INFO:-1
2020-01-23 15:38:04,020:INFO:----------------------------------------------------------------------------------------------------
2020-01-23 15:38:06,649:INFO:ДУГААРАА СОНГОЖ БУЙ ХЭСЭГ
2020-01-23 15:38:06,649:INFO:2
2020-01-23 15:38:06,656:INFO:114
2020-01-23 15:38:06,657:INFO:['8312', '8313', '8314', '8315', '8316', '8317', '8318', '8319', '9312', '9313', '9314', '9315', '9316', '9317', '9318', '9319', '9320', '9321', '9322', '9323', '9324', '9325', '9326', '9327', '9328', '9329', '9330', '9331', '9332', '9333', '9334', '9335', '9336', '9337', '9338', '9339', '9340', '9341', '9342', '9343', '9344', '9345', '9346', '9347', '9712', '9713', '9714', '9715', '9716', '9717', '9718', '9719', '9812', '9813', '9814', '9815', '9816', '9817', '9818', '9819', '9820', '9821', '9822', '9823', '9824', '9825', '9826', '9827', '9828', '9829', '9830', '9831', '9832', '9833', '9837', '9838', '9842', '9843', '9845', '9846', '9847', '9848', '9851', '9856', '9859', '9860', '9861', '9862', '9863', '9864', '9865', '9866', '9867', '9870', '9880', '9881', '9882', '9883', '9884', '9885', '9886', '9887', '9888', '9889', '9890', '9891', '9892', '9893', '9894', '9895', '9896', '9897', '9898', '9899']
2020-01-23 15:38:09,474:INFO:ДУГААРЫН ҮНЭ
2020-01-23 15:38:09,478:INFO:5000
2020-01-23 15:38:11,181:INFO:ДУГААРАА СОНГОЖ БУЙ ХЭСЭГ
2020-01-23 15:38:11,182:INFO:2
2020-01-23 15:38:11,191:INFO:114
2020-01-23 15:38:11,191:INFO:['8312', '8313', '8314', '8315', '8316', '8317', '8318', '8319', '9312', '9313', '9314', '9315', '9316', '9317', '9318', '9319', '9320', '9321', '9322', '9323', '9324', '9325', '9326', '9327', '9328', '9329', '9330', '9331', '9332', '9333', '9334', '9335', '9336', '9337', '9338', '9339', '9340', '9341', '9342', '9343', '9344', '9345', '9346', '9347', '9712', '9713', '9714', '9715', '9716', '9717', '9718', '9719', '9812', '9813', '9814', '9815', '9816', '9817', '9818', '9819', '9820', '9821', '9822', '9823', '9824', '9825', '9826', '9827', '9828', '9829', '9830', '9831', '9832', '9833', '9837', '9838', '9842', '9843', '9845', '9846', '9847', '9848', '9851', '9856', '9859', '9860', '9861', '9862', '9863', '9864', '9865', '9866', '9867', '9870', '9880', '9881', '9882', '9883', '9884', '9885', '9886', '9887', '9888', '9889', '9890', '9891', '9892', '9893', '9894', '9895', '9896', '9897', '9898', '9899']
2020-01-23 15:38:13,781:INFO:-1
2020-01-23 15:38:16,378:INFO:-1
2020-01-23 15:38:26,506:INFO:-1
2020-01-23 15:38:33,097:INFO:-1
2020-01-23 15:38:39,774:INFO:-1
2020-01-23 15:38:57,872:INFO:ДУГААРЫН ҮНЭ
2020-01-23 15:38:57,876:INFO:5000
2020-01-23 15:38:57,893:INFO:-1
2020-01-23 15:39:02,005:INFO:ДУГААРАА СОНГОЖ БУЙ ХЭСЭГ
2020-01-23 15:39:02,005:INFO:2
2020-01-23 15:39:02,065:INFO:114
2020-01-23 15:39:02,066:INFO:['8312', '8313', '8314', '8315', '8316', '8317', '8318', '8319', '9312', '9313', '9314', '9315', '9316', '9317', '9318', '9319', '9320', '9321', '9322', '9323', '9324', '9325', '9326', '9327', '9328', '9329', '9330', '9331', '9332', '9333', '9334', '9335', '9336', '9337', '9338', '9339', '9340', '9341', '9342', '9343', '9344', '9345', '9346', '9347', '9712', '9713', '9714', '9715', '9716', '9717', '9718', '9719', '9812', '9813', '9814', '9815', '9816', '9817', '9818', '9819', '9820', '9821', '9822', '9823', '9824', '9825', '9826', '9827', '9828', '9829', '9830', '9831', '9832', '9833', '9837', '9838', '9842', '9843', '9845', '9846', '9847', '9848', '9851', '9856', '9859', '9860', '9861', '9862', '9863', '9864', '9865', '9866', '9867', '9870', '9880', '9881', '9882', '9883', '9884', '9885', '9886', '9887', '9888', '9889', '9890', '9891', '9892', '9893', '9894', '9895', '9896', '9897', '9898', '9899']
2020-01-23 15:39:13,064:INFO:-1
2020-01-23 15:39:32,212:INFO:-1
2020-01-23 15:39:33,164:INFO:-1
2020-01-23 15:39:33,979:INFO:-1
2020-01-23 15:39:43,874:INFO:-1
2020-01-23 17:11:46,589:ERROR:Invalid HTTP_HOST header: u'DugaarShuult:8000'. You may need to add u'dugaarshuult' to ALLOWED_HOSTS.
