2020-07-11 06:25:17,078:INFO:------------------------------------------------------------------------------------------------
2020-07-11 07:25:17,154:INFO:------------------------------------------------------------------------------------------------
2020-07-11 07:41:59,193:WARNING:Not Found: /
2020-07-11 08:25:17,200:INFO:------------------------------------------------------------------------------------------------
2020-07-11 09:08:32,164:INFO:ДУГААРАА СОНГОЖ БУЙ ХЭСЭГ
2020-07-11 09:08:32,165:INFO:7
2020-07-11 09:08:32,166:INFO:ДУГААРАА СОНГОЖ БУЙ ХЭСЭГ
2020-07-11 09:08:32,170:INFO:7
2020-07-11 09:08:35,149:INFO:------------------------------------------------------------------------------------------------
2020-07-11 09:16:40,703:INFO:------------------------------------------------------------------------------------------------
2020-07-11 09:25:17,259:INFO:------------------------------------------------------------------------------------------------
2020-07-11 09:36:09,409:WARNING:Not Found: /
2020-07-11 09:55:49,500:INFO:ДУГААРАА СОНГОЖ БУЙ ХЭСЭГ
2020-07-11 09:55:49,501:INFO:7
2020-07-11 09:55:50,003:WARNING:Not Found: /favicon.ico
2020-07-11 09:55:54,109:INFO:------------------------------------------------------------------------------------------------
2020-07-11 10:08:35,296:INFO:------------------------------------------------------------------------------------------------
2020-07-11 10:22:28,256:WARNING:Not Found: /
2020-07-11 10:25:17,316:INFO:------------------------------------------------------------------------------------------------
2020-07-11 10:50:44,601:INFO:------------------------------------------------------------------------------------------------
2020-07-11 10:50:45,392:INFO:ДУГААРАА СОНГОЖ БУЙ ХЭСЭГ
2020-07-11 10:50:45,393:INFO:2
2020-07-11 10:50:45,723:WARNING:Not Found: /favicon.ico
2020-07-11 10:55:54,383:INFO:------------------------------------------------------------------------------------------------
2020-07-11 11:08:35,406:INFO:------------------------------------------------------------------------------------------------
2020-07-11 11:21:24,369:INFO:ДУГААРАА СОНГОЖ БУЙ ХЭСЭГ
2020-07-11 11:21:24,370:INFO:7
2020-07-11 11:24:32,552:INFO:ДУГААРАА СОНГОЖ БУЙ ХЭСЭГ
2020-07-11 11:24:32,552:INFO:2
2020-07-11 11:24:45,526:WARNING:Not Found: /favicon.ico
2020-07-11 11:25:17,385:INFO:------------------------------------------------------------------------------------------------
2020-07-11 11:27:20,312:INFO:ДУГААРЫН ҮНЭ
2020-07-11 11:27:20,316:INFO:5000
2020-07-11 11:42:18,734:INFO:ДУГААРЫН ҮНЭ
2020-07-11 11:42:18,737:INFO:5000
2020-07-11 11:55:44,740:INFO:ДУГААРЫН ҮНЭ
2020-07-11 11:55:44,743:INFO:5000
2020-07-11 11:56:30,086:INFO:ДУГААРЫН ҮНЭ
2020-07-11 11:56:30,089:INFO:5000
2020-07-11 12:08:35,494:INFO:------------------------------------------------------------------------------------------------
2020-07-11 12:25:17,427:INFO:------------------------------------------------------------------------------------------------
2020-07-11 13:08:35,633:INFO:------------------------------------------------------------------------------------------------
2020-07-11 13:25:17,497:INFO:------------------------------------------------------------------------------------------------
2020-07-11 13:42:43,134:INFO:------------------------------------------------------------------------------------------------
2020-07-11 13:43:09,891:INFO:ДУГААРАА СОНГОЖ БУЙ ХЭСЭГ
2020-07-11 13:43:09,892:INFO:7
2020-07-11 13:43:10,966:WARNING:Not Found: /favicon.ico
2020-07-11 13:57:52,167:INFO:------------------------------------------------------------------------------------------------
2020-07-11 13:57:53,590:INFO:ДУГААРАА СОНГОЖ БУЙ ХЭСЭГ
2020-07-11 13:57:53,590:INFO:7
2020-07-11 13:58:07,596:INFO:------------------------------------------------------------------------------------------------
2020-07-11 13:58:08,899:INFO:ДУГААРАА СОНГОЖ БУЙ ХЭСЭГ
2020-07-11 13:58:08,899:INFO:2
2020-07-11 13:58:53,715:INFO:------------------------------------------------------------------------------------------------
2020-07-11 13:58:54,725:INFO:ДУГААРАА СОНГОЖ БУЙ ХЭСЭГ
2020-07-11 13:58:54,725:INFO:7
2020-07-11 13:59:27,402:INFO:------------------------------------------------------------------------------------------------
2020-07-11 13:59:33,786:INFO:ДУГААРАА СОНГОЖ БУЙ ХЭСЭГ
2020-07-11 13:59:33,787:INFO:2
2020-07-11 13:59:36,094:INFO:------------------------------------------------------------------------------------------------
2020-07-11 13:59:41,413:INFO:ДУГААРАА СОНГОЖ БУЙ ХЭСЭГ
2020-07-11 13:59:41,413:INFO:2
2020-07-11 13:59:43,552:INFO:------------------------------------------------------------------------------------------------
2020-07-11 13:59:59,541:INFO:ДУГААРАА СОНГОЖ БУЙ ХЭСЭГ
2020-07-11 13:59:59,542:INFO:2
2020-07-11 14:00:12,332:INFO:------------------------------------------------------------------------------------------------
2020-07-11 14:00:14,374:INFO:ДУГААРАА СОНГОЖ БУЙ ХЭСЭГ
2020-07-11 14:00:14,374:INFO:7
2020-07-11 14:00:31,048:INFO:------------------------------------------------------------------------------------------------
2020-07-11 14:00:37,204:INFO:ДУГААРАА СОНГОЖ БУЙ ХЭСЭГ
2020-07-11 14:00:37,204:INFO:7
2020-07-11 14:01:09,683:INFO:ДУГААРАА СОНГОЖ БУЙ ХЭСЭГ
2020-07-11 14:01:09,684:INFO:7
2020-07-11 14:01:26,919:INFO:ДУГААРАА СОНГОЖ БУЙ ХЭСЭГ
2020-07-11 14:01:26,920:INFO:7
2020-07-11 14:02:05,805:INFO:------------------------------------------------------------------------------------------------
2020-07-11 14:02:07,181:INFO:ДУГААРАА СОНГОЖ БУЙ ХЭСЭГ
2020-07-11 14:02:07,182:INFO:7
2020-07-11 14:02:23,630:INFO:------------------------------------------------------------------------------------------------
2020-07-11 14:02:25,364:INFO:ДУГААРАА СОНГОЖ БУЙ ХЭСЭГ
2020-07-11 14:02:25,364:INFO:2
2020-07-11 14:08:35,737:INFO:------------------------------------------------------------------------------------------------
2020-07-11 14:16:56,586:INFO:------------------------------------------------------------------------------------------------
2020-07-11 14:16:57,539:INFO:ДУГААРАА СОНГОЖ БУЙ ХЭСЭГ
2020-07-11 14:16:57,539:INFO:2
2020-07-11 14:17:38,200:INFO:ДУГААРЫН ҮНЭ
2020-07-11 14:17:38,203:INFO:5000
2020-07-11 14:25:17,549:INFO:------------------------------------------------------------------------------------------------
2020-07-11 14:31:11,151:INFO:------------------------------------------------------------------------------------------------
2020-07-11 14:31:19,090:INFO:ДУГААРАА СОНГОЖ БУЙ ХЭСЭГ
2020-07-11 14:31:19,091:INFO:7
2020-07-11 14:33:45,225:INFO:ДУГААРЫН ҮНЭ
2020-07-11 14:33:45,228:INFO:10000
2020-07-11 14:33:59,714:INFO:ДУГААРЫН ZAHIALGA
2020-07-11 14:55:04,299:INFO:------------------------------------------------------------------------------------------------
2020-07-11 14:57:53,297:INFO:------------------------------------------------------------------------------------------------
2020-07-11 14:58:00,972:INFO:ДУГААРАА СОНГОЖ БУЙ ХЭСЭГ
2020-07-11 14:58:00,972:INFO:7
2020-07-11 14:58:05,808:INFO:------------------------------------------------------------------------------------------------
2020-07-11 14:58:06,818:INFO:ДУГААРАА СОНГОЖ БУЙ ХЭСЭГ
2020-07-11 14:58:06,819:INFO:2
2020-07-11 14:58:26,973:INFO:ДУГААРЫН ҮНЭ
2020-07-11 14:58:26,977:INFO:5000
2020-07-11 15:05:20,613:INFO:------------------------------------------------------------------------------------------------
2020-07-11 15:05:23,060:INFO:ДУГААРАА СОНГОЖ БУЙ ХЭСЭГ
2020-07-11 15:05:23,061:INFO:7
2020-07-11 15:05:50,928:INFO:ДУГААРЫН ҮНЭ
2020-07-11 15:05:50,930:INFO:10000
2020-07-11 15:06:42,725:INFO:------------------------------------------------------------------------------------------------
2020-07-11 15:06:43,683:INFO:ДУГААРАА СОНГОЖ БУЙ ХЭСЭГ
2020-07-11 15:06:43,683:INFO:2
2020-07-11 15:08:35,822:INFO:------------------------------------------------------------------------------------------------
2020-07-11 15:25:17,595:INFO:------------------------------------------------------------------------------------------------
2020-07-11 15:47:47,494:INFO:ДУГААРЫН ҮНЭ
2020-07-11 15:47:47,497:INFO:10000
2020-07-11 15:48:36,638:INFO:ДУГААРАА СОНГОЖ БУЙ ХЭСЭГ
2020-07-11 15:48:36,638:INFO:7
2020-07-11 15:48:52,265:INFO:ДУГААРАА СОНГОЖ БУЙ ХЭСЭГ
2020-07-11 15:48:52,265:INFO:7
2020-07-11 15:48:52,426:INFO:ДУГААРАА СОНГОЖ БУЙ ХЭСЭГ
2020-07-11 15:48:52,427:INFO:7
2020-07-11 15:48:52,959:WARNING:Not Found: /favicon.ico
2020-07-11 15:48:53,067:INFO:ДУГААРАА СОНГОЖ БУЙ ХЭСЭГ
2020-07-11 15:48:53,067:INFO:7
2020-07-11 15:48:53,348:WARNING:Not Found: /favicon.ico
2020-07-11 15:48:57,717:INFO:ДУГААРАА СОНГОЖ БУЙ ХЭСЭГ
2020-07-11 15:48:57,717:INFO:7
2020-07-11 15:49:01,206:INFO:ДУГААРАА СОНГОЖ БУЙ ХЭСЭГ
2020-07-11 15:49:01,206:INFO:7
2020-07-11 15:49:41,173:INFO:ДУГААРАА СОНГОЖ БУЙ ХЭСЭГ
2020-07-11 15:49:41,173:INFO:7
2020-07-11 15:49:52,233:INFO:ДУГААРАА СОНГОЖ БУЙ ХЭСЭГ
2020-07-11 15:49:52,233:INFO:7
2020-07-11 15:49:52,834:WARNING:Not Found: /favicon.ico
2020-07-11 15:50:12,693:INFO:ДУГААРАА СОНГОЖ БУЙ ХЭСЭГ
2020-07-11 15:50:12,693:INFO:7
2020-07-11 15:51:39,878:INFO:ДУГААРАА СОНГОЖ БУЙ ХЭСЭГ
2020-07-11 15:51:39,878:INFO:7
2020-07-11 15:52:25,538:INFO:------------------------------------------------------------------------------------------------
2020-07-11 15:52:29,668:INFO:ДУГААРАА СОНГОЖ БУЙ ХЭСЭГ
2020-07-11 15:52:29,668:INFO:2
2020-07-11 15:52:29,940:WARNING:Not Found: /favicon.ico
2020-07-11 15:53:34,591:INFO:------------------------------------------------------------------------------------------------
2020-07-11 15:53:36,481:INFO:ДУГААРАА СОНГОЖ БУЙ ХЭСЭГ
2020-07-11 15:53:36,482:INFO:7
2020-07-11 16:08:35,951:INFO:------------------------------------------------------------------------------------------------
2020-07-11 16:25:17,658:INFO:------------------------------------------------------------------------------------------------
2020-07-11 17:08:36,091:INFO:------------------------------------------------------------------------------------------------
2020-07-11 17:25:17,710:INFO:------------------------------------------------------------------------------------------------
2020-07-11 17:28:07,112:INFO:ДУГААРЫН ҮНЭ
2020-07-11 17:28:07,115:INFO:10000
2020-07-11 17:28:11,822:INFO:ДУГААРЫН ҮНЭ
2020-07-11 17:28:11,824:INFO:10000
2020-07-11 17:28:19,500:INFO:------------------------------------------------------------------------------------------------
2020-07-11 17:28:22,022:INFO:ДУГААРАА СОНГОЖ БУЙ ХЭСЭГ
2020-07-11 17:28:22,023:INFO:2
2020-07-11 17:28:47,005:INFO:ДУГААРЫН ҮНЭ
2020-07-11 17:28:47,008:INFO:5000
2020-07-11 17:36:46,963:INFO:------------------------------------------------------------------------------------------------
2020-07-11 17:36:47,601:INFO:ДУГААРАА СОНГОЖ БУЙ ХЭСЭГ
2020-07-11 17:36:47,602:INFO:2
2020-07-11 17:57:58,237:INFO:------------------------------------------------------------------------------------------------
2020-07-11 17:57:58,439:WARNING:Not Found: /apple-touch-icon-120x120-precomposed.png
2020-07-11 17:57:58,540:WARNING:Not Found: /apple-touch-icon-120x120.png
2020-07-11 17:57:58,638:WARNING:Not Found: /apple-touch-icon-precomposed.png
2020-07-11 17:57:58,748:WARNING:Not Found: /apple-touch-icon.png
2020-07-11 18:08:36,222:INFO:------------------------------------------------------------------------------------------------
2020-07-11 18:25:17,784:INFO:------------------------------------------------------------------------------------------------
2020-07-11 19:19:06,644:INFO:ДУГААРАА СОНГОЖ БУЙ ХЭСЭГ
2020-07-11 19:19:06,644:INFO:2
2020-07-11 19:25:17,815:INFO:------------------------------------------------------------------------------------------------
2020-07-11 20:25:17,893:INFO:------------------------------------------------------------------------------------------------
2020-07-11 21:25:17,964:INFO:------------------------------------------------------------------------------------------------
2020-07-11 21:28:25,032:WARNING:Not Found: /favicon.ico
2020-07-11 22:09:25,121:WARNING:Not Found: /
2020-07-11 22:25:18,013:INFO:------------------------------------------------------------------------------------------------
2020-07-11 23:25:18,083:INFO:------------------------------------------------------------------------------------------------
2020-07-12 00:25:18,126:INFO:------------------------------------------------------------------------------------------------
2020-07-12 01:25:18,192:INFO:------------------------------------------------------------------------------------------------
2020-07-12 02:25:18,237:INFO:------------------------------------------------------------------------------------------------
2020-07-12 03:25:18,301:INFO:------------------------------------------------------------------------------------------------
2020-07-12 04:25:18,354:INFO:------------------------------------------------------------------------------------------------
2020-07-12 05:15:00,398:WARNING:Not Found: /
2020-07-12 05:25:18,443:INFO:------------------------------------------------------------------------------------------------
