2020-05-31 06:37:08,612:INFO:------------------------------------------------------------------------------------------------
2020-05-31 06:49:26,303:INFO:------------------------------------------------------------------------------------------------
2020-05-31 07:02:40,939:INFO:------------------------------------------------------------------------------------------------
2020-05-31 07:37:08,711:INFO:------------------------------------------------------------------------------------------------
2020-05-31 07:49:26,422:INFO:------------------------------------------------------------------------------------------------
2020-05-31 08:02:41,976:INFO:------------------------------------------------------------------------------------------------
2020-05-31 08:37:08,793:INFO:------------------------------------------------------------------------------------------------
2020-05-31 08:49:26,545:INFO:------------------------------------------------------------------------------------------------
2020-05-31 09:01:58,377:INFO:ДУГААРАА СОНГОЖ БУЙ ХЭСЭГ
2020-05-31 09:01:58,377:INFO:2
2020-05-31 09:02:42,980:INFO:------------------------------------------------------------------------------------------------
2020-05-31 09:08:53,414:INFO:------------------------------------------------------------------------------------------------
2020-05-31 09:08:57,538:INFO:ДУГААРАА СОНГОЖ БУЙ ХЭСЭГ
2020-05-31 09:08:57,538:INFO:7
2020-05-31 09:08:57,687:WARNING:Not Found: /favicon.ico
2020-05-31 09:08:59,991:INFO:ДУГААРАА СОНГОЖ БУЙ ХЭСЭГ
2020-05-31 09:08:59,992:INFO:7
2020-05-31 09:24:20,609:INFO:ДУГААРАА СОНГОЖ БУЙ ХЭСЭГ
2020-05-31 09:24:20,609:INFO:7
2020-05-31 09:24:26,480:INFO:------------------------------------------------------------------------------------------------
2020-05-31 09:24:27,481:INFO:ДУГААРАА СОНГОЖ БУЙ ХЭСЭГ
2020-05-31 09:24:27,481:INFO:2
2020-05-31 09:24:35,651:ERROR:Internal Server Error: /getnumber
Traceback (most recent call last):
  File "/usr/local/lib/python2.7/dist-packages/django/core/handlers/exception.py", line 41, in inner
    response = get_response(request)
  File "/usr/local/lib/python2.7/dist-packages/django/core/handlers/base.py", line 187, in _get_response
    response = self.process_exception_by_middleware(e, request)
  File "/usr/local/lib/python2.7/dist-packages/django/core/handlers/base.py", line 185, in _get_response
    response = wrapped_callback(request, *callback_args, **callback_kwargs)
  File "/usr/local/lib/python2.7/dist-packages/django/views/decorators/csrf.py", line 58, in wrapped_view
    return view_func(*args, **kwargs)
  File "/usr/local/lib/python2.7/dist-packages/django/views/generic/base.py", line 68, in view
    return self.dispatch(request, *args, **kwargs)
  File "/usr/local/lib/python2.7/dist-packages/rest_framework/views.py", line 495, in dispatch
    response = self.handle_exception(exc)
  File "/usr/local/lib/python2.7/dist-packages/rest_framework/views.py", line 455, in handle_exception
    self.raise_uncaught_exception(exc)
  File "/usr/local/lib/python2.7/dist-packages/rest_framework/views.py", line 492, in dispatch
    response = handler(request, *args, **kwargs)
  File "/usr/local/lib/python2.7/dist-packages/rest_framework/decorators.py", line 55, in handler
    return func(*args, **kwargs)
  File "/home/user/nFilterNew/controller/views.py", line 206, in getNumber
    if data[1] == az:
IndexError: list index out of range
2020-05-31 09:29:33,721:INFO:------------------------------------------------------------------------------------------------
2020-05-31 09:30:53,217:INFO:ДУГААРАА СОНГОЖ БУЙ ХЭСЭГ
2020-05-31 09:30:53,217:INFO:2
2020-05-31 09:30:54,790:INFO:------------------------------------------------------------------------------------------------
2020-05-31 09:33:59,721:INFO:------------------------------------------------------------------------------------------------
2020-05-31 09:37:08,860:INFO:------------------------------------------------------------------------------------------------
2020-05-31 09:40:04,358:INFO:ДУГААРАА СОНГОЖ БУЙ ХЭСЭГ
2020-05-31 09:40:04,358:INFO:7
2020-05-31 09:40:17,076:INFO:ДУГААРАА СОНГОЖ БУЙ ХЭСЭГ
2020-05-31 09:40:17,076:INFO:7
2020-05-31 09:40:47,950:INFO:ДУГААРАА СОНГОЖ БУЙ ХЭСЭГ
2020-05-31 09:40:47,950:INFO:7
2020-05-31 09:43:00,790:INFO:------------------------------------------------------------------------------------------------
2020-05-31 09:44:28,597:INFO:ДУГААРАА СОНГОЖ БУЙ ХЭСЭГ
2020-05-31 09:44:28,598:INFO:7
2020-05-31 09:46:00,296:INFO:ДУГААРАА СОНГОЖ БУЙ ХЭСЭГ
2020-05-31 09:46:00,296:INFO:7
2020-05-31 09:46:45,539:INFO:ДУГААРАА СОНГОЖ БУЙ ХЭСЭГ
2020-05-31 09:46:45,540:INFO:7
2020-05-31 09:47:38,957:INFO:ДУГААРАА СОНГОЖ БУЙ ХЭСЭГ
2020-05-31 09:47:38,957:INFO:7
2020-05-31 09:47:54,823:INFO:ДУГААРАА СОНГОЖ БУЙ ХЭСЭГ
2020-05-31 09:47:54,824:INFO:7
2020-05-31 09:51:53,937:INFO:------------------------------------------------------------------------------------------------
2020-05-31 09:58:12,567:INFO:------------------------------------------------------------------------------------------------
2020-05-31 10:00:03,878:INFO:------------------------------------------------------------------------------------------------
2020-05-31 10:02:00,508:INFO:------------------------------------------------------------------------------------------------
2020-05-31 10:02:01,642:INFO:ДУГААРАА СОНГОЖ БУЙ ХЭСЭГ
2020-05-31 10:02:01,643:INFO:2
2020-05-31 10:02:07,562:INFO:ДУГААРАА СОНГОЖ БУЙ ХЭСЭГ
2020-05-31 10:02:07,563:INFO:2
2020-05-31 10:02:36,456:INFO:------------------------------------------------------------------------------------------------
2020-05-31 10:02:43,746:INFO:ДУГААРАА СОНГОЖ БУЙ ХЭСЭГ
2020-05-31 10:02:43,746:INFO:7
2020-05-31 10:02:44,044:INFO:------------------------------------------------------------------------------------------------
2020-05-31 10:02:44,635:WARNING:Not Found: /favicon.ico
2020-05-31 10:02:48,423:INFO:ДУГААРАА СОНГОЖ БУЙ ХЭСЭГ
2020-05-31 10:02:48,423:INFO:2
2020-05-31 10:03:20,149:INFO:ДУГААРАА СОНГОЖ БУЙ ХЭСЭГ
2020-05-31 10:03:20,149:INFO:7
2020-05-31 10:03:20,718:WARNING:Not Found: /favicon.ico
2020-05-31 10:03:22,428:INFO:ДУГААРАА СОНГОЖ БУЙ ХЭСЭГ
2020-05-31 10:03:22,428:INFO:7
2020-05-31 10:04:06,212:INFO:ДУГААРАА СОНГОЖ БУЙ ХЭСЭГ
2020-05-31 10:04:06,212:INFO:2
2020-05-31 10:06:10,457:INFO:ДУГААРАА СОНГОЖ БУЙ ХЭСЭГ
2020-05-31 10:06:10,457:INFO:2
2020-05-31 10:06:16,100:WARNING:Not Found: /favicon.ico
2020-05-31 10:07:10,830:INFO:ДУГААРАА СОНГОЖ БУЙ ХЭСЭГ
2020-05-31 10:07:10,830:INFO:7
2020-05-31 10:07:22,158:INFO:ДУГААРАА СОНГОЖ БУЙ ХЭСЭГ
2020-05-31 10:07:22,158:INFO:7
2020-05-31 10:08:04,446:INFO:ДУГААРАА СОНГОЖ БУЙ ХЭСЭГ
2020-05-31 10:08:04,446:INFO:7
2020-05-31 10:08:04,800:INFO:ДУГААРАА СОНГОЖ БУЙ ХЭСЭГ
2020-05-31 10:08:04,800:INFO:2
2020-05-31 10:11:11,280:INFO:------------------------------------------------------------------------------------------------
2020-05-31 10:11:12,334:INFO:ДУГААРАА СОНГОЖ БУЙ ХЭСЭГ
2020-05-31 10:11:12,335:INFO:7
2020-05-31 10:11:16,121:INFO:ДУГААРАА СОНГОЖ БУЙ ХЭСЭГ
2020-05-31 10:11:16,121:INFO:7
2020-05-31 10:11:46,695:INFO:ДУГААРАА СОНГОЖ БУЙ ХЭСЭГ
2020-05-31 10:11:46,696:INFO:7
2020-05-31 10:12:30,022:INFO:ДУГААРАА СОНГОЖ БУЙ ХЭСЭГ
2020-05-31 10:12:30,022:INFO:7
2020-05-31 10:13:23,902:INFO:ДУГААРАА СОНГОЖ БУЙ ХЭСЭГ
2020-05-31 10:13:23,902:INFO:2
2020-05-31 10:13:24,128:WARNING:Not Found: /favicon.ico
2020-05-31 10:13:41,076:INFO:ДУГААРАА СОНГОЖ БУЙ ХЭСЭГ
2020-05-31 10:13:41,076:INFO:7
2020-05-31 10:14:30,303:INFO:ДУГААРЫН ҮНЭ
2020-05-31 10:14:30,306:INFO:5000
2020-05-31 10:15:19,507:INFO:ДУГААРАА СОНГОЖ БУЙ ХЭСЭГ
2020-05-31 10:15:19,507:INFO:7
2020-05-31 10:15:22,396:INFO:ДУГААРАА СОНГОЖ БУЙ ХЭСЭГ
2020-05-31 10:15:22,396:INFO:7
2020-05-31 10:15:22,862:WARNING:Not Found: /favicon.ico
2020-05-31 10:15:26,851:INFO:------------------------------------------------------------------------------------------------
2020-05-31 10:15:27,572:INFO:ДУГААРАА СОНГОЖ БУЙ ХЭСЭГ
2020-05-31 10:15:27,573:INFO:2
2020-05-31 10:15:27,957:INFO:ДУГААРАА СОНГОЖ БУЙ ХЭСЭГ
2020-05-31 10:15:27,957:INFO:2
2020-05-31 10:15:33,122:WARNING:Not Found: /favicon.ico
2020-05-31 10:15:34,590:INFO:------------------------------------------------------------------------------------------------
2020-05-31 10:15:35,684:INFO:ДУГААРАА СОНГОЖ БУЙ ХЭСЭГ
2020-05-31 10:15:35,684:INFO:2
2020-05-31 10:15:57,305:INFO:ДУГААРЫН ҮНЭ
2020-05-31 10:15:57,307:INFO:5000
2020-05-31 10:16:14,992:INFO:ДУГААРЫН ZAHIALGA
2020-05-31 10:16:21,913:INFO:------------------------------------------------------------------------------------------------
2020-05-31 10:20:57,433:INFO:ДУГААРАА СОНГОЖ БУЙ ХЭСЭГ
2020-05-31 10:20:57,433:INFO:7
2020-05-31 10:21:15,831:INFO:ДУГААРЫН ҮНЭ
2020-05-31 10:21:15,834:INFO:10000
2020-05-31 10:21:27,603:INFO:ДУГААРЫН ZAHIALGA
2020-05-31 10:21:29,518:INFO:------------------------------------------------------------------------------------------------
2020-05-31 10:29:03,781:INFO:------------------------------------------------------------------------------------------------
2020-05-31 10:29:04,654:INFO:ДУГААРАА СОНГОЖ БУЙ ХЭСЭГ
2020-05-31 10:29:04,654:INFO:7
2020-05-31 10:29:09,931:INFO:------------------------------------------------------------------------------------------------
2020-05-31 10:29:10,518:INFO:ДУГААРАА СОНГОЖ БУЙ ХЭСЭГ
2020-05-31 10:29:10,518:INFO:7
2020-05-31 10:29:32,874:ERROR:Internal Server Error: /getnumber
Traceback (most recent call last):
  File "/usr/local/lib/python2.7/dist-packages/django/core/handlers/exception.py", line 41, in inner
    response = get_response(request)
  File "/usr/local/lib/python2.7/dist-packages/django/core/handlers/base.py", line 187, in _get_response
    response = self.process_exception_by_middleware(e, request)
  File "/usr/local/lib/python2.7/dist-packages/django/core/handlers/base.py", line 185, in _get_response
    response = wrapped_callback(request, *callback_args, **callback_kwargs)
  File "/usr/local/lib/python2.7/dist-packages/django/views/decorators/csrf.py", line 58, in wrapped_view
    return view_func(*args, **kwargs)
  File "/usr/local/lib/python2.7/dist-packages/django/views/generic/base.py", line 68, in view
    return self.dispatch(request, *args, **kwargs)
  File "/usr/local/lib/python2.7/dist-packages/rest_framework/views.py", line 495, in dispatch
    response = self.handle_exception(exc)
  File "/usr/local/lib/python2.7/dist-packages/rest_framework/views.py", line 455, in handle_exception
    self.raise_uncaught_exception(exc)
  File "/usr/local/lib/python2.7/dist-packages/rest_framework/views.py", line 492, in dispatch
    response = handler(request, *args, **kwargs)
  File "/usr/local/lib/python2.7/dist-packages/rest_framework/decorators.py", line 55, in handler
    return func(*args, **kwargs)
  File "/home/user/nFilterNew/controller/views.py", line 206, in getNumber
    if data[1] == az:
IndexError: list index out of range
2020-05-31 10:29:50,397:INFO:------------------------------------------------------------------------------------------------
2020-05-31 10:30:54,892:INFO:------------------------------------------------------------------------------------------------
2020-05-31 10:31:21,217:INFO:ДУГААРЫН ҮНЭ
2020-05-31 10:31:21,220:INFO:10000
2020-05-31 10:31:40,271:INFO:ДУГААРЫН ZAHIALGA
2020-05-31 10:33:40,384:INFO:------------------------------------------------------------------------------------------------
2020-05-31 10:37:08,921:INFO:------------------------------------------------------------------------------------------------
2020-05-31 10:41:48,744:INFO:ДУГААРАА СОНГОЖ БУЙ ХЭСЭГ
2020-05-31 10:41:48,744:INFO:7
2020-05-31 10:41:49,104:WARNING:Not Found: /favicon.ico
2020-05-31 10:41:49,231:WARNING:Not Found: /favicon.ico
2020-05-31 10:41:50,468:INFO:------------------------------------------------------------------------------------------------
2020-05-31 10:41:51,368:INFO:ДУГААРАА СОНГОЖ БУЙ ХЭСЭГ
2020-05-31 10:41:51,368:INFO:2
2020-05-31 10:43:01,273:INFO:------------------------------------------------------------------------------------------------
2020-05-31 10:46:34,578:INFO:------------------------------------------------------------------------------------------------
2020-05-31 10:47:26,813:INFO:ДУГААРАА СОНГОЖ БУЙ ХЭСЭГ
2020-05-31 10:47:26,813:INFO:7
2020-05-31 10:56:45,516:INFO:ДУГААРАА СОНГОЖ БУЙ ХЭСЭГ
2020-05-31 10:56:45,516:INFO:2
2020-05-31 10:56:45,930:WARNING:Not Found: /favicon.ico
2020-05-31 10:57:23,639:INFO:ДУГААРЫН ҮНЭ
2020-05-31 10:57:23,642:INFO:5000
2020-05-31 11:00:04,064:INFO:------------------------------------------------------------------------------------------------
2020-05-31 11:02:33,748:INFO:------------------------------------------------------------------------------------------------
2020-05-31 11:02:36,699:INFO:------------------------------------------------------------------------------------------------
2020-05-31 11:02:45,018:INFO:------------------------------------------------------------------------------------------------
2020-05-31 11:06:17,915:INFO:ДУГААРАА СОНГОЖ БУЙ ХЭСЭГ
2020-05-31 11:06:17,916:INFO:ДУГААРАА СОНГОЖ БУЙ ХЭСЭГ
2020-05-31 11:06:17,916:INFO:7
2020-05-31 11:06:17,917:INFO:2
2020-05-31 11:06:28,036:INFO:------------------------------------------------------------------------------------------------
2020-05-31 11:06:28,069:INFO:------------------------------------------------------------------------------------------------
2020-05-31 11:07:32,567:INFO:------------------------------------------------------------------------------------------------
2020-05-31 11:10:46,709:INFO:ДУГААРАА СОНГОЖ БУЙ ХЭСЭГ
2020-05-31 11:10:46,709:INFO:7
2020-05-31 11:16:22,112:INFO:------------------------------------------------------------------------------------------------
2020-05-31 11:21:29,646:INFO:------------------------------------------------------------------------------------------------
2020-05-31 11:28:21,163:INFO:------------------------------------------------------------------------------------------------
2020-05-31 11:29:14,513:INFO:------------------------------------------------------------------------------------------------
2020-05-31 11:29:36,506:INFO:ДУГААРАА СОНГОЖ БУЙ ХЭСЭГ
2020-05-31 11:29:36,507:INFO:2
2020-05-31 11:30:07,056:INFO:------------------------------------------------------------------------------------------------
2020-05-31 11:33:40,501:INFO:------------------------------------------------------------------------------------------------
2020-05-31 11:37:08,995:INFO:------------------------------------------------------------------------------------------------
2020-05-31 11:57:44,021:INFO:ДУГААРАА СОНГОЖ БУЙ ХЭСЭГ
2020-05-31 11:57:44,021:INFO:2
2020-05-31 11:57:46,693:INFO:ДУГААРАА СОНГОЖ БУЙ ХЭСЭГ
2020-05-31 11:57:46,694:INFO:2
2020-05-31 11:57:48,474:INFO:ДУГААРАА СОНГОЖ БУЙ ХЭСЭГ
2020-05-31 11:57:48,474:INFO:2
2020-05-31 11:57:57,204:INFO:ДУГААРАА СОНГОЖ БУЙ ХЭСЭГ
2020-05-31 11:57:57,204:INFO:2
2020-05-31 11:57:58,343:INFO:ДУГААРАА СОНГОЖ БУЙ ХЭСЭГ
2020-05-31 11:57:58,343:INFO:2
2020-05-31 11:58:00,424:INFO:ДУГААРАА СОНГОЖ БУЙ ХЭСЭГ
2020-05-31 11:58:00,424:INFO:2
2020-05-31 11:59:05,695:INFO:ДУГААРАА СОНГОЖ БУЙ ХЭСЭГ
2020-05-31 11:59:05,695:INFO:2
2020-05-31 11:59:38,204:INFO:------------------------------------------------------------------------------------------------
2020-05-31 11:59:39,045:INFO:ДУГААРАА СОНГОЖ БУЙ ХЭСЭГ
2020-05-31 11:59:39,045:INFO:2
2020-05-31 12:00:06,267:INFO:------------------------------------------------------------------------------------------------
2020-05-31 12:00:42,685:INFO:ДУГААРАА СОНГОЖ БУЙ ХЭСЭГ
2020-05-31 12:00:42,685:INFO:7
2020-05-31 12:01:50,321:INFO:------------------------------------------------------------------------------------------------
2020-05-31 12:01:53,335:INFO:ДУГААРАА СОНГОЖ БУЙ ХЭСЭГ
2020-05-31 12:01:53,335:INFO:2
2020-05-31 12:01:54,785:INFO:ДУГААРАА СОНГОЖ БУЙ ХЭСЭГ
2020-05-31 12:01:54,786:INFO:2
2020-05-31 12:02:03,009:INFO:ДУГААРАА СОНГОЖ БУЙ ХЭСЭГ
2020-05-31 12:02:03,009:INFO:2
2020-05-31 12:02:03,821:WARNING:Not Found: /favicon.ico
2020-05-31 12:02:03,827:WARNING:Not Found: /favicon.ico
2020-05-31 12:02:40,126:INFO:ДУГААРАА СОНГОЖ БУЙ ХЭСЭГ
2020-05-31 12:02:40,126:INFO:7
2020-05-31 12:02:46,054:INFO:------------------------------------------------------------------------------------------------
2020-05-31 12:02:46,410:INFO:------------------------------------------------------------------------------------------------
2020-05-31 12:02:48,749:INFO:ДУГААРАА СОНГОЖ БУЙ ХЭСЭГ
2020-05-31 12:02:48,750:INFO:2
2020-05-31 12:02:49,029:WARNING:Not Found: /favicon.ico
2020-05-31 12:02:50,066:INFO:------------------------------------------------------------------------------------------------
2020-05-31 12:02:50,582:INFO:ДУГААРАА СОНГОЖ БУЙ ХЭСЭГ
2020-05-31 12:02:50,582:INFO:7
2020-05-31 12:02:56,767:WARNING:Not Found: /favicon.ico
2020-05-31 12:03:20,572:INFO:ДУГААРАА СОНГОЖ БУЙ ХЭСЭГ
2020-05-31 12:03:20,572:INFO:7
2020-05-31 12:03:21,867:INFO:------------------------------------------------------------------------------------------------
2020-05-31 12:03:23,208:INFO:ДУГААРАА СОНГОЖ БУЙ ХЭСЭГ
2020-05-31 12:03:23,208:INFO:2
2020-05-31 12:05:17,537:INFO:ДУГААРАА СОНГОЖ БУЙ ХЭСЭГ
2020-05-31 12:05:17,537:INFO:7
2020-05-31 12:05:18,786:WARNING:Not Found: /favicon.ico
2020-05-31 12:05:21,657:INFO:ДУГААРАА СОНГОЖ БУЙ ХЭСЭГ
2020-05-31 12:05:21,657:INFO:7
2020-05-31 12:05:22,017:INFO:ДУГААРЫН ҮНЭ
2020-05-31 12:05:22,020:INFO:10000
2020-05-31 12:05:39,516:INFO:ДУГААРАА СОНГОЖ БУЙ ХЭСЭГ
2020-05-31 12:05:39,517:INFO:7
2020-05-31 12:05:49,678:INFO:ДУГААРАА СОНГОЖ БУЙ ХЭСЭГ
2020-05-31 12:05:49,679:INFO:7
2020-05-31 12:05:54,168:INFO:ДУГААРАА СОНГОЖ БУЙ ХЭСЭГ
2020-05-31 12:05:54,169:INFO:2
2020-05-31 12:06:05,244:INFO:ДУГААРАА СОНГОЖ БУЙ ХЭСЭГ
2020-05-31 12:06:05,245:INFO:2
2020-05-31 12:06:50,644:INFO:ДУГААРАА СОНГОЖ БУЙ ХЭСЭГ
2020-05-31 12:06:50,644:INFO:2
2020-05-31 12:06:52,935:INFO:ДУГААРАА СОНГОЖ БУЙ ХЭСЭГ
2020-05-31 12:06:52,935:INFO:2
2020-05-31 12:06:54,996:INFO:ДУГААРАА СОНГОЖ БУЙ ХЭСЭГ
2020-05-31 12:06:54,996:INFO:2
2020-05-31 12:07:32,814:INFO:------------------------------------------------------------------------------------------------
2020-05-31 12:08:07,587:INFO:ДУГААРАА СОНГОЖ БУЙ ХЭСЭГ
2020-05-31 12:08:07,588:INFO:2
2020-05-31 12:12:08,081:INFO:------------------------------------------------------------------------------------------------
2020-05-31 12:12:58,506:INFO:ДУГААРАА СОНГОЖ БУЙ ХЭСЭГ
2020-05-31 12:12:58,506:INFO:7
2020-05-31 12:13:00,196:INFO:ДУГААРАА СОНГОЖ БУЙ ХЭСЭГ
2020-05-31 12:13:00,197:INFO:7
2020-05-31 12:13:01,462:INFO:ДУГААРАА СОНГОЖ БУЙ ХЭСЭГ
2020-05-31 12:13:01,463:INFO:7
2020-05-31 12:13:06,934:INFO:ДУГААРАА СОНГОЖ БУЙ ХЭСЭГ
2020-05-31 12:13:06,934:INFO:7
2020-05-31 12:16:32,675:INFO:ДУГААРАА СОНГОЖ БУЙ ХЭСЭГ
2020-05-31 12:16:32,675:INFO:2
2020-05-31 12:16:34,789:INFO:ДУГААРАА СОНГОЖ БУЙ ХЭСЭГ
2020-05-31 12:16:34,789:INFO:2
2020-05-31 12:16:35,794:INFO:ДУГААРАА СОНГОЖ БУЙ ХЭСЭГ
2020-05-31 12:16:35,794:INFO:2
2020-05-31 12:16:37,102:INFO:ДУГААРАА СОНГОЖ БУЙ ХЭСЭГ
2020-05-31 12:16:37,102:INFO:2
2020-05-31 12:16:41,914:INFO:ДУГААРЫН ҮНЭ
2020-05-31 12:16:41,916:INFO:5000
2020-05-31 12:20:07,584:INFO:------------------------------------------------------------------------------------------------
2020-05-31 12:20:08,305:INFO:ДУГААРАА СОНГОЖ БУЙ ХЭСЭГ
2020-05-31 12:20:08,305:INFO:7
2020-05-31 12:20:49,341:INFO:------------------------------------------------------------------------------------------------
2020-05-31 12:20:49,943:INFO:ДУГААРАА СОНГОЖ БУЙ ХЭСЭГ
2020-05-31 12:20:49,944:INFO:7
2020-05-31 12:21:29,748:INFO:------------------------------------------------------------------------------------------------
2020-05-31 12:21:59,446:INFO:ДУГААРЫН ҮНЭ
2020-05-31 12:21:59,449:INFO:10000
2020-05-31 12:25:26,338:INFO:ДУГААРАА СОНГОЖ БУЙ ХЭСЭГ
2020-05-31 12:25:26,338:INFO:7
2020-05-31 12:25:27,716:INFO:ДУГААРАА СОНГОЖ БУЙ ХЭСЭГ
2020-05-31 12:25:27,717:INFO:7
2020-05-31 12:25:29,789:INFO:ДУГААРАА СОНГОЖ БУЙ ХЭСЭГ
2020-05-31 12:25:29,789:INFO:7
2020-05-31 12:25:31,300:INFO:ДУГААРАА СОНГОЖ БУЙ ХЭСЭГ
2020-05-31 12:25:31,300:INFO:7
2020-05-31 12:25:32,812:INFO:ДУГААРАА СОНГОЖ БУЙ ХЭСЭГ
2020-05-31 12:25:32,813:INFO:7
2020-05-31 12:25:46,850:INFO:ДУГААРАА СОНГОЖ БУЙ ХЭСЭГ
2020-05-31 12:25:46,850:INFO:7
2020-05-31 12:25:50,071:INFO:------------------------------------------------------------------------------------------------
2020-05-31 12:26:04,822:INFO:ДУГААРАА СОНГОЖ БУЙ ХЭСЭГ
2020-05-31 12:26:04,822:INFO:2
2020-05-31 12:28:44,816:INFO:------------------------------------------------------------------------------------------------
2020-05-31 12:28:45,772:INFO:ДУГААРАА СОНГОЖ БУЙ ХЭСЭГ
2020-05-31 12:28:45,772:INFO:2
2020-05-31 12:31:33,614:INFO:ДУГААРАА СОНГОЖ БУЙ ХЭСЭГ
2020-05-31 12:31:33,614:INFO:2
2020-05-31 12:33:40,605:INFO:------------------------------------------------------------------------------------------------
2020-05-31 12:37:09,084:INFO:------------------------------------------------------------------------------------------------
2020-05-31 12:39:27,728:INFO:ДУГААРАА СОНГОЖ БУЙ ХЭСЭГ
2020-05-31 12:39:27,729:INFO:2
2020-05-31 12:39:32,793:WARNING:Not Found: /favicon.ico
2020-05-31 12:39:33,957:INFO:------------------------------------------------------------------------------------------------
2020-05-31 12:39:34,833:INFO:ДУГААРАА СОНГОЖ БУЙ ХЭСЭГ
2020-05-31 12:39:34,833:INFO:7
2020-05-31 12:40:23,990:INFO:ДУГААРЫН ҮНЭ
2020-05-31 12:40:23,993:INFO:10000
2020-05-31 12:41:21,688:INFO:ДУГААРЫН ZAHIALGA
2020-05-31 12:41:23,401:INFO:------------------------------------------------------------------------------------------------
2020-05-31 12:46:22,955:INFO:ДУГААРАА СОНГОЖ БУЙ ХЭСЭГ
2020-05-31 12:46:22,956:INFO:2
2020-05-31 12:56:55,656:INFO:ДУГААРАА СОНГОЖ БУЙ ХЭСЭГ
2020-05-31 12:56:55,657:INFO:7
2020-05-31 12:58:15,281:INFO:ДУГААРЫН ҮНЭ
2020-05-31 12:58:15,284:INFO:10000
2020-05-31 13:01:56,039:INFO:ДУГААРЫН ҮНЭ
2020-05-31 13:01:56,042:INFO:10000
2020-05-31 13:02:47,111:INFO:------------------------------------------------------------------------------------------------
2020-05-31 13:07:39,894:INFO:------------------------------------------------------------------------------------------------
2020-05-31 13:09:16,311:INFO:------------------------------------------------------------------------------------------------
2020-05-31 13:09:17,593:INFO:ДУГААРАА СОНГОЖ БУЙ ХЭСЭГ
2020-05-31 13:09:17,593:INFO:7
2020-05-31 13:12:08,568:INFO:------------------------------------------------------------------------------------------------
2020-05-31 13:21:29,873:INFO:------------------------------------------------------------------------------------------------
2020-05-31 13:22:13,329:INFO:------------------------------------------------------------------------------------------------
2020-05-31 13:22:19,187:INFO:------------------------------------------------------------------------------------------------
2020-05-31 13:22:22,332:INFO:ДУГААРАА СОНГОЖ БУЙ ХЭСЭГ
2020-05-31 13:22:22,333:INFO:2
2020-05-31 13:32:11,748:INFO:------------------------------------------------------------------------------------------------
2020-05-31 13:32:13,583:INFO:ДУГААРАА СОНГОЖ БУЙ ХЭСЭГ
2020-05-31 13:32:13,583:INFO:7
2020-05-31 13:34:29,152:INFO:------------------------------------------------------------------------------------------------
2020-05-31 13:37:09,150:INFO:------------------------------------------------------------------------------------------------
2020-05-31 13:37:49,876:INFO:------------------------------------------------------------------------------------------------
2020-05-31 13:37:50,640:INFO:ДУГААРАА СОНГОЖ БУЙ ХЭСЭГ
2020-05-31 13:37:50,641:INFO:2
2020-05-31 13:38:16,560:INFO:ДУГААРЫН ҮНЭ
2020-05-31 13:38:16,563:INFO:5000
2020-05-31 13:38:33,813:INFO:ДУГААРЫН ZAHIALGA
2020-05-31 13:40:33,937:INFO:------------------------------------------------------------------------------------------------
2020-05-31 13:46:45,799:INFO:ДУГААРАА СОНГОЖ БУЙ ХЭСЭГ
2020-05-31 13:46:45,799:INFO:2
2020-05-31 13:46:51,886:INFO:------------------------------------------------------------------------------------------------
2020-05-31 13:46:53,033:INFO:ДУГААРАА СОНГОЖ БУЙ ХЭСЭГ
2020-05-31 13:46:53,034:INFO:7
2020-05-31 13:47:14,651:INFO:ДУГААРАА СОНГОЖ БУЙ ХЭСЭГ
2020-05-31 13:47:14,651:INFO:7
2020-05-31 13:47:39,945:INFO:ДУГААРАА СОНГОЖ БУЙ ХЭСЭГ
2020-05-31 13:47:39,946:INFO:7
2020-05-31 13:49:02,406:INFO:ДУГААРАА СОНГОЖ БУЙ ХЭСЭГ
2020-05-31 13:49:02,407:INFO:7
2020-05-31 13:50:01,064:INFO:ДУГААРАА СОНГОЖ БУЙ ХЭСЭГ
2020-05-31 13:50:01,064:INFO:7
2020-05-31 13:52:33,892:INFO:ДУГААРАА СОНГОЖ БУЙ ХЭСЭГ
2020-05-31 13:52:33,893:INFO:7
2020-05-31 13:52:48,503:INFO:------------------------------------------------------------------------------------------------
2020-05-31 13:56:41,155:INFO:------------------------------------------------------------------------------------------------
2020-05-31 14:00:22,451:INFO:------------------------------------------------------------------------------------------------
2020-05-31 14:00:23,262:INFO:ДУГААРАА СОНГОЖ БУЙ ХЭСЭГ
2020-05-31 14:00:23,262:INFO:2
2020-05-31 14:02:48,133:INFO:------------------------------------------------------------------------------------------------
2020-05-31 14:08:10,644:INFO:------------------------------------------------------------------------------------------------
2020-05-31 14:11:24,490:INFO:ДУГААРАА СОНГОЖ БУЙ ХЭСЭГ
2020-05-31 14:11:24,490:INFO:3
2020-05-31 14:11:26,944:INFO:------------------------------------------------------------------------------------------------
2020-05-31 14:11:27,975:INFO:ДУГААРАА СОНГОЖ БУЙ ХЭСЭГ
2020-05-31 14:11:27,975:INFO:2
2020-05-31 14:12:08,954:INFO:------------------------------------------------------------------------------------------------
2020-05-31 14:12:09,919:INFO:ДУГААРАА СОНГОЖ БУЙ ХЭСЭГ
2020-05-31 14:12:09,919:INFO:7
2020-05-31 14:12:10,909:INFO:------------------------------------------------------------------------------------------------
2020-05-31 14:12:35,848:INFO:ДУГААРЫН ҮНЭ
2020-05-31 14:12:35,850:INFO:5000
2020-05-31 14:13:45,757:INFO:ДУГААРЫН ҮНЭ
2020-05-31 14:13:45,760:INFO:5000
2020-05-31 14:21:29,982:INFO:------------------------------------------------------------------------------------------------
2020-05-31 14:23:51,591:INFO:------------------------------------------------------------------------------------------------
2020-05-31 14:23:52,909:INFO:ДУГААРАА СОНГОЖ БУЙ ХЭСЭГ
2020-05-31 14:23:52,909:INFO:7
2020-05-31 14:23:58,154:INFO:ДУГААРАА СОНГОЖ БУЙ ХЭСЭГ
2020-05-31 14:23:58,154:INFO:7
2020-05-31 14:24:03,925:INFO:ДУГААРАА СОНГОЖ БУЙ ХЭСЭГ
2020-05-31 14:24:03,925:INFO:2
2020-05-31 14:24:49,143:INFO:ДУГААРЫН ҮНЭ
2020-05-31 14:24:49,146:INFO:5000
2020-05-31 14:25:12,494:INFO:ДУГААРЫН ZAHIALGA
2020-05-31 14:25:13,962:INFO:ДУГААРАА СОНГОЖ БУЙ ХЭСЭГ
2020-05-31 14:25:13,963:INFO:7
2020-05-31 14:25:51,554:INFO:ДУГААРАА СОНГОЖ БУЙ ХЭСЭГ
2020-05-31 14:25:51,554:INFO:2
2020-05-31 14:26:56,172:INFO:ДУГААРЫН ҮНЭ
2020-05-31 14:26:56,175:INFO:5000
2020-05-31 14:27:12,613:INFO:------------------------------------------------------------------------------------------------
2020-05-31 14:28:15,887:INFO:ДУГААРАА СОНГОЖ БУЙ ХЭСЭГ
2020-05-31 14:28:15,887:INFO:2
2020-05-31 14:28:31,320:INFO:ДУГААРЫН ҮНЭ
2020-05-31 14:28:31,323:INFO:5000
2020-05-31 14:28:41,069:INFO:ДУГААРЫН ZAHIALGA
2020-05-31 14:30:00,737:INFO:------------------------------------------------------------------------------------------------
2020-05-31 14:30:41,190:INFO:------------------------------------------------------------------------------------------------
2020-05-31 14:33:33,574:INFO:ДУГААРАА СОНГОЖ БУЙ ХЭСЭГ
2020-05-31 14:33:33,574:INFO:2
2020-05-31 14:34:29,327:INFO:------------------------------------------------------------------------------------------------
2020-05-31 14:37:09,215:INFO:------------------------------------------------------------------------------------------------
2020-05-31 14:40:04,991:INFO:ДУГААРАА СОНГОЖ БУЙ ХЭСЭГ
2020-05-31 14:40:04,991:INFO:2
2020-05-31 14:40:06,793:WARNING:Not Found: /favicon.ico
2020-05-31 14:42:33,147:INFO:ДУГААРАА СОНГОЖ БУЙ ХЭСЭГ
2020-05-31 14:42:33,147:INFO:7
2020-05-31 14:42:36,217:INFO:ДУГААРАА СОНГОЖ БУЙ ХЭСЭГ
2020-05-31 14:42:36,217:INFO:7
2020-05-31 14:52:48,655:INFO:------------------------------------------------------------------------------------------------
2020-05-31 14:54:25,932:INFO:ДУГААРЫН ҮНЭ
2020-05-31 14:54:25,935:INFO:5000
2020-05-31 14:56:23,346:INFO:------------------------------------------------------------------------------------------------
2020-05-31 14:56:25,497:INFO:ДУГААРАА СОНГОЖ БУЙ ХЭСЭГ
2020-05-31 14:56:25,497:INFO:2
2020-05-31 14:59:09,536:INFO:ДУГААРАА СОНГОЖ БУЙ ХЭСЭГ
2020-05-31 14:59:09,536:INFO:7
2020-05-31 14:59:37,308:INFO:ДУГААРАА СОНГОЖ БУЙ ХЭСЭГ
2020-05-31 14:59:37,308:INFO:2
2020-05-31 15:01:28,240:INFO:ДУГААРЫН ҮНЭ
2020-05-31 15:01:28,242:INFO:5000
2020-05-31 15:02:49,150:INFO:------------------------------------------------------------------------------------------------
2020-05-31 15:04:00,086:INFO:ДУГААРАА СОНГОЖ БУЙ ХЭСЭГ
2020-05-31 15:04:00,087:INFO:2
2020-05-31 15:08:41,172:INFO:------------------------------------------------------------------------------------------------
2020-05-31 15:09:23,855:INFO:ДУГААРАА СОНГОЖ БУЙ ХЭСЭГ
2020-05-31 15:09:23,855:INFO:2
2020-05-31 15:09:53,043:INFO:ДУГААРАА СОНГОЖ БУЙ ХЭСЭГ
2020-05-31 15:09:53,043:INFO:2
2020-05-31 15:10:43,834:INFO:ДУГААРАА СОНГОЖ БУЙ ХЭСЭГ
2020-05-31 15:10:43,834:INFO:2
2020-05-31 15:14:28,370:INFO:ДУГААРАА СОНГОЖ БУЙ ХЭСЭГ
2020-05-31 15:14:28,370:INFO:7
2020-05-31 15:14:35,237:INFO:ДУГААРАА СОНГОЖ БУЙ ХЭСЭГ
2020-05-31 15:14:35,237:INFO:7
2020-05-31 15:16:21,181:INFO:ДУГААРЫН ҮНЭ
2020-05-31 15:16:21,183:INFO:10000
2020-05-31 15:16:27,463:INFO:ДУГААРЫН ZAHIALGA
2020-05-31 15:16:27,487:INFO:ДУГААРАА СОНГОЖ БУЙ ХЭСЭГ
2020-05-31 15:16:27,487:INFO:2
2020-05-31 15:16:29,128:INFO:------------------------------------------------------------------------------------------------
2020-05-31 15:16:31,923:INFO:ДУГААРАА СОНГОЖ БУЙ ХЭСЭГ
2020-05-31 15:16:31,924:INFO:7
2020-05-31 15:16:33,052:INFO:ДУГААРАА СОНГОЖ БУЙ ХЭСЭГ
2020-05-31 15:16:33,053:INFO:2
2020-05-31 15:16:33,874:INFO:ДУГААРАА СОНГОЖ БУЙ ХЭСЭГ
2020-05-31 15:16:33,875:INFO:7
2020-05-31 15:17:16,653:INFO:ДУГААРАА СОНГОЖ БУЙ ХЭСЭГ
2020-05-31 15:17:16,654:INFO:7
2020-05-31 15:17:23,852:INFO:ДУГААРАА СОНГОЖ БУЙ ХЭСЭГ
2020-05-31 15:17:23,852:INFO:7
2020-05-31 15:17:30,472:INFO:------------------------------------------------------------------------------------------------
2020-05-31 15:23:18,078:INFO:------------------------------------------------------------------------------------------------
2020-05-31 15:23:22,099:INFO:ДУГААРАА СОНГОЖ БУЙ ХЭСЭГ
2020-05-31 15:23:22,099:INFO:7
2020-05-31 15:23:32,403:INFO:ДУГААРАА СОНГОЖ БУЙ ХЭСЭГ
2020-05-31 15:23:32,403:INFO:7
2020-05-31 15:23:54,699:INFO:------------------------------------------------------------------------------------------------
2020-05-31 15:23:58,071:INFO:ДУГААРАА СОНГОЖ БУЙ ХЭСЭГ
2020-05-31 15:23:58,072:INFO:2
2020-05-31 15:23:58,460:WARNING:Not Found: /favicon.ico
2020-05-31 15:24:21,838:INFO:ДУГААРАА СОНГОЖ БУЙ ХЭСЭГ
2020-05-31 15:24:21,838:INFO:7
2020-05-31 15:24:26,745:WARNING:Not Found: /favicon.ico
2020-05-31 15:24:27,986:INFO:------------------------------------------------------------------------------------------------
2020-05-31 15:24:28,884:INFO:ДУГААРАА СОНГОЖ БУЙ ХЭСЭГ
2020-05-31 15:24:28,884:INFO:7
2020-05-31 15:24:30,591:INFO:ДУГААРАА СОНГОЖ БУЙ ХЭСЭГ
2020-05-31 15:24:30,591:INFO:7
2020-05-31 15:24:34,879:INFO:ДУГААРЫН ҮНЭ
2020-05-31 15:24:34,881:INFO:5000
2020-05-31 15:24:35,975:INFO:ДУГААРАА СОНГОЖ БУЙ ХЭСЭГ
2020-05-31 15:24:35,975:INFO:7
2020-05-31 15:24:50,172:INFO:ДУГААРАА СОНГОЖ БУЙ ХЭСЭГ
2020-05-31 15:24:50,172:INFO:7
2020-05-31 15:25:07,614:INFO:ДУГААРАА СОНГОЖ БУЙ ХЭСЭГ
2020-05-31 15:25:07,614:INFO:7
2020-05-31 15:25:35,989:INFO:ДУГААРАА СОНГОЖ БУЙ ХЭСЭГ
2020-05-31 15:25:35,989:INFO:7
2020-05-31 15:26:12,350:INFO:ДУГААРАА СОНГОЖ БУЙ ХЭСЭГ
2020-05-31 15:26:12,350:INFO:7
2020-05-31 15:27:09,622:INFO:ДУГААРАА СОНГОЖ БУЙ ХЭСЭГ
2020-05-31 15:27:09,622:INFO:7
2020-05-31 15:27:48,750:INFO:ДУГААРАА СОНГОЖ БУЙ ХЭСЭГ
2020-05-31 15:27:48,750:INFO:7
2020-05-31 15:27:57,836:INFO:ДУГААРАА СОНГОЖ БУЙ ХЭСЭГ
2020-05-31 15:27:57,836:INFO:7
2020-05-31 15:28:10,012:INFO:ДУГААРАА СОНГОЖ БУЙ ХЭСЭГ
2020-05-31 15:28:10,012:INFO:7
2020-05-31 15:29:49,708:INFO:------------------------------------------------------------------------------------------------
2020-05-31 15:29:50,842:INFO:ДУГААРАА СОНГОЖ БУЙ ХЭСЭГ
2020-05-31 15:29:50,843:INFO:2
2020-05-31 15:29:59,718:INFO:ДУГААРАА СОНГОЖ БУЙ ХЭСЭГ
2020-05-31 15:29:59,718:INFO:2
2020-05-31 15:30:04,546:INFO:ДУГААРАА СОНГОЖ БУЙ ХЭСЭГ
2020-05-31 15:30:04,546:INFO:2
2020-05-31 15:30:17,221:INFO:ДУГААРАА СОНГОЖ БУЙ ХЭСЭГ
2020-05-31 15:30:17,221:INFO:2
2020-05-31 15:30:41,321:INFO:------------------------------------------------------------------------------------------------
2020-05-31 15:30:45,005:INFO:------------------------------------------------------------------------------------------------
2020-05-31 15:30:45,778:INFO:ДУГААРАА СОНГОЖ БУЙ ХЭСЭГ
2020-05-31 15:30:45,778:INFO:7
2020-05-31 15:34:29,403:INFO:------------------------------------------------------------------------------------------------
2020-05-31 15:35:00,769:INFO:------------------------------------------------------------------------------------------------
2020-05-31 15:35:03,661:INFO:------------------------------------------------------------------------------------------------
2020-05-31 15:37:09,283:INFO:------------------------------------------------------------------------------------------------
2020-05-31 15:38:40,030:INFO:ДУГААРАА СОНГОЖ БУЙ ХЭСЭГ
2020-05-31 15:38:40,030:INFO:7
2020-05-31 15:38:51,236:INFO:ДУГААРАА СОНГОЖ БУЙ ХЭСЭГ
2020-05-31 15:38:51,236:INFO:7
2020-05-31 15:39:00,035:INFO:ДУГААРАА СОНГОЖ БУЙ ХЭСЭГ
2020-05-31 15:39:00,035:INFO:7
2020-05-31 15:41:38,681:INFO:ДУГААРАА СОНГОЖ БУЙ ХЭСЭГ
2020-05-31 15:41:38,681:INFO:7
2020-05-31 15:42:18,978:INFO:ДУГААРАА СОНГОЖ БУЙ ХЭСЭГ
2020-05-31 15:42:18,979:INFO:7
2020-05-31 15:42:48,109:INFO:ДУГААРАА СОНГОЖ БУЙ ХЭСЭГ
2020-05-31 15:42:48,110:INFO:7
2020-05-31 15:43:03,849:INFO:ДУГААРАА СОНГОЖ БУЙ ХЭСЭГ
2020-05-31 15:43:03,850:INFO:7
2020-05-31 15:56:12,580:INFO:ДУГААРАА СОНГОЖ БУЙ ХЭСЭГ
2020-05-31 15:56:12,580:INFO:7
2020-05-31 15:59:14,116:INFO:------------------------------------------------------------------------------------------------
2020-05-31 15:59:20,015:INFO:------------------------------------------------------------------------------------------------
2020-05-31 16:02:50,187:INFO:------------------------------------------------------------------------------------------------
2020-05-31 16:12:37,735:INFO:------------------------------------------------------------------------------------------------
2020-05-31 16:17:30,996:INFO:------------------------------------------------------------------------------------------------
2020-05-31 16:33:10,396:INFO:------------------------------------------------------------------------------------------------
2020-05-31 16:33:12,322:INFO:ДУГААРАА СОНГОЖ БУЙ ХЭСЭГ
2020-05-31 16:33:12,322:INFO:7
2020-05-31 16:33:12,877:WARNING:Not Found: /favicon.ico
2020-05-31 16:33:25,492:INFO:ДУГААРАА СОНГОЖ БУЙ ХЭСЭГ
2020-05-31 16:33:25,493:INFO:7
2020-05-31 16:33:27,336:INFO:ДУГААРАА СОНГОЖ БУЙ ХЭСЭГ
2020-05-31 16:33:27,336:INFO:2
2020-05-31 16:33:29,703:INFO:------------------------------------------------------------------------------------------------
2020-05-31 16:33:30,674:INFO:ДУГААРАА СОНГОЖ БУЙ ХЭСЭГ
2020-05-31 16:33:30,675:INFO:2
2020-05-31 16:33:41,153:INFO:------------------------------------------------------------------------------------------------
2020-05-31 16:33:42,023:INFO:ДУГААРАА СОНГОЖ БУЙ ХЭСЭГ
2020-05-31 16:33:42,023:INFO:7
2020-05-31 16:34:02,342:INFO:ДУГААРАА СОНГОЖ БУЙ ХЭСЭГ
2020-05-31 16:34:02,342:INFO:7
2020-05-31 16:34:03,182:INFO:ДУГААРАА СОНГОЖ БУЙ ХЭСЭГ
2020-05-31 16:34:03,183:INFO:7
2020-05-31 16:35:01,210:INFO:------------------------------------------------------------------------------------------------
2020-05-31 16:35:04,176:INFO:------------------------------------------------------------------------------------------------
2020-05-31 16:37:09,357:INFO:------------------------------------------------------------------------------------------------
2020-05-31 16:39:35,729:INFO:ДУГААРАА СОНГОЖ БУЙ ХЭСЭГ
2020-05-31 16:39:35,730:INFO:7
2020-05-31 16:39:36,878:WARNING:Not Found: /favicon.ico
2020-05-31 16:40:07,361:INFO:ДУГААРЫН ҮНЭ
2020-05-31 16:40:07,363:INFO:10000
2020-05-31 16:40:39,560:INFO:ДУГААРЫН ZAHIALGA
2020-05-31 16:40:52,189:INFO:ДУГААРАА СОНГОЖ БУЙ ХЭСЭГ
2020-05-31 16:40:52,190:INFO:7
2020-05-31 16:43:45,558:INFO:ДУГААРЫН ҮНЭ
2020-05-31 16:43:45,561:INFO:10000
2020-05-31 16:43:45,827:INFO:ДУГААРЫН ҮНЭ
2020-05-31 16:43:45,830:INFO:10000
2020-05-31 16:46:58,547:INFO:ДУГААРАА СОНГОЖ БУЙ ХЭСЭГ
2020-05-31 16:46:58,548:INFO:2
2020-05-31 16:48:46,079:INFO:------------------------------------------------------------------------------------------------
2020-05-31 16:48:55,736:INFO:ДУГААРАА СОНГОЖ БУЙ ХЭСЭГ
2020-05-31 16:48:55,737:INFO:7
2020-05-31 16:48:56,610:WARNING:Not Found: /favicon.ico
2020-05-31 16:48:59,389:INFO:ДУГААРАА СОНГОЖ БУЙ ХЭСЭГ
2020-05-31 16:48:59,390:INFO:7
2020-05-31 16:48:59,990:INFO:ДУГААРАА СОНГОЖ БУЙ ХЭСЭГ
2020-05-31 16:48:59,990:INFO:7
2020-05-31 16:50:07,433:INFO:ДУГААРАА СОНГОЖ БУЙ ХЭСЭГ
2020-05-31 16:50:07,433:INFO:7
2020-05-31 16:50:28,105:INFO:ДУГААРАА СОНГОЖ БУЙ ХЭСЭГ
2020-05-31 16:50:28,105:INFO:7
2020-05-31 16:52:27,256:INFO:ДУГААРАА СОНГОЖ БУЙ ХЭСЭГ
2020-05-31 16:52:27,256:INFO:7
2020-05-31 16:52:35,422:INFO:ДУГААРЫН ҮНЭ
2020-05-31 16:52:35,425:INFO:10000
2020-05-31 16:52:58,443:INFO:ДУГААРАА СОНГОЖ БУЙ ХЭСЭГ
2020-05-31 16:52:58,443:INFO:7
2020-05-31 16:53:11,408:INFO:ДУГААРЫН ZAHIALGA
2020-05-31 16:54:59,305:INFO:ДУГААРАА СОНГОЖ БУЙ ХЭСЭГ
2020-05-31 16:54:59,305:INFO:7
2020-05-31 16:55:11,568:INFO:------------------------------------------------------------------------------------------------
2020-05-31 16:55:16,377:INFO:ДУГААРАА СОНГОЖ БУЙ ХЭСЭГ
2020-05-31 16:55:16,377:INFO:7
2020-05-31 17:02:51,198:INFO:------------------------------------------------------------------------------------------------
2020-05-31 17:04:18,625:INFO:ДУГААРАА СОНГОЖ БУЙ ХЭСЭГ
2020-05-31 17:04:18,625:INFO:2
2020-05-31 17:04:35,428:INFO:ДУГААРАА СОНГОЖ БУЙ ХЭСЭГ
2020-05-31 17:04:35,428:INFO:2
2020-05-31 17:05:00,726:INFO:ДУГААРАА СОНГОЖ БУЙ ХЭСЭГ
2020-05-31 17:05:00,726:INFO:2
2020-05-31 17:05:03,098:INFO:ДУГААРАА СОНГОЖ БУЙ ХЭСЭГ
2020-05-31 17:05:03,098:INFO:2
2020-05-31 17:05:55,726:INFO:------------------------------------------------------------------------------------------------
2020-05-31 17:10:05,106:INFO:------------------------------------------------------------------------------------------------
2020-05-31 17:10:07,002:INFO:ДУГААРАА СОНГОЖ БУЙ ХЭСЭГ
2020-05-31 17:10:07,003:INFO:7
2020-05-31 17:10:15,706:INFO:ДУГААРАА СОНГОЖ БУЙ ХЭСЭГ
2020-05-31 17:10:15,706:INFO:7
2020-05-31 17:10:38,275:INFO:------------------------------------------------------------------------------------------------
2020-05-31 17:10:40,578:INFO:------------------------------------------------------------------------------------------------
2020-05-31 17:10:42,987:INFO:ДУГААРАА СОНГОЖ БУЙ ХЭСЭГ
2020-05-31 17:10:42,987:INFO:7
2020-05-31 17:11:22,371:INFO:ДУГААРАА СОНГОЖ БУЙ ХЭСЭГ
2020-05-31 17:11:22,371:INFO:7
2020-05-31 17:12:55,348:INFO:------------------------------------------------------------------------------------------------
2020-05-31 17:12:56,925:INFO:ДУГААРАА СОНГОЖ БУЙ ХЭСЭГ
2020-05-31 17:12:56,926:INFO:7
2020-05-31 17:17:31,083:INFO:------------------------------------------------------------------------------------------------
2020-05-31 17:18:29,543:INFO:ДУГААРАА СОНГОЖ БУЙ ХЭСЭГ
2020-05-31 17:18:29,544:INFO:7
2020-05-31 17:20:02,308:INFO:ДУГААРАА СОНГОЖ БУЙ ХЭСЭГ
2020-05-31 17:20:02,308:INFO:7
2020-05-31 17:20:10,956:INFO:ДУГААРАА СОНГОЖ БУЙ ХЭСЭГ
2020-05-31 17:20:10,956:INFO:7
2020-05-31 17:20:12,097:INFO:ДУГААРАА СОНГОЖ БУЙ ХЭСЭГ
2020-05-31 17:20:12,097:INFO:7
2020-05-31 17:20:12,962:INFO:ДУГААРАА СОНГОЖ БУЙ ХЭСЭГ
2020-05-31 17:20:12,962:INFO:7
2020-05-31 17:20:13,721:INFO:ДУГААРАА СОНГОЖ БУЙ ХЭСЭГ
2020-05-31 17:20:13,721:INFO:7
2020-05-31 17:20:14,572:INFO:ДУГААРАА СОНГОЖ БУЙ ХЭСЭГ
2020-05-31 17:20:14,572:INFO:7
2020-05-31 17:20:45,074:INFO:ДУГААРАА СОНГОЖ БУЙ ХЭСЭГ
2020-05-31 17:20:45,075:INFO:7
2020-05-31 17:20:47,579:INFO:ДУГААРАА СОНГОЖ БУЙ ХЭСЭГ
2020-05-31 17:20:47,579:INFO:7
2020-05-31 17:20:50,970:INFO:ДУГААРАА СОНГОЖ БУЙ ХЭСЭГ
2020-05-31 17:20:50,970:INFO:7
2020-05-31 17:20:52,085:INFO:ДУГААРАА СОНГОЖ БУЙ ХЭСЭГ
2020-05-31 17:20:52,086:INFO:7
2020-05-31 17:20:53,436:INFO:------------------------------------------------------------------------------------------------
2020-05-31 17:20:54,306:INFO:ДУГААРАА СОНГОЖ БУЙ ХЭСЭГ
2020-05-31 17:20:54,306:INFO:7
2020-05-31 17:20:55,421:INFO:ДУГААРАА СОНГОЖ БУЙ ХЭСЭГ
2020-05-31 17:20:55,421:INFO:2
2020-05-31 17:20:55,810:WARNING:Not Found: /favicon.ico
2020-05-31 17:20:58,920:INFO:ДУГААРАА СОНГОЖ БУЙ ХЭСЭГ
2020-05-31 17:20:58,921:INFO:7
2020-05-31 17:21:01,454:ERROR:Internal Server Error: /getnumber
Traceback (most recent call last):
  File "/usr/local/lib/python2.7/dist-packages/django/core/handlers/exception.py", line 41, in inner
    response = get_response(request)
  File "/usr/local/lib/python2.7/dist-packages/django/core/handlers/base.py", line 187, in _get_response
    response = self.process_exception_by_middleware(e, request)
  File "/usr/local/lib/python2.7/dist-packages/django/core/handlers/base.py", line 185, in _get_response
    response = wrapped_callback(request, *callback_args, **callback_kwargs)
  File "/usr/local/lib/python2.7/dist-packages/django/views/decorators/csrf.py", line 58, in wrapped_view
    return view_func(*args, **kwargs)
  File "/usr/local/lib/python2.7/dist-packages/django/views/generic/base.py", line 68, in view
    return self.dispatch(request, *args, **kwargs)
  File "/usr/local/lib/python2.7/dist-packages/rest_framework/views.py", line 495, in dispatch
    response = self.handle_exception(exc)
  File "/usr/local/lib/python2.7/dist-packages/rest_framework/views.py", line 455, in handle_exception
    self.raise_uncaught_exception(exc)
  File "/usr/local/lib/python2.7/dist-packages/rest_framework/views.py", line 492, in dispatch
    response = handler(request, *args, **kwargs)
  File "/usr/local/lib/python2.7/dist-packages/rest_framework/decorators.py", line 55, in handler
    return func(*args, **kwargs)
  File "/home/user/nFilterNew/controller/views.py", line 206, in getNumber
    if data[1] == az:
IndexError: list index out of range
2020-05-31 17:21:09,351:INFO:ДУГААРАА СОНГОЖ БУЙ ХЭСЭГ
2020-05-31 17:21:09,351:INFO:7
2020-05-31 17:21:18,022:INFO:ДУГААРАА СОНГОЖ БУЙ ХЭСЭГ
2020-05-31 17:21:18,022:INFO:7
2020-05-31 17:21:21,820:INFO:ДУГААРАА СОНГОЖ БУЙ ХЭСЭГ
2020-05-31 17:21:21,820:INFO:7
2020-05-31 17:21:34,826:INFO:ДУГААРАА СОНГОЖ БУЙ ХЭСЭГ
2020-05-31 17:21:34,826:INFO:7
2020-05-31 17:22:47,315:INFO:------------------------------------------------------------------------------------------------
2020-05-31 17:23:01,641:INFO:ДУГААРАА СОНГОЖ БУЙ ХЭСЭГ
2020-05-31 17:23:01,641:INFO:3
2020-05-31 17:23:02,559:INFO:ДУГААРАА СОНГОЖ БУЙ ХЭСЭГ
2020-05-31 17:23:02,559:INFO:7
2020-05-31 17:23:08,614:INFO:------------------------------------------------------------------------------------------------
2020-05-31 17:23:09,614:INFO:ДУГААРАА СОНГОЖ БУЙ ХЭСЭГ
2020-05-31 17:23:09,614:INFO:7
2020-05-31 17:23:13,032:INFO:------------------------------------------------------------------------------------------------
2020-05-31 17:23:15,932:INFO:ДУГААРАА СОНГОЖ БУЙ ХЭСЭГ
2020-05-31 17:23:15,932:INFO:7
2020-05-31 17:23:19,700:INFO:ДУГААРАА СОНГОЖ БУЙ ХЭСЭГ
2020-05-31 17:23:19,700:INFO:2
2020-05-31 17:23:21,453:INFO:ДУГААРАА СОНГОЖ БУЙ ХЭСЭГ
2020-05-31 17:23:21,453:INFO:7
2020-05-31 17:23:50,757:INFO:ДУГААРАА СОНГОЖ БУЙ ХЭСЭГ
2020-05-31 17:23:50,757:INFO:7
2020-05-31 17:23:51,757:INFO:ДУГААРАА СОНГОЖ БУЙ ХЭСЭГ
2020-05-31 17:23:51,758:INFO:7
2020-05-31 17:30:47,171:INFO:------------------------------------------------------------------------------------------------
2020-05-31 17:30:48,727:INFO:ДУГААРАА СОНГОЖ БУЙ ХЭСЭГ
2020-05-31 17:30:48,728:INFO:7
2020-05-31 17:30:49,088:WARNING:Not Found: /favicon.ico
2020-05-31 17:30:55,916:INFO:ДУГААРАА СОНГОЖ БУЙ ХЭСЭГ
2020-05-31 17:30:55,916:INFO:7
2020-05-31 17:33:41,261:INFO:------------------------------------------------------------------------------------------------
2020-05-31 17:37:09,437:INFO:------------------------------------------------------------------------------------------------
2020-05-31 17:39:12,183:INFO:ДУГААРАА СОНГОЖ БУЙ ХЭСЭГ
2020-05-31 17:39:12,183:INFO:7
2020-05-31 17:40:34,060:INFO:ДУГААРАА СОНГОЖ БУЙ ХЭСЭГ
2020-05-31 17:40:34,061:INFO:7
2020-05-31 17:40:39,609:INFO:------------------------------------------------------------------------------------------------
2020-05-31 17:40:40,375:INFO:ДУГААРАА СОНГОЖ БУЙ ХЭСЭГ
2020-05-31 17:40:40,375:INFO:2
2020-05-31 17:41:20,001:INFO:------------------------------------------------------------------------------------------------
2020-05-31 17:41:25,087:INFO:ДУГААРАА СОНГОЖ БУЙ ХЭСЭГ
2020-05-31 17:41:25,087:INFO:2
2020-05-31 17:42:41,447:INFO:ДУГААРАА СОНГОЖ БУЙ ХЭСЭГ
2020-05-31 17:42:41,447:INFO:7
2020-05-31 17:42:42,365:INFO:ДУГААРАА СОНГОЖ БУЙ ХЭСЭГ
2020-05-31 17:42:42,365:INFO:7
2020-05-31 17:47:02,251:INFO:------------------------------------------------------------------------------------------------
2020-05-31 17:47:05,023:INFO:ДУГААРАА СОНГОЖ БУЙ ХЭСЭГ
2020-05-31 17:47:05,024:INFO:2
2020-05-31 17:52:01,595:INFO:ДУГААРАА СОНГОЖ БУЙ ХЭСЭГ
2020-05-31 17:52:01,596:INFO:7
2020-05-31 17:55:12,491:INFO:------------------------------------------------------------------------------------------------
2020-05-31 17:57:17,064:INFO:ДУГААРАА СОНГОЖ БУЙ ХЭСЭГ
2020-05-31 17:57:17,064:INFO:7
2020-05-31 17:58:56,340:INFO:------------------------------------------------------------------------------------------------
2020-05-31 17:59:02,825:INFO:ДУГААРАА СОНГОЖ БУЙ ХЭСЭГ
2020-05-31 17:59:02,825:INFO:7
2020-05-31 18:00:34,460:WARNING:Not Found: /favicon.ico
2020-05-31 18:02:52,229:INFO:------------------------------------------------------------------------------------------------
2020-05-31 18:11:29,843:INFO:ДУГААРАА СОНГОЖ БУЙ ХЭСЭГ
2020-05-31 18:11:29,843:INFO:2
2020-05-31 18:17:31,187:INFO:------------------------------------------------------------------------------------------------
2020-05-31 18:33:41,344:INFO:------------------------------------------------------------------------------------------------
2020-05-31 18:37:09,522:INFO:------------------------------------------------------------------------------------------------
2020-05-31 18:42:49,051:INFO:------------------------------------------------------------------------------------------------
2020-05-31 18:42:50,618:INFO:------------------------------------------------------------------------------------------------
2020-05-31 18:42:51,676:INFO:ДУГААРАА СОНГОЖ БУЙ ХЭСЭГ
2020-05-31 18:42:51,676:INFO:2
2020-05-31 18:54:02,875:INFO:------------------------------------------------------------------------------------------------
2020-05-31 19:02:02,918:INFO:ДУГААРАА СОНГОЖ БУЙ ХЭСЭГ
2020-05-31 19:02:02,918:INFO:7
2020-05-31 19:02:53,253:INFO:------------------------------------------------------------------------------------------------
2020-05-31 19:17:31,294:INFO:------------------------------------------------------------------------------------------------
2020-05-31 19:37:09,594:INFO:------------------------------------------------------------------------------------------------
2020-05-31 19:39:23,114:INFO:------------------------------------------------------------------------------------------------
2020-05-31 20:02:54,297:INFO:------------------------------------------------------------------------------------------------
2020-05-31 20:17:31,398:INFO:------------------------------------------------------------------------------------------------
2020-05-31 20:37:09,657:INFO:------------------------------------------------------------------------------------------------
2020-05-31 21:02:55,331:INFO:------------------------------------------------------------------------------------------------
2020-05-31 21:17:31,506:INFO:------------------------------------------------------------------------------------------------
2020-05-31 21:37:09,733:INFO:------------------------------------------------------------------------------------------------
2020-05-31 22:02:56,378:INFO:------------------------------------------------------------------------------------------------
2020-05-31 22:17:31,626:INFO:------------------------------------------------------------------------------------------------
2020-05-31 22:37:09,911:INFO:------------------------------------------------------------------------------------------------
2020-05-31 23:02:57,396:INFO:------------------------------------------------------------------------------------------------
2020-05-31 23:17:31,752:INFO:------------------------------------------------------------------------------------------------
2020-05-31 23:37:10,018:INFO:------------------------------------------------------------------------------------------------
2020-06-01 00:02:58,398:INFO:------------------------------------------------------------------------------------------------
2020-06-01 00:17:31,859:INFO:------------------------------------------------------------------------------------------------
2020-06-01 00:37:10,083:INFO:------------------------------------------------------------------------------------------------
2020-06-01 01:02:59,480:INFO:------------------------------------------------------------------------------------------------
2020-06-01 01:17:31,971:INFO:------------------------------------------------------------------------------------------------
2020-06-01 01:21:06,465:WARNING:Not Found: /
2020-06-01 01:21:09,055:WARNING:Not Found: /favicon.ico
2020-06-01 01:21:14,029:WARNING:Not Found: /
2020-06-01 01:37:10,143:INFO:------------------------------------------------------------------------------------------------
2020-06-01 02:03:00,475:INFO:------------------------------------------------------------------------------------------------
2020-06-01 02:17:32,058:INFO:------------------------------------------------------------------------------------------------
2020-06-01 02:37:10,211:INFO:------------------------------------------------------------------------------------------------
2020-06-01 03:03:01,506:INFO:------------------------------------------------------------------------------------------------
2020-06-01 03:17:32,182:INFO:------------------------------------------------------------------------------------------------
2020-06-01 03:37:10,296:INFO:------------------------------------------------------------------------------------------------
2020-06-01 04:03:02,523:INFO:------------------------------------------------------------------------------------------------
2020-06-01 04:17:32,311:INFO:------------------------------------------------------------------------------------------------
2020-06-01 04:37:10,366:INFO:------------------------------------------------------------------------------------------------
2020-06-01 05:03:03,552:INFO:------------------------------------------------------------------------------------------------
2020-06-01 05:17:32,392:INFO:------------------------------------------------------------------------------------------------
2020-06-01 05:37:10,431:INFO:------------------------------------------------------------------------------------------------
2020-06-01 06:03:04,608:INFO:------------------------------------------------------------------------------------------------
2020-06-01 06:17:32,516:INFO:------------------------------------------------------------------------------------------------
