2020-06-27 06:42:01,520:INFO:------------------------------------------------------------------------------------------------
2020-06-27 07:02:55,559:INFO:------------------------------------------------------------------------------------------------
2020-06-27 07:07:19,727:INFO:------------------------------------------------------------------------------------------------
2020-06-27 07:20:24,290:INFO:------------------------------------------------------------------------------------------------
2020-06-27 07:42:01,580:INFO:------------------------------------------------------------------------------------------------
2020-06-27 08:03:00,213:INFO:------------------------------------------------------------------------------------------------
2020-06-27 08:07:19,842:INFO:------------------------------------------------------------------------------------------------
2020-06-27 08:20:25,169:INFO:------------------------------------------------------------------------------------------------
2020-06-27 08:42:01,686:INFO:------------------------------------------------------------------------------------------------
2020-06-27 08:43:13,029:INFO:------------------------------------------------------------------------------------------------
2020-06-27 08:43:44,611:INFO:------------------------------------------------------------------------------------------------
2020-06-27 09:03:04,833:INFO:------------------------------------------------------------------------------------------------
2020-06-27 09:07:19,919:INFO:------------------------------------------------------------------------------------------------
2020-06-27 09:20:25,238:INFO:------------------------------------------------------------------------------------------------
2020-06-27 09:33:30,643:INFO:ДУГААРАА СОНГОЖ БУЙ ХЭСЭГ
2020-06-27 09:33:30,643:INFO:2
2020-06-27 09:33:31,057:WARNING:Not Found: /favicon.ico
2020-06-27 09:42:01,744:INFO:------------------------------------------------------------------------------------------------
2020-06-27 09:43:13,417:INFO:------------------------------------------------------------------------------------------------
2020-06-27 09:43:49,616:INFO:------------------------------------------------------------------------------------------------
2020-06-27 09:44:24,763:INFO:ДУГААРАА СОНГОЖ БУЙ ХЭСЭГ
2020-06-27 09:44:24,764:INFO:2
2020-06-27 09:44:28,728:INFO:------------------------------------------------------------------------------------------------
2020-06-27 09:53:37,450:INFO:ДУГААРАА СОНГОЖ БУЙ ХЭСЭГ
2020-06-27 09:53:37,451:INFO:2
2020-06-27 09:53:37,748:INFO:------------------------------------------------------------------------------------------------
2020-06-27 09:53:37,758:INFO:------------------------------------------------------------------------------------------------
2020-06-27 09:53:38,625:INFO:------------------------------------------------------------------------------------------------
2020-06-27 09:53:52,734:INFO:ДУГААРАА СОНГОЖ БУЙ ХЭСЭГ
2020-06-27 09:53:52,734:INFO:7
2020-06-27 09:59:14,408:INFO:ДУГААРАА СОНГОЖ БУЙ ХЭСЭГ
2020-06-27 09:59:14,409:INFO:ДУГААРАА СОНГОЖ БУЙ ХЭСЭГ
2020-06-27 09:59:14,409:INFO:2
2020-06-27 09:59:14,410:INFO:7
2020-06-27 09:59:18,984:INFO:------------------------------------------------------------------------------------------------
2020-06-27 10:03:09,522:INFO:------------------------------------------------------------------------------------------------
2020-06-27 10:03:34,090:INFO:ДУГААРАА СОНГОЖ БУЙ ХЭСЭГ
2020-06-27 10:03:34,091:INFO:2
2020-06-27 10:03:39,305:WARNING:Not Found: /favicon.ico
2020-06-27 10:05:16,002:INFO:ДУГААРАА СОНГОЖ БУЙ ХЭСЭГ
2020-06-27 10:05:16,003:INFO:2
2020-06-27 10:05:26,320:INFO:ДУГААРАА СОНГОЖ БУЙ ХЭСЭГ
2020-06-27 10:05:26,321:INFO:2
2020-06-27 10:05:36,216:INFO:ДУГААРАА СОНГОЖ БУЙ ХЭСЭГ
2020-06-27 10:05:36,217:INFO:2
2020-06-27 10:07:19,780:INFO:ДУГААРАА СОНГОЖ БУЙ ХЭСЭГ
2020-06-27 10:07:19,780:INFO:7
2020-06-27 10:07:20,011:INFO:------------------------------------------------------------------------------------------------
2020-06-27 10:07:20,163:WARNING:Not Found: /favicon.ico
2020-06-27 10:07:48,653:INFO:------------------------------------------------------------------------------------------------
2020-06-27 10:07:52,206:INFO:ДУГААРАА СОНГОЖ БУЙ ХЭСЭГ
2020-06-27 10:07:52,206:INFO:2
2020-06-27 10:09:57,473:INFO:ДУГААРАА СОНГОЖ БУЙ ХЭСЭГ
2020-06-27 10:09:57,473:INFO:2
2020-06-27 10:09:58,113:WARNING:Not Found: /favicon.ico
2020-06-27 10:10:09,860:INFO:------------------------------------------------------------------------------------------------
2020-06-27 10:10:09,988:INFO:ДУГААРАА СОНГОЖ БУЙ ХЭСЭГ
2020-06-27 10:10:09,988:INFO:2
2020-06-27 10:10:14,884:WARNING:Not Found: /favicon.ico
2020-06-27 10:10:18,687:INFO:ДУГААРАА СОНГОЖ БУЙ ХЭСЭГ
2020-06-27 10:10:18,687:INFO:2
2020-06-27 10:11:57,732:INFO:------------------------------------------------------------------------------------------------
2020-06-27 10:11:59,812:INFO:ДУГААРАА СОНГОЖ БУЙ ХЭСЭГ
2020-06-27 10:11:59,813:INFO:2
2020-06-27 10:12:00,196:WARNING:Not Found: /favicon.ico
2020-06-27 10:12:48,445:INFO:ДУГААРЫН ҮНЭ
2020-06-27 10:12:48,448:INFO:5000
2020-06-27 10:16:26,399:INFO:------------------------------------------------------------------------------------------------
2020-06-27 10:16:29,289:INFO:ДУГААРАА СОНГОЖ БУЙ ХЭСЭГ
2020-06-27 10:16:29,289:INFO:2
2020-06-27 10:16:29,627:WARNING:Not Found: /favicon.ico
2020-06-27 10:19:38,902:WARNING:Not Found: /
2020-06-27 10:20:25,388:INFO:------------------------------------------------------------------------------------------------
2020-06-27 10:27:10,718:INFO:------------------------------------------------------------------------------------------------
2020-06-27 10:27:11,938:INFO:ДУГААРАА СОНГОЖ БУЙ ХЭСЭГ
2020-06-27 10:27:11,938:INFO:7
2020-06-27 10:28:18,403:INFO:------------------------------------------------------------------------------------------------
2020-06-27 10:32:01,025:INFO:------------------------------------------------------------------------------------------------
2020-06-27 10:32:04,661:INFO:ДУГААРАА СОНГОЖ БУЙ ХЭСЭГ
2020-06-27 10:32:04,661:INFO:2
2020-06-27 10:32:13,511:INFO:ДУГААРАА СОНГОЖ БУЙ ХЭСЭГ
2020-06-27 10:32:13,512:INFO:7
2020-06-27 10:32:20,261:INFO:ДУГААРАА СОНГОЖ БУЙ ХЭСЭГ
2020-06-27 10:32:20,261:INFO:7
2020-06-27 10:32:25,144:INFO:ДУГААРАА СОНГОЖ БУЙ ХЭСЭГ
2020-06-27 10:32:25,144:INFO:7
2020-06-27 10:32:29,005:INFO:ДУГААРАА СОНГОЖ БУЙ ХЭСЭГ
2020-06-27 10:32:29,005:INFO:7
2020-06-27 10:32:29,589:INFO:ДУГААРАА СОНГОЖ БУЙ ХЭСЭГ
2020-06-27 10:32:29,589:INFO:7
2020-06-27 10:32:33,965:INFO:ДУГААРАА СОНГОЖ БУЙ ХЭСЭГ
2020-06-27 10:32:33,965:INFO:7
2020-06-27 10:32:35,803:INFO:ДУГААРАА СОНГОЖ БУЙ ХЭСЭГ
2020-06-27 10:32:35,803:INFO:2
2020-06-27 10:32:50,124:INFO:------------------------------------------------------------------------------------------------
2020-06-27 10:34:13,670:INFO:ДУГААРЫН ҮНЭ
2020-06-27 10:34:13,672:INFO:5000
2020-06-27 10:35:01,142:INFO:ДУГААРЫН ҮНЭ
2020-06-27 10:35:01,145:INFO:5000
2020-06-27 10:35:01,520:INFO:------------------------------------------------------------------------------------------------
2020-06-27 10:35:03,350:INFO:ДУГААРАА СОНГОЖ БУЙ ХЭСЭГ
2020-06-27 10:35:03,350:INFO:2
2020-06-27 10:35:42,439:INFO:ДУГААРЫН ҮНЭ
2020-06-27 10:35:42,442:INFO:5000
2020-06-27 10:41:20,335:INFO:------------------------------------------------------------------------------------------------
2020-06-27 10:42:01,821:INFO:------------------------------------------------------------------------------------------------
2020-06-27 10:43:01,138:INFO:------------------------------------------------------------------------------------------------
2020-06-27 10:43:02,141:INFO:ДУГААРАА СОНГОЖ БУЙ ХЭСЭГ
2020-06-27 10:43:02,141:INFO:2
2020-06-27 10:43:02,585:WARNING:Not Found: /favicon.ico
2020-06-27 10:43:02,812:WARNING:Not Found: /favicon.ico
2020-06-27 10:43:13,564:INFO:------------------------------------------------------------------------------------------------
2020-06-27 10:47:42,788:INFO:------------------------------------------------------------------------------------------------
2020-06-27 10:47:48,976:INFO:ДУГААРАА СОНГОЖ БУЙ ХЭСЭГ
2020-06-27 10:47:48,977:INFO:2
2020-06-27 10:49:04,187:INFO:------------------------------------------------------------------------------------------------
2020-06-27 10:49:59,782:INFO:ДУГААРАА СОНГОЖ БУЙ ХЭСЭГ
2020-06-27 10:49:59,783:INFO:2
2020-06-27 10:50:57,503:INFO:ДУГААРЫН ҮНЭ
2020-06-27 10:50:57,506:INFO:5000
2020-06-27 10:53:15,206:INFO:ДУГААРАА СОНГОЖ БУЙ ХЭСЭГ
2020-06-27 10:53:15,206:INFO:2
2020-06-27 10:53:38,312:INFO:------------------------------------------------------------------------------------------------
2020-06-27 10:53:38,906:INFO:------------------------------------------------------------------------------------------------
2020-06-27 10:53:39,052:INFO:------------------------------------------------------------------------------------------------
2020-06-27 10:57:40,045:INFO:ДУГААРАА СОНГОЖ БУЙ ХЭСЭГ
2020-06-27 10:57:40,046:INFO:3
2020-06-27 10:58:05,061:WARNING:Not Found: /favicon.ico
2020-06-27 10:58:08,616:INFO:------------------------------------------------------------------------------------------------
2020-06-27 10:58:47,108:INFO:------------------------------------------------------------------------------------------------
2020-06-27 10:58:56,773:INFO:------------------------------------------------------------------------------------------------
2020-06-27 10:59:19,353:INFO:------------------------------------------------------------------------------------------------
2020-06-27 10:59:51,109:INFO:------------------------------------------------------------------------------------------------
2020-06-27 10:59:52,368:INFO:------------------------------------------------------------------------------------------------
2020-06-27 10:59:52,718:INFO:------------------------------------------------------------------------------------------------
2020-06-27 11:01:25,670:INFO:------------------------------------------------------------------------------------------------
2020-06-27 11:03:14,161:INFO:------------------------------------------------------------------------------------------------
2020-06-27 11:03:24,794:INFO:ДУГААРЫН ҮНЭ
2020-06-27 11:03:24,796:INFO:20000
2020-06-27 11:03:41,108:INFO:ДУГААРЫН ҮНЭ
2020-06-27 11:03:41,111:INFO:5000
2020-06-27 11:03:46,782:INFO:------------------------------------------------------------------------------------------------
2020-06-27 11:04:58,543:INFO:ДУГААРЫН ZAHIALGA
2020-06-27 11:05:27,575:INFO:------------------------------------------------------------------------------------------------
2020-06-27 11:05:45,663:WARNING:Not Found: /favicon.ico
2020-06-27 11:05:47,225:INFO:------------------------------------------------------------------------------------------------
2020-06-27 11:05:48,235:INFO:ДУГААРАА СОНГОЖ БУЙ ХЭСЭГ
2020-06-27 11:05:48,235:INFO:2
2020-06-27 11:06:36,016:INFO:ДУГААРЫН ҮНЭ
2020-06-27 11:06:36,019:INFO:5000
2020-06-27 11:06:59,626:INFO:------------------------------------------------------------------------------------------------
2020-06-27 11:07:09,737:INFO:ДУГААРАА СОНГОЖ БУЙ ХЭСЭГ
2020-06-27 11:07:09,737:INFO:2
2020-06-27 11:07:20,117:INFO:------------------------------------------------------------------------------------------------
2020-06-27 11:07:42,026:INFO:ДУГААРАА СОНГОЖ БУЙ ХЭСЭГ
2020-06-27 11:07:42,026:INFO:2
2020-06-27 11:07:45,132:INFO:ДУГААРАА СОНГОЖ БУЙ ХЭСЭГ
2020-06-27 11:07:45,132:INFO:2
2020-06-27 11:08:06,327:INFO:ДУГААРАА СОНГОЖ БУЙ ХЭСЭГ
2020-06-27 11:08:06,327:INFO:7
2020-06-27 11:08:07,206:WARNING:Not Found: /favicon.ico
2020-06-27 11:10:45,407:INFO:ДУГААРАА СОНГОЖ БУЙ ХЭСЭГ
2020-06-27 11:10:45,407:INFO:2
2020-06-27 11:11:15,100:INFO:ДУГААРАА СОНГОЖ БУЙ ХЭСЭГ
2020-06-27 11:11:15,100:INFO:2
2020-06-27 11:12:03,481:INFO:ДУГААРАА СОНГОЖ БУЙ ХЭСЭГ
2020-06-27 11:12:03,481:INFO:2
2020-06-27 11:12:05,951:INFO:ДУГААРАА СОНГОЖ БУЙ ХЭСЭГ
2020-06-27 11:12:05,951:INFO:2
2020-06-27 11:12:07,873:INFO:ДУГААРАА СОНГОЖ БУЙ ХЭСЭГ
2020-06-27 11:12:07,873:INFO:2
2020-06-27 11:13:49,524:INFO:ДУГААРАА СОНГОЖ БУЙ ХЭСЭГ
2020-06-27 11:13:49,524:INFO:2
2020-06-27 11:13:57,398:INFO:------------------------------------------------------------------------------------------------
2020-06-27 11:13:59,187:INFO:ДУГААРАА СОНГОЖ БУЙ ХЭСЭГ
2020-06-27 11:13:59,188:INFO:2
2020-06-27 11:14:09,546:INFO:ДУГААРАА СОНГОЖ БУЙ ХЭСЭГ
2020-06-27 11:14:09,547:INFO:2
2020-06-27 11:14:10,797:WARNING:Not Found: /favicon.ico
2020-06-27 11:14:45,146:INFO:ДУГААРЫН ҮНЭ
2020-06-27 11:14:45,148:INFO:5000
2020-06-27 11:15:05,818:INFO:ДУГААРАА СОНГОЖ БУЙ ХЭСЭГ
2020-06-27 11:15:05,818:INFO:2
2020-06-27 11:15:12,197:INFO:ДУГААРЫН ZAHIALGA
2020-06-27 11:15:17,062:INFO:------------------------------------------------------------------------------------------------
2020-06-27 11:15:20,489:INFO:ДУГААРАА СОНГОЖ БУЙ ХЭСЭГ
2020-06-27 11:15:20,489:INFO:2
2020-06-27 11:15:24,796:INFO:ДУГААРЫН ҮНЭ
2020-06-27 11:15:24,799:INFO:5000
2020-06-27 11:17:14,266:INFO:ДУГААРЫН ҮНЭ
2020-06-27 11:17:14,269:INFO:5000
2020-06-27 11:17:30,668:INFO:ДУГААРЫН ZAHIALGA
2020-06-27 11:17:33,187:INFO:------------------------------------------------------------------------------------------------
2020-06-27 11:17:41,142:INFO:ДУГААРАА СОНГОЖ БУЙ ХЭСЭГ
2020-06-27 11:17:41,142:INFO:2
2020-06-27 11:18:08,876:INFO:ДУГААРАА СОНГОЖ БУЙ ХЭСЭГ
2020-06-27 11:18:08,876:INFO:2
2020-06-27 11:18:15,819:INFO:------------------------------------------------------------------------------------------------
2020-06-27 11:18:16,816:INFO:ДУГААРАА СОНГОЖ БУЙ ХЭСЭГ
2020-06-27 11:18:16,816:INFO:2
2020-06-27 11:20:25,500:INFO:------------------------------------------------------------------------------------------------
2020-06-27 11:20:36,733:INFO:ДУГААРЫН ҮНЭ
2020-06-27 11:20:36,736:INFO:5000
2020-06-27 11:20:55,002:INFO:ДУГААРЫН ZAHIALGA
2020-06-27 11:21:02,262:INFO:------------------------------------------------------------------------------------------------
2020-06-27 11:21:06,877:INFO:ДУГААРАА СОНГОЖ БУЙ ХЭСЭГ
2020-06-27 11:21:06,877:INFO:2
2020-06-27 11:23:46,576:INFO:ДУГААРЫН ҮНЭ
2020-06-27 11:23:46,579:INFO:10000
2020-06-27 11:24:00,680:INFO:ДУГААРАА СОНГОЖ БУЙ ХЭСЭГ
2020-06-27 11:24:00,680:INFO:7
2020-06-27 11:24:21,628:INFO:ДУГААРАА СОНГОЖ БУЙ ХЭСЭГ
2020-06-27 11:24:21,629:INFO:7
2020-06-27 11:24:31,950:INFO:ДУГААРАА СОНГОЖ БУЙ ХЭСЭГ
2020-06-27 11:24:31,950:INFO:7
2020-06-27 11:24:37,314:INFO:------------------------------------------------------------------------------------------------
2020-06-27 11:24:47,613:INFO:ДУГААРАА СОНГОЖ БУЙ ХЭСЭГ
2020-06-27 11:24:47,613:INFO:2
2020-06-27 11:25:11,370:INFO:ДУГААРЫН ҮНЭ
2020-06-27 11:25:11,372:INFO:5000
2020-06-27 11:25:33,532:INFO:ДУГААРЫН ZAHIALGA
2020-06-27 11:25:37,961:INFO:------------------------------------------------------------------------------------------------
2020-06-27 11:27:04,720:INFO:ДУГААРЫН ҮНЭ
2020-06-27 11:27:04,722:INFO:10000
2020-06-27 11:28:22,201:INFO:------------------------------------------------------------------------------------------------
2020-06-27 11:28:52,391:INFO:------------------------------------------------------------------------------------------------
2020-06-27 11:28:55,145:INFO:ДУГААРАА СОНГОЖ БУЙ ХЭСЭГ
2020-06-27 11:28:55,145:INFO:2
2020-06-27 11:29:16,175:INFO:ДУГААРЫН ҮНЭ
2020-06-27 11:29:16,177:INFO:5000
2020-06-27 11:30:01,514:INFO:ДУГААРЫН ZAHIALGA
2020-06-27 11:30:05,867:INFO:------------------------------------------------------------------------------------------------
2020-06-27 11:30:07,313:INFO:ДУГААРАА СОНГОЖ БУЙ ХЭСЭГ
2020-06-27 11:30:07,313:INFO:2
2020-06-27 11:30:13,406:INFO:ДУГААРАА СОНГОЖ БУЙ ХЭСЭГ
2020-06-27 11:30:13,406:INFO:2
2020-06-27 11:30:22,932:INFO:ДУГААРАА СОНГОЖ БУЙ ХЭСЭГ
2020-06-27 11:30:22,932:INFO:2
2020-06-27 11:31:05,718:INFO:ДУГААРЫН ҮНЭ
2020-06-27 11:31:05,720:INFO:5000
2020-06-27 11:31:09,247:INFO:ДУГААРЫН ҮНЭ
2020-06-27 11:31:09,250:INFO:5000
2020-06-27 11:32:06,038:INFO:ДУГААРЫН ZAHIALGA
2020-06-27 11:32:11,528:INFO:------------------------------------------------------------------------------------------------
2020-06-27 11:32:13,184:INFO:ДУГААРАА СОНГОЖ БУЙ ХЭСЭГ
2020-06-27 11:32:13,184:INFO:2
2020-06-27 11:32:41,952:INFO:ДУГААРЫН ҮНЭ
2020-06-27 11:32:41,955:INFO:5000
2020-06-27 11:32:51,093:INFO:ДУГААРЫН ҮНЭ
2020-06-27 11:32:51,095:INFO:5000
2020-06-27 11:33:13,389:WARNING:Not Found: /
2020-06-27 11:33:33,064:INFO:ДУГААРЫН ZAHIALGA
2020-06-27 11:33:59,387:INFO:------------------------------------------------------------------------------------------------
2020-06-27 11:34:01,110:INFO:ДУГААРАА СОНГОЖ БУЙ ХЭСЭГ
2020-06-27 11:34:01,110:INFO:2
2020-06-27 11:34:13,206:INFO:ДУГААРАА СОНГОЖ БУЙ ХЭСЭГ
2020-06-27 11:34:13,206:INFO:2
2020-06-27 11:36:21,866:INFO:ДУГААРАА СОНГОЖ БУЙ ХЭСЭГ
2020-06-27 11:36:21,866:INFO:3
2020-06-27 11:36:42,270:INFO:ДУГААРАА СОНГОЖ БУЙ ХЭСЭГ
2020-06-27 11:36:42,270:INFO:3
2020-06-27 11:36:48,489:INFO:ДУГААРЫН ҮНЭ
2020-06-27 11:36:48,492:INFO:5000
2020-06-27 11:36:51,381:INFO:ДУГААРАА СОНГОЖ БУЙ ХЭСЭГ
2020-06-27 11:36:51,381:INFO:3
2020-06-27 11:38:20,860:INFO:ДУГААРАА СОНГОЖ БУЙ ХЭСЭГ
2020-06-27 11:38:20,860:INFO:2
2020-06-27 11:38:21,362:WARNING:Not Found: /favicon.ico
2020-06-27 11:39:14,485:INFO:ДУГААРЫН ҮНЭ
2020-06-27 11:39:14,487:INFO:5000
2020-06-27 11:39:31,967:INFO:------------------------------------------------------------------------------------------------
2020-06-27 11:39:33,563:INFO:ДУГААРАА СОНГОЖ БУЙ ХЭСЭГ
2020-06-27 11:39:33,563:INFO:2
2020-06-27 11:39:33,992:WARNING:Not Found: /favicon.ico
2020-06-27 11:39:37,946:INFO:ДУГААРАА СОНГОЖ БУЙ ХЭСЭГ
2020-06-27 11:39:37,946:INFO:3
2020-06-27 11:39:57,465:INFO:ДУГААРАА СОНГОЖ БУЙ ХЭСЭГ
2020-06-27 11:39:57,465:INFO:3
2020-06-27 11:39:59,263:INFO:ДУГААРЫН ҮНЭ
2020-06-27 11:39:59,265:INFO:5000
2020-06-27 11:40:23,340:INFO:ДУГААРАА СОНГОЖ БУЙ ХЭСЭГ
2020-06-27 11:40:23,340:INFO:2
2020-06-27 11:41:20,452:INFO:------------------------------------------------------------------------------------------------
2020-06-27 11:41:46,780:INFO:ДУГААРАА СОНГОЖ БУЙ ХЭСЭГ
2020-06-27 11:41:46,780:INFO:2
2020-06-27 11:41:47,487:WARNING:Not Found: /favicon.ico
2020-06-27 11:42:01,895:INFO:------------------------------------------------------------------------------------------------
2020-06-27 11:42:25,999:INFO:ДУГААРАА СОНГОЖ БУЙ ХЭСЭГ
2020-06-27 11:42:25,999:INFO:7
2020-06-27 11:42:26,244:WARNING:Not Found: /favicon.ico
2020-06-27 11:42:49,192:INFO:ДУГААРЫН ҮНЭ
2020-06-27 11:42:49,194:INFO:5000
2020-06-27 11:43:13,736:INFO:------------------------------------------------------------------------------------------------
2020-06-27 11:43:35,128:INFO:ДУГААРЫН ZAHIALGA
2020-06-27 11:43:44,929:INFO:------------------------------------------------------------------------------------------------
2020-06-27 11:43:50,303:INFO:ДУГААРАА СОНГОЖ БУЙ ХЭСЭГ
2020-06-27 11:43:50,303:INFO:2
2020-06-27 11:44:22,167:INFO:ДУГААРЫН ҮНЭ
2020-06-27 11:44:22,170:INFO:5000
2020-06-27 11:44:37,527:INFO:ДУГААРЫН ZAHIALGA
2020-06-27 11:44:44,688:INFO:------------------------------------------------------------------------------------------------
2020-06-27 11:44:45,702:INFO:ДУГААРАА СОНГОЖ БУЙ ХЭСЭГ
2020-06-27 11:44:45,702:INFO:2
2020-06-27 11:45:26,158:INFO:ДУГААРЫН ҮНЭ
2020-06-27 11:45:26,161:INFO:5000
2020-06-27 11:45:57,395:INFO:------------------------------------------------------------------------------------------------
2020-06-27 11:45:58,280:INFO:ДУГААРЫН ZAHIALGA
2020-06-27 11:45:58,403:INFO:ДУГААРАА СОНГОЖ БУЙ ХЭСЭГ
2020-06-27 11:45:58,404:INFO:2
2020-06-27 11:46:04,484:INFO:------------------------------------------------------------------------------------------------
2020-06-27 11:46:05,303:INFO:ДУГААРАА СОНГОЖ БУЙ ХЭСЭГ
2020-06-27 11:46:05,303:INFO:2
2020-06-27 11:46:51,652:INFO:ДУГААРЫН ҮНЭ
2020-06-27 11:46:51,655:INFO:5000
2020-06-27 11:47:01,775:INFO:ДУГААРЫН ҮНЭ
2020-06-27 11:47:01,777:INFO:5000
2020-06-27 11:47:38,563:INFO:ДУГААРЫН ZAHIALGA
2020-06-27 11:48:11,346:INFO:------------------------------------------------------------------------------------------------
2020-06-27 11:48:14,490:INFO:ДУГААРАА СОНГОЖ БУЙ ХЭСЭГ
2020-06-27 11:48:14,490:INFO:2
2020-06-27 11:48:54,098:INFO:------------------------------------------------------------------------------------------------
2020-06-27 11:48:55,131:INFO:ДУГААРАА СОНГОЖ БУЙ ХЭСЭГ
2020-06-27 11:48:55,132:INFO:2
2020-06-27 11:48:55,262:WARNING:Not Found: /favicon.ico
2020-06-27 11:49:39,889:INFO:------------------------------------------------------------------------------------------------
2020-06-27 11:51:39,474:INFO:------------------------------------------------------------------------------------------------
2020-06-27 11:53:38,421:INFO:------------------------------------------------------------------------------------------------
2020-06-27 11:53:39,062:INFO:------------------------------------------------------------------------------------------------
2020-06-27 11:53:39,218:INFO:------------------------------------------------------------------------------------------------
2020-06-27 11:56:23,413:INFO:------------------------------------------------------------------------------------------------
2020-06-27 11:56:25,235:INFO:ДУГААРАА СОНГОЖ БУЙ ХЭСЭГ
2020-06-27 11:56:25,235:INFO:7
2020-06-27 11:57:10,818:INFO:------------------------------------------------------------------------------------------------
2020-06-27 11:58:08,455:INFO:ДУГААРАА СОНГОЖ БУЙ ХЭСЭГ
2020-06-27 11:58:08,455:INFO:7
2020-06-27 11:58:08,735:INFO:------------------------------------------------------------------------------------------------
2020-06-27 11:58:47,921:INFO:------------------------------------------------------------------------------------------------
2020-06-27 12:00:37,525:INFO:ДУГААРАА СОНГОЖ БУЙ ХЭСЭГ
2020-06-27 12:00:37,525:INFO:7
2020-06-27 12:00:43,615:INFO:ДУГААРАА СОНГОЖ БУЙ ХЭСЭГ
2020-06-27 12:00:43,615:INFO:7
2020-06-27 12:00:43,838:INFO:ДУГААРЫН ҮНЭ
2020-06-27 12:00:43,840:INFO:5000
2020-06-27 12:01:31,573:INFO:ДУГААРЫН ҮНЭ
2020-06-27 12:01:31,576:INFO:5000
2020-06-27 12:01:39,441:INFO:ДУГААРАА СОНГОЖ БУЙ ХЭСЭГ
2020-06-27 12:01:39,442:INFO:7
2020-06-27 12:01:40,856:INFO:ДУГААРАА СОНГОЖ БУЙ ХЭСЭГ
2020-06-27 12:01:40,857:INFO:7
2020-06-27 12:01:42,056:INFO:ДУГААРАА СОНГОЖ БУЙ ХЭСЭГ
2020-06-27 12:01:42,056:INFO:7
2020-06-27 12:01:56,235:INFO:ДУГААРАА СОНГОЖ БУЙ ХЭСЭГ
2020-06-27 12:01:56,235:INFO:7
2020-06-27 12:02:03,324:INFO:ДУГААРАА СОНГОЖ БУЙ ХЭСЭГ
2020-06-27 12:02:03,324:INFO:7
2020-06-27 12:02:08,099:INFO:ДУГААРАА СОНГОЖ БУЙ ХЭСЭГ
2020-06-27 12:02:08,099:INFO:7
2020-06-27 12:02:09,232:INFO:ДУГААРАА СОНГОЖ БУЙ ХЭСЭГ
2020-06-27 12:02:09,232:INFO:7
2020-06-27 12:03:18,796:INFO:------------------------------------------------------------------------------------------------
2020-06-27 12:03:47,488:INFO:------------------------------------------------------------------------------------------------
2020-06-27 12:07:20,209:INFO:------------------------------------------------------------------------------------------------
2020-06-27 12:07:25,123:INFO:ДУГААРАА СОНГОЖ БУЙ ХЭСЭГ
2020-06-27 12:07:25,123:INFO:2
2020-06-27 12:09:43,011:INFO:ДУГААРАА СОНГОЖ БУЙ ХЭСЭГ
2020-06-27 12:09:43,011:INFO:7
2020-06-27 12:09:43,376:INFO:------------------------------------------------------------------------------------------------
2020-06-27 12:09:44,063:INFO:ДУГААРАА СОНГОЖ БУЙ ХЭСЭГ
2020-06-27 12:09:44,063:INFO:7
2020-06-27 12:10:05,033:INFO:------------------------------------------------------------------------------------------------
2020-06-27 12:10:05,560:INFO:ДУГААРАА СОНГОЖ БУЙ ХЭСЭГ
2020-06-27 12:10:05,560:INFO:7
2020-06-27 12:10:27,449:INFO:ДУГААРАА СОНГОЖ БУЙ ХЭСЭГ
2020-06-27 12:10:27,450:INFO:2
2020-06-27 12:10:31,805:INFO:ДУГААРАА СОНГОЖ БУЙ ХЭСЭГ
2020-06-27 12:10:31,806:INFO:2
2020-06-27 12:10:37,168:INFO:ДУГААРАА СОНГОЖ БУЙ ХЭСЭГ
2020-06-27 12:10:37,168:INFO:3
2020-06-27 12:10:40,964:INFO:------------------------------------------------------------------------------------------------
2020-06-27 12:10:41,976:INFO:ДУГААРАА СОНГОЖ БУЙ ХЭСЭГ
2020-06-27 12:10:41,976:INFO:7
2020-06-27 12:10:47,329:INFO:ДУГААРАА СОНГОЖ БУЙ ХЭСЭГ
2020-06-27 12:10:47,330:INFO:7
2020-06-27 12:10:56,444:INFO:------------------------------------------------------------------------------------------------
2020-06-27 12:11:01,420:INFO:ДУГААРАА СОНГОЖ БУЙ ХЭСЭГ
2020-06-27 12:11:01,421:INFO:3
2020-06-27 12:11:20,996:INFO:------------------------------------------------------------------------------------------------
2020-06-27 12:11:22,691:INFO:ДУГААРАА СОНГОЖ БУЙ ХЭСЭГ
2020-06-27 12:11:22,692:INFO:2
2020-06-27 12:12:01,845:INFO:ДУГААРАА СОНГОЖ БУЙ ХЭСЭГ
2020-06-27 12:12:01,846:INFO:2
2020-06-27 12:12:02,304:WARNING:Not Found: /favicon.ico
2020-06-27 12:13:13,063:INFO:ДУГААРЫН ҮНЭ
2020-06-27 12:13:13,066:INFO:5000
2020-06-27 12:13:52,300:INFO:ДУГААРЫН ZAHIALGA
2020-06-27 12:13:56,332:INFO:------------------------------------------------------------------------------------------------
2020-06-27 12:13:57,873:INFO:ДУГААРАА СОНГОЖ БУЙ ХЭСЭГ
2020-06-27 12:13:57,874:INFO:2
2020-06-27 12:14:50,859:INFO:ДУГААРЫН ҮНЭ
2020-06-27 12:14:50,861:INFO:5000
2020-06-27 12:15:09,311:INFO:ДУГААРЫН ZAHIALGA
2020-06-27 12:15:11,271:INFO:------------------------------------------------------------------------------------------------
2020-06-27 12:15:12,378:INFO:ДУГААРАА СОНГОЖ БУЙ ХЭСЭГ
2020-06-27 12:15:12,379:INFO:2
2020-06-27 12:17:01,443:INFO:ДУГААРЫН ҮНЭ
2020-06-27 12:17:01,446:INFO:5000
2020-06-27 12:17:13,870:INFO:ДУГААРЫН ZAHIALGA
2020-06-27 12:19:14,262:INFO:------------------------------------------------------------------------------------------------
2020-06-27 12:20:25,609:INFO:------------------------------------------------------------------------------------------------
2020-06-27 12:21:27,788:INFO:------------------------------------------------------------------------------------------------
2020-06-27 12:21:30,477:INFO:ДУГААРАА СОНГОЖ БУЙ ХЭСЭГ
2020-06-27 12:21:30,477:INFO:7
2020-06-27 12:23:17,057:INFO:------------------------------------------------------------------------------------------------
2020-06-27 12:23:18,500:INFO:ДУГААРАА СОНГОЖ БУЙ ХЭСЭГ
2020-06-27 12:23:18,501:INFO:7
2020-06-27 12:24:59,237:INFO:ДУГААРЫН ҮНЭ
2020-06-27 12:24:59,239:INFO:10000
2020-06-27 12:28:14,100:INFO:------------------------------------------------------------------------------------------------
2020-06-27 12:28:22,482:INFO:------------------------------------------------------------------------------------------------
2020-06-27 12:28:22,556:INFO:------------------------------------------------------------------------------------------------
2020-06-27 12:28:23,201:INFO:ДУГААРАА СОНГОЖ БУЙ ХЭСЭГ
2020-06-27 12:28:23,201:INFO:2
2020-06-27 12:28:27,577:INFO:ДУГААРАА СОНГОЖ БУЙ ХЭСЭГ
2020-06-27 12:28:27,577:INFO:7
2020-06-27 12:28:51,745:INFO:ДУГААРАА СОНГОЖ БУЙ ХЭСЭГ
2020-06-27 12:28:51,745:INFO:2
2020-06-27 12:30:18,871:INFO:ДУГААРЫН ҮНЭ
2020-06-27 12:30:18,874:INFO:5000
2020-06-27 12:32:12,693:INFO:ДУГААРЫН ҮНЭ
2020-06-27 12:32:12,696:INFO:5000
2020-06-27 12:38:43,843:INFO:------------------------------------------------------------------------------------------------
2020-06-27 12:38:45,693:INFO:ДУГААРАА СОНГОЖ БУЙ ХЭСЭГ
2020-06-27 12:38:45,693:INFO:2
2020-06-27 12:39:19,466:INFO:------------------------------------------------------------------------------------------------
2020-06-27 12:39:20,932:INFO:ДУГААРАА СОНГОЖ БУЙ ХЭСЭГ
2020-06-27 12:39:20,932:INFO:7
2020-06-27 12:40:22,133:INFO:------------------------------------------------------------------------------------------------
2020-06-27 12:40:25,893:INFO:ДУГААРАА СОНГОЖ БУЙ ХЭСЭГ
2020-06-27 12:40:25,893:INFO:2
2020-06-27 12:40:31,039:INFO:------------------------------------------------------------------------------------------------
2020-06-27 12:42:01,971:INFO:------------------------------------------------------------------------------------------------
2020-06-27 12:43:13,851:INFO:------------------------------------------------------------------------------------------------
2020-06-27 12:45:47,836:INFO:ДУГААРАА СОНГОЖ БУЙ ХЭСЭГ
2020-06-27 12:45:47,837:INFO:2
2020-06-27 12:45:49,637:INFO:ДУГААРАА СОНГОЖ БУЙ ХЭСЭГ
2020-06-27 12:45:49,638:INFO:2
2020-06-27 12:45:54,128:INFO:------------------------------------------------------------------------------------------------
2020-06-27 12:45:55,044:INFO:ДУГААРАА СОНГОЖ БУЙ ХЭСЭГ
2020-06-27 12:45:55,045:INFO:2
2020-06-27 12:45:57,682:ERROR:Internal Server Error: /getnumber
Traceback (most recent call last):
  File "/usr/local/lib/python2.7/dist-packages/django/core/handlers/exception.py", line 41, in inner
    response = get_response(request)
  File "/usr/local/lib/python2.7/dist-packages/django/core/handlers/base.py", line 187, in _get_response
    response = self.process_exception_by_middleware(e, request)
  File "/usr/local/lib/python2.7/dist-packages/django/core/handlers/base.py", line 185, in _get_response
    response = wrapped_callback(request, *callback_args, **callback_kwargs)
  File "/usr/local/lib/python2.7/dist-packages/django/views/decorators/csrf.py", line 58, in wrapped_view
    return view_func(*args, **kwargs)
  File "/usr/local/lib/python2.7/dist-packages/django/views/generic/base.py", line 68, in view
    return self.dispatch(request, *args, **kwargs)
  File "/usr/local/lib/python2.7/dist-packages/rest_framework/views.py", line 495, in dispatch
    response = self.handle_exception(exc)
  File "/usr/local/lib/python2.7/dist-packages/rest_framework/views.py", line 455, in handle_exception
    self.raise_uncaught_exception(exc)
  File "/usr/local/lib/python2.7/dist-packages/rest_framework/views.py", line 492, in dispatch
    response = handler(request, *args, **kwargs)
  File "/usr/local/lib/python2.7/dist-packages/rest_framework/decorators.py", line 55, in handler
    return func(*args, **kwargs)
  File "/home/user/nFilterNew/controller/views.py", line 206, in getNumber
    if data[1] == az:
IndexError: list index out of range
2020-06-27 12:46:19,643:INFO:------------------------------------------------------------------------------------------------
2020-06-27 12:48:05,325:INFO:ДУГААРАА СОНГОЖ БУЙ ХЭСЭГ
2020-06-27 12:48:05,325:INFO:2
2020-06-27 12:53:03,902:INFO:------------------------------------------------------------------------------------------------
2020-06-27 12:53:04,678:INFO:ДУГААРАА СОНГОЖ БУЙ ХЭСЭГ
2020-06-27 12:53:04,678:INFO:2
2020-06-27 12:53:31,670:INFO:ДУГААРЫН ҮНЭ
2020-06-27 12:53:31,674:INFO:5000
2020-06-27 12:53:38,524:INFO:------------------------------------------------------------------------------------------------
2020-06-27 12:53:39,164:INFO:------------------------------------------------------------------------------------------------
2020-06-27 12:53:39,321:INFO:------------------------------------------------------------------------------------------------
2020-06-27 12:54:59,168:INFO:ДУГААРАА СОНГОЖ БУЙ ХЭСЭГ
2020-06-27 12:54:59,169:INFO:7
2020-06-27 12:55:01,878:INFO:ДУГААРАА СОНГОЖ БУЙ ХЭСЭГ
2020-06-27 12:55:01,878:INFO:7
2020-06-27 12:55:05,183:INFO:ДУГААРАА СОНГОЖ БУЙ ХЭСЭГ
2020-06-27 12:55:05,183:INFO:7
2020-06-27 12:57:11,451:INFO:------------------------------------------------------------------------------------------------
2020-06-27 12:57:45,480:INFO:ДУГААРЫН ҮНЭ
2020-06-27 12:57:45,483:INFO:5000
2020-06-27 12:58:08,866:INFO:------------------------------------------------------------------------------------------------
2020-06-27 12:58:48,761:INFO:------------------------------------------------------------------------------------------------
2020-06-27 12:58:58,190:INFO:ДУГААРЫН ZAHIALGA
2020-06-27 13:00:58,421:INFO:------------------------------------------------------------------------------------------------
2020-06-27 13:03:23,445:INFO:------------------------------------------------------------------------------------------------
2020-06-27 13:03:48,334:INFO:------------------------------------------------------------------------------------------------
2020-06-27 13:03:57,286:INFO:------------------------------------------------------------------------------------------------
2020-06-27 13:03:58,348:INFO:ДУГААРАА СОНГОЖ БУЙ ХЭСЭГ
2020-06-27 13:03:58,348:INFO:2
2020-06-27 13:03:59,646:INFO:------------------------------------------------------------------------------------------------
2020-06-27 13:04:00,636:INFO:ДУГААРАА СОНГОЖ БУЙ ХЭСЭГ
2020-06-27 13:04:00,636:INFO:7
2020-06-27 13:04:03,318:INFO:------------------------------------------------------------------------------------------------
2020-06-27 13:04:04,468:INFO:ДУГААРАА СОНГОЖ БУЙ ХЭСЭГ
2020-06-27 13:04:04,468:INFO:7
2020-06-27 13:04:15,364:INFO:ДУГААРАА СОНГОЖ БУЙ ХЭСЭГ
2020-06-27 13:04:15,364:INFO:7
2020-06-27 13:04:22,367:INFO:------------------------------------------------------------------------------------------------
2020-06-27 13:04:23,688:INFO:ДУГААРАА СОНГОЖ БУЙ ХЭСЭГ
2020-06-27 13:04:23,688:INFO:7
2020-06-27 13:04:42,906:WARNING:Not Found: /favicon.ico
2020-06-27 13:04:49,265:INFO:------------------------------------------------------------------------------------------------
2020-06-27 13:04:51,042:INFO:ДУГААРАА СОНГОЖ БУЙ ХЭСЭГ
2020-06-27 13:04:51,042:INFO:7
2020-06-27 13:04:59,814:INFO:------------------------------------------------------------------------------------------------
2020-06-27 13:05:00,530:INFO:ДУГААРАА СОНГОЖ БУЙ ХЭСЭГ
2020-06-27 13:05:00,530:INFO:7
2020-06-27 13:05:24,137:INFO:ДУГААРАА СОНГОЖ БУЙ ХЭСЭГ
2020-06-27 13:05:24,137:INFO:7
2020-06-27 13:05:25,515:INFO:ДУГААРЫН ҮНЭ
2020-06-27 13:05:25,517:INFO:10000
2020-06-27 13:06:07,612:INFO:ДУГААРАА СОНГОЖ БУЙ ХЭСЭГ
2020-06-27 13:06:07,612:INFO:2
2020-06-27 13:06:10,764:WARNING:Not Found: /favicon.ico
2020-06-27 13:06:47,952:INFO:ДУГААРАА СОНГОЖ БУЙ ХЭСЭГ
2020-06-27 13:06:47,953:INFO:7
2020-06-27 13:07:04,151:INFO:ДУГААРАА СОНГОЖ БУЙ ХЭСЭГ
2020-06-27 13:07:04,151:INFO:7
2020-06-27 13:07:07,167:INFO:ДУГААРАА СОНГОЖ БУЙ ХЭСЭГ
2020-06-27 13:07:07,167:INFO:7
2020-06-27 13:07:20,302:INFO:------------------------------------------------------------------------------------------------
2020-06-27 13:07:46,270:INFO:ДУГААРАА СОНГОЖ БУЙ ХЭСЭГ
2020-06-27 13:07:46,270:INFO:7
2020-06-27 13:08:24,576:INFO:ДУГААРАА СОНГОЖ БУЙ ХЭСЭГ
2020-06-27 13:08:24,576:INFO:7
2020-06-27 13:08:44,680:INFO:------------------------------------------------------------------------------------------------
2020-06-27 13:08:54,855:INFO:ДУГААРАА СОНГОЖ БУЙ ХЭСЭГ
2020-06-27 13:08:54,856:INFO:7
2020-06-27 13:11:19,941:INFO:------------------------------------------------------------------------------------------------
2020-06-27 13:11:22,472:ERROR:Internal Server Error: /getnumber
Traceback (most recent call last):
  File "/usr/local/lib/python2.7/dist-packages/django/core/handlers/exception.py", line 41, in inner
    response = get_response(request)
  File "/usr/local/lib/python2.7/dist-packages/django/core/handlers/base.py", line 187, in _get_response
    response = self.process_exception_by_middleware(e, request)
  File "/usr/local/lib/python2.7/dist-packages/django/core/handlers/base.py", line 185, in _get_response
    response = wrapped_callback(request, *callback_args, **callback_kwargs)
  File "/usr/local/lib/python2.7/dist-packages/django/views/decorators/csrf.py", line 58, in wrapped_view
    return view_func(*args, **kwargs)
  File "/usr/local/lib/python2.7/dist-packages/django/views/generic/base.py", line 68, in view
    return self.dispatch(request, *args, **kwargs)
  File "/usr/local/lib/python2.7/dist-packages/rest_framework/views.py", line 495, in dispatch
    response = self.handle_exception(exc)
  File "/usr/local/lib/python2.7/dist-packages/rest_framework/views.py", line 455, in handle_exception
    self.raise_uncaught_exception(exc)
  File "/usr/local/lib/python2.7/dist-packages/rest_framework/views.py", line 492, in dispatch
    response = handler(request, *args, **kwargs)
  File "/usr/local/lib/python2.7/dist-packages/rest_framework/decorators.py", line 55, in handler
    return func(*args, **kwargs)
  File "/home/user/nFilterNew/controller/views.py", line 206, in getNumber
    if data[1] == az:
IndexError: list index out of range
2020-06-27 13:11:25,941:INFO:ДУГААРАА СОНГОЖ БУЙ ХЭСЭГ
2020-06-27 13:11:25,942:INFO:7
2020-06-27 13:14:28,105:INFO:ДУГААРЫН ҮНЭ
2020-06-27 13:14:28,107:INFO:5000
2020-06-27 13:15:56,261:INFO:ДУГААРЫН ZAHIALGA
2020-06-27 13:16:00,896:INFO:------------------------------------------------------------------------------------------------
2020-06-27 13:20:25,768:INFO:------------------------------------------------------------------------------------------------
2020-06-27 13:20:50,270:INFO:ДУГААРАА СОНГОЖ БУЙ ХЭСЭГ
2020-06-27 13:20:50,270:INFO:2
2020-06-27 13:22:00,715:INFO:ДУГААРАА СОНГОЖ БУЙ ХЭСЭГ
2020-06-27 13:22:00,715:INFO:2
2020-06-27 13:22:18,922:INFO:------------------------------------------------------------------------------------------------
2020-06-27 13:22:19,971:INFO:ДУГААРАА СОНГОЖ БУЙ ХЭСЭГ
2020-06-27 13:22:19,972:INFO:2
2020-06-27 13:25:23,429:INFO:ДУГААРЫН ҮНЭ
2020-06-27 13:25:23,432:INFO:5000
2020-06-27 13:28:39,844:INFO:ДУГААРАА СОНГОЖ БУЙ ХЭСЭГ
2020-06-27 13:28:39,845:INFO:2
2020-06-27 13:28:40,451:INFO:------------------------------------------------------------------------------------------------
2020-06-27 13:28:41,493:INFO:ДУГААРАА СОНГОЖ БУЙ ХЭСЭГ
2020-06-27 13:28:41,493:INFO:2
2020-06-27 13:29:41,430:INFO:ДУГААРАА СОНГОЖ БУЙ ХЭСЭГ
2020-06-27 13:29:41,431:INFO:2
2020-06-27 13:31:35,208:INFO:------------------------------------------------------------------------------------------------
2020-06-27 13:31:36,205:INFO:ДУГААРАА СОНГОЖ БУЙ ХЭСЭГ
2020-06-27 13:31:36,205:INFO:2
2020-06-27 13:32:11,048:INFO:ДУГААРЫН ҮНЭ
2020-06-27 13:32:11,052:INFO:5000
2020-06-27 13:33:51,738:INFO:ДУГААРЫН ҮНЭ
2020-06-27 13:33:51,740:INFO:5000
2020-06-27 13:34:46,726:INFO:ДУГААРАА СОНГОЖ БУЙ ХЭСЭГ
2020-06-27 13:34:46,726:INFO:2
2020-06-27 13:34:56,873:INFO:ДУГААРЫН ҮНЭ
2020-06-27 13:34:56,876:INFO:5000
2020-06-27 13:35:00,943:INFO:ДУГААРЫН ҮНЭ
2020-06-27 13:35:00,946:INFO:5000
2020-06-27 13:35:13,076:INFO:ДУГААРЫН ZAHIALGA
2020-06-27 13:37:13,987:INFO:------------------------------------------------------------------------------------------------
2020-06-27 13:40:31,492:INFO:------------------------------------------------------------------------------------------------
2020-06-27 13:42:02,035:INFO:------------------------------------------------------------------------------------------------
2020-06-27 13:43:13,979:INFO:------------------------------------------------------------------------------------------------
2020-06-27 13:45:51,887:INFO:ДУГААРАА СОНГОЖ БУЙ ХЭСЭГ
2020-06-27 13:45:51,888:INFO:2
2020-06-27 13:46:21,867:INFO:------------------------------------------------------------------------------------------------
2020-06-27 13:48:21,716:INFO:ДУГААРЫН ҮНЭ
2020-06-27 13:48:21,719:INFO:5000
2020-06-27 13:49:15,375:INFO:ДУГААРЫН ZAHIALGA
2020-06-27 13:49:20,898:INFO:------------------------------------------------------------------------------------------------
2020-06-27 13:50:25,014:INFO:------------------------------------------------------------------------------------------------
2020-06-27 13:50:25,815:INFO:ДУГААРАА СОНГОЖ БУЙ ХЭСЭГ
2020-06-27 13:50:25,815:INFO:2
2020-06-27 13:50:45,666:INFO:------------------------------------------------------------------------------------------------
2020-06-27 13:50:48,440:INFO:ДУГААРАА СОНГОЖ БУЙ ХЭСЭГ
2020-06-27 13:50:48,440:INFO:2
2020-06-27 13:52:18,192:INFO:ДУГААРЫН ҮНЭ
2020-06-27 13:52:18,195:INFO:5000
2020-06-27 13:53:10,384:INFO:------------------------------------------------------------------------------------------------
2020-06-27 13:53:14,886:INFO:ДУГААРАА СОНГОЖ БУЙ ХЭСЭГ
2020-06-27 13:53:14,886:INFO:2
2020-06-27 13:53:15,311:WARNING:Not Found: /favicon.ico
2020-06-27 13:53:17,111:INFO:ДУГААРАА СОНГОЖ БУЙ ХЭСЭГ
2020-06-27 13:53:17,111:INFO:2
2020-06-27 13:53:38,621:INFO:------------------------------------------------------------------------------------------------
2020-06-27 13:53:39,260:INFO:------------------------------------------------------------------------------------------------
2020-06-27 13:53:39,420:INFO:------------------------------------------------------------------------------------------------
2020-06-27 13:54:15,164:INFO:ДУГААРЫН ҮНЭ
2020-06-27 13:54:15,167:INFO:5000
2020-06-27 13:55:18,058:INFO:ДУГААРЫН ҮНЭ
2020-06-27 13:55:18,060:INFO:5000
2020-06-27 13:55:57,354:INFO:------------------------------------------------------------------------------------------------
2020-06-27 13:55:58,146:INFO:ДУГААРАА СОНГОЖ БУЙ ХЭСЭГ
2020-06-27 13:55:58,146:INFO:2
2020-06-27 13:56:21,001:INFO:ДУГААРАА СОНГОЖ БУЙ ХЭСЭГ
2020-06-27 13:56:21,001:INFO:2
2020-06-27 13:56:21,747:INFO:------------------------------------------------------------------------------------------------
2020-06-27 13:56:22,667:INFO:ДУГААРАА СОНГОЖ БУЙ ХЭСЭГ
2020-06-27 13:56:22,667:INFO:7
2020-06-27 13:57:12,097:INFO:------------------------------------------------------------------------------------------------
2020-06-27 13:58:08,973:INFO:------------------------------------------------------------------------------------------------
2020-06-27 13:58:49,602:INFO:------------------------------------------------------------------------------------------------
2020-06-27 13:58:56,252:INFO:ДУГААРАА СОНГОЖ БУЙ ХЭСЭГ
2020-06-27 13:58:56,253:INFO:7
2020-06-27 13:58:56,457:WARNING:Not Found: /favicon.ico
2020-06-27 14:00:22,152:INFO:------------------------------------------------------------------------------------------------
2020-06-27 14:00:22,996:INFO:ДУГААРАА СОНГОЖ БУЙ ХЭСЭГ
2020-06-27 14:00:22,996:INFO:7
2020-06-27 14:01:16,494:INFO:------------------------------------------------------------------------------------------------
2020-06-27 14:01:17,108:INFO:ДУГААРАА СОНГОЖ БУЙ ХЭСЭГ
2020-06-27 14:01:17,108:INFO:2
2020-06-27 14:01:19,708:INFO:ДУГААРЫН ҮНЭ
2020-06-27 14:01:19,710:INFO:10000
2020-06-27 14:02:04,839:INFO:ДУГААРЫН ҮНЭ
2020-06-27 14:02:04,842:INFO:10000
2020-06-27 14:02:19,325:INFO:ДУГААРЫН ҮНЭ
2020-06-27 14:02:19,327:INFO:10000
2020-06-27 14:02:35,119:INFO:ДУГААРАА СОНГОЖ БУЙ ХЭСЭГ
2020-06-27 14:02:35,119:INFO:2
2020-06-27 14:03:28,112:INFO:------------------------------------------------------------------------------------------------
2020-06-27 14:03:49,089:INFO:------------------------------------------------------------------------------------------------
2020-06-27 14:04:06,525:INFO:------------------------------------------------------------------------------------------------
2020-06-27 14:04:12,423:INFO:ДУГААРАА СОНГОЖ БУЙ ХЭСЭГ
2020-06-27 14:04:12,423:INFO:2
2020-06-27 14:07:20,396:INFO:------------------------------------------------------------------------------------------------
2020-06-27 14:09:07,147:INFO:------------------------------------------------------------------------------------------------
2020-06-27 14:09:08,657:INFO:ДУГААРАА СОНГОЖ БУЙ ХЭСЭГ
2020-06-27 14:09:08,658:INFO:2
2020-06-27 14:14:52,866:INFO:------------------------------------------------------------------------------------------------
2020-06-27 14:14:53,574:INFO:ДУГААРАА СОНГОЖ БУЙ ХЭСЭГ
2020-06-27 14:14:53,574:INFO:7
2020-06-27 14:14:54,859:INFO:------------------------------------------------------------------------------------------------
2020-06-27 14:14:55,805:INFO:ДУГААРАА СОНГОЖ БУЙ ХЭСЭГ
2020-06-27 14:14:55,805:INFO:2
2020-06-27 14:16:02,284:INFO:------------------------------------------------------------------------------------------------
2020-06-27 14:16:04,649:INFO:ДУГААРАА СОНГОЖ БУЙ ХЭСЭГ
2020-06-27 14:16:04,649:INFO:2
2020-06-27 14:16:05,343:INFO:------------------------------------------------------------------------------------------------
2020-06-27 14:16:29,326:INFO:------------------------------------------------------------------------------------------------
2020-06-27 14:16:30,212:INFO:ДУГААРАА СОНГОЖ БУЙ ХЭСЭГ
2020-06-27 14:16:30,213:INFO:2
2020-06-27 14:16:39,349:INFO:------------------------------------------------------------------------------------------------
2020-06-27 14:16:40,277:INFO:ДУГААРАА СОНГОЖ БУЙ ХЭСЭГ
2020-06-27 14:16:40,278:INFO:2
2020-06-27 14:16:58,329:INFO:------------------------------------------------------------------------------------------------
2020-06-27 14:16:59,202:INFO:ДУГААРАА СОНГОЖ БУЙ ХЭСЭГ
2020-06-27 14:16:59,202:INFO:2
2020-06-27 14:20:14,616:INFO:------------------------------------------------------------------------------------------------
2020-06-27 14:20:16,523:INFO:ДУГААРАА СОНГОЖ БУЙ ХЭСЭГ
2020-06-27 14:20:16,524:INFO:2
2020-06-27 14:20:16,828:WARNING:Not Found: /favicon.ico
2020-06-27 14:20:25,865:INFO:------------------------------------------------------------------------------------------------
2020-06-27 14:20:55,285:INFO:ДУГААРАА СОНГОЖ БУЙ ХЭСЭГ
2020-06-27 14:20:55,285:INFO:2
2020-06-27 14:20:55,509:INFO:ДУГААРАА СОНГОЖ БУЙ ХЭСЭГ
2020-06-27 14:20:55,509:INFO:2
2020-06-27 14:21:30,235:INFO:ДУГААРАА СОНГОЖ БУЙ ХЭСЭГ
2020-06-27 14:21:30,236:INFO:2
2020-06-27 14:21:35,728:INFO:ДУГААРАА СОНГОЖ БУЙ ХЭСЭГ
2020-06-27 14:21:35,729:INFO:2
2020-06-27 14:21:48,790:INFO:ДУГААРАА СОНГОЖ БУЙ ХЭСЭГ
2020-06-27 14:21:48,790:INFO:2
2020-06-27 14:24:00,649:INFO:------------------------------------------------------------------------------------------------
2020-06-27 14:24:01,343:INFO:ДУГААРАА СОНГОЖ БУЙ ХЭСЭГ
2020-06-27 14:24:01,344:INFO:2
2020-06-27 14:24:22,182:INFO:ДУГААРЫН ҮНЭ
2020-06-27 14:24:22,184:INFO:5000
2020-06-27 14:26:26,632:INFO:------------------------------------------------------------------------------------------------
2020-06-27 14:26:27,369:INFO:ДУГААРЫН ҮНЭ
2020-06-27 14:26:27,372:INFO:5000
2020-06-27 14:26:28,036:INFO:ДУГААРАА СОНГОЖ БУЙ ХЭСЭГ
2020-06-27 14:26:28,037:INFO:2
2020-06-27 14:36:27,315:INFO:------------------------------------------------------------------------------------------------
2020-06-27 14:36:29,257:INFO:ДУГААРАА СОНГОЖ БУЙ ХЭСЭГ
2020-06-27 14:36:29,257:INFO:2
2020-06-27 14:37:27,503:INFO:ДУГААРАА СОНГОЖ БУЙ ХЭСЭГ
2020-06-27 14:37:27,504:INFO:2
2020-06-27 14:38:31,895:INFO:------------------------------------------------------------------------------------------------
2020-06-27 14:40:31,823:INFO:------------------------------------------------------------------------------------------------
2020-06-27 14:42:02,118:INFO:------------------------------------------------------------------------------------------------
2020-06-27 14:50:34,152:INFO:ДУГААРАА СОНГОЖ БУЙ ХЭСЭГ
2020-06-27 14:50:34,152:INFO:2
2020-06-27 14:51:18,095:INFO:------------------------------------------------------------------------------------------------
2020-06-27 14:51:19,205:INFO:ДУГААРАА СОНГОЖ БУЙ ХЭСЭГ
2020-06-27 14:51:19,205:INFO:2
2020-06-27 14:53:32,448:ERROR:Internal Server Error: /getnumber
Traceback (most recent call last):
  File "/usr/local/lib/python2.7/dist-packages/django/core/handlers/exception.py", line 41, in inner
    response = get_response(request)
  File "/usr/local/lib/python2.7/dist-packages/django/core/handlers/base.py", line 187, in _get_response
    response = self.process_exception_by_middleware(e, request)
  File "/usr/local/lib/python2.7/dist-packages/django/core/handlers/base.py", line 185, in _get_response
    response = wrapped_callback(request, *callback_args, **callback_kwargs)
  File "/usr/local/lib/python2.7/dist-packages/django/views/decorators/csrf.py", line 58, in wrapped_view
    return view_func(*args, **kwargs)
  File "/usr/local/lib/python2.7/dist-packages/django/views/generic/base.py", line 68, in view
    return self.dispatch(request, *args, **kwargs)
  File "/usr/local/lib/python2.7/dist-packages/rest_framework/views.py", line 495, in dispatch
    response = self.handle_exception(exc)
  File "/usr/local/lib/python2.7/dist-packages/rest_framework/views.py", line 455, in handle_exception
    self.raise_uncaught_exception(exc)
  File "/usr/local/lib/python2.7/dist-packages/rest_framework/views.py", line 492, in dispatch
    response = handler(request, *args, **kwargs)
  File "/usr/local/lib/python2.7/dist-packages/rest_framework/decorators.py", line 55, in handler
    return func(*args, **kwargs)
  File "/home/user/nFilterNew/controller/views.py", line 206, in getNumber
    if data[1] == az:
IndexError: list index out of range
2020-06-27 14:53:39,676:INFO:------------------------------------------------------------------------------------------------
2020-06-27 14:53:40,009:INFO:------------------------------------------------------------------------------------------------
2020-06-27 14:53:40,284:INFO:------------------------------------------------------------------------------------------------
2020-06-27 14:54:28,966:INFO:ДУГААРЫН ҮНЭ
2020-06-27 14:54:28,968:INFO:5000
2020-06-27 14:55:56,918:INFO:ДУГААРЫН ҮНЭ
2020-06-27 14:55:56,921:INFO:5000
2020-06-27 14:57:12,770:INFO:------------------------------------------------------------------------------------------------
2020-06-27 14:57:20,994:INFO:------------------------------------------------------------------------------------------------
2020-06-27 14:57:22,220:INFO:ДУГААРАА СОНГОЖ БУЙ ХЭСЭГ
2020-06-27 14:57:22,221:INFO:2
2020-06-27 14:57:22,638:WARNING:Not Found: /favicon.ico
2020-06-27 14:57:40,718:INFO:------------------------------------------------------------------------------------------------
2020-06-27 14:57:43,454:INFO:ДУГААРАА СОНГОЖ БУЙ ХЭСЭГ
2020-06-27 14:57:43,454:INFO:2
2020-06-27 14:58:09,133:INFO:------------------------------------------------------------------------------------------------
2020-06-27 14:58:50,454:INFO:------------------------------------------------------------------------------------------------
2020-06-27 15:00:18,897:INFO:------------------------------------------------------------------------------------------------
2020-06-27 15:00:20,230:INFO:ДУГААРАА СОНГОЖ БУЙ ХЭСЭГ
2020-06-27 15:00:20,230:INFO:2
2020-06-27 15:03:32,766:INFO:------------------------------------------------------------------------------------------------
2020-06-27 15:03:49,994:INFO:------------------------------------------------------------------------------------------------
2020-06-27 15:03:57,487:INFO:ДУГААРЫН ҮНЭ
2020-06-27 15:03:57,493:INFO:5000
2020-06-27 15:04:15,514:INFO:ДУГААРЫН ҮНЭ
2020-06-27 15:04:15,517:INFO:5000
2020-06-27 15:05:14,154:INFO:ДУГААРЫН ZAHIALGA
2020-06-27 15:06:22,290:INFO:ДУГААРЫН ҮНЭ
2020-06-27 15:06:22,292:INFO:5000
2020-06-27 15:07:15,108:INFO:------------------------------------------------------------------------------------------------
2020-06-27 15:07:20,498:INFO:------------------------------------------------------------------------------------------------
2020-06-27 15:16:37,974:INFO:ДУГААРЫН ҮНЭ
2020-06-27 15:16:37,977:INFO:5000
2020-06-27 15:17:04,260:INFO:ДУГААРАА СОНГОЖ БУЙ ХЭСЭГ
2020-06-27 15:17:04,261:INFO:7
2020-06-27 15:17:04,857:WARNING:Not Found: /favicon.ico
2020-06-27 15:17:11,480:INFO:ДУГААРЫН ҮНЭ
2020-06-27 15:17:11,483:INFO:5000
2020-06-27 15:17:35,840:ERROR:Internal Server Error: /getnumber
Traceback (most recent call last):
  File "/usr/local/lib/python2.7/dist-packages/django/core/handlers/exception.py", line 41, in inner
    response = get_response(request)
  File "/usr/local/lib/python2.7/dist-packages/django/core/handlers/base.py", line 187, in _get_response
    response = self.process_exception_by_middleware(e, request)
  File "/usr/local/lib/python2.7/dist-packages/django/core/handlers/base.py", line 185, in _get_response
    response = wrapped_callback(request, *callback_args, **callback_kwargs)
  File "/usr/local/lib/python2.7/dist-packages/django/views/decorators/csrf.py", line 58, in wrapped_view
    return view_func(*args, **kwargs)
  File "/usr/local/lib/python2.7/dist-packages/django/views/generic/base.py", line 68, in view
    return self.dispatch(request, *args, **kwargs)
  File "/usr/local/lib/python2.7/dist-packages/rest_framework/views.py", line 495, in dispatch
    response = self.handle_exception(exc)
  File "/usr/local/lib/python2.7/dist-packages/rest_framework/views.py", line 455, in handle_exception
    self.raise_uncaught_exception(exc)
  File "/usr/local/lib/python2.7/dist-packages/rest_framework/views.py", line 492, in dispatch
    response = handler(request, *args, **kwargs)
  File "/usr/local/lib/python2.7/dist-packages/rest_framework/decorators.py", line 55, in handler
    return func(*args, **kwargs)
  File "/home/user/nFilterNew/controller/views.py", line 206, in getNumber
    if data[1] == az:
IndexError: list index out of range
2020-06-27 15:17:35,976:INFO:------------------------------------------------------------------------------------------------
2020-06-27 15:17:38,645:INFO:ДУГААРАА СОНГОЖ БУЙ ХЭСЭГ
2020-06-27 15:17:38,645:INFO:2
2020-06-27 15:17:40,897:INFO:ДУГААРАА СОНГОЖ БУЙ ХЭСЭГ
2020-06-27 15:17:40,899:INFO:2
2020-06-27 15:20:25,936:INFO:------------------------------------------------------------------------------------------------
2020-06-27 15:21:35,691:INFO:ДУГААРЫН ҮНЭ
2020-06-27 15:21:35,694:INFO:10000
2020-06-27 15:22:38,330:WARNING:Not Found: /favicon.ico
2020-06-27 15:25:03,981:INFO:------------------------------------------------------------------------------------------------
2020-06-27 15:25:05,100:INFO:ДУГААРАА СОНГОЖ БУЙ ХЭСЭГ
2020-06-27 15:25:05,100:INFO:2
2020-06-27 15:29:07,720:INFO:ДУГААРАА СОНГОЖ БУЙ ХЭСЭГ
2020-06-27 15:29:07,720:INFO:7
2020-06-27 15:29:19,474:INFO:------------------------------------------------------------------------------------------------
2020-06-27 15:29:37,010:INFO:------------------------------------------------------------------------------------------------
2020-06-27 15:29:56,760:INFO:ДУГААРАА СОНГОЖ БУЙ ХЭСЭГ
2020-06-27 15:29:56,760:INFO:7
2020-06-27 15:36:26,490:INFO:------------------------------------------------------------------------------------------------
2020-06-27 15:36:27,189:INFO:ДУГААРАА СОНГОЖ БУЙ ХЭСЭГ
2020-06-27 15:36:27,189:INFO:2
2020-06-27 15:40:07,325:INFO:------------------------------------------------------------------------------------------------
2020-06-27 15:40:13,192:INFO:ДУГААРАА СОНГОЖ БУЙ ХЭСЭГ
2020-06-27 15:40:13,192:INFO:7
2020-06-27 15:40:17,652:INFO:------------------------------------------------------------------------------------------------
2020-06-27 15:40:32,283:INFO:------------------------------------------------------------------------------------------------
2020-06-27 15:42:02,196:INFO:------------------------------------------------------------------------------------------------
2020-06-27 15:42:42,249:INFO:ДУГААРЫН ҮНЭ
2020-06-27 15:42:42,252:INFO:5000
2020-06-27 15:43:56,700:INFO:ДУГААРАА СОНГОЖ БУЙ ХЭСЭГ
2020-06-27 15:43:56,701:INFO:2
2020-06-27 15:43:57,921:INFO:------------------------------------------------------------------------------------------------
2020-06-27 15:43:58,780:INFO:ДУГААРАА СОНГОЖ БУЙ ХЭСЭГ
2020-06-27 15:43:58,780:INFO:2
2020-06-27 15:44:23,356:INFO:ДУГААРЫН ҮНЭ
2020-06-27 15:44:23,359:INFO:5000
2020-06-27 15:44:57,976:INFO:ДУГААРАА СОНГОЖ БУЙ ХЭСЭГ
2020-06-27 15:44:57,977:INFO:2
2020-06-27 15:45:06,985:INFO:------------------------------------------------------------------------------------------------
2020-06-27 15:45:10,002:INFO:ДУГААРАА СОНГОЖ БУЙ ХЭСЭГ
2020-06-27 15:45:10,003:INFO:2
2020-06-27 15:45:42,785:INFO:ДУГААРАА СОНГОЖ БУЙ ХЭСЭГ
2020-06-27 15:45:42,785:INFO:7
2020-06-27 15:45:59,251:INFO:------------------------------------------------------------------------------------------------
2020-06-27 15:46:02,001:INFO:ДУГААРАА СОНГОЖ БУЙ ХЭСЭГ
2020-06-27 15:46:02,001:INFO:7
2020-06-27 15:53:39,776:INFO:------------------------------------------------------------------------------------------------
2020-06-27 15:53:40,144:INFO:------------------------------------------------------------------------------------------------
2020-06-27 15:53:40,461:INFO:------------------------------------------------------------------------------------------------
2020-06-27 15:58:09,284:INFO:------------------------------------------------------------------------------------------------
2020-06-27 15:58:28,873:INFO:------------------------------------------------------------------------------------------------
2020-06-27 15:58:29,933:INFO:ДУГААРАА СОНГОЖ БУЙ ХЭСЭГ
2020-06-27 15:58:29,933:INFO:2
2020-06-27 15:58:51,356:INFO:------------------------------------------------------------------------------------------------
2020-06-27 16:02:29,650:INFO:ДУГААРЫН ҮНЭ
2020-06-27 16:02:29,653:INFO:5000
2020-06-27 16:03:37,462:INFO:------------------------------------------------------------------------------------------------
2020-06-27 16:03:50,982:INFO:------------------------------------------------------------------------------------------------
2020-06-27 16:04:16,125:INFO:------------------------------------------------------------------------------------------------
2020-06-27 16:04:17,010:INFO:ДУГААРАА СОНГОЖ БУЙ ХЭСЭГ
2020-06-27 16:04:17,010:INFO:2
2020-06-27 16:05:08,832:INFO:ДУГААРЫН ҮНЭ
2020-06-27 16:05:08,835:INFO:5000
2020-06-27 16:05:26,943:INFO:ДУГААРАА СОНГОЖ БУЙ ХЭСЭГ
2020-06-27 16:05:26,944:INFO:2
2020-06-27 16:05:27,606:WARNING:Not Found: /favicon.ico
2020-06-27 16:05:27,612:WARNING:Not Found: /favicon.ico
2020-06-27 16:06:21,158:INFO:ДУГААРЫН ҮНЭ
2020-06-27 16:06:21,161:INFO:5000
2020-06-27 16:06:27,401:INFO:------------------------------------------------------------------------------------------------
2020-06-27 16:06:27,917:INFO:ДУГААРАА СОНГОЖ БУЙ ХЭСЭГ
2020-06-27 16:06:27,917:INFO:7
2020-06-27 16:06:39,997:INFO:ДУГААРЫН ҮНЭ
2020-06-27 16:06:39,999:INFO:5000
2020-06-27 16:07:14,071:INFO:ДУГААРАА СОНГОЖ БУЙ ХЭСЭГ
2020-06-27 16:07:14,071:INFO:2
2020-06-27 16:07:20,591:INFO:------------------------------------------------------------------------------------------------
2020-06-27 16:07:22,202:INFO:ДУГААРЫН ҮНЭ
2020-06-27 16:07:22,205:INFO:5000
2020-06-27 16:09:25,494:INFO:ДУГААРЫН ҮНЭ
2020-06-27 16:09:25,498:INFO:10000
2020-06-27 16:09:34,368:INFO:------------------------------------------------------------------------------------------------
2020-06-27 16:09:35,163:INFO:ДУГААРАА СОНГОЖ БУЙ ХЭСЭГ
2020-06-27 16:09:35,164:INFO:2
2020-06-27 16:10:01,323:INFO:------------------------------------------------------------------------------------------------
2020-06-27 16:10:02,554:INFO:ДУГААРАА СОНГОЖ БУЙ ХЭСЭГ
2020-06-27 16:10:02,554:INFO:7
2020-06-27 16:10:10,406:INFO:------------------------------------------------------------------------------------------------
2020-06-27 16:10:11,778:INFO:ДУГААРАА СОНГОЖ БУЙ ХЭСЭГ
2020-06-27 16:10:11,778:INFO:7
2020-06-27 16:10:36,561:INFO:------------------------------------------------------------------------------------------------
2020-06-27 16:10:51,976:INFO:ДУГААРАА СОНГОЖ БУЙ ХЭСЭГ
2020-06-27 16:10:51,976:INFO:2
2020-06-27 16:10:55,018:INFO:------------------------------------------------------------------------------------------------
2020-06-27 16:11:18,967:INFO:ДУГААРАА СОНГОЖ БУЙ ХЭСЭГ
2020-06-27 16:11:18,967:INFO:2
2020-06-27 16:11:48,383:INFO:------------------------------------------------------------------------------------------------
2020-06-27 16:11:49,592:INFO:ДУГААРАА СОНГОЖ БУЙ ХЭСЭГ
2020-06-27 16:11:49,592:INFO:7
2020-06-27 16:12:11,341:INFO:------------------------------------------------------------------------------------------------
2020-06-27 16:12:12,139:INFO:ДУГААРАА СОНГОЖ БУЙ ХЭСЭГ
2020-06-27 16:12:12,139:INFO:2
2020-06-27 16:18:22,849:INFO:ДУГААРАА СОНГОЖ БУЙ ХЭСЭГ
2020-06-27 16:18:22,850:INFO:2
2020-06-27 16:18:46,397:ERROR:Internal Server Error: /getnumber
Traceback (most recent call last):
  File "/usr/local/lib/python2.7/dist-packages/django/core/handlers/exception.py", line 41, in inner
    response = get_response(request)
  File "/usr/local/lib/python2.7/dist-packages/django/core/handlers/base.py", line 187, in _get_response
    response = self.process_exception_by_middleware(e, request)
  File "/usr/local/lib/python2.7/dist-packages/django/core/handlers/base.py", line 185, in _get_response
    response = wrapped_callback(request, *callback_args, **callback_kwargs)
  File "/usr/local/lib/python2.7/dist-packages/django/views/decorators/csrf.py", line 58, in wrapped_view
    return view_func(*args, **kwargs)
  File "/usr/local/lib/python2.7/dist-packages/django/views/generic/base.py", line 68, in view
    return self.dispatch(request, *args, **kwargs)
  File "/usr/local/lib/python2.7/dist-packages/rest_framework/views.py", line 495, in dispatch
    response = self.handle_exception(exc)
  File "/usr/local/lib/python2.7/dist-packages/rest_framework/views.py", line 455, in handle_exception
    self.raise_uncaught_exception(exc)
  File "/usr/local/lib/python2.7/dist-packages/rest_framework/views.py", line 492, in dispatch
    response = handler(request, *args, **kwargs)
  File "/usr/local/lib/python2.7/dist-packages/rest_framework/decorators.py", line 55, in handler
    return func(*args, **kwargs)
  File "/home/user/nFilterNew/controller/views.py", line 206, in getNumber
    if data[1] == az:
IndexError: list index out of range
2020-06-27 16:18:47,745:INFO:------------------------------------------------------------------------------------------------
2020-06-27 16:18:50,709:INFO:ДУГААРАА СОНГОЖ БУЙ ХЭСЭГ
2020-06-27 16:18:50,709:INFO:4
2020-06-27 16:20:26,066:INFO:------------------------------------------------------------------------------------------------
2020-06-27 16:23:01,397:INFO:ДУГААРЫН ҮНЭ
2020-06-27 16:23:01,401:INFO:5000
2020-06-27 16:24:16,011:INFO:------------------------------------------------------------------------------------------------
2020-06-27 16:24:17,594:INFO:ДУГААРАА СОНГОЖ БУЙ ХЭСЭГ
2020-06-27 16:24:17,594:INFO:7
2020-06-27 16:24:19,842:INFO:ДУГААРАА СОНГОЖ БУЙ ХЭСЭГ
2020-06-27 16:24:19,842:INFO:7
2020-06-27 16:24:53,092:INFO:ДУГААРЫН ҮНЭ
2020-06-27 16:24:53,095:INFO:10000
2020-06-27 16:28:02,876:INFO:------------------------------------------------------------------------------------------------
2020-06-27 16:35:59,232:INFO:------------------------------------------------------------------------------------------------
2020-06-27 16:36:01,807:INFO:ДУГААРАА СОНГОЖ БУЙ ХЭСЭГ
2020-06-27 16:36:01,807:INFO:2
2020-06-27 16:36:02,123:WARNING:Not Found: /favicon.ico
2020-06-27 16:36:14,023:INFO:ДУГААРЫН ҮНЭ
2020-06-27 16:36:14,026:INFO:5000
2020-06-27 16:36:28,135:INFO:ДУГААРЫН ZAHIALGA
2020-06-27 16:38:28,290:INFO:------------------------------------------------------------------------------------------------
2020-06-27 16:42:02,273:INFO:------------------------------------------------------------------------------------------------
2020-06-27 16:52:32,923:INFO:ДУГААРАА СОНГОЖ БУЙ ХЭСЭГ
2020-06-27 16:52:32,924:INFO:2
2020-06-27 16:53:39,901:INFO:------------------------------------------------------------------------------------------------
2020-06-27 16:53:40,295:INFO:------------------------------------------------------------------------------------------------
2020-06-27 16:53:40,660:INFO:------------------------------------------------------------------------------------------------
2020-06-27 16:56:35,763:INFO:ДУГААРАА СОНГОЖ БУЙ ХЭСЭГ
2020-06-27 16:56:35,763:INFO:2
2020-06-27 17:01:40,482:INFO:ДУГААРАА СОНГОЖ БУЙ ХЭСЭГ
2020-06-27 17:01:40,483:INFO:2
2020-06-27 17:03:42,088:INFO:------------------------------------------------------------------------------------------------
2020-06-27 17:06:44,106:INFO:ДУГААРАА СОНГОЖ БУЙ ХЭСЭГ
2020-06-27 17:06:44,106:INFO:7
2020-06-27 17:06:48,179:INFO:------------------------------------------------------------------------------------------------
2020-06-27 17:06:49,077:INFO:ДУГААРАА СОНГОЖ БУЙ ХЭСЭГ
2020-06-27 17:06:49,077:INFO:7
2020-06-27 17:07:32,909:INFO:ДУГААРАА СОНГОЖ БУЙ ХЭСЭГ
2020-06-27 17:07:32,909:INFO:7
2020-06-27 17:07:52,707:INFO:ДУГААРАА СОНГОЖ БУЙ ХЭСЭГ
2020-06-27 17:07:52,707:INFO:7
2020-06-27 17:08:14,832:INFO:ДУГААРАА СОНГОЖ БУЙ ХЭСЭГ
2020-06-27 17:08:14,832:INFO:7
2020-06-27 17:08:15,257:INFO:ДУГААРАА СОНГОЖ БУЙ ХЭСЭГ
2020-06-27 17:08:15,257:INFO:7
2020-06-27 17:08:27,464:INFO:ДУГААРАА СОНГОЖ БУЙ ХЭСЭГ
2020-06-27 17:08:27,464:INFO:7
2020-06-27 17:09:07,851:INFO:------------------------------------------------------------------------------------------------
2020-06-27 17:09:08,460:INFO:ДУГААРАА СОНГОЖ БУЙ ХЭСЭГ
2020-06-27 17:09:08,460:INFO:7
2020-06-27 17:09:45,910:INFO:------------------------------------------------------------------------------------------------
2020-06-27 17:10:37,000:INFO:------------------------------------------------------------------------------------------------
2020-06-27 17:11:23,888:INFO:ДУГААРЫН ҮНЭ
2020-06-27 17:11:23,891:INFO:5000
2020-06-27 17:14:15,168:INFO:ДУГААРАА СОНГОЖ БУЙ ХЭСЭГ
2020-06-27 17:14:15,169:INFO:2
2020-06-27 17:15:22,618:INFO:------------------------------------------------------------------------------------------------
2020-06-27 17:20:26,175:INFO:------------------------------------------------------------------------------------------------
2020-06-27 17:23:30,946:INFO:------------------------------------------------------------------------------------------------
2020-06-27 17:23:31,938:INFO:ДУГААРАА СОНГОЖ БУЙ ХЭСЭГ
2020-06-27 17:23:31,939:INFO:2
2020-06-27 17:42:02,330:INFO:------------------------------------------------------------------------------------------------
2020-06-27 17:45:40,338:INFO:------------------------------------------------------------------------------------------------
2020-06-27 17:45:47,830:INFO:ДУГААРАА СОНГОЖ БУЙ ХЭСЭГ
2020-06-27 17:45:47,831:INFO:2
2020-06-27 17:53:39,997:INFO:------------------------------------------------------------------------------------------------
2020-06-27 17:53:40,395:INFO:------------------------------------------------------------------------------------------------
2020-06-27 17:53:40,781:INFO:------------------------------------------------------------------------------------------------
2020-06-27 18:03:46,713:INFO:------------------------------------------------------------------------------------------------
2020-06-27 18:10:37,170:INFO:------------------------------------------------------------------------------------------------
2020-06-27 18:20:26,352:INFO:------------------------------------------------------------------------------------------------
2020-06-27 18:22:57,900:INFO:------------------------------------------------------------------------------------------------
2020-06-27 18:42:02,434:INFO:------------------------------------------------------------------------------------------------
2020-06-27 18:50:06,176:INFO:------------------------------------------------------------------------------------------------
2020-06-27 18:50:12,177:INFO:ДУГААРАА СОНГОЖ БУЙ ХЭСЭГ
2020-06-27 18:50:12,177:INFO:7
2020-06-27 18:53:40,125:INFO:------------------------------------------------------------------------------------------------
2020-06-27 18:53:40,545:INFO:------------------------------------------------------------------------------------------------
2020-06-27 18:53:40,954:INFO:------------------------------------------------------------------------------------------------
2020-06-27 18:53:48,371:INFO:------------------------------------------------------------------------------------------------
2020-06-27 18:58:25,777:INFO:------------------------------------------------------------------------------------------------
2020-06-27 18:58:27,033:INFO:ДУГААРАА СОНГОЖ БУЙ ХЭСЭГ
2020-06-27 18:58:27,034:INFO:2
2020-06-27 18:58:39,235:INFO:------------------------------------------------------------------------------------------------
2020-06-27 18:58:40,976:INFO:ДУГААРАА СОНГОЖ БУЙ ХЭСЭГ
2020-06-27 18:58:40,977:INFO:7
2020-06-27 19:03:51,361:INFO:------------------------------------------------------------------------------------------------
2020-06-27 19:10:37,294:INFO:------------------------------------------------------------------------------------------------
2020-06-27 19:17:33,954:INFO:ДУГААРЫН ҮНЭ
2020-06-27 19:17:33,957:INFO:10000
2020-06-27 19:20:26,742:INFO:------------------------------------------------------------------------------------------------
2020-06-27 19:22:58,252:INFO:------------------------------------------------------------------------------------------------
2020-06-27 19:33:31,739:INFO:------------------------------------------------------------------------------------------------
2020-06-27 19:42:02,497:INFO:------------------------------------------------------------------------------------------------
2020-06-27 19:42:09,205:INFO:------------------------------------------------------------------------------------------------
2020-06-27 19:42:10,702:INFO:ДУГААРАА СОНГОЖ БУЙ ХЭСЭГ
2020-06-27 19:42:10,703:INFO:2
2020-06-27 19:44:02,051:INFO:------------------------------------------------------------------------------------------------
2020-06-27 19:44:04,461:INFO:ДУГААРАА СОНГОЖ БУЙ ХЭСЭГ
2020-06-27 19:44:04,461:INFO:2
2020-06-27 19:53:40,245:INFO:------------------------------------------------------------------------------------------------
2020-06-27 19:53:40,677:INFO:------------------------------------------------------------------------------------------------
2020-06-27 19:53:41,062:INFO:------------------------------------------------------------------------------------------------
2020-06-27 20:00:05,657:INFO:------------------------------------------------------------------------------------------------
2020-06-27 20:00:07,542:INFO:ДУГААРАА СОНГОЖ БУЙ ХЭСЭГ
2020-06-27 20:00:07,542:INFO:2
2020-06-27 20:03:56,027:INFO:------------------------------------------------------------------------------------------------
2020-06-27 20:04:01,210:INFO:ДУГААРАА СОНГОЖ БУЙ ХЭСЭГ
2020-06-27 20:04:01,210:INFO:2
2020-06-27 20:10:14,638:INFO:------------------------------------------------------------------------------------------------
2020-06-27 20:10:37,442:INFO:------------------------------------------------------------------------------------------------
2020-06-27 20:20:26,877:INFO:------------------------------------------------------------------------------------------------
2020-06-27 20:33:32,027:INFO:------------------------------------------------------------------------------------------------
2020-06-27 20:42:02,583:INFO:------------------------------------------------------------------------------------------------
2020-06-27 20:47:35,644:INFO:------------------------------------------------------------------------------------------------
2020-06-27 20:47:37,356:INFO:ДУГААРАА СОНГОЖ БУЙ ХЭСЭГ
2020-06-27 20:47:37,356:INFO:2
2020-06-27 20:48:57,669:ERROR:Internal Server Error: /getnumber
Traceback (most recent call last):
  File "/usr/local/lib/python2.7/dist-packages/django/core/handlers/exception.py", line 41, in inner
    response = get_response(request)
  File "/usr/local/lib/python2.7/dist-packages/django/core/handlers/base.py", line 187, in _get_response
    response = self.process_exception_by_middleware(e, request)
  File "/usr/local/lib/python2.7/dist-packages/django/core/handlers/base.py", line 185, in _get_response
    response = wrapped_callback(request, *callback_args, **callback_kwargs)
  File "/usr/local/lib/python2.7/dist-packages/django/views/decorators/csrf.py", line 58, in wrapped_view
    return view_func(*args, **kwargs)
  File "/usr/local/lib/python2.7/dist-packages/django/views/generic/base.py", line 68, in view
    return self.dispatch(request, *args, **kwargs)
  File "/usr/local/lib/python2.7/dist-packages/rest_framework/views.py", line 495, in dispatch
    response = self.handle_exception(exc)
  File "/usr/local/lib/python2.7/dist-packages/rest_framework/views.py", line 455, in handle_exception
    self.raise_uncaught_exception(exc)
  File "/usr/local/lib/python2.7/dist-packages/rest_framework/views.py", line 492, in dispatch
    response = handler(request, *args, **kwargs)
  File "/usr/local/lib/python2.7/dist-packages/rest_framework/decorators.py", line 55, in handler
    return func(*args, **kwargs)
  File "/home/user/nFilterNew/controller/views.py", line 206, in getNumber
    if data[1] == az:
IndexError: list index out of range
2020-06-27 20:50:43,343:INFO:------------------------------------------------------------------------------------------------
2020-06-27 20:50:44,535:INFO:ДУГААРАА СОНГОЖ БУЙ ХЭСЭГ
2020-06-27 20:50:44,535:INFO:2
2020-06-27 20:53:40,361:INFO:------------------------------------------------------------------------------------------------
2020-06-27 20:53:40,846:INFO:------------------------------------------------------------------------------------------------
2020-06-27 20:53:41,215:INFO:------------------------------------------------------------------------------------------------
2020-06-27 20:54:57,101:INFO:------------------------------------------------------------------------------------------------
2020-06-27 20:55:00,105:INFO:ДУГААРАА СОНГОЖ БУЙ ХЭСЭГ
2020-06-27 20:55:00,105:INFO:7
2020-06-27 20:55:38,357:INFO:ДУГААРАА СОНГОЖ БУЙ ХЭСЭГ
2020-06-27 20:55:38,358:INFO:7
2020-06-27 20:56:18,869:INFO:ДУГААРАА СОНГОЖ БУЙ ХЭСЭГ
2020-06-27 20:56:18,870:INFO:7
2020-06-27 21:04:00,690:INFO:------------------------------------------------------------------------------------------------
2020-06-27 21:20:27,019:INFO:------------------------------------------------------------------------------------------------
2020-06-27 21:42:02,649:INFO:------------------------------------------------------------------------------------------------
2020-06-27 21:53:40,463:INFO:------------------------------------------------------------------------------------------------
2020-06-27 21:53:40,984:INFO:------------------------------------------------------------------------------------------------
2020-06-27 21:53:41,347:INFO:------------------------------------------------------------------------------------------------
2020-06-27 22:04:05,357:INFO:------------------------------------------------------------------------------------------------
2020-06-27 22:20:27,111:INFO:------------------------------------------------------------------------------------------------
2020-06-27 22:42:02,727:INFO:------------------------------------------------------------------------------------------------
2020-06-27 23:04:09,987:INFO:------------------------------------------------------------------------------------------------
2020-06-27 23:20:27,209:INFO:------------------------------------------------------------------------------------------------
2020-06-27 23:42:02,818:INFO:------------------------------------------------------------------------------------------------
2020-06-28 00:04:14,709:INFO:------------------------------------------------------------------------------------------------
2020-06-28 00:20:27,392:INFO:------------------------------------------------------------------------------------------------
2020-06-28 00:42:02,894:INFO:------------------------------------------------------------------------------------------------
2020-06-28 01:04:19,330:INFO:------------------------------------------------------------------------------------------------
2020-06-28 01:20:27,715:INFO:------------------------------------------------------------------------------------------------
2020-06-28 01:42:02,966:INFO:------------------------------------------------------------------------------------------------
2020-06-28 02:04:23,951:INFO:------------------------------------------------------------------------------------------------
2020-06-28 02:20:27,810:INFO:------------------------------------------------------------------------------------------------
2020-06-28 02:42:03,056:INFO:------------------------------------------------------------------------------------------------
2020-06-28 03:04:28,598:INFO:------------------------------------------------------------------------------------------------
2020-06-28 03:20:28,068:INFO:------------------------------------------------------------------------------------------------
2020-06-28 03:42:03,130:INFO:------------------------------------------------------------------------------------------------
2020-06-28 04:04:33,288:INFO:------------------------------------------------------------------------------------------------
2020-06-28 04:20:28,159:INFO:------------------------------------------------------------------------------------------------
2020-06-28 04:42:03,205:INFO:------------------------------------------------------------------------------------------------
2020-06-28 05:04:37,897:INFO:------------------------------------------------------------------------------------------------
2020-06-28 05:20:28,219:INFO:------------------------------------------------------------------------------------------------
2020-06-28 05:42:03,266:INFO:------------------------------------------------------------------------------------------------
2020-06-28 06:04:42,543:INFO:------------------------------------------------------------------------------------------------
2020-06-28 06:20:28,515:INFO:------------------------------------------------------------------------------------------------
