2019-11-18 11:54:39,459:ERROR:Invalid HTTP_HOST header: '127.0.0.1:8000'. You may need to add u'127.0.0.1' to ALLOWED_HOSTS.
2019-11-18 11:54:52,819:ERROR:Invalid HTTP_HOST header: '127.0.0.1:8000'. You may need to add u'127.0.0.1' to ALLOWED_HOSTS.
2019-11-18 11:55:20,538:WARNING:Not Found: /
2019-11-18 11:55:25,594:INFO:----------------------------------------------------------------------------------------------------
2019-11-18 11:55:30,835:INFO:ДУГААРАА СОНГОЖ БУЙ ХЭСЭГ
2019-11-18 11:55:30,835:INFO:2
2019-11-18 11:57:07,539:INFO:----------------------------------------------------------------------------------------------------
2019-11-18 11:57:32,059:INFO:ДУГААРАА СОНГОЖ БУЙ ХЭСЭГ
2019-11-18 11:57:32,059:INFO:2
2019-11-18 11:57:32,996:INFO:ДУГААРЫН ҮНЭ
2019-11-18 11:57:33,000:INFO:5000
2019-11-18 11:57:33,923:INFO:ДУГААРАА СОНГОЖ БУЙ ХЭСЭГ
2019-11-18 11:57:33,923:INFO:2
2019-11-18 11:57:39,052:INFO:ДУГААРЫН ҮНЭ
2019-11-18 11:57:39,056:INFO:5000
2019-11-18 11:57:39,938:INFO:ДУГААРАА СОНГОЖ БУЙ ХЭСЭГ
2019-11-18 11:57:39,938:INFO:2
2019-11-18 11:57:54,467:INFO:ДУГААРЫН ҮНЭ
2019-11-18 11:57:54,473:INFO:5000
2019-11-18 11:57:55,332:INFO:ДУГААРАА СОНГОЖ БУЙ ХЭСЭГ
2019-11-18 11:57:55,332:INFO:2
2019-11-18 11:58:17,068:INFO:ДУГААРЫН ҮНЭ
2019-11-18 11:58:17,072:INFO:5000
2019-11-18 11:58:18,121:INFO:ДУГААРАА СОНГОЖ БУЙ ХЭСЭГ
2019-11-18 11:58:18,121:INFO:2
2019-11-18 12:08:18,276:INFO:----------------------------------------------------------------------------------------------------
2019-11-18 12:18:18,982:INFO:----------------------------------------------------------------------------------------------------
2019-11-18 12:22:40,786:INFO:ДУГААРАА СОНГОЖ БУЙ ХЭСЭГ
2019-11-18 12:22:40,786:INFO:2
2019-11-18 12:22:46,107:INFO:----------------------------------------------------------------------------------------------------
2019-11-18 12:22:46,960:INFO:ДУГААРАА СОНГОЖ БУЙ ХЭСЭГ
2019-11-18 12:22:46,966:INFO:7
2019-11-18 12:32:47,102:INFO:----------------------------------------------------------------------------------------------------
2019-11-18 12:42:47,608:INFO:----------------------------------------------------------------------------------------------------
2019-11-18 12:52:48,142:INFO:----------------------------------------------------------------------------------------------------
2019-11-18 13:02:48,628:INFO:----------------------------------------------------------------------------------------------------
2019-11-18 13:12:49,161:INFO:----------------------------------------------------------------------------------------------------
2019-11-18 13:22:49,687:INFO:----------------------------------------------------------------------------------------------------
2019-11-18 13:32:50,197:INFO:----------------------------------------------------------------------------------------------------
2019-11-18 13:42:50,709:INFO:----------------------------------------------------------------------------------------------------
2019-11-18 13:52:51,226:INFO:----------------------------------------------------------------------------------------------------
2019-11-18 14:02:51,729:INFO:----------------------------------------------------------------------------------------------------
