2020-07-26 07:03:12,645:INFO:------------------------------------------------------------------------------------------------
2020-07-26 07:21:22,498:INFO:------------------------------------------------------------------------------------------------
2020-07-26 08:03:17,372:INFO:------------------------------------------------------------------------------------------------
2020-07-26 08:21:27,112:INFO:------------------------------------------------------------------------------------------------
2020-07-26 09:03:22,141:INFO:------------------------------------------------------------------------------------------------
2020-07-26 09:06:24,180:INFO:------------------------------------------------------------------------------------------------
2020-07-26 09:21:31,723:INFO:------------------------------------------------------------------------------------------------
2020-07-26 09:53:36,051:INFO:------------------------------------------------------------------------------------------------
2020-07-26 09:54:40,419:INFO:------------------------------------------------------------------------------------------------
2020-07-26 09:55:28,169:INFO:------------------------------------------------------------------------------------------------
2020-07-26 09:58:54,910:INFO:------------------------------------------------------------------------------------------------
2020-07-26 10:03:26,903:INFO:------------------------------------------------------------------------------------------------
2020-07-26 10:06:24,426:INFO:------------------------------------------------------------------------------------------------
2020-07-26 10:09:51,034:WARNING:Not Found: /
2020-07-26 10:14:30,513:INFO:ДУГААРАА СОНГОЖ БУЙ ХЭСЭГ
2020-07-26 10:14:30,514:INFO:2
2020-07-26 10:14:30,649:WARNING:Not Found: /favicon.ico
2020-07-26 10:21:36,362:INFO:------------------------------------------------------------------------------------------------
2020-07-26 10:26:22,105:INFO:ДУГААРАА СОНГОЖ БУЙ ХЭСЭГ
2020-07-26 10:26:22,106:INFO:2
2020-07-26 10:26:22,752:WARNING:Not Found: /favicon.ico
2020-07-26 10:27:52,204:INFO:ДУГААРАА СОНГОЖ БУЙ ХЭСЭГ
2020-07-26 10:27:52,204:INFO:7
2020-07-26 10:27:52,792:WARNING:Not Found: /favicon.ico
2020-07-26 10:27:56,098:INFO:------------------------------------------------------------------------------------------------
2020-07-26 10:28:00,222:INFO:------------------------------------------------------------------------------------------------
2020-07-26 10:50:46,140:INFO:ДУГААРАА СОНГОЖ БУЙ ХЭСЭГ
2020-07-26 10:50:46,140:INFO:2
2020-07-26 10:50:51,028:WARNING:Not Found: /favicon.ico
2020-07-26 10:53:36,559:INFO:------------------------------------------------------------------------------------------------
2020-07-26 10:54:40,514:INFO:------------------------------------------------------------------------------------------------
2020-07-26 11:03:31,666:INFO:------------------------------------------------------------------------------------------------
2020-07-26 11:06:24,546:INFO:------------------------------------------------------------------------------------------------
2020-07-26 11:21:40,962:INFO:------------------------------------------------------------------------------------------------
2020-07-26 11:27:56,607:INFO:------------------------------------------------------------------------------------------------
2020-07-26 11:28:00,355:INFO:------------------------------------------------------------------------------------------------
2020-07-26 11:28:54,782:INFO:------------------------------------------------------------------------------------------------
2020-07-26 11:30:14,938:INFO:------------------------------------------------------------------------------------------------
2020-07-26 11:52:34,037:INFO:ДУГААРАА СОНГОЖ БУЙ ХЭСЭГ
2020-07-26 11:52:34,038:INFO:2
2020-07-26 11:53:36,685:INFO:------------------------------------------------------------------------------------------------
2020-07-26 11:54:23,572:INFO:ДУГААРАА СОНГОЖ БУЙ ХЭСЭГ
2020-07-26 11:54:23,572:INFO:2
2020-07-26 11:55:10,739:INFO:ДУГААРАА СОНГОЖ БУЙ ХЭСЭГ
2020-07-26 11:55:10,740:INFO:2
2020-07-26 11:55:19,386:INFO:ДУГААРАА СОНГОЖ БУЙ ХЭСЭГ
2020-07-26 11:55:19,386:INFO:2
2020-07-26 11:57:00,954:INFO:ДУГААРАА СОНГОЖ БУЙ ХЭСЭГ
2020-07-26 11:57:00,954:INFO:2
2020-07-26 12:03:36,443:INFO:------------------------------------------------------------------------------------------------
2020-07-26 12:06:24,671:INFO:------------------------------------------------------------------------------------------------
2020-07-26 12:08:32,672:INFO:ДУГААРАА СОНГОЖ БУЙ ХЭСЭГ
2020-07-26 12:08:32,672:INFO:2
2020-07-26 12:08:32,786:WARNING:Not Found: /favicon.ico
2020-07-26 12:08:35,992:INFO:ДУГААРАА СОНГОЖ БУЙ ХЭСЭГ
2020-07-26 12:08:35,993:INFO:2
2020-07-26 12:08:36,113:WARNING:Not Found: /favicon.ico
2020-07-26 12:09:11,760:INFO:ДУГААРАА СОНГОЖ БУЙ ХЭСЭГ
2020-07-26 12:09:11,760:INFO:2
2020-07-26 12:09:15,298:INFO:------------------------------------------------------------------------------------------------
2020-07-26 12:09:16,119:INFO:ДУГААРАА СОНГОЖ БУЙ ХЭСЭГ
2020-07-26 12:09:16,119:INFO:2
2020-07-26 12:09:38,656:INFO:------------------------------------------------------------------------------------------------
2020-07-26 12:09:39,838:INFO:ДУГААРАА СОНГОЖ БУЙ ХЭСЭГ
2020-07-26 12:09:39,838:INFO:2
2020-07-26 12:09:51,166:INFO:ДУГААРАА СОНГОЖ БУЙ ХЭСЭГ
2020-07-26 12:09:51,167:INFO:2
2020-07-26 12:09:51,718:INFO:ДУГААРАА СОНГОЖ БУЙ ХЭСЭГ
2020-07-26 12:09:51,718:INFO:2
2020-07-26 12:09:52,438:INFO:ДУГААРАА СОНГОЖ БУЙ ХЭСЭГ
2020-07-26 12:09:52,438:INFO:2
2020-07-26 12:09:57,614:INFO:ДУГААРЫН ҮНЭ
2020-07-26 12:09:57,616:INFO:5000
2020-07-26 12:10:01,811:INFO:------------------------------------------------------------------------------------------------
2020-07-26 12:10:06,141:INFO:ДУГААРЫН ҮНЭ
2020-07-26 12:10:06,145:INFO:5000
2020-07-26 12:15:48,079:INFO:ДУГААРАА СОНГОЖ БУЙ ХЭСЭГ
2020-07-26 12:15:48,080:INFO:2
2020-07-26 12:15:55,362:INFO:ДУГААРЫН ҮНЭ
2020-07-26 12:15:55,365:INFO:5000
2020-07-26 12:16:00,388:INFO:ДУГААРЫН ҮНЭ
2020-07-26 12:16:00,392:INFO:5000
2020-07-26 12:16:04,365:INFO:ДУГААРАА СОНГОЖ БУЙ ХЭСЭГ
2020-07-26 12:16:04,365:INFO:2
2020-07-26 12:16:05,013:INFO:ДУГААРАА СОНГОЖ БУЙ ХЭСЭГ
2020-07-26 12:16:05,014:INFO:2
2020-07-26 12:16:05,732:INFO:ДУГААРАА СОНГОЖ БУЙ ХЭСЭГ
2020-07-26 12:16:05,732:INFO:2
2020-07-26 12:16:06,548:INFO:ДУГААРАА СОНГОЖ БУЙ ХЭСЭГ
2020-07-26 12:16:06,548:INFO:2
2020-07-26 12:16:06,860:INFO:ДУГААРАА СОНГОЖ БУЙ ХЭСЭГ
2020-07-26 12:16:06,860:INFO:2
2020-07-26 12:16:07,445:INFO:------------------------------------------------------------------------------------------------
2020-07-26 12:16:24,438:INFO:ДУГААРЫН ҮНЭ
2020-07-26 12:16:24,440:INFO:5000
2020-07-26 12:21:45,597:INFO:------------------------------------------------------------------------------------------------
2020-07-26 12:24:29,945:INFO:ДУГААРАА СОНГОЖ БУЙ ХЭСЭГ
2020-07-26 12:24:29,945:INFO:7
2020-07-26 12:24:30,152:WARNING:Not Found: /favicon.ico
2020-07-26 12:26:27,555:INFO:ДУГААРЫН ҮНЭ
2020-07-26 12:26:27,558:INFO:10000
2020-07-26 12:26:47,567:INFO:ДУГААРАА СОНГОЖ БУЙ ХЭСЭГ
2020-07-26 12:26:47,568:INFO:7
2020-07-26 12:27:22,345:INFO:ДУГААРАА СОНГОЖ БУЙ ХЭСЭГ
2020-07-26 12:27:22,346:INFO:7
2020-07-26 12:27:44,300:INFO:ДУГААРАА СОНГОЖ БУЙ ХЭСЭГ
2020-07-26 12:27:44,301:INFO:7
2020-07-26 12:27:56,721:INFO:------------------------------------------------------------------------------------------------
2020-07-26 12:28:00,450:INFO:------------------------------------------------------------------------------------------------
2020-07-26 12:28:08,097:INFO:------------------------------------------------------------------------------------------------
2020-07-26 12:28:09,130:INFO:ДУГААРАА СОНГОЖ БУЙ ХЭСЭГ
2020-07-26 12:28:09,130:INFO:2
2020-07-26 12:28:39,338:INFO:------------------------------------------------------------------------------------------------
2020-07-26 12:28:40,290:INFO:ДУГААРАА СОНГОЖ БУЙ ХЭСЭГ
2020-07-26 12:28:40,290:INFO:7
2020-07-26 12:29:03,521:INFO:ДУГААРЫН ҮНЭ
2020-07-26 12:29:03,524:INFO:10000
2020-07-26 12:29:51,746:INFO:------------------------------------------------------------------------------------------------
2020-07-26 12:29:52,639:INFO:ДУГААРАА СОНГОЖ БУЙ ХЭСЭГ
2020-07-26 12:29:52,639:INFO:2
2020-07-26 12:38:39,256:INFO:------------------------------------------------------------------------------------------------
2020-07-26 12:38:47,485:INFO:ДУГААРАА СОНГОЖ БУЙ ХЭСЭГ
2020-07-26 12:38:47,486:INFO:7
2020-07-26 12:38:48,116:WARNING:Not Found: /favicon.ico
2020-07-26 12:41:45,581:INFO:ДУГААРАА СОНГОЖ БУЙ ХЭСЭГ
2020-07-26 12:41:45,582:INFO:2
2020-07-26 12:42:30,756:INFO:ДУГААРЫН ҮНЭ
2020-07-26 12:42:30,759:INFO:5000
2020-07-26 12:42:32,722:INFO:ДУГААРЫН ҮНЭ
2020-07-26 12:42:32,724:INFO:5000
2020-07-26 12:42:34,026:INFO:ДУГААРЫН ҮНЭ
2020-07-26 12:42:34,030:INFO:5000
2020-07-26 12:43:45,874:INFO:ДУГААРЫН ҮНЭ
2020-07-26 12:43:45,878:INFO:5000
2020-07-26 13:03:41,213:INFO:------------------------------------------------------------------------------------------------
2020-07-26 13:04:35,427:INFO:------------------------------------------------------------------------------------------------
2020-07-26 13:04:36,438:INFO:ДУГААРАА СОНГОЖ БУЙ ХЭСЭГ
2020-07-26 13:04:36,439:INFO:7
2020-07-26 13:04:37,377:INFO:------------------------------------------------------------------------------------------------
2020-07-26 13:04:38,854:INFO:ДУГААРАА СОНГОЖ БУЙ ХЭСЭГ
2020-07-26 13:04:38,855:INFO:2
2020-07-26 13:06:24,770:INFO:------------------------------------------------------------------------------------------------
2020-07-26 13:06:59,728:INFO:------------------------------------------------------------------------------------------------
2020-07-26 13:07:01,054:INFO:ДУГААРАА СОНГОЖ БУЙ ХЭСЭГ
2020-07-26 13:07:01,054:INFO:2
2020-07-26 13:11:23,230:WARNING:Not Found: /
2020-07-26 13:13:16,164:INFO:------------------------------------------------------------------------------------------------
2020-07-26 13:13:17,848:INFO:ДУГААРАА СОНГОЖ БУЙ ХЭСЭГ
2020-07-26 13:13:17,848:INFO:2
2020-07-26 13:13:18,118:WARNING:Not Found: /favicon.ico
2020-07-26 13:21:50,205:INFO:------------------------------------------------------------------------------------------------
2020-07-26 13:27:56,885:INFO:------------------------------------------------------------------------------------------------
2020-07-26 13:28:00,562:INFO:------------------------------------------------------------------------------------------------
2020-07-26 13:42:00,725:INFO:------------------------------------------------------------------------------------------------
2020-07-26 13:42:01,974:INFO:ДУГААРАА СОНГОЖ БУЙ ХЭСЭГ
2020-07-26 13:42:01,974:INFO:2
2020-07-26 13:43:40,191:INFO:ДУГААРАА СОНГОЖ БУЙ ХЭСЭГ
2020-07-26 13:43:40,192:INFO:2
2020-07-26 13:43:45,147:WARNING:Not Found: /favicon.ico
2020-07-26 13:56:42,858:INFO:ДУГААРАА СОНГОЖ БУЙ ХЭСЭГ
2020-07-26 13:56:42,858:INFO:2
2020-07-26 13:56:51,412:INFO:ДУГААРЫН ҮНЭ
2020-07-26 13:56:51,414:INFO:5000
2020-07-26 13:56:55,186:INFO:ДУГААРЫН ҮНЭ
2020-07-26 13:56:55,189:INFO:5000
2020-07-26 13:57:01,947:INFO:ДУГААРЫН ҮНЭ
2020-07-26 13:57:01,949:INFO:5000
2020-07-26 13:57:29,072:INFO:------------------------------------------------------------------------------------------------
2020-07-26 13:57:39,423:INFO:ДУГААРАА СОНГОЖ БУЙ ХЭСЭГ
2020-07-26 13:57:39,424:INFO:2
2020-07-26 13:57:41,814:INFO:ДУГААРАА СОНГОЖ БУЙ ХЭСЭГ
2020-07-26 13:57:41,814:INFO:2
2020-07-26 13:59:25,765:INFO:ДУГААРАА СОНГОЖ БУЙ ХЭСЭГ
2020-07-26 13:59:25,765:INFO:2
2020-07-26 13:59:48,154:INFO:ДУГААРАА СОНГОЖ БУЙ ХЭСЭГ
2020-07-26 13:59:48,154:INFO:2
2020-07-26 14:00:01,925:INFO:------------------------------------------------------------------------------------------------
2020-07-26 14:00:03,356:INFO:ДУГААРАА СОНГОЖ БУЙ ХЭСЭГ
2020-07-26 14:00:03,356:INFO:2
2020-07-26 14:03:46,260:INFO:------------------------------------------------------------------------------------------------
2020-07-26 14:06:24,902:INFO:------------------------------------------------------------------------------------------------
2020-07-26 14:09:21,081:INFO:------------------------------------------------------------------------------------------------
2020-07-26 14:09:32,298:INFO:ДУГААРАА СОНГОЖ БУЙ ХЭСЭГ
2020-07-26 14:09:32,298:INFO:7
2020-07-26 14:10:41,773:INFO:------------------------------------------------------------------------------------------------
2020-07-26 14:10:49,506:INFO:ДУГААРЫН ҮНЭ
2020-07-26 14:10:49,508:INFO:10000
2020-07-26 14:21:54,826:INFO:------------------------------------------------------------------------------------------------
2020-07-26 14:27:57,021:INFO:------------------------------------------------------------------------------------------------
2020-07-26 14:32:44,855:INFO:ДУГААРАА СОНГОЖ БУЙ ХЭСЭГ
2020-07-26 14:32:44,855:INFO:7
2020-07-26 14:38:44,254:INFO:------------------------------------------------------------------------------------------------
2020-07-26 14:38:44,724:INFO:ДУГААРАА СОНГОЖ БУЙ ХЭСЭГ
2020-07-26 14:38:44,724:INFO:7
2020-07-26 14:38:49,476:INFO:ДУГААРАА СОНГОЖ БУЙ ХЭСЭГ
2020-07-26 14:38:49,476:INFO:7
2020-07-26 14:38:54,460:INFO:ДУГААРАА СОНГОЖ БУЙ ХЭСЭГ
2020-07-26 14:38:54,460:INFO:7
2020-07-26 14:39:00,188:INFO:ДУГААРАА СОНГОЖ БУЙ ХЭСЭГ
2020-07-26 14:39:00,188:INFO:7
2020-07-26 14:39:02,245:INFO:ДУГААРАА СОНГОЖ БУЙ ХЭСЭГ
2020-07-26 14:39:02,245:INFO:7
2020-07-26 14:39:04,926:INFO:------------------------------------------------------------------------------------------------
2020-07-26 14:39:05,363:INFO:ДУГААРАА СОНГОЖ БУЙ ХЭСЭГ
2020-07-26 14:39:05,363:INFO:2
2020-07-26 14:39:06,283:INFO:ДУГААРАА СОНГОЖ БУЙ ХЭСЭГ
2020-07-26 14:39:06,283:INFO:2
2020-07-26 14:39:08,140:INFO:ДУГААРАА СОНГОЖ БУЙ ХЭСЭГ
2020-07-26 14:39:08,140:INFO:2
2020-07-26 14:39:09,228:INFO:ДУГААРАА СОНГОЖ БУЙ ХЭСЭГ
2020-07-26 14:39:09,228:INFO:2
2020-07-26 14:39:10,948:INFO:ДУГААРАА СОНГОЖ БУЙ ХЭСЭГ
2020-07-26 14:39:10,948:INFO:2
2020-07-26 14:39:15,389:INFO:ДУГААРАА СОНГОЖ БУЙ ХЭСЭГ
2020-07-26 14:39:15,389:INFO:2
2020-07-26 14:39:18,020:INFO:ДУГААРАА СОНГОЖ БУЙ ХЭСЭГ
2020-07-26 14:39:18,020:INFO:2
2020-07-26 14:39:20,596:INFO:ДУГААРАА СОНГОЖ БУЙ ХЭСЭГ
2020-07-26 14:39:20,596:INFO:2
2020-07-26 14:39:24,364:INFO:ДУГААРАА СОНГОЖ БУЙ ХЭСЭГ
2020-07-26 14:39:24,364:INFO:2
2020-07-26 14:39:27,844:INFO:ДУГААРАА СОНГОЖ БУЙ ХЭСЭГ
2020-07-26 14:39:27,845:INFO:2
2020-07-26 14:39:46,953:INFO:ДУГААРЫН ҮНЭ
2020-07-26 14:39:46,956:INFO:5000
2020-07-26 14:39:49,748:INFO:ДУГААРАА СОНГОЖ БУЙ ХЭСЭГ
2020-07-26 14:39:49,749:INFO:2
2020-07-26 14:39:56,676:INFO:ДУГААРАА СОНГОЖ БУЙ ХЭСЭГ
2020-07-26 14:39:56,676:INFO:2
2020-07-26 14:40:14,084:INFO:ДУГААРАА СОНГОЖ БУЙ ХЭСЭГ
2020-07-26 14:40:14,084:INFO:2
2020-07-26 14:40:16,316:INFO:ДУГААРАА СОНГОЖ БУЙ ХЭСЭГ
2020-07-26 14:40:16,316:INFO:2
2020-07-26 14:40:21,028:INFO:ДУГААРАА СОНГОЖ БУЙ ХЭСЭГ
2020-07-26 14:40:21,029:INFO:2
2020-07-26 14:40:28,423:INFO:------------------------------------------------------------------------------------------------
2020-07-26 14:40:28,987:INFO:ДУГААРАА СОНГОЖ БУЙ ХЭСЭГ
2020-07-26 14:40:28,987:INFO:7
2020-07-26 14:40:32,899:INFO:ДУГААРАА СОНГОЖ БУЙ ХЭСЭГ
2020-07-26 14:40:32,899:INFO:7
2020-07-26 14:40:37,340:INFO:ДУГААРАА СОНГОЖ БУЙ ХЭСЭГ
2020-07-26 14:40:37,340:INFO:7
2020-07-26 14:40:58,860:INFO:ДУГААРАА СОНГОЖ БУЙ ХЭСЭГ
2020-07-26 14:40:58,861:INFO:7
2020-07-26 14:44:53,448:INFO:------------------------------------------------------------------------------------------------
2020-07-26 14:44:55,154:INFO:ДУГААРАА СОНГОЖ БУЙ ХЭСЭГ
2020-07-26 14:44:55,154:INFO:2
2020-07-26 15:03:51,290:INFO:------------------------------------------------------------------------------------------------
2020-07-26 15:06:25,016:INFO:------------------------------------------------------------------------------------------------
2020-07-26 15:10:37,326:INFO:------------------------------------------------------------------------------------------------
2020-07-26 15:10:40,435:INFO:ДУГААРАА СОНГОЖ БУЙ ХЭСЭГ
2020-07-26 15:10:40,435:INFO:2
2020-07-26 15:11:02,025:INFO:ДУГААРЫН ҮНЭ
2020-07-26 15:11:02,028:INFO:5000
2020-07-26 15:20:10,832:INFO:------------------------------------------------------------------------------------------------
2020-07-26 15:20:19,340:INFO:------------------------------------------------------------------------------------------------
2020-07-26 15:21:59,457:INFO:------------------------------------------------------------------------------------------------
2020-07-26 15:27:57,152:INFO:------------------------------------------------------------------------------------------------
2020-07-26 15:34:39,403:INFO:ДУГААРАА СОНГОЖ БУЙ ХЭСЭГ
2020-07-26 15:34:39,403:INFO:2
2020-07-26 15:35:19,480:INFO:ДУГААРЫН ҮНЭ
2020-07-26 15:35:19,483:INFO:5000
2020-07-26 15:52:33,462:INFO:------------------------------------------------------------------------------------------------
2020-07-26 15:52:34,085:INFO:ДУГААРАА СОНГОЖ БУЙ ХЭСЭГ
2020-07-26 15:52:34,085:INFO:2
2020-07-26 15:56:24,772:INFO:ДУГААРАА СОНГОЖ БУЙ ХЭСЭГ
2020-07-26 15:56:24,773:INFO:2
2020-07-26 15:56:25,427:WARNING:Not Found: /favicon.ico
2020-07-26 15:56:27,404:INFO:------------------------------------------------------------------------------------------------
2020-07-26 15:56:28,597:INFO:ДУГААРАА СОНГОЖ БУЙ ХЭСЭГ
2020-07-26 15:56:28,598:INFO:7
2020-07-26 15:56:38,780:INFO:ДУГААРЫН ҮНЭ
2020-07-26 15:56:38,782:INFO:10000
2020-07-26 16:01:18,763:INFO:ДУГААРАА СОНГОЖ БУЙ ХЭСЭГ
2020-07-26 16:01:18,764:INFO:2
2020-07-26 16:01:47,045:INFO:ДУГААРЫН ҮНЭ
2020-07-26 16:01:47,048:INFO:5000
2020-07-26 16:02:10,833:INFO:ДУГААРЫН ZAHIALGA
2020-07-26 16:02:15,913:INFO:------------------------------------------------------------------------------------------------
2020-07-26 16:02:18,480:INFO:ДУГААРАА СОНГОЖ БУЙ ХЭСЭГ
2020-07-26 16:02:18,480:INFO:2
2020-07-26 16:02:58,808:INFO:ДУГААРАА СОНГОЖ БУЙ ХЭСЭГ
2020-07-26 16:02:58,808:INFO:2
2020-07-26 16:03:56,050:INFO:------------------------------------------------------------------------------------------------
2020-07-26 16:04:04,698:INFO:ДУГААРАА СОНГОЖ БУЙ ХЭСЭГ
2020-07-26 16:04:04,699:INFO:2
2020-07-26 16:05:00,999:INFO:ДУГААРАА СОНГОЖ БУЙ ХЭСЭГ
2020-07-26 16:05:00,999:INFO:2
2020-07-26 16:05:17,625:INFO:------------------------------------------------------------------------------------------------
2020-07-26 16:05:23,326:INFO:ДУГААРАА СОНГОЖ БУЙ ХЭСЭГ
2020-07-26 16:05:23,326:INFO:7
2020-07-26 16:06:25,147:INFO:------------------------------------------------------------------------------------------------
2020-07-26 16:06:59,358:INFO:ДУГААРАА СОНГОЖ БУЙ ХЭСЭГ
2020-07-26 16:06:59,358:INFO:2
2020-07-26 16:11:55,034:INFO:------------------------------------------------------------------------------------------------
2020-07-26 16:22:04,082:INFO:------------------------------------------------------------------------------------------------
2020-07-26 16:25:26,799:INFO:ДУГААРАА СОНГОЖ БУЙ ХЭСЭГ
2020-07-26 16:25:26,799:INFO:7
2020-07-26 16:25:29,242:INFO:ДУГААРАА СОНГОЖ БУЙ ХЭСЭГ
2020-07-26 16:25:29,242:INFO:7
2020-07-26 16:27:57,307:INFO:------------------------------------------------------------------------------------------------
2020-07-26 17:04:00,788:INFO:------------------------------------------------------------------------------------------------
2020-07-26 17:04:29,101:INFO:------------------------------------------------------------------------------------------------
2020-07-26 17:04:30,168:INFO:ДУГААРАА СОНГОЖ БУЙ ХЭСЭГ
2020-07-26 17:04:30,169:INFO:7
2020-07-26 17:04:43,755:INFO:------------------------------------------------------------------------------------------------
2020-07-26 17:04:44,233:INFO:ДУГААРАА СОНГОЖ БУЙ ХЭСЭГ
2020-07-26 17:04:44,233:INFO:7
2020-07-26 17:05:46,875:INFO:------------------------------------------------------------------------------------------------
2020-07-26 17:11:26,260:INFO:------------------------------------------------------------------------------------------------
2020-07-26 17:19:15,886:INFO:------------------------------------------------------------------------------------------------
2020-07-26 17:19:17,144:INFO:ДУГААРАА СОНГОЖ БУЙ ХЭСЭГ
2020-07-26 17:19:17,144:INFO:7
2020-07-26 17:22:08,685:INFO:------------------------------------------------------------------------------------------------
2020-07-26 17:22:09,888:ERROR:Invalid HTTP_HOST header: 'pv.sohu.com'. You may need to add u'pv.sohu.com' to ALLOWED_HOSTS.
2020-07-26 17:27:57,437:INFO:------------------------------------------------------------------------------------------------
2020-07-26 17:32:30,008:INFO:ДУГААРАА СОНГОЖ БУЙ ХЭСЭГ
2020-07-26 17:32:30,008:INFO:7
2020-07-26 17:32:35,008:INFO:ДУГААРАА СОНГОЖ БУЙ ХЭСЭГ
2020-07-26 17:32:35,008:INFO:7
2020-07-26 17:32:38,264:INFO:ДУГААРАА СОНГОЖ БУЙ ХЭСЭГ
2020-07-26 17:32:38,264:INFO:7
2020-07-26 17:32:53,976:INFO:ДУГААРАА СОНГОЖ БУЙ ХЭСЭГ
2020-07-26 17:32:53,976:INFO:7
2020-07-26 17:33:50,481:INFO:------------------------------------------------------------------------------------------------
2020-07-26 17:33:53,141:INFO:ДУГААРАА СОНГОЖ БУЙ ХЭСЭГ
2020-07-26 17:33:53,141:INFO:2
2020-07-26 17:34:51,357:INFO:------------------------------------------------------------------------------------------------
2020-07-26 17:34:52,216:INFO:ДУГААРАА СОНГОЖ БУЙ ХЭСЭГ
2020-07-26 17:34:52,217:INFO:7
2020-07-26 17:35:07,384:INFO:------------------------------------------------------------------------------------------------
2020-07-26 17:35:09,066:INFO:ДУГААРАА СОНГОЖ БУЙ ХЭСЭГ
2020-07-26 17:35:09,066:INFO:7
2020-07-26 17:35:57,886:INFO:------------------------------------------------------------------------------------------------
2020-07-26 17:36:00,428:INFO:ДУГААРАА СОНГОЖ БУЙ ХЭСЭГ
2020-07-26 17:36:00,428:INFO:2
2020-07-26 17:38:43,235:INFO:------------------------------------------------------------------------------------------------
2020-07-26 17:38:52,329:INFO:ДУГААРАА СОНГОЖ БУЙ ХЭСЭГ
2020-07-26 17:38:52,329:INFO:3
2020-07-26 18:04:05,667:INFO:------------------------------------------------------------------------------------------------
2020-07-26 18:04:15,599:INFO:------------------------------------------------------------------------------------------------
2020-07-26 18:04:17,471:INFO:ДУГААРАА СОНГОЖ БУЙ ХЭСЭГ
2020-07-26 18:04:17,472:INFO:2
2020-07-26 18:05:46,920:INFO:------------------------------------------------------------------------------------------------
2020-07-26 18:05:53,425:INFO:ДУГААРЫН ҮНЭ
2020-07-26 18:05:53,427:INFO:5000
2020-07-26 18:05:57,009:INFO:ДУГААРЫН ҮНЭ
2020-07-26 18:05:57,011:INFO:5000
2020-07-26 18:11:13,521:INFO:------------------------------------------------------------------------------------------------
2020-07-26 18:11:15,153:INFO:ДУГААРАА СОНГОЖ БУЙ ХЭСЭГ
2020-07-26 18:11:15,153:INFO:7
2020-07-26 18:22:13,308:INFO:------------------------------------------------------------------------------------------------
2020-07-26 18:27:57,567:INFO:------------------------------------------------------------------------------------------------
2020-07-26 18:29:05,993:INFO:ДУГААРАА СОНГОЖ БУЙ ХЭСЭГ
2020-07-26 18:29:05,994:INFO:7
2020-07-26 18:29:27,434:INFO:ДУГААРАА СОНГОЖ БУЙ ХЭСЭГ
2020-07-26 18:29:27,434:INFO:7
2020-07-26 18:29:28,562:INFO:------------------------------------------------------------------------------------------------
2020-07-26 18:29:29,496:INFO:ДУГААРАА СОНГОЖ БУЙ ХЭСЭГ
2020-07-26 18:29:29,496:INFO:2
2020-07-26 18:30:14,007:INFO:------------------------------------------------------------------------------------------------
2020-07-26 18:30:15,784:INFO:ДУГААРАА СОНГОЖ БУЙ ХЭСЭГ
2020-07-26 18:30:15,784:INFO:2
2020-07-26 18:49:31,427:INFO:ДУГААРЫН ҮНЭ
2020-07-26 18:49:31,429:INFO:5000
2020-07-26 18:52:28,524:INFO:------------------------------------------------------------------------------------------------
2020-07-26 18:52:29,360:INFO:ДУГААРАА СОНГОЖ БУЙ ХЭСЭГ
2020-07-26 18:52:29,360:INFO:2
2020-07-26 19:04:10,401:INFO:------------------------------------------------------------------------------------------------
2020-07-26 19:22:17,912:INFO:------------------------------------------------------------------------------------------------
2020-07-26 19:27:57,739:INFO:------------------------------------------------------------------------------------------------
2020-07-26 19:44:59,218:INFO:ДУГААРЫН ҮНЭ
2020-07-26 19:44:59,221:INFO:5000
2020-07-26 19:51:51,544:INFO:ДУГААРАА СОНГОЖ БУЙ ХЭСЭГ
2020-07-26 19:51:51,544:INFO:2
2020-07-26 19:52:34,235:INFO:ДУГААРАА СОНГОЖ БУЙ ХЭСЭГ
2020-07-26 19:52:34,236:INFO:2
2020-07-26 20:04:15,210:INFO:------------------------------------------------------------------------------------------------
2020-07-26 20:10:56,543:INFO:ДУГААРЫН ҮНЭ
2020-07-26 20:10:56,546:INFO:5000
2020-07-26 20:22:22,546:INFO:------------------------------------------------------------------------------------------------
2020-07-26 21:04:19,950:INFO:------------------------------------------------------------------------------------------------
2020-07-26 21:22:27,142:INFO:------------------------------------------------------------------------------------------------
2020-07-26 22:04:24,620:INFO:------------------------------------------------------------------------------------------------
2020-07-26 22:22:31,769:INFO:------------------------------------------------------------------------------------------------
2020-07-26 23:04:29,433:INFO:------------------------------------------------------------------------------------------------
2020-07-26 23:22:36,375:INFO:------------------------------------------------------------------------------------------------
2020-07-27 00:04:34,152:INFO:------------------------------------------------------------------------------------------------
2020-07-27 00:22:41,015:INFO:------------------------------------------------------------------------------------------------
2020-07-27 01:04:38,845:INFO:------------------------------------------------------------------------------------------------
2020-07-27 01:22:45,659:INFO:------------------------------------------------------------------------------------------------
2020-07-27 01:31:09,690:WARNING:Not Found: /
2020-07-27 02:04:43,636:INFO:------------------------------------------------------------------------------------------------
2020-07-27 02:22:50,278:INFO:------------------------------------------------------------------------------------------------
2020-07-27 03:04:48,322:INFO:------------------------------------------------------------------------------------------------
2020-07-27 03:22:54,906:INFO:------------------------------------------------------------------------------------------------
2020-07-27 04:04:52,995:INFO:------------------------------------------------------------------------------------------------
2020-07-27 04:22:59,510:INFO:------------------------------------------------------------------------------------------------
2020-07-27 05:04:57,700:INFO:------------------------------------------------------------------------------------------------
2020-07-27 05:23:04,166:INFO:------------------------------------------------------------------------------------------------
2020-07-27 05:55:09,808:WARNING:Not Found: /
2020-07-27 06:05:02,462:INFO:------------------------------------------------------------------------------------------------
2020-07-27 06:23:08,798:INFO:------------------------------------------------------------------------------------------------
