2020-07-25 07:01:18,435:INFO:------------------------------------------------------------------------------------------------
2020-07-25 07:19:31,699:INFO:------------------------------------------------------------------------------------------------
2020-07-25 08:01:23,137:INFO:------------------------------------------------------------------------------------------------
2020-07-25 08:05:18,436:WARNING:Not Found: /
2020-07-25 08:19:36,303:INFO:------------------------------------------------------------------------------------------------
2020-07-25 09:01:27,844:INFO:------------------------------------------------------------------------------------------------
2020-07-25 09:19:40,915:INFO:------------------------------------------------------------------------------------------------
2020-07-25 09:20:53,964:INFO:------------------------------------------------------------------------------------------------
2020-07-25 09:20:54,062:INFO:------------------------------------------------------------------------------------------------
2020-07-25 09:21:06,982:INFO:------------------------------------------------------------------------------------------------
2020-07-25 09:49:07,955:INFO:------------------------------------------------------------------------------------------------
2020-07-25 09:49:17,813:INFO:------------------------------------------------------------------------------------------------
2020-07-25 10:01:32,581:INFO:------------------------------------------------------------------------------------------------
2020-07-25 10:03:25,724:INFO:ДУГААРАА СОНГОЖ БУЙ ХЭСЭГ
2020-07-25 10:03:25,725:INFO:2
2020-07-25 10:03:25,915:WARNING:Not Found: /favicon.ico
2020-07-25 10:03:27,531:INFO:ДУГААРАА СОНГОЖ БУЙ ХЭСЭГ
2020-07-25 10:03:27,531:INFO:2
2020-07-25 10:03:28,333:INFO:------------------------------------------------------------------------------------------------
2020-07-25 10:06:34,402:INFO:------------------------------------------------------------------------------------------------
2020-07-25 10:19:45,544:INFO:------------------------------------------------------------------------------------------------
2020-07-25 10:20:54,390:INFO:------------------------------------------------------------------------------------------------
2020-07-25 10:33:44,182:INFO:------------------------------------------------------------------------------------------------
2020-07-25 10:38:19,261:INFO:ДУГААРАА СОНГОЖ БУЙ ХЭСЭГ
2020-07-25 10:38:19,261:INFO:4
2020-07-25 10:41:14,273:INFO:ДУГААРАА СОНГОЖ БУЙ ХЭСЭГ
2020-07-25 10:41:14,273:INFO:2
2020-07-25 10:41:39,861:INFO:------------------------------------------------------------------------------------------------
2020-07-25 10:41:44,196:INFO:ДУГААРАА СОНГОЖ БУЙ ХЭСЭГ
2020-07-25 10:41:44,196:INFO:2
2020-07-25 10:41:44,213:INFO:ДУГААРАА СОНГОЖ БУЙ ХЭСЭГ
2020-07-25 10:41:44,213:INFO:2
2020-07-25 10:41:44,242:INFO:ДУГААРАА СОНГОЖ БУЙ ХЭСЭГ
2020-07-25 10:41:44,242:INFO:2
2020-07-25 10:41:56,244:INFO:ДУГААРАА СОНГОЖ БУЙ ХЭСЭГ
2020-07-25 10:41:56,245:INFO:2
2020-07-25 10:42:02,825:INFO:ДУГААРАА СОНГОЖ БУЙ ХЭСЭГ
2020-07-25 10:42:02,826:INFO:2
2020-07-25 10:42:04,265:WARNING:Not Found: /favicon.ico
2020-07-25 10:43:41,989:INFO:------------------------------------------------------------------------------------------------
2020-07-25 10:43:46,921:INFO:ДУГААРАА СОНГОЖ БУЙ ХЭСЭГ
2020-07-25 10:43:46,921:INFO:2
2020-07-25 10:43:47,233:WARNING:Not Found: /favicon.ico
2020-07-25 10:43:49,296:INFO:ДУГААРАА СОНГОЖ БУЙ ХЭСЭГ
2020-07-25 10:43:49,296:INFO:2
2020-07-25 10:44:35,718:INFO:ДУГААРЫН ҮНЭ
2020-07-25 10:44:35,721:INFO:5000
2020-07-25 10:46:18,256:INFO:ДУГААРЫН ҮНЭ
2020-07-25 10:46:18,258:INFO:5000
2020-07-25 10:47:31,046:INFO:ДУГААРЫН ZAHIALGA
2020-07-25 10:47:39,148:INFO:------------------------------------------------------------------------------------------------
2020-07-25 10:47:59,557:INFO:ДУГААРАА СОНГОЖ БУЙ ХЭСЭГ
2020-07-25 10:47:59,557:INFO:2
2020-07-25 10:48:45,819:INFO:ДУГААРЫН ҮНЭ
2020-07-25 10:48:45,821:INFO:5000
2020-07-25 10:49:00,823:INFO:ДУГААРЫН ZAHIALGA
2020-07-25 10:49:05,728:INFO:------------------------------------------------------------------------------------------------
2020-07-25 10:49:08,224:INFO:------------------------------------------------------------------------------------------------
2020-07-25 10:51:05,728:INFO:------------------------------------------------------------------------------------------------
2020-07-25 11:01:37,257:INFO:------------------------------------------------------------------------------------------------
2020-07-25 11:04:01,739:INFO:------------------------------------------------------------------------------------------------
2020-07-25 11:06:34,924:INFO:------------------------------------------------------------------------------------------------
2020-07-25 11:13:20,316:INFO:ДУГААРАА СОНГОЖ БУЙ ХЭСЭГ
2020-07-25 11:13:20,317:INFO:2
2020-07-25 11:14:15,673:INFO:------------------------------------------------------------------------------------------------
2020-07-25 11:14:18,611:INFO:ДУГААРАА СОНГОЖ БУЙ ХЭСЭГ
2020-07-25 11:14:18,612:INFO:2
2020-07-25 11:18:01,973:WARNING:Not Found: /
2020-07-25 11:18:02,466:WARNING:Not Found: /favicon.ico
2020-07-25 11:19:24,679:INFO:------------------------------------------------------------------------------------------------
2020-07-25 11:19:25,666:INFO:ДУГААРАА СОНГОЖ БУЙ ХЭСЭГ
2020-07-25 11:19:25,666:INFO:2
2020-07-25 11:19:50,151:INFO:------------------------------------------------------------------------------------------------
2020-07-25 11:20:51,375:INFO:ДУГААРАА СОНГОЖ БУЙ ХЭСЭГ
2020-07-25 11:20:51,375:INFO:2
2020-07-25 11:20:51,534:WARNING:Not Found: /favicon.ico
2020-07-25 11:25:03,059:INFO:------------------------------------------------------------------------------------------------
2020-07-25 11:33:44,333:INFO:------------------------------------------------------------------------------------------------
2020-07-25 11:41:54,055:INFO:ДУГААРАА СОНГОЖ БУЙ ХЭСЭГ
2020-07-25 11:41:54,055:INFO:2
2020-07-25 11:41:54,315:INFO:ДУГААРАА СОНГОЖ БУЙ ХЭСЭГ
2020-07-25 11:41:54,316:INFO:2
2020-07-25 11:41:54,611:INFO:ДУГААРАА СОНГОЖ БУЙ ХЭСЭГ
2020-07-25 11:41:54,611:INFO:2
2020-07-25 11:41:55,123:INFO:ДУГААРАА СОНГОЖ БУЙ ХЭСЭГ
2020-07-25 11:41:55,123:INFO:2
2020-07-25 11:41:55,803:INFO:ДУГААРАА СОНГОЖ БУЙ ХЭСЭГ
2020-07-25 11:41:55,803:INFO:2
2020-07-25 11:41:56,149:INFO:------------------------------------------------------------------------------------------------
2020-07-25 11:42:42,451:INFO:ДУГААРАА СОНГОЖ БУЙ ХЭСЭГ
2020-07-25 11:42:42,451:INFO:2
2020-07-25 11:42:59,626:INFO:------------------------------------------------------------------------------------------------
2020-07-25 11:43:00,285:INFO:ДУГААРАА СОНГОЖ БУЙ ХЭСЭГ
2020-07-25 11:43:00,285:INFO:7
2020-07-25 11:51:35,315:INFO:------------------------------------------------------------------------------------------------
2020-07-25 11:58:30,918:INFO:ДУГААРАА СОНГОЖ БУЙ ХЭСЭГ
2020-07-25 11:58:30,918:INFO:7
2020-07-25 12:01:41,954:INFO:------------------------------------------------------------------------------------------------
2020-07-25 12:04:02,633:INFO:------------------------------------------------------------------------------------------------
2020-07-25 12:06:35,018:INFO:------------------------------------------------------------------------------------------------
2020-07-25 12:10:17,696:INFO:------------------------------------------------------------------------------------------------
2020-07-25 12:10:20,424:INFO:ДУГААРАА СОНГОЖ БУЙ ХЭСЭГ
2020-07-25 12:10:20,424:INFO:2
2020-07-25 12:10:20,703:WARNING:Not Found: /favicon.ico
2020-07-25 12:19:54,771:INFO:------------------------------------------------------------------------------------------------
2020-07-25 12:25:28,771:INFO:ДУГААРАА СОНГОЖ БУЙ ХЭСЭГ
2020-07-25 12:25:28,771:INFO:2
2020-07-25 12:25:28,985:WARNING:Not Found: /favicon.ico
2020-07-25 12:29:04,839:INFO:------------------------------------------------------------------------------------------------
2020-07-25 12:29:06,290:INFO:ДУГААРАА СОНГОЖ БУЙ ХЭСЭГ
2020-07-25 12:29:06,290:INFO:7
2020-07-25 12:29:07,212:INFO:------------------------------------------------------------------------------------------------
2020-07-25 12:29:07,667:INFO:ДУГААРАА СОНГОЖ БУЙ ХЭСЭГ
2020-07-25 12:29:07,667:INFO:2
2020-07-25 12:33:44,561:INFO:------------------------------------------------------------------------------------------------
2020-07-25 12:43:06,506:INFO:------------------------------------------------------------------------------------------------
2020-07-25 12:48:13,526:INFO:ДУГААРАА СОНГОЖ БУЙ ХЭСЭГ
2020-07-25 12:48:13,527:INFO:2
2020-07-25 12:51:14,104:INFO:ДУГААРЫН ҮНЭ
2020-07-25 12:51:14,106:INFO:5000
2020-07-25 12:51:35,574:INFO:------------------------------------------------------------------------------------------------
2020-07-25 12:57:39,013:INFO:ДУГААРЫН ҮНЭ
2020-07-25 12:57:39,016:INFO:5000
2020-07-25 13:01:46,650:INFO:------------------------------------------------------------------------------------------------
2020-07-25 13:04:03,563:INFO:------------------------------------------------------------------------------------------------
2020-07-25 13:04:28,071:INFO:ДУГААРЫН ҮНЭ
2020-07-25 13:04:28,074:INFO:10000
2020-07-25 13:04:33,171:INFO:------------------------------------------------------------------------------------------------
2020-07-25 13:04:34,614:INFO:ДУГААРАА СОНГОЖ БУЙ ХЭСЭГ
2020-07-25 13:04:34,614:INFO:2
2020-07-25 13:07:53,703:INFO:ДУГААРАА СОНГОЖ БУЙ ХЭСЭГ
2020-07-25 13:07:53,704:INFO:2
2020-07-25 13:14:20,618:WARNING:Not Found: /
2020-07-25 13:19:59,382:INFO:------------------------------------------------------------------------------------------------
2020-07-25 13:37:21,525:INFO:ДУГААРАА СОНГОЖ БУЙ ХЭСЭГ
2020-07-25 13:37:21,526:INFO:2
2020-07-25 13:37:21,741:WARNING:Not Found: /favicon.ico
2020-07-25 13:39:35,404:INFO:ДУГААРАА СОНГОЖ БУЙ ХЭСЭГ
2020-07-25 13:39:35,404:INFO:2
2020-07-25 13:39:45,511:INFO:ДУГААРАА СОНГОЖ БУЙ ХЭСЭГ
2020-07-25 13:39:45,511:INFO:2
2020-07-25 13:40:12,336:INFO:------------------------------------------------------------------------------------------------
2020-07-25 13:40:15,632:INFO:ДУГААРАА СОНГОЖ БУЙ ХЭСЭГ
2020-07-25 13:40:15,633:INFO:2
2020-07-25 13:43:06,633:INFO:------------------------------------------------------------------------------------------------
2020-07-25 13:44:54,110:INFO:ДУГААРАА СОНГОЖ БУЙ ХЭСЭГ
2020-07-25 13:44:54,110:INFO:2
2020-07-25 13:44:56,855:INFO:ДУГААРАА СОНГОЖ БУЙ ХЭСЭГ
2020-07-25 13:44:56,856:INFO:2
2020-07-25 13:45:14,088:INFO:ДУГААРАА СОНГОЖ БУЙ ХЭСЭГ
2020-07-25 13:45:14,088:INFO:2
2020-07-25 14:01:51,357:INFO:------------------------------------------------------------------------------------------------
2020-07-25 14:04:04,766:INFO:------------------------------------------------------------------------------------------------
2020-07-25 14:18:23,144:INFO:------------------------------------------------------------------------------------------------
2020-07-25 14:20:03,995:INFO:------------------------------------------------------------------------------------------------
2020-07-25 14:29:19,576:INFO:ДУГААРАА СОНГОЖ БУЙ ХЭСЭГ
2020-07-25 14:29:19,577:INFO:2
2020-07-25 14:31:11,357:INFO:ДУГААРАА СОНГОЖ БУЙ ХЭСЭГ
2020-07-25 14:31:11,357:INFO:2
2020-07-25 14:36:01,167:INFO:ДУГААРАА СОНГОЖ БУЙ ХЭСЭГ
2020-07-25 14:36:01,167:INFO:2
2020-07-25 14:36:12,252:INFO:ДУГААРАА СОНГОЖ БУЙ ХЭСЭГ
2020-07-25 14:36:12,252:INFO:2
2020-07-25 14:36:49,725:INFO:ДУГААРАА СОНГОЖ БУЙ ХЭСЭГ
2020-07-25 14:36:49,726:INFO:2
2020-07-25 14:36:52,228:INFO:ДУГААРАА СОНГОЖ БУЙ ХЭСЭГ
2020-07-25 14:36:52,228:INFO:2
2020-07-25 14:37:09,170:INFO:ДУГААРАА СОНГОЖ БУЙ ХЭСЭГ
2020-07-25 14:37:09,170:INFO:2
2020-07-25 14:37:10,396:INFO:ДУГААРАА СОНГОЖ БУЙ ХЭСЭГ
2020-07-25 14:37:10,397:INFO:2
2020-07-25 14:37:25,275:INFO:ДУГААРЫН ҮНЭ
2020-07-25 14:37:25,278:INFO:5000
2020-07-25 14:50:19,134:INFO:------------------------------------------------------------------------------------------------
2020-07-25 14:50:20,017:INFO:ДУГААРАА СОНГОЖ БУЙ ХЭСЭГ
2020-07-25 14:50:20,018:INFO:7
2020-07-25 14:50:21,285:INFO:------------------------------------------------------------------------------------------------
2020-07-25 14:50:22,178:INFO:ДУГААРАА СОНГОЖ БУЙ ХЭСЭГ
2020-07-25 14:50:22,178:INFO:7
2020-07-25 14:52:35,327:INFO:ДУГААРЫН ҮНЭ
2020-07-25 14:52:35,329:INFO:10000
2020-07-25 14:53:59,198:INFO:ДУГААРЫН ҮНЭ
2020-07-25 14:53:59,201:INFO:10000
2020-07-25 14:54:03,063:INFO:ДУГААРАА СОНГОЖ БУЙ ХЭСЭГ
2020-07-25 14:54:03,063:INFO:2
2020-07-25 14:54:07,346:INFO:------------------------------------------------------------------------------------------------
2020-07-25 14:54:07,847:INFO:ДУГААРАА СОНГОЖ БУЙ ХЭСЭГ
2020-07-25 14:54:07,847:INFO:7
2020-07-25 14:54:18,910:INFO:------------------------------------------------------------------------------------------------
2020-07-25 15:01:56,086:INFO:------------------------------------------------------------------------------------------------
2020-07-25 15:04:05,529:INFO:------------------------------------------------------------------------------------------------
2020-07-25 15:20:08,623:INFO:------------------------------------------------------------------------------------------------
2020-07-25 15:22:11,618:INFO:------------------------------------------------------------------------------------------------
2020-07-25 15:22:12,280:INFO:ДУГААРАА СОНГОЖ БУЙ ХЭСЭГ
2020-07-25 15:22:12,280:INFO:2
2020-07-25 15:23:07,101:INFO:ДУГААРЫН ҮНЭ
2020-07-25 15:23:07,105:INFO:5000
2020-07-25 15:23:11,068:INFO:ДУГААРАА СОНГОЖ БУЙ ХЭСЭГ
2020-07-25 15:23:11,068:INFO:2
2020-07-25 15:23:51,929:INFO:------------------------------------------------------------------------------------------------
2020-07-25 15:23:52,765:INFO:ДУГААРАА СОНГОЖ БУЙ ХЭСЭГ
2020-07-25 15:23:52,765:INFO:7
2020-07-25 15:25:08,602:INFO:------------------------------------------------------------------------------------------------
2020-07-25 15:25:09,500:INFO:ДУГААРАА СОНГОЖ БУЙ ХЭСЭГ
2020-07-25 15:25:09,500:INFO:7
2020-07-25 15:33:35,028:INFO:------------------------------------------------------------------------------------------------
2020-07-25 15:33:39,103:INFO:ДУГААРАА СОНГОЖ БУЙ ХЭСЭГ
2020-07-25 15:33:39,104:INFO:2
2020-07-25 15:34:37,662:INFO:ДУГААРЫН ҮНЭ
2020-07-25 15:34:37,665:INFO:5000
2020-07-25 15:35:15,923:INFO:ДУГААРЫН ZAHIALGA
2020-07-25 15:35:21,825:INFO:------------------------------------------------------------------------------------------------
2020-07-25 15:35:29,460:INFO:ДУГААРАА СОНГОЖ БУЙ ХЭСЭГ
2020-07-25 15:35:29,461:INFO:2
2020-07-25 15:36:29,711:INFO:------------------------------------------------------------------------------------------------
2020-07-25 15:37:29,101:INFO:ДУГААРАА СОНГОЖ БУЙ ХЭСЭГ
2020-07-25 15:37:29,101:INFO:2
2020-07-25 15:54:18,978:INFO:------------------------------------------------------------------------------------------------
2020-07-25 15:58:09,756:INFO:------------------------------------------------------------------------------------------------
2020-07-25 16:02:00,868:INFO:------------------------------------------------------------------------------------------------
2020-07-25 16:20:13,231:INFO:------------------------------------------------------------------------------------------------
2020-07-25 16:36:29,790:INFO:------------------------------------------------------------------------------------------------
2020-07-25 16:36:43,750:INFO:ДУГААРАА СОНГОЖ БУЙ ХЭСЭГ
2020-07-25 16:36:43,751:INFO:2
2020-07-25 16:36:44,136:WARNING:Not Found: /favicon.ico
2020-07-25 16:36:51,763:INFO:ДУГААРАА СОНГОЖ БУЙ ХЭСЭГ
2020-07-25 16:36:51,764:INFO:2
2020-07-25 16:53:48,919:INFO:------------------------------------------------------------------------------------------------
2020-07-25 16:53:50,056:INFO:ДУГААРАА СОНГОЖ БУЙ ХЭСЭГ
2020-07-25 16:53:50,057:INFO:7
2020-07-25 16:53:52,823:INFO:------------------------------------------------------------------------------------------------
2020-07-25 16:54:19,094:INFO:------------------------------------------------------------------------------------------------
2020-07-25 17:00:01,273:INFO:------------------------------------------------------------------------------------------------
2020-07-25 17:02:05,657:INFO:------------------------------------------------------------------------------------------------
2020-07-25 17:11:16,266:INFO:ДУГААРАА СОНГОЖ БУЙ ХЭСЭГ
2020-07-25 17:11:16,266:INFO:2
2020-07-25 17:11:29,683:INFO:------------------------------------------------------------------------------------------------
2020-07-25 17:11:30,859:INFO:ДУГААРАА СОНГОЖ БУЙ ХЭСЭГ
2020-07-25 17:11:30,859:INFO:7
2020-07-25 17:11:32,292:INFO:ДУГААРАА СОНГОЖ БУЙ ХЭСЭГ
2020-07-25 17:11:32,292:INFO:7
2020-07-25 17:12:22,532:INFO:------------------------------------------------------------------------------------------------
2020-07-25 17:12:26,377:INFO:ДУГААРАА СОНГОЖ БУЙ ХЭСЭГ
2020-07-25 17:12:26,377:INFO:7
2020-07-25 17:12:30,392:INFO:ДУГААРАА СОНГОЖ БУЙ ХЭСЭГ
2020-07-25 17:12:30,392:INFO:7
2020-07-25 17:12:49,865:INFO:------------------------------------------------------------------------------------------------
2020-07-25 17:17:09,258:WARNING:Not Found: /
2020-07-25 17:17:10,233:WARNING:Not Found: /favicon.ico
2020-07-25 17:20:17,851:INFO:------------------------------------------------------------------------------------------------
2020-07-25 17:36:29,917:INFO:------------------------------------------------------------------------------------------------
2020-07-25 17:53:52,842:INFO:------------------------------------------------------------------------------------------------
2020-07-25 17:54:19,163:INFO:------------------------------------------------------------------------------------------------
2020-07-25 18:00:01,416:INFO:------------------------------------------------------------------------------------------------
2020-07-25 18:02:10,430:INFO:------------------------------------------------------------------------------------------------
2020-07-25 18:12:49,905:INFO:------------------------------------------------------------------------------------------------
2020-07-25 18:15:04,597:INFO:ДУГААРАА СОНГОЖ БУЙ ХЭСЭГ
2020-07-25 18:15:04,598:INFO:2
2020-07-25 18:20:22,482:INFO:------------------------------------------------------------------------------------------------
2020-07-25 18:36:30,050:INFO:------------------------------------------------------------------------------------------------
2020-07-25 18:53:52,878:INFO:------------------------------------------------------------------------------------------------
2020-07-25 18:54:19,254:INFO:------------------------------------------------------------------------------------------------
2020-07-25 19:00:01,537:INFO:------------------------------------------------------------------------------------------------
2020-07-25 19:02:15,205:INFO:------------------------------------------------------------------------------------------------
2020-07-25 19:15:18,794:INFO:------------------------------------------------------------------------------------------------
2020-07-25 19:15:20,463:INFO:ДУГААРАА СОНГОЖ БУЙ ХЭСЭГ
2020-07-25 19:15:20,463:INFO:2
2020-07-25 19:20:27,088:INFO:------------------------------------------------------------------------------------------------
2020-07-25 19:36:30,152:INFO:------------------------------------------------------------------------------------------------
2020-07-25 19:44:52,308:INFO:ДУГААРАА СОНГОЖ БУЙ ХЭСЭГ
2020-07-25 19:44:52,308:INFO:2
2020-07-25 19:53:52,915:INFO:------------------------------------------------------------------------------------------------
2020-07-25 19:56:22,101:INFO:------------------------------------------------------------------------------------------------
2020-07-25 19:56:22,974:INFO:ДУГААРАА СОНГОЖ БУЙ ХЭСЭГ
2020-07-25 19:56:22,974:INFO:2
2020-07-25 20:00:01,649:INFO:------------------------------------------------------------------------------------------------
2020-07-25 20:02:19,899:INFO:------------------------------------------------------------------------------------------------
2020-07-25 20:15:34,114:INFO:------------------------------------------------------------------------------------------------
2020-07-25 20:15:38,334:INFO:ДУГААРАА СОНГОЖ БУЙ ХЭСЭГ
2020-07-25 20:15:38,334:INFO:2
2020-07-25 20:15:40,951:INFO:------------------------------------------------------------------------------------------------
2020-07-25 20:16:01,672:INFO:ДУГААРАА СОНГОЖ БУЙ ХЭСЭГ
2020-07-25 20:16:01,673:INFO:2
2020-07-25 20:17:12,637:INFO:------------------------------------------------------------------------------------------------
2020-07-25 20:17:36,155:INFO:ДУГААРАА СОНГОЖ БУЙ ХЭСЭГ
2020-07-25 20:17:36,155:INFO:2
2020-07-25 20:20:31,719:INFO:------------------------------------------------------------------------------------------------
2020-07-25 20:36:31,400:INFO:------------------------------------------------------------------------------------------------
2020-07-25 20:41:13,692:WARNING:Not Found: /
2020-07-25 21:00:01,778:INFO:------------------------------------------------------------------------------------------------
2020-07-25 21:02:25,143:INFO:------------------------------------------------------------------------------------------------
2020-07-25 21:09:15,706:INFO:------------------------------------------------------------------------------------------------
2020-07-25 21:20:36,343:INFO:------------------------------------------------------------------------------------------------
2020-07-25 21:36:31,530:INFO:------------------------------------------------------------------------------------------------
2020-07-25 22:02:29,959:INFO:------------------------------------------------------------------------------------------------
2020-07-25 22:20:40,955:INFO:------------------------------------------------------------------------------------------------
2020-07-25 23:02:34,782:INFO:------------------------------------------------------------------------------------------------
2020-07-25 23:20:45,579:INFO:------------------------------------------------------------------------------------------------
2020-07-26 00:02:39,552:INFO:------------------------------------------------------------------------------------------------
2020-07-26 00:11:58,575:WARNING:Not Found: /
2020-07-26 00:20:50,190:INFO:------------------------------------------------------------------------------------------------
2020-07-26 01:02:44,318:INFO:------------------------------------------------------------------------------------------------
2020-07-26 01:20:54,802:INFO:------------------------------------------------------------------------------------------------
2020-07-26 02:02:49,102:INFO:------------------------------------------------------------------------------------------------
2020-07-26 02:20:59,425:INFO:------------------------------------------------------------------------------------------------
2020-07-26 03:02:53,784:INFO:------------------------------------------------------------------------------------------------
2020-07-26 03:21:04,052:INFO:------------------------------------------------------------------------------------------------
2020-07-26 04:02:58,451:INFO:------------------------------------------------------------------------------------------------
2020-07-26 04:21:08,651:INFO:------------------------------------------------------------------------------------------------
2020-07-26 05:03:03,132:INFO:------------------------------------------------------------------------------------------------
2020-07-26 05:21:13,258:INFO:------------------------------------------------------------------------------------------------
2020-07-26 06:03:07,816:INFO:------------------------------------------------------------------------------------------------
2020-07-26 06:21:17,874:INFO:------------------------------------------------------------------------------------------------
