2020-05-03 06:34:45,411:INFO:------------------------------------------------------------------------------------------------
2020-05-03 07:34:50,120:INFO:------------------------------------------------------------------------------------------------
2020-05-03 08:34:54,880:INFO:------------------------------------------------------------------------------------------------
2020-05-03 09:34:59,524:INFO:------------------------------------------------------------------------------------------------
2020-05-03 09:35:53,124:INFO:------------------------------------------------------------------------------------------------
2020-05-03 09:50:21,655:INFO:------------------------------------------------------------------------------------------------
2020-05-03 09:50:28,349:INFO:ДУГААРАА СОНГОЖ БУЙ ХЭСЭГ
2020-05-03 09:50:28,350:INFO:4
2020-05-03 09:50:28,697:INFO:ДУГААРАА СОНГОЖ БУЙ ХЭСЭГ
2020-05-03 09:50:28,697:INFO:7
2020-05-03 09:50:29,462:INFO:ДУГААРАА СОНГОЖ БУЙ ХЭСЭГ
2020-05-03 09:50:29,462:INFO:7
2020-05-03 09:50:29,873:INFO:ДУГААРАА СОНГОЖ БУЙ ХЭСЭГ
2020-05-03 09:50:29,873:INFO:4
2020-05-03 09:50:32,127:INFO:ДУГААРАА СОНГОЖ БУЙ ХЭСЭГ
2020-05-03 09:50:32,127:INFO:2
2020-05-03 09:59:36,263:INFO:------------------------------------------------------------------------------------------------
2020-05-03 10:01:21,992:INFO:------------------------------------------------------------------------------------------------
2020-05-03 10:01:23,511:INFO:ДУГААРАА СОНГОЖ БУЙ ХЭСЭГ
2020-05-03 10:01:23,511:INFO:2
2020-05-03 10:01:23,789:WARNING:Not Found: /favicon.ico
2020-05-03 10:01:58,379:INFO:------------------------------------------------------------------------------------------------
2020-05-03 10:05:13,319:INFO:ДУГААРЫН ҮНЭ
2020-05-03 10:05:13,322:INFO:5000
2020-05-03 10:05:53,303:INFO:ДУГААРЫН ZAHIALGA
2020-05-03 10:05:55,305:INFO:------------------------------------------------------------------------------------------------
2020-05-03 10:05:59,311:INFO:ДУГААРАА СОНГОЖ БУЙ ХЭСЭГ
2020-05-03 10:05:59,312:INFO:2
2020-05-03 10:11:16,799:INFO:------------------------------------------------------------------------------------------------
2020-05-03 10:11:56,035:INFO:------------------------------------------------------------------------------------------------
2020-05-03 10:35:04,169:INFO:------------------------------------------------------------------------------------------------
2020-05-03 10:35:53,940:INFO:------------------------------------------------------------------------------------------------
2020-05-03 10:50:22,386:INFO:------------------------------------------------------------------------------------------------
2020-05-03 10:53:49,783:INFO:------------------------------------------------------------------------------------------------
2020-05-03 10:53:54,710:INFO:ДУГААРАА СОНГОЖ БУЙ ХЭСЭГ
2020-05-03 10:53:54,710:INFO:2
2020-05-03 10:53:55,033:WARNING:Not Found: /favicon.ico
2020-05-03 10:53:55,092:WARNING:Not Found: /favicon.ico
2020-05-03 10:59:52,912:INFO:------------------------------------------------------------------------------------------------
2020-05-03 11:00:39,511:INFO:------------------------------------------------------------------------------------------------
2020-05-03 11:00:43,514:INFO:------------------------------------------------------------------------------------------------
2020-05-03 11:00:45,359:INFO:ДУГААРАА СОНГОЖ БУЙ ХЭСЭГ
2020-05-03 11:00:45,359:INFO:7
2020-05-03 11:00:45,682:WARNING:Not Found: /favicon.ico
2020-05-03 11:01:58,755:INFO:------------------------------------------------------------------------------------------------
2020-05-03 11:11:17,098:INFO:------------------------------------------------------------------------------------------------
2020-05-03 11:11:56,385:INFO:------------------------------------------------------------------------------------------------
2020-05-03 11:12:14,191:INFO:------------------------------------------------------------------------------------------------
2020-05-03 11:12:14,541:INFO:------------------------------------------------------------------------------------------------
2020-05-03 11:12:33,836:INFO:------------------------------------------------------------------------------------------------
2020-05-03 11:23:09,687:INFO:ДУГААРАА СОНГОЖ БУЙ ХЭСЭГ
2020-05-03 11:23:09,687:INFO:2
2020-05-03 11:23:09,956:WARNING:Not Found: /favicon.ico
2020-05-03 11:23:29,950:INFO:ДУГААРЫН ҮНЭ
2020-05-03 11:23:29,953:INFO:5000
2020-05-03 11:29:30,882:INFO:------------------------------------------------------------------------------------------------
2020-05-03 11:35:08,891:INFO:------------------------------------------------------------------------------------------------
2020-05-03 11:35:54,067:INFO:------------------------------------------------------------------------------------------------
2020-05-03 11:43:32,801:INFO:------------------------------------------------------------------------------------------------
2020-05-03 11:43:39,152:WARNING:Not Found: /favicon.ico
2020-05-03 11:43:42,381:WARNING:Not Found: /
2020-05-03 11:43:47,414:WARNING:Not Found: /favicon.ico
2020-05-03 11:43:53,122:WARNING:Not Found: /
2020-05-03 11:44:28,327:WARNING:Not Found: /
2020-05-03 11:45:04,847:INFO:------------------------------------------------------------------------------------------------
2020-05-03 11:45:04,950:INFO:------------------------------------------------------------------------------------------------
2020-05-03 11:47:03,653:INFO:------------------------------------------------------------------------------------------------
2020-05-03 11:47:05,041:WARNING:Not Found: /favicon.ico
2020-05-03 11:47:42,425:INFO:ДУГААРАА СОНГОЖ БУЙ ХЭСЭГ
2020-05-03 11:47:42,425:INFO:7
2020-05-03 11:49:21,494:INFO:ДУГААРАА СОНГОЖ БУЙ ХЭСЭГ
2020-05-03 11:49:21,494:INFO:7
2020-05-03 11:50:22,497:INFO:------------------------------------------------------------------------------------------------
2020-05-03 11:51:46,744:INFO:ДУГААРАА СОНГОЖ БУЙ ХЭСЭГ
2020-05-03 11:51:46,744:INFO:7
2020-05-03 12:00:02,226:INFO:------------------------------------------------------------------------------------------------
2020-05-03 12:00:09,505:INFO:------------------------------------------------------------------------------------------------
2020-05-03 12:00:47,849:INFO:ДУГААРАА СОНГОЖ БУЙ ХЭСЭГ
2020-05-03 12:00:47,849:INFO:2
2020-05-03 12:01:41,733:INFO:ДУГААРЫН ҮНЭ
2020-05-03 12:01:41,735:INFO:5000
2020-05-03 12:04:51,409:INFO:------------------------------------------------------------------------------------------------
2020-05-03 12:04:57,552:INFO:ДУГААРАА СОНГОЖ БУЙ ХЭСЭГ
2020-05-03 12:04:57,552:INFO:2
2020-05-03 12:04:57,981:WARNING:Not Found: /favicon.ico
2020-05-03 12:08:52,790:INFO:ДУГААРЫН ҮНЭ
2020-05-03 12:08:52,793:INFO:5000
2020-05-03 12:11:17,188:INFO:------------------------------------------------------------------------------------------------
2020-05-03 12:11:56,620:INFO:------------------------------------------------------------------------------------------------
2020-05-03 12:12:17,255:INFO:------------------------------------------------------------------------------------------------
2020-05-03 12:12:59,694:INFO:------------------------------------------------------------------------------------------------
2020-05-03 12:25:42,593:INFO:------------------------------------------------------------------------------------------------
2020-05-03 12:27:38,080:INFO:ДУГААРАА СОНГОЖ БУЙ ХЭСЭГ
2020-05-03 12:27:38,081:INFO:7
2020-05-03 12:27:38,577:WARNING:Not Found: /favicon.ico
2020-05-03 12:28:45,230:INFO:ДУГААРЫН ҮНЭ
2020-05-03 12:28:45,232:INFO:10000
2020-05-03 12:31:36,459:INFO:ДУГААРАА СОНГОЖ БУЙ ХЭСЭГ
2020-05-03 12:31:36,460:INFO:2
2020-05-03 12:31:36,960:INFO:------------------------------------------------------------------------------------------------
2020-05-03 12:31:43,258:INFO:ДУГААРАА СОНГОЖ БУЙ ХЭСЭГ
2020-05-03 12:31:43,258:INFO:2
2020-05-03 12:32:19,870:INFO:------------------------------------------------------------------------------------------------
2020-05-03 12:34:07,172:INFO:------------------------------------------------------------------------------------------------
2020-05-03 12:34:08,498:INFO:ДУГААРАА СОНГОЖ БУЙ ХЭСЭГ
2020-05-03 12:34:08,498:INFO:2
2020-05-03 12:34:09,051:WARNING:Not Found: /favicon.ico
2020-05-03 12:35:14,933:INFO:------------------------------------------------------------------------------------------------
2020-05-03 12:35:54,163:INFO:------------------------------------------------------------------------------------------------
2020-05-03 12:50:22,561:INFO:------------------------------------------------------------------------------------------------
2020-05-03 13:00:02,422:INFO:------------------------------------------------------------------------------------------------
2020-05-03 13:00:26,100:INFO:------------------------------------------------------------------------------------------------
2020-05-03 13:02:48,843:INFO:------------------------------------------------------------------------------------------------
2020-05-03 13:02:50,113:INFO:ДУГААРАА СОНГОЖ БУЙ ХЭСЭГ
2020-05-03 13:02:50,113:INFO:2
2020-05-03 13:02:50,568:WARNING:Not Found: /favicon.ico
2020-05-03 13:06:56,414:INFO:------------------------------------------------------------------------------------------------
2020-05-03 13:06:57,026:INFO:ДУГААРАА СОНГОЖ БУЙ ХЭСЭГ
2020-05-03 13:06:57,026:INFO:2
2020-05-03 13:07:25,557:INFO:ДУГААРЫН ҮНЭ
2020-05-03 13:07:25,559:INFO:5000
2020-05-03 13:11:17,280:INFO:------------------------------------------------------------------------------------------------
2020-05-03 13:11:56,762:INFO:------------------------------------------------------------------------------------------------
2020-05-03 13:12:17,406:INFO:------------------------------------------------------------------------------------------------
2020-05-03 13:13:07,678:INFO:------------------------------------------------------------------------------------------------
2020-05-03 13:17:34,900:INFO:ДУГААРАА СОНГОЖ БУЙ ХЭСЭГ
2020-05-03 13:17:34,901:INFO:3
2020-05-03 13:17:35,498:WARNING:Not Found: /favicon.ico
2020-05-03 13:17:57,494:INFO:ДУГААРАА СОНГОЖ БУЙ ХЭСЭГ
2020-05-03 13:17:57,494:INFO:3
2020-05-03 13:17:59,352:INFO:ДУГААРАА СОНГОЖ БУЙ ХЭСЭГ
2020-05-03 13:17:59,352:INFO:3
2020-05-03 13:18:01,646:INFO:ДУГААРАА СОНГОЖ БУЙ ХЭСЭГ
2020-05-03 13:18:01,647:INFO:3
2020-05-03 13:18:02,680:INFO:ДУГААРАА СОНГОЖ БУЙ ХЭСЭГ
2020-05-03 13:18:02,680:INFO:3
2020-05-03 13:18:03,576:INFO:ДУГААРАА СОНГОЖ БУЙ ХЭСЭГ
2020-05-03 13:18:03,576:INFO:3
2020-05-03 13:18:05,012:INFO:------------------------------------------------------------------------------------------------
2020-05-03 13:18:06,480:INFO:ДУГААРАА СОНГОЖ БУЙ ХЭСЭГ
2020-05-03 13:18:06,480:INFO:3
2020-05-03 13:20:22,346:INFO:------------------------------------------------------------------------------------------------
2020-05-03 13:20:23,736:INFO:ДУГААРАА СОНГОЖ БУЙ ХЭСЭГ
2020-05-03 13:20:23,736:INFO:2
2020-05-03 13:20:24,017:WARNING:Not Found: /favicon.ico
2020-05-03 13:28:09,596:INFO:ДУГААРАА СОНГОЖ БУЙ ХЭСЭГ
2020-05-03 13:28:09,596:INFO:2
2020-05-03 13:28:32,014:INFO:------------------------------------------------------------------------------------------------
2020-05-03 13:29:10,745:INFO:ДУГААРАА СОНГОЖ БУЙ ХЭСЭГ
2020-05-03 13:29:10,745:INFO:7
2020-05-03 13:29:11,085:WARNING:Not Found: /favicon.ico
2020-05-03 13:29:11,303:ERROR:Internal Server Error: /getnumber
Traceback (most recent call last):
  File "/usr/local/lib/python2.7/dist-packages/django/core/handlers/exception.py", line 41, in inner
    response = get_response(request)
  File "/usr/local/lib/python2.7/dist-packages/django/core/handlers/base.py", line 187, in _get_response
    response = self.process_exception_by_middleware(e, request)
  File "/usr/local/lib/python2.7/dist-packages/django/core/handlers/base.py", line 185, in _get_response
    response = wrapped_callback(request, *callback_args, **callback_kwargs)
  File "/usr/local/lib/python2.7/dist-packages/django/views/decorators/csrf.py", line 58, in wrapped_view
    return view_func(*args, **kwargs)
  File "/usr/local/lib/python2.7/dist-packages/django/views/generic/base.py", line 68, in view
    return self.dispatch(request, *args, **kwargs)
  File "/usr/local/lib/python2.7/dist-packages/rest_framework/views.py", line 495, in dispatch
    response = self.handle_exception(exc)
  File "/usr/local/lib/python2.7/dist-packages/rest_framework/views.py", line 455, in handle_exception
    self.raise_uncaught_exception(exc)
  File "/usr/local/lib/python2.7/dist-packages/rest_framework/views.py", line 492, in dispatch
    response = handler(request, *args, **kwargs)
  File "/usr/local/lib/python2.7/dist-packages/rest_framework/decorators.py", line 55, in handler
    return func(*args, **kwargs)
  File "/home/user/nFilterNew/controller/views.py", line 206, in getNumber
    if data[1] == az:
IndexError: list index out of range
2020-05-03 13:29:30,025:INFO:ДУГААРАА СОНГОЖ БУЙ ХЭСЭГ
2020-05-03 13:29:30,026:INFO:2
2020-05-03 13:30:19,798:INFO:ДУГААРАА СОНГОЖ БУЙ ХЭСЭГ
2020-05-03 13:30:19,798:INFO:2
2020-05-03 13:31:30,582:INFO:ДУГААРАА СОНГОЖ БУЙ ХЭСЭГ
2020-05-03 13:31:30,583:INFO:2
2020-05-03 13:32:06,645:INFO:ДУГААРЫН ҮНЭ
2020-05-03 13:32:06,647:INFO:5000
2020-05-03 13:32:29,134:INFO:------------------------------------------------------------------------------------------------
2020-05-03 13:32:29,953:INFO:------------------------------------------------------------------------------------------------
2020-05-03 13:32:29,981:INFO:ДУГААРЫН ZAHIALGA
2020-05-03 13:32:31,463:INFO:ДУГААРАА СОНГОЖ БУЙ ХЭСЭГ
2020-05-03 13:32:31,463:INFO:2
2020-05-03 13:32:35,400:INFO:------------------------------------------------------------------------------------------------
2020-05-03 13:32:37,022:INFO:ДУГААРАА СОНГОЖ БУЙ ХЭСЭГ
2020-05-03 13:32:37,022:INFO:7
2020-05-03 13:35:19,567:INFO:------------------------------------------------------------------------------------------------
2020-05-03 13:35:54,264:INFO:------------------------------------------------------------------------------------------------
2020-05-03 13:41:29,656:INFO:ДУГААРЫН ҮНЭ
2020-05-03 13:41:29,659:INFO:10000
2020-05-03 13:41:50,945:INFO:ДУГААРЫН ZAHIALGA
2020-05-03 13:43:51,097:INFO:------------------------------------------------------------------------------------------------
2020-05-03 13:49:38,216:INFO:------------------------------------------------------------------------------------------------
2020-05-03 13:49:39,048:INFO:ДУГААРАА СОНГОЖ БУЙ ХЭСЭГ
2020-05-03 13:49:39,048:INFO:7
2020-05-03 13:50:22,646:INFO:------------------------------------------------------------------------------------------------
2020-05-03 13:53:33,618:INFO:ДУГААРЫН ҮНЭ
2020-05-03 13:53:33,621:INFO:5000
2020-05-03 13:58:12,091:INFO:ДУГААРАА СОНГОЖ БУЙ ХЭСЭГ
2020-05-03 13:58:12,092:INFO:2
2020-05-03 13:58:12,355:WARNING:Not Found: /favicon.ico
2020-05-03 13:59:14,617:INFO:ДУГААРАА СОНГОЖ БУЙ ХЭСЭГ
2020-05-03 13:59:14,617:INFO:2
2020-05-03 13:59:28,749:INFO:------------------------------------------------------------------------------------------------
2020-05-03 13:59:30,092:INFO:ДУГААРАА СОНГОЖ БУЙ ХЭСЭГ
2020-05-03 13:59:30,093:INFO:7
2020-05-03 13:59:31,319:INFO:ДУГААРАА СОНГОЖ БУЙ ХЭСЭГ
2020-05-03 13:59:31,319:INFO:7
2020-05-03 14:00:02,586:INFO:------------------------------------------------------------------------------------------------
2020-05-03 14:00:42,684:INFO:------------------------------------------------------------------------------------------------
2020-05-03 14:05:06,298:INFO:------------------------------------------------------------------------------------------------
2020-05-03 14:11:17,399:INFO:------------------------------------------------------------------------------------------------
2020-05-03 14:13:12,720:INFO:------------------------------------------------------------------------------------------------
2020-05-03 14:35:24,234:INFO:------------------------------------------------------------------------------------------------
2020-05-03 14:35:54,385:INFO:------------------------------------------------------------------------------------------------
2020-05-03 14:43:12,748:INFO:ДУГААРАА СОНГОЖ БУЙ ХЭСЭГ
2020-05-03 14:43:12,749:INFO:2
2020-05-03 14:43:51,207:INFO:------------------------------------------------------------------------------------------------
2020-05-03 14:50:22,760:INFO:------------------------------------------------------------------------------------------------
2020-05-03 14:58:49,768:INFO:------------------------------------------------------------------------------------------------
2020-05-03 15:00:02,731:INFO:------------------------------------------------------------------------------------------------
2020-05-03 15:00:59,339:INFO:------------------------------------------------------------------------------------------------
2020-05-03 15:01:19,631:INFO:------------------------------------------------------------------------------------------------
2020-05-03 15:01:30,624:INFO:ДУГААРАА СОНГОЖ БУЙ ХЭСЭГ
2020-05-03 15:01:30,624:INFO:2
2020-05-03 15:06:21,795:INFO:ДУГААРАА СОНГОЖ БУЙ ХЭСЭГ
2020-05-03 15:06:21,795:INFO:2
2020-05-03 15:06:24,220:INFO:------------------------------------------------------------------------------------------------
2020-05-03 15:06:25,104:INFO:ДУГААРАА СОНГОЖ БУЙ ХЭСЭГ
2020-05-03 15:06:25,104:INFO:2
2020-05-03 15:11:17,506:INFO:------------------------------------------------------------------------------------------------
2020-05-03 15:11:57,126:INFO:ДУГААРЫН ҮНЭ
2020-05-03 15:11:57,129:INFO:5000
2020-05-03 15:12:54,294:INFO:ДУГААРЫН ҮНЭ
2020-05-03 15:12:54,297:INFO:5000
2020-05-03 15:13:19,445:INFO:------------------------------------------------------------------------------------------------
2020-05-03 15:25:49,696:INFO:ДУГААРЫН ҮНЭ
2020-05-03 15:25:49,699:INFO:20000
2020-05-03 15:28:15,117:INFO:ДУГААРЫН ҮНЭ
2020-05-03 15:28:15,120:INFO:20000
2020-05-03 15:28:37,185:INFO:ДУГААРЫН ZAHIALGA
2020-05-03 15:28:40,905:INFO:------------------------------------------------------------------------------------------------
2020-05-03 15:28:48,337:INFO:ДУГААРАА СОНГОЖ БУЙ ХЭСЭГ
2020-05-03 15:28:48,337:INFO:2
2020-05-03 15:29:17,464:INFO:------------------------------------------------------------------------------------------------
2020-05-03 15:34:53,304:INFO:ДУГААРАА СОНГОЖ БУЙ ХЭСЭГ
2020-05-03 15:34:53,305:INFO:2
2020-05-03 15:34:58,431:INFO:------------------------------------------------------------------------------------------------
2020-05-03 15:35:28,889:INFO:------------------------------------------------------------------------------------------------
2020-05-03 15:35:42,554:INFO:ДУГААРАА СОНГОЖ БУЙ ХЭСЭГ
2020-05-03 15:35:42,554:INFO:2
2020-05-03 15:35:54,467:INFO:------------------------------------------------------------------------------------------------
2020-05-03 15:36:20,450:INFO:------------------------------------------------------------------------------------------------
2020-05-03 15:36:21,971:INFO:------------------------------------------------------------------------------------------------
2020-05-03 15:36:23,139:INFO:ДУГААРАА СОНГОЖ БУЙ ХЭСЭГ
2020-05-03 15:36:23,139:INFO:7
2020-05-03 15:39:41,834:INFO:------------------------------------------------------------------------------------------------
2020-05-03 15:39:45,390:INFO:ДУГААРАА СОНГОЖ БУЙ ХЭСЭГ
2020-05-03 15:39:45,391:INFO:7
2020-05-03 15:43:19,798:INFO:------------------------------------------------------------------------------------------------
2020-05-03 15:43:55,785:INFO:------------------------------------------------------------------------------------------------
2020-05-03 15:44:19,898:INFO:ДУГААРАА СОНГОЖ БУЙ ХЭСЭГ
2020-05-03 15:44:19,898:INFO:7
2020-05-03 15:44:21,098:INFO:ДУГААРАА СОНГОЖ БУЙ ХЭСЭГ
2020-05-03 15:44:21,098:INFO:7
2020-05-03 15:46:33,030:INFO:ДУГААРАА СОНГОЖ БУЙ ХЭСЭГ
2020-05-03 15:46:33,030:INFO:7
2020-05-03 15:49:17,697:INFO:ДУГААРАА СОНГОЖ БУЙ ХЭСЭГ
2020-05-03 15:49:17,697:INFO:7
2020-05-03 15:49:30,463:INFO:ДУГААРАА СОНГОЖ БУЙ ХЭСЭГ
2020-05-03 15:49:30,463:INFO:7
2020-05-03 15:53:10,683:INFO:ДУГААРАА СОНГОЖ БУЙ ХЭСЭГ
2020-05-03 15:53:10,683:INFO:7
2020-05-03 15:53:55,936:INFO:ДУГААРАА СОНГОЖ БУЙ ХЭСЭГ
2020-05-03 15:53:55,937:INFO:7
2020-05-03 15:53:58,427:INFO:------------------------------------------------------------------------------------------------
2020-05-03 15:53:59,000:INFO:ДУГААРАА СОНГОЖ БУЙ ХЭСЭГ
2020-05-03 15:53:59,000:INFO:7
2020-05-03 15:54:43,800:INFO:ДУГААРЫН ҮНЭ
2020-05-03 15:54:43,803:INFO:10000
2020-05-03 15:55:38,214:INFO:ДУГААРАА СОНГОЖ БУЙ ХЭСЭГ
2020-05-03 15:55:38,214:INFO:7
2020-05-03 15:56:12,558:INFO:ДУГААРАА СОНГОЖ БУЙ ХЭСЭГ
2020-05-03 15:56:12,558:INFO:7
2020-05-03 15:57:04,493:INFO:ДУГААРЫН ҮНЭ
2020-05-03 15:57:04,496:INFO:10000
2020-05-03 15:57:59,582:INFO:ДУГААРЫН ZAHIALGA
2020-05-03 15:58:02,647:INFO:------------------------------------------------------------------------------------------------
2020-05-03 15:58:13,084:INFO:ДУГААРАА СОНГОЖ БУЙ ХЭСЭГ
2020-05-03 15:58:13,085:INFO:2
2020-05-03 16:01:15,920:INFO:------------------------------------------------------------------------------------------------
2020-05-03 16:02:20,147:INFO:------------------------------------------------------------------------------------------------
2020-05-03 16:02:21,199:INFO:ДУГААРАА СОНГОЖ БУЙ ХЭСЭГ
2020-05-03 16:02:21,199:INFO:7
2020-05-03 16:02:22,155:INFO:------------------------------------------------------------------------------------------------
2020-05-03 16:03:03,408:INFO:ДУГААРАА СОНГОЖ БУЙ ХЭСЭГ
2020-05-03 16:03:03,408:INFO:2
2020-05-03 16:03:11,338:INFO:------------------------------------------------------------------------------------------------
2020-05-03 16:03:12,869:INFO:ДУГААРАА СОНГОЖ БУЙ ХЭСЭГ
2020-05-03 16:03:12,870:INFO:2
2020-05-03 16:08:03,710:INFO:ДУГААРАА СОНГОЖ БУЙ ХЭСЭГ
2020-05-03 16:08:03,711:INFO:7
2020-05-03 16:08:14,207:INFO:------------------------------------------------------------------------------------------------
2020-05-03 16:08:14,731:INFO:ДУГААРАА СОНГОЖ БУЙ ХЭСЭГ
2020-05-03 16:08:14,731:INFO:7
2020-05-03 16:10:01,717:INFO:------------------------------------------------------------------------------------------------
2020-05-03 16:10:02,978:INFO:ДУГААРАА СОНГОЖ БУЙ ХЭСЭГ
2020-05-03 16:10:02,978:INFO:7
2020-05-03 16:10:03,322:WARNING:Not Found: /favicon.ico
2020-05-03 16:11:17,593:INFO:------------------------------------------------------------------------------------------------
2020-05-03 16:11:53,798:INFO:------------------------------------------------------------------------------------------------
2020-05-03 16:11:55,446:INFO:ДУГААРАА СОНГОЖ БУЙ ХЭСЭГ
2020-05-03 16:11:55,446:INFO:7
2020-05-03 16:11:55,725:WARNING:Not Found: /favicon.ico
2020-05-03 16:12:33,061:INFO:ДУГААРЫН ҮНЭ
2020-05-03 16:12:33,063:INFO:10000
2020-05-03 16:13:42,072:INFO:------------------------------------------------------------------------------------------------
2020-05-03 16:13:42,821:INFO:ДУГААРАА СОНГОЖ БУЙ ХЭСЭГ
2020-05-03 16:13:42,821:INFO:7
2020-05-03 16:15:28,868:INFO:------------------------------------------------------------------------------------------------
2020-05-03 16:15:29,456:INFO:ДУГААРАА СОНГОЖ БУЙ ХЭСЭГ
2020-05-03 16:15:29,456:INFO:7
2020-05-03 16:18:17,493:INFO:ДУГААРАА СОНГОЖ БУЙ ХЭСЭГ
2020-05-03 16:18:17,493:INFO:7
2020-05-03 16:18:44,120:INFO:------------------------------------------------------------------------------------------------
2020-05-03 16:18:45,404:INFO:ДУГААРАА СОНГОЖ БУЙ ХЭСЭГ
2020-05-03 16:18:45,405:INFO:7
2020-05-03 16:25:38,725:INFO:------------------------------------------------------------------------------------------------
2020-05-03 16:25:39,805:INFO:ДУГААРАА СОНГОЖ БУЙ ХЭСЭГ
2020-05-03 16:25:39,806:INFO:2
2020-05-03 16:26:43,257:INFO:------------------------------------------------------------------------------------------------
2020-05-03 16:26:43,883:INFO:ДУГААРАА СОНГОЖ БУЙ ХЭСЭГ
2020-05-03 16:26:43,884:INFO:7
2020-05-03 16:31:31,567:INFO:ДУГААРАА СОНГОЖ БУЙ ХЭСЭГ
2020-05-03 16:31:31,568:INFO:2
2020-05-03 16:31:31,841:WARNING:Not Found: /favicon.ico
2020-05-03 16:31:50,696:INFO:ДУГААРАА СОНГОЖ БУЙ ХЭСЭГ
2020-05-03 16:31:50,696:INFO:2
2020-05-03 16:32:04,982:INFO:ДУГААРАА СОНГОЖ БУЙ ХЭСЭГ
2020-05-03 16:32:04,982:INFO:2
2020-05-03 16:32:06,208:INFO:ДУГААРАА СОНГОЖ БУЙ ХЭСЭГ
2020-05-03 16:32:06,208:INFO:2
2020-05-03 16:32:07,968:INFO:ДУГААРАА СОНГОЖ БУЙ ХЭСЭГ
2020-05-03 16:32:07,969:INFO:2
2020-05-03 16:32:22,255:INFO:ДУГААРЫН ҮНЭ
2020-05-03 16:32:22,258:INFO:10000
2020-05-03 16:34:27,300:INFO:ДУГААРАА СОНГОЖ БУЙ ХЭСЭГ
2020-05-03 16:34:27,300:INFO:2
2020-05-03 16:34:27,726:INFO:ДУГААРАА СОНГОЖ БУЙ ХЭСЭГ
2020-05-03 16:34:27,726:INFO:2
2020-05-03 16:34:33,455:INFO:ДУГААРАА СОНГОЖ БУЙ ХЭСЭГ
2020-05-03 16:34:33,456:INFO:2
2020-05-03 16:34:58,871:INFO:------------------------------------------------------------------------------------------------
2020-05-03 16:35:29,465:INFO:ДУГААРАА СОНГОЖ БУЙ ХЭСЭГ
2020-05-03 16:35:29,465:INFO:2
2020-05-03 16:35:33,562:INFO:------------------------------------------------------------------------------------------------
2020-05-03 16:48:12,900:INFO:------------------------------------------------------------------------------------------------
2020-05-03 16:51:30,751:INFO:ДУГААРАА СОНГОЖ БУЙ ХЭСЭГ
2020-05-03 16:51:30,751:INFO:2
2020-05-03 16:52:02,712:INFO:ДУГААРЫН ҮНЭ
2020-05-03 16:52:02,715:INFO:5000
2020-05-03 16:52:14,431:INFO:ДУГААРЫН ҮНЭ
2020-05-03 16:52:14,434:INFO:5000
2020-05-03 16:58:19,319:INFO:ДУГААРАА СОНГОЖ БУЙ ХЭСЭГ
2020-05-03 16:58:19,319:INFO:7
2020-05-03 16:58:19,468:WARNING:Not Found: /favicon.ico
2020-05-03 17:01:32,548:INFO:------------------------------------------------------------------------------------------------
2020-05-03 17:11:17,766:INFO:------------------------------------------------------------------------------------------------
2020-05-03 17:30:37,456:INFO:ДУГААРЫН ҮНЭ
2020-05-03 17:30:37,459:INFO:5000
2020-05-03 17:35:38,307:INFO:------------------------------------------------------------------------------------------------
2020-05-03 17:37:40,290:INFO:ДУГААРАА СОНГОЖ БУЙ ХЭСЭГ
2020-05-03 17:37:40,290:INFO:2
2020-05-03 17:37:56,968:WARNING:Not Found: /favicon.ico
2020-05-03 17:48:17,754:INFO:------------------------------------------------------------------------------------------------
2020-05-03 18:11:17,884:INFO:------------------------------------------------------------------------------------------------
2020-05-03 18:28:40,419:WARNING:Not Found: /public/index.php
2020-05-03 18:28:40,646:WARNING:Not Found: /public/index.php
2020-05-03 18:28:40,874:WARNING:Not Found: /public/hydra.php
2020-05-03 18:35:43,657:INFO:------------------------------------------------------------------------------------------------
2020-05-03 19:11:18,032:INFO:------------------------------------------------------------------------------------------------
2020-05-03 19:35:48,429:INFO:------------------------------------------------------------------------------------------------
2020-05-03 20:11:18,143:INFO:------------------------------------------------------------------------------------------------
2020-05-03 20:35:53,103:INFO:------------------------------------------------------------------------------------------------
2020-05-03 21:23:51,342:INFO:------------------------------------------------------------------------------------------------
2020-05-03 21:23:52,906:INFO:ДУГААРАА СОНГОЖ БУЙ ХЭСЭГ
2020-05-03 21:23:52,906:INFO:2
2020-05-03 21:23:53,147:WARNING:Not Found: /favicon.ico
2020-05-03 21:25:30,122:INFO:------------------------------------------------------------------------------------------------
2020-05-03 21:25:32,531:INFO:ДУГААРАА СОНГОЖ БУЙ ХЭСЭГ
2020-05-03 21:25:32,531:INFO:2
2020-05-03 21:25:35,292:INFO:------------------------------------------------------------------------------------------------
2020-05-03 21:25:49,196:INFO:ДУГААРАА СОНГОЖ БУЙ ХЭСЭГ
2020-05-03 21:25:49,196:INFO:7
2020-05-03 21:31:03,779:INFO:ДУГААРЫН ҮНЭ
2020-05-03 21:31:03,781:INFO:10000
2020-05-03 21:35:57,779:INFO:------------------------------------------------------------------------------------------------
2020-05-03 22:36:02,443:INFO:------------------------------------------------------------------------------------------------
2020-05-03 23:36:07,146:INFO:------------------------------------------------------------------------------------------------
2020-05-04 00:36:07,362:INFO:------------------------------------------------------------------------------------------------
2020-05-04 01:36:16,553:INFO:------------------------------------------------------------------------------------------------
2020-05-04 02:36:21,206:INFO:------------------------------------------------------------------------------------------------
2020-05-04 03:36:26,218:INFO:------------------------------------------------------------------------------------------------
2020-05-04 04:36:30,995:INFO:------------------------------------------------------------------------------------------------
2020-05-04 05:36:36,012:INFO:------------------------------------------------------------------------------------------------
2020-05-04 05:41:53,558:WARNING:Not Found: /console
2020-05-04 05:41:55,435:WARNING:Not Found: /cgi-bin/test-cgi
2020-05-04 05:41:57,297:WARNING:Not Found: /
2020-05-04 05:41:59,114:WARNING:Not Found: /horde/imp/test.php
2020-05-04 05:42:00,965:WARNING:Not Found: /login.action
2020-05-04 05:42:02,870:WARNING:Not Found: /login
2020-05-04 05:42:04,685:WARNING:Not Found: /phpMyAdmin/scripts/setup.php
2020-05-04 05:42:08,382:WARNING:Not Found: /login/do_login
