2020-05-23 06:31:03,225:INFO:------------------------------------------------------------------------------------------------
2020-05-23 06:47:49,373:INFO:------------------------------------------------------------------------------------------------
2020-05-23 07:22:37,592:INFO:------------------------------------------------------------------------------------------------
2020-05-23 07:31:03,492:INFO:------------------------------------------------------------------------------------------------
2020-05-23 07:47:50,659:INFO:------------------------------------------------------------------------------------------------
2020-05-23 08:22:37,726:INFO:------------------------------------------------------------------------------------------------
2020-05-23 08:31:03,729:INFO:------------------------------------------------------------------------------------------------
2020-05-23 08:47:51,234:INFO:------------------------------------------------------------------------------------------------
2020-05-23 09:22:37,866:INFO:------------------------------------------------------------------------------------------------
2020-05-23 09:31:03,972:INFO:------------------------------------------------------------------------------------------------
2020-05-23 09:37:25,206:INFO:ДУГААРАА СОНГОЖ БУЙ ХЭСЭГ
2020-05-23 09:37:25,207:INFO:7
2020-05-23 09:37:25,502:INFO:ДУГААРАА СОНГОЖ БУЙ ХЭСЭГ
2020-05-23 09:37:25,503:INFO:2
2020-05-23 09:42:32,571:INFO:------------------------------------------------------------------------------------------------
2020-05-23 09:47:52,522:INFO:------------------------------------------------------------------------------------------------
2020-05-23 10:04:22,059:INFO:------------------------------------------------------------------------------------------------
2020-05-23 10:10:26,276:INFO:ДУГААРАА СОНГОЖ БУЙ ХЭСЭГ
2020-05-23 10:10:26,277:INFO:2
2020-05-23 10:10:31,292:WARNING:Not Found: /favicon.ico
2020-05-23 10:22:38,009:INFO:------------------------------------------------------------------------------------------------
2020-05-23 10:22:55,810:INFO:------------------------------------------------------------------------------------------------
2020-05-23 10:23:27,871:INFO:------------------------------------------------------------------------------------------------
2020-05-23 10:26:49,350:INFO:ДУГААРАА СОНГОЖ БУЙ ХЭСЭГ
2020-05-23 10:26:49,350:INFO:2
2020-05-23 10:26:49,583:WARNING:Not Found: /favicon.ico
2020-05-23 10:31:04,203:INFO:------------------------------------------------------------------------------------------------
2020-05-23 10:31:21,221:INFO:ДУГААРАА СОНГОЖ БУЙ ХЭСЭГ
2020-05-23 10:31:21,221:INFO:2
2020-05-23 10:31:34,894:INFO:ДУГААРАА СОНГОЖ БУЙ ХЭСЭГ
2020-05-23 10:31:34,894:INFO:2
2020-05-23 10:31:35,410:WARNING:Not Found: /favicon.ico
2020-05-23 10:31:49,707:WARNING:Not Found: /favicon.ico
2020-05-23 10:33:45,368:INFO:------------------------------------------------------------------------------------------------
2020-05-23 10:33:46,305:INFO:ДУГААРАА СОНГОЖ БУЙ ХЭСЭГ
2020-05-23 10:33:46,306:INFO:2
2020-05-23 10:33:46,532:WARNING:Not Found: /favicon.ico
2020-05-23 10:33:46,573:WARNING:Not Found: /favicon.ico
2020-05-23 10:42:33,894:INFO:------------------------------------------------------------------------------------------------
2020-05-23 10:47:53,787:INFO:------------------------------------------------------------------------------------------------
2020-05-23 10:53:10,154:INFO:------------------------------------------------------------------------------------------------
2020-05-23 10:53:11,393:INFO:ДУГААРАА СОНГОЖ БУЙ ХЭСЭГ
2020-05-23 10:53:11,393:INFO:2
2020-05-23 10:53:16,267:INFO:ДУГААРАА СОНГОЖ БУЙ ХЭСЭГ
2020-05-23 10:53:16,267:INFO:2
2020-05-23 10:53:32,287:INFO:ДУГААРАА СОНГОЖ БУЙ ХЭСЭГ
2020-05-23 10:53:32,287:INFO:7
2020-05-23 10:53:32,508:WARNING:Not Found: /favicon.ico
2020-05-23 10:54:07,674:INFO:ДУГААРАА СОНГОЖ БУЙ ХЭСЭГ
2020-05-23 10:54:07,674:INFO:7
2020-05-23 10:54:10,648:INFO:ДУГААРАА СОНГОЖ БУЙ ХЭСЭГ
2020-05-23 10:54:10,649:INFO:7
2020-05-23 10:54:24,258:INFO:------------------------------------------------------------------------------------------------
2020-05-23 10:54:26,494:INFO:ДУГААРАА СОНГОЖ БУЙ ХЭСЭГ
2020-05-23 10:54:26,494:INFO:7
2020-05-23 10:56:51,011:INFO:------------------------------------------------------------------------------------------------
2020-05-23 10:56:52,334:INFO:------------------------------------------------------------------------------------------------
2020-05-23 10:56:56,331:INFO:ДУГААРАА СОНГОЖ БУЙ ХЭСЭГ
2020-05-23 10:56:56,332:INFO:2
2020-05-23 10:56:58,368:WARNING:Not Found: /favicon.ico
2020-05-23 10:57:03,925:INFO:ДУГААРАА СОНГОЖ БУЙ ХЭСЭГ
2020-05-23 10:57:03,925:INFO:2
2020-05-23 10:58:34,092:INFO:------------------------------------------------------------------------------------------------
2020-05-23 10:58:36,165:INFO:------------------------------------------------------------------------------------------------
2020-05-23 10:58:58,109:INFO:ДУГААРАА СОНГОЖ БУЙ ХЭСЭГ
2020-05-23 10:58:58,109:INFO:7
2020-05-23 10:59:03,656:INFO:ДУГААРАА СОНГОЖ БУЙ ХЭСЭГ
2020-05-23 10:59:03,657:INFO:7
2020-05-23 10:59:38,752:INFO:ДУГААРАА СОНГОЖ БУЙ ХЭСЭГ
2020-05-23 10:59:38,752:INFO:7
2020-05-23 10:59:41,169:INFO:ДУГААРАА СОНГОЖ БУЙ ХЭСЭГ
2020-05-23 10:59:41,169:INFO:7
2020-05-23 11:00:06,133:INFO:------------------------------------------------------------------------------------------------
2020-05-23 11:00:17,356:INFO:ДУГААРАА СОНГОЖ БУЙ ХЭСЭГ
2020-05-23 11:00:17,356:INFO:7
2020-05-23 11:02:32,966:WARNING:Not Found: /favicon.ico
2020-05-23 11:06:05,084:INFO:------------------------------------------------------------------------------------------------
2020-05-23 11:06:21,199:INFO:ДУГААРАА СОНГОЖ БУЙ ХЭСЭГ
2020-05-23 11:06:21,199:INFO:2
2020-05-23 11:06:21,589:WARNING:Not Found: /favicon.ico
2020-05-23 11:08:28,367:INFO:------------------------------------------------------------------------------------------------
2020-05-23 11:12:28,816:INFO:------------------------------------------------------------------------------------------------
2020-05-23 11:13:17,483:INFO:------------------------------------------------------------------------------------------------
2020-05-23 11:14:22,832:INFO:------------------------------------------------------------------------------------------------
2020-05-23 11:14:59,395:INFO:------------------------------------------------------------------------------------------------
2020-05-23 11:15:00,630:INFO:ДУГААРАА СОНГОЖ БУЙ ХЭСЭГ
2020-05-23 11:15:00,630:INFO:7
2020-05-23 11:15:03,326:INFO:ДУГААРАА СОНГОЖ БУЙ ХЭСЭГ
2020-05-23 11:15:03,326:INFO:7
2020-05-23 11:15:07,480:INFO:ДУГААРАА СОНГОЖ БУЙ ХЭСЭГ
2020-05-23 11:15:07,480:INFO:7
2020-05-23 11:15:36,401:INFO:ДУГААРАА СОНГОЖ БУЙ ХЭСЭГ
2020-05-23 11:15:36,402:INFO:7
2020-05-23 11:15:36,799:INFO:ДУГААРАА СОНГОЖ БУЙ ХЭСЭГ
2020-05-23 11:15:36,800:INFO:7
2020-05-23 11:15:54,686:INFO:ДУГААРАА СОНГОЖ БУЙ ХЭСЭГ
2020-05-23 11:15:54,687:INFO:7
2020-05-23 11:16:30,395:INFO:------------------------------------------------------------------------------------------------
2020-05-23 11:16:31,625:INFO:ДУГААРАА СОНГОЖ БУЙ ХЭСЭГ
2020-05-23 11:16:31,625:INFO:7
2020-05-23 11:16:31,901:WARNING:Not Found: /favicon.ico
2020-05-23 11:17:06,109:INFO:ДУГААРАА СОНГОЖ БУЙ ХЭСЭГ
2020-05-23 11:17:06,110:INFO:7
2020-05-23 11:19:30,828:INFO:------------------------------------------------------------------------------------------------
2020-05-23 11:22:38,138:INFO:------------------------------------------------------------------------------------------------
2020-05-23 11:22:52,745:INFO:ДУГААРАА СОНГОЖ БУЙ ХЭСЭГ
2020-05-23 11:22:52,746:INFO:7
2020-05-23 11:23:12,538:INFO:------------------------------------------------------------------------------------------------
2020-05-23 11:23:19,580:INFO:------------------------------------------------------------------------------------------------
2020-05-23 11:23:22,765:INFO:ДУГААРАА СОНГОЖ БУЙ ХЭСЭГ
2020-05-23 11:23:22,765:INFO:7
2020-05-23 11:23:25,555:INFO:ДУГААРАА СОНГОЖ БУЙ ХЭСЭГ
2020-05-23 11:23:25,555:INFO:7
2020-05-23 11:23:34,602:INFO:ДУГААРАА СОНГОЖ БУЙ ХЭСЭГ
2020-05-23 11:23:34,602:INFO:7
2020-05-23 11:23:47,956:INFO:------------------------------------------------------------------------------------------------
2020-05-23 11:24:16,971:INFO:ДУГААРАА СОНГОЖ БУЙ ХЭСЭГ
2020-05-23 11:24:16,971:INFO:7
2020-05-23 11:24:20,801:INFO:ДУГААРАА СОНГОЖ БУЙ ХЭСЭГ
2020-05-23 11:24:20,801:INFO:7
2020-05-23 11:24:25,087:INFO:ДУГААРАА СОНГОЖ БУЙ ХЭСЭГ
2020-05-23 11:24:25,088:INFO:7
2020-05-23 11:25:29,489:INFO:------------------------------------------------------------------------------------------------
2020-05-23 11:25:33,792:INFO:ДУГААРАА СОНГОЖ БУЙ ХЭСЭГ
2020-05-23 11:25:33,792:INFO:7
2020-05-23 11:25:42,530:INFO:ДУГААРАА СОНГОЖ БУЙ ХЭСЭГ
2020-05-23 11:25:42,530:INFO:7
2020-05-23 11:25:44,519:INFO:ДУГААРАА СОНГОЖ БУЙ ХЭСЭГ
2020-05-23 11:25:44,520:INFO:7
2020-05-23 11:25:46,833:INFO:ДУГААРАА СОНГОЖ БУЙ ХЭСЭГ
2020-05-23 11:25:46,833:INFO:7
2020-05-23 11:25:48,976:INFO:ДУГААРАА СОНГОЖ БУЙ ХЭСЭГ
2020-05-23 11:25:48,976:INFO:7
2020-05-23 11:25:50,825:INFO:ДУГААРАА СОНГОЖ БУЙ ХЭСЭГ
2020-05-23 11:25:50,825:INFO:7
2020-05-23 11:26:06,305:INFO:ДУГААРАА СОНГОЖ БУЙ ХЭСЭГ
2020-05-23 11:26:06,305:INFO:7
2020-05-23 11:26:07,649:INFO:ДУГААРАА СОНГОЖ БУЙ ХЭСЭГ
2020-05-23 11:26:07,649:INFO:7
2020-05-23 11:26:28,668:INFO:------------------------------------------------------------------------------------------------
2020-05-23 11:26:29,731:INFO:ДУГААРАА СОНГОЖ БУЙ ХЭСЭГ
2020-05-23 11:26:29,731:INFO:2
2020-05-23 11:26:29,850:WARNING:Not Found: /favicon.ico
2020-05-23 11:27:26,371:INFO:ДУГААРАА СОНГОЖ БУЙ ХЭСЭГ
2020-05-23 11:27:26,372:INFO:7
2020-05-23 11:27:32,162:INFO:------------------------------------------------------------------------------------------------
2020-05-23 11:27:40,482:INFO:ДУГААРАА СОНГОЖ БУЙ ХЭСЭГ
2020-05-23 11:27:40,482:INFO:2
2020-05-23 11:27:40,903:WARNING:Not Found: /favicon.ico
2020-05-23 11:27:40,909:WARNING:Not Found: /favicon.ico
2020-05-23 11:29:26,041:INFO:ДУГААРАА СОНГОЖ БУЙ ХЭСЭГ
2020-05-23 11:29:26,041:INFO:2
2020-05-23 11:29:33,465:INFO:------------------------------------------------------------------------------------------------
2020-05-23 11:29:42,687:WARNING:Not Found: /favicon.ico
2020-05-23 11:29:51,301:INFO:ДУГААРЫН ҮНЭ
2020-05-23 11:29:51,305:INFO:5000
2020-05-23 11:30:26,540:INFO:ДУГААРАА СОНГОЖ БУЙ ХЭСЭГ
2020-05-23 11:30:26,541:INFO:7
2020-05-23 11:31:04,330:INFO:------------------------------------------------------------------------------------------------
2020-05-23 11:31:18,580:INFO:ДУГААРЫН ҮНЭ
2020-05-23 11:31:18,583:INFO:5000
2020-05-23 11:31:58,398:INFO:ДУГААРАА СОНГОЖ БУЙ ХЭСЭГ
2020-05-23 11:31:58,398:INFO:2
2020-05-23 11:31:59,724:WARNING:Not Found: /favicon.ico
2020-05-23 11:32:16,758:INFO:ДУГААРЫН ҮНЭ
2020-05-23 11:32:16,760:INFO:5000
2020-05-23 11:32:33,294:INFO:ДУГААРЫН ZAHIALGA
2020-05-23 11:32:39,915:INFO:------------------------------------------------------------------------------------------------
2020-05-23 11:33:03,271:INFO:------------------------------------------------------------------------------------------------
2020-05-23 11:42:51,725:INFO:ДУГААРАА СОНГОЖ БУЙ ХЭСЭГ
2020-05-23 11:42:51,726:INFO:2
2020-05-23 11:43:26,158:INFO:ДУГААРАА СОНГОЖ БУЙ ХЭСЭГ
2020-05-23 11:43:26,158:INFO:7
2020-05-23 11:46:05,823:INFO:------------------------------------------------------------------------------------------------
2020-05-23 11:46:11,716:INFO:ДУГААРАА СОНГОЖ БУЙ ХЭСЭГ
2020-05-23 11:46:11,717:INFO:2
2020-05-23 11:46:11,979:WARNING:Not Found: /favicon.ico
2020-05-23 11:47:00,803:INFO:ДУГААРЫН ҮНЭ
2020-05-23 11:47:00,806:INFO:5000
2020-05-23 11:47:13,915:INFO:ДУГААРЫН ZAHIALGA
2020-05-23 11:47:45,523:INFO:ДУГААРАА СОНГОЖ БУЙ ХЭСЭГ
2020-05-23 11:47:45,523:INFO:3
2020-05-23 11:47:45,643:WARNING:Not Found: /favicon.ico
2020-05-23 11:47:54,353:INFO:------------------------------------------------------------------------------------------------
2020-05-23 11:47:55,276:INFO:ДУГААРАА СОНГОЖ БУЙ ХЭСЭГ
2020-05-23 11:47:55,276:INFO:3
2020-05-23 11:48:08,689:INFO:ДУГААРАА СОНГОЖ БУЙ ХЭСЭГ
2020-05-23 11:48:08,689:INFO:3
2020-05-23 11:48:19,845:INFO:------------------------------------------------------------------------------------------------
2020-05-23 11:48:24,583:INFO:ДУГААРАА СОНГОЖ БУЙ ХЭСЭГ
2020-05-23 11:48:24,583:INFO:7
2020-05-23 11:49:05,577:INFO:ДУГААРАА СОНГОЖ БУЙ ХЭСЭГ
2020-05-23 11:49:05,577:INFO:7
2020-05-23 11:49:14,042:INFO:------------------------------------------------------------------------------------------------
2020-05-23 11:56:12,540:INFO:------------------------------------------------------------------------------------------------
2020-05-23 11:56:13,508:INFO:ДУГААРАА СОНГОЖ БУЙ ХЭСЭГ
2020-05-23 11:56:13,509:INFO:7
2020-05-23 11:56:13,727:WARNING:Not Found: /favicon.ico
2020-05-23 11:56:33,402:INFO:ДУГААРАА СОНГОЖ БУЙ ХЭСЭГ
2020-05-23 11:56:33,403:INFO:7
2020-05-23 11:58:06,345:INFO:ДУГААРАА СОНГОЖ БУЙ ХЭСЭГ
2020-05-23 11:58:06,345:INFO:7
2020-05-23 11:58:17,513:INFO:ДУГААРАА СОНГОЖ БУЙ ХЭСЭГ
2020-05-23 11:58:17,514:INFO:7
2020-05-23 11:58:19,441:INFO:ДУГААРАА СОНГОЖ БУЙ ХЭСЭГ
2020-05-23 11:58:19,441:INFO:7
2020-05-23 11:58:21,436:INFO:------------------------------------------------------------------------------------------------
2020-05-23 11:58:32,210:INFO:ДУГААРАА СОНГОЖ БУЙ ХЭСЭГ
2020-05-23 11:58:32,210:INFO:2
2020-05-23 11:58:35,978:INFO:------------------------------------------------------------------------------------------------
2020-05-23 11:59:01,546:INFO:ДУГААРАА СОНГОЖ БУЙ ХЭСЭГ
2020-05-23 11:59:01,546:INFO:2
2020-05-23 11:59:01,761:WARNING:Not Found: /favicon.ico
2020-05-23 11:59:48,385:INFO:------------------------------------------------------------------------------------------------
2020-05-23 11:59:59,077:INFO:ДУГААРАА СОНГОЖ БУЙ ХЭСЭГ
2020-05-23 11:59:59,077:INFO:2
2020-05-23 12:00:41,751:INFO:ДУГААРЫН ҮНЭ
2020-05-23 12:00:41,754:INFO:5000
2020-05-23 12:02:26,460:INFO:ДУГААРЫН ҮНЭ
2020-05-23 12:02:26,463:INFO:5000
2020-05-23 12:04:02,375:INFO:ДУГААРАА СОНГОЖ БУЙ ХЭСЭГ
2020-05-23 12:04:02,375:INFO:2
2020-05-23 12:04:33,485:INFO:ДУГААРЫН ҮНЭ
2020-05-23 12:04:33,488:INFO:5000
2020-05-23 12:04:56,811:INFO:ДУГААРЫН ZAHIALGA
2020-05-23 12:05:43,692:INFO:------------------------------------------------------------------------------------------------
2020-05-23 12:05:47,180:INFO:ДУГААРАА СОНГОЖ БУЙ ХЭСЭГ
2020-05-23 12:05:47,181:INFO:2
2020-05-23 12:05:47,764:WARNING:Not Found: /favicon.ico
2020-05-23 12:06:12,107:INFO:ДУГААРАА СОНГОЖ БУЙ ХЭСЭГ
2020-05-23 12:06:12,107:INFO:7
2020-05-23 12:06:27,691:WARNING:Not Found: /favicon.ico
2020-05-23 12:06:29,983:INFO:------------------------------------------------------------------------------------------------
2020-05-23 12:06:31,328:INFO:ДУГААРАА СОНГОЖ БУЙ ХЭСЭГ
2020-05-23 12:06:31,328:INFO:7
2020-05-23 12:06:56,937:INFO:------------------------------------------------------------------------------------------------
2020-05-23 12:10:09,395:INFO:ДУГААРЫН ҮНЭ
2020-05-23 12:10:09,398:INFO:10000
2020-05-23 12:13:22,413:INFO:------------------------------------------------------------------------------------------------
2020-05-23 12:16:44,935:INFO:------------------------------------------------------------------------------------------------
2020-05-23 12:16:50,855:INFO:ДУГААРАА СОНГОЖ БУЙ ХЭСЭГ
2020-05-23 12:16:50,855:INFO:2
2020-05-23 12:16:51,121:WARNING:Not Found: /favicon.ico
2020-05-23 12:17:57,392:INFO:ДУГААРАА СОНГОЖ БУЙ ХЭСЭГ
2020-05-23 12:17:57,392:INFO:7
2020-05-23 12:17:57,856:WARNING:Not Found: /favicon.ico
2020-05-23 12:19:12,153:INFO:------------------------------------------------------------------------------------------------
2020-05-23 12:19:14,622:INFO:ДУГААРАА СОНГОЖ БУЙ ХЭСЭГ
2020-05-23 12:19:14,622:INFO:7
2020-05-23 12:19:45,087:INFO:------------------------------------------------------------------------------------------------
2020-05-23 12:20:14,795:INFO:ДУГААРЫН ҮНЭ
2020-05-23 12:20:14,798:INFO:10000
2020-05-23 12:22:38,275:INFO:------------------------------------------------------------------------------------------------
2020-05-23 12:23:21,499:INFO:------------------------------------------------------------------------------------------------
2020-05-23 12:26:20,894:INFO:ДУГААРЫН ҮНЭ
2020-05-23 12:26:20,897:INFO:5000
2020-05-23 12:31:04,574:INFO:------------------------------------------------------------------------------------------------
2020-05-23 12:32:40,229:INFO:------------------------------------------------------------------------------------------------
2020-05-23 12:33:03,738:INFO:------------------------------------------------------------------------------------------------
2020-05-23 12:47:55,660:INFO:------------------------------------------------------------------------------------------------
2020-05-23 12:58:40,077:INFO:------------------------------------------------------------------------------------------------
2020-05-23 13:05:51,088:INFO:ДУГААРАА СОНГОЖ БУЙ ХЭСЭГ
2020-05-23 13:05:51,089:INFO:7
2020-05-23 13:05:51,361:WARNING:Not Found: /favicon.ico
2020-05-23 13:06:57,077:INFO:------------------------------------------------------------------------------------------------
2020-05-23 13:07:08,507:INFO:ДУГААРАА СОНГОЖ БУЙ ХЭСЭГ
2020-05-23 13:07:08,507:INFO:2
2020-05-23 13:07:10,136:INFO:ДУГААРАА СОНГОЖ БУЙ ХЭСЭГ
2020-05-23 13:07:10,136:INFO:2
2020-05-23 13:07:11,641:INFO:------------------------------------------------------------------------------------------------
2020-05-23 13:09:42,045:INFO:------------------------------------------------------------------------------------------------
2020-05-23 13:09:45,810:INFO:ДУГААРАА СОНГОЖ БУЙ ХЭСЭГ
2020-05-23 13:09:45,810:INFO:7
2020-05-23 13:13:27,170:INFO:------------------------------------------------------------------------------------------------
2020-05-23 13:19:48,786:INFO:------------------------------------------------------------------------------------------------
2020-05-23 13:20:28,634:INFO:ДУГААРАА СОНГОЖ БУЙ ХЭСЭГ
2020-05-23 13:20:28,635:INFO:7
2020-05-23 13:21:17,312:INFO:ДУГААРАА СОНГОЖ БУЙ ХЭСЭГ
2020-05-23 13:21:17,313:INFO:7
2020-05-23 13:21:23,892:INFO:ДУГААРАА СОНГОЖ БУЙ ХЭСЭГ
2020-05-23 13:21:23,892:INFO:7
2020-05-23 13:22:38,421:INFO:------------------------------------------------------------------------------------------------
2020-05-23 13:23:25,054:INFO:------------------------------------------------------------------------------------------------
2020-05-23 13:23:29,290:INFO:ДУГААРАА СОНГОЖ БУЙ ХЭСЭГ
2020-05-23 13:23:29,290:INFO:7
2020-05-23 13:24:45,682:INFO:ДУГААРАА СОНГОЖ БУЙ ХЭСЭГ
2020-05-23 13:24:45,683:INFO:7
2020-05-23 13:26:26,488:INFO:ДУГААРАА СОНГОЖ БУЙ ХЭСЭГ
2020-05-23 13:26:26,489:INFO:7
2020-05-23 13:26:26,758:INFO:------------------------------------------------------------------------------------------------
2020-05-23 13:26:28,639:INFO:ДУГААРАА СОНГОЖ БУЙ ХЭСЭГ
2020-05-23 13:26:28,639:INFO:2
2020-05-23 13:26:28,739:WARNING:Not Found: /favicon.ico
2020-05-23 13:31:04,701:INFO:------------------------------------------------------------------------------------------------
2020-05-23 13:32:40,516:INFO:------------------------------------------------------------------------------------------------
2020-05-23 13:47:55,949:INFO:------------------------------------------------------------------------------------------------
2020-05-23 13:50:40,207:INFO:------------------------------------------------------------------------------------------------
2020-05-23 13:50:41,465:INFO:ДУГААРАА СОНГОЖ БУЙ ХЭСЭГ
2020-05-23 13:50:41,466:INFO:2
2020-05-23 13:53:18,558:INFO:ДУГААРЫН ҮНЭ
2020-05-23 13:53:18,560:INFO:5000
2020-05-23 13:58:43,056:INFO:------------------------------------------------------------------------------------------------
2020-05-23 14:01:56,758:INFO:ДУГААРАА СОНГОЖ БУЙ ХЭСЭГ
2020-05-23 14:01:56,758:INFO:2
2020-05-23 14:02:21,530:INFO:ДУГААРАА СОНГОЖ БУЙ ХЭСЭГ
2020-05-23 14:02:21,530:INFO:2
2020-05-23 14:07:01,747:INFO:------------------------------------------------------------------------------------------------
2020-05-23 14:08:23,499:INFO:ДУГААРАА СОНГОЖ БУЙ ХЭСЭГ
2020-05-23 14:08:23,500:INFO:2
2020-05-23 14:08:23,858:WARNING:Not Found: /favicon.ico
2020-05-23 14:08:29,743:INFO:ДУГААРАА СОНГОЖ БУЙ ХЭСЭГ
2020-05-23 14:08:29,744:INFO:2
2020-05-23 14:08:35,035:INFO:ДУГААРАА СОНГОЖ БУЙ ХЭСЭГ
2020-05-23 14:08:35,035:INFO:2
2020-05-23 14:08:36,468:INFO:ДУГААРАА СОНГОЖ БУЙ ХЭСЭГ
2020-05-23 14:08:36,468:INFO:2
2020-05-23 14:08:37,986:INFO:ДУГААРАА СОНГОЖ БУЙ ХЭСЭГ
2020-05-23 14:08:37,986:INFO:2
2020-05-23 14:13:31,986:INFO:------------------------------------------------------------------------------------------------
2020-05-23 14:14:08,660:INFO:------------------------------------------------------------------------------------------------
2020-05-23 14:15:32,885:INFO:ДУГААРАА СОНГОЖ БУЙ ХЭСЭГ
2020-05-23 14:15:32,885:INFO:2
2020-05-23 14:19:58,085:INFO:------------------------------------------------------------------------------------------------
2020-05-23 14:22:38,564:INFO:------------------------------------------------------------------------------------------------
2020-05-23 14:23:28,704:INFO:------------------------------------------------------------------------------------------------
2020-05-23 14:28:20,634:INFO:------------------------------------------------------------------------------------------------
2020-05-23 14:31:04,928:INFO:------------------------------------------------------------------------------------------------
2020-05-23 14:32:40,769:INFO:------------------------------------------------------------------------------------------------
2020-05-23 14:32:44,100:INFO:------------------------------------------------------------------------------------------------
2020-05-23 14:32:46,495:INFO:ДУГААРАА СОНГОЖ БУЙ ХЭСЭГ
2020-05-23 14:32:46,495:INFO:7
2020-05-23 14:33:20,485:INFO:ДУГААРЫН ҮНЭ
2020-05-23 14:33:20,489:INFO:10000
2020-05-23 14:47:57,210:INFO:------------------------------------------------------------------------------------------------
2020-05-23 14:56:41,558:INFO:------------------------------------------------------------------------------------------------
2020-05-23 14:56:46,233:INFO:ДУГААРАА СОНГОЖ БУЙ ХЭСЭГ
2020-05-23 14:56:46,233:INFO:7
2020-05-23 14:58:11,333:INFO:ДУГААРЫН ҮНЭ
2020-05-23 14:58:11,336:INFO:5000
2020-05-23 14:58:48,165:INFO:------------------------------------------------------------------------------------------------
2020-05-23 14:59:13,725:INFO:ДУГААРЫН ZAHIALGA
2020-05-23 15:01:14,163:INFO:------------------------------------------------------------------------------------------------
2020-05-23 15:03:29,120:INFO:ДУГААРАА СОНГОЖ БУЙ ХЭСЭГ
2020-05-23 15:03:29,120:INFO:2
2020-05-23 15:07:06,366:INFO:------------------------------------------------------------------------------------------------
2020-05-23 15:11:41,766:INFO:ДУГААРЫН ҮНЭ
2020-05-23 15:11:41,769:INFO:10000
2020-05-23 15:12:19,702:INFO:------------------------------------------------------------------------------------------------
2020-05-23 15:12:20,462:INFO:ДУГААРАА СОНГОЖ БУЙ ХЭСЭГ
2020-05-23 15:12:20,462:INFO:2
2020-05-23 15:13:36,700:INFO:------------------------------------------------------------------------------------------------
2020-05-23 15:14:09,138:INFO:------------------------------------------------------------------------------------------------
2020-05-23 15:16:09,467:INFO:------------------------------------------------------------------------------------------------
2020-05-23 15:16:16,313:INFO:------------------------------------------------------------------------------------------------
2020-05-23 15:16:17,424:INFO:ДУГААРАА СОНГОЖ БУЙ ХЭСЭГ
2020-05-23 15:16:17,424:INFO:2
2020-05-23 15:17:52,153:INFO:ДУГААРАА СОНГОЖ БУЙ ХЭСЭГ
2020-05-23 15:17:52,154:INFO:7
2020-05-23 15:17:52,755:INFO:ДУГААРАА СОНГОЖ БУЙ ХЭСЭГ
2020-05-23 15:17:52,755:INFO:7
2020-05-23 15:17:54,975:INFO:ДУГААРАА СОНГОЖ БУЙ ХЭСЭГ
2020-05-23 15:17:54,976:INFO:7
2020-05-23 15:20:06,221:INFO:------------------------------------------------------------------------------------------------
2020-05-23 15:21:24,471:INFO:ДУГААРЫН ҮНЭ
2020-05-23 15:21:24,474:INFO:5000
2020-05-23 15:22:16,202:INFO:------------------------------------------------------------------------------------------------
2020-05-23 15:22:21,349:INFO:ДУГААРАА СОНГОЖ БУЙ ХЭСЭГ
2020-05-23 15:22:21,349:INFO:2
2020-05-23 15:22:38,699:INFO:------------------------------------------------------------------------------------------------
2020-05-23 15:22:48,238:INFO:ДУГААРЫН ҮНЭ
2020-05-23 15:22:48,240:INFO:5000
2020-05-23 15:22:57,114:INFO:ДУГААРЫН ZAHIALGA
2020-05-23 15:23:31,149:INFO:------------------------------------------------------------------------------------------------
2020-05-23 15:28:20,732:INFO:------------------------------------------------------------------------------------------------
2020-05-23 15:31:05,192:INFO:------------------------------------------------------------------------------------------------
2020-05-23 15:31:52,614:INFO:ДУГААРАА СОНГОЖ БУЙ ХЭСЭГ
2020-05-23 15:31:52,614:INFO:2
2020-05-23 15:31:53,028:WARNING:Not Found: /favicon.ico
2020-05-23 15:31:54,003:INFO:------------------------------------------------------------------------------------------------
2020-05-23 15:31:55,689:INFO:ДУГААРАА СОНГОЖ БУЙ ХЭСЭГ
2020-05-23 15:31:55,691:INFO:2
2020-05-23 15:34:26,376:INFO:ДУГААРЫН ҮНЭ
2020-05-23 15:34:26,379:INFO:5000
2020-05-23 15:36:22,744:INFO:ДУГААРЫН ZAHIALGA
2020-05-23 15:36:24,483:INFO:------------------------------------------------------------------------------------------------
2020-05-23 15:36:25,071:INFO:------------------------------------------------------------------------------------------------
2020-05-23 15:36:31,639:INFO:ДУГААРАА СОНГОЖ БУЙ ХЭСЭГ
2020-05-23 15:36:31,639:INFO:2
2020-05-23 15:36:31,937:WARNING:Not Found: /favicon.ico
2020-05-23 15:36:58,594:INFO:ДУГААРЫН ҮНЭ
2020-05-23 15:36:58,597:INFO:5000
2020-05-23 15:44:10,544:INFO:ДУГААРЫН ҮНЭ
2020-05-23 15:44:10,546:INFO:5000
2020-05-23 15:44:52,728:INFO:------------------------------------------------------------------------------------------------
2020-05-23 15:45:02,820:INFO:ДУГААРАА СОНГОЖ БУЙ ХЭСЭГ
2020-05-23 15:45:02,821:INFO:7
2020-05-23 15:46:10,067:INFO:ДУГААРАА СОНГОЖ БУЙ ХЭСЭГ
2020-05-23 15:46:10,068:INFO:7
2020-05-23 15:46:16,089:INFO:ДУГААРАА СОНГОЖ БУЙ ХЭСЭГ
2020-05-23 15:46:16,089:INFO:7
2020-05-23 15:46:19,550:INFO:ДУГААРАА СОНГОЖ БУЙ ХЭСЭГ
2020-05-23 15:46:19,550:INFO:7
2020-05-23 15:46:53,311:INFO:ДУГААРАА СОНГОЖ БУЙ ХЭСЭГ
2020-05-23 15:46:53,312:INFO:7
2020-05-23 15:46:59,345:INFO:ДУГААРАА СОНГОЖ БУЙ ХЭСЭГ
2020-05-23 15:46:59,346:INFO:7
2020-05-23 15:47:01,633:INFO:ДУГААРАА СОНГОЖ БУЙ ХЭСЭГ
2020-05-23 15:47:01,633:INFO:7
2020-05-23 15:47:20,065:INFO:ДУГААРАА СОНГОЖ БУЙ ХЭСЭГ
2020-05-23 15:47:20,065:INFO:7
2020-05-23 15:47:39,193:INFO:ДУГААРАА СОНГОЖ БУЙ ХЭСЭГ
2020-05-23 15:47:39,193:INFO:7
2020-05-23 15:47:57,447:INFO:------------------------------------------------------------------------------------------------
2020-05-23 15:52:40,366:INFO:ДУГААРАА СОНГОЖ БУЙ ХЭСЭГ
2020-05-23 15:52:40,367:INFO:7
2020-05-23 16:03:58,147:INFO:ДУГААРЫН ҮНЭ
2020-05-23 16:03:58,150:INFO:10000
2020-05-23 16:06:49,036:INFO:ДУГААРАА СОНГОЖ БУЙ ХЭСЭГ
2020-05-23 16:06:49,036:INFO:7
2020-05-23 16:06:50,066:INFO:------------------------------------------------------------------------------------------------
2020-05-23 16:06:51,213:INFO:ДУГААРАА СОНГОЖ БУЙ ХЭСЭГ
2020-05-23 16:06:51,214:INFO:2
2020-05-23 16:11:55,722:INFO:------------------------------------------------------------------------------------------------
2020-05-23 16:11:56,853:INFO:ДУГААРАА СОНГОЖ БУЙ ХЭСЭГ
2020-05-23 16:11:56,853:INFO:2
2020-05-23 16:13:41,386:INFO:------------------------------------------------------------------------------------------------
2020-05-23 16:13:54,943:INFO:------------------------------------------------------------------------------------------------
2020-05-23 16:13:56,511:INFO:ДУГААРАА СОНГОЖ БУЙ ХЭСЭГ
2020-05-23 16:13:56,511:INFO:7
2020-05-23 16:20:09,211:INFO:------------------------------------------------------------------------------------------------
2020-05-23 16:22:38,832:INFO:------------------------------------------------------------------------------------------------
2020-05-23 16:28:17,003:INFO:ДУГААРАА СОНГОЖ БУЙ ХЭСЭГ
2020-05-23 16:28:17,003:INFO:7
2020-05-23 16:28:20,837:INFO:------------------------------------------------------------------------------------------------
2020-05-23 16:31:05,366:INFO:------------------------------------------------------------------------------------------------
2020-05-23 16:36:24,601:INFO:------------------------------------------------------------------------------------------------
2020-05-23 16:39:09,016:INFO:------------------------------------------------------------------------------------------------
2020-05-23 16:39:10,807:INFO:ДУГААРАА СОНГОЖ БУЙ ХЭСЭГ
2020-05-23 16:39:10,807:INFO:2
2020-05-23 16:39:11,163:WARNING:Not Found: /favicon.ico
2020-05-23 16:39:25,766:INFO:ДУГААРЫН ҮНЭ
2020-05-23 16:39:25,768:INFO:5000
2020-05-23 16:42:00,281:INFO:ДУГААРАА СОНГОЖ БУЙ ХЭСЭГ
2020-05-23 16:42:00,281:INFO:7
2020-05-23 16:42:15,364:INFO:ДУГААРАА СОНГОЖ БУЙ ХЭСЭГ
2020-05-23 16:42:15,364:INFO:2
2020-05-23 16:42:16,764:INFO:ДУГААРАА СОНГОЖ БУЙ ХЭСЭГ
2020-05-23 16:42:16,764:INFO:2
2020-05-23 16:45:42,994:INFO:------------------------------------------------------------------------------------------------
2020-05-23 16:45:44,622:INFO:ДУГААРАА СОНГОЖ БУЙ ХЭСЭГ
2020-05-23 16:45:44,622:INFO:2
2020-05-23 16:48:56,228:INFO:ДУГААРЫН ҮНЭ
2020-05-23 16:48:56,230:INFO:5000
2020-05-23 17:13:46,073:INFO:------------------------------------------------------------------------------------------------
2020-05-23 17:14:52,119:INFO:ДУГААРЫН ҮНЭ
2020-05-23 17:14:52,121:INFO:5000
2020-05-23 17:17:35,763:INFO:ДУГААРЫН ҮНЭ
2020-05-23 17:17:35,766:INFO:5000
2020-05-23 17:22:38,978:INFO:------------------------------------------------------------------------------------------------
2020-05-23 17:28:20,940:INFO:------------------------------------------------------------------------------------------------
2020-05-23 17:30:32,800:INFO:ДУГААРАА СОНГОЖ БУЙ ХЭСЭГ
2020-05-23 17:30:32,800:INFO:2
2020-05-23 17:30:37,771:WARNING:Not Found: /favicon.ico
2020-05-23 17:31:05,669:INFO:------------------------------------------------------------------------------------------------
2020-05-23 17:31:42,739:INFO:------------------------------------------------------------------------------------------------
2020-05-23 17:31:43,337:INFO:ДУГААРАА СОНГОЖ БУЙ ХЭСЭГ
2020-05-23 17:31:43,337:INFO:7
2020-05-23 17:31:45,425:INFO:ДУГААРАА СОНГОЖ БУЙ ХЭСЭГ
2020-05-23 17:31:45,425:INFO:7
2020-05-23 17:32:41,204:INFO:ДУГААРАА СОНГОЖ БУЙ ХЭСЭГ
2020-05-23 17:32:41,204:INFO:7
2020-05-23 17:32:52,964:INFO:ДУГААРАА СОНГОЖ БУЙ ХЭСЭГ
2020-05-23 17:32:52,964:INFO:7
2020-05-23 17:32:58,522:INFO:ДУГААРАА СОНГОЖ БУЙ ХЭСЭГ
2020-05-23 17:32:58,522:INFO:7
2020-05-23 17:32:59,834:INFO:------------------------------------------------------------------------------------------------
2020-05-23 17:33:00,561:INFO:ДУГААРАА СОНГОЖ БУЙ ХЭСЭГ
2020-05-23 17:33:00,561:INFO:2
2020-05-23 17:33:01,409:INFO:ДУГААРАА СОНГОЖ БУЙ ХЭСЭГ
2020-05-23 17:33:01,409:INFO:2
2020-05-23 17:33:58,780:INFO:ДУГААРАА СОНГОЖ БУЙ ХЭСЭГ
2020-05-23 17:33:58,780:INFO:2
2020-05-23 17:33:59,866:INFO:------------------------------------------------------------------------------------------------
2020-05-23 17:34:01,545:INFO:ДУГААРАА СОНГОЖ БУЙ ХЭСЭГ
2020-05-23 17:34:01,545:INFO:7
2020-05-23 17:34:07,305:INFO:ДУГААРАА СОНГОЖ БУЙ ХЭСЭГ
2020-05-23 17:34:07,305:INFO:7
2020-05-23 17:36:24,711:INFO:------------------------------------------------------------------------------------------------
2020-05-23 17:54:11,707:INFO:ДУГААРАА СОНГОЖ БУЙ ХЭСЭГ
2020-05-23 17:54:11,707:INFO:3
2020-05-23 17:54:17,451:INFO:ДУГААРАА СОНГОЖ БУЙ ХЭСЭГ
2020-05-23 17:54:17,452:INFO:3
2020-05-23 17:57:14,409:INFO:ДУГААРАА СОНГОЖ БУЙ ХЭСЭГ
2020-05-23 17:57:14,409:INFO:3
2020-05-23 18:06:13,007:INFO:------------------------------------------------------------------------------------------------
2020-05-23 18:06:14,102:INFO:ДУГААРАА СОНГОЖ БУЙ ХЭСЭГ
2020-05-23 18:06:14,103:INFO:7
2020-05-23 18:06:15,153:INFO:ДУГААРАА СОНГОЖ БУЙ ХЭСЭГ
2020-05-23 18:06:15,153:INFO:7
2020-05-23 18:06:26,961:INFO:------------------------------------------------------------------------------------------------
2020-05-23 18:06:27,798:INFO:ДУГААРАА СОНГОЖ БУЙ ХЭСЭГ
2020-05-23 18:06:27,798:INFO:2
2020-05-23 18:15:35,143:INFO:ДУГААРАА СОНГОЖ БУЙ ХЭСЭГ
2020-05-23 18:15:35,144:INFO:2
2020-05-23 18:15:37,827:INFO:------------------------------------------------------------------------------------------------
2020-05-23 18:15:39,586:INFO:ДУГААРАА СОНГОЖ БУЙ ХЭСЭГ
2020-05-23 18:15:39,586:INFO:7
2020-05-23 18:15:40,811:INFO:ДУГААРАА СОНГОЖ БУЙ ХЭСЭГ
2020-05-23 18:15:40,811:INFO:7
2020-05-23 18:18:21,492:INFO:ДУГААРЫН ҮНЭ
2020-05-23 18:18:21,495:INFO:10000
2020-05-23 18:18:32,405:INFO:ДУГААРЫН ZAHIALGA
2020-05-23 18:18:34,089:INFO:------------------------------------------------------------------------------------------------
2020-05-23 18:21:37,650:INFO:------------------------------------------------------------------------------------------------
2020-05-23 18:21:40,708:INFO:------------------------------------------------------------------------------------------------
2020-05-23 18:21:48,776:INFO:ДУГААРАА СОНГОЖ БУЙ ХЭСЭГ
2020-05-23 18:21:48,777:INFO:2
2020-05-23 18:21:56,323:INFO:ДУГААРАА СОНГОЖ БУЙ ХЭСЭГ
2020-05-23 18:21:56,323:INFO:2
2020-05-23 18:22:30,323:INFO:------------------------------------------------------------------------------------------------
2020-05-23 18:22:31,418:INFO:ДУГААРАА СОНГОЖ БУЙ ХЭСЭГ
2020-05-23 18:22:31,418:INFO:7
2020-05-23 18:22:39,116:INFO:------------------------------------------------------------------------------------------------
2020-05-23 18:22:43,939:INFO:ДУГААРАА СОНГОЖ БУЙ ХЭСЭГ
2020-05-23 18:22:43,940:INFO:7
2020-05-23 18:27:25,565:INFO:ДУГААРАА СОНГОЖ БУЙ ХЭСЭГ
2020-05-23 18:27:25,566:INFO:7
2020-05-23 18:27:36,823:INFO:------------------------------------------------------------------------------------------------
2020-05-23 18:27:38,140:INFO:ДУГААРАА СОНГОЖ БУЙ ХЭСЭГ
2020-05-23 18:27:38,140:INFO:7
2020-05-23 18:27:38,299:INFO:------------------------------------------------------------------------------------------------
2020-05-23 18:27:51,224:INFO:------------------------------------------------------------------------------------------------
2020-05-23 18:27:52,287:INFO:ДУГААРАА СОНГОЖ БУЙ ХЭСЭГ
2020-05-23 18:27:52,287:INFO:7
2020-05-23 18:27:53,372:INFO:ДУГААРАА СОНГОЖ БУЙ ХЭСЭГ
2020-05-23 18:27:53,372:INFO:7
2020-05-23 18:29:45,932:INFO:------------------------------------------------------------------------------------------------
2020-05-23 18:29:46,928:INFO:ДУГААРАА СОНГОЖ БУЙ ХЭСЭГ
2020-05-23 18:29:46,929:INFO:2
2020-05-23 18:29:49,062:INFO:ДУГААРАА СОНГОЖ БУЙ ХЭСЭГ
2020-05-23 18:29:49,062:INFO:2
2020-05-23 18:30:06,796:INFO:------------------------------------------------------------------------------------------------
2020-05-23 18:30:07,927:INFO:ДУГААРАА СОНГОЖ БУЙ ХЭСЭГ
2020-05-23 18:30:07,928:INFO:2
2020-05-23 18:30:20,490:INFO:ДУГААРАА СОНГОЖ БУЙ ХЭСЭГ
2020-05-23 18:30:20,490:INFO:2
2020-05-23 18:31:05,921:INFO:------------------------------------------------------------------------------------------------
2020-05-23 18:36:24,843:INFO:------------------------------------------------------------------------------------------------
2020-05-23 18:39:13,391:INFO:ДУГААРЫН ҮНЭ
2020-05-23 18:39:13,393:INFO:5000
2020-05-23 18:40:33,320:INFO:ДУГААРЫН ҮНЭ
2020-05-23 18:40:33,323:INFO:5000
2020-05-23 18:40:54,944:INFO:ДУГААРЫН ҮНЭ
2020-05-23 18:40:54,947:INFO:5000
2020-05-23 18:41:12,125:INFO:ДУГААРЫН ZAHIALGA
2020-05-23 18:41:13,461:INFO:------------------------------------------------------------------------------------------------
2020-05-23 18:41:55,645:INFO:ДУГААРАА СОНГОЖ БУЙ ХЭСЭГ
2020-05-23 18:41:55,645:INFO:7
2020-05-23 18:53:06,138:INFO:------------------------------------------------------------------------------------------------
2020-05-23 18:53:07,932:INFO:ДУГААРАА СОНГОЖ БУЙ ХЭСЭГ
2020-05-23 18:53:07,932:INFO:7
2020-05-23 18:53:32,537:INFO:ДУГААРАА СОНГОЖ БУЙ ХЭСЭГ
2020-05-23 18:53:32,538:INFO:7
2020-05-23 18:54:07,968:INFO:ДУГААРАА СОНГОЖ БУЙ ХЭСЭГ
2020-05-23 18:54:07,969:INFO:7
2020-05-23 18:54:37,002:INFO:ДУГААРЫН ҮНЭ
2020-05-23 18:54:37,005:INFO:10000
2020-05-23 18:54:51,427:INFO:ДУГААРЫН ҮНЭ
2020-05-23 18:54:51,429:INFO:10000
2020-05-23 18:55:13,204:INFO:ДУГААРЫН ҮНЭ
2020-05-23 18:55:13,206:INFO:10000
2020-05-23 19:06:35,950:INFO:ДУГААРАА СОНГОЖ БУЙ ХЭСЭГ
2020-05-23 19:06:35,951:INFO:2
2020-05-23 19:06:51,197:INFO:ДУГААРЫН ҮНЭ
2020-05-23 19:06:51,200:INFO:5000
2020-05-23 19:07:31,549:INFO:ДУГААРЫН ҮНЭ
2020-05-23 19:07:31,552:INFO:5000
2020-05-23 19:07:40,091:INFO:ДУГААРЫН ZAHIALGA
2020-05-23 19:07:41,637:INFO:------------------------------------------------------------------------------------------------
2020-05-23 19:22:39,252:INFO:------------------------------------------------------------------------------------------------
2020-05-23 19:23:39,004:INFO:ДУГААРАА СОНГОЖ БУЙ ХЭСЭГ
2020-05-23 19:23:39,005:INFO:7
2020-05-23 19:23:43,088:INFO:------------------------------------------------------------------------------------------------
2020-05-23 19:23:45,283:INFO:ДУГААРАА СОНГОЖ БУЙ ХЭСЭГ
2020-05-23 19:23:45,284:INFO:2
2020-05-23 19:24:54,746:INFO:ДУГААРЫН ҮНЭ
2020-05-23 19:24:54,749:INFO:5000
2020-05-23 19:29:09,949:INFO:------------------------------------------------------------------------------------------------
2020-05-23 19:29:11,433:INFO:ДУГААРАА СОНГОЖ БУЙ ХЭСЭГ
2020-05-23 19:29:11,433:INFO:2
2020-05-23 19:30:17,924:INFO:------------------------------------------------------------------------------------------------
2020-05-23 19:30:18,884:INFO:ДУГААРАА СОНГОЖ БУЙ ХЭСЭГ
2020-05-23 19:30:18,884:INFO:2
2020-05-23 19:30:19,005:WARNING:Not Found: /favicon.ico
2020-05-23 19:31:04,232:INFO:------------------------------------------------------------------------------------------------
2020-05-23 19:31:04,970:INFO:ДУГААРАА СОНГОЖ БУЙ ХЭСЭГ
2020-05-23 19:31:04,971:INFO:7
2020-05-23 19:31:06,150:INFO:------------------------------------------------------------------------------------------------
2020-05-23 19:31:09,211:INFO:ДУГААРАА СОНГОЖ БУЙ ХЭСЭГ
2020-05-23 19:31:09,211:INFO:7
2020-05-23 19:31:32,132:INFO:ДУГААРАА СОНГОЖ БУЙ ХЭСЭГ
2020-05-23 19:31:32,132:INFO:7
2020-05-23 19:31:35,106:INFO:------------------------------------------------------------------------------------------------
2020-05-23 19:31:35,897:INFO:ДУГААРАА СОНГОЖ БУЙ ХЭСЭГ
2020-05-23 19:31:35,898:INFO:2
2020-05-23 19:33:00,385:INFO:ДУГААРАА СОНГОЖ БУЙ ХЭСЭГ
2020-05-23 19:33:00,385:INFO:2
2020-05-23 19:33:16,433:INFO:ДУГААРАА СОНГОЖ БУЙ ХЭСЭГ
2020-05-23 19:33:16,434:INFO:2
2020-05-23 19:33:25,824:INFO:ДУГААРАА СОНГОЖ БУЙ ХЭСЭГ
2020-05-23 19:33:25,824:INFO:2
2020-05-23 19:33:52,433:INFO:------------------------------------------------------------------------------------------------
2020-05-23 19:33:53,086:INFO:ДУГААРАА СОНГОЖ БУЙ ХЭСЭГ
2020-05-23 19:33:53,087:INFO:7
2020-05-23 19:34:01,127:INFO:ДУГААРАА СОНГОЖ БУЙ ХЭСЭГ
2020-05-23 19:34:01,127:INFO:7
2020-05-23 19:35:00,259:INFO:------------------------------------------------------------------------------------------------
2020-05-23 19:35:00,973:INFO:ДУГААРАА СОНГОЖ БУЙ ХЭСЭГ
2020-05-23 19:35:00,974:INFO:2
2020-05-23 19:36:24,943:INFO:------------------------------------------------------------------------------------------------
2020-05-23 19:36:56,843:INFO:------------------------------------------------------------------------------------------------
2020-05-23 19:36:58,137:INFO:ДУГААРАА СОНГОЖ БУЙ ХЭСЭГ
2020-05-23 19:36:58,138:INFO:7
2020-05-23 19:36:58,371:WARNING:Not Found: /favicon.ico
2020-05-23 19:37:04,896:INFO:ДУГААРАА СОНГОЖ БУЙ ХЭСЭГ
2020-05-23 19:37:04,896:INFO:7
2020-05-23 19:37:53,531:INFO:ДУГААРАА СОНГОЖ БУЙ ХЭСЭГ
2020-05-23 19:37:53,531:INFO:2
2020-05-23 19:39:31,747:INFO:------------------------------------------------------------------------------------------------
2020-05-23 19:39:32,519:INFO:ДУГААРАА СОНГОЖ БУЙ ХЭСЭГ
2020-05-23 19:39:32,520:INFO:2
2020-05-23 19:39:33,361:INFO:------------------------------------------------------------------------------------------------
2020-05-23 19:39:33,927:INFO:ДУГААРАА СОНГОЖ БУЙ ХЭСЭГ
2020-05-23 19:39:33,927:INFO:7
2020-05-23 19:40:01,903:INFO:------------------------------------------------------------------------------------------------
2020-05-23 19:40:03,218:INFO:ДУГААРАА СОНГОЖ БУЙ ХЭСЭГ
2020-05-23 19:40:03,218:INFO:2
2020-05-23 19:41:18,345:INFO:------------------------------------------------------------------------------------------------
2020-05-23 19:41:19,061:INFO:ДУГААРАА СОНГОЖ БУЙ ХЭСЭГ
2020-05-23 19:41:19,061:INFO:2
2020-05-23 19:41:37,168:INFO:------------------------------------------------------------------------------------------------
2020-05-23 19:41:40,069:INFO:ДУГААРАА СОНГОЖ БУЙ ХЭСЭГ
2020-05-23 19:41:40,069:INFO:2
2020-05-23 19:44:46,897:INFO:------------------------------------------------------------------------------------------------
2020-05-23 19:44:49,087:INFO:ДУГААРАА СОНГОЖ БУЙ ХЭСЭГ
2020-05-23 19:44:49,088:INFO:2
2020-05-23 19:44:55,774:INFO:ДУГААРАА СОНГОЖ БУЙ ХЭСЭГ
2020-05-23 19:44:55,774:INFO:2
2020-05-23 19:45:47,032:INFO:ДУГААРЫН ҮНЭ
2020-05-23 19:45:47,035:INFO:5000
2020-05-23 20:07:41,752:INFO:------------------------------------------------------------------------------------------------
2020-05-23 20:08:16,160:INFO:ДУГААРАА СОНГОЖ БУЙ ХЭСЭГ
2020-05-23 20:08:16,161:INFO:7
2020-05-23 20:12:04,063:INFO:ДУГААРЫН ҮНЭ
2020-05-23 20:12:04,067:INFO:10000
2020-05-23 20:12:16,740:INFO:ДУГААРЫН ZAHIALGA
2020-05-23 20:12:18,387:INFO:------------------------------------------------------------------------------------------------
2020-05-23 20:12:19,615:INFO:ДУГААРАА СОНГОЖ БУЙ ХЭСЭГ
2020-05-23 20:12:19,615:INFO:7
2020-05-23 20:12:23,183:INFO:ДУГААРАА СОНГОЖ БУЙ ХЭСЭГ
2020-05-23 20:12:23,183:INFO:7
2020-05-23 20:12:37,942:INFO:ДУГААРЫН ҮНЭ
2020-05-23 20:12:37,945:INFO:10000
2020-05-23 20:12:44,376:INFO:ДУГААРЫН ZAHIALGA
2020-05-23 20:12:45,755:INFO:------------------------------------------------------------------------------------------------
2020-05-23 20:12:51,793:INFO:ДУГААРАА СОНГОЖ БУЙ ХЭСЭГ
2020-05-23 20:12:51,793:INFO:7
2020-05-23 20:13:11,166:INFO:ДУГААРАА СОНГОЖ БУЙ ХЭСЭГ
2020-05-23 20:13:11,166:INFO:7
2020-05-23 20:22:39,397:INFO:------------------------------------------------------------------------------------------------
2020-05-23 20:31:06,398:INFO:------------------------------------------------------------------------------------------------
2020-05-23 20:48:45,177:INFO:ДУГААРАА СОНГОЖ БУЙ ХЭСЭГ
2020-05-23 20:48:45,178:INFO:7
2020-05-23 20:52:59,817:INFO:------------------------------------------------------------------------------------------------
2020-05-23 20:53:01,805:INFO:ДУГААРАА СОНГОЖ БУЙ ХЭСЭГ
2020-05-23 20:53:01,806:INFO:7
2020-05-23 20:54:20,317:INFO:ДУГААРЫН ҮНЭ
2020-05-23 20:54:20,319:INFO:10000
2020-05-23 20:59:22,442:INFO:ДУГААРАА СОНГОЖ БУЙ ХЭСЭГ
2020-05-23 20:59:22,443:INFO:2
2020-05-23 20:59:22,947:WARNING:Not Found: /favicon.ico
2020-05-23 20:59:24,356:INFO:------------------------------------------------------------------------------------------------
2020-05-23 20:59:25,306:INFO:ДУГААРАА СОНГОЖ БУЙ ХЭСЭГ
2020-05-23 20:59:25,307:INFO:7
2020-05-23 20:59:58,703:INFO:ДУГААРЫН ҮНЭ
2020-05-23 20:59:58,706:INFO:10000
2020-05-23 21:02:23,447:INFO:------------------------------------------------------------------------------------------------
2020-05-23 21:02:25,036:INFO:ДУГААРАА СОНГОЖ БУЙ ХЭСЭГ
2020-05-23 21:02:25,036:INFO:2
2020-05-23 21:04:11,290:INFO:ДУГААРЫН ҮНЭ
2020-05-23 21:04:11,293:INFO:5000
2020-05-23 21:05:26,471:INFO:------------------------------------------------------------------------------------------------
2020-05-23 21:05:27,588:INFO:ДУГААРАА СОНГОЖ БУЙ ХЭСЭГ
2020-05-23 21:05:27,589:INFO:7
2020-05-23 21:05:50,523:INFO:ДУГААРЫН ҮНЭ
2020-05-23 21:05:50,526:INFO:10000
2020-05-23 21:22:39,507:INFO:------------------------------------------------------------------------------------------------
2020-05-23 21:31:06,615:INFO:------------------------------------------------------------------------------------------------
2020-05-23 22:22:39,643:INFO:------------------------------------------------------------------------------------------------
2020-05-23 22:31:06,877:INFO:------------------------------------------------------------------------------------------------
2020-05-23 23:22:39,777:INFO:------------------------------------------------------------------------------------------------
2020-05-23 23:31:07,108:INFO:------------------------------------------------------------------------------------------------
2020-05-24 00:22:39,922:INFO:------------------------------------------------------------------------------------------------
2020-05-24 00:31:07,262:INFO:------------------------------------------------------------------------------------------------
2020-05-24 01:22:40,045:INFO:------------------------------------------------------------------------------------------------
2020-05-24 02:22:40,196:INFO:------------------------------------------------------------------------------------------------
2020-05-24 03:22:40,328:INFO:------------------------------------------------------------------------------------------------
2020-05-24 03:41:36,734:WARNING:Not Found: /
2020-05-24 04:22:40,463:INFO:------------------------------------------------------------------------------------------------
2020-05-24 05:22:40,620:INFO:------------------------------------------------------------------------------------------------
2020-05-24 06:22:40,773:INFO:------------------------------------------------------------------------------------------------
