2020-11-15 08:15:41,463:WARNING:Not Found: /
2020-11-15 08:15:42,322:WARNING:Not Found: /
2020-11-15 09:52:58,012:INFO:------------------------------------------------------------------------------------------------
2020-11-15 09:58:09,951:INFO:------------------------------------------------------------------------------------------------
2020-11-15 09:59:11,445:INFO:ДУГААРАА СОНГОЖ БУЙ ХЭСЭГ
2020-11-15 09:59:11,445:INFO:7
2020-11-15 09:59:12,084:WARNING:Not Found: /favicon.ico
2020-11-15 09:59:17,796:INFO:98110467:6|98110471:6|98110634:6|98110693:6|98111453:6|98111478:6|98111752:6|98111783:6|98112304:6|98112358:6|98112541:6|98112597:6|98112715:6|98112763:6|98112813:6|98112876:6|98112906:6|98112935:6|98112951:6|98112982:6|98113072:6|98113086:6|98113154:6|98113197:6|98113415:6|98113425:6|98113426:6|98113463:6|98113527:6|98113572:6|98113584:6|98113618:6|98113623:6|98113624:6|98113652:6|98113685:6|98113691:6|98113710:6|98113820:6|98113840:6|98113924:6|98113954:6|98114031:6|98114032:6|98114057:6|98114065:6|98114075:6|98114091:6|98114092:6|98114093:6|98114096:6|98114156:6|98114317:6|98114507:6|98114513:6|98114517:6|98114526:6|98114537:6|98114539:6|98114573:6|98114631:6|98114670:6|98114671:6|98114672:6|98114673:6|98114674:6|98114675:6|98114695:6|98114732:6|98114735:6|98114738:6|98114758:6|98114762:6|98114763:6|98114804:6|98114825:6|98114835:6|98114892:6|98114917:6|98114923:6|98114925:6|98114931:6|98114935:6|98114952:6|98114962:6|98114963:6|98114967:6|98114972:6|98114974:6|98114975:6|98114982:6|98115074:6|98115092:6|98115134:6|98115143:6|98115213:6|98115217:6|98115236:6|98115237:6|98115246:6|98115273:6|98115274:6|98115287:6|98115293:6|98115314:6|98115317:6|98115327:6|98115341:6|98115342:6|98115346:6|98115347:6|98115349:6|98115361:6|98115371:6|98115382:6|98115384:6|98115386:6|98115391:6|98115392:6|98115403:6|98115413:6|98115423:6|98115427:6|98115431:6|98115438:6|98115443:6|98115462:6|98115471:6|98115481:6|98115614:6|98115627:6|98115631:6
2020-11-15 10:16:28,074:INFO:ДУГААРАА СОНГОЖ БУЙ ХЭСЭГ
2020-11-15 10:16:28,074:INFO:7
2020-11-15 10:16:28,514:WARNING:Not Found: /favicon.ico
2020-11-15 10:24:45,336:INFO:------------------------------------------------------------------------------------------------
2020-11-15 10:24:46,360:INFO:ДУГААРАА СОНГОЖ БУЙ ХЭСЭГ
2020-11-15 10:24:46,360:INFO:7
2020-11-15 10:24:46,739:WARNING:Not Found: /favicon.ico
2020-11-15 10:24:52,147:INFO:98015505:6|98025505:6|98035505:6|98045505:6|98065505:6|98075505:6|98205505:6|98215505:6|98275505:6|98465505:6|98935505:6
2020-11-15 10:52:58,428:INFO:------------------------------------------------------------------------------------------------
2020-11-15 11:28:55,329:INFO:------------------------------------------------------------------------------------------------
2020-11-15 11:29:16,758:INFO:ДУГААРАА СОНГОЖ БУЙ ХЭСЭГ
2020-11-15 11:29:16,758:INFO:2
2020-11-15 11:29:21,488:INFO:98980117:6|98980860:6|98980932:6|98981256:6|98982452:6|98982632:6|98983319:6|98983395:6|98983610:6|98984074:6|98984238:6|98984240:6|98984251:6|98984326:6|98984784:6|98985132:6|98985284:6|98985468:6|98985570:6|98985623:6|98985641:6|98985772:6|98985948:6|98986194:6|98986819:6|98988219:6|98988332:6|98988436:6|98988705:6|98988936:6|98989367:6|98989378:6|98989385:6
2020-11-15 11:29:28,998:INFO:98984238:6|98985468:6|98985948:6|98989378:6
2020-11-15 11:29:33,589:INFO:98980117:6|98980860:6|98980932:6|98981256:6|98982452:6|98982632:6|98983319:6|98983395:6|98983610:6|98984074:6|98984238:6|98984240:6|98984251:6|98984326:6|98984784:6|98985132:6|98985284:6|98985468:6|98985570:6|98985623:6|98985641:6|98985772:6|98985948:6|98986194:6|98986819:6|98988219:6|98988332:6|98988436:6|98988705:6|98988936:6|98989367:6|98989378:6|98989385:6
2020-11-15 11:29:40,014:INFO:98986819:6
2020-11-15 11:44:23,346:INFO:98110467:6|98110471:6|98110634:6|98110693:6|98111453:6|98111478:6|98111752:6|98111783:6|98112304:6|98112358:6|98112541:6|98112597:6|98112715:6|98112763:6|98112813:6|98112876:6|98112906:6|98112935:6|98112951:6|98112982:6|98113072:6|98113086:6|98113154:6|98113197:6|98113415:6|98113425:6|98113426:6|98113463:6|98113527:6|98113572:6|98113584:6|98113618:6|98113623:6|98113624:6|98113652:6|98113685:6|98113691:6|98113710:6|98113820:6|98113840:6|98113924:6|98113954:6|98114031:6|98114032:6|98114057:6|98114065:6|98114075:6|98114091:6|98114092:6|98114093:6|98114096:6|98114156:6|98114317:6|98114507:6|98114513:6|98114517:6|98114526:6|98114537:6|98114539:6|98114573:6|98114631:6|98114670:6|98114671:6|98114672:6|98114673:6|98114674:6|98114675:6|98114695:6|98114732:6|98114735:6|98114738:6|98114758:6|98114762:6|98114763:6|98114804:6|98114825:6|98114835:6|98114892:6|98114917:6|98114923:6|98114925:6|98114931:6|98114935:6|98114952:6|98114962:6|98114963:6|98114967:6|98114972:6|98114974:6|98114975:6|98114982:6|98115074:6|98115092:6|98115134:6|98115143:6|98115213:6|98115217:6|98115236:6|98115237:6|98115246:6|98115273:6|98115274:6|98115287:6|98115293:6|98115314:6|98115317:6|98115327:6|98115341:6|98115342:6|98115346:6|98115347:6|98115349:6|98115361:6|98115371:6|98115382:6|98115384:6|98115386:6|98115391:6|98115392:6|98115403:6|98115413:6|98115423:6|98115427:6|98115431:6|98115438:6|98115443:6|98115462:6|98115471:6|98115481:6|98115614:6|98115627:6|98115631:6
2020-11-15 11:44:48,424:INFO:------------------------------------------------------------------------------------------------
2020-11-15 11:44:50,227:INFO:ДУГААРАА СОНГОЖ БУЙ ХЭСЭГ
2020-11-15 11:44:50,227:INFO:7
2020-11-15 11:44:55,347:INFO:98110467:6|98110471:6|98110634:6|98110693:6|98111453:6|98111478:6|98111752:6|98111783:6|98112304:6|98112358:6|98112541:6|98112597:6|98112715:6|98112763:6|98112813:6|98112876:6|98112906:6|98112935:6|98112951:6|98112982:6|98113072:6|98113086:6|98113154:6|98113197:6|98113415:6|98113425:6|98113426:6|98113463:6|98113527:6|98113572:6|98113584:6|98113618:6|98113623:6|98113624:6|98113652:6|98113685:6|98113691:6|98113710:6|98113820:6|98113840:6|98113924:6|98113954:6|98114031:6|98114032:6|98114057:6|98114065:6|98114075:6|98114091:6|98114092:6|98114093:6|98114096:6|98114156:6|98114317:6|98114507:6|98114513:6|98114517:6|98114526:6|98114537:6|98114539:6|98114573:6|98114631:6|98114670:6|98114671:6|98114672:6|98114673:6|98114674:6|98114675:6|98114695:6|98114732:6|98114735:6|98114738:6|98114758:6|98114762:6|98114763:6|98114804:6|98114825:6|98114835:6|98114892:6|98114917:6|98114923:6|98114925:6|98114931:6|98114935:6|98114952:6|98114962:6|98114963:6|98114967:6|98114972:6|98114974:6|98114975:6|98114982:6|98115074:6|98115092:6|98115134:6|98115143:6|98115213:6|98115217:6|98115236:6|98115237:6|98115246:6|98115273:6|98115274:6|98115287:6|98115293:6|98115314:6|98115317:6|98115327:6|98115341:6|98115342:6|98115346:6|98115347:6|98115349:6|98115361:6|98115371:6|98115382:6|98115384:6|98115386:6|98115391:6|98115392:6|98115403:6|98115413:6|98115423:6|98115427:6|98115431:6|98115438:6|98115443:6|98115462:6|98115471:6|98115481:6|98115614:6|98115627:6|98115631:6
2020-11-15 11:45:01,327:INFO:------------------------------------------------------------------------------------------------
2020-11-15 11:45:06,169:INFO:ДУГААРАА СОНГОЖ БУЙ ХЭСЭГ
2020-11-15 11:45:06,169:INFO:7
2020-11-15 11:45:11,584:INFO:------------------------------------------------------------------------------------------------
2020-11-15 11:45:19,788:INFO:------------------------------------------------------------------------------------------------
2020-11-15 11:45:49,094:INFO:ДУГААРАА СОНГОЖ БУЙ ХЭСЭГ
2020-11-15 11:45:49,094:INFO:7
2020-11-15 11:46:01,223:INFO:98013388:7|98052299:7|98062244:7|98075577:7|98085522:7|98094466:7|98097744:7|98122288:7|98137722:7|98141177:7|98142266:7|98142288:7|98146600:7|98146644:7|98146655:7|98146688:7|98148822:7|98148844:7|98151177:7|98152200:7|98152255:7|98152266:7|98154488:7|98155500:7|98156600:7|98157711:7|98157733:7|98157766:7|98158800:7|98159955:7|98159966:7|98160033:7|98163300:7|98163311:7|98163322:7|98163366:7|98163377:7|98164422:7|98164433:7|98164466:7|98164488:7|98165500:7|98165511:7|98165522:7|98167722:7|98167755:7|98167766:7|98168811:7|98168822:7|98168844:7|98168855:7|98168866:7|98168877:7|98170022:7|98172288:7|98173322:7|98173377:7|98174422:7|98174499:7|98175522:7|98175544:7|98175588:7|98176600:7|98176611:7|98176622:7|98176633:7|98176644:7|98177700:7|98177755:7|98177766:7|98178855:7|98178866:7|98184411:7|98186633:7|98187744:7|98191155:7|98192211:7|98192266:7|98192288:7|98193377:7|98194411:7|98194422:7|98194466:7|98194477:7|98202277:7|98206622:7|98207711:7|98207744:7|98207755:7|98208822:7|98208844:7|98208877:7|98210033:7|98210055:7|98210066:7|98210077:7|98210099:7|98212277:7|98213300:7|98213366:7|98214411:7|98214433:7|98215522:7|98216600:7|98216655:7|98216688:7|98217722:7|98217733:7|98217744:7|98217755:7|98218800:7|98218822:7|98218844:7|98230011:7|98230044:7|98231177:7|98232211:7|98233300:7|98234411:7|98234422:7|98234433:7|98235511:7|98236600:7|98236622:7|98236633:7|98236655:7|98236688:7|98237700:7|98237744:7|98238800:7|98238822:7|98238855:7
2020-11-15 11:47:14,146:INFO:98013388:7|98052299:7|98062244:7|98075577:7|98085522:7|98094466:7|98097744:7|98122288:7|98137722:7|98141177:7|98142266:7|98142288:7|98146600:7|98146644:7|98146655:7|98146688:7|98148822:7|98148844:7|98151177:7|98152200:7|98152255:7|98152266:7|98154488:7|98155500:7|98156600:7|98157711:7|98157733:7|98157766:7|98158800:7|98159955:7|98159966:7|98160033:7|98163300:7|98163311:7|98163322:7|98163366:7|98163377:7|98164422:7|98164433:7|98164466:7|98164488:7|98165500:7|98165511:7|98165522:7|98167722:7|98167755:7|98167766:7|98168811:7|98168822:7|98168844:7|98168855:7|98168866:7|98168877:7|98170022:7|98172288:7|98173322:7|98173377:7|98174422:7|98174499:7|98175522:7|98175544:7|98175588:7|98176600:7|98176611:7|98176622:7|98176633:7|98176644:7|98177700:7|98177755:7|98177766:7|98178855:7|98178866:7|98184411:7|98186633:7|98187744:7|98191155:7|98192211:7|98192266:7|98192288:7|98193377:7|98194411:7|98194422:7|98194466:7|98194477:7|98202277:7|98206622:7|98207711:7|98207744:7|98207755:7|98208822:7|98208844:7|98208877:7|98210033:7|98210055:7|98210066:7|98210077:7|98210099:7|98212277:7|98213300:7|98213366:7|98214411:7|98214433:7|98215522:7|98216600:7|98216655:7|98216688:7|98217722:7|98217733:7|98217744:7|98217755:7|98218800:7|98218822:7|98218844:7|98230011:7|98230044:7|98231177:7|98232211:7|98233300:7|98234411:7|98234422:7|98234433:7|98235511:7|98236600:7|98236622:7|98236633:7|98236655:7|98236688:7|98237700:7|98237744:7|98238800:7|98238822:7|98238855:7
2020-11-15 11:47:58,614:INFO:ДУГААРАА СОНГОЖ БУЙ ХЭСЭГ
2020-11-15 11:47:58,615:INFO:7
2020-11-15 11:48:02,699:INFO:98011771:9|98013663:9|98013773:9|98014334:9|98014664:9|98014774:9|98015665:9|98016446:9|98016556:9|98017227:9|98017337:9|98017557:9|98017667:9|98021441:9|98021551:9|98023443:9|98023553:9|98023663:9|98023773:9|98024114:9|98024554:9|98024774:9|98025115:9|98025335:9|98025665:9|98025775:9|98026226:9|98026336:9|98026363:9|98026446:9|98026556:9|98026776:9|98026996:9|98027117:9|98027227:9|98027337:9|98027447:9|98027557:9|98027667:9|98027997:9|98028181:9|98028338:9|98029339:9|98029449:9|98029559:9|98029669:9|98029779:9|98031441:9|98031551:9|98031661:9|98031771:9|98032442:9|98032662:9|98032772:9|98033443:9|98033553:9|98033663:9|98033773:9|98033883:9|98034114:9|98034224:9|98034334:9|98034554:9|98034664:9|98034774:9|98034884:9|98035115:9|98035225:9|98035335:9|98035445:9|98035665:9|98035775:9|98035885:9|98035995:9|98036006:9|98036116:9|98036226:9|98036336:9|98036446:9|98036556:9|98036776:9|98036886:9|98036996:9|98037117:9|98037227:9|98037337:9|98037447:9|98037557:9|98037667:9|98037887:9|98038118:9|98038228:9|98038282:9|98038448:9|98038558:9|98038778:9|98039229:9|98039449:9|98039494:9|98039559:9|98039779:9|98039797:9|98040770:9|98041331:9|98041441:9|98041551:9|98041661:9|98041771:9|98041881:9|98041991:9|98042332:9|98042552:9|98042662:9|98042772:9|98042992:9|98043113:9|98043223:9|98043443:9|98043553:9|98043663:9|98043773:9|98043883:9|98043993:9|98044224:9|98044334:9|98044554:9|98044664:9|98044774:9|98044994:9|98045115:9|98045225:9|98045252:9
2020-11-15 11:48:30,057:INFO:------------------------------------------------------------------------------------------------
2020-11-15 11:48:31,374:INFO:ДУГААРАА СОНГОЖ БУЙ ХЭСЭГ
2020-11-15 11:48:31,375:INFO:2
2020-11-15 11:48:38,964:INFO:98008079:6|98018079:6|98028079:6|98038079:6|98048079:6|98058079:6|98068079:6|98098079:6|98108079:6|98148079:6|98158079:6|98238079:6|98248079:6|98268079:6|98278079:6|98298079:6|98318079:6|98328079:6|98378079:6|98438079:6|98458079:6|98468079:6|98488079:6|98518079:6|98568079:6|98598079:6|98628079:6|98648079:6|98828079:6|98848079:6|98868079:6|98918079:6|98928079:6|98938079:6|98948079:6|98958079:6|98968079:6
2020-11-15 11:49:53,381:INFO:ДУГААРАА СОНГОЖ БУЙ ХЭСЭГ
2020-11-15 11:49:53,382:INFO:7
2020-11-15 11:50:11,471:INFO:98094466:7|98097744:7
2020-11-15 11:50:59,129:INFO:98085522:7
2020-11-15 11:52:58,547:INFO:------------------------------------------------------------------------------------------------
2020-11-15 12:05:19,998:INFO:98980117:6|98980860:6|98980932:6|98981256:6|98982452:6|98982632:6|98983319:6|98983395:6|98983610:6|98984074:6|98984238:6|98984240:6|98984251:6|98984326:6|98984784:6|98985132:6|98985284:6|98985468:6|98985570:6|98985623:6|98985641:6|98985772:6|98985948:6|98986194:6|98988219:6|98988332:6|98988436:6|98988705:6|98988936:6|98989367:6|98989378:6|98989385:6
2020-11-15 12:05:53,010:INFO:98980117:6|98980860:6|98980932:6|98981256:6|98982452:6|98982632:6|98983319:6|98983395:6|98983610:6|98984074:6|98984238:6|98984240:6|98984251:6|98984326:6|98984784:6|98985132:6|98985284:6|98985468:6|98985570:6|98985623:6|98985641:6|98985772:6|98985948:6|98986194:6|98988219:6|98988332:6|98988436:6|98988705:6|98988936:6|98989367:6|98989378:6|98989385:6
2020-11-15 12:06:47,908:INFO:ДУГААРАА СОНГОЖ БУЙ ХЭСЭГ
2020-11-15 12:06:47,908:INFO:7
2020-11-15 12:06:56,127:INFO:98110467:6|98110471:6|98110634:6|98110693:6|98111453:6|98111478:6|98111752:6|98111783:6|98112304:6|98112358:6|98112541:6|98112597:6|98112715:6|98112763:6|98112813:6|98112876:6|98112906:6|98112935:6|98112951:6|98112982:6|98113072:6|98113086:6|98113154:6|98113197:6|98113415:6|98113425:6|98113426:6|98113463:6|98113527:6|98113572:6|98113584:6|98113618:6|98113623:6|98113624:6|98113652:6|98113685:6|98113691:6|98113710:6|98113820:6|98113840:6|98113924:6|98113954:6|98114031:6|98114032:6|98114057:6|98114065:6|98114075:6|98114091:6|98114092:6|98114093:6|98114096:6|98114156:6|98114317:6|98114507:6|98114513:6|98114517:6|98114526:6|98114537:6|98114539:6|98114573:6|98114631:6|98114670:6|98114671:6|98114672:6|98114673:6|98114674:6|98114675:6|98114695:6|98114732:6|98114735:6|98114738:6|98114758:6|98114762:6|98114763:6|98114804:6|98114825:6|98114835:6|98114892:6|98114917:6|98114923:6|98114925:6|98114931:6|98114935:6|98114952:6|98114962:6|98114963:6|98114967:6|98114972:6|98114974:6|98114975:6|98114982:6|98115074:6|98115092:6|98115134:6|98115143:6|98115213:6|98115217:6|98115236:6|98115237:6|98115246:6|98115273:6|98115274:6|98115287:6|98115293:6|98115314:6|98115317:6|98115327:6|98115341:6|98115342:6|98115346:6|98115347:6|98115349:6|98115361:6|98115371:6|98115382:6|98115384:6|98115386:6|98115391:6|98115392:6|98115403:6|98115413:6|98115423:6|98115427:6|98115431:6|98115438:6|98115443:6|98115462:6|98115471:6|98115481:6|98115614:6|98115627:6|98115631:6
2020-11-15 12:25:02,970:INFO:------------------------------------------------------------------------------------------------
2020-11-15 12:25:04,208:INFO:ДУГААРАА СОНГОЖ БУЙ ХЭСЭГ
2020-11-15 12:25:04,209:INFO:2
2020-11-15 12:25:10,431:INFO:98998001:6|98998017:6|98998025:6|98998041:6|98998044:6|98998045:6|98998057:6|98998064:6|98998092:6|98998116:6|98998157:6|98998162:6|98998170:6|98998173:6|98998175:6|98998194:6|98998201:6|98998210:6|98998216:6|98998224:6|98998235:6|98998240:6|98998241:6|98998246:6|98998250:6|98998251:6|98998252:6|98998253:6|98998254:6|98998260:6|98998262:6|98998265:6|98998267:6|98998274:6|98998278:6|98998306:6|98998314:6|98998316:6|98998317:6|98998324:6|98998329:6|98998335:6|98998340:6|98998342:6|98998345:6|98998346:6|98998351:6|98998352:6|98998356:6|98998357:6|98998358:6|98998362:6|98998364:6|98998365:6|98998367:6|98998368:6|98998370:6|98998373:6|98998375:6|98998378:6|98998395:6|98998406:6|98998408:6|98998415:6|98998420:6|98998431:6|98998432:6|98998435:6|98998437:6|98998442:6|98998446:6|98998447:6|98998456:6|98998457:6|98998467:6|98998472:6|98998501:6|98998529:6|98998530:6|98998532:6|98998534:6|98998543:6|98998547:6|98998560:6|98998561:6|98998562:6|98998573:6|98998574:6|98998582:6|98998597:6|98998601:6|98998610:6|98998614:6|98998617:6|98998624:6|98998625:6|98998632:6|98998634:6|98998637:6|98998643:6|98998645:6|98998653:6|98998658:6|98998675:6|98998691:6|98998703:6|98998705:6|98998706:6|98998708:6|98998713:6|98998715:6|98998716:6|98998724:6|98998726:6|98998730:6|98998731:6|98998736:6|98998742:6|98998745:6|98998748:6|98998752:6|98998761:6|98998765:6|98998768:6|98998915:6|98998940:6
2020-11-15 12:25:16,806:INFO:-1
2020-11-15 12:25:24,263:INFO:-1
2020-11-15 12:25:26,987:INFO:98889967:6
2020-11-15 12:39:32,337:INFO:ДУГААРАА СОНГОЖ БУЙ ХЭСЭГ
2020-11-15 12:39:32,338:INFO:2
2020-11-15 12:39:32,846:WARNING:Not Found: /favicon.ico
2020-11-15 12:39:35,064:INFO:ДУГААРАА СОНГОЖ БУЙ ХЭСЭГ
2020-11-15 12:39:35,064:INFO:2
2020-11-15 12:39:42,741:INFO:ДУГААРАА СОНГОЖ БУЙ ХЭСЭГ
2020-11-15 12:39:42,741:INFO:2
2020-11-15 12:39:52,480:INFO:98110467:6|98110471:6|98110634:6|98110693:6|98111453:6|98111478:6|98111752:6|98111783:6|98112304:6|98112358:6|98112541:6|98112597:6|98112715:6|98112763:6|98112813:6|98112876:6|98112906:6|98112935:6|98112951:6|98112982:6|98113072:6|98113086:6|98113154:6|98113197:6|98113415:6|98113425:6|98113426:6|98113463:6|98113527:6|98113572:6|98113584:6|98113618:6|98113623:6|98113624:6|98113652:6|98113685:6|98113691:6|98113710:6|98113820:6|98113840:6|98113924:6|98113954:6|98114031:6|98114032:6|98114057:6|98114065:6|98114075:6|98114091:6|98114092:6|98114093:6|98114096:6|98114156:6|98114317:6|98114507:6|98114513:6|98114517:6|98114526:6|98114537:6|98114539:6|98114573:6|98114631:6|98114670:6|98114671:6|98114672:6|98114673:6|98114674:6|98114675:6|98114695:6|98114732:6|98114735:6|98114738:6|98114758:6|98114762:6|98114763:6|98114804:6|98114825:6|98114835:6|98114892:6|98114917:6|98114923:6|98114925:6|98114931:6|98114935:6|98114952:6|98114962:6|98114963:6|98114967:6|98114972:6|98114974:6|98114975:6|98114982:6|98115074:6|98115092:6|98115134:6|98115143:6|98115213:6|98115217:6|98115236:6|98115237:6|98115246:6|98115273:6|98115274:6|98115287:6|98115293:6|98115314:6|98115317:6|98115327:6|98115341:6|98115342:6|98115346:6|98115347:6|98115349:6|98115361:6|98115371:6|98115382:6|98115384:6|98115386:6|98115391:6|98115392:6|98115403:6|98115413:6|98115423:6|98115427:6|98115431:6|98115438:6|98115443:6|98115462:6|98115471:6|98115481:6|98115614:6|98115627:6|98115631:6
2020-11-15 12:41:13,351:INFO:93134406:6
2020-11-15 12:47:45,086:INFO:------------------------------------------------------------------------------------------------
2020-11-15 13:04:01,431:INFO:98889967:6
2020-11-15 13:12:04,608:INFO:------------------------------------------------------------------------------------------------
2020-11-15 13:12:05,922:INFO:ДУГААРАА СОНГОЖ БУЙ ХЭСЭГ
2020-11-15 13:12:05,923:INFO:7
2020-11-15 13:12:15,722:INFO:98000178:6|98000237:6|98000243:6|98000263:6|98000276:6|98000341:6|98000347:6|98000352:6|98000357:6|98000360:6|98000372:6|98000374:6|98000375:6|98000376:6|98000378:6|98000379:6|98000382:6|98000385:6|98000387:6|98000394:6|98000395:6|98000397:6|98000412:6|98000427:6|98000431:6|98000432:6|98000437:6|98000438:6|98000451:6|98000452:6|98000453:6|98000462:6|98000463:6|98000465:6|98000467:6|98000468:6|98000469:6|98000472:6|98000473:6|98000475:6|98000476:6|98000478:6|98000481:6|98000482:6|98000483:6|98000485:6|98000486:6|98000487:6|98000491:6|98000492:6|98000495:6|98000496:6|98000497:6|98000519:6|98000521:6|98000522:6|98000528:6|98000532:6|98000534:6|98000536:6|98000537:6|98000538:6|98000539:6|98000541:6|98000542:6|98000543:6|98000546:6|98000547:6|98000548:6|98000549:6|98000563:6|98000564:6|98000571:6|98000573:6|98000576:6|98000582:6|98000584:6|98000587:6|98000591:6|98000592:6|98000593:6|98000594:6|98000597:6|98000625:6|98000632:6|98000634:6|98000635:6|98000637:6|98000638:6|98000639:6|98000641:6|98000642:6|98000643:6|98000645:6|98000647:6|98000648:6|98000649:6|98000651:6|98000652:6|98000654:6|98000655:6|98000657:6|98000658:6|98000659:6|98000671:6|98000672:6|98000673:6|98000674:6|98000675:6|98000682:6|98000683:6|98000685:6|98000687:6|98000692:6|98000693:6|98000694:6|98000695:6|98000697:6|98000704:6|98000716:6|98000718:6|98000720:6|98000728:6|98000732:6|98000734:6|98000735:6|98000736:6|98000738:6|98000739:6|98000740:6|98000741:6|98000742:6
2020-11-15 13:13:34,977:INFO:98090935:6|98090937:6|98090942:6|98090943:6|98090945:6|98090954:6|98090957:6|98090961:6|98090967:6|98090977:6|98090985:6
2020-11-15 13:14:10,576:INFO:98080477:6|98080677:6
2020-11-15 13:14:16,963:INFO:-1
2020-11-15 13:14:22,984:INFO:98070718:6|98070719:6|98070721:6|98070725:6|98070728:6|98070730:6|98070731:6|98070732:6|98070734:6|98070735:6|98070736:6|98070738:6|98070739:6|98070741:6|98070743:6|98070745:6|98070746:6|98070748:6|98070749:6|98070750:6|98070752:6|98070753:6|98070754:6|98070757:6|98070760:6|98070761:6|98070762:6|98070763:6|98070764:6|98070767:6|98070768:6|98070769:6|98070772:6|98070773:6|98070775:6|98070776:6|98070780:6|98070781:6|98070782:6|98070783:6|98070785:6|98070786:6|98070791:6|98070792:6|98070793:6|98070794:6|98070795:6|98070796:6
2020-11-15 13:14:30,889:INFO:93090913:6|93090915:6|93090917:6|93090922:6|93090923:6|93090925:6|93090926:6|93090927:6|93090928:6|93090931:6|93090932:6|93090934:6|93090935:6|93090936:6|93090937:6|93090938:6|93090940:6|93090942:6|93090943:6|93090944:6|93090945:6|93090946:6|93090947:6|93090948:6|93090951:6|93090952:6|93090953:6|93090954:6|93090955:6|93090956:6|93090957:6|93090958:6|93090960:6|93090963:6|93090964:6|93090965:6|93090966:6|93090967:6|93090971:6|93090972:6|93090973:6|93090974:6|93090975:6|93090976:6|93090977:6|93090978:6|93090979:6|93090980:6|93090981:6|93090982:6|93090983:6|93090984:6|93090985:6|93090986:6|93090987:6|93090991:6|93090995:6|93090996:6
2020-11-15 13:14:37,383:INFO:93090971:6|93090972:6|93090973:6|93090974:6|93090975:6|93090976:6|93090977:6|93090978:6|93090979:6
2020-11-15 13:41:23,861:INFO:------------------------------------------------------------------------------------------------
2020-11-15 13:41:25,093:INFO:ДУГААРАА СОНГОЖ БУЙ ХЭСЭГ
2020-11-15 13:41:25,094:INFO:7
2020-11-15 13:41:33,338:INFO:98002789:6|98022789:6|98032789:6|98042789:6|98052789:6|98062789:6|98072789:6|98092789:6|98102789:6|98152789:6|98172789:6|98182789:6|98192789:6|98212789:6|98222789:6|98232789:6|98252789:6|98282789:6|98302789:6|98312789:6|98372789:6|98432789:6|98452789:6|98462789:6|98512789:6|98562789:6|98592789:6|98622789:6|98632789:6|98642789:6|98652789:6|98662789:6|98672789:6|98702789:6|98812789:6|98832789:6|98852789:6|98862789:6|98872789:6|98882789:6|98912789:6|98922789:6|98932789:6|98942789:6|98952789:6|98972789:6
2020-11-15 13:41:40,249:INFO:98022799:6|98032799:6|98042799:6|98052799:6|98062799:6|98072799:6|98082799:6|98092799:6|98102799:6|98242799:6|98372799:6|98452799:6|98462799:6|98482799:6|98562799:6|98602799:6|98612799:6|98622799:6|98632799:6|98642799:6|98652799:6|98842799:6|98872799:6|98942799:6|98962799:6
2020-11-15 13:47:45,315:INFO:------------------------------------------------------------------------------------------------
2020-11-15 14:33:30,677:INFO:83004660:6
2020-11-15 14:33:33,213:INFO:ДУГААРЫН ҮНЭ
2020-11-15 14:33:33,216:INFO:10000
2020-11-15 14:35:42,238:INFO:------------------------------------------------------------------------------------------------
2020-11-15 14:35:44,661:INFO:------------------------------------------------------------------------------------------------
2020-11-15 14:35:46,451:INFO:ДУГААРАА СОНГОЖ БУЙ ХЭСЭГ
2020-11-15 14:35:46,451:INFO:7
2020-11-15 14:38:49,709:INFO:98110467:6|98110471:6|98110634:6|98110693:6|98111453:6|98111478:6|98111752:6|98111783:6|98112304:6|98112358:6|98112541:6|98112597:6|98112715:6|98112763:6|98112813:6|98112876:6|98112906:6|98112935:6|98112951:6|98112982:6|98113072:6|98113086:6|98113154:6|98113197:6|98113415:6|98113425:6|98113426:6|98113463:6|98113527:6|98113572:6|98113584:6|98113618:6|98113623:6|98113624:6|98113652:6|98113685:6|98113691:6|98113710:6|98113820:6|98113840:6|98113924:6|98113954:6|98114031:6|98114032:6|98114057:6|98114065:6|98114075:6|98114091:6|98114092:6|98114093:6|98114096:6|98114156:6|98114317:6|98114507:6|98114513:6|98114517:6|98114526:6|98114537:6|98114539:6|98114573:6|98114631:6|98114670:6|98114671:6|98114672:6|98114673:6|98114674:6|98114675:6|98114695:6|98114732:6|98114735:6|98114738:6|98114758:6|98114762:6|98114763:6|98114804:6|98114825:6|98114835:6|98114892:6|98114917:6|98114923:6|98114925:6|98114931:6|98114935:6|98114952:6|98114962:6|98114963:6|98114967:6|98114972:6|98114974:6|98114975:6|98114982:6|98115074:6|98115092:6|98115134:6|98115143:6|98115213:6|98115217:6|98115236:6|98115237:6|98115246:6|98115273:6|98115274:6|98115287:6|98115293:6|98115314:6|98115317:6|98115327:6|98115341:6|98115342:6|98115346:6|98115347:6|98115349:6|98115361:6|98115371:6|98115382:6|98115384:6|98115386:6|98115391:6|98115392:6|98115403:6|98115413:6|98115423:6|98115427:6|98115431:6|98115438:6|98115443:6|98115462:6|98115471:6|98115481:6|98115614:6|98115627:6|98115631:6
2020-11-15 14:39:14,381:INFO:98110467:6|98110471:6|98110634:6|98110693:6|98111453:6|98111478:6|98111752:6|98111783:6|98112304:6|98112358:6|98112541:6|98112597:6|98112715:6|98112763:6|98112813:6|98112876:6|98112906:6|98112935:6|98112951:6|98112982:6|98113072:6|98113086:6|98113154:6|98113197:6|98113415:6|98113425:6|98113426:6|98113463:6|98113527:6|98113572:6|98113584:6|98113618:6|98113623:6|98113624:6|98113652:6|98113685:6|98113691:6|98113710:6|98113820:6|98113840:6|98113924:6|98113954:6|98114031:6|98114032:6|98114057:6|98114065:6|98114075:6|98114091:6|98114092:6|98114093:6|98114096:6|98114156:6|98114317:6|98114507:6|98114513:6|98114517:6|98114526:6|98114537:6|98114539:6|98114573:6|98114631:6|98114670:6|98114671:6|98114672:6|98114673:6|98114674:6|98114675:6|98114695:6|98114732:6|98114735:6|98114738:6|98114758:6|98114762:6|98114763:6|98114804:6|98114825:6|98114835:6|98114892:6|98114917:6|98114923:6|98114925:6|98114931:6|98114935:6|98114952:6|98114962:6|98114963:6|98114967:6|98114972:6|98114974:6|98114975:6|98114982:6|98115074:6|98115092:6|98115134:6|98115143:6|98115213:6|98115217:6|98115236:6|98115237:6|98115246:6|98115273:6|98115274:6|98115287:6|98115293:6|98115314:6|98115317:6|98115327:6|98115341:6|98115342:6|98115346:6|98115347:6|98115349:6|98115361:6|98115371:6|98115382:6|98115384:6|98115386:6|98115391:6|98115392:6|98115403:6|98115413:6|98115423:6|98115427:6|98115431:6|98115438:6|98115443:6|98115462:6|98115471:6|98115481:6|98115614:6|98115627:6|98115631:6
2020-11-15 14:39:20,714:INFO:98110467:6|98110471:6|98110634:6|98110693:6|98111453:6|98111478:6|98111752:6|98111783:6|98112304:6|98112358:6|98112541:6|98112597:6|98112715:6|98112763:6|98112813:6|98112876:6|98112906:6|98112935:6|98112951:6|98112982:6|98113072:6|98113086:6|98113154:6|98113197:6|98113415:6|98113425:6|98113426:6|98113463:6|98113527:6|98113572:6|98113584:6|98113618:6|98113623:6|98113624:6|98113652:6|98113685:6|98113691:6|98113710:6|98113820:6|98113840:6|98113924:6|98113954:6|98114031:6|98114032:6|98114057:6|98114065:6|98114075:6|98114091:6|98114092:6|98114093:6|98114096:6|98114156:6|98114317:6|98114507:6|98114513:6|98114517:6|98114526:6|98114537:6|98114539:6|98114573:6|98114631:6|98114670:6|98114671:6|98114672:6|98114673:6|98114674:6|98114675:6|98114695:6|98114732:6|98114735:6|98114738:6|98114758:6|98114762:6|98114763:6|98114804:6|98114825:6|98114835:6|98114892:6|98114917:6|98114923:6|98114925:6|98114931:6|98114935:6|98114952:6|98114962:6|98114963:6|98114967:6|98114972:6|98114974:6|98114975:6|98114982:6|98115074:6|98115092:6|98115134:6|98115143:6|98115213:6|98115217:6|98115236:6|98115237:6|98115246:6|98115273:6|98115274:6|98115287:6|98115293:6|98115314:6|98115317:6|98115327:6|98115341:6|98115342:6|98115346:6|98115347:6|98115349:6|98115361:6|98115371:6|98115382:6|98115384:6|98115386:6|98115391:6|98115392:6|98115403:6|98115413:6|98115423:6|98115427:6|98115431:6|98115438:6|98115443:6|98115462:6|98115471:6|98115481:6|98115614:6|98115627:6|98115631:6
2020-11-15 14:39:26,807:INFO:98000178:6|98000237:6|98000243:6|98000263:6|98000276:6|98000341:6|98000347:6|98000352:6|98000357:6|98000360:6|98000372:6|98000374:6|98000375:6|98000376:6|98000378:6|98000379:6|98000382:6|98000385:6|98000387:6|98000394:6|98000395:6|98000397:6|98000412:6|98000427:6|98000431:6|98000432:6|98000437:6|98000438:6|98000451:6|98000452:6|98000453:6|98000462:6|98000463:6|98000465:6|98000467:6|98000468:6|98000469:6|98000472:6|98000473:6|98000475:6|98000476:6|98000478:6|98000481:6|98000482:6|98000483:6|98000485:6|98000486:6|98000487:6|98000491:6|98000492:6|98000495:6|98000496:6|98000497:6|98000519:6|98000521:6|98000522:6|98000528:6|98000532:6|98000534:6|98000536:6|98000537:6|98000538:6|98000539:6|98000541:6|98000542:6|98000543:6|98000546:6|98000547:6|98000548:6|98000549:6|98000563:6|98000564:6|98000571:6|98000573:6|98000576:6|98000582:6|98000584:6|98000587:6|98000591:6|98000592:6|98000593:6|98000594:6|98000597:6|98000625:6|98000632:6|98000634:6|98000635:6|98000637:6|98000638:6|98000639:6|98000641:6|98000642:6|98000643:6|98000645:6|98000647:6|98000648:6|98000649:6|98000651:6|98000652:6|98000654:6|98000655:6|98000657:6|98000658:6|98000659:6|98000671:6|98000672:6|98000673:6|98000674:6|98000675:6|98000682:6|98000683:6|98000685:6|98000687:6|98000692:6|98000693:6|98000694:6|98000695:6|98000697:6|98000704:6|98000716:6|98000718:6|98000720:6|98000728:6|98000732:6|98000734:6|98000735:6|98000736:6|98000738:6|98000739:6|98000740:6|98000741:6|98000742:6
2020-11-15 14:39:32,301:INFO:98020282:6
2020-11-15 14:39:41,362:INFO:98040212:6|98050212:6|98070212:6
2020-11-15 14:39:48,276:INFO:93030212:6|93040212:6|93060212:6|93070212:6|93080212:6|93090212:6|93100212:6|93110212:6
2020-11-15 14:40:05,056:INFO:93020215:6|93020227:6|93020234:6|93020236:6|93020237:6|93020240:6|93020245:6|93020253:6|93020254:6|93020255:6|93020256:6|93020257:6|93020263:6|93020264:6|93020265:6|93020267:6|93020271:6|93020273:6|93020276:6|93020279:6|93020286:6|93020295:6
2020-11-15 14:40:21,061:INFO:93030315:6|93030319:6|93030324:6|93030325:6|93030328:6|93030329:6|93030334:6|93030336:6|93030340:6|93030341:6|93030345:6|93030346:6|93030347:6|93030349:6|93030351:6|93030354:6|93030356:6|93030357:6|93030361:6|93030362:6|93030364:6|93030365:6|93030367:6|93030368:6|93030369:6|93030371:6|93030372:6|93030373:6|93030374:6|93030378:6|93030381:6|93030382:6|93030384:6|93030385:6|93030387:6|93030392:6|93030397:6
2020-11-15 14:47:45,448:INFO:------------------------------------------------------------------------------------------------
2020-11-15 15:22:59,444:INFO:------------------------------------------------------------------------------------------------
2020-11-15 15:23:00,213:INFO:ДУГААРАА СОНГОЖ БУЙ ХЭСЭГ
2020-11-15 15:23:00,213:INFO:7
2020-11-15 15:23:02,385:INFO:------------------------------------------------------------------------------------------------
2020-11-15 15:23:03,149:INFO:ДУГААРАА СОНГОЖ БУЙ ХЭСЭГ
2020-11-15 15:23:03,149:INFO:2
2020-11-15 15:23:08,061:INFO:-1
2020-11-15 15:23:12,685:INFO:97011999:6|97031999:6|97041999:6|97051999:6|97061999:6
2020-11-15 15:23:16,937:INFO:93041999:6|93101999:6
2020-11-15 15:23:27,878:INFO:93014999:6|93015999:6|93034999:6|93037999:6|93040999:6|93041999:6|93045999:6|93046999:6|93047999:6|93055999:6|93056999:6|93062999:6|93063999:6|93064999:6|93065999:6|93067999:6|93068999:6|93072999:6|93073999:6|93075999:6|93076999:6|93078999:6|93082999:6|93083999:6|93084999:6|93085999:6|93086999:6|93087999:6|93092999:6|93101999:6|93102999:6|93103999:6|93104999:6|93106999:6|93107999:6|93214999:6
2020-11-15 15:47:45,572:INFO:------------------------------------------------------------------------------------------------
2020-11-15 16:47:45,695:INFO:------------------------------------------------------------------------------------------------
2020-11-15 16:53:16,569:INFO:------------------------------------------------------------------------------------------------
2020-11-15 16:53:31,075:INFO:ДУГААРАА СОНГОЖ БУЙ ХЭСЭГ
2020-11-15 16:53:31,075:INFO:2
2020-11-15 16:53:31,494:WARNING:Not Found: /favicon.ico
2020-11-15 16:53:39,418:INFO:98123899:6|98127499:6
2020-11-15 16:53:45,450:INFO:98568999:6|98607999:6|98677999:6
2020-11-15 16:54:10,762:INFO:98889967:6
2020-11-16 03:23:39,176:WARNING:Not Found: /vicidial/admin.php
