2020-07-15 06:25:25,801:INFO:------------------------------------------------------------------------------------------------
2020-07-15 07:25:25,892:INFO:------------------------------------------------------------------------------------------------
2020-07-15 08:20:55,397:WARNING:Not Found: /
2020-07-15 08:25:25,931:INFO:------------------------------------------------------------------------------------------------
2020-07-15 09:25:26,002:INFO:------------------------------------------------------------------------------------------------
2020-07-15 09:52:21,388:INFO:------------------------------------------------------------------------------------------------
2020-07-15 09:52:35,184:INFO:ДУГААРАА СОНГОЖ БУЙ ХЭСЭГ
2020-07-15 09:52:35,185:INFO:7
2020-07-15 09:52:37,758:INFO:ДУГААРАА СОНГОЖ БУЙ ХЭСЭГ
2020-07-15 09:52:37,758:INFO:7
2020-07-15 09:52:38,594:INFO:------------------------------------------------------------------------------------------------
2020-07-15 09:52:39,602:INFO:ДУГААРАА СОНГОЖ БУЙ ХЭСЭГ
2020-07-15 09:52:39,602:INFO:7
2020-07-15 09:52:40,754:INFO:ДУГААРАА СОНГОЖ БУЙ ХЭСЭГ
2020-07-15 09:52:40,754:INFO:7
2020-07-15 09:52:42,334:INFO:------------------------------------------------------------------------------------------------
2020-07-15 10:10:52,525:INFO:ДУГААРАА СОНГОЖ БУЙ ХЭСЭГ
2020-07-15 10:10:52,525:INFO:7
2020-07-15 10:10:53,296:WARNING:Not Found: /favicon.ico
2020-07-15 10:10:54,904:INFO:------------------------------------------------------------------------------------------------
2020-07-15 10:21:00,411:INFO:ДУГААРАА СОНГОЖ БУЙ ХЭСЭГ
2020-07-15 10:21:00,411:INFO:2
2020-07-15 10:21:08,753:INFO:ДУГААРАА СОНГОЖ БУЙ ХЭСЭГ
2020-07-15 10:21:08,753:INFO:2
2020-07-15 10:21:22,759:INFO:ДУГААРАА СОНГОЖ БУЙ ХЭСЭГ
2020-07-15 10:21:22,759:INFO:2
2020-07-15 10:21:51,587:INFO:ДУГААРАА СОНГОЖ БУЙ ХЭСЭГ
2020-07-15 10:21:51,587:INFO:2
2020-07-15 10:21:58,722:INFO:ДУГААРЫН ҮНЭ
2020-07-15 10:21:58,725:INFO:5000
2020-07-15 10:24:29,842:INFO:------------------------------------------------------------------------------------------------
2020-07-15 10:24:30,753:INFO:ДУГААРАА СОНГОЖ БУЙ ХЭСЭГ
2020-07-15 10:24:30,753:INFO:7
2020-07-15 10:24:34,656:INFO:ДУГААРАА СОНГОЖ БУЙ ХЭСЭГ
2020-07-15 10:24:34,657:INFO:7
2020-07-15 10:25:26,062:INFO:------------------------------------------------------------------------------------------------
2020-07-15 10:25:46,755:INFO:ДУГААРАА СОНГОЖ БУЙ ХЭСЭГ
2020-07-15 10:25:46,756:INFO:7
2020-07-15 10:30:08,979:INFO:ДУГААРАА СОНГОЖ БУЙ ХЭСЭГ
2020-07-15 10:30:08,980:INFO:2
2020-07-15 10:30:09,502:WARNING:Not Found: /favicon.ico
2020-07-15 10:30:27,275:INFO:ДУГААРЫН ҮНЭ
2020-07-15 10:30:27,279:INFO:5000
2020-07-15 10:30:41,890:INFO:ДУГААРЫН ZAHIALGA
2020-07-15 10:32:42,031:INFO:------------------------------------------------------------------------------------------------
2020-07-15 10:33:14,895:INFO:ДУГААРАА СОНГОЖ БУЙ ХЭСЭГ
2020-07-15 10:33:14,895:INFO:2
2020-07-15 10:42:01,469:INFO:------------------------------------------------------------------------------------------------
2020-07-15 10:42:03,836:INFO:ДУГААРАА СОНГОЖ БУЙ ХЭСЭГ
2020-07-15 10:42:03,837:INFO:2
2020-07-15 10:53:49,502:INFO:ДУГААРАА СОНГОЖ БУЙ ХЭСЭГ
2020-07-15 10:53:49,503:INFO:2
2020-07-15 10:53:49,748:INFO:------------------------------------------------------------------------------------------------
2020-07-15 10:53:49,790:INFO:------------------------------------------------------------------------------------------------
2020-07-15 10:53:50,190:INFO:------------------------------------------------------------------------------------------------
2020-07-15 10:53:50,992:INFO:------------------------------------------------------------------------------------------------
2020-07-15 10:53:50,995:INFO:------------------------------------------------------------------------------------------------
2020-07-15 10:53:51,080:INFO:ДУГААРАА СОНГОЖ БУЙ ХЭСЭГ
2020-07-15 10:53:51,080:INFO:2
2020-07-15 10:53:51,197:INFO:------------------------------------------------------------------------------------------------
2020-07-15 10:53:52,072:INFO:------------------------------------------------------------------------------------------------
2020-07-15 10:53:52,259:INFO:------------------------------------------------------------------------------------------------
2020-07-15 10:53:52,762:INFO:------------------------------------------------------------------------------------------------
2020-07-15 10:54:13,820:INFO:ДУГААРАА СОНГОЖ БУЙ ХЭСЭГ
2020-07-15 10:54:13,820:INFO:7
2020-07-15 10:54:14,257:INFO:ДУГААРАА СОНГОЖ БУЙ ХЭСЭГ
2020-07-15 10:54:14,257:INFO:2
2020-07-15 10:54:18,220:INFO:------------------------------------------------------------------------------------------------
2020-07-15 10:54:19,617:INFO:------------------------------------------------------------------------------------------------
2020-07-15 10:54:30,723:INFO:ДУГААРАА СОНГОЖ БУЙ ХЭСЭГ
2020-07-15 10:54:30,723:INFO:3
2020-07-15 10:57:11,428:INFO:------------------------------------------------------------------------------------------------
2020-07-15 10:57:15,376:INFO:ДУГААРАА СОНГОЖ БУЙ ХЭСЭГ
2020-07-15 10:57:15,376:INFO:2
2020-07-15 10:57:17,382:INFO:------------------------------------------------------------------------------------------------
2020-07-15 10:57:18,033:INFO:ДУГААРАА СОНГОЖ БУЙ ХЭСЭГ
2020-07-15 10:57:18,033:INFO:7
2020-07-15 11:02:37,609:INFO:ДУГААРАА СОНГОЖ БУЙ ХЭСЭГ
2020-07-15 11:02:37,610:INFO:7
2020-07-15 11:02:38,106:WARNING:Not Found: /favicon.ico
2020-07-15 11:02:39,134:INFO:------------------------------------------------------------------------------------------------
2020-07-15 11:02:39,942:INFO:ДУГААРАА СОНГОЖ БУЙ ХЭСЭГ
2020-07-15 11:02:39,942:INFO:2
2020-07-15 11:02:50,348:INFO:ДУГААРЫН ҮНЭ
2020-07-15 11:02:50,350:INFO:5000
2020-07-15 11:04:07,527:INFO:------------------------------------------------------------------------------------------------
2020-07-15 11:14:02,787:INFO:ДУГААРАА СОНГОЖ БУЙ ХЭСЭГ
2020-07-15 11:14:02,787:INFO:2
2020-07-15 11:25:26,112:INFO:------------------------------------------------------------------------------------------------
2020-07-15 11:26:58,164:INFO:ДУГААРАА СОНГОЖ БУЙ ХЭСЭГ
2020-07-15 11:26:58,164:INFO:2
2020-07-15 11:32:42,127:INFO:------------------------------------------------------------------------------------------------
2020-07-15 11:38:58,593:INFO:ДУГААРАА СОНГОЖ БУЙ ХЭСЭГ
2020-07-15 11:38:58,593:INFO:2
2020-07-15 11:38:59,240:INFO:ДУГААРАА СОНГОЖ БУЙ ХЭСЭГ
2020-07-15 11:38:59,240:INFO:2
2020-07-15 11:39:09,127:INFO:ДУГААРАА СОНГОЖ БУЙ ХЭСЭГ
2020-07-15 11:39:09,127:INFO:2
2020-07-15 11:39:13,377:INFO:ДУГААРАА СОНГОЖ БУЙ ХЭСЭГ
2020-07-15 11:39:13,377:INFO:2
2020-07-15 11:39:13,942:INFO:------------------------------------------------------------------------------------------------
2020-07-15 11:39:13,961:INFO:ДУГААРАА СОНГОЖ БУЙ ХЭСЭГ
2020-07-15 11:39:13,961:INFO:2
2020-07-15 11:39:33,292:INFO:ДУГААРАА СОНГОЖ БУЙ ХЭСЭГ
2020-07-15 11:39:33,293:INFO:2
2020-07-15 11:41:20,532:INFO:ДУГААРЫН ҮНЭ
2020-07-15 11:41:20,536:INFO:5000
2020-07-15 11:43:46,432:INFO:ДУГААРАА СОНГОЖ БУЙ ХЭСЭГ
2020-07-15 11:43:46,432:INFO:2
2020-07-15 11:43:49,130:WARNING:Not Found: /favicon.ico
2020-07-15 11:44:39,096:INFO:ДУГААРЫН ҮНЭ
2020-07-15 11:44:39,099:INFO:5000
2020-07-15 11:53:50,471:INFO:------------------------------------------------------------------------------------------------
2020-07-15 11:53:50,796:INFO:------------------------------------------------------------------------------------------------
2020-07-15 11:53:50,799:INFO:------------------------------------------------------------------------------------------------
2020-07-15 11:53:51,708:INFO:------------------------------------------------------------------------------------------------
2020-07-15 11:53:51,926:INFO:------------------------------------------------------------------------------------------------
2020-07-15 11:53:52,254:INFO:------------------------------------------------------------------------------------------------
2020-07-15 11:53:52,502:INFO:------------------------------------------------------------------------------------------------
2020-07-15 11:53:53,335:INFO:------------------------------------------------------------------------------------------------
2020-07-15 12:12:40,973:INFO:------------------------------------------------------------------------------------------------
2020-07-15 12:12:44,155:INFO:ДУГААРАА СОНГОЖ БУЙ ХЭСЭГ
2020-07-15 12:12:44,155:INFO:2
2020-07-15 12:12:44,407:WARNING:Not Found: /favicon.ico
2020-07-15 12:12:49,429:INFO:------------------------------------------------------------------------------------------------
2020-07-15 12:12:52,089:INFO:ДУГААРАА СОНГОЖ БУЙ ХЭСЭГ
2020-07-15 12:12:52,089:INFO:2
2020-07-15 12:25:26,159:INFO:------------------------------------------------------------------------------------------------
2020-07-15 12:32:46,740:INFO:------------------------------------------------------------------------------------------------
2020-07-15 12:36:09,248:INFO:------------------------------------------------------------------------------------------------
2020-07-15 12:36:10,274:INFO:ДУГААРАА СОНГОЖ БУЙ ХЭСЭГ
2020-07-15 12:36:10,275:INFO:2
2020-07-15 12:36:47,791:INFO:------------------------------------------------------------------------------------------------
2020-07-15 12:36:48,626:INFO:ДУГААРАА СОНГОЖ БУЙ ХЭСЭГ
2020-07-15 12:36:48,626:INFO:2
2020-07-15 12:38:02,161:INFO:ДУГААРЫН ҮНЭ
2020-07-15 12:38:02,164:INFO:5000
2020-07-15 12:39:17,102:INFO:ДУГААРЫН ZAHIALGA
2020-07-15 12:39:17,110:ERROR:Уучлаарай, таны сонгосон 93230092 дугаар захиалах боломжгүй байна. Line-1379
2020-07-15 12:39:27,044:INFO:ДУГААРАА СОНГОЖ БУЙ ХЭСЭГ
2020-07-15 12:39:27,044:INFO:2
2020-07-15 12:39:29,460:INFO:------------------------------------------------------------------------------------------------
2020-07-15 12:44:04,244:INFO:ДУГААРЫН ҮНЭ
2020-07-15 12:44:04,247:INFO:5000
2020-07-15 12:46:26,291:INFO:------------------------------------------------------------------------------------------------
2020-07-15 12:46:26,985:INFO:ДУГААРАА СОНГОЖ БУЙ ХЭСЭГ
2020-07-15 12:46:26,985:INFO:7
2020-07-15 12:47:01,708:INFO:ДУГААРЫН ҮНЭ
2020-07-15 12:47:01,711:INFO:10000
2020-07-15 12:47:16,862:INFO:ДУГААРЫН ZAHIALGA
2020-07-15 12:47:21,987:INFO:------------------------------------------------------------------------------------------------
2020-07-15 12:53:50,582:INFO:------------------------------------------------------------------------------------------------
2020-07-15 12:53:50,963:INFO:------------------------------------------------------------------------------------------------
2020-07-15 12:53:50,986:INFO:------------------------------------------------------------------------------------------------
2020-07-15 12:53:51,848:INFO:------------------------------------------------------------------------------------------------
2020-07-15 12:53:52,065:INFO:------------------------------------------------------------------------------------------------
2020-07-15 12:53:52,447:INFO:------------------------------------------------------------------------------------------------
2020-07-15 12:53:52,703:INFO:------------------------------------------------------------------------------------------------
2020-07-15 12:53:53,508:INFO:------------------------------------------------------------------------------------------------
2020-07-15 12:59:04,140:INFO:ДУГААРАА СОНГОЖ БУЙ ХЭСЭГ
2020-07-15 12:59:04,140:INFO:2
2020-07-15 12:59:05,850:INFO:ДУГААРАА СОНГОЖ БУЙ ХЭСЭГ
2020-07-15 12:59:05,850:INFO:2
2020-07-15 12:59:09,286:INFO:------------------------------------------------------------------------------------------------
2020-07-15 12:59:16,521:INFO:ДУГААРАА СОНГОЖ БУЙ ХЭСЭГ
2020-07-15 12:59:16,521:INFO:4
2020-07-15 13:03:23,238:INFO:ДУГААРЫН ҮНЭ
2020-07-15 13:03:23,240:INFO:5000
2020-07-15 13:03:39,974:INFO:ДУГААРЫН ZAHIALGA
2020-07-15 13:05:40,094:INFO:------------------------------------------------------------------------------------------------
2020-07-15 13:14:45,033:INFO:ДУГААРАА СОНГОЖ БУЙ ХЭСЭГ
2020-07-15 13:14:45,034:INFO:2
2020-07-15 13:14:46,598:INFO:------------------------------------------------------------------------------------------------
2020-07-15 13:16:58,691:INFO:ДУГААРАА СОНГОЖ БУЙ ХЭСЭГ
2020-07-15 13:16:58,691:INFO:2
2020-07-15 13:17:21,254:INFO:ДУГААРЫН ҮНЭ
2020-07-15 13:17:21,257:INFO:5000
2020-07-15 13:25:26,242:INFO:------------------------------------------------------------------------------------------------
2020-07-15 13:32:51,328:INFO:------------------------------------------------------------------------------------------------
2020-07-15 13:47:54,151:INFO:------------------------------------------------------------------------------------------------
2020-07-15 13:50:40,977:INFO:ДУГААРАА СОНГОЖ БУЙ ХЭСЭГ
2020-07-15 13:50:40,977:INFO:2
2020-07-15 13:52:37,707:INFO:ДУГААРАА СОНГОЖ БУЙ ХЭСЭГ
2020-07-15 13:52:37,707:INFO:2
2020-07-15 13:52:39,881:INFO:ДУГААРАА СОНГОЖ БУЙ ХЭСЭГ
2020-07-15 13:52:39,881:INFO:2
2020-07-15 13:53:34,937:INFO:ДУГААРАА СОНГОЖ БУЙ ХЭСЭГ
2020-07-15 13:53:34,937:INFO:2
2020-07-15 13:53:50,378:INFO:------------------------------------------------------------------------------------------------
2020-07-15 13:53:50,823:INFO:------------------------------------------------------------------------------------------------
2020-07-15 13:53:50,928:INFO:------------------------------------------------------------------------------------------------
2020-07-15 13:53:51,715:INFO:------------------------------------------------------------------------------------------------
2020-07-15 13:53:51,939:INFO:------------------------------------------------------------------------------------------------
2020-07-15 13:53:52,324:INFO:------------------------------------------------------------------------------------------------
2020-07-15 13:53:52,593:INFO:------------------------------------------------------------------------------------------------
2020-07-15 13:53:53,405:INFO:------------------------------------------------------------------------------------------------
2020-07-15 13:54:20,808:INFO:------------------------------------------------------------------------------------------------
2020-07-15 13:57:51,977:INFO:ДУГААРАА СОНГОЖ БУЙ ХЭСЭГ
2020-07-15 13:57:51,977:INFO:2
2020-07-15 13:57:58,978:INFO:ДУГААРАА СОНГОЖ БУЙ ХЭСЭГ
2020-07-15 13:57:58,979:INFO:2
2020-07-15 13:58:32,029:INFO:------------------------------------------------------------------------------------------------
2020-07-15 13:58:33,476:INFO:ДУГААРАА СОНГОЖ БУЙ ХЭСЭГ
2020-07-15 13:58:33,476:INFO:7
2020-07-15 13:59:33,320:INFO:ДУГААРАА СОНГОЖ БУЙ ХЭСЭГ
2020-07-15 13:59:33,321:INFO:7
2020-07-15 13:59:42,493:INFO:ДУГААРЫН ҮНЭ
2020-07-15 13:59:42,496:INFO:10000
2020-07-15 14:00:26,926:INFO:ДУГААРЫН ҮНЭ
2020-07-15 14:00:26,929:INFO:10000
2020-07-15 14:01:06,908:INFO:ДУГААРЫН ZAHIALGA
2020-07-15 14:01:19,530:INFO:------------------------------------------------------------------------------------------------
2020-07-15 14:01:28,403:INFO:ДУГААРАА СОНГОЖ БУЙ ХЭСЭГ
2020-07-15 14:01:28,404:INFO:7
2020-07-15 14:01:35,622:INFO:ДУГААРАА СОНГОЖ БУЙ ХЭСЭГ
2020-07-15 14:01:35,622:INFO:7
2020-07-15 14:01:37,994:INFO:ДУГААРАА СОНГОЖ БУЙ ХЭСЭГ
2020-07-15 14:01:37,995:INFO:7
2020-07-15 14:03:25,579:INFO:ДУГААРАА СОНГОЖ БУЙ ХЭСЭГ
2020-07-15 14:03:25,579:INFO:7
2020-07-15 14:04:21,689:INFO:ДУГААРАА СОНГОЖ БУЙ ХЭСЭГ
2020-07-15 14:04:21,689:INFO:7
2020-07-15 14:04:22,473:INFO:ДУГААРАА СОНГОЖ БУЙ ХЭСЭГ
2020-07-15 14:04:22,473:INFO:7
2020-07-15 14:04:25,366:INFO:ДУГААРАА СОНГОЖ БУЙ ХЭСЭГ
2020-07-15 14:04:25,366:INFO:7
2020-07-15 14:04:29,434:INFO:------------------------------------------------------------------------------------------------
2020-07-15 14:04:35,389:INFO:ДУГААРАА СОНГОЖ БУЙ ХЭСЭГ
2020-07-15 14:04:35,389:INFO:2
2020-07-15 14:04:38,945:INFO:------------------------------------------------------------------------------------------------
2020-07-15 14:04:40,050:INFO:ДУГААРАА СОНГОЖ БУЙ ХЭСЭГ
2020-07-15 14:04:40,050:INFO:7
2020-07-15 14:05:06,162:INFO:------------------------------------------------------------------------------------------------
2020-07-15 14:05:07,221:INFO:ДУГААРАА СОНГОЖ БУЙ ХЭСЭГ
2020-07-15 14:05:07,221:INFO:2
2020-07-15 14:05:07,247:INFO:ДУГААРАА СОНГОЖ БУЙ ХЭСЭГ
2020-07-15 14:05:07,247:INFO:2
2020-07-15 14:05:08,449:INFO:------------------------------------------------------------------------------------------------
2020-07-15 14:05:10,182:INFO:ДУГААРАА СОНГОЖ БУЙ ХЭСЭГ
2020-07-15 14:05:10,182:INFO:7
2020-07-15 14:05:37,026:INFO:ДУГААРАА СОНГОЖ БУЙ ХЭСЭГ
2020-07-15 14:05:37,027:INFO:7
2020-07-15 14:05:38,465:INFO:ДУГААРАА СОНГОЖ БУЙ ХЭСЭГ
2020-07-15 14:05:38,465:INFO:7
2020-07-15 14:05:39,371:INFO:ДУГААРАА СОНГОЖ БУЙ ХЭСЭГ
2020-07-15 14:05:39,371:INFO:7
2020-07-15 14:09:43,003:ERROR:Internal Server Error: /getnumber
Traceback (most recent call last):
  File "/usr/local/lib/python2.7/dist-packages/django/core/handlers/exception.py", line 41, in inner
    response = get_response(request)
  File "/usr/local/lib/python2.7/dist-packages/django/core/handlers/base.py", line 187, in _get_response
    response = self.process_exception_by_middleware(e, request)
  File "/usr/local/lib/python2.7/dist-packages/django/core/handlers/base.py", line 185, in _get_response
    response = wrapped_callback(request, *callback_args, **callback_kwargs)
  File "/usr/local/lib/python2.7/dist-packages/django/views/decorators/csrf.py", line 58, in wrapped_view
    return view_func(*args, **kwargs)
  File "/usr/local/lib/python2.7/dist-packages/django/views/generic/base.py", line 68, in view
    return self.dispatch(request, *args, **kwargs)
  File "/usr/local/lib/python2.7/dist-packages/rest_framework/views.py", line 495, in dispatch
    response = self.handle_exception(exc)
  File "/usr/local/lib/python2.7/dist-packages/rest_framework/views.py", line 455, in handle_exception
    self.raise_uncaught_exception(exc)
  File "/usr/local/lib/python2.7/dist-packages/rest_framework/views.py", line 492, in dispatch
    response = handler(request, *args, **kwargs)
  File "/usr/local/lib/python2.7/dist-packages/rest_framework/decorators.py", line 55, in handler
    return func(*args, **kwargs)
  File "/home/user/nFilterNew/controller/views.py", line 206, in getNumber
    if data[1] == az:
IndexError: list index out of range
2020-07-15 14:09:44,969:INFO:ДУГААРАА СОНГОЖ БУЙ ХЭСЭГ
2020-07-15 14:09:44,969:INFO:7
2020-07-15 14:10:04,669:INFO:ДУГААРАА СОНГОЖ БУЙ ХЭСЭГ
2020-07-15 14:10:04,670:INFO:7
2020-07-15 14:10:11,977:INFO:ДУГААРАА СОНГОЖ БУЙ ХЭСЭГ
2020-07-15 14:10:11,978:INFO:7
2020-07-15 14:10:14,691:INFO:ДУГААРАА СОНГОЖ БУЙ ХЭСЭГ
2020-07-15 14:10:14,691:INFO:7
2020-07-15 14:10:22,571:INFO:ДУГААРАА СОНГОЖ БУЙ ХЭСЭГ
2020-07-15 14:10:22,572:INFO:7
2020-07-15 14:10:38,819:INFO:ДУГААРАА СОНГОЖ БУЙ ХЭСЭГ
2020-07-15 14:10:38,820:INFO:7
2020-07-15 14:10:40,264:INFO:ДУГААРАА СОНГОЖ БУЙ ХЭСЭГ
2020-07-15 14:10:40,264:INFO:7
2020-07-15 14:12:11,773:INFO:------------------------------------------------------------------------------------------------
2020-07-15 14:12:13,444:INFO:ДУГААРАА СОНГОЖ БУЙ ХЭСЭГ
2020-07-15 14:12:13,445:INFO:7
2020-07-15 14:12:13,710:WARNING:Not Found: /favicon.ico
2020-07-15 14:13:50,420:INFO:ДУГААРЫН ҮНЭ
2020-07-15 14:13:50,423:INFO:10000
2020-07-15 14:13:57,996:INFO:ДУГААРЫН ZAHIALGA
2020-07-15 14:15:58,151:INFO:------------------------------------------------------------------------------------------------
2020-07-15 14:17:04,152:INFO:ДУГААРАА СОНГОЖ БУЙ ХЭСЭГ
2020-07-15 14:17:04,152:INFO:7
2020-07-15 14:25:26,296:INFO:------------------------------------------------------------------------------------------------
2020-07-15 14:29:18,051:INFO:------------------------------------------------------------------------------------------------
2020-07-15 14:29:18,917:INFO:ДУГААРАА СОНГОЖ БУЙ ХЭСЭГ
2020-07-15 14:29:18,918:INFO:2
2020-07-15 14:30:00,408:INFO:------------------------------------------------------------------------------------------------
2020-07-15 14:30:01,530:INFO:ДУГААРАА СОНГОЖ БУЙ ХЭСЭГ
2020-07-15 14:30:01,531:INFO:7
2020-07-15 14:37:38,687:INFO:ДУГААРАА СОНГОЖ БУЙ ХЭСЭГ
2020-07-15 14:37:38,688:INFO:7
2020-07-15 14:37:45,595:INFO:ДУГААРАА СОНГОЖ БУЙ ХЭСЭГ
2020-07-15 14:37:45,596:INFO:7
2020-07-15 14:38:08,008:INFO:------------------------------------------------------------------------------------------------
2020-07-15 14:38:09,155:INFO:ДУГААРАА СОНГОЖ БУЙ ХЭСЭГ
2020-07-15 14:38:09,155:INFO:2
2020-07-15 14:38:15,817:INFO:ДУГААРАА СОНГОЖ БУЙ ХЭСЭГ
2020-07-15 14:38:15,817:INFO:2
2020-07-15 14:51:15,270:INFO:------------------------------------------------------------------------------------------------
2020-07-15 14:51:15,942:INFO:ДУГААРАА СОНГОЖ БУЙ ХЭСЭГ
2020-07-15 14:51:15,942:INFO:2
2020-07-15 14:53:50,489:INFO:------------------------------------------------------------------------------------------------
2020-07-15 14:53:50,967:INFO:------------------------------------------------------------------------------------------------
2020-07-15 14:53:51,075:INFO:------------------------------------------------------------------------------------------------
2020-07-15 14:53:51,872:INFO:------------------------------------------------------------------------------------------------
2020-07-15 14:53:52,095:INFO:------------------------------------------------------------------------------------------------
2020-07-15 14:53:52,494:INFO:------------------------------------------------------------------------------------------------
2020-07-15 14:53:52,767:INFO:------------------------------------------------------------------------------------------------
2020-07-15 14:53:53,548:INFO:------------------------------------------------------------------------------------------------
2020-07-15 14:54:31,484:INFO:ДУГААРЫН ҮНЭ
2020-07-15 14:54:31,487:INFO:5000
2020-07-15 14:55:23,902:INFO:ДУГААРЫН ZAHIALGA
2020-07-15 14:55:25,478:INFO:------------------------------------------------------------------------------------------------
2020-07-15 14:58:33,643:INFO:ДУГААРАА СОНГОЖ БУЙ ХЭСЭГ
2020-07-15 14:58:33,643:INFO:2
2020-07-15 15:01:19,872:INFO:------------------------------------------------------------------------------------------------
2020-07-15 15:25:26,350:INFO:------------------------------------------------------------------------------------------------
2020-07-15 15:53:50,879:INFO:------------------------------------------------------------------------------------------------
2020-07-15 15:53:51,119:INFO:------------------------------------------------------------------------------------------------
2020-07-15 15:53:51,232:INFO:------------------------------------------------------------------------------------------------
2020-07-15 15:53:52,009:INFO:------------------------------------------------------------------------------------------------
2020-07-15 15:53:52,235:INFO:------------------------------------------------------------------------------------------------
2020-07-15 15:53:52,668:INFO:------------------------------------------------------------------------------------------------
2020-07-15 15:53:52,905:INFO:------------------------------------------------------------------------------------------------
2020-07-15 15:53:53,667:INFO:------------------------------------------------------------------------------------------------
2020-07-15 15:56:24,601:INFO:------------------------------------------------------------------------------------------------
2020-07-15 15:56:26,415:INFO:ДУГААРАА СОНГОЖ БУЙ ХЭСЭГ
2020-07-15 15:56:26,415:INFO:7
2020-07-15 15:56:26,647:WARNING:Not Found: /favicon.ico
2020-07-15 16:01:19,966:INFO:------------------------------------------------------------------------------------------------
2020-07-15 16:13:48,450:INFO:ДУГААРАА СОНГОЖ БУЙ ХЭСЭГ
2020-07-15 16:13:48,451:INFO:2
2020-07-15 16:13:49,003:WARNING:Not Found: /favicon.ico
2020-07-15 16:17:46,476:INFO:ДУГААРАА СОНГОЖ БУЙ ХЭСЭГ
2020-07-15 16:17:46,476:INFO:7
2020-07-15 16:18:36,886:INFO:------------------------------------------------------------------------------------------------
2020-07-15 16:18:41,731:INFO:ДУГААРАА СОНГОЖ БУЙ ХЭСЭГ
2020-07-15 16:18:41,731:INFO:7
2020-07-15 16:25:26,409:INFO:------------------------------------------------------------------------------------------------
2020-07-15 17:01:20,092:INFO:------------------------------------------------------------------------------------------------
2020-07-15 17:09:00,137:INFO:ДУГААРАА СОНГОЖ БУЙ ХЭСЭГ
2020-07-15 17:09:00,137:INFO:7
2020-07-15 17:16:49,685:INFO:ДУГААРАА СОНГОЖ БУЙ ХЭСЭГ
2020-07-15 17:16:49,685:INFO:7
2020-07-15 17:23:14,790:INFO:ДУГААРАА СОНГОЖ БУЙ ХЭСЭГ
2020-07-15 17:23:14,791:INFO:7
2020-07-15 17:23:19,205:INFO:ДУГААРАА СОНГОЖ БУЙ ХЭСЭГ
2020-07-15 17:23:19,205:INFO:7
2020-07-15 17:25:26,482:INFO:------------------------------------------------------------------------------------------------
2020-07-15 17:31:15,402:INFO:ДУГААРАА СОНГОЖ БУЙ ХЭСЭГ
2020-07-15 17:31:15,402:INFO:7
2020-07-15 18:01:20,204:INFO:------------------------------------------------------------------------------------------------
2020-07-15 18:18:04,274:INFO:------------------------------------------------------------------------------------------------
2020-07-15 18:18:05,805:INFO:ДУГААРАА СОНГОЖ БУЙ ХЭСЭГ
2020-07-15 18:18:05,806:INFO:2
2020-07-15 18:18:07,449:INFO:------------------------------------------------------------------------------------------------
2020-07-15 18:18:08,301:INFO:ДУГААРАА СОНГОЖ БУЙ ХЭСЭГ
2020-07-15 18:18:08,301:INFO:7
2020-07-15 18:18:09,629:INFO:ДУГААРАА СОНГОЖ БУЙ ХЭСЭГ
2020-07-15 18:18:09,629:INFO:7
2020-07-15 18:18:36,645:INFO:------------------------------------------------------------------------------------------------
2020-07-15 18:18:37,636:INFO:ДУГААРАА СОНГОЖ БУЙ ХЭСЭГ
2020-07-15 18:18:37,636:INFO:7
2020-07-15 18:20:44,849:INFO:ДУГААРАА СОНГОЖ БУЙ ХЭСЭГ
2020-07-15 18:20:44,850:INFO:7
2020-07-15 18:21:37,456:INFO:ДУГААРАА СОНГОЖ БУЙ ХЭСЭГ
2020-07-15 18:21:37,456:INFO:7
2020-07-15 18:25:19,943:INFO:------------------------------------------------------------------------------------------------
2020-07-15 18:25:22,642:INFO:ДУГААРАА СОНГОЖ БУЙ ХЭСЭГ
2020-07-15 18:25:22,643:INFO:2
2020-07-15 18:25:26,542:INFO:------------------------------------------------------------------------------------------------
2020-07-15 18:25:58,536:INFO:ДУГААРЫН ҮНЭ
2020-07-15 18:25:58,539:INFO:5000
2020-07-15 19:01:20,343:INFO:------------------------------------------------------------------------------------------------
2020-07-15 19:25:26,606:INFO:------------------------------------------------------------------------------------------------
2020-07-15 19:54:41,200:INFO:------------------------------------------------------------------------------------------------
2020-07-15 19:54:42,172:INFO:ДУГААРАА СОНГОЖ БУЙ ХЭСЭГ
2020-07-15 19:54:42,172:INFO:2
2020-07-15 20:01:20,462:INFO:------------------------------------------------------------------------------------------------
2020-07-15 20:25:26,675:INFO:------------------------------------------------------------------------------------------------
2020-07-15 21:01:20,546:INFO:------------------------------------------------------------------------------------------------
2020-07-15 21:05:31,599:INFO:------------------------------------------------------------------------------------------------
2020-07-15 21:05:44,743:INFO:ДУГААРАА СОНГОЖ БУЙ ХЭСЭГ
2020-07-15 21:05:44,744:INFO:2
2020-07-15 21:07:25,712:INFO:ДУГААРАА СОНГОЖ БУЙ ХЭСЭГ
2020-07-15 21:07:25,712:INFO:2
2020-07-15 21:08:03,131:INFO:ДУГААРАА СОНГОЖ БУЙ ХЭСЭГ
2020-07-15 21:08:03,131:INFO:2
2020-07-15 21:08:05,572:INFO:ДУГААРАА СОНГОЖ БУЙ ХЭСЭГ
2020-07-15 21:08:05,572:INFO:2
2020-07-15 21:08:50,054:INFO:ДУГААРЫН ҮНЭ
2020-07-15 21:08:50,057:INFO:5000
2020-07-15 21:10:31,201:INFO:ДУГААРАА СОНГОЖ БУЙ ХЭСЭГ
2020-07-15 21:10:31,202:INFO:2
2020-07-15 21:11:48,739:INFO:ДУГААРАА СОНГОЖ БУЙ ХЭСЭГ
2020-07-15 21:11:48,739:INFO:2
2020-07-15 21:12:30,235:INFO:ДУГААРАА СОНГОЖ БУЙ ХЭСЭГ
2020-07-15 21:12:30,235:INFO:2
2020-07-15 21:13:59,152:INFO:ДУГААРЫН ҮНЭ
2020-07-15 21:13:59,155:INFO:5000
2020-07-15 21:15:38,225:INFO:ДУГААРАА СОНГОЖ БУЙ ХЭСЭГ
2020-07-15 21:15:38,225:INFO:2
2020-07-15 21:17:22,408:INFO:ДУГААРЫН ҮНЭ
2020-07-15 21:17:22,411:INFO:5000
2020-07-15 21:17:46,946:INFO:ДУГААРЫН ZAHIALGA
2020-07-15 21:17:54,023:INFO:------------------------------------------------------------------------------------------------
2020-07-15 21:18:22,960:INFO:------------------------------------------------------------------------------------------------
2020-07-15 21:18:39,386:INFO:------------------------------------------------------------------------------------------------
2020-07-15 21:18:40,308:INFO:ДУГААРАА СОНГОЖ БУЙ ХЭСЭГ
2020-07-15 21:18:40,308:INFO:2
2020-07-15 21:18:53,306:INFO:ДУГААРЫН ҮНЭ
2020-07-15 21:18:53,308:INFO:5000
2020-07-15 21:20:24,554:INFO:ДУГААРАА СОНГОЖ БУЙ ХЭСЭГ
2020-07-15 21:20:24,554:INFO:2
2020-07-15 21:25:26,743:INFO:------------------------------------------------------------------------------------------------
2020-07-15 22:25:26,796:INFO:------------------------------------------------------------------------------------------------
2020-07-15 23:25:26,876:INFO:------------------------------------------------------------------------------------------------
2020-07-16 00:25:26,922:INFO:------------------------------------------------------------------------------------------------
2020-07-16 01:25:26,997:INFO:------------------------------------------------------------------------------------------------
2020-07-16 02:25:27,057:INFO:------------------------------------------------------------------------------------------------
2020-07-16 03:25:27,120:INFO:------------------------------------------------------------------------------------------------
2020-07-16 04:25:27,191:INFO:------------------------------------------------------------------------------------------------
2020-07-16 05:25:27,275:INFO:------------------------------------------------------------------------------------------------
