2020-05-09 06:39:57,844:INFO:------------------------------------------------------------------------------------------------
2020-05-09 07:39:58,092:INFO:------------------------------------------------------------------------------------------------
2020-05-09 08:34:18,714:WARNING:Not Found: /
2020-05-09 08:34:19,174:WARNING:Not Found: /vtigercrm/vtigerservice.php
2020-05-09 08:34:20,099:WARNING:Not Found: /a2billing/admin/Public/index.php
2020-05-09 08:34:21,029:WARNING:Not Found: /
2020-05-09 08:39:58,335:INFO:------------------------------------------------------------------------------------------------
2020-05-09 09:04:18,695:INFO:ДУГААРАА СОНГОЖ БУЙ ХЭСЭГ
2020-05-09 09:04:18,695:INFO:7
2020-05-09 09:33:53,982:INFO:------------------------------------------------------------------------------------------------
2020-05-09 09:33:54,502:INFO:------------------------------------------------------------------------------------------------
2020-05-09 09:33:57,239:INFO:------------------------------------------------------------------------------------------------
2020-05-09 09:33:59,500:INFO:ДУГААРАА СОНГОЖ БУЙ ХЭСЭГ
2020-05-09 09:33:59,500:INFO:7
2020-05-09 09:34:00,254:WARNING:Not Found: /favicon.ico
2020-05-09 09:34:22,473:INFO:------------------------------------------------------------------------------------------------
2020-05-09 09:34:33,614:INFO:ДУГААРАА СОНГОЖ БУЙ ХЭСЭГ
2020-05-09 09:34:33,614:INFO:7
2020-05-09 09:34:42,271:INFO:------------------------------------------------------------------------------------------------
2020-05-09 09:35:02,825:INFO:ДУГААРАА СОНГОЖ БУЙ ХЭСЭГ
2020-05-09 09:35:02,826:INFO:7
2020-05-09 09:35:08,082:INFO:------------------------------------------------------------------------------------------------
2020-05-09 09:35:13,195:INFO:ДУГААРАА СОНГОЖ БУЙ ХЭСЭГ
2020-05-09 09:35:13,195:INFO:7
2020-05-09 09:35:14,264:INFO:------------------------------------------------------------------------------------------------
2020-05-09 09:35:17,961:INFO:------------------------------------------------------------------------------------------------
2020-05-09 09:35:24,915:INFO:ДУГААРАА СОНГОЖ БУЙ ХЭСЭГ
2020-05-09 09:35:24,915:INFO:7
2020-05-09 09:36:16,992:INFO:------------------------------------------------------------------------------------------------
2020-05-09 09:39:58,584:INFO:------------------------------------------------------------------------------------------------
2020-05-09 09:47:59,710:WARNING:Not Found: /favicon.ico
2020-05-09 09:48:36,477:INFO:------------------------------------------------------------------------------------------------
2020-05-09 09:55:23,772:INFO:------------------------------------------------------------------------------------------------
2020-05-09 10:02:25,508:INFO:------------------------------------------------------------------------------------------------
2020-05-09 10:02:31,828:INFO:ДУГААРАА СОНГОЖ БУЙ ХЭСЭГ
2020-05-09 10:02:31,828:INFO:7
2020-05-09 10:02:32,258:INFO:------------------------------------------------------------------------------------------------
2020-05-09 10:02:32,628:INFO:------------------------------------------------------------------------------------------------
2020-05-09 10:02:32,930:INFO:ДУГААРАА СОНГОЖ БУЙ ХЭСЭГ
2020-05-09 10:02:32,930:INFO:7
2020-05-09 10:02:33,327:INFO:ДУГААРАА СОНГОЖ БУЙ ХЭСЭГ
2020-05-09 10:02:33,327:INFO:4
2020-05-09 10:02:36,072:INFO:ДУГААРАА СОНГОЖ БУЙ ХЭСЭГ
2020-05-09 10:02:36,072:INFO:2
2020-05-09 10:05:08,695:INFO:------------------------------------------------------------------------------------------------
2020-05-09 10:07:57,492:INFO:ДУГААРАА СОНГОЖ БУЙ ХЭСЭГ
2020-05-09 10:07:57,492:INFO:7
2020-05-09 10:22:29,416:INFO:------------------------------------------------------------------------------------------------
2020-05-09 10:24:11,200:ERROR:Invalid HTTP_HOST header: '127.0.0.1'. You may need to add u'127.0.0.1' to ALLOWED_HOSTS.
2020-05-09 10:25:01,549:INFO:------------------------------------------------------------------------------------------------
2020-05-09 10:25:03,434:INFO:ДУГААРАА СОНГОЖ БУЙ ХЭСЭГ
2020-05-09 10:25:03,434:INFO:2
2020-05-09 10:25:03,702:WARNING:Not Found: /favicon.ico
2020-05-09 10:36:17,538:INFO:------------------------------------------------------------------------------------------------
2020-05-09 10:37:25,645:INFO:------------------------------------------------------------------------------------------------
2020-05-09 10:37:29,621:INFO:ДУГААРАА СОНГОЖ БУЙ ХЭСЭГ
2020-05-09 10:37:29,622:INFO:2
2020-05-09 10:37:30,237:WARNING:Not Found: /favicon.ico
2020-05-09 10:38:08,642:INFO:------------------------------------------------------------------------------------------------
2020-05-09 10:39:58,842:INFO:------------------------------------------------------------------------------------------------
2020-05-09 10:40:02,015:INFO:------------------------------------------------------------------------------------------------
2020-05-09 10:40:13,436:INFO:ДУГААРАА СОНГОЖ БУЙ ХЭСЭГ
2020-05-09 10:40:13,437:INFO:7
2020-05-09 10:42:38,674:INFO:ДУГААРАА СОНГОЖ БУЙ ХЭСЭГ
2020-05-09 10:42:38,674:INFO:2
2020-05-09 10:42:43,966:WARNING:Not Found: /favicon.ico
2020-05-09 10:43:12,142:INFO:ДУГААРАА СОНГОЖ БУЙ ХЭСЭГ
2020-05-09 10:43:12,143:INFO:7
2020-05-09 10:43:12,557:WARNING:Not Found: /favicon.ico
2020-05-09 10:43:48,314:INFO:ДУГААРАА СОНГОЖ БУЙ ХЭСЭГ
2020-05-09 10:43:48,314:INFO:7
2020-05-09 10:43:58,994:INFO:ДУГААРАА СОНГОЖ БУЙ ХЭСЭГ
2020-05-09 10:43:58,994:INFO:7
2020-05-09 10:44:32,093:INFO:------------------------------------------------------------------------------------------------
2020-05-09 10:47:54,916:INFO:ДУГААРАА СОНГОЖ БУЙ ХЭСЭГ
2020-05-09 10:47:54,916:INFO:2
2020-05-09 10:49:47,263:ERROR:Internal Server Error: /getnumber
Traceback (most recent call last):
  File "/usr/local/lib/python2.7/dist-packages/django/core/handlers/exception.py", line 41, in inner
    response = get_response(request)
  File "/usr/local/lib/python2.7/dist-packages/django/core/handlers/base.py", line 187, in _get_response
    response = self.process_exception_by_middleware(e, request)
  File "/usr/local/lib/python2.7/dist-packages/django/core/handlers/base.py", line 185, in _get_response
    response = wrapped_callback(request, *callback_args, **callback_kwargs)
  File "/usr/local/lib/python2.7/dist-packages/django/views/decorators/csrf.py", line 58, in wrapped_view
    return view_func(*args, **kwargs)
  File "/usr/local/lib/python2.7/dist-packages/django/views/generic/base.py", line 68, in view
    return self.dispatch(request, *args, **kwargs)
  File "/usr/local/lib/python2.7/dist-packages/rest_framework/views.py", line 495, in dispatch
    response = self.handle_exception(exc)
  File "/usr/local/lib/python2.7/dist-packages/rest_framework/views.py", line 455, in handle_exception
    self.raise_uncaught_exception(exc)
  File "/usr/local/lib/python2.7/dist-packages/rest_framework/views.py", line 492, in dispatch
    response = handler(request, *args, **kwargs)
  File "/usr/local/lib/python2.7/dist-packages/rest_framework/decorators.py", line 55, in handler
    return func(*args, **kwargs)
  File "/home/user/nFilterNew/controller/views.py", line 206, in getNumber
    if data[1] == az:
IndexError: list index out of range
2020-05-09 10:50:01,577:INFO:------------------------------------------------------------------------------------------------
2020-05-09 10:50:02,898:INFO:ДУГААРАА СОНГОЖ БУЙ ХЭСЭГ
2020-05-09 10:50:02,898:INFO:2
2020-05-09 10:53:00,783:INFO:------------------------------------------------------------------------------------------------
2020-05-09 10:53:04,791:INFO:ДУГААРАА СОНГОЖ БУЙ ХЭСЭГ
2020-05-09 10:53:04,791:INFO:2
2020-05-09 10:54:26,525:INFO:ДУГААРАА СОНГОЖ БУЙ ХЭСЭГ
2020-05-09 10:54:26,525:INFO:2
2020-05-09 10:54:36,369:INFO:ДУГААРАА СОНГОЖ БУЙ ХЭСЭГ
2020-05-09 10:54:36,369:INFO:2
2020-05-09 10:54:43,322:INFO:ДУГААРАА СОНГОЖ БУЙ ХЭСЭГ
2020-05-09 10:54:43,322:INFO:2
2020-05-09 10:55:03,578:INFO:ДУГААРАА СОНГОЖ БУЙ ХЭСЭГ
2020-05-09 10:55:03,578:INFO:2
2020-05-09 10:55:24,290:INFO:------------------------------------------------------------------------------------------------
2020-05-09 10:55:34,882:INFO:------------------------------------------------------------------------------------------------
2020-05-09 10:55:35,987:INFO:ДУГААРАА СОНГОЖ БУЙ ХЭСЭГ
2020-05-09 10:55:35,987:INFO:2
2020-05-09 10:55:36,358:WARNING:Not Found: /favicon.ico
2020-05-09 10:55:36,464:WARNING:Not Found: /favicon.ico
2020-05-09 10:57:04,214:INFO:------------------------------------------------------------------------------------------------
2020-05-09 10:57:11,011:INFO:ДУГААРАА СОНГОЖ БУЙ ХЭСЭГ
2020-05-09 10:57:11,011:INFO:2
2020-05-09 10:57:13,824:INFO:ДУГААРАА СОНГОЖ БУЙ ХЭСЭГ
2020-05-09 10:57:13,824:INFO:2
2020-05-09 11:02:25,838:INFO:------------------------------------------------------------------------------------------------
2020-05-09 11:02:32,383:INFO:------------------------------------------------------------------------------------------------
2020-05-09 11:02:32,720:INFO:------------------------------------------------------------------------------------------------
2020-05-09 11:05:12,675:INFO:------------------------------------------------------------------------------------------------
2020-05-09 11:05:27,499:WARNING:Not Found: /favicon.ico
2020-05-09 11:12:11,037:INFO:ДУГААРАА СОНГОЖ БУЙ ХЭСЭГ
2020-05-09 11:12:11,037:INFO:7
2020-05-09 11:12:16,198:INFO:ДУГААРАА СОНГОЖ БУЙ ХЭСЭГ
2020-05-09 11:12:16,198:INFO:7
2020-05-09 11:12:20,024:INFO:ДУГААРАА СОНГОЖ БУЙ ХЭСЭГ
2020-05-09 11:12:20,025:INFO:7
2020-05-09 11:12:26,519:INFO:ДУГААРАА СОНГОЖ БУЙ ХЭСЭГ
2020-05-09 11:12:26,520:INFO:7
2020-05-09 11:12:29,446:INFO:ДУГААРАА СОНГОЖ БУЙ ХЭСЭГ
2020-05-09 11:12:29,446:INFO:7
2020-05-09 11:16:23,459:INFO:ДУГААРАА СОНГОЖ БУЙ ХЭСЭГ
2020-05-09 11:16:23,459:INFO:7
2020-05-09 11:16:24,005:WARNING:Not Found: /favicon.ico
2020-05-09 11:16:24,011:WARNING:Not Found: /favicon.ico
2020-05-09 11:16:25,897:INFO:------------------------------------------------------------------------------------------------
2020-05-09 11:16:35,228:INFO:------------------------------------------------------------------------------------------------
2020-05-09 11:22:16,773:INFO:ДУГААРАА СОНГОЖ БУЙ ХЭСЭГ
2020-05-09 11:22:16,774:INFO:7
2020-05-09 11:22:49,442:INFO:ДУГААРАА СОНГОЖ БУЙ ХЭСЭГ
2020-05-09 11:22:49,442:INFO:7
2020-05-09 11:25:18,150:INFO:------------------------------------------------------------------------------------------------
2020-05-09 11:25:19,684:INFO:ДУГААРАА СОНГОЖ БУЙ ХЭСЭГ
2020-05-09 11:25:19,684:INFO:2
2020-05-09 11:25:20,026:WARNING:Not Found: /favicon.ico
2020-05-09 11:30:29,842:INFO:------------------------------------------------------------------------------------------------
2020-05-09 11:30:40,746:INFO:ДУГААРАА СОНГОЖ БУЙ ХЭСЭГ
2020-05-09 11:30:40,747:INFO:2
2020-05-09 11:31:41,241:INFO:------------------------------------------------------------------------------------------------
2020-05-09 11:31:42,414:INFO:ДУГААРАА СОНГОЖ БУЙ ХЭСЭГ
2020-05-09 11:31:42,414:INFO:2
2020-05-09 11:31:48,424:INFO:------------------------------------------------------------------------------------------------
2020-05-09 11:32:03,464:INFO:ДУГААРАА СОНГОЖ БУЙ ХЭСЭГ
2020-05-09 11:32:03,465:INFO:7
2020-05-09 11:32:03,825:WARNING:Not Found: /favicon.ico
2020-05-09 11:32:15,371:INFO:ДУГААРАА СОНГОЖ БУЙ ХЭСЭГ
2020-05-09 11:32:15,371:INFO:2
2020-05-09 11:32:36,724:INFO:ДУГААРАА СОНГОЖ БУЙ ХЭСЭГ
2020-05-09 11:32:36,724:INFO:3
2020-05-09 11:32:48,159:INFO:ДУГААРАА СОНГОЖ БУЙ ХЭСЭГ
2020-05-09 11:32:48,160:INFO:4
2020-05-09 11:33:08,042:INFO:ДУГААРАА СОНГОЖ БУЙ ХЭСЭГ
2020-05-09 11:33:08,042:INFO:7
2020-05-09 11:34:12,245:INFO:ДУГААРЫН ҮНЭ
2020-05-09 11:34:12,248:INFO:10000
2020-05-09 11:34:16,465:INFO:ДУГААРАА СОНГОЖ БУЙ ХЭСЭГ
2020-05-09 11:34:16,465:INFO:2
2020-05-09 11:34:21,486:INFO:------------------------------------------------------------------------------------------------
2020-05-09 11:34:22,675:INFO:ДУГААРАА СОНГОЖ БУЙ ХЭСЭГ
2020-05-09 11:34:22,676:INFO:2
2020-05-09 11:34:26,425:INFO:ДУГААРАА СОНГОЖ БУЙ ХЭСЭГ
2020-05-09 11:34:26,425:INFO:2
2020-05-09 11:34:38,710:INFO:ДУГААРАА СОНГОЖ БУЙ ХЭСЭГ
2020-05-09 11:34:38,710:INFO:2
2020-05-09 11:35:29,982:INFO:ДУГААРАА СОНГОЖ БУЙ ХЭСЭГ
2020-05-09 11:35:29,982:INFO:2
2020-05-09 11:35:45,693:INFO:ДУГААРАА СОНГОЖ БУЙ ХЭСЭГ
2020-05-09 11:35:45,693:INFO:3
2020-05-09 11:35:46,673:WARNING:Not Found: /favicon.ico
2020-05-09 11:36:10,489:INFO:ДУГААРАА СОНГОЖ БУЙ ХЭСЭГ
2020-05-09 11:36:10,490:INFO:3
2020-05-09 11:36:17,632:INFO:------------------------------------------------------------------------------------------------
2020-05-09 11:36:30,052:INFO:ДУГААРАА СОНГОЖ БУЙ ХЭСЭГ
2020-05-09 11:36:30,052:INFO:4
2020-05-09 11:37:13,910:INFO:ДУГААРАА СОНГОЖ БУЙ ХЭСЭГ
2020-05-09 11:37:13,911:INFO:7
2020-05-09 11:37:24,550:INFO:ДУГААРАА СОНГОЖ БУЙ ХЭСЭГ
2020-05-09 11:37:24,550:INFO:7
2020-05-09 11:37:38,211:INFO:ДУГААРАА СОНГОЖ БУЙ ХЭСЭГ
2020-05-09 11:37:38,211:INFO:7
2020-05-09 11:38:00,690:INFO:ДУГААРАА СОНГОЖ БУЙ ХЭСЭГ
2020-05-09 11:38:00,690:INFO:7
2020-05-09 11:38:01,611:INFO:ДУГААРАА СОНГОЖ БУЙ ХЭСЭГ
2020-05-09 11:38:01,611:INFO:7
2020-05-09 11:38:10,759:INFO:ДУГААРАА СОНГОЖ БУЙ ХЭСЭГ
2020-05-09 11:38:10,760:INFO:7
2020-05-09 11:38:37,750:INFO:ДУГААРАА СОНГОЖ БУЙ ХЭСЭГ
2020-05-09 11:38:37,750:INFO:7
2020-05-09 11:38:56,059:INFO:ДУГААРАА СОНГОЖ БУЙ ХЭСЭГ
2020-05-09 11:38:56,059:INFO:7
2020-05-09 11:39:59,382:INFO:------------------------------------------------------------------------------------------------
2020-05-09 11:40:13,635:INFO:ДУГААРАА СОНГОЖ БУЙ ХЭСЭГ
2020-05-09 11:40:13,636:INFO:3
2020-05-09 11:40:18,825:INFO:ДУГААРАА СОНГОЖ БУЙ ХЭСЭГ
2020-05-09 11:40:18,825:INFO:3
2020-05-09 11:40:26,890:INFO:ДУГААРАА СОНГОЖ БУЙ ХЭСЭГ
2020-05-09 11:40:26,890:INFO:3
2020-05-09 11:40:32,999:INFO:ДУГААРАА СОНГОЖ БУЙ ХЭСЭГ
2020-05-09 11:40:33,000:INFO:3
2020-05-09 11:40:53,920:INFO:ДУГААРАА СОНГОЖ БУЙ ХЭСЭГ
2020-05-09 11:40:53,920:INFO:3
2020-05-09 11:41:00,089:INFO:ДУГААРАА СОНГОЖ БУЙ ХЭСЭГ
2020-05-09 11:41:00,090:INFO:3
2020-05-09 11:41:11,035:INFO:ДУГААРАА СОНГОЖ БУЙ ХЭСЭГ
2020-05-09 11:41:11,035:INFO:3
2020-05-09 11:41:23,505:INFO:ДУГААРАА СОНГОЖ БУЙ ХЭСЭГ
2020-05-09 11:41:23,505:INFO:4
2020-05-09 11:42:41,157:INFO:------------------------------------------------------------------------------------------------
2020-05-09 11:48:09,212:INFO:------------------------------------------------------------------------------------------------
2020-05-09 11:48:10,276:INFO:ДУГААРАА СОНГОЖ БУЙ ХЭСЭГ
2020-05-09 11:48:10,276:INFO:7
2020-05-09 11:48:40,728:INFO:ДУГААРАА СОНГОЖ БУЙ ХЭСЭГ
2020-05-09 11:48:40,729:INFO:7
2020-05-09 11:48:52,549:INFO:ДУГААРАА СОНГОЖ БУЙ ХЭСЭГ
2020-05-09 11:48:52,549:INFO:7
2020-05-09 11:48:53,978:INFO:ДУГААРАА СОНГОЖ БУЙ ХЭСЭГ
2020-05-09 11:48:53,978:INFO:7
2020-05-09 11:48:56,663:INFO:------------------------------------------------------------------------------------------------
2020-05-09 11:49:46,705:INFO:ДУГААРАА СОНГОЖ БУЙ ХЭСЭГ
2020-05-09 11:49:46,705:INFO:7
2020-05-09 11:49:55,251:INFO:ДУГААРАА СОНГОЖ БУЙ ХЭСЭГ
2020-05-09 11:49:55,252:INFO:7
2020-05-09 11:53:58,544:INFO:ДУГААРАА СОНГОЖ БУЙ ХЭСЭГ
2020-05-09 11:53:58,544:INFO:7
2020-05-09 11:53:58,885:WARNING:Not Found: /favicon.ico
2020-05-09 11:54:53,441:INFO:ДУГААРАА СОНГОЖ БУЙ ХЭСЭГ
2020-05-09 11:54:53,441:INFO:7
2020-05-09 11:54:56,878:INFO:ДУГААРАА СОНГОЖ БУЙ ХЭСЭГ
2020-05-09 11:54:56,879:INFO:7
2020-05-09 11:54:58,801:INFO:ДУГААРАА СОНГОЖ БУЙ ХЭСЭГ
2020-05-09 11:54:58,801:INFO:7
2020-05-09 11:55:24,430:INFO:------------------------------------------------------------------------------------------------
2020-05-09 11:57:15,060:INFO:ДУГААРЫН ҮНЭ
2020-05-09 11:57:15,065:INFO:10000
2020-05-09 11:59:27,215:INFO:ДУГААРЫН ҮНЭ
2020-05-09 11:59:27,218:INFO:10000
2020-05-09 12:01:48,687:INFO:ДУГААРАА СОНГОЖ БУЙ ХЭСЭГ
2020-05-09 12:01:48,687:INFO:7
2020-05-09 12:02:25,938:INFO:------------------------------------------------------------------------------------------------
2020-05-09 12:02:32,469:INFO:------------------------------------------------------------------------------------------------
2020-05-09 12:02:32,824:INFO:------------------------------------------------------------------------------------------------
2020-05-09 12:05:15,416:INFO:------------------------------------------------------------------------------------------------
2020-05-09 12:06:53,303:INFO:------------------------------------------------------------------------------------------------
2020-05-09 12:06:57,733:INFO:ДУГААРАА СОНГОЖ БУЙ ХЭСЭГ
2020-05-09 12:06:57,733:INFO:2
2020-05-09 12:06:58,046:WARNING:Not Found: /favicon.ico
2020-05-09 12:07:12,073:INFO:ДУГААРАА СОНГОЖ БУЙ ХЭСЭГ
2020-05-09 12:07:12,074:INFO:2
2020-05-09 12:07:53,514:INFO:------------------------------------------------------------------------------------------------
2020-05-09 12:07:57,261:INFO:ДУГААРАА СОНГОЖ БУЙ ХЭСЭГ
2020-05-09 12:07:57,261:INFO:7
2020-05-09 12:08:28,644:INFO:ДУГААРЫН ҮНЭ
2020-05-09 12:08:28,647:INFO:10000
2020-05-09 12:08:33,898:INFO:ДУГААРАА СОНГОЖ БУЙ ХЭСЭГ
2020-05-09 12:08:33,898:INFO:3
2020-05-09 12:09:13,289:INFO:ДУГААРАА СОНГОЖ БУЙ ХЭСЭГ
2020-05-09 12:09:13,289:INFO:4
2020-05-09 12:09:33,952:INFO:------------------------------------------------------------------------------------------------
2020-05-09 12:15:54,663:INFO:ДУГААРАА СОНГОЖ БУЙ ХЭСЭГ
2020-05-09 12:15:54,663:INFO:2
2020-05-09 12:15:55,355:WARNING:Not Found: /favicon.ico
2020-05-09 12:16:26,435:INFO:------------------------------------------------------------------------------------------------
2020-05-09 12:17:13,012:INFO:ДУГААРАА СОНГОЖ БУЙ ХЭСЭГ
2020-05-09 12:17:13,012:INFO:7
2020-05-09 12:18:30,031:INFO:------------------------------------------------------------------------------------------------
2020-05-09 12:18:37,434:INFO:ДУГААРАА СОНГОЖ БУЙ ХЭСЭГ
2020-05-09 12:18:37,434:INFO:2
2020-05-09 12:18:40,356:INFO:ДУГААРАА СОНГОЖ БУЙ ХЭСЭГ
2020-05-09 12:18:40,356:INFO:2
2020-05-09 12:18:41,646:INFO:------------------------------------------------------------------------------------------------
2020-05-09 12:18:48,874:INFO:ДУГААРАА СОНГОЖ БУЙ ХЭСЭГ
2020-05-09 12:18:48,874:INFO:4
2020-05-09 12:18:53,002:INFO:------------------------------------------------------------------------------------------------
2020-05-09 12:18:59,923:INFO:ДУГААРАА СОНГОЖ БУЙ ХЭСЭГ
2020-05-09 12:18:59,923:INFO:2
2020-05-09 12:19:06,169:INFO:------------------------------------------------------------------------------------------------
2020-05-09 12:19:08,370:INFO:ДУГААРАА СОНГОЖ БУЙ ХЭСЭГ
2020-05-09 12:19:08,370:INFO:7
2020-05-09 12:19:08,848:INFO:ДУГААРАА СОНГОЖ БУЙ ХЭСЭГ
2020-05-09 12:19:08,849:INFO:4
2020-05-09 12:19:33,003:INFO:ДУГААРАА СОНГОЖ БУЙ ХЭСЭГ
2020-05-09 12:19:33,004:INFO:4
2020-05-09 12:19:40,479:INFO:ДУГААРАА СОНГОЖ БУЙ ХЭСЭГ
2020-05-09 12:19:40,479:INFO:4
2020-05-09 12:19:46,548:INFO:ДУГААРАА СОНГОЖ БУЙ ХЭСЭГ
2020-05-09 12:19:46,548:INFO:4
2020-05-09 12:19:47,124:INFO:------------------------------------------------------------------------------------------------
2020-05-09 12:20:02,489:INFO:ДУГААРАА СОНГОЖ БУЙ ХЭСЭГ
2020-05-09 12:20:02,489:INFO:7
2020-05-09 12:21:23,621:INFO:ДУГААРЫН ҮНЭ
2020-05-09 12:21:23,624:INFO:5000
2020-05-09 12:21:44,301:INFO:ДУГААРЫН ҮНЭ
2020-05-09 12:21:44,304:INFO:5000
2020-05-09 12:22:38,472:INFO:ДУГААРЫН ҮНЭ
2020-05-09 12:22:38,475:INFO:10000
2020-05-09 12:22:48,151:INFO:ДУГААРАА СОНГОЖ БУЙ ХЭСЭГ
2020-05-09 12:22:48,151:INFO:7
2020-05-09 12:22:54,382:INFO:ДУГААРАА СОНГОЖ БУЙ ХЭСЭГ
2020-05-09 12:22:54,382:INFO:2
2020-05-09 12:23:01,804:INFO:ДУГААРАА СОНГОЖ БУЙ ХЭСЭГ
2020-05-09 12:23:01,804:INFO:3
2020-05-09 12:23:12,023:INFO:ДУГААРАА СОНГОЖ БУЙ ХЭСЭГ
2020-05-09 12:23:12,023:INFO:3
2020-05-09 12:23:33,493:INFO:ДУГААРАА СОНГОЖ БУЙ ХЭСЭГ
2020-05-09 12:23:33,494:INFO:7
2020-05-09 12:23:36,926:INFO:ДУГААРАА СОНГОЖ БУЙ ХЭСЭГ
2020-05-09 12:23:36,926:INFO:7
2020-05-09 12:23:42,686:INFO:ДУГААРАА СОНГОЖ БУЙ ХЭСЭГ
2020-05-09 12:23:42,686:INFO:7
2020-05-09 12:23:49,327:INFO:ДУГААРАА СОНГОЖ БУЙ ХЭСЭГ
2020-05-09 12:23:49,327:INFO:7
2020-05-09 12:23:59,366:INFO:ДУГААРАА СОНГОЖ БУЙ ХЭСЭГ
2020-05-09 12:23:59,366:INFO:7
2020-05-09 12:24:50,723:INFO:------------------------------------------------------------------------------------------------
2020-05-09 12:24:52,503:INFO:ДУГААРАА СОНГОЖ БУЙ ХЭСЭГ
2020-05-09 12:24:52,503:INFO:3
2020-05-09 12:24:54,566:INFO:------------------------------------------------------------------------------------------------
2020-05-09 12:24:58,019:INFO:ДУГААРАА СОНГОЖ БУЙ ХЭСЭГ
2020-05-09 12:24:58,019:INFO:7
2020-05-09 12:24:58,292:WARNING:Not Found: /favicon.ico
2020-05-09 12:24:59,203:INFO:ДУГААРАА СОНГОЖ БУЙ ХЭСЭГ
2020-05-09 12:24:59,203:INFO:3
2020-05-09 12:25:34,523:INFO:ДУГААРАА СОНГОЖ БУЙ ХЭСЭГ
2020-05-09 12:25:34,523:INFO:7
2020-05-09 12:25:45,371:INFO:ДУГААРАА СОНГОЖ БУЙ ХЭСЭГ
2020-05-09 12:25:45,371:INFO:7
2020-05-09 12:25:45,647:INFO:ДУГААРАА СОНГОЖ БУЙ ХЭСЭГ
2020-05-09 12:25:45,647:INFO:2
2020-05-09 12:25:47,575:WARNING:Not Found: /favicon.ico
2020-05-09 12:25:50,487:INFO:ДУГААРАА СОНГОЖ БУЙ ХЭСЭГ
2020-05-09 12:25:50,487:INFO:7
2020-05-09 12:26:02,155:INFO:ДУГААРАА СОНГОЖ БУЙ ХЭСЭГ
2020-05-09 12:26:02,155:INFO:7
2020-05-09 12:26:02,368:INFO:ДУГААРАА СОНГОЖ БУЙ ХЭСЭГ
2020-05-09 12:26:02,368:INFO:7
2020-05-09 12:26:30,203:INFO:ДУГААРАА СОНГОЖ БУЙ ХЭСЭГ
2020-05-09 12:26:30,203:INFO:7
2020-05-09 12:27:09,407:INFO:ДУГААРАА СОНГОЖ БУЙ ХЭСЭГ
2020-05-09 12:27:09,408:INFO:7
2020-05-09 12:28:24,306:INFO:ДУГААРАА СОНГОЖ БУЙ ХЭСЭГ
2020-05-09 12:28:24,306:INFO:7
2020-05-09 12:28:59,447:INFO:ДУГААРАА СОНГОЖ БУЙ ХЭСЭГ
2020-05-09 12:28:59,448:INFO:7
2020-05-09 12:30:03,312:INFO:ДУГААРАА СОНГОЖ БУЙ ХЭСЭГ
2020-05-09 12:30:03,313:INFO:7
2020-05-09 12:30:21,251:INFO:ДУГААРАА СОНГОЖ БУЙ ХЭСЭГ
2020-05-09 12:30:21,251:INFO:7
2020-05-09 12:31:28,311:INFO:ДУГААРЫН ҮНЭ
2020-05-09 12:31:28,314:INFO:10000
2020-05-09 12:32:23,746:INFO:ДУГААРЫН ZAHIALGA
2020-05-09 12:32:58,456:INFO:ДУГААРАА СОНГОЖ БУЙ ХЭСЭГ
2020-05-09 12:32:58,456:INFO:7
2020-05-09 12:33:01,066:INFO:ДУГААРАА СОНГОЖ БУЙ ХЭСЭГ
2020-05-09 12:33:01,067:INFO:7
2020-05-09 12:33:01,667:INFO:ДУГААРАА СОНГОЖ БУЙ ХЭСЭГ
2020-05-09 12:33:01,667:INFO:7
2020-05-09 12:34:00,648:INFO:------------------------------------------------------------------------------------------------
2020-05-09 12:34:58,091:INFO:ДУГААРАА СОНГОЖ БУЙ ХЭСЭГ
2020-05-09 12:34:58,092:INFO:2
2020-05-09 12:35:03,539:ERROR:Internal Server Error: /getnumber
Traceback (most recent call last):
  File "/usr/local/lib/python2.7/dist-packages/django/core/handlers/exception.py", line 41, in inner
    response = get_response(request)
  File "/usr/local/lib/python2.7/dist-packages/django/core/handlers/base.py", line 187, in _get_response
    response = self.process_exception_by_middleware(e, request)
  File "/usr/local/lib/python2.7/dist-packages/django/core/handlers/base.py", line 185, in _get_response
    response = wrapped_callback(request, *callback_args, **callback_kwargs)
  File "/usr/local/lib/python2.7/dist-packages/django/views/decorators/csrf.py", line 58, in wrapped_view
    return view_func(*args, **kwargs)
  File "/usr/local/lib/python2.7/dist-packages/django/views/generic/base.py", line 68, in view
    return self.dispatch(request, *args, **kwargs)
  File "/usr/local/lib/python2.7/dist-packages/rest_framework/views.py", line 495, in dispatch
    response = self.handle_exception(exc)
  File "/usr/local/lib/python2.7/dist-packages/rest_framework/views.py", line 455, in handle_exception
    self.raise_uncaught_exception(exc)
  File "/usr/local/lib/python2.7/dist-packages/rest_framework/views.py", line 492, in dispatch
    response = handler(request, *args, **kwargs)
  File "/usr/local/lib/python2.7/dist-packages/rest_framework/decorators.py", line 55, in handler
    return func(*args, **kwargs)
  File "/home/user/nFilterNew/controller/views.py", line 206, in getNumber
    if data[1] == az:
IndexError: list index out of range
2020-05-09 12:35:34,930:INFO:ДУГААРАА СОНГОЖ БУЙ ХЭСЭГ
2020-05-09 12:35:34,930:INFO:7
2020-05-09 12:36:17,738:INFO:------------------------------------------------------------------------------------------------
2020-05-09 12:37:26,301:INFO:------------------------------------------------------------------------------------------------
2020-05-09 12:37:39,316:INFO:ДУГААРАА СОНГОЖ БУЙ ХЭСЭГ
2020-05-09 12:37:39,317:INFO:7
2020-05-09 12:37:40,418:WARNING:Not Found: /favicon.ico
2020-05-09 12:37:41,867:INFO:ДУГААРАА СОНГОЖ БУЙ ХЭСЭГ
2020-05-09 12:37:41,868:INFO:7
2020-05-09 12:37:50,370:INFO:ДУГААРАА СОНГОЖ БУЙ ХЭСЭГ
2020-05-09 12:37:50,370:INFO:7
2020-05-09 12:39:59,642:INFO:------------------------------------------------------------------------------------------------
2020-05-09 12:41:34,299:INFO:------------------------------------------------------------------------------------------------
2020-05-09 12:41:37,839:INFO:ДУГААРАА СОНГОЖ БУЙ ХЭСЭГ
2020-05-09 12:41:37,840:INFO:7
2020-05-09 12:41:38,104:WARNING:Not Found: /favicon.ico
2020-05-09 12:42:21,795:INFO:ДУГААРАА СОНГОЖ БУЙ ХЭСЭГ
2020-05-09 12:42:21,795:INFO:2
2020-05-09 12:42:29,281:INFO:ДУГААРАА СОНГОЖ БУЙ ХЭСЭГ
2020-05-09 12:42:29,281:INFO:7
2020-05-09 12:43:07,881:INFO:ДУГААРАА СОНГОЖ БУЙ ХЭСЭГ
2020-05-09 12:43:07,881:INFO:7
2020-05-09 12:45:58,696:INFO:------------------------------------------------------------------------------------------------
2020-05-09 12:46:01,088:INFO:ДУГААРАА СОНГОЖ БУЙ ХЭСЭГ
2020-05-09 12:46:01,089:INFO:7
2020-05-09 12:46:01,401:WARNING:Not Found: /favicon.ico
2020-05-09 12:46:26,894:INFO:ДУГААРЫН ҮНЭ
2020-05-09 12:46:26,897:INFO:10000
2020-05-09 12:47:26,921:INFO:ДУГААРЫН ZAHIALGA
2020-05-09 12:47:40,306:INFO:ДУГААРАА СОНГОЖ БУЙ ХЭСЭГ
2020-05-09 12:47:40,306:INFO:7
2020-05-09 12:51:47,566:INFO:------------------------------------------------------------------------------------------------
2020-05-09 12:51:49,530:INFO:ДУГААРАА СОНГОЖ БУЙ ХЭСЭГ
2020-05-09 12:51:49,531:INFO:7
2020-05-09 12:51:49,863:WARNING:Not Found: /favicon.ico
2020-05-09 12:52:21,616:INFO:ДУГААРАА СОНГОЖ БУЙ ХЭСЭГ
2020-05-09 12:52:21,616:INFO:7
2020-05-09 12:53:19,899:INFO:ДУГААРАА СОНГОЖ БУЙ ХЭСЭГ
2020-05-09 12:53:19,900:INFO:7
2020-05-09 12:53:20,039:INFO:ДУГААРАА СОНГОЖ БУЙ ХЭСЭГ
2020-05-09 12:53:20,040:INFO:7
2020-05-09 12:53:26,882:INFO:ДУГААРАА СОНГОЖ БУЙ ХЭСЭГ
2020-05-09 12:53:26,882:INFO:7
2020-05-09 12:54:25,053:INFO:ДУГААРАА СОНГОЖ БУЙ ХЭСЭГ
2020-05-09 12:54:25,053:INFO:7
2020-05-09 12:55:24,616:INFO:------------------------------------------------------------------------------------------------
2020-05-09 12:55:41,585:INFO:------------------------------------------------------------------------------------------------
2020-05-09 12:55:43,280:INFO:ДУГААРАА СОНГОЖ БУЙ ХЭСЭГ
2020-05-09 12:55:43,280:INFO:7
2020-05-09 12:55:43,683:WARNING:Not Found: /favicon.ico
2020-05-09 12:58:40,545:INFO:ДУГААРАА СОНГОЖ БУЙ ХЭСЭГ
2020-05-09 12:58:40,546:INFO:7
2020-05-09 12:58:56,336:INFO:ДУГААРАА СОНГОЖ БУЙ ХЭСЭГ
2020-05-09 12:58:56,336:INFO:7
2020-05-09 12:59:34,646:INFO:ДУГААРАА СОНГОЖ БУЙ ХЭСЭГ
2020-05-09 12:59:34,646:INFO:2
2020-05-09 12:59:53,950:INFO:ДУГААРАА СОНГОЖ БУЙ ХЭСЭГ
2020-05-09 12:59:53,951:INFO:3
2020-05-09 13:00:02,010:INFO:ДУГААРАА СОНГОЖ БУЙ ХЭСЭГ
2020-05-09 13:00:02,011:INFO:3
2020-05-09 13:00:06,846:INFO:ДУГААРАА СОНГОЖ БУЙ ХЭСЭГ
2020-05-09 13:00:06,846:INFO:4
2020-05-09 13:00:28,346:INFO:ДУГААРАА СОНГОЖ БУЙ ХЭСЭГ
2020-05-09 13:00:28,346:INFO:7
2020-05-09 13:01:07,286:INFO:ДУГААРАА СОНГОЖ БУЙ ХЭСЭГ
2020-05-09 13:01:07,286:INFO:7
2020-05-09 13:02:26,026:INFO:------------------------------------------------------------------------------------------------
2020-05-09 13:02:32,526:INFO:------------------------------------------------------------------------------------------------
2020-05-09 13:02:32,900:INFO:------------------------------------------------------------------------------------------------
2020-05-09 13:04:36,784:INFO:------------------------------------------------------------------------------------------------
2020-05-09 13:04:39,447:INFO:ДУГААРАА СОНГОЖ БУЙ ХЭСЭГ
2020-05-09 13:04:39,447:INFO:7
2020-05-09 13:05:51,825:INFO:------------------------------------------------------------------------------------------------
2020-05-09 13:05:53,179:INFO:ДУГААРАА СОНГОЖ БУЙ ХЭСЭГ
2020-05-09 13:05:53,180:INFO:7
2020-05-09 13:05:53,504:WARNING:Not Found: /favicon.ico
2020-05-09 13:05:55,418:INFO:ДУГААРАА СОНГОЖ БУЙ ХЭСЭГ
2020-05-09 13:05:55,418:INFO:2
2020-05-09 13:05:57,076:INFO:ДУГААРАА СОНГОЖ БУЙ ХЭСЭГ
2020-05-09 13:05:57,076:INFO:2
2020-05-09 13:05:57,280:WARNING:Not Found: /favicon.ico
2020-05-09 13:06:02,735:INFO:ДУГААРАА СОНГОЖ БУЙ ХЭСЭГ
2020-05-09 13:06:02,735:INFO:2
2020-05-09 13:06:03,546:INFO:ДУГААРАА СОНГОЖ БУЙ ХЭСЭГ
2020-05-09 13:06:03,546:INFO:7
2020-05-09 13:06:08,848:INFO:ДУГААРЫН ҮНЭ
2020-05-09 13:06:08,850:INFO:5000
2020-05-09 13:06:09,029:INFO:------------------------------------------------------------------------------------------------
2020-05-09 13:06:11,043:INFO:ДУГААРАА СОНГОЖ БУЙ ХЭСЭГ
2020-05-09 13:06:11,043:INFO:2
2020-05-09 13:06:15,223:INFO:ДУГААРЫН ZAHIALGA
2020-05-09 13:06:28,275:INFO:ДУГААРАА СОНГОЖ БУЙ ХЭСЭГ
2020-05-09 13:06:28,275:INFO:2
2020-05-09 13:06:29,537:INFO:ДУГААРАА СОНГОЖ БУЙ ХЭСЭГ
2020-05-09 13:06:29,537:INFO:2
2020-05-09 13:06:54,441:INFO:------------------------------------------------------------------------------------------------
2020-05-09 13:06:56,275:INFO:ДУГААРАА СОНГОЖ БУЙ ХЭСЭГ
2020-05-09 13:06:56,275:INFO:7
2020-05-09 13:08:15,399:INFO:------------------------------------------------------------------------------------------------
2020-05-09 13:08:58,631:INFO:ДУГААРАА СОНГОЖ БУЙ ХЭСЭГ
2020-05-09 13:08:58,631:INFO:7
2020-05-09 13:09:34,490:INFO:------------------------------------------------------------------------------------------------
2020-05-09 13:10:16,138:INFO:ДУГААРАА СОНГОЖ БУЙ ХЭСЭГ
2020-05-09 13:10:16,138:INFO:7
2020-05-09 13:10:16,865:INFO:ДУГААРАА СОНГОЖ БУЙ ХЭСЭГ
2020-05-09 13:10:16,865:INFO:7
2020-05-09 13:10:23,934:INFO:ДУГААРАА СОНГОЖ БУЙ ХЭСЭГ
2020-05-09 13:10:23,934:INFO:7
2020-05-09 13:10:29,938:INFO:ДУГААРАА СОНГОЖ БУЙ ХЭСЭГ
2020-05-09 13:10:29,939:INFO:2
2020-05-09 13:10:53,511:INFO:ДУГААРАА СОНГОЖ БУЙ ХЭСЭГ
2020-05-09 13:10:53,511:INFO:2
2020-05-09 13:12:18,243:INFO:------------------------------------------------------------------------------------------------
2020-05-09 13:12:19,592:INFO:ДУГААРАА СОНГОЖ БУЙ ХЭСЭГ
2020-05-09 13:12:19,592:INFO:7
2020-05-09 13:12:19,836:WARNING:Not Found: /favicon.ico
2020-05-09 13:15:37,761:INFO:------------------------------------------------------------------------------------------------
2020-05-09 13:16:34,291:INFO:------------------------------------------------------------------------------------------------
2020-05-09 13:16:36,451:INFO:ДУГААРАА СОНГОЖ БУЙ ХЭСЭГ
2020-05-09 13:16:36,451:INFO:7
2020-05-09 13:16:36,664:WARNING:Not Found: /favicon.ico
2020-05-09 13:17:59,111:INFO:ДУГААРАА СОНГОЖ БУЙ ХЭСЭГ
2020-05-09 13:17:59,111:INFO:7
2020-05-09 13:18:06,071:INFO:ДУГААРАА СОНГОЖ БУЙ ХЭСЭГ
2020-05-09 13:18:06,071:INFO:7
2020-05-09 13:18:08,382:INFO:ДУГААРАА СОНГОЖ БУЙ ХЭСЭГ
2020-05-09 13:18:08,382:INFO:7
2020-05-09 13:19:03,911:INFO:ДУГААРАА СОНГОЖ БУЙ ХЭСЭГ
2020-05-09 13:19:03,911:INFO:7
2020-05-09 13:19:48,399:INFO:------------------------------------------------------------------------------------------------
2020-05-09 13:20:02,181:INFO:ДУГААРАА СОНГОЖ БУЙ ХЭСЭГ
2020-05-09 13:20:02,181:INFO:7
2020-05-09 13:25:52,402:INFO:ДУГААРАА СОНГОЖ БУЙ ХЭСЭГ
2020-05-09 13:25:52,402:INFO:7
2020-05-09 13:26:42,997:INFO:ДУГААРАА СОНГОЖ БУЙ ХЭСЭГ
2020-05-09 13:26:42,997:INFO:7
2020-05-09 13:26:54,644:INFO:ДУГААРАА СОНГОЖ БУЙ ХЭСЭГ
2020-05-09 13:26:54,644:INFO:7
2020-05-09 13:27:26,903:INFO:ДУГААРАА СОНГОЖ БУЙ ХЭСЭГ
2020-05-09 13:27:26,903:INFO:7
2020-05-09 13:28:51,160:INFO:ДУГААРАА СОНГОЖ БУЙ ХЭСЭГ
2020-05-09 13:28:51,161:INFO:7
2020-05-09 13:28:54,632:INFO:ДУГААРЫН ҮНЭ
2020-05-09 13:28:54,635:INFO:10000
2020-05-09 13:29:12,796:INFO:ДУГААРАА СОНГОЖ БУЙ ХЭСЭГ
2020-05-09 13:29:12,796:INFO:7
2020-05-09 13:29:24,416:INFO:ДУГААРАА СОНГОЖ БУЙ ХЭСЭГ
2020-05-09 13:29:24,417:INFO:7
2020-05-09 13:29:54,932:INFO:ДУГААРАА СОНГОЖ БУЙ ХЭСЭГ
2020-05-09 13:29:54,932:INFO:7
2020-05-09 13:30:41,001:INFO:ДУГААРАА СОНГОЖ БУЙ ХЭСЭГ
2020-05-09 13:30:41,001:INFO:7
2020-05-09 13:30:49,794:INFO:ДУГААРАА СОНГОЖ БУЙ ХЭСЭГ
2020-05-09 13:30:49,794:INFO:7
2020-05-09 13:34:00,787:INFO:------------------------------------------------------------------------------------------------
2020-05-09 13:37:01,296:INFO:ДУГААРАА СОНГОЖ БУЙ ХЭСЭГ
2020-05-09 13:37:01,296:INFO:7
2020-05-09 13:37:16,831:INFO:ДУГААРАА СОНГОЖ БУЙ ХЭСЭГ
2020-05-09 13:37:16,832:INFO:2
2020-05-09 13:37:24,021:INFO:ДУГААРАА СОНГОЖ БУЙ ХЭСЭГ
2020-05-09 13:37:24,022:INFO:7
2020-05-09 13:37:35,256:INFO:ДУГААРАА СОНГОЖ БУЙ ХЭСЭГ
2020-05-09 13:37:35,256:INFO:3
2020-05-09 13:37:41,496:INFO:ДУГААРАА СОНГОЖ БУЙ ХЭСЭГ
2020-05-09 13:37:41,496:INFO:4
2020-05-09 13:37:49,861:INFO:ДУГААРАА СОНГОЖ БУЙ ХЭСЭГ
2020-05-09 13:37:49,861:INFO:7
2020-05-09 13:38:02,067:INFO:ДУГААРАА СОНГОЖ БУЙ ХЭСЭГ
2020-05-09 13:38:02,067:INFO:7
2020-05-09 13:38:04,976:INFO:ДУГААРАА СОНГОЖ БУЙ ХЭСЭГ
2020-05-09 13:38:04,976:INFO:7
2020-05-09 13:38:06,624:INFO:ДУГААРАА СОНГОЖ БУЙ ХЭСЭГ
2020-05-09 13:38:06,624:INFO:7
2020-05-09 13:38:38,801:INFO:ДУГААРЫН ҮНЭ
2020-05-09 13:38:38,803:INFO:10000
2020-05-09 13:39:18,886:INFO:ДУГААРЫН ZAHIALGA
2020-05-09 13:39:46,476:INFO:------------------------------------------------------------------------------------------------
2020-05-09 13:39:50,985:INFO:ДУГААРАА СОНГОЖ БУЙ ХЭСЭГ
2020-05-09 13:39:50,986:INFO:7
2020-05-09 13:39:59,895:INFO:------------------------------------------------------------------------------------------------
2020-05-09 13:40:36,936:INFO:------------------------------------------------------------------------------------------------
2020-05-09 13:40:39,811:INFO:ДУГААРАА СОНГОЖ БУЙ ХЭСЭГ
2020-05-09 13:40:39,812:INFO:7
2020-05-09 13:40:40,079:WARNING:Not Found: /favicon.ico
2020-05-09 13:41:27,796:INFO:ДУГААРАА СОНГОЖ БУЙ ХЭСЭГ
2020-05-09 13:41:27,797:INFO:7
2020-05-09 13:41:45,896:INFO:------------------------------------------------------------------------------------------------
2020-05-09 13:51:09,776:INFO:ДУГААРАА СОНГОЖ БУЙ ХЭСЭГ
2020-05-09 13:51:09,776:INFO:2
2020-05-09 13:51:11,629:INFO:------------------------------------------------------------------------------------------------
2020-05-09 13:51:40,159:INFO:ДУГААРАА СОНГОЖ БУЙ ХЭСЭГ
2020-05-09 13:51:40,159:INFO:2
2020-05-09 13:55:24,760:INFO:------------------------------------------------------------------------------------------------
2020-05-09 14:02:27,426:INFO:------------------------------------------------------------------------------------------------
2020-05-09 14:02:32,616:INFO:------------------------------------------------------------------------------------------------
2020-05-09 14:02:32,970:INFO:------------------------------------------------------------------------------------------------
2020-05-09 14:03:10,628:INFO:------------------------------------------------------------------------------------------------
2020-05-09 14:03:12,478:INFO:ДУГААРАА СОНГОЖ БУЙ ХЭСЭГ
2020-05-09 14:03:12,478:INFO:7
2020-05-09 14:03:47,407:INFO:ДУГААРЫН ҮНЭ
2020-05-09 14:03:47,409:INFO:10000
2020-05-09 14:04:03,868:INFO:ДУГААРЫН ZAHIALGA
2020-05-09 14:09:37,343:INFO:------------------------------------------------------------------------------------------------
2020-05-09 14:15:37,852:INFO:------------------------------------------------------------------------------------------------
2020-05-09 14:16:30,124:INFO:------------------------------------------------------------------------------------------------
2020-05-09 14:19:50,684:INFO:------------------------------------------------------------------------------------------------
2020-05-09 14:22:08,787:INFO:------------------------------------------------------------------------------------------------
2020-05-09 14:22:16,871:INFO:ДУГААРАА СОНГОЖ БУЙ ХЭСЭГ
2020-05-09 14:22:16,872:INFO:7
2020-05-09 14:22:17,222:WARNING:Not Found: /favicon.ico
2020-05-09 14:23:09,406:INFO:------------------------------------------------------------------------------------------------
2020-05-09 14:23:14,709:INFO:ДУГААРАА СОНГОЖ БУЙ ХЭСЭГ
2020-05-09 14:23:14,710:INFO:2
2020-05-09 14:27:53,483:INFO:ДУГААРАА СОНГОЖ БУЙ ХЭСЭГ
2020-05-09 14:27:53,483:INFO:2
2020-05-09 14:27:58,115:INFO:ДУГААРАА СОНГОЖ БУЙ ХЭСЭГ
2020-05-09 14:27:58,115:INFO:2
2020-05-09 14:30:28,914:INFO:ДУГААРАА СОНГОЖ БУЙ ХЭСЭГ
2020-05-09 14:30:28,914:INFO:2
2020-05-09 14:31:48,247:INFO:------------------------------------------------------------------------------------------------
2020-05-09 14:32:02,310:INFO:ДУГААРАА СОНГОЖ БУЙ ХЭСЭГ
2020-05-09 14:32:02,310:INFO:2
2020-05-09 14:32:02,849:INFO:ДУГААРАА СОНГОЖ БУЙ ХЭСЭГ
2020-05-09 14:32:02,849:INFO:2
2020-05-09 14:32:34,942:INFO:ДУГААРАА СОНГОЖ БУЙ ХЭСЭГ
2020-05-09 14:32:34,942:INFO:7
2020-05-09 14:32:35,562:WARNING:Not Found: /favicon.ico
2020-05-09 14:32:41,506:INFO:ДУГААРАА СОНГОЖ БУЙ ХЭСЭГ
2020-05-09 14:32:41,506:INFO:7
2020-05-09 14:32:44,542:INFO:------------------------------------------------------------------------------------------------
2020-05-09 14:32:48,185:INFO:ДУГААРАА СОНГОЖ БУЙ ХЭСЭГ
2020-05-09 14:32:48,186:INFO:7
2020-05-09 14:32:54,098:INFO:ДУГААРАА СОНГОЖ БУЙ ХЭСЭГ
2020-05-09 14:32:54,098:INFO:7
2020-05-09 14:32:56,993:INFO:ДУГААРАА СОНГОЖ БУЙ ХЭСЭГ
2020-05-09 14:32:56,993:INFO:7
2020-05-09 14:32:58,993:INFO:------------------------------------------------------------------------------------------------
2020-05-09 14:33:08,824:INFO:ДУГААРАА СОНГОЖ БУЙ ХЭСЭГ
2020-05-09 14:33:08,824:INFO:2
2020-05-09 14:33:51,222:INFO:ДУГААРАА СОНГОЖ БУЙ ХЭСЭГ
2020-05-09 14:33:51,222:INFO:7
2020-05-09 14:34:39,120:INFO:ДУГААРАА СОНГОЖ БУЙ ХЭСЭГ
2020-05-09 14:34:39,121:INFO:2
2020-05-09 14:34:42,971:INFO:ДУГААРЫН ҮНЭ
2020-05-09 14:34:42,973:INFO:5000
2020-05-09 14:34:45,470:INFO:------------------------------------------------------------------------------------------------
2020-05-09 14:34:46,854:INFO:ДУГААРАА СОНГОЖ БУЙ ХЭСЭГ
2020-05-09 14:34:46,854:INFO:7
2020-05-09 14:37:29,625:INFO:ДУГААРАА СОНГОЖ БУЙ ХЭСЭГ
2020-05-09 14:37:29,626:INFO:7
2020-05-09 14:38:35,534:INFO:ДУГААРАА СОНГОЖ БУЙ ХЭСЭГ
2020-05-09 14:38:35,535:INFO:7
2020-05-09 14:38:35,550:INFO:ДУГААРАА СОНГОЖ БУЙ ХЭСЭГ
2020-05-09 14:38:35,551:INFO:7
2020-05-09 14:38:35,557:INFO:ДУГААРАА СОНГОЖ БУЙ ХЭСЭГ
2020-05-09 14:38:35,566:INFO:7
2020-05-09 14:38:35,570:INFO:ДУГААРАА СОНГОЖ БУЙ ХЭСЭГ
2020-05-09 14:38:35,571:INFO:7
2020-05-09 14:38:35,584:INFO:ДУГААРАА СОНГОЖ БУЙ ХЭСЭГ
2020-05-09 14:38:35,596:INFO:7
2020-05-09 14:38:35,735:INFO:ДУГААРАА СОНГОЖ БУЙ ХЭСЭГ
2020-05-09 14:38:35,735:INFO:7
2020-05-09 14:38:35,753:INFO:ДУГААРАА СОНГОЖ БУЙ ХЭСЭГ
2020-05-09 14:38:35,753:INFO:7
2020-05-09 14:38:35,766:INFO:ДУГААРАА СОНГОЖ БУЙ ХЭСЭГ
2020-05-09 14:38:35,767:INFO:7
2020-05-09 14:38:53,151:INFO:ДУГААРАА СОНГОЖ БУЙ ХЭСЭГ
2020-05-09 14:38:53,151:INFO:7
2020-05-09 14:38:55,572:INFO:------------------------------------------------------------------------------------------------
2020-05-09 14:38:56,939:INFO:ДУГААРАА СОНГОЖ БУЙ ХЭСЭГ
2020-05-09 14:38:56,939:INFO:7
2020-05-09 14:40:00,147:INFO:------------------------------------------------------------------------------------------------
2020-05-09 14:40:00,203:INFO:------------------------------------------------------------------------------------------------
2020-05-09 14:40:04,350:INFO:ДУГААРАА СОНГОЖ БУЙ ХЭСЭГ
2020-05-09 14:40:04,351:INFO:7
2020-05-09 14:40:10,044:INFO:ДУГААРАА СОНГОЖ БУЙ ХЭСЭГ
2020-05-09 14:40:10,044:INFO:7
2020-05-09 14:40:12,405:INFO:ДУГААРАА СОНГОЖ БУЙ ХЭСЭГ
2020-05-09 14:40:12,405:INFO:7
2020-05-09 14:40:14,006:INFO:ДУГААРАА СОНГОЖ БУЙ ХЭСЭГ
2020-05-09 14:40:14,006:INFO:7
2020-05-09 14:40:38,610:INFO:ДУГААРАА СОНГОЖ БУЙ ХЭСЭГ
2020-05-09 14:40:38,610:INFO:7
2020-05-09 14:40:42,930:INFO:------------------------------------------------------------------------------------------------
2020-05-09 14:40:49,656:INFO:ДУГААРАА СОНГОЖ БУЙ ХЭСЭГ
2020-05-09 14:40:49,656:INFO:7
2020-05-09 14:40:51,841:INFO:ДУГААРАА СОНГОЖ БУЙ ХЭСЭГ
2020-05-09 14:40:51,841:INFO:7
2020-05-09 14:41:07,067:INFO:------------------------------------------------------------------------------------------------
2020-05-09 14:41:12,301:INFO:ДУГААРАА СОНГОЖ БУЙ ХЭСЭГ
2020-05-09 14:41:12,301:INFO:7
2020-05-09 14:41:14,824:INFO:ДУГААРАА СОНГОЖ БУЙ ХЭСЭГ
2020-05-09 14:41:14,825:INFO:7
2020-05-09 14:41:36,318:INFO:ДУГААРАА СОНГОЖ БУЙ ХЭСЭГ
2020-05-09 14:41:36,319:INFO:7
2020-05-09 14:41:39,493:INFO:ДУГААРАА СОНГОЖ БУЙ ХЭСЭГ
2020-05-09 14:41:39,493:INFO:7
2020-05-09 14:41:40,149:INFO:ДУГААРАА СОНГОЖ БУЙ ХЭСЭГ
2020-05-09 14:41:40,149:INFO:7
2020-05-09 14:41:47,282:INFO:------------------------------------------------------------------------------------------------
2020-05-09 14:41:57,541:INFO:ДУГААРАА СОНГОЖ БУЙ ХЭСЭГ
2020-05-09 14:41:57,542:INFO:7
2020-05-09 14:42:01,626:INFO:ДУГААРАА СОНГОЖ БУЙ ХЭСЭГ
2020-05-09 14:42:01,626:INFO:7
2020-05-09 14:42:02,713:INFO:------------------------------------------------------------------------------------------------
2020-05-09 14:42:06,697:INFO:ДУГААРАА СОНГОЖ БУЙ ХЭСЭГ
2020-05-09 14:42:06,697:INFO:7
2020-05-09 14:42:09,718:INFO:ДУГААРАА СОНГОЖ БУЙ ХЭСЭГ
2020-05-09 14:42:09,719:INFO:7
2020-05-09 14:43:18,247:INFO:------------------------------------------------------------------------------------------------
2020-05-09 14:43:30,237:INFO:ДУГААРАА СОНГОЖ БУЙ ХЭСЭГ
2020-05-09 14:43:30,238:INFO:7
2020-05-09 14:43:33,610:INFO:ДУГААРАА СОНГОЖ БУЙ ХЭСЭГ
2020-05-09 14:43:33,611:INFO:7
2020-05-09 14:44:10,203:INFO:ДУГААРАА СОНГОЖ БУЙ ХЭСЭГ
2020-05-09 14:44:10,204:INFO:7
2020-05-09 14:44:28,245:INFO:ДУГААРАА СОНГОЖ БУЙ ХЭСЭГ
2020-05-09 14:44:28,246:INFO:7
2020-05-09 14:44:36,950:INFO:ДУГААРАА СОНГОЖ БУЙ ХЭСЭГ
2020-05-09 14:44:36,950:INFO:7
2020-05-09 14:46:50,715:INFO:ДУГААРЫН ҮНЭ
2020-05-09 14:46:50,718:INFO:10000
2020-05-09 14:47:38,961:INFO:ДУГААРАА СОНГОЖ БУЙ ХЭСЭГ
2020-05-09 14:47:38,961:INFO:2
2020-05-09 14:48:02,935:INFO:ДУГААРЫН ҮНЭ
2020-05-09 14:48:02,938:INFO:5000
2020-05-09 14:50:28,819:INFO:ДУГААРЫН ҮНЭ
2020-05-09 14:50:28,821:INFO:5000
2020-05-09 14:50:51,721:INFO:ДУГААРАА СОНГОЖ БУЙ ХЭСЭГ
2020-05-09 14:50:51,721:INFO:7
2020-05-09 14:51:03,423:INFO:ДУГААРАА СОНГОЖ БУЙ ХЭСЭГ
2020-05-09 14:51:03,423:INFO:7
2020-05-09 14:51:15,390:INFO:------------------------------------------------------------------------------------------------
2020-05-09 14:51:20,053:INFO:ДУГААРАА СОНГОЖ БУЙ ХЭСЭГ
2020-05-09 14:51:20,053:INFO:7
2020-05-09 14:51:20,955:INFO:ДУГААРАА СОНГОЖ БУЙ ХЭСЭГ
2020-05-09 14:51:20,955:INFO:7
2020-05-09 14:51:34,028:INFO:ДУГААРАА СОНГОЖ БУЙ ХЭСЭГ
2020-05-09 14:51:34,029:INFO:7
2020-05-09 14:51:35,907:INFO:ДУГААРАА СОНГОЖ БУЙ ХЭСЭГ
2020-05-09 14:51:35,907:INFO:7
2020-05-09 14:51:36,770:INFO:ДУГААРАА СОНГОЖ БУЙ ХЭСЭГ
2020-05-09 14:51:36,771:INFO:7
2020-05-09 14:51:38,289:INFO:ДУГААРАА СОНГОЖ БУЙ ХЭСЭГ
2020-05-09 14:51:38,289:INFO:7
2020-05-09 14:51:43,935:INFO:ДУГААРАА СОНГОЖ БУЙ ХЭСЭГ
2020-05-09 14:51:43,935:INFO:7
2020-05-09 14:52:08,806:INFO:ДУГААРАА СОНГОЖ БУЙ ХЭСЭГ
2020-05-09 14:52:08,806:INFO:7
2020-05-09 14:52:22,211:INFO:ДУГААРАА СОНГОЖ БУЙ ХЭСЭГ
2020-05-09 14:52:22,211:INFO:7
2020-05-09 14:52:30,074:INFO:ДУГААРАА СОНГОЖ БУЙ ХЭСЭГ
2020-05-09 14:52:30,074:INFO:7
2020-05-09 14:54:21,673:INFO:ДУГААРЫН ҮНЭ
2020-05-09 14:54:21,676:INFO:10000
2020-05-09 14:55:25,198:INFO:------------------------------------------------------------------------------------------------
2020-05-09 14:57:52,169:INFO:ДУГААРАА СОНГОЖ БУЙ ХЭСЭГ
2020-05-09 14:57:52,170:INFO:7
2020-05-09 14:58:25,414:INFO:ДУГААРАА СОНГОЖ БУЙ ХЭСЭГ
2020-05-09 14:58:25,414:INFO:7
2020-05-09 14:58:33,424:INFO:ДУГААРАА СОНГОЖ БУЙ ХЭСЭГ
2020-05-09 14:58:33,425:INFO:7
2020-05-09 15:01:29,910:INFO:ДУГААРЫН ҮНЭ
2020-05-09 15:01:29,913:INFO:10000
2020-05-09 15:02:32,718:INFO:------------------------------------------------------------------------------------------------
2020-05-09 15:02:33,084:INFO:------------------------------------------------------------------------------------------------
2020-05-09 15:02:48,600:INFO:------------------------------------------------------------------------------------------------
2020-05-09 15:02:56,809:INFO:ДУГААРАА СОНГОЖ БУЙ ХЭСЭГ
2020-05-09 15:02:56,810:INFO:7
2020-05-09 15:02:57,164:WARNING:Not Found: /favicon.ico
2020-05-09 15:03:01,748:INFO:ДУГААРАА СОНГОЖ БУЙ ХЭСЭГ
2020-05-09 15:03:01,748:INFO:7
2020-05-09 15:03:01,960:WARNING:Not Found: /favicon.ico
2020-05-09 15:03:06,586:INFO:ДУГААРАА СОНГОЖ БУЙ ХЭСЭГ
2020-05-09 15:03:06,586:INFO:7
2020-05-09 15:03:06,830:WARNING:Not Found: /favicon.ico
2020-05-09 15:03:36,958:WARNING:Not Found: /favicon.ico
2020-05-09 15:03:48,844:INFO:ДУГААРАА СОНГОЖ БУЙ ХЭСЭГ
2020-05-09 15:03:48,844:INFO:2
2020-05-09 15:03:49,144:WARNING:Not Found: /favicon.ico
2020-05-09 15:06:30,726:INFO:ДУГААРАА СОНГОЖ БУЙ ХЭСЭГ
2020-05-09 15:06:30,726:INFO:2
2020-05-09 15:06:31,106:WARNING:Not Found: /favicon.ico
2020-05-09 15:07:53,246:INFO:------------------------------------------------------------------------------------------------
2020-05-09 15:07:55,762:INFO:ДУГААРАА СОНГОЖ БУЙ ХЭСЭГ
2020-05-09 15:07:55,762:INFO:7
2020-05-09 15:07:56,468:WARNING:Not Found: /favicon.ico
2020-05-09 15:07:57,780:INFO:ДУГААРАА СОНГОЖ БУЙ ХЭСЭГ
2020-05-09 15:07:57,780:INFO:7
2020-05-09 15:07:59,485:INFO:ДУГААРАА СОНГОЖ БУЙ ХЭСЭГ
2020-05-09 15:07:59,486:INFO:7
2020-05-09 15:09:47,635:INFO:------------------------------------------------------------------------------------------------
2020-05-09 15:13:37,805:INFO:ДУГААРАА СОНГОЖ БУЙ ХЭСЭГ
2020-05-09 15:13:37,806:INFO:2
2020-05-09 15:13:38,020:INFO:ДУГААРАА СОНГОЖ БУЙ ХЭСЭГ
2020-05-09 15:13:38,020:INFO:2
2020-05-09 15:15:10,613:INFO:ДУГААРЫН ҮНЭ
2020-05-09 15:15:10,616:INFO:5000
2020-05-09 15:16:23,507:WARNING:Not Found: /favicon.ico
2020-05-09 15:16:26,001:INFO:ДУГААРАА СОНГОЖ БУЙ ХЭСЭГ
2020-05-09 15:16:26,002:INFO:2
2020-05-09 15:16:26,284:WARNING:Not Found: /favicon.ico
2020-05-09 15:16:29,829:INFO:------------------------------------------------------------------------------------------------
2020-05-09 15:16:34,565:INFO:ДУГААРАА СОНГОЖ БУЙ ХЭСЭГ
2020-05-09 15:16:34,565:INFO:7
2020-05-09 15:16:34,897:WARNING:Not Found: /favicon.ico
2020-05-09 15:16:38,933:INFO:ДУГААРАА СОНГОЖ БУЙ ХЭСЭГ
2020-05-09 15:16:38,933:INFO:7
2020-05-09 15:16:39,226:WARNING:Not Found: /favicon.ico
2020-05-09 15:17:39,776:INFO:ДУГААРЫН ҮНЭ
2020-05-09 15:17:39,779:INFO:10000
2020-05-09 15:18:15,757:INFO:------------------------------------------------------------------------------------------------
2020-05-09 15:18:17,822:INFO:ДУГААРАА СОНГОЖ БУЙ ХЭСЭГ
2020-05-09 15:18:17,822:INFO:7
2020-05-09 15:18:18,624:WARNING:Not Found: /favicon.ico
2020-05-09 15:19:14,669:INFO:ДУГААРЫН ҮНЭ
2020-05-09 15:19:14,672:INFO:10000
2020-05-09 15:19:36,945:INFO:ДУГААРЫН ҮНЭ
2020-05-09 15:19:36,948:INFO:5000
2020-05-09 15:19:44,950:INFO:ДУГААРЫН ZAHIALGA
2020-05-09 15:19:44,957:ERROR:Уучлаарай, таны сонгосон 93444616 дугаар захиалах боломжгүй байна. Line-1379
2020-05-09 15:19:57,391:INFO:------------------------------------------------------------------------------------------------
2020-05-09 15:21:45,282:INFO:------------------------------------------------------------------------------------------------
2020-05-09 15:23:38,699:INFO:ДУГААРАА СОНГОЖ БУЙ ХЭСЭГ
2020-05-09 15:23:38,700:INFO:2
2020-05-09 15:25:40,380:INFO:ДУГААРАА СОНГОЖ БУЙ ХЭСЭГ
2020-05-09 15:25:40,380:INFO:2
2020-05-09 15:25:45,276:WARNING:Not Found: /favicon.ico
2020-05-09 15:25:51,045:INFO:------------------------------------------------------------------------------------------------
2020-05-09 15:25:53,797:INFO:ДУГААРАА СОНГОЖ БУЙ ХЭСЭГ
2020-05-09 15:25:53,797:INFO:2
2020-05-09 15:25:57,838:INFO:------------------------------------------------------------------------------------------------
2020-05-09 15:25:58,750:INFO:ДУГААРАА СОНГОЖ БУЙ ХЭСЭГ
2020-05-09 15:25:58,750:INFO:7
2020-05-09 15:27:36,894:INFO:ДУГААРЫН ҮНЭ
2020-05-09 15:27:36,896:INFO:5000
2020-05-09 15:28:52,761:INFO:ДУГААРЫН ҮНЭ
2020-05-09 15:28:52,763:INFO:5000
2020-05-09 15:29:40,297:INFO:ДУГААРЫН ҮНЭ
2020-05-09 15:29:40,300:INFO:5000
2020-05-09 15:30:03,545:INFO:------------------------------------------------------------------------------------------------
2020-05-09 15:30:06,674:INFO:ДУГААРАА СОНГОЖ БУЙ ХЭСЭГ
2020-05-09 15:30:06,674:INFO:2
2020-05-09 15:31:12,952:INFO:ДУГААРЫН ҮНЭ
2020-05-09 15:31:12,955:INFO:5000
2020-05-09 15:31:49,051:INFO:------------------------------------------------------------------------------------------------
2020-05-09 15:35:29,293:INFO:ДУГААРЫН ҮНЭ
2020-05-09 15:35:29,297:INFO:5000
2020-05-09 15:35:32,273:INFO:ДУГААРЫН ҮНЭ
2020-05-09 15:35:32,275:INFO:5000
2020-05-09 15:37:15,266:INFO:ДУГААРЫН ҮНЭ
2020-05-09 15:37:15,268:INFO:10000
2020-05-09 15:38:25,078:INFO:------------------------------------------------------------------------------------------------
2020-05-09 15:38:40,412:INFO:ДУГААРАА СОНГОЖ БУЙ ХЭСЭГ
2020-05-09 15:38:40,412:INFO:2
2020-05-09 15:39:49,161:INFO:------------------------------------------------------------------------------------------------
2020-05-09 15:39:49,769:INFO:ДУГААРАА СОНГОЖ БУЙ ХЭСЭГ
2020-05-09 15:39:49,770:INFO:2
2020-05-09 15:40:00,379:INFO:------------------------------------------------------------------------------------------------
2020-05-09 15:42:21,025:INFO:ДУГААРЫН ҮНЭ
2020-05-09 15:42:21,028:INFO:5000
2020-05-09 15:42:45,215:INFO:ДУГААРАА СОНГОЖ БУЙ ХЭСЭГ
2020-05-09 15:42:45,215:INFO:2
2020-05-09 15:42:45,596:WARNING:Not Found: /favicon.ico
2020-05-09 15:42:45,734:INFO:ДУГААРАА СОНГОЖ БУЙ ХЭСЭГ
2020-05-09 15:42:45,734:INFO:2
2020-05-09 15:42:46,038:WARNING:Not Found: /favicon.ico
2020-05-09 15:42:46,364:INFO:ДУГААРАА СОНГОЖ БУЙ ХЭСЭГ
2020-05-09 15:42:46,364:INFO:2
2020-05-09 15:42:46,675:WARNING:Not Found: /favicon.ico
2020-05-09 15:42:50,827:INFO:ДУГААРАА СОНГОЖ БУЙ ХЭСЭГ
2020-05-09 15:42:50,827:INFO:2
2020-05-09 15:42:51,100:WARNING:Not Found: /favicon.ico
2020-05-09 15:42:58,713:INFO:ДУГААРАА СОНГОЖ БУЙ ХЭСЭГ
2020-05-09 15:42:58,713:INFO:2
2020-05-09 15:42:59,005:WARNING:Not Found: /favicon.ico
2020-05-09 15:43:15,473:INFO:ДУГААРАА СОНГОЖ БУЙ ХЭСЭГ
2020-05-09 15:43:15,473:INFO:2
2020-05-09 15:43:15,787:WARNING:Not Found: /favicon.ico
2020-05-09 15:43:22,350:WARNING:Not Found: /favicon.ico
2020-05-09 15:45:13,327:WARNING:Not Found: /favicon.ico
2020-05-09 15:45:27,303:INFO:ДУГААРАА СОНГОЖ БУЙ ХЭСЭГ
2020-05-09 15:45:27,304:INFO:2
2020-05-09 15:45:28,667:INFO:------------------------------------------------------------------------------------------------
2020-05-09 15:45:29,733:INFO:ДУГААРАА СОНГОЖ БУЙ ХЭСЭГ
2020-05-09 15:45:29,733:INFO:2
2020-05-09 15:46:28,727:INFO:ДУГААРЫН ҮНЭ
2020-05-09 15:46:28,731:INFO:10000
2020-05-09 15:46:46,372:INFO:ДУГААРЫН ҮНЭ
2020-05-09 15:46:46,384:INFO:5000
2020-05-09 15:47:24,382:INFO:ДУГААРЫН ҮНЭ
2020-05-09 15:47:24,384:INFO:10000
2020-05-09 15:48:29,939:INFO:------------------------------------------------------------------------------------------------
2020-05-09 15:48:32,112:INFO:ДУГААРАА СОНГОЖ БУЙ ХЭСЭГ
2020-05-09 15:48:32,113:INFO:7
2020-05-09 15:48:34,420:INFO:ДУГААРАА СОНГОЖ БУЙ ХЭСЭГ
2020-05-09 15:48:34,420:INFO:2
2020-05-09 15:48:43,016:INFO:ДУГААРЫН ZAHIALGA
2020-05-09 15:49:28,682:INFO:ДУГААРЫН ҮНЭ
2020-05-09 15:49:28,685:INFO:5000
2020-05-09 15:50:41,466:INFO:------------------------------------------------------------------------------------------------
2020-05-09 15:50:43,054:INFO:ДУГААРАА СОНГОЖ БУЙ ХЭСЭГ
2020-05-09 15:50:43,054:INFO:2
2020-05-09 15:50:43,252:INFO:------------------------------------------------------------------------------------------------
2020-05-09 15:51:08,091:INFO:------------------------------------------------------------------------------------------------
2020-05-09 15:51:09,381:INFO:ДУГААРАА СОНГОЖ БУЙ ХЭСЭГ
2020-05-09 15:51:09,381:INFO:2
2020-05-09 15:52:00,519:INFO:------------------------------------------------------------------------------------------------
2020-05-09 15:52:10,961:INFO:------------------------------------------------------------------------------------------------
2020-05-09 15:52:11,556:INFO:ДУГААРАА СОНГОЖ БУЙ ХЭСЭГ
2020-05-09 15:52:11,556:INFO:2
2020-05-09 15:55:18,590:INFO:------------------------------------------------------------------------------------------------
2020-05-09 15:55:19,232:INFO:ДУГААРАА СОНГОЖ БУЙ ХЭСЭГ
2020-05-09 15:55:19,232:INFO:2
2020-05-09 15:55:25,360:INFO:------------------------------------------------------------------------------------------------
2020-05-09 15:56:27,823:INFO:ДУГААРАА СОНГОЖ БУЙ ХЭСЭГ
2020-05-09 15:56:27,823:INFO:2
2020-05-09 15:57:24,741:INFO:ДУГААРАА СОНГОЖ БУЙ ХЭСЭГ
2020-05-09 15:57:24,741:INFO:2
2020-05-09 16:01:22,043:INFO:------------------------------------------------------------------------------------------------
2020-05-09 16:01:24,952:INFO:ДУГААРАА СОНГОЖ БУЙ ХЭСЭГ
2020-05-09 16:01:24,952:INFO:7
2020-05-09 16:01:25,248:WARNING:Not Found: /favicon.ico
2020-05-09 16:02:32,830:INFO:------------------------------------------------------------------------------------------------
2020-05-09 16:02:33,179:INFO:------------------------------------------------------------------------------------------------
2020-05-09 16:02:57,991:INFO:ДУГААРАА СОНГОЖ БУЙ ХЭСЭГ
2020-05-09 16:02:57,991:INFO:7
2020-05-09 16:03:02,474:INFO:ДУГААРАА СОНГОЖ БУЙ ХЭСЭГ
2020-05-09 16:03:02,475:INFO:7
2020-05-09 16:03:05,163:INFO:ДУГААРАА СОНГОЖ БУЙ ХЭСЭГ
2020-05-09 16:03:05,164:INFO:7
2020-05-09 16:03:11,990:INFO:ДУГААРАА СОНГОЖ БУЙ ХЭСЭГ
2020-05-09 16:03:11,990:INFO:7
2020-05-09 16:03:18,961:INFO:ДУГААРАА СОНГОЖ БУЙ ХЭСЭГ
2020-05-09 16:03:18,961:INFO:7
2020-05-09 16:03:21,933:INFO:ДУГААРАА СОНГОЖ БУЙ ХЭСЭГ
2020-05-09 16:03:21,934:INFO:7
2020-05-09 16:03:24,072:INFO:ДУГААРАА СОНГОЖ БУЙ ХЭСЭГ
2020-05-09 16:03:24,072:INFO:7
2020-05-09 16:03:26,990:INFO:------------------------------------------------------------------------------------------------
2020-05-09 16:03:32,180:INFO:ДУГААРЫН ҮНЭ
2020-05-09 16:03:32,184:INFO:5000
2020-05-09 16:03:51,099:INFO:ДУГААРАА СОНГОЖ БУЙ ХЭСЭГ
2020-05-09 16:03:51,099:INFO:7
2020-05-09 16:03:54,476:INFO:ДУГААРАА СОНГОЖ БУЙ ХЭСЭГ
2020-05-09 16:03:54,476:INFO:7
2020-05-09 16:03:59,013:INFO:ДУГААРАА СОНГОЖ БУЙ ХЭСЭГ
2020-05-09 16:03:59,013:INFO:7
2020-05-09 16:03:59,881:INFO:ДУГААРАА СОНГОЖ БУЙ ХЭСЭГ
2020-05-09 16:03:59,881:INFO:7
2020-05-09 16:04:01,641:INFO:ДУГААРАА СОНГОЖ БУЙ ХЭСЭГ
2020-05-09 16:04:01,641:INFO:7
2020-05-09 16:04:07,881:INFO:ДУГААРАА СОНГОЖ БУЙ ХЭСЭГ
2020-05-09 16:04:07,881:INFO:7
2020-05-09 16:04:10,496:INFO:ДУГААРАА СОНГОЖ БУЙ ХЭСЭГ
2020-05-09 16:04:10,496:INFO:7
2020-05-09 16:04:53,297:INFO:ДУГААРАА СОНГОЖ БУЙ ХЭСЭГ
2020-05-09 16:04:53,297:INFO:7
2020-05-09 16:04:55,216:INFO:------------------------------------------------------------------------------------------------
2020-05-09 16:04:55,584:INFO:ДУГААРАА СОНГОЖ БУЙ ХЭСЭГ
2020-05-09 16:04:55,584:INFO:7
2020-05-09 16:04:57,035:INFO:------------------------------------------------------------------------------------------------
2020-05-09 16:04:58,570:INFO:ДУГААРАА СОНГОЖ БУЙ ХЭСЭГ
2020-05-09 16:04:58,570:INFO:7
2020-05-09 16:05:03,765:INFO:ДУГААРАА СОНГОЖ БУЙ ХЭСЭГ
2020-05-09 16:05:03,765:INFO:2
2020-05-09 16:05:15,922:INFO:ДУГААРАА СОНГОЖ БУЙ ХЭСЭГ
2020-05-09 16:05:15,922:INFO:2
2020-05-09 16:05:37,419:INFO:------------------------------------------------------------------------------------------------
2020-05-09 16:05:38,068:INFO:ДУГААРАА СОНГОЖ БУЙ ХЭСЭГ
2020-05-09 16:05:38,068:INFO:2
2020-05-09 16:07:16,443:INFO:ДУГААРАА СОНГОЖ БУЙ ХЭСЭГ
2020-05-09 16:07:16,444:INFO:7
2020-05-09 16:07:18,263:INFO:------------------------------------------------------------------------------------------------
2020-05-09 16:07:33,494:INFO:ДУГААРАА СОНГОЖ БУЙ ХЭСЭГ
2020-05-09 16:07:33,494:INFO:7
2020-05-09 16:07:36,006:INFO:ДУГААРАА СОНГОЖ БУЙ ХЭСЭГ
2020-05-09 16:07:36,007:INFO:7
2020-05-09 16:07:38,342:INFO:ДУГААРАА СОНГОЖ БУЙ ХЭСЭГ
2020-05-09 16:07:38,343:INFO:7
2020-05-09 16:07:39,127:INFO:ДУГААРАА СОНГОЖ БУЙ ХЭСЭГ
2020-05-09 16:07:39,127:INFO:7
2020-05-09 16:07:39,149:INFO:ДУГААРАА СОНГОЖ БУЙ ХЭСЭГ
2020-05-09 16:07:39,150:INFO:7
2020-05-09 16:07:39,839:INFO:ДУГААРАА СОНГОЖ БУЙ ХЭСЭГ
2020-05-09 16:07:39,839:INFO:7
2020-05-09 16:07:40,611:INFO:ДУГААРАА СОНГОЖ БУЙ ХЭСЭГ
2020-05-09 16:07:40,611:INFO:7
2020-05-09 16:07:41,318:INFO:ДУГААРАА СОНГОЖ БУЙ ХЭСЭГ
2020-05-09 16:07:41,318:INFO:7
2020-05-09 16:08:18,749:INFO:ДУГААРАА СОНГОЖ БУЙ ХЭСЭГ
2020-05-09 16:08:18,749:INFO:7
2020-05-09 16:09:43,981:INFO:ДУГААРАА СОНГОЖ БУЙ ХЭСЭГ
2020-05-09 16:09:43,981:INFO:7
2020-05-09 16:09:53,731:INFO:------------------------------------------------------------------------------------------------
2020-05-09 16:11:53,543:INFO:ДУГААРАА СОНГОЖ БУЙ ХЭСЭГ
2020-05-09 16:11:53,543:INFO:7
2020-05-09 16:12:31,648:INFO:ДУГААРЫН ҮНЭ
2020-05-09 16:12:31,651:INFO:10000
2020-05-09 16:14:14,724:INFO:ДУГААРЫН ҮНЭ
2020-05-09 16:14:14,726:INFO:10000
2020-05-09 16:21:52,539:INFO:------------------------------------------------------------------------------------------------
2020-05-09 16:21:54,571:INFO:ДУГААРАА СОНГОЖ БУЙ ХЭСЭГ
2020-05-09 16:21:54,571:INFO:2
2020-05-09 16:21:54,796:WARNING:Not Found: /favicon.ico
2020-05-09 16:25:25,824:INFO:------------------------------------------------------------------------------------------------
2020-05-09 16:25:27,613:INFO:ДУГААРАА СОНГОЖ БУЙ ХЭСЭГ
2020-05-09 16:25:27,613:INFO:7
2020-05-09 16:25:30,308:INFO:ДУГААРАА СОНГОЖ БУЙ ХЭСЭГ
2020-05-09 16:25:30,308:INFO:7
2020-05-09 16:26:09,298:INFO:ДУГААРАА СОНГОЖ БУЙ ХЭСЭГ
2020-05-09 16:26:09,298:INFO:7
2020-05-09 16:27:11,777:INFO:ДУГААРЫН ҮНЭ
2020-05-09 16:27:11,780:INFO:10000
2020-05-09 16:28:05,987:INFO:ДУГААРЫН ҮНЭ
2020-05-09 16:28:05,990:INFO:5000
2020-05-09 16:28:20,536:INFO:ДУГААРЫН ZAHIALGA
2020-05-09 16:28:20,542:ERROR:Уучлаарай, таны сонгосон 98327995 дугаар захиалах боломжгүй байна. Line-1379
2020-05-09 16:29:35,539:INFO:ДУГААРАА СОНГОЖ БУЙ ХЭСЭГ
2020-05-09 16:29:35,539:INFO:7
2020-05-09 16:29:35,752:WARNING:Not Found: /favicon.ico
2020-05-09 16:29:41,829:INFO:ДУГААРАА СОНГОЖ БУЙ ХЭСЭГ
2020-05-09 16:29:41,829:INFO:7
2020-05-09 16:29:45,753:INFO:ДУГААРАА СОНГОЖ БУЙ ХЭСЭГ
2020-05-09 16:29:45,753:INFO:7
2020-05-09 16:29:47,212:INFO:------------------------------------------------------------------------------------------------
2020-05-09 16:29:49,642:INFO:ДУГААРАА СОНГОЖ БУЙ ХЭСЭГ
2020-05-09 16:29:49,642:INFO:2
2020-05-09 16:30:20,644:INFO:------------------------------------------------------------------------------------------------
2020-05-09 16:31:49,591:INFO:------------------------------------------------------------------------------------------------
2020-05-09 16:35:03,039:INFO:ДУГААРАА СОНГОЖ БУЙ ХЭСЭГ
2020-05-09 16:35:03,039:INFO:2
2020-05-09 16:35:50,407:INFO:ДУГААРАА СОНГОЖ БУЙ ХЭСЭГ
2020-05-09 16:35:50,407:INFO:2
2020-05-09 16:35:52,269:INFO:ДУГААРАА СОНГОЖ БУЙ ХЭСЭГ
2020-05-09 16:35:52,269:INFO:2
2020-05-09 16:35:53,061:INFO:ДУГААРАА СОНГОЖ БУЙ ХЭСЭГ
2020-05-09 16:35:53,062:INFO:2
2020-05-09 16:36:08,554:INFO:------------------------------------------------------------------------------------------------
2020-05-09 16:36:13,413:INFO:ДУГААРАА СОНГОЖ БУЙ ХЭСЭГ
2020-05-09 16:36:13,414:INFO:2
2020-05-09 16:36:22,478:INFO:ДУГААРАА СОНГОЖ БУЙ ХЭСЭГ
2020-05-09 16:36:22,479:INFO:2
2020-05-09 16:40:00,641:INFO:------------------------------------------------------------------------------------------------
2020-05-09 16:41:59,731:INFO:ДУГААРАА СОНГОЖ БУЙ ХЭСЭГ
2020-05-09 16:41:59,732:INFO:7
2020-05-09 16:42:11,802:INFO:ДУГААРАА СОНГОЖ БУЙ ХЭСЭГ
2020-05-09 16:42:11,802:INFO:7
2020-05-09 16:42:12,442:WARNING:Not Found: /favicon.ico
2020-05-09 16:42:14,220:INFO:------------------------------------------------------------------------------------------------
2020-05-09 16:42:21,793:INFO:ДУГААРАА СОНГОЖ БУЙ ХЭСЭГ
2020-05-09 16:42:21,794:INFO:7
2020-05-09 16:42:38,357:INFO:------------------------------------------------------------------------------------------------
2020-05-09 16:42:39,201:INFO:ДУГААРАА СОНГОЖ БУЙ ХЭСЭГ
2020-05-09 16:42:39,202:INFO:7
2020-05-09 16:42:43,051:INFO:ДУГААРАА СОНГОЖ БУЙ ХЭСЭГ
2020-05-09 16:42:43,051:INFO:7
2020-05-09 16:48:11,472:INFO:ДУГААРАА СОНГОЖ БУЙ ХЭСЭГ
2020-05-09 16:48:11,472:INFO:2
2020-05-09 16:48:14,336:INFO:------------------------------------------------------------------------------------------------
2020-05-09 16:48:16,014:INFO:ДУГААРАА СОНГОЖ БУЙ ХЭСЭГ
2020-05-09 16:48:16,014:INFO:7
2020-05-09 16:49:59,216:INFO:ДУГААРАА СОНГОЖ БУЙ ХЭСЭГ
2020-05-09 16:49:59,216:INFO:2
2020-05-09 16:50:04,728:INFO:ДУГААРАА СОНГОЖ БУЙ ХЭСЭГ
2020-05-09 16:50:04,729:INFO:2
2020-05-09 16:50:08,628:INFO:ДУГААРАА СОНГОЖ БУЙ ХЭСЭГ
2020-05-09 16:50:08,628:INFO:2
2020-05-09 16:50:11,644:INFO:ДУГААРАА СОНГОЖ БУЙ ХЭСЭГ
2020-05-09 16:50:11,644:INFO:2
2020-05-09 16:50:13,099:INFO:ДУГААРАА СОНГОЖ БУЙ ХЭСЭГ
2020-05-09 16:50:13,100:INFO:2
2020-05-09 16:50:17,052:INFO:ДУГААРАА СОНГОЖ БУЙ ХЭСЭГ
2020-05-09 16:50:17,053:INFO:2
2020-05-09 16:50:21,107:INFO:ДУГААРАА СОНГОЖ БУЙ ХЭСЭГ
2020-05-09 16:50:21,108:INFO:2
2020-05-09 16:50:28,295:INFO:------------------------------------------------------------------------------------------------
2020-05-09 16:50:30,355:INFO:ДУГААРАА СОНГОЖ БУЙ ХЭСЭГ
2020-05-09 16:50:30,356:INFO:7
2020-05-09 16:50:30,915:INFO:ДУГААРАА СОНГОЖ БУЙ ХЭСЭГ
2020-05-09 16:50:30,915:INFO:2
2020-05-09 16:50:42,219:INFO:ДУГААРАА СОНГОЖ БУЙ ХЭСЭГ
2020-05-09 16:50:42,220:INFO:2
2020-05-09 16:50:48,298:INFO:ДУГААРАА СОНГОЖ БУЙ ХЭСЭГ
2020-05-09 16:50:48,298:INFO:2
2020-05-09 16:52:02,372:INFO:ДУГААРЫН ҮНЭ
2020-05-09 16:52:02,374:INFO:10000
2020-05-09 16:53:20,761:INFO:ДУГААРЫН ҮНЭ
2020-05-09 16:53:20,764:INFO:10000
2020-05-09 16:55:35,578:INFO:ДУГААРАА СОНГОЖ БУЙ ХЭСЭГ
2020-05-09 16:55:35,579:INFO:7
2020-05-09 17:02:32,931:INFO:------------------------------------------------------------------------------------------------
2020-05-09 17:02:33,287:INFO:------------------------------------------------------------------------------------------------
2020-05-09 17:05:06,963:INFO:------------------------------------------------------------------------------------------------
2020-05-09 17:05:19,820:INFO:ДУГААРАА СОНГОЖ БУЙ ХЭСЭГ
2020-05-09 17:05:19,821:INFO:3
2020-05-09 17:05:29,457:INFO:------------------------------------------------------------------------------------------------
2020-05-09 17:05:32,840:INFO:ДУГААРАА СОНГОЖ БУЙ ХЭСЭГ
2020-05-09 17:05:32,841:INFO:4
2020-05-09 17:05:40,918:INFO:------------------------------------------------------------------------------------------------
2020-05-09 17:05:51,835:INFO:ДУГААРАА СОНГОЖ БУЙ ХЭСЭГ
2020-05-09 17:05:51,835:INFO:7
2020-05-09 17:05:59,439:INFO:------------------------------------------------------------------------------------------------
2020-05-09 17:06:00,490:INFO:ДУГААРАА СОНГОЖ БУЙ ХЭСЭГ
2020-05-09 17:06:00,490:INFO:2
2020-05-09 17:06:33,861:INFO:------------------------------------------------------------------------------------------------
2020-05-09 17:07:04,889:INFO:------------------------------------------------------------------------------------------------
2020-05-09 17:08:47,244:INFO:ДУГААРАА СОНГОЖ БУЙ ХЭСЭГ
2020-05-09 17:08:47,245:INFO:7
2020-05-09 17:08:55,148:INFO:ДУГААРАА СОНГОЖ БУЙ ХЭСЭГ
2020-05-09 17:08:55,148:INFO:7
2020-05-09 17:12:36,115:INFO:ДУГААРАА СОНГОЖ БУЙ ХЭСЭГ
2020-05-09 17:12:36,116:INFO:7
2020-05-09 17:12:38,833:INFO:ДУГААРАА СОНГОЖ БУЙ ХЭСЭГ
2020-05-09 17:12:38,833:INFO:7
2020-05-09 17:12:56,778:INFO:ДУГААРАА СОНГОЖ БУЙ ХЭСЭГ
2020-05-09 17:12:56,778:INFO:7
2020-05-09 17:12:57,887:INFO:ДУГААРАА СОНГОЖ БУЙ ХЭСЭГ
2020-05-09 17:12:57,887:INFO:7
2020-05-09 17:13:00,832:INFO:ДУГААРАА СОНГОЖ БУЙ ХЭСЭГ
2020-05-09 17:13:00,832:INFO:7
2020-05-09 17:13:02,922:INFO:ДУГААРАА СОНГОЖ БУЙ ХЭСЭГ
2020-05-09 17:13:02,923:INFO:7
2020-05-09 17:13:17,099:INFO:ДУГААРАА СОНГОЖ БУЙ ХЭСЭГ
2020-05-09 17:13:17,100:INFO:7
2020-05-09 17:13:27,186:INFO:ДУГААРАА СОНГОЖ БУЙ ХЭСЭГ
2020-05-09 17:13:27,186:INFO:7
2020-05-09 17:13:29,845:INFO:ДУГААРАА СОНГОЖ БУЙ ХЭСЭГ
2020-05-09 17:13:29,845:INFO:7
2020-05-09 17:14:16,004:INFO:ДУГААРЫН ҮНЭ
2020-05-09 17:14:16,008:INFO:10000
2020-05-09 17:14:35,240:INFO:ДУГААРАА СОНГОЖ БУЙ ХЭСЭГ
2020-05-09 17:14:35,240:INFO:7
2020-05-09 17:14:37,446:INFO:ДУГААРАА СОНГОЖ БУЙ ХЭСЭГ
2020-05-09 17:14:37,446:INFO:7
2020-05-09 17:14:39,250:INFO:------------------------------------------------------------------------------------------------
2020-05-09 17:14:42,928:INFO:ДУГААРАА СОНГОЖ БУЙ ХЭСЭГ
2020-05-09 17:14:42,928:INFO:7
2020-05-09 17:14:47,499:INFO:ДУГААРАА СОНГОЖ БУЙ ХЭСЭГ
2020-05-09 17:14:47,499:INFO:7
2020-05-09 17:14:48,894:INFO:ДУГААРАА СОНГОЖ БУЙ ХЭСЭГ
2020-05-09 17:14:48,894:INFO:7
2020-05-09 17:14:50,331:INFO:ДУГААРАА СОНГОЖ БУЙ ХЭСЭГ
2020-05-09 17:14:50,331:INFO:7
2020-05-09 17:14:54,645:INFO:ДУГААРАА СОНГОЖ БУЙ ХЭСЭГ
2020-05-09 17:14:54,646:INFO:7
2020-05-09 17:14:58,295:INFO:ДУГААРАА СОНГОЖ БУЙ ХЭСЭГ
2020-05-09 17:14:58,295:INFO:7
2020-05-09 17:15:07,826:INFO:ДУГААРАА СОНГОЖ БУЙ ХЭСЭГ
2020-05-09 17:15:07,826:INFO:7
2020-05-09 17:30:20,764:INFO:------------------------------------------------------------------------------------------------
2020-05-09 17:31:50,998:INFO:------------------------------------------------------------------------------------------------
2020-05-09 17:40:00,888:INFO:------------------------------------------------------------------------------------------------
2020-05-09 17:43:12,765:INFO:------------------------------------------------------------------------------------------------
2020-05-09 17:43:13,322:INFO:------------------------------------------------------------------------------------------------
2020-05-09 17:43:22,062:INFO:------------------------------------------------------------------------------------------------
2020-05-09 17:47:01,712:INFO:ДУГААРАА СОНГОЖ БУЙ ХЭСЭГ
2020-05-09 17:47:01,712:INFO:7
2020-05-09 17:47:08,769:INFO:ДУГААРАА СОНГОЖ БУЙ ХЭСЭГ
2020-05-09 17:47:08,770:INFO:7
2020-05-09 17:47:24,899:INFO:ДУГААРАА СОНГОЖ БУЙ ХЭСЭГ
2020-05-09 17:47:24,899:INFO:7
2020-05-09 17:50:45,542:INFO:ДУГААРАА СОНГОЖ БУЙ ХЭСЭГ
2020-05-09 17:50:45,542:INFO:7
2020-05-09 17:50:59,523:INFO:ДУГААРАА СОНГОЖ БУЙ ХЭСЭГ
2020-05-09 17:50:59,523:INFO:7
2020-05-09 17:51:05,352:INFO:ДУГААРАА СОНГОЖ БУЙ ХЭСЭГ
2020-05-09 17:51:05,352:INFO:7
2020-05-09 17:51:15,694:INFO:ДУГААРАА СОНГОЖ БУЙ ХЭСЭГ
2020-05-09 17:51:15,694:INFO:7
2020-05-09 17:51:24,373:INFO:ДУГААРАА СОНГОЖ БУЙ ХЭСЭГ
2020-05-09 17:51:24,373:INFO:7
2020-05-09 17:51:42,172:INFO:ДУГААРАА СОНГОЖ БУЙ ХЭСЭГ
2020-05-09 17:51:42,172:INFO:7
2020-05-09 17:51:42,550:INFO:ДУГААРАА СОНГОЖ БУЙ ХЭСЭГ
2020-05-09 17:51:42,550:INFO:7
2020-05-09 17:51:53,438:INFO:ДУГААРАА СОНГОЖ БУЙ ХЭСЭГ
2020-05-09 17:51:53,438:INFO:7
2020-05-09 17:53:25,393:ERROR:Internal Server Error: /getnumber
Traceback (most recent call last):
  File "/usr/local/lib/python2.7/dist-packages/django/core/handlers/exception.py", line 41, in inner
    response = get_response(request)
  File "/usr/local/lib/python2.7/dist-packages/django/core/handlers/base.py", line 187, in _get_response
    response = self.process_exception_by_middleware(e, request)
  File "/usr/local/lib/python2.7/dist-packages/django/core/handlers/base.py", line 185, in _get_response
    response = wrapped_callback(request, *callback_args, **callback_kwargs)
  File "/usr/local/lib/python2.7/dist-packages/django/views/decorators/csrf.py", line 58, in wrapped_view
    return view_func(*args, **kwargs)
  File "/usr/local/lib/python2.7/dist-packages/django/views/generic/base.py", line 68, in view
    return self.dispatch(request, *args, **kwargs)
  File "/usr/local/lib/python2.7/dist-packages/rest_framework/views.py", line 495, in dispatch
    response = self.handle_exception(exc)
  File "/usr/local/lib/python2.7/dist-packages/rest_framework/views.py", line 455, in handle_exception
    self.raise_uncaught_exception(exc)
  File "/usr/local/lib/python2.7/dist-packages/rest_framework/views.py", line 492, in dispatch
    response = handler(request, *args, **kwargs)
  File "/usr/local/lib/python2.7/dist-packages/rest_framework/decorators.py", line 55, in handler
    return func(*args, **kwargs)
  File "/home/user/nFilterNew/controller/views.py", line 206, in getNumber
    if data[1] == az:
IndexError: list index out of range
2020-05-09 17:53:30,049:ERROR:Internal Server Error: /getnumber
Traceback (most recent call last):
  File "/usr/local/lib/python2.7/dist-packages/django/core/handlers/exception.py", line 41, in inner
    response = get_response(request)
  File "/usr/local/lib/python2.7/dist-packages/django/core/handlers/base.py", line 187, in _get_response
    response = self.process_exception_by_middleware(e, request)
  File "/usr/local/lib/python2.7/dist-packages/django/core/handlers/base.py", line 185, in _get_response
    response = wrapped_callback(request, *callback_args, **callback_kwargs)
  File "/usr/local/lib/python2.7/dist-packages/django/views/decorators/csrf.py", line 58, in wrapped_view
    return view_func(*args, **kwargs)
  File "/usr/local/lib/python2.7/dist-packages/django/views/generic/base.py", line 68, in view
    return self.dispatch(request, *args, **kwargs)
  File "/usr/local/lib/python2.7/dist-packages/rest_framework/views.py", line 495, in dispatch
    response = self.handle_exception(exc)
  File "/usr/local/lib/python2.7/dist-packages/rest_framework/views.py", line 455, in handle_exception
    self.raise_uncaught_exception(exc)
  File "/usr/local/lib/python2.7/dist-packages/rest_framework/views.py", line 492, in dispatch
    response = handler(request, *args, **kwargs)
  File "/usr/local/lib/python2.7/dist-packages/rest_framework/decorators.py", line 55, in handler
    return func(*args, **kwargs)
  File "/home/user/nFilterNew/controller/views.py", line 206, in getNumber
    if data[1] == az:
IndexError: list index out of range
2020-05-09 17:53:30,096:INFO:------------------------------------------------------------------------------------------------
2020-05-09 17:53:38,577:INFO:------------------------------------------------------------------------------------------------
2020-05-09 17:53:46,476:INFO:ДУГААРАА СОНГОЖ БУЙ ХЭСЭГ
2020-05-09 17:53:46,477:INFO:7
2020-05-09 17:53:47,717:WARNING:Not Found: /favicon.ico
2020-05-09 17:53:53,878:INFO:ДУГААРАА СОНГОЖ БУЙ ХЭСЭГ
2020-05-09 17:53:53,878:INFO:7
2020-05-09 17:54:58,719:INFO:ДУГААРАА СОНГОЖ БУЙ ХЭСЭГ
2020-05-09 17:54:58,720:INFO:7
2020-05-09 17:55:19,300:INFO:ДУГААРАА СОНГОЖ БУЙ ХЭСЭГ
2020-05-09 17:55:19,301:INFO:7
2020-05-09 17:55:24,887:INFO:ДУГААРАА СОНГОЖ БУЙ ХЭСЭГ
2020-05-09 17:55:24,888:INFO:7
2020-05-09 17:55:28,191:INFO:ДУГААРАА СОНГОЖ БУЙ ХЭСЭГ
2020-05-09 17:55:28,191:INFO:7
2020-05-09 17:55:28,586:INFO:ДУГААРАА СОНГОЖ БУЙ ХЭСЭГ
2020-05-09 17:55:28,586:INFO:7
2020-05-09 18:00:20,285:INFO:------------------------------------------------------------------------------------------------
2020-05-09 18:00:23,850:INFO:ДУГААРАА СОНГОЖ БУЙ ХЭСЭГ
2020-05-09 18:00:23,850:INFO:2
2020-05-09 18:02:30,828:ERROR:Internal Server Error: /getnumber
Traceback (most recent call last):
  File "/usr/local/lib/python2.7/dist-packages/django/core/handlers/exception.py", line 41, in inner
    response = get_response(request)
  File "/usr/local/lib/python2.7/dist-packages/django/core/handlers/base.py", line 187, in _get_response
    response = self.process_exception_by_middleware(e, request)
  File "/usr/local/lib/python2.7/dist-packages/django/core/handlers/base.py", line 185, in _get_response
    response = wrapped_callback(request, *callback_args, **callback_kwargs)
  File "/usr/local/lib/python2.7/dist-packages/django/views/decorators/csrf.py", line 58, in wrapped_view
    return view_func(*args, **kwargs)
  File "/usr/local/lib/python2.7/dist-packages/django/views/generic/base.py", line 68, in view
    return self.dispatch(request, *args, **kwargs)
  File "/usr/local/lib/python2.7/dist-packages/rest_framework/views.py", line 495, in dispatch
    response = self.handle_exception(exc)
  File "/usr/local/lib/python2.7/dist-packages/rest_framework/views.py", line 455, in handle_exception
    self.raise_uncaught_exception(exc)
  File "/usr/local/lib/python2.7/dist-packages/rest_framework/views.py", line 492, in dispatch
    response = handler(request, *args, **kwargs)
  File "/usr/local/lib/python2.7/dist-packages/rest_framework/decorators.py", line 55, in handler
    return func(*args, **kwargs)
  File "/home/user/nFilterNew/controller/views.py", line 206, in getNumber
    if data[1] == az:
IndexError: list index out of range
2020-05-09 18:02:33,004:INFO:------------------------------------------------------------------------------------------------
2020-05-09 18:02:33,383:INFO:------------------------------------------------------------------------------------------------
2020-05-09 18:06:53,356:INFO:------------------------------------------------------------------------------------------------
2020-05-09 18:06:59,580:INFO:ДУГААРАА СОНГОЖ БУЙ ХЭСЭГ
2020-05-09 18:06:59,581:INFO:7
2020-05-09 18:07:05,008:INFO:------------------------------------------------------------------------------------------------
2020-05-09 18:08:49,568:INFO:------------------------------------------------------------------------------------------------
2020-05-09 18:08:51,614:INFO:ДУГААРАА СОНГОЖ БУЙ ХЭСЭГ
2020-05-09 18:08:51,614:INFO:2
2020-05-09 18:09:57,120:INFO:------------------------------------------------------------------------------------------------
2020-05-09 18:09:59,811:INFO:ДУГААРАА СОНГОЖ БУЙ ХЭСЭГ
2020-05-09 18:09:59,811:INFO:7
2020-05-09 18:10:34,678:INFO:------------------------------------------------------------------------------------------------
2020-05-09 18:10:37,504:INFO:ДУГААРАА СОНГОЖ БУЙ ХЭСЭГ
2020-05-09 18:10:37,504:INFO:2
2020-05-09 18:22:48,930:INFO:------------------------------------------------------------------------------------------------
2020-05-09 18:22:51,390:INFO:ДУГААРАА СОНГОЖ БУЙ ХЭСЭГ
2020-05-09 18:22:51,390:INFO:2
2020-05-09 18:25:08,204:INFO:------------------------------------------------------------------------------------------------
2020-05-09 18:25:10,208:INFO:ДУГААРАА СОНГОЖ БУЙ ХЭСЭГ
2020-05-09 18:25:10,208:INFO:2
2020-05-09 18:28:02,025:INFO:------------------------------------------------------------------------------------------------
2020-05-09 18:28:03,729:INFO:ДУГААРАА СОНГОЖ БУЙ ХЭСЭГ
2020-05-09 18:28:03,730:INFO:2
2020-05-09 18:33:10,312:INFO:------------------------------------------------------------------------------------------------
2020-05-09 18:33:14,534:INFO:ДУГААРАА СОНГОЖ БУЙ ХЭСЭГ
2020-05-09 18:33:14,535:INFO:2
2020-05-09 18:33:17,882:INFO:ДУГААРАА СОНГОЖ БУЙ ХЭСЭГ
2020-05-09 18:33:17,883:INFO:2
2020-05-09 18:40:01,144:INFO:------------------------------------------------------------------------------------------------
2020-05-09 18:40:41,967:INFO:ДУГААРАА СОНГОЖ БУЙ ХЭСЭГ
2020-05-09 18:40:41,967:INFO:2
2020-05-09 18:42:10,410:INFO:ДУГААРАА СОНГОЖ БУЙ ХЭСЭГ
2020-05-09 18:42:10,410:INFO:2
2020-05-09 18:42:11,343:INFO:ДУГААРАА СОНГОЖ БУЙ ХЭСЭГ
2020-05-09 18:42:11,344:INFO:2
2020-05-09 18:43:51,338:INFO:ДУГААРАА СОНГОЖ БУЙ ХЭСЭГ
2020-05-09 18:43:51,338:INFO:2
2020-05-09 18:45:06,707:INFO:------------------------------------------------------------------------------------------------
2020-05-09 18:45:07,921:INFO:ДУГААРАА СОНГОЖ БУЙ ХЭСЭГ
2020-05-09 18:45:07,921:INFO:2
2020-05-09 18:45:13,089:INFO:ДУГААРАА СОНГОЖ БУЙ ХЭСЭГ
2020-05-09 18:45:13,089:INFO:2
2020-05-09 18:46:03,331:INFO:ДУГААРЫН ҮНЭ
2020-05-09 18:46:03,334:INFO:5000
2020-05-09 18:48:42,881:INFO:ДУГААРЫН ҮНЭ
2020-05-09 18:48:42,885:INFO:5000
2020-05-09 18:51:28,031:INFO:ДУГААРАА СОНГОЖ БУЙ ХЭСЭГ
2020-05-09 18:51:28,032:INFO:2
2020-05-09 18:51:29,798:INFO:------------------------------------------------------------------------------------------------
2020-05-09 18:51:35,276:INFO:ДУГААРАА СОНГОЖ БУЙ ХЭСЭГ
2020-05-09 18:51:35,276:INFO:7
2020-05-09 18:53:21,547:INFO:ДУГААРАА СОНГОЖ БУЙ ХЭСЭГ
2020-05-09 18:53:21,547:INFO:2
2020-05-09 18:53:28,210:INFO:ДУГААРАА СОНГОЖ БУЙ ХЭСЭГ
2020-05-09 18:53:28,210:INFO:2
2020-05-09 18:53:49,096:INFO:ДУГААРЫН ҮНЭ
2020-05-09 18:53:49,099:INFO:10000
2020-05-09 18:57:04,196:INFO:------------------------------------------------------------------------------------------------
2020-05-09 18:57:05,310:INFO:ДУГААРАА СОНГОЖ БУЙ ХЭСЭГ
2020-05-09 18:57:05,311:INFO:7
2020-05-09 18:59:04,688:INFO:------------------------------------------------------------------------------------------------
2020-05-09 18:59:14,161:INFO:ДУГААРАА СОНГОЖ БУЙ ХЭСЭГ
2020-05-09 18:59:14,162:INFO:2
2020-05-09 18:59:14,298:WARNING:Not Found: /favicon.ico
2020-05-09 19:02:33,092:INFO:------------------------------------------------------------------------------------------------
2020-05-09 19:02:33,467:INFO:------------------------------------------------------------------------------------------------
2020-05-09 19:40:01,384:INFO:------------------------------------------------------------------------------------------------
2020-05-09 20:02:13,359:INFO:ДУГААРЫН ҮНЭ
2020-05-09 20:02:13,362:INFO:5000
2020-05-09 20:02:17,205:INFO:ДУГААРЫН ҮНЭ
2020-05-09 20:02:17,207:INFO:5000
2020-05-09 20:02:33,181:INFO:------------------------------------------------------------------------------------------------
2020-05-09 20:02:33,552:INFO:------------------------------------------------------------------------------------------------
2020-05-09 20:04:27,791:INFO:ДУГААРЫН ҮНЭ
2020-05-09 20:04:27,794:INFO:5000
2020-05-09 20:05:08,842:INFO:------------------------------------------------------------------------------------------------
2020-05-09 20:05:10,734:INFO:ДУГААРАА СОНГОЖ БУЙ ХЭСЭГ
2020-05-09 20:05:10,734:INFO:7
2020-05-09 20:05:14,588:INFO:ДУГААРАА СОНГОЖ БУЙ ХЭСЭГ
2020-05-09 20:05:14,588:INFO:7
2020-05-09 20:06:23,041:INFO:ДУГААРАА СОНГОЖ БУЙ ХЭСЭГ
2020-05-09 20:06:23,042:INFO:7
2020-05-09 20:06:31,655:INFO:ДУГААРАА СОНГОЖ БУЙ ХЭСЭГ
2020-05-09 20:06:31,656:INFO:7
2020-05-09 20:06:38,763:INFO:------------------------------------------------------------------------------------------------
2020-05-09 20:06:40,187:INFO:ДУГААРАА СОНГОЖ БУЙ ХЭСЭГ
2020-05-09 20:06:40,187:INFO:7
2020-05-09 20:06:41,781:INFO:ДУГААРАА СОНГОЖ БУЙ ХЭСЭГ
2020-05-09 20:06:41,781:INFO:7
2020-05-09 20:07:17,628:INFO:ДУГААРАА СОНГОЖ БУЙ ХЭСЭГ
2020-05-09 20:07:17,628:INFO:2
2020-05-09 20:07:18,975:WARNING:Not Found: /favicon.ico
2020-05-09 20:07:20,130:INFO:ДУГААРАА СОНГОЖ БУЙ ХЭСЭГ
2020-05-09 20:07:20,130:INFO:2
2020-05-09 20:08:27,465:INFO:ДУГААРЫН ҮНЭ
2020-05-09 20:08:27,468:INFO:5000
2020-05-09 20:13:35,064:INFO:------------------------------------------------------------------------------------------------
2020-05-09 20:13:46,245:INFO:------------------------------------------------------------------------------------------------
2020-05-09 20:13:47,985:INFO:ДУГААРАА СОНГОЖ БУЙ ХЭСЭГ
2020-05-09 20:13:47,985:INFO:2
2020-05-09 20:16:18,738:INFO:ДУГААРЫН ҮНЭ
2020-05-09 20:16:18,741:INFO:5000
2020-05-09 20:17:56,892:INFO:ДУГААРЫН ZAHIALGA
2020-05-09 20:19:56,979:INFO:------------------------------------------------------------------------------------------------
2020-05-09 20:37:23,697:INFO:ДУГААРАА СОНГОЖ БУЙ ХЭСЭГ
2020-05-09 20:37:23,697:INFO:2
2020-05-09 20:40:01,630:INFO:------------------------------------------------------------------------------------------------
2020-05-09 20:40:14,664:INFO:------------------------------------------------------------------------------------------------
2020-05-09 20:40:20,504:INFO:ДУГААРАА СОНГОЖ БУЙ ХЭСЭГ
2020-05-09 20:40:20,504:INFO:7
2020-05-09 20:40:22,699:INFO:ДУГААРАА СОНГОЖ БУЙ ХЭСЭГ
2020-05-09 20:40:22,699:INFO:7
2020-05-09 20:40:40,344:INFO:ДУГААРЫН ҮНЭ
2020-05-09 20:40:40,346:INFO:10000
2020-05-09 21:13:35,142:INFO:------------------------------------------------------------------------------------------------
2020-05-09 21:35:56,404:INFO:------------------------------------------------------------------------------------------------
2020-05-09 21:35:58,157:INFO:ДУГААРАА СОНГОЖ БУЙ ХЭСЭГ
2020-05-09 21:35:58,158:INFO:7
2020-05-09 21:35:59,306:INFO:ДУГААРАА СОНГОЖ БУЙ ХЭСЭГ
2020-05-09 21:35:59,306:INFO:7
2020-05-09 21:40:01,876:INFO:------------------------------------------------------------------------------------------------
2020-05-09 22:40:02,158:INFO:------------------------------------------------------------------------------------------------
2020-05-09 23:40:02,415:INFO:------------------------------------------------------------------------------------------------
2020-05-10 00:40:02,963:INFO:------------------------------------------------------------------------------------------------
2020-05-10 01:05:35,110:WARNING:Not Found: /
2020-05-10 01:40:03,203:INFO:------------------------------------------------------------------------------------------------
