2020-06-07 06:29:47,649:INFO:------------------------------------------------------------------------------------------------
2020-06-07 06:32:54,966:INFO:------------------------------------------------------------------------------------------------
2020-06-07 07:29:52,323:INFO:------------------------------------------------------------------------------------------------
2020-06-07 07:32:59,546:INFO:------------------------------------------------------------------------------------------------
2020-06-07 08:29:57,022:INFO:------------------------------------------------------------------------------------------------
2020-06-07 08:33:04,166:INFO:------------------------------------------------------------------------------------------------
2020-06-07 09:30:01,970:INFO:------------------------------------------------------------------------------------------------
2020-06-07 09:32:19,446:INFO:ДУГААРАА СОНГОЖ БУЙ ХЭСЭГ
2020-06-07 09:32:19,446:INFO:2
2020-06-07 09:33:08,762:INFO:------------------------------------------------------------------------------------------------
2020-06-07 09:49:26,343:INFO:------------------------------------------------------------------------------------------------
2020-06-07 09:49:28,389:INFO:ДУГААРАА СОНГОЖ БУЙ ХЭСЭГ
2020-06-07 09:49:28,389:INFO:2
2020-06-07 09:49:28,607:WARNING:Not Found: /favicon.ico
2020-06-07 09:50:11,957:INFO:------------------------------------------------------------------------------------------------
2020-06-07 09:50:13,924:INFO:ДУГААРАА СОНГОЖ БУЙ ХЭСЭГ
2020-06-07 09:50:13,924:INFO:2
2020-06-07 09:51:51,222:INFO:------------------------------------------------------------------------------------------------
2020-06-07 09:51:53,402:INFO:ДУГААРАА СОНГОЖ БУЙ ХЭСЭГ
2020-06-07 09:51:53,402:INFO:2
2020-06-07 09:51:53,704:WARNING:Not Found: /favicon.ico
2020-06-07 09:53:16,865:INFO:------------------------------------------------------------------------------------------------
2020-06-07 09:53:18,146:INFO:ДУГААРАА СОНГОЖ БУЙ ХЭСЭГ
2020-06-07 09:53:18,146:INFO:7
2020-06-07 09:53:18,434:WARNING:Not Found: /favicon.ico
2020-06-07 09:53:20,873:INFO:ДУГААРАА СОНГОЖ БУЙ ХЭСЭГ
2020-06-07 09:53:20,874:INFO:2
2020-06-07 09:57:50,973:INFO:ДУГААРАА СОНГОЖ БУЙ ХЭСЭГ
2020-06-07 09:57:50,973:INFO:2
2020-06-07 09:57:51,367:INFO:------------------------------------------------------------------------------------------------
2020-06-07 09:57:55,904:WARNING:Not Found: /favicon.ico
2020-06-07 09:59:12,448:INFO:ДУГААРЫН ҮНЭ
2020-06-07 09:59:12,451:INFO:5000
2020-06-07 10:08:40,366:INFO:------------------------------------------------------------------------------------------------
2020-06-07 10:08:43,556:INFO:ДУГААРАА СОНГОЖ БУЙ ХЭСЭГ
2020-06-07 10:08:43,556:INFO:2
2020-06-07 10:08:43,904:WARNING:Not Found: /favicon.ico
2020-06-07 10:09:09,381:INFO:ДУГААРАА СОНГОЖ БУЙ ХЭСЭГ
2020-06-07 10:09:09,381:INFO:7
2020-06-07 10:09:11,477:WARNING:Not Found: /favicon.ico
2020-06-07 10:10:35,642:INFO:ДУГААРАА СОНГОЖ БУЙ ХЭСЭГ
2020-06-07 10:10:35,642:INFO:2
2020-06-07 10:10:38,483:INFO:------------------------------------------------------------------------------------------------
2020-06-07 10:21:34,898:INFO:------------------------------------------------------------------------------------------------
2020-06-07 10:22:31,910:INFO:------------------------------------------------------------------------------------------------
2020-06-07 10:22:38,602:INFO:------------------------------------------------------------------------------------------------
2020-06-07 10:22:41,131:INFO:ДУГААРАА СОНГОЖ БУЙ ХЭСЭГ
2020-06-07 10:22:41,132:INFO:7
2020-06-07 10:22:41,674:WARNING:Not Found: /favicon.ico
2020-06-07 10:23:00,145:INFO:ДУГААРЫН ҮНЭ
2020-06-07 10:23:00,147:INFO:10000
2020-06-07 10:23:06,039:INFO:ДУГААРЫН ZAHIALGA
2020-06-07 10:25:12,140:INFO:------------------------------------------------------------------------------------------------
2020-06-07 10:30:06,675:INFO:------------------------------------------------------------------------------------------------
2020-06-07 10:33:13,368:INFO:------------------------------------------------------------------------------------------------
2020-06-07 10:39:31,535:INFO:------------------------------------------------------------------------------------------------
2020-06-07 10:41:32,255:INFO:------------------------------------------------------------------------------------------------
2020-06-07 10:41:47,995:INFO:ДУГААРАА СОНГОЖ БУЙ ХЭСЭГ
2020-06-07 10:41:47,996:INFO:2
2020-06-07 10:41:48,429:WARNING:Not Found: /favicon.ico
2020-06-07 10:45:08,617:INFO:------------------------------------------------------------------------------------------------
2020-06-07 10:45:10,062:INFO:ДУГААРАА СОНГОЖ БУЙ ХЭСЭГ
2020-06-07 10:45:10,062:INFO:2
2020-06-07 10:45:10,582:WARNING:Not Found: /favicon.ico
2020-06-07 10:45:10,722:WARNING:Not Found: /favicon.ico
2020-06-07 10:46:29,150:INFO:------------------------------------------------------------------------------------------------
2020-06-07 10:46:30,303:INFO:ДУГААРАА СОНГОЖ БУЙ ХЭСЭГ
2020-06-07 10:46:30,303:INFO:7
2020-06-07 10:54:40,362:INFO:------------------------------------------------------------------------------------------------
2020-06-07 10:54:43,516:INFO:ДУГААРАА СОНГОЖ БУЙ ХЭСЭГ
2020-06-07 10:54:43,516:INFO:7
2020-06-07 10:55:42,759:INFO:ДУГААРАА СОНГОЖ БУЙ ХЭСЭГ
2020-06-07 10:55:42,759:INFO:7
2020-06-07 10:56:05,038:INFO:ДУГААРАА СОНГОЖ БУЙ ХЭСЭГ
2020-06-07 10:56:05,038:INFO:7
2020-06-07 10:57:56,637:INFO:------------------------------------------------------------------------------------------------
2020-06-07 10:59:30,368:INFO:ДУГААРАА СОНГОЖ БУЙ ХЭСЭГ
2020-06-07 10:59:30,368:INFO:7
2020-06-07 10:59:44,375:INFO:ДУГААРАА СОНГОЖ БУЙ ХЭСЭГ
2020-06-07 10:59:44,375:INFO:7
2020-06-07 11:04:07,677:INFO:ДУГААРАА СОНГОЖ БУЙ ХЭСЭГ
2020-06-07 11:04:07,677:INFO:7
2020-06-07 11:04:16,671:INFO:ДУГААРАА СОНГОЖ БУЙ ХЭСЭГ
2020-06-07 11:04:16,671:INFO:7
2020-06-07 11:04:25,984:INFO:ДУГААРАА СОНГОЖ БУЙ ХЭСЭГ
2020-06-07 11:04:25,985:INFO:7
2020-06-07 11:04:35,743:INFO:ДУГААРАА СОНГОЖ БУЙ ХЭСЭГ
2020-06-07 11:04:35,744:INFO:7
2020-06-07 11:05:49,406:INFO:ДУГААРАА СОНГОЖ БУЙ ХЭСЭГ
2020-06-07 11:05:49,406:INFO:7
2020-06-07 11:06:43,718:INFO:------------------------------------------------------------------------------------------------
2020-06-07 11:06:43,845:INFO:------------------------------------------------------------------------------------------------
2020-06-07 11:06:45,903:INFO:ДУГААРАА СОНГОЖ БУЙ ХЭСЭГ
2020-06-07 11:06:45,904:INFO:2
2020-06-07 11:06:46,099:INFO:ДУГААРАА СОНГОЖ БУЙ ХЭСЭГ
2020-06-07 11:06:46,099:INFO:2
2020-06-07 11:06:47,285:WARNING:Not Found: /favicon.ico
2020-06-07 11:06:50,439:INFO:ДУГААРАА СОНГОЖ БУЙ ХЭСЭГ
2020-06-07 11:06:50,439:INFO:2
2020-06-07 11:06:55,660:WARNING:Not Found: /favicon.ico
2020-06-07 11:07:28,364:INFO:ДУГААРЫН ҮНЭ
2020-06-07 11:07:28,367:INFO:10000
2020-06-07 11:07:30,093:INFO:ДУГААРЫН ҮНЭ
2020-06-07 11:07:30,095:INFO:5000
2020-06-07 11:08:15,688:INFO:ДУГААРЫН ZAHIALGA
2020-06-07 11:09:15,129:INFO:ДУГААРАА СОНГОЖ БУЙ ХЭСЭГ
2020-06-07 11:09:15,129:INFO:7
2020-06-07 11:09:15,396:WARNING:Not Found: /favicon.ico
2020-06-07 11:10:16,343:INFO:------------------------------------------------------------------------------------------------
2020-06-07 11:10:45,685:INFO:ДУГААРЫН ҮНЭ
2020-06-07 11:10:45,688:INFO:5000
2020-06-07 11:12:05,686:INFO:ДУГААРЫН ҮНЭ
2020-06-07 11:12:05,688:INFO:5000
2020-06-07 11:12:26,258:INFO:------------------------------------------------------------------------------------------------
2020-06-07 11:12:27,235:INFO:------------------------------------------------------------------------------------------------
2020-06-07 11:14:09,848:INFO:ДУГААРАА СОНГОЖ БУЙ ХЭСЭГ
2020-06-07 11:14:09,848:INFO:7
2020-06-07 11:14:10,311:WARNING:Not Found: /favicon.ico
2020-06-07 11:14:11,469:INFO:------------------------------------------------------------------------------------------------
2020-06-07 11:14:11,978:INFO:ДУГААРЫН ҮНЭ
2020-06-07 11:14:11,981:INFO:5000
2020-06-07 11:14:12,242:INFO:ДУГААРАА СОНГОЖ БУЙ ХЭСЭГ
2020-06-07 11:14:12,242:INFO:2
2020-06-07 11:14:23,305:INFO:ДУГААРЫН ҮНЭ
2020-06-07 11:14:23,308:INFO:5000
2020-06-07 11:15:06,820:INFO:------------------------------------------------------------------------------------------------
2020-06-07 11:15:12,105:INFO:ДУГААРЫН ZAHIALGA
2020-06-07 11:16:22,250:INFO:------------------------------------------------------------------------------------------------
2020-06-07 11:16:23,127:INFO:ДУГААРАА СОНГОЖ БУЙ ХЭСЭГ
2020-06-07 11:16:23,128:INFO:2
2020-06-07 11:17:12,389:INFO:------------------------------------------------------------------------------------------------
2020-06-07 11:17:32,676:INFO:------------------------------------------------------------------------------------------------
2020-06-07 11:18:01,637:INFO:------------------------------------------------------------------------------------------------
2020-06-07 11:18:01,994:INFO:------------------------------------------------------------------------------------------------
2020-06-07 11:18:02,080:INFO:------------------------------------------------------------------------------------------------
2020-06-07 11:18:02,478:INFO:------------------------------------------------------------------------------------------------
2020-06-07 11:18:03,502:INFO:ДУГААРАА СОНГОЖ БУЙ ХЭСЭГ
2020-06-07 11:18:03,502:INFO:2
2020-06-07 11:19:10,989:INFO:------------------------------------------------------------------------------------------------
2020-06-07 11:19:11,781:INFO:ДУГААРАА СОНГОЖ БУЙ ХЭСЭГ
2020-06-07 11:19:11,781:INFO:2
2020-06-07 11:19:45,989:INFO:------------------------------------------------------------------------------------------------
2020-06-07 11:19:47,323:INFO:ДУГААРАА СОНГОЖ БУЙ ХЭСЭГ
2020-06-07 11:19:47,324:INFO:2
2020-06-07 11:19:48,900:INFO:ДУГААРАА СОНГОЖ БУЙ ХЭСЭГ
2020-06-07 11:19:48,900:INFO:2
2020-06-07 11:20:04,193:INFO:------------------------------------------------------------------------------------------------
2020-06-07 11:20:05,248:INFO:ДУГААРАА СОНГОЖ БУЙ ХЭСЭГ
2020-06-07 11:20:05,249:INFO:2
2020-06-07 11:20:19,757:INFO:ДУГААРАА СОНГОЖ БУЙ ХЭСЭГ
2020-06-07 11:20:19,757:INFO:2
2020-06-07 11:21:51,630:INFO:------------------------------------------------------------------------------------------------
2020-06-07 11:23:40,562:ERROR:Internal Server Error: /getnumber
Traceback (most recent call last):
  File "/usr/local/lib/python2.7/dist-packages/django/core/handlers/exception.py", line 41, in inner
    response = get_response(request)
  File "/usr/local/lib/python2.7/dist-packages/django/core/handlers/base.py", line 187, in _get_response
    response = self.process_exception_by_middleware(e, request)
  File "/usr/local/lib/python2.7/dist-packages/django/core/handlers/base.py", line 185, in _get_response
    response = wrapped_callback(request, *callback_args, **callback_kwargs)
  File "/usr/local/lib/python2.7/dist-packages/django/views/decorators/csrf.py", line 58, in wrapped_view
    return view_func(*args, **kwargs)
  File "/usr/local/lib/python2.7/dist-packages/django/views/generic/base.py", line 68, in view
    return self.dispatch(request, *args, **kwargs)
  File "/usr/local/lib/python2.7/dist-packages/rest_framework/views.py", line 495, in dispatch
    response = self.handle_exception(exc)
  File "/usr/local/lib/python2.7/dist-packages/rest_framework/views.py", line 455, in handle_exception
    self.raise_uncaught_exception(exc)
  File "/usr/local/lib/python2.7/dist-packages/rest_framework/views.py", line 492, in dispatch
    response = handler(request, *args, **kwargs)
  File "/usr/local/lib/python2.7/dist-packages/rest_framework/decorators.py", line 55, in handler
    return func(*args, **kwargs)
  File "/home/user/nFilterNew/controller/views.py", line 206, in getNumber
    if data[1] == az:
IndexError: list index out of range
2020-06-07 11:24:12,758:INFO:ДУГААРЫН ҮНЭ
2020-06-07 11:24:12,761:INFO:5000
2020-06-07 11:25:06,010:INFO:ДУГААРЫН ZAHIALGA
2020-06-07 11:25:55,861:INFO:ДУГААРАА СОНГОЖ БУЙ ХЭСЭГ
2020-06-07 11:25:55,861:INFO:2
2020-06-07 11:27:06,119:INFO:------------------------------------------------------------------------------------------------
2020-06-07 11:30:11,491:INFO:------------------------------------------------------------------------------------------------
2020-06-07 11:33:17,965:INFO:------------------------------------------------------------------------------------------------
2020-06-07 11:39:32,297:INFO:------------------------------------------------------------------------------------------------
2020-06-07 11:40:15,534:INFO:------------------------------------------------------------------------------------------------
2020-06-07 11:47:24,762:INFO:ДУГААРАА СОНГОЖ БУЙ ХЭСЭГ
2020-06-07 11:47:24,763:INFO:2
2020-06-07 11:47:24,954:WARNING:Not Found: /favicon.ico
2020-06-07 11:48:12,945:INFO:ДУГААРЫН ҮНЭ
2020-06-07 11:48:12,947:INFO:5000
2020-06-07 12:01:58,731:INFO:ДУГААРАА СОНГОЖ БУЙ ХЭСЭГ
2020-06-07 12:01:58,732:INFO:2
2020-06-07 12:03:50,828:INFO:ДУГААРЫН ҮНЭ
2020-06-07 12:03:50,831:INFO:5000
2020-06-07 12:04:07,067:INFO:ДУГААРЫН ZAHIALGA
2020-06-07 12:06:07,200:INFO:------------------------------------------------------------------------------------------------
2020-06-07 12:11:06,912:INFO:ДУГААРАА СОНГОЖ БУЙ ХЭСЭГ
2020-06-07 12:11:06,912:INFO:2
2020-06-07 12:11:07,414:WARNING:Not Found: /favicon.ico
2020-06-07 12:11:20,935:INFO:ДУГААРЫН ҮНЭ
2020-06-07 12:11:20,938:INFO:5000
2020-06-07 12:12:27,348:INFO:------------------------------------------------------------------------------------------------
2020-06-07 12:15:07,435:INFO:------------------------------------------------------------------------------------------------
2020-06-07 12:17:12,675:INFO:------------------------------------------------------------------------------------------------
2020-06-07 12:17:33,110:INFO:------------------------------------------------------------------------------------------------
2020-06-07 12:21:26,832:INFO:ДУГААРЫН ҮНЭ
2020-06-07 12:21:26,835:INFO:5000
2020-06-07 12:22:08,355:INFO:------------------------------------------------------------------------------------------------
2020-06-07 12:28:23,987:INFO:ДУГААРАА СОНГОЖ БУЙ ХЭСЭГ
2020-06-07 12:28:23,987:INFO:7
2020-06-07 12:28:24,549:WARNING:Not Found: /favicon.ico
2020-06-07 12:28:24,556:WARNING:Not Found: /favicon.ico
2020-06-07 12:28:37,368:INFO:ДУГААРАА СОНГОЖ БУЙ ХЭСЭГ
2020-06-07 12:28:37,368:INFO:7
2020-06-07 12:29:44,605:ERROR:Internal Server Error: /getnumber
Traceback (most recent call last):
  File "/usr/local/lib/python2.7/dist-packages/django/core/handlers/exception.py", line 41, in inner
    response = get_response(request)
  File "/usr/local/lib/python2.7/dist-packages/django/core/handlers/base.py", line 187, in _get_response
    response = self.process_exception_by_middleware(e, request)
  File "/usr/local/lib/python2.7/dist-packages/django/core/handlers/base.py", line 185, in _get_response
    response = wrapped_callback(request, *callback_args, **callback_kwargs)
  File "/usr/local/lib/python2.7/dist-packages/django/views/decorators/csrf.py", line 58, in wrapped_view
    return view_func(*args, **kwargs)
  File "/usr/local/lib/python2.7/dist-packages/django/views/generic/base.py", line 68, in view
    return self.dispatch(request, *args, **kwargs)
  File "/usr/local/lib/python2.7/dist-packages/rest_framework/views.py", line 495, in dispatch
    response = self.handle_exception(exc)
  File "/usr/local/lib/python2.7/dist-packages/rest_framework/views.py", line 455, in handle_exception
    self.raise_uncaught_exception(exc)
  File "/usr/local/lib/python2.7/dist-packages/rest_framework/views.py", line 492, in dispatch
    response = handler(request, *args, **kwargs)
  File "/usr/local/lib/python2.7/dist-packages/rest_framework/decorators.py", line 55, in handler
    return func(*args, **kwargs)
  File "/home/user/nFilterNew/controller/views.py", line 206, in getNumber
    if data[1] == az:
IndexError: list index out of range
2020-06-07 12:30:16,248:INFO:------------------------------------------------------------------------------------------------
2020-06-07 12:33:22,573:INFO:------------------------------------------------------------------------------------------------
2020-06-07 12:34:01,421:INFO:ДУГААРАА СОНГОЖ БУЙ ХЭСЭГ
2020-06-07 12:34:01,422:INFO:7
2020-06-07 12:34:13,206:INFO:ДУГААРАА СОНГОЖ БУЙ ХЭСЭГ
2020-06-07 12:34:13,206:INFO:7
2020-06-07 12:34:26,805:INFO:ДУГААРАА СОНГОЖ БУЙ ХЭСЭГ
2020-06-07 12:34:26,805:INFO:7
2020-06-07 12:34:40,170:INFO:ДУГААРАА СОНГОЖ БУЙ ХЭСЭГ
2020-06-07 12:34:40,170:INFO:7
2020-06-07 12:34:40,357:INFO:ДУГААРАА СОНГОЖ БУЙ ХЭСЭГ
2020-06-07 12:34:40,357:INFO:7
2020-06-07 12:35:12,106:INFO:ДУГААРАА СОНГОЖ БУЙ ХЭСЭГ
2020-06-07 12:35:12,106:INFO:7
2020-06-07 12:35:23,092:INFO:ДУГААРАА СОНГОЖ БУЙ ХЭСЭГ
2020-06-07 12:35:23,092:INFO:7
2020-06-07 12:35:56,825:INFO:ДУГААРАА СОНГОЖ БУЙ ХЭСЭГ
2020-06-07 12:35:56,825:INFO:7
2020-06-07 12:35:59,869:INFO:ДУГААРАА СОНГОЖ БУЙ ХЭСЭГ
2020-06-07 12:35:59,869:INFO:7
2020-06-07 12:36:01,067:INFO:ДУГААРАА СОНГОЖ БУЙ ХЭСЭГ
2020-06-07 12:36:01,068:INFO:7
2020-06-07 12:36:04,039:INFO:ДУГААРАА СОНГОЖ БУЙ ХЭСЭГ
2020-06-07 12:36:04,039:INFO:7
2020-06-07 12:36:35,874:INFO:ДУГААРАА СОНГОЖ БУЙ ХЭСЭГ
2020-06-07 12:36:35,874:INFO:7
2020-06-07 12:36:45,987:INFO:ДУГААРАА СОНГОЖ БУЙ ХЭСЭГ
2020-06-07 12:36:45,987:INFO:7
2020-06-07 12:37:40,985:INFO:ДУГААРАА СОНГОЖ БУЙ ХЭСЭГ
2020-06-07 12:37:40,985:INFO:7
2020-06-07 12:37:54,801:INFO:ДУГААРАА СОНГОЖ БУЙ ХЭСЭГ
2020-06-07 12:37:54,801:INFO:7
2020-06-07 12:38:56,695:INFO:ДУГААРАА СОНГОЖ БУЙ ХЭСЭГ
2020-06-07 12:38:56,695:INFO:7
2020-06-07 12:39:09,910:INFO:ДУГААРАА СОНГОЖ БУЙ ХЭСЭГ
2020-06-07 12:39:09,910:INFO:7
2020-06-07 12:39:32,403:INFO:------------------------------------------------------------------------------------------------
2020-06-07 12:40:06,307:INFO:ДУГААРАА СОНГОЖ БУЙ ХЭСЭГ
2020-06-07 12:40:06,307:INFO:2
2020-06-07 12:45:19,247:INFO:ДУГААРАА СОНГОЖ БУЙ ХЭСЭГ
2020-06-07 12:45:19,247:INFO:2
2020-06-07 12:50:46,435:INFO:ДУГААРЫН ҮНЭ
2020-06-07 12:50:46,437:INFO:5000
2020-06-07 12:51:11,514:INFO:ДУГААРЫН ZAHIALGA
2020-06-07 12:51:32,748:INFO:------------------------------------------------------------------------------------------------
2020-06-07 12:51:35,538:INFO:ДУГААРАА СОНГОЖ БУЙ ХЭСЭГ
2020-06-07 12:51:35,539:INFO:2
2020-06-07 13:06:07,318:INFO:------------------------------------------------------------------------------------------------
2020-06-07 13:07:02,578:INFO:ДУГААРАА СОНГОЖ БУЙ ХЭСЭГ
2020-06-07 13:07:02,579:INFO:7
2020-06-07 13:07:04,893:INFO:------------------------------------------------------------------------------------------------
2020-06-07 13:08:37,453:WARNING:Not Found: /favicon.ico
2020-06-07 13:11:16,263:INFO:------------------------------------------------------------------------------------------------
2020-06-07 13:11:17,242:INFO:------------------------------------------------------------------------------------------------
2020-06-07 13:11:17,955:INFO:ДУГААРАА СОНГОЖ БУЙ ХЭСЭГ
2020-06-07 13:11:17,955:INFO:7
2020-06-07 13:11:50,178:INFO:ДУГААРЫН ҮНЭ
2020-06-07 13:11:50,180:INFO:10000
2020-06-07 13:11:56,138:INFO:ДУГААРЫН ZAHIALGA
2020-06-07 13:12:27,446:INFO:------------------------------------------------------------------------------------------------
2020-06-07 13:13:56,424:INFO:------------------------------------------------------------------------------------------------
2020-06-07 13:17:12,906:INFO:------------------------------------------------------------------------------------------------
2020-06-07 13:17:33,262:INFO:------------------------------------------------------------------------------------------------
2020-06-07 13:21:15,996:INFO:ДУГААРАА СОНГОЖ БУЙ ХЭСЭГ
2020-06-07 13:21:15,997:INFO:2
2020-06-07 13:22:22,758:INFO:------------------------------------------------------------------------------------------------
2020-06-07 13:22:25,006:INFO:------------------------------------------------------------------------------------------------
2020-06-07 13:22:55,760:INFO:------------------------------------------------------------------------------------------------
2020-06-07 13:22:56,996:INFO:ДУГААРАА СОНГОЖ БУЙ ХЭСЭГ
2020-06-07 13:22:56,996:INFO:2
2020-06-07 13:24:48,516:INFO:------------------------------------------------------------------------------------------------
2020-06-07 13:24:55,027:INFO:ДУГААРАА СОНГОЖ БУЙ ХЭСЭГ
2020-06-07 13:24:55,027:INFO:2
2020-06-07 13:24:55,725:WARNING:Not Found: /favicon.ico
2020-06-07 13:24:59,579:INFO:------------------------------------------------------------------------------------------------
2020-06-07 13:25:00,911:INFO:ДУГААРАА СОНГОЖ БУЙ ХЭСЭГ
2020-06-07 13:25:00,911:INFO:2
2020-06-07 13:26:09,407:INFO:ДУГААРАА СОНГОЖ БУЙ ХЭСЭГ
2020-06-07 13:26:09,408:INFO:2
2020-06-07 13:26:10,201:WARNING:Not Found: /favicon.ico
2020-06-07 13:30:21,013:INFO:------------------------------------------------------------------------------------------------
2020-06-07 13:33:27,160:INFO:------------------------------------------------------------------------------------------------
2020-06-07 13:39:32,515:INFO:------------------------------------------------------------------------------------------------
2020-06-07 13:42:11,161:INFO:------------------------------------------------------------------------------------------------
2020-06-07 13:42:16,931:INFO:ДУГААРАА СОНГОЖ БУЙ ХЭСЭГ
2020-06-07 13:42:16,931:INFO:7
2020-06-07 13:42:48,961:INFO:ДУГААРАА СОНГОЖ БУЙ ХЭСЭГ
2020-06-07 13:42:48,961:INFO:7
2020-06-07 13:42:53,246:INFO:ДУГААРАА СОНГОЖ БУЙ ХЭСЭГ
2020-06-07 13:42:53,247:INFO:7
2020-06-07 13:43:04,997:INFO:ДУГААРАА СОНГОЖ БУЙ ХЭСЭГ
2020-06-07 13:43:04,997:INFO:7
2020-06-07 13:43:20,545:INFO:ДУГААРАА СОНГОЖ БУЙ ХЭСЭГ
2020-06-07 13:43:20,545:INFO:7
2020-06-07 13:43:29,434:INFO:ДУГААРАА СОНГОЖ БУЙ ХЭСЭГ
2020-06-07 13:43:29,434:INFO:7
2020-06-07 13:43:42,378:INFO:ДУГААРАА СОНГОЖ БУЙ ХЭСЭГ
2020-06-07 13:43:42,378:INFO:7
2020-06-07 13:44:09,684:INFO:------------------------------------------------------------------------------------------------
2020-06-07 13:44:10,560:INFO:ДУГААРАА СОНГОЖ БУЙ ХЭСЭГ
2020-06-07 13:44:10,561:INFO:7
2020-06-07 13:44:22,748:INFO:ДУГААРАА СОНГОЖ БУЙ ХЭСЭГ
2020-06-07 13:44:22,748:INFO:7
2020-06-07 13:44:31,451:INFO:ДУГААРАА СОНГОЖ БУЙ ХЭСЭГ
2020-06-07 13:44:31,451:INFO:7
2020-06-07 13:54:13,115:INFO:ДУГААРАА СОНГОЖ БУЙ ХЭСЭГ
2020-06-07 13:54:13,115:INFO:2
2020-06-07 13:54:15,353:INFO:------------------------------------------------------------------------------------------------
2020-06-07 13:54:16,118:INFO:ДУГААРАА СОНГОЖ БУЙ ХЭСЭГ
2020-06-07 13:54:16,118:INFO:2
2020-06-07 13:55:21,659:INFO:ДУГААРЫН ҮНЭ
2020-06-07 13:55:21,661:INFO:5000
2020-06-07 13:55:26,870:INFO:ДУГААРАА СОНГОЖ БУЙ ХЭСЭГ
2020-06-07 13:55:26,871:INFO:7
2020-06-07 13:55:30,152:INFO:ДУГААРАА СОНГОЖ БУЙ ХЭСЭГ
2020-06-07 13:55:30,153:INFO:7
2020-06-07 13:58:46,089:INFO:ДУГААРАА СОНГОЖ БУЙ ХЭСЭГ
2020-06-07 13:58:46,089:INFO:7
2020-06-07 14:00:17,218:INFO:ДУГААРАА СОНГОЖ БУЙ ХЭСЭГ
2020-06-07 14:00:17,219:INFO:7
2020-06-07 14:03:59,317:INFO:ДУГААРАА СОНГОЖ БУЙ ХЭСЭГ
2020-06-07 14:03:59,317:INFO:2
2020-06-07 14:04:44,028:INFO:ДУГААРЫН ҮНЭ
2020-06-07 14:04:44,031:INFO:5000
2020-06-07 14:07:05,243:INFO:------------------------------------------------------------------------------------------------
2020-06-07 14:07:25,029:INFO:------------------------------------------------------------------------------------------------
2020-06-07 14:07:26,516:INFO:ДУГААРАА СОНГОЖ БУЙ ХЭСЭГ
2020-06-07 14:07:26,516:INFO:7
2020-06-07 14:12:02,013:INFO:ДУГААРАА СОНГОЖ БУЙ ХЭСЭГ
2020-06-07 14:12:02,013:INFO:2
2020-06-07 14:13:56,786:INFO:------------------------------------------------------------------------------------------------
2020-06-07 14:14:10,802:INFO:ДУГААРЫН ҮНЭ
2020-06-07 14:14:10,805:INFO:5000
2020-06-07 14:15:59,679:INFO:ДУГААРЫН ҮНЭ
2020-06-07 14:15:59,682:INFO:5000
2020-06-07 14:17:13,124:INFO:------------------------------------------------------------------------------------------------
2020-06-07 14:17:33,426:INFO:------------------------------------------------------------------------------------------------
2020-06-07 14:18:21,201:INFO:ДУГААРЫН ZAHIALGA
2020-06-07 14:18:50,588:INFO:------------------------------------------------------------------------------------------------
2020-06-07 14:19:42,160:INFO:------------------------------------------------------------------------------------------------
2020-06-07 14:19:43,229:INFO:ДУГААРАА СОНГОЖ БУЙ ХЭСЭГ
2020-06-07 14:19:43,229:INFO:2
2020-06-07 14:22:10,995:INFO:------------------------------------------------------------------------------------------------
2020-06-07 14:22:22,902:INFO:------------------------------------------------------------------------------------------------
2020-06-07 14:22:41,688:INFO:------------------------------------------------------------------------------------------------
2020-06-07 14:23:52,259:INFO:ДУГААРАА СОНГОЖ БУЙ ХЭСЭГ
2020-06-07 14:23:52,259:INFO:2
2020-06-07 14:24:08,919:WARNING:Not Found: /favicon.ico
2020-06-07 14:24:26,056:INFO:------------------------------------------------------------------------------------------------
2020-06-07 14:24:54,325:INFO:ДУГААРАА СОНГОЖ БУЙ ХЭСЭГ
2020-06-07 14:24:54,325:INFO:2
2020-06-07 14:24:58,662:INFO:ДУГААРАА СОНГОЖ БУЙ ХЭСЭГ
2020-06-07 14:24:58,662:INFO:2
2020-06-07 14:25:08,453:INFO:ДУГААРАА СОНГОЖ БУЙ ХЭСЭГ
2020-06-07 14:25:08,454:INFO:2
2020-06-07 14:25:10,012:INFO:ДУГААРАА СОНГОЖ БУЙ ХЭСЭГ
2020-06-07 14:25:10,012:INFO:2
2020-06-07 14:25:22,597:INFO:ДУГААРАА СОНГОЖ БУЙ ХЭСЭГ
2020-06-07 14:25:22,598:INFO:2
2020-06-07 14:26:02,264:INFO:ДУГААРЫН ҮНЭ
2020-06-07 14:26:02,267:INFO:5000
2020-06-07 14:27:51,100:INFO:ДУГААРАА СОНГОЖ БУЙ ХЭСЭГ
2020-06-07 14:27:51,100:INFO:2
2020-06-07 14:27:54,062:INFO:ДУГААРАА СОНГОЖ БУЙ ХЭСЭГ
2020-06-07 14:27:54,062:INFO:2
2020-06-07 14:27:56,053:INFO:ДУГААРАА СОНГОЖ БУЙ ХЭСЭГ
2020-06-07 14:27:56,054:INFO:2
2020-06-07 14:28:23,699:INFO:ДУГААРАА СОНГОЖ БУЙ ХЭСЭГ
2020-06-07 14:28:23,699:INFO:7
2020-06-07 14:28:35,444:ERROR:Internal Server Error: /getnumber
Traceback (most recent call last):
  File "/usr/local/lib/python2.7/dist-packages/django/core/handlers/exception.py", line 41, in inner
    response = get_response(request)
  File "/usr/local/lib/python2.7/dist-packages/django/core/handlers/base.py", line 187, in _get_response
    response = self.process_exception_by_middleware(e, request)
  File "/usr/local/lib/python2.7/dist-packages/django/core/handlers/base.py", line 185, in _get_response
    response = wrapped_callback(request, *callback_args, **callback_kwargs)
  File "/usr/local/lib/python2.7/dist-packages/django/views/decorators/csrf.py", line 58, in wrapped_view
    return view_func(*args, **kwargs)
  File "/usr/local/lib/python2.7/dist-packages/django/views/generic/base.py", line 68, in view
    return self.dispatch(request, *args, **kwargs)
  File "/usr/local/lib/python2.7/dist-packages/rest_framework/views.py", line 495, in dispatch
    response = self.handle_exception(exc)
  File "/usr/local/lib/python2.7/dist-packages/rest_framework/views.py", line 455, in handle_exception
    self.raise_uncaught_exception(exc)
  File "/usr/local/lib/python2.7/dist-packages/rest_framework/views.py", line 492, in dispatch
    response = handler(request, *args, **kwargs)
  File "/usr/local/lib/python2.7/dist-packages/rest_framework/decorators.py", line 55, in handler
    return func(*args, **kwargs)
  File "/home/user/nFilterNew/controller/views.py", line 206, in getNumber
    if data[1] == az:
IndexError: list index out of range
2020-06-07 14:28:45,029:INFO:------------------------------------------------------------------------------------------------
2020-06-07 14:29:02,470:INFO:ДУГААРАА СОНГОЖ БУЙ ХЭСЭГ
2020-06-07 14:29:02,471:INFO:2
2020-06-07 14:30:12,651:INFO:------------------------------------------------------------------------------------------------
2020-06-07 14:30:13,839:INFO:ДУГААРАА СОНГОЖ БУЙ ХЭСЭГ
2020-06-07 14:30:13,839:INFO:2
2020-06-07 14:30:17,493:INFO:ДУГААРЫН ҮНЭ
2020-06-07 14:30:17,496:INFO:10000
2020-06-07 14:30:25,727:INFO:------------------------------------------------------------------------------------------------
2020-06-07 14:33:01,517:INFO:ДУГААРАА СОНГОЖ БУЙ ХЭСЭГ
2020-06-07 14:33:01,518:INFO:2
2020-06-07 14:33:10,441:INFO:------------------------------------------------------------------------------------------------
2020-06-07 14:33:11,646:INFO:ДУГААРАА СОНГОЖ БУЙ ХЭСЭГ
2020-06-07 14:33:11,646:INFO:7
2020-06-07 14:33:31,772:INFO:------------------------------------------------------------------------------------------------
2020-06-07 14:36:18,509:INFO:ДУГААРЫН ҮНЭ
2020-06-07 14:36:18,512:INFO:5000
2020-06-07 14:39:32,626:INFO:------------------------------------------------------------------------------------------------
2020-06-07 14:40:36,426:INFO:------------------------------------------------------------------------------------------------
2020-06-07 14:40:37,487:INFO:ДУГААРАА СОНГОЖ БУЙ ХЭСЭГ
2020-06-07 14:40:37,487:INFO:7
2020-06-07 14:52:40,546:INFO:ДУГААРАА СОНГОЖ БУЙ ХЭСЭГ
2020-06-07 14:52:40,547:INFO:2
2020-06-07 14:53:07,841:INFO:ДУГААРАА СОНГОЖ БУЙ ХЭСЭГ
2020-06-07 14:53:07,841:INFO:2
2020-06-07 14:53:23,139:INFO:ДУГААРЫН ҮНЭ
2020-06-07 14:53:23,141:INFO:5000
2020-06-07 14:53:32,821:INFO:ДУГААРЫН ZAHIALGA
2020-06-07 14:53:35,119:INFO:------------------------------------------------------------------------------------------------
2020-06-07 14:53:36,554:INFO:ДУГААРАА СОНГОЖ БУЙ ХЭСЭГ
2020-06-07 14:53:36,554:INFO:2
2020-06-07 14:57:47,745:INFO:ДУГААРАА СОНГОЖ БУЙ ХЭСЭГ
2020-06-07 14:57:47,745:INFO:2
2020-06-07 14:59:11,268:INFO:ДУГААРАА СОНГОЖ БУЙ ХЭСЭГ
2020-06-07 14:59:11,269:INFO:2
2020-06-07 15:07:04,254:INFO:ДУГААРАА СОНГОЖ БУЙ ХЭСЭГ
2020-06-07 15:07:04,254:INFO:2
2020-06-07 15:07:59,172:INFO:ДУГААРАА СОНГОЖ БУЙ ХЭСЭГ
2020-06-07 15:07:59,172:INFO:2
2020-06-07 15:08:06,169:INFO:ДУГААРАА СОНГОЖ БУЙ ХЭСЭГ
2020-06-07 15:08:06,169:INFO:2
2020-06-07 15:08:09,801:INFO:ДУГААРАА СОНГОЖ БУЙ ХЭСЭГ
2020-06-07 15:08:09,802:INFO:2
2020-06-07 15:08:11,942:INFO:ДУГААРАА СОНГОЖ БУЙ ХЭСЭГ
2020-06-07 15:08:11,943:INFO:2
2020-06-07 15:08:41,970:INFO:ДУГААРАА СОНГОЖ БУЙ ХЭСЭГ
2020-06-07 15:08:41,970:INFO:2
2020-06-07 15:09:53,421:INFO:ДУГААРЫН ҮНЭ
2020-06-07 15:09:53,423:INFO:5000
2020-06-07 15:14:01,528:INFO:------------------------------------------------------------------------------------------------
2020-06-07 15:17:33,592:INFO:------------------------------------------------------------------------------------------------
2020-06-07 15:18:51,049:INFO:------------------------------------------------------------------------------------------------
2020-06-07 15:19:05,798:INFO:------------------------------------------------------------------------------------------------
2020-06-07 15:19:09,119:INFO:ДУГААРАА СОНГОЖ БУЙ ХЭСЭГ
2020-06-07 15:19:09,119:INFO:7
2020-06-07 15:19:16,204:INFO:ДУГААРАА СОНГОЖ БУЙ ХЭСЭГ
2020-06-07 15:19:16,204:INFO:2
2020-06-07 15:19:19,843:INFO:ДУГААРАА СОНГОЖ БУЙ ХЭСЭГ
2020-06-07 15:19:19,843:INFO:2
2020-06-07 15:19:22,764:INFO:ДУГААРАА СОНГОЖ БУЙ ХЭСЭГ
2020-06-07 15:19:22,764:INFO:2
2020-06-07 15:22:11,567:INFO:------------------------------------------------------------------------------------------------
2020-06-07 15:22:17,544:INFO:ДУГААРАА СОНГОЖ БУЙ ХЭСЭГ
2020-06-07 15:22:17,544:INFO:2
2020-06-07 15:22:17,910:WARNING:Not Found: /favicon.ico
2020-06-07 15:22:23,031:INFO:------------------------------------------------------------------------------------------------
2020-06-07 15:23:29,793:ERROR:Internal Server Error: /getnumber
Traceback (most recent call last):
  File "/usr/local/lib/python2.7/dist-packages/django/core/handlers/exception.py", line 41, in inner
    response = get_response(request)
  File "/usr/local/lib/python2.7/dist-packages/django/core/handlers/base.py", line 187, in _get_response
    response = self.process_exception_by_middleware(e, request)
  File "/usr/local/lib/python2.7/dist-packages/django/core/handlers/base.py", line 185, in _get_response
    response = wrapped_callback(request, *callback_args, **callback_kwargs)
  File "/usr/local/lib/python2.7/dist-packages/django/views/decorators/csrf.py", line 58, in wrapped_view
    return view_func(*args, **kwargs)
  File "/usr/local/lib/python2.7/dist-packages/django/views/generic/base.py", line 68, in view
    return self.dispatch(request, *args, **kwargs)
  File "/usr/local/lib/python2.7/dist-packages/rest_framework/views.py", line 495, in dispatch
    response = self.handle_exception(exc)
  File "/usr/local/lib/python2.7/dist-packages/rest_framework/views.py", line 455, in handle_exception
    self.raise_uncaught_exception(exc)
  File "/usr/local/lib/python2.7/dist-packages/rest_framework/views.py", line 492, in dispatch
    response = handler(request, *args, **kwargs)
  File "/usr/local/lib/python2.7/dist-packages/rest_framework/decorators.py", line 55, in handler
    return func(*args, **kwargs)
  File "/home/user/nFilterNew/controller/views.py", line 206, in getNumber
    if data[1] == az:
IndexError: list index out of range
2020-06-07 15:24:33,450:INFO:ДУГААРЫН ҮНЭ
2020-06-07 15:24:33,453:INFO:5000
2020-06-07 15:24:46,599:INFO:------------------------------------------------------------------------------------------------
2020-06-07 15:24:53,160:INFO:ДУГААРАА СОНГОЖ БУЙ ХЭСЭГ
2020-06-07 15:24:53,161:INFO:2
2020-06-07 15:28:31,052:INFO:ДУГААРАА СОНГОЖ БУЙ ХЭСЭГ
2020-06-07 15:28:31,052:INFO:2
2020-06-07 15:28:34,798:INFO:------------------------------------------------------------------------------------------------
2020-06-07 15:28:37,196:INFO:ДУГААРАА СОНГОЖ БУЙ ХЭСЭГ
2020-06-07 15:28:37,196:INFO:7
2020-06-07 15:29:41,192:INFO:ДУГААРЫН ҮНЭ
2020-06-07 15:29:41,195:INFO:5000
2020-06-07 15:30:30,494:INFO:------------------------------------------------------------------------------------------------
2020-06-07 15:33:18,902:INFO:ДУГААРЫН ZAHIALGA
2020-06-07 15:33:23,630:INFO:------------------------------------------------------------------------------------------------
2020-06-07 15:33:27,111:INFO:ДУГААРАА СОНГОЖ БУЙ ХЭСЭГ
2020-06-07 15:33:27,111:INFO:7
2020-06-07 15:33:53,548:INFO:------------------------------------------------------------------------------------------------
2020-06-07 15:33:54,676:INFO:ДУГААРАА СОНГОЖ БУЙ ХЭСЭГ
2020-06-07 15:33:54,677:INFO:2
2020-06-07 15:34:00,736:INFO:ДУГААРАА СОНГОЖ БУЙ ХЭСЭГ
2020-06-07 15:34:00,736:INFO:2
2020-06-07 15:34:25,580:INFO:ДУГААРАА СОНГОЖ БУЙ ХЭСЭГ
2020-06-07 15:34:25,580:INFO:2
2020-06-07 15:34:27,453:INFO:------------------------------------------------------------------------------------------------
2020-06-07 15:34:28,858:INFO:ДУГААРАА СОНГОЖ БУЙ ХЭСЭГ
2020-06-07 15:34:28,858:INFO:7
2020-06-07 15:34:31,980:INFO:ДУГААРАА СОНГОЖ БУЙ ХЭСЭГ
2020-06-07 15:34:31,981:INFO:7
2020-06-07 15:34:41,924:INFO:ДУГААРАА СОНГОЖ БУЙ ХЭСЭГ
2020-06-07 15:34:41,924:INFO:2
2020-06-07 15:34:50,912:INFO:ДУГААРАА СОНГОЖ БУЙ ХЭСЭГ
2020-06-07 15:34:50,912:INFO:7
2020-06-07 15:35:20,611:INFO:ДУГААРЫН ҮНЭ
2020-06-07 15:35:20,613:INFO:5000
2020-06-07 15:35:51,723:INFO:ДУГААРЫН ZAHIALGA
2020-06-07 15:35:54,244:INFO:------------------------------------------------------------------------------------------------
2020-06-07 15:36:41,621:INFO:ДУГААРАА СОНГОЖ БУЙ ХЭСЭГ
2020-06-07 15:36:41,622:INFO:7
2020-06-07 15:39:32,741:INFO:------------------------------------------------------------------------------------------------
2020-06-07 15:41:20,104:INFO:ДУГААРАА СОНГОЖ БУЙ ХЭСЭГ
2020-06-07 15:41:20,104:INFO:2
2020-06-07 15:41:20,372:WARNING:Not Found: /favicon.ico
2020-06-07 15:41:47,031:INFO:ДУГААРАА СОНГОЖ БУЙ ХЭСЭГ
2020-06-07 15:41:47,031:INFO:2
2020-06-07 15:42:51,980:INFO:ДУГААРАА СОНГОЖ БУЙ ХЭСЭГ
2020-06-07 15:42:51,980:INFO:2
2020-06-07 15:42:52,931:INFO:ДУГААРАА СОНГОЖ БУЙ ХЭСЭГ
2020-06-07 15:42:52,931:INFO:2
2020-06-07 15:43:43,014:INFO:ДУГААРАА СОНГОЖ БУЙ ХЭСЭГ
2020-06-07 15:43:43,014:INFO:2
2020-06-07 15:56:49,410:INFO:ДУГААРАА СОНГОЖ БУЙ ХЭСЭГ
2020-06-07 15:56:49,411:INFO:7
2020-06-07 15:57:57,062:INFO:------------------------------------------------------------------------------------------------
2020-06-07 15:57:58,768:INFO:ДУГААРАА СОНГОЖ БУЙ ХЭСЭГ
2020-06-07 15:57:58,768:INFO:2
2020-06-07 16:02:10,575:INFO:------------------------------------------------------------------------------------------------
2020-06-07 16:02:13,386:INFO:ДУГААРАА СОНГОЖ БУЙ ХЭСЭГ
2020-06-07 16:02:13,386:INFO:2
2020-06-07 16:03:49,581:INFO:------------------------------------------------------------------------------------------------
2020-06-07 16:03:50,591:INFO:ДУГААРАА СОНГОЖ БУЙ ХЭСЭГ
2020-06-07 16:03:50,592:INFO:2
2020-06-07 16:06:47,710:INFO:ДУГААРАА СОНГОЖ БУЙ ХЭСЭГ
2020-06-07 16:06:47,710:INFO:2
2020-06-07 16:07:29,689:INFO:ДУГААРАА СОНГОЖ БУЙ ХЭСЭГ
2020-06-07 16:07:29,689:INFO:7
2020-06-07 16:07:57,164:INFO:ДУГААРЫН ҮНЭ
2020-06-07 16:07:57,167:INFO:10000
2020-06-07 16:08:27,146:INFO:ДУГААРАА СОНГОЖ БУЙ ХЭСЭГ
2020-06-07 16:08:27,147:INFO:2
2020-06-07 16:09:37,077:INFO:------------------------------------------------------------------------------------------------
2020-06-07 16:09:39,666:INFO:ДУГААРАА СОНГОЖ БУЙ ХЭСЭГ
2020-06-07 16:09:39,666:INFO:2
2020-06-07 16:09:40,193:WARNING:Not Found: /favicon.ico
2020-06-07 16:10:20,388:INFO:ДУГААРЫН ҮНЭ
2020-06-07 16:10:20,390:INFO:5000
2020-06-07 16:11:12,631:INFO:ДУГААРЫН ZAHIALGA
2020-06-07 16:11:17,802:INFO:------------------------------------------------------------------------------------------------
2020-06-07 16:11:19,434:INFO:ДУГААРАА СОНГОЖ БУЙ ХЭСЭГ
2020-06-07 16:11:19,434:INFO:2
2020-06-07 16:11:38,511:INFO:ДУГААРЫН ҮНЭ
2020-06-07 16:11:38,513:INFO:5000
2020-06-07 16:11:52,989:INFO:ДУГААРЫН ZAHIALGA
2020-06-07 16:11:55,478:INFO:------------------------------------------------------------------------------------------------
2020-06-07 16:11:56,634:INFO:ДУГААРАА СОНГОЖ БУЙ ХЭСЭГ
2020-06-07 16:11:56,634:INFO:2
2020-06-07 16:13:59,776:INFO:ДУГААРАА СОНГОЖ БУЙ ХЭСЭГ
2020-06-07 16:13:59,776:INFO:2
2020-06-07 16:14:06,263:INFO:------------------------------------------------------------------------------------------------
2020-06-07 16:14:10,703:INFO:------------------------------------------------------------------------------------------------
2020-06-07 16:14:12,154:INFO:ДУГААРАА СОНГОЖ БУЙ ХЭСЭГ
2020-06-07 16:14:12,155:INFO:2
2020-06-07 16:18:54,361:INFO:------------------------------------------------------------------------------------------------
2020-06-07 16:19:25,915:INFO:ДУГААРЫН ҮНЭ
2020-06-07 16:19:25,918:INFO:5000
2020-06-07 16:19:30,297:INFO:------------------------------------------------------------------------------------------------
2020-06-07 16:19:34,989:INFO:ДУГААРАА СОНГОЖ БУЙ ХЭСЭГ
2020-06-07 16:19:34,990:INFO:2
2020-06-07 16:22:11,728:INFO:------------------------------------------------------------------------------------------------
2020-06-07 16:22:17,029:INFO:ДУГААРЫН ҮНЭ
2020-06-07 16:22:17,031:INFO:5000
2020-06-07 16:22:23,173:INFO:------------------------------------------------------------------------------------------------
2020-06-07 16:24:32,810:INFO:ДУГААРЫН ҮНЭ
2020-06-07 16:24:32,813:INFO:5000
2020-06-07 16:24:49,138:INFO:ДУГААРЫН ҮНЭ
2020-06-07 16:24:49,141:INFO:5000
2020-06-07 16:25:22,098:INFO:ДУГААРЫН ҮНЭ
2020-06-07 16:25:22,101:INFO:5000
2020-06-07 16:25:53,378:INFO:ДУГААРЫН ҮНЭ
2020-06-07 16:25:53,380:INFO:5000
2020-06-07 16:27:53,560:INFO:ДУГААРАА СОНГОЖ БУЙ ХЭСЭГ
2020-06-07 16:27:53,560:INFO:2
2020-06-07 16:27:57,283:INFO:ДУГААРАА СОНГОЖ БУЙ ХЭСЭГ
2020-06-07 16:27:57,284:INFO:7
2020-06-07 16:30:35,166:INFO:------------------------------------------------------------------------------------------------
2020-06-07 16:38:45,787:INFO:------------------------------------------------------------------------------------------------
2020-06-07 16:38:50,907:INFO:ДУГААРАА СОНГОЖ БУЙ ХЭСЭГ
2020-06-07 16:38:50,907:INFO:7
2020-06-07 16:39:32,848:INFO:------------------------------------------------------------------------------------------------
2020-06-07 16:40:09,140:INFO:ДУГААРАА СОНГОЖ БУЙ ХЭСЭГ
2020-06-07 16:40:09,140:INFO:7
2020-06-07 16:40:34,472:INFO:ДУГААРАА СОНГОЖ БУЙ ХЭСЭГ
2020-06-07 16:40:34,472:INFO:7
2020-06-07 16:40:41,978:INFO:ДУГААРАА СОНГОЖ БУЙ ХЭСЭГ
2020-06-07 16:40:41,978:INFO:7
2020-06-07 16:49:02,848:INFO:ДУГААРАА СОНГОЖ БУЙ ХЭСЭГ
2020-06-07 16:49:02,848:INFO:2
2020-06-07 16:49:33,795:INFO:------------------------------------------------------------------------------------------------
2020-06-07 16:49:36,471:INFO:ДУГААРАА СОНГОЖ БУЙ ХЭСЭГ
2020-06-07 16:49:36,471:INFO:7
2020-06-07 16:49:38,685:INFO:ДУГААРАА СОНГОЖ БУЙ ХЭСЭГ
2020-06-07 16:49:38,685:INFO:7
2020-06-07 16:49:50,496:INFO:ДУГААРАА СОНГОЖ БУЙ ХЭСЭГ
2020-06-07 16:49:50,496:INFO:7
2020-06-07 16:49:55,990:INFO:ДУГААРАА СОНГОЖ БУЙ ХЭСЭГ
2020-06-07 16:49:55,990:INFO:7
2020-06-07 16:53:24,594:INFO:ДУГААРАА СОНГОЖ БУЙ ХЭСЭГ
2020-06-07 16:53:24,594:INFO:7
2020-06-07 16:53:42,546:INFO:ДУГААРАА СОНГОЖ БУЙ ХЭСЭГ
2020-06-07 16:53:42,547:INFO:7
2020-06-07 16:54:27,813:INFO:ДУГААРЫН ҮНЭ
2020-06-07 16:54:27,816:INFO:10000
2020-06-07 16:55:58,886:INFO:ДУГААРАА СОНГОЖ БУЙ ХЭСЭГ
2020-06-07 16:55:58,886:INFO:7
2020-06-07 17:04:04,083:INFO:------------------------------------------------------------------------------------------------
2020-06-07 17:04:06,573:INFO:ДУГААРАА СОНГОЖ БУЙ ХЭСЭГ
2020-06-07 17:04:06,573:INFO:2
2020-06-07 17:14:11,017:INFO:------------------------------------------------------------------------------------------------
2020-06-07 17:16:14,786:INFO:------------------------------------------------------------------------------------------------
2020-06-07 17:16:17,343:INFO:ДУГААРАА СОНГОЖ БУЙ ХЭСЭГ
2020-06-07 17:16:17,344:INFO:7
2020-06-07 17:17:15,587:INFO:------------------------------------------------------------------------------------------------
2020-06-07 17:17:23,249:INFO:ДУГААРАА СОНГОЖ БУЙ ХЭСЭГ
2020-06-07 17:17:23,249:INFO:2
2020-06-07 17:18:01,736:INFO:ДУГААРЫН ҮНЭ
2020-06-07 17:18:01,739:INFO:5000
2020-06-07 17:18:26,313:INFO:ДУГААРЫН ҮНЭ
2020-06-07 17:18:26,316:INFO:5000
2020-06-07 17:18:56,681:INFO:------------------------------------------------------------------------------------------------
2020-06-07 17:19:05,795:INFO:ДУГААРЫН ZAHIALGA
2020-06-07 17:19:11,919:INFO:------------------------------------------------------------------------------------------------
2020-06-07 17:19:14,541:INFO:ДУГААРАА СОНГОЖ БУЙ ХЭСЭГ
2020-06-07 17:19:14,541:INFO:2
2020-06-07 17:20:05,585:INFO:ДУГААРЫН ҮНЭ
2020-06-07 17:20:05,588:INFO:5000
2020-06-07 17:20:17,761:INFO:ДУГААРЫН ҮНЭ
2020-06-07 17:20:17,763:INFO:5000
2020-06-07 17:20:43,204:INFO:ДУГААРЫН ZAHIALGA
2020-06-07 17:21:24,852:INFO:ДУГААРЫН ҮНЭ
2020-06-07 17:21:24,854:INFO:10000
2020-06-07 17:22:11,935:INFO:------------------------------------------------------------------------------------------------
2020-06-07 17:22:23,298:INFO:------------------------------------------------------------------------------------------------
2020-06-07 17:22:43,443:INFO:------------------------------------------------------------------------------------------------
2020-06-07 17:25:02,267:INFO:------------------------------------------------------------------------------------------------
2020-06-07 17:26:22,098:INFO:ДУГААРАА СОНГОЖ БУЙ ХЭСЭГ
2020-06-07 17:26:22,098:INFO:2
2020-06-07 17:26:22,478:WARNING:Not Found: /favicon.ico
2020-06-07 17:26:36,261:INFO:ДУГААРЫН ҮНЭ
2020-06-07 17:26:36,264:INFO:5000
2020-06-07 17:26:49,663:INFO:ДУГААРАА СОНГОЖ БУЙ ХЭСЭГ
2020-06-07 17:26:49,663:INFO:2
2020-06-07 17:26:56,248:INFO:------------------------------------------------------------------------------------------------
2020-06-07 17:27:32,231:INFO:ДУГААРАА СОНГОЖ БУЙ ХЭСЭГ
2020-06-07 17:27:32,232:INFO:2
2020-06-07 17:28:22,110:INFO:ДУГААРЫН ҮНЭ
2020-06-07 17:28:22,112:INFO:5000
2020-06-07 17:28:39,846:INFO:ДУГААРАА СОНГОЖ БУЙ ХЭСЭГ
2020-06-07 17:28:39,846:INFO:2
2020-06-07 17:28:45,545:ERROR:Internal Server Error: /getnumber
Traceback (most recent call last):
  File "/usr/local/lib/python2.7/dist-packages/django/core/handlers/exception.py", line 41, in inner
    response = get_response(request)
  File "/usr/local/lib/python2.7/dist-packages/django/core/handlers/base.py", line 187, in _get_response
    response = self.process_exception_by_middleware(e, request)
  File "/usr/local/lib/python2.7/dist-packages/django/core/handlers/base.py", line 185, in _get_response
    response = wrapped_callback(request, *callback_args, **callback_kwargs)
  File "/usr/local/lib/python2.7/dist-packages/django/views/decorators/csrf.py", line 58, in wrapped_view
    return view_func(*args, **kwargs)
  File "/usr/local/lib/python2.7/dist-packages/django/views/generic/base.py", line 68, in view
    return self.dispatch(request, *args, **kwargs)
  File "/usr/local/lib/python2.7/dist-packages/rest_framework/views.py", line 495, in dispatch
    response = self.handle_exception(exc)
  File "/usr/local/lib/python2.7/dist-packages/rest_framework/views.py", line 455, in handle_exception
    self.raise_uncaught_exception(exc)
  File "/usr/local/lib/python2.7/dist-packages/rest_framework/views.py", line 492, in dispatch
    response = handler(request, *args, **kwargs)
  File "/usr/local/lib/python2.7/dist-packages/rest_framework/decorators.py", line 55, in handler
    return func(*args, **kwargs)
  File "/home/user/nFilterNew/controller/views.py", line 206, in getNumber
    if data[1] == az:
IndexError: list index out of range
2020-06-07 17:29:57,071:INFO:ДУГААРЫН ҮНЭ
2020-06-07 17:29:57,073:INFO:5000
2020-06-07 17:30:33,179:INFO:ДУГААРАА СОНГОЖ БУЙ ХЭСЭГ
2020-06-07 17:30:33,180:INFO:2
2020-06-07 17:30:36,302:INFO:ДУГААРАА СОНГОЖ БУЙ ХЭСЭГ
2020-06-07 17:30:36,302:INFO:2
2020-06-07 17:30:37,156:INFO:ДУГААРАА СОНГОЖ БУЙ ХЭСЭГ
2020-06-07 17:30:37,157:INFO:2
2020-06-07 17:30:39,858:INFO:------------------------------------------------------------------------------------------------
2020-06-07 17:33:56,131:INFO:ДУГААРАА СОНГОЖ БУЙ ХЭСЭГ
2020-06-07 17:33:56,131:INFO:2
2020-06-07 17:34:14,833:INFO:ДУГААРАА СОНГОЖ БУЙ ХЭСЭГ
2020-06-07 17:34:14,833:INFO:2
2020-06-07 17:34:15,507:INFO:ДУГААРАА СОНГОЖ БУЙ ХЭСЭГ
2020-06-07 17:34:15,507:INFO:2
2020-06-07 17:34:19,657:INFO:------------------------------------------------------------------------------------------------
2020-06-07 17:34:22,729:INFO:ДУГААРАА СОНГОЖ БУЙ ХЭСЭГ
2020-06-07 17:34:22,729:INFO:7
2020-06-07 17:34:41,342:INFO:ДУГААРАА СОНГОЖ БУЙ ХЭСЭГ
2020-06-07 17:34:41,342:INFO:7
2020-06-07 17:35:28,282:INFO:ДУГААРАА СОНГОЖ БУЙ ХЭСЭГ
2020-06-07 17:35:28,283:INFO:7
2020-06-07 17:35:49,035:INFO:ДУГААРАА СОНГОЖ БУЙ ХЭСЭГ
2020-06-07 17:35:49,035:INFO:7
2020-06-07 17:35:53,459:INFO:ДУГААРАА СОНГОЖ БУЙ ХЭСЭГ
2020-06-07 17:35:53,459:INFO:7
2020-06-07 17:35:55,191:INFO:ДУГААРАА СОНГОЖ БУЙ ХЭСЭГ
2020-06-07 17:35:55,191:INFO:7
2020-06-07 17:36:22,186:INFO:ДУГААРАА СОНГОЖ БУЙ ХЭСЭГ
2020-06-07 17:36:22,186:INFO:7
2020-06-07 17:39:31,575:INFO:------------------------------------------------------------------------------------------------
2020-06-07 17:39:32,956:INFO:------------------------------------------------------------------------------------------------
2020-06-07 17:39:32,998:INFO:------------------------------------------------------------------------------------------------
2020-06-07 17:39:34,289:INFO:ДУГААРАА СОНГОЖ БУЙ ХЭСЭГ
2020-06-07 17:39:34,290:INFO:7
2020-06-07 17:39:36,441:INFO:ДУГААРАА СОНГОЖ БУЙ ХЭСЭГ
2020-06-07 17:39:36,442:INFO:7
2020-06-07 17:40:45,898:INFO:------------------------------------------------------------------------------------------------
2020-06-07 17:40:47,218:INFO:ДУГААРАА СОНГОЖ БУЙ ХЭСЭГ
2020-06-07 17:40:47,219:INFO:7
2020-06-07 17:40:48,954:INFO:ДУГААРАА СОНГОЖ БУЙ ХЭСЭГ
2020-06-07 17:40:48,955:INFO:7
2020-06-07 17:42:52,560:INFO:------------------------------------------------------------------------------------------------
2020-06-07 17:42:53,387:INFO:ДУГААРАА СОНГОЖ БУЙ ХЭСЭГ
2020-06-07 17:42:53,388:INFO:2
2020-06-07 17:42:55,195:INFO:ДУГААРАА СОНГОЖ БУЙ ХЭСЭГ
2020-06-07 17:42:55,195:INFO:2
2020-06-07 17:43:16,924:INFO:------------------------------------------------------------------------------------------------
2020-06-07 17:43:18,474:INFO:ДУГААРАА СОНГОЖ БУЙ ХЭСЭГ
2020-06-07 17:43:18,474:INFO:7
2020-06-07 17:43:20,199:INFO:ДУГААРАА СОНГОЖ БУЙ ХЭСЭГ
2020-06-07 17:43:20,199:INFO:7
2020-06-07 17:43:57,547:INFO:------------------------------------------------------------------------------------------------
2020-06-07 17:43:58,352:INFO:ДУГААРАА СОНГОЖ БУЙ ХЭСЭГ
2020-06-07 17:43:58,352:INFO:2
2020-06-07 17:44:00,251:INFO:ДУГААРАА СОНГОЖ БУЙ ХЭСЭГ
2020-06-07 17:44:00,251:INFO:2
2020-06-07 17:44:17,172:INFO:------------------------------------------------------------------------------------------------
2020-06-07 17:44:18,088:INFO:ДУГААРАА СОНГОЖ БУЙ ХЭСЭГ
2020-06-07 17:44:18,088:INFO:2
2020-06-07 17:44:24,043:INFO:ДУГААРАА СОНГОЖ БУЙ ХЭСЭГ
2020-06-07 17:44:24,043:INFO:2
2020-06-07 17:54:00,213:INFO:------------------------------------------------------------------------------------------------
2020-06-07 17:54:01,259:INFO:ДУГААРАА СОНГОЖ БУЙ ХЭСЭГ
2020-06-07 17:54:01,260:INFO:2
2020-06-07 17:59:24,906:ERROR:Internal Server Error: /getnumber
Traceback (most recent call last):
  File "/usr/local/lib/python2.7/dist-packages/django/core/handlers/exception.py", line 41, in inner
    response = get_response(request)
  File "/usr/local/lib/python2.7/dist-packages/django/core/handlers/base.py", line 187, in _get_response
    response = self.process_exception_by_middleware(e, request)
  File "/usr/local/lib/python2.7/dist-packages/django/core/handlers/base.py", line 185, in _get_response
    response = wrapped_callback(request, *callback_args, **callback_kwargs)
  File "/usr/local/lib/python2.7/dist-packages/django/views/decorators/csrf.py", line 58, in wrapped_view
    return view_func(*args, **kwargs)
  File "/usr/local/lib/python2.7/dist-packages/django/views/generic/base.py", line 68, in view
    return self.dispatch(request, *args, **kwargs)
  File "/usr/local/lib/python2.7/dist-packages/rest_framework/views.py", line 495, in dispatch
    response = self.handle_exception(exc)
  File "/usr/local/lib/python2.7/dist-packages/rest_framework/views.py", line 455, in handle_exception
    self.raise_uncaught_exception(exc)
  File "/usr/local/lib/python2.7/dist-packages/rest_framework/views.py", line 492, in dispatch
    response = handler(request, *args, **kwargs)
  File "/usr/local/lib/python2.7/dist-packages/rest_framework/decorators.py", line 55, in handler
    return func(*args, **kwargs)
  File "/home/user/nFilterNew/controller/views.py", line 206, in getNumber
    if data[1] == az:
IndexError: list index out of range
2020-06-07 18:00:56,092:INFO:ДУГААРЫН ҮНЭ
2020-06-07 18:00:56,095:INFO:5000
2020-06-07 18:01:41,885:INFO:ДУГААРАА СОНГОЖ БУЙ ХЭСЭГ
2020-06-07 18:01:41,885:INFO:4
2020-06-07 18:01:42,120:WARNING:Not Found: /favicon.ico
2020-06-07 18:03:06,908:INFO:ДУГААРАА СОНГОЖ БУЙ ХЭСЭГ
2020-06-07 18:03:06,908:INFO:2
2020-06-07 18:03:10,435:INFO:ДУГААРАА СОНГОЖ БУЙ ХЭСЭГ
2020-06-07 18:03:10,436:INFO:4
2020-06-07 18:03:11,206:INFO:ДУГААРАА СОНГОЖ БУЙ ХЭСЭГ
2020-06-07 18:03:11,206:INFO:4
2020-06-07 18:03:12,050:INFO:------------------------------------------------------------------------------------------------
2020-06-07 18:03:13,589:INFO:ДУГААРАА СОНГОЖ БУЙ ХЭСЭГ
2020-06-07 18:03:13,589:INFO:4
2020-06-07 18:03:15,836:INFO:ДУГААРЫН ҮНЭ
2020-06-07 18:03:15,838:INFO:5000
2020-06-07 18:03:46,753:INFO:ДУГААРЫН ҮНЭ
2020-06-07 18:03:46,755:INFO:10000
2020-06-07 18:03:48,428:INFO:ДУГААРЫН ҮНЭ
2020-06-07 18:03:48,431:INFO:5000
2020-06-07 18:04:19,911:INFO:ДУГААРЫН ҮНЭ
2020-06-07 18:04:19,913:INFO:5000
2020-06-07 18:05:05,870:INFO:ДУГААРЫН ҮНЭ
2020-06-07 18:05:05,873:INFO:5000
2020-06-07 18:06:34,079:INFO:ДУГААРЫН ҮНЭ
2020-06-07 18:06:34,081:INFO:5000
2020-06-07 18:06:49,018:INFO:ДУГААРЫН ZAHIALGA
2020-06-07 18:08:29,072:INFO:ДУГААРАА СОНГОЖ БУЙ ХЭСЭГ
2020-06-07 18:08:29,072:INFO:2
2020-06-07 18:08:49,170:INFO:------------------------------------------------------------------------------------------------
2020-06-07 18:08:51,589:INFO:ДУГААРАА СОНГОЖ БУЙ ХЭСЭГ
2020-06-07 18:08:51,589:INFO:2
2020-06-07 18:08:56,409:INFO:ДУГААРАА СОНГОЖ БУЙ ХЭСЭГ
2020-06-07 18:08:56,409:INFO:2
2020-06-07 18:09:04,219:INFO:ДУГААРАА СОНГОЖ БУЙ ХЭСЭГ
2020-06-07 18:09:04,219:INFO:2
2020-06-07 18:10:31,059:ERROR:Internal Server Error: /getnumber
Traceback (most recent call last):
  File "/usr/local/lib/python2.7/dist-packages/django/core/handlers/exception.py", line 41, in inner
    response = get_response(request)
  File "/usr/local/lib/python2.7/dist-packages/django/core/handlers/base.py", line 187, in _get_response
    response = self.process_exception_by_middleware(e, request)
  File "/usr/local/lib/python2.7/dist-packages/django/core/handlers/base.py", line 185, in _get_response
    response = wrapped_callback(request, *callback_args, **callback_kwargs)
  File "/usr/local/lib/python2.7/dist-packages/django/views/decorators/csrf.py", line 58, in wrapped_view
    return view_func(*args, **kwargs)
  File "/usr/local/lib/python2.7/dist-packages/django/views/generic/base.py", line 68, in view
    return self.dispatch(request, *args, **kwargs)
  File "/usr/local/lib/python2.7/dist-packages/rest_framework/views.py", line 495, in dispatch
    response = self.handle_exception(exc)
  File "/usr/local/lib/python2.7/dist-packages/rest_framework/views.py", line 455, in handle_exception
    self.raise_uncaught_exception(exc)
  File "/usr/local/lib/python2.7/dist-packages/rest_framework/views.py", line 492, in dispatch
    response = handler(request, *args, **kwargs)
  File "/usr/local/lib/python2.7/dist-packages/rest_framework/decorators.py", line 55, in handler
    return func(*args, **kwargs)
  File "/home/user/nFilterNew/controller/views.py", line 206, in getNumber
    if data[1] == az:
IndexError: list index out of range
2020-06-07 18:11:00,721:INFO:ДУГААРЫН ҮНЭ
2020-06-07 18:11:00,724:INFO:5000
2020-06-07 18:13:03,572:INFO:------------------------------------------------------------------------------------------------
2020-06-07 18:13:06,453:INFO:ДУГААРАА СОНГОЖ БУЙ ХЭСЭГ
2020-06-07 18:13:06,453:INFO:7
2020-06-07 18:15:59,401:INFO:ДУГААРЫН ҮНЭ
2020-06-07 18:15:59,404:INFO:10000
2020-06-07 18:16:42,693:INFO:ДУГААРЫН ҮНЭ
2020-06-07 18:16:42,695:INFO:10000
2020-06-07 18:16:45,646:INFO:ДУГААРЫН ҮНЭ
2020-06-07 18:16:45,649:INFO:10000
2020-06-07 18:17:02,390:INFO:ДУГААРЫН ҮНЭ
2020-06-07 18:17:02,393:INFO:10000
2020-06-07 18:17:07,428:INFO:ДУГААРЫН ҮНЭ
2020-06-07 18:17:07,431:INFO:10000
2020-06-07 18:17:28,029:INFO:ДУГААРЫН ҮНЭ
2020-06-07 18:17:28,032:INFO:10000
2020-06-07 18:17:39,808:INFO:ДУГААРЫН ҮНЭ
2020-06-07 18:17:39,810:INFO:10000
2020-06-07 18:19:58,055:INFO:------------------------------------------------------------------------------------------------
2020-06-07 18:22:23,465:INFO:------------------------------------------------------------------------------------------------
2020-06-07 18:22:40,677:INFO:------------------------------------------------------------------------------------------------
2020-06-07 18:22:42,743:INFO:ДУГААРАА СОНГОЖ БУЙ ХЭСЭГ
2020-06-07 18:22:42,744:INFO:4
2020-06-07 18:27:23,934:INFO:------------------------------------------------------------------------------------------------
2020-06-07 18:27:50,344:INFO:ДУГААРАА СОНГОЖ БУЙ ХЭСЭГ
2020-06-07 18:27:50,344:INFO:7
2020-06-07 18:29:24,515:INFO:------------------------------------------------------------------------------------------------
2020-06-07 18:29:34,032:INFO:ДУГААРАА СОНГОЖ БУЙ ХЭСЭГ
2020-06-07 18:29:34,032:INFO:2
2020-06-07 18:30:44,621:INFO:------------------------------------------------------------------------------------------------
2020-06-07 18:30:52,715:INFO:ДУГААРАА СОНГОЖ БУЙ ХЭСЭГ
2020-06-07 18:30:52,716:INFO:7
2020-06-07 18:31:45,162:INFO:ДУГААРАА СОНГОЖ БУЙ ХЭСЭГ
2020-06-07 18:31:45,162:INFO:7
2020-06-07 18:32:01,260:INFO:ДУГААРАА СОНГОЖ БУЙ ХЭСЭГ
2020-06-07 18:32:01,261:INFO:7
2020-06-07 18:34:42,536:INFO:ДУГААРАА СОНГОЖ БУЙ ХЭСЭГ
2020-06-07 18:34:42,536:INFO:7
2020-06-07 18:39:33,067:INFO:------------------------------------------------------------------------------------------------
2020-06-07 18:44:52,723:WARNING:Not Found: /
2020-06-07 18:44:52,965:WARNING:Not Found: /HNAP1/
2020-06-07 18:48:27,059:INFO:ДУГААРАА СОНГОЖ БУЙ ХЭСЭГ
2020-06-07 18:48:27,059:INFO:4
2020-06-07 18:48:54,615:INFO:ДУГААРАА СОНГОЖ БУЙ ХЭСЭГ
2020-06-07 18:48:54,615:INFO:4
2020-06-07 18:49:07,567:INFO:------------------------------------------------------------------------------------------------
2020-06-07 18:49:11,819:INFO:ДУГААРАА СОНГОЖ БУЙ ХЭСЭГ
2020-06-07 18:49:11,819:INFO:7
2020-06-07 18:49:18,373:INFO:------------------------------------------------------------------------------------------------
2020-06-07 18:49:20,372:INFO:ДУГААРАА СОНГОЖ БУЙ ХЭСЭГ
2020-06-07 18:49:20,372:INFO:2
2020-06-07 18:49:56,792:INFO:ДУГААРЫН ҮНЭ
2020-06-07 18:49:56,795:INFO:5000
2020-06-07 18:50:27,336:INFO:ДУГААРАА СОНГОЖ БУЙ ХЭСЭГ
2020-06-07 18:50:27,336:INFO:7
2020-06-07 18:50:56,323:INFO:ДУГААРАА СОНГОЖ БУЙ ХЭСЭГ
2020-06-07 18:50:56,323:INFO:7
2020-06-07 18:51:11,729:INFO:ДУГААРАА СОНГОЖ БУЙ ХЭСЭГ
2020-06-07 18:51:11,730:INFO:7
2020-06-07 18:52:22,355:INFO:ДУГААРАА СОНГОЖ БУЙ ХЭСЭГ
2020-06-07 18:52:22,355:INFO:7
2020-06-07 18:52:25,166:INFO:ДУГААРАА СОНГОЖ БУЙ ХЭСЭГ
2020-06-07 18:52:25,166:INFO:7
2020-06-07 18:52:26,898:INFO:------------------------------------------------------------------------------------------------
2020-06-07 18:52:28,651:INFO:ДУГААРАА СОНГОЖ БУЙ ХЭСЭГ
2020-06-07 18:52:28,651:INFO:2
2020-06-07 18:53:51,880:INFO:------------------------------------------------------------------------------------------------
2020-06-07 19:03:04,621:ERROR:Internal Server Error: /getnumber
Traceback (most recent call last):
  File "/usr/local/lib/python2.7/dist-packages/django/core/handlers/exception.py", line 41, in inner
    response = get_response(request)
  File "/usr/local/lib/python2.7/dist-packages/django/core/handlers/base.py", line 187, in _get_response
    response = self.process_exception_by_middleware(e, request)
  File "/usr/local/lib/python2.7/dist-packages/django/core/handlers/base.py", line 185, in _get_response
    response = wrapped_callback(request, *callback_args, **callback_kwargs)
  File "/usr/local/lib/python2.7/dist-packages/django/views/decorators/csrf.py", line 58, in wrapped_view
    return view_func(*args, **kwargs)
  File "/usr/local/lib/python2.7/dist-packages/django/views/generic/base.py", line 68, in view
    return self.dispatch(request, *args, **kwargs)
  File "/usr/local/lib/python2.7/dist-packages/rest_framework/views.py", line 495, in dispatch
    response = self.handle_exception(exc)
  File "/usr/local/lib/python2.7/dist-packages/rest_framework/views.py", line 455, in handle_exception
    self.raise_uncaught_exception(exc)
  File "/usr/local/lib/python2.7/dist-packages/rest_framework/views.py", line 492, in dispatch
    response = handler(request, *args, **kwargs)
  File "/usr/local/lib/python2.7/dist-packages/rest_framework/decorators.py", line 55, in handler
    return func(*args, **kwargs)
  File "/home/user/nFilterNew/controller/views.py", line 190, in getNumber
    first4 = str(digit4[i])
IndexError: list index out of range
2020-06-07 19:05:58,991:INFO:ДУГААРЫН ҮНЭ
2020-06-07 19:05:58,994:INFO:5000
2020-06-07 19:06:56,510:INFO:ДУГААРАА СОНГОЖ БУЙ ХЭСЭГ
2020-06-07 19:06:56,511:INFO:2
2020-06-07 19:06:58,408:INFO:ДУГААРАА СОНГОЖ БУЙ ХЭСЭГ
2020-06-07 19:06:58,408:INFO:2
2020-06-07 19:07:00,428:INFO:ДУГААРАА СОНГОЖ БУЙ ХЭСЭГ
2020-06-07 19:07:00,428:INFO:2
2020-06-07 19:07:08,667:INFO:ДУГААРАА СОНГОЖ БУЙ ХЭСЭГ
2020-06-07 19:07:08,667:INFO:2
2020-06-07 19:07:12,455:INFO:ДУГААРАА СОНГОЖ БУЙ ХЭСЭГ
2020-06-07 19:07:12,455:INFO:2
2020-06-07 19:07:28,008:INFO:ДУГААРАА СОНГОЖ БУЙ ХЭСЭГ
2020-06-07 19:07:28,008:INFO:2
2020-06-07 19:07:39,568:INFO:ДУГААРАА СОНГОЖ БУЙ ХЭСЭГ
2020-06-07 19:07:39,568:INFO:2
2020-06-07 19:08:03,223:INFO:ДУГААРАА СОНГОЖ БУЙ ХЭСЭГ
2020-06-07 19:08:03,223:INFO:2
2020-06-07 19:08:49,305:INFO:------------------------------------------------------------------------------------------------
2020-06-07 19:10:07,133:INFO:------------------------------------------------------------------------------------------------
2020-06-07 19:10:12,096:INFO:ДУГААРАА СОНГОЖ БУЙ ХЭСЭГ
2020-06-07 19:10:12,096:INFO:7
2020-06-07 19:10:33,352:INFO:ДУГААРАА СОНГОЖ БУЙ ХЭСЭГ
2020-06-07 19:10:33,352:INFO:7
2020-06-07 19:10:37,499:INFO:ДУГААРАА СОНГОЖ БУЙ ХЭСЭГ
2020-06-07 19:10:37,499:INFO:7
2020-06-07 19:11:38,432:INFO:------------------------------------------------------------------------------------------------
2020-06-07 19:11:39,728:INFO:ДУГААРАА СОНГОЖ БУЙ ХЭСЭГ
2020-06-07 19:11:39,729:INFO:7
2020-06-07 19:13:20,086:INFO:------------------------------------------------------------------------------------------------
2020-06-07 19:13:21,152:INFO:ДУГААРАА СОНГОЖ БУЙ ХЭСЭГ
2020-06-07 19:13:21,153:INFO:7
2020-06-07 19:17:00,626:INFO:ДУГААРАА СОНГОЖ БУЙ ХЭСЭГ
2020-06-07 19:17:00,627:INFO:2
2020-06-07 19:18:10,749:INFO:ДУГААРАА СОНГОЖ БУЙ ХЭСЭГ
2020-06-07 19:18:10,749:INFO:2
2020-06-07 19:18:35,707:INFO:ДУГААРАА СОНГОЖ БУЙ ХЭСЭГ
2020-06-07 19:18:35,707:INFO:2
2020-06-07 19:18:36,644:INFO:ДУГААРЫН ҮНЭ
2020-06-07 19:18:36,647:INFO:5000
2020-06-07 19:18:37,524:INFO:ДУГААРАА СОНГОЖ БУЙ ХЭСЭГ
2020-06-07 19:18:37,524:INFO:2
2020-06-07 19:18:40,297:INFO:ДУГААРАА СОНГОЖ БУЙ ХЭСЭГ
2020-06-07 19:18:40,297:INFO:2
2020-06-07 19:19:24,746:INFO:ДУГААРЫН ҮНЭ
2020-06-07 19:19:24,749:INFO:5000
2020-06-07 19:20:16,009:INFO:ДУГААРЫН ҮНЭ
2020-06-07 19:20:16,011:INFO:5000
2020-06-07 19:21:09,377:ERROR:Internal Server Error: /getnumber
Traceback (most recent call last):
  File "/usr/local/lib/python2.7/dist-packages/django/core/handlers/exception.py", line 41, in inner
    response = get_response(request)
  File "/usr/local/lib/python2.7/dist-packages/django/core/handlers/base.py", line 187, in _get_response
    response = self.process_exception_by_middleware(e, request)
  File "/usr/local/lib/python2.7/dist-packages/django/core/handlers/base.py", line 185, in _get_response
    response = wrapped_callback(request, *callback_args, **callback_kwargs)
  File "/usr/local/lib/python2.7/dist-packages/django/views/decorators/csrf.py", line 58, in wrapped_view
    return view_func(*args, **kwargs)
  File "/usr/local/lib/python2.7/dist-packages/django/views/generic/base.py", line 68, in view
    return self.dispatch(request, *args, **kwargs)
  File "/usr/local/lib/python2.7/dist-packages/rest_framework/views.py", line 495, in dispatch
    response = self.handle_exception(exc)
  File "/usr/local/lib/python2.7/dist-packages/rest_framework/views.py", line 455, in handle_exception
    self.raise_uncaught_exception(exc)
  File "/usr/local/lib/python2.7/dist-packages/rest_framework/views.py", line 492, in dispatch
    response = handler(request, *args, **kwargs)
  File "/usr/local/lib/python2.7/dist-packages/rest_framework/decorators.py", line 55, in handler
    return func(*args, **kwargs)
  File "/home/user/nFilterNew/controller/views.py", line 190, in getNumber
    first4 = str(digit4[i])
IndexError: list index out of range
2020-06-07 19:21:35,615:INFO:ДУГААРЫН ҮНЭ
2020-06-07 19:21:35,618:INFO:5000
2020-06-07 19:22:23,572:INFO:------------------------------------------------------------------------------------------------
2020-06-07 19:23:34,140:INFO:ДУГААРЫН ҮНЭ
2020-06-07 19:23:34,142:INFO:5000
2020-06-07 19:23:54,802:INFO:ДУГААРАА СОНГОЖ БУЙ ХЭСЭГ
2020-06-07 19:23:54,802:INFO:2
2020-06-07 19:24:36,197:INFO:------------------------------------------------------------------------------------------------
2020-06-07 19:24:38,302:INFO:ДУГААРАА СОНГОЖ БУЙ ХЭСЭГ
2020-06-07 19:24:38,303:INFO:2
2020-06-07 19:27:30,090:INFO:------------------------------------------------------------------------------------------------
2020-06-07 19:28:00,161:INFO:------------------------------------------------------------------------------------------------
2020-06-07 19:28:01,442:INFO:ДУГААРАА СОНГОЖ БУЙ ХЭСЭГ
2020-06-07 19:28:01,442:INFO:7
2020-06-07 19:28:02,775:INFO:ДУГААРАА СОНГОЖ БУЙ ХЭСЭГ
2020-06-07 19:28:02,775:INFO:7
2020-06-07 19:28:23,422:INFO:ДУГААРАА СОНГОЖ БУЙ ХЭСЭГ
2020-06-07 19:28:23,422:INFO:7
2020-06-07 19:28:52,000:INFO:ДУГААРЫН ҮНЭ
2020-06-07 19:28:52,002:INFO:10000
2020-06-07 19:30:49,365:INFO:------------------------------------------------------------------------------------------------
2020-06-07 19:32:12,785:INFO:ДУГААРАА СОНГОЖ БУЙ ХЭСЭГ
2020-06-07 19:32:12,786:INFO:2
2020-06-07 19:32:15,826:INFO:ДУГААРЫН ҮНЭ
2020-06-07 19:32:15,830:INFO:10000
2020-06-07 19:32:19,994:INFO:------------------------------------------------------------------------------------------------
2020-06-07 19:32:20,064:INFO:------------------------------------------------------------------------------------------------
2020-06-07 19:32:23,305:INFO:ДУГААРАА СОНГОЖ БУЙ ХЭСЭГ
2020-06-07 19:32:23,305:INFO:2
2020-06-07 19:32:29,027:INFO:------------------------------------------------------------------------------------------------
2020-06-07 19:32:29,984:INFO:ДУГААРАА СОНГОЖ БУЙ ХЭСЭГ
2020-06-07 19:32:29,984:INFO:2
2020-06-07 19:34:06,562:INFO:------------------------------------------------------------------------------------------------
2020-06-07 19:34:07,796:INFO:ДУГААРАА СОНГОЖ БУЙ ХЭСЭГ
2020-06-07 19:34:07,797:INFO:2
2020-06-07 19:36:50,284:INFO:ДУГААРЫН ҮНЭ
2020-06-07 19:36:50,286:INFO:5000
2020-06-07 19:38:01,339:INFO:ДУГААРАА СОНГОЖ БУЙ ХЭСЭГ
2020-06-07 19:38:01,340:INFO:2
2020-06-07 19:39:33,160:INFO:------------------------------------------------------------------------------------------------
2020-06-07 19:42:25,905:INFO:ДУГААРАА СОНГОЖ БУЙ ХЭСЭГ
2020-06-07 19:42:25,905:INFO:7
2020-06-07 19:43:25,001:INFO:ДУГААРАА СОНГОЖ БУЙ ХЭСЭГ
2020-06-07 19:43:25,001:INFO:2
2020-06-07 19:43:26,288:INFO:ДУГААРАА СОНГОЖ БУЙ ХЭСЭГ
2020-06-07 19:43:26,288:INFO:2
2020-06-07 19:43:40,172:INFO:ДУГААРАА СОНГОЖ БУЙ ХЭСЭГ
2020-06-07 19:43:40,172:INFO:2
2020-06-07 19:43:56,509:INFO:------------------------------------------------------------------------------------------------
2020-06-07 19:43:58,014:INFO:ДУГААРАА СОНГОЖ БУЙ ХЭСЭГ
2020-06-07 19:43:58,014:INFO:7
2020-06-07 19:44:42,168:INFO:ДУГААРЫН ҮНЭ
2020-06-07 19:44:42,170:INFO:10000
2020-06-07 19:59:39,300:INFO:------------------------------------------------------------------------------------------------
2020-06-07 19:59:40,445:INFO:------------------------------------------------------------------------------------------------
2020-06-07 19:59:41,342:INFO:ДУГААРАА СОНГОЖ БУЙ ХЭСЭГ
2020-06-07 19:59:41,342:INFO:2
2020-06-07 20:05:55,320:INFO:------------------------------------------------------------------------------------------------
2020-06-07 20:06:00,561:INFO:ДУГААРАА СОНГОЖ БУЙ ХЭСЭГ
2020-06-07 20:06:00,561:INFO:7
2020-06-07 20:06:59,855:INFO:ДУГААРАА СОНГОЖ БУЙ ХЭСЭГ
2020-06-07 20:06:59,855:INFO:7
2020-06-07 20:07:02,624:INFO:ДУГААРАА СОНГОЖ БУЙ ХЭСЭГ
2020-06-07 20:07:02,624:INFO:7
2020-06-07 20:07:04,606:INFO:ДУГААРАА СОНГОЖ БУЙ ХЭСЭГ
2020-06-07 20:07:04,606:INFO:7
2020-06-07 20:07:31,856:INFO:------------------------------------------------------------------------------------------------
2020-06-07 20:08:26,132:INFO:ДУГААРАА СОНГОЖ БУЙ ХЭСЭГ
2020-06-07 20:08:26,132:INFO:2
2020-06-07 20:08:49,472:INFO:------------------------------------------------------------------------------------------------
2020-06-07 20:12:37,365:INFO:------------------------------------------------------------------------------------------------
2020-06-07 20:12:38,214:WARNING:Not Found: /nuurhttp:/192.168.200.251:8000/nuur/
2020-06-07 20:12:41,494:WARNING:Not Found: /favicon.ico
2020-06-07 20:13:41,888:INFO:------------------------------------------------------------------------------------------------
2020-06-07 20:14:59,236:INFO:------------------------------------------------------------------------------------------------
2020-06-07 20:15:02,087:INFO:ДУГААРАА СОНГОЖ БУЙ ХЭСЭГ
2020-06-07 20:15:02,088:INFO:2
2020-06-07 20:15:02,418:WARNING:Not Found: /favicon.ico
2020-06-07 20:15:23,610:INFO:ДУГААРАА СОНГОЖ БУЙ ХЭСЭГ
2020-06-07 20:15:23,610:INFO:2
2020-06-07 20:15:43,405:INFO:ДУГААРЫН ҮНЭ
2020-06-07 20:15:43,408:INFO:5000
2020-06-07 20:18:07,172:INFO:ДУГААРАА СОНГОЖ БУЙ ХЭСЭГ
2020-06-07 20:18:07,173:INFO:2
2020-06-07 20:22:23,716:INFO:------------------------------------------------------------------------------------------------
2020-06-07 20:26:44,992:INFO:ДУГААРЫН ҮНЭ
2020-06-07 20:26:44,994:INFO:5000
2020-06-07 20:30:54,084:INFO:------------------------------------------------------------------------------------------------
2020-06-07 20:39:33,273:INFO:------------------------------------------------------------------------------------------------
2020-06-07 20:45:35,207:INFO:ДУГААРЫН ҮНЭ
2020-06-07 20:45:35,209:INFO:5000
2020-06-07 20:53:01,614:INFO:ДУГААРЫН ҮНЭ
2020-06-07 20:53:01,617:INFO:5000
2020-06-07 21:00:48,286:INFO:ДУГААРЫН ҮНЭ
2020-06-07 21:00:48,288:INFO:5000
2020-06-07 21:14:03,116:INFO:------------------------------------------------------------------------------------------------
2020-06-07 21:22:23,885:INFO:------------------------------------------------------------------------------------------------
2020-06-07 21:30:58,862:INFO:------------------------------------------------------------------------------------------------
2020-06-07 21:39:33,393:INFO:------------------------------------------------------------------------------------------------
2020-06-07 22:22:24,043:INFO:------------------------------------------------------------------------------------------------
2020-06-07 22:31:03,646:INFO:------------------------------------------------------------------------------------------------
2020-06-07 22:39:33,512:INFO:------------------------------------------------------------------------------------------------
2020-06-07 23:07:19,135:WARNING:Not Found: /robots.txt
2020-06-07 23:22:24,153:INFO:------------------------------------------------------------------------------------------------
2020-06-07 23:31:08,396:INFO:------------------------------------------------------------------------------------------------
2020-06-07 23:39:33,608:INFO:------------------------------------------------------------------------------------------------
2020-06-08 00:22:24,275:INFO:------------------------------------------------------------------------------------------------
2020-06-08 00:31:13,140:INFO:------------------------------------------------------------------------------------------------
2020-06-08 00:39:33,716:INFO:------------------------------------------------------------------------------------------------
2020-06-08 01:22:24,405:INFO:------------------------------------------------------------------------------------------------
2020-06-08 01:31:17,907:INFO:------------------------------------------------------------------------------------------------
2020-06-08 01:39:33,826:INFO:------------------------------------------------------------------------------------------------
2020-06-08 02:22:24,518:INFO:------------------------------------------------------------------------------------------------
2020-06-08 02:31:22,678:INFO:------------------------------------------------------------------------------------------------
2020-06-08 02:39:33,948:INFO:------------------------------------------------------------------------------------------------
2020-06-08 03:22:24,625:INFO:------------------------------------------------------------------------------------------------
2020-06-08 03:31:27,392:INFO:------------------------------------------------------------------------------------------------
2020-06-08 03:39:34,058:INFO:------------------------------------------------------------------------------------------------
2020-06-08 04:22:24,759:INFO:------------------------------------------------------------------------------------------------
2020-06-08 04:31:32,144:INFO:------------------------------------------------------------------------------------------------
2020-06-08 04:39:34,160:INFO:------------------------------------------------------------------------------------------------
2020-06-08 05:22:24,886:INFO:------------------------------------------------------------------------------------------------
2020-06-08 05:31:37,186:INFO:------------------------------------------------------------------------------------------------
2020-06-08 05:39:34,272:INFO:------------------------------------------------------------------------------------------------
2020-06-08 06:22:24,980:INFO:------------------------------------------------------------------------------------------------
