2020-05-24 07:22:41,627:INFO:------------------------------------------------------------------------------------------------
2020-05-24 08:22:41,769:INFO:------------------------------------------------------------------------------------------------
2020-05-24 08:30:00,086:WARNING:Not Found: /
2020-05-24 09:22:41,909:INFO:------------------------------------------------------------------------------------------------
2020-05-24 09:49:06,776:INFO:------------------------------------------------------------------------------------------------
2020-05-24 09:49:09,652:INFO:ДУГААРАА СОНГОЖ БУЙ ХЭСЭГ
2020-05-24 09:49:09,653:INFO:2
2020-05-24 09:49:10,000:WARNING:Not Found: /favicon.ico
2020-05-24 09:51:48,173:INFO:------------------------------------------------------------------------------------------------
2020-05-24 10:05:20,960:INFO:ДУГААРАА СОНГОЖ БУЙ ХЭСЭГ
2020-05-24 10:05:20,961:INFO:2
2020-05-24 10:05:34,952:INFO:ДУГААРАА СОНГОЖ БУЙ ХЭСЭГ
2020-05-24 10:05:34,953:INFO:2
2020-05-24 10:05:48,153:INFO:------------------------------------------------------------------------------------------------
2020-05-24 10:07:34,565:INFO:------------------------------------------------------------------------------------------------
2020-05-24 10:13:01,170:INFO:ДУГААРАА СОНГОЖ БУЙ ХЭСЭГ
2020-05-24 10:13:01,171:INFO:7
2020-05-24 10:13:01,631:WARNING:Not Found: /favicon.ico
2020-05-24 10:14:47,473:INFO:------------------------------------------------------------------------------------------------
2020-05-24 10:14:48,364:INFO:ДУГААРАА СОНГОЖ БУЙ ХЭСЭГ
2020-05-24 10:14:48,365:INFO:7
2020-05-24 10:15:01,023:INFO:------------------------------------------------------------------------------------------------
2020-05-24 10:15:03,473:INFO:ДУГААРАА СОНГОЖ БУЙ ХЭСЭГ
2020-05-24 10:15:03,473:INFO:2
2020-05-24 10:15:03,733:WARNING:Not Found: /favicon.ico
2020-05-24 10:15:17,815:INFO:ДУГААРЫН ҮНЭ
2020-05-24 10:15:17,817:INFO:10000
2020-05-24 10:15:31,610:INFO:ДУГААРЫН ҮНЭ
2020-05-24 10:15:31,613:INFO:5000
2020-05-24 10:22:42,050:INFO:------------------------------------------------------------------------------------------------
2020-05-24 10:32:43,667:INFO:ДУГААРАА СОНГОЖ БУЙ ХЭСЭГ
2020-05-24 10:32:43,667:INFO:7
2020-05-24 10:32:44,179:WARNING:Not Found: /favicon.ico
2020-05-24 10:32:58,206:INFO:------------------------------------------------------------------------------------------------
2020-05-24 10:32:59,189:INFO:ДУГААРАА СОНГОЖ БУЙ ХЭСЭГ
2020-05-24 10:32:59,189:INFO:2
2020-05-24 10:33:15,914:INFO:ДУГААРЫН ҮНЭ
2020-05-24 10:33:15,917:INFO:5000
2020-05-24 10:37:35,749:INFO:ДУГААРЫН ZAHIALGA
2020-05-24 10:37:35,756:ERROR:Уучлаарай, таны сонгосон 98122528 дугаар захиалах боломжгүй байна. Line-1379
2020-05-24 10:37:36,013:WARNING:Not Found: /favicon.ico
2020-05-24 10:37:36,075:WARNING:Not Found: /favicon.ico
2020-05-24 10:37:37,172:INFO:------------------------------------------------------------------------------------------------
2020-05-24 10:37:38,018:INFO:ДУГААРАА СОНГОЖ БУЙ ХЭСЭГ
2020-05-24 10:37:38,018:INFO:2
2020-05-24 10:38:53,336:INFO:------------------------------------------------------------------------------------------------
2020-05-24 10:41:30,516:INFO:------------------------------------------------------------------------------------------------
2020-05-24 10:42:37,937:INFO:------------------------------------------------------------------------------------------------
2020-05-24 10:42:38,074:INFO:------------------------------------------------------------------------------------------------
2020-05-24 10:43:49,102:INFO:------------------------------------------------------------------------------------------------
2020-05-24 10:47:18,378:INFO:------------------------------------------------------------------------------------------------
2020-05-24 10:47:21,379:INFO:ДУГААРАА СОНГОЖ БУЙ ХЭСЭГ
2020-05-24 10:47:21,379:INFO:2
2020-05-24 10:49:01,170:INFO:------------------------------------------------------------------------------------------------
2020-05-24 10:49:33,015:INFO:------------------------------------------------------------------------------------------------
2020-05-24 10:49:46,447:INFO:ДУГААРЫН ҮНЭ
2020-05-24 10:49:46,450:INFO:5000
2020-05-24 10:50:30,958:INFO:ДУГААРЫН ҮНЭ
2020-05-24 10:50:30,962:INFO:5000
2020-05-24 10:58:44,311:INFO:------------------------------------------------------------------------------------------------
2020-05-24 11:04:16,746:INFO:------------------------------------------------------------------------------------------------
2020-05-24 11:05:48,350:INFO:------------------------------------------------------------------------------------------------
2020-05-24 11:07:39,386:INFO:------------------------------------------------------------------------------------------------
2020-05-24 11:10:10,133:INFO:ДУГААРАА СОНГОЖ БУЙ ХЭСЭГ
2020-05-24 11:10:10,134:INFO:2
2020-05-24 11:10:10,608:WARNING:Not Found: /favicon.ico
2020-05-24 11:10:10,614:WARNING:Not Found: /favicon.ico
2020-05-24 11:11:38,509:INFO:ДУГААРЫН ҮНЭ
2020-05-24 11:11:38,511:INFO:5000
2020-05-24 11:21:20,901:INFO:------------------------------------------------------------------------------------------------
2020-05-24 11:21:21,746:INFO:ДУГААРАА СОНГОЖ БУЙ ХЭСЭГ
2020-05-24 11:21:21,746:INFO:2
2020-05-24 11:22:13,890:INFO:ДУГААРАА СОНГОЖ БУЙ ХЭСЭГ
2020-05-24 11:22:13,890:INFO:7
2020-05-24 11:22:14,205:WARNING:Not Found: /favicon.ico
2020-05-24 11:22:42,179:INFO:------------------------------------------------------------------------------------------------
2020-05-24 11:23:00,710:INFO:ДУГААРАА СОНГОЖ БУЙ ХЭСЭГ
2020-05-24 11:23:00,711:INFO:7
2020-05-24 11:23:04,002:INFO:ДУГААРАА СОНГОЖ БУЙ ХЭСЭГ
2020-05-24 11:23:04,002:INFO:7
2020-05-24 11:23:06,705:INFO:ДУГААРАА СОНГОЖ БУЙ ХЭСЭГ
2020-05-24 11:23:06,706:INFO:7
2020-05-24 11:23:09,384:INFO:ДУГААРАА СОНГОЖ БУЙ ХЭСЭГ
2020-05-24 11:23:09,384:INFO:7
2020-05-24 11:27:15,483:INFO:------------------------------------------------------------------------------------------------
2020-05-24 11:29:23,591:INFO:ДУГААРАА СОНГОЖ БУЙ ХЭСЭГ
2020-05-24 11:29:23,591:INFO:7
2020-05-24 11:29:23,910:WARNING:Not Found: /favicon.ico
2020-05-24 11:29:26,793:INFO:------------------------------------------------------------------------------------------------
2020-05-24 11:29:27,960:INFO:ДУГААРАА СОНГОЖ БУЙ ХЭСЭГ
2020-05-24 11:29:27,961:INFO:7
2020-05-24 11:34:13,630:INFO:ДУГААРАА СОНГОЖ БУЙ ХЭСЭГ
2020-05-24 11:34:13,631:INFO:7
2020-05-24 11:34:30,268:INFO:ДУГААРЫН ҮНЭ
2020-05-24 11:34:30,271:INFO:10000
2020-05-24 11:34:50,771:INFO:ДУГААРЫН ZAHIALGA
2020-05-24 11:34:57,669:INFO:------------------------------------------------------------------------------------------------
2020-05-24 11:37:49,890:INFO:ДУГААРАА СОНГОЖ БУЙ ХЭСЭГ
2020-05-24 11:37:49,890:INFO:2
2020-05-24 11:37:50,549:WARNING:Not Found: /favicon.ico
2020-05-24 11:37:56,013:INFO:------------------------------------------------------------------------------------------------
2020-05-24 11:37:58,785:INFO:ДУГААРАА СОНГОЖ БУЙ ХЭСЭГ
2020-05-24 11:37:58,785:INFO:7
2020-05-24 11:38:18,655:INFO:------------------------------------------------------------------------------------------------
2020-05-24 11:38:20,560:INFO:ДУГААРАА СОНГОЖ БУЙ ХЭСЭГ
2020-05-24 11:38:20,560:INFO:7
2020-05-24 11:38:39,589:INFO:ДУГААРЫН ҮНЭ
2020-05-24 11:38:39,592:INFO:10000
2020-05-24 11:38:44,915:INFO:------------------------------------------------------------------------------------------------
2020-05-24 11:38:46,283:INFO:ДУГААРАА СОНГОЖ БУЙ ХЭСЭГ
2020-05-24 11:38:46,283:INFO:2
2020-05-24 11:38:53,492:INFO:------------------------------------------------------------------------------------------------
2020-05-24 11:41:30,734:INFO:------------------------------------------------------------------------------------------------
2020-05-24 11:43:50,679:INFO:ДУГААРАА СОНГОЖ БУЙ ХЭСЭГ
2020-05-24 11:43:50,679:INFO:7
2020-05-24 11:43:51,500:WARNING:Not Found: /favicon.ico
2020-05-24 11:43:52,499:INFO:------------------------------------------------------------------------------------------------
2020-05-24 11:43:53,588:INFO:ДУГААРАА СОНГОЖ БУЙ ХЭСЭГ
2020-05-24 11:43:53,588:INFO:7
2020-05-24 11:43:54,942:INFO:------------------------------------------------------------------------------------------------
2020-05-24 11:43:55,750:INFO:ДУГААРАА СОНГОЖ БУЙ ХЭСЭГ
2020-05-24 11:43:55,750:INFO:2
2020-05-24 11:45:31,733:INFO:ДУГААРЫН ҮНЭ
2020-05-24 11:45:31,736:INFO:5000
2020-05-24 11:48:54,984:INFO:ДУГААРЫН ҮНЭ
2020-05-24 11:48:54,987:INFO:5000
2020-05-24 11:51:50,302:INFO:------------------------------------------------------------------------------------------------
2020-05-24 11:51:51,483:INFO:ДУГААРАА СОНГОЖ БУЙ ХЭСЭГ
2020-05-24 11:51:51,483:INFO:2
2020-05-24 11:52:11,548:ERROR:Internal Server Error: /getnumber
Traceback (most recent call last):
  File "/usr/local/lib/python2.7/dist-packages/django/core/handlers/exception.py", line 41, in inner
    response = get_response(request)
  File "/usr/local/lib/python2.7/dist-packages/django/core/handlers/base.py", line 187, in _get_response
    response = self.process_exception_by_middleware(e, request)
  File "/usr/local/lib/python2.7/dist-packages/django/core/handlers/base.py", line 185, in _get_response
    response = wrapped_callback(request, *callback_args, **callback_kwargs)
  File "/usr/local/lib/python2.7/dist-packages/django/views/decorators/csrf.py", line 58, in wrapped_view
    return view_func(*args, **kwargs)
  File "/usr/local/lib/python2.7/dist-packages/django/views/generic/base.py", line 68, in view
    return self.dispatch(request, *args, **kwargs)
  File "/usr/local/lib/python2.7/dist-packages/rest_framework/views.py", line 495, in dispatch
    response = self.handle_exception(exc)
  File "/usr/local/lib/python2.7/dist-packages/rest_framework/views.py", line 455, in handle_exception
    self.raise_uncaught_exception(exc)
  File "/usr/local/lib/python2.7/dist-packages/rest_framework/views.py", line 492, in dispatch
    response = handler(request, *args, **kwargs)
  File "/usr/local/lib/python2.7/dist-packages/rest_framework/decorators.py", line 55, in handler
    return func(*args, **kwargs)
  File "/home/user/nFilterNew/controller/views.py", line 190, in getNumber
    first4 = str(digit4[i])
IndexError: list index out of range
2020-05-24 11:52:16,658:ERROR:Internal Server Error: /getnumber
Traceback (most recent call last):
  File "/usr/local/lib/python2.7/dist-packages/django/core/handlers/exception.py", line 41, in inner
    response = get_response(request)
  File "/usr/local/lib/python2.7/dist-packages/django/core/handlers/base.py", line 187, in _get_response
    response = self.process_exception_by_middleware(e, request)
  File "/usr/local/lib/python2.7/dist-packages/django/core/handlers/base.py", line 185, in _get_response
    response = wrapped_callback(request, *callback_args, **callback_kwargs)
  File "/usr/local/lib/python2.7/dist-packages/django/views/decorators/csrf.py", line 58, in wrapped_view
    return view_func(*args, **kwargs)
  File "/usr/local/lib/python2.7/dist-packages/django/views/generic/base.py", line 68, in view
    return self.dispatch(request, *args, **kwargs)
  File "/usr/local/lib/python2.7/dist-packages/rest_framework/views.py", line 495, in dispatch
    response = self.handle_exception(exc)
  File "/usr/local/lib/python2.7/dist-packages/rest_framework/views.py", line 455, in handle_exception
    self.raise_uncaught_exception(exc)
  File "/usr/local/lib/python2.7/dist-packages/rest_framework/views.py", line 492, in dispatch
    response = handler(request, *args, **kwargs)
  File "/usr/local/lib/python2.7/dist-packages/rest_framework/decorators.py", line 55, in handler
    return func(*args, **kwargs)
  File "/home/user/nFilterNew/controller/views.py", line 190, in getNumber
    first4 = str(digit4[i])
IndexError: list index out of range
2020-05-24 11:52:24,523:ERROR:Internal Server Error: /getnumber
Traceback (most recent call last):
  File "/usr/local/lib/python2.7/dist-packages/django/core/handlers/exception.py", line 41, in inner
    response = get_response(request)
  File "/usr/local/lib/python2.7/dist-packages/django/core/handlers/base.py", line 187, in _get_response
    response = self.process_exception_by_middleware(e, request)
  File "/usr/local/lib/python2.7/dist-packages/django/core/handlers/base.py", line 185, in _get_response
    response = wrapped_callback(request, *callback_args, **callback_kwargs)
  File "/usr/local/lib/python2.7/dist-packages/django/views/decorators/csrf.py", line 58, in wrapped_view
    return view_func(*args, **kwargs)
  File "/usr/local/lib/python2.7/dist-packages/django/views/generic/base.py", line 68, in view
    return self.dispatch(request, *args, **kwargs)
  File "/usr/local/lib/python2.7/dist-packages/rest_framework/views.py", line 495, in dispatch
    response = self.handle_exception(exc)
  File "/usr/local/lib/python2.7/dist-packages/rest_framework/views.py", line 455, in handle_exception
    self.raise_uncaught_exception(exc)
  File "/usr/local/lib/python2.7/dist-packages/rest_framework/views.py", line 492, in dispatch
    response = handler(request, *args, **kwargs)
  File "/usr/local/lib/python2.7/dist-packages/rest_framework/decorators.py", line 55, in handler
    return func(*args, **kwargs)
  File "/home/user/nFilterNew/controller/views.py", line 190, in getNumber
    first4 = str(digit4[i])
IndexError: list index out of range
2020-05-24 11:53:13,774:INFO:------------------------------------------------------------------------------------------------
2020-05-24 11:54:39,133:INFO:ДУГААРАА СОНГОЖ БУЙ ХЭСЭГ
2020-05-24 11:54:39,134:INFO:2
2020-05-24 11:54:39,301:WARNING:Not Found: /favicon.ico
2020-05-24 11:56:28,473:INFO:------------------------------------------------------------------------------------------------
2020-05-24 11:56:30,279:INFO:ДУГААРАА СОНГОЖ БУЙ ХЭСЭГ
2020-05-24 11:56:30,280:INFO:2
2020-05-24 11:58:05,749:INFO:ДУГААРЫН ҮНЭ
2020-05-24 11:58:05,751:INFO:5000
2020-05-24 11:58:14,305:INFO:ДУГААРЫН ZAHIALGA
2020-05-24 11:59:56,031:INFO:------------------------------------------------------------------------------------------------
2020-05-24 12:00:14,647:INFO:------------------------------------------------------------------------------------------------
2020-05-24 12:00:21,668:INFO:ДУГААРАА СОНГОЖ БУЙ ХЭСЭГ
2020-05-24 12:00:21,668:INFO:2
2020-05-24 12:03:11,091:INFO:------------------------------------------------------------------------------------------------
2020-05-24 12:05:48,423:INFO:------------------------------------------------------------------------------------------------
2020-05-24 12:06:51,636:INFO:------------------------------------------------------------------------------------------------
2020-05-24 12:06:52,280:INFO:ДУГААРАА СОНГОЖ БУЙ ХЭСЭГ
2020-05-24 12:06:52,280:INFO:7
2020-05-24 12:07:14,929:INFO:ДУГААРАА СОНГОЖ БУЙ ХЭСЭГ
2020-05-24 12:07:14,929:INFO:7
2020-05-24 12:07:27,913:INFO:ДУГААРАА СОНГОЖ БУЙ ХЭСЭГ
2020-05-24 12:07:27,913:INFO:7
2020-05-24 12:07:39,612:INFO:------------------------------------------------------------------------------------------------
2020-05-24 12:08:20,907:INFO:ДУГААРАА СОНГОЖ БУЙ ХЭСЭГ
2020-05-24 12:08:20,907:INFO:7
2020-05-24 12:09:14,955:INFO:ДУГААРЫН ҮНЭ
2020-05-24 12:09:14,958:INFO:10000
2020-05-24 12:09:23,471:INFO:ДУГААРАА СОНГОЖ БУЙ ХЭСЭГ
2020-05-24 12:09:23,472:INFO:2
2020-05-24 12:09:41,818:INFO:ДУГААРЫН ҮНЭ
2020-05-24 12:09:41,820:INFO:5000
2020-05-24 12:10:05,748:INFO:ДУГААРЫН ZAHIALGA
2020-05-24 12:12:06,033:INFO:------------------------------------------------------------------------------------------------
2020-05-24 12:16:11,611:INFO:------------------------------------------------------------------------------------------------
2020-05-24 12:16:12,392:INFO:ДУГААРАА СОНГОЖ БУЙ ХЭСЭГ
2020-05-24 12:16:12,393:INFO:7
2020-05-24 12:22:42,309:INFO:------------------------------------------------------------------------------------------------
2020-05-24 12:37:29,549:INFO:------------------------------------------------------------------------------------------------
2020-05-24 12:37:40,405:INFO:ДУГААРАА СОНГОЖ БУЙ ХЭСЭГ
2020-05-24 12:37:40,406:INFO:7
2020-05-24 12:37:40,869:WARNING:Not Found: /favicon.ico
2020-05-24 12:37:43,405:INFO:ДУГААРАА СОНГОЖ БУЙ ХЭСЭГ
2020-05-24 12:37:43,405:INFO:7
2020-05-24 12:37:43,673:WARNING:Not Found: /favicon.ico
2020-05-24 12:37:51,197:INFO:------------------------------------------------------------------------------------------------
2020-05-24 12:37:53,164:WARNING:Not Found: /favicon.ico
2020-05-24 12:37:55,634:WARNING:Not Found: /favicon.ico
2020-05-24 12:38:00,897:INFO:ДУГААРАА СОНГОЖ БУЙ ХЭСЭГ
2020-05-24 12:38:00,897:INFO:7
2020-05-24 12:38:01,148:WARNING:Not Found: /favicon.ico
2020-05-24 12:38:53,708:INFO:------------------------------------------------------------------------------------------------
2020-05-24 12:41:30,874:INFO:------------------------------------------------------------------------------------------------
2020-05-24 12:41:40,611:INFO:ДУГААРАА СОНГОЖ БУЙ ХЭСЭГ
2020-05-24 12:41:40,611:INFO:7
2020-05-24 12:59:19,640:INFO:------------------------------------------------------------------------------------------------
2020-05-24 12:59:25,241:INFO:ДУГААРАА СОНГОЖ БУЙ ХЭСЭГ
2020-05-24 12:59:25,241:INFO:7
2020-05-24 12:59:31,338:INFO:ДУГААРАА СОНГОЖ БУЙ ХЭСЭГ
2020-05-24 12:59:31,338:INFO:7
2020-05-24 13:00:00,397:INFO:------------------------------------------------------------------------------------------------
2020-05-24 13:01:41,166:INFO:ДУГААРАА СОНГОЖ БУЙ ХЭСЭГ
2020-05-24 13:01:41,167:INFO:7
2020-05-24 13:01:45,240:INFO:ДУГААРАА СОНГОЖ БУЙ ХЭСЭГ
2020-05-24 13:01:45,240:INFO:7
2020-05-24 13:03:11,828:INFO:------------------------------------------------------------------------------------------------
2020-05-24 13:03:29,941:INFO:ДУГААРАА СОНГОЖ БУЙ ХЭСЭГ
2020-05-24 13:03:29,942:INFO:7
2020-05-24 13:03:39,700:INFO:ДУГААРАА СОНГОЖ БУЙ ХЭСЭГ
2020-05-24 13:03:39,700:INFO:7
2020-05-24 13:03:41,891:INFO:ДУГААРАА СОНГОЖ БУЙ ХЭСЭГ
2020-05-24 13:03:41,891:INFO:7
2020-05-24 13:06:47,866:ERROR:Internal Server Error: /getnumber
Traceback (most recent call last):
  File "/usr/local/lib/python2.7/dist-packages/django/core/handlers/exception.py", line 41, in inner
    response = get_response(request)
  File "/usr/local/lib/python2.7/dist-packages/django/core/handlers/base.py", line 187, in _get_response
    response = self.process_exception_by_middleware(e, request)
  File "/usr/local/lib/python2.7/dist-packages/django/core/handlers/base.py", line 185, in _get_response
    response = wrapped_callback(request, *callback_args, **callback_kwargs)
  File "/usr/local/lib/python2.7/dist-packages/django/views/decorators/csrf.py", line 58, in wrapped_view
    return view_func(*args, **kwargs)
  File "/usr/local/lib/python2.7/dist-packages/django/views/generic/base.py", line 68, in view
    return self.dispatch(request, *args, **kwargs)
  File "/usr/local/lib/python2.7/dist-packages/rest_framework/views.py", line 495, in dispatch
    response = self.handle_exception(exc)
  File "/usr/local/lib/python2.7/dist-packages/rest_framework/views.py", line 455, in handle_exception
    self.raise_uncaught_exception(exc)
  File "/usr/local/lib/python2.7/dist-packages/rest_framework/views.py", line 492, in dispatch
    response = handler(request, *args, **kwargs)
  File "/usr/local/lib/python2.7/dist-packages/rest_framework/decorators.py", line 55, in handler
    return func(*args, **kwargs)
  File "/home/user/nFilterNew/controller/views.py", line 206, in getNumber
    if data[1] == az:
IndexError: list index out of range
2020-05-24 13:07:44,339:INFO:------------------------------------------------------------------------------------------------
2020-05-24 13:09:47,360:INFO:ДУГААРЫН ҮНЭ
2020-05-24 13:09:47,363:INFO:10000
2020-05-24 13:12:06,270:INFO:------------------------------------------------------------------------------------------------
2020-05-24 13:22:32,357:INFO:------------------------------------------------------------------------------------------------
2020-05-24 13:22:38,076:INFO:ДУГААРАА СОНГОЖ БУЙ ХЭСЭГ
2020-05-24 13:22:38,077:INFO:2
2020-05-24 13:22:38,334:WARNING:Not Found: /favicon.ico
2020-05-24 13:22:42,475:INFO:------------------------------------------------------------------------------------------------
2020-05-24 13:22:49,618:INFO:------------------------------------------------------------------------------------------------
2020-05-24 13:22:51,080:INFO:ДУГААРАА СОНГОЖ БУЙ ХЭСЭГ
2020-05-24 13:22:51,080:INFO:2
2020-05-24 13:23:47,931:INFO:ДУГААРЫН ҮНЭ
2020-05-24 13:23:47,933:INFO:5000
2020-05-24 13:24:02,999:INFO:ДУГААРЫН ZAHIALGA
2020-05-24 13:26:03,116:INFO:------------------------------------------------------------------------------------------------
2020-05-24 13:28:05,357:INFO:ДУГААРАА СОНГОЖ БУЙ ХЭСЭГ
2020-05-24 13:28:05,357:INFO:2
2020-05-24 13:33:19,365:INFO:ДУГААРЫН ҮНЭ
2020-05-24 13:33:19,368:INFO:5000
2020-05-24 13:38:54,829:INFO:------------------------------------------------------------------------------------------------
2020-05-24 13:41:31,003:INFO:------------------------------------------------------------------------------------------------
2020-05-24 13:44:03,913:INFO:------------------------------------------------------------------------------------------------
2020-05-24 13:44:04,750:INFO:ДУГААРАА СОНГОЖ БУЙ ХЭСЭГ
2020-05-24 13:44:04,750:INFO:7
2020-05-24 13:54:04,225:INFO:------------------------------------------------------------------------------------------------
2020-05-24 13:54:06,569:INFO:ДУГААРАА СОНГОЖ БУЙ ХЭСЭГ
2020-05-24 13:54:06,569:INFO:2
2020-05-24 13:54:32,307:INFO:ДУГААРЫН ҮНЭ
2020-05-24 13:54:32,310:INFO:5000
2020-05-24 13:54:55,459:INFO:ДУГААРЫН ZAHIALGA
2020-05-24 13:54:57,906:INFO:------------------------------------------------------------------------------------------------
2020-05-24 13:55:05,651:INFO:------------------------------------------------------------------------------------------------
2020-05-24 13:59:19,771:INFO:------------------------------------------------------------------------------------------------
2020-05-24 14:00:02,635:INFO:------------------------------------------------------------------------------------------------
2020-05-24 14:02:37,392:INFO:ДУГААРАА СОНГОЖ БУЙ ХЭСЭГ
2020-05-24 14:02:37,393:INFO:2
2020-05-24 14:07:49,048:INFO:------------------------------------------------------------------------------------------------
2020-05-24 14:12:06,397:INFO:------------------------------------------------------------------------------------------------
2020-05-24 14:20:18,747:INFO:------------------------------------------------------------------------------------------------
2020-05-24 14:20:24,481:INFO:ДУГААРАА СОНГОЖ БУЙ ХЭСЭГ
2020-05-24 14:20:24,481:INFO:2
2020-05-24 14:21:51,332:INFO:------------------------------------------------------------------------------------------------
2020-05-24 14:22:42,612:INFO:------------------------------------------------------------------------------------------------
2020-05-24 14:32:12,720:INFO:------------------------------------------------------------------------------------------------
2020-05-24 14:32:13,978:INFO:ДУГААРАА СОНГОЖ БУЙ ХЭСЭГ
2020-05-24 14:32:13,978:INFO:7
2020-05-24 14:34:16,266:INFO:ДУГААРАА СОНГОЖ БУЙ ХЭСЭГ
2020-05-24 14:34:16,266:INFO:7
2020-05-24 14:34:22,032:INFO:ДУГААРАА СОНГОЖ БУЙ ХЭСЭГ
2020-05-24 14:34:22,032:INFO:7
2020-05-24 14:34:23,980:INFO:------------------------------------------------------------------------------------------------
2020-05-24 14:34:25,434:INFO:ДУГААРАА СОНГОЖ БУЙ ХЭСЭГ
2020-05-24 14:34:25,434:INFO:2
2020-05-24 14:35:03,872:INFO:ДУГААРЫН ҮНЭ
2020-05-24 14:35:03,875:INFO:5000
2020-05-24 14:36:06,260:ERROR:Internal Server Error: /getnumber
Traceback (most recent call last):
  File "/usr/local/lib/python2.7/dist-packages/django/core/handlers/exception.py", line 41, in inner
    response = get_response(request)
  File "/usr/local/lib/python2.7/dist-packages/django/core/handlers/base.py", line 187, in _get_response
    response = self.process_exception_by_middleware(e, request)
  File "/usr/local/lib/python2.7/dist-packages/django/core/handlers/base.py", line 185, in _get_response
    response = wrapped_callback(request, *callback_args, **callback_kwargs)
  File "/usr/local/lib/python2.7/dist-packages/django/views/decorators/csrf.py", line 58, in wrapped_view
    return view_func(*args, **kwargs)
  File "/usr/local/lib/python2.7/dist-packages/django/views/generic/base.py", line 68, in view
    return self.dispatch(request, *args, **kwargs)
  File "/usr/local/lib/python2.7/dist-packages/rest_framework/views.py", line 495, in dispatch
    response = self.handle_exception(exc)
  File "/usr/local/lib/python2.7/dist-packages/rest_framework/views.py", line 455, in handle_exception
    self.raise_uncaught_exception(exc)
  File "/usr/local/lib/python2.7/dist-packages/rest_framework/views.py", line 492, in dispatch
    response = handler(request, *args, **kwargs)
  File "/usr/local/lib/python2.7/dist-packages/rest_framework/decorators.py", line 55, in handler
    return func(*args, **kwargs)
  File "/home/user/nFilterNew/controller/views.py", line 206, in getNumber
    if data[1] == az:
IndexError: list index out of range
2020-05-24 14:37:00,322:INFO:ДУГААРАА СОНГОЖ БУЙ ХЭСЭГ
2020-05-24 14:37:00,322:INFO:7
2020-05-24 14:37:26,520:INFO:ДУГААРАА СОНГОЖ БУЙ ХЭСЭГ
2020-05-24 14:37:26,520:INFO:7
2020-05-24 14:37:39,930:INFO:ДУГААРАА СОНГОЖ БУЙ ХЭСЭГ
2020-05-24 14:37:39,931:INFO:7
2020-05-24 14:38:16,674:INFO:ДУГААРАА СОНГОЖ БУЙ ХЭСЭГ
2020-05-24 14:38:16,674:INFO:7
2020-05-24 14:38:19,258:INFO:------------------------------------------------------------------------------------------------
2020-05-24 14:38:19,838:INFO:ДУГААРАА СОНГОЖ БУЙ ХЭСЭГ
2020-05-24 14:38:19,838:INFO:7
2020-05-24 14:38:39,612:INFO:ДУГААРЫН ҮНЭ
2020-05-24 14:38:39,615:INFO:10000
2020-05-24 14:38:55,051:INFO:------------------------------------------------------------------------------------------------
2020-05-24 14:38:55,448:INFO:ДУГААРАА СОНГОЖ БУЙ ХЭСЭГ
2020-05-24 14:38:55,448:INFO:7
2020-05-24 14:39:14,450:INFO:ДУГААРАА СОНГОЖ БУЙ ХЭСЭГ
2020-05-24 14:39:14,450:INFO:2
2020-05-24 14:39:20,675:INFO:ДУГААРАА СОНГОЖ БУЙ ХЭСЭГ
2020-05-24 14:39:20,675:INFO:2
2020-05-24 14:39:59,271:INFO:ДУГААРАА СОНГОЖ БУЙ ХЭСЭГ
2020-05-24 14:39:59,272:INFO:2
2020-05-24 14:40:02,308:INFO:------------------------------------------------------------------------------------------------
2020-05-24 14:40:03,265:INFO:ДУГААРАА СОНГОЖ БУЙ ХЭСЭГ
2020-05-24 14:40:03,265:INFO:2
2020-05-24 14:40:07,754:INFO:ДУГААРАА СОНГОЖ БУЙ ХЭСЭГ
2020-05-24 14:40:07,755:INFO:2
2020-05-24 14:41:31,118:INFO:------------------------------------------------------------------------------------------------
2020-05-24 14:41:41,241:INFO:ДУГААРАА СОНГОЖ БУЙ ХЭСЭГ
2020-05-24 14:41:41,242:INFO:2
2020-05-24 14:45:55,627:INFO:ДУГААРЫН ҮНЭ
2020-05-24 14:45:55,630:INFO:5000
2020-05-24 14:46:07,273:INFO:ДУГААРЫН ҮНЭ
2020-05-24 14:46:07,276:INFO:5000
2020-05-24 14:47:17,366:INFO:------------------------------------------------------------------------------------------------
2020-05-24 14:47:18,109:INFO:ДУГААРАА СОНГОЖ БУЙ ХЭСЭГ
2020-05-24 14:47:18,109:INFO:7
2020-05-24 14:48:52,787:INFO:ДУГААРЫН ҮНЭ
2020-05-24 14:48:52,790:INFO:10000
2020-05-24 14:49:06,751:INFO:ДУГААРЫН ZAHIALGA
2020-05-24 14:50:28,551:INFO:------------------------------------------------------------------------------------------------
2020-05-24 14:51:06,870:INFO:------------------------------------------------------------------------------------------------
2020-05-24 14:54:58,159:INFO:------------------------------------------------------------------------------------------------
2020-05-24 15:00:04,944:INFO:------------------------------------------------------------------------------------------------
2020-05-24 15:06:24,715:INFO:ДУГААРАА СОНГОЖ БУЙ ХЭСЭГ
2020-05-24 15:06:24,716:INFO:2
2020-05-24 15:07:09,657:INFO:ДУГААРЫН ҮНЭ
2020-05-24 15:07:09,659:INFO:5000
2020-05-24 15:07:39,546:INFO:ДУГААРЫН ZAHIALGA
2020-05-24 15:07:47,968:INFO:------------------------------------------------------------------------------------------------
2020-05-24 15:07:53,806:INFO:------------------------------------------------------------------------------------------------
2020-05-24 15:09:47,924:INFO:------------------------------------------------------------------------------------------------
2020-05-24 15:12:06,539:INFO:------------------------------------------------------------------------------------------------
2020-05-24 15:21:32,083:INFO:------------------------------------------------------------------------------------------------
2020-05-24 15:21:41,238:INFO:ДУГААРАА СОНГОЖ БУЙ ХЭСЭГ
2020-05-24 15:21:41,239:INFO:7
2020-05-24 15:21:42,233:WARNING:Not Found: /favicon.ico
2020-05-24 15:22:42,736:INFO:------------------------------------------------------------------------------------------------
2020-05-24 15:23:39,765:INFO:ДУГААРАА СОНГОЖ БУЙ ХЭСЭГ
2020-05-24 15:23:39,765:INFO:2
2020-05-24 15:27:54,023:INFO:ДУГААРАА СОНГОЖ БУЙ ХЭСЭГ
2020-05-24 15:27:54,024:INFO:7
2020-05-24 15:29:50,450:INFO:ДУГААРАА СОНГОЖ БУЙ ХЭСЭГ
2020-05-24 15:29:50,451:INFO:7
2020-05-24 15:29:54,855:INFO:------------------------------------------------------------------------------------------------
2020-05-24 15:30:47,072:INFO:------------------------------------------------------------------------------------------------
2020-05-24 15:31:24,642:INFO:ДУГААРАА СОНГОЖ БУЙ ХЭСЭГ
2020-05-24 15:31:24,643:INFO:7
2020-05-24 15:32:40,705:INFO:ДУГААРАА СОНГОЖ БУЙ ХЭСЭГ
2020-05-24 15:32:40,706:INFO:7
2020-05-24 15:32:41,476:WARNING:Not Found: /favicon.ico
2020-05-24 15:32:46,816:INFO:------------------------------------------------------------------------------------------------
2020-05-24 15:32:47,711:INFO:ДУГААРАА СОНГОЖ БУЙ ХЭСЭГ
2020-05-24 15:32:47,711:INFO:2
2020-05-24 15:32:58,451:INFO:ДУГААРАА СОНГОЖ БУЙ ХЭСЭГ
2020-05-24 15:32:58,451:INFO:7
2020-05-24 15:33:30,201:INFO:ДУГААРАА СОНГОЖ БУЙ ХЭСЭГ
2020-05-24 15:33:30,201:INFO:7
2020-05-24 15:33:38,553:INFO:ДУГААРАА СОНГОЖ БУЙ ХЭСЭГ
2020-05-24 15:33:38,554:INFO:2
2020-05-24 15:33:41,644:INFO:------------------------------------------------------------------------------------------------
2020-05-24 15:33:42,576:INFO:ДУГААРАА СОНГОЖ БУЙ ХЭСЭГ
2020-05-24 15:33:42,576:INFO:2
2020-05-24 15:34:09,365:INFO:------------------------------------------------------------------------------------------------
2020-05-24 15:34:10,510:INFO:ДУГААРАА СОНГОЖ БУЙ ХЭСЭГ
2020-05-24 15:34:10,510:INFO:7
2020-05-24 15:38:55,358:INFO:------------------------------------------------------------------------------------------------
2020-05-24 15:41:31,208:INFO:------------------------------------------------------------------------------------------------
2020-05-24 15:49:12,216:INFO:------------------------------------------------------------------------------------------------
2020-05-24 15:49:15,104:WARNING:Not Found: /favicon.ico
2020-05-24 15:49:17,390:WARNING:Not Found: /favicon.ico
2020-05-24 15:49:18,779:INFO:------------------------------------------------------------------------------------------------
2020-05-24 15:50:15,320:INFO:ДУГААРАА СОНГОЖ БУЙ ХЭСЭГ
2020-05-24 15:50:15,320:INFO:7
2020-05-24 15:50:23,179:INFO:ДУГААРАА СОНГОЖ БУЙ ХЭСЭГ
2020-05-24 15:50:23,179:INFO:7
2020-05-24 15:50:28,772:INFO:------------------------------------------------------------------------------------------------
2020-05-24 15:50:31,181:INFO:------------------------------------------------------------------------------------------------
2020-05-24 15:50:59,140:INFO:------------------------------------------------------------------------------------------------
2020-05-24 15:51:00,502:INFO:ДУГААРАА СОНГОЖ БУЙ ХЭСЭГ
2020-05-24 15:51:00,502:INFO:7
2020-05-24 15:51:04,806:INFO:ДУГААРАА СОНГОЖ БУЙ ХЭСЭГ
2020-05-24 15:51:04,806:INFO:7
2020-05-24 15:51:16,642:WARNING:Not Found: /favicon.ico
2020-05-24 15:51:23,900:INFO:ДУГААРАА СОНГОЖ БУЙ ХЭСЭГ
2020-05-24 15:51:23,900:INFO:7
2020-05-24 15:51:24,514:INFO:ДУГААРАА СОНГОЖ БУЙ ХЭСЭГ
2020-05-24 15:51:24,514:INFO:2
2020-05-24 15:51:26,726:WARNING:Not Found: /favicon.ico
2020-05-24 15:51:30,440:INFO:------------------------------------------------------------------------------------------------
2020-05-24 15:51:30,723:INFO:ДУГААРАА СОНГОЖ БУЙ ХЭСЭГ
2020-05-24 15:51:30,723:INFO:7
2020-05-24 15:51:31,747:INFO:ДУГААРАА СОНГОЖ БУЙ ХЭСЭГ
2020-05-24 15:51:31,748:INFO:7
2020-05-24 15:52:22,886:INFO:ДУГААРАА СОНГОЖ БУЙ ХЭСЭГ
2020-05-24 15:52:22,886:INFO:7
2020-05-24 15:52:35,904:INFO:ДУГААРАА СОНГОЖ БУЙ ХЭСЭГ
2020-05-24 15:52:35,904:INFO:7
2020-05-24 15:53:36,730:INFO:ДУГААРАА СОНГОЖ БУЙ ХЭСЭГ
2020-05-24 15:53:36,730:INFO:7
2020-05-24 15:54:03,074:INFO:ДУГААРАА СОНГОЖ БУЙ ХЭСЭГ
2020-05-24 15:54:03,075:INFO:7
2020-05-24 15:55:01,115:INFO:ДУГААРЫН ҮНЭ
2020-05-24 15:55:01,118:INFO:10000
2020-05-24 15:55:41,078:INFO:ДУГААРЫН ҮНЭ
2020-05-24 15:55:41,081:INFO:10000
2020-05-24 15:58:26,246:INFO:ДУГААРАА СОНГОЖ БУЙ ХЭСЭГ
2020-05-24 15:58:26,246:INFO:7
2020-05-24 15:59:00,962:INFO:ДУГААРАА СОНГОЖ БУЙ ХЭСЭГ
2020-05-24 15:59:00,962:INFO:7
2020-05-24 15:59:30,885:INFO:------------------------------------------------------------------------------------------------
2020-05-24 16:03:39,294:INFO:------------------------------------------------------------------------------------------------
2020-05-24 16:03:41,947:INFO:ДУГААРАА СОНГОЖ БУЙ ХЭСЭГ
2020-05-24 16:03:41,947:INFO:7
2020-05-24 16:03:43,111:INFO:ДУГААРАА СОНГОЖ БУЙ ХЭСЭГ
2020-05-24 16:03:43,111:INFO:7
2020-05-24 16:12:06,721:INFO:------------------------------------------------------------------------------------------------
2020-05-24 16:13:28,329:INFO:------------------------------------------------------------------------------------------------
2020-05-24 16:13:34,543:INFO:ДУГААРАА СОНГОЖ БУЙ ХЭСЭГ
2020-05-24 16:13:34,543:INFO:2
2020-05-24 16:13:35,169:WARNING:Not Found: /favicon.ico
2020-05-24 16:15:06,543:INFO:ДУГААРЫН ҮНЭ
2020-05-24 16:15:06,546:INFO:5000
2020-05-24 16:15:54,184:INFO:ДУГААРАА СОНГОЖ БУЙ ХЭСЭГ
2020-05-24 16:15:54,185:INFO:7
2020-05-24 16:22:42,892:INFO:------------------------------------------------------------------------------------------------
2020-05-24 16:29:55,005:INFO:------------------------------------------------------------------------------------------------
2020-05-24 16:31:07,031:INFO:ДУГААРАА СОНГОЖ БУЙ ХЭСЭГ
2020-05-24 16:31:07,031:INFO:2
2020-05-24 16:32:35,540:INFO:------------------------------------------------------------------------------------------------
2020-05-24 16:32:38,761:INFO:ДУГААРАА СОНГОЖ БУЙ ХЭСЭГ
2020-05-24 16:32:38,761:INFO:7
2020-05-24 16:38:55,741:INFO:------------------------------------------------------------------------------------------------
2020-05-24 16:42:35,700:INFO:ДУГААРАА СОНГОЖ БУЙ ХЭСЭГ
2020-05-24 16:42:35,701:INFO:7
2020-05-24 16:42:35,718:INFO:ДУГААРАА СОНГОЖ БУЙ ХЭСЭГ
2020-05-24 16:42:35,718:INFO:7
2020-05-24 16:49:02,500:INFO:ДУГААРАА СОНГОЖ БУЙ ХЭСЭГ
2020-05-24 16:49:02,500:INFO:2
2020-05-24 16:49:06,223:INFO:ДУГААРАА СОНГОЖ БУЙ ХЭСЭГ
2020-05-24 16:49:06,223:INFO:2
2020-05-24 16:49:47,080:INFO:ДУГААРАА СОНГОЖ БУЙ ХЭСЭГ
2020-05-24 16:49:47,080:INFO:2
2020-05-24 16:49:51,899:INFO:ДУГААРАА СОНГОЖ БУЙ ХЭСЭГ
2020-05-24 16:49:51,899:INFO:2
2020-05-24 16:49:56,790:INFO:------------------------------------------------------------------------------------------------
2020-05-24 16:50:24,410:INFO:ДУГААРАА СОНГОЖ БУЙ ХЭСЭГ
2020-05-24 16:50:24,411:INFO:2
2020-05-24 16:50:42,331:INFO:ДУГААРАА СОНГОЖ БУЙ ХЭСЭГ
2020-05-24 16:50:42,331:INFO:2
2020-05-24 16:54:33,472:INFO:ДУГААРАА СОНГОЖ БУЙ ХЭСЭГ
2020-05-24 16:54:33,472:INFO:2
2020-05-24 16:54:36,129:INFO:ДУГААРАА СОНГОЖ БУЙ ХЭСЭГ
2020-05-24 16:54:36,129:INFO:2
2020-05-24 16:54:38,196:INFO:ДУГААРАА СОНГОЖ БУЙ ХЭСЭГ
2020-05-24 16:54:38,197:INFO:2
2020-05-24 16:55:19,322:INFO:ДУГААРЫН ҮНЭ
2020-05-24 16:55:19,325:INFO:5000
2020-05-24 16:56:23,543:INFO:ДУГААРАА СОНГОЖ БУЙ ХЭСЭГ
2020-05-24 16:56:23,543:INFO:2
2020-05-24 16:56:27,907:INFO:ДУГААРАА СОНГОЖ БУЙ ХЭСЭГ
2020-05-24 16:56:27,907:INFO:2
2020-05-24 16:56:46,152:INFO:ДУГААРАА СОНГОЖ БУЙ ХЭСЭГ
2020-05-24 16:56:46,153:INFO:2
2020-05-24 16:57:06,999:INFO:ДУГААРАА СОНГОЖ БУЙ ХЭСЭГ
2020-05-24 16:57:06,999:INFO:2
2020-05-24 16:58:13,389:INFO:ДУГААРАА СОНГОЖ БУЙ ХЭСЭГ
2020-05-24 16:58:13,389:INFO:2
2020-05-24 16:58:47,542:INFO:------------------------------------------------------------------------------------------------
2020-05-24 16:58:49,584:INFO:ДУГААРАА СОНГОЖ БУЙ ХЭСЭГ
2020-05-24 16:58:49,584:INFO:7
2020-05-24 16:58:51,949:INFO:ДУГААРАА СОНГОЖ БУЙ ХЭСЭГ
2020-05-24 16:58:51,949:INFO:7
2020-05-24 16:59:21,617:INFO:ДУГААРАА СОНГОЖ БУЙ ХЭСЭГ
2020-05-24 16:59:21,617:INFO:7
2020-05-24 16:59:31,167:INFO:------------------------------------------------------------------------------------------------
2020-05-24 17:00:44,582:INFO:ДУГААРАА СОНГОЖ БУЙ ХЭСЭГ
2020-05-24 17:00:44,583:INFO:7
2020-05-24 17:02:51,153:INFO:------------------------------------------------------------------------------------------------
2020-05-24 17:02:55,274:INFO:------------------------------------------------------------------------------------------------
2020-05-24 17:02:56,460:INFO:ДУГААРАА СОНГОЖ БУЙ ХЭСЭГ
2020-05-24 17:02:56,461:INFO:7
2020-05-24 17:03:14,910:INFO:ДУГААРАА СОНГОЖ БУЙ ХЭСЭГ
2020-05-24 17:03:14,910:INFO:2
2020-05-24 17:03:57,727:INFO:ДУГААРАА СОНГОЖ БУЙ ХЭСЭГ
2020-05-24 17:03:57,727:INFO:2
2020-05-24 17:22:43,019:INFO:------------------------------------------------------------------------------------------------
2020-05-24 17:29:55,096:INFO:------------------------------------------------------------------------------------------------
2020-05-24 17:35:42,414:INFO:------------------------------------------------------------------------------------------------
2020-05-24 17:35:42,624:INFO:------------------------------------------------------------------------------------------------
2020-05-24 17:35:45,499:INFO:ДУГААРАА СОНГОЖ БУЙ ХЭСЭГ
2020-05-24 17:35:45,499:INFO:2
2020-05-24 17:36:07,388:INFO:------------------------------------------------------------------------------------------------
2020-05-24 17:36:10,579:INFO:ДУГААРАА СОНГОЖ БУЙ ХЭСЭГ
2020-05-24 17:36:10,579:INFO:2
2020-05-24 17:36:16,451:INFO:ДУГААРЫН ҮНЭ
2020-05-24 17:36:16,453:INFO:5000
2020-05-24 17:49:54,250:INFO:------------------------------------------------------------------------------------------------
2020-05-24 17:49:55,579:INFO:ДУГААРАА СОНГОЖ БУЙ ХЭСЭГ
2020-05-24 17:49:55,579:INFO:2
2020-05-24 17:51:34,682:INFO:ДУГААРЫН ҮНЭ
2020-05-24 17:51:34,684:INFO:5000
2020-05-24 18:22:43,168:INFO:------------------------------------------------------------------------------------------------
2020-05-24 18:38:09,020:INFO:------------------------------------------------------------------------------------------------
2020-05-24 18:38:10,211:INFO:ДУГААРАА СОНГОЖ БУЙ ХЭСЭГ
2020-05-24 18:38:10,211:INFO:7
2020-05-24 18:38:17,807:INFO:ДУГААРАА СОНГОЖ БУЙ ХЭСЭГ
2020-05-24 18:38:17,807:INFO:7
2020-05-24 18:38:27,268:INFO:ДУГААРАА СОНГОЖ БУЙ ХЭСЭГ
2020-05-24 18:38:27,268:INFO:7
2020-05-24 18:38:57,647:INFO:ДУГААРАА СОНГОЖ БУЙ ХЭСЭГ
2020-05-24 18:38:57,647:INFO:7
2020-05-24 18:39:22,477:INFO:ДУГААРАА СОНГОЖ БУЙ ХЭСЭГ
2020-05-24 18:39:22,477:INFO:2
2020-05-24 18:39:27,818:INFO:ДУГААРЫН ҮНЭ
2020-05-24 18:39:27,820:INFO:10000
2020-05-24 18:39:50,223:INFO:------------------------------------------------------------------------------------------------
2020-05-24 18:39:51,022:INFO:ДУГААРАА СОНГОЖ БУЙ ХЭСЭГ
2020-05-24 18:39:51,022:INFO:7
2020-05-24 19:05:11,509:INFO:------------------------------------------------------------------------------------------------
2020-05-24 19:05:19,513:INFO:ДУГААРАА СОНГОЖ БУЙ ХЭСЭГ
2020-05-24 19:05:19,513:INFO:2
2020-05-24 19:05:44,753:INFO:ДУГААРЫН ҮНЭ
2020-05-24 19:05:44,756:INFO:5000
2020-05-24 19:05:45,954:INFO:ДУГААРЫН ҮНЭ
2020-05-24 19:05:45,957:INFO:5000
2020-05-24 19:22:43,286:INFO:------------------------------------------------------------------------------------------------
2020-05-24 19:28:20,807:INFO:------------------------------------------------------------------------------------------------
2020-05-24 19:28:21,935:INFO:ДУГААРАА СОНГОЖ БУЙ ХЭСЭГ
2020-05-24 19:28:21,936:INFO:7
2020-05-24 19:28:41,255:INFO:ДУГААРЫН ҮНЭ
2020-05-24 19:28:41,257:INFO:10000
2020-05-24 19:28:47,101:INFO:ДУГААРЫН ҮНЭ
2020-05-24 19:28:47,104:INFO:10000
2020-05-24 19:36:07,955:INFO:ДУГААРЫН ҮНЭ
2020-05-24 19:36:07,958:INFO:10000
2020-05-24 19:38:05,734:INFO:ДУГААРАА СОНГОЖ БУЙ ХЭСЭГ
2020-05-24 19:38:05,734:INFO:7
2020-05-24 19:38:12,746:INFO:------------------------------------------------------------------------------------------------
2020-05-24 19:38:16,658:INFO:ДУГААРАА СОНГОЖ БУЙ ХЭСЭГ
2020-05-24 19:38:16,658:INFO:2
2020-05-24 19:57:39,662:WARNING:Not Found: /status
2020-05-24 19:57:39,831:WARNING:Not Found: /stat
2020-05-24 20:13:25,487:INFO:------------------------------------------------------------------------------------------------
2020-05-24 20:13:31,937:INFO:ДУГААРАА СОНГОЖ БУЙ ХЭСЭГ
2020-05-24 20:13:31,937:INFO:7
2020-05-24 20:15:03,535:INFO:------------------------------------------------------------------------------------------------
2020-05-24 20:15:16,484:INFO:------------------------------------------------------------------------------------------------
2020-05-24 20:15:18,197:INFO:ДУГААРАА СОНГОЖ БУЙ ХЭСЭГ
2020-05-24 20:15:18,197:INFO:7
2020-05-24 20:16:02,475:INFO:ДУГААРАА СОНГОЖ БУЙ ХЭСЭГ
2020-05-24 20:16:02,475:INFO:7
2020-05-24 20:16:04,949:INFO:ДУГААРАА СОНГОЖ БУЙ ХЭСЭГ
2020-05-24 20:16:04,949:INFO:7
2020-05-24 20:16:06,594:INFO:ДУГААРАА СОНГОЖ БУЙ ХЭСЭГ
2020-05-24 20:16:06,594:INFO:7
2020-05-24 20:16:07,500:INFO:------------------------------------------------------------------------------------------------
2020-05-24 20:16:09,255:INFO:ДУГААРАА СОНГОЖ БУЙ ХЭСЭГ
2020-05-24 20:16:09,255:INFO:7
2020-05-24 20:22:43,423:INFO:------------------------------------------------------------------------------------------------
2020-05-24 20:34:33,737:INFO:------------------------------------------------------------------------------------------------
2020-05-24 20:34:35,167:INFO:ДУГААРАА СОНГОЖ БУЙ ХЭСЭГ
2020-05-24 20:34:35,167:INFO:2
2020-05-24 20:39:23,054:INFO:ДУГААРЫН ҮНЭ
2020-05-24 20:39:23,056:INFO:5000
2020-05-24 21:15:03,604:INFO:------------------------------------------------------------------------------------------------
2020-05-24 21:22:43,554:INFO:------------------------------------------------------------------------------------------------
2020-05-24 22:22:43,689:INFO:------------------------------------------------------------------------------------------------
2020-05-24 23:22:43,837:INFO:------------------------------------------------------------------------------------------------
2020-05-24 23:57:40,325:WARNING:Not Found: /
2020-05-25 00:22:43,973:INFO:------------------------------------------------------------------------------------------------
2020-05-25 01:22:44,110:INFO:------------------------------------------------------------------------------------------------
2020-05-25 01:51:27,957:INFO:------------------------------------------------------------------------------------------------
2020-05-25 02:22:44,272:INFO:------------------------------------------------------------------------------------------------
2020-05-25 03:22:44,395:INFO:------------------------------------------------------------------------------------------------
2020-05-25 04:19:52,835:WARNING:Not Found: /
2020-05-25 04:22:44,554:INFO:------------------------------------------------------------------------------------------------
2020-05-25 05:22:44,748:INFO:------------------------------------------------------------------------------------------------
2020-05-25 06:06:59,600:WARNING:Not Found: /robots.txt
2020-05-25 06:22:44,920:INFO:------------------------------------------------------------------------------------------------
