2019-10-24 09:11:39,127:INFO:----------------------------------------------------------------------------------------------------
2019-10-24 09:11:40,444:INFO:ДУГААРАА СОНГОЖ БУЙ ХЭСЭГ
2019-10-24 09:11:40,444:INFO:2
2019-10-24 09:11:40,592:WARNING:Not Found: /favicon.ico
2019-10-24 09:11:49,881:ERROR:Internal Server Error: /getnumber
Traceback (most recent call last):
  File "C:\Python27\lib\site-packages\django\core\handlers\exception.py", line 41, in inner
    response = get_response(request)
  File "C:\Python27\lib\site-packages\django\core\handlers\base.py", line 187, in _get_response
    response = self.process_exception_by_middleware(e, request)
  File "C:\Python27\lib\site-packages\django\core\handlers\base.py", line 185, in _get_response
    response = wrapped_callback(request, *callback_args, **callback_kwargs)
  File "C:\Python27\lib\site-packages\django\views\decorators\csrf.py", line 58, in wrapped_view
    return view_func(*args, **kwargs)
  File "C:\Python27\lib\site-packages\django\views\generic\base.py", line 68, in view
    return self.dispatch(request, *args, **kwargs)
  File "C:\Python27\lib\site-packages\rest_framework\views.py", line 489, in dispatch
    response = self.handle_exception(exc)
  File "C:\Python27\lib\site-packages\rest_framework\views.py", line 449, in handle_exception
    self.raise_uncaught_exception(exc)
  File "C:\Python27\lib\site-packages\rest_framework\views.py", line 486, in dispatch
    response = handler(request, *args, **kwargs)
  File "C:\Python27\lib\site-packages\rest_framework\decorators.py", line 52, in handler
    return func(*args, **kwargs)
  File "D:\nFilterNew\controller\views.py", line 105, in getNumber
    if start[2] == "*":
IndexError: list index out of range
2019-10-24 09:16:21,927:INFO:----------------------------------------------------------------------------------------------------
2019-10-24 09:16:22,796:INFO:ДУГААРАА СОНГОЖ БУЙ ХЭСЭГ
2019-10-24 09:16:22,796:INFO:2
2019-10-24 09:16:22,917:WARNING:Not Found: /favicon.ico
2019-10-24 09:16:28,747:ERROR:Internal Server Error: /getnumber
Traceback (most recent call last):
  File "C:\Python27\lib\site-packages\django\core\handlers\exception.py", line 41, in inner
    response = get_response(request)
  File "C:\Python27\lib\site-packages\django\core\handlers\base.py", line 187, in _get_response
    response = self.process_exception_by_middleware(e, request)
  File "C:\Python27\lib\site-packages\django\core\handlers\base.py", line 185, in _get_response
    response = wrapped_callback(request, *callback_args, **callback_kwargs)
  File "C:\Python27\lib\site-packages\django\views\decorators\csrf.py", line 58, in wrapped_view
    return view_func(*args, **kwargs)
  File "C:\Python27\lib\site-packages\django\views\generic\base.py", line 68, in view
    return self.dispatch(request, *args, **kwargs)
  File "C:\Python27\lib\site-packages\rest_framework\views.py", line 489, in dispatch
    response = self.handle_exception(exc)
  File "C:\Python27\lib\site-packages\rest_framework\views.py", line 449, in handle_exception
    self.raise_uncaught_exception(exc)
  File "C:\Python27\lib\site-packages\rest_framework\views.py", line 486, in dispatch
    response = handler(request, *args, **kwargs)
  File "C:\Python27\lib\site-packages\rest_framework\decorators.py", line 52, in handler
    return func(*args, **kwargs)
  File "D:\nFilterNew\controller\views.py", line 105, in getNumber
    if start[2] == "*":
IndexError: list index out of range
2019-10-24 09:17:15,352:INFO:----------------------------------------------------------------------------------------------------
2019-10-24 09:17:16,033:INFO:ДУГААРАА СОНГОЖ БУЙ ХЭСЭГ
2019-10-24 09:17:16,039:INFO:2
2019-10-24 09:17:21,641:ERROR:Internal Server Error: /getnumber
Traceback (most recent call last):
  File "C:\Python27\lib\site-packages\django\core\handlers\exception.py", line 41, in inner
    response = get_response(request)
  File "C:\Python27\lib\site-packages\django\core\handlers\base.py", line 187, in _get_response
    response = self.process_exception_by_middleware(e, request)
  File "C:\Python27\lib\site-packages\django\core\handlers\base.py", line 185, in _get_response
    response = wrapped_callback(request, *callback_args, **callback_kwargs)
  File "C:\Python27\lib\site-packages\django\views\decorators\csrf.py", line 58, in wrapped_view
    return view_func(*args, **kwargs)
  File "C:\Python27\lib\site-packages\django\views\generic\base.py", line 68, in view
    return self.dispatch(request, *args, **kwargs)
  File "C:\Python27\lib\site-packages\rest_framework\views.py", line 489, in dispatch
    response = self.handle_exception(exc)
  File "C:\Python27\lib\site-packages\rest_framework\views.py", line 449, in handle_exception
    self.raise_uncaught_exception(exc)
  File "C:\Python27\lib\site-packages\rest_framework\views.py", line 486, in dispatch
    response = handler(request, *args, **kwargs)
  File "C:\Python27\lib\site-packages\rest_framework\decorators.py", line 52, in handler
    return func(*args, **kwargs)
  File "D:\nFilterNew\controller\views.py", line 105, in getNumber
    if start[2] == "*":
IndexError: list index out of range
2019-10-24 09:17:38,066:INFO:----------------------------------------------------------------------------------------------------
2019-10-24 09:17:39,138:INFO:ДУГААРАА СОНГОЖ БУЙ ХЭСЭГ
2019-10-24 09:17:39,138:INFO:2
2019-10-24 09:17:39,273:WARNING:Not Found: /favicon.ico
2019-10-24 09:17:49,917:INFO:98182812:6|98182821:6|98182851:6|98182856:6|98182872:6|98182873:6|98183822:6|98183823:6|98183824:6|98183825:6|98183826:6|98183837:6|98183892:6|98184803:6|98184804:6|98184805:6|98184806:6|98184807:6|98184820:6|98184821:6|98184823:6|98184824:6|98184826:6|98184827:6|98184829:6|98184832:6|98184834:6|98184835:6|98184839:6|98184845:6|98184853:6|98184857:6|98184861:6|98184863:6|98184874:6|98184875:6|98184891:6|98185802:6|98185804:6|98185807:6|98185812:6|98185826:6|98185831:6|98185835:6|98185839:6|98185841:6|98185842:6|98185843:6|98185847:6|98185852:6|98185861:6|98185863:6|98185867:6|98185871:6|98185872:6|98185873:6|98185875:6|98185876:6|98185879:6|98185892:6|98185897:6|98186801:6|98186805:6|98186814:6|98186817:6|98186820:6|98186822:6|98186824:6|98186830:6|98186831:6|98186833:6|98186839:6|98186840:6|98186841:6|98186845:6|98186846:6|98186849:6|98186850:6|98186851:6|98186852:6|98186860:6|98186871:6|98186872:6|98186883:6|98186884:6|98186890:6|98186891:6|98186897:6|98187803:6|98187812:6|98187815:6|98187816:6|98187820:6|98187821:6|98187825:6|98187827:6|98187829:6|98187831:6|98187832:6|98187837:6|98187842:6|98187843:6|98187847:6|98187853:6|98187854:6|98187855:6|98187857:6|98187859:6|98187862:6|98187863:6|98187864:6|98187865:6|98187873:6|98187875:6|98187882:6|98187897:6|98188812:6|98189826:6|98189831:6
2019-10-24 09:18:34,802:INFO:98182872:6|98182873:6|98184874:6|98184875:6|98185871:6|98185872:6|98185873:6|98185875:6|98185876:6|98185879:6|98186871:6|98186872:6|98187873:6|98187875:6
2019-10-24 09:19:04,440:INFO:98181671:6
2019-10-24 09:19:51,305:INFO:98101279:6|98101372:6|98101375:6|98101376:6|98101478:6|98101670:6|98101671:6|98101672:6|98101673:6|98101674:6|98101675:6|98101676:6|98101677:6|98101678:6|98101679:6|98101770:6|98101771:9|98101772:6|98101773:6|98101774:6|98101775:6|98101776:6|98101777:6|98101778:6|98101779:6|98101870:6|98101871:6|98101872:6|98101873:6|98101874:6|98101875:6|98101876:6|98101877:6|98101878:6|98101879:6|98101970:6|98101971:6|98101972:6|98101973:6|98101974:6|98101975:6|98101976:6|98101977:6|98101978:6|98101979:6
2019-10-24 09:27:39,332:INFO:----------------------------------------------------------------------------------------------------
2019-10-24 09:37:40,204:INFO:----------------------------------------------------------------------------------------------------
2019-10-24 09:47:41,095:INFO:----------------------------------------------------------------------------------------------------
2019-10-24 09:57:42,023:INFO:----------------------------------------------------------------------------------------------------
2019-10-24 10:07:42,980:INFO:----------------------------------------------------------------------------------------------------
2019-10-24 10:17:43,782:INFO:----------------------------------------------------------------------------------------------------
2019-10-24 10:27:44,634:INFO:----------------------------------------------------------------------------------------------------
2019-10-24 10:37:45,430:INFO:----------------------------------------------------------------------------------------------------
2019-10-24 10:42:08,697:INFO:ДУГААРАА СОНГОЖ БУЙ ХЭСЭГ
2019-10-24 10:42:08,697:INFO:2
2019-10-24 10:42:34,655:INFO:98101152:6|98101185:6|98101241:6|98101279:6|98101289:6|98101291:6|98101328:6|98101329:6|98101341:6|98101359:6|98101372:6|98101375:6|98101376:6|98101386:6|98101396:6|98101397:6|98101419:6|98101437:6|98101439:6|98101450:6|98101481:6|98101495:6|98101537:6|98101538:6|98101541:6|98101552:6|98101563:6|98101564:6|98101569:6|98101601:6|98101602:6|98101605:6|98101608:6|98101609:6|98101613:6|98101621:6|98101622:6|98101623:6|98101624:6|98101625:6|98101627:6|98101628:6|98101629:6|98101630:6|98101631:6|98101632:6|98101633:6|98101634:6|98101635:6|98101636:6|98101637:6|98101638:6|98101639:6|98101640:6|98101641:6|98101642:6|98101643:6|98101645:6|98101647:6|98101648:6|98101649:6|98101651:6|98101652:6|98101653:6|98101654:6|98101655:6|98101657:6|98101658:6|98101659:6|98101662:6|98101664:6|98101665:6|98101667:6|98101668:6|98101670:6|98101671:6|98101672:6|98101673:6|98101674:6|98101675:6|98101676:6|98101677:6|98101678:6|98101679:6|98101681:6|98101682:6|98101683:6|98101685:6|98101686:6|98101687:6|98101689:6|98101690:6|98101691:6|98101692:6|98101694:6|98101695:6|98101696:6|98101697:6|98101700:6|98101701:6|98101702:6|98101703:6|98101704:6|98101705:6|98101706:6|98101707:6|98101708:6|98101709:6|98101711:6|98101712:6|98101713:6|98101714:6|98101715:6|98101718:6|98101719:6|98101720:6|98101721:6|98101722:6|98101723:6|98101724:6|98101725:6|98101726:6|98101728:6|98101729:6|98101730:6|98101731:6|98101732:6|98101733:6|98101734:6|98101735:6|98101736:6|98101737:6
2019-10-24 10:42:48,865:INFO:98101152:6|98101185:6|98101241:6|98101279:6|98101289:6|98101291:6|98101328:6|98101329:6|98101341:6|98101359:6|98101372:6|98101375:6|98101376:6|98101386:6|98101396:6|98101397:6|98101419:6|98101437:6|98101439:6|98101450:6|98101481:6|98101495:6|98101537:6|98101538:6|98101541:6|98101552:6|98101563:6|98101564:6|98101569:6|98101601:6|98101602:6|98101605:6|98101608:6|98101609:6|98101613:6|98101621:6|98101622:6|98101623:6|98101624:6|98101625:6|98101627:6|98101628:6|98101629:6|98101630:6|98101631:6|98101632:6|98101633:6|98101634:6|98101635:6|98101636:6|98101637:6|98101638:6|98101639:6|98101640:6|98101641:6|98101642:6|98101643:6|98101645:6|98101647:6|98101648:6|98101649:6|98101651:6|98101652:6|98101653:6|98101654:6|98101655:6|98101657:6|98101658:6|98101659:6|98101662:6|98101664:6|98101665:6|98101667:6|98101668:6|98101670:6|98101671:6|98101672:6|98101673:6|98101674:6|98101675:6|98101676:6|98101677:6|98101678:6|98101679:6|98101681:6|98101682:6|98101683:6|98101685:6|98101686:6|98101687:6|98101689:6|98101690:6|98101691:6|98101692:6|98101694:6|98101695:6|98101696:6|98101697:6|98101700:6|98101701:6|98101702:6|98101703:6|98101704:6|98101705:6|98101706:6|98101707:6|98101708:6|98101709:6|98101711:6|98101712:6|98101713:6|98101714:6|98101715:6|98101718:6|98101719:6|98101720:6|98101721:6|98101722:6|98101723:6|98101724:6|98101725:6|98101726:6|98101728:6|98101729:6|98101730:6|98101731:6|98101732:6|98101733:6|98101734:6|98101735:6|98101736:6|98101737:6
2019-10-24 10:42:53,128:INFO:98131021:6|98131032:6|98131034:6|98131041:6|98131046:6|98131048:6|98131050:6|98131054:6|98131056:6|98131057:6|98131059:6|98131065:6|98131067:6|98131071:6|98131073:6|98131074:6|98131076:6|98131077:6|98131078:6|98131079:6|98131086:6|98131087:6|98131091:6|98131092:6|98131093:6|98131096:6|98131097:6|98141023:6|98141035:6|98141037:6|98141038:6|98141039:6|98141048:6|98141052:6|98141053:6|98141057:6|98141059:6|98141061:6|98141064:6|98141065:6|98141068:6|98141075:6|98141076:6|98141077:6|98141081:6|98141083:6|98141085:6|98141086:6|98141087:6|98141093:6|98141096:6|98141097:6|98151034:6|98151036:6|98151039:6|98151044:6|98151046:6|98151047:6|98151053:6|98151054:6|98151062:6|98151064:6|98151065:6|98151067:6|98151071:6|98151074:6|98151078:6|98151079:6|98151082:6|98151083:6|98151084:6|98151085:6|98151086:6|98151087:6|98151093:6|98151096:6|98151097:6|98161034:6|98161037:6|98161042:6|98161045:6|98161049:6|98161051:6|98161053:6|98161054:6|98161057:6|98161059:6|98161062:6|98161065:6|98161067:6|98161068:6|98161072:6|98161074:6|98161075:6|98161078:6|98161084:6|98161087:6|98161091:6|98161093:6|98161096:6|98171026:6|98171038:6|98171039:6|98171041:6|98171042:6|98171045:6|98171047:6|98171049:6|98171053:6|98171057:6|98171059:6|98171061:6|98171062:6|98171065:6|98171069:6|98171072:6|98171073:6|98171075:6|98171078:6|98171081:6|98171082:6|98171084:6|98171086:6|98171092:6|98171096:6|98191037:6|98191052:6|98191053:6|98191054:6|98191056:6|98191057:6|98191058:6
2019-10-24 10:43:03,403:INFO:98131071:6|98131073:6|98131074:6|98131076:6|98131077:6|98131078:6|98131079:6|98141075:6|98141076:6|98141077:6|98151071:6|98151074:6|98151078:6|98151079:6|98161072:6|98161074:6|98161075:6|98161078:6|98171072:6|98171073:6|98171075:6|98171078:6
2019-10-24 10:43:16,783:INFO:98901055:6|98901274:6|98901325:6|98901342:6|98901349:6|98901351:6|98901354:6|98901356:6|98901359:6|98901362:6|98901364:6|98901365:6|98901367:6|98901368:6|98901370:6|98901372:6|98901376:6|98901387:6|98901406:6|98901452:6|98901453:6|98901457:6|98901458:6|98901461:6|98901462:6|98901463:6|98901467:6|98901468:6|98901469:6|98901472:6|98901473:6|98901476:6|98901483:6|98901484:6|98901486:6|98901493:6|98901495:6|98901501:6|98901510:6|98901523:6|98901524:6|98901526:6|98901529:6|98901534:6|98901537:6|98901538:6|98901539:6|98901541:6|98901542:6|98901543:6|98901546:6|98901549:6|98901561:6|98901564:6|98901567:6|98901568:6|98901571:6|98901573:6|98901574:6|98901576:6|98901578:6|98901583:6|98901584:6|98901586:6|98901587:6|98901593:6|98901594:6|98901598:6|98901619:6|98901621:6|98901623:6|98901624:6|98901629:6|98901631:6|98901635:6|98901637:6|98901638:6|98901641:6|98901642:6|98901643:6|98901646:6|98901647:6|98901648:6|98901651:6|98901652:6|98901653:6|98901657:6|98901659:6|98901673:6|98901682:6|98901684:6|98901685:6|98901687:6|98901689:6|98901692:6|98901693:6|98901695:6|98901697:6|98901701:6|98901702:6|98901703:6|98901704:6|98901706:6|98901713:6|98901715:6|98901721:6|98901723:6|98901724:6|98901725:6|98901726:6|98901727:6|98901728:6|98901730:6|98901731:6|98901732:6|98901734:6|98901735:6|98901736:6|98901738:6|98901741:6|98901742:6|98901743:6|98901746:6|98901747:6|98901748:6|98901749:6|98901751:6|98901752:6|98901753:6|98901756:6|98901758:6|98901759:6
2019-10-24 10:43:24,315:INFO:98901055:6|98911008:6|98911023:6|98911032:6|98911035:6|98911036:6|98911037:6|98911038:6|98911047:6|98911049:6|98911050:6|98911051:6|98911052:6|98911054:6|98911056:6|98911057:6|98911058:6|98911059:6|98911061:6|98911062:6|98911064:6|98911065:6|98911067:6|98911071:6|98911075:6|98911076:6|98911078:6|98911081:6|98911083:6|98911084:6|98911086:6|98911087:6|98911089:6|98911093:6|98911094:6|98921014:6|98921036:6|98921037:6|98921038:6|98921039:6|98921040:6|98921041:6|98921042:6|98921043:6|98921045:6|98921047:6|98921048:6|98921051:6|98921052:6|98921053:6|98921054:6|98921056:6|98921057:6|98921058:6|98921059:6|98921061:6|98921062:6|98921064:6|98921068:6|98921071:6|98921072:6|98921073:6|98921074:6|98921075:6|98921076:6|98921078:6|98921080:6|98921081:6|98921082:6|98921083:6|98921084:6|98921085:6|98921086:6|98921091:6|98921093:6|98921094:6|98921095:6|98921096:6|98921097:6|98931012:6|98931032:6|98931034:6|98931035:6|98931036:6|98931037:6|98931038:6|98931040:6|98931041:6|98931042:6|98931043:6|98931045:6|98931046:6|98931047:6|98931048:6|98931049:6|98931052:6|98931053:6|98931054:6|98931057:6|98931058:6|98931059:6|98931061:6|98931062:6|98931064:6|98931065:6|98931068:6|98931071:6|98931072:6|98931073:6|98931075:6|98931076:6|98931078:6|98931079:6|98931081:6|98931082:6|98931084:6|98931085:6|98931086:6|98931087:6|98931089:6|98931091:6|98931092:6|98931094:6|98931095:6|98931096:6|98931097:6|98941029:6|98941032:6|98941034:6|98941036:6|98941037:6|98941038:6
2019-10-24 10:44:13,579:INFO:83100004:6|83100006:6|83100010:6|83100011:7|83100012:6|83100013:6|83100015:6|83100016:6|83100019:6|83100022:7|83100023:6|83100024:6|83100025:6|83100026:6|83100027:6|83100028:6|83100029:6|83100030:6|83100031:6|83100032:6|83100033:7|83100034:6|83100035:6|83100036:6|83100037:6|83100038:6|83100039:6|83100041:6|83100042:6|83100044:7|83100045:6|83100046:6|83100047:6|83100048:6|83100049:6|83100050:6|83100051:6|83100053:6|83100054:6|83100055:7|83100056:6|83100057:6|83100058:6|83100059:6|83100060:6|83100061:6|83100062:6|83100063:6|83100064:6|83100065:6|83100066:7|83100067:6|83100068:6|83100069:6|83100070:6|83100071:6|83100072:6|83100073:6|83100074:6|83100075:6|83100076:6|83100077:7|83100078:6|83100081:6|83100082:6|83100084:6|83100085:6|83100086:6|83100087:6|83100088:7|83100089:6|83100091:6|83100092:6|83100093:6|83100094:6|83100095:6|83100096:6|83100097:6|83100098:6|83100099:7|83100102:6|83100103:6|83100105:6|83100106:6|83100110:9|83100113:6|83100114:6|83100115:6|83100117:6|83100119:6|83100120:6|83100121:6|83100122:6|83100124:6|83100125:6|83100129:6|83100130:6|83100131:6|83100132:6|83100133:6|83100134:6|83100135:6|83100136:6|83100137:6|83100139:6|83100140:6|83100141:6|83100142:6|83100143:6|83100144:6|83100145:6|83100146:6|83100147:6|83100148:6|83100150:6|83100151:6|83100152:6|83100153:6|83100154:6|83100155:6|83100156:6|83100157:6|83100158:6|83100159:6|83100160:6|83100161:6|83100162:6|83100163:6|83100164:6|83100165:6|83100167:6|83100168:6
2019-10-24 10:44:26,936:INFO:83101002:6|83101003:6|83101004:6|83101005:6|83101006:6|83101007:6|83101009:6|83101012:6|83101013:6|83101014:6|83101016:6|83101017:6|83101018:6|83101019:6|83101021:6|83101022:6|83101023:6|83101024:6|83101025:6|83101026:6|83101027:6|83101028:6|83101029:6|83101031:6|83101032:6|83101033:6|83101034:6|83101035:6|83101036:6|83101037:6|83101038:6|83101039:6|83101040:6|83101041:6|83101042:6|83101043:6|83101044:6|83101045:6|83101046:6|83101047:6|83101048:6|83101049:6|83101050:6|83101051:6|83101052:6|83101053:6|83101054:6|83101055:6|83101056:6|83101057:6|83101058:6|83101059:6|83101060:6|83101061:6|83101062:6|83101063:6|83101064:6|83101065:6|83101066:6|83101067:6|83101068:6|83101069:6|83101070:6|83101071:6|83101072:6|83101073:6|83101074:6|83101075:6|83101076:6|83101077:6|83101078:6|83101079:6|83101080:6|83101081:6|83101082:6|83101084:6|83101085:6|83101086:6|83101087:6|83101088:6|83101089:6|83101090:6|83101091:6|83101092:6|83101093:6|83101094:6|83101095:6|83101096:6|83101097:6|83101098:6|83101099:6|83101100:7|83101101:6|83101102:6|83101103:6|83101104:6|83101105:6|83101106:6|83101107:6|83101108:6|83101109:6|83101112:6|83101113:6|83101114:6|83101116:6|83101117:6|83101118:6|83101119:6|83101120:6|83101121:6|83101123:6|83101124:6|83101125:6|83101126:6|83101127:6|83101128:6|83101130:6|83101131:6|83101132:6|83101133:7|83101134:6|83101135:6|83101136:6|83101137:6|83101138:6|83101139:6|83101140:6|83101141:6|83101142:6|83101143:6|83101144:7|83101145:6
2019-10-24 10:44:40,927:INFO:83101002:6|83101003:6|83101004:6|83101005:6|83101006:6|83101007:6|83101009:6|83101012:6|83101013:6|83101014:6|83101016:6|83101017:6|83101018:6|83101019:6|83101021:6|83101022:6|83101023:6|83101024:6|83101025:6|83101026:6|83101027:6|83101028:6|83101029:6|83101031:6|83101032:6|83101033:6|83101034:6|83101035:6|83101036:6|83101037:6|83101038:6|83101039:6|83101040:6|83101041:6|83101042:6|83101043:6|83101044:6|83101045:6|83101046:6|83101047:6|83101048:6|83101049:6|83101050:6|83101051:6|83101052:6|83101053:6|83101054:6|83101055:6|83101056:6|83101057:6|83101058:6|83101059:6|83101060:6|83101061:6|83101062:6|83101063:6|83101064:6|83101065:6|83101066:6|83101067:6|83101068:6|83101069:6|83101070:6|83101071:6|83101072:6|83101073:6|83101074:6|83101075:6|83101076:6|83101077:6|83101078:6|83101079:6|83101080:6|83101081:6|83101082:6|83101084:6|83101085:6|83101086:6|83101087:6|83101088:6|83101089:6|83101090:6|83101091:6|83101092:6|83101093:6|83101094:6|83101095:6|83101096:6|83101097:6|83101098:6|83101099:6|83111003:6|83111004:6|83111005:6|83111006:6|83111007:6|83111008:6|83111009:6|83111012:6|83111013:6|83111014:6|83111015:6|83111016:6|83111017:6|83111018:6|83111019:6|83111021:6|83111022:6|83111023:6|83111024:6|83111025:6|83111026:6|83111027:6|83111028:6|83111029:6|83111030:6|83111031:6|83111032:6|83111033:6|83111034:6|83111035:6|83111036:6|83111037:6|83111038:6|83111039:6|83111040:6|83111041:6|83111042:6|83111043:6|83111044:6|83111045:6|83111046:6
2019-10-24 10:45:00,375:INFO:83121004:6|83121009:6|83121016:6|83121022:6|83121032:6|83121034:6|83121036:6|83121037:6|83121041:6|83121042:6|83121048:6|83121049:6|83121051:6|83121052:6|83121053:6|83121054:6|83121058:6|83121061:6|83121063:6|83121064:6|83121065:6|83121067:6|83121071:6|83121072:6|83121073:6|83121074:6|83121075:6|83121076:6|83121077:6|83121078:6|83121080:6|83121082:6|83121085:6|83121089:6|83121091:6|83121092:6|83121093:6|83121094:6|83121095:6|83121096:6|83121097:6
2019-10-24 10:45:10,970:INFO:83121071:6|83121072:6|83121073:6|83121074:6|83121075:6|83121076:6|83121077:6|83121078:6|83122070:6|83122071:6|83122072:6|83122073:6|83122074:6|83122075:6|83122076:6|83122078:6|83123071:6|83123072:6|83123075:6|83123076:6|83123077:6|83123078:6|83123079:6|83124071:6|83124072:6|83124073:6|83124074:6|83124075:6|83124076:6|83124077:6|83124078:6|83124079:6|83125070:6|83125071:6|83125072:6|83125073:6|83125074:6|83125075:6|83125076:6|83125077:6|83125078:6|83125079:6|83126071:6|83126072:6|83126073:6|83126074:6|83126075:6|83126077:6|83126078:6|83126079:6|83127071:6|83127072:6|83127074:6|83127075:6|83127076:6|83127078:6|83127079:6|83128070:6|83128071:6|83128072:6|83128073:6|83128075:6|83128076:6|83128077:6|83128078:6|83128079:6|83129071:6|83129072:6|83129073:6|83129074:6|83129075:6|83129076:6|83129077:6|83129079:6
2019-10-24 10:52:08,805:INFO:----------------------------------------------------------------------------------------------------
2019-10-24 11:02:09,622:INFO:----------------------------------------------------------------------------------------------------
2019-10-24 11:07:22,299:INFO:ДУГААРАА СОНГОЖ БУЙ ХЭСЭГ
2019-10-24 11:07:22,299:INFO:2
2019-10-24 11:07:22,392:WARNING:Not Found: /favicon.ico
2019-10-24 11:07:28,971:INFO:98100025:6|98100045:6|98100075:6|98100095:6|98100135:6|98100145:6|98100175:6|98100185:6|98100195:6|98100225:6|98100235:6|98100245:6|98100255:6|98100265:6|98100275:6|98100285:6|98100295:6|98100335:6|98100345:6|98100355:6|98100365:6|98100375:6|98100385:6|98100395:6|98100415:6|98100425:6|98100435:6|98100455:6|98100465:6|98100475:6|98100485:6|98100495:6|98100515:6|98100545:6|98100565:6|98100585:6|98100595:6|98100605:6|98100625:6|98100635:6|98100645:6|98100655:6|98100665:6|98100675:6|98100685:6|98100695:6|98100705:6|98100715:6|98100725:6|98100735:6|98100745:6|98100755:6|98100765:6|98100775:6|98100785:6|98100795:6|98100805:6|98100825:6|98100835:6|98100845:6|98100855:6|98100865:6|98100875:6|98100885:6|98100895:6|98100905:6|98100925:6|98100935:6|98100945:6|98100955:6|98100965:6|98100975:6|98100985:6|98100995:6|98101185:6|98101375:6|98101495:6|98101605:6|98101625:6|98101635:6|98101645:6|98101655:6|98101665:6|98101675:6|98101685:6|98101695:6|98101705:6|98101715:6|98101725:6|98101735:6|98101745:6|98101755:6|98101765:6|98101775:6|98101785:6|98101795:6|98101805:6|98101815:6|98101825:6|98101835:6|98101845:6|98101855:6|98101865:6|98101875:6|98101885:6|98101895:6|98101905:6|98101915:6|98101925:6|98101935:6|98101945:6|98101955:6|98101965:6|98101975:6|98101985:6|98101995:6|98102015:6|98102035:6|98102055:6|98102065:6|98102075:6|98102085:6|98102095:6|98102105:6|98102115:6|98102125:6|98102135:6|98102145:6|98102155:6|98102165:6|98102175:6|98102185:6
2019-10-24 11:07:34,038:INFO:98100025:6|98100045:6|98100075:6|98100095:6|98100135:6|98100145:6|98100175:6|98100185:6|98100195:6|98100225:6|98100235:6|98100245:6|98100255:6|98100265:6|98100275:6|98100285:6|98100295:6|98100335:6|98100345:6|98100355:6|98100365:6|98100375:6|98100385:6|98100395:6|98100415:6|98100425:6|98100435:6|98100455:6|98100465:6|98100475:6|98100485:6|98100495:6|98100515:6|98100545:6|98100565:6|98100585:6|98100595:6|98100605:6|98100625:6|98100635:6|98100645:6|98100655:6|98100665:6|98100675:6|98100685:6|98100695:6|98100705:6|98100715:6|98100725:6|98100735:6|98100745:6|98100755:6|98100765:6|98100775:6|98100785:6|98100795:6|98100805:6|98100825:6|98100835:6|98100845:6|98100855:6|98100865:6|98100875:6|98100885:6|98100895:6|98100905:6|98100925:6|98100935:6|98100945:6|98100955:6|98100965:6|98100975:6|98100985:6|98100995:6|98101185:6|98101375:6|98101495:6|98101605:6|98101625:6|98101635:6|98101645:6|98101655:6|98101665:6|98101675:6|98101685:6|98101695:6|98101705:6|98101715:6|98101725:6|98101735:6|98101745:6|98101755:6|98101765:6|98101775:6|98101785:6|98101795:6|98101805:6|98101815:6|98101825:6|98101835:6|98101845:6|98101855:6|98101865:6|98101875:6|98101885:6|98101895:6|98101905:6|98101915:6|98101925:6|98101935:6|98101945:6|98101955:6|98101965:6|98101975:6|98101985:6|98101995:6|98102015:6|98102035:6|98102055:6|98102065:6|98102075:6|98102085:6|98102095:6|98102105:6|98102115:6|98102125:6|98102135:6|98102145:6|98102155:6|98102165:6|98102175:6|98102185:6
2019-10-24 11:07:42,585:INFO:98120225:6|98121375:6|98121825:6|98122715:6|98122735:6|98122765:6|98122945:6|98122985:6|98123145:6|98123165:6|98123195:6|98123205:6|98123285:6|98123305:6|98123315:6|98123355:7|98123375:6|98123395:6|98123415:6|98123425:6|98123635:6|98123645:6|98123675:6|98124165:6|98124175:6|98124185:6|98124195:6|98124225:6|98124255:6|98124265:6|98124275:6|98124285:6|98124295:6|98124305:6|98124325:6|98124345:6|98124355:6|98124365:6|98124385:6|98124395:6|98124405:6|98124435:6|98124475:6|98124515:6|98124575:6|98124615:6|98124625:6|98124635:6|98124645:6|98124675:6|98124685:6|98124695:6|98124705:6|98124725:6|98124735:6|98124785:6|98124815:6|98124825:6|98124835:6|98124865:6|98124875:6|98124925:6|98124935:6|98124945:6|98124975:6|98124985:6|98124995:6|98125045:6|98125105:6|98125125:6|98125165:6|98125175:6|98125185:6|98125215:6|98125235:6|98125245:6|98125285:6|98125305:6|98125315:6|98125345:6|98125365:6|98125375:6|98125385:6|98125395:6|98125405:6|98125415:6|98125425:6|98125475:6|98125485:6|98125495:6|98125585:6|98125625:6|98125695:6|98125705:6|98125725:6|98125735:6|98125755:6|98125795:6|98125805:6|98125845:6|98125865:6|98125875:6|98125895:6|98125905:6|98125915:6|98125935:6|98125945:6|98125965:6|98125975:6|98125985:6|98126045:6|98126085:6|98126095:6|98126125:6|98126145:6|98126175:6|98126195:6|98126215:6|98126245:6|98126285:6|98126295:6|98126315:6|98126345:6|98126375:6|98126385:6|98126415:6|98126435:6|98126485:6|98126625:6|98126635:6|98126645:6|98126695:6
2019-10-24 11:07:54,775:INFO:98125045:6|98126045:6|98126085:6|98126095:6|98127015:6|98127035:6|98127045:6|98127085:6|98127095:6|98128005:6|98128065:6|98128075:6|98128095:6|98129035:6|98129065:6|98129075:6|98129085:6
2019-10-24 11:10:20,349:INFO:----------------------------------------------------------------------------------------------------
2019-10-24 11:10:20,944:INFO:ДУГААРАА СОНГОЖ БУЙ ХЭСЭГ
2019-10-24 11:10:20,944:INFO:2
2019-10-24 11:10:29,710:INFO:98020025:6|98020035:6|98020045:6|98020065:6|98020075:6|98020085:6|98021005:6|98021025:6|98021035:6|98021045:6|98021055:6|98021065:6|98021075:6|98021085:6|98021095:6|98022005:6|98022015:6|98022025:6|98022035:6|98022045:6|98022055:6|98022065:6|98022075:6|98022085:6|98022095:6|98023005:6|98023015:6|98023025:6|98023035:6|98023045:6|98023055:6|98023065:6|98023075:6|98023085:6|98023095:6|98024005:6|98024015:6|98024025:6|98024035:6|98024045:6|98024055:6|98024065:6|98024075:6|98024085:6|98024095:6|98025015:6|98025025:6|98025035:6|98025045:6|98025065:6|98025075:6|98025085:6|98025095:6|98026005:6|98026015:6|98026025:6|98026035:6|98026045:6|98026055:6|98026065:6|98026075:6|98026085:6|98026095:6|98027005:6|98027015:6|98027025:6|98027035:6|98027045:6|98027055:6|98027065:6|98027075:6|98027085:6|98027095:6|98028005:6|98028015:6|98028025:6|98028035:6|98028045:6|98028055:6|98028065:6|98028075:6|98028085:6|98028095:6|98029005:6|98029015:6|98029025:6|98029035:6|98029045:6|98029055:6|98029065:6|98029075:6|98029085:6|98029095:6|98125045:6|98126045:6|98126085:6|98126095:6|98127015:6|98127035:6|98127045:6|98127085:6|98127095:6|98128005:6|98128065:6|98128075:6|98128095:6|98129035:6|98129065:6|98129075:6|98129085:6|98221045:6|98221065:6|98223015:6|98223075:6|98223095:6|98224015:6|98224035:6|98224075:6|98224085:6|98224095:6|98225035:6|98225045:6|98225065:6|98225075:6|98225085:6|98226015:6|98226045:6|98226055:6|98226085:6|98226095:6|98227005:6|98227015:6
2019-10-24 11:10:45,552:INFO:98001015:6|98001045:6|98001055:6|98001065:6|98001075:6|98001085:6|98001095:6|98002015:6|98002035:6|98002045:6|98002055:6|98002065:6|98002075:6|98002085:6|98002095:6|98003015:6|98003025:6|98003045:6|98003055:6|98003065:6|98003085:6|98003095:6|98004005:6|98004015:6|98004025:6|98004035:6|98004045:6|98004055:6|98004065:6|98004075:6|98004085:6|98004095:6|98005025:6|98005035:6|98005045:6|98005065:6|98005075:6|98005085:6|98005095:6|98006005:6|98006015:6|98006025:6|98006035:6|98006045:6|98006055:6|98006065:6|98006075:6|98006085:6|98006095:6|98007015:6|98007025:6|98007035:6|98007045:6|98007055:6|98007065:6|98007075:6|98007085:6|98007095:6|98008015:6|98008025:6|98008035:6|98008045:6|98008055:6|98008065:6|98008075:6|98008095:6|98009015:6|98009035:6|98009045:6|98009055:6|98009065:6|98009075:6|98009085:6|98010065:6|98010075:6|98011005:6|98011015:6|98011035:6|98011055:6|98011065:6|98011075:6|98011085:6|98011095:6|98013005:6|98013015:6|98013025:6|98013035:6|98013055:6|98013065:6|98013075:6|98013085:6|98013095:6|98014005:6|98014015:6|98014025:6|98014035:6|98014045:6|98014055:6|98014065:6|98014075:6|98014085:6|98014095:6|98015015:6|98015025:6|98015035:6|98015045:6|98015065:6|98015075:6|98015085:6|98015095:6|98016005:6|98016015:6|98016025:6|98016035:6|98016045:6|98016055:6|98016065:6|98016075:6|98016085:6|98016095:6|98017005:6|98017015:6|98017025:6|98017035:6|98017045:6|98017055:6|98017065:6|98017075:6|98017085:6|98017095:6|98018015:6|98018025:6
2019-10-24 11:11:06,292:INFO:98100025:6|98100045:6|98100075:6|98100095:6|98102015:6|98102035:6|98102055:6|98102065:6|98102075:6|98102085:6|98102095:6|98103005:6|98103015:6|98103025:6|98103035:6|98103045:6|98103055:6|98103065:6|98103075:6|98103085:6|98103095:6|98104005:6|98104015:6|98104025:6|98104035:6|98104045:6|98104055:6|98104065:6|98104075:6|98104095:6|98105015:6|98105025:6|98105035:6|98105045:6|98105065:6|98105075:6|98105085:6|98105095:6|98106005:6|98106015:6|98106025:6|98106035:6|98106045:6|98106055:6|98106065:6|98106075:6|98106085:6|98106095:6|98107005:6|98107015:6|98107025:6|98107035:6|98107045:6|98107065:6|98107075:6|98107085:6|98107095:6|98108005:6|98108015:6|98108025:6|98108035:6|98108045:6|98108055:6|98108065:6|98108075:6|98108085:6|98108095:6|98109005:6|98109015:6|98109025:6|98109035:6|98109045:6|98109055:6|98109065:6|98109075:6|98109085:6|98109095:6|98113075:6|98114065:6|98114075:6|98116035:6|98116045:6|98117035:6|98117065:6|98118025:6|98118035:6|98118065:6|98119035:6|98125045:6|98126045:6|98126085:6|98126095:6|98127015:6|98127035:6|98127045:6|98127085:6|98127095:6|98128005:6|98128065:6|98128075:6|98128095:6|98129035:6|98129065:6|98129075:6|98129085:6|98131065:6|98132045:6|98132075:6|98132085:6|98133045:6|98133065:6|98133075:6|98134015:6|98134035:6|98134045:6|98134065:6|98134085:6|98135015:6|98135025:6|98135035:6|98135085:6|98135095:6|98136015:6|98136035:6|98136045:6|98136075:6|98137015:6|98137025:6|98137035:6|98137045:6|98137065:6|98137085:6
2019-10-24 11:11:28,171:INFO:98100025:6|98100045:6|98100075:6|98100095:6|98100135:6|98100145:6|98100175:6|98100185:6|98100195:6|98100225:6|98100235:6|98100245:6|98100255:6|98100265:6|98100275:6|98100285:6|98100295:6|98100335:6|98100345:6|98100355:6|98100365:6|98100375:6|98100385:6|98100395:6|98100415:6|98100425:6|98100435:6|98100455:6|98100465:6|98100475:6|98100485:6|98100495:6|98100515:6|98100545:6|98100565:6|98100585:6|98100595:6|98100605:6|98100625:6|98100635:6|98100645:6|98100655:6|98100665:6|98100675:6|98100685:6|98100695:6|98100705:6|98100715:6|98100725:6|98100735:6|98100745:6|98100755:6|98100765:6|98100775:6|98100785:6|98100795:6|98100805:6|98100825:6|98100835:6|98100845:6|98100855:6|98100865:6|98100875:6|98100885:6|98100895:6|98100905:6|98100925:6|98100935:6|98100945:6|98100955:6|98100965:6|98100975:6|98100985:6|98100995:6|98101185:6|98101375:6|98101495:6|98101605:6|98101625:6|98101635:6|98101645:6|98101655:6|98101665:6|98101675:6|98101685:6|98101695:6|98101705:6|98101715:6|98101725:6|98101735:6|98101745:6|98101755:6|98101765:6|98101775:6|98101785:6|98101795:6|98101805:6|98101815:6|98101825:6|98101835:6|98101845:6|98101855:6|98101865:6|98101875:6|98101885:6|98101895:6|98101905:6|98101915:6|98101925:6|98101935:6|98101945:6|98101955:6|98101965:6|98101975:6|98101985:6|98101995:6|98102015:6|98102035:6|98102055:6|98102065:6|98102075:6|98102085:6|98102095:6|98102105:6|98102115:6|98102125:6|98102135:6|98102145:6|98102155:6|98102165:6|98102175:6|98102185:6
2019-10-24 11:11:37,267:INFO:98131021:6|98131032:6|98131034:6|98131041:6|98131046:6|98131048:6|98131050:6|98131054:6|98131056:6|98131057:6|98131059:6|98131065:6|98131067:6|98131071:6|98131073:6|98131074:6|98131076:6|98131077:6|98131078:6|98131079:6|98131086:6|98131087:6|98131091:6|98131092:6|98131093:6|98131096:6|98131097:6|98141023:6|98141035:6|98141037:6|98141038:6|98141039:6|98141048:6|98141052:6|98141053:6|98141057:6|98141059:6|98141061:6|98141064:6|98141065:6|98141068:6|98141075:6|98141076:6|98141077:6|98141081:6|98141083:6|98141085:6|98141086:6|98141087:6|98141093:6|98141096:6|98141097:6|98151034:6|98151036:6|98151039:6|98151044:6|98151046:6|98151047:6|98151053:6|98151054:6|98151062:6|98151064:6|98151065:6|98151067:6|98151071:6|98151074:6|98151078:6|98151079:6|98151082:6|98151083:6|98151084:6|98151085:6|98151086:6|98151087:6|98151093:6|98151096:6|98151097:6|98161034:6|98161037:6|98161042:6|98161045:6|98161049:6|98161051:6|98161053:6|98161054:6|98161057:6|98161059:6|98161062:6|98161065:6|98161067:6|98161068:6|98161072:6|98161074:6|98161075:6|98161078:6|98161084:6|98161087:6|98161091:6|98161093:6|98161096:6|98171026:6|98171038:6|98171039:6|98171041:6|98171042:6|98171045:6|98171047:6|98171049:6|98171053:6|98171057:6|98171059:6|98171061:6|98171062:6|98171065:6|98171069:6|98171072:6|98171073:6|98171075:6|98171078:6|98171081:6|98171082:6|98171084:6|98171086:6|98171092:6|98171096:6|98191037:6|98191052:6|98191053:6|98191054:6|98191056:6|98191057:6|98191058:6
2019-10-24 11:11:56,460:INFO:98001075:6|98011075:6|98021075:6|98031075:6|98041075:6|98051075:6|98061075:6|98071075:6|98081075:6|98091075:6|98141075:6|98161075:6|98171075:6|98231075:6|98241075:6|98261075:6|98271075:6|98281075:6|98291075:6|98301075:6|98391075:6|98431075:6|98451075:6|98461075:6|98511075:6|98561075:6|98591075:6|98601075:6|98611075:6|98621075:6|98631075:6|98641075:6|98651075:6|98661075:6|98671075:6|98811075:6|98821075:6|98831075:6|98841075:6|98871075:6|98911075:6|98921075:6|98931075:6|98951075:6|98961075:6
2019-10-24 11:20:21,051:INFO:----------------------------------------------------------------------------------------------------
2019-10-24 11:30:21,875:INFO:----------------------------------------------------------------------------------------------------
2019-10-24 11:40:22,720:INFO:----------------------------------------------------------------------------------------------------
2019-10-24 11:50:23,526:INFO:----------------------------------------------------------------------------------------------------
2019-10-24 12:00:24,444:INFO:----------------------------------------------------------------------------------------------------
2019-10-24 12:10:25,318:INFO:----------------------------------------------------------------------------------------------------
2019-10-24 12:20:26,186:INFO:----------------------------------------------------------------------------------------------------
2019-10-24 12:30:27,096:INFO:----------------------------------------------------------------------------------------------------
2019-10-24 12:40:27,907:INFO:----------------------------------------------------------------------------------------------------
2019-10-24 12:50:28,813:INFO:----------------------------------------------------------------------------------------------------
2019-10-24 13:00:29,706:INFO:----------------------------------------------------------------------------------------------------
2019-10-24 13:10:30,588:INFO:----------------------------------------------------------------------------------------------------
2019-10-24 13:20:31,460:INFO:----------------------------------------------------------------------------------------------------
2019-10-24 13:30:32,328:INFO:----------------------------------------------------------------------------------------------------
2019-10-24 13:40:33,114:INFO:----------------------------------------------------------------------------------------------------
2019-10-24 13:50:34,012:INFO:----------------------------------------------------------------------------------------------------
2019-10-24 14:00:34,953:INFO:----------------------------------------------------------------------------------------------------
2019-10-24 14:10:35,848:INFO:----------------------------------------------------------------------------------------------------
2019-10-24 14:20:36,802:INFO:----------------------------------------------------------------------------------------------------
2019-10-24 14:30:37,653:INFO:----------------------------------------------------------------------------------------------------
2019-10-24 14:40:38,503:INFO:----------------------------------------------------------------------------------------------------
2019-10-24 14:50:39,413:INFO:----------------------------------------------------------------------------------------------------
2019-10-24 15:00:40,346:INFO:----------------------------------------------------------------------------------------------------
2019-10-24 15:10:41,265:INFO:----------------------------------------------------------------------------------------------------
2019-10-24 15:20:42,062:INFO:----------------------------------------------------------------------------------------------------
2019-10-24 15:30:43,391:INFO:----------------------------------------------------------------------------------------------------
2019-10-24 15:40:44,200:INFO:----------------------------------------------------------------------------------------------------
2019-10-24 15:50:45,098:INFO:----------------------------------------------------------------------------------------------------
2019-10-24 16:00:45,983:INFO:----------------------------------------------------------------------------------------------------
2019-10-24 16:10:46,901:INFO:----------------------------------------------------------------------------------------------------
2019-10-24 16:20:47,711:INFO:----------------------------------------------------------------------------------------------------
2019-10-24 16:30:48,519:INFO:----------------------------------------------------------------------------------------------------
2019-10-24 16:40:49,388:INFO:----------------------------------------------------------------------------------------------------
2019-10-24 16:50:50,292:INFO:----------------------------------------------------------------------------------------------------
2019-10-24 17:00:51,213:INFO:----------------------------------------------------------------------------------------------------
2019-10-24 17:10:52,049:INFO:----------------------------------------------------------------------------------------------------
2019-10-24 17:20:52,894:INFO:----------------------------------------------------------------------------------------------------
2019-10-24 17:30:53,710:INFO:----------------------------------------------------------------------------------------------------
2019-10-24 17:40:54,569:INFO:----------------------------------------------------------------------------------------------------
2019-10-24 17:50:55,457:INFO:----------------------------------------------------------------------------------------------------
2019-10-24 18:00:56,348:INFO:----------------------------------------------------------------------------------------------------
2019-10-24 18:10:57,207:INFO:----------------------------------------------------------------------------------------------------
2019-10-24 18:20:58,026:INFO:----------------------------------------------------------------------------------------------------
2019-10-24 18:30:58,885:INFO:----------------------------------------------------------------------------------------------------
2019-10-24 18:41:03,506:INFO:----------------------------------------------------------------------------------------------------
2019-10-24 18:51:04,372:INFO:----------------------------------------------------------------------------------------------------
2019-10-24 19:01:05,181:INFO:----------------------------------------------------------------------------------------------------
2019-10-24 19:11:06,075:INFO:----------------------------------------------------------------------------------------------------
2019-10-24 19:21:06,933:INFO:----------------------------------------------------------------------------------------------------
2019-10-24 19:31:07,730:INFO:----------------------------------------------------------------------------------------------------
2019-10-24 19:41:08,523:INFO:----------------------------------------------------------------------------------------------------
2019-10-24 19:51:09,443:INFO:----------------------------------------------------------------------------------------------------
2019-10-24 20:01:10,334:INFO:----------------------------------------------------------------------------------------------------
2019-10-24 20:11:11,272:INFO:----------------------------------------------------------------------------------------------------
2019-10-24 20:21:12,066:INFO:----------------------------------------------------------------------------------------------------
2019-10-24 20:31:12,944:INFO:----------------------------------------------------------------------------------------------------
2019-10-24 20:41:13,865:INFO:----------------------------------------------------------------------------------------------------
2019-10-24 20:51:14,667:INFO:----------------------------------------------------------------------------------------------------
2019-10-24 21:01:15,539:INFO:----------------------------------------------------------------------------------------------------
2019-10-24 21:11:16,473:INFO:----------------------------------------------------------------------------------------------------
2019-10-24 21:21:17,405:INFO:----------------------------------------------------------------------------------------------------
2019-10-24 21:31:18,348:INFO:----------------------------------------------------------------------------------------------------
2019-10-24 21:41:19,164:INFO:----------------------------------------------------------------------------------------------------
2019-10-24 21:51:20,065:INFO:----------------------------------------------------------------------------------------------------
2019-10-24 22:01:20,960:INFO:----------------------------------------------------------------------------------------------------
2019-10-24 22:11:21,855:INFO:----------------------------------------------------------------------------------------------------
2019-10-24 22:21:22,753:INFO:----------------------------------------------------------------------------------------------------
2019-10-24 22:31:23,707:INFO:----------------------------------------------------------------------------------------------------
2019-10-24 22:41:24,496:INFO:----------------------------------------------------------------------------------------------------
2019-10-24 22:51:25,414:INFO:----------------------------------------------------------------------------------------------------
2019-10-24 23:01:26,312:INFO:----------------------------------------------------------------------------------------------------
2019-10-24 23:11:27,144:INFO:----------------------------------------------------------------------------------------------------
2019-10-24 23:21:27,941:INFO:----------------------------------------------------------------------------------------------------
2019-10-24 23:31:28,721:INFO:----------------------------------------------------------------------------------------------------
2019-10-24 23:41:29,802:INFO:----------------------------------------------------------------------------------------------------
2019-10-24 23:51:30,760:INFO:----------------------------------------------------------------------------------------------------
2019-10-25 00:01:31,628:INFO:----------------------------------------------------------------------------------------------------
2019-10-25 00:11:32,549:INFO:----------------------------------------------------------------------------------------------------
2019-10-25 00:21:33,515:INFO:----------------------------------------------------------------------------------------------------
2019-10-25 00:31:34,390:INFO:----------------------------------------------------------------------------------------------------
2019-10-25 00:41:35,259:INFO:----------------------------------------------------------------------------------------------------
2019-10-25 00:51:36,082:INFO:----------------------------------------------------------------------------------------------------
2019-10-25 01:01:36,898:INFO:----------------------------------------------------------------------------------------------------
2019-10-25 01:11:37,772:INFO:----------------------------------------------------------------------------------------------------
2019-10-25 01:21:38,582:INFO:----------------------------------------------------------------------------------------------------
2019-10-25 01:31:39,443:INFO:----------------------------------------------------------------------------------------------------
2019-10-25 01:41:40,342:INFO:----------------------------------------------------------------------------------------------------
2019-10-25 01:51:41,255:INFO:----------------------------------------------------------------------------------------------------
2019-10-25 02:01:42,168:INFO:----------------------------------------------------------------------------------------------------
2019-10-25 02:11:43,048:INFO:----------------------------------------------------------------------------------------------------
2019-10-25 02:21:43,845:INFO:----------------------------------------------------------------------------------------------------
2019-10-25 02:31:44,704:INFO:----------------------------------------------------------------------------------------------------
2019-10-25 02:41:45,631:INFO:----------------------------------------------------------------------------------------------------
2019-10-25 02:51:46,513:INFO:----------------------------------------------------------------------------------------------------
2019-10-25 03:01:47,391:INFO:----------------------------------------------------------------------------------------------------
2019-10-25 03:11:48,275:INFO:----------------------------------------------------------------------------------------------------
2019-10-25 03:21:49,075:INFO:----------------------------------------------------------------------------------------------------
2019-10-25 03:31:49,877:INFO:----------------------------------------------------------------------------------------------------
2019-10-25 03:41:50,684:INFO:----------------------------------------------------------------------------------------------------
2019-10-25 03:51:51,555:INFO:----------------------------------------------------------------------------------------------------
2019-10-25 04:01:52,444:INFO:----------------------------------------------------------------------------------------------------
2019-10-25 04:11:53,326:INFO:----------------------------------------------------------------------------------------------------
2019-10-25 04:21:54,282:INFO:----------------------------------------------------------------------------------------------------
2019-10-25 04:31:55,094:INFO:----------------------------------------------------------------------------------------------------
2019-10-25 04:41:55,914:INFO:----------------------------------------------------------------------------------------------------
2019-10-25 04:51:56,760:INFO:----------------------------------------------------------------------------------------------------
2019-10-25 05:01:57,648:INFO:----------------------------------------------------------------------------------------------------
2019-10-25 05:11:58,539:INFO:----------------------------------------------------------------------------------------------------
2019-10-25 05:21:59,391:INFO:----------------------------------------------------------------------------------------------------
2019-10-25 05:32:00,220:INFO:----------------------------------------------------------------------------------------------------
2019-10-25 05:42:01,154:INFO:----------------------------------------------------------------------------------------------------
2019-10-25 05:52:02,058:INFO:----------------------------------------------------------------------------------------------------
2019-10-25 06:02:02,861:INFO:----------------------------------------------------------------------------------------------------
2019-10-25 06:12:03,779:INFO:----------------------------------------------------------------------------------------------------
2019-10-25 06:22:04,621:INFO:----------------------------------------------------------------------------------------------------
2019-10-25 06:32:05,431:INFO:----------------------------------------------------------------------------------------------------
2019-10-25 06:42:06,299:INFO:----------------------------------------------------------------------------------------------------
2019-10-25 06:52:07,174:INFO:----------------------------------------------------------------------------------------------------
2019-10-25 07:02:08,062:INFO:----------------------------------------------------------------------------------------------------
2019-10-25 07:12:08,904:INFO:----------------------------------------------------------------------------------------------------
2019-10-25 07:22:09,700:INFO:----------------------------------------------------------------------------------------------------
2019-10-25 07:32:10,496:INFO:----------------------------------------------------------------------------------------------------
2019-10-25 07:42:11,398:INFO:----------------------------------------------------------------------------------------------------
2019-10-25 07:52:12,279:INFO:----------------------------------------------------------------------------------------------------
2019-10-25 08:02:13,315:INFO:----------------------------------------------------------------------------------------------------
2019-10-25 08:12:14,111:INFO:----------------------------------------------------------------------------------------------------
2019-10-25 08:22:14,950:INFO:----------------------------------------------------------------------------------------------------
2019-10-25 08:32:15,788:INFO:----------------------------------------------------------------------------------------------------
2019-10-25 08:42:16,736:INFO:----------------------------------------------------------------------------------------------------
2019-10-25 08:52:17,673:INFO:----------------------------------------------------------------------------------------------------
2019-10-25 09:02:18,602:INFO:----------------------------------------------------------------------------------------------------
2019-10-25 09:12:19,398:INFO:----------------------------------------------------------------------------------------------------
2019-10-25 09:22:20,214:INFO:----------------------------------------------------------------------------------------------------
2019-10-25 09:32:21,151:INFO:----------------------------------------------------------------------------------------------------
2019-10-25 09:36:09,160:INFO:ДУГААРАА СОНГОЖ БУЙ ХЭСЭГ
2019-10-25 09:36:09,160:INFO:7
2019-10-25 09:36:15,911:INFO:98001002:6|98001012:6|98001014:6|98001015:6|98001017:6|98001023:6|98001026:6|98001029:6|98001031:6|98001032:6|98001034:6|98001037:6|98001038:6|98001040:6|98001041:6|98001042:6|98001043:6|98001045:6|98001046:6|98001047:6|98001048:6|98001049:6|98001050:6|98001051:6|98001052:6|98001053:6|98001054:6|98001055:6|98001056:6|98001057:6|98001058:6|98001059:6|98001061:6|98001062:6|98001063:6|98001064:6|98001065:6|98001066:6|98001067:6|98001068:6|98001069:6|98001071:6|98001072:6|98001073:6|98001074:6|98001075:6|98001076:6|98001077:6|98001078:6|98001079:6|98001082:6|98001083:6|98001084:6|98001085:6|98001086:6|98001087:6|98001091:6|98001092:6|98001093:6|98001094:6|98001095:6|98001096:6|98001097:6|98011005:6|98011006:6|98011014:6|98011015:6|98011016:6|98011021:6|98011024:6|98011027:6|98011029:6|98011032:6|98011033:6|98011034:6|98011035:6|98011036:6|98011037:6|98011038:6|98011039:6|98011040:6|98011041:6|98011042:6|98011043:6|98011044:6|98011046:6|98011047:6|98011048:6|98011049:6|98011050:6|98011051:6|98011052:6|98011053:6|98011054:6|98011055:6|98011056:6|98011057:6|98011058:6|98011059:6|98011060:6|98011061:6|98011062:6|98011063:6|98011064:6|98011065:6|98011066:6|98011067:6|98011069:6|98011070:6|98011071:6|98011072:6|98011073:6|98011074:6|98011075:6|98011076:6|98011077:6|98011078:6|98011079:6|98011080:6|98011081:6|98011082:6|98011083:6|98011084:6|98011085:6|98011086:6|98011087:6|98011092:6|98011093:6|98011094:6|98011095:6|98011096:6|98011097:6
2019-10-25 09:36:22,536:INFO:98001071:6|98001072:6|98001073:6|98001074:6|98001075:6|98001076:6|98001077:6|98001078:6|98001079:6|98011070:6|98011071:6|98011072:6|98011073:6|98011074:6|98011075:6|98011076:6|98011077:6|98011078:6|98011079:6|98021070:6|98021071:6|98021072:6|98021073:6|98021074:6|98021075:6|98021076:6|98021077:6|98021078:6|98021079:6|98031071:6|98031072:6|98031073:6|98031074:6|98031075:6|98031076:6|98031077:6|98031078:6|98031079:6|98041070:6|98041071:6|98041072:6|98041073:6|98041074:6|98041075:6|98041076:6|98041077:6|98041078:6|98041079:6|98051070:6|98051071:6|98051072:6|98051073:6|98051074:6|98051075:6|98051076:6|98051077:6|98051078:6|98051079:6|98061070:6|98061071:6|98061072:6|98061073:6|98061074:6|98061075:6|98061076:6|98061077:6|98061078:6|98061079:6|98071070:6|98071071:6|98071072:6|98071073:6|98071074:6|98071075:6|98071076:6|98071077:6|98071078:6|98071079:6|98081070:6|98081071:6|98081072:6|98081073:6|98081074:6|98081075:6|98081076:6|98081077:6|98081078:6|98081079:6|98091070:6|98091071:6|98091072:6|98091073:6|98091074:6|98091075:6|98091077:6|98091078:6|98091079:6|98131071:6|98131073:6|98131074:6|98131076:6|98131077:6|98131078:6|98131079:6|98141075:6|98141076:6|98141077:6|98151071:6|98151074:6|98151078:6|98151079:6|98161072:6|98161074:6|98161075:6|98161078:6|98171072:6|98171073:6|98171075:6|98171078:6|98201073:6|98211071:6|98211072:6|98211073:6|98221076:6|98231070:6|98231071:6|98231072:6|98231073:6|98231075:6|98231077:6|98231078:6|98231079:6
2019-10-25 09:36:27,990:INFO:98001075:6|98011075:6|98021075:6|98031075:6|98041075:6|98051075:6|98061075:6|98071075:6|98081075:6|98091075:6|98141075:6|98161075:6|98171075:6|98231075:6|98241075:6|98261075:6|98271075:6|98281075:6|98291075:6|98301075:6|98391075:6|98431075:6|98451075:6|98461075:6|98511075:6|98561075:6|98591075:6|98601075:6|98611075:6|98621075:6|98631075:6|98641075:6|98651075:6|98661075:6|98671075:6|98811075:6|98821075:6|98831075:6|98841075:6|98871075:6|98911075:6|98921075:6|98931075:6|98951075:6|98961075:6
2019-10-25 09:36:44,990:INFO:-1
2019-10-25 09:36:51,147:INFO:-1
2019-10-25 09:36:57,427:INFO:ДУГААРЫН ҮНЭ
2019-10-25 09:36:57,427:INFO:None
2019-10-25 09:36:58,647:INFO:ДУГААРАА СОНГОЖ БУЙ ХЭСЭГ
2019-10-25 09:36:58,647:INFO:7
2019-10-25 09:38:40,094:INFO:ДУГААРЫН ҮНЭ
2019-10-25 09:38:40,108:INFO:None
2019-10-25 09:38:41,250:INFO:ДУГААРАА СОНГОЖ БУЙ ХЭСЭГ
2019-10-25 09:38:41,250:INFO:7
2019-10-25 09:38:42,141:INFO:ДУГААРЫН ҮНЭ
2019-10-25 09:38:42,141:INFO:None
2019-10-25 09:38:45,141:INFO:ДУГААРАА СОНГОЖ БУЙ ХЭСЭГ
2019-10-25 09:38:45,141:INFO:7
2019-10-25 09:38:47,375:INFO:----------------------------------------------------------------------------------------------------
2019-10-25 09:38:48,203:INFO:ДУГААРАА СОНГОЖ БУЙ ХЭСЭГ
2019-10-25 09:38:48,203:INFO:2
2019-10-25 09:38:48,296:WARNING:Not Found: /favicon.ico
2019-10-25 09:38:48,984:INFO:ДУГААРЫН ҮНЭ
2019-10-25 09:38:48,984:INFO:5000
2019-10-25 09:38:49,937:INFO:ДУГААРАА СОНГОЖ БУЙ ХЭСЭГ
2019-10-25 09:38:49,937:INFO:2
2019-10-25 09:38:50,719:INFO:ДУГААРЫН ҮНЭ
2019-10-25 09:38:50,734:INFO:5000
2019-10-25 09:38:51,812:INFO:ДУГААРАА СОНГОЖ БУЙ ХЭСЭГ
2019-10-25 09:38:51,812:INFO:2
2019-10-25 09:38:52,828:INFO:ДУГААРЫН ҮНЭ
2019-10-25 09:38:52,844:INFO:5000
2019-10-25 09:38:53,786:INFO:ДУГААРАА СОНГОЖ БУЙ ХЭСЭГ
2019-10-25 09:38:53,786:INFO:2
2019-10-25 09:38:55,260:INFO:----------------------------------------------------------------------------------------------------
2019-10-25 09:39:50,517:INFO:ДУГААРАА СОНГОЖ БУЙ ХЭСЭГ
2019-10-25 09:39:50,517:INFO:2
2019-10-25 09:45:43,170:INFO:ДУГААРАА СОНГОЖ БУЙ ХЭСЭГ
2019-10-25 09:45:43,170:INFO:2
2019-10-25 09:45:43,967:WARNING:Not Found: /favicon.ico
2019-10-25 09:46:22,959:INFO:ДУГААРАА СОНГОЖ БУЙ ХЭСЭГ
2019-10-25 09:46:22,959:INFO:2
2019-10-25 09:46:23,318:WARNING:Not Found: /favicon.ico
2019-10-25 09:46:37,903:INFO:ДУГААРАА СОНГОЖ БУЙ ХЭСЭГ
2019-10-25 09:46:37,903:INFO:2
2019-10-25 09:46:38,341:WARNING:Not Found: /favicon.ico
2019-10-25 09:49:01,384:INFO:ДУГААРАА СОНГОЖ БУЙ ХЭСЭГ
2019-10-25 09:49:01,384:INFO:2
2019-10-25 09:49:01,789:WARNING:Not Found: /favicon.ico
2019-10-25 09:50:20,756:INFO:ДУГААРАА СОНГОЖ БУЙ ХЭСЭГ
2019-10-25 09:50:20,756:INFO:2
2019-10-25 09:50:21,177:WARNING:Not Found: /favicon.ico
2019-10-25 09:50:55,417:INFO:ДУГААРАА СОНГОЖ БУЙ ХЭСЭГ
2019-10-25 09:50:55,417:INFO:2
2019-10-25 09:51:41,388:INFO:ДУГААРАА СОНГОЖ БУЙ ХЭСЭГ
2019-10-25 09:51:41,388:INFO:2
2019-10-25 09:51:41,825:WARNING:Not Found: /favicon.ico
2019-10-25 09:51:58,779:INFO:ДУГААРАА СОНГОЖ БУЙ ХЭСЭГ
2019-10-25 09:51:58,779:INFO:2
2019-10-25 09:52:49,367:INFO:ДУГААРАА СОНГОЖ БУЙ ХЭСЭГ
2019-10-25 09:52:49,367:INFO:2
2019-10-25 09:52:49,788:WARNING:Not Found: /favicon.ico
2019-10-25 09:58:11,542:INFO:ДУГААРАА СОНГОЖ БУЙ ХЭСЭГ
2019-10-25 09:58:11,542:INFO:2
2019-10-25 09:58:13,994:INFO:ДУГААРАА СОНГОЖ БУЙ ХЭСЭГ
2019-10-25 09:58:13,994:INFO:2
2019-10-25 09:58:15,848:INFO:ДУГААРАА СОНГОЖ БУЙ ХЭСЭГ
2019-10-25 09:58:15,848:INFO:2
2019-10-25 09:58:34,086:INFO:ДУГААРАА СОНГОЖ БУЙ ХЭСЭГ
2019-10-25 09:58:34,101:INFO:2
2019-10-25 09:59:16,750:INFO:----------------------------------------------------------------------------------------------------
2019-10-25 09:59:17,469:INFO:ДУГААРАА СОНГОЖ БУЙ ХЭСЭГ
2019-10-25 09:59:17,469:INFO:2
2019-10-25 10:01:48,130:INFO:ДУГААРАА СОНГОЖ БУЙ ХЭСЭГ
2019-10-25 10:01:48,130:INFO:2
2019-10-25 10:02:21,233:INFO:ДУГААРАА СОНГОЖ БУЙ ХЭСЭГ
2019-10-25 10:02:21,233:INFO:2
2019-10-25 10:03:10,513:INFO:ДУГААРАА СОНГОЖ БУЙ ХЭСЭГ
2019-10-25 10:03:10,513:INFO:2
2019-10-25 10:03:58,963:INFO:ДУГААРАА СОНГОЖ БУЙ ХЭСЭГ
2019-10-25 10:03:58,963:INFO:2
2019-10-25 10:05:31,253:INFO:ДУГААРАА СОНГОЖ БУЙ ХЭСЭГ
2019-10-25 10:05:31,253:INFO:2
2019-10-25 10:05:49,288:INFO:ДУГААРАА СОНГОЖ БУЙ ХЭСЭГ
2019-10-25 10:05:49,288:INFO:2
2019-10-25 10:13:06,302:INFO:ДУГААРАА СОНГОЖ БУЙ ХЭСЭГ
2019-10-25 10:13:06,302:INFO:2
2019-10-25 10:13:19,974:INFO:ДУГААРАА СОНГОЖ БУЙ ХЭСЭГ
2019-10-25 10:13:19,974:INFO:2
2019-10-25 10:13:43,352:INFO:ДУГААРАА СОНГОЖ БУЙ ХЭСЭГ
2019-10-25 10:13:43,352:INFO:2
2019-10-25 10:13:52,974:INFO:ДУГААРАА СОНГОЖ БУЙ ХЭСЭГ
2019-10-25 10:13:52,974:INFO:2
2019-10-25 10:14:05,812:INFO:ДУГААРАА СОНГОЖ БУЙ ХЭСЭГ
2019-10-25 10:14:05,812:INFO:2
2019-10-25 10:14:40,796:INFO:ДУГААРАА СОНГОЖ БУЙ ХЭСЭГ
2019-10-25 10:14:40,796:INFO:2
2019-10-25 10:14:56,188:INFO:ДУГААРАА СОНГОЖ БУЙ ХЭСЭГ
2019-10-25 10:14:56,188:INFO:2
2019-10-25 10:16:29,971:INFO:ДУГААРАА СОНГОЖ БУЙ ХЭСЭГ
2019-10-25 10:16:29,971:INFO:2
2019-10-25 10:16:59,255:INFO:ДУГААРАА СОНГОЖ БУЙ ХЭСЭГ
2019-10-25 10:16:59,255:INFO:2
2019-10-25 10:19:23,280:INFO:ДУГААРАА СОНГОЖ БУЙ ХЭСЭГ
2019-10-25 10:19:23,280:INFO:2
2019-10-25 10:22:33,835:INFO:ДУГААРАА СОНГОЖ БУЙ ХЭСЭГ
2019-10-25 10:22:33,835:INFO:2
2019-10-25 10:23:11,030:INFO:ДУГААРАА СОНГОЖ БУЙ ХЭСЭГ
2019-10-25 10:23:11,030:INFO:2
2019-10-25 10:23:47,055:INFO:ДУГААРАА СОНГОЖ БУЙ ХЭСЭГ
2019-10-25 10:23:47,055:INFO:2
2019-10-25 10:24:18,259:INFO:ДУГААРАА СОНГОЖ БУЙ ХЭСЭГ
2019-10-25 10:24:18,259:INFO:2
2019-10-25 10:24:52,680:INFO:ДУГААРАА СОНГОЖ БУЙ ХЭСЭГ
2019-10-25 10:24:52,680:INFO:2
2019-10-25 10:25:16,884:INFO:ДУГААРАА СОНГОЖ БУЙ ХЭСЭГ
2019-10-25 10:25:16,884:INFO:2
2019-10-25 10:25:50,023:INFO:ДУГААРАА СОНГОЖ БУЙ ХЭСЭГ
2019-10-25 10:25:50,023:INFO:2
2019-10-25 10:25:59,367:INFO:ДУГААРАА СОНГОЖ БУЙ ХЭСЭГ
2019-10-25 10:25:59,367:INFO:2
2019-10-25 10:26:21,403:INFO:ДУГААРАА СОНГОЖ БУЙ ХЭСЭГ
2019-10-25 10:26:21,403:INFO:2
2019-10-25 10:27:19,834:INFO:ДУГААРАА СОНГОЖ БУЙ ХЭСЭГ
2019-10-25 10:27:19,834:INFO:2
2019-10-25 10:27:43,851:INFO:ДУГААРАА СОНГОЖ БУЙ ХЭСЭГ
2019-10-25 10:27:43,851:INFO:2
2019-10-25 10:27:59,569:INFO:ДУГААРАА СОНГОЖ БУЙ ХЭСЭГ
2019-10-25 10:27:59,569:INFO:2
2019-10-25 10:32:37,476:INFO:ДУГААРАА СОНГОЖ БУЙ ХЭСЭГ
2019-10-25 10:32:37,476:INFO:2
2019-10-25 10:33:12,793:INFO:ДУГААРАА СОНГОЖ БУЙ ХЭСЭГ
2019-10-25 10:33:12,793:INFO:2
2019-10-25 10:33:40,601:INFO:ДУГААРАА СОНГОЖ БУЙ ХЭСЭГ
2019-10-25 10:33:40,601:INFO:2
2019-10-25 10:37:11,661:INFO:ДУГААРАА СОНГОЖ БУЙ ХЭСЭГ
2019-10-25 10:37:11,661:INFO:2
2019-10-25 10:37:52,118:INFO:ДУГААРАА СОНГОЖ БУЙ ХЭСЭГ
2019-10-25 10:37:52,118:INFO:2
2019-10-25 10:39:28,257:INFO:ДУГААРАА СОНГОЖ БУЙ ХЭСЭГ
2019-10-25 10:39:28,257:INFO:2
2019-10-25 10:41:05,802:INFO:ДУГААРАА СОНГОЖ БУЙ ХЭСЭГ
2019-10-25 10:41:05,802:INFO:2
2019-10-25 10:41:59,480:INFO:ДУГААРАА СОНГОЖ БУЙ ХЭСЭГ
2019-10-25 10:41:59,480:INFO:2
2019-10-25 10:42:06,512:INFO:ДУГААРАА СОНГОЖ БУЙ ХЭСЭГ
2019-10-25 10:42:06,512:INFO:2
2019-10-25 10:42:20,236:INFO:ДУГААРАА СОНГОЖ БУЙ ХЭСЭГ
2019-10-25 10:42:20,236:INFO:2
2019-10-25 10:42:33,272:INFO:ДУГААРАА СОНГОЖ БУЙ ХЭСЭГ
2019-10-25 10:42:33,272:INFO:2
2019-10-25 10:42:46,974:INFO:ДУГААРАА СОНГОЖ БУЙ ХЭСЭГ
2019-10-25 10:42:46,974:INFO:2
2019-10-25 10:45:14,211:INFO:-1
2019-10-25 10:45:25,572:INFO:97100013:6|97100014:6|97100015:6|97100016:6|97100018:6|97100019:6|97100021:6|97100022:7|97100023:6|97100024:6|97100025:6|97100026:6|97100027:6|97100028:6|97100029:6|97100061:6|97100062:6|97100063:6|97100064:6|97100065:6|97100067:6|97100068:6|97100069:6|97100071:6|97100072:6|97100073:6|97100074:6|97100075:6|97100076:6|97100078:6|97100080:6|97100081:6|97100082:6|97100083:6|97100084:6|97100085:6|97100086:6|97100087:6|97100089:6|97100090:6|97100091:6|97100092:6|97100093:6|97100094:6|97100095:6|97100096:6|97100097:6|97100098:6|97100103:6|97100104:6|97100105:6|97100106:6|97100107:6|97100112:6|97100113:6|97100114:6|97100115:6|97100116:6|97100117:6|97100118:6|97100119:6|97100120:6|97100121:6|97100122:6|97100124:6|97100125:6|97100126:6|97100127:6|97100128:6|97100129:6|97100140:6|97100141:6|97100143:6|97100144:6|97100145:6|97100146:6|97100147:6|97100148:6|97100149:6|97100170:6|97100171:6|97100172:6|97100173:6|97100174:6|97100175:6|97100176:6|97100177:6|97100178:6|97100180:6|97100182:6|97100183:6|97100184:6|97100185:6|97100186:6|97100187:6|97100188:6|97100189:6|97100201:6|97100203:6|97100204:6|97100206:6|97100207:6|97100208:6|97100209:6|97100210:6|97100211:6|97100213:6|97100214:6|97100215:6|97100216:6|97100217:6|97100218:6|97100302:6|97100304:6|97100305:6|97100306:6|97100308:6|97100309:6|97100400:6|97100401:6|97100402:6|97100403:6|97100405:6|97100406:6|97100407:6|97100408:6|97100409:6|97100410:6|97100411:6|97100412:6|97100413:6|97100414:6
2019-10-25 10:45:38,213:INFO:97120026:6|97120033:7|97120034:6|97120041:6|97120044:7|97120049:6|97120051:6|97120053:6|97120054:6|97120055:7|97120057:6|97120059:6|97120061:6|97120066:7|97120073:6|97120077:7|97120083:6|97120086:6|97120088:7|97120094:6|97120109:6|97120113:6|97120124:6|97120126:6|97120128:6|97120134:6|97120135:6|97120136:6|97120139:6|97120140:6|97120141:6|97120142:6|97120146:6|97120149:6|97120152:6|97120153:6|97120154:6|97120156:6|97120157:6|97120158:6|97120164:6|97120169:6|97120173:6|97120174:6|97120176:6|97120178:6|97120183:6|97120184:6|97120185:6|97120186:6|97120191:6|97120200:6|97120205:6|97120216:6|97120219:6|97120230:6|97120232:6|97120235:6|97120236:6|97120237:6|97120238:6|97120239:6|97120241:6|97120243:6|97120246:6|97120248:6|97120249:6|97120250:6|97120253:6|97120259:6|97120261:6|97120262:6|97120263:6|97120267:6|97120269:6|97120274:6|97120275:6|97120279:6|97120282:6|97120284:6|97120285:6|97120291:6|97120292:6|97120293:6|97120294:6|97120295:6|97120303:9|97120316:6|97120319:6|97120321:6|97120323:6|97120324:6|97120328:6|97120329:6|97120331:6|97120334:6|97120335:6|97120337:6|97120339:6|97120341:6|97120342:6|97120343:6|97120344:6|97120345:6|97120349:6|97120350:6|97120353:6|97120354:6|97120357:6|97120358:6|97120360:6|97120362:6|97120363:6|97120364:6|97120365:6|97120369:6|97120371:6|97120373:6|97120375:6|97120376:6|97120377:6|97120379:6|97120380:6|97120381:6|97120382:6|97120383:6|97120385:6|97120386:6|97120387:6|97120388:6|97120389:6|97120391:6
2019-10-25 10:46:01,637:INFO:97020012:6|97020032:6|97020042:6|97020052:6|97020072:6|97020082:6|97020092:6|97020112:6|97020122:6|97020132:6|97020142:6|97020152:6|97020162:6|97020172:6|97020182:6|97020192:6|97020242:6|97020252:6|97020282:6|97020292:6|97020302:6|97020322:6|97020332:6|97020342:6|97020352:6|97020362:6|97020372:6|97020382:6|97020392:6|97020402:6|97020412:6|97020422:6|97020432:6|97020442:6|97020452:6|97020462:6|97020472:6|97020482:6|97020492:6|97020502:6|97020512:6|97020522:6|97020532:6|97020542:6|97020552:6|97020562:6|97020572:6|97020582:6|97020592:6|97020602:6|97020612:6|97020622:6|97020632:6|97020642:6|97020652:6|97020662:6|97020672:6|97020682:6|97020692:6|97020712:6|97020722:6|97020732:6|97020742:6|97020752:6|97020762:6|97020772:6|97020782:6|97020792:6|97020812:6|97020822:6|97020832:6|97020842:6|97020852:6|97020862:6|97020872:6|97020882:6|97020892:6|97020902:6|97020912:6|97020922:6|97020932:6|97020942:6|97020952:6|97020962:6|97020972:6|97020982:6|97020992:6|97021012:6|97021022:6|97021032:6|97021042:6|97021052:6|97021062:6|97021072:6|97021082:6|97021092:6|97021102:6|97021112:6|97021122:7|97021132:6|97021142:6|97021152:6|97021162:6|97021172:6|97021182:6|97021192:6|97021202:6|97021222:6|97021232:6|97021242:6|97021252:6|97021262:6|97021272:6|97021282:6|97021292:6|97021302:6|97021312:6|97021322:6|97021332:6|97021342:6|97021352:6|97021362:6|97021372:6|97021382:6|97021392:6|97021402:6|97021412:6|97021422:6|97021432:6|97021442:6|97021452:6|97021462:6
2019-10-25 10:47:21,823:INFO:97020242:6|97020252:6|97020282:6|97020292:6|97021202:6|97021222:6|97021232:6|97021242:6|97021252:6|97021262:6|97021272:6|97021282:6|97021292:6|97022212:6|97022232:6|97022242:6|97022252:6|97022262:6|97022272:6|97022282:6|97022292:6|97023202:6|97023212:6|97023222:6|97023232:9|97023252:6|97023272:6|97023282:6|97024202:6|97024212:6|97024222:6|97024232:6|97024242:9|97024252:6|97024262:6|97024272:6|97024282:6|97024292:6|97025202:6|97025212:6|97025222:6|97025232:6|97025242:6|97025252:9|97025262:6|97025272:6|97025282:6|97025292:6|97026202:6|97026212:6|97026222:6|97026232:6|97026242:6|97026252:6|97026262:9|97026272:6|97026282:6|97026292:6|97027202:6|97027212:6|97027222:6|97027232:6|97027242:6|97027252:6|97027262:6|97027272:9|97027282:6|97027292:6|97028202:6|97028212:6|97028222:6|97028232:6|97028242:6|97028252:6|97028262:6|97028272:6|97028282:9|97028292:6|97029202:6|97029212:6|97029222:6|97029232:6|97029242:6|97029252:6|97029262:6|97029272:6|97029282:6|97029292:9|97120232:6|97120262:6|97120282:6|97120292:6|97121252:6|97122252:6|97122262:6|97122272:6|97122282:6|97123202:6|97123242:6|97123252:6|97123262:6|97123272:6|97123292:6|97124202:6|97124212:6|97124232:6|97124252:6|97124272:6|97124292:6|97125202:6|97125232:6|97125242:6|97125262:6|97125272:6|97125282:6|97125292:6|97126202:6|97126232:6|97126242:6|97126252:6|97126262:9|97126272:6|97126282:6|97126292:6|97127202:6|97127232:6|97127242:6|97127252:6|97127262:6|97127282:6|97127292:6|97128202:6
2019-10-25 10:48:07,263:INFO:97070747:6|97071737:6|97071747:6|97071757:6|97071767:6|97072707:6|97072717:6|97072747:6|97072757:6|97072767:6|97072787:6|97072797:6|97073707:6|97073717:6|97073727:6|97073747:6|97073757:6|97073767:6|97073787:6|97073797:6|97074727:6|97074737:6|97074757:6|97074767:6|97074787:6|97074797:6|97075707:6|97075717:6|97075727:6|97075737:6|97075747:6|97075767:6|97075787:6|97075797:6|97076707:6|97076717:6|97076727:6|97076737:6|97076747:6|97076757:6|97076787:6|97076797:6|97077737:6|97077747:6|97077757:6|97077787:6|97078707:6|97078717:6|97078727:6|97078737:6|97078747:6|97078757:6|97078767:6|97078797:6|97079757:6|97079787:6|97172747:6|97172767:6|97173787:6|97174737:6|97174767:6|97174797:6|97175727:6|97176727:6|97176737:6|97176747:6|97178737:6|97178757:6|97178767:6
2019-10-25 10:48:30,062:INFO:-1
2019-10-25 10:48:43,562:INFO:-1
2019-10-25 10:49:45,690:INFO:97070747:6|97071737:6|97071747:6|97071757:6|97071767:6|97072707:6|97072717:6|97072747:6|97072757:6|97072767:6|97072787:6|97072797:6|97073707:6|97073717:6|97073727:6|97073747:6|97073757:6|97073767:6|97073787:6|97073797:6|97074727:6|97074737:6|97074757:6|97074767:6|97074787:6|97074797:6|97075707:6|97075717:6|97075727:6|97075737:6|97075747:6|97075767:6|97075787:6|97075797:6|97076707:6|97076717:6|97076727:6|97076737:6|97076747:6|97076757:6|97076787:6|97076797:6|97077737:6|97077747:6|97077757:6|97077787:6|97078707:6|97078717:6|97078727:6|97078737:6|97078747:6|97078757:6|97078767:6|97078797:6|97079757:6|97079787:6|97172747:6|97172767:6|97173787:6|97174737:6|97174767:6|97174797:6|97175727:6|97176727:6|97176737:6|97176747:6|97178737:6|97178757:6|97178767:6
2019-10-25 10:49:50,908:INFO:93070727:6|93070737:6|93070757:6|93070767:6|93070787:6|93071707:6|93071717:9|93071727:6|93071737:6|93071747:6|93071757:6|93071767:6|93071787:6|93071797:6|93072707:6|93072717:6|93072727:9|93072737:6|93072747:6|93072757:6|93072767:6|93072777:6|93072787:6|93072797:6|93073717:6|93073727:6|93073747:6|93073757:6|93073767:6|93073777:6|93073787:6|93073797:6|93074707:6|93074717:6|93074727:6|93074737:6|93074767:6|93074787:6|93074797:6|93075707:6|93075727:6|93075737:6|93075747:6|93075757:9|93075767:6|93075787:6|93075797:6|93076707:6|93076717:6|93076727:6|93076737:6|93076747:6|93076757:6|93076767:9|93076777:6|93076787:6|93076797:6|93077717:6|93077727:6|93077737:6|93077747:6|93077757:6|93077767:6|93077787:6|93077797:6|93078717:6|93078727:6|93078737:6|93078747:6|93078757:6|93078767:6|93078777:6|93078787:9|93078797:6|93079707:6|93079717:6|93079727:6|93079737:6|93079747:6|93079757:6|93079767:6|93079777:6|93079797:9|93170737:6|93170757:6|93170797:6|93172757:6|93172767:6|93172787:6|93172797:6|93173707:6|93173727:6|93173747:6|93173767:6|93173787:6|93173797:6|93174707:6|93174717:6|93174727:6|93174737:6|93174797:6|93175707:6|93175717:6|93175737:6|93175747:6|93175777:6|93175787:6|93175797:6|93176707:6|93176717:6|93176727:6|93176737:6|93176747:6|93176757:6|93176797:6|93177727:6|93177747:6|93177757:6|93178707:6|93178727:6|93178737:6|93178747:6|93178757:6|93178767:6|93178777:6|93179707:6|93179727:6|93179737:6|93179747:6|93179757:6|93179767:6|93179787:6
2019-10-25 10:49:59,596:INFO:98070737:6|98070747:6|98070757:6|98070767:6|98071707:6|98071727:6|98071737:6|98071747:6|98071757:6|98071767:6|98071787:6|98072707:6|98072717:6|98072727:9|98072737:6|98072747:6|98072757:6|98072767:6|98072787:6|98072797:6|98073707:6|98073717:6|98073727:6|98073747:6|98073757:6|98073767:6|98073787:6|98073797:6|98074707:6|98074717:6|98074727:6|98074737:6|98074757:6|98074777:6|98074787:6|98074797:6|98075707:6|98075717:6|98075727:6|98075737:6|98075747:6|98075767:6|98075787:6|98075797:6|98076707:6|98076717:6|98076727:6|98076737:6|98076747:6|98076757:6|98076787:6|98076797:6|98077727:6|98077737:6|98077747:6|98077757:6|98077797:6|98078707:6|98078717:6|98078727:6|98078737:6|98078747:6|98078777:6|98078797:6|98079707:6|98079717:6|98079727:6|98079737:6|98079747:6|98079757:6|98079767:6|98079787:6|98173767:6|98174757:6|98175747:6|98176707:6|98176757:6|98178727:6|98178757:6|98179747:6|98270757:6|98271757:6|98273767:6|98274717:6|98274737:6|98275707:6|98275747:6|98275797:6|98276707:6|98276747:6|98276757:6|98277707:6|98278717:6|98278737:6|98278747:6|98278757:6|98279737:6|98279747:6|98279757:6|98470757:6|98470787:6|98471767:6|98471787:6|98471797:6|98472747:6|98472757:6|98472797:6|98473707:6|98473717:6|98473757:6|98474727:6|98475707:6|98475747:6|98475797:6|98476707:6|98476747:6|98476757:6|98476797:6|98477717:6|98477727:6|98478737:6|98478747:6|98478757:6|98479717:6|98479737:6|98479747:6|98479787:6|98570707:9|98570717:6|98570727:6|98570737:6|98570747:6
2019-10-25 10:50:09,566:INFO:-1
2019-10-25 10:50:16,164:INFO:98470757:6|98470787:6|98471767:6|98471787:6|98471797:6|98472747:6|98472757:6|98472797:6|98473707:6|98473717:6|98473757:6|98474727:6|98475707:6|98475747:6|98475797:6|98476707:6|98476747:6|98476757:6|98476797:6|98477717:6|98477727:6|98478737:6|98478747:6|98478757:6|98479717:6|98479737:6|98479747:6|98479787:6
2019-10-25 10:50:21,617:INFO:98570707:9|98570717:6|98570727:6|98570737:6|98570747:6|98570757:6|98570767:6|98570777:6|98570787:6|98570797:6|98571707:6|98571717:9|98571727:6|98571737:6|98571747:6|98571757:6|98571767:6|98571777:6|98571787:6|98571797:6|98572707:6|98572717:6|98572727:9|98572737:6|98572747:6|98572757:6|98572767:6|98572777:6|98572787:6|98572797:6|98573707:6|98573717:6|98573727:6|98573737:9|98573747:6|98573757:6|98573767:6|98573777:6|98573787:6|98573797:6|98578707:6|98578717:6|98578727:6|98578737:6|98578747:6|98578757:6|98578767:6|98578777:6|98578787:9|98578797:6
2019-10-25 10:50:55,838:INFO:98670737:6|98670747:6|98671707:6|98671727:6|98671757:6|98671767:6|98671787:6|98671797:6|98672797:6|98673707:6|98673747:6|98673797:6|98674717:6|98674737:6|98674757:6|98674767:6|98675707:6|98675717:6|98675737:6|98675797:6|98676727:6|98677727:6|98677737:6|98678727:6|98678737:6|98678747:6|98678757:6|98679707:6|98679727:6|98679737:6|98679747:6
2019-10-25 10:51:45,009:INFO:ДУГААРЫН ҮНЭ
2019-10-25 10:51:45,009:INFO:5000
2019-10-25 10:51:45,914:INFO:ДУГААРАА СОНГОЖ БУЙ ХЭСЭГ
2019-10-25 10:51:45,914:INFO:2
2019-10-25 10:52:06,415:INFO:98082818:6|98083818:6|98083828:6|98083868:6|98083878:6|98084828:6|98084838:6|98084858:6|98084868:6|98084898:6|98085818:6|98085828:6|98085838:6|98085848:6|98085878:6|98086818:6|98086828:6|98086838:6|98086848:6|98086858:6|98087818:6|98087828:6|98087838:6|98087858:6|98087868:6|98089848:6|98089878:6|98287838:6|98385828:6|98387858:6|98480838:6|98481848:6|98481858:6|98482818:6|98483818:6|98485818:6|98486808:6|98486818:6|98487858:6|98580888:6|98585818:6|98586898:6
2019-10-25 10:52:17,822:INFO:----------------------------------------------------------------------------------------------------
2019-10-25 10:52:18,776:INFO:ДУГААРАА СОНГОЖ БУЙ ХЭСЭГ
2019-10-25 10:52:18,776:INFO:7
2019-10-25 10:52:26,058:INFO:98082818:6|98083818:6|98083828:6|98083868:6|98083878:6|98084828:6|98084838:6|98084858:6|98084868:6|98084898:6|98085818:6|98085828:6|98085838:6|98085848:6|98085878:6|98086818:6|98086828:6|98086838:6|98086848:6|98086858:6|98087818:6|98087828:6|98087838:6|98087858:6|98087868:6|98089848:6|98089878:6|98287838:6|98385828:6|98387858:6|98480838:6|98481848:6|98481858:6|98482818:6|98483818:6|98485818:6|98486808:6|98486818:6|98487858:6|98580888:6|98585818:6|98586898:6
2019-10-25 10:52:30,526:INFO:ДУГААРЫН ҮНЭ
2019-10-25 10:52:30,526:INFO:None
2019-10-25 10:52:31,698:INFO:ДУГААРАА СОНГОЖ БУЙ ХЭСЭГ
2019-10-25 10:52:31,698:INFO:7
2019-10-25 10:52:38,276:INFO:98082818:6|98083818:6|98083828:6|98083868:6|98083878:6|98084828:6|98084838:6|98084858:6|98084868:6|98084898:6|98085818:6|98085828:6|98085838:6|98085848:6|98085878:6|98086818:6|98086828:6|98086838:6|98086848:6|98086858:6|98087818:6|98087828:6|98087838:6|98087858:6|98087868:6|98089848:6|98089878:6|98287838:6|98385828:6|98387858:6|98480838:6|98481848:6|98481858:6|98482818:6|98483818:6|98485818:6|98486808:6|98486818:6|98487858:6|98580888:6|98585818:6|98586898:6
2019-10-25 10:52:47,940:INFO:ДУГААРЫН ҮНЭ
2019-10-25 10:52:47,956:INFO:None
2019-10-25 10:52:48,846:INFO:ДУГААРАА СОНГОЖ БУЙ ХЭСЭГ
2019-10-25 10:52:48,846:INFO:7
2019-10-25 10:52:55,003:INFO:98082818:6|98083818:6|98083828:6|98083868:6|98083878:6|98084828:6|98084838:6|98084858:6|98084868:6|98084898:6|98085818:6|98085828:6|98085838:6|98085848:6|98085878:6|98086818:6|98086828:6|98086838:6|98086848:6|98086858:6|98087818:6|98087828:6|98087838:6|98087858:6|98087868:6|98089848:6|98089878:6|98287838:6|98385828:6|98387858:6|98480838:6|98481848:6|98481858:6|98482818:6|98483818:6|98485818:6|98486808:6|98486818:6|98487858:6|98580888:6|98585818:6|98586898:6
2019-10-25 10:53:02,051:INFO:----------------------------------------------------------------------------------------------------
2019-10-25 10:53:02,987:INFO:ДУГААРАА СОНГОЖ БУЙ ХЭСЭГ
2019-10-25 10:53:02,987:INFO:2
2019-10-25 10:53:03,957:INFO:ДУГААРЫН ҮНЭ
2019-10-25 10:53:03,973:INFO:5000
2019-10-25 10:53:05,160:INFO:ДУГААРАА СОНГОЖ БУЙ ХЭСЭГ
2019-10-25 10:53:05,160:INFO:2
2019-10-25 10:53:28,568:INFO:98000135:6|98000143:6|98000146:6|98000149:6|98000152:6|98000153:6|98000154:6|98000163:6|98000164:6|98000165:6|98000167:6|98000169:6|98000172:6|98000173:6|98000174:6|98000175:6|98000176:6|98000182:6|98000184:6|98000187:6|98000193:6|98000194:6|98000231:6|98000234:6|98000235:6|98000236:6|98000237:6|98000238:6|98000239:6|98000241:6|98000243:6|98000245:6|98000248:6|98000251:6|98000252:6|98000253:6|98000254:6|98000257:6|98000259:6|98000261:6|98000262:6|98000263:6|98000264:6|98000267:6|98000268:6|98000269:6|98000271:6|98000272:6|98000273:6|98000274:6|98000275:6|98000276:6|98000277:6|98000278:6|98000279:6|98000281:6|98000282:6|98000283:6|98000284:6|98000286:6|98000287:6|98000291:6|98000292:6|98000293:6|98000295:6|98000296:6|98000297:6|98000319:6|98000323:6|98000324:6|98000328:6|98000329:6|98000336:6|98000337:6|98000340:6|98000341:6|98000342:6|98000345:6|98000346:6|98000347:6|98000348:6|98000349:6|98000350:6|98000352:6|98000354:6|98000356:6|98000357:6|98000358:6|98000359:6|98000360:6|98000361:6|98000362:6|98000363:6|98000364:6|98000365:6|98000367:6|98000368:6|98000370:6|98000371:6|98000372:6|98000373:6|98000374:6|98000375:6|98000376:6|98000377:6|98000378:6|98000379:6|98000380:6|98000382:6|98000383:6|98000384:6|98000385:6|98000386:6|98000392:6|98000393:6|98000394:6|98000395:6|98000396:6|98000397:6|98000412:6|98000417:6|98000418:6|98000419:6|98000420:6|98000422:6|98000423:6|98000425:6|98000426:6|98000427:6|98000429:6|98000430:6|98000431:6
2019-10-25 10:53:44,709:INFO:98100024:6|98100025:6|98100032:6|98100037:6|98100042:6|98100045:6|98100046:6|98100047:6|98100051:6|98100052:6|98100053:6|98100054:6|98100056:6|98100057:6|98100059:6|98100061:6|98100062:6|98100063:6|98100064:6|98100067:6|98100071:6|98100072:6|98100075:6|98100079:6|98100082:6|98100083:6|98100084:6|98100092:6|98100094:6|98100095:6|98100116:6|98100120:6|98100124:6|98100126:6|98100127:6|98100132:6|98100134:6|98100135:6|98100136:6|98100137:6|98100138:6|98100139:6|98100140:6|98100141:6|98100142:6|98100145:6|98100146:6|98100147:6|98100149:6|98100150:6|98100151:6|98100152:6|98100153:6|98100154:6|98100156:6|98100157:6|98100158:6|98100159:6|98100160:6|98100162:6|98100164:6|98100167:6|98100168:6|98100169:6|98100170:6|98100171:6|98100172:6|98100173:6|98100174:6|98100175:6|98100176:6|98100179:6|98100182:6|98100183:6|98100184:6|98100185:6|98100186:6|98100187:6|98100192:6|98100193:6|98100194:6|98100195:6|98100197:6|98100211:6|98100213:6|98100216:6|98100217:6|98100219:6|98100221:6|98100223:6|98100224:6|98100225:6|98100226:6|98100231:6|98100232:6|98100233:6|98100234:6|98100235:6|98100236:6|98100237:6|98100238:6|98100239:6|98100240:6|98100241:6|98100242:6|98100243:6|98100244:6|98100245:6|98100246:6|98100248:6|98100249:6|98100250:6|98100251:6|98100252:6|98100253:6|98100254:6|98100255:6|98100256:6|98100257:6|98100258:6|98100261:6|98100263:6|98100264:6|98100265:6|98100266:6|98100267:6|98100269:6|98100270:6|98100271:6|98100272:6|98100273:6|98100274:6
2019-10-25 10:54:07,724:INFO:98900160:6|98900362:6|98900615:6|98900981:6|98901055:6|98901274:6|98901325:6|98901342:6|98901349:6|98901351:6|98901354:6|98901356:6|98901359:6|98901362:6|98901364:6|98901365:6|98901367:6|98901368:6|98901370:6|98901372:6|98901376:6|98901387:6|98901406:6|98901452:6|98901453:6|98901457:6|98901458:6|98901461:6|98901462:6|98901463:6|98901467:6|98901468:6|98901469:6|98901472:6|98901473:6|98901476:6|98901483:6|98901484:6|98901486:6|98901493:6|98901495:6|98901501:6|98901510:6|98901523:6|98901524:6|98901526:6|98901529:6|98901534:6|98901537:6|98901538:6|98901539:6|98901541:6|98901542:6|98901543:6|98901546:6|98901549:6|98901561:6|98901564:6|98901567:6|98901568:6|98901571:6|98901573:6|98901574:6|98901576:6|98901578:6|98901583:6|98901584:6|98901586:6|98901587:6|98901593:6|98901594:6|98901598:6|98901619:6|98901621:6|98901623:6|98901624:6|98901629:6|98901631:6|98901635:6|98901637:6|98901638:6|98901641:6|98901642:6|98901643:6|98901646:6|98901647:6|98901648:6|98901651:6|98901652:6|98901653:6|98901657:6|98901659:6|98901673:6|98901682:6|98901684:6|98901685:6|98901687:6|98901689:6|98901692:6|98901693:6|98901695:6|98901697:6|98901701:6|98901702:6|98901703:6|98901704:6|98901706:6|98901713:6|98901715:6|98901721:6|98901723:6|98901724:6|98901725:6|98901726:6|98901727:6|98901728:6|98901730:6|98901731:6|98901732:6|98901734:6|98901735:6|98901736:6|98901738:6|98901741:6|98901742:6|98901743:6|98901746:6|98901747:6|98901748:6|98901749:6|98901751:6|98901752:6
2019-10-25 10:54:20,147:INFO:98970054:6|98970056:6|98970104:6|98970134:6|98970135:6|98970136:6|98970145:6|98970147:6|98970153:6|98970162:6|98970163:6|98970164:6|98970173:6|98970175:6|98970182:6|98970186:6|98970192:6|98970193:6|98970194:6|98970196:6|98970213:6|98970216:6|98970230:6|98970236:6|98970238:6|98970241:6|98970243:6|98970244:6|98970253:6|98970258:6|98970259:6|98970260:6|98970261:6|98970262:6|98970263:6|98970265:6|98970267:6|98970269:6|98970270:6|98970274:6|98970276:6|98970278:6|98970283:6|98970285:6|98970294:6|98970295:6|98970296:6|98970332:6|98970336:6|98970337:6|98970341:6|98970344:6|98970346:6|98970350:6|98970352:6|98970357:6|98970363:6|98970364:6|98970365:6|98970376:6|98970382:6|98970384:6|98970385:6|98970392:6|98970393:6|98970395:6|98970432:6|98970436:6|98970437:6|98970442:6|98970443:6|98970448:6|98970452:6|98970453:6|98970455:6|98970458:6|98970459:6|98970461:6|98970468:6|98970469:6|98970471:6|98970473:6|98970474:6|98970480:6|98970483:6|98970485:6|98970496:6|98970537:6|98970547:6|98970548:6|98970553:6|98970558:6|98970560:6|98970569:6|98970574:6|98970583:6|98970584:6|98970587:6|98970590:6|98970592:6|98970593:6|98970594:6|98970632:6|98970635:6|98970637:6|98970639:6|98970641:6|98970642:6|98970643:6|98970646:6|98970647:6|98970648:6|98970653:6|98970654:6|98970657:6|98970658:6|98970659:6|98970663:6|98970665:6|98970670:6|98970671:6|98970674:6|98970675:6|98970680:6|98970681:6|98970682:6|98970684:6|98970685:6|98970692:6|98970694:6|98970695:6|98970732:6
