2019-09-05 10:43:45,635:INFO:----------------------------------------------------------------------------------------------------
2019-09-05 10:43:47,263:INFO:ДУГААРАА СОНГОЖ БУЙ ХЭСЭГ
2019-09-05 10:43:47,263:INFO:2
2019-09-05 10:53:47,443:INFO:----------------------------------------------------------------------------------------------------
2019-09-05 11:00:20,789:INFO:ДУГААРАА СОНГОЖ БУЙ ХЭСЭГ
2019-09-05 11:00:20,789:INFO:2
2019-09-05 11:06:21,184:INFO:ДУГААРАА СОНГОЖ БУЙ ХЭСЭГ
2019-09-05 11:06:21,184:INFO:2
2019-09-05 11:06:35,019:ERROR:Internal Server Error: /getnumber
Traceback (most recent call last):
  File "C:\Python27\lib\site-packages\django\core\handlers\exception.py", line 41, in inner
    response = get_response(request)
  File "C:\Python27\lib\site-packages\django\core\handlers\base.py", line 187, in _get_response
    response = self.process_exception_by_middleware(e, request)
  File "C:\Python27\lib\site-packages\django\core\handlers\base.py", line 185, in _get_response
    response = wrapped_callback(request, *callback_args, **callback_kwargs)
  File "C:\Python27\lib\site-packages\django\views\decorators\csrf.py", line 58, in wrapped_view
    return view_func(*args, **kwargs)
  File "C:\Python27\lib\site-packages\django\views\generic\base.py", line 68, in view
    return self.dispatch(request, *args, **kwargs)
  File "C:\Python27\lib\site-packages\rest_framework\views.py", line 489, in dispatch
    response = self.handle_exception(exc)
  File "C:\Python27\lib\site-packages\rest_framework\views.py", line 449, in handle_exception
    self.raise_uncaught_exception(exc)
  File "C:\Python27\lib\site-packages\rest_framework\views.py", line 486, in dispatch
    response = handler(request, *args, **kwargs)
  File "C:\Python27\lib\site-packages\rest_framework\decorators.py", line 52, in handler
    return func(*args, **kwargs)
  File "D:\nFilterNew\controller\views.py", line 256, in getNumber
    if data[1] == az:
IndexError: list index out of range
2019-09-05 11:16:22,704:INFO:----------------------------------------------------------------------------------------------------
2019-09-05 11:53:59,380:INFO:ДУГААРАА СОНГОЖ БУЙ ХЭСЭГ
2019-09-05 11:53:59,380:INFO:2
2019-09-05 12:03:59,596:INFO:----------------------------------------------------------------------------------------------------
2019-09-05 13:04:00,661:INFO:----------------------------------------------------------------------------------------------------
2019-09-05 14:04:01,563:INFO:----------------------------------------------------------------------------------------------------
2019-09-05 15:04:02,526:INFO:----------------------------------------------------------------------------------------------------
2019-09-05 16:12:44,747:INFO:ДУГААРАА СОНГОЖ БУЙ ХЭСЭГ
2019-09-05 16:12:44,747:INFO:2
2019-09-05 16:12:50,299:INFO:98100013:6|98100024:6|98100025:6|98100026:6|98100027:6|98100031:6|98100032:6|98100034:6|98100036:6|98100037:6|98100042:6|98100043:6|98100045:6|98100046:6|98100047:6|98100051:6|98100052:6|98100053:6|98100054:6|98100056:6|98100057:6|98100058:6|98100059:6|98100061:6|98100062:6|98100063:6|98100064:6|98100067:6|98100071:6|98100072:6|98100073:6|98100075:6|98100079:6|98100082:6|98100083:6|98100084:6|98100092:6|98100094:6|98100095:6|98100096:6|98100097:6|98100108:6|98100113:6|98100116:6|98100120:6|98100124:6|98100126:6|98100127:6|98100131:6|98100132:6|98100134:6|98100135:6|98100136:6|98100137:6|98100138:6|98100139:6|98100140:6|98100141:6|98100142:6|98100145:6|98100146:6|98100147:6|98100150:6|98100152:6|98100153:6|98100154:6|98100156:6|98100157:6|98100158:6|98100159:6|98100160:6|98100161:6|98100162:6|98100164:6|98100165:6|98100167:6|98100168:6|98100169:6|98100170:6|98100171:6|98100172:6|98100173:6|98100174:6|98100175:6|98100176:6|98100178:6|98100179:6|98100182:6|98100183:6|98100184:6|98100185:6|98100186:6|98100187:6|98100190:6|98100192:6|98100193:6|98100194:6|98100195:6|98100197:6|98100201:6
2019-09-05 16:22:44,953:INFO:----------------------------------------------------------------------------------------------------
2019-09-05 16:32:45,914:INFO:----------------------------------------------------------------------------------------------------
2019-09-05 16:42:46,825:INFO:----------------------------------------------------------------------------------------------------
2019-09-05 16:52:47,977:INFO:----------------------------------------------------------------------------------------------------
2019-09-05 17:02:48,934:INFO:----------------------------------------------------------------------------------------------------
2019-09-05 17:12:49,894:INFO:----------------------------------------------------------------------------------------------------
2019-09-05 17:22:50,785:INFO:----------------------------------------------------------------------------------------------------
2019-09-05 17:32:51,688:INFO:----------------------------------------------------------------------------------------------------
2019-09-05 17:42:52,634:INFO:----------------------------------------------------------------------------------------------------
2019-09-05 17:52:53,591:INFO:----------------------------------------------------------------------------------------------------
2019-09-05 18:02:54,525:INFO:----------------------------------------------------------------------------------------------------
2019-09-05 18:12:55,539:INFO:----------------------------------------------------------------------------------------------------
2019-09-05 18:22:56,436:INFO:----------------------------------------------------------------------------------------------------
2019-09-05 18:32:57,339:INFO:----------------------------------------------------------------------------------------------------
2019-09-05 18:42:58,256:INFO:----------------------------------------------------------------------------------------------------
2019-09-05 18:52:59,219:INFO:----------------------------------------------------------------------------------------------------
2019-09-05 19:03:00,180:INFO:----------------------------------------------------------------------------------------------------
2019-09-05 19:13:01,059:INFO:----------------------------------------------------------------------------------------------------
2019-09-05 19:23:01,980:INFO:----------------------------------------------------------------------------------------------------
2019-09-05 19:33:02,861:INFO:----------------------------------------------------------------------------------------------------
2019-09-05 19:43:03,806:INFO:----------------------------------------------------------------------------------------------------
2019-09-05 19:53:04,757:INFO:----------------------------------------------------------------------------------------------------
2019-09-05 20:03:05,631:INFO:----------------------------------------------------------------------------------------------------
2019-09-05 20:13:06,543:INFO:----------------------------------------------------------------------------------------------------
2019-09-05 20:23:07,447:INFO:----------------------------------------------------------------------------------------------------
2019-09-05 20:33:08,349:INFO:----------------------------------------------------------------------------------------------------
2019-09-05 20:43:09,398:INFO:----------------------------------------------------------------------------------------------------
2019-09-05 20:53:10,421:INFO:----------------------------------------------------------------------------------------------------
2019-09-05 21:03:11,427:INFO:----------------------------------------------------------------------------------------------------
2019-09-05 21:13:12,328:INFO:----------------------------------------------------------------------------------------------------
2019-09-05 21:23:13,246:INFO:----------------------------------------------------------------------------------------------------
2019-09-05 21:33:14,161:INFO:----------------------------------------------------------------------------------------------------
2019-09-05 21:43:15,059:INFO:----------------------------------------------------------------------------------------------------
2019-09-05 21:53:16,023:INFO:----------------------------------------------------------------------------------------------------
2019-09-05 22:03:16,973:INFO:----------------------------------------------------------------------------------------------------
2019-09-05 22:13:17,891:INFO:----------------------------------------------------------------------------------------------------
2019-09-05 22:23:18,785:INFO:----------------------------------------------------------------------------------------------------
2019-09-05 22:33:19,694:INFO:----------------------------------------------------------------------------------------------------
2019-09-05 22:43:20,651:INFO:----------------------------------------------------------------------------------------------------
2019-09-05 22:53:21,604:INFO:----------------------------------------------------------------------------------------------------
2019-09-05 23:03:22,540:INFO:----------------------------------------------------------------------------------------------------
2019-09-05 23:13:23,437:INFO:----------------------------------------------------------------------------------------------------
2019-09-05 23:23:24,309:INFO:----------------------------------------------------------------------------------------------------
2019-09-05 23:33:25,200:INFO:----------------------------------------------------------------------------------------------------
2019-09-05 23:43:26,176:INFO:----------------------------------------------------------------------------------------------------
2019-09-05 23:53:27,118:INFO:----------------------------------------------------------------------------------------------------
2019-09-06 00:03:28,085:INFO:----------------------------------------------------------------------------------------------------
2019-09-06 00:13:29,053:INFO:----------------------------------------------------------------------------------------------------
2019-09-06 00:23:29,951:INFO:----------------------------------------------------------------------------------------------------
2019-09-06 00:33:30,838:INFO:----------------------------------------------------------------------------------------------------
2019-09-06 00:43:31,711:INFO:----------------------------------------------------------------------------------------------------
2019-09-06 00:53:32,664:INFO:----------------------------------------------------------------------------------------------------
2019-09-06 01:03:33,572:INFO:----------------------------------------------------------------------------------------------------
2019-09-06 01:13:34,509:INFO:----------------------------------------------------------------------------------------------------
2019-09-06 01:23:35,447:INFO:----------------------------------------------------------------------------------------------------
2019-09-06 01:33:36,321:INFO:----------------------------------------------------------------------------------------------------
2019-09-06 01:43:37,190:INFO:----------------------------------------------------------------------------------------------------
2019-09-06 01:53:38,131:INFO:----------------------------------------------------------------------------------------------------
2019-09-06 02:03:39,098:INFO:----------------------------------------------------------------------------------------------------
2019-09-06 02:13:39,993:INFO:----------------------------------------------------------------------------------------------------
2019-09-06 02:23:40,891:INFO:----------------------------------------------------------------------------------------------------
2019-09-06 02:33:41,789:INFO:----------------------------------------------------------------------------------------------------
2019-09-06 02:43:42,684:INFO:----------------------------------------------------------------------------------------------------
2019-09-06 02:53:43,631:INFO:----------------------------------------------------------------------------------------------------
2019-09-06 03:03:44,561:INFO:----------------------------------------------------------------------------------------------------
2019-09-06 03:13:45,480:INFO:----------------------------------------------------------------------------------------------------
2019-09-06 03:23:46,364:INFO:----------------------------------------------------------------------------------------------------
2019-09-06 03:33:47,244:INFO:----------------------------------------------------------------------------------------------------
2019-09-06 03:43:48,128:INFO:----------------------------------------------------------------------------------------------------
2019-09-06 03:53:49,098:INFO:----------------------------------------------------------------------------------------------------
2019-09-06 04:03:50,055:INFO:----------------------------------------------------------------------------------------------------
2019-09-06 04:13:50,937:INFO:----------------------------------------------------------------------------------------------------
2019-09-06 04:23:51,823:INFO:----------------------------------------------------------------------------------------------------
2019-09-06 04:33:52,792:INFO:----------------------------------------------------------------------------------------------------
2019-09-06 04:43:53,802:INFO:----------------------------------------------------------------------------------------------------
2019-09-06 04:53:54,773:INFO:----------------------------------------------------------------------------------------------------
2019-09-06 05:03:55,742:INFO:----------------------------------------------------------------------------------------------------
2019-09-06 05:13:56,806:INFO:----------------------------------------------------------------------------------------------------
2019-09-06 05:23:57,687:INFO:----------------------------------------------------------------------------------------------------
2019-09-06 05:33:58,632:INFO:----------------------------------------------------------------------------------------------------
2019-09-06 05:43:59,592:INFO:----------------------------------------------------------------------------------------------------
2019-09-06 05:54:00,563:INFO:----------------------------------------------------------------------------------------------------
2019-09-06 06:04:01,499:INFO:----------------------------------------------------------------------------------------------------
2019-09-06 06:14:02,599:INFO:----------------------------------------------------------------------------------------------------
2019-09-06 06:24:03,476:INFO:----------------------------------------------------------------------------------------------------
2019-09-06 06:34:04,430:INFO:----------------------------------------------------------------------------------------------------
2019-09-06 06:44:05,367:INFO:----------------------------------------------------------------------------------------------------
2019-09-06 06:54:06,259:INFO:----------------------------------------------------------------------------------------------------
2019-09-06 07:04:07,134:INFO:----------------------------------------------------------------------------------------------------
2019-09-06 07:14:08,081:INFO:----------------------------------------------------------------------------------------------------
2019-09-06 07:24:08,951:INFO:----------------------------------------------------------------------------------------------------
2019-09-06 07:34:09,930:INFO:----------------------------------------------------------------------------------------------------
2019-09-06 07:44:10,835:INFO:----------------------------------------------------------------------------------------------------
2019-09-06 07:54:11,812:INFO:----------------------------------------------------------------------------------------------------
2019-09-06 08:04:12,747:INFO:----------------------------------------------------------------------------------------------------
2019-09-06 08:14:13,618:INFO:----------------------------------------------------------------------------------------------------
2019-09-06 08:24:14,490:INFO:----------------------------------------------------------------------------------------------------
2019-09-06 08:34:15,375:INFO:----------------------------------------------------------------------------------------------------
2019-09-06 08:44:16,242:INFO:----------------------------------------------------------------------------------------------------
2019-09-06 08:54:17,187:INFO:----------------------------------------------------------------------------------------------------
2019-09-06 09:04:18,131:INFO:----------------------------------------------------------------------------------------------------
2019-09-06 09:14:19,092:INFO:----------------------------------------------------------------------------------------------------
2019-09-06 09:24:20,002:INFO:----------------------------------------------------------------------------------------------------
2019-09-06 09:34:20,894:INFO:----------------------------------------------------------------------------------------------------
2019-09-06 09:44:21,792:INFO:----------------------------------------------------------------------------------------------------
2019-09-06 09:54:22,750:INFO:----------------------------------------------------------------------------------------------------
2019-09-06 10:04:23,690:INFO:----------------------------------------------------------------------------------------------------
2019-09-06 10:14:24,660:INFO:----------------------------------------------------------------------------------------------------
2019-09-06 10:24:25,595:INFO:----------------------------------------------------------------------------------------------------
2019-09-06 10:34:26,519:INFO:----------------------------------------------------------------------------------------------------
2019-09-06 10:44:27,595:INFO:----------------------------------------------------------------------------------------------------
2019-09-06 10:54:28,572:INFO:----------------------------------------------------------------------------------------------------
2019-09-06 11:04:29,618:INFO:----------------------------------------------------------------------------------------------------
2019-09-06 11:14:30,573:INFO:----------------------------------------------------------------------------------------------------
2019-09-06 11:24:31,529:INFO:----------------------------------------------------------------------------------------------------
