2020-07-19 06:51:59,651:INFO:------------------------------------------------------------------------------------------------
2020-07-19 06:54:13,469:INFO:------------------------------------------------------------------------------------------------
2020-07-19 06:54:59,108:INFO:------------------------------------------------------------------------------------------------
2020-07-19 07:52:05,192:INFO:------------------------------------------------------------------------------------------------
2020-07-19 07:54:18,329:INFO:------------------------------------------------------------------------------------------------
2020-07-19 07:55:03,724:INFO:------------------------------------------------------------------------------------------------
2020-07-19 08:52:10,278:INFO:------------------------------------------------------------------------------------------------
2020-07-19 08:54:23,193:INFO:------------------------------------------------------------------------------------------------
2020-07-19 08:55:08,415:INFO:------------------------------------------------------------------------------------------------
2020-07-19 09:05:42,419:INFO:------------------------------------------------------------------------------------------------
2020-07-19 09:05:44,678:INFO:ДУГААРАА СОНГОЖ БУЙ ХЭСЭГ
2020-07-19 09:05:44,679:INFO:2
2020-07-19 09:05:47,067:INFO:------------------------------------------------------------------------------------------------
2020-07-19 09:10:37,071:INFO:------------------------------------------------------------------------------------------------
2020-07-19 09:47:22,616:INFO:------------------------------------------------------------------------------------------------
2020-07-19 09:52:15,611:INFO:------------------------------------------------------------------------------------------------
2020-07-19 09:52:51,307:WARNING:Not Found: /favicon.ico
2020-07-19 09:53:54,632:INFO:------------------------------------------------------------------------------------------------
2020-07-19 09:54:28,062:INFO:------------------------------------------------------------------------------------------------
2020-07-19 09:55:13,076:INFO:------------------------------------------------------------------------------------------------
2020-07-19 09:58:39,442:INFO:------------------------------------------------------------------------------------------------
2020-07-19 10:01:00,896:INFO:------------------------------------------------------------------------------------------------
2020-07-19 10:01:06,517:INFO:ДУГААРАА СОНГОЖ БУЙ ХЭСЭГ
2020-07-19 10:01:06,517:INFO:2
2020-07-19 10:01:06,885:WARNING:Not Found: /favicon.ico
2020-07-19 10:05:47,265:INFO:------------------------------------------------------------------------------------------------
2020-07-19 10:10:41,979:INFO:------------------------------------------------------------------------------------------------
2020-07-19 10:11:23,474:INFO:ДУГААРАА СОНГОЖ БУЙ ХЭСЭГ
2020-07-19 10:11:23,474:INFO:7
2020-07-19 10:11:23,892:WARNING:Not Found: /favicon.ico
2020-07-19 10:16:47,389:INFO:------------------------------------------------------------------------------------------------
2020-07-19 10:26:02,927:INFO:------------------------------------------------------------------------------------------------
2020-07-19 10:27:54,926:INFO:------------------------------------------------------------------------------------------------
2020-07-19 10:27:56,130:INFO:------------------------------------------------------------------------------------------------
2020-07-19 10:30:16,692:INFO:------------------------------------------------------------------------------------------------
2020-07-19 10:34:50,678:WARNING:Not Found: /favicon.ico
2020-07-19 10:34:50,863:WARNING:Not Found: /favicon.ico
2020-07-19 10:34:52,208:INFO:------------------------------------------------------------------------------------------------
2020-07-19 10:34:53,110:INFO:ДУГААРАА СОНГОЖ БУЙ ХЭСЭГ
2020-07-19 10:34:53,111:INFO:2
2020-07-19 10:34:55,776:INFO:------------------------------------------------------------------------------------------------
2020-07-19 10:34:59,726:INFO:ДУГААРАА СОНГОЖ БУЙ ХЭСЭГ
2020-07-19 10:34:59,727:INFO:7
2020-07-19 10:34:59,981:WARNING:Not Found: /favicon.ico
2020-07-19 10:38:14,790:INFO:ДУГААРАА СОНГОЖ БУЙ ХЭСЭГ
2020-07-19 10:38:14,791:INFO:7
2020-07-19 10:38:15,039:WARNING:Not Found: /favicon.ico
2020-07-19 10:38:46,106:INFO:ДУГААРАА СОНГОЖ БУЙ ХЭСЭГ
2020-07-19 10:38:46,106:INFO:7
2020-07-19 10:38:54,832:INFO:ДУГААРАА СОНГОЖ БУЙ ХЭСЭГ
2020-07-19 10:38:54,832:INFO:7
2020-07-19 10:39:02,538:INFO:ДУГААРАА СОНГОЖ БУЙ ХЭСЭГ
2020-07-19 10:39:02,539:INFO:7
2020-07-19 10:39:15,720:INFO:ДУГААРАА СОНГОЖ БУЙ ХЭСЭГ
2020-07-19 10:39:15,721:INFO:7
2020-07-19 10:39:34,790:INFO:ДУГААРАА СОНГОЖ БУЙ ХЭСЭГ
2020-07-19 10:39:34,791:INFO:7
2020-07-19 10:39:47,138:INFO:ДУГААРАА СОНГОЖ БУЙ ХЭСЭГ
2020-07-19 10:39:47,138:INFO:7
2020-07-19 10:40:13,190:INFO:ДУГААРАА СОНГОЖ БУЙ ХЭСЭГ
2020-07-19 10:40:13,190:INFO:7
2020-07-19 10:40:32,163:INFO:ДУГААРАА СОНГОЖ БУЙ ХЭСЭГ
2020-07-19 10:40:32,163:INFO:7
2020-07-19 10:41:22,367:INFO:ДУГААРАА СОНГОЖ БУЙ ХЭСЭГ
2020-07-19 10:41:22,367:INFO:7
2020-07-19 10:41:57,193:INFO:------------------------------------------------------------------------------------------------
2020-07-19 10:41:58,245:INFO:ДУГААРАА СОНГОЖ БУЙ ХЭСЭГ
2020-07-19 10:41:58,246:INFO:7
2020-07-19 10:42:22,104:INFO:ДУГААРАА СОНГОЖ БУЙ ХЭСЭГ
2020-07-19 10:42:22,104:INFO:7
2020-07-19 10:44:59,292:INFO:ДУГААРАА СОНГОЖ БУЙ ХЭСЭГ
2020-07-19 10:44:59,292:INFO:2
2020-07-19 10:44:59,819:WARNING:Not Found: /favicon.ico
2020-07-19 10:50:50,009:INFO:------------------------------------------------------------------------------------------------
2020-07-19 10:50:53,691:INFO:ДУГААРАА СОНГОЖ БУЙ ХЭСЭГ
2020-07-19 10:50:53,692:INFO:2
2020-07-19 10:50:54,626:WARNING:Not Found: /favicon.ico
2020-07-19 10:52:11,481:INFO:------------------------------------------------------------------------------------------------
2020-07-19 10:52:20,806:INFO:------------------------------------------------------------------------------------------------
2020-07-19 10:54:32,908:INFO:------------------------------------------------------------------------------------------------
2020-07-19 10:55:17,993:INFO:------------------------------------------------------------------------------------------------
2020-07-19 10:57:58,939:INFO:ДУГААРЫН ҮНЭ
2020-07-19 10:57:58,941:INFO:5000
2020-07-19 10:58:10,375:INFO:ДУГААРЫН ZAHIALGA
2020-07-19 10:58:20,563:INFO:------------------------------------------------------------------------------------------------
2020-07-19 10:59:44,102:INFO:ДУГААРАА СОНГОЖ БУЙ ХЭСЭГ
2020-07-19 10:59:44,102:INFO:2
2020-07-19 11:05:17,470:INFO:------------------------------------------------------------------------------------------------
2020-07-19 11:05:47,407:INFO:------------------------------------------------------------------------------------------------
2020-07-19 11:06:08,849:INFO:------------------------------------------------------------------------------------------------
2020-07-19 11:10:46,755:INFO:------------------------------------------------------------------------------------------------
2020-07-19 11:16:47,645:INFO:------------------------------------------------------------------------------------------------
2020-07-19 11:21:21,527:INFO:ДУГААРАА СОНГОЖ БУЙ ХЭСЭГ
2020-07-19 11:21:21,527:INFO:7
2020-07-19 11:21:21,658:WARNING:Not Found: /favicon.ico
2020-07-19 11:26:03,468:INFO:------------------------------------------------------------------------------------------------
2020-07-19 11:27:55,061:INFO:------------------------------------------------------------------------------------------------
2020-07-19 11:27:56,335:INFO:------------------------------------------------------------------------------------------------
2020-07-19 11:29:38,126:INFO:------------------------------------------------------------------------------------------------
2020-07-19 11:30:28,052:INFO:------------------------------------------------------------------------------------------------
2020-07-19 11:32:04,981:INFO:------------------------------------------------------------------------------------------------
2020-07-19 11:38:31,245:INFO:ДУГААРАА СОНГОЖ БУЙ ХЭСЭГ
2020-07-19 11:38:31,245:INFO:7
2020-07-19 11:38:31,597:WARNING:Not Found: /favicon.ico
2020-07-19 11:39:03,039:INFO:------------------------------------------------------------------------------------------------
2020-07-19 11:39:04,287:INFO:ДУГААРАА СОНГОЖ БУЙ ХЭСЭГ
2020-07-19 11:39:04,288:INFO:2
2020-07-19 11:39:05,964:INFO:ДУГААРАА СОНГОЖ БУЙ ХЭСЭГ
2020-07-19 11:39:05,964:INFO:2
2020-07-19 11:45:57,125:INFO:ДУГААРАА СОНГОЖ БУЙ ХЭСЭГ
2020-07-19 11:45:57,125:INFO:7
2020-07-19 11:45:59,396:INFO:------------------------------------------------------------------------------------------------
2020-07-19 11:45:59,472:INFO:------------------------------------------------------------------------------------------------
2020-07-19 11:46:00,130:INFO:ДУГААРАА СОНГОЖ БУЙ ХЭСЭГ
2020-07-19 11:46:00,130:INFO:2
2020-07-19 11:46:00,173:INFO:ДУГААРАА СОНГОЖ БУЙ ХЭСЭГ
2020-07-19 11:46:00,173:INFO:2
2020-07-19 11:46:44,106:INFO:ДУГААРЫН ҮНЭ
2020-07-19 11:46:44,108:INFO:5000
2020-07-19 11:48:09,585:INFO:ДУГААРАА СОНГОЖ БУЙ ХЭСЭГ
2020-07-19 11:48:09,586:INFO:7
2020-07-19 11:48:09,840:WARNING:Not Found: /favicon.ico
2020-07-19 11:48:59,987:INFO:------------------------------------------------------------------------------------------------
2020-07-19 11:49:01,376:INFO:ДУГААРАА СОНГОЖ БУЙ ХЭСЭГ
2020-07-19 11:49:01,376:INFO:7
2020-07-19 11:49:02,311:INFO:ДУГААРЫН ҮНЭ
2020-07-19 11:49:02,314:INFO:10000
2020-07-19 11:50:40,448:INFO:------------------------------------------------------------------------------------------------
2020-07-19 11:50:41,535:INFO:ДУГААРАА СОНГОЖ БУЙ ХЭСЭГ
2020-07-19 11:50:41,536:INFO:7
2020-07-19 11:51:06,008:INFO:ДУГААРАА СОНГОЖ БУЙ ХЭСЭГ
2020-07-19 11:51:06,008:INFO:2
2020-07-19 11:51:06,773:WARNING:Not Found: /favicon.ico
2020-07-19 11:52:25,851:INFO:------------------------------------------------------------------------------------------------
2020-07-19 11:54:03,689:INFO:ДУГААРЫН ҮНЭ
2020-07-19 11:54:03,691:INFO:5000
2020-07-19 11:54:36,699:INFO:ДУГААРАА СОНГОЖ БУЙ ХЭСЭГ
2020-07-19 11:54:36,699:INFO:3
2020-07-19 11:54:37,764:INFO:------------------------------------------------------------------------------------------------
2020-07-19 11:55:08,080:INFO:ДУГААРЫН ZAHIALGA
2020-07-19 11:55:13,118:INFO:------------------------------------------------------------------------------------------------
2020-07-19 11:55:14,572:INFO:ДУГААРАА СОНГОЖ БУЙ ХЭСЭГ
2020-07-19 11:55:14,572:INFO:2
2020-07-19 11:55:22,910:INFO:------------------------------------------------------------------------------------------------
2020-07-19 11:56:23,564:INFO:------------------------------------------------------------------------------------------------
2020-07-19 12:02:09,687:INFO:ДУГААРАА СОНГОЖ БУЙ ХЭСЭГ
2020-07-19 12:02:09,687:INFO:3
2020-07-19 12:03:16,708:INFO:ДУГААРАА СОНГОЖ БУЙ ХЭСЭГ
2020-07-19 12:03:16,708:INFO:7
2020-07-19 12:03:37,548:INFO:ДУГААРАА СОНГОЖ БУЙ ХЭСЭГ
2020-07-19 12:03:37,548:INFO:7
2020-07-19 12:03:48,597:INFO:ДУГААРАА СОНГОЖ БУЙ ХЭСЭГ
2020-07-19 12:03:48,597:INFO:7
2020-07-19 12:05:48,346:INFO:------------------------------------------------------------------------------------------------
2020-07-19 12:06:14,007:INFO:------------------------------------------------------------------------------------------------
2020-07-19 12:08:20,087:INFO:------------------------------------------------------------------------------------------------
2020-07-19 12:10:51,338:INFO:------------------------------------------------------------------------------------------------
2020-07-19 12:16:47,735:INFO:------------------------------------------------------------------------------------------------
2020-07-19 12:27:04,760:INFO:ДУГААРАА СОНГОЖ БУЙ ХЭСЭГ
2020-07-19 12:27:04,760:INFO:2
2020-07-19 12:27:05,513:WARNING:Not Found: /favicon.ico
2020-07-19 12:27:05,519:WARNING:Not Found: /favicon.ico
2020-07-19 12:27:56,352:INFO:------------------------------------------------------------------------------------------------
2020-07-19 12:32:05,617:INFO:------------------------------------------------------------------------------------------------
2020-07-19 12:35:57,460:WARNING:Not Found: /robots.txt
2020-07-19 12:50:41,605:INFO:ДУГААРАА СОНГОЖ БУЙ ХЭСЭГ
2020-07-19 12:50:41,606:INFO:2
2020-07-19 12:50:54,153:INFO:ДУГААРАА СОНГОЖ БУЙ ХЭСЭГ
2020-07-19 12:50:54,153:INFO:2
2020-07-19 12:52:30,814:INFO:------------------------------------------------------------------------------------------------
2020-07-19 12:54:40,500:INFO:------------------------------------------------------------------------------------------------
2020-07-19 12:54:42,621:INFO:------------------------------------------------------------------------------------------------
2020-07-19 12:55:27,532:INFO:------------------------------------------------------------------------------------------------
2020-07-19 12:56:23,710:INFO:------------------------------------------------------------------------------------------------
2020-07-19 13:05:48,471:INFO:------------------------------------------------------------------------------------------------
2020-07-19 13:06:18,771:INFO:------------------------------------------------------------------------------------------------
2020-07-19 13:10:55,934:INFO:------------------------------------------------------------------------------------------------
2020-07-19 13:14:41,409:INFO:ДУГААРАА СОНГОЖ БУЙ ХЭСЭГ
2020-07-19 13:14:41,409:INFO:7
2020-07-19 13:16:48,707:INFO:------------------------------------------------------------------------------------------------
2020-07-19 13:19:17,239:INFO:ДУГААРАА СОНГОЖ БУЙ ХЭСЭГ
2020-07-19 13:19:17,239:INFO:7
2020-07-19 13:19:17,644:WARNING:Not Found: /favicon.ico
2020-07-19 13:22:32,411:INFO:------------------------------------------------------------------------------------------------
2020-07-19 13:22:33,353:INFO:ДУГААРАА СОНГОЖ БУЙ ХЭСЭГ
2020-07-19 13:22:33,353:INFO:2
2020-07-19 13:34:26,418:INFO:------------------------------------------------------------------------------------------------
2020-07-19 13:36:08,626:INFO:ДУГААРАА СОНГОЖ БУЙ ХЭСЭГ
2020-07-19 13:36:08,626:INFO:2
2020-07-19 13:37:46,291:INFO:ДУГААРАА СОНГОЖ БУЙ ХЭСЭГ
2020-07-19 13:37:46,291:INFO:7
2020-07-19 13:38:13,393:INFO:ДУГААРЫН ҮНЭ
2020-07-19 13:38:13,396:INFO:5000
2020-07-19 13:38:48,304:INFO:ДУГААРАА СОНГОЖ БУЙ ХЭСЭГ
2020-07-19 13:38:48,304:INFO:7
2020-07-19 13:38:58,861:INFO:ДУГААРАА СОНГОЖ БУЙ ХЭСЭГ
2020-07-19 13:38:58,861:INFO:7
2020-07-19 13:39:06,679:INFO:ДУГААРАА СОНГОЖ БУЙ ХЭСЭГ
2020-07-19 13:39:06,680:INFO:7
2020-07-19 13:39:27,769:ERROR:Internal Server Error: /getnumber
Traceback (most recent call last):
  File "/usr/local/lib/python2.7/dist-packages/django/core/handlers/exception.py", line 41, in inner
    response = get_response(request)
  File "/usr/local/lib/python2.7/dist-packages/django/core/handlers/base.py", line 187, in _get_response
    response = self.process_exception_by_middleware(e, request)
  File "/usr/local/lib/python2.7/dist-packages/django/core/handlers/base.py", line 185, in _get_response
    response = wrapped_callback(request, *callback_args, **callback_kwargs)
  File "/usr/local/lib/python2.7/dist-packages/django/views/decorators/csrf.py", line 58, in wrapped_view
    return view_func(*args, **kwargs)
  File "/usr/local/lib/python2.7/dist-packages/django/views/generic/base.py", line 68, in view
    return self.dispatch(request, *args, **kwargs)
  File "/usr/local/lib/python2.7/dist-packages/rest_framework/views.py", line 495, in dispatch
    response = self.handle_exception(exc)
  File "/usr/local/lib/python2.7/dist-packages/rest_framework/views.py", line 455, in handle_exception
    self.raise_uncaught_exception(exc)
  File "/usr/local/lib/python2.7/dist-packages/rest_framework/views.py", line 492, in dispatch
    response = handler(request, *args, **kwargs)
  File "/usr/local/lib/python2.7/dist-packages/rest_framework/decorators.py", line 55, in handler
    return func(*args, **kwargs)
  File "/home/user/nFilterNew/controller/views.py", line 206, in getNumber
    if data[1] == az:
IndexError: list index out of range
2020-07-19 13:40:18,617:INFO:ДУГААРАА СОНГОЖ БУЙ ХЭСЭГ
2020-07-19 13:40:18,617:INFO:7
2020-07-19 13:40:46,074:INFO:ДУГААРАА СОНГОЖ БУЙ ХЭСЭГ
2020-07-19 13:40:46,074:INFO:2
2020-07-19 13:40:52,471:INFO:ДУГААРАА СОНГОЖ БУЙ ХЭСЭГ
2020-07-19 13:40:52,471:INFO:7
2020-07-19 13:40:55,358:INFO:ДУГААРАА СОНГОЖ БУЙ ХЭСЭГ
2020-07-19 13:40:55,358:INFO:7
2020-07-19 13:43:49,466:INFO:ДУГААРАА СОНГОЖ БУЙ ХЭСЭГ
2020-07-19 13:43:49,466:INFO:7
2020-07-19 13:43:51,528:INFO:------------------------------------------------------------------------------------------------
2020-07-19 13:44:07,032:INFO:ДУГААРАА СОНГОЖ БУЙ ХЭСЭГ
2020-07-19 13:44:07,033:INFO:7
2020-07-19 13:44:54,476:INFO:ДУГААРАА СОНГОЖ БУЙ ХЭСЭГ
2020-07-19 13:44:54,477:INFO:7
2020-07-19 13:45:22,651:INFO:ДУГААРАА СОНГОЖ БУЙ ХЭСЭГ
2020-07-19 13:45:22,651:INFO:7
2020-07-19 13:45:30,805:INFO:ДУГААРАА СОНГОЖ БУЙ ХЭСЭГ
2020-07-19 13:45:30,806:INFO:7
2020-07-19 13:45:37,744:INFO:ДУГААРАА СОНГОЖ БУЙ ХЭСЭГ
2020-07-19 13:45:37,744:INFO:7
2020-07-19 13:46:03,488:INFO:ДУГААРАА СОНГОЖ БУЙ ХЭСЭГ
2020-07-19 13:46:03,488:INFO:7
2020-07-19 13:46:17,068:INFO:ДУГААРАА СОНГОЖ БУЙ ХЭСЭГ
2020-07-19 13:46:17,068:INFO:7
2020-07-19 13:46:59,100:INFO:ДУГААРАА СОНГОЖ БУЙ ХЭСЭГ
2020-07-19 13:46:59,101:INFO:7
2020-07-19 13:49:41,484:INFO:ДУГААРАА СОНГОЖ БУЙ ХЭСЭГ
2020-07-19 13:49:41,484:INFO:7
2020-07-19 13:50:40,153:INFO:ДУГААРАА СОНГОЖ БУЙ ХЭСЭГ
2020-07-19 13:50:40,153:INFO:7
2020-07-19 13:52:07,251:INFO:------------------------------------------------------------------------------------------------
2020-07-19 13:52:08,080:INFO:ДУГААРАА СОНГОЖ БУЙ ХЭСЭГ
2020-07-19 13:52:08,080:INFO:2
2020-07-19 13:52:10,951:INFO:ДУГААРАА СОНГОЖ БУЙ ХЭСЭГ
2020-07-19 13:52:10,951:INFO:2
2020-07-19 13:52:11,449:INFO:ДУГААРАА СОНГОЖ БУЙ ХЭСЭГ
2020-07-19 13:52:11,449:INFO:2
2020-07-19 13:52:36,573:INFO:------------------------------------------------------------------------------------------------
2020-07-19 13:54:40,520:INFO:------------------------------------------------------------------------------------------------
2020-07-19 13:54:47,449:INFO:------------------------------------------------------------------------------------------------
2020-07-19 13:55:13,447:INFO:ДУГААРАА СОНГОЖ БУЙ ХЭСЭГ
2020-07-19 13:55:13,447:INFO:7
2020-07-19 13:55:32,132:INFO:------------------------------------------------------------------------------------------------
2020-07-19 13:56:09,081:INFO:ДУГААРАА СОНГОЖ БУЙ ХЭСЭГ
2020-07-19 13:56:09,081:INFO:7
2020-07-19 13:56:23,821:INFO:------------------------------------------------------------------------------------------------
2020-07-19 13:56:34,648:INFO:ДУГААРАА СОНГОЖ БУЙ ХЭСЭГ
2020-07-19 13:56:34,648:INFO:7
2020-07-19 14:00:19,835:INFO:ДУГААРАА СОНГОЖ БУЙ ХЭСЭГ
2020-07-19 14:00:19,835:INFO:7
2020-07-19 14:00:37,483:INFO:ДУГААРАА СОНГОЖ БУЙ ХЭСЭГ
2020-07-19 14:00:37,483:INFO:7
2020-07-19 14:00:55,380:INFO:ДУГААРАА СОНГОЖ БУЙ ХЭСЭГ
2020-07-19 14:00:55,380:INFO:7
2020-07-19 14:01:10,856:INFO:ДУГААРАА СОНГОЖ БУЙ ХЭСЭГ
2020-07-19 14:01:10,857:INFO:7
2020-07-19 14:05:23,058:INFO:------------------------------------------------------------------------------------------------
2020-07-19 14:05:24,031:INFO:ДУГААРАА СОНГОЖ БУЙ ХЭСЭГ
2020-07-19 14:05:24,031:INFO:7
2020-07-19 14:05:45,861:INFO:------------------------------------------------------------------------------------------------
2020-07-19 14:06:23,529:INFO:------------------------------------------------------------------------------------------------
2020-07-19 14:11:00,517:INFO:------------------------------------------------------------------------------------------------
2020-07-19 14:11:14,300:INFO:ДУГААРАА СОНГОЖ БУЙ ХЭСЭГ
2020-07-19 14:11:14,300:INFO:7
2020-07-19 14:11:15,502:INFO:------------------------------------------------------------------------------------------------
2020-07-19 14:11:16,911:INFO:ДУГААРАА СОНГОЖ БУЙ ХЭСЭГ
2020-07-19 14:11:16,912:INFO:7
2020-07-19 14:11:18,607:INFO:ДУГААРАА СОНГОЖ БУЙ ХЭСЭГ
2020-07-19 14:11:18,607:INFO:7
2020-07-19 14:11:46,405:INFO:ДУГААРАА СОНГОЖ БУЙ ХЭСЭГ
2020-07-19 14:11:46,405:INFO:7
2020-07-19 14:11:47,128:INFO:------------------------------------------------------------------------------------------------
2020-07-19 14:11:48,725:INFO:ДУГААРАА СОНГОЖ БУЙ ХЭСЭГ
2020-07-19 14:11:48,725:INFO:7
2020-07-19 14:11:53,475:INFO:ДУГААРАА СОНГОЖ БУЙ ХЭСЭГ
2020-07-19 14:11:53,475:INFO:7
2020-07-19 14:12:06,219:INFO:------------------------------------------------------------------------------------------------
2020-07-19 14:12:07,653:INFO:ДУГААРАА СОНГОЖ БУЙ ХЭСЭГ
2020-07-19 14:12:07,653:INFO:7
2020-07-19 14:12:13,051:INFO:ДУГААРАА СОНГОЖ БУЙ ХЭСЭГ
2020-07-19 14:12:13,051:INFO:7
2020-07-19 14:14:02,448:INFO:ДУГААРАА СОНГОЖ БУЙ ХЭСЭГ
2020-07-19 14:14:02,448:INFO:7
2020-07-19 14:14:02,475:INFO:ДУГААРАА СОНГОЖ БУЙ ХЭСЭГ
2020-07-19 14:14:02,475:INFO:7
2020-07-19 14:14:04,587:INFO:ДУГААРАА СОНГОЖ БУЙ ХЭСЭГ
2020-07-19 14:14:04,587:INFO:7
2020-07-19 14:14:19,898:INFO:ДУГААРАА СОНГОЖ БУЙ ХЭСЭГ
2020-07-19 14:14:19,898:INFO:7
2020-07-19 14:14:32,759:INFO:ДУГААРАА СОНГОЖ БУЙ ХЭСЭГ
2020-07-19 14:14:32,759:INFO:7
2020-07-19 14:14:56,652:INFO:ДУГААРАА СОНГОЖ БУЙ ХЭСЭГ
2020-07-19 14:14:56,652:INFO:7
2020-07-19 14:15:27,909:INFO:ДУГААРАА СОНГОЖ БУЙ ХЭСЭГ
2020-07-19 14:15:27,911:INFO:7
2020-07-19 14:15:29,369:INFO:ДУГААРАА СОНГОЖ БУЙ ХЭСЭГ
2020-07-19 14:15:29,370:INFO:7
2020-07-19 14:15:50,312:INFO:ДУГААРАА СОНГОЖ БУЙ ХЭСЭГ
2020-07-19 14:15:50,312:INFO:7
2020-07-19 14:16:03,511:INFO:ДУГААРАА СОНГОЖ БУЙ ХЭСЭГ
2020-07-19 14:16:03,511:INFO:7
2020-07-19 14:16:24,067:INFO:ДУГААРАА СОНГОЖ БУЙ ХЭСЭГ
2020-07-19 14:16:24,067:INFO:7
2020-07-19 14:16:37,624:INFO:ДУГААРАА СОНГОЖ БУЙ ХЭСЭГ
2020-07-19 14:16:37,624:INFO:7
2020-07-19 14:16:49,130:INFO:ДУГААРАА СОНГОЖ БУЙ ХЭСЭГ
2020-07-19 14:16:49,130:INFO:7
2020-07-19 14:16:49,211:INFO:------------------------------------------------------------------------------------------------
2020-07-19 14:17:16,153:INFO:ДУГААРАА СОНГОЖ БУЙ ХЭСЭГ
2020-07-19 14:17:16,153:INFO:7
2020-07-19 14:18:15,655:INFO:ДУГААРЫН ҮНЭ
2020-07-19 14:18:15,658:INFO:10000
2020-07-19 14:24:54,281:INFO:------------------------------------------------------------------------------------------------
2020-07-19 14:24:55,398:INFO:ДУГААРАА СОНГОЖ БУЙ ХЭСЭГ
2020-07-19 14:24:55,398:INFO:7
2020-07-19 14:25:15,881:INFO:------------------------------------------------------------------------------------------------
2020-07-19 14:27:36,314:INFO:ДУГААРАА СОНГОЖ БУЙ ХЭСЭГ
2020-07-19 14:27:36,315:INFO:7
2020-07-19 14:42:15,587:INFO:ДУГААРАА СОНГОЖ БУЙ ХЭСЭГ
2020-07-19 14:42:15,587:INFO:2
2020-07-19 14:42:23,744:INFO:ДУГААРАА СОНГОЖ БУЙ ХЭСЭГ
2020-07-19 14:42:23,745:INFO:2
2020-07-19 14:42:29,303:INFO:ДУГААРАА СОНГОЖ БУЙ ХЭСЭГ
2020-07-19 14:42:29,303:INFO:2
2020-07-19 14:42:38,706:INFO:ДУГААРАА СОНГОЖ БУЙ ХЭСЭГ
2020-07-19 14:42:38,707:INFO:2
2020-07-19 14:43:51,707:INFO:------------------------------------------------------------------------------------------------
2020-07-19 14:47:51,602:INFO:------------------------------------------------------------------------------------------------
2020-07-19 14:47:52,648:INFO:ДУГААРАА СОНГОЖ БУЙ ХЭСЭГ
2020-07-19 14:47:52,649:INFO:2
2020-07-19 14:48:14,270:INFO:ДУГААРАА СОНГОЖ БУЙ ХЭСЭГ
2020-07-19 14:48:14,271:INFO:2
2020-07-19 14:49:43,184:INFO:ДУГААРАА СОНГОЖ БУЙ ХЭСЭГ
2020-07-19 14:49:43,184:INFO:2
2020-07-19 14:52:41,860:INFO:------------------------------------------------------------------------------------------------
2020-07-19 14:54:52,327:INFO:------------------------------------------------------------------------------------------------
2020-07-19 14:55:36,749:INFO:------------------------------------------------------------------------------------------------
2020-07-19 14:56:15,107:INFO:ДУГААРАА СОНГОЖ БУЙ ХЭСЭГ
2020-07-19 14:56:15,107:INFO:7
2020-07-19 14:56:23,946:INFO:------------------------------------------------------------------------------------------------
2020-07-19 15:00:43,355:INFO:------------------------------------------------------------------------------------------------
2020-07-19 15:00:44,139:INFO:ДУГААРАА СОНГОЖ БУЙ ХЭСЭГ
2020-07-19 15:00:44,139:INFO:2
2020-07-19 15:06:28,316:INFO:------------------------------------------------------------------------------------------------
2020-07-19 15:08:59,522:INFO:ДУГААРАА СОНГОЖ БУЙ ХЭСЭГ
2020-07-19 15:08:59,522:INFO:2
2020-07-19 15:11:05,142:INFO:------------------------------------------------------------------------------------------------
2020-07-19 15:14:41,874:INFO:ДУГААРЫН ҮНЭ
2020-07-19 15:14:41,877:INFO:10000
2020-07-19 15:14:45,266:INFO:ДУГААРАА СОНГОЖ БУЙ ХЭСЭГ
2020-07-19 15:14:45,266:INFO:7
2020-07-19 15:15:08,287:INFO:------------------------------------------------------------------------------------------------
2020-07-19 15:15:09,128:INFO:ДУГААРАА СОНГОЖ БУЙ ХЭСЭГ
2020-07-19 15:15:09,128:INFO:7
2020-07-19 15:15:09,968:INFO:ДУГААРАА СОНГОЖ БУЙ ХЭСЭГ
2020-07-19 15:15:09,968:INFO:7
2020-07-19 15:15:17,657:INFO:ДУГААРАА СОНГОЖ БУЙ ХЭСЭГ
2020-07-19 15:15:17,657:INFO:7
2020-07-19 15:15:26,335:INFO:ДУГААРЫН ҮНЭ
2020-07-19 15:15:26,337:INFO:10000
2020-07-19 15:15:35,497:INFO:ДУГААРАА СОНГОЖ БУЙ ХЭСЭГ
2020-07-19 15:15:35,497:INFO:7
2020-07-19 15:15:51,080:INFO:ДУГААРАА СОНГОЖ БУЙ ХЭСЭГ
2020-07-19 15:15:51,081:INFO:7
2020-07-19 15:27:59,042:INFO:------------------------------------------------------------------------------------------------
2020-07-19 15:27:59,903:INFO:ДУГААРАА СОНГОЖ БУЙ ХЭСЭГ
2020-07-19 15:27:59,903:INFO:2
2020-07-19 15:32:31,439:INFO:ДУГААРАА СОНГОЖ БУЙ ХЭСЭГ
2020-07-19 15:32:31,440:INFO:7
2020-07-19 15:32:32,891:WARNING:Not Found: /favicon.ico
2020-07-19 15:34:47,230:INFO:ДУГААРЫН ҮНЭ
2020-07-19 15:34:47,232:INFO:10000
2020-07-19 15:39:29,152:INFO:ДУГААРАА СОНГОЖ БУЙ ХЭСЭГ
2020-07-19 15:39:29,152:INFO:7
2020-07-19 15:39:29,505:WARNING:Not Found: /favicon.ico
2020-07-19 15:43:51,873:INFO:------------------------------------------------------------------------------------------------
2020-07-19 15:48:17,726:INFO:ДУГААРАА СОНГОЖ БУЙ ХЭСЭГ
2020-07-19 15:48:17,726:INFO:7
2020-07-19 15:48:55,644:INFO:------------------------------------------------------------------------------------------------
2020-07-19 15:48:56,250:INFO:ДУГААРАА СОНГОЖ БУЙ ХЭСЭГ
2020-07-19 15:48:56,251:INFO:2
2020-07-19 15:48:58,285:INFO:------------------------------------------------------------------------------------------------
2020-07-19 15:48:59,002:INFO:ДУГААРАА СОНГОЖ БУЙ ХЭСЭГ
2020-07-19 15:48:59,002:INFO:2
2020-07-19 15:50:02,426:INFO:ДУГААРЫН ҮНЭ
2020-07-19 15:50:02,428:INFO:5000
2020-07-19 15:50:31,330:INFO:ДУГААРАА СОНГОЖ БУЙ ХЭСЭГ
2020-07-19 15:50:31,330:INFO:2
2020-07-19 15:50:54,101:INFO:ДУГААРАА СОНГОЖ БУЙ ХЭСЭГ
2020-07-19 15:50:54,101:INFO:7
2020-07-19 15:51:33,788:INFO:ДУГААРЫН ҮНЭ
2020-07-19 15:51:33,791:INFO:10000
2020-07-19 15:52:47,232:INFO:------------------------------------------------------------------------------------------------
2020-07-19 15:54:57,200:INFO:------------------------------------------------------------------------------------------------
2020-07-19 15:55:41,376:INFO:------------------------------------------------------------------------------------------------
2020-07-19 16:06:33,085:INFO:------------------------------------------------------------------------------------------------
2020-07-19 16:07:17,050:INFO:------------------------------------------------------------------------------------------------
2020-07-19 16:07:17,805:INFO:ДУГААРАА СОНГОЖ БУЙ ХЭСЭГ
2020-07-19 16:07:17,805:INFO:7
2020-07-19 16:43:52,267:INFO:------------------------------------------------------------------------------------------------
2020-07-19 16:52:52,482:INFO:------------------------------------------------------------------------------------------------
2020-07-19 16:55:02,053:INFO:------------------------------------------------------------------------------------------------
2020-07-19 16:55:45,979:INFO:------------------------------------------------------------------------------------------------
2020-07-19 17:01:47,348:INFO:------------------------------------------------------------------------------------------------
2020-07-19 17:01:51,735:INFO:ДУГААРАА СОНГОЖ БУЙ ХЭСЭГ
2020-07-19 17:01:51,736:INFO:7
2020-07-19 17:03:01,135:INFO:ДУГААРАА СОНГОЖ БУЙ ХЭСЭГ
2020-07-19 17:03:01,136:INFO:7
2020-07-19 17:03:02,487:INFO:------------------------------------------------------------------------------------------------
2020-07-19 17:03:03,563:INFO:ДУГААРАА СОНГОЖ БУЙ ХЭСЭГ
2020-07-19 17:03:03,563:INFO:2
2020-07-19 17:04:13,371:INFO:ДУГААРЫН ҮНЭ
2020-07-19 17:04:13,374:INFO:10000
2020-07-19 17:06:37,832:INFO:------------------------------------------------------------------------------------------------
2020-07-19 17:15:08,904:INFO:ДУГААРАА СОНГОЖ БУЙ ХЭСЭГ
2020-07-19 17:15:08,905:INFO:7
2020-07-19 17:15:16,824:INFO:------------------------------------------------------------------------------------------------
2020-07-19 17:15:22,140:INFO:ДУГААРАА СОНГОЖ БУЙ ХЭСЭГ
2020-07-19 17:15:22,140:INFO:2
2020-07-19 17:19:07,619:INFO:------------------------------------------------------------------------------------------------
2020-07-19 17:19:12,185:INFO:ДУГААРАА СОНГОЖ БУЙ ХЭСЭГ
2020-07-19 17:19:12,185:INFO:2
2020-07-19 17:22:30,356:INFO:ДУГААРЫН ҮНЭ
2020-07-19 17:22:30,359:INFO:5000
2020-07-19 17:29:56,393:INFO:------------------------------------------------------------------------------------------------
2020-07-19 17:29:57,251:INFO:ДУГААРАА СОНГОЖ БУЙ ХЭСЭГ
2020-07-19 17:29:57,251:INFO:2
2020-07-19 17:30:21,744:INFO:ДУГААРЫН ҮНЭ
2020-07-19 17:30:21,746:INFO:5000
2020-07-19 17:30:37,064:INFO:ДУГААРЫН ҮНЭ
2020-07-19 17:30:37,067:INFO:5000
2020-07-19 17:30:40,942:INFO:ДУГААРЫН ҮНЭ
2020-07-19 17:30:40,944:INFO:5000
2020-07-19 17:31:42,719:INFO:ДУГААРЫН ҮНЭ
2020-07-19 17:31:42,721:INFO:5000
2020-07-19 17:33:05,438:INFO:------------------------------------------------------------------------------------------------
2020-07-19 17:33:06,317:INFO:ДУГААРАА СОНГОЖ БУЙ ХЭСЭГ
2020-07-19 17:33:06,318:INFO:2
2020-07-19 17:33:08,285:INFO:------------------------------------------------------------------------------------------------
2020-07-19 17:33:09,732:INFO:ДУГААРАА СОНГОЖ БУЙ ХЭСЭГ
2020-07-19 17:33:09,732:INFO:2
2020-07-19 17:33:16,259:INFO:ДУГААРЫН ҮНЭ
2020-07-19 17:33:16,261:INFO:5000
2020-07-19 17:34:56,854:INFO:ДУГААРЫН ҮНЭ
2020-07-19 17:34:56,857:INFO:5000
2020-07-19 17:35:02,582:INFO:------------------------------------------------------------------------------------------------
2020-07-19 17:38:48,645:INFO:------------------------------------------------------------------------------------------------
2020-07-19 17:38:49,538:INFO:ДУГААРАА СОНГОЖ БУЙ ХЭСЭГ
2020-07-19 17:38:49,538:INFO:2
2020-07-19 17:39:50,708:INFO:ДУГААРАА СОНГОЖ БУЙ ХЭСЭГ
2020-07-19 17:39:50,708:INFO:2
2020-07-19 17:41:17,235:INFO:ДУГААРЫН ҮНЭ
2020-07-19 17:41:17,237:INFO:5000
2020-07-19 17:43:52,446:INFO:------------------------------------------------------------------------------------------------
2020-07-19 17:46:06,235:INFO:ДУГААРЫН ҮНЭ
2020-07-19 17:46:06,238:INFO:5000
2020-07-19 17:47:25,584:INFO:------------------------------------------------------------------------------------------------
2020-07-19 17:47:26,699:INFO:------------------------------------------------------------------------------------------------
2020-07-19 17:47:28,206:INFO:ДУГААРАА СОНГОЖ БУЙ ХЭСЭГ
2020-07-19 17:47:28,206:INFO:2
2020-07-19 17:52:57,545:INFO:------------------------------------------------------------------------------------------------
2020-07-19 17:55:06,906:INFO:------------------------------------------------------------------------------------------------
2020-07-19 17:55:50,595:INFO:------------------------------------------------------------------------------------------------
2020-07-19 18:10:42,230:INFO:------------------------------------------------------------------------------------------------
2020-07-19 18:10:43,573:INFO:ДУГААРАА СОНГОЖ БУЙ ХЭСЭГ
2020-07-19 18:10:43,574:INFO:2
2020-07-19 18:17:07,509:INFO:------------------------------------------------------------------------------------------------
2020-07-19 18:25:01,628:WARNING:Not Found: /
2020-07-19 18:28:08,326:INFO:ДУГААРЫН ҮНЭ
2020-07-19 18:28:08,329:INFO:5000
2020-07-19 18:28:24,423:INFO:ДУГААРЫН ZAHIALGA
2020-07-19 18:30:24,584:INFO:------------------------------------------------------------------------------------------------
2020-07-19 18:33:58,644:INFO:------------------------------------------------------------------------------------------------
2020-07-19 18:33:59,866:INFO:ДУГААРАА СОНГОЖ БУЙ ХЭСЭГ
2020-07-19 18:33:59,866:INFO:2
2020-07-19 18:43:52,618:INFO:------------------------------------------------------------------------------------------------
2020-07-19 18:53:02,251:INFO:------------------------------------------------------------------------------------------------
2020-07-19 18:55:11,748:INFO:------------------------------------------------------------------------------------------------
2020-07-19 18:55:55,309:INFO:------------------------------------------------------------------------------------------------
2020-07-19 19:03:26,542:INFO:------------------------------------------------------------------------------------------------
2020-07-19 19:03:27,714:INFO:ДУГААРАА СОНГОЖ БУЙ ХЭСЭГ
2020-07-19 19:03:27,714:INFO:2
2020-07-19 19:05:44,292:INFO:------------------------------------------------------------------------------------------------
2020-07-19 19:05:45,845:INFO:ДУГААРАА СОНГОЖ БУЙ ХЭСЭГ
2020-07-19 19:05:45,845:INFO:2
2020-07-19 19:17:07,540:INFO:------------------------------------------------------------------------------------------------
2020-07-19 19:30:24,847:INFO:------------------------------------------------------------------------------------------------
2020-07-19 19:43:52,792:INFO:------------------------------------------------------------------------------------------------
2020-07-19 19:53:07,508:INFO:------------------------------------------------------------------------------------------------
2020-07-19 19:55:16,598:INFO:------------------------------------------------------------------------------------------------
2020-07-19 19:55:59,934:INFO:------------------------------------------------------------------------------------------------
2020-07-19 20:17:17,118:INFO:------------------------------------------------------------------------------------------------
2020-07-19 20:17:18,805:INFO:ДУГААРАА СОНГОЖ БУЙ ХЭСЭГ
2020-07-19 20:17:18,805:INFO:7
2020-07-19 20:17:30,936:INFO:------------------------------------------------------------------------------------------------
2020-07-19 20:17:33,021:INFO:ДУГААРАА СОНГОЖ БУЙ ХЭСЭГ
2020-07-19 20:17:33,021:INFO:7
2020-07-19 20:17:34,305:INFO:ДУГААРАА СОНГОЖ БУЙ ХЭСЭГ
2020-07-19 20:17:34,306:INFO:7
2020-07-19 20:30:29,465:INFO:------------------------------------------------------------------------------------------------
2020-07-19 20:53:12,535:INFO:------------------------------------------------------------------------------------------------
2020-07-19 20:54:09,726:INFO:ДУГААРАА СОНГОЖ БУЙ ХЭСЭГ
2020-07-19 20:54:09,726:INFO:2
2020-07-19 20:54:13,573:INFO:------------------------------------------------------------------------------------------------
2020-07-19 20:54:14,906:INFO:ДУГААРАА СОНГОЖ БУЙ ХЭСЭГ
2020-07-19 20:54:14,907:INFO:2
2020-07-19 20:54:15,794:INFO:ДУГААРАА СОНГОЖ БУЙ ХЭСЭГ
2020-07-19 20:54:15,794:INFO:2
2020-07-19 20:54:24,830:INFO:------------------------------------------------------------------------------------------------
2020-07-19 20:54:25,511:INFO:ДУГААРАА СОНГОЖ БУЙ ХЭСЭГ
2020-07-19 20:54:25,511:INFO:7
2020-07-19 20:54:28,030:INFO:ДУГААРАА СОНГОЖ БУЙ ХЭСЭГ
2020-07-19 20:54:28,030:INFO:7
2020-07-19 20:54:44,491:INFO:ДУГААРАА СОНГОЖ БУЙ ХЭСЭГ
2020-07-19 20:54:44,491:INFO:7
2020-07-19 20:55:21,441:INFO:------------------------------------------------------------------------------------------------
2020-07-19 20:56:04,523:INFO:------------------------------------------------------------------------------------------------
2020-07-19 21:53:17,337:INFO:------------------------------------------------------------------------------------------------
2020-07-19 21:55:26,286:INFO:------------------------------------------------------------------------------------------------
2020-07-19 21:56:09,226:INFO:------------------------------------------------------------------------------------------------
2020-07-19 22:53:22,486:INFO:------------------------------------------------------------------------------------------------
2020-07-19 22:55:31,144:INFO:------------------------------------------------------------------------------------------------
2020-07-19 22:56:14,054:INFO:------------------------------------------------------------------------------------------------
2020-07-19 23:53:28,053:INFO:------------------------------------------------------------------------------------------------
2020-07-19 23:55:36,001:INFO:------------------------------------------------------------------------------------------------
2020-07-19 23:56:18,683:INFO:------------------------------------------------------------------------------------------------
2020-07-20 00:53:33,411:INFO:------------------------------------------------------------------------------------------------
2020-07-20 00:55:40,858:INFO:------------------------------------------------------------------------------------------------
2020-07-20 00:56:23,295:INFO:------------------------------------------------------------------------------------------------
2020-07-20 01:29:44,182:WARNING:Not Found: /
2020-07-20 01:53:38,663:INFO:------------------------------------------------------------------------------------------------
2020-07-20 01:55:45,681:INFO:------------------------------------------------------------------------------------------------
2020-07-20 01:56:27,897:INFO:------------------------------------------------------------------------------------------------
2020-07-20 02:53:42,156:INFO:------------------------------------------------------------------------------------------------
2020-07-20 02:55:50,545:INFO:------------------------------------------------------------------------------------------------
2020-07-20 02:56:32,532:INFO:------------------------------------------------------------------------------------------------
2020-07-20 03:53:47,496:INFO:------------------------------------------------------------------------------------------------
2020-07-20 03:55:55,389:INFO:------------------------------------------------------------------------------------------------
2020-07-20 03:56:37,131:INFO:------------------------------------------------------------------------------------------------
2020-07-20 04:53:52,895:INFO:------------------------------------------------------------------------------------------------
2020-07-20 05:53:58,064:INFO:------------------------------------------------------------------------------------------------
2020-07-20 05:58:59,125:WARNING:Not Found: /
2020-07-20 06:19:55,003:WARNING:Not Found: /robots.txt
