2020-07-12 06:25:19,293:INFO:------------------------------------------------------------------------------------------------
2020-07-12 07:14:30,435:WARNING:Not Found: /
2020-07-12 07:25:19,366:INFO:------------------------------------------------------------------------------------------------
2020-07-12 08:25:19,426:INFO:------------------------------------------------------------------------------------------------
2020-07-12 09:17:23,731:INFO:ДУГААРАА СОНГОЖ БУЙ ХЭСЭГ
2020-07-12 09:17:23,731:INFO:7
2020-07-12 09:17:33,047:INFO:ДУГААРАА СОНГОЖ БУЙ ХЭСЭГ
2020-07-12 09:17:33,048:INFO:7
2020-07-12 09:17:36,210:INFO:------------------------------------------------------------------------------------------------
2020-07-12 09:21:45,750:WARNING:Not Found: /robots.txt
2020-07-12 09:23:50,510:INFO:------------------------------------------------------------------------------------------------
2020-07-12 09:25:19,502:INFO:------------------------------------------------------------------------------------------------
2020-07-12 09:56:51,166:INFO:ДУГААРАА СОНГОЖ БУЙ ХЭСЭГ
2020-07-12 09:56:51,167:INFO:2
2020-07-12 09:56:51,786:WARNING:Not Found: /favicon.ico
2020-07-12 09:56:53,188:INFO:------------------------------------------------------------------------------------------------
2020-07-12 09:56:54,422:INFO:ДУГААРАА СОНГОЖ БУЙ ХЭСЭГ
2020-07-12 09:56:54,422:INFO:2
2020-07-12 10:08:09,410:INFO:ДУГААРАА СОНГОЖ БУЙ ХЭСЭГ
2020-07-12 10:08:09,411:INFO:7
2020-07-12 10:08:10,390:WARNING:Not Found: /favicon.ico
2020-07-12 10:17:36,410:INFO:------------------------------------------------------------------------------------------------
2020-07-12 10:24:07,586:INFO:ДУГААРАА СОНГОЖ БУЙ ХЭСЭГ
2020-07-12 10:24:07,586:INFO:2
2020-07-12 10:24:27,732:INFO:------------------------------------------------------------------------------------------------
2020-07-12 10:25:06,253:INFO:ДУГААРЫН ҮНЭ
2020-07-12 10:25:06,256:INFO:5000
2020-07-12 10:25:19,555:INFO:------------------------------------------------------------------------------------------------
2020-07-12 11:02:46,420:INFO:------------------------------------------------------------------------------------------------
2020-07-12 11:02:47,569:INFO:ДУГААРАА СОНГОЖ БУЙ ХЭСЭГ
2020-07-12 11:02:47,569:INFO:7
2020-07-12 11:02:53,133:INFO:------------------------------------------------------------------------------------------------
2020-07-12 11:02:54,016:INFO:ДУГААРАА СОНГОЖ БУЙ ХЭСЭГ
2020-07-12 11:02:54,017:INFO:2
2020-07-12 11:03:10,608:INFO:ДУГААРЫН ҮНЭ
2020-07-12 11:03:10,611:INFO:5000
2020-07-12 11:03:41,823:INFO:ДУГААРЫН ҮНЭ
2020-07-12 11:03:41,826:INFO:5000
2020-07-12 11:24:27,895:INFO:------------------------------------------------------------------------------------------------
2020-07-12 11:25:19,613:INFO:------------------------------------------------------------------------------------------------
2020-07-12 11:31:22,259:INFO:------------------------------------------------------------------------------------------------
2020-07-12 11:31:24,221:INFO:ДУГААРАА СОНГОЖ БУЙ ХЭСЭГ
2020-07-12 11:31:24,221:INFO:7
2020-07-12 11:31:36,528:INFO:------------------------------------------------------------------------------------------------
2020-07-12 11:31:37,673:INFO:ДУГААРАА СОНГОЖ БУЙ ХЭСЭГ
2020-07-12 11:31:37,674:INFO:2
2020-07-12 11:31:37,950:WARNING:Not Found: /favicon.ico
2020-07-12 11:31:43,811:INFO:ДУГААРЫН ҮНЭ
2020-07-12 11:31:43,813:INFO:10000
2020-07-12 11:31:49,688:INFO:ДУГААРЫН ҮНЭ
2020-07-12 11:31:49,690:INFO:10000
2020-07-12 11:35:38,205:INFO:ДУГААРАА СОНГОЖ БУЙ ХЭСЭГ
2020-07-12 11:35:38,205:INFO:7
2020-07-12 11:36:00,736:INFO:------------------------------------------------------------------------------------------------
2020-07-12 11:36:04,712:INFO:ДУГААРАА СОНГОЖ БУЙ ХЭСЭГ
2020-07-12 11:36:04,712:INFO:2
2020-07-12 11:37:03,781:INFO:------------------------------------------------------------------------------------------------
2020-07-12 11:37:06,222:INFO:ДУГААРАА СОНГОЖ БУЙ ХЭСЭГ
2020-07-12 11:37:06,222:INFO:7
2020-07-12 11:37:39,494:INFO:ДУГААРАА СОНГОЖ БУЙ ХЭСЭГ
2020-07-12 11:37:39,495:INFO:2
2020-07-12 11:37:39,957:WARNING:Not Found: /favicon.ico
2020-07-12 11:37:53,361:INFO:------------------------------------------------------------------------------------------------
2020-07-12 11:37:54,321:INFO:ДУГААРАА СОНГОЖ БУЙ ХЭСЭГ
2020-07-12 11:37:54,321:INFO:2
2020-07-12 11:38:04,058:INFO:ДУГААРЫН ҮНЭ
2020-07-12 11:38:04,061:INFO:10000
2020-07-12 11:38:18,119:INFO:ДУГААРЫН ҮНЭ
2020-07-12 11:38:18,121:INFO:5000
2020-07-12 11:39:52,990:INFO:------------------------------------------------------------------------------------------------
2020-07-12 11:40:49,776:INFO:------------------------------------------------------------------------------------------------
2020-07-12 11:43:42,833:INFO:ДУГААРАА СОНГОЖ БУЙ ХЭСЭГ
2020-07-12 11:43:42,833:INFO:7
2020-07-12 11:43:52,763:INFO:ДУГААРЫН ҮНЭ
2020-07-12 11:43:52,765:INFO:10000
2020-07-12 12:24:27,994:INFO:------------------------------------------------------------------------------------------------
2020-07-12 12:25:19,655:INFO:------------------------------------------------------------------------------------------------
2020-07-12 12:30:46,939:INFO:------------------------------------------------------------------------------------------------
2020-07-12 12:30:48,092:INFO:ДУГААРАА СОНГОЖ БУЙ ХЭСЭГ
2020-07-12 12:30:48,092:INFO:7
2020-07-12 12:31:23,819:INFO:ДУГААРЫН ҮНЭ
2020-07-12 12:31:23,822:INFO:10000
2020-07-12 12:39:53,162:INFO:------------------------------------------------------------------------------------------------
2020-07-12 12:52:37,266:INFO:ДУГААРАА СОНГОЖ БУЙ ХЭСЭГ
2020-07-12 12:52:37,266:INFO:2
2020-07-12 12:53:15,609:INFO:ДУГААРЫН ҮНЭ
2020-07-12 12:53:15,612:INFO:5000
2020-07-12 12:55:30,061:INFO:------------------------------------------------------------------------------------------------
2020-07-12 13:05:04,652:INFO:ДУГААРЫН ҮНЭ
2020-07-12 13:05:04,657:INFO:5000
2020-07-12 13:05:17,458:INFO:ДУГААРАА СОНГОЖ БУЙ ХЭСЭГ
2020-07-12 13:05:17,458:INFO:2
2020-07-12 13:05:22,181:INFO:ДУГААРАА СОНГОЖ БУЙ ХЭСЭГ
2020-07-12 13:05:22,181:INFO:2
2020-07-12 13:05:23,669:INFO:ДУГААРАА СОНГОЖ БУЙ ХЭСЭГ
2020-07-12 13:05:23,669:INFO:2
2020-07-12 13:05:24,656:INFO:ДУГААРАА СОНГОЖ БУЙ ХЭСЭГ
2020-07-12 13:05:24,656:INFO:2
2020-07-12 13:05:26,324:INFO:ДУГААРАА СОНГОЖ БУЙ ХЭСЭГ
2020-07-12 13:05:26,324:INFO:2
2020-07-12 13:05:42,324:INFO:ДУГААРАА СОНГОЖ БУЙ ХЭСЭГ
2020-07-12 13:05:42,324:INFO:2
2020-07-12 13:06:53,180:INFO:ДУГААРЫН ҮНЭ
2020-07-12 13:06:53,183:INFO:5000
2020-07-12 13:07:00,662:WARNING:Not Found: /
2020-07-12 13:25:19,741:INFO:------------------------------------------------------------------------------------------------
2020-07-12 13:31:32,661:INFO:------------------------------------------------------------------------------------------------
2020-07-12 13:31:35,951:INFO:ДУГААРАА СОНГОЖ БУЙ ХЭСЭГ
2020-07-12 13:31:35,951:INFO:2
2020-07-12 13:39:53,307:INFO:------------------------------------------------------------------------------------------------
2020-07-12 13:41:49,494:WARNING:Not Found: /
2020-07-12 14:22:39,963:INFO:ДУГААРАА СОНГОЖ БУЙ ХЭСЭГ
2020-07-12 14:22:39,963:INFO:7
2020-07-12 14:25:19,788:INFO:------------------------------------------------------------------------------------------------
2020-07-12 14:27:53,678:INFO:ДУГААРАА СОНГОЖ БУЙ ХЭСЭГ
2020-07-12 14:27:53,678:INFO:7
2020-07-12 14:28:01,834:INFO:ДУГААРАА СОНГОЖ БУЙ ХЭСЭГ
2020-07-12 14:28:01,834:INFO:7
2020-07-12 14:28:33,146:INFO:ДУГААРАА СОНГОЖ БУЙ ХЭСЭГ
2020-07-12 14:28:33,146:INFO:7
2020-07-12 14:28:56,358:INFO:------------------------------------------------------------------------------------------------
2020-07-12 14:28:59,280:INFO:------------------------------------------------------------------------------------------------
2020-07-12 14:29:01,778:INFO:ДУГААРАА СОНГОЖ БУЙ ХЭСЭГ
2020-07-12 14:29:01,778:INFO:2
2020-07-12 14:29:02,602:INFO:ДУГААРАА СОНГОЖ БУЙ ХЭСЭГ
2020-07-12 14:29:02,602:INFO:2
2020-07-12 14:29:03,379:INFO:ДУГААРАА СОНГОЖ БУЙ ХЭСЭГ
2020-07-12 14:29:03,379:INFO:2
2020-07-12 14:29:03,903:INFO:ДУГААРАА СОНГОЖ БУЙ ХЭСЭГ
2020-07-12 14:29:03,904:INFO:2
2020-07-12 14:29:11,237:INFO:ДУГААРЫН ҮНЭ
2020-07-12 14:29:11,240:INFO:5000
2020-07-12 14:31:55,269:INFO:ДУГААРАА СОНГОЖ БУЙ ХЭСЭГ
2020-07-12 14:31:55,270:INFO:2
2020-07-12 14:34:20,826:INFO:ДУГААРАА СОНГОЖ БУЙ ХЭСЭГ
2020-07-12 14:34:20,826:INFO:2
2020-07-12 14:35:06,954:INFO:ДУГААРАА СОНГОЖ БУЙ ХЭСЭГ
2020-07-12 14:35:06,954:INFO:2
2020-07-12 14:36:53,051:INFO:ДУГААРАА СОНГОЖ БУЙ ХЭСЭГ
2020-07-12 14:36:53,052:INFO:2
2020-07-12 14:37:16,638:INFO:ДУГААРАА СОНГОЖ БУЙ ХЭСЭГ
2020-07-12 14:37:16,639:INFO:2
2020-07-12 14:42:32,332:INFO:------------------------------------------------------------------------------------------------
2020-07-12 14:42:34,969:INFO:ДУГААРАА СОНГОЖ БУЙ ХЭСЭГ
2020-07-12 14:42:34,969:INFO:7
2020-07-12 14:42:38,540:INFO:------------------------------------------------------------------------------------------------
2020-07-12 14:42:40,353:INFO:ДУГААРАА СОНГОЖ БУЙ ХЭСЭГ
2020-07-12 14:42:40,353:INFO:2
2020-07-12 14:42:42,168:INFO:ДУГААРАА СОНГОЖ БУЙ ХЭСЭГ
2020-07-12 14:42:42,168:INFO:2
2020-07-12 14:43:02,143:INFO:------------------------------------------------------------------------------------------------
2020-07-12 14:43:05,433:INFO:ДУГААРАА СОНГОЖ БУЙ ХЭСЭГ
2020-07-12 14:43:05,433:INFO:2
2020-07-12 14:43:19,332:INFO:ДУГААРЫН ҮНЭ
2020-07-12 14:43:19,335:INFO:5000
2020-07-12 14:44:46,340:INFO:ДУГААРЫН ҮНЭ
2020-07-12 14:44:46,344:INFO:5000
2020-07-12 14:59:25,327:INFO:ДУГААРАА СОНГОЖ БУЙ ХЭСЭГ
2020-07-12 14:59:25,328:INFO:2
2020-07-12 15:01:43,858:INFO:------------------------------------------------------------------------------------------------
2020-07-12 15:01:45,241:INFO:ДУГААРАА СОНГОЖ БУЙ ХЭСЭГ
2020-07-12 15:01:45,242:INFO:7
2020-07-12 15:02:03,890:INFO:ДУГААРЫН ҮНЭ
2020-07-12 15:02:03,894:INFO:10000
2020-07-12 15:02:08,842:INFO:ДУГААРЫН ҮНЭ
2020-07-12 15:02:08,845:INFO:10000
2020-07-12 15:25:19,859:INFO:------------------------------------------------------------------------------------------------
2020-07-12 15:25:59,539:INFO:------------------------------------------------------------------------------------------------
2020-07-12 15:26:00,398:INFO:ДУГААРАА СОНГОЖ БУЙ ХЭСЭГ
2020-07-12 15:26:00,398:INFO:7
2020-07-12 15:26:57,409:INFO:ДУГААРЫН ҮНЭ
2020-07-12 15:26:57,412:INFO:10000
2020-07-12 15:29:08,063:INFO:ДУГААРАА СОНГОЖ БУЙ ХЭСЭГ
2020-07-12 15:29:08,063:INFO:7
2020-07-12 15:29:49,203:INFO:ДУГААРАА СОНГОЖ БУЙ ХЭСЭГ
2020-07-12 15:29:49,203:INFO:7
2020-07-12 15:40:07,304:INFO:------------------------------------------------------------------------------------------------
2020-07-12 16:25:19,905:INFO:------------------------------------------------------------------------------------------------
2020-07-12 16:40:16,818:INFO:------------------------------------------------------------------------------------------------
2020-07-12 17:25:19,983:INFO:------------------------------------------------------------------------------------------------
2020-07-12 17:40:17,899:INFO:------------------------------------------------------------------------------------------------
2020-07-12 18:25:20,045:INFO:------------------------------------------------------------------------------------------------
2020-07-12 18:40:24,210:INFO:------------------------------------------------------------------------------------------------
2020-07-12 18:46:48,052:INFO:------------------------------------------------------------------------------------------------
2020-07-12 18:46:49,851:INFO:ДУГААРАА СОНГОЖ БУЙ ХЭСЭГ
2020-07-12 18:46:49,851:INFO:7
2020-07-12 19:25:20,114:INFO:------------------------------------------------------------------------------------------------
2020-07-12 19:40:28,937:INFO:------------------------------------------------------------------------------------------------
2020-07-12 20:18:33,941:INFO:ДУГААРАА СОНГОЖ БУЙ ХЭСЭГ
2020-07-12 20:18:33,941:INFO:7
2020-07-12 20:18:37,020:WARNING:Not Found: /favicon.ico
2020-07-12 20:20:08,610:INFO:------------------------------------------------------------------------------------------------
2020-07-12 20:20:09,895:INFO:ДУГААРАА СОНГОЖ БУЙ ХЭСЭГ
2020-07-12 20:20:09,896:INFO:7
2020-07-12 20:25:20,180:INFO:------------------------------------------------------------------------------------------------
2020-07-12 20:52:28,506:INFO:ДУГААРЫН ҮНЭ
2020-07-12 20:52:28,509:INFO:10000
2020-07-12 20:52:38,632:INFO:ДУГААРЫН ZAHIALGA
2020-07-12 20:52:40,771:INFO:------------------------------------------------------------------------------------------------
2020-07-12 20:52:42,060:INFO:ДУГААРАА СОНГОЖ БУЙ ХЭСЭГ
2020-07-12 20:52:42,060:INFO:7
2020-07-12 21:25:20,253:INFO:------------------------------------------------------------------------------------------------
2020-07-12 22:25:20,304:INFO:------------------------------------------------------------------------------------------------
2020-07-12 23:25:20,374:INFO:------------------------------------------------------------------------------------------------
2020-07-13 00:25:20,444:INFO:------------------------------------------------------------------------------------------------
2020-07-13 01:25:20,504:INFO:------------------------------------------------------------------------------------------------
2020-07-13 02:25:20,571:INFO:------------------------------------------------------------------------------------------------
2020-07-13 03:25:20,624:INFO:------------------------------------------------------------------------------------------------
2020-07-13 04:25:20,663:INFO:------------------------------------------------------------------------------------------------
2020-07-13 05:25:20,755:INFO:------------------------------------------------------------------------------------------------
