2020-06-13 06:41:07,735:INFO:------------------------------------------------------------------------------------------------
2020-06-13 06:48:52,883:INFO:------------------------------------------------------------------------------------------------
2020-06-13 06:53:40,735:INFO:------------------------------------------------------------------------------------------------
2020-06-13 07:23:16,324:INFO:------------------------------------------------------------------------------------------------
2020-06-13 07:41:07,921:INFO:------------------------------------------------------------------------------------------------
2020-06-13 07:48:57,474:INFO:------------------------------------------------------------------------------------------------
2020-06-13 07:53:40,871:INFO:------------------------------------------------------------------------------------------------
2020-06-13 08:23:20,927:INFO:------------------------------------------------------------------------------------------------
2020-06-13 08:41:08,158:INFO:------------------------------------------------------------------------------------------------
2020-06-13 08:49:02,093:INFO:------------------------------------------------------------------------------------------------
2020-06-13 08:53:41,024:INFO:------------------------------------------------------------------------------------------------
2020-06-13 09:19:57,070:INFO:ДУГААРАА СОНГОЖ БУЙ ХЭСЭГ
2020-06-13 09:19:57,070:INFO:2
2020-06-13 09:20:11,967:INFO:ДУГААРАА СОНГОЖ БУЙ ХЭСЭГ
2020-06-13 09:20:11,968:INFO:2
2020-06-13 09:23:25,538:INFO:------------------------------------------------------------------------------------------------
2020-06-13 09:30:31,036:INFO:------------------------------------------------------------------------------------------------
2020-06-13 09:30:32,996:INFO:ДУГААРАА СОНГОЖ БУЙ ХЭСЭГ
2020-06-13 09:30:32,996:INFO:7
2020-06-13 09:30:33,359:WARNING:Not Found: /favicon.ico
2020-06-13 09:41:08,418:INFO:------------------------------------------------------------------------------------------------
2020-06-13 09:46:28,046:INFO:------------------------------------------------------------------------------------------------
2020-06-13 09:46:30,501:INFO:ДУГААРАА СОНГОЖ БУЙ ХЭСЭГ
2020-06-13 09:46:30,502:INFO:2
2020-06-13 09:46:30,856:WARNING:Not Found: /favicon.ico
2020-06-13 09:49:06,685:INFO:------------------------------------------------------------------------------------------------
2020-06-13 09:51:17,061:INFO:------------------------------------------------------------------------------------------------
2020-06-13 09:53:41,138:INFO:------------------------------------------------------------------------------------------------
2020-06-13 09:57:49,251:INFO:ДУГААРАА СОНГОЖ БУЙ ХЭСЭГ
2020-06-13 09:57:49,251:INFO:2
2020-06-13 09:57:54,147:WARNING:Not Found: /favicon.ico
2020-06-13 10:01:50,725:INFO:ДУГААРАА СОНГОЖ БУЙ ХЭСЭГ
2020-06-13 10:01:50,725:INFO:2
2020-06-13 10:01:50,904:INFO:------------------------------------------------------------------------------------------------
2020-06-13 10:05:56,916:INFO:------------------------------------------------------------------------------------------------
2020-06-13 10:06:03,438:INFO:ДУГААРАА СОНГОЖ БУЙ ХЭСЭГ
2020-06-13 10:06:03,439:INFO:2
2020-06-13 10:06:03,703:WARNING:Not Found: /favicon.ico
2020-06-13 10:12:00,730:INFO:------------------------------------------------------------------------------------------------
2020-06-13 10:12:02,761:INFO:ДУГААРАА СОНГОЖ БУЙ ХЭСЭГ
2020-06-13 10:12:02,761:INFO:7
2020-06-13 10:12:06,825:INFO:ДУГААРАА СОНГОЖ БУЙ ХЭСЭГ
2020-06-13 10:12:06,825:INFO:7
2020-06-13 10:12:17,929:INFO:ДУГААРЫН ҮНЭ
2020-06-13 10:12:17,932:INFO:5000
2020-06-13 10:15:14,963:INFO:ДУГААРАА СОНГОЖ БУЙ ХЭСЭГ
2020-06-13 10:15:14,964:INFO:7
2020-06-13 10:16:09,733:INFO:ДУГААРАА СОНГОЖ БУЙ ХЭСЭГ
2020-06-13 10:16:09,734:INFO:7
2020-06-13 10:17:55,150:ERROR:Internal Server Error: /getnumber
Traceback (most recent call last):
  File "/usr/local/lib/python2.7/dist-packages/django/core/handlers/exception.py", line 41, in inner
    response = get_response(request)
  File "/usr/local/lib/python2.7/dist-packages/django/core/handlers/base.py", line 187, in _get_response
    response = self.process_exception_by_middleware(e, request)
  File "/usr/local/lib/python2.7/dist-packages/django/core/handlers/base.py", line 185, in _get_response
    response = wrapped_callback(request, *callback_args, **callback_kwargs)
  File "/usr/local/lib/python2.7/dist-packages/django/views/decorators/csrf.py", line 58, in wrapped_view
    return view_func(*args, **kwargs)
  File "/usr/local/lib/python2.7/dist-packages/django/views/generic/base.py", line 68, in view
    return self.dispatch(request, *args, **kwargs)
  File "/usr/local/lib/python2.7/dist-packages/rest_framework/views.py", line 495, in dispatch
    response = self.handle_exception(exc)
  File "/usr/local/lib/python2.7/dist-packages/rest_framework/views.py", line 455, in handle_exception
    self.raise_uncaught_exception(exc)
  File "/usr/local/lib/python2.7/dist-packages/rest_framework/views.py", line 492, in dispatch
    response = handler(request, *args, **kwargs)
  File "/usr/local/lib/python2.7/dist-packages/rest_framework/decorators.py", line 55, in handler
    return func(*args, **kwargs)
  File "/home/user/nFilterNew/controller/views.py", line 206, in getNumber
    if data[1] == az:
IndexError: list index out of range
2020-06-13 10:19:35,086:INFO:ДУГААРЫН ҮНЭ
2020-06-13 10:19:35,089:INFO:10000
2020-06-13 10:20:23,452:INFO:------------------------------------------------------------------------------------------------
2020-06-13 10:22:25,991:INFO:ДУГААРАА СОНГОЖ БУЙ ХЭСЭГ
2020-06-13 10:22:25,992:INFO:7
2020-06-13 10:23:18,499:INFO:------------------------------------------------------------------------------------------------
2020-06-13 10:23:19,870:INFO:ДУГААРАА СОНГОЖ БУЙ ХЭСЭГ
2020-06-13 10:23:19,870:INFO:7
2020-06-13 10:23:30,121:INFO:------------------------------------------------------------------------------------------------
2020-06-13 10:24:54,368:INFO:ДУГААРАА СОНГОЖ БУЙ ХЭСЭГ
2020-06-13 10:24:54,368:INFO:7
2020-06-13 10:24:54,864:WARNING:Not Found: /favicon.ico
2020-06-13 10:30:59,706:INFO:ДУГААРАА СОНГОЖ БУЙ ХЭСЭГ
2020-06-13 10:30:59,707:INFO:7
2020-06-13 10:31:00,361:WARNING:Not Found: /favicon.ico
2020-06-13 10:31:23,957:INFO:------------------------------------------------------------------------------------------------
2020-06-13 10:31:25,163:INFO:ДУГААРАА СОНГОЖ БУЙ ХЭСЭГ
2020-06-13 10:31:25,163:INFO:2
2020-06-13 10:33:12,335:INFO:------------------------------------------------------------------------------------------------
2020-06-13 10:33:13,628:INFO:ДУГААРАА СОНГОЖ БУЙ ХЭСЭГ
2020-06-13 10:33:13,628:INFO:2
2020-06-13 10:33:34,720:INFO:ДУГААРЫН ҮНЭ
2020-06-13 10:33:34,724:INFO:5000
2020-06-13 10:40:00,603:INFO:------------------------------------------------------------------------------------------------
2020-06-13 10:40:18,686:INFO:------------------------------------------------------------------------------------------------
2020-06-13 10:40:21,496:INFO:ДУГААРАА СОНГОЖ БУЙ ХЭСЭГ
2020-06-13 10:40:21,496:INFO:2
2020-06-13 10:40:21,706:WARNING:Not Found: /favicon.ico
2020-06-13 10:40:21,765:WARNING:Not Found: /favicon.ico
2020-06-13 10:40:23,157:INFO:------------------------------------------------------------------------------------------------
2020-06-13 10:41:08,563:INFO:------------------------------------------------------------------------------------------------
2020-06-13 10:42:12,071:INFO:------------------------------------------------------------------------------------------------
2020-06-13 10:42:13,893:INFO:ДУГААРАА СОНГОЖ БУЙ ХЭСЭГ
2020-06-13 10:42:13,893:INFO:7
2020-06-13 10:42:14,235:WARNING:Not Found: /favicon.ico
2020-06-13 10:42:20,478:INFO:ДУГААРАА СОНГОЖ БУЙ ХЭСЭГ
2020-06-13 10:42:20,479:INFO:7
2020-06-13 10:42:21,429:INFO:ДУГААРАА СОНГОЖ БУЙ ХЭСЭГ
2020-06-13 10:42:21,429:INFO:7
2020-06-13 10:42:24,749:INFO:ДУГААРАА СОНГОЖ БУЙ ХЭСЭГ
2020-06-13 10:42:24,750:INFO:7
2020-06-13 10:43:00,279:INFO:ДУГААРАА СОНГОЖ БУЙ ХЭСЭГ
2020-06-13 10:43:00,279:INFO:7
2020-06-13 10:44:00,511:INFO:ДУГААРАА СОНГОЖ БУЙ ХЭСЭГ
2020-06-13 10:44:00,511:INFO:7
2020-06-13 10:45:12,145:INFO:ДУГААРАА СОНГОЖ БУЙ ХЭСЭГ
2020-06-13 10:45:12,145:INFO:7
2020-06-13 10:45:19,911:INFO:ДУГААРАА СОНГОЖ БУЙ ХЭСЭГ
2020-06-13 10:45:19,911:INFO:7
2020-06-13 10:46:13,304:INFO:------------------------------------------------------------------------------------------------
2020-06-13 10:46:14,112:INFO:ДУГААРАА СОНГОЖ БУЙ ХЭСЭГ
2020-06-13 10:46:14,112:INFO:2
2020-06-13 10:46:14,946:INFO:ДУГААРАА СОНГОЖ БУЙ ХЭСЭГ
2020-06-13 10:46:14,946:INFO:7
2020-06-13 10:46:27,803:INFO:------------------------------------------------------------------------------------------------
2020-06-13 10:46:31,532:INFO:ДУГААРАА СОНГОЖ БУЙ ХЭСЭГ
2020-06-13 10:46:31,532:INFO:7
2020-06-13 10:46:47,821:INFO:ДУГААРАА СОНГОЖ БУЙ ХЭСЭГ
2020-06-13 10:46:47,821:INFO:7
2020-06-13 10:46:50,497:INFO:------------------------------------------------------------------------------------------------
2020-06-13 10:46:54,043:INFO:ДУГААРАА СОНГОЖ БУЙ ХЭСЭГ
2020-06-13 10:46:54,043:INFO:7
2020-06-13 10:47:04,039:INFO:ДУГААРАА СОНГОЖ БУЙ ХЭСЭГ
2020-06-13 10:47:04,039:INFO:7
2020-06-13 10:47:10,816:INFO:ДУГААРАА СОНГОЖ БУЙ ХЭСЭГ
2020-06-13 10:47:10,816:INFO:7
2020-06-13 10:47:13,916:INFO:ДУГААРАА СОНГОЖ БУЙ ХЭСЭГ
2020-06-13 10:47:13,917:INFO:7
2020-06-13 10:47:17,058:INFO:ДУГААРАА СОНГОЖ БУЙ ХЭСЭГ
2020-06-13 10:47:17,058:INFO:7
2020-06-13 10:47:18,982:INFO:ДУГААРАА СОНГОЖ БУЙ ХЭСЭГ
2020-06-13 10:47:18,982:INFO:7
2020-06-13 10:47:31,298:INFO:ДУГААРАА СОНГОЖ БУЙ ХЭСЭГ
2020-06-13 10:47:31,298:INFO:7
2020-06-13 10:47:33,578:INFO:ДУГААРАА СОНГОЖ БУЙ ХЭСЭГ
2020-06-13 10:47:33,579:INFO:7
2020-06-13 10:47:40,553:INFO:ДУГААРАА СОНГОЖ БУЙ ХЭСЭГ
2020-06-13 10:47:40,553:INFO:7
2020-06-13 10:48:43,676:INFO:ДУГААРАА СОНГОЖ БУЙ ХЭСЭГ
2020-06-13 10:48:43,676:INFO:7
2020-06-13 10:49:09,868:INFO:ДУГААРАА СОНГОЖ БУЙ ХЭСЭГ
2020-06-13 10:49:09,868:INFO:7
2020-06-13 10:49:11,294:INFO:------------------------------------------------------------------------------------------------
2020-06-13 10:49:27,602:INFO:------------------------------------------------------------------------------------------------
2020-06-13 10:49:37,375:INFO:ДУГААРАА СОНГОЖ БУЙ ХЭСЭГ
2020-06-13 10:49:37,375:INFO:7
2020-06-13 10:49:47,192:INFO:ДУГААРАА СОНГОЖ БУЙ ХЭСЭГ
2020-06-13 10:49:47,192:INFO:7
2020-06-13 10:50:30,329:INFO:ДУГААРАА СОНГОЖ БУЙ ХЭСЭГ
2020-06-13 10:50:30,330:INFO:7
2020-06-13 10:51:22,474:INFO:------------------------------------------------------------------------------------------------
2020-06-13 10:52:05,872:INFO:ДУГААРАА СОНГОЖ БУЙ ХЭСЭГ
2020-06-13 10:52:05,872:INFO:7
2020-06-13 10:52:28,340:INFO:------------------------------------------------------------------------------------------------
2020-06-13 10:52:30,223:INFO:ДУГААРАА СОНГОЖ БУЙ ХЭСЭГ
2020-06-13 10:52:30,223:INFO:7
2020-06-13 10:53:41,267:INFO:------------------------------------------------------------------------------------------------
2020-06-13 10:53:57,410:INFO:ДУГААРАА СОНГОЖ БУЙ ХЭСЭГ
2020-06-13 10:53:57,410:INFO:7
2020-06-13 10:55:16,744:INFO:ДУГААРАА СОНГОЖ БУЙ ХЭСЭГ
2020-06-13 10:55:16,745:INFO:7
2020-06-13 10:56:32,441:INFO:------------------------------------------------------------------------------------------------
2020-06-13 10:56:49,376:INFO:ДУГААРАА СОНГОЖ БУЙ ХЭСЭГ
2020-06-13 10:56:49,376:INFO:7
2020-06-13 10:57:07,070:INFO:------------------------------------------------------------------------------------------------
2020-06-13 10:57:10,871:INFO:ДУГААРАА СОНГОЖ БУЙ ХЭСЭГ
2020-06-13 10:57:10,871:INFO:7
2020-06-13 10:57:32,695:INFO:ДУГААРАА СОНГОЖ БУЙ ХЭСЭГ
2020-06-13 10:57:32,695:INFO:7
2020-06-13 10:57:33,179:WARNING:Not Found: /favicon.ico
2020-06-13 10:57:43,067:INFO:ДУГААРАА СОНГОЖ БУЙ ХЭСЭГ
2020-06-13 10:57:43,067:INFO:7
2020-06-13 10:58:08,252:INFO:ДУГААРАА СОНГОЖ БУЙ ХЭСЭГ
2020-06-13 10:58:08,252:INFO:7
2020-06-13 10:59:21,110:INFO:------------------------------------------------------------------------------------------------
2020-06-13 10:59:35,538:INFO:ДУГААРАА СОНГОЖ БУЙ ХЭСЭГ
2020-06-13 10:59:35,539:INFO:7
2020-06-13 10:59:40,564:INFO:ДУГААРАА СОНГОЖ БУЙ ХЭСЭГ
2020-06-13 10:59:40,564:INFO:2
2020-06-13 11:00:17,411:INFO:------------------------------------------------------------------------------------------------
2020-06-13 11:00:24,690:INFO:ДУГААРАА СОНГОЖ БУЙ ХЭСЭГ
2020-06-13 11:00:24,690:INFO:7
2020-06-13 11:01:04,730:INFO:ДУГААРАА СОНГОЖ БУЙ ХЭСЭГ
2020-06-13 11:01:04,730:INFO:7
2020-06-13 11:01:51,239:INFO:------------------------------------------------------------------------------------------------
2020-06-13 11:01:54,194:INFO:ДУГААРАА СОНГОЖ БУЙ ХЭСЭГ
2020-06-13 11:01:54,194:INFO:7
2020-06-13 11:02:29,083:INFO:ДУГААРЫН ҮНЭ
2020-06-13 11:02:29,086:INFO:10000
2020-06-13 11:02:35,109:INFO:ДУГААРАА СОНГОЖ БУЙ ХЭСЭГ
2020-06-13 11:02:35,109:INFO:7
2020-06-13 11:03:48,210:INFO:ДУГААРАА СОНГОЖ БУЙ ХЭСЭГ
2020-06-13 11:03:48,210:INFO:7
2020-06-13 11:04:06,040:INFO:ДУГААРАА СОНГОЖ БУЙ ХЭСЭГ
2020-06-13 11:04:06,040:INFO:7
2020-06-13 11:04:50,791:INFO:------------------------------------------------------------------------------------------------
2020-06-13 11:05:04,374:INFO:------------------------------------------------------------------------------------------------
2020-06-13 11:05:06,709:INFO:ДУГААРАА СОНГОЖ БУЙ ХЭСЭГ
2020-06-13 11:05:06,709:INFO:7
2020-06-13 11:05:08,065:INFO:ДУГААРАА СОНГОЖ БУЙ ХЭСЭГ
2020-06-13 11:05:08,065:INFO:7
2020-06-13 11:05:17,027:INFO:------------------------------------------------------------------------------------------------
2020-06-13 11:05:18,100:INFO:ДУГААРАА СОНГОЖ БУЙ ХЭСЭГ
2020-06-13 11:05:18,101:INFO:2
2020-06-13 11:05:22,985:INFO:ДУГААРАА СОНГОЖ БУЙ ХЭСЭГ
2020-06-13 11:05:22,985:INFO:2
2020-06-13 11:05:36,725:INFO:ДУГААРАА СОНГОЖ БУЙ ХЭСЭГ
2020-06-13 11:05:36,726:INFO:2
2020-06-13 11:05:37,123:INFO:ДУГААРАА СОНГОЖ БУЙ ХЭСЭГ
2020-06-13 11:05:37,124:INFO:2
2020-06-13 11:06:53,809:INFO:------------------------------------------------------------------------------------------------
2020-06-13 11:08:22,517:INFO:ДУГААРАА СОНГОЖ БУЙ ХЭСЭГ
2020-06-13 11:08:22,517:INFO:2
2020-06-13 11:08:23,590:INFO:------------------------------------------------------------------------------------------------
2020-06-13 11:08:24,154:INFO:ДУГААРАА СОНГОЖ БУЙ ХЭСЭГ
2020-06-13 11:08:24,155:INFO:7
2020-06-13 11:09:47,580:INFO:ДУГААРАА СОНГОЖ БУЙ ХЭСЭГ
2020-06-13 11:09:47,581:INFO:2
2020-06-13 11:09:58,440:INFO:------------------------------------------------------------------------------------------------
2020-06-13 11:09:59,219:INFO:ДУГААРАА СОНГОЖ БУЙ ХЭСЭГ
2020-06-13 11:09:59,219:INFO:2
2020-06-13 11:10:16,429:INFO:ДУГААРАА СОНГОЖ БУЙ ХЭСЭГ
2020-06-13 11:10:16,430:INFO:2
2020-06-13 11:10:31,467:INFO:ДУГААРАА СОНГОЖ БУЙ ХЭСЭГ
2020-06-13 11:10:31,468:INFO:2
2020-06-13 11:10:36,671:WARNING:Not Found: /favicon.ico
2020-06-13 11:10:48,836:INFO:ДУГААРАА СОНГОЖ БУЙ ХЭСЭГ
2020-06-13 11:10:48,836:INFO:2
2020-06-13 11:11:18,638:INFO:ДУГААРЫН ҮНЭ
2020-06-13 11:11:18,640:INFO:10000
2020-06-13 11:11:34,370:INFO:ДУГААРЫН ҮНЭ
2020-06-13 11:11:34,373:INFO:5000
2020-06-13 11:11:41,438:INFO:ДУГААРЫН ZAHIALGA
2020-06-13 11:11:42,692:INFO:------------------------------------------------------------------------------------------------
2020-06-13 11:11:43,506:INFO:ДУГААРАА СОНГОЖ БУЙ ХЭСЭГ
2020-06-13 11:11:43,507:INFO:2
2020-06-13 11:11:49,194:INFO:ДУГААРАА СОНГОЖ БУЙ ХЭСЭГ
2020-06-13 11:11:49,194:INFO:2
2020-06-13 11:12:01,384:INFO:ДУГААРЫН ZAHIALGA
2020-06-13 11:12:05,470:INFO:------------------------------------------------------------------------------------------------
2020-06-13 11:12:06,756:INFO:ДУГААРАА СОНГОЖ БУЙ ХЭСЭГ
2020-06-13 11:12:06,757:INFO:7
2020-06-13 11:12:14,466:INFO:ДУГААРЫН ҮНЭ
2020-06-13 11:12:14,468:INFO:10000
2020-06-13 11:12:27,168:INFO:ДУГААРЫН ZAHIALGA
2020-06-13 11:12:32,908:INFO:ДУГААРАА СОНГОЖ БУЙ ХЭСЭГ
2020-06-13 11:12:32,908:INFO:2
2020-06-13 11:12:41,186:INFO:ДУГААРАА СОНГОЖ БУЙ ХЭСЭГ
2020-06-13 11:12:41,186:INFO:2
2020-06-13 11:13:40,537:INFO:ДУГААРАА СОНГОЖ БУЙ ХЭСЭГ
2020-06-13 11:13:40,537:INFO:2
2020-06-13 11:14:03,900:INFO:------------------------------------------------------------------------------------------------
2020-06-13 11:14:04,631:INFO:ДУГААРАА СОНГОЖ БУЙ ХЭСЭГ
2020-06-13 11:14:04,632:INFO:7
2020-06-13 11:14:07,263:INFO:ДУГААРАА СОНГОЖ БУЙ ХЭСЭГ
2020-06-13 11:14:07,264:INFO:7
2020-06-13 11:14:27,305:INFO:------------------------------------------------------------------------------------------------
2020-06-13 11:18:57,352:INFO:------------------------------------------------------------------------------------------------
2020-06-13 11:23:34,708:INFO:------------------------------------------------------------------------------------------------
2020-06-13 11:30:21,824:INFO:ДУГААРАА СОНГОЖ БУЙ ХЭСЭГ
2020-06-13 11:30:21,824:INFO:7
2020-06-13 11:30:58,932:INFO:ДУГААРЫН ҮНЭ
2020-06-13 11:30:58,935:INFO:10000
2020-06-13 11:31:05,591:INFO:ДУГААРЫН ZAHIALGA
2020-06-13 11:31:07,053:INFO:------------------------------------------------------------------------------------------------
2020-06-13 11:31:07,644:INFO:ДУГААРАА СОНГОЖ БУЙ ХЭСЭГ
2020-06-13 11:31:07,644:INFO:7
2020-06-13 11:31:10,524:INFO:ДУГААРАА СОНГОЖ БУЙ ХЭСЭГ
2020-06-13 11:31:10,524:INFO:7
2020-06-13 11:32:22,187:INFO:ДУГААРЫН ҮНЭ
2020-06-13 11:32:22,189:INFO:10000
2020-06-13 11:32:27,590:INFO:ДУГААРЫН ZAHIALGA
2020-06-13 11:32:28,916:INFO:------------------------------------------------------------------------------------------------
2020-06-13 11:32:29,554:INFO:ДУГААРАА СОНГОЖ БУЙ ХЭСЭГ
2020-06-13 11:32:29,554:INFO:7
2020-06-13 11:32:33,058:INFO:ДУГААРАА СОНГОЖ БУЙ ХЭСЭГ
2020-06-13 11:32:33,059:INFO:7
2020-06-13 11:34:09,557:INFO:ДУГААРАА СОНГОЖ БУЙ ХЭСЭГ
2020-06-13 11:34:09,557:INFO:7
2020-06-13 11:36:48,911:INFO:ДУГААРАА СОНГОЖ БУЙ ХЭСЭГ
2020-06-13 11:36:48,911:INFO:7
2020-06-13 11:36:50,614:INFO:ДУГААРАА СОНГОЖ БУЙ ХЭСЭГ
2020-06-13 11:36:50,614:INFO:7
2020-06-13 11:38:21,365:INFO:------------------------------------------------------------------------------------------------
2020-06-13 11:38:28,194:INFO:ДУГААРАА СОНГОЖ БУЙ ХЭСЭГ
2020-06-13 11:38:28,194:INFO:2
2020-06-13 11:38:28,558:WARNING:Not Found: /favicon.ico
2020-06-13 11:38:32,106:INFO:ДУГААРЫН ҮНЭ
2020-06-13 11:38:32,109:INFO:10000
2020-06-13 11:39:39,423:INFO:ДУГААРАА СОНГОЖ БУЙ ХЭСЭГ
2020-06-13 11:39:39,424:INFO:2
2020-06-13 11:39:44,314:WARNING:Not Found: /favicon.ico
2020-06-13 11:40:01,080:INFO:------------------------------------------------------------------------------------------------
2020-06-13 11:41:08,950:INFO:------------------------------------------------------------------------------------------------
2020-06-13 11:41:51,361:INFO:------------------------------------------------------------------------------------------------
2020-06-13 11:41:52,425:INFO:ДУГААРАА СОНГОЖ БУЙ ХЭСЭГ
2020-06-13 11:41:52,426:INFO:2
2020-06-13 11:41:53,658:INFO:ДУГААРАА СОНГОЖ БУЙ ХЭСЭГ
2020-06-13 11:41:53,658:INFO:2
2020-06-13 11:43:11,465:INFO:------------------------------------------------------------------------------------------------
2020-06-13 11:43:16,050:INFO:ДУГААРАА СОНГОЖ БУЙ ХЭСЭГ
2020-06-13 11:43:16,051:INFO:7
2020-06-13 11:43:16,478:WARNING:Not Found: /favicon.ico
2020-06-13 11:43:20,304:INFO:ДУГААРАА СОНГОЖ БУЙ ХЭСЭГ
2020-06-13 11:43:20,304:INFO:2
2020-06-13 11:43:43,144:INFO:ДУГААРЫН ҮНЭ
2020-06-13 11:43:43,147:INFO:10000
2020-06-13 11:44:02,694:INFO:ДУГААРЫН ZAHIALGA
2020-06-13 11:44:30,671:INFO:ДУГААРАА СОНГОЖ БУЙ ХЭСЭГ
2020-06-13 11:44:30,671:INFO:7
2020-06-13 11:44:32,164:INFO:ДУГААРАА СОНГОЖ БУЙ ХЭСЭГ
2020-06-13 11:44:32,165:INFO:7
2020-06-13 11:44:54,127:INFO:ДУГААРАА СОНГОЖ БУЙ ХЭСЭГ
2020-06-13 11:44:54,127:INFO:7
2020-06-13 11:45:01,575:INFO:------------------------------------------------------------------------------------------------
2020-06-13 11:45:02,609:INFO:ДУГААРАА СОНГОЖ БУЙ ХЭСЭГ
2020-06-13 11:45:02,610:INFO:7
2020-06-13 11:46:28,592:INFO:ДУГААРАА СОНГОЖ БУЙ ХЭСЭГ
2020-06-13 11:46:28,592:INFO:2
2020-06-13 11:46:28,888:WARNING:Not Found: /favicon.ico
2020-06-13 11:46:31,391:INFO:------------------------------------------------------------------------------------------------
2020-06-13 11:46:32,046:INFO:ДУГААРАА СОНГОЖ БУЙ ХЭСЭГ
2020-06-13 11:46:32,046:INFO:7
2020-06-13 11:48:38,747:INFO:------------------------------------------------------------------------------------------------
2020-06-13 11:48:40,036:INFO:ДУГААРАА СОНГОЖ БУЙ ХЭСЭГ
2020-06-13 11:48:40,037:INFO:7
2020-06-13 11:49:15,909:INFO:------------------------------------------------------------------------------------------------
2020-06-13 11:49:27,685:INFO:------------------------------------------------------------------------------------------------
2020-06-13 11:50:40,350:INFO:------------------------------------------------------------------------------------------------
2020-06-13 11:50:46,517:INFO:ДУГААРАА СОНГОЖ БУЙ ХЭСЭГ
2020-06-13 11:50:46,517:INFO:2
2020-06-13 11:50:46,964:WARNING:Not Found: /favicon.ico
2020-06-13 11:51:22,140:INFO:ДУГААРЫН ҮНЭ
2020-06-13 11:51:22,143:INFO:5000
2020-06-13 11:52:52,815:INFO:ДУГААРАА СОНГОЖ БУЙ ХЭСЭГ
2020-06-13 11:52:52,816:INFO:7
2020-06-13 11:53:10,013:INFO:ДУГААРЫН ҮНЭ
2020-06-13 11:53:10,017:INFO:5000
2020-06-13 11:53:34,968:INFO:------------------------------------------------------------------------------------------------
2020-06-13 11:53:36,041:INFO:ДУГААРАА СОНГОЖ БУЙ ХЭСЭГ
2020-06-13 11:53:36,041:INFO:2
2020-06-13 11:53:41,396:INFO:------------------------------------------------------------------------------------------------
2020-06-13 11:54:37,047:INFO:ДУГААРЫН ҮНЭ
2020-06-13 11:54:37,049:INFO:5000
2020-06-13 11:54:46,455:INFO:------------------------------------------------------------------------------------------------
2020-06-13 11:55:13,665:INFO:ДУГААРАА СОНГОЖ БУЙ ХЭСЭГ
2020-06-13 11:55:13,665:INFO:7
2020-06-13 11:55:45,526:INFO:ДУГААРАА СОНГОЖ БУЙ ХЭСЭГ
2020-06-13 11:55:45,526:INFO:7
2020-06-13 11:56:32,636:INFO:------------------------------------------------------------------------------------------------
2020-06-13 12:00:05,142:INFO:ДУГААРАА СОНГОЖ БУЙ ХЭСЭГ
2020-06-13 12:00:05,142:INFO:2
2020-06-13 12:00:13,035:INFO:------------------------------------------------------------------------------------------------
2020-06-13 12:00:19,818:INFO:ДУГААРАА СОНГОЖ БУЙ ХЭСЭГ
2020-06-13 12:00:19,819:INFO:7
2020-06-13 12:00:26,312:INFO:ДУГААРАА СОНГОЖ БУЙ ХЭСЭГ
2020-06-13 12:00:26,312:INFO:7
2020-06-13 12:00:47,844:INFO:------------------------------------------------------------------------------------------------
2020-06-13 12:01:40,027:INFO:ДУГААРАА СОНГОЖ БУЙ ХЭСЭГ
2020-06-13 12:01:40,027:INFO:3
2020-06-13 12:01:51,371:INFO:------------------------------------------------------------------------------------------------
2020-06-13 12:03:28,951:INFO:ДУГААРАА СОНГОЖ БУЙ ХЭСЭГ
2020-06-13 12:03:28,951:INFO:7
2020-06-13 12:06:54,094:INFO:------------------------------------------------------------------------------------------------
2020-06-13 12:08:23,999:INFO:------------------------------------------------------------------------------------------------
2020-06-13 12:08:25,332:INFO:ДУГААРАА СОНГОЖ БУЙ ХЭСЭГ
2020-06-13 12:08:25,332:INFO:4
2020-06-13 12:08:45,547:INFO:ДУГААРЫН ҮНЭ
2020-06-13 12:08:45,549:INFO:10000
2020-06-13 12:11:49,311:INFO:ДУГААРАА СОНГОЖ БУЙ ХЭСЭГ
2020-06-13 12:11:49,311:INFO:7
2020-06-13 12:11:49,845:INFO:ДУГААРАА СОНГОЖ БУЙ ХЭСЭГ
2020-06-13 12:11:49,846:INFO:7
2020-06-13 12:12:00,030:INFO:ДУГААРАА СОНГОЖ БУЙ ХЭСЭГ
2020-06-13 12:12:00,031:INFO:7
2020-06-13 12:12:03,196:WARNING:Not Found: /favicon.ico
2020-06-13 12:12:16,992:INFO:ДУГААРАА СОНГОЖ БУЙ ХЭСЭГ
2020-06-13 12:12:16,992:INFO:7
2020-06-13 12:13:34,557:INFO:------------------------------------------------------------------------------------------------
2020-06-13 12:14:27,439:INFO:------------------------------------------------------------------------------------------------
2020-06-13 12:14:46,932:INFO:ДУГААРАА СОНГОЖ БУЙ ХЭСЭГ
2020-06-13 12:14:46,932:INFO:2
2020-06-13 12:15:05,062:INFO:ДУГААРАА СОНГОЖ БУЙ ХЭСЭГ
2020-06-13 12:15:05,062:INFO:2
2020-06-13 12:15:52,390:INFO:ДУГААРАА СОНГОЖ БУЙ ХЭСЭГ
2020-06-13 12:15:52,390:INFO:7
2020-06-13 12:15:53,217:WARNING:Not Found: /favicon.ico
2020-06-13 12:17:17,020:INFO:------------------------------------------------------------------------------------------------
2020-06-13 12:17:18,625:INFO:ДУГААРАА СОНГОЖ БУЙ ХЭСЭГ
2020-06-13 12:17:18,626:INFO:2
2020-06-13 12:17:19,155:WARNING:Not Found: /favicon.ico
2020-06-13 12:17:53,086:INFO:------------------------------------------------------------------------------------------------
2020-06-13 12:17:54,913:INFO:ДУГААРАА СОНГОЖ БУЙ ХЭСЭГ
2020-06-13 12:17:54,913:INFO:2
2020-06-13 12:17:58,799:INFO:ДУГААРАА СОНГОЖ БУЙ ХЭСЭГ
2020-06-13 12:17:58,800:INFO:2
2020-06-13 12:18:57,893:INFO:------------------------------------------------------------------------------------------------
2020-06-13 12:21:16,648:INFO:ДУГААРАА СОНГОЖ БУЙ ХЭСЭГ
2020-06-13 12:21:16,648:INFO:7
2020-06-13 12:21:25,187:INFO:------------------------------------------------------------------------------------------------
2020-06-13 12:21:31,543:INFO:ДУГААРАА СОНГОЖ БУЙ ХЭСЭГ
2020-06-13 12:21:31,543:INFO:7
2020-06-13 12:21:35,202:INFO:ДУГААРЫН ҮНЭ
2020-06-13 12:21:35,205:INFO:5000
2020-06-13 12:21:43,679:INFO:ДУГААРАА СОНГОЖ БУЙ ХЭСЭГ
2020-06-13 12:21:43,680:INFO:7
2020-06-13 12:23:39,308:INFO:------------------------------------------------------------------------------------------------
2020-06-13 12:25:09,689:INFO:ДУГААРЫН ZAHIALGA
2020-06-13 12:25:26,017:INFO:------------------------------------------------------------------------------------------------
2020-06-13 12:32:51,864:INFO:ДУГААРАА СОНГОЖ БУЙ ХЭСЭГ
2020-06-13 12:32:51,865:INFO:7
2020-06-13 12:33:00,471:INFO:ДУГААРАА СОНГОЖ БУЙ ХЭСЭГ
2020-06-13 12:33:00,471:INFO:7
2020-06-13 12:33:24,537:INFO:ДУГААРАА СОНГОЖ БУЙ ХЭСЭГ
2020-06-13 12:33:24,537:INFO:7
2020-06-13 12:33:35,685:INFO:ДУГААРАА СОНГОЖ БУЙ ХЭСЭГ
2020-06-13 12:33:35,685:INFO:7
2020-06-13 12:35:12,952:INFO:ДУГААРАА СОНГОЖ БУЙ ХЭСЭГ
2020-06-13 12:35:12,952:INFO:7
2020-06-13 12:38:43,631:INFO:------------------------------------------------------------------------------------------------
2020-06-13 12:38:50,092:INFO:ДУГААРАА СОНГОЖ БУЙ ХЭСЭГ
2020-06-13 12:38:50,092:INFO:2
2020-06-13 12:39:51,957:INFO:ДУГААРАА СОНГОЖ БУЙ ХЭСЭГ
2020-06-13 12:39:51,957:INFO:7
2020-06-13 12:40:01,194:INFO:------------------------------------------------------------------------------------------------
2020-06-13 12:40:37,500:INFO:------------------------------------------------------------------------------------------------
2020-06-13 12:40:48,785:INFO:ДУГААРАА СОНГОЖ БУЙ ХЭСЭГ
2020-06-13 12:40:48,786:INFO:7
2020-06-13 12:40:51,241:INFO:------------------------------------------------------------------------------------------------
2020-06-13 12:40:55,135:INFO:ДУГААРАА СОНГОЖ БУЙ ХЭСЭГ
2020-06-13 12:40:55,135:INFO:2
2020-06-13 12:41:09,033:INFO:------------------------------------------------------------------------------------------------
2020-06-13 12:41:35,640:INFO:ДУГААРЫН ҮНЭ
2020-06-13 12:41:35,643:INFO:5000
2020-06-13 12:41:55,419:INFO:ДУГААРАА СОНГОЖ БУЙ ХЭСЭГ
2020-06-13 12:41:55,419:INFO:7
2020-06-13 12:41:59,306:INFO:ДУГААРЫН ҮНЭ
2020-06-13 12:41:59,309:INFO:5000
2020-06-13 12:42:08,177:INFO:ДУГААРЫН ҮНЭ
2020-06-13 12:42:08,181:INFO:5000
2020-06-13 12:43:25,976:INFO:------------------------------------------------------------------------------------------------
2020-06-13 12:43:28,281:INFO:ДУГААРАА СОНГОЖ БУЙ ХЭСЭГ
2020-06-13 12:43:28,281:INFO:7
2020-06-13 12:45:12,501:INFO:ДУГААРЫН ҮНЭ
2020-06-13 12:45:12,504:INFO:10000
2020-06-13 12:45:54,939:INFO:ДУГААРЫН ҮНЭ
2020-06-13 12:45:54,942:INFO:5000
2020-06-13 12:46:10,975:INFO:ДУГААРАА СОНГОЖ БУЙ ХЭСЭГ
2020-06-13 12:46:10,976:INFO:7
2020-06-13 12:46:19,304:INFO:ДУГААРАА СОНГОЖ БУЙ ХЭСЭГ
2020-06-13 12:46:19,304:INFO:7
2020-06-13 12:46:25,017:INFO:ДУГААРАА СОНГОЖ БУЙ ХЭСЭГ
2020-06-13 12:46:25,017:INFO:7
2020-06-13 12:46:37,109:INFO:ДУГААРАА СОНГОЖ БУЙ ХЭСЭГ
2020-06-13 12:46:37,109:INFO:7
2020-06-13 12:49:15,851:INFO:------------------------------------------------------------------------------------------------
2020-06-13 12:49:16,605:INFO:ДУГААРАА СОНГОЖ БУЙ ХЭСЭГ
2020-06-13 12:49:16,606:INFO:2
2020-06-13 12:49:20,516:INFO:------------------------------------------------------------------------------------------------
2020-06-13 12:49:27,760:INFO:------------------------------------------------------------------------------------------------
2020-06-13 12:50:28,610:INFO:ДУГААРАА СОНГОЖ БУЙ ХЭСЭГ
2020-06-13 12:50:28,610:INFO:2
2020-06-13 12:50:28,937:WARNING:Not Found: /favicon.ico
2020-06-13 12:52:00,738:INFO:------------------------------------------------------------------------------------------------
2020-06-13 12:52:09,313:INFO:ДУГААРАА СОНГОЖ БУЙ ХЭСЭГ
2020-06-13 12:52:09,313:INFO:7
2020-06-13 12:52:17,421:WARNING:Not Found: /favicon.ico
2020-06-13 12:52:37,999:INFO:------------------------------------------------------------------------------------------------
2020-06-13 12:52:43,728:INFO:ДУГААРАА СОНГОЖ БУЙ ХЭСЭГ
2020-06-13 12:52:43,728:INFO:7
2020-06-13 12:53:41,522:INFO:------------------------------------------------------------------------------------------------
2020-06-13 12:53:53,227:INFO:------------------------------------------------------------------------------------------------
2020-06-13 12:54:32,516:INFO:ДУГААРАА СОНГОЖ БУЙ ХЭСЭГ
2020-06-13 12:54:32,517:INFO:7
2020-06-13 12:54:48,397:INFO:------------------------------------------------------------------------------------------------
2020-06-13 12:54:49,993:INFO:------------------------------------------------------------------------------------------------
2020-06-13 12:54:55,323:INFO:ДУГААРАА СОНГОЖ БУЙ ХЭСЭГ
2020-06-13 12:54:55,323:INFO:2
2020-06-13 12:54:57,128:INFO:ДУГААРАА СОНГОЖ БУЙ ХЭСЭГ
2020-06-13 12:54:57,129:INFO:2
2020-06-13 12:55:26,725:INFO:------------------------------------------------------------------------------------------------
2020-06-13 12:55:28,522:INFO:ДУГААРАА СОНГОЖ БУЙ ХЭСЭГ
2020-06-13 12:55:28,522:INFO:2
2020-06-13 12:55:39,769:INFO:ДУГААРАА СОНГОЖ БУЙ ХЭСЭГ
2020-06-13 12:55:39,770:INFO:2
2020-06-13 12:55:45,617:INFO:ДУГААРАА СОНГОЖ БУЙ ХЭСЭГ
2020-06-13 12:55:45,617:INFO:2
2020-06-13 12:55:49,810:INFO:------------------------------------------------------------------------------------------------
2020-06-13 12:55:50,763:INFO:ДУГААРАА СОНГОЖ БУЙ ХЭСЭГ
2020-06-13 12:55:50,763:INFO:2
2020-06-13 12:55:52,164:INFO:------------------------------------------------------------------------------------------------
2020-06-13 12:55:54,250:INFO:ДУГААРАА СОНГОЖ БУЙ ХЭСЭГ
2020-06-13 12:55:54,250:INFO:2
2020-06-13 12:55:54,325:INFO:ДУГААРАА СОНГОЖ БУЙ ХЭСЭГ
2020-06-13 12:55:54,325:INFO:7
2020-06-13 12:56:17,091:INFO:ДУГААРАА СОНГОЖ БУЙ ХЭСЭГ
2020-06-13 12:56:17,092:INFO:2
2020-06-13 12:56:27,109:INFO:------------------------------------------------------------------------------------------------
2020-06-13 12:56:27,961:INFO:ДУГААРАА СОНГОЖ БУЙ ХЭСЭГ
2020-06-13 12:56:27,961:INFO:7
2020-06-13 12:56:35,611:INFO:ДУГААРАА СОНГОЖ БУЙ ХЭСЭГ
2020-06-13 12:56:35,611:INFO:7
2020-06-13 12:58:37,869:INFO:ДУГААРАА СОНГОЖ БУЙ ХЭСЭГ
2020-06-13 12:58:37,869:INFO:7
2020-06-13 13:00:10,305:INFO:------------------------------------------------------------------------------------------------
2020-06-13 13:00:11,667:INFO:ДУГААРАА СОНГОЖ БУЙ ХЭСЭГ
2020-06-13 13:00:11,667:INFO:2
2020-06-13 13:00:28,171:INFO:------------------------------------------------------------------------------------------------
2020-06-13 13:00:29,191:INFO:ДУГААРАА СОНГОЖ БУЙ ХЭСЭГ
2020-06-13 13:00:29,191:INFO:7
2020-06-13 13:01:34,433:INFO:ДУГААРЫН ҮНЭ
2020-06-13 13:01:34,436:INFO:10000
2020-06-13 13:01:51,498:INFO:------------------------------------------------------------------------------------------------
2020-06-13 13:01:53,304:INFO:ДУГААРЫН ZAHIALGA
2020-06-13 13:03:43,055:INFO:ДУГААРАА СОНГОЖ БУЙ ХЭСЭГ
2020-06-13 13:03:43,055:INFO:7
2020-06-13 13:03:53,815:INFO:ДУГААРАА СОНГОЖ БУЙ ХЭСЭГ
2020-06-13 13:03:53,815:INFO:7
2020-06-13 13:03:54,102:INFO:ДУГААРАА СОНГОЖ БУЙ ХЭСЭГ
2020-06-13 13:03:54,102:INFO:7
2020-06-13 13:04:02,138:INFO:ДУГААРАА СОНГОЖ БУЙ ХЭСЭГ
2020-06-13 13:04:02,138:INFO:7
2020-06-13 13:04:03,442:INFO:ДУГААРАА СОНГОЖ БУЙ ХЭСЭГ
2020-06-13 13:04:03,442:INFO:7
2020-06-13 13:04:03,775:INFO:ДУГААРАА СОНГОЖ БУЙ ХЭСЭГ
2020-06-13 13:04:03,775:INFO:2
2020-06-13 13:04:04,317:WARNING:Not Found: /favicon.ico
2020-06-13 13:04:04,635:INFO:ДУГААРАА СОНГОЖ БУЙ ХЭСЭГ
2020-06-13 13:04:04,635:INFO:7
2020-06-13 13:04:05,001:INFO:ДУГААРАА СОНГОЖ БУЙ ХЭСЭГ
2020-06-13 13:04:05,002:INFO:7
2020-06-13 13:04:09,045:INFO:------------------------------------------------------------------------------------------------
2020-06-13 13:04:09,915:INFO:ДУГААРАА СОНГОЖ БУЙ ХЭСЭГ
2020-06-13 13:04:09,915:INFO:7
2020-06-13 13:04:15,672:INFO:ДУГААРЫН ҮНЭ
2020-06-13 13:04:15,675:INFO:10000
2020-06-13 13:04:30,674:INFO:ДУГААРЫН ZAHIALGA
2020-06-13 13:05:09,031:INFO:ДУГААРЫН ҮНЭ
2020-06-13 13:05:09,034:INFO:10000
2020-06-13 13:05:22,513:INFO:ДУГААРЫН ZAHIALGA
2020-06-13 13:08:00,750:INFO:------------------------------------------------------------------------------------------------
2020-06-13 13:08:03,077:INFO:ДУГААРАА СОНГОЖ БУЙ ХЭСЭГ
2020-06-13 13:08:03,077:INFO:2
2020-06-13 13:09:40,501:INFO:ДУГААРЫН ҮНЭ
2020-06-13 13:09:40,503:INFO:5000
2020-06-13 13:09:46,101:ERROR:Internal Server Error: /getnumber
Traceback (most recent call last):
  File "/usr/local/lib/python2.7/dist-packages/django/core/handlers/exception.py", line 41, in inner
    response = get_response(request)
  File "/usr/local/lib/python2.7/dist-packages/django/core/handlers/base.py", line 187, in _get_response
    response = self.process_exception_by_middleware(e, request)
  File "/usr/local/lib/python2.7/dist-packages/django/core/handlers/base.py", line 185, in _get_response
    response = wrapped_callback(request, *callback_args, **callback_kwargs)
  File "/usr/local/lib/python2.7/dist-packages/django/views/decorators/csrf.py", line 58, in wrapped_view
    return view_func(*args, **kwargs)
  File "/usr/local/lib/python2.7/dist-packages/django/views/generic/base.py", line 68, in view
    return self.dispatch(request, *args, **kwargs)
  File "/usr/local/lib/python2.7/dist-packages/rest_framework/views.py", line 495, in dispatch
    response = self.handle_exception(exc)
  File "/usr/local/lib/python2.7/dist-packages/rest_framework/views.py", line 455, in handle_exception
    self.raise_uncaught_exception(exc)
  File "/usr/local/lib/python2.7/dist-packages/rest_framework/views.py", line 492, in dispatch
    response = handler(request, *args, **kwargs)
  File "/usr/local/lib/python2.7/dist-packages/rest_framework/decorators.py", line 55, in handler
    return func(*args, **kwargs)
  File "/home/user/nFilterNew/controller/views.py", line 206, in getNumber
    if data[1] == az:
IndexError: list index out of range
2020-06-13 13:12:19,747:INFO:------------------------------------------------------------------------------------------------
2020-06-13 13:12:20,189:INFO:ДУГААРАА СОНГОЖ БУЙ ХЭСЭГ
2020-06-13 13:12:20,189:INFO:7
2020-06-13 13:12:22,639:INFO:------------------------------------------------------------------------------------------------
2020-06-13 13:12:30,029:INFO:ДУГААРАА СОНГОЖ БУЙ ХЭСЭГ
2020-06-13 13:12:30,029:INFO:7
2020-06-13 13:12:33,328:INFO:ДУГААРАА СОНГОЖ БУЙ ХЭСЭГ
2020-06-13 13:12:33,329:INFO:7
2020-06-13 13:13:00,288:INFO:ДУГААРАА СОНГОЖ БУЙ ХЭСЭГ
2020-06-13 13:13:00,288:INFO:7
2020-06-13 13:13:56,289:INFO:ДУГААРАА СОНГОЖ БУЙ ХЭСЭГ
2020-06-13 13:13:56,290:INFO:7
2020-06-13 13:14:42,987:INFO:------------------------------------------------------------------------------------------------
2020-06-13 13:19:00,650:INFO:------------------------------------------------------------------------------------------------
2020-06-13 13:19:47,437:INFO:------------------------------------------------------------------------------------------------
2020-06-13 13:19:49,454:INFO:ДУГААРАА СОНГОЖ БУЙ ХЭСЭГ
2020-06-13 13:19:49,455:INFO:7
2020-06-13 13:23:43,904:INFO:------------------------------------------------------------------------------------------------
2020-06-13 13:23:58,678:INFO:ДУГААРАА СОНГОЖ БУЙ ХЭСЭГ
2020-06-13 13:23:58,678:INFO:2
2020-06-13 13:24:53,336:INFO:ДУГААРАА СОНГОЖ БУЙ ХЭСЭГ
2020-06-13 13:24:53,336:INFO:2
2020-06-13 13:25:30,206:INFO:------------------------------------------------------------------------------------------------
2020-06-13 13:25:32,852:INFO:ДУГААРАА СОНГОЖ БУЙ ХЭСЭГ
2020-06-13 13:25:32,852:INFO:7
2020-06-13 13:25:35,404:INFO:ДУГААРАА СОНГОЖ БУЙ ХЭСЭГ
2020-06-13 13:25:35,404:INFO:7
2020-06-13 13:27:02,044:INFO:------------------------------------------------------------------------------------------------
2020-06-13 13:27:03,147:INFO:ДУГААРАА СОНГОЖ БУЙ ХЭСЭГ
2020-06-13 13:27:03,147:INFO:7
2020-06-13 13:27:06,988:INFO:ДУГААРАА СОНГОЖ БУЙ ХЭСЭГ
2020-06-13 13:27:06,988:INFO:7
2020-06-13 13:27:40,582:INFO:ДУГААРАА СОНГОЖ БУЙ ХЭСЭГ
2020-06-13 13:27:40,582:INFO:7
2020-06-13 13:27:47,501:INFO:ДУГААРАА СОНГОЖ БУЙ ХЭСЭГ
2020-06-13 13:27:47,501:INFO:7
2020-06-13 13:27:51,660:INFO:ДУГААРАА СОНГОЖ БУЙ ХЭСЭГ
2020-06-13 13:27:51,660:INFO:7
2020-06-13 13:27:57,181:INFO:ДУГААРАА СОНГОЖ БУЙ ХЭСЭГ
2020-06-13 13:27:57,181:INFO:7
2020-06-13 13:28:01,444:INFO:ДУГААРАА СОНГОЖ БУЙ ХЭСЭГ
2020-06-13 13:28:01,444:INFO:7
2020-06-13 13:28:09,442:INFO:ДУГААРАА СОНГОЖ БУЙ ХЭСЭГ
2020-06-13 13:28:09,442:INFO:7
2020-06-13 13:28:35,665:INFO:ДУГААРАА СОНГОЖ БУЙ ХЭСЭГ
2020-06-13 13:28:35,665:INFO:7
2020-06-13 13:32:33,238:INFO:ДУГААРЫН ҮНЭ
2020-06-13 13:32:33,241:INFO:10000
2020-06-13 13:40:01,318:INFO:------------------------------------------------------------------------------------------------
2020-06-13 13:41:09,125:INFO:------------------------------------------------------------------------------------------------
2020-06-13 13:43:21,557:INFO:ДУГААРАА СОНГОЖ БУЙ ХЭСЭГ
2020-06-13 13:43:21,557:INFO:7
2020-06-13 13:43:22,027:INFO:------------------------------------------------------------------------------------------------
2020-06-13 13:43:23,408:INFO:ДУГААРАА СОНГОЖ БУЙ ХЭСЭГ
2020-06-13 13:43:23,408:INFO:2
2020-06-13 13:49:25,168:INFO:------------------------------------------------------------------------------------------------
2020-06-13 13:49:27,912:INFO:------------------------------------------------------------------------------------------------
2020-06-13 13:53:38,151:INFO:------------------------------------------------------------------------------------------------
2020-06-13 13:53:39,020:INFO:ДУГААРАА СОНГОЖ БУЙ ХЭСЭГ
2020-06-13 13:53:39,020:INFO:2
2020-06-13 13:53:41,668:INFO:------------------------------------------------------------------------------------------------
2020-06-13 13:54:46,722:INFO:ДУГААРЫН ҮНЭ
2020-06-13 13:54:46,725:INFO:5000
2020-06-13 14:01:51,603:INFO:------------------------------------------------------------------------------------------------
2020-06-13 14:02:08,507:INFO:ДУГААРАА СОНГОЖ БУЙ ХЭСЭГ
2020-06-13 14:02:08,507:INFO:7
2020-06-13 14:02:21,030:INFO:ДУГААРАА СОНГОЖ БУЙ ХЭСЭГ
2020-06-13 14:02:21,030:INFO:7
2020-06-13 14:02:50,663:INFO:ДУГААРЫН ҮНЭ
2020-06-13 14:02:50,665:INFO:10000
2020-06-13 14:03:43,338:INFO:------------------------------------------------------------------------------------------------
2020-06-13 14:03:48,709:INFO:ДУГААРЫН ҮНЭ
2020-06-13 14:03:48,712:INFO:10000
2020-06-13 14:03:51,433:INFO:ДУГААРАА СОНГОЖ БУЙ ХЭСЭГ
2020-06-13 14:03:51,434:INFO:7
2020-06-13 14:04:02,219:INFO:ДУГААРАА СОНГОЖ БУЙ ХЭСЭГ
2020-06-13 14:04:02,219:INFO:2
2020-06-13 14:04:15,081:INFO:ДУГААРАА СОНГОЖ БУЙ ХЭСЭГ
2020-06-13 14:04:15,081:INFO:7
2020-06-13 14:04:31,591:INFO:ДУГААРЫН ҮНЭ
2020-06-13 14:04:31,594:INFO:5000
2020-06-13 14:05:16,238:INFO:ДУГААРЫН ҮНЭ
2020-06-13 14:05:16,240:INFO:5000
2020-06-13 14:10:31,156:INFO:------------------------------------------------------------------------------------------------
2020-06-13 14:10:35,851:INFO:ДУГААРАА СОНГОЖ БУЙ ХЭСЭГ
2020-06-13 14:10:35,851:INFO:7
2020-06-13 14:10:41,751:INFO:------------------------------------------------------------------------------------------------
2020-06-13 14:10:42,681:INFO:ДУГААРАА СОНГОЖ БУЙ ХЭСЭГ
2020-06-13 14:10:42,681:INFO:2
2020-06-13 14:13:25,554:INFO:ДУГААРЫН ҮНЭ
2020-06-13 14:13:25,557:INFO:5000
2020-06-13 14:13:35,601:INFO:ДУГААРЫН ҮНЭ
2020-06-13 14:13:35,604:INFO:5000
2020-06-13 14:14:27,140:INFO:ДУГААРЫН ҮНЭ
2020-06-13 14:14:27,143:INFO:5000
2020-06-13 14:14:34,249:INFO:ДУГААРЫН ҮНЭ
2020-06-13 14:14:34,251:INFO:5000
2020-06-13 14:14:36,183:INFO:ДУГААРЫН ҮНЭ
2020-06-13 14:14:36,186:INFO:5000
2020-06-13 14:17:45,848:INFO:ДУГААРАА СОНГОЖ БУЙ ХЭСЭГ
2020-06-13 14:17:45,849:INFO:7
2020-06-13 14:17:49,030:INFO:------------------------------------------------------------------------------------------------
2020-06-13 14:17:49,920:INFO:ДУГААРАА СОНГОЖ БУЙ ХЭСЭГ
2020-06-13 14:17:49,920:INFO:2
2020-06-13 14:19:01,736:INFO:------------------------------------------------------------------------------------------------
2020-06-13 14:19:30,857:INFO:ДУГААРАА СОНГОЖ БУЙ ХЭСЭГ
2020-06-13 14:19:30,857:INFO:7
2020-06-13 14:19:33,579:INFO:ДУГААРАА СОНГОЖ БУЙ ХЭСЭГ
2020-06-13 14:19:33,579:INFO:7
2020-06-13 14:19:45,013:INFO:ДУГААРАА СОНГОЖ БУЙ ХЭСЭГ
2020-06-13 14:19:45,013:INFO:7
2020-06-13 14:21:40,958:INFO:ДУГААРЫН ҮНЭ
2020-06-13 14:21:40,961:INFO:10000
2020-06-13 14:22:29,033:INFO:ДУГААРЫН ZAHIALGA
2020-06-13 14:22:32,662:INFO:------------------------------------------------------------------------------------------------
2020-06-13 14:23:48,512:INFO:------------------------------------------------------------------------------------------------
2020-06-13 14:24:54,583:INFO:ДУГААРАА СОНГОЖ БУЙ ХЭСЭГ
2020-06-13 14:24:54,584:INFO:7
2020-06-13 14:30:08,281:INFO:ДУГААРЫН ҮНЭ
2020-06-13 14:30:08,284:INFO:10000
2020-06-13 14:30:35,599:ERROR:Internal Server Error: /getnumber
Traceback (most recent call last):
  File "/usr/local/lib/python2.7/dist-packages/django/core/handlers/exception.py", line 41, in inner
    response = get_response(request)
  File "/usr/local/lib/python2.7/dist-packages/django/core/handlers/base.py", line 187, in _get_response
    response = self.process_exception_by_middleware(e, request)
  File "/usr/local/lib/python2.7/dist-packages/django/core/handlers/base.py", line 185, in _get_response
    response = wrapped_callback(request, *callback_args, **callback_kwargs)
  File "/usr/local/lib/python2.7/dist-packages/django/views/decorators/csrf.py", line 58, in wrapped_view
    return view_func(*args, **kwargs)
  File "/usr/local/lib/python2.7/dist-packages/django/views/generic/base.py", line 68, in view
    return self.dispatch(request, *args, **kwargs)
  File "/usr/local/lib/python2.7/dist-packages/rest_framework/views.py", line 495, in dispatch
    response = self.handle_exception(exc)
  File "/usr/local/lib/python2.7/dist-packages/rest_framework/views.py", line 455, in handle_exception
    self.raise_uncaught_exception(exc)
  File "/usr/local/lib/python2.7/dist-packages/rest_framework/views.py", line 492, in dispatch
    response = handler(request, *args, **kwargs)
  File "/usr/local/lib/python2.7/dist-packages/rest_framework/decorators.py", line 55, in handler
    return func(*args, **kwargs)
  File "/home/user/nFilterNew/controller/views.py", line 206, in getNumber
    if data[1] == az:
IndexError: list index out of range
2020-06-13 14:30:48,692:ERROR:Internal Server Error: /getnumber
Traceback (most recent call last):
  File "/usr/local/lib/python2.7/dist-packages/django/core/handlers/exception.py", line 41, in inner
    response = get_response(request)
  File "/usr/local/lib/python2.7/dist-packages/django/core/handlers/base.py", line 187, in _get_response
    response = self.process_exception_by_middleware(e, request)
  File "/usr/local/lib/python2.7/dist-packages/django/core/handlers/base.py", line 185, in _get_response
    response = wrapped_callback(request, *callback_args, **callback_kwargs)
  File "/usr/local/lib/python2.7/dist-packages/django/views/decorators/csrf.py", line 58, in wrapped_view
    return view_func(*args, **kwargs)
  File "/usr/local/lib/python2.7/dist-packages/django/views/generic/base.py", line 68, in view
    return self.dispatch(request, *args, **kwargs)
  File "/usr/local/lib/python2.7/dist-packages/rest_framework/views.py", line 495, in dispatch
    response = self.handle_exception(exc)
  File "/usr/local/lib/python2.7/dist-packages/rest_framework/views.py", line 455, in handle_exception
    self.raise_uncaught_exception(exc)
  File "/usr/local/lib/python2.7/dist-packages/rest_framework/views.py", line 492, in dispatch
    response = handler(request, *args, **kwargs)
  File "/usr/local/lib/python2.7/dist-packages/rest_framework/decorators.py", line 55, in handler
    return func(*args, **kwargs)
  File "/home/user/nFilterNew/controller/views.py", line 206, in getNumber
    if data[1] == az:
IndexError: list index out of range
2020-06-13 14:31:09,761:INFO:------------------------------------------------------------------------------------------------
2020-06-13 14:37:17,195:INFO:ДУГААРАА СОНГОЖ БУЙ ХЭСЭГ
2020-06-13 14:37:17,196:INFO:7
2020-06-13 14:37:21,201:INFO:ДУГААРАА СОНГОЖ БУЙ ХЭСЭГ
2020-06-13 14:37:21,202:INFO:7
2020-06-13 14:40:01,432:INFO:------------------------------------------------------------------------------------------------
2020-06-13 14:41:09,253:INFO:------------------------------------------------------------------------------------------------
2020-06-13 14:41:25,588:INFO:ДУГААРЫН ҮНЭ
2020-06-13 14:41:25,591:INFO:10000
2020-06-13 14:43:45,573:INFO:ДУГААРАА СОНГОЖ БУЙ ХЭСЭГ
2020-06-13 14:43:45,574:INFO:2
2020-06-13 14:44:40,780:INFO:ДУГААРАА СОНГОЖ БУЙ ХЭСЭГ
2020-06-13 14:44:40,780:INFO:2
2020-06-13 14:45:44,966:INFO:ДУГААРАА СОНГОЖ БУЙ ХЭСЭГ
2020-06-13 14:45:44,966:INFO:2
2020-06-13 14:47:54,142:INFO:------------------------------------------------------------------------------------------------
2020-06-13 14:47:55,581:INFO:ДУГААРАА СОНГОЖ БУЙ ХЭСЭГ
2020-06-13 14:47:55,581:INFO:2
2020-06-13 14:48:03,959:INFO:ДУГААРЫН ҮНЭ
2020-06-13 14:48:03,961:INFO:5000
2020-06-13 14:49:28,003:INFO:------------------------------------------------------------------------------------------------
2020-06-13 14:49:29,787:INFO:------------------------------------------------------------------------------------------------
2020-06-13 14:50:21,774:INFO:------------------------------------------------------------------------------------------------
2020-06-13 14:53:41,788:INFO:------------------------------------------------------------------------------------------------
2020-06-13 14:55:11,655:INFO:------------------------------------------------------------------------------------------------
2020-06-13 14:55:17,586:INFO:ДУГААРАА СОНГОЖ БУЙ ХЭСЭГ
2020-06-13 14:55:17,587:INFO:2
2020-06-13 14:55:17,992:WARNING:Not Found: /favicon.ico
2020-06-13 14:56:16,487:INFO:ДУГААРЫН ҮНЭ
2020-06-13 14:56:16,490:INFO:5000
2020-06-13 15:01:51,708:INFO:------------------------------------------------------------------------------------------------
2020-06-13 15:07:35,168:INFO:------------------------------------------------------------------------------------------------
2020-06-13 15:12:21,196:INFO:ДУГААРЫН ҮНЭ
2020-06-13 15:12:21,200:INFO:5000
2020-06-13 15:13:10,057:INFO:ДУГААРЫН ҮНЭ
2020-06-13 15:13:10,060:INFO:5000
2020-06-13 15:16:38,942:INFO:------------------------------------------------------------------------------------------------
2020-06-13 15:16:43,142:INFO:ДУГААРАА СОНГОЖ БУЙ ХЭСЭГ
2020-06-13 15:16:43,142:INFO:2
2020-06-13 15:16:43,454:WARNING:Not Found: /favicon.ico
2020-06-13 15:17:19,518:INFO:ДУГААРАА СОНГОЖ БУЙ ХЭСЭГ
2020-06-13 15:17:19,519:INFO:2
2020-06-13 15:17:53,466:INFO:ДУГААРАА СОНГОЖ БУЙ ХЭСЭГ
2020-06-13 15:17:53,466:INFO:2
2020-06-13 15:18:23,521:INFO:------------------------------------------------------------------------------------------------
2020-06-13 15:18:25,053:INFO:ДУГААРАА СОНГОЖ БУЙ ХЭСЭГ
2020-06-13 15:18:25,053:INFO:2
2020-06-13 15:19:02,441:INFO:------------------------------------------------------------------------------------------------
2020-06-13 15:20:04,945:INFO:ДУГААРАА СОНГОЖ БУЙ ХЭСЭГ
2020-06-13 15:20:04,946:INFO:2
2020-06-13 15:20:07,040:INFO:ДУГААРАА СОНГОЖ БУЙ ХЭСЭГ
2020-06-13 15:20:07,041:INFO:2
2020-06-13 15:20:09,590:INFO:ДУГААРАА СОНГОЖ БУЙ ХЭСЭГ
2020-06-13 15:20:09,590:INFO:2
2020-06-13 15:21:54,501:INFO:ДУГААРЫН ҮНЭ
2020-06-13 15:21:54,503:INFO:5000
2020-06-13 15:22:14,096:INFO:------------------------------------------------------------------------------------------------
2020-06-13 15:23:53,089:INFO:------------------------------------------------------------------------------------------------
2020-06-13 15:26:18,773:INFO:------------------------------------------------------------------------------------------------
2020-06-13 15:26:20,000:INFO:ДУГААРАА СОНГОЖ БУЙ ХЭСЭГ
2020-06-13 15:26:20,000:INFO:2
2020-06-13 15:26:20,277:WARNING:Not Found: /favicon.ico
2020-06-13 15:30:22,451:ERROR:Invalid HTTP_HOST header: '127.0.0.1'. You may need to add u'127.0.0.1' to ALLOWED_HOSTS.
2020-06-13 15:30:40,345:INFO:------------------------------------------------------------------------------------------------
2020-06-13 15:30:41,196:INFO:ДУГААРАА СОНГОЖ БУЙ ХЭСЭГ
2020-06-13 15:30:41,196:INFO:2
2020-06-13 15:30:58,867:INFO:------------------------------------------------------------------------------------------------
2020-06-13 15:31:00,554:INFO:ДУГААРАА СОНГОЖ БУЙ ХЭСЭГ
2020-06-13 15:31:00,554:INFO:2
2020-06-13 15:31:39,169:INFO:ДУГААРАА СОНГОЖ БУЙ ХЭСЭГ
2020-06-13 15:31:39,169:INFO:2
2020-06-13 15:31:40,533:INFO:------------------------------------------------------------------------------------------------
2020-06-13 15:31:41,961:INFO:ДУГААРАА СОНГОЖ БУЙ ХЭСЭГ
2020-06-13 15:31:41,962:INFO:2
2020-06-13 15:31:57,147:INFO:------------------------------------------------------------------------------------------------
2020-06-13 15:31:58,369:INFO:ДУГААРАА СОНГОЖ БУЙ ХЭСЭГ
2020-06-13 15:31:58,370:INFO:2
2020-06-13 15:32:42,142:INFO:ДУГААРАА СОНГОЖ БУЙ ХЭСЭГ
2020-06-13 15:32:42,142:INFO:2
2020-06-13 15:32:42,834:WARNING:Not Found: /favicon.ico
2020-06-13 15:32:52,584:INFO:ДУГААРЫН ҮНЭ
2020-06-13 15:32:52,586:INFO:5000
2020-06-13 15:33:03,996:INFO:ДУГААРЫН ZAHIALGA
2020-06-13 15:33:52,950:INFO:------------------------------------------------------------------------------------------------
2020-06-13 15:33:57,691:INFO:ДУГААРАА СОНГОЖ БУЙ ХЭСЭГ
2020-06-13 15:33:57,691:INFO:2
2020-06-13 15:33:58,200:INFO:ДУГААРАА СОНГОЖ БУЙ ХЭСЭГ
2020-06-13 15:33:58,201:INFO:2
2020-06-13 15:34:03,562:INFO:ДУГААРАА СОНГОЖ БУЙ ХЭСЭГ
2020-06-13 15:34:03,563:INFO:2
2020-06-13 15:34:21,915:INFO:ДУГААРАА СОНГОЖ БУЙ ХЭСЭГ
2020-06-13 15:34:21,915:INFO:2
2020-06-13 15:34:52,334:INFO:ДУГААРАА СОНГОЖ БУЙ ХЭСЭГ
2020-06-13 15:34:52,335:INFO:2
2020-06-13 15:35:04,213:INFO:------------------------------------------------------------------------------------------------
2020-06-13 15:35:20,221:INFO:------------------------------------------------------------------------------------------------
2020-06-13 15:35:22,325:INFO:ДУГААРАА СОНГОЖ БУЙ ХЭСЭГ
2020-06-13 15:35:22,326:INFO:2
2020-06-13 15:35:48,282:INFO:------------------------------------------------------------------------------------------------
2020-06-13 15:35:51,578:INFO:ДУГААРАА СОНГОЖ БУЙ ХЭСЭГ
2020-06-13 15:35:51,578:INFO:7
2020-06-13 15:39:08,998:INFO:------------------------------------------------------------------------------------------------
2020-06-13 15:39:09,655:INFO:ДУГААРАА СОНГОЖ БУЙ ХЭСЭГ
2020-06-13 15:39:09,655:INFO:2
2020-06-13 15:40:01,515:INFO:------------------------------------------------------------------------------------------------
2020-06-13 15:40:22,202:INFO:ДУГААРЫН ҮНЭ
2020-06-13 15:40:22,206:INFO:5000
2020-06-13 15:41:09,308:INFO:------------------------------------------------------------------------------------------------
2020-06-13 15:49:28,082:INFO:------------------------------------------------------------------------------------------------
2020-06-13 15:49:34,402:INFO:------------------------------------------------------------------------------------------------
2020-06-13 15:49:47,298:INFO:------------------------------------------------------------------------------------------------
2020-06-13 15:49:48,755:INFO:ДУГААРАА СОНГОЖ БУЙ ХЭСЭГ
2020-06-13 15:49:48,755:INFO:2
2020-06-13 15:49:49,107:WARNING:Not Found: /favicon.ico
2020-06-13 15:50:02,147:INFO:ДУГААРЫН ҮНЭ
2020-06-13 15:50:02,150:INFO:5000
2020-06-13 15:50:38,453:INFO:ДУГААРАА СОНГОЖ БУЙ ХЭСЭГ
2020-06-13 15:50:38,453:INFO:2
2020-06-13 15:50:41,411:INFO:ДУГААРАА СОНГОЖ БУЙ ХЭСЭГ
2020-06-13 15:50:41,412:INFO:2
2020-06-13 15:51:39,955:INFO:ДУГААРЫН ҮНЭ
2020-06-13 15:51:39,958:INFO:5000
2020-06-13 15:51:45,111:INFO:ДУГААРЫН ҮНЭ
2020-06-13 15:51:45,115:INFO:5000
2020-06-13 15:52:13,567:INFO:ДУГААРЫН ZAHIALGA
2020-06-13 15:53:41,921:INFO:------------------------------------------------------------------------------------------------
2020-06-13 15:54:13,681:INFO:------------------------------------------------------------------------------------------------
2020-06-13 15:55:18,110:INFO:------------------------------------------------------------------------------------------------
2020-06-13 16:00:55,881:INFO:------------------------------------------------------------------------------------------------
2020-06-13 16:01:07,535:INFO:ДУГААРАА СОНГОЖ БУЙ ХЭСЭГ
2020-06-13 16:01:07,535:INFO:2
2020-06-13 16:01:09,440:INFO:ДУГААРАА СОНГОЖ БУЙ ХЭСЭГ
2020-06-13 16:01:09,441:INFO:2
2020-06-13 16:01:51,807:INFO:------------------------------------------------------------------------------------------------
2020-06-13 16:05:07,563:INFO:ДУГААРЫН ҮНЭ
2020-06-13 16:05:07,566:INFO:5000
2020-06-13 16:07:28,320:INFO:ДУГААРАА СОНГОЖ БУЙ ХЭСЭГ
2020-06-13 16:07:28,320:INFO:2
2020-06-13 16:07:30,210:INFO:------------------------------------------------------------------------------------------------
2020-06-13 16:07:31,154:INFO:ДУГААРАА СОНГОЖ БУЙ ХЭСЭГ
2020-06-13 16:07:31,154:INFO:2
2020-06-13 16:08:57,294:INFO:ДУГААРАА СОНГОЖ БУЙ ХЭСЭГ
2020-06-13 16:08:57,294:INFO:2
2020-06-13 16:09:02,667:INFO:ДУГААРАА СОНГОЖ БУЙ ХЭСЭГ
2020-06-13 16:09:02,667:INFO:2
2020-06-13 16:09:09,085:INFO:ДУГААРЫН ҮНЭ
2020-06-13 16:09:09,091:INFO:5000
2020-06-13 16:10:29,357:INFO:ДУГААРЫН ҮНЭ
2020-06-13 16:10:29,359:INFO:5000
2020-06-13 16:10:34,842:INFO:ДУГААРЫН ҮНЭ
2020-06-13 16:10:34,844:INFO:5000
2020-06-13 16:10:38,680:INFO:ДУГААРЫН ҮНЭ
2020-06-13 16:10:38,682:INFO:5000
2020-06-13 16:11:36,235:INFO:ДУГААРЫН ҮНЭ
2020-06-13 16:11:36,239:INFO:5000
2020-06-13 16:15:56,348:INFO:ДУГААРЫН ҮНЭ
2020-06-13 16:15:56,350:INFO:5000
2020-06-13 16:18:41,711:INFO:ДУГААРЫН ҮНЭ
2020-06-13 16:18:41,713:INFO:5000
2020-06-13 16:22:15,054:INFO:------------------------------------------------------------------------------------------------
2020-06-13 16:22:46,241:INFO:------------------------------------------------------------------------------------------------
2020-06-13 16:22:47,200:INFO:ДУГААРАА СОНГОЖ БУЙ ХЭСЭГ
2020-06-13 16:22:47,200:INFO:2
2020-06-13 16:22:50,640:INFO:------------------------------------------------------------------------------------------------
2020-06-13 16:22:51,477:INFO:ДУГААРАА СОНГОЖ БУЙ ХЭСЭГ
2020-06-13 16:22:51,477:INFO:2
2020-06-13 16:23:37,603:INFO:ДУГААРЫН ҮНЭ
2020-06-13 16:23:37,605:INFO:5000
2020-06-13 16:23:51,030:INFO:ДУГААРЫН ZAHIALGA
2020-06-13 16:23:57,688:INFO:------------------------------------------------------------------------------------------------
2020-06-13 16:25:32,629:INFO:ДУГААРЫН ҮНЭ
2020-06-13 16:25:32,632:INFO:5000
2020-06-13 16:25:51,174:INFO:------------------------------------------------------------------------------------------------
2020-06-13 16:26:28,253:ERROR:Internal Server Error: /getnumber
Traceback (most recent call last):
  File "/usr/local/lib/python2.7/dist-packages/django/core/handlers/exception.py", line 41, in inner
    response = get_response(request)
  File "/usr/local/lib/python2.7/dist-packages/django/core/handlers/base.py", line 187, in _get_response
    response = self.process_exception_by_middleware(e, request)
  File "/usr/local/lib/python2.7/dist-packages/django/core/handlers/base.py", line 185, in _get_response
    response = wrapped_callback(request, *callback_args, **callback_kwargs)
  File "/usr/local/lib/python2.7/dist-packages/django/views/decorators/csrf.py", line 58, in wrapped_view
    return view_func(*args, **kwargs)
  File "/usr/local/lib/python2.7/dist-packages/django/views/generic/base.py", line 68, in view
    return self.dispatch(request, *args, **kwargs)
  File "/usr/local/lib/python2.7/dist-packages/rest_framework/views.py", line 495, in dispatch
    response = self.handle_exception(exc)
  File "/usr/local/lib/python2.7/dist-packages/rest_framework/views.py", line 455, in handle_exception
    self.raise_uncaught_exception(exc)
  File "/usr/local/lib/python2.7/dist-packages/rest_framework/views.py", line 492, in dispatch
    response = handler(request, *args, **kwargs)
  File "/usr/local/lib/python2.7/dist-packages/rest_framework/decorators.py", line 55, in handler
    return func(*args, **kwargs)
  File "/home/user/nFilterNew/controller/views.py", line 206, in getNumber
    if data[1] == az:
IndexError: list index out of range
2020-06-13 16:26:40,141:INFO:------------------------------------------------------------------------------------------------
2020-06-13 16:26:47,760:INFO:ДУГААРАА СОНГОЖ БУЙ ХЭСЭГ
2020-06-13 16:26:47,760:INFO:2
2020-06-13 16:27:00,080:INFO:ДУГААРЫН ҮНЭ
2020-06-13 16:27:00,082:INFO:5000
2020-06-13 16:27:01,918:INFO:ДУГААРЫН ҮНЭ
2020-06-13 16:27:01,921:INFO:5000
2020-06-13 16:27:29,882:INFO:ДУГААРЫН ҮНЭ
2020-06-13 16:27:29,885:INFO:5000
2020-06-13 16:33:21,258:INFO:------------------------------------------------------------------------------------------------
2020-06-13 16:33:27,294:INFO:ДУГААРАА СОНГОЖ БУЙ ХЭСЭГ
2020-06-13 16:33:27,295:INFO:2
2020-06-13 16:33:55,732:INFO:ДУГААРАА СОНГОЖ БУЙ ХЭСЭГ
2020-06-13 16:33:55,732:INFO:2
2020-06-13 16:35:38,204:INFO:ДУГААРЫН ҮНЭ
2020-06-13 16:35:38,206:INFO:5000
2020-06-13 16:36:09,087:INFO:ДУГААРЫН ZAHIALGA
2020-06-13 16:38:09,226:INFO:------------------------------------------------------------------------------------------------
2020-06-13 16:49:26,624:INFO:ДУГААРАА СОНГОЖ БУЙ ХЭСЭГ
2020-06-13 16:49:26,624:INFO:7
2020-06-13 16:49:31,092:INFO:ДУГААРАА СОНГОЖ БУЙ ХЭСЭГ
2020-06-13 16:49:31,092:INFO:7
2020-06-13 16:49:39,044:INFO:------------------------------------------------------------------------------------------------
2020-06-13 16:49:41,479:INFO:ДУГААРАА СОНГОЖ БУЙ ХЭСЭГ
2020-06-13 16:49:41,479:INFO:2
2020-06-13 16:50:16,232:INFO:ДУГААРЫН ҮНЭ
2020-06-13 16:50:16,234:INFO:10000
2020-06-13 16:50:27,202:INFO:ДУГААРЫН ҮНЭ
2020-06-13 16:50:27,205:INFO:10000
2020-06-13 16:51:21,045:INFO:ДУГААРАА СОНГОЖ БУЙ ХЭСЭГ
2020-06-13 16:51:21,045:INFO:2
2020-06-13 16:52:36,319:INFO:------------------------------------------------------------------------------------------------
2020-06-13 16:52:38,463:INFO:ДУГААРАА СОНГОЖ БУЙ ХЭСЭГ
2020-06-13 16:52:38,463:INFO:2
2020-06-13 16:53:42,039:INFO:------------------------------------------------------------------------------------------------
2020-06-13 16:55:18,185:INFO:------------------------------------------------------------------------------------------------
2020-06-13 16:58:39,393:INFO:ДУГААРЫН ҮНЭ
2020-06-13 16:58:39,395:INFO:5000
2020-06-13 17:00:00,179:INFO:ДУГААРАА СОНГОЖ БУЙ ХЭСЭГ
2020-06-13 17:00:00,179:INFO:2
2020-06-13 17:01:51,891:INFO:------------------------------------------------------------------------------------------------
2020-06-13 17:02:54,759:INFO:ДУГААРЫН ҮНЭ
2020-06-13 17:02:54,763:INFO:5000
2020-06-13 17:03:10,526:INFO:ДУГААРЫН ҮНЭ
2020-06-13 17:03:10,529:INFO:5000
2020-06-13 17:03:27,327:INFO:ДУГААРЫН ҮНЭ
2020-06-13 17:03:27,330:INFO:5000
2020-06-13 17:06:38,015:INFO:------------------------------------------------------------------------------------------------
2020-06-13 17:06:41,002:INFO:ДУГААРАА СОНГОЖ БУЙ ХЭСЭГ
2020-06-13 17:06:41,002:INFO:7
2020-06-13 17:06:49,025:INFO:ДУГААРАА СОНГОЖ БУЙ ХЭСЭГ
2020-06-13 17:06:49,025:INFO:7
2020-06-13 17:10:44,201:INFO:------------------------------------------------------------------------------------------------
2020-06-13 17:11:07,823:INFO:ДУГААРАА СОНГОЖ БУЙ ХЭСЭГ
2020-06-13 17:11:07,823:INFO:2
2020-06-13 17:12:07,713:INFO:ДУГААРЫН ҮНЭ
2020-06-13 17:12:07,716:INFO:5000
2020-06-13 17:14:52,313:INFO:------------------------------------------------------------------------------------------------
2020-06-13 17:14:55,049:INFO:ДУГААРАА СОНГОЖ БУЙ ХЭСЭГ
2020-06-13 17:14:55,049:INFO:7
2020-06-13 17:16:03,354:INFO:ДУГААРЫН ҮНЭ
2020-06-13 17:16:03,357:INFO:10000
2020-06-13 17:22:16,035:INFO:------------------------------------------------------------------------------------------------
2020-06-13 17:24:02,291:INFO:------------------------------------------------------------------------------------------------
2020-06-13 17:25:44,589:INFO:ДУГААРЫН ҮНЭ
2020-06-13 17:25:44,591:INFO:5000
2020-06-13 17:29:06,998:INFO:------------------------------------------------------------------------------------------------
2020-06-13 17:29:13,118:INFO:ДУГААРАА СОНГОЖ БУЙ ХЭСЭГ
2020-06-13 17:29:13,118:INFO:7
2020-06-13 17:30:06,249:INFO:------------------------------------------------------------------------------------------------
2020-06-13 17:30:07,608:INFO:ДУГААРАА СОНГОЖ БУЙ ХЭСЭГ
2020-06-13 17:30:07,609:INFO:2
2020-06-13 17:31:04,998:INFO:ДУГААРЫН ҮНЭ
2020-06-13 17:31:05,001:INFO:5000
2020-06-13 17:35:22,326:INFO:ДУГААРАА СОНГОЖ БУЙ ХЭСЭГ
2020-06-13 17:35:22,327:INFO:2
2020-06-13 17:36:03,123:INFO:ДУГААРАА СОНГОЖ БУЙ ХЭСЭГ
2020-06-13 17:36:03,124:INFO:2
2020-06-13 17:36:56,843:INFO:ДУГААРАА СОНГОЖ БУЙ ХЭСЭГ
2020-06-13 17:36:56,843:INFO:2
2020-06-13 17:37:10,882:INFO:------------------------------------------------------------------------------------------------
2020-06-13 17:37:11,747:INFO:ДУГААРАА СОНГОЖ БУЙ ХЭСЭГ
2020-06-13 17:37:11,747:INFO:2
2020-06-13 17:37:21,911:INFO:ДУГААРЫН ҮНЭ
2020-06-13 17:37:21,914:INFO:5000
2020-06-13 17:37:35,693:INFO:ДУГААРЫН ZAHIALGA
2020-06-13 17:39:32,100:INFO:ДУГААРЫН ҮНЭ
2020-06-13 17:39:32,102:INFO:5000
2020-06-13 17:39:35,921:INFO:------------------------------------------------------------------------------------------------
2020-06-13 17:40:21,484:INFO:------------------------------------------------------------------------------------------------
2020-06-13 17:40:48,752:INFO:ДУГААРАА СОНГОЖ БУЙ ХЭСЭГ
2020-06-13 17:40:48,752:INFO:2
2020-06-13 17:41:26,989:INFO:ДУГААРЫН ҮНЭ
2020-06-13 17:41:26,991:INFO:5000
2020-06-13 17:45:00,234:INFO:ДУГААРЫН ҮНЭ
2020-06-13 17:45:00,237:INFO:5000
2020-06-13 17:47:25,602:INFO:ДУГААРЫН ҮНЭ
2020-06-13 17:47:25,605:INFO:5000
2020-06-13 17:49:43,925:INFO:------------------------------------------------------------------------------------------------
2020-06-13 17:51:03,408:INFO:ДУГААРЫН ҮНЭ
2020-06-13 17:51:03,411:INFO:5000
2020-06-13 17:51:37,653:INFO:ДУГААРЫН ҮНЭ
2020-06-13 17:51:37,655:INFO:5000
2020-06-13 17:53:42,191:INFO:------------------------------------------------------------------------------------------------
2020-06-13 17:55:18,251:INFO:------------------------------------------------------------------------------------------------
2020-06-13 18:01:15,685:INFO:ДУГААРАА СОНГОЖ БУЙ ХЭСЭГ
2020-06-13 18:01:15,685:INFO:2
2020-06-13 18:01:17,280:INFO:ДУГААРАА СОНГОЖ БУЙ ХЭСЭГ
2020-06-13 18:01:17,280:INFO:2
2020-06-13 18:01:51,992:INFO:------------------------------------------------------------------------------------------------
2020-06-13 18:07:40,444:INFO:ДУГААРАА СОНГОЖ БУЙ ХЭСЭГ
2020-06-13 18:07:40,444:INFO:2
2020-06-13 18:08:30,562:INFO:ДУГААРАА СОНГОЖ БУЙ ХЭСЭГ
2020-06-13 18:08:30,562:INFO:2
2020-06-13 18:08:42,801:INFO:ДУГААРАА СОНГОЖ БУЙ ХЭСЭГ
2020-06-13 18:08:42,802:INFO:2
2020-06-13 18:09:58,894:INFO:ДУГААРАА СОНГОЖ БУЙ ХЭСЭГ
2020-06-13 18:09:58,894:INFO:2
2020-06-13 18:11:29,008:INFO:ДУГААРАА СОНГОЖ БУЙ ХЭСЭГ
2020-06-13 18:11:29,008:INFO:2
2020-06-13 18:11:40,671:INFO:ДУГААРЫН ҮНЭ
2020-06-13 18:11:40,673:INFO:5000
2020-06-13 18:12:16,630:INFO:ДУГААРЫН ҮНЭ
2020-06-13 18:12:16,632:INFO:5000
2020-06-13 18:17:40,416:INFO:------------------------------------------------------------------------------------------------
2020-06-13 18:17:43,527:INFO:ДУГААРАА СОНГОЖ БУЙ ХЭСЭГ
2020-06-13 18:17:43,527:INFO:7
2020-06-13 18:22:42,024:INFO:ДУГААРАА СОНГОЖ БУЙ ХЭСЭГ
2020-06-13 18:22:42,024:INFO:2
2020-06-13 18:22:58,710:INFO:------------------------------------------------------------------------------------------------
2020-06-13 18:23:03,059:INFO:ДУГААРАА СОНГОЖ БУЙ ХЭСЭГ
2020-06-13 18:23:03,059:INFO:7
2020-06-13 18:23:19,598:INFO:ДУГААРАА СОНГОЖ БУЙ ХЭСЭГ
2020-06-13 18:23:19,598:INFO:7
2020-06-13 18:24:06,871:INFO:------------------------------------------------------------------------------------------------
2020-06-13 18:27:43,177:WARNING:Not Found: /favicon.ico
2020-06-13 18:28:08,493:INFO:------------------------------------------------------------------------------------------------
2020-06-13 18:28:10,054:INFO:ДУГААРАА СОНГОЖ БУЙ ХЭСЭГ
2020-06-13 18:28:10,054:INFO:7
2020-06-13 18:28:13,044:INFO:ДУГААРАА СОНГОЖ БУЙ ХЭСЭГ
2020-06-13 18:28:13,044:INFO:7
2020-06-13 18:28:14,924:INFO:ДУГААРАА СОНГОЖ БУЙ ХЭСЭГ
2020-06-13 18:28:14,924:INFO:7
2020-06-13 18:28:35,414:INFO:ДУГААРАА СОНГОЖ БУЙ ХЭСЭГ
2020-06-13 18:28:35,414:INFO:7
2020-06-13 18:33:29,872:INFO:------------------------------------------------------------------------------------------------
2020-06-13 18:33:30,729:INFO:ДУГААРАА СОНГОЖ БУЙ ХЭСЭГ
2020-06-13 18:33:30,729:INFO:7
2020-06-13 18:33:44,654:INFO:ДУГААРЫН ҮНЭ
2020-06-13 18:33:44,657:INFO:10000
2020-06-13 18:34:56,727:INFO:ДУГААРЫН ҮНЭ
2020-06-13 18:34:56,729:INFO:10000
2020-06-13 18:35:06,326:INFO:ДУГААРЫН ZAHIALGA
2020-06-13 18:37:07,198:INFO:------------------------------------------------------------------------------------------------
2020-06-13 18:37:46,436:INFO:ДУГААРАА СОНГОЖ БУЙ ХЭСЭГ
2020-06-13 18:37:46,437:INFO:2
2020-06-13 18:38:37,164:INFO:ДУГААРАА СОНГОЖ БУЙ ХЭСЭГ
2020-06-13 18:38:37,164:INFO:7
2020-06-13 18:40:03,897:INFO:ДУГААРАА СОНГОЖ БУЙ ХЭСЭГ
2020-06-13 18:40:03,898:INFO:7
2020-06-13 18:40:08,637:INFO:ДУГААРАА СОНГОЖ БУЙ ХЭСЭГ
2020-06-13 18:40:08,637:INFO:7
2020-06-13 18:44:21,831:INFO:ДУГААРАА СОНГОЖ БУЙ ХЭСЭГ
2020-06-13 18:44:21,831:INFO:2
2020-06-13 18:49:48,526:INFO:------------------------------------------------------------------------------------------------
2020-06-13 18:52:51,909:INFO:------------------------------------------------------------------------------------------------
2020-06-13 18:52:53,459:INFO:ДУГААРАА СОНГОЖ БУЙ ХЭСЭГ
2020-06-13 18:52:53,460:INFO:7
2020-06-13 18:53:42,327:INFO:------------------------------------------------------------------------------------------------
2020-06-13 18:55:44,102:INFO:ДУГААРАА СОНГОЖ БУЙ ХЭСЭГ
2020-06-13 18:55:44,102:INFO:7
2020-06-13 18:57:08,766:INFO:ДУГААРАА СОНГОЖ БУЙ ХЭСЭГ
2020-06-13 18:57:08,766:INFO:7
2020-06-13 18:57:26,788:INFO:ДУГААРАА СОНГОЖ БУЙ ХЭСЭГ
2020-06-13 18:57:26,788:INFO:7
2020-06-13 18:59:35,988:INFO:ДУГААРАА СОНГОЖ БУЙ ХЭСЭГ
2020-06-13 18:59:35,989:INFO:7
2020-06-13 19:00:04,158:INFO:ДУГААРАА СОНГОЖ БУЙ ХЭСЭГ
2020-06-13 19:00:04,158:INFO:7
2020-06-13 19:00:38,859:INFO:------------------------------------------------------------------------------------------------
2020-06-13 19:00:43,049:INFO:ДУГААРАА СОНГОЖ БУЙ ХЭСЭГ
2020-06-13 19:00:43,049:INFO:7
2020-06-13 19:00:46,102:INFO:ДУГААРАА СОНГОЖ БУЙ ХЭСЭГ
2020-06-13 19:00:46,103:INFO:7
2020-06-13 19:00:57,980:INFO:ДУГААРАА СОНГОЖ БУЙ ХЭСЭГ
2020-06-13 19:00:57,980:INFO:7
2020-06-13 19:01:52,096:INFO:------------------------------------------------------------------------------------------------
2020-06-13 19:02:31,242:INFO:ДУГААРЫН ҮНЭ
2020-06-13 19:02:31,244:INFO:10000
2020-06-13 19:04:35,841:INFO:------------------------------------------------------------------------------------------------
2020-06-13 19:04:38,062:INFO:ДУГААРАА СОНГОЖ БУЙ ХЭСЭГ
2020-06-13 19:04:38,062:INFO:2
2020-06-13 19:06:49,540:INFO:ДУГААРЫН ҮНЭ
2020-06-13 19:06:49,543:INFO:5000
2020-06-13 19:11:45,383:INFO:ДУГААРАА СОНГОЖ БУЙ ХЭСЭГ
2020-06-13 19:11:45,384:INFO:7
2020-06-13 19:24:11,487:INFO:------------------------------------------------------------------------------------------------
2020-06-13 19:28:03,365:INFO:------------------------------------------------------------------------------------------------
2020-06-13 19:28:04,630:INFO:ДУГААРАА СОНГОЖ БУЙ ХЭСЭГ
2020-06-13 19:28:04,630:INFO:2
2020-06-13 19:28:50,707:INFO:------------------------------------------------------------------------------------------------
2020-06-13 19:28:52,856:INFO:ДУГААРАА СОНГОЖ БУЙ ХЭСЭГ
2020-06-13 19:28:52,857:INFO:2
2020-06-13 19:29:49,301:INFO:ДУГААРЫН ҮНЭ
2020-06-13 19:29:49,304:INFO:5000
2020-06-13 19:31:18,808:INFO:ДУГААРАА СОНГОЖ БУЙ ХЭСЭГ
2020-06-13 19:31:18,808:INFO:2
2020-06-13 19:31:19,574:INFO:ДУГААРАА СОНГОЖ БУЙ ХЭСЭГ
2020-06-13 19:31:19,574:INFO:2
2020-06-13 19:31:59,901:INFO:ДУГААРЫН ҮНЭ
2020-06-13 19:31:59,904:INFO:5000
2020-06-13 19:33:01,011:INFO:ДУГААРЫН ZAHIALGA
2020-06-13 19:33:20,308:INFO:------------------------------------------------------------------------------------------------
2020-06-13 19:33:31,925:INFO:ДУГААРАА СОНГОЖ БУЙ ХЭСЭГ
2020-06-13 19:33:31,926:INFO:2
2020-06-13 19:33:34,511:INFO:ДУГААРАА СОНГОЖ БУЙ ХЭСЭГ
2020-06-13 19:33:34,512:INFO:2
2020-06-13 19:33:36,360:INFO:ДУГААРАА СОНГОЖ БУЙ ХЭСЭГ
2020-06-13 19:33:36,360:INFO:2
2020-06-13 19:37:43,829:INFO:ДУГААРЫН ҮНЭ
2020-06-13 19:37:43,832:INFO:5000
2020-06-13 19:38:10,848:INFO:ДУГААРЫН ҮНЭ
2020-06-13 19:38:10,851:INFO:5000
2020-06-13 19:39:14,462:INFO:ДУГААРЫН ҮНЭ
2020-06-13 19:39:14,465:INFO:5000
2020-06-13 19:40:30,587:INFO:ДУГААРАА СОНГОЖ БУЙ ХЭСЭГ
2020-06-13 19:40:30,587:INFO:2
2020-06-13 19:41:23,285:INFO:ДУГААРЫН ҮНЭ
2020-06-13 19:41:23,288:INFO:5000
2020-06-13 19:41:46,149:INFO:ДУГААРЫН ҮНЭ
2020-06-13 19:41:46,152:INFO:5000
2020-06-13 19:44:17,341:INFO:ДУГААРЫН ҮНЭ
2020-06-13 19:44:17,344:INFO:5000
2020-06-13 19:44:35,171:INFO:ДУГААРЫН ZAHIALGA
2020-06-13 19:44:38,834:INFO:------------------------------------------------------------------------------------------------
2020-06-13 19:44:41,913:INFO:ДУГААРАА СОНГОЖ БУЙ ХЭСЭГ
2020-06-13 19:44:41,913:INFO:2
2020-06-13 19:44:44,227:INFO:ДУГААРАА СОНГОЖ БУЙ ХЭСЭГ
2020-06-13 19:44:44,227:INFO:2
2020-06-13 19:47:15,869:INFO:ДУГААРЫН ҮНЭ
2020-06-13 19:47:15,871:INFO:5000
2020-06-13 19:48:48,673:INFO:ДУГААРЫН ҮНЭ
2020-06-13 19:48:48,676:INFO:5000
2020-06-13 19:48:55,686:ERROR:Internal Server Error: /getnumber
Traceback (most recent call last):
  File "/usr/local/lib/python2.7/dist-packages/django/core/handlers/exception.py", line 41, in inner
    response = get_response(request)
  File "/usr/local/lib/python2.7/dist-packages/django/core/handlers/base.py", line 187, in _get_response
    response = self.process_exception_by_middleware(e, request)
  File "/usr/local/lib/python2.7/dist-packages/django/core/handlers/base.py", line 185, in _get_response
    response = wrapped_callback(request, *callback_args, **callback_kwargs)
  File "/usr/local/lib/python2.7/dist-packages/django/views/decorators/csrf.py", line 58, in wrapped_view
    return view_func(*args, **kwargs)
  File "/usr/local/lib/python2.7/dist-packages/django/views/generic/base.py", line 68, in view
    return self.dispatch(request, *args, **kwargs)
  File "/usr/local/lib/python2.7/dist-packages/rest_framework/views.py", line 495, in dispatch
    response = self.handle_exception(exc)
  File "/usr/local/lib/python2.7/dist-packages/rest_framework/views.py", line 455, in handle_exception
    self.raise_uncaught_exception(exc)
  File "/usr/local/lib/python2.7/dist-packages/rest_framework/views.py", line 492, in dispatch
    response = handler(request, *args, **kwargs)
  File "/usr/local/lib/python2.7/dist-packages/rest_framework/decorators.py", line 55, in handler
    return func(*args, **kwargs)
  File "/home/user/nFilterNew/controller/views.py", line 190, in getNumber
    first4 = str(digit4[i])
IndexError: list index out of range
2020-06-13 19:49:53,148:INFO:------------------------------------------------------------------------------------------------
2020-06-13 19:53:42,455:INFO:------------------------------------------------------------------------------------------------
2020-06-13 19:53:46,794:INFO:ДУГААРЫН ҮНЭ
2020-06-13 19:53:46,796:INFO:5000
2020-06-13 19:57:58,412:INFO:------------------------------------------------------------------------------------------------
2020-06-13 20:01:52,287:INFO:------------------------------------------------------------------------------------------------
2020-06-13 20:02:48,331:INFO:ДУГААРЫН ҮНЭ
2020-06-13 20:02:48,333:INFO:5000
2020-06-13 20:06:25,084:INFO:ДУГААРЫН ҮНЭ
2020-06-13 20:06:25,086:INFO:5000
2020-06-13 20:06:50,510:INFO:ДУГААРЫН ZAHIALGA
2020-06-13 20:08:50,617:INFO:------------------------------------------------------------------------------------------------
2020-06-13 20:11:54,879:INFO:ДУГААРЫН ҮНЭ
2020-06-13 20:11:54,882:INFO:5000
2020-06-13 20:12:06,022:INFO:ДУГААРЫН ҮНЭ
2020-06-13 20:12:06,025:INFO:5000
2020-06-13 20:12:39,783:INFO:ДУГААРАА СОНГОЖ БУЙ ХЭСЭГ
2020-06-13 20:12:39,783:INFO:3
2020-06-13 20:13:04,012:INFO:ДУГААРЫН ҮНЭ
2020-06-13 20:13:04,015:INFO:20000
2020-06-13 20:24:16,081:INFO:------------------------------------------------------------------------------------------------
2020-06-13 20:49:57,749:INFO:------------------------------------------------------------------------------------------------
2020-06-13 20:53:42,584:INFO:------------------------------------------------------------------------------------------------
2020-06-13 20:57:58,576:INFO:------------------------------------------------------------------------------------------------
2020-06-13 21:12:39,831:INFO:------------------------------------------------------------------------------------------------
2020-06-13 21:24:20,686:INFO:------------------------------------------------------------------------------------------------
2020-06-13 21:50:02,375:INFO:------------------------------------------------------------------------------------------------
2020-06-13 21:53:42,721:INFO:------------------------------------------------------------------------------------------------
2020-06-13 22:24:25,291:INFO:------------------------------------------------------------------------------------------------
2020-06-13 22:50:06,984:INFO:------------------------------------------------------------------------------------------------
2020-06-13 22:53:42,846:INFO:------------------------------------------------------------------------------------------------
2020-06-13 23:24:29,903:INFO:------------------------------------------------------------------------------------------------
2020-06-13 23:50:11,609:INFO:------------------------------------------------------------------------------------------------
2020-06-13 23:53:42,990:INFO:------------------------------------------------------------------------------------------------
2020-06-14 00:24:34,494:INFO:------------------------------------------------------------------------------------------------
2020-06-14 00:50:16,189:INFO:------------------------------------------------------------------------------------------------
2020-06-14 00:53:43,099:INFO:------------------------------------------------------------------------------------------------
2020-06-14 00:54:08,605:WARNING:Not Found: /
2020-06-14 01:24:39,097:INFO:------------------------------------------------------------------------------------------------
2020-06-14 01:50:20,834:INFO:------------------------------------------------------------------------------------------------
2020-06-14 01:53:43,246:INFO:------------------------------------------------------------------------------------------------
2020-06-14 02:24:39,190:INFO:------------------------------------------------------------------------------------------------
2020-06-14 02:50:25,468:INFO:------------------------------------------------------------------------------------------------
2020-06-14 02:53:43,376:INFO:------------------------------------------------------------------------------------------------
2020-06-14 03:24:43,798:INFO:------------------------------------------------------------------------------------------------
2020-06-14 03:50:30,073:INFO:------------------------------------------------------------------------------------------------
2020-06-14 03:53:43,529:INFO:------------------------------------------------------------------------------------------------
2020-06-14 04:24:48,400:INFO:------------------------------------------------------------------------------------------------
2020-06-14 04:50:34,681:INFO:------------------------------------------------------------------------------------------------
2020-06-14 04:53:43,664:INFO:------------------------------------------------------------------------------------------------
2020-06-14 05:24:53,004:INFO:------------------------------------------------------------------------------------------------
2020-06-14 05:50:39,283:INFO:------------------------------------------------------------------------------------------------
2020-06-14 05:53:43,797:INFO:------------------------------------------------------------------------------------------------
2020-06-14 06:24:57,589:INFO:------------------------------------------------------------------------------------------------
