2019-06-13 09:07:13,677:INFO:----------------------------------------------------------------------------------------------------
2019-06-13 09:30:50,990:INFO:ДУГААРАА СОНГОЖ БУЙ ХЭСЭГ
2019-06-13 09:30:55,743:ERROR:Internal Server Error: /getnumber
Traceback (most recent call last):
  File "C:\Python27\lib\site-packages\django\core\handlers\exception.py", line 41, in inner
    response = get_response(request)
  File "C:\Python27\lib\site-packages\django\core\handlers\base.py", line 187, in _get_response
    response = self.process_exception_by_middleware(e, request)
  File "C:\Python27\lib\site-packages\django\core\handlers\base.py", line 185, in _get_response
    response = wrapped_callback(request, *callback_args, **callback_kwargs)
  File "C:\Python27\lib\site-packages\django\views\decorators\csrf.py", line 58, in wrapped_view
    return view_func(*args, **kwargs)
  File "C:\Python27\lib\site-packages\django\views\generic\base.py", line 68, in view
    return self.dispatch(request, *args, **kwargs)
  File "C:\Python27\lib\site-packages\rest_framework\views.py", line 489, in dispatch
    response = self.handle_exception(exc)
  File "C:\Python27\lib\site-packages\rest_framework\views.py", line 449, in handle_exception
    self.raise_uncaught_exception(exc)
  File "C:\Python27\lib\site-packages\rest_framework\views.py", line 486, in dispatch
    response = handler(request, *args, **kwargs)
  File "C:\Python27\lib\site-packages\rest_framework\decorators.py", line 52, in handler
    return func(*args, **kwargs)
  File "D:\nFilter\controller\views.py", line 201, in getNumber
    while(j<len(pre)):
TypeError: object of type 'PrefixOLD' has no len()
2019-06-13 09:31:50,316:ERROR:Internal Server Error: /getnumber
Traceback (most recent call last):
  File "C:\Python27\lib\site-packages\django\core\handlers\exception.py", line 41, in inner
    response = get_response(request)
  File "C:\Python27\lib\site-packages\django\core\handlers\base.py", line 187, in _get_response
    response = self.process_exception_by_middleware(e, request)
  File "C:\Python27\lib\site-packages\django\core\handlers\base.py", line 185, in _get_response
    response = wrapped_callback(request, *callback_args, **callback_kwargs)
  File "C:\Python27\lib\site-packages\django\views\decorators\csrf.py", line 58, in wrapped_view
    return view_func(*args, **kwargs)
  File "C:\Python27\lib\site-packages\django\views\generic\base.py", line 68, in view
    return self.dispatch(request, *args, **kwargs)
  File "C:\Python27\lib\site-packages\rest_framework\views.py", line 489, in dispatch
    response = self.handle_exception(exc)
  File "C:\Python27\lib\site-packages\rest_framework\views.py", line 449, in handle_exception
    self.raise_uncaught_exception(exc)
  File "C:\Python27\lib\site-packages\rest_framework\views.py", line 486, in dispatch
    response = handler(request, *args, **kwargs)
  File "C:\Python27\lib\site-packages\rest_framework\decorators.py", line 52, in handler
    return func(*args, **kwargs)
  File "D:\nFilter\controller\views.py", line 198, in getNumber
    pre = list(pre[0])
TypeError: 'PrefixOLD' object is not iterable
2019-06-13 09:33:38,881:ERROR:Internal Server Error: /getnumber
Traceback (most recent call last):
  File "C:\Python27\lib\site-packages\django\core\handlers\exception.py", line 41, in inner
    response = get_response(request)
  File "C:\Python27\lib\site-packages\django\core\handlers\base.py", line 187, in _get_response
    response = self.process_exception_by_middleware(e, request)
  File "C:\Python27\lib\site-packages\django\core\handlers\base.py", line 185, in _get_response
    response = wrapped_callback(request, *callback_args, **callback_kwargs)
  File "C:\Python27\lib\site-packages\django\views\decorators\csrf.py", line 58, in wrapped_view
    return view_func(*args, **kwargs)
  File "C:\Python27\lib\site-packages\django\views\generic\base.py", line 68, in view
    return self.dispatch(request, *args, **kwargs)
  File "C:\Python27\lib\site-packages\rest_framework\views.py", line 489, in dispatch
    response = self.handle_exception(exc)
  File "C:\Python27\lib\site-packages\rest_framework\views.py", line 449, in handle_exception
    self.raise_uncaught_exception(exc)
  File "C:\Python27\lib\site-packages\rest_framework\views.py", line 486, in dispatch
    response = handler(request, *args, **kwargs)
  File "C:\Python27\lib\site-packages\rest_framework\decorators.py", line 52, in handler
    return func(*args, **kwargs)
  File "D:\nFilter\controller\views.py", line 254, in getNumber
    if data[1] == az:
IndexError: list index out of range
2019-06-13 09:40:51,380:INFO:----------------------------------------------------------------------------------------------------
2019-06-13 09:41:09,963:INFO:ДУГААРАА СОНГОЖ БУЙ ХЭСЭГ
2019-06-13 09:41:22,502:ERROR:Internal Server Error: /getnumber
Traceback (most recent call last):
  File "C:\Python27\lib\site-packages\django\core\handlers\exception.py", line 41, in inner
    response = get_response(request)
  File "C:\Python27\lib\site-packages\django\core\handlers\base.py", line 187, in _get_response
    response = self.process_exception_by_middleware(e, request)
  File "C:\Python27\lib\site-packages\django\core\handlers\base.py", line 185, in _get_response
    response = wrapped_callback(request, *callback_args, **callback_kwargs)
  File "C:\Python27\lib\site-packages\django\views\decorators\csrf.py", line 58, in wrapped_view
    return view_func(*args, **kwargs)
  File "C:\Python27\lib\site-packages\django\views\generic\base.py", line 68, in view
    return self.dispatch(request, *args, **kwargs)
  File "C:\Python27\lib\site-packages\rest_framework\views.py", line 489, in dispatch
    response = self.handle_exception(exc)
  File "C:\Python27\lib\site-packages\rest_framework\views.py", line 449, in handle_exception
    self.raise_uncaught_exception(exc)
  File "C:\Python27\lib\site-packages\rest_framework\views.py", line 486, in dispatch
    response = handler(request, *args, **kwargs)
  File "C:\Python27\lib\site-packages\rest_framework\decorators.py", line 52, in handler
    return func(*args, **kwargs)
  File "D:\nFilter\controller\views.py", line 255, in getNumber
    if data[1] == az:
IndexError: list index out of range
2019-06-13 09:51:10,197:INFO:----------------------------------------------------------------------------------------------------
2019-06-13 09:52:50,559:INFO:ДУГААРАА СОНГОЖ БУЙ ХЭСЭГ
2019-06-13 10:02:50,743:INFO:----------------------------------------------------------------------------------------------------
2019-06-13 10:04:27,476:INFO:ДУГААРАА СОНГОЖ БУЙ ХЭСЭГ
2019-06-13 10:05:56,717:INFO:----------------------------------------------------------------------------------------------------
2019-06-13 10:05:58,000:INFO:ДУГААРАА СОНГОЖ БУЙ ХЭСЭГ
2019-06-13 10:09:13,609:INFO:----------------------------------------------------------------------------------------------------
2019-06-13 10:09:14,539:INFO:ДУГААРАА СОНГОЖ БУЙ ХЭСЭГ
2019-06-13 10:19:14,759:INFO:----------------------------------------------------------------------------------------------------
2019-06-13 10:31:18,144:INFO:ДУГААРАА СОНГОЖ БУЙ ХЭСЭГ
2019-06-13 10:41:18,450:INFO:----------------------------------------------------------------------------------------------------
2019-06-13 10:50:44,382:INFO:ДУГААРАА СОНГОЖ БУЙ ХЭСЭГ
2019-06-13 11:00:44,736:INFO:----------------------------------------------------------------------------------------------------
2019-06-13 11:04:49,930:INFO:ДУГААРАА СОНГОЖ БУЙ ХЭСЭГ
2019-06-13 11:14:50,168:INFO:----------------------------------------------------------------------------------------------------
2019-06-13 12:14:50,673:INFO:----------------------------------------------------------------------------------------------------
2019-06-13 13:14:51,331:INFO:----------------------------------------------------------------------------------------------------
2019-06-13 13:41:34,726:INFO:----------------------------------------------------------------------------------------------------
2019-06-13 13:43:22,122:INFO:----------------------------------------------------------------------------------------------------
2019-06-13 13:45:16,025:INFO:----------------------------------------------------------------------------------------------------
2019-06-13 13:45:26,101:INFO:----------------------------------------------------------------------------------------------------
2019-06-13 14:01:11,200:INFO:----------------------------------------------------------------------------------------------------
2019-06-13 14:20:54,733:INFO:----------------------------------------------------------------------------------------------------
2019-06-13 14:21:24,134:INFO:----------------------------------------------------------------------------------------------------
2019-06-13 14:23:55,342:INFO:----------------------------------------------------------------------------------------------------
2019-06-13 14:24:35,362:INFO:----------------------------------------------------------------------------------------------------
2019-06-13 14:25:00,654:INFO:----------------------------------------------------------------------------------------------------
2019-06-13 14:25:55,977:INFO:----------------------------------------------------------------------------------------------------
2019-06-13 14:26:53,438:INFO:----------------------------------------------------------------------------------------------------
2019-06-13 14:27:35,121:INFO:----------------------------------------------------------------------------------------------------
2019-06-13 14:27:44,108:INFO:----------------------------------------------------------------------------------------------------
2019-06-13 14:27:55,480:INFO:----------------------------------------------------------------------------------------------------
2019-06-13 14:30:30,285:INFO:----------------------------------------------------------------------------------------------------
2019-06-13 14:30:50,549:INFO:----------------------------------------------------------------------------------------------------
2019-06-13 14:31:08,792:INFO:----------------------------------------------------------------------------------------------------
2019-06-13 14:31:32,178:INFO:----------------------------------------------------------------------------------------------------
2019-06-13 14:32:01,311:INFO:----------------------------------------------------------------------------------------------------
2019-06-13 14:32:30,657:INFO:----------------------------------------------------------------------------------------------------
2019-06-13 14:33:36,405:INFO:----------------------------------------------------------------------------------------------------
2019-06-13 14:34:41,378:INFO:----------------------------------------------------------------------------------------------------
2019-06-13 14:36:14,859:INFO:----------------------------------------------------------------------------------------------------
2019-06-13 14:36:36,903:INFO:----------------------------------------------------------------------------------------------------
2019-06-13 14:37:53,716:INFO:----------------------------------------------------------------------------------------------------
2019-06-13 14:38:14,500:INFO:----------------------------------------------------------------------------------------------------
2019-06-13 14:40:13,154:INFO:----------------------------------------------------------------------------------------------------
2019-06-13 14:40:51,803:INFO:----------------------------------------------------------------------------------------------------
2019-06-13 14:41:27,816:INFO:----------------------------------------------------------------------------------------------------
2019-06-13 14:41:43,766:INFO:----------------------------------------------------------------------------------------------------
2019-06-13 14:41:56,765:INFO:----------------------------------------------------------------------------------------------------
2019-06-13 14:43:26,125:INFO:----------------------------------------------------------------------------------------------------
2019-06-13 15:22:14,125:INFO:----------------------------------------------------------------------------------------------------
2019-06-13 15:22:31,384:INFO:----------------------------------------------------------------------------------------------------
2019-06-13 15:23:30,427:INFO:----------------------------------------------------------------------------------------------------
2019-06-13 15:24:08,592:INFO:----------------------------------------------------------------------------------------------------
2019-06-13 15:24:39,785:INFO:----------------------------------------------------------------------------------------------------
2019-06-13 15:24:53,380:INFO:----------------------------------------------------------------------------------------------------
2019-06-13 15:25:07,482:INFO:----------------------------------------------------------------------------------------------------
2019-06-13 15:25:40,865:INFO:----------------------------------------------------------------------------------------------------
2019-06-13 15:26:15,612:INFO:----------------------------------------------------------------------------------------------------
2019-06-13 15:26:34,444:INFO:----------------------------------------------------------------------------------------------------
2019-06-13 15:26:42,865:INFO:----------------------------------------------------------------------------------------------------
2019-06-13 15:26:50,302:INFO:----------------------------------------------------------------------------------------------------
2019-06-13 15:27:00,845:INFO:----------------------------------------------------------------------------------------------------
2019-06-13 15:27:08,280:INFO:----------------------------------------------------------------------------------------------------
2019-06-13 15:27:23,611:INFO:ДУГААРАА СОНГОЖ БУЙ ХЭСЭГ
2019-06-13 15:27:23,762:WARNING:Not Found: /favicon.ico
2019-06-13 15:32:46,415:INFO:----------------------------------------------------------------------------------------------------
2019-06-13 15:33:01,223:INFO:----------------------------------------------------------------------------------------------------
2019-06-13 15:33:09,148:INFO:----------------------------------------------------------------------------------------------------
2019-06-13 15:33:23,256:INFO:----------------------------------------------------------------------------------------------------
2019-06-13 15:33:30,290:INFO:----------------------------------------------------------------------------------------------------
2019-06-13 15:33:37,834:INFO:----------------------------------------------------------------------------------------------------
2019-06-13 15:33:44,773:INFO:----------------------------------------------------------------------------------------------------
2019-06-13 15:33:59,178:INFO:----------------------------------------------------------------------------------------------------
2019-06-13 15:34:04,450:INFO:----------------------------------------------------------------------------------------------------
2019-06-13 15:34:22,107:INFO:----------------------------------------------------------------------------------------------------
2019-06-13 15:35:12,243:INFO:----------------------------------------------------------------------------------------------------
2019-06-13 15:35:19,430:INFO:----------------------------------------------------------------------------------------------------
2019-06-13 15:35:42,691:INFO:ДУГААРАА СОНГОЖ БУЙ ХЭСЭГ
2019-06-13 15:36:23,582:INFO:ДУГААРАА СОНГОЖ БУЙ ХЭСЭГ
2019-06-13 15:36:38,131:INFO:ДУГААРАА СОНГОЖ БУЙ ХЭСЭГ
2019-06-13 15:36:47,207:INFO:----------------------------------------------------------------------------------------------------
2019-06-13 15:37:20,164:INFO:ДУГААРАА СОНГОЖ БУЙ ХЭСЭГ
2019-06-13 15:37:52,608:INFO:ДУГААРАА СОНГОЖ БУЙ ХЭСЭГ
2019-06-13 15:37:57,655:INFO:----------------------------------------------------------------------------------------------------
2019-06-13 15:38:09,966:INFO:----------------------------------------------------------------------------------------------------
2019-06-13 15:38:11,273:INFO:ДУГААРАА СОНГОЖ БУЙ ХЭСЭГ
2019-06-13 15:38:49,486:INFO:ДУГААРАА СОНГОЖ БУЙ ХЭСЭГ
2019-06-13 15:39:05,578:INFO:ДУГААРАА СОНГОЖ БУЙ ХЭСЭГ
2019-06-13 15:39:15,197:INFO:ДУГААРАА СОНГОЖ БУЙ ХЭСЭГ
2019-06-13 15:39:39,513:INFO:ДУГААРАА СОНГОЖ БУЙ ХЭСЭГ
2019-06-13 15:39:49,345:INFO:ДУГААРАА СОНГОЖ БУЙ ХЭСЭГ
2019-06-13 15:40:08,530:INFO:ДУГААРАА СОНГОЖ БУЙ ХЭСЭГ
2019-06-13 15:40:19,825:INFO:ДУГААРАА СОНГОЖ БУЙ ХЭСЭГ
2019-06-13 15:40:38,058:INFO:ДУГААРАА СОНГОЖ БУЙ ХЭСЭГ
2019-06-13 15:40:51,809:INFO:ДУГААРАА СОНГОЖ БУЙ ХЭСЭГ
2019-06-13 15:41:13,826:INFO:ДУГААРАА СОНГОЖ БУЙ ХЭСЭГ
2019-06-13 15:41:27,584:INFO:ДУГААРАА СОНГОЖ БУЙ ХЭСЭГ
2019-06-13 15:41:37,404:INFO:ДУГААРАА СОНГОЖ БУЙ ХЭСЭГ
2019-06-13 15:43:48,720:INFO:ДУГААРАА СОНГОЖ БУЙ ХЭСЭГ
2019-06-13 15:47:48,694:INFO:ДУГААРАА СОНГОЖ БУЙ ХЭСЭГ
2019-06-13 15:48:53,286:INFO:----------------------------------------------------------------------------------------------------
2019-06-13 15:48:54,914:INFO:ДУГААРАА СОНГОЖ БУЙ ХЭСЭГ
2019-06-13 15:50:52,410:INFO:ДУГААРАА СОНГОЖ БУЙ ХЭСЭГ
2019-06-13 15:51:11,727:INFO:----------------------------------------------------------------------------------------------------
2019-06-13 15:51:12,387:INFO:ДУГААРАА СОНГОЖ БУЙ ХЭСЭГ
2019-06-13 15:58:18,582:INFO:ДУГААРАА СОНГОЖ БУЙ ХЭСЭГ
2019-06-13 15:58:20,500:ERROR:Internal Server Error: /getnumber
Traceback (most recent call last):
  File "C:\Python27\lib\site-packages\django\core\handlers\exception.py", line 41, in inner
    response = get_response(request)
  File "C:\Python27\lib\site-packages\django\core\handlers\base.py", line 187, in _get_response
    response = self.process_exception_by_middleware(e, request)
  File "C:\Python27\lib\site-packages\django\core\handlers\base.py", line 185, in _get_response
    response = wrapped_callback(request, *callback_args, **callback_kwargs)
  File "C:\Python27\lib\site-packages\django\views\decorators\csrf.py", line 58, in wrapped_view
    return view_func(*args, **kwargs)
  File "C:\Python27\lib\site-packages\django\views\generic\base.py", line 68, in view
    return self.dispatch(request, *args, **kwargs)
  File "C:\Python27\lib\site-packages\rest_framework\views.py", line 489, in dispatch
    response = self.handle_exception(exc)
  File "C:\Python27\lib\site-packages\rest_framework\views.py", line 449, in handle_exception
    self.raise_uncaught_exception(exc)
  File "C:\Python27\lib\site-packages\rest_framework\views.py", line 486, in dispatch
    response = handler(request, *args, **kwargs)
  File "C:\Python27\lib\site-packages\rest_framework\decorators.py", line 52, in handler
    return func(*args, **kwargs)
  File "D:\nFilter\controller\views.py", line 254, in getNumber
    if data[1] == az:
IndexError: list index out of range
2019-06-13 16:00:03,407:INFO:----------------------------------------------------------------------------------------------------
2019-06-13 16:00:04,474:INFO:ДУГААРАА СОНГОЖ БУЙ ХЭСЭГ
2019-06-13 16:02:13,240:INFO:ДУГААРАА СОНГОЖ БУЙ ХЭСЭГ
2019-06-13 16:02:28,665:INFO:ДУГААРАА СОНГОЖ БУЙ ХЭСЭГ
2019-06-13 16:02:41,680:INFO:ДУГААРАА СОНГОЖ БУЙ ХЭСЭГ
2019-06-13 16:02:50,427:INFO:ДУГААРАА СОНГОЖ БУЙ ХЭСЭГ
2019-06-13 16:07:16,908:INFO:ДУГААРАА СОНГОЖ БУЙ ХЭСЭГ
2019-06-13 16:07:17,384:WARNING:Not Found: /favicon.ico
2019-06-13 16:07:53,944:INFO:ДУГААРАА СОНГОЖ БУЙ ХЭСЭГ
2019-06-13 16:07:54,255:WARNING:Not Found: /favicon.ico
2019-06-13 16:08:04,414:INFO:ДУГААРАА СОНГОЖ БУЙ ХЭСЭГ
2019-06-13 16:08:12,095:ERROR:Internal Server Error: /getnumber
Traceback (most recent call last):
  File "C:\Python27\lib\site-packages\django\core\handlers\exception.py", line 41, in inner
    response = get_response(request)
  File "C:\Python27\lib\site-packages\django\core\handlers\base.py", line 187, in _get_response
    response = self.process_exception_by_middleware(e, request)
  File "C:\Python27\lib\site-packages\django\core\handlers\base.py", line 185, in _get_response
    response = wrapped_callback(request, *callback_args, **callback_kwargs)
  File "C:\Python27\lib\site-packages\django\views\decorators\csrf.py", line 58, in wrapped_view
    return view_func(*args, **kwargs)
  File "C:\Python27\lib\site-packages\django\views\generic\base.py", line 68, in view
    return self.dispatch(request, *args, **kwargs)
  File "C:\Python27\lib\site-packages\rest_framework\views.py", line 489, in dispatch
    response = self.handle_exception(exc)
  File "C:\Python27\lib\site-packages\rest_framework\views.py", line 449, in handle_exception
    self.raise_uncaught_exception(exc)
  File "C:\Python27\lib\site-packages\rest_framework\views.py", line 486, in dispatch
    response = handler(request, *args, **kwargs)
  File "C:\Python27\lib\site-packages\rest_framework\decorators.py", line 52, in handler
    return func(*args, **kwargs)
  File "D:\nFilter\controller\views.py", line 254, in getNumber
    if data[1] == az:
IndexError: list index out of range
2019-06-13 16:08:25,427:INFO:ДУГААРАА СОНГОЖ БУЙ ХЭСЭГ
2019-06-13 16:08:48,618:INFO:ДУГААРАА СОНГОЖ БУЙ ХЭСЭГ
2019-06-13 16:09:20,401:INFO:ДУГААРАА СОНГОЖ БУЙ ХЭСЭГ
2019-06-13 16:09:21,624:INFO:ДУГААРАА СОНГОЖ БУЙ ХЭСЭГ
2019-06-13 16:09:41,937:INFO:ДУГААРАА СОНГОЖ БУЙ ХЭСЭГ
2019-06-13 16:09:42,921:INFO:ДУГААРАА СОНГОЖ БУЙ ХЭСЭГ
2019-06-13 16:11:04,220:INFO:ДУГААРАА СОНГОЖ БУЙ ХЭСЭГ
2019-06-13 16:11:21,167:INFO:ДУГААРАА СОНГОЖ БУЙ ХЭСЭГ
2019-06-13 16:12:15,687:INFO:ДУГААРАА СОНГОЖ БУЙ ХЭСЭГ
2019-06-13 16:16:16,421:INFO:ДУГААРАА СОНГОЖ БУЙ ХЭСЭГ
2019-06-13 16:16:49,263:INFO:ДУГААРАА СОНГОЖ БУЙ ХЭСЭГ
2019-06-13 16:17:09,740:INFO:ДУГААРАА СОНГОЖ БУЙ ХЭСЭГ
2019-06-13 16:17:23,131:INFO:ДУГААРАА СОНГОЖ БУЙ ХЭСЭГ
2019-06-13 16:17:43,375:INFO:ДУГААРАА СОНГОЖ БУЙ ХЭСЭГ
2019-06-13 16:17:54,727:INFO:ДУГААРАА СОНГОЖ БУЙ ХЭСЭГ
2019-06-13 16:18:30,622:INFO:ДУГААРАА СОНГОЖ БУЙ ХЭСЭГ
2019-06-13 16:19:12,670:INFO:ДУГААРАА СОНГОЖ БУЙ ХЭСЭГ
2019-06-13 16:20:10,545:INFO:ДУГААРАА СОНГОЖ БУЙ ХЭСЭГ
2019-06-13 16:20:44,765:INFO:ДУГААРАА СОНГОЖ БУЙ ХЭСЭГ
2019-06-13 16:24:17,831:INFO:ДУГААРАА СОНГОЖ БУЙ ХЭСЭГ
2019-06-13 16:27:45,775:INFO:ДУГААРАА СОНГОЖ БУЙ ХЭСЭГ
2019-06-13 16:28:25,964:INFO:ДУГААРАА СОНГОЖ БУЙ ХЭСЭГ
2019-06-13 16:28:49,780:INFO:ДУГААРАА СОНГОЖ БУЙ ХЭСЭГ
2019-06-13 16:29:51,404:INFO:ДУГААРАА СОНГОЖ БУЙ ХЭСЭГ
2019-06-13 16:36:23,063:INFO:ДУГААРАА СОНГОЖ БУЙ ХЭСЭГ
2019-06-13 16:46:23,625:INFO:----------------------------------------------------------------------------------------------------
2019-06-13 16:53:05,167:INFO:ДУГААРАА СОНГОЖ БУЙ ХЭСЭГ
2019-06-13 17:03:05,374:INFO:----------------------------------------------------------------------------------------------------
2019-06-13 18:03:06,032:INFO:----------------------------------------------------------------------------------------------------
2019-06-13 19:03:06,608:INFO:----------------------------------------------------------------------------------------------------
2019-06-13 20:03:07,099:INFO:----------------------------------------------------------------------------------------------------
2019-06-13 21:03:07,602:INFO:----------------------------------------------------------------------------------------------------
2019-06-13 22:03:08,016:INFO:----------------------------------------------------------------------------------------------------
2019-06-13 23:03:08,417:INFO:----------------------------------------------------------------------------------------------------
2019-06-14 00:03:08,911:INFO:----------------------------------------------------------------------------------------------------
2019-06-14 01:03:09,336:INFO:----------------------------------------------------------------------------------------------------
2019-06-14 02:03:09,743:INFO:----------------------------------------------------------------------------------------------------
2019-06-14 03:03:10,392:INFO:----------------------------------------------------------------------------------------------------
2019-06-14 04:03:11,266:INFO:----------------------------------------------------------------------------------------------------
2019-06-14 05:03:11,730:INFO:----------------------------------------------------------------------------------------------------
2019-06-14 06:03:16,546:INFO:----------------------------------------------------------------------------------------------------
2019-06-14 07:03:17,009:INFO:----------------------------------------------------------------------------------------------------
2019-06-14 08:03:17,819:INFO:----------------------------------------------------------------------------------------------------
2019-06-14 09:03:18,276:INFO:----------------------------------------------------------------------------------------------------
2019-06-14 09:20:06,818:INFO:ДУГААРАА СОНГОЖ БУЙ ХЭСЭГ
2019-06-14 09:20:06,923:WARNING:Not Found: /favicon.ico
2019-06-14 09:25:34,450:INFO:ДУГААРАА СОНГОЖ БУЙ ХЭСЭГ
2019-06-14 09:26:16,726:INFO:ДУГААРАА СОНГОЖ БУЙ ХЭСЭГ
2019-06-14 09:29:12,638:INFO:ДУГААРАА СОНГОЖ БУЙ ХЭСЭГ
2019-06-14 09:32:44,519:INFO:ДУГААРАА СОНГОЖ БУЙ ХЭСЭГ
2019-06-14 09:39:25,757:INFO:ДУГААРАА СОНГОЖ БУЙ ХЭСЭГ
2019-06-14 09:41:06,174:INFO:ДУГААРАА СОНГОЖ БУЙ ХЭСЭГ
2019-06-14 09:41:29,157:INFO:ДУГААРАА СОНГОЖ БУЙ ХЭСЭГ
2019-06-14 09:41:46,549:INFO:ДУГААРАА СОНГОЖ БУЙ ХЭСЭГ
2019-06-14 09:42:18,875:INFO:ДУГААРАА СОНГОЖ БУЙ ХЭСЭГ
2019-06-14 09:43:07,459:INFO:ДУГААРАА СОНГОЖ БУЙ ХЭСЭГ
2019-06-14 09:43:46,900:INFO:ДУГААРАА СОНГОЖ БУЙ ХЭСЭГ
2019-06-14 09:44:43,852:INFO:ДУГААРАА СОНГОЖ БУЙ ХЭСЭГ
2019-06-14 09:45:14,503:INFO:ДУГААРАА СОНГОЖ БУЙ ХЭСЭГ
2019-06-14 09:46:52,750:INFO:ДУГААРАА СОНГОЖ БУЙ ХЭСЭГ
2019-06-14 09:49:40,605:INFO:ДУГААРАА СОНГОЖ БУЙ ХЭСЭГ
2019-06-14 09:50:05,084:INFO:ДУГААРАА СОНГОЖ БУЙ ХЭСЭГ
2019-06-14 09:50:26,822:INFO:----------------------------------------------------------------------------------------------------
2019-06-14 09:50:27,992:INFO:ДУГААРАА СОНГОЖ БУЙ ХЭСЭГ
2019-06-14 09:50:54,753:INFO:ДУГААРАА СОНГОЖ БУЙ ХЭСЭГ
2019-06-14 09:52:01,151:INFO:ДУГААРАА СОНГОЖ БУЙ ХЭСЭГ
2019-06-14 09:57:22,739:INFO:ДУГААРАА СОНГОЖ БУЙ ХЭСЭГ
2019-06-14 10:07:23,134:INFO:----------------------------------------------------------------------------------------------------
2019-06-14 10:28:42,795:INFO:ДУГААРАА СОНГОЖ БУЙ ХЭСЭГ
2019-06-14 10:38:42,941:INFO:----------------------------------------------------------------------------------------------------
2019-06-14 11:38:43,358:INFO:----------------------------------------------------------------------------------------------------
2019-06-14 12:38:43,757:INFO:----------------------------------------------------------------------------------------------------
2019-06-14 13:38:44,309:INFO:----------------------------------------------------------------------------------------------------
2019-06-14 14:38:44,805:INFO:----------------------------------------------------------------------------------------------------
2019-06-14 15:38:45,315:INFO:----------------------------------------------------------------------------------------------------
2019-06-14 16:38:45,815:INFO:----------------------------------------------------------------------------------------------------
2019-06-14 16:42:44,299:INFO:ДУГААРАА СОНГОЖ БУЙ ХЭСЭГ
2019-06-14 16:42:44,459:WARNING:Not Found: /favicon.ico
2019-06-14 16:42:59,740:INFO:----------------------------------------------------------------------------------------------------
2019-06-14 16:43:00,584:INFO:ДУГААРАА СОНГОЖ БУЙ ХЭСЭГ
2019-06-14 16:43:17,335:INFO:ДУГААРЫН ҮНЭ
2019-06-14 16:43:18,625:INFO:ДУГААРАА СОНГОЖ БУЙ ХЭСЭГ
2019-06-14 16:44:07,984:INFO:ДУГААРЫН ҮНЭ
