2020-06-24 06:37:07,857:INFO:------------------------------------------------------------------------------------------------
2020-06-24 07:19:55,005:INFO:------------------------------------------------------------------------------------------------
2020-06-24 07:22:46,095:INFO:------------------------------------------------------------------------------------------------
2020-06-24 07:23:38,757:INFO:------------------------------------------------------------------------------------------------
2020-06-24 07:29:47,555:WARNING:Not Found: /
2020-06-24 07:37:08,070:INFO:------------------------------------------------------------------------------------------------
2020-06-24 08:19:55,080:INFO:------------------------------------------------------------------------------------------------
2020-06-24 08:22:47,158:INFO:------------------------------------------------------------------------------------------------
2020-06-24 08:23:43,612:INFO:------------------------------------------------------------------------------------------------
2020-06-24 08:37:08,227:INFO:------------------------------------------------------------------------------------------------
2020-06-24 09:19:55,160:INFO:------------------------------------------------------------------------------------------------
2020-06-24 09:22:48,178:INFO:------------------------------------------------------------------------------------------------
2020-06-24 09:23:48,327:INFO:------------------------------------------------------------------------------------------------
2020-06-24 09:37:08,506:INFO:------------------------------------------------------------------------------------------------
2020-06-24 10:04:30,284:WARNING:Not Found: /robots.txt
2020-06-24 10:07:59,996:INFO:------------------------------------------------------------------------------------------------
2020-06-24 10:10:35,543:INFO:ДУГААРАА СОНГОЖ БУЙ ХЭСЭГ
2020-06-24 10:10:35,543:INFO:7
2020-06-24 10:10:35,918:WARNING:Not Found: /favicon.ico
2020-06-24 10:10:38,129:INFO:------------------------------------------------------------------------------------------------
2020-06-24 10:10:38,684:INFO:ДУГААРАА СОНГОЖ БУЙ ХЭСЭГ
2020-06-24 10:10:38,685:INFO:7
2020-06-24 10:19:55,244:INFO:------------------------------------------------------------------------------------------------
2020-06-24 10:22:49,209:INFO:------------------------------------------------------------------------------------------------
2020-06-24 10:22:55,246:INFO:ДУГААРАА СОНГОЖ БУЙ ХЭСЭГ
2020-06-24 10:22:55,246:INFO:2
2020-06-24 10:23:00,125:WARNING:Not Found: /favicon.ico
2020-06-24 10:23:53,257:INFO:------------------------------------------------------------------------------------------------
2020-06-24 10:24:00,365:INFO:------------------------------------------------------------------------------------------------
2020-06-24 10:24:13,977:INFO:ДУГААРАА СОНГОЖ БУЙ ХЭСЭГ
2020-06-24 10:24:13,977:INFO:2
2020-06-24 10:24:14,345:WARNING:Not Found: /favicon.ico
2020-06-24 10:37:08,975:INFO:------------------------------------------------------------------------------------------------
2020-06-24 10:49:34,677:INFO:------------------------------------------------------------------------------------------------
2020-06-24 10:49:39,636:INFO:ДУГААРАА СОНГОЖ БУЙ ХЭСЭГ
2020-06-24 10:49:39,636:INFO:2
2020-06-24 10:49:41,142:WARNING:Not Found: /favicon.ico
2020-06-24 10:49:52,159:INFO:------------------------------------------------------------------------------------------------
2020-06-24 11:08:12,666:INFO:ДУГААРАА СОНГОЖ БУЙ ХЭСЭГ
2020-06-24 11:08:12,667:INFO:2
2020-06-24 11:19:55,325:INFO:------------------------------------------------------------------------------------------------
2020-06-24 11:22:50,248:INFO:------------------------------------------------------------------------------------------------
2020-06-24 11:23:57,857:INFO:------------------------------------------------------------------------------------------------
2020-06-24 11:28:02,846:WARNING:Not Found: /
2020-06-24 11:28:03,437:WARNING:Not Found: /favicon.ico
2020-06-24 11:37:09,233:INFO:------------------------------------------------------------------------------------------------
2020-06-24 11:42:29,101:INFO:------------------------------------------------------------------------------------------------
2020-06-24 11:42:30,715:INFO:ДУГААРАА СОНГОЖ БУЙ ХЭСЭГ
2020-06-24 11:42:30,715:INFO:7
2020-06-24 11:42:31,079:WARNING:Not Found: /favicon.ico
2020-06-24 12:03:41,325:INFO:------------------------------------------------------------------------------------------------
2020-06-24 12:03:47,952:INFO:ДУГААРАА СОНГОЖ БУЙ ХЭСЭГ
2020-06-24 12:03:47,953:INFO:2
2020-06-24 12:03:48,306:WARNING:Not Found: /favicon.ico
2020-06-24 12:04:36,024:INFO:ДУГААРЫН ҮНЭ
2020-06-24 12:04:36,027:INFO:5000
2020-06-24 12:04:38,589:INFO:ДУГААРЫН ҮНЭ
2020-06-24 12:04:38,592:INFO:5000
2020-06-24 12:10:14,478:INFO:------------------------------------------------------------------------------------------------
2020-06-24 12:10:15,538:INFO:ДУГААРАА СОНГОЖ БУЙ ХЭСЭГ
2020-06-24 12:10:15,538:INFO:7
2020-06-24 12:10:18,706:INFO:ДУГААРАА СОНГОЖ БУЙ ХЭСЭГ
2020-06-24 12:10:18,707:INFO:7
2020-06-24 12:11:00,539:INFO:ДУГААРЫН ҮНЭ
2020-06-24 12:11:00,542:INFO:10000
2020-06-24 12:11:03,317:INFO:ДУГААРАА СОНГОЖ БУЙ ХЭСЭГ
2020-06-24 12:11:03,317:INFO:7
2020-06-24 12:11:28,517:INFO:ДУГААРЫН ҮНЭ
2020-06-24 12:11:28,519:INFO:10000
2020-06-24 12:17:06,560:INFO:ДУГААРЫН ҮНЭ
2020-06-24 12:17:06,563:INFO:10000
2020-06-24 12:17:10,318:INFO:ДУГААРАА СОНГОЖ БУЙ ХЭСЭГ
2020-06-24 12:17:10,318:INFO:7
2020-06-24 12:17:22,190:INFO:ДУГААРЫН ҮНЭ
2020-06-24 12:17:22,193:INFO:10000
2020-06-24 12:19:55,396:INFO:------------------------------------------------------------------------------------------------
2020-06-24 12:22:51,279:INFO:------------------------------------------------------------------------------------------------
2020-06-24 12:24:02,470:INFO:------------------------------------------------------------------------------------------------
2020-06-24 12:37:09,673:INFO:------------------------------------------------------------------------------------------------
2020-06-24 12:43:43,737:INFO:------------------------------------------------------------------------------------------------
2020-06-24 12:43:45,112:INFO:ДУГААРАА СОНГОЖ БУЙ ХЭСЭГ
2020-06-24 12:43:45,112:INFO:7
2020-06-24 12:43:45,412:WARNING:Not Found: /favicon.ico
2020-06-24 12:44:01,392:INFO:ДУГААРАА СОНГОЖ БУЙ ХЭСЭГ
2020-06-24 12:44:01,392:INFO:2
2020-06-24 12:47:48,593:INFO:ДУГААРАА СОНГОЖ БУЙ ХЭСЭГ
2020-06-24 12:47:48,594:INFO:2
2020-06-24 12:49:09,234:INFO:ДУГААРАА СОНГОЖ БУЙ ХЭСЭГ
2020-06-24 12:49:09,234:INFO:2
2020-06-24 13:19:55,484:INFO:------------------------------------------------------------------------------------------------
2020-06-24 13:22:52,307:INFO:------------------------------------------------------------------------------------------------
2020-06-24 13:24:07,199:INFO:------------------------------------------------------------------------------------------------
2020-06-24 13:37:09,943:INFO:------------------------------------------------------------------------------------------------
2020-06-24 13:46:40,314:INFO:------------------------------------------------------------------------------------------------
2020-06-24 13:46:41,405:INFO:ДУГААРАА СОНГОЖ БУЙ ХЭСЭГ
2020-06-24 13:46:41,405:INFO:2
2020-06-24 14:03:36,140:INFO:------------------------------------------------------------------------------------------------
2020-06-24 14:03:37,243:INFO:ДУГААРАА СОНГОЖ БУЙ ХЭСЭГ
2020-06-24 14:03:37,243:INFO:2
2020-06-24 14:06:44,064:INFO:------------------------------------------------------------------------------------------------
2020-06-24 14:06:45,886:INFO:ДУГААРАА СОНГОЖ БУЙ ХЭСЭГ
2020-06-24 14:06:45,887:INFO:7
2020-06-24 14:06:46,042:WARNING:Not Found: /favicon.ico
2020-06-24 14:07:03,916:INFO:ДУГААРЫН ҮНЭ
2020-06-24 14:07:03,920:INFO:10000
2020-06-24 14:07:16,345:INFO:ДУГААРЫН ZAHIALGA
2020-06-24 14:09:16,432:INFO:------------------------------------------------------------------------------------------------
2020-06-24 14:19:55,545:INFO:------------------------------------------------------------------------------------------------
2020-06-24 14:22:53,339:INFO:------------------------------------------------------------------------------------------------
2020-06-24 14:24:12,516:INFO:------------------------------------------------------------------------------------------------
2020-06-24 14:37:10,355:INFO:------------------------------------------------------------------------------------------------
2020-06-24 14:39:30,674:INFO:------------------------------------------------------------------------------------------------
2020-06-24 14:46:32,753:INFO:------------------------------------------------------------------------------------------------
2020-06-24 14:46:48,903:INFO:ДУГААРАА СОНГОЖ БУЙ ХЭСЭГ
2020-06-24 14:46:48,903:INFO:2
2020-06-24 14:46:49,205:WARNING:Not Found: /favicon.ico
2020-06-24 14:51:06,643:INFO:ДУГААРАА СОНГОЖ БУЙ ХЭСЭГ
2020-06-24 14:51:06,643:INFO:4
2020-06-24 14:51:54,868:INFO:ДУГААРАА СОНГОЖ БУЙ ХЭСЭГ
2020-06-24 14:51:54,869:INFO:4
2020-06-24 14:51:56,160:INFO:ДУГААРАА СОНГОЖ БУЙ ХЭСЭГ
2020-06-24 14:51:56,161:INFO:4
2020-06-24 14:53:02,938:INFO:ДУГААРАА СОНГОЖ БУЙ ХЭСЭГ
2020-06-24 14:53:02,939:INFO:4
2020-06-24 14:53:03,728:INFO:ДУГААРАА СОНГОЖ БУЙ ХЭСЭГ
2020-06-24 14:53:03,729:INFO:4
2020-06-24 14:53:04,688:INFO:ДУГААРАА СОНГОЖ БУЙ ХЭСЭГ
2020-06-24 14:53:04,688:INFO:4
2020-06-24 14:53:10,624:INFO:ДУГААРАА СОНГОЖ БУЙ ХЭСЭГ
2020-06-24 14:53:10,624:INFO:4
2020-06-24 14:53:49,733:INFO:ДУГААРЫН ҮНЭ
2020-06-24 14:53:49,737:INFO:10000
2020-06-24 14:57:34,849:INFO:ДУГААРЫН ҮНЭ
2020-06-24 14:57:34,852:INFO:10000
2020-06-24 15:19:55,629:INFO:------------------------------------------------------------------------------------------------
2020-06-24 15:21:21,468:INFO:ДУГААРАА СОНГОЖ БУЙ ХЭСЭГ
2020-06-24 15:21:21,469:INFO:4
2020-06-24 15:22:54,383:INFO:------------------------------------------------------------------------------------------------
2020-06-24 15:24:17,150:INFO:------------------------------------------------------------------------------------------------
2020-06-24 15:37:10,637:INFO:------------------------------------------------------------------------------------------------
2020-06-24 15:39:31,792:INFO:------------------------------------------------------------------------------------------------
2020-06-24 15:41:27,276:INFO:ДУГААРАА СОНГОЖ БУЙ ХЭСЭГ
2020-06-24 15:41:27,277:INFO:4
2020-06-24 15:58:46,130:INFO:ДУГААРАА СОНГОЖ БУЙ ХЭСЭГ
2020-06-24 15:58:46,131:INFO:7
2020-06-24 15:58:46,954:WARNING:Not Found: /favicon.ico
2020-06-24 16:19:55,717:INFO:------------------------------------------------------------------------------------------------
2020-06-24 16:20:24,528:INFO:ДУГААРАА СОНГОЖ БУЙ ХЭСЭГ
2020-06-24 16:20:24,529:INFO:2
2020-06-24 16:20:24,864:INFO:------------------------------------------------------------------------------------------------
2020-06-24 16:20:24,975:INFO:ДУГААРАА СОНГОЖ БУЙ ХЭСЭГ
2020-06-24 16:20:24,975:INFO:7
2020-06-24 16:20:47,297:INFO:ДУГААРАА СОНГОЖ БУЙ ХЭСЭГ
2020-06-24 16:20:47,297:INFO:7
2020-06-24 16:20:47,805:INFO:ДУГААРАА СОНГОЖ БУЙ ХЭСЭГ
2020-06-24 16:20:47,805:INFO:3
2020-06-24 16:20:57,287:INFO:------------------------------------------------------------------------------------------------
2020-06-24 16:21:08,496:INFO:ДУГААРАА СОНГОЖ БУЙ ХЭСЭГ
2020-06-24 16:21:08,496:INFO:7
2020-06-24 16:22:55,413:INFO:------------------------------------------------------------------------------------------------
2020-06-24 16:24:21,796:INFO:------------------------------------------------------------------------------------------------
2020-06-24 16:30:19,863:INFO:------------------------------------------------------------------------------------------------
2020-06-24 16:30:20,869:INFO:ДУГААРАА СОНГОЖ БУЙ ХЭСЭГ
2020-06-24 16:30:20,869:INFO:2
2020-06-24 16:31:59,039:INFO:ДУГААРЫН ҮНЭ
2020-06-24 16:31:59,042:INFO:5000
2020-06-24 16:37:10,875:INFO:------------------------------------------------------------------------------------------------
2020-06-24 16:47:01,361:INFO:ДУГААРАА СОНГОЖ БУЙ ХЭСЭГ
2020-06-24 16:47:01,362:INFO:7
2020-06-24 16:47:02,969:INFO:ДУГААРАА СОНГОЖ БУЙ ХЭСЭГ
2020-06-24 16:47:02,969:INFO:7
2020-06-24 17:19:55,786:INFO:------------------------------------------------------------------------------------------------
2020-06-24 17:20:26,979:INFO:------------------------------------------------------------------------------------------------
2020-06-24 17:22:56,441:INFO:------------------------------------------------------------------------------------------------
2020-06-24 17:24:26,402:INFO:------------------------------------------------------------------------------------------------
2020-06-24 17:30:04,033:INFO:------------------------------------------------------------------------------------------------
2020-06-24 17:30:06,689:INFO:ДУГААРАА СОНГОЖ БУЙ ХЭСЭГ
2020-06-24 17:30:06,690:INFO:7
2020-06-24 17:30:07,045:WARNING:Not Found: /favicon.ico
2020-06-24 17:33:19,783:INFO:ДУГААРЫН ҮНЭ
2020-06-24 17:33:19,786:INFO:10000
2020-06-24 17:37:11,213:INFO:------------------------------------------------------------------------------------------------
2020-06-24 18:04:39,855:INFO:------------------------------------------------------------------------------------------------
2020-06-24 18:04:41,566:INFO:ДУГААРАА СОНГОЖ БУЙ ХЭСЭГ
2020-06-24 18:04:41,566:INFO:2
2020-06-24 18:19:55,854:INFO:------------------------------------------------------------------------------------------------
2020-06-24 18:20:27,087:INFO:------------------------------------------------------------------------------------------------
2020-06-24 18:22:57,498:INFO:------------------------------------------------------------------------------------------------
2020-06-24 18:24:31,028:INFO:------------------------------------------------------------------------------------------------
2020-06-24 18:24:59,035:INFO:ДУГААРЫН ҮНЭ
2020-06-24 18:24:59,037:INFO:10000
2020-06-24 18:25:14,083:INFO:ДУГААРАА СОНГОЖ БУЙ ХЭСЭГ
2020-06-24 18:25:14,084:INFO:4
2020-06-24 18:37:11,588:INFO:------------------------------------------------------------------------------------------------
2020-06-24 19:18:03,264:INFO:------------------------------------------------------------------------------------------------
2020-06-24 19:18:03,977:INFO:ДУГААРАА СОНГОЖ БУЙ ХЭСЭГ
2020-06-24 19:18:03,977:INFO:2
2020-06-24 19:18:53,498:INFO:ДУГААРЫН ҮНЭ
2020-06-24 19:18:53,501:INFO:5000
2020-06-24 19:19:55,964:INFO:------------------------------------------------------------------------------------------------
2020-06-24 19:20:27,198:INFO:------------------------------------------------------------------------------------------------
2020-06-24 19:22:58,527:INFO:------------------------------------------------------------------------------------------------
2020-06-24 19:24:35,728:INFO:------------------------------------------------------------------------------------------------
2020-06-24 19:37:11,870:INFO:------------------------------------------------------------------------------------------------
2020-06-24 19:39:38,085:INFO:ДУГААРАА СОНГОЖ БУЙ ХЭСЭГ
2020-06-24 19:39:38,086:INFO:7
2020-06-24 19:39:45,145:INFO:------------------------------------------------------------------------------------------------
2020-06-24 19:39:48,044:INFO:ДУГААРАА СОНГОЖ БУЙ ХЭСЭГ
2020-06-24 19:39:48,044:INFO:7
2020-06-24 19:41:01,374:INFO:ДУГААРЫН ҮНЭ
2020-06-24 19:41:01,377:INFO:10000
2020-06-24 19:46:56,446:WARNING:Not Found: /
2020-06-24 19:53:34,485:INFO:------------------------------------------------------------------------------------------------
2020-06-24 19:53:35,488:INFO:ДУГААРАА СОНГОЖ БУЙ ХЭСЭГ
2020-06-24 19:53:35,489:INFO:7
2020-06-24 19:55:33,689:INFO:------------------------------------------------------------------------------------------------
2020-06-24 19:55:38,388:INFO:------------------------------------------------------------------------------------------------
2020-06-24 19:55:45,276:INFO:------------------------------------------------------------------------------------------------
2020-06-24 19:55:49,562:INFO:ДУГААРАА СОНГОЖ БУЙ ХЭСЭГ
2020-06-24 19:55:49,563:INFO:7
2020-06-24 19:55:50,573:WARNING:Not Found: /favicon.ico
2020-06-24 20:19:56,041:INFO:------------------------------------------------------------------------------------------------
2020-06-24 20:20:27,315:INFO:------------------------------------------------------------------------------------------------
2020-06-24 20:22:59,556:INFO:------------------------------------------------------------------------------------------------
2020-06-24 20:24:40,353:INFO:------------------------------------------------------------------------------------------------
2020-06-24 20:33:42,607:INFO:------------------------------------------------------------------------------------------------
2020-06-24 20:33:44,253:INFO:ДУГААРАА СОНГОЖ БУЙ ХЭСЭГ
2020-06-24 20:33:44,254:INFO:2
2020-06-24 20:37:12,204:INFO:------------------------------------------------------------------------------------------------
2020-06-24 20:39:14,131:INFO:ДУГААРЫН ҮНЭ
2020-06-24 20:39:14,133:INFO:5000
2020-06-24 21:19:56,111:INFO:------------------------------------------------------------------------------------------------
2020-06-24 21:20:27,443:INFO:------------------------------------------------------------------------------------------------
2020-06-24 21:23:00,586:INFO:------------------------------------------------------------------------------------------------
2020-06-24 21:24:45,062:INFO:------------------------------------------------------------------------------------------------
2020-06-24 21:37:12,564:INFO:------------------------------------------------------------------------------------------------
2020-06-24 22:03:47,622:INFO:------------------------------------------------------------------------------------------------
2020-06-24 22:19:56,191:INFO:------------------------------------------------------------------------------------------------
2020-06-24 22:23:01,621:INFO:------------------------------------------------------------------------------------------------
2020-06-24 22:24:49,662:INFO:------------------------------------------------------------------------------------------------
2020-06-24 22:37:12,749:INFO:------------------------------------------------------------------------------------------------
2020-06-24 23:15:08,567:WARNING:Not Found: /robots.txt
2020-06-24 23:19:56,270:INFO:------------------------------------------------------------------------------------------------
2020-06-24 23:23:02,667:INFO:------------------------------------------------------------------------------------------------
2020-06-24 23:24:54,344:INFO:------------------------------------------------------------------------------------------------
2020-06-24 23:37:12,894:INFO:------------------------------------------------------------------------------------------------
2020-06-25 00:19:56,373:INFO:------------------------------------------------------------------------------------------------
2020-06-25 00:23:03,705:INFO:------------------------------------------------------------------------------------------------
2020-06-25 00:24:58,968:INFO:------------------------------------------------------------------------------------------------
2020-06-25 00:37:13,084:INFO:------------------------------------------------------------------------------------------------
2020-06-25 01:19:56,439:INFO:------------------------------------------------------------------------------------------------
2020-06-25 01:23:04,739:INFO:------------------------------------------------------------------------------------------------
2020-06-25 01:25:03,602:INFO:------------------------------------------------------------------------------------------------
2020-06-25 01:37:13,330:INFO:------------------------------------------------------------------------------------------------
2020-06-25 01:48:15,797:WARNING:Not Found: /
2020-06-25 02:19:56,512:INFO:------------------------------------------------------------------------------------------------
2020-06-25 02:23:05,772:INFO:------------------------------------------------------------------------------------------------
2020-06-25 02:25:08,236:INFO:------------------------------------------------------------------------------------------------
2020-06-25 02:37:13,835:INFO:------------------------------------------------------------------------------------------------
2020-06-25 03:19:56,572:INFO:------------------------------------------------------------------------------------------------
2020-06-25 03:23:06,789:INFO:------------------------------------------------------------------------------------------------
2020-06-25 03:25:12,942:INFO:------------------------------------------------------------------------------------------------
2020-06-25 03:37:14,118:INFO:------------------------------------------------------------------------------------------------
2020-06-25 04:19:56,656:INFO:------------------------------------------------------------------------------------------------
2020-06-25 04:23:07,817:INFO:------------------------------------------------------------------------------------------------
2020-06-25 04:25:17,581:INFO:------------------------------------------------------------------------------------------------
2020-06-25 04:37:14,401:INFO:------------------------------------------------------------------------------------------------
2020-06-25 05:19:57,061:INFO:------------------------------------------------------------------------------------------------
2020-06-25 05:23:08,855:INFO:------------------------------------------------------------------------------------------------
2020-06-25 05:25:22,214:INFO:------------------------------------------------------------------------------------------------
2020-06-25 05:37:14,637:INFO:------------------------------------------------------------------------------------------------
2020-06-25 06:19:57,729:INFO:------------------------------------------------------------------------------------------------
2020-06-25 06:23:09,900:INFO:------------------------------------------------------------------------------------------------
