2020-02-03 09:12:39,374:INFO:----------------------------------------------------------------------------------------------------
2020-02-03 09:35:40,835:INFO:----------------------------------------------------------------------------------------------------
2020-02-03 09:35:43,974:INFO:ДУГААРАА СОНГОЖ БУЙ ХЭСЭГ
2020-02-03 09:35:43,974:INFO:2
2020-02-03 09:35:43,981:INFO:114
2020-02-03 09:35:43,981:INFO:['8312', '8313', '8314', '8315', '8316', '8317', '8318', '8319', '9312', '9313', '9314', '9315', '9316', '9317', '9318', '9319', '9320', '9321', '9322', '9323', '9324', '9325', '9326', '9327', '9328', '9329', '9330', '9331', '9332', '9333', '9334', '9335', '9336', '9337', '9338', '9339', '9340', '9341', '9342', '9343', '9344', '9345', '9346', '9347', '9712', '9713', '9714', '9715', '9716', '9717', '9718', '9719', '9812', '9813', '9814', '9815', '9816', '9817', '9818', '9819', '9820', '9821', '9822', '9823', '9824', '9825', '9826', '9827', '9828', '9829', '9830', '9831', '9832', '9833', '9837', '9838', '9842', '9843', '9845', '9846', '9847', '9848', '9851', '9856', '9859', '9860', '9861', '9862', '9863', '9864', '9865', '9866', '9867', '9870', '9880', '9881', '9882', '9883', '9884', '9885', '9886', '9887', '9888', '9889', '9890', '9891', '9892', '9893', '9894', '9895', '9896', '9897', '9898', '9899']
2020-02-03 09:35:51,994:INFO:----------------------------------------------------------------------------------------------------
2020-02-03 09:35:54,324:INFO:ДУГААРАА СОНГОЖ БУЙ ХЭСЭГ
2020-02-03 09:35:54,324:INFO:7
2020-02-03 09:35:54,329:INFO:48
2020-02-03 09:35:54,329:INFO:['8300', '8301', '8302', '8303', '8304', '8305', '8306', '8307', '8308', '8309', '8310', '8311', '9300', '9301', '9302', '9303', '9304', '9305', '9306', '9307', '9308', '9309', '9310', '9311', '9700', '9701', '9702', '9703', '9704', '9705', '9706', '9707', '9708', '9709', '9710', '9711', '9800', '9801', '9802', '9803', '9804', '9805', '9806', '9807', '9808', '9809', '9810', '9811']
2020-02-03 09:36:07,101:INFO:98110280:6|98110287:6|98110358:6|98110362:6|98110473:6|98110475:6|98110476:6|98110564:6|98110627:6|98110693:6|98110774:6|98110969:6|98111064:6|98111241:6|98111379:6|98111532:6|98111569:6|98111602:6|98111824:6|98111958:6|98112094:6|98112135:6|98112185:6|98112561:6|98112564:6|98112657:6|98112658:6|98112660:6|98112671:6|98112681:6|98112683:6|98112731:6|98112746:6|98112749:6|98112762:6|98112764:6|98112794:6|98112835:6|98112836:6|98112843:6|98112851:6|98112853:6|98112854:6|98112857:6|98112861:6|98112863:6|98112873:6|98112914:6|98112917:6|98112930:6|98112934:6|98112935:6|98112943:6|98112946:6|98112951:6|98112963:6|98112964:6|98112965:6|98112967:6|98112971:6|98112974:6|98112975:6|98112985:6|98112991:6|98113016:6|98113054:6|98113127:6|98113146:6|98113147:6|98113148:6|98113167:6|98113192:6|98113207:6|98113214:6|98113217:6|98113218:6|98113219:6|98113246:6|98113251:6|98113253:6|98113257:6|98113261:6|98113267:6|98113268:6|98113271:6|98113273:6|98113274:6|98113275:6|98113283:6|98113295:6|98113302:6|98113346:6|98113415:6|98113416:6|98113417:6|98113420:6|98113425:6|98113426:6|98113427:6|98113429:6|98113452:6|98113463:6|98113469:6|98113471:6|98113472:6|98113473:6|98113475:6|98113476:6|98113491:6|98113492:6|98113497:6|98113509:6|98113510:6|98113513:6|98113516:6|98113517:6|98113518:6|98113521:6|98113526:6|98113527:6|98113528:6|98113529:6|98113541:6|98113542:6|98113547:6|98113561:6|98113564:6|98113566:6|98113573:6|98113576:6|98113587:6|98113592:6
2020-02-03 09:36:20,922:INFO:-1
2020-02-03 09:36:22,340:INFO:-1
2020-02-03 09:36:27,121:INFO:-1
2020-02-03 09:36:36,814:INFO:-1
2020-02-03 09:36:39,396:INFO:-1
2020-02-03 09:37:22,519:INFO:-1
2020-02-03 09:37:25,097:INFO:-1
2020-02-03 09:37:27,545:INFO:-1
2020-02-03 09:40:27,518:INFO:-1
2020-02-03 09:40:29,175:INFO:-1
2020-02-03 09:40:31,322:INFO:-1
2020-02-03 09:40:32,959:INFO:-1
2020-02-03 09:40:50,042:INFO:-1
2020-02-03 09:44:44,721:INFO:-1
2020-02-03 09:44:46,333:INFO:-1
2020-02-03 09:44:49,411:INFO:-1
2020-02-03 09:44:50,789:INFO:-1
2020-02-03 09:47:23,179:INFO:-1
2020-02-03 09:47:25,877:INFO:-1
2020-02-03 09:47:30,753:INFO:-1
2020-02-03 09:47:33,683:INFO:-1
2020-02-03 09:52:16,847:INFO:-1
2020-02-03 09:52:19,619:INFO:-1
2020-02-03 09:52:23,375:INFO:-1
2020-02-03 09:52:25,394:INFO:-1
2020-02-03 09:52:27,161:INFO:-1
2020-02-03 09:52:28,549:INFO:-1
2020-02-03 09:52:30,256:INFO:-1
2020-02-03 09:54:38,360:INFO:-1
2020-02-03 09:54:39,641:INFO:-1
2020-02-03 09:54:44,825:INFO:-1
2020-02-03 09:55:05,476:INFO:-1
2020-02-03 09:55:07,203:INFO:-1
2020-02-03 09:55:16,397:INFO:-1
2020-02-03 09:55:17,615:INFO:-1
2020-02-03 09:55:19,651:INFO:-1
2020-02-03 09:55:35,762:INFO:-1
2020-02-03 09:55:52,931:INFO:-1
2020-02-03 09:57:14,011:INFO:98000038:6
2020-02-03 09:57:23,145:INFO:РЕГИСТЕРИЙН ДУГААР
2020-02-03 09:57:33,295:INFO:ДУГААРЫН ZAHIALGA
2020-02-03 09:57:33,302:INFO:Success
2020-02-03 09:58:34,040:INFO:----------------------------------------------------------------------------------------------------
2020-02-03 12:41:45,087:INFO:----------------------------------------------------------------------------------------------------
2020-02-03 13:45:44,748:WARNING:Not Found: /
2020-02-03 17:21:05,872:INFO:ДУГААРАА СОНГОЖ БУЙ ХЭСЭГ
2020-02-03 17:21:05,872:INFO:2
2020-02-03 17:21:05,881:INFO:114
2020-02-03 17:21:05,881:INFO:['8312', '8313', '8314', '8315', '8316', '8317', '8318', '8319', '9312', '9313', '9314', '9315', '9316', '9317', '9318', '9319', '9320', '9321', '9322', '9323', '9324', '9325', '9326', '9327', '9328', '9329', '9330', '9331', '9332', '9333', '9334', '9335', '9336', '9337', '9338', '9339', '9340', '9341', '9342', '9343', '9344', '9345', '9346', '9347', '9712', '9713', '9714', '9715', '9716', '9717', '9718', '9719', '9812', '9813', '9814', '9815', '9816', '9817', '9818', '9819', '9820', '9821', '9822', '9823', '9824', '9825', '9826', '9827', '9828', '9829', '9830', '9831', '9832', '9833', '9837', '9838', '9842', '9843', '9845', '9846', '9847', '9848', '9851', '9856', '9859', '9860', '9861', '9862', '9863', '9864', '9865', '9866', '9867', '9870', '9880', '9881', '9882', '9883', '9884', '9885', '9886', '9887', '9888', '9889', '9890', '9891', '9892', '9893', '9894', '9895', '9896', '9897', '9898', '9899']
2020-02-03 17:21:06,036:WARNING:Not Found: /favicon.ico
