2022-02-10 18:50:25,810:INFO:FilternumberBlockUnblock
2022-02-10 18:50:25,811:INFO:98890507
2022-02-10 18:50:25,813:INFO:0003ACC_QUERY:0|3|132|98890507|6
2022-02-10 18:50:27,103:INFO:-1
2022-02-10 18:50:30,424:INFO:FilternumberBlockUnblock
2022-02-10 18:50:30,424:INFO:98890507
2022-02-10 18:50:30,426:INFO:0003ACC_QUERY:0|3|132|98890507|6
2022-02-10 18:50:31,227:INFO:-1
2022-02-10 18:50:34,669:INFO:ДУГААРЫН ҮНЭ
2022-02-10 18:50:34,674:INFO:10000
2022-02-10 18:50:43,184:INFO:ДУГААРЫН ЗАХИАЛГА
2022-02-10 18:50:43,184:INFO:FilternumberBlockUnblock
2022-02-10 18:50:43,184:INFO:83150016
2022-02-10 18:50:43,185:INFO:0003Unblock:83150003|ХВ84071771|192.168.200.251|192.168.6.51|306|Dugaar shuult
2022-02-10 18:50:43,191:INFO:Failed
2022-02-10 18:50:43,191:ERROR:Уучлаарай, таны сонгосон 83150016 дугаар захиалах боломжгүй байна. Line-1379
2022-02-10 18:50:45,732:INFO:FilternumberBlockUnblock
2022-02-10 18:50:45,732:INFO:98885507
2022-02-10 18:50:45,733:INFO:0003ACC_QUERY:0|3|132|98885507|6
2022-02-10 18:50:46,485:INFO:-1
2022-02-10 18:50:52,073:INFO:FilternumberBlockUnblock
2022-02-10 18:50:52,073:INFO:98885705
2022-02-10 18:50:52,074:INFO:0003ACC_QUERY:0|3|132|98885705|6
2022-02-10 18:50:52,860:INFO:98885705:6
2022-02-10 18:51:09,462:INFO:FilternumberBlockUnblock
2022-02-10 18:51:09,462:INFO:98885***
2022-02-10 18:51:09,463:INFO:0003ACC_QUERY:0|3|132|98885***|6
2022-02-10 18:51:10,711:INFO:98885012:6|98885016:6|98885017:6|98885021:6|98885023:6|98885024:6|98885026:6|98885027:6|98885031:6|98885032:6|98885036:6|98885043:6|98885052:6|98885061:6|98885062:6|98885064:6|98885065:6|98885067:6|98885069:6|98885072:6|98885073:6|98885075:6|98885076:6|98885079:6|98885082:6|98885083:6|98885091:6|98885092:6|98885093:6|98885096:6|98885097:6|98885102:6|98885104:6|98885107:6|98885112:6|98885113:6|98885117:6|98885118:6|98885120:6|98885124:6|98885126:6|98885127:6|98885128:6|98885129:6|98885130:6|98885134:6|98885136:6|98885138:6|98885139:6|98885141:6|98885142:6|98885143:6|98885145:6|98885146:6|98885147:6|98885148:6|98885149:6|98885153:6|98885160:6|98885164:6|98885165:6|98885167:6|98885172:6|98885174:6|98885175:6|98885176:6|98885177:6|98885178:6|98885179:6|98885182:6|98885184:6|98885185:6|98885186:6|98885187:6|98885190:6|98885192:6|98885193:6|98885196:6|98885197:6|98885199:6|98885201:6|98885205:6|98885209:6|98885210:6|98885212:6|98885213:6|98885214:6|98885215:6|98885216:6|98885218:6|98885219:6|98885227:6|98885229:6|98885230:6|98885231:6|98885236:6|98885237:6|98885241:6|98885242:6|98885243:6|98885245:6|98885247:6|98885248:6|98885249:6|98885251:6|98885261:6|98885263:6|98885264:6|98885265:6|98885268:6|98885269:6|98885272:6|98885273:6|98885274:6|98885275:6|98885277:6|98885279:6|98885282:6|98885283:6|98885284:6|98885286:6|98885291:6|98885296:6|98885297:6|98885301:6|98885302:6|98885305:6|98885307:6|98885310:6|98885311:6|98885316:6|98885317:6
2022-02-10 18:51:19,636:INFO:FilternumberBlockUnblock
2022-02-10 18:51:19,637:INFO:98889***
2022-02-10 18:51:19,638:INFO:0003ACC_QUERY:0|3|132|98889***|6
2022-02-10 18:51:20,572:INFO:98889015:6|98889016:6|98889017:6|98889023:6|98889025:6|98889029:6|98889030:6|98889032:6|98889033:6|98889034:6|98889036:6|98889046:6|98889047:6|98889051:6|98889052:6|98889054:6|98889063:6|98889064:6|98889065:6|98889073:6|98889074:6|98889075:6|98889086:6|98889102:6|98889103:6|98889105:6|98889117:6|98889123:6|98889124:6|98889125:6|98889127:6|98889134:6|98889136:6|98889137:6|98889138:6|98889139:6|98889142:6|98889145:6|98889149:6|98889152:6|98889153:6|98889154:6|98889156:6|98889158:6|98889163:6|98889164:6|98889167:6|98889174:6|98889177:6|98889178:6|98889179:6|98889190:6|98889201:6|98889203:6|98889204:6|98889207:6|98889212:6|98889213:6|98889217:6|98889224:6|98889225:6|98889235:6|98889238:6|98889241:6|98889243:6|98889245:6|98889246:6|98889249:6|98889250:6|98889251:6|98889253:6|98889255:6|98889256:6|98889263:6|98889264:6|98889267:6|98889270:6|98889272:6|98889273:6|98889275:6|98889276:6|98889279:6|98889281:6|98889283:6|98889284:6|98889285:6|98889286:6|98889291:6|98889304:6|98889307:6|98889312:6|98889315:6|98889317:6|98889320:6|98889324:6|98889326:6|98889327:6|98889331:6|98889341:6|98889342:6|98889345:6|98889348:6|98889349:6|98889352:6|98889354:6|98889356:6|98889360:6|98889361:6|98889362:6|98889364:6|98889365:6|98889367:6|98889369:6|98889370:6|98889371:6|98889372:6|98889378:6|98889382:6|98889384:6|98889385:6|98889389:6|98889390:6|98889406:6|98889407:6|98889412:6|98889413:6|98889415:6|98889416:6|98889417:6|98889419:6|98889423:6|98889426:6
2022-02-10 18:51:26,464:INFO:ДУГААРЫН ҮНЭ
2022-02-10 18:51:26,469:INFO:5000
2022-02-10 18:51:40,212:INFO:ДУГААРАА СОНГОЖ БУЙ ХЭСЭГ
2022-02-10 18:51:40,212:INFO:2
2022-02-10 18:51:51,090:INFO:FilternumberBlockUnblock
2022-02-10 18:51:51,090:INFO:98889***
2022-02-10 18:51:51,092:INFO:0003ACC_QUERY:0|3|132|98889***|6
2022-02-10 18:51:52,690:INFO:98889015:6|98889016:6|98889017:6|98889023:6|98889025:6|98889029:6|98889030:6|98889032:6|98889033:6|98889034:6|98889036:6|98889046:6|98889047:6|98889051:6|98889052:6|98889054:6|98889063:6|98889064:6|98889065:6|98889073:6|98889074:6|98889075:6|98889086:6|98889102:6|98889103:6|98889105:6|98889117:6|98889123:6|98889124:6|98889125:6|98889127:6|98889134:6|98889136:6|98889137:6|98889138:6|98889139:6|98889142:6|98889145:6|98889149:6|98889152:6|98889153:6|98889154:6|98889156:6|98889158:6|98889163:6|98889164:6|98889167:6|98889174:6|98889177:6|98889178:6|98889179:6|98889190:6|98889201:6|98889203:6|98889204:6|98889207:6|98889212:6|98889213:6|98889217:6|98889224:6|98889225:6|98889235:6|98889238:6|98889241:6|98889243:6|98889245:6|98889246:6|98889249:6|98889250:6|98889251:6|98889253:6|98889255:6|98889256:6|98889263:6|98889264:6|98889267:6|98889270:6|98889272:6|98889273:6|98889275:6|98889276:6|98889279:6|98889281:6|98889283:6|98889284:6|98889285:6|98889286:6|98889291:6|98889304:6|98889307:6|98889312:6|98889315:6|98889317:6|98889320:6|98889324:6|98889326:6|98889327:6|98889331:6|98889341:6|98889342:6|98889345:6|98889348:6|98889349:6|98889352:6|98889354:6|98889356:6|98889360:6|98889361:6|98889362:6|98889364:6|98889365:6|98889367:6|98889369:6|98889370:6|98889371:6|98889372:6|98889378:6|98889382:6|98889384:6|98889385:6|98889389:6|98889390:6|98889406:6|98889407:6|98889412:6|98889413:6|98889415:6|98889416:6|98889417:6|98889419:6|98889423:6|98889426:6
2022-02-10 18:51:59,266:INFO:FilternumberBlockUnblock
2022-02-10 18:51:59,266:INFO:98889**9
2022-02-10 18:51:59,268:INFO:0003ACC_QUERY:0|3|132|98889**9|6
2022-02-10 18:52:00,183:INFO:98889029:6|98889139:6|98889149:6|98889179:6|98889249:6|98889279:6|98889349:6|98889369:6|98889389:6|98889419:6|98889439:6|98889459:6|98889479:6|98889529:6|98889539:6|98889549:6|98889589:6|98889619:6|98889639:6|98889659:6|98889749:6|98889759:6|98889849:6
2022-02-10 18:52:31,090:INFO:ДУГААРАА СОНГОЖ БУЙ ХЭСЭГ
2022-02-10 18:52:31,091:INFO:4
2022-02-10 18:52:42,364:INFO:FilternumberBlockUnblock
2022-02-10 18:52:42,364:INFO:98999**9
2022-02-10 18:52:42,366:INFO:0003ACC_QUERY:0|3|132|98999**9|6
2022-02-10 18:52:43,272:INFO:98999569:6
2022-02-10 18:52:43,283:INFO:------------------------------------------------------------------------------------------------
2022-02-10 18:52:43,690:INFO:------------------------------------------------------------------------------------------------
2022-02-10 18:52:47,173:INFO:ДУГААРАА СОНГОЖ БУЙ ХЭСЭГ
2022-02-10 18:52:47,173:INFO:7
2022-02-10 18:52:48,509:INFO:ДУГААРАА СОНГОЖ БУЙ ХЭСЭГ
2022-02-10 18:52:48,510:INFO:7
2022-02-10 18:52:56,707:INFO:FilternumberBlockUnblock
2022-02-10 18:52:56,707:INFO:98999**5
2022-02-10 18:52:56,708:INFO:0003ACC_QUERY:0|3|132|98999**5|6
2022-02-10 18:52:57,615:INFO:98999485:6
2022-02-10 18:53:01,895:INFO:FilternumberBlockUnblock
2022-02-10 18:53:01,895:INFO:98******
2022-02-10 18:53:01,899:INFO:0003ACC_QUERY:0|3|132|98******|7
2022-02-10 18:53:02,250:INFO:98014466:7|98018833:7|98023300:7|98032200:7|98034411:7|98036644:7|98038822:7|98046633:7|98046655:7|98048811:7|98052288:7|98055588:7|98056622:7|98057722:7|98057744:7|98058822:7|98058833:7|98059933:7|98067744:7|98072266:7|98073322:7|98074422:7|98074433:7|98076633:7|98076644:7|98078822:7|98079911:7|98083344:7|98087766:7|98108833:7|98130022:7|98132255:7|98137700:7|98137722:7|98137755:7|98138800:7|98138866:7|98139900:7|98139966:7|98140022:7|98143300:7|98143322:7|98143377:7|98144433:7|98145544:7|98146644:7|98147711:7|98147766:7|98148833:7|98148844:7|98148866:7|98149966:7|98151133:7|98152200:7|98152255:7|98153366:7|98156600:7|98156622:7|98156644:7|98157711:7|98157733:7|98157744:7|98157788:7|98158844:7|98161155:7|98162211:7|98163322:7|98163366:7|98163377:7|98164400:7|98164433:7|98164466:7|98167755:7|98168822:7|98168877:7|98169977:7|98170022:7|98170055:7|98171100:7|98171144:7|98172266:7|98172288:7|98172299:7|98173311:7|98174499:7|98175522:7|98175533:7|98175544:7|98175588:7|98176611:7|98176622:7|98176633:7|98177766:7|98178800:7|98178844:7|98178866:7|98183311:7|98183322:7|98183366:7|98187744:7|98191133:7|98192255:7|98192266:7|98194411:7|98194422:7|98194477:7|98195533:7|98196611:7|98196622:7|98197755:7|98201166:7|98202244:7|98203322:7|98204422:7|98204477:7|98206622:7|98206644:7|98206655:7|98207711:7|98207722:7|98207744:7|98207755:7|98207766:7|98208811:7|98208844:7|98208877:7|98209988:7|98210011:7|98210033:7|98210055:7|98210066:7|98210077:7
2022-02-10 18:53:10,598:INFO:FilternumberBlockUnblock
2022-02-10 18:53:10,599:INFO:989995*7
2022-02-10 18:53:10,600:INFO:0003ACC_QUERY:0|3|132|989995*7|6
2022-02-10 18:53:11,519:INFO:98999517:6
2022-02-10 18:53:25,707:INFO:FilternumberBlockUnblock
2022-02-10 18:53:25,707:INFO:98979507
2022-02-10 18:53:25,708:INFO:0003ACC_QUERY:0|3|132|98979507|6
2022-02-10 18:53:26,482:INFO:98979507:6
2022-02-10 18:53:45,356:INFO:FilternumberBlockUnblock
2022-02-10 18:53:45,356:INFO:98989507
2022-02-10 18:53:45,358:INFO:0003ACC_QUERY:0|3|132|98989507|6
2022-02-10 18:53:46,144:INFO:-1
2022-02-10 18:53:50,200:INFO:FilternumberBlockUnblock
2022-02-10 18:53:50,200:INFO:989895**
2022-02-10 18:53:50,201:INFO:0003ACC_QUERY:0|3|132|989895**|6
2022-02-10 18:53:51,234:INFO:98989503:6|98989513:6|98989517:6|98989520:6|98989532:6|98989534:6|98989536:6|98989543:6|98989560:6|98989561:6|98989562:6|98989577:6
2022-02-10 18:53:58,411:INFO:FilternumberBlockUnblock
2022-02-10 18:53:58,412:INFO:9898****
2022-02-10 18:53:58,413:INFO:0003ACC_QUERY:0|3|132|9898****|6
2022-02-10 18:53:59,336:INFO:98980153:6|98980261:6|98980285:6|98980326:6|98980423:6|98980483:6|98980755:6|98980932:6|98980957:6|98981132:6|98981352:6|98981358:6|98981403:6|98981473:6|98981557:6|98981859:6|98982097:6|98982262:6|98982263:6|98982312:6|98982326:6|98982372:6|98982397:6|98982592:6|98982613:6|98982735:6|98982752:6|98982753:6|98983056:6|98983179:6|98983278:6|98983470:6|98983475:6|98983476:6|98983605:6|98983746:6|98983754:6|98983853:6|98983946:6|98984016:6|98984023:6|98984052:6|98984054:6|98984156:6|98984186:6|98984261:6|98984264:6|98984274:6|98984281:6|98984301:6|98984326:6|98984383:6|98984397:6|98984452:6|98984461:6|98984492:6|98984532:6|98984569:6|98984572:6|98984596:6|98984638:6|98984658:6|98984681:6|98984720:6|98984734:6|98984783:6|98984814:6|98984927:6|98984931:6|98984951:6|98984953:6|98984969:6|98984974:6|98985078:6|98985133:6|98985201:6|98985237:6|98985287:6|98985302:6|98985314:6|98985327:6|98985492:6|98985571:6|98985583:6|98985608:6|98985629:6|98985672:6|98985689:6|98985739:6|98985756:6|98985814:6|98985866:6|98985919:6|98985944:6|98985967:6|98986014:6|98986027:6|98986102:6|98986108:6|98986136:6|98986167:6|98986306:6|98986348:6|98986370:6|98986374:6|98986437:6|98986450:6|98986458:6|98986471:6|98986479:6|98986503:6|98986516:6|98986517:6|98986519:6|98986534:6|98986537:6|98986540:6|98986649:6|98986680:6|98986702:6|98986719:6|98986731:6|98986736:6|98986739:6|98986740:6|98986743:6|98986745:6|98986759:6|98986792:6|98986796:6|98986805:6|98986814:6
2022-02-10 18:54:01,224:INFO:FilternumberBlockUnblock
2022-02-10 18:54:01,225:INFO:989895*8
2022-02-10 18:54:01,225:INFO:0003ACC_QUERY:0|3|132|989895*8|6
2022-02-10 18:54:02,357:INFO:-1
2022-02-10 18:54:03,446:INFO:FilternumberBlockUnblock
2022-02-10 18:54:03,447:INFO:98989**8
2022-02-10 18:54:03,448:INFO:0003ACC_QUERY:0|3|132|98989**8|6
2022-02-10 18:54:04,369:INFO:98989168:6|98989248:6|98989438:6|98989728:6
2022-02-10 18:54:11,371:INFO:ДУГААРЫН ҮНЭ
2022-02-10 18:54:11,376:INFO:5000
2022-02-10 18:54:20,108:INFO:ДУГААРАА СОНГОЖ БУЙ ХЭСЭГ
2022-02-10 18:54:20,108:INFO:7
2022-02-10 18:54:22,623:INFO:FilternumberBlockUnblock
2022-02-10 18:54:22,624:INFO:8315****
2022-02-10 18:54:22,625:INFO:0003ACC_QUERY:0|3|132|8315****|6
2022-02-10 18:54:22,627:INFO:
2022-02-10 18:54:22,628:ERROR:Internal Server Error: /getnumber
Traceback (most recent call last):
  File "/home/bam/nFilterNew/nFilterNewenv/lib/python2.7/site-packages/django/core/handlers/exception.py", line 41, in inner
    response = get_response(request)
  File "/home/bam/nFilterNew/nFilterNewenv/lib/python2.7/site-packages/django/core/handlers/base.py", line 187, in _get_response
    response = self.process_exception_by_middleware(e, request)
  File "/home/bam/nFilterNew/nFilterNewenv/lib/python2.7/site-packages/django/core/handlers/base.py", line 185, in _get_response
    response = wrapped_callback(request, *callback_args, **callback_kwargs)
  File "/home/bam/nFilterNew/nFilterNewenv/lib/python2.7/site-packages/django/views/decorators/csrf.py", line 58, in wrapped_view
    return view_func(*args, **kwargs)
  File "/home/bam/nFilterNew/nFilterNewenv/lib/python2.7/site-packages/django/views/generic/base.py", line 68, in view
    return self.dispatch(request, *args, **kwargs)
  File "/home/bam/nFilterNew/nFilterNewenv/lib/python2.7/site-packages/rest_framework/views.py", line 495, in dispatch
    response = self.handle_exception(exc)
  File "/home/bam/nFilterNew/nFilterNewenv/lib/python2.7/site-packages/rest_framework/views.py", line 455, in handle_exception
    self.raise_uncaught_exception(exc)
  File "/home/bam/nFilterNew/nFilterNewenv/lib/python2.7/site-packages/rest_framework/views.py", line 492, in dispatch
    response = handler(request, *args, **kwargs)
  File "/home/bam/nFilterNew/nFilterNewenv/lib/python2.7/site-packages/rest_framework/decorators.py", line 55, in handler
    return func(*args, **kwargs)
  File "/home/bam/nFilterNew/controller/views.py", line 205, in getNumber
    if data[1] == az:
IndexError: list index out of range
2022-02-10 18:54:32,079:INFO:FilternumberBlockUnblock
2022-02-10 18:54:32,080:INFO:8309****
2022-02-10 18:54:32,081:INFO:0003ACC_QUERY:0|3|132|8309****|6
2022-02-10 18:54:32,083:INFO:
2022-02-10 18:54:32,083:ERROR:Internal Server Error: /getnumber
Traceback (most recent call last):
  File "/home/bam/nFilterNew/nFilterNewenv/lib/python2.7/site-packages/django/core/handlers/exception.py", line 41, in inner
    response = get_response(request)
  File "/home/bam/nFilterNew/nFilterNewenv/lib/python2.7/site-packages/django/core/handlers/base.py", line 187, in _get_response
    response = self.process_exception_by_middleware(e, request)
  File "/home/bam/nFilterNew/nFilterNewenv/lib/python2.7/site-packages/django/core/handlers/base.py", line 185, in _get_response
    response = wrapped_callback(request, *callback_args, **callback_kwargs)
  File "/home/bam/nFilterNew/nFilterNewenv/lib/python2.7/site-packages/django/views/decorators/csrf.py", line 58, in wrapped_view
    return view_func(*args, **kwargs)
  File "/home/bam/nFilterNew/nFilterNewenv/lib/python2.7/site-packages/django/views/generic/base.py", line 68, in view
    return self.dispatch(request, *args, **kwargs)
  File "/home/bam/nFilterNew/nFilterNewenv/lib/python2.7/site-packages/rest_framework/views.py", line 495, in dispatch
    response = self.handle_exception(exc)
  File "/home/bam/nFilterNew/nFilterNewenv/lib/python2.7/site-packages/rest_framework/views.py", line 455, in handle_exception
    self.raise_uncaught_exception(exc)
  File "/home/bam/nFilterNew/nFilterNewenv/lib/python2.7/site-packages/rest_framework/views.py", line 492, in dispatch
    response = handler(request, *args, **kwargs)
  File "/home/bam/nFilterNew/nFilterNewenv/lib/python2.7/site-packages/rest_framework/decorators.py", line 55, in handler
    return func(*args, **kwargs)
  File "/home/bam/nFilterNew/controller/views.py", line 205, in getNumber
    if data[1] == az:
IndexError: list index out of range
2022-02-10 18:54:38,905:INFO:FilternumberBlockUnblock
2022-02-10 18:54:38,905:INFO:98989168
2022-02-10 18:54:38,906:INFO:0003ACC_QUERY:0|3|132|98989168|6
2022-02-10 18:54:38,909:INFO:
2022-02-10 18:54:38,909:ERROR:Internal Server Error: /getnumber
Traceback (most recent call last):
  File "/home/bam/nFilterNew/nFilterNewenv/lib/python2.7/site-packages/django/core/handlers/exception.py", line 41, in inner
    response = get_response(request)
  File "/home/bam/nFilterNew/nFilterNewenv/lib/python2.7/site-packages/django/core/handlers/base.py", line 187, in _get_response
    response = self.process_exception_by_middleware(e, request)
  File "/home/bam/nFilterNew/nFilterNewenv/lib/python2.7/site-packages/django/core/handlers/base.py", line 185, in _get_response
    response = wrapped_callback(request, *callback_args, **callback_kwargs)
  File "/home/bam/nFilterNew/nFilterNewenv/lib/python2.7/site-packages/django/views/decorators/csrf.py", line 58, in wrapped_view
    return view_func(*args, **kwargs)
  File "/home/bam/nFilterNew/nFilterNewenv/lib/python2.7/site-packages/django/views/generic/base.py", line 68, in view
    return self.dispatch(request, *args, **kwargs)
  File "/home/bam/nFilterNew/nFilterNewenv/lib/python2.7/site-packages/rest_framework/views.py", line 495, in dispatch
    response = self.handle_exception(exc)
  File "/home/bam/nFilterNew/nFilterNewenv/lib/python2.7/site-packages/rest_framework/views.py", line 455, in handle_exception
    self.raise_uncaught_exception(exc)
  File "/home/bam/nFilterNew/nFilterNewenv/lib/python2.7/site-packages/rest_framework/views.py", line 492, in dispatch
    response = handler(request, *args, **kwargs)
  File "/home/bam/nFilterNew/nFilterNewenv/lib/python2.7/site-packages/rest_framework/decorators.py", line 55, in handler
    return func(*args, **kwargs)
  File "/home/bam/nFilterNew/controller/views.py", line 205, in getNumber
    if data[1] == az:
IndexError: list index out of range
2022-02-10 18:55:02,085:INFO:FilternumberBlockUnblock
2022-02-10 18:55:02,086:INFO:8307****
2022-02-10 18:55:02,087:ERROR:Internal Server Error: /getnumber
Traceback (most recent call last):
  File "/home/bam/nFilterNew/nFilterNewenv/lib/python2.7/site-packages/django/core/handlers/exception.py", line 41, in inner
    response = get_response(request)
  File "/home/bam/nFilterNew/nFilterNewenv/lib/python2.7/site-packages/django/core/handlers/base.py", line 187, in _get_response
    response = self.process_exception_by_middleware(e, request)
  File "/home/bam/nFilterNew/nFilterNewenv/lib/python2.7/site-packages/django/core/handlers/base.py", line 185, in _get_response
    response = wrapped_callback(request, *callback_args, **callback_kwargs)
  File "/home/bam/nFilterNew/nFilterNewenv/lib/python2.7/site-packages/django/views/decorators/csrf.py", line 58, in wrapped_view
    return view_func(*args, **kwargs)
  File "/home/bam/nFilterNew/nFilterNewenv/lib/python2.7/site-packages/django/views/generic/base.py", line 68, in view
    return self.dispatch(request, *args, **kwargs)
  File "/home/bam/nFilterNew/nFilterNewenv/lib/python2.7/site-packages/rest_framework/views.py", line 495, in dispatch
    response = self.handle_exception(exc)
  File "/home/bam/nFilterNew/nFilterNewenv/lib/python2.7/site-packages/rest_framework/views.py", line 455, in handle_exception
    self.raise_uncaught_exception(exc)
  File "/home/bam/nFilterNew/nFilterNewenv/lib/python2.7/site-packages/rest_framework/views.py", line 492, in dispatch
    response = handler(request, *args, **kwargs)
  File "/home/bam/nFilterNew/nFilterNewenv/lib/python2.7/site-packages/rest_framework/decorators.py", line 55, in handler
    return func(*args, **kwargs)
  File "/home/bam/nFilterNew/controller/views.py", line 197, in getNumber
    socket_results = FilternumberBlockUnblock("filter", prefix, az, "")
  File "/home/bam/nFilterNew/controller/views.py", line 102, in FilternumberBlockUnblock
    soc.connect(('10.10.10.173', 8019))
  File "/usr/lib/python2.7/socket.py", line 228, in meth
    return getattr(self._sock,name)(*args)
error: [Errno 111] Connection refused
2022-02-10 18:55:04,766:INFO:FilternumberBlockUnblock
2022-02-10 18:55:04,766:INFO:8300****
2022-02-10 18:55:04,767:ERROR:Internal Server Error: /getnumber
Traceback (most recent call last):
  File "/home/bam/nFilterNew/nFilterNewenv/lib/python2.7/site-packages/django/core/handlers/exception.py", line 41, in inner
    response = get_response(request)
  File "/home/bam/nFilterNew/nFilterNewenv/lib/python2.7/site-packages/django/core/handlers/base.py", line 187, in _get_response
    response = self.process_exception_by_middleware(e, request)
  File "/home/bam/nFilterNew/nFilterNewenv/lib/python2.7/site-packages/django/core/handlers/base.py", line 185, in _get_response
    response = wrapped_callback(request, *callback_args, **callback_kwargs)
  File "/home/bam/nFilterNew/nFilterNewenv/lib/python2.7/site-packages/django/views/decorators/csrf.py", line 58, in wrapped_view
    return view_func(*args, **kwargs)
  File "/home/bam/nFilterNew/nFilterNewenv/lib/python2.7/site-packages/django/views/generic/base.py", line 68, in view
    return self.dispatch(request, *args, **kwargs)
  File "/home/bam/nFilterNew/nFilterNewenv/lib/python2.7/site-packages/rest_framework/views.py", line 495, in dispatch
    response = self.handle_exception(exc)
  File "/home/bam/nFilterNew/nFilterNewenv/lib/python2.7/site-packages/rest_framework/views.py", line 455, in handle_exception
    self.raise_uncaught_exception(exc)
  File "/home/bam/nFilterNew/nFilterNewenv/lib/python2.7/site-packages/rest_framework/views.py", line 492, in dispatch
    response = handler(request, *args, **kwargs)
  File "/home/bam/nFilterNew/nFilterNewenv/lib/python2.7/site-packages/rest_framework/decorators.py", line 55, in handler
    return func(*args, **kwargs)
  File "/home/bam/nFilterNew/controller/views.py", line 197, in getNumber
    socket_results = FilternumberBlockUnblock("filter", prefix, az, "")
  File "/home/bam/nFilterNew/controller/views.py", line 102, in FilternumberBlockUnblock
    soc.connect(('10.10.10.173', 8019))
  File "/usr/lib/python2.7/socket.py", line 228, in meth
    return getattr(self._sock,name)(*args)
error: [Errno 111] Connection refused
2022-02-10 18:55:11,188:INFO:------------------------------------------------------------------------------------------------
2022-02-10 18:55:12,383:INFO:ДУГААРАА СОНГОЖ БУЙ ХЭСЭГ
2022-02-10 18:55:12,383:INFO:2
2022-02-10 18:55:23,457:INFO:FilternumberBlockUnblock
2022-02-10 18:55:23,457:INFO:98989168
2022-02-10 18:55:23,459:ERROR:Internal Server Error: /getnumber
Traceback (most recent call last):
  File "/home/bam/nFilterNew/nFilterNewenv/lib/python2.7/site-packages/django/core/handlers/exception.py", line 41, in inner
    response = get_response(request)
  File "/home/bam/nFilterNew/nFilterNewenv/lib/python2.7/site-packages/django/core/handlers/base.py", line 187, in _get_response
    response = self.process_exception_by_middleware(e, request)
  File "/home/bam/nFilterNew/nFilterNewenv/lib/python2.7/site-packages/django/core/handlers/base.py", line 185, in _get_response
    response = wrapped_callback(request, *callback_args, **callback_kwargs)
  File "/home/bam/nFilterNew/nFilterNewenv/lib/python2.7/site-packages/django/views/decorators/csrf.py", line 58, in wrapped_view
    return view_func(*args, **kwargs)
  File "/home/bam/nFilterNew/nFilterNewenv/lib/python2.7/site-packages/django/views/generic/base.py", line 68, in view
    return self.dispatch(request, *args, **kwargs)
  File "/home/bam/nFilterNew/nFilterNewenv/lib/python2.7/site-packages/rest_framework/views.py", line 495, in dispatch
    response = self.handle_exception(exc)
  File "/home/bam/nFilterNew/nFilterNewenv/lib/python2.7/site-packages/rest_framework/views.py", line 455, in handle_exception
    self.raise_uncaught_exception(exc)
  File "/home/bam/nFilterNew/nFilterNewenv/lib/python2.7/site-packages/rest_framework/views.py", line 492, in dispatch
    response = handler(request, *args, **kwargs)
  File "/home/bam/nFilterNew/nFilterNewenv/lib/python2.7/site-packages/rest_framework/decorators.py", line 55, in handler
    return func(*args, **kwargs)
  File "/home/bam/nFilterNew/controller/views.py", line 197, in getNumber
    socket_results = FilternumberBlockUnblock("filter", prefix, az, "")
  File "/home/bam/nFilterNew/controller/views.py", line 102, in FilternumberBlockUnblock
    soc.connect(('10.10.10.173', 8088))
  File "/usr/lib/python2.7/socket.py", line 228, in meth
    return getattr(self._sock,name)(*args)
error: [Errno 111] Connection refused
2022-02-10 18:55:40,275:INFO:FilternumberBlockUnblock
2022-02-10 18:55:40,275:INFO:8300****
2022-02-10 18:55:40,276:INFO:0003ACC_QUERY:0|3|132|8300****|6
2022-02-10 18:55:40,366:INFO:83000148:6|83000151:6|83000152:6|83000153:6|83000157:6|83000158:6|83000159:6|83000163:6|83000164:6|83000165:6|83000167:6|83000170:6|83000171:6|83000173:6|83000175:6|83000179:6|83000184:6|83000186:6|83000192:6|83000193:6|83000194:6|83000195:6|83000196:6|83000197:6|83000198:6|83000218:6|83000219:6|83000224:6|83000227:6|83000228:6|83000229:6|83000231:6|83000234:6|83000235:6|83000236:6|83000238:6|83000239:6|83000241:6|83000244:6|83000246:6|83000248:6|83000249:6|83000251:6|83000253:6|83000255:6|83000258:6|83000259:6|83000260:6|83000261:6|83000263:6|83000265:6|83000266:6|83000268:6|83000269:6|83000270:6|83000271:6|83000273:6|83000276:6|83000278:6|83000279:6|83000283:6|83000284:6|83000285:6|83000286:6|83000289:6|83000290:6|83000293:6|83000294:6|83000295:6|83000296:6|83000297:6|83000298:6|83000312:6|83000314:6|83000316:6|83000317:6|83000319:6|83000324:6|83000325:6|83000327:6|83000329:6|83000334:6|83000336:6|83000338:6|83000341:6|83000343:6|83000346:6|83000347:6|83000348:6|83000349:6|83000350:6|83000351:6|83000352:6|83000354:6|83000356:6|83000357:6|83000358:6|83000359:6|83000361:6|83000362:6|83000363:6|83000371:6|83000374:6|83000378:6|83000379:6|83000381:6|83000382:6|83000384:6|83000385:6|83000386:6|83000387:6|83000389:6|83000391:6|83000392:6|83000394:6|83000396:6|83000397:6|83000401:6|83000415:6|83000417:6|83000419:6|83000420:6|83000421:6|83000422:6|83000423:6|83000424:6|83000425:6|83000426:6|83000427:6|83000428:6|83000430:6|83000431:6
2022-02-10 18:55:57,393:INFO:------------------------------------------------------------------------------------------------
2022-02-10 18:56:36,048:INFO:FilternumberBlockUnblock
2022-02-10 18:56:36,048:INFO:989893*8
2022-02-10 18:56:36,049:INFO:0003ACC_QUERY:0|3|132|989893*8|6
2022-02-10 18:56:36,959:INFO:-1
2022-02-10 18:59:26,122:INFO:------------------------------------------------------------------------------------------------
2022-02-10 19:05:33,613:INFO:ДУГААРАА СОНГОЖ БУЙ ХЭСЭГ
2022-02-10 19:05:33,613:INFO:2
2022-02-10 19:05:36,766:INFO:FilternumberBlockUnblock
2022-02-10 19:05:36,767:INFO:8313****
2022-02-10 19:05:36,768:INFO:0003ACC_QUERY:0|3|132|8313****|6
2022-02-10 19:05:37,105:INFO:83130080:6|83130114:6|83130126:6|83130128:6|83130134:6|83130140:6|83130142:6|83130148:6|83130154:6|83130165:6|83130168:6|83130169:6|83130172:6|83130176:6|83130179:6|83130190:6|83130192:6|83130196:6|83130198:6|83130216:6|83130217:6|83130223:6|83130236:6|83130238:6|83130239:6|83130241:6|83130246:6|83130250:6|83130251:6|83130252:6|83130256:6|83130257:6|83130258:6|83130261:6|83130264:6|83130269:6|83130274:6|83130275:6|83130276:6|83130278:6|83130280:6|83130281:6|83130287:6|83130289:6|83130291:6|83130293:6|83130294:6|83130295:6|83130296:6|83130298:6|83130342:6|83130347:6|83130348:6|83130352:6|83130357:6|83130359:6|83130361:6|83130369:6|83130370:6|83130371:6|83130374:6|83130378:6|83130379:6|83130380:6|83130382:6|83130386:6|83130391:6|83130392:6|83130397:6|83130416:6|83130418:6|83130422:6|83130427:6|83130432:6|83130445:6|83130446:6|83130449:6|83130451:6|83130455:6|83130457:6|83130459:6|83130461:6|83130463:6|83130465:6|83130466:6|83130471:6|83130472:6|83130473:6|83130474:6|83130478:6|83130479:6|83130480:6|83130481:6|83130485:6|83130486:6|83130487:6|83130490:6|83130491:6|83130494:6|83130497:6|83130506:6|83130523:6|83130524:6|83130526:6|83130527:6|83130528:6|83130530:6|83130531:6|83130532:6|83130537:6|83130538:6|83130539:6|83130540:6|83130541:6|83130542:6|83130543:6|83130544:6|83130545:6|83130546:6|83130547:6|83130548:6|83130549:6|83130551:6|83130552:6|83130553:6|83130556:6|83130558:6|83130560:6|83130561:6|83130562:6|83130563:6|83130564:6
2022-02-10 19:05:40,730:INFO:ДУГААРЫН ҮНЭ
2022-02-10 19:05:40,736:INFO:5000
2022-02-10 19:06:02,445:INFO:ДУГААРЫН ЗАХИАЛГА
2022-02-10 19:06:02,446:INFO:FilternumberBlockUnblock
2022-02-10 19:06:02,446:INFO:83130126
2022-02-10 19:06:02,448:INFO:0003Block:83130126|ХВ84071771
2022-02-10 19:06:02,453:INFO:Success
2022-02-10 19:06:02,453:INFO:Хадгалсан дугаар: 83130126
2022-02-10 19:06:03,711:INFO:------------------------------------------------------------------------------------------------
2022-02-10 19:06:27,140:INFO:------------------------------------------------------------------------------------------------
2022-02-10 19:07:26,589:INFO:------------------------------------------------------------------------------------------------
2022-02-10 19:12:52,497:INFO:------------------------------------------------------------------------------------------------
2022-02-10 19:12:55,408:INFO:ДУГААРАА СОНГОЖ БУЙ ХЭСЭГ
2022-02-10 19:12:55,408:INFO:7
2022-02-10 19:13:02,743:INFO:FilternumberBlockUnblock
2022-02-10 19:13:02,743:INFO:9800050*
2022-02-10 19:13:02,744:INFO:0003ACC_QUERY:0|3|132|9800050*|6
2022-02-10 19:13:03,665:INFO:-1
2022-02-10 19:13:20,359:INFO:ДУГААРАА СОНГОЖ БУЙ ХЭСЭГ
2022-02-10 19:13:20,360:INFO:7
2022-02-10 19:13:24,853:INFO:FilternumberBlockUnblock
2022-02-10 19:13:24,853:INFO:9800****
2022-02-10 19:13:24,854:INFO:0003ACC_QUERY:0|3|132|9800****|7
2022-02-10 19:13:25,612:INFO:-1
2022-02-10 19:13:28,025:INFO:FilternumberBlockUnblock
2022-02-10 19:13:28,025:INFO:9800****
2022-02-10 19:13:28,026:INFO:0003ACC_QUERY:0|3|132|9800****|7
2022-02-10 19:13:28,789:INFO:-1
2022-02-10 19:13:30,554:INFO:FilternumberBlockUnblock
2022-02-10 19:13:30,554:INFO:9800****
2022-02-10 19:13:30,555:INFO:0003ACC_QUERY:0|3|132|9800****|7
2022-02-10 19:13:31,319:INFO:-1
2022-02-10 19:13:33,970:INFO:FilternumberBlockUnblock
2022-02-10 19:13:33,970:INFO:98******
2022-02-10 19:13:33,972:INFO:0003ACC_QUERY:0|3|132|98******|7
2022-02-10 19:13:34,340:INFO:98014466:7|98018833:7|98023300:7|98032200:7|98034411:7|98036644:7|98038822:7|98046633:7|98046655:7|98048811:7|98052288:7|98055588:7|98056622:7|98057722:7|98057744:7|98058822:7|98058833:7|98059933:7|98067744:7|98072266:7|98073322:7|98074422:7|98074433:7|98076633:7|98076644:7|98078822:7|98079911:7|98083344:7|98087766:7|98108833:7|98130022:7|98132255:7|98137700:7|98137722:7|98137755:7|98138800:7|98138866:7|98139900:7|98139966:7|98140022:7|98143300:7|98143322:7|98143377:7|98144433:7|98145544:7|98146644:7|98147711:7|98147766:7|98148833:7|98148844:7|98148866:7|98149966:7|98151133:7|98152200:7|98152255:7|98153366:7|98156600:7|98156622:7|98156644:7|98157711:7|98157733:7|98157744:7|98157788:7|98158844:7|98161155:7|98162211:7|98163322:7|98163366:7|98163377:7|98164400:7|98164433:7|98164466:7|98167755:7|98168822:7|98168877:7|98169977:7|98170022:7|98170055:7|98171100:7|98171144:7|98172266:7|98172288:7|98172299:7|98173311:7|98174499:7|98175522:7|98175533:7|98175544:7|98175588:7|98176611:7|98176622:7|98176633:7|98177766:7|98178800:7|98178844:7|98178866:7|98183311:7|98183322:7|98183366:7|98187744:7|98191133:7|98192255:7|98192266:7|98194411:7|98194422:7|98194477:7|98195533:7|98196611:7|98196622:7|98197755:7|98201166:7|98202244:7|98203322:7|98204422:7|98204477:7|98206622:7|98206644:7|98206655:7|98207711:7|98207722:7|98207744:7|98207755:7|98207766:7|98208811:7|98208844:7|98208877:7|98209988:7|98210011:7|98210033:7|98210055:7|98210066:7|98210077:7
2022-02-10 19:13:37,703:INFO:ДУГААРАА СОНГОЖ БУЙ ХЭСЭГ
2022-02-10 19:13:37,703:INFO:7
2022-02-10 19:13:44,632:INFO:FilternumberBlockUnblock
2022-02-10 19:13:44,632:INFO:9800****
2022-02-10 19:13:44,633:INFO:0003ACC_QUERY:0|3|132|9800****|9
2022-02-10 19:13:45,393:INFO:98006116:9
2022-02-10 19:16:05,284:INFO:FilternumberBlockUnblock
2022-02-10 19:16:05,284:INFO:9800****
2022-02-10 19:16:05,286:INFO:0003ACC_QUERY:0|3|132|9800****|9
2022-02-10 19:16:06,038:INFO:98006116:9
2022-02-10 19:17:05,172:INFO:FilternumberBlockUnblock
2022-02-10 19:17:05,172:INFO:9800****
2022-02-10 19:17:05,174:INFO:0003ACC_QUERY:0|3|132|9800****|9
2022-02-10 19:17:05,934:INFO:98006116:9
2022-02-10 19:17:24,448:INFO:FilternumberBlockUnblock
2022-02-10 19:17:24,448:INFO:98******
2022-02-10 19:17:24,449:INFO:0003ACC_QUERY:0|3|132|98******|9
2022-02-10 19:17:24,795:INFO:98006116:9|98012662:9|98013443:9|98014224:9|98014334:9|98015445:9|98016446:9|98017447:9|98020550:9|98021331:9|98021441:9|98023443:9|98023663:9|98023773:9|98024114:9|98024224:9|98024774:9|98025445:9|98025665:9|98026226:9|98026336:9|98026446:9|98026556:9|98026776:9|98026996:9|98027117:9|98027227:9|98027337:9|98027447:9|98027557:9|98027667:9|98028338:9|98028448:9|98028778:9|98029559:9|98029779:9|98030550:9|98031441:9|98031661:9|98031771:9|98032442:9|98032662:9|98032772:9|98033663:9|98034114:9|98034224:9|98034554:9|98034664:9|98034774:9|98034884:9|98035115:9|98035445:9|98035665:9|98035885:9|98035995:9|98036116:9|98036226:9|98036446:9|98036556:9|98036776:9|98036886:9|98036996:9|98037117:9|98037227:9|98037337:9|98037447:9|98037557:9|98037667:9|98038448:9|98038668:9|98039229:9|98039559:9|98039779:9|98041331:9|98041551:9|98041661:9|98041771:9|98041991:9|98042552:9|98042662:9|98042772:9|98042882:9|98042992:9|98043113:9|98043223:9|98043443:9|98043553:9|98043663:9|98043883:9|98044224:9|98044334:9|98044994:9|98045005:9|98045115:9|98045335:9|98045445:9|98045665:9|98045995:9|98046116:9|98046226:9|98046336:9|98046556:9|98046776:9|98046996:9|98047117:9|98047227:9|98047337:9|98047447:9|98047557:9|98047667:9|98047887:9|98048228:9|98048338:9|98048558:9|98048778:9|98049229:9|98049559:9|98051331:9|98051441:9|98051661:9|98051771:9|98052442:9|98052662:9|98052772:9|98052882:9|98053113:9|98053223:9|98053443:9|98053553:9|98053663:9|98053773:9|9805388
2022-02-10 19:17:24,796:ERROR:Internal Server Error: /getnumber
Traceback (most recent call last):
  File "/home/bam/nFilterNew/nFilterNewenv/lib/python2.7/site-packages/django/core/handlers/exception.py", line 41, in inner
    response = get_response(request)
  File "/home/bam/nFilterNew/nFilterNewenv/lib/python2.7/site-packages/django/core/handlers/base.py", line 187, in _get_response
    response = self.process_exception_by_middleware(e, request)
  File "/home/bam/nFilterNew/nFilterNewenv/lib/python2.7/site-packages/django/core/handlers/base.py", line 185, in _get_response
    response = wrapped_callback(request, *callback_args, **callback_kwargs)
  File "/home/bam/nFilterNew/nFilterNewenv/lib/python2.7/site-packages/django/views/decorators/csrf.py", line 58, in wrapped_view
    return view_func(*args, **kwargs)
  File "/home/bam/nFilterNew/nFilterNewenv/lib/python2.7/site-packages/django/views/generic/base.py", line 68, in view
    return self.dispatch(request, *args, **kwargs)
  File "/home/bam/nFilterNew/nFilterNewenv/lib/python2.7/site-packages/rest_framework/views.py", line 495, in dispatch
    response = self.handle_exception(exc)
  File "/home/bam/nFilterNew/nFilterNewenv/lib/python2.7/site-packages/rest_framework/views.py", line 455, in handle_exception
    self.raise_uncaught_exception(exc)
  File "/home/bam/nFilterNew/nFilterNewenv/lib/python2.7/site-packages/rest_framework/views.py", line 492, in dispatch
    response = handler(request, *args, **kwargs)
  File "/home/bam/nFilterNew/nFilterNewenv/lib/python2.7/site-packages/rest_framework/decorators.py", line 55, in handler
    return func(*args, **kwargs)
  File "/home/bam/nFilterNew/controller/views.py", line 205, in getNumber
    if data[1] == az:
IndexError: list index out of range
2022-02-10 19:18:03,138:INFO:ДУГААРАА СОНГОЖ БУЙ ХЭСЭГ
2022-02-10 19:18:03,138:INFO:7
2022-02-10 19:18:04,740:INFO:ДУГААРАА СОНГОЖ БУЙ ХЭСЭГ
2022-02-10 19:18:04,740:INFO:7
2022-02-10 19:18:07,744:INFO:FilternumberBlockUnblock
2022-02-10 19:18:07,744:INFO:98******
2022-02-10 19:18:07,746:INFO:0003ACC_QUERY:0|3|132|98******|9
2022-02-10 19:18:08,085:INFO:98006116:9|98012662:9|98013443:9|98014224:9|98014334:9|98015445:9|98016446:9|98017447:9|98020550:9|98021331:9|98021441:9|98023443:9|98023663:9|98023773:9|98024114:9|98024224:9|98024774:9|98025445:9|98025665:9|98026226:9|98026336:9|98026446:9|98026556:9|98026776:9|98026996:9|98027117:9|98027227:9|98027337:9|98027447:9|98027557:9|98027667:9|98028338:9|98028448:9|98028778:9|98029559:9|98029779:9|98030550:9|98031441:9|98031661:9|98031771:9|98032442:9|98032662:9|98032772:9|98033663:9|98034114:9|98034224:9|98034554:9|98034664:9|98034774:9|98034884:9|98035115:9|98035445:9|98035665:9|98035885:9|98035995:9|98036116:9|98036226:9|98036446:9|98036556:9|98036776:9|98036886:9|98036996:9|98037117:9|98037227:9|98037337:9|98037447:9|98037557:9|98037667:9|98038448:9|98038668:9|98039229:9|98039559:9|98039779:9|98041331:9|98041551:9|98041661:9|98041771:9|98041991:9|98042552:9|98042662:9|98042772:9|98042882:9|98042992:9|98043113:9|98043223:9|98043443:9|98043553:9|98043663:9|98043883:9|98044224:9|98044334:9|98044994:9|98045005:9|98045115:9|98045335:9|98045445:9|98045665:9|98045995:9|98046116:9|98046226:9|98046336:9|98046556:9|98046776:9|98046996:9|98047117:9|98047227:9|98047337:9|98047447:9|98047557:9|98047667:9|98047887:9|98048228:9|98048338:9|98048558:9|98048778:9|98049229:9|98049559:9|98051331:9|98051441:9|98051661:9|98051771:9|98052442:9|98052662:9|98052772:9|98052882:9|98053113:9|98053223:9|98053443:9|98053553:9|98053663:9|98053773:9|98053883:9
2022-02-10 19:18:27,376:INFO:ДУГААРЫН ҮНЭ
2022-02-10 19:18:27,382:INFO:10000
2022-02-10 19:20:20,933:INFO:------------------------------------------------------------------------------------------------
2022-02-10 19:31:54,997:INFO:------------------------------------------------------------------------------------------------
2022-02-10 19:43:48,988:INFO:------------------------------------------------------------------------------------------------
2022-02-10 19:44:23,368:INFO:------------------------------------------------------------------------------------------------
2022-02-10 20:06:03,830:INFO:------------------------------------------------------------------------------------------------
2022-02-10 20:06:27,283:INFO:------------------------------------------------------------------------------------------------
2022-02-10 20:09:21,822:INFO:------------------------------------------------------------------------------------------------
2022-02-10 20:09:23,557:INFO:ДУГААРАА СОНГОЖ БУЙ ХЭСЭГ
2022-02-10 20:09:23,557:INFO:7
2022-02-10 20:09:23,637:WARNING:Not Found: /favicon.ico
2022-02-10 20:09:25,868:INFO:ДУГААРАА СОНГОЖ БУЙ ХЭСЭГ
2022-02-10 20:09:25,869:INFO:7
2022-02-10 20:09:28,557:INFO:FilternumberBlockUnblock
2022-02-10 20:09:28,557:INFO:9818****
2022-02-10 20:09:28,559:INFO:0003ACC_QUERY:0|3|132|9818****|6
2022-02-10 20:09:29,077:INFO:98180065:6|98180144:6|98180218:6|98180237:6|98180326:6|98180364:6|98180396:6|98180426:6|98180433:6|98180447:6|98180598:6|98180647:6|98180663:6|98180693:6|98180746:6|98180781:6|98180793:6|98180824:6|98180854:6|98180867:6|98180872:6|98180875:6|98180876:6|98180912:6|98180940:6|98180942:6|98180948:6|98180991:6|98181032:6|98181069:6|98181154:6|98181170:6|98181187:6|98181254:6|98181312:6|98181327:6|98181336:6|98181340:6|98181382:6|98181395:6|98181410:6|98181422:6|98181424:6|98181453:6|98181455:6|98181463:6|98181482:6|98181498:6|98181537:6|98181541:6|98181562:6|98181566:6|98181567:6|98181592:6|98181624:6|98181669:6|98181725:6|98181731:6|98181736:6|98181746:6|98181775:6|98181782:6|98181788:6|98181902:6|98181903:6|98181907:6|98181908:6|98181912:6|98181916:6|98181966:6|98181985:6|98182004:6|98182041:6|98182042:6|98182044:6|98182053:6|98182069:6|98182087:6|98182115:6|98182145:6|98182147:6|98182148:6|98182152:6|98182179:6|98182214:6|98182215:6|98182284:6|98182289:6|98182297:6|98182315:6|98182322:6|98182344:6|98182350:6|98182351:6|98182355:6|98182357:6|98182367:6|98182376:6|98182384:6|98182389:6|98182390:6|98182392:6|98182394:6|98182397:6|98182402:6|98182403:6|98182406:6|98182407:6|98182408:6|98182411:6|98182413:6|98182417:6|98182423:6|98182427:6|98182430:6|98182431:6|98182436:6|98182437:6|98182438:6|98182441:6|98182446:6|98182449:6|98182451:6|98182452:6|98182457:6|98182461:6|98182462:6|98182465:6|98182467:6|98182468:6|98182469:6|98182472:6
2022-02-10 20:09:32,217:INFO:FilternumberBlockUnblock
2022-02-10 20:09:32,217:INFO:9817****
2022-02-10 20:09:32,219:INFO:0003ACC_QUERY:0|3|132|9817****|6
2022-02-10 20:09:32,726:INFO:98170012:6|98170015:6|98170021:6|98170036:6|98170045:6|98170046:6|98170057:6|98170059:6|98170062:6|98170064:6|98170075:6|98170097:6|98170119:6|98170126:6|98170129:6|98170132:6|98170134:6|98170136:6|98170137:6|98170138:6|98170141:6|98170143:6|98170148:6|98170149:6|98170152:6|98170153:6|98170154:6|98170155:6|98170156:6|98170158:6|98170161:6|98170162:6|98170163:6|98170172:6|98170173:6|98170174:6|98170175:6|98170176:6|98170178:6|98170179:6|98170182:6|98170187:6|98170192:6|98170194:6|98170196:6|98170208:6|98170233:6|98170235:6|98170238:6|98170241:6|98170243:6|98170244:6|98170245:6|98170246:6|98170248:6|98170251:6|98170253:6|98170254:6|98170256:6|98170258:6|98170260:6|98170262:6|98170264:6|98170268:6|98170270:6|98170271:6|98170274:6|98170278:6|98170279:6|98170281:6|98170284:6|98170285:6|98170287:6|98170290:6|98170291:6|98170294:6|98170296:6|98170298:6|98170335:6|98170336:6|98170337:6|98170342:6|98170345:6|98170346:6|98170347:6|98170348:6|98170349:6|98170353:6|98170354:6|98170355:6|98170356:6|98170357:6|98170358:6|98170360:6|98170361:6|98170362:6|98170364:6|98170368:6|98170371:6|98170372:6|98170376:6|98170378:6|98170379:6|98170380:6|98170383:6|98170385:6|98170386:6|98170389:6|98170392:6|98170393:6|98170394:6|98170395:6|98170396:6|98170398:6|98170414:6|98170420:6|98170431:6|98170432:6|98170436:6|98170437:6|98170438:6|98170439:6|98170449:6|98170451:6|98170452:6|98170453:6|98170455:6|98170456:6|98170459:6|98170461:6|98170462:6|98170463:6
2022-02-10 20:09:35,612:INFO:FilternumberBlockUnblock
2022-02-10 20:09:35,612:INFO:9814****
2022-02-10 20:09:35,614:INFO:0003ACC_QUERY:0|3|132|9814****|6
2022-02-10 20:09:36,108:INFO:98140017:6|98140107:6|98140124:6|98140146:6|98140152:6|98140153:6|98140156:6|98140158:6|98140161:6|98140163:6|98140165:6|98140168:6|98140171:6|98140174:6|98140176:6|98140177:6|98140179:6|98140180:6|98140183:6|98140186:6|98140187:6|98140190:6|98140193:6|98140197:6|98140219:6|98140228:6|98140235:6|98140237:6|98140238:6|98140239:6|98140249:6|98140250:6|98140251:6|98140253:6|98140257:6|98140258:6|98140259:6|98140262:6|98140263:6|98140266:6|98140267:6|98140272:6|98140274:6|98140280:6|98140282:6|98140286:6|98140290:6|98140292:6|98140340:6|98140342:6|98140347:6|98140349:6|98140354:6|98140357:6|98140360:6|98140362:6|98140368:6|98140372:6|98140374:6|98140376:6|98140378:6|98140379:6|98140381:6|98140390:6|98140391:6|98140392:6|98140397:6|98140398:6|98140403:6|98140415:6|98140425:6|98140435:6|98140436:6|98140455:6|98140461:6|98140462:6|98140465:6|98140467:6|98140469:6|98140470:6|98140478:6|98140484:6|98140486:6|98140489:6|98140490:6|98140492:6|98140524:6|98140536:6|98140537:6|98140539:6|98140541:6|98140543:6|98140544:6|98140546:6|98140547:6|98140549:6|98140558:6|98140564:6|98140566:6|98140568:6|98140569:6|98140571:6|98140572:6|98140574:6|98140576:6|98140577:6|98140578:6|98140580:6|98140581:6|98140582:6|98140583:6|98140584:6|98140586:6|98140587:6|98140590:6|98140591:6|98140594:6|98140595:6|98140597:6|98140603:6|98140625:6|98140626:6|98140630:6|98140632:6|98140633:6|98140634:6|98140637:6|98140638:6|98140639:6|98140640:6|98140643:6|98140645:6
2022-02-10 20:09:41,786:INFO:FilternumberBlockUnblock
2022-02-10 20:09:41,786:INFO:9314****
2022-02-10 20:09:41,788:INFO:0003ACC_QUERY:0|3|132|9314****|6
2022-02-10 20:09:42,022:INFO:93140004:6|93140014:6|93140015:6|93140017:6|93140019:6|93140021:6|93140026:6|93140031:6|93140034:6|93140035:6|93140036:6|93140037:6|93140038:6|93140046:6|93140047:6|93140048:6|93140054:6|93140060:6|93140061:6|93140062:6|93140063:6|93140065:6|93140067:6|93140070:6|93140072:6|93140073:6|93140078:6|93140079:6|93140081:6|93140092:6|93140094:6|93140096:6|93140097:6|93140116:6|93140117:6|93140121:6|93140122:6|93140124:6|93140127:6|93140128:6|93140129:6|93140131:6|93140132:6|93140134:6|93140135:6|93140138:6|93140139:6|93140142:6|93140143:6|93140144:6|93140145:6|93140146:6|93140147:6|93140148:6|93140150:6|93140151:6|93140152:6|93140153:6|93140154:6|93140156:6|93140157:6|93140158:6|93140159:6|93140160:6|93140161:6|93140162:6|93140164:6|93140165:6|93140166:6|93140167:6|93140168:6|93140169:6|93140180:6|93140181:6|93140182:6|93140183:6|93140185:6|93140186:6|93140188:6|93140189:6|93140190:6|93140192:6|93140193:6|93140194:6|93140195:6|93140196:6|93140197:6|93140205:6|93140206:6|93140216:6|93140218:6|93140219:6|93140224:6|93140228:6|93140229:6|93140230:6|93140231:6|93140234:6|93140235:6|93140236:6|93140237:6|93140238:6|93140239:6|93140241:6|93140243:6|93140245:6|93140246:6|93140248:6|93140249:6|93140251:6|93140253:6|93140254:6|93140257:6|93140258:6|93140259:6|93140260:6|93140261:6|93140262:6|93140263:6|93140265:6|93140267:6|93140268:6|93140269:6|93140272:6|93140273:6|93140275:6|93140279:6|93140280:6|93140281:6|93140282:6|93140283:6|93140284:6
2022-02-10 20:09:44,850:INFO:FilternumberBlockUnblock
2022-02-10 20:09:44,850:INFO:8314****
2022-02-10 20:09:44,852:INFO:0003ACC_QUERY:0|3|132|8314****|6
2022-02-10 20:09:45,032:INFO:83140007:6|83140013:6|83140015:6|83140017:6|83140024:6|83140026:6|83140027:6|83140029:6|83140030:6|83140031:6|83140032:6|83140036:6|83140038:6|83140046:6|83140047:6|83140048:6|83140049:6|83140052:6|83140053:6|83140054:6|83140057:6|83140059:6|83140060:6|83140062:6|83140063:6|83140067:6|83140068:6|83140069:6|83140072:6|83140073:6|83140074:6|83140076:6|83140078:6|83140079:6|83140080:6|83140084:6|83140085:6|83140086:6|83140087:6|83140091:6|83140093:6|83140094:6|83140095:6|83140096:6|83140097:6|83140098:6|83140113:6|83140118:6|83140119:6|83140126:6|83140128:6|83140132:6|83140133:6|83140135:6|83140136:6|83140137:6|83140139:6|83140141:6|83140143:6|83140145:6|83140146:6|83140147:6|83140148:6|83140149:6|83140150:6|83140151:6|83140152:6|83140153:6|83140154:6|83140155:6|83140156:6|83140157:6|83140158:6|83140160:6|83140161:6|83140165:6|83140166:6|83140167:6|83140168:6|83140169:6|83140170:6|83140171:6|83140173:6|83140175:6|83140176:6|83140178:6|83140179:6|83140181:6|83140182:6|83140183:6|83140184:6|83140185:6|83140188:6|83140189:6|83140190:6|83140192:6|83140193:6|83140194:6|83140195:6|83140196:6|83140197:6|83140198:6|83140200:6|83140203:6|83140210:6|83140213:6|83140215:6|83140217:6|83140219:6|83140221:6|83140223:6|83140225:6|83140226:6|83140228:6|83140229:6|83140232:6|83140233:6|83140234:6|83140235:6|83140236:6|83140237:6|83140239:6|83140240:6|83140241:6|83140245:6|83140246:6|83140248:6|83140249:6|83140253:6|83140254:6|83140256:6|83140257:6
2022-02-10 20:09:46,930:INFO:ДУГААРЫН ҮНЭ
2022-02-10 20:09:46,936:INFO:10000
2022-02-10 20:09:55,544:INFO:ДУГААРЫН ЗАХИАЛГА
2022-02-10 20:09:55,544:INFO:FilternumberBlockUnblock
2022-02-10 20:09:55,545:INFO:83140007
2022-02-10 20:09:55,546:INFO:0003Block:83140007|ИТ97010106
2022-02-10 20:09:55,553:INFO:Success
2022-02-10 20:09:55,553:INFO:Хадгалсан дугаар: 83140007
2022-02-10 20:12:08,571:INFO:------------------------------------------------------------------------------------------------
2022-02-10 20:20:21,053:INFO:------------------------------------------------------------------------------------------------
2022-02-10 20:20:27,950:INFO:ДУГААРАА СОНГОЖ БУЙ ХЭСЭГ
2022-02-10 20:20:27,950:INFO:7
2022-02-10 20:20:29,601:INFO:------------------------------------------------------------------------------------------------
2022-02-10 20:20:30,472:INFO:ДУГААРАА СОНГОЖ БУЙ ХЭСЭГ
2022-02-10 20:20:30,472:INFO:2
2022-02-10 20:20:31,472:INFO:ДУГААРАА СОНГОЖ БУЙ ХЭСЭГ
2022-02-10 20:20:31,472:INFO:2
2022-02-10 20:20:33,197:INFO:FilternumberBlockUnblock
2022-02-10 20:20:33,198:INFO:98******
2022-02-10 20:20:33,199:INFO:0003ACC_QUERY:0|3|132|98******|5
2022-02-10 20:20:33,462:INFO:-1
2022-02-10 20:20:35,327:INFO:FilternumberBlockUnblock
2022-02-10 20:20:35,327:INFO:97******
2022-02-10 20:20:35,328:INFO:0003ACC_QUERY:0|3|132|97******|5
2022-02-10 20:20:35,590:INFO:-1
2022-02-10 20:20:38,192:INFO:FilternumberBlockUnblock
2022-02-10 20:20:38,192:INFO:93******
2022-02-10 20:20:38,194:INFO:0003ACC_QUERY:0|3|132|93******|5
2022-02-10 20:20:39,420:INFO:93172222:5|93174444:5|93182222:5|93254444:5|93264444:5|93274444:5|93352222:5|93412222:5|93416666:5|93426666:5|93452222:5|93472222:5
2022-02-10 20:21:11,981:INFO:FilternumberBlockUnblock
2022-02-10 20:21:11,982:INFO:93******
2022-02-10 20:21:11,983:INFO:0003ACC_QUERY:0|3|132|93******|5
2022-02-10 20:21:12,668:INFO:93172222:5|93174444:5|93182222:5|93254444:5|93264444:5|93274444:5|93352222:5|93412222:5|93416666:5|93426666:5|93452222:5|93472222:5
2022-02-10 20:21:24,310:INFO:------------------------------------------------------------------------------------------------
2022-02-10 20:43:49,086:INFO:------------------------------------------------------------------------------------------------
2022-02-10 21:06:03,895:INFO:------------------------------------------------------------------------------------------------
2022-02-10 21:15:06,511:INFO:ДУГААРАА СОНГОЖ БУЙ ХЭСЭГ
2022-02-10 21:15:06,512:INFO:2
2022-02-10 21:15:09,537:INFO:------------------------------------------------------------------------------------------------
2022-02-10 21:15:12,393:INFO:ДУГААРАА СОНГОЖ БУЙ ХЭСЭГ
2022-02-10 21:15:12,393:INFO:7
2022-02-10 21:15:32,307:INFO:FilternumberBlockUnblock
2022-02-10 21:15:32,307:INFO:9711****
2022-02-10 21:15:32,308:INFO:0003ACC_QUERY:0|3|132|9711****|6
2022-02-10 21:15:32,748:INFO:97110026:6|97110034:6|97110041:6|97110063:6|97110124:6|97110125:6|97110127:6|97110129:6|97110132:6|97110134:6|97110135:6|97110136:6|97110137:6|97110140:6|97110142:6|97110145:6|97110146:6|97110147:6|97110149:6|97110152:6|97110153:6|97110154:6|97110156:6|97110157:6|97110158:6|97110160:6|97110162:6|97110163:6|97110164:6|97110165:6|97110167:6|97110168:6|97110169:6|97110172:6|97110173:6|97110174:6|97110175:6|97110176:6|97110178:6|97110182:6|97110183:6|97110184:6|97110186:6|97110187:6|97110189:6|97110190:6|97110192:6|97110193:6|97110194:6|97110195:6|97110196:6|97110206:6|97110210:6|97110215:6|97110219:6|97110221:6|97110224:6|97110225:6|97110229:6|97110230:6|97110231:6|97110232:6|97110233:6|97110234:6|97110235:6|97110236:6|97110237:6|97110238:6|97110239:6|97110240:6|97110241:6|97110242:6|97110244:6|97110245:6|97110246:6|97110248:6|97110249:6|97110250:6|97110251:6|97110252:6|97110253:6|97110254:6|97110257:6|97110258:6|97110259:6|97110260:6|97110261:6|97110262:6|97110263:6|97110264:6|97110265:6|97110266:6|97110267:6|97110268:6|97110269:6|97110270:6|97110271:6|97110272:6|97110273:6|97110274:6|97110275:6|97110276:6|97110277:6|97110278:6|97110279:6|97110280:6|97110281:6|97110283:6|97110284:6|97110285:6|97110286:6|97110287:6|97110289:6|97110290:6|97110291:6|97110292:6|97110293:6|97110294:6|97110295:6|97110296:6|97110298:6|97110310:6|97110314:6|97110315:6|97110319:6|97110320:6|97110321:6|97110323:6|97110326:6|97110327:6|97110328:6|97110329:6
2022-02-10 21:15:58,588:INFO:FilternumberBlockUnblock
2022-02-10 21:15:58,588:INFO:9711****
2022-02-10 21:15:58,590:INFO:0003ACC_QUERY:0|3|132|9711****|6
2022-02-10 21:15:59,017:INFO:97110026:6|97110034:6|97110041:6|97110063:6|97110124:6|97110125:6|97110127:6|97110129:6|97110132:6|97110134:6|97110135:6|97110136:6|97110137:6|97110140:6|97110142:6|97110145:6|97110146:6|97110147:6|97110149:6|97110152:6|97110153:6|97110154:6|97110156:6|97110157:6|97110158:6|97110160:6|97110162:6|97110163:6|97110164:6|97110165:6|97110167:6|97110168:6|97110169:6|97110172:6|97110173:6|97110174:6|97110175:6|97110176:6|97110178:6|97110182:6|97110183:6|97110184:6|97110186:6|97110187:6|97110189:6|97110190:6|97110192:6|97110193:6|97110194:6|97110195:6|97110196:6|97110206:6|97110210:6|97110215:6|97110219:6|97110221:6|97110224:6|97110225:6|97110229:6|97110230:6|97110231:6|97110232:6|97110233:6|97110234:6|97110235:6|97110236:6|97110237:6|97110238:6|97110239:6|97110240:6|97110241:6|97110242:6|97110244:6|97110245:6|97110246:6|97110248:6|97110249:6|97110250:6|97110251:6|97110252:6|97110253:6|97110254:6|97110257:6|97110258:6|97110259:6|97110260:6|97110261:6|97110262:6|97110263:6|97110264:6|97110265:6|97110266:6|97110267:6|97110268:6|97110269:6|97110270:6|97110271:6|97110272:6|97110273:6|97110274:6|97110275:6|97110276:6|97110277:6|97110278:6|97110279:6|97110280:6|97110281:6|97110283:6|97110284:6|97110285:6|97110286:6|97110287:6|97110289:6|97110290:6|97110291:6|97110292:6|97110293:6|97110294:6|97110295:6|97110296:6|97110298:6|97110310:6|97110314:6|97110315:6|97110319:6|97110320:6|97110321:6|97110323:6|97110326:6|97110327:6|97110328:6|97110329:6
2022-02-10 21:16:03,304:INFO:FilternumberBlockUnblock
2022-02-10 21:16:03,304:INFO:9711****
2022-02-10 21:16:03,305:INFO:0003ACC_QUERY:0|3|132|9711****|6
2022-02-10 21:16:03,729:INFO:97110026:6|97110034:6|97110041:6|97110063:6|97110124:6|97110125:6|97110127:6|97110129:6|97110132:6|97110134:6|97110135:6|97110136:6|97110137:6|97110140:6|97110142:6|97110145:6|97110146:6|97110147:6|97110149:6|97110152:6|97110153:6|97110154:6|97110156:6|97110157:6|97110158:6|97110160:6|97110162:6|97110163:6|97110164:6|97110165:6|97110167:6|97110168:6|97110169:6|97110172:6|97110173:6|97110174:6|97110175:6|97110176:6|97110178:6|97110182:6|97110183:6|97110184:6|97110186:6|97110187:6|97110189:6|97110190:6|97110192:6|97110193:6|97110194:6|97110195:6|97110196:6|97110206:6|97110210:6|97110215:6|97110219:6|97110221:6|97110224:6|97110225:6|97110229:6|97110230:6|97110231:6|97110232:6|97110233:6|97110234:6|97110235:6|97110236:6|97110237:6|97110238:6|97110239:6|97110240:6|97110241:6|97110242:6|97110244:6|97110245:6|97110246:6|97110248:6|97110249:6|97110250:6|97110251:6|97110252:6|97110253:6|97110254:6|97110257:6|97110258:6|97110259:6|97110260:6|97110261:6|97110262:6|97110263:6|97110264:6|97110265:6|97110266:6|97110267:6|97110268:6|97110269:6|97110270:6|97110271:6|97110272:6|97110273:6|97110274:6|97110275:6|97110276:6|97110277:6|97110278:6|97110279:6|97110280:6|97110281:6|97110283:6|97110284:6|97110285:6|97110286:6|97110287:6|97110289:6|97110290:6|97110291:6|97110292:6|97110293:6|97110294:6|97110295:6|97110296:6|97110298:6|97110310:6|97110314:6|97110315:6|97110319:6|97110320:6|97110321:6|97110323:6|97110326:6|97110327:6|97110328:6|97110329:6
2022-02-10 21:16:18,675:INFO:FilternumberBlockUnblock
2022-02-10 21:16:18,676:INFO:9711****
2022-02-10 21:16:18,676:INFO:0003ACC_QUERY:0|3|132|9711****|6
2022-02-10 21:16:19,099:INFO:97110026:6|97110034:6|97110041:6|97110063:6|97110124:6|97110125:6|97110127:6|97110129:6|97110132:6|97110134:6|97110135:6|97110136:6|97110137:6|97110140:6|97110142:6|97110145:6|97110146:6|97110147:6|97110149:6|97110152:6|97110153:6|97110154:6|97110156:6|97110157:6|97110158:6|97110160:6|97110162:6|97110163:6|97110164:6|97110165:6|97110167:6|97110168:6|97110169:6|97110172:6|97110173:6|97110174:6|97110175:6|97110176:6|97110178:6|97110182:6|97110183:6|97110184:6|97110186:6|97110187:6|97110189:6|97110190:6|97110192:6|97110193:6|97110194:6|97110195:6|97110196:6|97110206:6|97110210:6|97110215:6|97110219:6|97110221:6|97110224:6|97110225:6|97110229:6|97110230:6|97110231:6|97110232:6|97110233:6|97110234:6|97110235:6|97110236:6|97110237:6|97110238:6|97110239:6|97110240:6|97110241:6|97110242:6|97110244:6|97110245:6|97110246:6|97110248:6|97110249:6|97110250:6|97110251:6|97110252:6|97110253:6|97110254:6|97110257:6|97110258:6|97110259:6|97110260:6|97110261:6|97110262:6|97110263:6|97110264:6|97110265:6|97110266:6|97110267:6|97110268:6|97110269:6|97110270:6|97110271:6|97110272:6|97110273:6|97110274:6|97110275:6|97110276:6|97110277:6|97110278:6|97110279:6|97110280:6|97110281:6|97110283:6|97110284:6|97110285:6|97110286:6|97110287:6|97110289:6|97110290:6|97110291:6|97110292:6|97110293:6|97110294:6|97110295:6|97110296:6|97110298:6|97110310:6|97110314:6|97110315:6|97110319:6|97110320:6|97110321:6|97110323:6|97110326:6|97110327:6|97110328:6|97110329:6
2022-02-10 21:16:24,007:INFO:FilternumberBlockUnblock
2022-02-10 21:16:24,007:INFO:9711****
2022-02-10 21:16:24,009:INFO:0003ACC_QUERY:0|3|132|9711****|6
2022-02-10 21:16:24,432:INFO:97110026:6|97110034:6|97110041:6|97110063:6|97110124:6|97110125:6|97110127:6|97110129:6|97110132:6|97110134:6|97110135:6|97110136:6|97110137:6|97110140:6|97110142:6|97110145:6|97110146:6|97110147:6|97110149:6|97110152:6|97110153:6|97110154:6|97110156:6|97110157:6|97110158:6|97110160:6|97110162:6|97110163:6|97110164:6|97110165:6|97110167:6|97110168:6|97110169:6|97110172:6|97110173:6|97110174:6|97110175:6|97110176:6|97110178:6|97110182:6|97110183:6|97110184:6|97110186:6|97110187:6|97110189:6|97110190:6|97110192:6|97110193:6|97110194:6|97110195:6|97110196:6|97110206:6|97110210:6|97110215:6|97110219:6|97110221:6|97110224:6|97110225:6|97110229:6|97110230:6|97110231:6|97110232:6|97110233:6|97110234:6|97110235:6|97110236:6|97110237:6|97110238:6|97110239:6|97110240:6|97110241:6|97110242:6|97110244:6|97110245:6|97110246:6|97110248:6|97110249:6|97110250:6|97110251:6|97110252:6|97110253:6|97110254:6|97110257:6|97110258:6|97110259:6|97110260:6|97110261:6|97110262:6|97110263:6|97110264:6|97110265:6|97110266:6|97110267:6|97110268:6|97110269:6|97110270:6|97110271:6|97110272:6|97110273:6|97110274:6|97110275:6|97110276:6|97110277:6|97110278:6|97110279:6|97110280:6|97110281:6|97110283:6|97110284:6|97110285:6|97110286:6|97110287:6|97110289:6|97110290:6|97110291:6|97110292:6|97110293:6|97110294:6|97110295:6|97110296:6|97110298:6|97110310:6|97110314:6|97110315:6|97110319:6|97110320:6|97110321:6|97110323:6|97110326:6|97110327:6|97110328:6|97110329:6
2022-02-10 21:16:38,579:INFO:FilternumberBlockUnblock
2022-02-10 21:16:38,580:INFO:971111**
2022-02-10 21:16:38,581:INFO:0003ACC_QUERY:0|3|132|971111**|6
2022-02-10 21:16:39,437:INFO:-1
2022-02-10 21:16:53,015:INFO:ДУГААРАА СОНГОЖ БУЙ ХЭСЭГ
2022-02-10 21:16:53,016:INFO:7
2022-02-10 21:16:59,784:INFO:ДУГААРАА СОНГОЖ БУЙ ХЭСЭГ
2022-02-10 21:16:59,785:INFO:7
2022-02-10 21:17:01,513:INFO:ДУГААРАА СОНГОЖ БУЙ ХЭСЭГ
2022-02-10 21:17:01,513:INFO:7
2022-02-10 21:17:06,528:INFO:FilternumberBlockUnblock
2022-02-10 21:17:06,529:INFO:98******
2022-02-10 21:17:06,529:INFO:0003ACC_QUERY:0|3|132|98******|7
2022-02-10 21:17:06,890:INFO:98014466:7|98018833:7|98023300:7|98032200:7|98034411:7|98036644:7|98038822:7|98046633:7|98046655:7|98048811:7|98052288:7|98055588:7|98056622:7|98057722:7|98057744:7|98058822:7|98058833:7|98059933:7|98067744:7|98072266:7|98073322:7|98074422:7|98074433:7|98076633:7|98076644:7|98078822:7|98079911:7|98083344:7|98087766:7|98108833:7|98130022:7|98132255:7|98137700:7|98137722:7|98137755:7|98138800:7|98138866:7|98139900:7|98139966:7|98140022:7|98143300:7|98143322:7|98143377:7|98144433:7|98145544:7|98146644:7|98147711:7|98147766:7|98148833:7|98148844:7|98148866:7|98149966:7|98151133:7|98152200:7|98152255:7|98153366:7|98156600:7|98156622:7|98156644:7|98157711:7|98157733:7|98157744:7|98157788:7|98158844:7|98161155:7|98162211:7|98163322:7|98163366:7|98163377:7|98164400:7|98164433:7|98164466:7|98167755:7|98168822:7|98168877:7|98169977:7|98170022:7|98170055:7|98171100:7|98171144:7|98172266:7|98172288:7|98172299:7|98173311:7|98174499:7|98175522:7|98175533:7|98175544:7|98175588:7|98176611:7|98176622:7|98176633:7|98177766:7|98178800:7|98178844:7|98178866:7|98183311:7|98183322:7|98183366:7|98187744:7|98191133:7|98192255:7|98192266:7|98194411:7|98194422:7|98194477:7|98195533:7|98196611:7|98196622:7|98197755:7|98201166:7|98202244:7|98203322:7|98204422:7|98204477:7|98206622:7|98206644:7|98206655:7|98207711:7|98207722:7|98207744:7|98207755:7|98207766:7|98208811:7|98208844:7|98208877:7|98209988:7|98210011:7|98210033:7|98210055:7|98210066:7|98210077:7
2022-02-10 21:17:12,376:INFO:ДУГААРАА СОНГОЖ БУЙ ХЭСЭГ
2022-02-10 21:17:12,376:INFO:7
2022-02-10 21:17:18,824:INFO:FilternumberBlockUnblock
2022-02-10 21:17:18,824:INFO:83******
2022-02-10 21:17:18,825:INFO:0003ACC_QUERY:0|3|132|83******|5
2022-02-10 21:17:19,090:INFO:-1
2022-02-10 21:17:56,299:INFO:ДУГААРАА СОНГОЖ БУЙ ХЭСЭГ
2022-02-10 21:17:56,300:INFO:7
2022-02-10 21:17:59,767:INFO:FilternumberBlockUnblock
2022-02-10 21:17:59,767:INFO:98******
2022-02-10 21:17:59,768:INFO:0003ACC_QUERY:0|3|132|98******|7
2022-02-10 21:18:00,104:INFO:98014466:7|98018833:7|98023300:7|98032200:7|98034411:7|98036644:7|98038822:7|98046633:7|98046655:7|98048811:7|98052288:7|98055588:7|98056622:7|98057722:7|98057744:7|98058822:7|98058833:7|98059933:7|98067744:7|98072266:7|98073322:7|98074422:7|98074433:7|98076633:7|98076644:7|98078822:7|98079911:7|98083344:7|98087766:7|98108833:7|98130022:7|98132255:7|98137700:7|98137722:7|98137755:7|98138800:7|98138866:7|98139900:7|98139966:7|98140022:7|98143300:7|98143322:7|98143377:7|98144433:7|98145544:7|98146644:7|98147711:7|98147766:7|98148833:7|98148844:7|98148866:7|98149966:7|98151133:7|98152200:7|98152255:7|98153366:7|98156600:7|98156622:7|98156644:7|98157711:7|98157733:7|98157744:7|98157788:7|98158844:7|98161155:7|98162211:7|98163322:7|98163366:7|98163377:7|98164400:7|98164433:7|98164466:7|98167755:7|98168822:7|98168877:7|98169977:7|98170022:7|98170055:7|98171100:7|98171144:7|98172266:7|98172288:7|98172299:7|98173311:7|98174499:7|98175522:7|98175533:7|98175544:7|98175588:7|98176611:7|98176622:7|98176633:7|98177766:7|98178800:7|98178844:7|98178866:7|98183311:7|98183322:7|98183366:7|98187744:7|98191133:7|98192255:7|98192266:7|98194411:7|98194422:7|98194477:7|98195533:7|98196611:7|98196622:7|98197755:7|98201166:7|98202244:7|98203322:7|98204422:7|98204477:7|98206622:7|98206644:7|98206655:7|98207711:7|98207722:7|98207744:7|98207755:7|98207766:7|98208811:7|98208844:7|98208877:7|98209988:7|98210011:7|98210033:7|98210055:7|98210066:7|98210077:7
2022-02-10 21:18:09,615:INFO:FilternumberBlockUnblock
2022-02-10 21:18:09,615:INFO:98******
2022-02-10 21:18:09,616:INFO:0003ACC_QUERY:0|3|132|98******|7
2022-02-10 21:18:09,956:INFO:98014466:7|98018833:7|98023300:7|98032200:7|98034411:7|98036644:7|98038822:7|98046633:7|98046655:7|98048811:7|98052288:7|98055588:7|98056622:7|98057722:7|98057744:7|98058822:7|98058833:7|98059933:7|98067744:7|98072266:7|98073322:7|98074422:7|98074433:7|98076633:7|98076644:7|98078822:7|98079911:7|98083344:7|98087766:7|98108833:7|98130022:7|98132255:7|98137700:7|98137722:7|98137755:7|98138800:7|98138866:7|98139900:7|98139966:7|98140022:7|98143300:7|98143322:7|98143377:7|98144433:7|98145544:7|98146644:7|98147711:7|98147766:7|98148833:7|98148844:7|98148866:7|98149966:7|98151133:7|98152200:7|98152255:7|98153366:7|98156600:7|98156622:7|98156644:7|98157711:7|98157733:7|98157744:7|98157788:7|98158844:7|98161155:7|98162211:7|98163322:7|98163366:7|98163377:7|98164400:7|98164433:7|98164466:7|98167755:7|98168822:7|98168877:7|98169977:7|98170022:7|98170055:7|98171100:7|98171144:7|98172266:7|98172288:7|98172299:7|98173311:7|98174499:7|98175522:7|98175533:7|98175544:7|98175588:7|98176611:7|98176622:7|98176633:7|98177766:7|98178800:7|98178844:7|98178866:7|98183311:7|98183322:7|98183366:7|98187744:7|98191133:7|98192255:7|98192266:7|98194411:7|98194422:7|98194477:7|98195533:7|98196611:7|98196622:7|98197755:7|98201166:7|98202244:7|98203322:7|98204422:7|98204477:7|98206622:7|98206644:7|98206655:7|98207711:7|98207722:7|98207744:7|98207755:7|98207766:7|98208811:7|98208844:7|98208877:7|98209988:7|98210011:7|98210033:7|98210055:7|98210066:7|98210077:7
2022-02-10 21:43:49,123:INFO:------------------------------------------------------------------------------------------------
2022-02-10 22:03:23,703:INFO:98104411
2022-02-10 22:03:23,703:INFO:93011011
2022-02-10 22:03:29,636:INFO:98104411
2022-02-10 22:03:29,636:INFO:93000550
2022-02-10 22:03:38,233:INFO:98104411
2022-02-10 22:03:38,233:INFO:83044000
2022-02-10 22:06:04,031:INFO:------------------------------------------------------------------------------------------------
2022-02-10 22:43:49,309:INFO:------------------------------------------------------------------------------------------------
2022-02-10 22:46:20,585:INFO:98104411
2022-02-10 22:46:20,586:INFO:83115151
2022-02-10 22:46:32,832:INFO:98104411
2022-02-10 22:46:32,833:INFO:93000550
2022-02-10 22:46:40,388:INFO:98104411
2022-02-10 22:46:40,388:INFO:93011011
2022-02-10 22:46:48,146:INFO:98104411
2022-02-10 22:46:48,147:INFO:83044000
2022-02-10 22:46:53,305:INFO:98104411
2022-02-10 22:46:53,306:INFO:98285555
2022-02-10 22:47:08,013:INFO:98104411
2022-02-10 22:47:08,013:INFO:98993300
2022-02-10 23:06:04,110:INFO:------------------------------------------------------------------------------------------------
2022-02-10 23:18:13,951:INFO:------------------------------------------------------------------------------------------------
2022-02-10 23:18:16,218:INFO:ДУГААРАА СОНГОЖ БУЙ ХЭСЭГ
2022-02-10 23:18:16,218:INFO:7
2022-02-10 23:18:16,219:INFO:127.0.1.1
2022-02-10 23:18:16,707:WARNING:Not Found: /favicon.ico
2022-02-10 23:20:50,464:INFO:------------------------------------------------------------------------------------------------
2022-02-10 23:20:51,450:INFO:ДУГААРАА СОНГОЖ БУЙ ХЭСЭГ
2022-02-10 23:20:51,451:INFO:7
2022-02-10 23:20:51,451:INFO:127.0.1.1
2022-02-10 23:20:51,451:INFO:127.0.1.1
2022-02-10 23:23:32,144:INFO:------------------------------------------------------------------------------------------------
2022-02-10 23:23:33,497:INFO:ДУГААРАА СОНГОЖ БУЙ ХЭСЭГ
2022-02-10 23:23:33,497:INFO:7
2022-02-10 23:23:33,498:INFO:127.0.1.1
2022-02-10 23:23:33,498:INFO:127.0.1.1
2022-02-10 23:23:33,498:INFO:192.168.200.251
2022-02-10 23:39:39,171:INFO:FilternumberBlockUnblock
2022-02-10 23:39:39,171:INFO:98******
2022-02-10 23:39:39,173:INFO:0003ACC_QUERY:0|3|132|98******|6
2022-02-10 23:39:40,722:INFO:98000159:6|98000226:6|98000245:6|98000266:6|98000329:6|98000378:6|98000387:6|98000407:6|98000437:6|98000445:6|98000451:6|98000466:6|98000471:6|98000472:6|98000473:6|98000477:6|98000479:6|98000481:6|98000483:6|98000486:6|98000487:6|98000489:6|98000492:6|98000493:6|98000526:6|98000528:6|98000529:6|98000532:6|98000535:6|98000536:6|98000537:6|98000543:6|98000546:6|98000549:6|98000561:6|98000563:6|98000564:6|98000571:6|98000572:6|98000573:6|98000582:6|98000583:6|98000584:6|98000587:6|98000592:6|98000593:6|98000594:6|98000595:6|98000597:6|98000609:6|98000617:6|98000621:6|98000628:6|98000632:6|98000634:6|98000635:6|98000637:6|98000638:6|98000641:6|98000642:6|98000643:6|98000645:6|98000649:6|98000657:6|98000659:6|98000661:6|98000672:6|98000674:6|98000675:6|98000682:6|98000715:6|98000716:6|98000720:6|98000732:6|98000735:6|98000736:6|98000739:6|98000745:6|98000746:6|98000747:6|98000748:6|98000749:6|98000753:6|98000756:6|98000758:6|98000759:6|98000761:6|98000762:6|98000763:6|98000764:6|98000765:6|98000768:6|98000783:6|98000784:6|98000786:6|98000791:6|98000792:6|98000794:6|98000797:6|98000832:6|98000834:6|98000837:6|98000841:6|98000842:6|98000851:6|98000853:6|98000854:6|98000856:6|98000857:6|98000859:6|98000861:6|98000862:6|98000863:6|98000865:6|98000871:6|98000872:6|98000874:6|98000896:6|98000931:6|98000934:6|98000935:6|98000937:6|98000941:6|98000942:6|98000943:6|98000946:6|98000947:6|98000951:6|98000952:6|98000953:6|98000954:6|98000956:6
2022-02-10 23:39:42,987:INFO:ДУГААРЫН ҮНЭ
2022-02-10 23:39:42,996:INFO:10000
2022-02-10 23:40:04,047:INFO:ДУГААРЫН ЗАХИАЛГА
2022-02-10 23:40:04,048:INFO:192.168.6.51
2022-02-10 23:40:04,048:INFO:FilternumberBlockUnblock
2022-02-10 23:40:04,048:INFO:98000159
2022-02-10 23:40:04,050:INFO:0003Block:98000159|йй12345678|192.168.200.251|192.168.200.251|306|Dugaar shuult
2022-02-10 23:40:04,055:INFO:Success
2022-02-10 23:40:04,055:INFO:Хадгалсан дугаар: 98000159
2022-02-10 23:42:04,206:INFO:------------------------------------------------------------------------------------------------
2022-02-10 23:43:49,378:INFO:------------------------------------------------------------------------------------------------
2022-02-10 23:45:06,755:INFO:ДУГААРАА СОНГОЖ БУЙ ХЭСЭГ
2022-02-10 23:45:06,756:INFO:7
2022-02-10 23:45:08,009:INFO:FilternumberBlockUnblock
2022-02-10 23:45:08,009:INFO:98******
2022-02-10 23:45:08,010:INFO:0003ACC_QUERY:0|3|132|98******|6
2022-02-10 23:45:09,558:INFO:98000226:6|98000245:6|98000266:6|98000329:6|98000378:6|98000387:6|98000407:6|98000437:6|98000445:6|98000451:6|98000466:6|98000471:6|98000472:6|98000473:6|98000477:6|98000479:6|98000481:6|98000483:6|98000486:6|98000487:6|98000489:6|98000492:6|98000493:6|98000526:6|98000528:6|98000529:6|98000532:6|98000535:6|98000536:6|98000537:6|98000543:6|98000546:6|98000549:6|98000561:6|98000563:6|98000564:6|98000571:6|98000572:6|98000573:6|98000582:6|98000583:6|98000584:6|98000587:6|98000592:6|98000593:6|98000594:6|98000595:6|98000597:6|98000609:6|98000617:6|98000621:6|98000628:6|98000632:6|98000634:6|98000635:6|98000637:6|98000638:6|98000641:6|98000642:6|98000643:6|98000645:6|98000649:6|98000657:6|98000659:6|98000661:6|98000672:6|98000674:6|98000675:6|98000682:6|98000715:6|98000716:6|98000720:6|98000732:6|98000735:6|98000736:6|98000739:6|98000745:6|98000746:6|98000747:6|98000748:6|98000749:6|98000753:6|98000756:6|98000758:6|98000759:6|98000761:6|98000762:6|98000763:6|98000764:6|98000765:6|98000768:6|98000783:6|98000784:6|98000786:6|98000791:6|98000792:6|98000794:6|98000797:6|98000832:6|98000834:6|98000837:6|98000841:6|98000842:6|98000851:6|98000853:6|98000854:6|98000856:6|98000857:6|98000859:6|98000861:6|98000862:6|98000863:6|98000865:6|98000871:6|98000872:6|98000874:6|98000896:6|98000931:6|98000934:6|98000935:6|98000937:6|98000941:6|98000942:6|98000943:6|98000946:6|98000947:6|98000951:6|98000952:6|98000953:6|98000954:6|98000956:6|98000957:6
2022-02-10 23:45:11,716:INFO:ДУГААРЫН ҮНЭ
2022-02-10 23:45:11,721:INFO:10000
2022-02-10 23:45:22,472:INFO:ДУГААРЫН ЗАХИАЛГА
2022-02-10 23:45:22,473:ERROR:Internal Server Error: /zahialga
Traceback (most recent call last):
  File "/home/bam/nFilterNew/nFilterNewenv/lib/python2.7/site-packages/django/core/handlers/exception.py", line 41, in inner
    response = get_response(request)
  File "/home/bam/nFilterNew/nFilterNewenv/lib/python2.7/site-packages/django/core/handlers/base.py", line 187, in _get_response
    response = self.process_exception_by_middleware(e, request)
  File "/home/bam/nFilterNew/nFilterNewenv/lib/python2.7/site-packages/django/core/handlers/base.py", line 185, in _get_response
    response = wrapped_callback(request, *callback_args, **callback_kwargs)
  File "/home/bam/nFilterNew/controller/views.py", line 85, in zahialga
    logging.info(ip)
NameError: global name 'ip' is not defined
2022-02-10 23:46:32,907:INFO:------------------------------------------------------------------------------------------------
2022-02-10 23:46:33,711:INFO:ДУГААРАА СОНГОЖ БУЙ ХЭСЭГ
2022-02-10 23:46:33,711:INFO:7
2022-02-10 23:46:34,526:INFO:FilternumberBlockUnblock
2022-02-10 23:46:34,526:INFO:98******
2022-02-10 23:46:34,527:INFO:0003ACC_QUERY:0|3|132|98******|6
2022-02-10 23:46:36,113:INFO:98000226:6|98000245:6|98000266:6|98000329:6|98000378:6|98000387:6|98000407:6|98000437:6|98000445:6|98000451:6|98000466:6|98000471:6|98000472:6|98000473:6|98000477:6|98000479:6|98000481:6|98000483:6|98000486:6|98000487:6|98000489:6|98000492:6|98000493:6|98000526:6|98000528:6|98000529:6|98000532:6|98000535:6|98000536:6|98000537:6|98000543:6|98000546:6|98000549:6|98000561:6|98000563:6|98000564:6|98000571:6|98000572:6|98000573:6|98000582:6|98000583:6|98000584:6|98000587:6|98000592:6|98000593:6|98000594:6|98000595:6|98000597:6|98000609:6|98000617:6|98000621:6|98000628:6|98000632:6|98000634:6|98000635:6|98000637:6|98000638:6|98000641:6|98000642:6|98000643:6|98000645:6|98000649:6|98000657:6|98000659:6|98000661:6|98000672:6|98000674:6|98000675:6|98000682:6|98000715:6|98000716:6|98000720:6|98000732:6|98000735:6|98000736:6|98000739:6|98000745:6|98000746:6|98000747:6|98000748:6|98000749:6|98000753:6|98000756:6|98000758:6|98000759:6|98000761:6|98000762:6|98000763:6|98000764:6|98000765:6|98000768:6|98000783:6|98000784:6|98000786:6|98000791:6|98000792:6|98000794:6|98000797:6|98000832:6|98000834:6|98000837:6|98000841:6|98000842:6|98000851:6|98000853:6|98000854:6|98000856:6|98000857:6|98000859:6|98000861:6|98000862:6|98000863:6|98000865:6|98000871:6|98000872:6|98000874:6|98000896:6|98000931:6|98000934:6|98000935:6|98000937:6|98000941:6|98000942:6|98000943:6|98000946:6|98000947:6|98000951:6|98000952:6|98000953:6|98000954:6|98000956:6|98000957:6
2022-02-10 23:46:37,424:INFO:ДУГААРЫН ҮНЭ
2022-02-10 23:46:37,430:INFO:10000
2022-02-10 23:46:46,201:INFO:ДУГААРЫН ЗАХИАЛГА
2022-02-10 23:46:46,202:INFO:user_ip: 192.168.6.51
2022-02-10 23:46:46,202:INFO:FilternumberBlockUnblock
2022-02-10 23:46:46,202:INFO:98000226
2022-02-10 23:46:46,203:INFO:0003Block:98000226|йй12345678|192.168.200.251|192.168.6.51|306|Dugaar shuult
2022-02-10 23:46:46,209:INFO:Success
2022-02-10 23:46:46,210:INFO:Хадгалсан дугаар: 98000226
2022-02-10 23:48:46,333:INFO:------------------------------------------------------------------------------------------------
