2019-11-14 12:25:54,094:ERROR:Invalid HTTP_HOST header: '127.0.0.1:8000'. You may need to add u'127.0.0.1' to ALLOWED_HOSTS.
2019-11-14 12:27:27,341:INFO:----------------------------------------------------------------------------------------------------
2019-11-14 12:27:29,996:INFO:ДУГААРАА СОНГОЖ БУЙ ХЭСЭГ
2019-11-14 12:27:29,996:INFO:2
2019-11-14 12:27:37,575:INFO:98000124:6|98000132:6|98000134:6|98000135:6|98000143:6|98000146:6|98000149:6|98000152:6|98000153:6|98000154:6|98000163:6|98000164:6|98000165:6|98000167:6|98000169:6|98000172:6|98000173:6|98000174:6|98000175:6|98000176:6|98000182:6|98000184:6|98000187:6|98000193:6|98000194:6|98000231:6|98000235:6|98000236:6|98000237:6|98000238:6|98000239:6|98000241:6|98000243:6|98000245:6|98000248:6|98000251:6|98000252:6|98000253:6|98000254:6|98000257:6|98000259:6|98000261:6|98000262:6|98000263:6|98000264:6|98000266:6|98000267:6|98000268:6|98000269:6|98000271:6|98000272:6|98000273:6|98000274:6|98000275:6|98000276:6|98000278:6|98000279:6|98000281:6|98000282:6|98000283:6|98000284:6|98000286:6|98000287:6|98000291:6|98000292:6|98000293:6|98000295:6|98000296:6|98000297:6|98000319:6|98000324:6|98000328:6|98000329:6|98000334:6|98000336:6|98000337:6|98000340:6|98000341:6|98000342:6|98000345:6|98000346:6|98000347:6|98000348:6|98000349:6|98000350:6|98000352:6|98000354:6|98000356:6|98000357:6|98000358:6|98000359:6|98000365:6|98000367:6|98000368:6|98000370:6|98000371:6|98000372:6|98000373:6|98000374:6|98000375:6|98000376:6|98000377:6|98000378:6|98000379:6|98000380:6|98000382:6|98000383:6|98000384:6|98000385:6|98000386:6|98000392:6|98000393:6|98000394:6|98000395:6|98000396:6|98000397:6|98000412:6|98000417:6|98000418:6|98000419:6|98000420:6|98000422:6|98000423:6|98000425:6|98000426:6|98000427:6|98000429:6|98000430:6|98000431:6|98000432:6|98000433:6|98000434:6
2019-11-14 12:37:30,197:WARNING:Not Found: /
2019-11-14 12:39:30,913:INFO:----------------------------------------------------------------------------------------------------
2019-11-14 12:39:32,163:INFO:ДУГААРАА СОНГОЖ БУЙ ХЭСЭГ
2019-11-14 12:39:32,163:INFO:2
2019-11-14 12:39:39,164:INFO:98000124:6|98000132:6|98000134:6|98000135:6|98000143:6|98000146:6|98000149:6|98000152:6|98000153:6|98000154:6|98000163:6|98000164:6|98000165:6|98000167:6|98000169:6|98000172:6|98000173:6|98000174:6|98000175:6|98000176:6|98000182:6|98000184:6|98000187:6|98000193:6|98000194:6|98000231:6|98000235:6|98000236:6|98000237:6|98000238:6|98000239:6|98000241:6|98000243:6|98000245:6|98000248:6|98000251:6|98000252:6|98000253:6|98000254:6|98000257:6|98000259:6|98000261:6|98000262:6|98000263:6|98000264:6|98000266:6|98000267:6|98000268:6|98000269:6|98000271:6|98000272:6|98000273:6|98000274:6|98000275:6|98000276:6|98000278:6|98000279:6|98000281:6|98000282:6|98000283:6|98000284:6|98000286:6|98000287:6|98000291:6|98000292:6|98000293:6|98000295:6|98000296:6|98000297:6|98000319:6|98000324:6|98000328:6|98000329:6|98000334:6|98000336:6|98000337:6|98000340:6|98000341:6|98000342:6|98000345:6|98000346:6|98000347:6|98000348:6|98000349:6|98000350:6|98000352:6|98000354:6|98000356:6|98000357:6|98000358:6|98000359:6|98000365:6|98000367:6|98000368:6|98000370:6|98000371:6|98000372:6|98000373:6|98000374:6|98000375:6|98000376:6|98000377:6|98000378:6|98000379:6|98000380:6|98000382:6|98000383:6|98000384:6|98000385:6|98000386:6|98000392:6|98000393:6|98000394:6|98000395:6|98000396:6|98000397:6|98000412:6|98000417:6|98000418:6|98000419:6|98000420:6|98000422:6|98000423:6|98000425:6|98000426:6|98000427:6|98000429:6|98000430:6|98000431:6|98000432:6|98000433:6|98000434:6
2019-11-14 12:49:32,243:INFO:----------------------------------------------------------------------------------------------------
2019-11-14 12:59:32,670:INFO:----------------------------------------------------------------------------------------------------
2019-11-14 13:09:33,109:INFO:----------------------------------------------------------------------------------------------------
2019-11-14 13:19:33,595:INFO:----------------------------------------------------------------------------------------------------
2019-11-14 13:29:33,987:INFO:----------------------------------------------------------------------------------------------------
2019-11-14 13:39:38,298:INFO:----------------------------------------------------------------------------------------------------
2019-11-14 13:49:40,749:INFO:----------------------------------------------------------------------------------------------------
2019-11-14 13:59:41,677:INFO:----------------------------------------------------------------------------------------------------
2019-11-14 14:09:43,002:INFO:----------------------------------------------------------------------------------------------------
2019-11-14 14:19:43,414:INFO:----------------------------------------------------------------------------------------------------
2019-11-14 14:29:43,852:INFO:----------------------------------------------------------------------------------------------------
2019-11-14 14:39:44,677:INFO:----------------------------------------------------------------------------------------------------
2019-11-14 14:49:45,479:INFO:----------------------------------------------------------------------------------------------------
2019-11-14 14:59:45,920:INFO:----------------------------------------------------------------------------------------------------
