2019-09-07 18:02:35,073:INFO:----------------------------------------------------------------------------------------------------
2019-09-07 18:02:36,776:INFO:ДУГААРАА СОНГОЖ БУЙ ХЭСЭГ
2019-09-07 18:02:36,776:INFO:2
2019-09-07 18:02:36,907:WARNING:Not Found: /favicon.ico
2019-09-07 18:08:10,296:INFO:ДУГААРАА СОНГОЖ БУЙ ХЭСЭГ
2019-09-07 18:08:10,296:INFO:2
2019-09-07 18:08:12,437:INFO:98100013:6|98100019:6|98100024:6|98100025:6|98100026:6|98100027:6|98100031:6|98100032:6|98100034:6|98100036:6|98100037:6|98100042:6|98100043:6|98100045:6|98100046:6|98100047:6|98100051:6|98100052:6|98100053:6|98100054:6|98100056:6|98100057:6|98100058:6|98100059:6|98100061:6|98100062:6|98100063:6|98100064:6|98100067:6|98100071:6|98100072:6|98100073:6|98100075:6|98100079:6|98100082:6|98100083:6|98100084:6|98100092:6|98100094:6|98100095:6|98100096:6|98100097:6|98100105:6|98100108:6|98100113:6|98100116:6|98100120:6|98100124:6|98100126:6|98100127:6|98100131:6|98100132:6|98100134:6|98100135:6|98100136:6|98100137:6|98100138:6|98100139:6|98100140:6|98100141:6|98100142:6|98100145:6|98100146:6|98100147:6|98100150:6|98100151:6|98100152:6|98100153:6|98100154:6|98100156:6|98100157:6|98100158:6|98100159:6|98100160:6|98100161:6|98100162:6|98100164:6|98100165:6|98100167:6|98100168:6|98100169:6|98100170:6|98100171:6|98100172:6|98100173:6|98100174:6|98100175:6|98100176:6|98100178:6|98100179:6|98100182:6|98100183:6|98100184:6|98100185:6|98100186:6|98100187:6|98100190:6|98100192:6|98100193:6|98100194:6
2019-09-07 18:08:32,137:INFO:83126001:6|83126002:6|83126003:6|83126004:6|83126005:6|83126006:9|83126009:6|83126010:6|83126011:6|83126013:6|83126014:6|83126015:6|83126017:6|83126019:6|83126022:6|83126023:6|83126024:6|83126025:6|83126026:6|83126027:6|83126028:6|83126029:6|83126031:6|83126032:6|83126033:6|83126034:6|83126035:6|83126036:6|83126037:6|83126038:6|83126039:6|83126041:6|83126042:6|83126043:6|83126044:6|83126045:6|83126046:6|83126047:6|83126048:6|83126049:6|83126050:6|83126051:6|83126052:6|83126053:6|83126054:6|83126055:6|83126056:6|83126057:6|83126058:6|83126059:6|83126060:9|83126063:6|83126064:6|83126065:6|83126066:6|83126069:6|83126071:6|83126072:6|83126073:6|83126074:6|83126075:6|83126077:6|83126078:6|83126079:6|83126080:6|83126081:6|83126082:6|83126083:6|83126084:6|83126085:6|83126086:6|83126087:6|83126089:6|83126090:6|83126091:6|83126093:6|83126094:6|83126095:6|83126096:6|83126097:6|83126098:6|83126100:6|83126101:6|83126102:6|83126103:6|83126104:6|83126105:6|83126106:6|83126107:6|83126108:6|83126109:6|83126110:6|83126112:6|83126113:6|83126114:6|83126115:6|83126116:9|83126120:6|83126121:6|83126122:6
2019-09-07 18:11:15,480:INFO:ДУГААРАА СОНГОЖ БУЙ ХЭСЭГ
2019-09-07 18:11:15,480:INFO:2
2019-09-07 18:11:17,280:INFO:83146002:6|83146003:6|83146004:6|83146005:6|83146006:9|83146007:6|83146009:6|83146010:6|83146011:6|83146012:6|83146013:6|83146014:6|83146015:6|83146016:6|83146017:6|83146018:6|83146019:6|83146020:6|83146021:6|83146022:6|83146023:6|83146024:6|83146025:6|83146026:6|83146027:6|83146028:6|83146029:6|83146030:6|83146031:6|83146032:6|83146033:6|83146034:6|83146035:6|83146036:6|83146037:6|83146038:6|83146039:6|83146040:6|83146041:6|83146042:6|83146043:6|83146045:6|83146046:6|83146047:6|83146048:6|83146049:6|83146050:6|83146051:6|83146052:6|83146053:6|83146054:6|83146055:6|83146056:6|83146057:6|83146058:6|83146059:6|83146060:9|83146062:6|83146063:6|83146064:6|83146065:6|83146067:6|83146068:6|83146069:6|83146071:6|83146072:6|83146073:6|83146074:6|83146075:6|83146076:6|83146077:6|83146078:6|83146079:6|83146080:6|83146081:6|83146082:6|83146083:6|83146084:6|83146085:6|83146086:6|83146087:6|83146088:6|83146089:6|83146090:6|83146091:6|83146092:6|83146093:6|83146094:6|83146095:6|83146096:6|83146097:6|83146098:6|83146100:6|83146101:6|83146102:6|83146103:6|83146104:6|83146105:6|83146106:6|83146107:6
2019-09-07 18:12:38,934:INFO:ДУГААРАА СОНГОЖ БУЙ ХЭСЭГ
2019-09-07 18:12:38,934:INFO:2
2019-09-07 18:12:40,515:INFO:83146002:6|83146003:6|83146004:6|83146005:6|83146006:9|83146007:6|83146009:6|83146010:6|83146011:6|83146012:6|83146013:6|83146014:6|83146015:6|83146016:6|83146017:6|83146018:6|83146019:6|83146020:6|83146021:6|83146022:6|83146023:6|83146024:6|83146025:6|83146026:6|83146027:6|83146028:6|83146029:6|83146030:6
2019-09-07 18:14:47,121:INFO:ДУГААРАА СОНГОЖ БУЙ ХЭСЭГ
2019-09-07 18:14:47,121:INFO:2
2019-09-07 18:14:48,483:INFO:83146002:6|83146003:6|83146004:6|83146005:6|83146006:9|83146007:6|83146009:6|83146010:6|83146011:6|83146012:6|83146013:6|83146014:6|83146015:6|83146016:6|83146017:6|83146018:6|83146019:6|83146020:6|83146021:6|83146022:6|83146023:6|83146024:6|83146025:6|83146026:6|83146027:6|83146028:6|83146029:6|83146030:6
2019-09-07 18:16:53,384:INFO:ДУГААРАА СОНГОЖ БУЙ ХЭСЭГ
2019-09-07 18:16:53,384:INFO:2
2019-09-07 18:16:55,026:INFO:83146002:6|83146003:6|83146004:6|83146005:6|83146006:9|83146007:6|83146009:6|83146010:6|83146011:6|83146012:6|83146013:6|83146014:6|83146015:6|83146016:6|83146017:6|83146018:6|83146019:6|83146020:6|83146021:6|83146022:6|83146023:6|83146024:6|83146025:6|83146026:6|83146027:6|83146028:6|83146029:6|83146030:6
2019-09-07 18:17:40,092:INFO:ДУГААРАА СОНГОЖ БУЙ ХЭСЭГ
2019-09-07 18:17:40,092:INFO:2
2019-09-07 18:17:41,390:INFO:83146002:6|83146003:6|83146004:6|83146005:6|83146006:9|83146007:6|83146009:6|83146010:6|83146011:6|83146012:6|83146013:6|83146014:6|83146015:6|83146016:6|83146017:6|83146018:6|83146019:6|83146020:6|83146021:6|83146022:6|83146023:6|83146024:6|83146025:6|83146026:6|83146027:6|83146028:6|83146029:6|83146030:6|83146031:6
2019-09-07 18:18:54,230:INFO:83146600:7|83146601:6|83146602:6|83146603:6|83146604:6|83146605:6|83146606:6|83146607:6|83146608:6|83146609:6|83146610:6|83146611:7|83146612:6|83146613:6|83146614:6|83146615:6|83146616:6|83146617:6|83146618:6|83146619:6|83146620:6|83146621:6|83146622:7|83146623:6|83146624:6|83146625:6|83146626:6|83146627:6|83146628:6
2019-09-07 18:18:58,302:INFO:83146002:6|83146003:6|83146004:6|83146005:6|83146006:9|83146007:6|83146009:6|83146010:6|83146011:6|83146012:6|83146013:6|83146014:6|83146015:6|83146016:6|83146017:6|83146018:6|83146019:6|83146020:6|83146021:6|83146022:6|83146023:6|83146024:6|83146025:6|83146026:6|83146027:6|83146028:6|83146029:6|83146030:6|83146031:6
2019-09-07 18:19:04,125:INFO:83140100:6|83140105:6|83140110:9|83140115:6|83140118:6|83140122:6|83140128:6|83140132:6|83140133:6|83140134:6|83140135:6|83140136:6|83140139:6|83140141:6|83140142:6|83140143:6|83140145:6|83140146:6|83140147:6|83140148:6|83140149:6|83140150:6|83140152:6|83140153:6|83140154:6|83140156:6|83140157:6|83140160:6|83140161:6
2019-09-07 18:19:26,443:INFO:-1
2019-09-07 18:19:33,437:INFO:-1
2019-09-07 18:19:38,645:INFO:83140100:6|83140105:6|83140110:9|83140115:6|83140118:6|83140122:6|83140128:6|83140132:6|83140133:6|83140134:6|83140135:6|83140136:6|83140139:6|83140141:6|83140142:6|83140143:6|83140145:6|83140146:6|83140147:6|83140148:6|83140149:6|83140150:6|83140152:6|83140153:6|83140154:6|83140156:6|83140157:6|83140160:6|83140161:6
2019-09-07 18:19:49,385:INFO:83140110:9|83140115:6|83140118:6|83142110:6|83142112:9|83142113:6|83142114:6|83142115:6|83142116:6|83142117:6|83142118:6|83142119:6|83143110:6|83143112:6|83143113:9|83143115:6|83143116:6|83143117:6|83143118:6|83143119:6|83144110:6|83144111:6|83144113:6|83144114:9|83144115:6|83144116:6|83144117:6|83144118:6|83144119:6
2019-09-07 18:27:40,525:INFO:----------------------------------------------------------------------------------------------------
2019-09-07 18:37:41,450:INFO:----------------------------------------------------------------------------------------------------
2019-09-07 18:47:42,321:INFO:----------------------------------------------------------------------------------------------------
2019-09-07 18:57:43,211:INFO:----------------------------------------------------------------------------------------------------
2019-09-07 19:07:43,983:INFO:----------------------------------------------------------------------------------------------------
2019-09-07 19:17:44,845:INFO:----------------------------------------------------------------------------------------------------
2019-09-07 19:27:45,683:INFO:----------------------------------------------------------------------------------------------------
2019-09-07 19:37:46,476:INFO:----------------------------------------------------------------------------------------------------
2019-09-07 19:47:47,253:INFO:----------------------------------------------------------------------------------------------------
2019-09-07 19:57:48,062:INFO:----------------------------------------------------------------------------------------------------
2019-09-07 20:07:48,846:INFO:----------------------------------------------------------------------------------------------------
2019-09-07 20:17:49,608:INFO:----------------------------------------------------------------------------------------------------
2019-09-07 20:27:50,401:INFO:----------------------------------------------------------------------------------------------------
2019-09-07 20:37:51,193:INFO:----------------------------------------------------------------------------------------------------
2019-09-07 20:47:51,982:INFO:----------------------------------------------------------------------------------------------------
2019-09-07 20:57:52,773:INFO:----------------------------------------------------------------------------------------------------
2019-09-07 21:07:53,551:INFO:----------------------------------------------------------------------------------------------------
2019-09-07 21:17:54,440:INFO:----------------------------------------------------------------------------------------------------
2019-09-07 21:27:55,311:INFO:----------------------------------------------------------------------------------------------------
2019-09-07 21:37:56,201:INFO:----------------------------------------------------------------------------------------------------
2019-09-07 21:47:56,967:INFO:----------------------------------------------------------------------------------------------------
2019-09-07 21:57:57,743:INFO:----------------------------------------------------------------------------------------------------
2019-09-07 22:07:58,553:INFO:----------------------------------------------------------------------------------------------------
2019-09-07 22:17:59,311:INFO:----------------------------------------------------------------------------------------------------
2019-09-07 22:28:00,084:INFO:----------------------------------------------------------------------------------------------------
2019-09-07 22:38:00,861:INFO:----------------------------------------------------------------------------------------------------
2019-09-07 22:48:01,632:INFO:----------------------------------------------------------------------------------------------------
2019-09-07 22:58:02,397:INFO:----------------------------------------------------------------------------------------------------
2019-09-07 23:08:03,177:INFO:----------------------------------------------------------------------------------------------------
2019-09-07 23:18:04,107:INFO:----------------------------------------------------------------------------------------------------
2019-09-07 23:28:04,990:INFO:----------------------------------------------------------------------------------------------------
2019-09-07 23:38:05,756:INFO:----------------------------------------------------------------------------------------------------
2019-09-07 23:49:22,190:INFO:----------------------------------------------------------------------------------------------------
2019-09-07 23:59:23,010:INFO:----------------------------------------------------------------------------------------------------
2019-09-08 00:09:23,865:INFO:----------------------------------------------------------------------------------------------------
2019-09-08 00:19:24,740:INFO:----------------------------------------------------------------------------------------------------
2019-09-08 00:29:25,512:INFO:----------------------------------------------------------------------------------------------------
2019-09-08 00:39:26,382:INFO:----------------------------------------------------------------------------------------------------
2019-09-08 00:49:27,125:INFO:----------------------------------------------------------------------------------------------------
2019-09-08 00:59:27,888:INFO:----------------------------------------------------------------------------------------------------
2019-09-08 01:09:28,785:INFO:----------------------------------------------------------------------------------------------------
2019-09-08 01:19:29,640:INFO:----------------------------------------------------------------------------------------------------
2019-09-08 01:29:30,515:INFO:----------------------------------------------------------------------------------------------------
2019-09-08 01:39:31,269:INFO:----------------------------------------------------------------------------------------------------
2019-09-08 01:49:32,046:INFO:----------------------------------------------------------------------------------------------------
2019-09-08 01:59:32,819:INFO:----------------------------------------------------------------------------------------------------
2019-09-08 02:09:33,703:INFO:----------------------------------------------------------------------------------------------------
2019-09-08 02:19:34,569:INFO:----------------------------------------------------------------------------------------------------
2019-09-08 02:29:35,332:INFO:----------------------------------------------------------------------------------------------------
2019-09-08 02:39:36,230:INFO:----------------------------------------------------------------------------------------------------
2019-09-08 02:49:37,089:INFO:----------------------------------------------------------------------------------------------------
2019-09-08 02:59:37,954:INFO:----------------------------------------------------------------------------------------------------
2019-09-08 03:09:38,723:INFO:----------------------------------------------------------------------------------------------------
2019-09-08 03:19:39,585:INFO:----------------------------------------------------------------------------------------------------
2019-09-08 03:29:40,446:INFO:----------------------------------------------------------------------------------------------------
2019-09-08 03:39:41,253:INFO:----------------------------------------------------------------------------------------------------
2019-09-08 03:49:42,154:INFO:----------------------------------------------------------------------------------------------------
2019-09-08 03:59:43,052:INFO:----------------------------------------------------------------------------------------------------
2019-09-08 04:09:43,941:INFO:----------------------------------------------------------------------------------------------------
2019-09-08 04:19:44,710:INFO:----------------------------------------------------------------------------------------------------
2019-09-08 04:29:45,496:INFO:----------------------------------------------------------------------------------------------------
2019-09-08 04:39:46,269:INFO:----------------------------------------------------------------------------------------------------
2019-09-08 04:49:47,046:INFO:----------------------------------------------------------------------------------------------------
2019-09-08 04:59:47,828:INFO:----------------------------------------------------------------------------------------------------
2019-09-08 05:09:48,698:INFO:----------------------------------------------------------------------------------------------------
2019-09-08 05:19:49,625:INFO:----------------------------------------------------------------------------------------------------
2019-09-08 05:29:50,471:INFO:----------------------------------------------------------------------------------------------------
2019-09-08 05:39:51,249:INFO:----------------------------------------------------------------------------------------------------
2019-09-08 05:49:52,009:INFO:----------------------------------------------------------------------------------------------------
2019-09-08 05:59:52,845:INFO:----------------------------------------------------------------------------------------------------
2019-09-08 06:09:53,723:INFO:----------------------------------------------------------------------------------------------------
2019-09-08 06:19:54,647:INFO:----------------------------------------------------------------------------------------------------
2019-09-08 06:29:55,513:INFO:----------------------------------------------------------------------------------------------------
2019-09-08 06:39:56,276:INFO:----------------------------------------------------------------------------------------------------
2019-09-08 06:49:57,038:INFO:----------------------------------------------------------------------------------------------------
2019-09-08 06:59:57,812:INFO:----------------------------------------------------------------------------------------------------
2019-09-08 07:09:58,690:INFO:----------------------------------------------------------------------------------------------------
2019-09-08 07:19:59,553:INFO:----------------------------------------------------------------------------------------------------
2019-09-08 07:30:00,427:INFO:----------------------------------------------------------------------------------------------------
2019-09-08 07:40:01,200:INFO:----------------------------------------------------------------------------------------------------
2019-09-08 07:50:01,973:INFO:----------------------------------------------------------------------------------------------------
2019-09-08 08:00:02,730:INFO:----------------------------------------------------------------------------------------------------
2019-09-08 08:10:03,602:INFO:----------------------------------------------------------------------------------------------------
2019-09-08 08:20:04,506:INFO:----------------------------------------------------------------------------------------------------
2019-09-08 08:30:05,365:INFO:----------------------------------------------------------------------------------------------------
2019-09-08 08:40:06,125:INFO:----------------------------------------------------------------------------------------------------
2019-09-08 08:50:06,928:INFO:----------------------------------------------------------------------------------------------------
2019-09-08 09:00:07,687:INFO:----------------------------------------------------------------------------------------------------
2019-09-08 09:10:08,548:INFO:----------------------------------------------------------------------------------------------------
2019-09-08 09:20:09,428:INFO:----------------------------------------------------------------------------------------------------
2019-09-08 09:30:10,325:INFO:----------------------------------------------------------------------------------------------------
2019-09-08 09:40:11,107:INFO:----------------------------------------------------------------------------------------------------
2019-09-08 09:50:11,868:INFO:----------------------------------------------------------------------------------------------------
2019-09-08 10:00:12,617:INFO:----------------------------------------------------------------------------------------------------
2019-09-08 10:10:13,480:INFO:----------------------------------------------------------------------------------------------------
2019-09-08 10:20:14,365:INFO:----------------------------------------------------------------------------------------------------
2019-09-08 10:30:15,232:INFO:----------------------------------------------------------------------------------------------------
2019-09-08 10:40:16,049:INFO:----------------------------------------------------------------------------------------------------
2019-09-08 10:50:16,823:INFO:----------------------------------------------------------------------------------------------------
2019-09-08 11:00:17,575:INFO:----------------------------------------------------------------------------------------------------
2019-09-08 11:10:18,437:INFO:----------------------------------------------------------------------------------------------------
2019-09-08 11:20:19,292:INFO:----------------------------------------------------------------------------------------------------
2019-09-08 11:30:20,187:INFO:----------------------------------------------------------------------------------------------------
2019-09-08 11:40:21,075:INFO:----------------------------------------------------------------------------------------------------
2019-09-08 11:50:26,069:INFO:----------------------------------------------------------------------------------------------------
2019-09-08 12:00:26,832:INFO:----------------------------------------------------------------------------------------------------
2019-09-08 12:10:27,588:INFO:----------------------------------------------------------------------------------------------------
2019-09-08 12:20:28,467:INFO:----------------------------------------------------------------------------------------------------
2019-09-08 12:30:29,381:INFO:----------------------------------------------------------------------------------------------------
2019-09-08 12:40:30,293:INFO:----------------------------------------------------------------------------------------------------
2019-09-08 12:50:31,108:INFO:----------------------------------------------------------------------------------------------------
2019-09-08 13:00:31,901:INFO:----------------------------------------------------------------------------------------------------
2019-09-08 13:10:32,684:INFO:----------------------------------------------------------------------------------------------------
2019-09-08 13:20:33,555:INFO:----------------------------------------------------------------------------------------------------
2019-09-08 13:30:34,440:INFO:----------------------------------------------------------------------------------------------------
2019-09-08 13:40:35,319:INFO:----------------------------------------------------------------------------------------------------
2019-09-08 13:50:36,244:INFO:----------------------------------------------------------------------------------------------------
2019-09-08 14:00:37,134:INFO:----------------------------------------------------------------------------------------------------
2019-09-08 14:10:38,000:INFO:----------------------------------------------------------------------------------------------------
2019-09-08 14:20:38,767:INFO:----------------------------------------------------------------------------------------------------
2019-09-08 14:30:39,568:INFO:----------------------------------------------------------------------------------------------------
2019-09-08 14:40:41,098:INFO:----------------------------------------------------------------------------------------------------
2019-09-08 14:50:41,921:INFO:----------------------------------------------------------------------------------------------------
2019-09-08 15:00:42,686:INFO:----------------------------------------------------------------------------------------------------
2019-09-08 15:10:43,437:INFO:----------------------------------------------------------------------------------------------------
2019-09-08 15:20:44,186:INFO:----------------------------------------------------------------------------------------------------
2019-09-08 15:30:44,903:INFO:----------------------------------------------------------------------------------------------------
2019-09-08 15:40:45,772:INFO:----------------------------------------------------------------------------------------------------
2019-09-08 15:50:46,535:INFO:----------------------------------------------------------------------------------------------------
2019-09-08 16:00:47,279:INFO:----------------------------------------------------------------------------------------------------
2019-09-08 16:10:48,042:INFO:----------------------------------------------------------------------------------------------------
2019-09-08 16:20:48,805:INFO:----------------------------------------------------------------------------------------------------
2019-09-08 16:30:49,568:INFO:----------------------------------------------------------------------------------------------------
2019-09-08 16:40:50,325:INFO:----------------------------------------------------------------------------------------------------
2019-09-08 16:50:51,098:INFO:----------------------------------------------------------------------------------------------------
2019-09-08 17:00:51,852:INFO:----------------------------------------------------------------------------------------------------
2019-09-08 17:10:52,621:INFO:----------------------------------------------------------------------------------------------------
2019-09-08 17:20:53,381:INFO:----------------------------------------------------------------------------------------------------
2019-09-08 17:30:54,134:INFO:----------------------------------------------------------------------------------------------------
2019-09-08 17:40:54,904:INFO:----------------------------------------------------------------------------------------------------
2019-09-08 17:50:55,686:INFO:----------------------------------------------------------------------------------------------------
2019-09-08 18:00:56,444:INFO:----------------------------------------------------------------------------------------------------
2019-09-08 18:10:57,209:INFO:----------------------------------------------------------------------------------------------------
2019-09-08 18:20:57,970:INFO:----------------------------------------------------------------------------------------------------
2019-09-08 18:30:58,720:INFO:----------------------------------------------------------------------------------------------------
2019-09-08 18:40:59,480:INFO:----------------------------------------------------------------------------------------------------
2019-09-08 18:51:00,246:INFO:----------------------------------------------------------------------------------------------------
2019-09-08 19:01:01,002:INFO:----------------------------------------------------------------------------------------------------
2019-09-08 19:11:01,753:INFO:----------------------------------------------------------------------------------------------------
2019-09-08 19:21:02,515:INFO:----------------------------------------------------------------------------------------------------
2019-09-08 19:31:03,276:INFO:----------------------------------------------------------------------------------------------------
2019-09-08 19:41:04,061:INFO:----------------------------------------------------------------------------------------------------
2019-09-08 19:51:04,826:INFO:----------------------------------------------------------------------------------------------------
2019-09-08 20:01:05,582:INFO:----------------------------------------------------------------------------------------------------
2019-09-08 20:11:06,348:INFO:----------------------------------------------------------------------------------------------------
2019-09-08 20:21:07,115:INFO:----------------------------------------------------------------------------------------------------
2019-09-08 20:31:07,888:INFO:----------------------------------------------------------------------------------------------------
2019-09-08 20:41:08,665:INFO:----------------------------------------------------------------------------------------------------
2019-09-08 20:51:09,516:INFO:----------------------------------------------------------------------------------------------------
2019-09-08 21:01:10,283:INFO:----------------------------------------------------------------------------------------------------
2019-09-08 21:11:11,045:INFO:----------------------------------------------------------------------------------------------------
2019-09-08 21:21:11,798:INFO:----------------------------------------------------------------------------------------------------
2019-09-08 21:31:12,568:INFO:----------------------------------------------------------------------------------------------------
2019-09-08 21:41:13,423:INFO:----------------------------------------------------------------------------------------------------
2019-09-08 21:51:14,325:INFO:----------------------------------------------------------------------------------------------------
2019-09-08 22:01:15,134:INFO:----------------------------------------------------------------------------------------------------
2019-09-08 22:11:16,013:INFO:----------------------------------------------------------------------------------------------------
2019-09-08 22:21:16,568:INFO:----------------------------------------------------------------------------------------------------
2019-09-08 22:31:17,035:INFO:----------------------------------------------------------------------------------------------------
2019-09-08 22:41:17,493:INFO:----------------------------------------------------------------------------------------------------
2019-09-08 22:51:17,940:INFO:----------------------------------------------------------------------------------------------------
2019-09-08 23:01:18,479:INFO:----------------------------------------------------------------------------------------------------
2019-09-08 23:11:19,042:INFO:----------------------------------------------------------------------------------------------------
2019-09-08 23:21:19,628:INFO:----------------------------------------------------------------------------------------------------
2019-09-08 23:31:20,194:INFO:----------------------------------------------------------------------------------------------------
2019-09-08 23:41:20,664:INFO:----------------------------------------------------------------------------------------------------
2019-09-08 23:51:21,171:INFO:----------------------------------------------------------------------------------------------------
2019-09-09 00:01:21,609:INFO:----------------------------------------------------------------------------------------------------
2019-09-09 00:11:22,046:INFO:----------------------------------------------------------------------------------------------------
2019-09-09 00:21:22,484:INFO:----------------------------------------------------------------------------------------------------
2019-09-09 00:31:22,903:INFO:----------------------------------------------------------------------------------------------------
2019-09-09 00:41:23,461:INFO:----------------------------------------------------------------------------------------------------
2019-09-09 00:51:24,033:INFO:----------------------------------------------------------------------------------------------------
2019-09-09 01:01:24,585:INFO:----------------------------------------------------------------------------------------------------
2019-09-09 01:11:25,102:INFO:----------------------------------------------------------------------------------------------------
2019-09-09 01:21:25,644:INFO:----------------------------------------------------------------------------------------------------
2019-09-09 01:31:26,088:INFO:----------------------------------------------------------------------------------------------------
2019-09-09 01:41:26,548:INFO:----------------------------------------------------------------------------------------------------
2019-09-09 01:51:26,976:INFO:----------------------------------------------------------------------------------------------------
2019-09-09 02:01:27,410:INFO:----------------------------------------------------------------------------------------------------
2019-09-09 02:11:27,844:INFO:----------------------------------------------------------------------------------------------------
2019-09-09 02:21:28,395:INFO:----------------------------------------------------------------------------------------------------
2019-09-09 02:31:28,936:INFO:----------------------------------------------------------------------------------------------------
2019-09-09 02:41:29,490:INFO:----------------------------------------------------------------------------------------------------
2019-09-09 02:51:30,043:INFO:----------------------------------------------------------------------------------------------------
2019-09-09 03:01:30,585:INFO:----------------------------------------------------------------------------------------------------
2019-09-09 03:11:31,105:INFO:----------------------------------------------------------------------------------------------------
2019-09-09 03:21:31,556:INFO:----------------------------------------------------------------------------------------------------
2019-09-09 03:31:31,983:INFO:----------------------------------------------------------------------------------------------------
2019-09-09 03:41:32,461:INFO:----------------------------------------------------------------------------------------------------
2019-09-09 03:51:32,921:INFO:----------------------------------------------------------------------------------------------------
2019-09-09 04:01:33,463:INFO:----------------------------------------------------------------------------------------------------
2019-09-09 04:11:34,019:INFO:----------------------------------------------------------------------------------------------------
2019-09-09 04:21:34,546:INFO:----------------------------------------------------------------------------------------------------
2019-09-09 04:31:35,088:INFO:----------------------------------------------------------------------------------------------------
2019-09-09 04:41:35,588:INFO:----------------------------------------------------------------------------------------------------
2019-09-09 04:51:36,029:INFO:----------------------------------------------------------------------------------------------------
2019-09-09 05:01:36,467:INFO:----------------------------------------------------------------------------------------------------
2019-09-09 05:11:36,891:INFO:----------------------------------------------------------------------------------------------------
2019-09-09 05:21:37,516:INFO:----------------------------------------------------------------------------------------------------
2019-09-09 05:31:37,950:INFO:----------------------------------------------------------------------------------------------------
2019-09-09 05:41:38,484:INFO:----------------------------------------------------------------------------------------------------
2019-09-09 05:51:39,029:INFO:----------------------------------------------------------------------------------------------------
2019-09-09 06:01:39,559:INFO:----------------------------------------------------------------------------------------------------
2019-09-09 06:11:40,262:INFO:----------------------------------------------------------------------------------------------------
2019-09-09 06:21:40,796:INFO:----------------------------------------------------------------------------------------------------
2019-09-09 06:31:41,234:INFO:----------------------------------------------------------------------------------------------------
2019-09-09 06:41:41,654:INFO:----------------------------------------------------------------------------------------------------
2019-09-09 06:51:42,111:INFO:----------------------------------------------------------------------------------------------------
2019-09-09 07:01:42,591:INFO:----------------------------------------------------------------------------------------------------
2019-09-09 07:11:43,094:INFO:----------------------------------------------------------------------------------------------------
2019-09-09 07:21:43,658:INFO:----------------------------------------------------------------------------------------------------
2019-09-09 07:31:44,229:INFO:----------------------------------------------------------------------------------------------------
2019-09-09 07:41:44,785:INFO:----------------------------------------------------------------------------------------------------
2019-09-09 07:51:45,341:INFO:----------------------------------------------------------------------------------------------------
2019-09-09 08:01:45,799:INFO:----------------------------------------------------------------------------------------------------
2019-09-09 08:11:46,266:INFO:----------------------------------------------------------------------------------------------------
2019-09-09 08:21:46,716:INFO:----------------------------------------------------------------------------------------------------
2019-09-09 08:31:47,145:INFO:----------------------------------------------------------------------------------------------------
2019-09-09 08:41:47,582:INFO:----------------------------------------------------------------------------------------------------
2019-09-09 08:51:48,015:INFO:----------------------------------------------------------------------------------------------------
2019-09-09 08:57:38,405:INFO:ДУГААРАА СОНГОЖ БУЙ ХЭСЭГ
2019-09-09 08:57:38,405:INFO:2
2019-09-09 08:57:44,128:INFO:98600168:6|98600193:6|98600248:6|98600256:6|98600275:6|98600283:6|98600284:6|98600285:6|98600287:6|98600289:6|98600293:6|98600336:6|98600346:6|98600349:6|98600363:6|98600365:6|98600371:6|98600375:6|98600389:6|98600394:6|98600426:6|98600434:6|98600437:6|98600439:6|98600452:6|98600455:6|98600457:6|98600461:6|98600467:6
2019-09-09 08:57:53,007:INFO:98010027:6|98010034:6|98010035:6|98010036:6|98010037:6|98010043:6|98010045:6|98010046:6|98010052:6|98010053:6|98010056:6|98010057:6|98010062:6|98010064:6|98010065:6|98010067:6|98010069:6|98010072:6|98010073:6|98010074:6|98010075:6|98010078:6|98010079:6|98010082:6|98010084:6|98010085:6|98010086:6|98010087:6|98010092:6
2019-09-09 08:58:00,980:INFO:98002004:6|98002007:6|98002009:6|98002012:6|98002013:6|98002014:6|98002015:6|98002016:6|98002018:6|98002019:6|98002023:6|98002024:6|98002026:6|98002027:6|98002028:6|98002031:6|98002032:6|98002034:6|98002035:6|98002036:6|98002037:6|98002038:6|98002041:6|98002042:6|98002043:6|98002044:6|98002045:6|98002046:6|98002047:6
2019-09-09 08:58:02,153:INFO:98002004:6|98002007:6|98002009:6|98002012:6|98002013:6|98002014:6|98002015:6|98002016:6|98002018:6|98002019:6|98002023:6|98002024:6|98002026:6|98002027:6|98002028:6|98002031:6|98002032:6|98002034:6|98002035:6|98002036:6|98002037:6|98002038:6|98002041:6|98002042:6|98002043:6|98002044:6|98002045:6|98002046:6|98002047:6
2019-09-09 08:58:03,434:INFO:98002004:6|98002007:6|98002009:6|98002012:6|98002013:6|98002014:6|98002015:6|98002016:6|98002018:6|98002019:6|98002023:6|98002024:6|98002026:6|98002027:6|98002028:6|98002031:6|98002032:6|98002034:6|98002035:6|98002036:6|98002037:6|98002038:6|98002041:6|98002042:6|98002043:6|98002044:6|98002045:6|98002046:6|98002047:6
2019-09-09 09:07:38,553:INFO:----------------------------------------------------------------------------------------------------
2019-09-09 09:17:39,022:INFO:----------------------------------------------------------------------------------------------------
2019-09-09 09:27:39,611:INFO:----------------------------------------------------------------------------------------------------
2019-09-09 09:37:40,157:INFO:----------------------------------------------------------------------------------------------------
2019-09-09 09:47:40,696:INFO:----------------------------------------------------------------------------------------------------
2019-09-09 09:57:41,559:INFO:----------------------------------------------------------------------------------------------------
2019-09-09 10:03:19,690:INFO:ДУГААРАА СОНГОЖ БУЙ ХЭСЭГ
2019-09-09 10:03:19,700:INFO:2
2019-09-09 10:03:29,586:INFO:98000115:6|98000134:6|98000135:6|98000139:6|98000143:6|98000146:6|98000147:6|98000149:6|98000152:6|98000153:6|98000154:6|98000162:6|98000163:6|98000164:6|98000165:6|98000166:6|98000167:6|98000169:6|98000170:6|98000172:6|98000173:6|98000174:6|98000175:6|98000176:6|98000178:6|98000182:6|98000184:6|98000186:6|98000187:6
2019-09-09 10:03:46,622:INFO:98110473:6|98110651:6|98110726:6|98111672:6|98111703:6|98111739:6|98111743:6|98111943:6|98112074:6|98112153:6|98112178:6|98112351:6|98112352:6|98112361:6|98112364:6|98112368:6|98112372:6|98112374:6|98112382:6|98112386:6|98112387:6|98112394:6|98112403:6|98112431:6|98112451:6|98112453:6|98112463:6|98112482:6|98112483:6
2019-09-09 10:13:19,809:INFO:----------------------------------------------------------------------------------------------------
2019-09-09 10:23:20,647:INFO:----------------------------------------------------------------------------------------------------
2019-09-09 10:33:21,447:INFO:----------------------------------------------------------------------------------------------------
2019-09-09 10:43:22,204:INFO:----------------------------------------------------------------------------------------------------
2019-09-09 10:53:23,105:INFO:----------------------------------------------------------------------------------------------------
2019-09-09 11:03:23,980:INFO:----------------------------------------------------------------------------------------------------
2019-09-09 11:07:54,813:INFO:ДУГААРАА СОНГОЖ БУЙ ХЭСЭГ
2019-09-09 11:07:54,813:INFO:2
2019-09-09 11:08:00,125:INFO:98000115:6|98000134:6|98000135:6|98000139:6|98000143:6|98000146:6|98000147:6|98000149:6|98000152:6|98000153:6|98000154:6|98000162:6|98000163:6|98000164:6|98000165:6|98000166:6|98000167:6|98000169:6|98000170:6|98000172:6|98000173:6|98000174:6|98000175:6|98000176:6|98000178:6|98000182:6|98000184:6|98000186:6|98000187:6
2019-09-09 11:08:12,367:INFO:98140019:6|98140036:6|98140075:6|98140076:6|98140087:6|98140097:6|98140143:6|98140154:6|98140157:6|98140165:6|98140172:6|98140176:6|98140185:6|98140196:6|98140197:6|98140210:6|98140211:6|98140230:6|98140231:6|98140235:6|98140237:6|98140240:6|98140245:6|98140249:6|98140253:6|98140258:6|98140259:6|98140264:6|98140265:6
2019-09-09 11:08:18,602:INFO:98147002:6|98147006:6|98147012:6|98147015:6|98147016:6|98147020:6|98147021:6|98147023:6|98147024:6|98147025:6|98147026:6|98147027:6|98147028:6|98147030:6|98147031:6|98147033:6|98147034:6|98147035:6|98147036:6|98147037:6|98147038:6|98147040:6|98147042:6|98147043:6|98147049:6|98147050:6|98147051:6|98147052:6|98147053:6
2019-09-09 11:17:54,917:INFO:----------------------------------------------------------------------------------------------------
2019-09-09 11:24:39,628:INFO:ДУГААРАА СОНГОЖ БУЙ ХЭСЭГ
2019-09-09 11:24:39,628:INFO:2
2019-09-09 11:24:47,226:INFO:98000703:6|98000704:6|98000712:6|98000714:6|98000716:6|98000718:6|98000719:6|98000720:6|98000723:6|98000724:6|98000725:6|98000726:6|98000727:6|98000728:6|98000730:6|98000731:6|98000732:6|98000733:6|98000734:6|98000735:6|98000736:6|98000738:6|98000739:6|98000740:6|98000741:6|98000742:6|98000743:6|98000744:6|98000745:6
2019-09-09 11:24:52,813:INFO:98121712:6|98121731:6|98121753:6|98122714:6|98122718:6|98122731:6|98122735:6|98122740:6|98122742:6|98122749:6|98122756:6|98122765:6|98122768:6|98122782:6|98122784:6|98122789:6|98123703:6|98123705:6|98123706:6|98123707:6|98123710:6|98123716:6|98123718:6|98123719:6|98123721:6|98123724:6|98123725:6|98123728:6|98123729:6
