2020-05-30 06:37:06,074:INFO:------------------------------------------------------------------------------------------------
2020-05-30 06:45:31,439:INFO:------------------------------------------------------------------------------------------------
2020-05-30 07:02:16,259:INFO:------------------------------------------------------------------------------------------------
2020-05-30 07:37:06,163:INFO:------------------------------------------------------------------------------------------------
2020-05-30 07:45:37,134:INFO:------------------------------------------------------------------------------------------------
2020-05-30 08:01:03,430:INFO:------------------------------------------------------------------------------------------------
2020-05-30 08:02:17,286:INFO:------------------------------------------------------------------------------------------------
2020-05-30 08:37:06,256:INFO:------------------------------------------------------------------------------------------------
2020-05-30 08:45:42,389:INFO:------------------------------------------------------------------------------------------------
2020-05-30 09:02:18,281:INFO:------------------------------------------------------------------------------------------------
2020-05-30 09:29:57,362:INFO:------------------------------------------------------------------------------------------------
2020-05-30 09:37:06,334:INFO:------------------------------------------------------------------------------------------------
2020-05-30 09:38:26,711:INFO:ДУГААРАА СОНГОЖ БУЙ ХЭСЭГ
2020-05-30 09:38:26,711:INFO:7
2020-05-30 09:45:47,742:INFO:------------------------------------------------------------------------------------------------
2020-05-30 09:52:42,141:INFO:------------------------------------------------------------------------------------------------
2020-05-30 09:57:47,579:INFO:------------------------------------------------------------------------------------------------
2020-05-30 09:57:48,716:INFO:ДУГААРАА СОНГОЖ БУЙ ХЭСЭГ
2020-05-30 09:57:48,716:INFO:7
2020-05-30 09:57:48,941:WARNING:Not Found: /favicon.ico
2020-05-30 09:57:55,591:INFO:------------------------------------------------------------------------------------------------
2020-05-30 09:57:56,458:INFO:ДУГААРАА СОНГОЖ БУЙ ХЭСЭГ
2020-05-30 09:57:56,459:INFO:2
2020-05-30 10:02:14,944:INFO:------------------------------------------------------------------------------------------------
2020-05-30 10:02:19,317:INFO:------------------------------------------------------------------------------------------------
2020-05-30 10:09:51,286:INFO:ДУГААРАА СОНГОЖ БУЙ ХЭСЭГ
2020-05-30 10:09:51,286:INFO:2
2020-05-30 10:10:14,199:INFO:------------------------------------------------------------------------------------------------
2020-05-30 10:10:16,830:INFO:ДУГААРАА СОНГОЖ БУЙ ХЭСЭГ
2020-05-30 10:10:16,830:INFO:7
2020-05-30 10:12:42,957:INFO:ДУГААРАА СОНГОЖ БУЙ ХЭСЭГ
2020-05-30 10:12:42,958:INFO:2
2020-05-30 10:12:49,246:WARNING:Not Found: /favicon.ico
2020-05-30 10:13:51,662:INFO:ДУГААРАА СОНГОЖ БУЙ ХЭСЭГ
2020-05-30 10:13:51,662:INFO:2
2020-05-30 10:13:52,448:WARNING:Not Found: /favicon.ico
2020-05-30 10:16:22,103:INFO:ДУГААРАА СОНГОЖ БУЙ ХЭСЭГ
2020-05-30 10:16:22,104:INFO:3
2020-05-30 10:16:22,332:WARNING:Not Found: /favicon.ico
2020-05-30 10:16:59,156:INFO:------------------------------------------------------------------------------------------------
2020-05-30 10:17:03,121:INFO:ДУГААРАА СОНГОЖ БУЙ ХЭСЭГ
2020-05-30 10:17:03,121:INFO:2
2020-05-30 10:17:25,733:INFO:------------------------------------------------------------------------------------------------
2020-05-30 10:19:30,762:INFO:ДУГААРАА СОНГОЖ БУЙ ХЭСЭГ
2020-05-30 10:19:30,762:INFO:2
2020-05-30 10:19:35,846:WARNING:Not Found: /favicon.ico
2020-05-30 10:19:37,465:INFO:------------------------------------------------------------------------------------------------
2020-05-30 10:19:38,489:INFO:ДУГААРАА СОНГОЖ БУЙ ХЭСЭГ
2020-05-30 10:19:38,489:INFO:2
2020-05-30 10:20:48,817:INFO:ДУГААРЫН ҮНЭ
2020-05-30 10:20:48,820:INFO:5000
2020-05-30 10:21:34,025:INFO:ДУГААРЫН ZAHIALGA
2020-05-30 10:21:35,483:INFO:------------------------------------------------------------------------------------------------
2020-05-30 10:26:15,538:INFO:------------------------------------------------------------------------------------------------
2020-05-30 10:26:16,753:INFO:ДУГААРАА СОНГОЖ БУЙ ХЭСЭГ
2020-05-30 10:26:16,754:INFO:2
2020-05-30 10:26:17,153:WARNING:Not Found: /favicon.ico
2020-05-30 10:26:21,932:INFO:------------------------------------------------------------------------------------------------
2020-05-30 10:26:22,695:INFO:ДУГААРАА СОНГОЖ БУЙ ХЭСЭГ
2020-05-30 10:26:22,696:INFO:7
2020-05-30 10:27:12,026:WARNING:Not Found: /
2020-05-30 10:27:27,851:INFO:ДУГААРАА СОНГОЖ БУЙ ХЭСЭГ
2020-05-30 10:27:27,852:INFO:7
2020-05-30 10:30:14,024:INFO:------------------------------------------------------------------------------------------------
2020-05-30 10:37:06,418:INFO:------------------------------------------------------------------------------------------------
2020-05-30 10:39:18,942:INFO:------------------------------------------------------------------------------------------------
2020-05-30 10:39:19,864:INFO:ДУГААРАА СОНГОЖ БУЙ ХЭСЭГ
2020-05-30 10:39:19,865:INFO:2
2020-05-30 10:39:20,097:WARNING:Not Found: /favicon.ico
2020-05-30 10:39:20,186:WARNING:Not Found: /favicon.ico
2020-05-30 10:45:53,529:INFO:------------------------------------------------------------------------------------------------
2020-05-30 10:53:23,516:INFO:------------------------------------------------------------------------------------------------
2020-05-30 10:53:24,611:INFO:ДУГААРАА СОНГОЖ БУЙ ХЭСЭГ
2020-05-30 10:53:24,612:INFO:2
2020-05-30 10:53:41,865:INFO:------------------------------------------------------------------------------------------------
2020-05-30 10:53:43,081:INFO:ДУГААРАА СОНГОЖ БУЙ ХЭСЭГ
2020-05-30 10:53:43,081:INFO:7
2020-05-30 11:00:06,197:INFO:------------------------------------------------------------------------------------------------
2020-05-30 11:00:07,820:INFO:ДУГААРАА СОНГОЖ БУЙ ХЭСЭГ
2020-05-30 11:00:07,820:INFO:2
2020-05-30 11:00:08,071:WARNING:Not Found: /favicon.ico
2020-05-30 11:00:25,598:INFO:ДУГААРЫН ҮНЭ
2020-05-30 11:00:25,601:INFO:5000
2020-05-30 11:02:20,373:INFO:------------------------------------------------------------------------------------------------
2020-05-30 11:08:28,488:INFO:------------------------------------------------------------------------------------------------
2020-05-30 11:09:17,924:INFO:------------------------------------------------------------------------------------------------
2020-05-30 11:09:19,838:INFO:ДУГААРАА СОНГОЖ БУЙ ХЭСЭГ
2020-05-30 11:09:19,839:INFO:2
2020-05-30 11:10:46,782:WARNING:Not Found: /favicon.ico
2020-05-30 11:11:25,780:INFO:ДУГААРЫН ҮНЭ
2020-05-30 11:11:25,782:INFO:5000
2020-05-30 11:12:58,773:INFO:------------------------------------------------------------------------------------------------
2020-05-30 11:16:07,996:INFO:ДУГААРАА СОНГОЖ БУЙ ХЭСЭГ
2020-05-30 11:16:07,997:INFO:2
2020-05-30 11:16:24,736:INFO:------------------------------------------------------------------------------------------------
2020-05-30 11:16:28,800:INFO:ДУГААРАА СОНГОЖ БУЙ ХЭСЭГ
2020-05-30 11:16:28,800:INFO:7
2020-05-30 11:16:40,869:INFO:ДУГААРАА СОНГОЖ БУЙ ХЭСЭГ
2020-05-30 11:16:40,869:INFO:7
2020-05-30 11:17:11,093:INFO:------------------------------------------------------------------------------------------------
2020-05-30 11:17:11,703:INFO:ДУГААРАА СОНГОЖ БУЙ ХЭСЭГ
2020-05-30 11:17:11,703:INFO:2
2020-05-30 11:17:25,848:INFO:------------------------------------------------------------------------------------------------
2020-05-30 11:18:35,163:INFO:------------------------------------------------------------------------------------------------
2020-05-30 11:18:39,200:INFO:ДУГААРАА СОНГОЖ БУЙ ХЭСЭГ
2020-05-30 11:18:39,200:INFO:7
2020-05-30 11:20:08,141:INFO:------------------------------------------------------------------------------------------------
2020-05-30 11:20:16,796:INFO:------------------------------------------------------------------------------------------------
2020-05-30 11:20:55,524:INFO:------------------------------------------------------------------------------------------------
2020-05-30 11:21:35,738:INFO:------------------------------------------------------------------------------------------------
2020-05-30 11:24:10,513:INFO:ДУГААРАА СОНГОЖ БУЙ ХЭСЭГ
2020-05-30 11:24:10,513:INFO:7
2020-05-30 11:24:30,824:INFO:------------------------------------------------------------------------------------------------
2020-05-30 11:24:32,998:INFO:ДУГААРАА СОНГОЖ БУЙ ХЭСЭГ
2020-05-30 11:24:32,998:INFO:2
2020-05-30 11:24:35,938:INFO:ДУГААРАА СОНГОЖ БУЙ ХЭСЭГ
2020-05-30 11:24:35,938:INFO:2
2020-05-30 11:24:43,969:INFO:------------------------------------------------------------------------------------------------
2020-05-30 11:26:20,251:INFO:ДУГААРАА СОНГОЖ БУЙ ХЭСЭГ
2020-05-30 11:26:20,252:INFO:7
2020-05-30 11:26:20,753:WARNING:Not Found: /favicon.ico
2020-05-30 11:26:22,298:INFO:ДУГААРАА СОНГОЖ БУЙ ХЭСЭГ
2020-05-30 11:26:22,298:INFO:7
2020-05-30 11:28:11,906:INFO:------------------------------------------------------------------------------------------------
2020-05-30 11:28:14,423:INFO:ДУГААРАА СОНГОЖ БУЙ ХЭСЭГ
2020-05-30 11:28:14,424:INFO:7
2020-05-30 11:30:30,667:INFO:------------------------------------------------------------------------------------------------
2020-05-30 11:33:52,811:INFO:ДУГААРАА СОНГОЖ БУЙ ХЭСЭГ
2020-05-30 11:33:52,811:INFO:2
2020-05-30 11:33:53,635:WARNING:Not Found: /favicon.ico
2020-05-30 11:34:25,879:INFO:ДУГААРАА СОНГОЖ БУЙ ХЭСЭГ
2020-05-30 11:34:25,880:INFO:2
2020-05-30 11:34:27,235:WARNING:Not Found: /favicon.ico
2020-05-30 11:35:35,867:INFO:ДУГААРЫН ҮНЭ
2020-05-30 11:35:35,869:INFO:5000
2020-05-30 11:35:38,270:INFO:ДУГААРАА СОНГОЖ БУЙ ХЭСЭГ
2020-05-30 11:35:38,270:INFO:7
2020-05-30 11:36:17,066:INFO:ДУГААРЫН ZAHIALGA
2020-05-30 11:36:44,100:INFO:------------------------------------------------------------------------------------------------
2020-05-30 11:37:01,641:INFO:ДУГААРАА СОНГОЖ БУЙ ХЭСЭГ
2020-05-30 11:37:01,642:INFO:2
2020-05-30 11:37:06,481:INFO:------------------------------------------------------------------------------------------------
2020-05-30 11:38:17,358:INFO:------------------------------------------------------------------------------------------------
2020-05-30 11:42:01,892:INFO:------------------------------------------------------------------------------------------------
2020-05-30 11:42:03,608:INFO:ДУГААРАА СОНГОЖ БУЙ ХЭСЭГ
2020-05-30 11:42:03,608:INFO:2
2020-05-30 11:42:04,154:WARNING:Not Found: /favicon.ico
2020-05-30 11:42:04,161:WARNING:Not Found: /favicon.ico
2020-05-30 11:43:48,280:INFO:------------------------------------------------------------------------------------------------
2020-05-30 11:43:54,406:INFO:ДУГААРАА СОНГОЖ БУЙ ХЭСЭГ
2020-05-30 11:43:54,407:INFO:2
2020-05-30 11:43:55,076:WARNING:Not Found: /favicon.ico
2020-05-30 11:44:26,600:INFO:------------------------------------------------------------------------------------------------
2020-05-30 11:44:27,722:INFO:ДУГААРАА СОНГОЖ БУЙ ХЭСЭГ
2020-05-30 11:44:27,723:INFO:2
2020-05-30 11:45:24,408:INFO:------------------------------------------------------------------------------------------------
2020-05-30 11:45:26,239:INFO:ДУГААРАА СОНГОЖ БУЙ ХЭСЭГ
2020-05-30 11:45:26,239:INFO:7
2020-05-30 11:45:26,390:WARNING:Not Found: /favicon.ico
2020-05-30 11:45:59,520:INFO:------------------------------------------------------------------------------------------------
2020-05-30 11:49:09,574:INFO:------------------------------------------------------------------------------------------------
2020-05-30 11:49:11,850:INFO:ДУГААРАА СОНГОЖ БУЙ ХЭСЭГ
2020-05-30 11:49:11,850:INFO:7
2020-05-30 11:50:57,529:INFO:ДУГААРАА СОНГОЖ БУЙ ХЭСЭГ
2020-05-30 11:50:57,529:INFO:7
2020-05-30 11:51:48,617:INFO:ДУГААРАА СОНГОЖ БУЙ ХЭСЭГ
2020-05-30 11:51:48,617:INFO:7
2020-05-30 11:56:24,946:INFO:------------------------------------------------------------------------------------------------
2020-05-30 12:00:03,308:INFO:------------------------------------------------------------------------------------------------
2020-05-30 12:00:05,109:INFO:ДУГААРАА СОНГОЖ БУЙ ХЭСЭГ
2020-05-30 12:00:05,109:INFO:7
2020-05-30 12:00:05,435:WARNING:Not Found: /favicon.ico
2020-05-30 12:00:16,688:INFO:ДУГААРАА СОНГОЖ БУЙ ХЭСЭГ
2020-05-30 12:00:16,688:INFO:7
2020-05-30 12:00:28,619:INFO:ДУГААРАА СОНГОЖ БУЙ ХЭСЭГ
2020-05-30 12:00:28,619:INFO:7
2020-05-30 12:00:41,473:INFO:ДУГААРЫН ҮНЭ
2020-05-30 12:00:41,476:INFO:10000
2020-05-30 12:00:49,018:INFO:ДУГААРАА СОНГОЖ БУЙ ХЭСЭГ
2020-05-30 12:00:49,018:INFO:7
2020-05-30 12:00:49,174:INFO:ДУГААРЫН ZAHIALGA
2020-05-30 12:00:49,462:WARNING:Not Found: /favicon.ico
2020-05-30 12:00:50,687:INFO:------------------------------------------------------------------------------------------------
2020-05-30 12:01:04,327:INFO:ДУГААРЫН ҮНЭ
2020-05-30 12:01:04,330:INFO:10000
2020-05-30 12:01:10,346:INFO:ДУГААРЫН ZAHIALGA
2020-05-30 12:02:21,403:INFO:------------------------------------------------------------------------------------------------
2020-05-30 12:03:07,343:INFO:ДУГААРАА СОНГОЖ БУЙ ХЭСЭГ
2020-05-30 12:03:07,344:INFO:2
2020-05-30 12:03:08,007:WARNING:Not Found: /favicon.ico
2020-05-30 12:03:10,685:INFO:------------------------------------------------------------------------------------------------
2020-05-30 12:03:44,675:INFO:ДУГААРАА СОНГОЖ БУЙ ХЭСЭГ
2020-05-30 12:03:44,676:INFO:2
2020-05-30 12:03:57,767:INFO:------------------------------------------------------------------------------------------------
2020-05-30 12:04:00,670:INFO:ДУГААРАА СОНГОЖ БУЙ ХЭСЭГ
2020-05-30 12:04:00,670:INFO:7
2020-05-30 12:04:03,292:INFO:ДУГААРАА СОНГОЖ БУЙ ХЭСЭГ
2020-05-30 12:04:03,293:INFO:7
2020-05-30 12:04:44,133:INFO:ДУГААРАА СОНГОЖ БУЙ ХЭСЭГ
2020-05-30 12:04:44,133:INFO:7
2020-05-30 12:05:46,503:INFO:ДУГААРАА СОНГОЖ БУЙ ХЭСЭГ
2020-05-30 12:05:46,504:INFO:7
2020-05-30 12:07:03,847:INFO:------------------------------------------------------------------------------------------------
2020-05-30 12:07:04,888:INFO:ДУГААРАА СОНГОЖ БУЙ ХЭСЭГ
2020-05-30 12:07:04,889:INFO:2
2020-05-30 12:07:05,083:WARNING:Not Found: /favicon.ico
2020-05-30 12:09:11,317:INFO:------------------------------------------------------------------------------------------------
2020-05-30 12:09:48,283:INFO:ДУГААРЫН ҮНЭ
2020-05-30 12:09:48,285:INFO:10000
2020-05-30 12:10:00,750:INFO:ДУГААРАА СОНГОЖ БУЙ ХЭСЭГ
2020-05-30 12:10:00,750:INFO:7
2020-05-30 12:10:25,948:INFO:ДУГААРАА СОНГОЖ БУЙ ХЭСЭГ
2020-05-30 12:10:25,948:INFO:7
2020-05-30 12:11:31,784:INFO:------------------------------------------------------------------------------------------------
2020-05-30 12:13:48,541:INFO:------------------------------------------------------------------------------------------------
2020-05-30 12:14:38,548:INFO:------------------------------------------------------------------------------------------------
2020-05-30 12:14:44,213:INFO:ДУГААРАА СОНГОЖ БУЙ ХЭСЭГ
2020-05-30 12:14:44,214:INFO:7
2020-05-30 12:14:44,324:WARNING:Not Found: /favicon.ico
2020-05-30 12:14:48,180:INFO:ДУГААРАА СОНГОЖ БУЙ ХЭСЭГ
2020-05-30 12:14:48,180:INFO:7
2020-05-30 12:15:02,414:INFO:ДУГААРАА СОНГОЖ БУЙ ХЭСЭГ
2020-05-30 12:15:02,414:INFO:7
2020-05-30 12:15:11,885:INFO:ДУГААРАА СОНГОЖ БУЙ ХЭСЭГ
2020-05-30 12:15:11,885:INFO:7
2020-05-30 12:15:12,243:INFO:ДУГААРАА СОНГОЖ БУЙ ХЭСЭГ
2020-05-30 12:15:12,243:INFO:7
2020-05-30 12:16:35,127:INFO:ДУГААРАА СОНГОЖ БУЙ ХЭСЭГ
2020-05-30 12:16:35,127:INFO:7
2020-05-30 12:17:25,948:INFO:------------------------------------------------------------------------------------------------
2020-05-30 12:18:04,976:INFO:ДУГААРАА СОНГОЖ БУЙ ХЭСЭГ
2020-05-30 12:18:04,977:INFO:2
2020-05-30 12:18:05,295:WARNING:Not Found: /favicon.ico
2020-05-30 12:18:30,450:INFO:ДУГААРАА СОНГОЖ БУЙ ХЭСЭГ
2020-05-30 12:18:30,450:INFO:7
2020-05-30 12:19:07,568:INFO:ДУГААРЫН ҮНЭ
2020-05-30 12:19:07,571:INFO:5000
2020-05-30 12:19:13,573:INFO:ДУГААРАА СОНГОЖ БУЙ ХЭСЭГ
2020-05-30 12:19:13,573:INFO:7
2020-05-30 12:19:42,077:INFO:ДУГААРЫН ҮНЭ
2020-05-30 12:19:42,079:INFO:10000
2020-05-30 12:19:47,040:INFO:------------------------------------------------------------------------------------------------
2020-05-30 12:19:50,788:INFO:ДУГААРАА СОНГОЖ БУЙ ХЭСЭГ
2020-05-30 12:19:50,788:INFO:2
2020-05-30 12:20:05,773:INFO:------------------------------------------------------------------------------------------------
2020-05-30 12:20:08,753:INFO:ДУГААРАА СОНГОЖ БУЙ ХЭСЭГ
2020-05-30 12:20:08,754:INFO:7
2020-05-30 12:20:19,868:INFO:ДУГААРАА СОНГОЖ БУЙ ХЭСЭГ
2020-05-30 12:20:19,868:INFO:7
2020-05-30 12:20:22,153:ERROR:Internal Server Error: /getnumber
Traceback (most recent call last):
  File "/usr/local/lib/python2.7/dist-packages/django/core/handlers/exception.py", line 41, in inner
    response = get_response(request)
  File "/usr/local/lib/python2.7/dist-packages/django/core/handlers/base.py", line 187, in _get_response
    response = self.process_exception_by_middleware(e, request)
  File "/usr/local/lib/python2.7/dist-packages/django/core/handlers/base.py", line 185, in _get_response
    response = wrapped_callback(request, *callback_args, **callback_kwargs)
  File "/usr/local/lib/python2.7/dist-packages/django/views/decorators/csrf.py", line 58, in wrapped_view
    return view_func(*args, **kwargs)
  File "/usr/local/lib/python2.7/dist-packages/django/views/generic/base.py", line 68, in view
    return self.dispatch(request, *args, **kwargs)
  File "/usr/local/lib/python2.7/dist-packages/rest_framework/views.py", line 495, in dispatch
    response = self.handle_exception(exc)
  File "/usr/local/lib/python2.7/dist-packages/rest_framework/views.py", line 455, in handle_exception
    self.raise_uncaught_exception(exc)
  File "/usr/local/lib/python2.7/dist-packages/rest_framework/views.py", line 492, in dispatch
    response = handler(request, *args, **kwargs)
  File "/usr/local/lib/python2.7/dist-packages/rest_framework/decorators.py", line 55, in handler
    return func(*args, **kwargs)
  File "/home/user/nFilterNew/controller/views.py", line 206, in getNumber
    if data[1] == az:
IndexError: list index out of range
2020-05-30 12:20:32,139:INFO:------------------------------------------------------------------------------------------------
2020-05-30 12:22:09,917:INFO:------------------------------------------------------------------------------------------------
2020-05-30 12:22:12,759:INFO:ДУГААРАА СОНГОЖ БУЙ ХЭСЭГ
2020-05-30 12:22:12,759:INFO:2
2020-05-30 12:22:42,505:INFO:------------------------------------------------------------------------------------------------
2020-05-30 12:22:49,532:INFO:ДУГААРАА СОНГОЖ БУЙ ХЭСЭГ
2020-05-30 12:22:49,533:INFO:2
2020-05-30 12:24:11,361:ERROR:Internal Server Error: /getnumber
Traceback (most recent call last):
  File "/usr/local/lib/python2.7/dist-packages/django/core/handlers/exception.py", line 41, in inner
    response = get_response(request)
  File "/usr/local/lib/python2.7/dist-packages/django/core/handlers/base.py", line 187, in _get_response
    response = self.process_exception_by_middleware(e, request)
  File "/usr/local/lib/python2.7/dist-packages/django/core/handlers/base.py", line 185, in _get_response
    response = wrapped_callback(request, *callback_args, **callback_kwargs)
  File "/usr/local/lib/python2.7/dist-packages/django/views/decorators/csrf.py", line 58, in wrapped_view
    return view_func(*args, **kwargs)
  File "/usr/local/lib/python2.7/dist-packages/django/views/generic/base.py", line 68, in view
    return self.dispatch(request, *args, **kwargs)
  File "/usr/local/lib/python2.7/dist-packages/rest_framework/views.py", line 495, in dispatch
    response = self.handle_exception(exc)
  File "/usr/local/lib/python2.7/dist-packages/rest_framework/views.py", line 455, in handle_exception
    self.raise_uncaught_exception(exc)
  File "/usr/local/lib/python2.7/dist-packages/rest_framework/views.py", line 492, in dispatch
    response = handler(request, *args, **kwargs)
  File "/usr/local/lib/python2.7/dist-packages/rest_framework/decorators.py", line 55, in handler
    return func(*args, **kwargs)
  File "/home/user/nFilterNew/controller/views.py", line 206, in getNumber
    if data[1] == az:
IndexError: list index out of range
2020-05-30 12:27:05,663:INFO:ДУГААРАА СОНГОЖ БУЙ ХЭСЭГ
2020-05-30 12:27:05,664:INFO:2
2020-05-30 12:27:19,842:INFO:ДУГААРАА СОНГОЖ БУЙ ХЭСЭГ
2020-05-30 12:27:19,843:INFO:2
2020-05-30 12:28:42,035:INFO:ДУГААРАА СОНГОЖ БУЙ ХЭСЭГ
2020-05-30 12:28:42,035:INFO:2
2020-05-30 12:29:15,615:INFO:ДУГААРАА СОНГОЖ БУЙ ХЭСЭГ
2020-05-30 12:29:15,616:INFO:2
2020-05-30 12:29:23,127:INFO:ДУГААРАА СОНГОЖ БУЙ ХЭСЭГ
2020-05-30 12:29:23,127:INFO:2
2020-05-30 12:29:25,380:INFO:------------------------------------------------------------------------------------------------
2020-05-30 12:29:27,221:INFO:ДУГААРАА СОНГОЖ БУЙ ХЭСЭГ
2020-05-30 12:29:27,221:INFO:7
2020-05-30 12:30:47,299:INFO:------------------------------------------------------------------------------------------------
2020-05-30 12:36:13,335:INFO:ДУГААРЫН ҮНЭ
2020-05-30 12:36:13,338:INFO:10000
2020-05-30 12:36:29,680:INFO:ДУГААРАА СОНГОЖ БУЙ ХЭСЭГ
2020-05-30 12:36:29,680:INFO:2
2020-05-30 12:36:46,754:INFO:------------------------------------------------------------------------------------------------
2020-05-30 12:37:06,560:INFO:------------------------------------------------------------------------------------------------
2020-05-30 12:38:17,852:INFO:------------------------------------------------------------------------------------------------
2020-05-30 12:42:26,084:INFO:------------------------------------------------------------------------------------------------
2020-05-30 12:42:34,420:INFO:ДУГААРАА СОНГОЖ БУЙ ХЭСЭГ
2020-05-30 12:42:34,420:INFO:2
2020-05-30 12:42:35,314:WARNING:Not Found: /favicon.ico
2020-05-30 12:43:14,516:INFO:ДУГААРАА СОНГОЖ БУЙ ХЭСЭГ
2020-05-30 12:43:14,516:INFO:2
2020-05-30 12:43:45,694:INFO:------------------------------------------------------------------------------------------------
2020-05-30 12:43:47,253:INFO:ДУГААРАА СОНГОЖ БУЙ ХЭСЭГ
2020-05-30 12:43:47,253:INFO:7
2020-05-30 12:44:05,459:INFO:ДУГААРАА СОНГОЖ БУЙ ХЭСЭГ
2020-05-30 12:44:05,459:INFO:2
2020-05-30 12:46:05,559:INFO:------------------------------------------------------------------------------------------------
2020-05-30 12:46:47,134:INFO:------------------------------------------------------------------------------------------------
2020-05-30 12:46:48,482:INFO:ДУГААРАА СОНГОЖ БУЙ ХЭСЭГ
2020-05-30 12:46:48,482:INFO:2
2020-05-30 12:47:48,432:INFO:------------------------------------------------------------------------------------------------
2020-05-30 12:50:14,249:INFO:ДУГААРАА СОНГОЖ БУЙ ХЭСЭГ
2020-05-30 12:50:14,249:INFO:2
2020-05-30 12:51:49,890:INFO:ДУГААРАА СОНГОЖ БУЙ ХЭСЭГ
2020-05-30 12:51:49,890:INFO:7
2020-05-30 12:52:00,475:INFO:ДУГААРЫН ҮНЭ
2020-05-30 12:52:00,477:INFO:10000
2020-05-30 12:52:06,969:INFO:ДУГААРЫН ZAHIALGA
2020-05-30 12:52:16,346:INFO:------------------------------------------------------------------------------------------------
2020-05-30 12:53:13,154:INFO:ДУГААРАА СОНГОЖ БУЙ ХЭСЭГ
2020-05-30 12:53:13,155:INFO:2
2020-05-30 12:53:51,734:INFO:ДУГААРАА СОНГОЖ БУЙ ХЭСЭГ
2020-05-30 12:53:51,735:INFO:2
2020-05-30 12:54:57,500:INFO:------------------------------------------------------------------------------------------------
2020-05-30 12:54:58,784:INFO:ДУГААРАА СОНГОЖ БУЙ ХЭСЭГ
2020-05-30 12:54:58,785:INFO:2
2020-05-30 12:55:05,545:INFO:ДУГААРАА СОНГОЖ БУЙ ХЭСЭГ
2020-05-30 12:55:05,545:INFO:2
2020-05-30 12:56:04,479:INFO:ДУГААРЫН ҮНЭ
2020-05-30 12:56:04,481:INFO:5000
2020-05-30 12:57:07,462:INFO:ДУГААРАА СОНГОЖ БУЙ ХЭСЭГ
2020-05-30 12:57:07,462:INFO:2
2020-05-30 12:58:39,215:INFO:------------------------------------------------------------------------------------------------
2020-05-30 12:58:39,947:INFO:ДУГААРАА СОНГОЖ БУЙ ХЭСЭГ
2020-05-30 12:58:39,947:INFO:2
2020-05-30 12:58:53,282:INFO:ДУГААРАА СОНГОЖ БУЙ ХЭСЭГ
2020-05-30 12:58:53,282:INFO:2
2020-05-30 12:59:27,513:INFO:ДУГААРАА СОНГОЖ БУЙ ХЭСЭГ
2020-05-30 12:59:27,514:INFO:2
2020-05-30 12:59:57,250:INFO:ДУГААРАА СОНГОЖ БУЙ ХЭСЭГ
2020-05-30 12:59:57,250:INFO:2
2020-05-30 13:00:20,120:INFO:ДУГААРЫН ҮНЭ
2020-05-30 13:00:20,122:INFO:5000
2020-05-30 13:00:32,546:INFO:ДУГААРЫН ҮНЭ
2020-05-30 13:00:32,549:INFO:5000
2020-05-30 13:00:55,683:INFO:ДУГААРЫН ҮНЭ
2020-05-30 13:00:55,687:INFO:5000
2020-05-30 13:01:13,710:INFO:ДУГААРАА СОНГОЖ БУЙ ХЭСЭГ
2020-05-30 13:01:13,711:INFO:2
2020-05-30 13:01:22,733:INFO:ДУГААРАА СОНГОЖ БУЙ ХЭСЭГ
2020-05-30 13:01:22,733:INFO:2
2020-05-30 13:02:22,426:INFO:------------------------------------------------------------------------------------------------
2020-05-30 13:04:08,499:INFO:ДУГААРАА СОНГОЖ БУЙ ХЭСЭГ
2020-05-30 13:04:08,499:INFO:2
2020-05-30 13:04:57,040:INFO:ДУГААРАА СОНГОЖ БУЙ ХЭСЭГ
2020-05-30 13:04:57,040:INFO:2
2020-05-30 13:05:00,578:INFO:------------------------------------------------------------------------------------------------
2020-05-30 13:05:11,926:INFO:ДУГААРАА СОНГОЖ БУЙ ХЭСЭГ
2020-05-30 13:05:11,926:INFO:2
2020-05-30 13:05:13,154:WARNING:Not Found: /favicon.ico
2020-05-30 13:05:30,321:INFO:ДУГААРЫН ҮНЭ
2020-05-30 13:05:30,324:INFO:5000
2020-05-30 13:05:37,982:INFO:------------------------------------------------------------------------------------------------
2020-05-30 13:05:46,779:INFO:ДУГААРАА СОНГОЖ БУЙ ХЭСЭГ
2020-05-30 13:05:46,779:INFO:2
2020-05-30 13:06:06,944:INFO:ДУГААРАА СОНГОЖ БУЙ ХЭСЭГ
2020-05-30 13:06:06,944:INFO:7
2020-05-30 13:07:28,879:INFO:------------------------------------------------------------------------------------------------
2020-05-30 13:08:18,341:INFO:ДУГААРАА СОНГОЖ БУЙ ХЭСЭГ
2020-05-30 13:08:18,341:INFO:7
2020-05-30 13:09:35,716:INFO:------------------------------------------------------------------------------------------------
2020-05-30 13:11:16,038:INFO:------------------------------------------------------------------------------------------------
2020-05-30 13:11:17,912:INFO:ДУГААРАА СОНГОЖ БУЙ ХЭСЭГ
2020-05-30 13:11:17,912:INFO:7
2020-05-30 13:11:43,220:INFO:------------------------------------------------------------------------------------------------
2020-05-30 13:11:57,180:INFO:ДУГААРЫН ҮНЭ
2020-05-30 13:11:57,183:INFO:10000
2020-05-30 13:12:02,884:INFO:ДУГААРЫН ҮНЭ
2020-05-30 13:12:02,886:INFO:10000
2020-05-30 13:12:06,654:INFO:ДУГААРЫН ҮНЭ
2020-05-30 13:12:06,656:INFO:10000
2020-05-30 13:12:38,506:INFO:ДУГААРЫН ҮНЭ
2020-05-30 13:12:38,508:INFO:5000
2020-05-30 13:12:52,782:INFO:ДУГААРАА СОНГОЖ БУЙ ХЭСЭГ
2020-05-30 13:12:52,782:INFO:7
2020-05-30 13:12:53,633:WARNING:Not Found: /favicon.ico
2020-05-30 13:13:03,974:INFO:ДУГААРЫН ҮНЭ
2020-05-30 13:13:03,976:INFO:10000
2020-05-30 13:13:23,027:INFO:ДУГААРЫН ҮНЭ
2020-05-30 13:13:23,029:INFO:10000
2020-05-30 13:13:48,714:INFO:------------------------------------------------------------------------------------------------
2020-05-30 13:13:57,005:INFO:ДУГААРАА СОНГОЖ БУЙ ХЭСЭГ
2020-05-30 13:13:57,006:INFO:7
2020-05-30 13:13:57,323:WARNING:Not Found: /favicon.ico
2020-05-30 13:14:00,113:INFO:ДУГААРАА СОНГОЖ БУЙ ХЭСЭГ
2020-05-30 13:14:00,113:INFO:7
2020-05-30 13:14:02,122:INFO:ДУГААРАА СОНГОЖ БУЙ ХЭСЭГ
2020-05-30 13:14:02,122:INFO:7
2020-05-30 13:14:14,298:INFO:ДУГААРАА СОНГОЖ БУЙ ХЭСЭГ
2020-05-30 13:14:14,298:INFO:7
2020-05-30 13:14:46,866:INFO:ДУГААРАА СОНГОЖ БУЙ ХЭСЭГ
2020-05-30 13:14:46,866:INFO:7
2020-05-30 13:15:18,849:INFO:------------------------------------------------------------------------------------------------
2020-05-30 13:15:34,757:INFO:ДУГААРЫН ҮНЭ
2020-05-30 13:15:34,760:INFO:10000
2020-05-30 13:15:40,025:INFO:ДУГААРАА СОНГОЖ БУЙ ХЭСЭГ
2020-05-30 13:15:40,025:INFO:7
2020-05-30 13:16:02,841:INFO:ДУГААРАА СОНГОЖ БУЙ ХЭСЭГ
2020-05-30 13:16:02,841:INFO:7
2020-05-30 13:16:03,651:INFO:------------------------------------------------------------------------------------------------
2020-05-30 13:16:04,811:INFO:ДУГААРАА СОНГОЖ БУЙ ХЭСЭГ
2020-05-30 13:16:04,812:INFO:7
2020-05-30 13:16:13,920:INFO:ДУГААРЫН ҮНЭ
2020-05-30 13:16:13,923:INFO:10000
2020-05-30 13:16:37,374:INFO:ДУГААРЫН ҮНЭ
2020-05-30 13:16:37,376:INFO:10000
2020-05-30 13:16:45,293:INFO:ДУГААРЫН ҮНЭ
2020-05-30 13:16:45,296:INFO:10000
2020-05-30 13:17:26,036:INFO:------------------------------------------------------------------------------------------------
2020-05-30 13:17:27,751:INFO:ДУГААРЫН ZAHIALGA
2020-05-30 13:17:31,851:INFO:------------------------------------------------------------------------------------------------
2020-05-30 13:17:35,352:INFO:ДУГААРАА СОНГОЖ БУЙ ХЭСЭГ
2020-05-30 13:17:35,353:INFO:2
2020-05-30 13:18:20,902:INFO:ДУГААРЫН ҮНЭ
2020-05-30 13:18:20,904:INFO:5000
2020-05-30 13:19:09,193:INFO:ДУГААРАА СОНГОЖ БУЙ ХЭСЭГ
2020-05-30 13:19:09,193:INFO:2
2020-05-30 13:19:33,562:INFO:ДУГААРАА СОНГОЖ БУЙ ХЭСЭГ
2020-05-30 13:19:33,562:INFO:4
2020-05-30 13:19:39,997:INFO:ДУГААРАА СОНГОЖ БУЙ ХЭСЭГ
2020-05-30 13:19:39,997:INFO:4
2020-05-30 13:19:52,225:INFO:------------------------------------------------------------------------------------------------
2020-05-30 13:19:53,537:INFO:ДУГААРАА СОНГОЖ БУЙ ХЭСЭГ
2020-05-30 13:19:53,537:INFO:7
2020-05-30 13:19:57,301:INFO:ДУГААРАА СОНГОЖ БУЙ ХЭСЭГ
2020-05-30 13:19:57,302:INFO:7
2020-05-30 13:20:05,025:INFO:ДУГААРАА СОНГОЖ БУЙ ХЭСЭГ
2020-05-30 13:20:05,025:INFO:2
2020-05-30 13:20:25,765:INFO:ДУГААРАА СОНГОЖ БУЙ ХЭСЭГ
2020-05-30 13:20:25,765:INFO:7
2020-05-30 13:20:31,097:INFO:ДУГААРАА СОНГОЖ БУЙ ХЭСЭГ
2020-05-30 13:20:31,097:INFO:2
2020-05-30 13:20:37,155:INFO:------------------------------------------------------------------------------------------------
2020-05-30 13:20:57,960:INFO:------------------------------------------------------------------------------------------------
2020-05-30 13:23:15,563:INFO:------------------------------------------------------------------------------------------------
2020-05-30 13:23:16,903:INFO:ДУГААРАА СОНГОЖ БУЙ ХЭСЭГ
2020-05-30 13:23:16,903:INFO:7
2020-05-30 13:24:54,101:INFO:ДУГААРАА СОНГОЖ БУЙ ХЭСЭГ
2020-05-30 13:24:54,101:INFO:7
2020-05-30 13:27:14,879:INFO:ДУГААРАА СОНГОЖ БУЙ ХЭСЭГ
2020-05-30 13:27:14,879:INFO:7
2020-05-30 13:27:42,809:INFO:ДУГААРАА СОНГОЖ БУЙ ХЭСЭГ
2020-05-30 13:27:42,810:INFO:7
2020-05-30 13:28:03,055:INFO:ДУГААРАА СОНГОЖ БУЙ ХЭСЭГ
2020-05-30 13:28:03,055:INFO:7
2020-05-30 13:28:15,660:INFO:ДУГААРАА СОНГОЖ БУЙ ХЭСЭГ
2020-05-30 13:28:15,660:INFO:7
2020-05-30 13:28:20,117:INFO:ДУГААРАА СОНГОЖ БУЙ ХЭСЭГ
2020-05-30 13:28:20,117:INFO:7
2020-05-30 13:28:23,170:INFO:ДУГААРАА СОНГОЖ БУЙ ХЭСЭГ
2020-05-30 13:28:23,170:INFO:7
2020-05-30 13:28:30,788:INFO:ДУГААРАА СОНГОЖ БУЙ ХЭСЭГ
2020-05-30 13:28:30,789:INFO:7
2020-05-30 13:31:03,904:INFO:------------------------------------------------------------------------------------------------
2020-05-30 13:32:50,840:INFO:ДУГААРЫН ҮНЭ
2020-05-30 13:32:50,844:INFO:10000
2020-05-30 13:34:04,978:INFO:ДУГААРАА СОНГОЖ БУЙ ХЭСЭГ
2020-05-30 13:34:04,979:INFO:2
2020-05-30 13:34:19,138:INFO:ДУГААРАА СОНГОЖ БУЙ ХЭСЭГ
2020-05-30 13:34:19,138:INFO:7
2020-05-30 13:34:21,623:WARNING:Not Found: /favicon.ico
2020-05-30 13:35:10,829:INFO:ДУГААРАА СОНГОЖ БУЙ ХЭСЭГ
2020-05-30 13:35:10,829:INFO:2
2020-05-30 13:36:57,499:INFO:------------------------------------------------------------------------------------------------
2020-05-30 13:37:06,618:INFO:------------------------------------------------------------------------------------------------
2020-05-30 13:43:27,340:INFO:ДУГААРАА СОНГОЖ БУЙ ХЭСЭГ
2020-05-30 13:43:27,341:INFO:2
2020-05-30 13:45:08,848:INFO:ДУГААРЫН ҮНЭ
2020-05-30 13:45:08,852:INFO:5000
2020-05-30 13:45:40,577:INFO:ДУГААРАА СОНГОЖ БУЙ ХЭСЭГ
2020-05-30 13:45:40,577:INFO:7
2020-05-30 13:46:56,345:INFO:ДУГААРАА СОНГОЖ БУЙ ХЭСЭГ
2020-05-30 13:46:56,345:INFO:7
2020-05-30 13:47:00,396:INFO:ДУГААРАА СОНГОЖ БУЙ ХЭСЭГ
2020-05-30 13:47:00,396:INFO:7
2020-05-30 13:49:00,419:INFO:------------------------------------------------------------------------------------------------
2020-05-30 13:49:01,068:INFO:ДУГААРАА СОНГОЖ БУЙ ХЭСЭГ
2020-05-30 13:49:01,069:INFO:2
2020-05-30 13:49:23,496:INFO:ДУГААРАА СОНГОЖ БУЙ ХЭСЭГ
2020-05-30 13:49:23,496:INFO:7
2020-05-30 13:49:39,388:INFO:ДУГААРЫН ҮНЭ
2020-05-30 13:49:39,390:INFO:10000
2020-05-30 13:49:43,854:INFO:ДУГААРЫН ҮНЭ
2020-05-30 13:49:43,856:INFO:10000
2020-05-30 13:49:49,915:INFO:ДУГААРЫН ZAHIALGA
2020-05-30 13:49:51,151:INFO:------------------------------------------------------------------------------------------------
2020-05-30 13:50:24,293:INFO:ДУГААРАА СОНГОЖ БУЙ ХЭСЭГ
2020-05-30 13:50:24,293:INFO:7
2020-05-30 13:51:40,948:INFO:ДУГААРАА СОНГОЖ БУЙ ХЭСЭГ
2020-05-30 13:51:40,948:INFO:7
2020-05-30 13:51:41,249:INFO:ДУГААРАА СОНГОЖ БУЙ ХЭСЭГ
2020-05-30 13:51:41,249:INFO:7
2020-05-30 13:51:42,979:INFO:ДУГААРАА СОНГОЖ БУЙ ХЭСЭГ
2020-05-30 13:51:42,979:INFO:7
2020-05-30 13:52:15,292:INFO:ДУГААРАА СОНГОЖ БУЙ ХЭСЭГ
2020-05-30 13:52:15,292:INFO:7
2020-05-30 13:52:34,317:INFO:ДУГААРАА СОНГОЖ БУЙ ХЭСЭГ
2020-05-30 13:52:34,317:INFO:7
2020-05-30 13:53:05,943:INFO:ДУГААРАА СОНГОЖ БУЙ ХЭСЭГ
2020-05-30 13:53:05,944:INFO:7
2020-05-30 13:53:21,753:INFO:------------------------------------------------------------------------------------------------
2020-05-30 13:53:22,419:INFO:ДУГААРАА СОНГОЖ БУЙ ХЭСЭГ
2020-05-30 13:53:22,419:INFO:7
2020-05-30 13:54:21,953:INFO:ДУГААРАА СОНГОЖ БУЙ ХЭСЭГ
2020-05-30 13:54:21,954:INFO:7
2020-05-30 13:54:32,305:INFO:ДУГААРАА СОНГОЖ БУЙ ХЭСЭГ
2020-05-30 13:54:32,306:INFO:7
2020-05-30 13:54:34,322:INFO:ДУГААРАА СОНГОЖ БУЙ ХЭСЭГ
2020-05-30 13:54:34,322:INFO:7
2020-05-30 13:54:38,000:INFO:ДУГААРАА СОНГОЖ БУЙ ХЭСЭГ
2020-05-30 13:54:38,001:INFO:7
2020-05-30 13:55:39,069:INFO:ДУГААРАА СОНГОЖ БУЙ ХЭСЭГ
2020-05-30 13:55:39,069:INFO:7
2020-05-30 13:56:01,395:INFO:ДУГААРАА СОНГОЖ БУЙ ХЭСЭГ
2020-05-30 13:56:01,396:INFO:7
2020-05-30 13:56:14,038:ERROR:Internal Server Error: /getnumber
Traceback (most recent call last):
  File "/usr/local/lib/python2.7/dist-packages/django/core/handlers/exception.py", line 41, in inner
    response = get_response(request)
  File "/usr/local/lib/python2.7/dist-packages/django/core/handlers/base.py", line 187, in _get_response
    response = self.process_exception_by_middleware(e, request)
  File "/usr/local/lib/python2.7/dist-packages/django/core/handlers/base.py", line 185, in _get_response
    response = wrapped_callback(request, *callback_args, **callback_kwargs)
  File "/usr/local/lib/python2.7/dist-packages/django/views/decorators/csrf.py", line 58, in wrapped_view
    return view_func(*args, **kwargs)
  File "/usr/local/lib/python2.7/dist-packages/django/views/generic/base.py", line 68, in view
    return self.dispatch(request, *args, **kwargs)
  File "/usr/local/lib/python2.7/dist-packages/rest_framework/views.py", line 495, in dispatch
    response = self.handle_exception(exc)
  File "/usr/local/lib/python2.7/dist-packages/rest_framework/views.py", line 455, in handle_exception
    self.raise_uncaught_exception(exc)
  File "/usr/local/lib/python2.7/dist-packages/rest_framework/views.py", line 492, in dispatch
    response = handler(request, *args, **kwargs)
  File "/usr/local/lib/python2.7/dist-packages/rest_framework/decorators.py", line 55, in handler
    return func(*args, **kwargs)
  File "/home/user/nFilterNew/controller/views.py", line 206, in getNumber
    if data[1] == az:
IndexError: list index out of range
2020-05-30 13:57:00,879:INFO:ДУГААРЫН ҮНЭ
2020-05-30 13:57:00,883:INFO:10000
2020-05-30 13:57:58,256:INFO:------------------------------------------------------------------------------------------------
2020-05-30 13:57:58,947:INFO:ДУГААРАА СОНГОЖ БУЙ ХЭСЭГ
2020-05-30 13:57:58,947:INFO:2
2020-05-30 13:58:35,831:INFO:ДУГААРЫН ZAHIALGA
2020-05-30 13:59:02,080:INFO:------------------------------------------------------------------------------------------------
2020-05-30 14:00:24,854:INFO:------------------------------------------------------------------------------------------------
2020-05-30 14:00:36,110:INFO:------------------------------------------------------------------------------------------------
2020-05-30 14:01:45,945:INFO:ДУГААРАА СОНГОЖ БУЙ ХЭСЭГ
2020-05-30 14:01:45,946:INFO:7
2020-05-30 14:02:23,461:INFO:------------------------------------------------------------------------------------------------
2020-05-30 14:07:03,372:INFO:ДУГААРАА СОНГОЖ БУЙ ХЭСЭГ
2020-05-30 14:07:03,373:INFO:2
2020-05-30 14:07:14,054:INFO:------------------------------------------------------------------------------------------------
2020-05-30 14:07:18,790:INFO:ДУГААРАА СОНГОЖ БУЙ ХЭСЭГ
2020-05-30 14:07:18,791:INFO:7
2020-05-30 14:07:19,174:WARNING:Not Found: /favicon.ico
2020-05-30 14:07:23,063:INFO:ДУГААРАА СОНГОЖ БУЙ ХЭСЭГ
2020-05-30 14:07:23,064:INFO:7
2020-05-30 14:07:31,727:INFO:ДУГААРАА СОНГОЖ БУЙ ХЭСЭГ
2020-05-30 14:07:31,728:INFO:2
2020-05-30 14:07:36,890:INFO:ДУГААРАА СОНГОЖ БУЙ ХЭСЭГ
2020-05-30 14:07:36,890:INFO:2
2020-05-30 14:07:44,577:INFO:ДУГААРАА СОНГОЖ БУЙ ХЭСЭГ
2020-05-30 14:07:44,578:INFO:2
2020-05-30 14:07:48,875:INFO:ДУГААРАА СОНГОЖ БУЙ ХЭСЭГ
2020-05-30 14:07:48,876:INFO:7
2020-05-30 14:10:22,274:INFO:ДУГААРАА СОНГОЖ БУЙ ХЭСЭГ
2020-05-30 14:10:22,274:INFO:7
2020-05-30 14:10:25,435:INFO:------------------------------------------------------------------------------------------------
2020-05-30 14:10:28,920:INFO:ДУГААРАА СОНГОЖ БУЙ ХЭСЭГ
2020-05-30 14:10:28,920:INFO:2
2020-05-30 14:11:53,517:INFO:------------------------------------------------------------------------------------------------
2020-05-30 14:15:21,735:INFO:------------------------------------------------------------------------------------------------
2020-05-30 14:17:26,143:INFO:------------------------------------------------------------------------------------------------
2020-05-30 14:18:27,056:INFO:------------------------------------------------------------------------------------------------
2020-05-30 14:18:34,118:INFO:ДУГААРАА СОНГОЖ БУЙ ХЭСЭГ
2020-05-30 14:18:34,118:INFO:2
2020-05-30 14:20:58,277:INFO:------------------------------------------------------------------------------------------------
2020-05-30 14:25:27,643:INFO:------------------------------------------------------------------------------------------------
2020-05-30 14:35:04,054:INFO:------------------------------------------------------------------------------------------------
2020-05-30 14:35:05,113:INFO:ДУГААРАА СОНГОЖ БУЙ ХЭСЭГ
2020-05-30 14:35:05,113:INFO:7
2020-05-30 14:35:07,257:INFO:ДУГААРАА СОНГОЖ БУЙ ХЭСЭГ
2020-05-30 14:35:07,258:INFO:7
2020-05-30 14:35:42,817:INFO:ДУГААРЫН ҮНЭ
2020-05-30 14:35:42,819:INFO:10000
2020-05-30 14:36:25,124:INFO:ДУГААРАА СОНГОЖ БУЙ ХЭСЭГ
2020-05-30 14:36:25,124:INFO:2
2020-05-30 14:37:06,699:INFO:------------------------------------------------------------------------------------------------
2020-05-30 14:37:08,054:INFO:------------------------------------------------------------------------------------------------
2020-05-30 14:41:27,765:INFO:ДУГААРАА СОНГОЖ БУЙ ХЭСЭГ
2020-05-30 14:41:27,765:INFO:7
2020-05-30 14:43:35,170:INFO:ДУГААРАА СОНГОЖ БУЙ ХЭСЭГ
2020-05-30 14:43:35,170:INFO:7
2020-05-30 14:43:40,323:INFO:ДУГААРАА СОНГОЖ БУЙ ХЭСЭГ
2020-05-30 14:43:40,324:INFO:7
2020-05-30 14:43:48,314:INFO:ДУГААРАА СОНГОЖ БУЙ ХЭСЭГ
2020-05-30 14:43:48,315:INFO:7
2020-05-30 14:43:57,404:INFO:ДУГААРАА СОНГОЖ БУЙ ХЭСЭГ
2020-05-30 14:43:57,404:INFO:7
2020-05-30 14:44:39,454:INFO:------------------------------------------------------------------------------------------------
2020-05-30 14:44:43,238:INFO:------------------------------------------------------------------------------------------------
2020-05-30 14:44:45,691:INFO:ДУГААРАА СОНГОЖ БУЙ ХЭСЭГ
2020-05-30 14:44:45,691:INFO:7
2020-05-30 14:47:04,853:INFO:------------------------------------------------------------------------------------------------
2020-05-30 14:47:06,551:INFO:ДУГААРАА СОНГОЖ БУЙ ХЭСЭГ
2020-05-30 14:47:06,551:INFO:7
2020-05-30 14:47:27,321:INFO:ДУГААРАА СОНГОЖ БУЙ ХЭСЭГ
2020-05-30 14:47:27,321:INFO:7
2020-05-30 14:47:38,544:INFO:ДУГААРАА СОНГОЖ БУЙ ХЭСЭГ
2020-05-30 14:47:38,545:INFO:7
2020-05-30 14:48:12,200:INFO:ДУГААРЫН ҮНЭ
2020-05-30 14:48:12,202:INFO:10000
2020-05-30 14:48:33,209:INFO:ДУГААРАА СОНГОЖ БУЙ ХЭСЭГ
2020-05-30 14:48:33,209:INFO:7
2020-05-30 14:49:20,578:INFO:ДУГААРАА СОНГОЖ БУЙ ХЭСЭГ
2020-05-30 14:49:20,579:INFO:7
2020-05-30 14:49:25,176:INFO:ДУГААРАА СОНГОЖ БУЙ ХЭСЭГ
2020-05-30 14:49:25,176:INFO:7
2020-05-30 14:49:51,418:INFO:------------------------------------------------------------------------------------------------
2020-05-30 14:51:06,183:INFO:------------------------------------------------------------------------------------------------
2020-05-30 14:51:07,702:INFO:ДУГААРАА СОНГОЖ БУЙ ХЭСЭГ
2020-05-30 14:51:07,703:INFO:7
2020-05-30 14:51:20,416:INFO:ДУГААРАА СОНГОЖ БУЙ ХЭСЭГ
2020-05-30 14:51:20,416:INFO:7
2020-05-30 14:52:01,763:INFO:------------------------------------------------------------------------------------------------
2020-05-30 14:52:05,028:INFO:ДУГААРАА СОНГОЖ БУЙ ХЭСЭГ
2020-05-30 14:52:05,028:INFO:2
2020-05-30 14:52:26,484:INFO:ДУГААРАА СОНГОЖ БУЙ ХЭСЭГ
2020-05-30 14:52:26,484:INFO:7
2020-05-30 14:56:34,594:INFO:------------------------------------------------------------------------------------------------
2020-05-30 14:56:41,756:INFO:ДУГААРАА СОНГОЖ БУЙ ХЭСЭГ
2020-05-30 14:56:41,757:INFO:2
2020-05-30 14:56:44,563:INFO:ДУГААРАА СОНГОЖ БУЙ ХЭСЭГ
2020-05-30 14:56:44,563:INFO:2
2020-05-30 14:56:52,503:INFO:------------------------------------------------------------------------------------------------
2020-05-30 14:56:54,932:INFO:ДУГААРАА СОНГОЖ БУЙ ХЭСЭГ
2020-05-30 14:56:54,933:INFO:2
2020-05-30 14:58:34,581:INFO:ДУГААРЫН ҮНЭ
2020-05-30 14:58:34,584:INFO:5000
2020-05-30 14:58:44,069:INFO:ДУГААРЫН ZAHIALGA
2020-05-30 15:00:27,612:INFO:------------------------------------------------------------------------------------------------
2020-05-30 15:00:44,228:INFO:------------------------------------------------------------------------------------------------
2020-05-30 15:01:41,768:INFO:ДУГААРАА СОНГОЖ БУЙ ХЭСЭГ
2020-05-30 15:01:41,768:INFO:2
2020-05-30 15:01:57,401:INFO:ДУГААРАА СОНГОЖ БУЙ ХЭСЭГ
2020-05-30 15:01:57,401:INFO:2
2020-05-30 15:02:00,582:INFO:ДУГААРАА СОНГОЖ БУЙ ХЭСЭГ
2020-05-30 15:02:00,582:INFO:2
2020-05-30 15:02:08,917:INFO:ДУГААРАА СОНГОЖ БУЙ ХЭСЭГ
2020-05-30 15:02:08,918:INFO:2
2020-05-30 15:02:24,481:INFO:------------------------------------------------------------------------------------------------
2020-05-30 15:03:22,591:INFO:ДУГААРАА СОНГОЖ БУЙ ХЭСЭГ
2020-05-30 15:03:22,591:INFO:7
2020-05-30 15:03:23,565:INFO:------------------------------------------------------------------------------------------------
2020-05-30 15:03:24,099:INFO:ДУГААРАА СОНГОЖ БУЙ ХЭСЭГ
2020-05-30 15:03:24,100:INFO:7
2020-05-30 15:03:28,987:INFO:ДУГААРАА СОНГОЖ БУЙ ХЭСЭГ
2020-05-30 15:03:28,988:INFO:7
2020-05-30 15:03:55,271:INFO:ДУГААРЫН ҮНЭ
2020-05-30 15:03:55,274:INFO:5000
2020-05-30 15:03:57,681:ERROR:Internal Server Error: /getnumber
Traceback (most recent call last):
  File "/usr/local/lib/python2.7/dist-packages/django/core/handlers/exception.py", line 41, in inner
    response = get_response(request)
  File "/usr/local/lib/python2.7/dist-packages/django/core/handlers/base.py", line 187, in _get_response
    response = self.process_exception_by_middleware(e, request)
  File "/usr/local/lib/python2.7/dist-packages/django/core/handlers/base.py", line 185, in _get_response
    response = wrapped_callback(request, *callback_args, **callback_kwargs)
  File "/usr/local/lib/python2.7/dist-packages/django/views/decorators/csrf.py", line 58, in wrapped_view
    return view_func(*args, **kwargs)
  File "/usr/local/lib/python2.7/dist-packages/django/views/generic/base.py", line 68, in view
    return self.dispatch(request, *args, **kwargs)
  File "/usr/local/lib/python2.7/dist-packages/rest_framework/views.py", line 495, in dispatch
    response = self.handle_exception(exc)
  File "/usr/local/lib/python2.7/dist-packages/rest_framework/views.py", line 455, in handle_exception
    self.raise_uncaught_exception(exc)
  File "/usr/local/lib/python2.7/dist-packages/rest_framework/views.py", line 492, in dispatch
    response = handler(request, *args, **kwargs)
  File "/usr/local/lib/python2.7/dist-packages/rest_framework/decorators.py", line 55, in handler
    return func(*args, **kwargs)
  File "/home/user/nFilterNew/controller/views.py", line 206, in getNumber
    if data[1] == az:
IndexError: list index out of range
2020-05-30 15:07:02,320:INFO:------------------------------------------------------------------------------------------------
2020-05-30 15:07:03,487:INFO:ДУГААРАА СОНГОЖ БУЙ ХЭСЭГ
2020-05-30 15:07:03,487:INFO:7
2020-05-30 15:07:14,156:INFO:------------------------------------------------------------------------------------------------
2020-05-30 15:08:33,594:INFO:------------------------------------------------------------------------------------------------
2020-05-30 15:09:53,275:INFO:------------------------------------------------------------------------------------------------
2020-05-30 15:09:55,899:INFO:ДУГААРАА СОНГОЖ БУЙ ХЭСЭГ
2020-05-30 15:09:55,899:INFO:7
2020-05-30 15:12:03,821:INFO:------------------------------------------------------------------------------------------------
2020-05-30 15:12:17,077:INFO:------------------------------------------------------------------------------------------------
2020-05-30 15:12:19,179:INFO:ДУГААРАА СОНГОЖ БУЙ ХЭСЭГ
2020-05-30 15:12:19,179:INFO:2
2020-05-30 15:15:00,976:INFO:------------------------------------------------------------------------------------------------
2020-05-30 15:15:02,060:INFO:ДУГААРАА СОНГОЖ БУЙ ХЭСЭГ
2020-05-30 15:15:02,061:INFO:7
2020-05-30 15:15:21,980:INFO:------------------------------------------------------------------------------------------------
2020-05-30 15:17:13,704:INFO:ДУГААРАА СОНГОЖ БУЙ ХЭСЭГ
2020-05-30 15:17:13,704:INFO:7
2020-05-30 15:17:14,760:INFO:------------------------------------------------------------------------------------------------
2020-05-30 15:17:15,310:INFO:ДУГААРАА СОНГОЖ БУЙ ХЭСЭГ
2020-05-30 15:17:15,310:INFO:7
2020-05-30 15:19:08,194:INFO:ДУГААРЫН ҮНЭ
2020-05-30 15:19:08,197:INFO:10000
2020-05-30 15:19:43,895:INFO:ДУГААРЫН ҮНЭ
2020-05-30 15:19:43,898:INFO:10000
2020-05-30 15:19:50,622:INFO:ДУГААРЫН ҮНЭ
2020-05-30 15:19:50,626:INFO:10000
2020-05-30 15:20:55,036:INFO:ДУГААРАА СОНГОЖ БУЙ ХЭСЭГ
2020-05-30 15:20:55,036:INFO:2
2020-05-30 15:21:17,435:INFO:ДУГААРАА СОНГОЖ БУЙ ХЭСЭГ
2020-05-30 15:21:17,435:INFO:7
2020-05-30 15:21:21,057:INFO:ДУГААРАА СОНГОЖ БУЙ ХЭСЭГ
2020-05-30 15:21:21,057:INFO:2
2020-05-30 15:22:59,069:INFO:ДУГААРЫН ҮНЭ
2020-05-30 15:22:59,073:INFO:5000
2020-05-30 15:23:58,775:INFO:ДУГААРАА СОНГОЖ БУЙ ХЭСЭГ
2020-05-30 15:23:58,776:INFO:7
2020-05-30 15:25:30,350:INFO:------------------------------------------------------------------------------------------------
2020-05-30 15:25:51,079:INFO:------------------------------------------------------------------------------------------------
2020-05-30 15:25:53,337:INFO:ДУГААРАА СОНГОЖ БУЙ ХЭСЭГ
2020-05-30 15:25:53,337:INFO:2
2020-05-30 15:25:53,525:WARNING:Not Found: /favicon.ico
2020-05-30 15:26:31,717:INFO:------------------------------------------------------------------------------------------------
2020-05-30 15:26:33,051:INFO:ДУГААРАА СОНГОЖ БУЙ ХЭСЭГ
2020-05-30 15:26:33,051:INFO:7
2020-05-30 15:26:34,006:WARNING:Not Found: /favicon.ico
2020-05-30 15:31:24,057:INFO:ДУГААРАА СОНГОЖ БУЙ ХЭСЭГ
2020-05-30 15:31:24,057:INFO:2
2020-05-30 15:31:48,777:INFO:ДУГААРЫН ҮНЭ
2020-05-30 15:31:48,779:INFO:5000
2020-05-30 15:33:07,058:INFO:ДУГААРЫН ZAHIALGA
2020-05-30 15:33:30,756:INFO:ДУГААРАА СОНГОЖ БУЙ ХЭСЭГ
2020-05-30 15:33:30,756:INFO:7
2020-05-30 15:33:44,479:INFO:ДУГААРАА СОНГОЖ БУЙ ХЭСЭГ
2020-05-30 15:33:44,479:INFO:7
2020-05-30 15:37:06,760:INFO:------------------------------------------------------------------------------------------------
2020-05-30 15:37:18,621:INFO:------------------------------------------------------------------------------------------------
2020-05-30 15:38:01,132:INFO:ДУГААРАА СОНГОЖ БУЙ ХЭСЭГ
2020-05-30 15:38:01,132:INFO:2
2020-05-30 15:40:01,108:INFO:ДУГААРЫН ҮНЭ
2020-05-30 15:40:01,111:INFO:5000
2020-05-30 15:40:08,890:INFO:ДУГААРЫН ZAHIALGA
2020-05-30 15:40:10,181:INFO:------------------------------------------------------------------------------------------------
2020-05-30 15:40:36,507:INFO:------------------------------------------------------------------------------------------------
2020-05-30 15:40:37,443:INFO:ДУГААРАА СОНГОЖ БУЙ ХЭСЭГ
2020-05-30 15:40:37,444:INFO:2
2020-05-30 15:42:30,092:INFO:------------------------------------------------------------------------------------------------
2020-05-30 15:42:31,083:INFO:ДУГААРАА СОНГОЖ БУЙ ХЭСЭГ
2020-05-30 15:42:31,083:INFO:2
2020-05-30 15:42:31,208:WARNING:Not Found: /favicon.ico
2020-05-30 15:46:26,824:INFO:------------------------------------------------------------------------------------------------
2020-05-30 15:46:29,032:INFO:ДУГААРАА СОНГОЖ БУЙ ХЭСЭГ
2020-05-30 15:46:29,033:INFO:7
2020-05-30 15:47:16,399:INFO:ДУГААРЫН ҮНЭ
2020-05-30 15:47:16,402:INFO:10000
2020-05-30 15:50:54,035:INFO:ДУГААРАА СОНГОЖ БУЙ ХЭСЭГ
2020-05-30 15:50:54,035:INFO:7
2020-05-30 15:52:07,394:INFO:ДУГААРАА СОНГОЖ БУЙ ХЭСЭГ
2020-05-30 15:52:07,395:INFO:2
2020-05-30 15:52:10,877:INFO:ДУГААРАА СОНГОЖ БУЙ ХЭСЭГ
2020-05-30 15:52:10,877:INFO:2
2020-05-30 15:52:11,831:INFO:ДУГААРАА СОНГОЖ БУЙ ХЭСЭГ
2020-05-30 15:52:11,832:INFO:2
2020-05-30 15:53:19,043:INFO:------------------------------------------------------------------------------------------------
2020-05-30 15:53:20,184:INFO:ДУГААРАА СОНГОЖ БУЙ ХЭСЭГ
2020-05-30 15:53:20,184:INFO:7
2020-05-30 16:00:03,054:INFO:ДУГААРАА СОНГОЖ БУЙ ХЭСЭГ
2020-05-30 16:00:03,055:INFO:2
2020-05-30 16:00:03,497:WARNING:Not Found: /favicon.ico
2020-05-30 16:00:07,555:INFO:------------------------------------------------------------------------------------------------
2020-05-30 16:00:08,916:INFO:ДУГААРАА СОНГОЖ БУЙ ХЭСЭГ
2020-05-30 16:00:08,916:INFO:2
2020-05-30 16:00:20,618:INFO:ДУГААРАА СОНГОЖ БУЙ ХЭСЭГ
2020-05-30 16:00:20,618:INFO:2
2020-05-30 16:00:30,110:INFO:------------------------------------------------------------------------------------------------
2020-05-30 16:00:39,622:INFO:ДУГААРЫН ҮНЭ
2020-05-30 16:00:39,624:INFO:5000
2020-05-30 16:01:49,413:INFO:------------------------------------------------------------------------------------------------
2020-05-30 16:01:50,279:INFO:ДУГААРАА СОНГОЖ БУЙ ХЭСЭГ
2020-05-30 16:01:50,279:INFO:2
2020-05-30 16:02:25,504:INFO:------------------------------------------------------------------------------------------------
2020-05-30 16:03:09,006:INFO:ДУГААРАА СОНГОЖ БУЙ ХЭСЭГ
2020-05-30 16:03:09,006:INFO:7
2020-05-30 16:04:35,453:INFO:ДУГААРАА СОНГОЖ БУЙ ХЭСЭГ
2020-05-30 16:04:35,453:INFO:2
2020-05-30 16:05:31,888:INFO:ДУГААРАА СОНГОЖ БУЙ ХЭСЭГ
2020-05-30 16:05:31,888:INFO:2
2020-05-30 16:05:35,166:INFO:ДУГААРАА СОНГОЖ БУЙ ХЭСЭГ
2020-05-30 16:05:35,166:INFO:2
2020-05-30 16:05:36,938:INFO:ДУГААРАА СОНГОЖ БУЙ ХЭСЭГ
2020-05-30 16:05:36,938:INFO:2
2020-05-30 16:07:59,501:INFO:------------------------------------------------------------------------------------------------
2020-05-30 16:08:05,303:INFO:ДУГААРАА СОНГОЖ БУЙ ХЭСЭГ
2020-05-30 16:08:05,303:INFO:7
2020-05-30 16:08:25,462:INFO:ДУГААРАА СОНГОЖ БУЙ ХЭСЭГ
2020-05-30 16:08:25,462:INFO:7
2020-05-30 16:08:33,747:INFO:------------------------------------------------------------------------------------------------
2020-05-30 16:09:07,282:INFO:------------------------------------------------------------------------------------------------
2020-05-30 16:09:07,933:INFO:ДУГААРАА СОНГОЖ БУЙ ХЭСЭГ
2020-05-30 16:09:07,934:INFO:7
2020-05-30 16:10:49,667:INFO:------------------------------------------------------------------------------------------------
2020-05-30 16:10:51,079:INFO:ДУГААРАА СОНГОЖ БУЙ ХЭСЭГ
2020-05-30 16:10:51,079:INFO:2
2020-05-30 16:17:56,249:INFO:------------------------------------------------------------------------------------------------
2020-05-30 16:17:57,102:INFO:ДУГААРАА СОНГОЖ БУЙ ХЭСЭГ
2020-05-30 16:17:57,102:INFO:7
2020-05-30 16:20:51,137:INFO:ДУГААРАА СОНГОЖ БУЙ ХЭСЭГ
2020-05-30 16:20:51,137:INFO:7
2020-05-30 16:21:11,331:INFO:ДУГААРАА СОНГОЖ БУЙ ХЭСЭГ
2020-05-30 16:21:11,332:INFO:7
2020-05-30 16:21:15,330:INFO:ДУГААРАА СОНГОЖ БУЙ ХЭСЭГ
2020-05-30 16:21:15,330:INFO:2
2020-05-30 16:21:37,020:INFO:------------------------------------------------------------------------------------------------
2020-05-30 16:21:37,865:INFO:ДУГААРАА СОНГОЖ БУЙ ХЭСЭГ
2020-05-30 16:21:37,865:INFO:7
2020-05-30 16:25:36,291:INFO:------------------------------------------------------------------------------------------------
2020-05-30 16:25:45,427:INFO:------------------------------------------------------------------------------------------------
2020-05-30 16:25:46,440:INFO:ДУГААРАА СОНГОЖ БУЙ ХЭСЭГ
2020-05-30 16:25:46,440:INFO:2
2020-05-30 16:26:12,609:INFO:------------------------------------------------------------------------------------------------
2020-05-30 16:26:20,645:INFO:ДУГААРАА СОНГОЖ БУЙ ХЭСЭГ
2020-05-30 16:26:20,646:INFO:2
2020-05-30 16:30:17,497:INFO:ДУГААРЫН ҮНЭ
2020-05-30 16:30:17,500:INFO:5000
2020-05-30 16:31:03,321:INFO:ДУГААРЫН ZAHIALGA
2020-05-30 16:31:27,018:INFO:------------------------------------------------------------------------------------------------
2020-05-30 16:31:28,296:INFO:ДУГААРАА СОНГОЖ БУЙ ХЭСЭГ
2020-05-30 16:31:28,297:INFO:2
2020-05-30 16:32:11,240:INFO:------------------------------------------------------------------------------------------------
2020-05-30 16:33:03,592:INFO:------------------------------------------------------------------------------------------------
2020-05-30 16:37:06,835:INFO:------------------------------------------------------------------------------------------------
2020-05-30 16:37:10,117:INFO:------------------------------------------------------------------------------------------------
2020-05-30 16:37:11,010:INFO:ДУГААРАА СОНГОЖ БУЙ ХЭСЭГ
2020-05-30 16:37:11,010:INFO:2
2020-05-30 16:39:51,027:INFO:------------------------------------------------------------------------------------------------
2020-05-30 16:39:52,453:INFO:ДУГААРАА СОНГОЖ БУЙ ХЭСЭГ
2020-05-30 16:39:52,453:INFO:7
2020-05-30 16:43:30,632:INFO:ДУГААРАА СОНГОЖ БУЙ ХЭСЭГ
2020-05-30 16:43:30,632:INFO:7
2020-05-30 16:43:46,159:INFO:ДУГААРАА СОНГОЖ БУЙ ХЭСЭГ
2020-05-30 16:43:46,160:INFO:7
2020-05-30 16:43:59,659:INFO:ДУГААРАА СОНГОЖ БУЙ ХЭСЭГ
2020-05-30 16:43:59,659:INFO:7
2020-05-30 16:44:31,534:INFO:------------------------------------------------------------------------------------------------
2020-05-30 16:44:32,703:INFO:ДУГААРАА СОНГОЖ БУЙ ХЭСЭГ
2020-05-30 16:44:32,704:INFO:7
2020-05-30 16:46:05,234:INFO:------------------------------------------------------------------------------------------------
2020-05-30 16:46:09,599:INFO:ДУГААРАА СОНГОЖ БУЙ ХЭСЭГ
2020-05-30 16:46:09,599:INFO:7
2020-05-30 16:46:12,309:INFO:ДУГААРАА СОНГОЖ БУЙ ХЭСЭГ
2020-05-30 16:46:12,309:INFO:7
2020-05-30 16:48:47,402:INFO:ДУГААРАА СОНГОЖ БУЙ ХЭСЭГ
2020-05-30 16:48:47,402:INFO:7
2020-05-30 16:55:28,683:INFO:------------------------------------------------------------------------------------------------
2020-05-30 16:55:34,645:INFO:ДУГААРАА СОНГОЖ БУЙ ХЭСЭГ
2020-05-30 16:55:34,645:INFO:7
2020-05-30 16:55:35,073:WARNING:Not Found: /favicon.ico
2020-05-30 16:58:47,471:INFO:------------------------------------------------------------------------------------------------
2020-05-30 16:58:51,686:INFO:ДУГААРАА СОНГОЖ БУЙ ХЭСЭГ
2020-05-30 16:58:51,686:INFO:7
2020-05-30 16:59:08,373:INFO:ДУГААРАА СОНГОЖ БУЙ ХЭСЭГ
2020-05-30 16:59:08,373:INFO:7
2020-05-30 16:59:38,423:INFO:ДУГААРАА СОНГОЖ БУЙ ХЭСЭГ
2020-05-30 16:59:38,423:INFO:7
2020-05-30 17:00:02,309:INFO:------------------------------------------------------------------------------------------------
2020-05-30 17:00:04,616:INFO:ДУГААРАА СОНГОЖ БУЙ ХЭСЭГ
2020-05-30 17:00:04,616:INFO:7
2020-05-30 17:00:06,886:INFO:ДУГААРАА СОНГОЖ БУЙ ХЭСЭГ
2020-05-30 17:00:06,886:INFO:7
2020-05-30 17:00:19,067:INFO:------------------------------------------------------------------------------------------------
2020-05-30 17:00:20,216:INFO:ДУГААРАА СОНГОЖ БУЙ ХЭСЭГ
2020-05-30 17:00:20,216:INFO:7
2020-05-30 17:00:23,101:INFO:ДУГААРАА СОНГОЖ БУЙ ХЭСЭГ
2020-05-30 17:00:23,102:INFO:7
2020-05-30 17:02:26,534:INFO:------------------------------------------------------------------------------------------------
2020-05-30 17:08:33,980:INFO:------------------------------------------------------------------------------------------------
2020-05-30 17:10:42,592:INFO:------------------------------------------------------------------------------------------------
2020-05-30 17:10:44,220:INFO:ДУГААРАА СОНГОЖ БУЙ ХЭСЭГ
2020-05-30 17:10:44,221:INFO:7
2020-05-30 17:11:16,179:INFO:ДУГААРАА СОНГОЖ БУЙ ХЭСЭГ
2020-05-30 17:11:16,179:INFO:7
2020-05-30 17:11:32,229:INFO:ДУГААРАА СОНГОЖ БУЙ ХЭСЭГ
2020-05-30 17:11:32,229:INFO:7
2020-05-30 17:11:37,924:INFO:ДУГААРЫН ҮНЭ
2020-05-30 17:11:37,926:INFO:10000
2020-05-30 17:11:57,534:INFO:ДУГААРАА СОНГОЖ БУЙ ХЭСЭГ
2020-05-30 17:11:57,534:INFO:7
2020-05-30 17:12:23,128:INFO:ДУГААРЫН ҮНЭ
2020-05-30 17:12:23,131:INFO:10000
2020-05-30 17:12:34,673:INFO:ДУГААРАА СОНГОЖ БУЙ ХЭСЭГ
2020-05-30 17:12:34,673:INFO:7
2020-05-30 17:15:06,229:INFO:------------------------------------------------------------------------------------------------
2020-05-30 17:17:03,952:INFO:ДУГААРАА СОНГОЖ БУЙ ХЭСЭГ
2020-05-30 17:17:03,952:INFO:7
2020-05-30 17:17:32,068:WARNING:Not Found: /favicon.ico
2020-05-30 17:17:35,547:INFO:ДУГААРАА СОНГОЖ БУЙ ХЭСЭГ
2020-05-30 17:17:35,547:INFO:7
2020-05-30 17:17:44,994:INFO:------------------------------------------------------------------------------------------------
2020-05-30 17:17:47,721:INFO:ДУГААРАА СОНГОЖ БУЙ ХЭСЭГ
2020-05-30 17:17:47,721:INFO:7
2020-05-30 17:17:49,773:INFO:ДУГААРАА СОНГОЖ БУЙ ХЭСЭГ
2020-05-30 17:17:49,773:INFO:7
2020-05-30 17:18:14,230:INFO:ДУГААРАА СОНГОЖ БУЙ ХЭСЭГ
2020-05-30 17:18:14,230:INFO:7
2020-05-30 17:20:24,587:INFO:------------------------------------------------------------------------------------------------
2020-05-30 17:20:26,074:INFO:ДУГААРАА СОНГОЖ БУЙ ХЭСЭГ
2020-05-30 17:20:26,075:INFO:2
2020-05-30 17:20:37,196:INFO:ДУГААРАА СОНГОЖ БУЙ ХЭСЭГ
2020-05-30 17:20:37,196:INFO:2
2020-05-30 17:20:46,842:INFO:ДУГААРАА СОНГОЖ БУЙ ХЭСЭГ
2020-05-30 17:20:46,842:INFO:2
2020-05-30 17:20:53,480:INFO:ДУГААРАА СОНГОЖ БУЙ ХЭСЭГ
2020-05-30 17:20:53,481:INFO:2
2020-05-30 17:21:08,297:INFO:ДУГААРАА СОНГОЖ БУЙ ХЭСЭГ
2020-05-30 17:21:08,297:INFO:2
2020-05-30 17:23:33,553:INFO:ДУГААРАА СОНГОЖ БУЙ ХЭСЭГ
2020-05-30 17:23:33,553:INFO:2
2020-05-30 17:23:56,033:INFO:ДУГААРАА СОНГОЖ БУЙ ХЭСЭГ
2020-05-30 17:23:56,033:INFO:2
2020-05-30 17:24:17,835:INFO:ДУГААРАА СОНГОЖ БУЙ ХЭСЭГ
2020-05-30 17:24:17,835:INFO:2
2020-05-30 17:24:40,259:INFO:ДУГААРАА СОНГОЖ БУЙ ХЭСЭГ
2020-05-30 17:24:40,259:INFO:2
2020-05-30 17:24:52,289:INFO:------------------------------------------------------------------------------------------------
2020-05-30 17:24:53,723:INFO:ДУГААРАА СОНГОЖ БУЙ ХЭСЭГ
2020-05-30 17:24:53,723:INFO:7
2020-05-30 17:24:57,286:INFO:ДУГААРАА СОНГОЖ БУЙ ХЭСЭГ
2020-05-30 17:24:57,286:INFO:7
2020-05-30 17:25:33,642:INFO:ДУГААРАА СОНГОЖ БУЙ ХЭСЭГ
2020-05-30 17:25:33,642:INFO:7
2020-05-30 17:25:45,910:INFO:ДУГААРАА СОНГОЖ БУЙ ХЭСЭГ
2020-05-30 17:25:45,911:INFO:7
2020-05-30 17:25:46,822:INFO:------------------------------------------------------------------------------------------------
2020-05-30 17:25:47,853:INFO:ДУГААРАА СОНГОЖ БУЙ ХЭСЭГ
2020-05-30 17:25:47,853:INFO:7
2020-05-30 17:25:49,241:INFO:ДУГААРАА СОНГОЖ БУЙ ХЭСЭГ
2020-05-30 17:25:49,241:INFO:7
2020-05-30 17:25:50,651:INFO:ДУГААРАА СОНГОЖ БУЙ ХЭСЭГ
2020-05-30 17:25:50,651:INFO:7
2020-05-30 17:25:51,993:INFO:------------------------------------------------------------------------------------------------
2020-05-30 17:25:54,071:INFO:ДУГААРАА СОНГОЖ БУЙ ХЭСЭГ
2020-05-30 17:25:54,071:INFO:7
2020-05-30 17:25:55,360:INFO:ДУГААРАА СОНГОЖ БУЙ ХЭСЭГ
2020-05-30 17:25:55,361:INFO:7
2020-05-30 17:26:11,602:INFO:ДУГААРАА СОНГОЖ БУЙ ХЭСЭГ
2020-05-30 17:26:11,602:INFO:7
2020-05-30 17:26:13,015:INFO:------------------------------------------------------------------------------------------------
2020-05-30 17:26:14,022:INFO:ДУГААРАА СОНГОЖ БУЙ ХЭСЭГ
2020-05-30 17:26:14,022:INFO:7
2020-05-30 17:26:17,313:INFO:ДУГААРАА СОНГОЖ БУЙ ХЭСЭГ
2020-05-30 17:26:17,313:INFO:7
2020-05-30 17:26:30,778:INFO:ДУГААРАА СОНГОЖ БУЙ ХЭСЭГ
2020-05-30 17:26:30,778:INFO:7
2020-05-30 17:27:17,061:INFO:ДУГААРЫН ҮНЭ
2020-05-30 17:27:17,064:INFO:10000
2020-05-30 17:28:01,763:INFO:ДУГААРАА СОНГОЖ БУЙ ХЭСЭГ
2020-05-30 17:28:01,763:INFO:7
2020-05-30 17:28:45,833:INFO:ДУГААРАА СОНГОЖ БУЙ ХЭСЭГ
2020-05-30 17:28:45,833:INFO:7
2020-05-30 17:32:03,204:INFO:ДУГААРАА СОНГОЖ БУЙ ХЭСЭГ
2020-05-30 17:32:03,204:INFO:2
2020-05-30 17:32:28,623:INFO:ДУГААРАА СОНГОЖ БУЙ ХЭСЭГ
2020-05-30 17:32:28,623:INFO:7
2020-05-30 17:33:19,789:INFO:ДУГААРАА СОНГОЖ БУЙ ХЭСЭГ
2020-05-30 17:33:19,789:INFO:7
2020-05-30 17:33:22,813:INFO:ДУГААРАА СОНГОЖ БУЙ ХЭСЭГ
2020-05-30 17:33:22,813:INFO:7
2020-05-30 17:33:35,289:INFO:ДУГААРАА СОНГОЖ БУЙ ХЭСЭГ
2020-05-30 17:33:35,290:INFO:2
2020-05-30 17:34:15,163:INFO:ДУГААРАА СОНГОЖ БУЙ ХЭСЭГ
2020-05-30 17:34:15,164:INFO:2
2020-05-30 17:34:40,297:INFO:ДУГААРАА СОНГОЖ БУЙ ХЭСЭГ
2020-05-30 17:34:40,297:INFO:2
2020-05-30 17:37:06,924:INFO:------------------------------------------------------------------------------------------------
2020-05-30 17:37:10,387:INFO:------------------------------------------------------------------------------------------------
2020-05-30 17:37:25,710:INFO:ДУГААРАА СОНГОЖ БУЙ ХЭСЭГ
2020-05-30 17:37:25,710:INFO:7
2020-05-30 17:37:26,598:WARNING:Not Found: /favicon.ico
2020-05-30 17:37:32,184:INFO:ДУГААРАА СОНГОЖ БУЙ ХЭСЭГ
2020-05-30 17:37:32,185:INFO:7
2020-05-30 17:37:43,299:INFO:ДУГААРАА СОНГОЖ БУЙ ХЭСЭГ
2020-05-30 17:37:43,299:INFO:7
2020-05-30 17:37:43,638:INFO:ДУГААРАА СОНГОЖ БУЙ ХЭСЭГ
2020-05-30 17:37:43,639:INFO:7
2020-05-30 17:37:45,682:INFO:ДУГААРАА СОНГОЖ БУЙ ХЭСЭГ
2020-05-30 17:37:45,683:INFO:7
2020-05-30 17:38:34,878:INFO:ДУГААРАА СОНГОЖ БУЙ ХЭСЭГ
2020-05-30 17:38:34,878:INFO:7
2020-05-30 17:38:45,897:INFO:ДУГААРАА СОНГОЖ БУЙ ХЭСЭГ
2020-05-30 17:38:45,898:INFO:7
2020-05-30 17:38:49,361:INFO:------------------------------------------------------------------------------------------------
2020-05-30 17:38:51,168:INFO:ДУГААРАА СОНГОЖ БУЙ ХЭСЭГ
2020-05-30 17:38:51,169:INFO:2
2020-05-30 17:38:53,269:INFO:ДУГААРАА СОНГОЖ БУЙ ХЭСЭГ
2020-05-30 17:38:53,269:INFO:2
2020-05-30 17:38:57,619:INFO:ДУГААРАА СОНГОЖ БУЙ ХЭСЭГ
2020-05-30 17:38:57,620:INFO:2
2020-05-30 17:38:58,665:INFO:ДУГААРАА СОНГОЖ БУЙ ХЭСЭГ
2020-05-30 17:38:58,665:INFO:2
2020-05-30 17:39:22,764:INFO:ДУГААРАА СОНГОЖ БУЙ ХЭСЭГ
2020-05-30 17:39:22,764:INFO:2
2020-05-30 17:39:25,008:INFO:------------------------------------------------------------------------------------------------
2020-05-30 17:39:26,723:INFO:ДУГААРАА СОНГОЖ БУЙ ХЭСЭГ
2020-05-30 17:39:26,723:INFO:7
2020-05-30 17:39:43,181:INFO:ДУГААРАА СОНГОЖ БУЙ ХЭСЭГ
2020-05-30 17:39:43,181:INFO:7
2020-05-30 17:39:59,346:INFO:ДУГААРАА СОНГОЖ БУЙ ХЭСЭГ
2020-05-30 17:39:59,346:INFO:7
2020-05-30 17:40:26,647:INFO:ДУГААРАА СОНГОЖ БУЙ ХЭСЭГ
2020-05-30 17:40:26,648:INFO:7
2020-05-30 17:40:45,040:INFO:ДУГААРАА СОНГОЖ БУЙ ХЭСЭГ
2020-05-30 17:40:45,041:INFO:7
2020-05-30 17:40:57,356:INFO:ДУГААРАА СОНГОЖ БУЙ ХЭСЭГ
2020-05-30 17:40:57,357:INFO:7
2020-05-30 17:41:08,206:INFO:------------------------------------------------------------------------------------------------
2020-05-30 17:41:10,770:INFO:ДУГААРАА СОНГОЖ БУЙ ХЭСЭГ
2020-05-30 17:41:10,771:INFO:7
2020-05-30 17:41:21,823:INFO:ДУГААРАА СОНГОЖ БУЙ ХЭСЭГ
2020-05-30 17:41:21,823:INFO:7
2020-05-30 17:41:34,267:INFO:ДУГААРАА СОНГОЖ БУЙ ХЭСЭГ
2020-05-30 17:41:34,267:INFO:7
2020-05-30 17:41:50,929:INFO:------------------------------------------------------------------------------------------------
2020-05-30 17:41:52,405:INFO:ДУГААРАА СОНГОЖ БУЙ ХЭСЭГ
2020-05-30 17:41:52,405:INFO:7
2020-05-30 17:41:57,024:INFO:ДУГААРАА СОНГОЖ БУЙ ХЭСЭГ
2020-05-30 17:41:57,024:INFO:7
2020-05-30 17:42:03,111:INFO:ДУГААРЫН ҮНЭ
2020-05-30 17:42:03,113:INFO:10000
2020-05-30 17:42:13,390:INFO:ДУГААРЫН ҮНЭ
2020-05-30 17:42:13,392:INFO:10000
2020-05-30 17:42:37,760:INFO:ДУГААРАА СОНГОЖ БУЙ ХЭСЭГ
2020-05-30 17:42:37,760:INFO:7
2020-05-30 17:43:42,344:ERROR:Internal Server Error: /getnumber
Traceback (most recent call last):
  File "/usr/local/lib/python2.7/dist-packages/django/core/handlers/exception.py", line 41, in inner
    response = get_response(request)
  File "/usr/local/lib/python2.7/dist-packages/django/core/handlers/base.py", line 187, in _get_response
    response = self.process_exception_by_middleware(e, request)
  File "/usr/local/lib/python2.7/dist-packages/django/core/handlers/base.py", line 185, in _get_response
    response = wrapped_callback(request, *callback_args, **callback_kwargs)
  File "/usr/local/lib/python2.7/dist-packages/django/views/decorators/csrf.py", line 58, in wrapped_view
    return view_func(*args, **kwargs)
  File "/usr/local/lib/python2.7/dist-packages/django/views/generic/base.py", line 68, in view
    return self.dispatch(request, *args, **kwargs)
  File "/usr/local/lib/python2.7/dist-packages/rest_framework/views.py", line 495, in dispatch
    response = self.handle_exception(exc)
  File "/usr/local/lib/python2.7/dist-packages/rest_framework/views.py", line 455, in handle_exception
    self.raise_uncaught_exception(exc)
  File "/usr/local/lib/python2.7/dist-packages/rest_framework/views.py", line 492, in dispatch
    response = handler(request, *args, **kwargs)
  File "/usr/local/lib/python2.7/dist-packages/rest_framework/decorators.py", line 55, in handler
    return func(*args, **kwargs)
  File "/home/user/nFilterNew/controller/views.py", line 206, in getNumber
    if data[1] == az:
IndexError: list index out of range
2020-05-30 17:50:14,688:INFO:------------------------------------------------------------------------------------------------
2020-05-30 17:50:17,700:INFO:ДУГААРАА СОНГОЖ БУЙ ХЭСЭГ
2020-05-30 17:50:17,700:INFO:2
2020-05-30 17:50:20,346:INFO:ДУГААРАА СОНГОЖ БУЙ ХЭСЭГ
2020-05-30 17:50:20,347:INFO:2
2020-05-30 17:52:22,080:INFO:------------------------------------------------------------------------------------------------
2020-05-30 17:52:23,818:INFO:ДУГААРАА СОНГОЖ БУЙ ХЭСЭГ
2020-05-30 17:52:23,818:INFO:7
2020-05-30 17:52:26,309:INFO:ДУГААРАА СОНГОЖ БУЙ ХЭСЭГ
2020-05-30 17:52:26,309:INFO:7
2020-05-30 17:53:56,841:INFO:ДУГААРАА СОНГОЖ БУЙ ХЭСЭГ
2020-05-30 17:53:56,841:INFO:7
2020-05-30 17:55:59,699:INFO:ДУГААРАА СОНГОЖ БУЙ ХЭСЭГ
2020-05-30 17:55:59,699:INFO:2
2020-05-30 17:58:12,434:INFO:ДУГААРАА СОНГОЖ БУЙ ХЭСЭГ
2020-05-30 17:58:12,434:INFO:2
2020-05-30 17:58:44,624:INFO:ДУГААРАА СОНГОЖ БУЙ ХЭСЭГ
2020-05-30 17:58:44,624:INFO:2
2020-05-30 17:58:52,330:INFO:ДУГААРАА СОНГОЖ БУЙ ХЭСЭГ
2020-05-30 17:58:52,331:INFO:2
2020-05-30 17:59:31,200:INFO:ДУГААРЫН ҮНЭ
2020-05-30 17:59:31,203:INFO:5000
2020-05-30 17:59:48,593:INFO:ДУГААРЫН ҮНЭ
2020-05-30 17:59:48,596:INFO:5000
2020-05-30 17:59:49,287:INFO:------------------------------------------------------------------------------------------------
2020-05-30 17:59:51,544:INFO:------------------------------------------------------------------------------------------------
2020-05-30 17:59:52,337:INFO:ДУГААРАА СОНГОЖ БУЙ ХЭСЭГ
2020-05-30 17:59:52,338:INFO:7
2020-05-30 17:59:54,218:INFO:ДУГААРАА СОНГОЖ БУЙ ХЭСЭГ
2020-05-30 17:59:54,219:INFO:2
2020-05-30 18:00:15,589:INFO:------------------------------------------------------------------------------------------------
2020-05-30 18:00:18,064:INFO:ДУГААРАА СОНГОЖ БУЙ ХЭСЭГ
2020-05-30 18:00:18,064:INFO:2
2020-05-30 18:00:54,763:INFO:ДУГААРАА СОНГОЖ БУЙ ХЭСЭГ
2020-05-30 18:00:54,763:INFO:2
2020-05-30 18:01:27,196:INFO:ДУГААРЫН ҮНЭ
2020-05-30 18:01:27,198:INFO:5000
2020-05-30 18:01:35,553:INFO:ДУГААРАА СОНГОЖ БУЙ ХЭСЭГ
2020-05-30 18:01:35,553:INFO:2
2020-05-30 18:02:05,802:INFO:------------------------------------------------------------------------------------------------
2020-05-30 18:02:08,684:INFO:ДУГААРАА СОНГОЖ БУЙ ХЭСЭГ
2020-05-30 18:02:08,684:INFO:7
2020-05-30 18:02:27,542:INFO:------------------------------------------------------------------------------------------------
2020-05-30 18:02:50,872:INFO:------------------------------------------------------------------------------------------------
2020-05-30 18:02:52,363:INFO:ДУГААРАА СОНГОЖ БУЙ ХЭСЭГ
2020-05-30 18:02:52,363:INFO:7
2020-05-30 18:03:55,924:INFO:------------------------------------------------------------------------------------------------
2020-05-30 18:03:57,427:INFO:ДУГААРАА СОНГОЖ БУЙ ХЭСЭГ
2020-05-30 18:03:57,427:INFO:7
2020-05-30 18:04:36,045:INFO:------------------------------------------------------------------------------------------------
2020-05-30 18:04:37,878:INFO:ДУГААРАА СОНГОЖ БУЙ ХЭСЭГ
2020-05-30 18:04:37,878:INFO:7
2020-05-30 18:04:59,809:INFO:------------------------------------------------------------------------------------------------
2020-05-30 18:05:01,032:INFO:ДУГААРАА СОНГОЖ БУЙ ХЭСЭГ
2020-05-30 18:05:01,032:INFO:7
2020-05-30 18:05:21,479:INFO:------------------------------------------------------------------------------------------------
2020-05-30 18:05:22,658:INFO:ДУГААРАА СОНГОЖ БУЙ ХЭСЭГ
2020-05-30 18:05:22,658:INFO:2
2020-05-30 18:05:32,083:INFO:------------------------------------------------------------------------------------------------
2020-05-30 18:05:33,679:INFO:ДУГААРАА СОНГОЖ БУЙ ХЭСЭГ
2020-05-30 18:05:33,680:INFO:2
2020-05-30 18:06:06,448:INFO:------------------------------------------------------------------------------------------------
2020-05-30 18:06:08,221:INFO:ДУГААРАА СОНГОЖ БУЙ ХЭСЭГ
2020-05-30 18:06:08,222:INFO:2
2020-05-30 18:06:18,493:INFO:------------------------------------------------------------------------------------------------
2020-05-30 18:06:20,046:INFO:ДУГААРАА СОНГОЖ БУЙ ХЭСЭГ
2020-05-30 18:06:20,046:INFO:2
2020-05-30 18:06:30,007:INFO:------------------------------------------------------------------------------------------------
2020-05-30 18:06:31,310:INFO:ДУГААРАА СОНГОЖ БУЙ ХЭСЭГ
2020-05-30 18:06:31,310:INFO:7
2020-05-30 18:06:44,370:INFO:------------------------------------------------------------------------------------------------
2020-05-30 18:06:45,836:INFO:ДУГААРАА СОНГОЖ БУЙ ХЭСЭГ
2020-05-30 18:06:45,836:INFO:7
2020-05-30 18:07:06,258:INFO:------------------------------------------------------------------------------------------------
2020-05-30 18:07:07,437:INFO:ДУГААРАА СОНГОЖ БУЙ ХЭСЭГ
2020-05-30 18:07:07,437:INFO:7
2020-05-30 18:07:16,290:INFO:------------------------------------------------------------------------------------------------
2020-05-30 18:07:17,563:INFO:ДУГААРАА СОНГОЖ БУЙ ХЭСЭГ
2020-05-30 18:07:17,563:INFO:2
2020-05-30 18:08:35,294:INFO:------------------------------------------------------------------------------------------------
2020-05-30 18:08:36,757:INFO:ДУГААРАА СОНГОЖ БУЙ ХЭСЭГ
2020-05-30 18:08:36,757:INFO:2
2020-05-30 18:08:57,065:INFO:------------------------------------------------------------------------------------------------
2020-05-30 18:08:58,499:INFO:ДУГААРАА СОНГОЖ БУЙ ХЭСЭГ
2020-05-30 18:08:58,499:INFO:2
2020-05-30 18:09:19,911:INFO:------------------------------------------------------------------------------------------------
2020-05-30 18:09:21,596:INFO:ДУГААРАА СОНГОЖ БУЙ ХЭСЭГ
2020-05-30 18:09:21,596:INFO:2
2020-05-30 18:09:35,874:INFO:------------------------------------------------------------------------------------------------
2020-05-30 18:09:37,171:INFO:ДУГААРАА СОНГОЖ БУЙ ХЭСЭГ
2020-05-30 18:09:37,172:INFO:2
2020-05-30 18:09:47,875:INFO:------------------------------------------------------------------------------------------------
2020-05-30 18:09:49,254:INFO:ДУГААРАА СОНГОЖ БУЙ ХЭСЭГ
2020-05-30 18:09:49,254:INFO:2
2020-05-30 18:10:28,787:INFO:------------------------------------------------------------------------------------------------
2020-05-30 18:10:30,806:INFO:ДУГААРАА СОНГОЖ БУЙ ХЭСЭГ
2020-05-30 18:10:30,806:INFO:7
2020-05-30 18:12:21,262:INFO:------------------------------------------------------------------------------------------------
2020-05-30 18:12:22,392:INFO:ДУГААРАА СОНГОЖ БУЙ ХЭСЭГ
2020-05-30 18:12:22,392:INFO:2
2020-05-30 18:12:38,216:INFO:ДУГААРАА СОНГОЖ БУЙ ХЭСЭГ
2020-05-30 18:12:38,216:INFO:2
2020-05-30 18:12:55,792:INFO:------------------------------------------------------------------------------------------------
2020-05-30 18:12:58,858:INFO:ДУГААРАА СОНГОЖ БУЙ ХЭСЭГ
2020-05-30 18:12:58,858:INFO:2
2020-05-30 18:13:38,967:INFO:------------------------------------------------------------------------------------------------
2020-05-30 18:13:40,472:INFO:ДУГААРАА СОНГОЖ БУЙ ХЭСЭГ
2020-05-30 18:13:40,472:INFO:2
2020-05-30 18:14:09,733:INFO:------------------------------------------------------------------------------------------------
2020-05-30 18:14:11,448:INFO:ДУГААРАА СОНГОЖ БУЙ ХЭСЭГ
2020-05-30 18:14:11,449:INFO:2
2020-05-30 18:14:28,213:INFO:------------------------------------------------------------------------------------------------
2020-05-30 18:14:29,846:INFO:ДУГААРАА СОНГОЖ БУЙ ХЭСЭГ
2020-05-30 18:14:29,846:INFO:2
2020-05-30 18:14:50,502:INFO:------------------------------------------------------------------------------------------------
2020-05-30 18:14:52,083:INFO:ДУГААРАА СОНГОЖ БУЙ ХЭСЭГ
2020-05-30 18:14:52,084:INFO:2
2020-05-30 18:15:07,867:INFO:------------------------------------------------------------------------------------------------
2020-05-30 18:15:09,540:INFO:ДУГААРАА СОНГОЖ БУЙ ХЭСЭГ
2020-05-30 18:15:09,540:INFO:7
2020-05-30 18:15:11,628:INFO:------------------------------------------------------------------------------------------------
2020-05-30 18:15:22,949:INFO:------------------------------------------------------------------------------------------------
2020-05-30 18:15:25,326:INFO:ДУГААРАА СОНГОЖ БУЙ ХЭСЭГ
2020-05-30 18:15:25,326:INFO:7
2020-05-30 18:15:36,413:INFO:------------------------------------------------------------------------------------------------
2020-05-30 18:15:37,384:INFO:ДУГААРАА СОНГОЖ БУЙ ХЭСЭГ
2020-05-30 18:15:37,384:INFO:7
2020-05-30 18:15:58,431:INFO:ДУГААРАА СОНГОЖ БУЙ ХЭСЭГ
2020-05-30 18:15:58,431:INFO:7
2020-05-30 18:16:06,850:INFO:------------------------------------------------------------------------------------------------
2020-05-30 18:16:08,463:INFO:ДУГААРАА СОНГОЖ БУЙ ХЭСЭГ
2020-05-30 18:16:08,463:INFO:7
2020-05-30 18:16:12,820:INFO:ДУГААРАА СОНГОЖ БУЙ ХЭСЭГ
2020-05-30 18:16:12,820:INFO:7
2020-05-30 18:16:20,292:INFO:ДУГААРАА СОНГОЖ БУЙ ХЭСЭГ
2020-05-30 18:16:20,293:INFO:2
2020-05-30 18:16:20,684:WARNING:Not Found: /favicon.ico
2020-05-30 18:16:37,313:INFO:------------------------------------------------------------------------------------------------
2020-05-30 18:16:39,184:INFO:ДУГААРАА СОНГОЖ БУЙ ХЭСЭГ
2020-05-30 18:16:39,184:INFO:7
2020-05-30 18:17:00,569:INFO:ДУГААРАА СОНГОЖ БУЙ ХЭСЭГ
2020-05-30 18:17:00,570:INFO:7
2020-05-30 18:18:10,694:INFO:------------------------------------------------------------------------------------------------
2020-05-30 18:18:12,095:INFO:ДУГААРАА СОНГОЖ БУЙ ХЭСЭГ
2020-05-30 18:18:12,095:INFO:7
2020-05-30 18:18:23,475:INFO:------------------------------------------------------------------------------------------------
2020-05-30 18:18:25,106:INFO:ДУГААРАА СОНГОЖ БУЙ ХЭСЭГ
2020-05-30 18:18:25,106:INFO:2
2020-05-30 18:18:40,087:INFO:------------------------------------------------------------------------------------------------
2020-05-30 18:18:41,911:INFO:ДУГААРАА СОНГОЖ БУЙ ХЭСЭГ
2020-05-30 18:18:41,911:INFO:2
2020-05-30 18:18:57,306:INFO:------------------------------------------------------------------------------------------------
2020-05-30 18:18:57,577:INFO:------------------------------------------------------------------------------------------------
2020-05-30 18:18:58,797:INFO:ДУГААРАА СОНГОЖ БУЙ ХЭСЭГ
2020-05-30 18:18:58,798:INFO:4
2020-05-30 18:18:58,855:INFO:ДУГААРАА СОНГОЖ БУЙ ХЭСЭГ
2020-05-30 18:18:58,856:INFO:2
2020-05-30 18:19:25,196:INFO:------------------------------------------------------------------------------------------------
2020-05-30 18:19:26,919:INFO:ДУГААРАА СОНГОЖ БУЙ ХЭСЭГ
2020-05-30 18:19:26,919:INFO:7
2020-05-30 18:19:47,089:INFO:------------------------------------------------------------------------------------------------
2020-05-30 18:19:49,163:INFO:ДУГААРАА СОНГОЖ БУЙ ХЭСЭГ
2020-05-30 18:19:49,163:INFO:7
2020-05-30 18:20:02,112:INFO:------------------------------------------------------------------------------------------------
2020-05-30 18:20:03,591:INFO:ДУГААРАА СОНГОЖ БУЙ ХЭСЭГ
2020-05-30 18:20:03,591:INFO:2
2020-05-30 18:20:13,928:INFO:------------------------------------------------------------------------------------------------
2020-05-30 18:20:37,410:INFO:------------------------------------------------------------------------------------------------
2020-05-30 18:20:38,358:INFO:ДУГААРАА СОНГОЖ БУЙ ХЭСЭГ
2020-05-30 18:20:38,358:INFO:2
2020-05-30 18:24:55,239:INFO:ДУГААРАА СОНГОЖ БУЙ ХЭСЭГ
2020-05-30 18:24:55,239:INFO:7
2020-05-30 18:25:50,566:INFO:------------------------------------------------------------------------------------------------
2020-05-30 18:27:09,234:INFO:------------------------------------------------------------------------------------------------
2020-05-30 18:27:11,156:INFO:ДУГААРАА СОНГОЖ БУЙ ХЭСЭГ
2020-05-30 18:27:11,156:INFO:7
2020-05-30 18:28:50,485:INFO:ДУГААРАА СОНГОЖ БУЙ ХЭСЭГ
2020-05-30 18:28:50,486:INFO:7
2020-05-30 18:30:05,096:INFO:------------------------------------------------------------------------------------------------
2020-05-30 18:30:06,477:INFO:ДУГААРАА СОНГОЖ БУЙ ХЭСЭГ
2020-05-30 18:30:06,478:INFO:2
2020-05-30 18:30:22,646:INFO:------------------------------------------------------------------------------------------------
2020-05-30 18:30:23,760:INFO:ДУГААРАА СОНГОЖ БУЙ ХЭСЭГ
2020-05-30 18:30:23,761:INFO:7
2020-05-30 18:32:26,714:INFO:------------------------------------------------------------------------------------------------
2020-05-30 18:32:28,000:INFO:ДУГААРАА СОНГОЖ БУЙ ХЭСЭГ
2020-05-30 18:32:28,000:INFO:7
2020-05-30 18:32:44,376:INFO:------------------------------------------------------------------------------------------------
2020-05-30 18:32:45,428:INFO:ДУГААРАА СОНГОЖ БУЙ ХЭСЭГ
2020-05-30 18:32:45,429:INFO:7
2020-05-30 18:32:57,779:INFO:------------------------------------------------------------------------------------------------
2020-05-30 18:32:58,964:INFO:ДУГААРАА СОНГОЖ БУЙ ХЭСЭГ
2020-05-30 18:32:58,964:INFO:7
2020-05-30 18:33:18,857:INFO:------------------------------------------------------------------------------------------------
2020-05-30 18:33:19,830:INFO:ДУГААРАА СОНГОЖ БУЙ ХЭСЭГ
2020-05-30 18:33:19,830:INFO:7
2020-05-30 18:33:29,805:INFO:ДУГААРЫН ҮНЭ
2020-05-30 18:33:29,808:INFO:5000
2020-05-30 18:33:34,103:INFO:------------------------------------------------------------------------------------------------
2020-05-30 18:33:35,076:INFO:ДУГААРАА СОНГОЖ БУЙ ХЭСЭГ
2020-05-30 18:33:35,076:INFO:7
2020-05-30 18:33:48,377:INFO:------------------------------------------------------------------------------------------------
2020-05-30 18:33:49,520:INFO:ДУГААРАА СОНГОЖ БУЙ ХЭСЭГ
2020-05-30 18:33:49,520:INFO:2
2020-05-30 18:34:10,604:INFO:------------------------------------------------------------------------------------------------
2020-05-30 18:34:11,639:INFO:ДУГААРАА СОНГОЖ БУЙ ХЭСЭГ
2020-05-30 18:34:11,639:INFO:2
2020-05-30 18:34:55,031:INFO:------------------------------------------------------------------------------------------------
2020-05-30 18:35:02,768:INFO:ДУГААРАА СОНГОЖ БУЙ ХЭСЭГ
2020-05-30 18:35:02,768:INFO:7
2020-05-30 18:35:04,183:INFO:ДУГААРАА СОНГОЖ БУЙ ХЭСЭГ
2020-05-30 18:35:04,183:INFO:7
2020-05-30 18:35:16,952:INFO:------------------------------------------------------------------------------------------------
2020-05-30 18:35:17,970:INFO:ДУГААРАА СОНГОЖ БУЙ ХЭСЭГ
2020-05-30 18:35:17,971:INFO:7
2020-05-30 18:35:19,952:INFO:ДУГААРАА СОНГОЖ БУЙ ХЭСЭГ
2020-05-30 18:35:19,952:INFO:7
2020-05-30 18:35:31,593:INFO:ДУГААРАА СОНГОЖ БУЙ ХЭСЭГ
2020-05-30 18:35:31,593:INFO:7
2020-05-30 18:35:33,041:INFO:ДУГААРАА СОНГОЖ БУЙ ХЭСЭГ
2020-05-30 18:35:33,041:INFO:7
2020-05-30 18:35:35,412:INFO:ДУГААРАА СОНГОЖ БУЙ ХЭСЭГ
2020-05-30 18:35:35,413:INFO:7
2020-05-30 18:35:37,512:INFO:ДУГААРАА СОНГОЖ БУЙ ХЭСЭГ
2020-05-30 18:35:37,513:INFO:7
2020-05-30 18:35:44,715:INFO:------------------------------------------------------------------------------------------------
2020-05-30 18:35:46,231:INFO:ДУГААРАА СОНГОЖ БУЙ ХЭСЭГ
2020-05-30 18:35:46,231:INFO:2
2020-05-30 18:35:47,785:INFO:ДУГААРАА СОНГОЖ БУЙ ХЭСЭГ
2020-05-30 18:35:47,785:INFO:2
2020-05-30 18:36:45,903:INFO:------------------------------------------------------------------------------------------------
2020-05-30 18:36:47,467:INFO:ДУГААРАА СОНГОЖ БУЙ ХЭСЭГ
2020-05-30 18:36:47,467:INFO:2
2020-05-30 18:36:50,113:INFO:ДУГААРАА СОНГОЖ БУЙ ХЭСЭГ
2020-05-30 18:36:50,113:INFO:2
2020-05-30 18:37:06,833:INFO:------------------------------------------------------------------------------------------------
2020-05-30 18:37:07,009:INFO:------------------------------------------------------------------------------------------------
2020-05-30 18:37:08,225:INFO:ДУГААРАА СОНГОЖ БУЙ ХЭСЭГ
2020-05-30 18:37:08,225:INFO:2
2020-05-30 18:37:11,656:INFO:ДУГААРАА СОНГОЖ БУЙ ХЭСЭГ
2020-05-30 18:37:11,656:INFO:2
2020-05-30 18:37:28,764:INFO:------------------------------------------------------------------------------------------------
2020-05-30 18:37:30,010:INFO:ДУГААРАА СОНГОЖ БУЙ ХЭСЭГ
2020-05-30 18:37:30,010:INFO:2
2020-05-30 18:37:33,400:INFO:ДУГААРАА СОНГОЖ БУЙ ХЭСЭГ
2020-05-30 18:37:33,401:INFO:2
2020-05-30 18:38:40,534:INFO:------------------------------------------------------------------------------------------------
2020-05-30 18:38:41,617:INFO:ДУГААРАА СОНГОЖ БУЙ ХЭСЭГ
2020-05-30 18:38:41,618:INFO:7
2020-05-30 18:38:43,677:INFO:ДУГААРАА СОНГОЖ БУЙ ХЭСЭГ
2020-05-30 18:38:43,677:INFO:7
2020-05-30 18:38:51,780:INFO:------------------------------------------------------------------------------------------------
2020-05-30 18:38:53,199:INFO:ДУГААРАА СОНГОЖ БУЙ ХЭСЭГ
2020-05-30 18:38:53,199:INFO:7
2020-05-30 18:38:55,158:INFO:ДУГААРАА СОНГОЖ БУЙ ХЭСЭГ
2020-05-30 18:38:55,159:INFO:7
2020-05-30 18:39:10,293:INFO:------------------------------------------------------------------------------------------------
2020-05-30 18:39:11,387:INFO:ДУГААРАА СОНГОЖ БУЙ ХЭСЭГ
2020-05-30 18:39:11,388:INFO:7
2020-05-30 18:39:14,833:INFO:ДУГААРАА СОНГОЖ БУЙ ХЭСЭГ
2020-05-30 18:39:14,833:INFO:7
2020-05-30 18:39:22,006:INFO:------------------------------------------------------------------------------------------------
2020-05-30 18:39:24,249:INFO:------------------------------------------------------------------------------------------------
2020-05-30 18:39:25,349:INFO:ДУГААРАА СОНГОЖ БУЙ ХЭСЭГ
2020-05-30 18:39:25,350:INFO:7
2020-05-30 18:39:26,565:INFO:------------------------------------------------------------------------------------------------
2020-05-30 18:39:27,064:INFO:ДУГААРАА СОНГОЖ БУЙ ХЭСЭГ
2020-05-30 18:39:27,064:INFO:7
2020-05-30 18:39:28,440:INFO:ДУГААРАА СОНГОЖ БУЙ ХЭСЭГ
2020-05-30 18:39:28,440:INFO:2
2020-05-30 18:40:30,997:INFO:ДУГААРАА СОНГОЖ БУЙ ХЭСЭГ
2020-05-30 18:40:30,997:INFO:7
2020-05-30 18:40:32,381:INFO:------------------------------------------------------------------------------------------------
2020-05-30 18:40:34,026:INFO:ДУГААРАА СОНГОЖ БУЙ ХЭСЭГ
2020-05-30 18:40:34,026:INFO:2
2020-05-30 18:41:07,379:INFO:------------------------------------------------------------------------------------------------
2020-05-30 18:41:08,259:INFO:ДУГААРАА СОНГОЖ БУЙ ХЭСЭГ
2020-05-30 18:41:08,259:INFO:7
2020-05-30 18:42:23,718:INFO:------------------------------------------------------------------------------------------------
2020-05-30 18:42:25,299:INFO:ДУГААРАА СОНГОЖ БУЙ ХЭСЭГ
2020-05-30 18:42:25,299:INFO:7
2020-05-30 18:44:58,709:INFO:------------------------------------------------------------------------------------------------
2020-05-30 18:44:59,794:INFO:ДУГААРАА СОНГОЖ БУЙ ХЭСЭГ
2020-05-30 18:44:59,795:INFO:7
2020-05-30 18:46:03,994:INFO:------------------------------------------------------------------------------------------------
2020-05-30 18:46:05,000:INFO:ДУГААРАА СОНГОЖ БУЙ ХЭСЭГ
2020-05-30 18:46:05,001:INFO:7
2020-05-30 18:48:58,064:ERROR:Internal Server Error: /getnumber
Traceback (most recent call last):
  File "/usr/local/lib/python2.7/dist-packages/django/core/handlers/exception.py", line 41, in inner
    response = get_response(request)
  File "/usr/local/lib/python2.7/dist-packages/django/core/handlers/base.py", line 187, in _get_response
    response = self.process_exception_by_middleware(e, request)
  File "/usr/local/lib/python2.7/dist-packages/django/core/handlers/base.py", line 185, in _get_response
    response = wrapped_callback(request, *callback_args, **callback_kwargs)
  File "/usr/local/lib/python2.7/dist-packages/django/views/decorators/csrf.py", line 58, in wrapped_view
    return view_func(*args, **kwargs)
  File "/usr/local/lib/python2.7/dist-packages/django/views/generic/base.py", line 68, in view
    return self.dispatch(request, *args, **kwargs)
  File "/usr/local/lib/python2.7/dist-packages/rest_framework/views.py", line 495, in dispatch
    response = self.handle_exception(exc)
  File "/usr/local/lib/python2.7/dist-packages/rest_framework/views.py", line 455, in handle_exception
    self.raise_uncaught_exception(exc)
  File "/usr/local/lib/python2.7/dist-packages/rest_framework/views.py", line 492, in dispatch
    response = handler(request, *args, **kwargs)
  File "/usr/local/lib/python2.7/dist-packages/rest_framework/decorators.py", line 55, in handler
    return func(*args, **kwargs)
  File "/home/user/nFilterNew/controller/views.py", line 206, in getNumber
    if data[1] == az:
IndexError: list index out of range
2020-05-30 18:51:21,699:INFO:ДУГААРАА СОНГОЖ БУЙ ХЭСЭГ
2020-05-30 18:51:21,699:INFO:7
2020-05-30 18:51:49,965:INFO:ДУГААРЫН ҮНЭ
2020-05-30 18:51:49,968:INFO:10000
2020-05-30 18:52:02,154:INFO:------------------------------------------------------------------------------------------------
2020-05-30 18:52:04,012:INFO:ДУГААРАА СОНГОЖ БУЙ ХЭСЭГ
2020-05-30 18:52:04,012:INFO:7
2020-05-30 18:52:04,366:WARNING:Not Found: /favicon.ico
2020-05-30 18:52:12,633:INFO:------------------------------------------------------------------------------------------------
2020-05-30 18:52:15,471:INFO:ДУГААРАА СОНГОЖ БУЙ ХЭСЭГ
2020-05-30 18:52:15,471:INFO:2
2020-05-30 18:52:33,121:INFO:ДУГААРЫН ҮНЭ
2020-05-30 18:52:33,124:INFO:5000
2020-05-30 18:54:26,343:INFO:------------------------------------------------------------------------------------------------
2020-05-30 18:54:27,462:INFO:ДУГААРАА СОНГОЖ БУЙ ХЭСЭГ
2020-05-30 18:54:27,462:INFO:7
2020-05-30 18:55:00,416:INFO:------------------------------------------------------------------------------------------------
2020-05-30 18:55:22,532:INFO:------------------------------------------------------------------------------------------------
2020-05-30 18:55:23,645:INFO:ДУГААРАА СОНГОЖ БУЙ ХЭСЭГ
2020-05-30 18:55:23,645:INFO:7
2020-05-30 18:56:09,203:INFO:------------------------------------------------------------------------------------------------
2020-05-30 18:56:10,680:INFO:ДУГААРАА СОНГОЖ БУЙ ХЭСЭГ
2020-05-30 18:56:10,680:INFO:7
2020-05-30 18:56:20,257:INFO:------------------------------------------------------------------------------------------------
2020-05-30 18:56:45,721:INFO:ДУГААРАА СОНГОЖ БУЙ ХЭСЭГ
2020-05-30 18:56:45,721:INFO:7
2020-05-30 18:56:57,550:INFO:------------------------------------------------------------------------------------------------
2020-05-30 18:56:59,045:INFO:ДУГААРАА СОНГОЖ БУЙ ХЭСЭГ
2020-05-30 18:56:59,046:INFO:7
2020-05-30 18:59:58,382:INFO:------------------------------------------------------------------------------------------------
2020-05-30 18:59:59,622:INFO:ДУГААРАА СОНГОЖ БУЙ ХЭСЭГ
2020-05-30 18:59:59,622:INFO:7
2020-05-30 19:02:28,575:INFO:------------------------------------------------------------------------------------------------
2020-05-30 19:05:05,125:INFO:------------------------------------------------------------------------------------------------
2020-05-30 19:05:06,144:INFO:ДУГААРАА СОНГОЖ БУЙ ХЭСЭГ
2020-05-30 19:05:06,145:INFO:7
2020-05-30 19:05:44,678:INFO:------------------------------------------------------------------------------------------------
2020-05-30 19:05:46,371:INFO:ДУГААРАА СОНГОЖ БУЙ ХЭСЭГ
2020-05-30 19:05:46,372:INFO:7
2020-05-30 19:06:40,221:INFO:------------------------------------------------------------------------------------------------
2020-05-30 19:06:41,571:INFO:ДУГААРАА СОНГОЖ БУЙ ХЭСЭГ
2020-05-30 19:06:41,571:INFO:7
2020-05-30 19:08:53,039:INFO:------------------------------------------------------------------------------------------------
2020-05-30 19:08:53,994:INFO:ДУГААРАА СОНГОЖ БУЙ ХЭСЭГ
2020-05-30 19:08:53,994:INFO:7
2020-05-30 19:14:01,457:INFO:------------------------------------------------------------------------------------------------
2020-05-30 19:14:02,833:INFO:ДУГААРАА СОНГОЖ БУЙ ХЭСЭГ
2020-05-30 19:14:02,833:INFO:7
2020-05-30 19:14:04,874:INFO:ДУГААРАА СОНГОЖ БУЙ ХЭСЭГ
2020-05-30 19:14:04,874:INFO:7
2020-05-30 19:14:38,683:INFO:------------------------------------------------------------------------------------------------
2020-05-30 19:14:40,425:INFO:ДУГААРАА СОНГОЖ БУЙ ХЭСЭГ
2020-05-30 19:14:40,426:INFO:2
2020-05-30 19:14:43,842:INFO:ДУГААРАА СОНГОЖ БУЙ ХЭСЭГ
2020-05-30 19:14:43,842:INFO:2
2020-05-30 19:15:12,057:INFO:------------------------------------------------------------------------------------------------
2020-05-30 19:15:28,576:INFO:------------------------------------------------------------------------------------------------
2020-05-30 19:15:35,754:INFO:ДУГААРАА СОНГОЖ БУЙ ХЭСЭГ
2020-05-30 19:15:35,754:INFO:2
2020-05-30 19:15:39,429:INFO:ДУГААРАА СОНГОЖ БУЙ ХЭСЭГ
2020-05-30 19:15:39,429:INFO:2
2020-05-30 19:17:40,678:INFO:ДУГААРАА СОНГОЖ БУЙ ХЭСЭГ
2020-05-30 19:17:40,678:INFO:2
2020-05-30 19:18:01,959:ERROR:Internal Server Error: /getnumber
Traceback (most recent call last):
  File "/usr/local/lib/python2.7/dist-packages/django/core/handlers/exception.py", line 41, in inner
    response = get_response(request)
  File "/usr/local/lib/python2.7/dist-packages/django/core/handlers/base.py", line 187, in _get_response
    response = self.process_exception_by_middleware(e, request)
  File "/usr/local/lib/python2.7/dist-packages/django/core/handlers/base.py", line 185, in _get_response
    response = wrapped_callback(request, *callback_args, **callback_kwargs)
  File "/usr/local/lib/python2.7/dist-packages/django/views/decorators/csrf.py", line 58, in wrapped_view
    return view_func(*args, **kwargs)
  File "/usr/local/lib/python2.7/dist-packages/django/views/generic/base.py", line 68, in view
    return self.dispatch(request, *args, **kwargs)
  File "/usr/local/lib/python2.7/dist-packages/rest_framework/views.py", line 495, in dispatch
    response = self.handle_exception(exc)
  File "/usr/local/lib/python2.7/dist-packages/rest_framework/views.py", line 455, in handle_exception
    self.raise_uncaught_exception(exc)
  File "/usr/local/lib/python2.7/dist-packages/rest_framework/views.py", line 492, in dispatch
    response = handler(request, *args, **kwargs)
  File "/usr/local/lib/python2.7/dist-packages/rest_framework/decorators.py", line 55, in handler
    return func(*args, **kwargs)
  File "/home/user/nFilterNew/controller/views.py", line 206, in getNumber
    if data[1] == az:
IndexError: list index out of range
2020-05-30 19:18:35,983:INFO:ДУГААРАА СОНГОЖ БУЙ ХЭСЭГ
2020-05-30 19:18:35,984:INFO:2
2020-05-30 19:18:53,440:INFO:ДУГААРАА СОНГОЖ БУЙ ХЭСЭГ
2020-05-30 19:18:53,440:INFO:2
2020-05-30 19:24:09,176:INFO:ДУГААРЫН ҮНЭ
2020-05-30 19:24:09,179:INFO:5000
2020-05-30 19:24:15,954:INFO:ДУГААРЫН ҮНЭ
2020-05-30 19:24:15,957:INFO:5000
2020-05-30 19:25:04,135:INFO:ДУГААРЫН ҮНЭ
2020-05-30 19:25:04,138:INFO:5000
2020-05-30 19:26:20,711:INFO:ДУГААРЫН ҮНЭ
2020-05-30 19:26:20,714:INFO:5000
2020-05-30 19:27:52,008:INFO:ДУГААРЫН ҮНЭ
2020-05-30 19:27:52,012:INFO:5000
2020-05-30 19:27:54,898:INFO:ДУГААРЫН ҮНЭ
2020-05-30 19:27:54,901:INFO:5000
2020-05-30 19:29:32,263:INFO:ДУГААРАА СОНГОЖ БУЙ ХЭСЭГ
2020-05-30 19:29:32,263:INFO:2
2020-05-30 19:29:48,318:INFO:ДУГААРЫН ҮНЭ
2020-05-30 19:29:48,322:INFO:5000
2020-05-30 19:30:07,491:INFO:ДУГААРАА СОНГОЖ БУЙ ХЭСЭГ
2020-05-30 19:30:07,491:INFO:2
2020-05-30 19:37:07,101:INFO:------------------------------------------------------------------------------------------------
2020-05-30 19:55:00,749:INFO:------------------------------------------------------------------------------------------------
2020-05-30 20:02:29,618:INFO:------------------------------------------------------------------------------------------------
2020-05-30 20:26:49,250:INFO:------------------------------------------------------------------------------------------------
2020-05-30 20:26:50,118:INFO:ДУГААРАА СОНГОЖ БУЙ ХЭСЭГ
2020-05-30 20:26:50,118:INFO:2
2020-05-30 20:27:46,691:INFO:------------------------------------------------------------------------------------------------
2020-05-30 20:27:55,535:INFO:ДУГААРАА СОНГОЖ БУЙ ХЭСЭГ
2020-05-30 20:27:55,535:INFO:2
2020-05-30 20:27:56,640:INFO:ДУГААРАА СОНГОЖ БУЙ ХЭСЭГ
2020-05-30 20:27:56,640:INFO:2
2020-05-30 20:29:06,094:INFO:ДУГААРАА СОНГОЖ БУЙ ХЭСЭГ
2020-05-30 20:29:06,094:INFO:2
2020-05-30 20:29:09,758:INFO:------------------------------------------------------------------------------------------------
2020-05-30 20:29:12,862:INFO:ДУГААРАА СОНГОЖ БУЙ ХЭСЭГ
2020-05-30 20:29:12,862:INFO:2
2020-05-30 20:29:14,166:INFO:ДУГААРАА СОНГОЖ БУЙ ХЭСЭГ
2020-05-30 20:29:14,166:INFO:2
2020-05-30 20:31:53,491:INFO:------------------------------------------------------------------------------------------------
2020-05-30 20:31:55,443:INFO:ДУГААРАА СОНГОЖ БУЙ ХЭСЭГ
2020-05-30 20:31:55,444:INFO:2
2020-05-30 20:32:18,013:INFO:ДУГААРАА СОНГОЖ БУЙ ХЭСЭГ
2020-05-30 20:32:18,014:INFO:2
2020-05-30 20:32:29,323:INFO:------------------------------------------------------------------------------------------------
2020-05-30 20:32:30,638:INFO:ДУГААРАА СОНГОЖ БУЙ ХЭСЭГ
2020-05-30 20:32:30,638:INFO:2
2020-05-30 20:32:46,650:INFO:ДУГААРАА СОНГОЖ БУЙ ХЭСЭГ
2020-05-30 20:32:46,651:INFO:2
2020-05-30 20:33:22,111:INFO:ДУГААРЫН ҮНЭ
2020-05-30 20:33:22,114:INFO:5000
2020-05-30 20:37:07,177:INFO:------------------------------------------------------------------------------------------------
2020-05-30 20:57:13,498:INFO:------------------------------------------------------------------------------------------------
2020-05-30 20:57:15,533:INFO:ДУГААРАА СОНГОЖ БУЙ ХЭСЭГ
2020-05-30 20:57:15,533:INFO:2
2020-05-30 20:57:28,298:INFO:------------------------------------------------------------------------------------------------
2020-05-30 20:57:29,050:INFO:ДУГААРАА СОНГОЖ БУЙ ХЭСЭГ
2020-05-30 20:57:29,050:INFO:2
2020-05-30 21:01:35,347:INFO:ДУГААРЫН ҮНЭ
2020-05-30 21:01:35,350:INFO:5000
2020-05-30 21:02:30,651:INFO:------------------------------------------------------------------------------------------------
2020-05-30 21:37:07,253:INFO:------------------------------------------------------------------------------------------------
2020-05-30 21:52:31,952:INFO:ДУГААРАА СОНГОЖ БУЙ ХЭСЭГ
2020-05-30 21:52:31,952:INFO:2
2020-05-30 21:52:33,921:INFO:ДУГААРАА СОНГОЖ БУЙ ХЭСЭГ
2020-05-30 21:52:33,921:INFO:2
2020-05-30 22:02:31,698:INFO:------------------------------------------------------------------------------------------------
2020-05-30 22:37:07,319:INFO:------------------------------------------------------------------------------------------------
2020-05-30 23:02:32,686:INFO:------------------------------------------------------------------------------------------------
2020-05-30 23:37:07,397:INFO:------------------------------------------------------------------------------------------------
2020-05-31 00:02:33,749:INFO:------------------------------------------------------------------------------------------------
2020-05-31 00:37:07,483:INFO:------------------------------------------------------------------------------------------------
2020-05-31 00:49:25,661:INFO:------------------------------------------------------------------------------------------------
2020-05-31 01:02:34,776:INFO:------------------------------------------------------------------------------------------------
2020-05-31 01:37:07,562:INFO:------------------------------------------------------------------------------------------------
2020-05-31 01:49:25,762:INFO:------------------------------------------------------------------------------------------------
2020-05-31 02:02:35,778:INFO:------------------------------------------------------------------------------------------------
2020-05-31 02:37:07,620:INFO:------------------------------------------------------------------------------------------------
2020-05-31 02:49:25,850:INFO:------------------------------------------------------------------------------------------------
2020-05-31 03:02:36,812:INFO:------------------------------------------------------------------------------------------------
2020-05-31 03:37:07,717:INFO:------------------------------------------------------------------------------------------------
2020-05-31 03:49:25,960:INFO:------------------------------------------------------------------------------------------------
2020-05-31 04:02:37,838:INFO:------------------------------------------------------------------------------------------------
2020-05-31 04:37:07,797:INFO:------------------------------------------------------------------------------------------------
2020-05-31 04:49:26,080:INFO:------------------------------------------------------------------------------------------------
2020-05-31 05:02:38,871:INFO:------------------------------------------------------------------------------------------------
2020-05-31 05:37:07,868:INFO:------------------------------------------------------------------------------------------------
2020-05-31 05:49:26,172:INFO:------------------------------------------------------------------------------------------------
2020-05-31 06:02:39,917:INFO:------------------------------------------------------------------------------------------------
