2022-04-14 20:10:06,694:INFO:ДУГААРАА СОНГОЖ БУЙ ХЭСЭГ
2022-04-14 20:10:06,694:INFO:2
2022-04-14 20:16:08,339:INFO:FilternumberBlockUnblock
2022-04-14 20:16:08,340:INFO:9702****
2022-04-14 20:16:08,341:INFO:0003ACC_QUERY:0|3|132|9702****|7
2022-04-14 20:16:09,068:INFO:97020044:7|97020055:7|97021100:7|97021133:7|97021144:7|97021155:7|97021166:7|97021177:7|97021188:7|97021199:7|97022200:7|97022255:7|97023300:7|97023311:7|97023322:7|97023355:7|97023366:7|97023377:7|97023388:7|97024400:7|97024411:7|97024433:7|97024455:7|97024466:7|97024477:7|97024488:7|97024499:7|97025500:7|97025511:7|97025522:7|97025533:7|97025544:7|97025566:7|97025577:7|97025588:7|97026600:7|97026611:7|97026622:7|97026633:7|97026644:7|97026655:7|97026677:7|97026688:7|97027711:7|97027722:7|97027733:7|97027744:7|97027755:7|97027766:7|97027788:7|97028811:7|97028822:7|97028833:7|97028844:7|97028855:7|97028866:7|97028877:7|97029900:7|97029911:7|97029922:7|97029933:7|97029944:7|97029955:7|97029966:7|97029977:7|97029988:7
2022-04-14 20:16:15,392:INFO:FilternumberBlockUnblock
2022-04-14 20:16:15,393:INFO:9702****
2022-04-14 20:16:15,394:INFO:0003ACC_QUERY:0|3|132|9702****|7
2022-04-14 20:16:16,185:INFO:97020044:7|97020055:7|97021100:7|97021133:7|97021144:7|97021155:7|97021166:7|97021177:7|97021188:7|97021199:7|97022200:7|97022255:7|97023300:7|97023311:7|97023322:7|97023355:7|97023366:7|97023377:7|97023388:7|97024400:7|97024411:7|97024433:7|97024455:7|97024466:7|97024477:7|97024488:7|97024499:7|97025500:7|97025511:7|97025522:7|97025533:7|97025544:7|97025566:7|97025577:7|97025588:7|97026600:7|97026611:7|97026622:7|97026633:7|97026644:7|97026655:7|97026677:7|97026688:7|97027711:7|97027722:7|97027733:7|97027744:7|97027755:7|97027766:7|97027788:7|97028811:7|97028822:7|97028833:7|97028844:7|97028855:7|97028866:7|97028877:7|97029900:7|97029911:7|97029922:7|97029933:7|97029944:7|97029955:7|97029966:7|97029977:7|97029988:7
2022-04-14 20:16:18,518:INFO:FilternumberBlockUnblock
2022-04-14 20:16:18,519:INFO:9702****
2022-04-14 20:16:18,520:INFO:0003ACC_QUERY:0|3|132|9702****|7
2022-04-14 20:16:19,243:INFO:97020044:7|97020055:7|97021100:7|97021133:7|97021144:7|97021155:7|97021166:7|97021177:7|97021188:7|97021199:7|97022200:7|97022255:7|97023300:7|97023311:7|97023322:7|97023355:7|97023366:7|97023377:7|97023388:7|97024400:7|97024411:7|97024433:7|97024455:7|97024466:7|97024477:7|97024488:7|97024499:7|97025500:7|97025511:7|97025522:7|97025533:7|97025544:7|97025566:7|97025577:7|97025588:7|97026600:7|97026611:7|97026622:7|97026633:7|97026644:7|97026655:7|97026677:7|97026688:7|97027711:7|97027722:7|97027733:7|97027744:7|97027755:7|97027766:7|97027788:7|97028811:7|97028822:7|97028833:7|97028844:7|97028855:7|97028866:7|97028877:7|97029900:7|97029911:7|97029922:7|97029933:7|97029944:7|97029955:7|97029966:7|97029977:7|97029988:7
2022-04-14 20:16:43,582:INFO:FilternumberBlockUnblock
2022-04-14 20:16:43,582:INFO:8302****
2022-04-14 20:16:43,584:INFO:0003ACC_QUERY:0|3|132|8302****|7
2022-04-14 20:16:44,148:INFO:83020011:7|83020022:7|83020055:7|83020066:7|83020077:7|83020099:7|83021100:7|83021133:7|83021144:7|83021155:7|83021177:7|83021188:7|83022211:7|83022266:7|83022277:7|83022299:7|83023300:7|83023311:7|83023322:7|83023344:7|83023355:7|83023377:7|83023388:7|83023399:7|83024400:7|83024411:7|83024422:7|83024433:7|83024455:7|83024466:7|83024477:7|83024488:7|83024499:7|83025500:7|83025511:7|83025522:7|83025533:7|83025544:7|83025566:7|83025588:7|83025599:7|83026600:7|83026611:7|83026622:7|83026633:7|83026644:7|83026655:7|83026677:7|83026688:7|83027700:7|83027733:7|83027744:7|83027755:7|83027766:7|83027788:7|83027799:7|83028800:7|83028811:7|83028833:7|83028844:7|83028855:7|83028866:7|83028877:7|83029900:7|83029911:7|83029922:7|83029933:7|83029944:7|83029955:7|83029966:7|83029977:7
2022-04-14 20:16:48,306:INFO:FilternumberBlockUnblock
2022-04-14 20:16:48,306:INFO:8302****
2022-04-14 20:16:48,307:INFO:0003ACC_QUERY:0|3|132|8302****|7
2022-04-14 20:16:48,871:INFO:83020011:7|83020022:7|83020055:7|83020066:7|83020077:7|83020099:7|83021100:7|83021133:7|83021144:7|83021155:7|83021177:7|83021188:7|83022211:7|83022266:7|83022277:7|83022299:7|83023300:7|83023311:7|83023322:7|83023344:7|83023355:7|83023377:7|83023388:7|83023399:7|83024400:7|83024411:7|83024422:7|83024433:7|83024455:7|83024466:7|83024477:7|83024488:7|83024499:7|83025500:7|83025511:7|83025522:7|83025533:7|83025544:7|83025566:7|83025588:7|83025599:7|83026600:7|83026611:7|83026622:7|83026633:7|83026644:7|83026655:7|83026677:7|83026688:7|83027700:7|83027733:7|83027744:7|83027755:7|83027766:7|83027788:7|83027799:7|83028800:7|83028811:7|83028833:7|83028844:7|83028855:7|83028866:7|83028877:7|83029900:7|83029911:7|83029922:7|83029933:7|83029944:7|83029955:7|83029966:7|83029977:7
2022-04-14 20:16:51,860:INFO:FilternumberBlockUnblock
2022-04-14 20:16:51,860:INFO:8302****
2022-04-14 20:16:51,862:INFO:0003ACC_QUERY:0|3|132|8302****|7
2022-04-14 20:16:52,434:INFO:83020011:7|83020022:7|83020055:7|83020066:7|83020077:7|83020099:7|83021100:7|83021133:7|83021144:7|83021155:7|83021177:7|83021188:7|83022211:7|83022266:7|83022277:7|83022299:7|83023300:7|83023311:7|83023322:7|83023344:7|83023355:7|83023377:7|83023388:7|83023399:7|83024400:7|83024411:7|83024422:7|83024433:7|83024455:7|83024466:7|83024477:7|83024488:7|83024499:7|83025500:7|83025511:7|83025522:7|83025533:7|83025544:7|83025566:7|83025588:7|83025599:7|83026600:7|83026611:7|83026622:7|83026633:7|83026644:7|83026655:7|83026677:7|83026688:7|83027700:7|83027733:7|83027744:7|83027755:7|83027766:7|83027788:7|83027799:7|83028800:7|83028811:7|83028833:7|83028844:7|83028855:7|83028866:7|83028877:7|83029900:7|83029911:7|83029922:7|83029933:7|83029944:7|83029955:7|83029966:7|83029977:7
2022-04-14 20:17:26,753:INFO:ДУГААРЫН ҮНЭ
2022-04-14 20:17:26,759:INFO:10000
2022-04-14 20:17:35,899:INFO:ДУГААРЫН ҮНЭ
2022-04-14 20:17:35,905:INFO:10000
2022-04-14 20:17:56,448:INFO:ДУГААРЫН ЗАХИАЛГА
2022-04-14 20:17:56,449:INFO:user_ip: 192.168.14.158
2022-04-14 20:17:56,449:INFO:FilternumberBlockUnblock
2022-04-14 20:17:56,449:INFO:83029911
2022-04-14 20:17:56,450:INFO:0003Block:83029911|shuult-ЙР96120500|0|192.168.14.158|0|DShuult
2022-04-14 20:17:56,468:INFO:Success
2022-04-14 20:17:56,468:INFO:Хадгалсан дугаар: 83029911
2022-04-14 20:18:03,542:INFO:------------------------------------------------------------------------------------------------
2022-04-14 20:18:05,583:INFO:ДУГААРАА СОНГОЖ БУЙ ХЭСЭГ
2022-04-14 20:18:05,583:INFO:7
2022-04-14 20:18:16,650:INFO:ДУГААРАА СОНГОЖ БУЙ ХЭСЭГ
2022-04-14 20:18:16,650:INFO:7
2022-04-14 20:18:17,848:INFO:------------------------------------------------------------------------------------------------
2022-04-14 20:18:20,068:INFO:ДУГААРАА СОНГОЖ БУЙ ХЭСЭГ
2022-04-14 20:18:20,069:INFO:2
2022-04-14 20:18:26,723:INFO:ДУГААРАА СОНГОЖ БУЙ ХЭСЭГ
2022-04-14 20:18:26,723:INFO:2
2022-04-14 20:18:39,456:INFO:FilternumberBlockUnblock
2022-04-14 20:18:39,456:INFO:9818****
2022-04-14 20:18:39,458:INFO:0003ACC_QUERY:0|3|132|9818****|7
2022-04-14 20:18:40,215:INFO:98187744:7
2022-04-14 20:18:42,726:INFO:FilternumberBlockUnblock
2022-04-14 20:18:42,726:INFO:9818****
2022-04-14 20:18:42,727:INFO:0003ACC_QUERY:0|3|132|9818****|7
2022-04-14 20:18:43,481:INFO:98187744:7
2022-04-14 20:18:46,043:INFO:ДУГААРАА СОНГОЖ БУЙ ХЭСЭГ
2022-04-14 20:18:46,043:INFO:2
2022-04-14 20:18:55,289:INFO:------------------------------------------------------------------------------------------------
2022-04-14 20:18:56,337:INFO:ДУГААРАА СОНГОЖ БУЙ ХЭСЭГ
2022-04-14 20:18:56,337:INFO:7
2022-04-14 20:18:56,983:INFO:FilternumberBlockUnblock
2022-04-14 20:18:56,983:INFO:98**7742
2022-04-14 20:18:56,984:INFO:0003ACC_QUERY:0|3|132|98**7742|6
2022-04-14 20:18:57,786:INFO:98007742:6|98017742:6|98027742:6|98037742:6|98047742:6|98057742:6|98067742:6|98077742:6|98087742:6|98097742:6|98107742:6|98137742:6|98147742:6|98157742:6|98177742:6|98207742:6|98217742:6|98227742:6|98237742:6|98257742:6|98267742:6|98297742:6|98307742:6|98317742:6|98327742:6|98377742:6|98387742:6|98437742:6|98457742:6|98467742:6|98487742:6|98517742:6|98567742:6|98597742:6|98607742:6|98617742:6|98627742:6|98637742:6|98647742:6|98657742:6|98667742:6|98707742:6|98817742:6|98827742:6|98847742:6|98857742:6|98867742:6|98877742:6|98897742:6|98917742:6|98927742:6|98937742:6|98947742:6|98957742:6|98967742:6|98997742:6
2022-04-14 20:19:04,702:INFO:FilternumberBlockUnblock
2022-04-14 20:19:04,703:INFO:9302****
2022-04-14 20:19:04,704:INFO:0003ACC_QUERY:0|3|132|9302****|6
2022-04-14 20:19:04,875:INFO:93020031:6|93020042:6|93020043:6|93020046:6|93020048:6|93020049:6|93020052:6|93020053:6|93020059:6|93020060:6|93020062:6|93020063:6|93020067:6|93020068:6|93020069:6|93020074:6|93020075:6|93020079:6|93020080:6|93020083:6|93020084:6|93020086:6|93020087:6|93020089:6|93020098:6|93020113:6|93020114:6|93020115:6|93020116:6|93020117:6|93020118:6|93020119:6|93020120:6|93020121:6|93020122:6|93020123:6|93020125:6|93020126:6|93020127:6|93020128:6|93020129:6|93020130:6|93020131:6|93020132:6|93020133:6|93020134:6|93020135:6|93020136:6|93020138:6|93020139:6|93020144:6|93020145:6|93020147:6|93020148:6|93020149:6|93020150:6|93020152:6|93020153:6|93020154:6|93020155:6|93020156:6|93020157:6|93020158:6|93020159:6|93020160:6|93020161:6|93020162:6|93020163:6|93020164:6|93020165:6|93020166:6|93020167:6|93020171:6|93020172:6|93020173:6|93020174:6|93020175:6|93020177:6|93020178:6|93020179:6|93020180:6|93020181:6|93020182:6|93020183:6|93020184:6|93020185:6|93020186:6|93020187:6|93020188:6|93020189:6|93020190:6|93020191:6|93020192:6|93020193:6|93020194:6|93020195:6|93020196:6|93020197:6|93020198:6|93020215:6|93020216:6|93020218:6|93020227:6|93020234:6|93020235:6|93020236:6|93020237:6|93020238:6|93020253:6|93020254:6|93020256:6|93020257:6|93020262:6|93020263:6|93020264:6|93020265:6|93020267:6|93020268:6|93020271:6|93020273:6|93020274:6|93020275:6|93020276:6|93020279:6|93020285:6|93020295:6|93020317:6|93020319:6|93020322:6|93020323:6|93020324:6|93020325:6
2022-04-14 20:19:06,282:INFO:ДУГААРАА СОНГОЖ БУЙ ХЭСЭГ
2022-04-14 20:19:06,283:INFO:7
2022-04-14 20:19:09,698:INFO:FilternumberBlockUnblock
2022-04-14 20:19:09,698:INFO:9802****
2022-04-14 20:19:09,700:INFO:0003ACC_QUERY:0|3|132|9802****|7
2022-04-14 20:19:10,472:INFO:98027700:7|98027711:7|98028877:7|98029933:7|98029944:7
2022-04-14 20:19:12,206:INFO:FilternumberBlockUnblock
2022-04-14 20:19:12,206:INFO:9802****
2022-04-14 20:19:12,208:INFO:0003ACC_QUERY:0|3|132|9802****|7
2022-04-14 20:19:12,978:INFO:98027700:7|98027711:7|98028877:7|98029933:7|98029944:7
2022-04-14 20:19:19,586:INFO:FilternumberBlockUnblock
2022-04-14 20:19:19,586:INFO:9702****
2022-04-14 20:19:19,587:INFO:0003ACC_QUERY:0|3|132|9702****|7
2022-04-14 20:19:20,314:INFO:97020044:7|97020055:7|97021100:7|97021133:7|97021144:7|97021155:7|97021166:7|97021177:7|97021188:7|97021199:7|97022200:7|97022255:7|97023300:7|97023311:7|97023322:7|97023355:7|97023366:7|97023377:7|97023388:7|97024400:7|97024411:7|97024433:7|97024455:7|97024466:7|97024477:7|97024488:7|97024499:7|97025500:7|97025511:7|97025522:7|97025533:7|97025544:7|97025566:7|97025577:7|97025588:7|97026600:7|97026611:7|97026622:7|97026633:7|97026644:7|97026655:7|97026677:7|97026688:7|97027711:7|97027722:7|97027733:7|97027744:7|97027755:7|97027766:7|97027788:7|97028811:7|97028822:7|97028833:7|97028844:7|97028855:7|97028866:7|97028877:7|97029900:7|97029911:7|97029922:7|97029933:7|97029944:7|97029955:7|97029966:7|97029977:7|97029988:7
2022-04-14 20:19:24,927:INFO:FilternumberBlockUnblock
2022-04-14 20:19:24,927:INFO:9702****
2022-04-14 20:19:24,929:INFO:0003ACC_QUERY:0|3|132|9702****|7
2022-04-14 20:19:25,646:INFO:97020044:7|97020055:7|97021100:7|97021133:7|97021144:7|97021155:7|97021166:7|97021177:7|97021188:7|97021199:7|97022200:7|97022255:7|97023300:7|97023311:7|97023322:7|97023355:7|97023366:7|97023377:7|97023388:7|97024400:7|97024411:7|97024433:7|97024455:7|97024466:7|97024477:7|97024488:7|97024499:7|97025500:7|97025511:7|97025522:7|97025533:7|97025544:7|97025566:7|97025577:7|97025588:7|97026600:7|97026611:7|97026622:7|97026633:7|97026644:7|97026655:7|97026677:7|97026688:7|97027711:7|97027722:7|97027733:7|97027744:7|97027755:7|97027766:7|97027788:7|97028811:7|97028822:7|97028833:7|97028844:7|97028855:7|97028866:7|97028877:7|97029900:7|97029911:7|97029922:7|97029933:7|97029944:7|97029955:7|97029966:7|97029977:7|97029988:7
2022-04-14 20:19:29,303:INFO:FilternumberBlockUnblock
2022-04-14 20:19:29,304:INFO:9702****
2022-04-14 20:19:29,305:INFO:0003ACC_QUERY:0|3|132|9702****|7
2022-04-14 20:19:30,032:INFO:97020044:7|97020055:7|97021100:7|97021133:7|97021144:7|97021155:7|97021166:7|97021177:7|97021188:7|97021199:7|97022200:7|97022255:7|97023300:7|97023311:7|97023322:7|97023355:7|97023366:7|97023377:7|97023388:7|97024400:7|97024411:7|97024433:7|97024455:7|97024466:7|97024477:7|97024488:7|97024499:7|97025500:7|97025511:7|97025522:7|97025533:7|97025544:7|97025566:7|97025577:7|97025588:7|97026600:7|97026611:7|97026622:7|97026633:7|97026644:7|97026655:7|97026677:7|97026688:7|97027711:7|97027722:7|97027733:7|97027744:7|97027755:7|97027766:7|97027788:7|97028811:7|97028822:7|97028833:7|97028844:7|97028855:7|97028866:7|97028877:7|97029900:7|97029911:7|97029922:7|97029933:7|97029944:7|97029955:7|97029966:7|97029977:7|97029988:7
2022-04-14 20:19:34,257:INFO:ДУГААРЫН ҮНЭ
2022-04-14 20:19:34,262:INFO:10000
2022-04-14 20:19:39,653:INFO:ДУГААРЫН ЗАХИАЛГА
2022-04-14 20:19:39,654:INFO:user_ip: 192.168.14.158
2022-04-14 20:19:39,654:INFO:FilternumberBlockUnblock
2022-04-14 20:19:39,654:INFO:97029911
2022-04-14 20:19:39,664:INFO:0003Block:97029911|shuult-ЙР96120500|0|192.168.14.158|0|DShuult
2022-04-14 20:19:39,677:INFO:Success
2022-04-14 20:19:39,677:INFO:Хадгалсан дугаар: 97029911
2022-04-14 20:19:44,507:INFO:------------------------------------------------------------------------------------------------
2022-04-14 20:19:45,687:INFO:ДУГААРАА СОНГОЖ БУЙ ХЭСЭГ
2022-04-14 20:19:45,688:INFO:7
2022-04-14 20:19:51,327:INFO:------------------------------------------------------------------------------------------------
2022-04-14 20:19:53,328:INFO:ДУГААРАА СОНГОЖ БУЙ ХЭСЭГ
2022-04-14 20:19:53,328:INFO:2
2022-04-14 20:19:55,201:INFO:ДУГААРАА СОНГОЖ БУЙ ХЭСЭГ
2022-04-14 20:19:55,201:INFO:2
2022-04-14 20:19:59,687:INFO:FilternumberBlockUnblock
2022-04-14 20:19:59,687:INFO:9812****
2022-04-14 20:19:59,688:INFO:0003ACC_QUERY:0|3|132|9812****|7
2022-04-14 20:20:00,472:INFO:-1
2022-04-14 20:20:06,978:INFO:FilternumberBlockUnblock
2022-04-14 20:20:06,978:INFO:9898****
2022-04-14 20:20:06,980:INFO:0003ACC_QUERY:0|3|132|9898****|7
2022-04-14 20:20:07,745:INFO:-1
2022-04-14 20:20:12,688:INFO:FilternumberBlockUnblock
2022-04-14 20:20:12,688:INFO:9812****
2022-04-14 20:20:12,689:INFO:0003ACC_QUERY:0|3|132|9812****|7
2022-04-14 20:20:13,446:INFO:-1
2022-04-14 20:20:16,149:INFO:FilternumberBlockUnblock
2022-04-14 20:20:16,149:INFO:9822****
2022-04-14 20:20:16,150:INFO:0003ACC_QUERY:0|3|132|9822****|7
2022-04-14 20:20:16,925:INFO:-1
2022-04-14 20:20:19,323:INFO:FilternumberBlockUnblock
2022-04-14 20:20:19,324:INFO:9832****
2022-04-14 20:20:19,325:INFO:0003ACC_QUERY:0|3|132|9832****|7
2022-04-14 20:20:20,106:INFO:98320055:7|98321166:7|98322255:7|98322277:7|98323300:7|98323366:7|98324400:7|98324411:7|98324422:7|98324466:7|98324477:7|98325500:7|98325522:7|98325533:7|98325577:7|98326600:7|98326633:7|98326644:7|98327700:7|98327711:7|98327744:7|98327755:7|98327766:7|98328822:7|98328866:7|98328877:7|98329944:7|98329977:7
2022-04-14 20:20:23,025:INFO:FilternumberBlockUnblock
2022-04-14 20:20:23,025:INFO:9832****
2022-04-14 20:20:23,026:INFO:0003ACC_QUERY:0|3|132|9832****|7
2022-04-14 20:20:23,827:INFO:98320055:7|98321166:7|98322255:7|98322277:7|98323300:7|98323366:7|98324400:7|98324411:7|98324422:7|98324466:7|98324477:7|98325500:7|98325522:7|98325533:7|98325577:7|98326600:7|98326633:7|98326644:7|98327700:7|98327711:7|98327744:7|98327755:7|98327766:7|98328822:7|98328866:7|98328877:7|98329944:7|98329977:7
2022-04-14 20:20:29,015:INFO:FilternumberBlockUnblock
2022-04-14 20:20:29,015:INFO:9842****
2022-04-14 20:20:29,016:INFO:0003ACC_QUERY:0|3|132|9842****|7
2022-04-14 20:20:29,798:INFO:98420033:7|98420099:7|98421133:7|98421166:7|98422277:7|98423311:7|98423322:7|98423355:7|98424411:7|98424488:7|98425533:7|98425566:7|98425577:7|98425588:7|98426622:7|98426633:7|98426644:7|98426655:7|98426688:7|98427722:7|98427733:7|98427766:7|98427788:7|98428844:7|98428855:7|98429933:7|98429966:7|98429977:7
2022-04-14 20:20:31,623:INFO:FilternumberBlockUnblock
2022-04-14 20:20:31,623:INFO:9842****
2022-04-14 20:20:31,624:INFO:0003ACC_QUERY:0|3|132|9842****|7
2022-04-14 20:20:32,621:INFO:98420033:7|98420099:7|98421133:7|98421166:7|98422277:7|98423311:7|98423322:7|98423355:7|98424411:7|98424488:7|98425533:7|98425566:7|98425577:7|98425588:7|98426622:7|98426633:7|98426644:7|98426655:7|98426688:7|98427722:7|98427733:7|98427766:7|98427788:7|98428844:7|98428855:7|98429933:7|98429966:7|98429977:7
2022-04-14 20:20:38,302:INFO:FilternumberBlockUnblock
2022-04-14 20:20:38,303:INFO:9862****
2022-04-14 20:20:38,304:INFO:0003ACC_QUERY:0|3|132|9862****|7
2022-04-14 20:20:39,212:INFO:98620011:7|98620022:7|98620033:7|98620055:7|98621133:7|98621155:7|98621166:7|98622233:7|98622244:7|98622255:7|98623300:7|98623311:7|98623322:7|98623344:7|98623355:7|98623366:7|98623377:7|98623399:7|98624400:7|98624411:7|98624422:7|98624433:7|98624477:7|98624488:7|98624499:7|98625500:7|98625511:7|98625522:7|98625533:7|98625544:7|98625577:7|98625588:7|98626600:7|98626633:7|98626644:7|98626655:7|98627700:7|98627722:7|98627733:7|98627744:7|98627766:7|98628822:7|98628833:7|98628844:7|98628855:7|98628866:7|98629922:7|98629933:7|98629944:7|98629955:7|98629966:7|98629977:7|98629988:7
2022-04-14 20:20:44,462:INFO:FilternumberBlockUnblock
2022-04-14 20:20:44,462:INFO:9811****
2022-04-14 20:20:44,463:INFO:0003ACC_QUERY:0|3|132|9811****|7
2022-04-14 20:20:45,210:INFO:-1
2022-04-14 20:20:49,398:INFO:FilternumberBlockUnblock
2022-04-14 20:20:49,398:INFO:9818****
2022-04-14 20:20:49,400:INFO:0003ACC_QUERY:0|3|132|9818****|7
2022-04-14 20:20:50,157:INFO:98187744:7
2022-04-14 20:20:55,723:INFO:FilternumberBlockUnblock
2022-04-14 20:20:55,723:INFO:9717****
2022-04-14 20:20:55,724:INFO:0003ACC_QUERY:0|3|132|9717****|7
2022-04-14 20:20:56,443:INFO:97170022:7|97172233:7|97172266:7|97172277:7|97172288:7|97173322:7|97173355:7|97173388:7|97174411:7|97174433:7|97174466:7|97175500:7|97175511:7|97175544:7|97175566:7|97175599:7|97176600:7|97176611:7|97176622:7|97176633:7|97176644:7|97176655:7|97176699:7|97178800:7|97178811:7|97178833:7|97178855:7|97178866:7|97178877:7|97179922:7|97179933:7|97179944:7|97179955:7|97179988:7
2022-04-14 20:20:58,256:INFO:FilternumberBlockUnblock
2022-04-14 20:20:58,256:INFO:9717****
2022-04-14 20:20:58,258:INFO:0003ACC_QUERY:0|3|132|9717****|7
2022-04-14 20:20:58,975:INFO:97170022:7|97172233:7|97172266:7|97172277:7|97172288:7|97173322:7|97173355:7|97173388:7|97174411:7|97174433:7|97174466:7|97175500:7|97175511:7|97175544:7|97175566:7|97175599:7|97176600:7|97176611:7|97176622:7|97176633:7|97176644:7|97176655:7|97176699:7|97178800:7|97178811:7|97178833:7|97178855:7|97178866:7|97178877:7|97179922:7|97179933:7|97179944:7|97179955:7|97179988:7
2022-04-14 20:21:15,569:INFO:FilternumberBlockUnblock
2022-04-14 20:21:15,569:INFO:9711****
2022-04-14 20:21:15,570:INFO:0003ACC_QUERY:0|3|132|9711****|7
2022-04-14 20:21:16,281:INFO:-1
2022-04-14 20:21:20,421:INFO:FilternumberBlockUnblock
2022-04-14 20:21:20,421:INFO:9717****
2022-04-14 20:21:20,423:INFO:0003ACC_QUERY:0|3|132|9717****|7
2022-04-14 20:21:23,276:INFO:97170022:7|97172233:7|97172266:7|97172277:7|97172288:7|97173322:7|97173355:7|97173388:7|97174411:7|97174433:7|97174466:7|97175500:7|97175511:7|97175544:7|97175566:7|97175599:7|97176600:7|97176611:7|97176622:7|97176633:7|97176644:7|97176655:7|97176699:7|97178800:7|97178811:7|97178833:7|97178855:7|97178866:7|97178877:7|97179922:7|97179933:7|97179944:7|97179955:7|97179988:7
2022-04-14 20:21:25,932:INFO:FilternumberBlockUnblock
2022-04-14 20:21:25,932:INFO:9313****
2022-04-14 20:21:25,933:INFO:0003ACC_QUERY:0|3|132|9313****|7
2022-04-14 20:21:27,878:INFO:93135500:7|93135577:7|93139944:7
2022-04-14 20:21:35,463:INFO:FilternumberBlockUnblock
2022-04-14 20:21:35,463:INFO:8313****
2022-04-14 20:21:35,465:INFO:0003ACC_QUERY:0|3|132|8313****|7
2022-04-14 20:21:39,062:INFO:83130044:7|83131133:7|83131144:7|83131166:7|83131177:7|83131199:7|83132211:7|83132244:7|83132255:7|83132266:7|83132277:7|83132288:7|83133355:7|83134400:7|83134411:7|83134422:7|83134433:7|83134466:7|83134477:7|83134499:7|83135500:7|83135511:7|83135522:7|83135533:7|83135544:7|83135566:7|83135577:7|83135599:7|83136611:7|83136622:7|83136633:7|83136644:7|83136655:7|83136677:7|83136688:7|83137700:7|83137711:7|83137722:7|83137733:7|83137744:7|83137766:7|83137788:7|83138800:7|83138822:7|83138844:7|83138855:7|83138877:7|83139900:7|83139922:7|83139933:7|83139944:7|83139955:7|83139966:7
2022-04-14 20:21:41,863:INFO:FilternumberBlockUnblock
2022-04-14 20:21:41,863:INFO:8313****
2022-04-14 20:21:41,864:INFO:0003ACC_QUERY:0|3|132|8313****|7
2022-04-14 20:21:43,609:INFO:83130044:7|83131133:7|83131144:7|83131166:7|83131177:7|83131199:7|83132211:7|83132244:7|83132255:7|83132266:7|83132277:7|83132288:7|83133355:7|83134400:7|83134411:7|83134422:7|83134433:7|83134466:7|83134477:7|83134499:7|83135500:7|83135511:7|83135522:7|83135533:7|83135544:7|83135566:7|83135577:7|83135599:7|83136611:7|83136622:7|83136633:7|83136644:7|83136655:7|83136677:7|83136688:7|83137700:7|83137711:7|83137722:7|83137733:7|83137744:7|83137766:7|83137788:7|83138800:7|83138822:7|83138844:7|83138855:7|83138877:7|83139900:7|83139922:7|83139933:7|83139944:7|83139955:7|83139966:7
2022-04-14 20:21:46,918:INFO:FilternumberBlockUnblock
2022-04-14 20:21:46,918:INFO:8313****
2022-04-14 20:21:46,920:INFO:0003ACC_QUERY:0|3|132|8313****|7
2022-04-14 20:21:47,773:INFO:83130044:7|83131133:7|83131144:7|83131166:7|83131177:7|83131199:7|83132211:7|83132244:7|83132255:7|83132266:7|83132277:7|83132288:7|83133355:7|83134400:7|83134411:7|83134422:7|83134433:7|83134466:7|83134477:7|83134499:7|83135500:7|83135511:7|83135522:7|83135533:7|83135544:7|83135566:7|83135577:7|83135599:7|83136611:7|83136622:7|83136633:7|83136644:7|83136655:7|83136677:7|83136688:7|83137700:7|83137711:7|83137722:7|83137733:7|83137744:7|83137766:7|83137788:7|83138800:7|83138822:7|83138844:7|83138855:7|83138877:7|83139900:7|83139922:7|83139933:7|83139944:7|83139955:7|83139966:7
2022-04-14 20:21:51,319:INFO:FilternumberBlockUnblock
2022-04-14 20:21:51,319:INFO:8313****
2022-04-14 20:21:51,320:INFO:0003ACC_QUERY:0|3|132|8313****|7
2022-04-14 20:21:51,882:INFO:83130044:7|83131133:7|83131144:7|83131166:7|83131177:7|83131199:7|83132211:7|83132244:7|83132255:7|83132266:7|83132277:7|83132288:7|83133355:7|83134400:7|83134411:7|83134422:7|83134433:7|83134466:7|83134477:7|83134499:7|83135500:7|83135511:7|83135522:7|83135533:7|83135544:7|83135566:7|83135577:7|83135599:7|83136611:7|83136622:7|83136633:7|83136644:7|83136655:7|83136677:7|83136688:7|83137700:7|83137711:7|83137722:7|83137733:7|83137744:7|83137766:7|83137788:7|83138800:7|83138822:7|83138844:7|83138855:7|83138877:7|83139900:7|83139922:7|83139933:7|83139944:7|83139955:7|83139966:7
2022-04-14 20:21:54,287:INFO:FilternumberBlockUnblock
2022-04-14 20:21:54,287:INFO:8313****
2022-04-14 20:21:54,289:INFO:0003ACC_QUERY:0|3|132|8313****|7
2022-04-14 20:21:57,710:INFO:83130044:7|83131133:7|83131144:7|83131166:7|83131177:7|83131199:7|83132211:7|83132244:7|83132255:7|83132266:7|83132277:7|83132288:7|83133355:7|83134400:7|83134411:7|83134422:7|83134433:7|83134466:7|83134477:7|83134499:7|83135500:7|83135511:7|83135522:7|83135533:7|83135544:7|83135566:7|83135577:7|83135599:7|83136611:7|83136622:7|83136633:7|83136644:7|83136655:7|83136677:7|83136688:7|83137700:7|83137711:7|83137722:7|83137733:7|83137744:7|83137766:7|83137788:7|83138800:7|83138822:7|83138844:7|83138855:7|83138877:7|83139900:7|83139922:7|83139933:7|83139944:7|83139955:7|83139966:7
2022-04-14 20:24:55,443:INFO:------------------------------------------------------------------------------------------------
2022-04-14 21:07:26,935:INFO:------------------------------------------------------------------------------------------------
2022-04-14 21:24:55,628:INFO:------------------------------------------------------------------------------------------------
2022-04-15 08:51:19,710:INFO:ДУГААРАА СОНГОЖ БУЙ ХЭСЭГ
2022-04-15 08:51:19,711:INFO:7
2022-04-15 08:51:19,859:INFO:ДУГААРАА СОНГОЖ БУЙ ХЭСЭГ
2022-04-15 08:51:19,859:INFO:7
2022-04-15 08:51:20,898:WARNING:Not Found: /favicon.ico
2022-04-15 08:51:20,930:WARNING:Not Found: /favicon.ico
2022-04-15 08:53:57,619:INFO:------------------------------------------------------------------------------------------------
2022-04-15 08:54:44,257:INFO:------------------------------------------------------------------------------------------------
2022-04-15 09:01:20,571:INFO:ДУГААРАА СОНГОЖ БУЙ ХЭСЭГ
2022-04-15 09:01:20,571:INFO:4
2022-04-15 09:01:20,967:WARNING:Not Found: /favicon.ico
2022-04-15 09:01:41,647:INFO:------------------------------------------------------------------------------------------------
2022-04-15 09:02:23,914:INFO:------------------------------------------------------------------------------------------------
2022-04-15 09:02:24,014:INFO:------------------------------------------------------------------------------------------------
2022-04-15 09:02:49,730:INFO:------------------------------------------------------------------------------------------------
2022-04-15 09:02:50,166:INFO:------------------------------------------------------------------------------------------------
2022-04-15 09:05:05,515:INFO:------------------------------------------------------------------------------------------------
2022-04-15 09:07:25,568:INFO:------------------------------------------------------------------------------------------------
2022-04-15 09:08:56,942:INFO:------------------------------------------------------------------------------------------------
2022-04-15 09:11:28,069:INFO:ДУГААРАА СОНГОЖ БУЙ ХЭСЭГ
2022-04-15 09:11:28,069:INFO:2
2022-04-15 09:11:29,143:WARNING:Not Found: /favicon.ico
2022-04-15 09:11:34,709:INFO:------------------------------------------------------------------------------------------------
2022-04-15 09:13:07,686:INFO:------------------------------------------------------------------------------------------------
2022-04-15 09:13:12,878:INFO:ДУГААРАА СОНГОЖ БУЙ ХЭСЭГ
2022-04-15 09:13:12,879:INFO:2
2022-04-15 09:13:14,064:WARNING:Not Found: /favicon.ico
2022-04-15 09:13:14,759:INFO:------------------------------------------------------------------------------------------------
2022-04-15 09:13:15,854:INFO:ДУГААРАА СОНГОЖ БУЙ ХЭСЭГ
2022-04-15 09:13:15,855:INFO:4
2022-04-15 09:13:21,526:INFO:FilternumberBlockUnblock
2022-04-15 09:13:21,526:INFO:78001100
2022-04-15 09:13:21,528:INFO:0003ACC_QUERY:0|3|132|78001100|7
2022-04-15 09:13:22,252:INFO:-1
2022-04-15 09:13:43,341:INFO:FilternumberBlockUnblock
2022-04-15 09:13:43,341:INFO:78003300
2022-04-15 09:13:43,343:INFO:0003ACC_QUERY:0|3|132|78003300|7
2022-04-15 09:13:44,075:INFO:-1
2022-04-15 09:13:47,279:INFO:ДУГААРАА СОНГОЖ БУЙ ХЭСЭГ
2022-04-15 09:13:47,279:INFO:2
2022-04-15 09:13:47,670:WARNING:Not Found: /favicon.ico
2022-04-15 09:14:09,203:INFO:FilternumberBlockUnblock
2022-04-15 09:14:09,203:INFO:98892029
2022-04-15 09:14:09,206:INFO:0003ACC_QUERY:0|3|132|98892029|6
2022-04-15 09:14:10,148:INFO:-1
2022-04-15 09:14:15,281:INFO:FilternumberBlockUnblock
2022-04-15 09:14:15,281:INFO:98**2029
2022-04-15 09:14:15,282:INFO:0003ACC_QUERY:0|3|132|98**2029|6
2022-04-15 09:14:16,269:INFO:98032029:6|98042029:6|98052029:6|98062029:6|98072029:6|98102029:6|98172029:6|98372029:6|98472029:6|98852029:6|98862029:6|98942029:6|98962029:6
2022-04-15 09:14:27,106:INFO:ДУГААРЫН ҮНЭ
2022-04-15 09:14:27,110:INFO:5000
2022-04-15 09:14:42,060:INFO:ДУГААРЫН ҮНЭ
2022-04-15 09:14:42,064:INFO:5000
2022-04-15 09:15:15,861:INFO:ДУГААРЫН ҮНЭ
2022-04-15 09:15:15,865:INFO:5000
2022-04-15 09:18:58,838:INFO:------------------------------------------------------------------------------------------------
2022-04-15 09:19:07,415:INFO:ДУГААРАА СОНГОЖ БУЙ ХЭСЭГ
2022-04-15 09:19:07,416:INFO:2
2022-04-15 09:23:26,006:INFO:------------------------------------------------------------------------------------------------
2022-04-15 09:27:35,972:INFO:ДУГААРАА СОНГОЖ БУЙ ХЭСЭГ
2022-04-15 09:27:35,972:INFO:4
2022-04-15 09:27:38,946:INFO:------------------------------------------------------------------------------------------------
2022-04-15 09:27:40,038:INFO:ДУГААРАА СОНГОЖ БУЙ ХЭСЭГ
2022-04-15 09:27:40,039:INFO:7
2022-04-15 09:27:42,281:INFO:ДУГААРАА СОНГОЖ БУЙ ХЭСЭГ
2022-04-15 09:27:42,281:INFO:2
2022-04-15 09:28:04,129:INFO:FilternumberBlockUnblock
2022-04-15 09:28:04,129:INFO:98**7883
2022-04-15 09:28:04,131:INFO:0003ACC_QUERY:0|3|132|98**7883|6
2022-04-15 09:28:04,902:INFO:98007883:6|98017883:6|98027883:6|98037883:6|98047883:6|98057883:6|98067883:6|98077883:6|98087883:6|98097883:6|98107883:6|98137883:6|98147883:6|98217883:6|98227883:6|98237883:6|98247883:6|98257883:6|98267883:6|98297883:6|98307883:6|98317883:6|98327883:6|98377883:6|98387883:6|98427883:6|98437883:6|98457883:6|98467883:6|98477883:6|98517883:6|98567883:6|98597883:6|98607883:6|98617883:6|98627883:6|98657883:6|98667883:6|98677883:6|98707883:6|98817883:6|98837883:6|98847883:6|98857883:6|98867883:6|98887883:6|98917883:6|98927883:6|98937883:6|98947883:6|98957883:6
2022-04-15 09:28:09,429:INFO:FilternumberBlockUnblock
2022-04-15 09:28:09,757:INFO:98**7883
2022-04-15 09:28:09,758:INFO:0003ACC_QUERY:0|3|132|98**7883|6
2022-04-15 09:28:10,527:INFO:98007883:6|98017883:6|98027883:6|98037883:6|98047883:6|98057883:6|98067883:6|98077883:6|98087883:6|98097883:6|98107883:6|98137883:6|98147883:6|98217883:6|98227883:6|98237883:6|98247883:6|98257883:6|98267883:6|98297883:6|98307883:6|98317883:6|98327883:6|98377883:6|98387883:6|98427883:6|98437883:6|98457883:6|98467883:6|98477883:6|98517883:6|98567883:6|98597883:6|98607883:6|98617883:6|98627883:6|98657883:6|98667883:6|98677883:6|98707883:6|98817883:6|98837883:6|98847883:6|98857883:6|98867883:6|98887883:6|98917883:6|98927883:6|98937883:6|98947883:6|98957883:6
2022-04-15 09:31:20,430:INFO:------------------------------------------------------------------------------------------------
2022-04-15 09:37:21,714:INFO:ДУГААРАА СОНГОЖ БУЙ ХЭСЭГ
2022-04-15 09:37:21,714:INFO:2
2022-04-15 09:37:22,659:WARNING:Not Found: /favicon.ico
2022-04-15 09:37:22,737:WARNING:Not Found: /favicon.ico
2022-04-15 09:37:23,908:INFO:------------------------------------------------------------------------------------------------
2022-04-15 09:40:15,039:INFO:------------------------------------------------------------------------------------------------
2022-04-15 09:42:35,022:INFO:------------------------------------------------------------------------------------------------
2022-04-15 09:42:44,293:INFO:ДУГААРАА СОНГОЖ БУЙ ХЭСЭГ
2022-04-15 09:42:44,293:INFO:7
2022-04-15 09:42:44,670:WARNING:Not Found: /favicon.ico
2022-04-15 09:42:57,773:WARNING:Not Found: /favicon.ico
2022-04-15 09:42:57,785:WARNING:Not Found: /favicon.ico
2022-04-15 09:42:59,220:INFO:------------------------------------------------------------------------------------------------
2022-04-15 09:43:31,483:INFO:FilternumberBlockUnblock
2022-04-15 09:43:31,483:INFO:98101279
2022-04-15 09:43:31,484:INFO:0003ACC_QUERY:0|3|132|98101279|6
2022-04-15 09:43:32,409:INFO:-1
2022-04-15 09:43:35,494:INFO:------------------------------------------------------------------------------------------------
2022-04-15 09:43:38,352:INFO:ДУГААРАА СОНГОЖ БУЙ ХЭСЭГ
2022-04-15 09:43:38,352:INFO:7
2022-04-15 09:43:47,132:INFO:FilternumberBlockUnblock
2022-04-15 09:43:47,132:INFO:98101279
2022-04-15 09:43:47,134:INFO:0003ACC_QUERY:0|3|132|98101279|6
2022-04-15 09:43:48,085:INFO:-1
2022-04-15 09:44:13,506:INFO:------------------------------------------------------------------------------------------------
2022-04-15 09:45:23,191:INFO:------------------------------------------------------------------------------------------------
2022-04-15 09:47:55,147:INFO:ДУГААРАА СОНГОЖ БУЙ ХЭСЭГ
2022-04-15 09:47:55,148:INFO:2
2022-04-15 09:48:00,131:INFO:FilternumberBlockUnblock
2022-04-15 09:48:00,131:INFO:9823****
2022-04-15 09:48:00,133:INFO:0003ACC_QUERY:0|3|132|9823****|6
2022-04-15 09:48:01,145:INFO:98230027:6|98230059:6|98230067:6|98230070:6|98230071:6|98230084:6|98230095:6|98230097:6|98230127:6|98230128:6|98230132:6|98230135:6|98230136:6|98230137:6|98230140:6|98230142:6|98230145:6|98230146:6|98230147:6|98230148:6|98230149:6|98230150:6|98230151:6|98230152:6|98230153:6|98230154:6|98230155:6|98230156:6|98230157:6|98230160:6|98230161:6|98230162:6|98230165:6|98230167:6|98230168:6|98230169:6|98230172:6|98230174:6|98230175:6|98230176:6|98230177:6|98230178:6|98230184:6|98230185:6|98230186:6|98230187:6|98230189:6|98230190:6|98230194:6|98230196:6|98230197:6|98230198:6|98230200:6|98230231:6|98230233:6|98230235:6|98230237:6|98230241:6|98230242:6|98230243:6|98230248:6|98230249:6|98230251:6|98230252:6|98230253:6|98230254:6|98230255:6|98230257:6|98230259:6|98230260:6|98230264:6|98230265:6|98230267:6|98230269:6|98230270:6|98230271:6|98230273:6|98230274:6|98230275:6|98230276:6|98230278:6|98230279:6|98230281:6|98230284:6|98230285:6|98230286:6|98230287:6|98230289:6|98230290:6|98230291:6|98230292:6|98230293:6|98230294:6|98230296:6|98230298:6|98230299:6|98230338:6|98230340:6|98230341:6|98230342:6|98230345:6|98230346:6|98230349:6|98230354:6|98230357:6|98230360:6|98230361:6|98230362:6|98230365:6|98230366:6|98230371:6|98230374:6|98230375:6|98230381:6|98230385:6|98230387:6|98230389:6|98230390:6|98230394:6|98230395:6|98230396:6|98230397:6|98230398:6|98230431:6|98230432:6|98230434:6|98230435:6|98230436:6|98230437:6|98230438:6|98230439:6|98230441:6
2022-04-15 09:48:03,239:INFO:------------------------------------------------------------------------------------------------
2022-04-15 09:48:21,720:INFO:------------------------------------------------------------------------------------------------
2022-04-15 09:52:19,786:WARNING:Not Found: /favicon.ico
2022-04-15 09:52:21,898:INFO:------------------------------------------------------------------------------------------------
2022-04-15 09:52:22,985:INFO:ДУГААРАА СОНГОЖ БУЙ ХЭСЭГ
2022-04-15 09:52:22,985:INFO:2
2022-04-15 09:52:42,743:INFO:FilternumberBlockUnblock
2022-04-15 09:52:42,743:INFO:98171793
2022-04-15 09:52:42,746:INFO:0003ACC_QUERY:0|3|132|98171793|6
2022-04-15 09:52:49,872:INFO:-1
2022-04-15 09:53:24,208:INFO:FilternumberBlockUnblock
2022-04-15 09:53:24,209:INFO:97171793
2022-04-15 09:53:24,210:INFO:0003ACC_QUERY:0|3|132|97171793|6
2022-04-15 09:53:30,019:INFO:-1
2022-04-15 09:53:36,822:INFO:FilternumberBlockUnblock
2022-04-15 09:53:36,822:INFO:97171797
2022-04-15 09:53:36,823:INFO:0003ACC_QUERY:0|3|132|97171797|6
2022-04-15 09:53:38,626:INFO:-1
2022-04-15 09:53:41,909:INFO:FilternumberBlockUnblock
2022-04-15 09:53:41,909:INFO:97171797
2022-04-15 09:53:41,911:INFO:0003ACC_QUERY:0|3|132|97171797|6
2022-04-15 09:53:43,739:INFO:-1
2022-04-15 09:53:48,093:INFO:FilternumberBlockUnblock
2022-04-15 09:53:48,093:INFO:97171797
2022-04-15 09:53:48,095:INFO:0003ACC_QUERY:0|3|132|97171797|6
2022-04-15 09:53:50,118:INFO:-1
2022-04-15 09:53:50,138:INFO:FilternumberBlockUnblock
2022-04-15 09:53:50,138:INFO:97171797
2022-04-15 09:53:50,139:INFO:0003ACC_QUERY:0|3|132|97171797|6
2022-04-15 09:53:52,116:INFO:-1
2022-04-15 09:54:00,874:INFO:FilternumberBlockUnblock
2022-04-15 09:54:00,874:INFO:97171797
2022-04-15 09:54:00,877:INFO:0003ACC_QUERY:0|3|132|97171797|6
2022-04-15 09:54:03,770:INFO:------------------------------------------------------------------------------------------------
2022-04-15 09:54:04,754:INFO:-1
2022-04-15 09:54:07,165:INFO:ДУГААРАА СОНГОЖ БУЙ ХЭСЭГ
2022-04-15 09:54:07,165:INFO:7
2022-04-15 09:54:08,234:WARNING:Not Found: /favicon.ico
2022-04-15 09:54:11,186:INFO:------------------------------------------------------------------------------------------------
2022-04-15 09:54:11,899:INFO:ДУГААРАА СОНГОЖ БУЙ ХЭСЭГ
2022-04-15 09:54:11,899:INFO:2
2022-04-15 09:54:13,755:INFO:FilternumberBlockUnblock
2022-04-15 09:54:13,755:INFO:97171793
2022-04-15 09:54:13,756:INFO:0003ACC_QUERY:0|3|132|97171793|6
2022-04-15 09:54:14,639:INFO:-1
2022-04-15 09:54:22,095:INFO:FilternumberBlockUnblock
2022-04-15 09:54:22,095:INFO:98123232
2022-04-15 09:54:22,097:INFO:0003ACC_QUERY:0|3|132|98123232|9
2022-04-15 09:54:23,042:INFO:-1
2022-04-15 09:54:27,922:INFO:ДУГААРАА СОНГОЖ БУЙ ХЭСЭГ
2022-04-15 09:54:27,923:INFO:2
2022-04-15 09:54:32,343:INFO:FilternumberBlockUnblock
2022-04-15 09:54:32,343:INFO:98980098
2022-04-15 09:54:32,344:INFO:0003ACC_QUERY:0|3|132|98980098|6
2022-04-15 09:54:33,303:INFO:-1
2022-04-15 09:54:34,709:INFO:FilternumberBlockUnblock
2022-04-15 09:54:34,709:INFO:9812****
2022-04-15 09:54:34,711:INFO:0003ACC_QUERY:0|3|132|9812****|9
2022-04-15 09:54:35,491:INFO:98120550:9|98122442:9|98123443:9|98125665:9|98125885:9|98126446:9|98127447:9|98129339:9
2022-04-15 09:54:38,666:INFO:FilternumberBlockUnblock
2022-04-15 09:54:38,667:INFO:9812****
2022-04-15 09:54:38,668:INFO:0003ACC_QUERY:0|3|132|9812****|9
2022-04-15 09:54:39,452:INFO:98120550:9|98122442:9|98123443:9|98125665:9|98125885:9|98126446:9|98127447:9|98129339:9
2022-04-15 09:54:46,509:INFO:------------------------------------------------------------------------------------------------
2022-04-15 09:55:01,327:INFO:FilternumberBlockUnblock
2022-04-15 09:55:01,327:INFO:9886****
2022-04-15 09:55:01,329:INFO:0003ACC_QUERY:0|3|132|9886****|6
2022-04-15 09:55:02,064:INFO:98860034:6|98860047:6|98860064:6|98860073:6|98860075:6|98860132:6|98860136:6|98860137:6|98860140:6|98860142:6|98860144:6|98860146:6|98860147:6|98860149:6|98860152:6|98860153:6|98860156:6|98860158:6|98860159:6|98860162:6|98860163:6|98860170:6|98860172:6|98860173:6|98860176:6|98860177:6|98860178:6|98860182:6|98860183:6|98860184:6|98860185:6|98860189:6|98860191:6|98860192:6|98860194:6|98860196:6|98860197:6|98860198:6|98860237:6|98860242:6|98860243:6|98860245:6|98860248:6|98860249:6|98860250:6|98860251:6|98860252:6|98860253:6|98860254:6|98860256:6|98860257:6|98860258:6|98860259:6|98860261:6|98860263:6|98860264:6|98860265:6|98860268:6|98860269:6|98860270:6|98860272:6|98860274:6|98860275:6|98860276:6|98860277:6|98860278:6|98860279:6|98860283:6|98860284:6|98860285:6|98860289:6|98860291:6|98860292:6|98860294:6|98860297:6|98860337:6|98860341:6|98860345:6|98860346:6|98860347:6|98860348:6|98860349:6|98860351:6|98860354:6|98860356:6|98860357:6|98860358:6|98860359:6|98860360:6|98860361:6|98860364:6|98860367:6|98860368:6|98860370:6|98860371:6|98860374:6|98860375:6|98860376:6|98860377:6|98860378:6|98860379:6|98860384:6|98860385:6|98860391:6|98860392:6|98860393:6|98860394:6|98860395:6|98860396:6|98860399:6|98860431:6|98860432:6|98860434:6|98860435:6|98860437:6|98860438:6|98860439:6|98860442:6|98860448:6|98860450:6|98860451:6|98860452:6|98860453:6|98860459:6|98860460:6|98860461:6|98860463:6|98860465:6|98860469:6|98860470:6|98860471:6|98860472:6
2022-04-15 09:55:11,340:INFO:FilternumberBlockUnblock
2022-04-15 09:55:11,341:INFO:9888****
2022-04-15 09:55:11,342:INFO:0003ACC_QUERY:0|3|132|9888****|6
2022-04-15 09:55:12,073:INFO:98881427:6|98881429:6|98881433:6|98881468:6|98881469:6|98881473:6|98881474:6|98881476:6|98881481:6|98881506:6|98881524:6|98881534:6|98881540:6|98881546:6|98881568:6|98881571:6|98881584:6|98881586:6|98881597:6|98881605:6|98881627:6|98881635:6|98881641:6|98881643:6|98881649:6|98881685:6|98881695:6|98881724:6|98881747:6|98881749:6|98881760:6|98881774:6|98881785:6|98881789:6|98881817:6|98881849:6|98881862:6|98881904:6|98881907:6|98881940:6|98881944:6|98881947:6|98881976:6|98881981:6|98881983:6|98881984:6|98882041:6|98882072:6|98882074:6|98882086:6|98882093:6|98882097:6|98882102:6|98882119:6|98882143:6|98882145:6|98882146:6|98882149:6|98882150:6|98882153:6|98882154:6|98882157:6|98882162:6|98882164:6|98882168:6|98882169:6|98882170:6|98882173:6|98882175:6|98882179:6|98882182:6|98882185:6|98882187:6|98882193:6|98882206:6|98882216:6|98882253:6|98882259:6|98882306:6|98882307:6|98882309:6|98882334:6|98882340:6|98882341:6|98882346:6|98882348:6|98882349:6|98882350:6|98882351:6|98882354:6|98882357:6|98882361:6|98882366:6|98882370:6|98882371:6|98882372:6|98882374:6|98882376:6|98882378:6|98882381:6|98882384:6|98882386:6|98882395:6|98882396:6|98882401:6|98882412:6|98882436:6|98882437:6|98882451:6|98882452:6|98882453:6|98882456:6|98882457:6|98882459:6|98882462:6|98882463:6|98882464:6|98882466:6|98882467:6|98882485:6|98882490:6|98882494:6|98882496:6|98882510:6|98882516:6|98882530:6|98882531:6|98882532:6|98882536:6|98882538:6|98882541:6|98882542:6
2022-04-15 09:55:21,123:INFO:FilternumberBlockUnblock
2022-04-15 09:55:21,123:INFO:9884****
2022-04-15 09:55:21,125:INFO:0003ACC_QUERY:0|3|132|9884****|6
2022-04-15 09:55:21,847:INFO:98840047:6|98840054:6|98840127:6|98840132:6|98840135:6|98840136:6|98840138:6|98840139:6|98840142:6|98840146:6|98840147:6|98840149:6|98840150:6|98840152:6|98840153:6|98840154:6|98840155:6|98840156:6|98840157:6|98840158:6|98840160:6|98840161:6|98840163:6|98840168:6|98840169:6|98840175:6|98840177:6|98840178:6|98840179:6|98840182:6|98840183:6|98840185:6|98840186:6|98840190:6|98840192:6|98840193:6|98840194:6|98840196:6|98840197:6|98840230:6|98840231:6|98840236:6|98840237:6|98840238:6|98840239:6|98840251:6|98840254:6|98840255:6|98840256:6|98840257:6|98840258:6|98840259:6|98840260:6|98840263:6|98840264:6|98840265:6|98840266:6|98840267:6|98840268:6|98840269:6|98840271:6|98840272:6|98840273:6|98840275:6|98840276:6|98840277:6|98840279:6|98840280:6|98840281:6|98840282:6|98840283:6|98840287:6|98840292:6|98840293:6|98840294:6|98840295:6|98840297:6|98840299:6|98840332:6|98840334:6|98840335:6|98840337:6|98840338:6|98840341:6|98840342:6|98840345:6|98840346:6|98840347:6|98840349:6|98840350:6|98840351:6|98840352:6|98840353:6|98840354:6|98840356:6|98840357:6|98840358:6|98840359:6|98840360:6|98840361:6|98840362:6|98840363:6|98840364:6|98840365:6|98840366:6|98840367:6|98840368:6|98840369:6|98840371:6|98840372:6|98840373:6|98840374:6|98840375:6|98840376:6|98840378:6|98840379:6|98840380:6|98840382:6|98840383:6|98840385:6|98840387:6|98840389:6|98840391:6|98840392:6|98840393:6|98840395:6|98840396:6|98840397:6|98840398:6|98840431:6|98840432:6|98840433:6
2022-04-15 09:55:30,622:INFO:FilternumberBlockUnblock
2022-04-15 09:55:30,622:INFO:8384****
2022-04-15 09:55:30,624:INFO:0003ACC_QUERY:0|3|132|8384****|6
2022-04-15 09:55:31,158:INFO:-1
2022-04-15 09:55:37,179:INFO:------------------------------------------------------------------------------------------------
2022-04-15 09:55:44,968:INFO:------------------------------------------------------------------------------------------------
2022-04-15 09:55:50,015:INFO:FilternumberBlockUnblock
2022-04-15 09:55:50,016:INFO:9339****
2022-04-15 09:55:50,017:INFO:0003ACC_QUERY:0|3|132|9339****|6
2022-04-15 09:55:50,412:INFO:93390057:6|93390136:6|93390172:6|93390181:6|93390189:6|93390234:6|93390314:6|93390318:6|93390353:6|93390389:6|93390448:6|93390477:6|93390531:6|93390691:6|93390775:6|93390914:6|93390944:6|93391160:6|93391229:6|93391240:6|93391241:6|93391242:6|93391243:6|93391244:6|93391245:6|93391246:6|93391248:6|93391249:6|93391439:6|93391502:6|93391503:6|93391504:6|93391505:6|93391506:6|93391507:6|93391508:6|93391509:6|93391579:6|93391599:6|93391680:6|93391681:6|93391682:6|93391683:6|93391684:6|93391685:6|93391686:6|93391687:6|93391688:6|93391689:6|93391739:6|93392060:6|93392061:6|93392062:6|93392063:6|93392064:6|93392065:6|93392066:6|93392067:6|93392068:6|93392069:6|93392100:6|93392102:6|93392103:6|93392104:6|93392105:6|93392106:6|93392107:6|93392108:6|93392109:6|93392295:6|93392479:6|93392481:6|93392482:6|93392483:6|93392484:6|93392485:6|93392486:6|93392487:6|93392488:6|93392489:6|93392490:6|93392491:6|93392492:6|93392493:6|93392495:6|93392496:6|93392497:6|93392498:6|93392499:6|93392500:6|93392501:6|93392502:6|93392503:6|93392504:6|93392506:6|93392507:6|93392508:6|93392509:6|93392511:6|93392512:6|93392513:6|93392514:6|93392515:6|93392516:6|93392517:6|93392518:6|93392519:6|93392520:6|93392521:6|93392523:6|93392524:6|93392526:6|93392528:6|93392530:6|93392531:6|93392533:6|93392534:6|93392535:6|93392536:6|93392537:6|93392538:6|93392539:6|93392540:6|93392541:6|93392543:6|93392544:6|93392545:6|93392546:6|93392547:6|93392548:6|93392549:6|93392550:6
2022-04-15 09:55:50,587:INFO:ДУГААРАА СОНГОЖ БУЙ ХЭСЭГ
2022-04-15 09:55:50,588:INFO:4
2022-04-15 09:55:51,983:INFO:ДУГААРАА СОНГОЖ БУЙ ХЭСЭГ
2022-04-15 09:55:51,984:INFO:4
2022-04-15 09:55:55,419:INFO:FilternumberBlockUnblock
2022-04-15 09:55:55,419:INFO:78******
2022-04-15 09:55:55,420:INFO:0003ACC_QUERY:0|3|132|78******|9
2022-04-15 09:55:56,100:INFO:78000330:9|78000440:9|78000505:9|78000550:9|78000606:9|78000660:9|78000770:9|78000880:9|78001313:9|78001331:9|78001414:9|78001441:9|78001551:9|78001616:9|78001661:9|78001771:9|78001919:9|78002002:9|78002020:9|78002112:9|78002121:9|78002323:9|78002332:9|78002424:9|78002442:9|78002525:9|78002552:9|78002626:9|78002662:9|78002727:9|78002772:9|78002828:9|78002882:9|78002929:9|78002992:9|78003003:9|78003030:9|78003113:9|78003131:9|78003223:9|78003232:9|78003434:9|78003443:9|78003535:9|78003663:9|78003773:9|78003883:9|78003939:9|78003993:9|78004004:9|78004040:9|78004114:9|78004141:9|78004224:9|78004242:9|78004334:9|78004343:9|78004545:9|78004554:9|78004646:9|78004664:9|78004747:9|78004774:9|78004884:9|78004949:9|78004994:9|78005005:9|78005050:9|78005115:9|78005151:9|78005225:9|78005252:9|78005335:9|78005353:9|78005445:9|78005454:9|78005656:9|78005665:9|78005775:9|78005858:9|78005885:9|78005995:9|78006006:9|78006060:9|78006116:9|78006161:9|78006226:9|78006262:9|78006336:9|78006363:9|78006446:9|78006464:9|78006565:9|78006767:9|78006776:9|78006886:9|78006969:9|78006996:9|78007007:9|78007117:9|78007171:9|78007227:9|78007272:9|78007337:9|78007373:9|78007447:9|78007474:9|78007557:9|78007575:9|78007667:9|78007676:9|78007979:9|78007997:9|78008118:9|78008181:9|78008228:9|78008282:9|78008338:9|78008383:9|78008448:9|78008484:9|78008558:9|78008585:9|78008668:9|78008686:9|78008778:9|78008787:9|78008998:9|78009009:9|78009119:9|78009191:9|78009229:9
2022-04-15 09:55:59,739:INFO:ДУГААРАА СОНГОЖ БУЙ ХЭСЭГ
2022-04-15 09:55:59,785:INFO:2
2022-04-15 09:56:00,338:WARNING:Not Found: /favicon.ico
2022-04-15 09:56:03,653:INFO:FilternumberBlockUnblock
2022-04-15 09:56:03,653:INFO:9333****
2022-04-15 09:56:03,655:INFO:0003ACC_QUERY:0|3|132|9333****|6
2022-04-15 09:56:04,482:INFO:93330161:6|93330173:6|93330178:6|93330225:6|93330229:6|93330234:6|93330235:6|93330236:6|93330237:6|93330238:6|93330240:6|93330241:6|93330246:6|93330248:6|93330249:6|93330252:6|93330253:6|93330254:6|93330255:6|93330257:6|93330258:6|93330259:6|93330260:6|93330261:6|93330262:6|93330263:6|93330264:6|93330267:6|93330268:6|93330269:6|93330271:6|93330272:6|93330274:6|93330276:6|93330279:6|93330280:6|93330283:6|93330284:6|93330285:6|93330286:6|93330287:6|93330291:6|93330292:6|93330293:6|93330294:6|93330317:6|93330341:6|93330342:6|93330346:6|93330347:6|93330351:6|93330352:6|93330354:6|93330357:6|93330358:6|93330361:6|93330362:6|93330365:6|93330367:6|93330369:6|93330371:6|93330374:6|93330375:6|93330376:6|93330379:6|93330397:6|93330402:6|93330425:6|93330435:6|93330450:6|93330455:6|93330457:6|93330459:6|93330460:6|93330461:6|93330462:6|93330463:6|93330466:6|93330468:6|93330469:6|93330475:6|93330476:6|93330478:6|93330479:6|93330480:6|93330481:6|93330482:6|93330483:6|93330485:6|93330489:6|93330490:6|93330491:6|93330492:6|93330494:6|93330495:6|93330496:6|93330498:6|93330513:6|93330521:6|93330531:6|93330532:6|93330535:6|93330536:6|93330537:6|93330538:6|93330541:6|93330543:6|93330544:6|93330545:6|93330546:6|93330547:6|93330549:6|93330551:6|93330554:6|93330556:6|93330557:6|93330558:6|93330560:6|93330561:6|93330562:6|93330564:6|93330566:6|93330568:6|93330571:6|93330572:6|93330573:6|93330574:6|93330576:6|93330578:6|93330579:6|93330581:6|93330582:6
2022-04-15 09:56:23,316:INFO:FilternumberBlockUnblock
2022-04-15 09:56:23,316:INFO:9314****
2022-04-15 09:56:23,317:INFO:0003ACC_QUERY:0|3|132|9314****|6
2022-04-15 09:56:23,783:INFO:93140019:6|93140020:6|93140021:6|93140024:6|93140026:6|93140027:6|93140031:6|93140034:6|93140035:6|93140036:6|93140037:6|93140038:6|93140047:6|93140049:6|93140060:6|93140061:6|93140062:6|93140063:6|93140065:6|93140067:6|93140070:6|93140071:6|93140072:6|93140073:6|93140078:6|93140079:6|93140081:6|93140082:6|93140083:6|93140084:6|93140085:6|93140092:6|93140094:6|93140096:6|93140097:6|93140116:6|93140117:6|93140118:6|93140121:6|93140122:6|93140124:6|93140127:6|93140129:6|93140130:6|93140132:6|93140134:6|93140135:6|93140138:6|93140139:6|93140142:6|93140143:6|93140144:6|93140145:6|93140146:6|93140147:6|93140148:6|93140150:6|93140151:6|93140152:6|93140153:6|93140154:6|93140156:6|93140157:6|93140158:6|93140159:6|93140160:6|93140161:6|93140162:6|93140164:6|93140165:6|93140166:6|93140167:6|93140168:6|93140169:6|93140170:6|93140171:6|93140172:6|93140173:6|93140174:6|93140175:6|93140176:6|93140177:6|93140178:6|93140179:6|93140180:6|93140181:6|93140182:6|93140183:6|93140185:6|93140186:6|93140187:6|93140188:6|93140189:6|93140190:6|93140192:6|93140193:6|93140194:6|93140196:6|93140197:6|93140206:6|93140216:6|93140219:6|93140224:6|93140230:6|93140231:6|93140234:6|93140235:6|93140236:6|93140237:6|93140238:6|93140239:6|93140241:6|93140243:6|93140245:6|93140246:6|93140248:6|93140249:6|93140251:6|93140253:6|93140254:6|93140257:6|93140258:6|93140259:6|93140260:6|93140261:6|93140262:6|93140263:6|93140264:6|93140265:6|93140267:6|93140268:6|93140269:6
2022-04-15 09:56:56,066:INFO:FilternumberBlockUnblock
2022-04-15 09:56:56,067:INFO:9330****
2022-04-15 09:56:56,068:INFO:0003ACC_QUERY:0|3|132|9330****|6
2022-04-15 09:56:56,398:INFO:93300129:6|93300191:6|93300236:6|93300241:6|93300243:6|93300244:6|93300246:6|93300249:6|93300250:6|93300251:6|93300252:6|93300253:6|93300254:6|93300256:6|93300257:6|93300259:6|93300260:6|93300261:6|93300262:6|93300263:6|93300264:6|93300265:6|93300267:6|93300269:6|93300273:6|93300274:6|93300275:6|93300276:6|93300277:6|93300278:6|93300282:6|93300285:6|93300286:6|93300289:6|93300291:6|93300294:6|93300295:6|93300296:6|93300325:6|93300326:6|93300340:6|93300341:6|93300342:6|93300345:6|93300346:6|93300347:6|93300349:6|93300352:6|93300353:6|93300355:6|93300359:6|93300362:6|93300364:6|93300368:6|93300369:6|93300371:6|93300374:6|93300375:6|93300376:6|93300377:6|93300384:6|93300392:6|93300413:6|93300416:6|93300418:6|93300421:6|93300431:6|93300432:6|93300434:6|93300435:6|93300436:6|93300437:6|93300438:6|93300439:6|93300441:6|93300442:6|93300445:6|93300451:6|93300452:6|93300453:6|93300457:6|93300458:6|93300459:6|93300462:6|93300463:6|93300464:6|93300465:6|93300466:6|93300467:6|93300468:6|93300469:6|93300471:6|93300472:6|93300473:6|93300474:6|93300475:6|93300476:6|93300477:6|93300478:6|93300481:6|93300482:6|93300483:6|93300484:6|93300486:6|93300487:6|93300488:6|93300489:6|93300490:6|93300492:6|93300493:6|93300494:6|93300495:6|93300497:6|93300499:6|93300519:6|93300524:6|93300528:6|93300532:6|93300534:6|93300536:6|93300537:6|93300538:6|93300539:6|93300542:6|93300543:6|93300544:6|93300545:6|93300546:6|93300547:6|93300548:6|93300549:6|93300551:6
2022-04-15 09:57:00,048:INFO:------------------------------------------------------------------------------------------------
2022-04-15 09:57:10,978:INFO:FilternumberBlockUnblock
2022-04-15 09:57:10,978:INFO:9898****
2022-04-15 09:57:10,979:INFO:0003ACC_QUERY:0|3|132|9898****|6
2022-04-15 09:57:11,744:INFO:98980149:6|98980576:6|98980866:6|98980970:6|98982648:6|98982654:6|98983241:6|98983423:6|98983489:6|98983526:6|98983572:6|98983593:6|98983695:6|98983760:6|98983910:6|98983942:6|98984097:6|98984125:6|98984196:6|98984362:6|98984517:6|98984572:6|98984635:6|98984658:6|98984702:6|98984710:6|98984734:6|98984753:6|98984873:6|98984927:6|98984951:6|98984974:6|98985084:6|98985104:6|98985129:6|98985133:6|98985186:6|98985214:6|98985217:6|98985237:6|98985397:6|98985460:6|98985463:6|98985527:6|98985536:6|98985672:6|98985681:6|98985703:6|98985709:6|98985746:6|98985803:6|98985864:6|98985901:6|98985923:6|98985977:6|98986014:6|98986019:6|98986054:6|98986085:6|98986102:6|98986135:6|98986194:6|98986374:6|98986389:6|98986426:6|98986450:6|98986503:6|98986517:6|98986534:6|98986537:6|98986540:6|98986725:6|98986731:6|98986736:6|98986739:6|98986740:6|98986741:6|98986743:6|98986745:6|98986746:6|98986796:6|98986837:6|98986851:6|98986913:6|98986927:6|98986934:6|98986941:6|98986943:6|98986945:6|98986946:6|98986947:6|98986957:6|98986975:6|98987041:6|98987096:6|98987124:6|98987129:6|98987153:6|98987217:6|98987220:6|98987230:6|98987259:6|98987263:6|98987287:6|98987291:6|98987297:6|98987325:6|98987357:6|98987365:6|98987367:6|98987369:6|98987384:6|98987385:6|98987403:6|98987409:6|98987416:6|98987435:6|98987450:6|98987461:6|98987463:6|98987481:6|98987491:6|98987513:6|98987514:6|98987516:6|98987519:6|98987524:6|98987527:6|98987538:6|98987541:6|98987546:6|98987556:6
2022-04-15 09:57:20,386:INFO:FilternumberBlockUnblock
2022-04-15 09:57:20,387:INFO:9899****
2022-04-15 09:57:20,388:INFO:0003ACC_QUERY:0|3|132|9899****|6
2022-04-15 09:57:21,145:INFO:98990615:6|98990884:6|98991236:6|98991243:6|98991265:6|98991329:6|98991341:6|98991493:6|98991523:6|98991524:6|98991528:6|98991568:6|98991582:6|98991586:6|98991607:6|98991630:6|98991635:6|98991674:6|98991682:6|98991726:6|98991729:6|98991732:6|98991780:6|98991839:6|98991846:6|98991856:6|98991861:6|98991906:6|98991952:6|98991956:6|98991974:6|98992068:6|98992243:6|98992312:6|98992340:6|98992342:6|98992386:6|98992391:6|98992417:6|98992456:6|98992469:6|98992481:6|98992485:6|98992491:6|98992497:6|98992521:6|98992536:6|98992570:6|98992606:6|98992615:6|98992637:6|98992653:6|98992665:6|98992667:6|98992670:6|98992732:6|98992739:6|98992746:6|98992765:6|98992768:6|98992786:6|98992802:6|98992835:6|98992913:6|98992918:6|98993016:6|98993024:6|98993125:6|98993134:6|98993169:6|98993174:6|98993175:6|98993176:6|98993183:6|98993184:6|98993185:6|98993197:6|98993205:6|98993217:6|98993226:6|98993240:6|98993243:6|98993245:6|98993251:6|98993257:6|98993269:6|98993273:6|98993283:6|98993286:6|98993287:6|98993293:6|98993314:6|98993324:6|98993326:6|98993327:6|98993347:6|98993349:6|98993361:6|98993403:6|98993408:6|98993413:6|98993418:6|98993421:6|98993435:6|98993450:6|98993451:6|98993452:6|98993462:6|98993465:6|98993483:6|98993485:6|98993497:6|98993519:6|98993520:6|98993523:6|98993524:6|98993526:6|98993527:6|98993541:6|98993542:6|98993543:6|98993546:6|98993562:6|98993581:6|98993590:6|98993594:6|98993597:6|98993601:6|98993602:6|98993607:6|98993613:6|98993616:6
2022-04-15 09:57:45,458:INFO:------------------------------------------------------------------------------------------------
2022-04-15 09:57:46,556:INFO:FilternumberBlockUnblock
2022-04-15 09:57:46,556:INFO:8316****
2022-04-15 09:57:46,558:INFO:0003ACC_QUERY:0|3|132|8316****|6
2022-04-15 09:57:46,754:INFO:83160009:6|83160013:6|83160019:6|83160021:6|83160024:6|83160025:6|83160028:6|83160029:6|83160030:6|83160031:6|83160032:6|83160034:6|83160037:6|83160043:6|83160045:6|83160046:6|83160047:6|83160049:6|83160050:6|83160052:6|83160053:6|83160054:6|83160056:6|83160057:6|83160062:6|83160063:6|83160065:6|83160067:6|83160070:6|83160071:6|83160072:6|83160074:6|83160075:6|83160076:6|83160078:6|83160079:6|83160080:6|83160081:6|83160083:6|83160084:6|83160085:6|83160087:6|83160092:6|83160093:6|83160094:6|83160097:6|83160098:6|83160113:6|83160117:6|83160119:6|83160123:6|83160124:6|83160127:6|83160129:6|83160130:6|83160132:6|83160133:6|83160134:6|83160135:6|83160136:6|83160137:6|83160138:6|83160139:6|83160140:6|83160141:6|83160142:6|83160143:6|83160145:6|83160146:6|83160147:6|83160148:6|83160149:6|83160150:6|83160151:6|83160153:6|83160154:6|83160155:6|83160156:6|83160157:6|83160158:6|83160159:6|83160160:6|83160161:6|83160162:6|83160163:6|83160164:6|83160165:6|83160167:6|83160168:6|83160169:6|83160171:6|83160172:6|83160174:6|83160175:6|83160176:6|83160177:6|83160178:6|83160179:6|83160181:6|83160182:6|83160184:6|83160185:6|83160187:6|83160188:6|83160190:6|83160191:6|83160192:6|83160193:6|83160194:6|83160195:6|83160196:6|83160197:6|83160198:6|83160199:6|83160200:6|83160205:6|83160207:6|83160209:6|83160211:6|83160213:6|83160215:6|83160217:6|83160218:6|83160224:6|83160225:6|83160226:6|83160227:6|83160228:6|83160230:6|83160231:6|83160234:6|83160235:6
2022-04-15 09:57:55,890:INFO:ДУГААРЫН ҮНЭ
2022-04-15 09:57:55,895:INFO:5000
2022-04-15 09:58:21,308:INFO:------------------------------------------------------------------------------------------------
2022-04-15 09:58:24,347:INFO:ДУГААРАА СОНГОЖ БУЙ ХЭСЭГ
2022-04-15 09:58:24,348:INFO:2
2022-04-15 09:58:24,667:WARNING:Not Found: /favicon.ico
2022-04-15 09:58:31,859:INFO:FilternumberBlockUnblock
2022-04-15 09:58:31,859:INFO:9880****
2022-04-15 09:58:31,861:INFO:0003ACC_QUERY:0|3|132|9880****|6
2022-04-15 09:58:32,548:INFO:98800175:6|98800268:6|98800347:6|98800364:6|98800372:6|98800384:6|98800394:6|98800479:6|98800482:6|98800501:6|98800521:6|98800587:6|98800638:6|98800639:6|98800658:6|98800763:6|98800773:6|98800924:6|98800972:6|98800974:6|98801042:6|98801053:6|98801138:6|98801185:6|98801197:6|98801301:6|98801472:6|98801708:6|98801858:6|98802071:6|98802207:6|98802273:6|98802275:6|98802341:6|98802510:6|98802584:6|98802586:6|98802587:6|98802591:6|98802592:6|98802593:6|98802594:6|98802595:6|98802596:6|98802597:6|98802601:6|98802602:6|98802603:6|98802606:6|98802609:6|98802651:6|98802653:6|98802654:6|98802657:6|98802658:6|98802659:6|98802660:6|98802663:6|98802664:6|98802665:6|98802669:6|98802671:6|98802672:6|98802673:6|98802674:6|98802675:6|98802678:6|98802679:6|98802683:6|98802684:6|98802692:6|98802693:6|98802694:6|98802695:6|98802696:6|98802701:6|98802703:6|98802704:6|98802705:6|98802706:6|98802709:6|98802712:6|98802713:6|98802714:6|98802715:6|98802716:6|98802717:6|98802719:6|98802721:6|98802723:6|98802724:6|98802725:6|98802730:6|98802731:6|98802732:6|98802734:6|98802735:6|98802736:6|98802738:6|98802739:6|98802740:6|98802741:6|98802743:6|98802745:6|98802746:6|98802747:6|98802748:6|98802750:6|98802752:6|98802753:6|98802754:6|98802756:6|98802758:6|98802759:6|98802760:6|98802761:6|98802763:6|98802764:6|98802765:6|98802769:6|98802771:6|98802773:6|98802774:6|98802776:6|98802781:6|98802782:6|98802783:6|98802784:6|98802785:6|98802786:6|98802791:6|98802792:6
2022-04-15 09:58:41,305:INFO:FilternumberBlockUnblock
2022-04-15 09:58:41,306:INFO:9880*0*0
2022-04-15 09:58:41,308:INFO:0003ACC_QUERY:0|3|132|9880*0*0|6
2022-04-15 09:58:42,110:INFO:98806050:6
2022-04-15 09:58:47,132:INFO:------------------------------------------------------------------------------------------------
2022-04-15 09:59:16,449:INFO:------------------------------------------------------------------------------------------------
2022-04-15 10:02:01,952:INFO:------------------------------------------------------------------------------------------------
2022-04-15 10:02:45,286:INFO:------------------------------------------------------------------------------------------------
2022-04-15 10:05:06,228:INFO:------------------------------------------------------------------------------------------------
2022-04-15 10:08:26,539:INFO:------------------------------------------------------------------------------------------------
2022-04-15 10:08:27,670:INFO:ДУГААРАА СОНГОЖ БУЙ ХЭСЭГ
2022-04-15 10:08:27,670:INFO:2
2022-04-15 10:08:27,851:WARNING:Not Found: /favicon.ico
2022-04-15 10:08:57,415:INFO:------------------------------------------------------------------------------------------------
2022-04-15 10:12:00,941:INFO:ДУГААРАА СОНГОЖ БУЙ ХЭСЭГ
2022-04-15 10:12:00,941:INFO:2
2022-04-15 10:12:01,014:INFO:ДУГААРАА СОНГОЖ БУЙ ХЭСЭГ
2022-04-15 10:12:01,014:INFO:2
2022-04-15 10:12:01,988:INFO:------------------------------------------------------------------------------------------------
2022-04-15 10:15:48,171:INFO:------------------------------------------------------------------------------------------------
2022-04-15 10:16:02,928:INFO:------------------------------------------------------------------------------------------------
2022-04-15 10:16:46,866:INFO:ДУГААРАА СОНГОЖ БУЙ ХЭСЭГ
2022-04-15 10:16:46,867:INFO:7
2022-04-15 10:16:48,825:INFO:------------------------------------------------------------------------------------------------
2022-04-15 10:19:03,225:INFO:------------------------------------------------------------------------------------------------
2022-04-15 10:27:58,297:INFO:ДУГААРАА СОНГОЖ БУЙ ХЭСЭГ
2022-04-15 10:27:58,297:INFO:7
2022-04-15 10:27:58,548:WARNING:Not Found: /favicon.ico
2022-04-15 10:28:00,184:INFO:------------------------------------------------------------------------------------------------
2022-04-15 10:28:00,876:INFO:ДУГААРАА СОНГОЖ БУЙ ХЭСЭГ
2022-04-15 10:28:00,877:INFO:2
2022-04-15 10:28:12,820:INFO:FilternumberBlockUnblock
2022-04-15 10:28:12,820:INFO:98124949
2022-04-15 10:28:12,822:INFO:0003ACC_QUERY:0|3|132|98124949|9
2022-04-15 10:28:13,759:INFO:-1
2022-04-15 10:28:17,701:INFO:FilternumberBlockUnblock
2022-04-15 10:28:17,701:INFO:98124949
2022-04-15 10:28:17,702:INFO:0003ACC_QUERY:0|3|132|98124949|9
2022-04-15 10:28:18,628:INFO:-1
2022-04-15 10:28:31,418:INFO:ДУГААРАА СОНГОЖ БУЙ ХЭСЭГ
2022-04-15 10:28:31,419:INFO:7
2022-04-15 10:28:31,851:WARNING:Not Found: /favicon.ico
2022-04-15 10:28:33,805:INFO:FilternumberBlockUnblock
2022-04-15 10:28:33,805:INFO:9898****
2022-04-15 10:28:33,807:INFO:0003ACC_QUERY:0|3|132|9898****|6
2022-04-15 10:28:34,628:INFO:98980149:6|98980576:6|98980866:6|98980970:6|98982648:6|98982654:6|98983241:6|98983423:6|98983489:6|98983526:6|98983572:6|98983593:6|98983695:6|98983760:6|98983910:6|98983942:6|98984097:6|98984125:6|98984196:6|98984362:6|98984517:6|98984572:6|98984635:6|98984658:6|98984702:6|98984710:6|98984734:6|98984753:6|98984873:6|98984927:6|98984951:6|98984974:6|98985084:6|98985104:6|98985129:6|98985133:6|98985186:6|98985214:6|98985217:6|98985237:6|98985397:6|98985460:6|98985463:6|98985527:6|98985536:6|98985672:6|98985681:6|98985703:6|98985709:6|98985746:6|98985803:6|98985864:6|98985901:6|98985923:6|98985977:6|98986014:6|98986019:6|98986054:6|98986085:6|98986102:6|98986135:6|98986194:6|98986374:6|98986389:6|98986426:6|98986450:6|98986503:6|98986517:6|98986534:6|98986537:6|98986540:6|98986725:6|98986731:6|98986736:6|98986739:6|98986740:6|98986741:6|98986743:6|98986745:6|98986746:6|98986796:6|98986837:6|98986851:6|98986913:6|98986927:6|98986934:6|98986941:6|98986943:6|98986945:6|98986946:6|98986947:6|98986957:6|98986975:6|98987041:6|98987096:6|98987124:6|98987129:6|98987153:6|98987217:6|98987220:6|98987230:6|98987259:6|98987263:6|98987287:6|98987291:6|98987297:6|98987325:6|98987357:6|98987365:6|98987367:6|98987369:6|98987384:6|98987385:6|98987403:6|98987409:6|98987416:6|98987435:6|98987450:6|98987461:6|98987463:6|98987481:6|98987491:6|98987513:6|98987514:6|98987516:6|98987519:6|98987524:6|98987527:6|98987538:6|98987541:6|98987546:6|98987556:6
2022-04-15 10:28:37,444:INFO:FilternumberBlockUnblock
2022-04-15 10:28:37,444:INFO:9811****
2022-04-15 10:28:37,446:INFO:0003ACC_QUERY:0|3|132|9811****|6
2022-04-15 10:28:38,199:INFO:98111672:6|98114601:6|98115446:6|98116351:6|98116428:6|98116853:6
2022-04-15 10:28:49,179:INFO:FilternumberBlockUnblock
2022-04-15 10:28:49,179:INFO:9898****
2022-04-15 10:28:49,180:INFO:0003ACC_QUERY:0|3|132|9898****|6
2022-04-15 10:28:49,955:INFO:98980149:6|98980576:6|98980866:6|98980970:6|98982648:6|98982654:6|98983241:6|98983423:6|98983489:6|98983526:6|98983572:6|98983593:6|98983695:6|98983760:6|98983910:6|98983942:6|98984097:6|98984125:6|98984196:6|98984362:6|98984517:6|98984572:6|98984635:6|98984658:6|98984702:6|98984710:6|98984734:6|98984753:6|98984873:6|98984927:6|98984951:6|98984974:6|98985084:6|98985104:6|98985129:6|98985133:6|98985186:6|98985214:6|98985217:6|98985237:6|98985397:6|98985460:6|98985463:6|98985527:6|98985536:6|98985672:6|98985681:6|98985703:6|98985709:6|98985746:6|98985803:6|98985864:6|98985901:6|98985923:6|98985977:6|98986014:6|98986019:6|98986054:6|98986085:6|98986102:6|98986135:6|98986194:6|98986374:6|98986389:6|98986426:6|98986450:6|98986503:6|98986517:6|98986534:6|98986537:6|98986540:6|98986725:6|98986731:6|98986736:6|98986739:6|98986740:6|98986741:6|98986743:6|98986745:6|98986746:6|98986796:6|98986837:6|98986851:6|98986913:6|98986927:6|98986934:6|98986941:6|98986943:6|98986945:6|98986946:6|98986947:6|98986957:6|98986975:6|98987041:6|98987096:6|98987124:6|98987129:6|98987153:6|98987217:6|98987220:6|98987230:6|98987259:6|98987263:6|98987287:6|98987291:6|98987297:6|98987325:6|98987357:6|98987365:6|98987367:6|98987369:6|98987384:6|98987385:6|98987403:6|98987409:6|98987416:6|98987435:6|98987450:6|98987461:6|98987463:6|98987481:6|98987491:6|98987513:6|98987514:6|98987516:6|98987519:6|98987524:6|98987527:6|98987538:6|98987541:6|98987546:6|98987556:6
2022-04-15 10:29:00,299:INFO:FilternumberBlockUnblock
2022-04-15 10:29:00,300:INFO:9898****
2022-04-15 10:29:00,303:INFO:0003ACC_QUERY:0|3|132|9898****|6
2022-04-15 10:29:01,069:INFO:98980149:6|98980576:6|98980866:6|98980970:6|98982648:6|98982654:6|98983241:6|98983423:6|98983489:6|98983526:6|98983572:6|98983593:6|98983695:6|98983760:6|98983910:6|98983942:6|98984097:6|98984125:6|98984196:6|98984362:6|98984517:6|98984572:6|98984635:6|98984658:6|98984702:6|98984710:6|98984734:6|98984753:6|98984873:6|98984927:6|98984951:6|98984974:6|98985084:6|98985104:6|98985129:6|98985133:6|98985186:6|98985214:6|98985217:6|98985237:6|98985397:6|98985460:6|98985463:6|98985527:6|98985536:6|98985672:6|98985681:6|98985703:6|98985709:6|98985746:6|98985803:6|98985864:6|98985901:6|98985923:6|98985977:6|98986014:6|98986019:6|98986054:6|98986085:6|98986102:6|98986135:6|98986194:6|98986374:6|98986389:6|98986426:6|98986450:6|98986503:6|98986517:6|98986534:6|98986537:6|98986540:6|98986725:6|98986731:6|98986736:6|98986739:6|98986740:6|98986741:6|98986743:6|98986745:6|98986746:6|98986796:6|98986837:6|98986851:6|98986913:6|98986927:6|98986934:6|98986941:6|98986943:6|98986945:6|98986946:6|98986947:6|98986957:6|98986975:6|98987041:6|98987096:6|98987124:6|98987129:6|98987153:6|98987217:6|98987220:6|98987230:6|98987259:6|98987263:6|98987287:6|98987291:6|98987297:6|98987325:6|98987357:6|98987365:6|98987367:6|98987369:6|98987384:6|98987385:6|98987403:6|98987409:6|98987416:6|98987435:6|98987450:6|98987461:6|98987463:6|98987481:6|98987491:6|98987513:6|98987514:6|98987516:6|98987519:6|98987524:6|98987527:6|98987538:6|98987541:6|98987546:6|98987556:6
2022-04-15 10:31:20,714:INFO:------------------------------------------------------------------------------------------------
2022-04-15 10:32:49,727:INFO:ДУГААРАА СОНГОЖ БУЙ ХЭСЭГ
2022-04-15 10:32:49,727:INFO:2
2022-04-15 10:33:06,979:INFO:FilternumberBlockUnblock
2022-04-15 10:33:06,980:INFO:98**1324
2022-04-15 10:33:06,981:INFO:0003ACC_QUERY:0|3|132|98**1324|6
2022-04-15 10:33:07,758:INFO:98001324:6|98021324:6|98031324:6|98041324:6|98051324:6|98061324:6|98071324:6|98091324:6|98151324:6|98171324:6|98181324:6|98191324:6|98201324:6|98211324:6|98221324:6|98251324:6|98261324:6|98271324:6|98281324:6|98291324:6|98301324:6|98311324:6|98321324:6|98331324:6|98371324:6|98421324:6|98431324:6|98451324:6|98461324:6|98471324:6|98481324:6|98511324:6|98561324:6|98591324:6|98601324:6|98611324:6|98621324:6|98631324:6|98651324:6|98661324:6|98671324:6|98811324:6|98831324:6|98841324:6|98851324:6|98901324:6|98911324:6|98921324:6|98931324:6|98941324:6|98951324:6|98961324:6|98971324:6
2022-04-15 10:33:33,311:INFO:FilternumberBlockUnblock
2022-04-15 10:33:33,311:INFO:981213**
2022-04-15 10:33:33,313:INFO:0003ACC_QUERY:0|3|132|981213**|6
2022-04-15 10:33:34,104:INFO:-1
2022-04-15 10:34:06,269:INFO:FilternumberBlockUnblock
2022-04-15 10:34:06,269:INFO:83**2565
2022-04-15 10:34:06,270:INFO:0003ACC_QUERY:0|3|132|83**2565|6
2022-04-15 10:34:06,877:INFO:83002565:6|83012565:6|83022565:6|83032565:6|83042565:6|83052565:6|83062565:6|83072565:6|83082565:6|83092565:6|83102565:6|83112565:6|83122565:6|83142565:6|83162565:6|83172565:6|83182565:6|83192565:6
2022-04-15 10:34:13,565:INFO:FilternumberBlockUnblock
2022-04-15 10:34:13,566:INFO:98**2565
2022-04-15 10:34:13,567:INFO:0003ACC_QUERY:0|3|132|98**2565|6
2022-04-15 10:34:14,378:INFO:98032565:6|98042565:6|98062565:6|98072565:6|98092565:6|98102565:6|98372565:6|98432565:6|98472565:6|98482565:6|98512565:6|98562565:6|98602565:6|98622565:6|98672565:6|98852565:6
2022-04-15 10:34:26,046:INFO:FilternumberBlockUnblock
2022-04-15 10:34:26,047:INFO:83**2565
2022-04-15 10:34:26,048:INFO:0003ACC_QUERY:0|3|132|83**2565|6
2022-04-15 10:34:26,611:INFO:83002565:6|83012565:6|83022565:6|83032565:6|83042565:6|83052565:6|83062565:6|83072565:6|83082565:6|83092565:6|83102565:6|83112565:6|83122565:6|83142565:6|83162565:6|83172565:6|83182565:6|83192565:6
2022-04-15 10:34:41,458:INFO:FilternumberBlockUnblock
2022-04-15 10:34:41,458:INFO:98**2565
2022-04-15 10:34:41,459:INFO:0003ACC_QUERY:0|3|132|98**2565|6
2022-04-15 10:34:42,257:INFO:98032565:6|98042565:6|98062565:6|98072565:6|98092565:6|98102565:6|98372565:6|98432565:6|98472565:6|98482565:6|98512565:6|98562565:6|98602565:6|98622565:6|98672565:6|98852565:6
2022-04-15 10:34:54,446:INFO:ДУГААРЫН ҮНЭ
2022-04-15 10:34:54,451:INFO:5000
2022-04-15 10:40:16,515:INFO:------------------------------------------------------------------------------------------------
2022-04-15 10:43:00,342:INFO:------------------------------------------------------------------------------------------------
2022-04-15 10:44:13,519:INFO:------------------------------------------------------------------------------------------------
2022-04-15 10:48:03,470:INFO:------------------------------------------------------------------------------------------------
2022-04-15 10:48:22,028:INFO:------------------------------------------------------------------------------------------------
2022-04-15 10:54:46,793:INFO:------------------------------------------------------------------------------------------------
2022-04-15 10:55:37,925:INFO:------------------------------------------------------------------------------------------------
2022-04-15 10:57:00,324:INFO:------------------------------------------------------------------------------------------------
2022-04-15 10:57:48,664:INFO:------------------------------------------------------------------------------------------------
2022-04-15 10:57:58,849:INFO:------------------------------------------------------------------------------------------------
2022-04-15 10:57:58,919:INFO:------------------------------------------------------------------------------------------------
2022-04-15 10:57:59,739:INFO:ДУГААРАА СОНГОЖ БУЙ ХЭСЭГ
2022-04-15 10:57:59,739:INFO:7
2022-04-15 10:58:03,921:INFO:ДУГААРАА СОНГОЖ БУЙ ХЭСЭГ
2022-04-15 10:58:03,921:INFO:2
2022-04-15 10:58:04,214:WARNING:Not Found: /favicon.ico
2022-04-15 10:58:20,975:INFO:FilternumberBlockUnblock
2022-04-15 10:58:20,975:INFO:98**0309
2022-04-15 10:58:20,977:INFO:0003ACC_QUERY:0|3|132|98**0309|6
2022-04-15 10:58:21,743:INFO:98080309:6
2022-04-15 10:58:28,723:INFO:FilternumberBlockUnblock
2022-04-15 10:58:28,724:INFO:98**0100
2022-04-15 10:58:28,725:INFO:0003ACC_QUERY:0|3|132|98**0100|6
2022-04-15 10:58:29,494:INFO:98470100:6
2022-04-15 10:58:34,041:INFO:FilternumberBlockUnblock
2022-04-15 10:58:34,042:INFO:97**0100
2022-04-15 10:58:34,043:INFO:0003ACC_QUERY:0|3|132|97**0100|6
2022-04-15 10:58:34,750:INFO:97030100:6|97050100:6|97060100:6|97080100:6|97160100:6
2022-04-15 10:58:41,940:INFO:ДУГААРАА СОНГОЖ БУЙ ХЭСЭГ
2022-04-15 10:58:41,941:INFO:2
2022-04-15 10:58:42,343:WARNING:Not Found: /favicon.ico
2022-04-15 10:58:47,363:INFO:FilternumberBlockUnblock
2022-04-15 10:58:47,363:INFO:9888****
2022-04-15 10:58:47,364:INFO:0003ACC_QUERY:0|3|132|9888****|6
2022-04-15 10:58:47,793:INFO:------------------------------------------------------------------------------------------------
2022-04-15 10:58:48,094:INFO:98881427:6|98881429:6|98881433:6|98881468:6|98881469:6|98881473:6|98881474:6|98881476:6|98881481:6|98881506:6|98881524:6|98881534:6|98881540:6|98881546:6|98881568:6|98881571:6|98881584:6|98881586:6|98881597:6|98881605:6|98881627:6|98881635:6|98881641:6|98881643:6|98881649:6|98881685:6|98881695:6|98881724:6|98881747:6|98881749:6|98881760:6|98881774:6|98881785:6|98881789:6|98881817:6|98881849:6|98881862:6|98881904:6|98881907:6|98881940:6|98881944:6|98881947:6|98881976:6|98881981:6|98881983:6|98881984:6|98882041:6|98882072:6|98882074:6|98882086:6|98882093:6|98882097:6|98882102:6|98882119:6|98882143:6|98882145:6|98882146:6|98882149:6|98882150:6|98882153:6|98882154:6|98882157:6|98882162:6|98882164:6|98882168:6|98882169:6|98882170:6|98882173:6|98882175:6|98882179:6|98882182:6|98882185:6|98882187:6|98882193:6|98882206:6|98882216:6|98882253:6|98882259:6|98882306:6|98882307:6|98882309:6|98882334:6|98882340:6|98882341:6|98882346:6|98882348:6|98882349:6|98882350:6|98882351:6|98882354:6|98882357:6|98882361:6|98882366:6|98882370:6|98882371:6|98882372:6|98882374:6|98882376:6|98882378:6|98882381:6|98882384:6|98882386:6|98882395:6|98882396:6|98882401:6|98882412:6|98882436:6|98882437:6|98882451:6|98882452:6|98882453:6|98882456:6|98882457:6|98882459:6|98882462:6|98882463:6|98882464:6|98882466:6|98882467:6|98882485:6|98882490:6|98882494:6|98882496:6|98882510:6|98882516:6|98882530:6|98882531:6|98882532:6|98882536:6|98882538:6|98882541:6|98882542:6
2022-04-15 10:59:13,558:INFO:------------------------------------------------------------------------------------------------
2022-04-15 10:59:44,383:INFO:ДУГААРАА СОНГОЖ БУЙ ХЭСЭГ
2022-04-15 10:59:44,384:INFO:2
2022-04-15 10:59:44,715:WARNING:Not Found: /favicon.ico
2022-04-15 10:59:47,211:INFO:FilternumberBlockUnblock
2022-04-15 10:59:47,211:INFO:8313*415
2022-04-15 10:59:47,213:INFO:0003ACC_QUERY:0|3|132|8313*415|6
2022-04-15 10:59:47,771:INFO:83132415:6|83133415:6|83134415:6|83135415:6|83136415:6|83137415:6|83138415:6|83139415:6
2022-04-15 10:59:59,985:INFO:ДУГААРЫН ҮНЭ
2022-04-15 10:59:59,990:INFO:5000
2022-04-15 11:02:02,673:INFO:------------------------------------------------------------------------------------------------
2022-04-15 11:02:45,686:INFO:------------------------------------------------------------------------------------------------
2022-04-15 11:03:30,062:INFO:------------------------------------------------------------------------------------------------
2022-04-15 11:03:32,007:INFO:ДУГААРАА СОНГОЖ БУЙ ХЭСЭГ
2022-04-15 11:03:32,008:INFO:7
2022-04-15 11:03:32,326:WARNING:Not Found: /favicon.ico
2022-04-15 11:03:33,503:INFO:ДУГААРАА СОНГОЖ БУЙ ХЭСЭГ
2022-04-15 11:03:33,503:INFO:7
2022-04-15 11:03:38,877:INFO:FilternumberBlockUnblock
2022-04-15 11:03:38,877:INFO:9800****
2022-04-15 11:03:38,879:INFO:0003ACC_QUERY:0|3|132|9800****|7
2022-04-15 11:03:39,645:INFO:-1
2022-04-15 11:03:43,237:INFO:FilternumberBlockUnblock
2022-04-15 11:03:43,237:INFO:9800****
2022-04-15 11:03:43,238:INFO:0003ACC_QUERY:0|3|132|9800****|7
2022-04-15 11:03:44,005:INFO:-1
2022-04-15 11:03:48,275:INFO:FilternumberBlockUnblock
2022-04-15 11:03:48,275:INFO:9800****
2022-04-15 11:03:48,277:INFO:0003ACC_QUERY:0|3|132|9800****|7
2022-04-15 11:03:49,057:INFO:-1
2022-04-15 11:03:51,941:INFO:ДУГААРАА СОНГОЖ БУЙ ХЭСЭГ
2022-04-15 11:03:51,942:INFO:7
2022-04-15 11:03:54,765:INFO:FilternumberBlockUnblock
2022-04-15 11:03:54,765:INFO:98******
2022-04-15 11:03:54,766:INFO:0003ACC_QUERY:0|3|132|98******|9
2022-04-15 11:03:55,857:INFO:98007227:9|98013443:9|98014114:9|98014334:9|98016336:9|98016446:9|98017337:9|98017447:9|98019229:9|98019449:9|98019779:9|98020660:9|98021331:9|98021441:9|98023443:9|98023553:9|98023663:9|98023773:9|98023883:9|98023993:9|98024114:9|98024224:9|98024774:9|98024994:9|98025445:9|98025665:9|98026226:9|98026336:9|98026446:9|98026556:9|98027117:9|98027227:9|98027337:9|98027447:9|98027557:9|98027667:9|98028338:9|98028448:9|98028778:9|98029559:9|98029779:9|98030550:9|98030770:9|98031441:9|98031771:9|98032332:9|98032442:9|98032662:9|98032772:9|98032882:9|98032992:9|98033663:9|98034114:9|98034224:9|98034554:9|98034664:9|98034774:9|98034884:9|98034994:9|98035115:9|98035445:9|98035665:9|98035885:9|98035995:9|98036116:9|98036226:9|98036446:9|98036556:9|98036886:9|98036996:9|98037117:9|98037227:9|98037337:9|98037447:9|98037557:9|98037667:9|98038448:9|98038668:9|98039229:9|98039559:9|98039669:9|98039779:9|98041331:9|98041551:9|98041661:9|98041771:9|98041991:9|98042552:9|98042662:9|98042772:9|98042882:9|98042992:9|98043113:9|98043223:9|98043443:9|98043553:9|98043663:9|98043883:9|98044224:9|98044334:9|98045005:9|98045115:9|98045335:9|98045665:9|98045995:9|98046006:9|98046116:9|98046226:9|98046336:9|98046556:9|98046776:9|98046886:9|98046996:9|98047117:9|98047227:9|98047337:9|98047447:9|98047557:9|98047667:9|98047887:9|98048228:9|98048338:9|98048558:9|98048778:9|98049229:9|98049559:9|98049779:9|98051331:9|98051441:9|98051661:9|98052112:9|98052442:9
2022-04-15 11:03:58,160:INFO:FilternumberBlockUnblock
2022-04-15 11:03:58,161:INFO:9800****
2022-04-15 11:03:58,164:INFO:0003ACC_QUERY:0|3|132|9800****|9
2022-04-15 11:03:58,958:INFO:98007227:9
2022-04-15 11:04:01,085:INFO:FilternumberBlockUnblock
2022-04-15 11:04:01,085:INFO:9800****
2022-04-15 11:04:01,086:INFO:0003ACC_QUERY:0|3|132|9800****|9
2022-04-15 11:04:01,855:INFO:98007227:9
2022-04-15 11:04:03,643:INFO:ДУГААРАА СОНГОЖ БУЙ ХЭСЭГ
2022-04-15 11:04:03,644:INFO:7
2022-04-15 11:04:07,250:INFO:ДУГААРАА СОНГОЖ БУЙ ХЭСЭГ
2022-04-15 11:04:07,251:INFO:2
2022-04-15 11:04:07,936:WARNING:Not Found: /favicon.ico
2022-04-15 11:04:09,753:INFO:FilternumberBlockUnblock
2022-04-15 11:04:09,753:INFO:9800****
2022-04-15 11:04:09,755:INFO:0003ACC_QUERY:0|3|132|9800****|5
2022-04-15 11:04:10,585:INFO:-1
2022-04-15 11:04:43,759:INFO:------------------------------------------------------------------------------------------------
2022-04-15 11:05:06,721:INFO:------------------------------------------------------------------------------------------------
2022-04-15 11:06:20,802:INFO:ДУГААРАА СОНГОЖ БУЙ ХЭСЭГ
2022-04-15 11:06:20,803:INFO:2
2022-04-15 11:06:21,172:WARNING:Not Found: /favicon.ico
2022-04-15 11:06:28,697:INFO:FilternumberBlockUnblock
2022-04-15 11:06:28,698:INFO:98**4119
2022-04-15 11:06:28,699:INFO:0003ACC_QUERY:0|3|132|98**4119|6
2022-04-15 11:06:29,491:INFO:98004119:6|98014119:6|98024119:6|98034119:6|98044119:6|98054119:6|98064119:6|98074119:6|98084119:6|98094119:6|98104119:6|98154119:6|98164119:6|98174119:6|98184119:6|98234119:6|98264119:6|98274119:6|98284119:6|98294119:6|98304119:6|98314119:6|98324119:6|98334119:6|98374119:6|98454119:6|98464119:6|98474119:6|98484119:6|98514119:6|98564119:6|98594119:6|98604119:6|98614119:6|98624119:6|98634119:6|98644119:6|98654119:6|98664119:6|98704119:6|98804119:6|98814119:6|98824119:6|98834119:6|98854119:6|98864119:6|98874119:6|98904119:6|98914119:6|98924119:6|98934119:6|98944119:6|98954119:6|98964119:6|98974119:6
2022-04-15 11:06:38,272:INFO:FilternumberBlockUnblock
2022-04-15 11:06:38,272:INFO:98**4119
2022-04-15 11:06:38,273:INFO:0003ACC_QUERY:0|3|132|98**4119|6
2022-04-15 11:06:39,054:INFO:98004119:6|98014119:6|98024119:6|98034119:6|98044119:6|98054119:6|98064119:6|98074119:6|98084119:6|98094119:6|98104119:6|98154119:6|98164119:6|98174119:6|98184119:6|98234119:6|98264119:6|98274119:6|98284119:6|98294119:6|98304119:6|98314119:6|98324119:6|98334119:6|98374119:6|98454119:6|98464119:6|98474119:6|98484119:6|98514119:6|98564119:6|98594119:6|98604119:6|98614119:6|98624119:6|98634119:6|98644119:6|98654119:6|98664119:6|98704119:6|98804119:6|98814119:6|98824119:6|98834119:6|98854119:6|98864119:6|98874119:6|98904119:6|98914119:6|98924119:6|98934119:6|98944119:6|98954119:6|98964119:6|98974119:6
2022-04-15 11:06:40,234:INFO:FilternumberBlockUnblock
2022-04-15 11:06:40,235:INFO:98194119
2022-04-15 11:06:40,236:INFO:0003ACC_QUERY:0|3|132|98194119|6
2022-04-15 11:06:41,163:INFO:-1
2022-04-15 11:06:43,453:INFO:FilternumberBlockUnblock
2022-04-15 11:06:43,453:INFO:98**4119
2022-04-15 11:06:43,456:INFO:0003ACC_QUERY:0|3|132|98**4119|6
2022-04-15 11:06:44,275:INFO:98004119:6|98014119:6|98024119:6|98034119:6|98044119:6|98054119:6|98064119:6|98074119:6|98084119:6|98094119:6|98104119:6|98154119:6|98164119:6|98174119:6|98184119:6|98234119:6|98264119:6|98274119:6|98284119:6|98294119:6|98304119:6|98314119:6|98324119:6|98334119:6|98374119:6|98454119:6|98464119:6|98474119:6|98484119:6|98514119:6|98564119:6|98594119:6|98604119:6|98614119:6|98624119:6|98634119:6|98644119:6|98654119:6|98664119:6|98704119:6|98804119:6|98814119:6|98824119:6|98834119:6|98854119:6|98864119:6|98874119:6|98904119:6|98914119:6|98924119:6|98934119:6|98944119:6|98954119:6|98964119:6|98974119:6
2022-04-15 11:07:20,768:INFO:ДУГААРЫН ҮНЭ
2022-04-15 11:07:20,773:INFO:5000
2022-04-15 11:07:56,942:INFO:ДУГААРАА СОНГОЖ БУЙ ХЭСЭГ
2022-04-15 11:07:56,943:INFO:2
2022-04-15 11:07:57,794:WARNING:Not Found: /favicon.ico
2022-04-15 11:08:01,726:INFO:ДУГААРАА СОНГОЖ БУЙ ХЭСЭГ
2022-04-15 11:08:01,726:INFO:2
2022-04-15 11:08:09,512:INFO:FilternumberBlockUnblock
2022-04-15 11:08:09,512:INFO:9812****
2022-04-15 11:08:09,513:INFO:0003ACC_QUERY:0|3|132|9812****|6
2022-04-15 11:08:10,015:INFO:98120265:6|98120760:6|98122220:6|98122892:6|98123192:6|98123207:6|98123241:6|98123267:6|98123279:6|98123287:6|98123291:6|98123294:6|98123295:6|98123301:6|98123331:6|98123380:6|98123386:6|98123405:6|98123483:6|98123487:6|98123491:6|98123494:6|98123512:6|98123513:6|98123523:6|98123525:6|98123549:6|98123558:6|98123564:6|98123567:6|98123568:6|98123569:6|98123572:6|98123573:6|98123574:6|98123576:6|98123578:6|98123585:6|98123586:6|98123590:6|98123591:6|98123593:6|98123594:6|98123602:6|98123603:6|98123616:6|98123617:6|98123618:6|98123620:6|98123621:6|98123625:6|98123632:6|98123640:6|98123641:6|98123651:6|98123658:6|98123681:6|98123687:6|98123690:6|98123693:6|98123760:6|98123761:6|98123764:6|98123765:6|98123768:6|98123782:6|98123783:6|98123785:6|98123786:6|98123790:6|98123792:6|98123794:6|98123795:6|98123796:6|98123798:6|98123817:6|98123823:6|98123824:6|98123826:6|98123827:6|98123835:6|98123841:6|98123843:6|98123845:6|98123846:6|98123847:6|98123851:6|98123852:6|98123853:6|98123854:6|98123856:6|98123857:6|98123862:6|98123863:6|98123869:6|98123870:6|98123872:6|98123873:6|98123874:6|98123875:6|98123876:6|98123879:6|98123882:6|98123885:6|98123891:6|98123892:6|98123896:6|98123897:6|98123902:6|98123903:6|98123904:6|98123906:6|98123914:6|98123915:6|98123916:6|98123917:6|98123920:6|98123923:6|98123925:6|98123926:6|98123927:6|98123950:6|98123951:6|98123952:6|98123953:6|98123956:6|98123957:6|98123960:6|98123961:6|98123962:6|98123963:6|98123967:6
2022-04-15 11:08:45,386:INFO:ДУГААРЫН ҮНЭ
2022-04-15 11:08:45,390:INFO:5000
2022-04-15 11:08:54,973:INFO:FilternumberBlockUnblock
2022-04-15 11:08:54,973:INFO:98120760
2022-04-15 11:08:54,975:INFO:0003ACC_QUERY:0|3|132|98120760|6
2022-04-15 11:08:55,910:INFO:98120760:6
2022-04-15 11:08:57,545:INFO:ДУГААРЫН ҮНЭ
2022-04-15 11:08:57,549:INFO:5000
2022-04-15 11:08:57,693:INFO:------------------------------------------------------------------------------------------------
2022-04-15 11:11:09,833:INFO:------------------------------------------------------------------------------------------------
2022-04-15 11:12:02,136:INFO:------------------------------------------------------------------------------------------------
2022-04-15 11:12:08,782:INFO:------------------------------------------------------------------------------------------------
2022-04-15 11:12:28,410:INFO:------------------------------------------------------------------------------------------------
2022-04-15 11:15:23,596:INFO:FilternumberBlockUnblock
2022-04-15 11:15:23,597:INFO:83193188
2022-04-15 11:15:23,598:INFO:0003ACC_QUERY:0|3|132|83193188|6
2022-04-15 11:15:24,325:INFO:83193188:6
2022-04-15 11:15:35,711:INFO:ДУГААРЫН ҮНЭ
2022-04-15 11:15:35,716:INFO:10000
2022-04-15 11:16:03,302:INFO:------------------------------------------------------------------------------------------------
2022-04-15 11:16:21,145:INFO:------------------------------------------------------------------------------------------------
2022-04-15 11:16:37,072:INFO:------------------------------------------------------------------------------------------------
2022-04-15 11:16:49,126:INFO:------------------------------------------------------------------------------------------------
2022-04-15 11:17:32,246:INFO:ДУГААРАА СОНГОЖ БУЙ ХЭСЭГ
2022-04-15 11:17:32,246:INFO:7
2022-04-15 11:17:32,876:WARNING:Not Found: /favicon.ico
2022-04-15 11:17:49,677:INFO:FilternumberBlockUnblock
2022-04-15 11:17:49,678:INFO:97029911
2022-04-15 11:17:49,679:INFO:0003ACC_QUERY:0|3|132|97029911|7
2022-04-15 11:17:50,567:INFO:97029911:7
2022-04-15 11:17:50,936:INFO:FilternumberBlockUnblock
2022-04-15 11:17:50,936:INFO:97029911
2022-04-15 11:17:50,938:INFO:0003ACC_QUERY:0|3|132|97029911|7
2022-04-15 11:17:51,821:INFO:97029911:7
2022-04-15 11:17:55,631:INFO:ДУГААРЫН ҮНЭ
2022-04-15 11:17:55,635:INFO:10000
2022-04-15 11:18:06,024:INFO:ДУГААРЫН ЗАХИАЛГА
2022-04-15 11:18:06,025:INFO:user_ip: 192.168.14.158
2022-04-15 11:18:06,025:INFO:FilternumberBlockUnblock
2022-04-15 11:18:06,025:INFO:97029911
2022-04-15 11:18:06,027:INFO:0003Block:97029911|shuult-ЙР96120500|0|192.168.14.158|0|DShuult
2022-04-15 11:18:06,043:INFO:Success
2022-04-15 11:18:06,043:INFO:Хадгалсан дугаар: 97029911
2022-04-15 11:18:07,501:INFO:------------------------------------------------------------------------------------------------
2022-04-15 11:18:08,457:INFO:ДУГААРАА СОНГОЖ БУЙ ХЭСЭГ
2022-04-15 11:18:08,457:INFO:2
2022-04-15 11:18:27,016:INFO:------------------------------------------------------------------------------------------------
2022-04-15 11:18:28,306:INFO:ДУГААРАА СОНГОЖ БУЙ ХЭСЭГ
2022-04-15 11:18:28,306:INFO:7
2022-04-15 11:18:41,422:INFO:FilternumberBlockUnblock
2022-04-15 11:18:41,422:INFO:83029911
2022-04-15 11:18:41,424:INFO:0003ACC_QUERY:0|3|132|83029911|7
2022-04-15 11:18:42,145:INFO:83029911:7
2022-04-15 11:18:43,141:INFO:ДУГААРЫН ҮНЭ
2022-04-15 11:18:43,146:INFO:10000
2022-04-15 11:18:53,655:INFO:ДУГААРЫН ЗАХИАЛГА
2022-04-15 11:18:53,655:INFO:user_ip: 192.168.14.158
2022-04-15 11:18:53,655:INFO:FilternumberBlockUnblock
2022-04-15 11:18:53,656:INFO:83029911
2022-04-15 11:18:53,657:INFO:0003Block:83029911|shuult-ЙР96120500|0|192.168.14.158|0|DShuult
2022-04-15 11:18:53,752:INFO:Success
2022-04-15 11:18:53,752:INFO:Хадгалсан дугаар: 83029911
2022-04-15 11:18:55,867:INFO:------------------------------------------------------------------------------------------------
2022-04-15 11:19:03,538:INFO:------------------------------------------------------------------------------------------------
2022-04-15 11:31:20,883:INFO:------------------------------------------------------------------------------------------------
2022-04-15 11:34:55,148:INFO:------------------------------------------------------------------------------------------------
2022-04-15 11:34:56,059:INFO:ДУГААРАА СОНГОЖ БУЙ ХЭСЭГ
2022-04-15 11:34:56,059:INFO:2
2022-04-15 11:35:08,828:INFO:FilternumberBlockUnblock
2022-04-15 11:35:08,829:INFO:98646421
2022-04-15 11:35:08,830:INFO:0003ACC_QUERY:0|3|132|98646421|6
2022-04-15 11:35:09,760:INFO:98646421:6
2022-04-15 11:35:10,509:INFO:ДУГААРЫН ҮНЭ
2022-04-15 11:35:10,513:INFO:5000
2022-04-15 11:40:45,985:INFO:ДУГААРАА СОНГОЖ БУЙ ХЭСЭГ
2022-04-15 11:40:45,986:INFO:2
2022-04-15 11:40:46,389:WARNING:Not Found: /favicon.ico
2022-04-15 11:41:00,977:INFO:ДУГААРАА СОНГОЖ БУЙ ХЭСЭГ
2022-04-15 11:41:00,978:INFO:2
2022-04-15 11:41:01,261:WARNING:Not Found: /favicon.ico
2022-04-15 11:41:36,056:INFO:FilternumberBlockUnblock
2022-04-15 11:41:36,057:INFO:9812**95
2022-04-15 11:41:36,058:INFO:0003ACC_QUERY:0|3|132|9812**95|6
2022-04-15 11:41:39,621:INFO:98123295:6|98123795:6|98124195:6|98124295:6|98124395:6|98124695:6|98124795:6|98125395:6|98125495:6|98125895:6|98126295:6|98126595:6|98126695:6|98126795:6|98126895:6|98127295:6|98127395:6|98127495:6|98127795:6|98127895:6|98128095:6|98128295:6|98128395:6|98128495:6|98128695:6|98128995:6|98129195:6
2022-04-15 11:42:01,104:INFO:FilternumberBlockUnblock
2022-04-15 11:42:01,105:INFO:98**888*
2022-04-15 11:42:01,106:INFO:0003ACC_QUERY:0|3|132|98**888*|6
2022-04-15 11:42:03,982:INFO:FilternumberBlockUnblock
2022-04-15 11:42:03,982:INFO:9898**95
2022-04-15 11:42:03,983:INFO:0003ACC_QUERY:0|3|132|9898**95|6
2022-04-15 11:42:08,073:INFO:98028881:6|98028884:6|98028885:6|98028886:6|98038880:6|98038881:6|98038882:6|98038884:6|98038886:6|98038887:6|98048880:6|98048881:6|98048883:6|98048886:6|98058881:6|98058882:6|98058883:6|98058884:6|98058889:6|98068881:6|98068882:6|98068883:6|98068884:6|98068885:6|98078880:6|98078881:6|98078882:6|98078883:6|98078884:6|98078886:6|98098881:6|98098883:6|98098885:6|98128886:6|98328884:6|98458881:6|98458883:6|98468886:6|98618884:6|98638886:6|98658883:6|98848883:6|98918882:6|98948886:6
2022-04-15 11:42:09,048:INFO:98983695:6
2022-04-15 11:42:13,505:INFO:ДУГААРЫН ҮНЭ
2022-04-15 11:42:13,510:INFO:5000
2022-04-15 11:42:13,743:INFO:ДУГААРЫН ҮНЭ
2022-04-15 11:42:13,747:INFO:5000
2022-04-15 11:43:01,930:INFO:------------------------------------------------------------------------------------------------
2022-04-15 11:43:58,904:INFO:ДУГААРАА СОНГОЖ БУЙ ХЭСЭГ
2022-04-15 11:43:58,904:INFO:2
2022-04-15 11:44:09,250:INFO:FilternumberBlockUnblock
2022-04-15 11:44:09,250:INFO:98**6159
2022-04-15 11:44:09,251:INFO:0003ACC_QUERY:0|3|132|98**6159|6
2022-04-15 11:44:10,075:INFO:98006159:6|98016159:6|98026159:6|98036159:6|98046159:6|98056159:6|98066159:6|98076159:6|98086159:6|98096159:6|98106159:6|98126159:6|98146159:6|98156159:6|98166159:6|98176159:6|98196159:6|98216159:6|98226159:6|98236159:6|98246159:6|98256159:6|98266159:6|98276159:6|98286159:6|98296159:6|98306159:6|98316159:6|98326159:6|98336159:6|98376159:6|98426159:6|98436159:6|98456159:6|98466159:6|98476159:6|98486159:6|98516159:6|98566159:6|98606159:6|98626159:6|98646159:6|98656159:6|98666159:6|98676159:6|98706159:6|98806159:6|98816159:6|98826159:6|98836159:6|98846159:6|98856159:6|98866159:6|98876159:6|98906159:6|98916159:6|98926159:6|98936159:6|98946159:6|98966159:6|98976159:6|98996159:6
2022-04-15 11:44:13,519:INFO:------------------------------------------------------------------------------------------------
2022-04-15 11:44:29,042:INFO:FilternumberBlockUnblock
2022-04-15 11:44:29,043:INFO:98**6159
2022-04-15 11:44:29,044:INFO:0003ACC_QUERY:0|3|132|98**6159|6
2022-04-15 11:44:29,834:INFO:98006159:6|98016159:6|98026159:6|98036159:6|98046159:6|98056159:6|98066159:6|98076159:6|98086159:6|98096159:6|98106159:6|98126159:6|98146159:6|98156159:6|98166159:6|98176159:6|98196159:6|98216159:6|98226159:6|98236159:6|98246159:6|98256159:6|98266159:6|98276159:6|98286159:6|98296159:6|98306159:6|98316159:6|98326159:6|98336159:6|98376159:6|98426159:6|98436159:6|98456159:6|98466159:6|98476159:6|98486159:6|98516159:6|98566159:6|98606159:6|98626159:6|98646159:6|98656159:6|98666159:6|98676159:6|98706159:6|98806159:6|98816159:6|98826159:6|98836159:6|98846159:6|98856159:6|98866159:6|98876159:6|98906159:6|98916159:6|98926159:6|98936159:6|98946159:6|98966159:6|98976159:6|98996159:6
2022-04-15 11:45:00,423:INFO:FilternumberBlockUnblock
2022-04-15 11:45:00,423:INFO:98**6159
2022-04-15 11:45:00,424:INFO:0003ACC_QUERY:0|3|132|98**6159|6
2022-04-15 11:45:01,191:INFO:98006159:6|98016159:6|98026159:6|98036159:6|98046159:6|98056159:6|98066159:6|98076159:6|98086159:6|98096159:6|98106159:6|98126159:6|98146159:6|98156159:6|98166159:6|98176159:6|98196159:6|98216159:6|98226159:6|98236159:6|98246159:6|98256159:6|98266159:6|98276159:6|98286159:6|98296159:6|98306159:6|98316159:6|98326159:6|98336159:6|98376159:6|98426159:6|98436159:6|98456159:6|98466159:6|98476159:6|98486159:6|98516159:6|98566159:6|98606159:6|98626159:6|98646159:6|98656159:6|98666159:6|98676159:6|98706159:6|98806159:6|98816159:6|98826159:6|98836159:6|98846159:6|98856159:6|98866159:6|98876159:6|98906159:6|98916159:6|98926159:6|98936159:6|98946159:6|98966159:6|98976159:6|98996159:6
2022-04-15 11:48:11,251:INFO:------------------------------------------------------------------------------------------------
2022-04-15 11:48:22,239:INFO:------------------------------------------------------------------------------------------------
2022-04-15 11:48:47,849:INFO:------------------------------------------------------------------------------------------------
2022-04-15 11:49:44,754:INFO:receive_sms_postpaid
2022-04-15 11:49:44,755:INFO:user_ip: 192.88.80.199
2022-04-15 11:49:44,755:INFO:98101075
2022-04-15 11:49:44,755:INFO:1234
2022-04-15 11:49:44,755:INFO:buscarNumeros
2022-04-15 11:49:44,755:INFO:az6
2022-04-15 11:49:44,991:INFO:socket_results[u'48001234:6', u'48031234:6', u'48051234:6', u'48521234:6', u'78011234:6', u'78021234:6', u'78031234:6', u'78051234:6', u'78061234:6', u'78081234:6', u'78091234:6', u'78101234:6', u'78111234:6', u'78131234:6', u'78191234:6', u'83051234:6', u'83061234:6', u'83071234:6', u'93051234:6', u'93071234:6', u'93081234:6', u'93091234:6', u'97031234:6', u'97051234:6', u'97061234:6', u'97081234:6']
2022-04-15 11:49:44,991:INFO:numbers[u'97081234', u'97061234', u'97051234', u'97031234', u'93091234', u'93081234', u'93071234', u'93051234', u'83071234', u'83061234', u'83051234', u'78191234', u'78131234', u'78111234', u'78101234', u'78091234', u'78081234', u'78061234', u'78051234', u'78031234', u'78021234', u'78011234', u'48521234', u'48051234', u'48031234', u'48001234']
2022-04-15 11:49:45,073:INFO:prepaid[]
2022-04-15 11:49:45,074:INFO:postpaid[97081234, 97061234, 97051234, 97031234, 93091234, 93081234, 93071234, 93051234, 83071234, 83061234]
2022-04-15 11:49:45,080:DEBUG:Starting new HTTP connection (1): 192.88.80.199:80
2022-04-15 11:49:45,110:DEBUG:http://192.88.80.199:80 "GET /cgi-bin/sendsms?username=n_search&password=search*0223&from=353&to=98101075&text=Ta%20Uridchilsan%20tulburt:%20%5B%5D,%20Daraa%20tulburt:%20%5B97081234,%2097061234,%2097051234,%2097031234,%2093091234,%2093081234,%2093071234,%2093051234,%2083071234,%2083061234%5D%20dugaaruudaas%20songon%20avax%20bolomjtoi%20baina. HTTP/1.1" 200 24
2022-04-15 11:49:46,112:INFO:receive_sms_postpaid
2022-04-15 11:49:46,112:INFO:user_ip: 192.88.80.199
2022-04-15 11:49:46,112:INFO:98101619
2022-04-15 11:49:46,112:INFO:1666
2022-04-15 11:49:46,112:INFO:buscarNumeros
2022-04-15 11:49:46,112:INFO:az6
2022-04-15 11:49:46,350:INFO:socket_results[u'48001666:6', u'48031666:6', u'48041666:6', u'48051666:6', u'78011666:6', u'78021666:6', u'78031666:6', u'78041666:6', u'78051666:6', u'78061666:6', u'78071666:6', u'78081666:6', u'78091666:6', u'78101666:6', u'78111666:6', u'78121666:6', u'78131666:6', u'78141666:6', u'78151666:6', u'78171666:6', u'78181666:6', u'78191666:6', u'83011666:6', u'83021666:6', u'83031666:6', u'83041666:6', u'83051666:6', u'83061666:6', u'83071666:6', u'83081666:6', u'83091666:6', u'83101666:6', u'83131666:6', u'93011666:6', u'93031666:6', u'93041666:6', u'93051666:6', u'93071666:6', u'93081666:6', u'93091666:6', u'93101666:6', u'93181666:6', u'93271666:6', u'93291666:6', u'93301666:6', u'93321666:6', u'93341666:6', u'93381666:6', u'93421666:6', u'93451666:6', u'97011666:6', u'97021666:6', u'97031666:6', u'97041666:6', u'97051666:6', u'97061666:6', u'97071666:6', u'97081666:6', u'97091666:6', u'97101666:6', u'97181666:6', u'98021666:6', u'98051666:6', u'98071666:6', u'98081666:6', u'98421666:6', u'98451666:6']
2022-04-15 11:49:46,350:INFO:numbers[u'98451666', u'98421666', u'98081666', u'98071666', u'98051666', u'98021666', u'97181666', u'97101666', u'97091666', u'97081666', u'97071666', u'97061666', u'97051666', u'97041666', u'97031666', u'97021666', u'97011666', u'93451666', u'93421666', u'93381666', u'93341666', u'93321666', u'93301666', u'93291666', u'93271666', u'93181666', u'93101666', u'93091666', u'93081666', u'93071666', u'93051666', u'93041666', u'93031666', u'93011666', u'83131666', u'83101666', u'83091666', u'83081666', u'83071666', u'83061666', u'83051666', u'83041666', u'83031666', u'83021666', u'83011666', u'78191666', u'78181666', u'78171666', u'78151666', u'78141666', u'78131666', u'78121666', u'78111666', u'78101666', u'78091666', u'78081666', u'78071666', u'78061666', u'78051666', u'78041666', u'78031666', u'78021666', u'78011666', u'48051666', u'48041666', u'48031666', u'48001666']
2022-04-15 11:49:46,444:INFO:prepaid[98421666, 97181666, 93451666, 93421666, 93381666, 93341666, 93321666, 93301666, 93291666, 93271666]
2022-04-15 11:49:46,444:INFO:postpaid[98081666, 98071666, 98051666, 98021666, 97101666, 97091666, 97081666, 97071666, 97061666, 97051666]
2022-04-15 11:49:46,450:DEBUG:Starting new HTTP connection (1): 192.88.80.199:80
2022-04-15 11:49:46,480:DEBUG:http://192.88.80.199:80 "GET /cgi-bin/sendsms?username=n_search&password=search*0223&from=353&to=98101619&text=Ta%20Uridchilsan%20tulburt:%20%5B98421666,%2097181666,%2093451666,%2093421666,%2093381666,%2093341666,%2093321666,%2093301666,%2093291666,%2093271666%5D,%20Daraa%20tulburt:%20%5B98081666,%2098071666,%2098051666,%2098021666,%2097101666,%2097091666,%2097081666,%2097071666,%2097061666,%2097051666%5D%20dugaaruudaas%20songon%20avax%20bolomjtoi%20baina. HTTP/1.1" 200 24
2022-04-15 11:49:47,620:DEBUG:Starting new HTTP connection (1): 192.88.80.199:80
2022-04-15 11:49:47,655:DEBUG:http://192.88.80.199:80 "GET /cgi-bin/sendsms?username=n_search&password=search*0223&from=353&to=98101075&text=Tany%20songoson%20dugaaryg%20uur%20xereglegch%20avch%20bolzoshgui%20tul%20ta%20amjij%20www.gmobile.mn%20online%20salbar,%20uurt%20oir%20bairlax%20uilchilgeenii%20salbar,%20kiosk%20mashinaas%20avaarai. HTTP/1.1" 200 24
2022-04-15 11:49:48,990:DEBUG:Starting new HTTP connection (1): 192.88.80.199:80
2022-04-15 11:49:49,022:DEBUG:http://192.88.80.199:80 "GET /cgi-bin/sendsms?username=n_search&password=search*0223&from=353&to=98101619&text=Tany%20songoson%20dugaaryg%20uur%20xereglegch%20avch%20bolzoshgui%20tul%20ta%20amjij%20www.gmobile.mn%20online%20salbar,%20uurt%20oir%20bairlax%20uilchilgeenii%20salbar,%20kiosk%20mashinaas%20avaarai. HTTP/1.1" 200 24
2022-04-15 11:49:50,165:DEBUG:Starting new HTTP connection (1): 192.88.80.199:80
2022-04-15 11:49:50,192:DEBUG:http://192.88.80.199:80 "GET /cgi-bin/sendsms?username=n_search&password=search*0223&from=353&to=98101075&text=Dugaaraa%20xadgaluulax%20bol%20songoson%20dugaaraa%20353%20dugaart%20ilgeene%20uu.%20Tany%20dugaaryg%203%20cag%20xadgalax%20bolomjtoi.%20Gmobile HTTP/1.1" 200 24
2022-04-15 11:49:51,531:DEBUG:Starting new HTTP connection (1): 192.88.80.199:80
2022-04-15 11:49:51,563:DEBUG:http://192.88.80.199:80 "GET /cgi-bin/sendsms?username=n_search&password=search*0223&from=353&to=98101619&text=Dugaaraa%20xadgaluulax%20bol%20songoson%20dugaaraa%20353%20dugaart%20ilgeene%20uu.%20Tany%20dugaaryg%203%20cag%20xadgalax%20bolomjtoi.%20Gmobile HTTP/1.1" 200 24
2022-04-15 11:54:47,020:INFO:------------------------------------------------------------------------------------------------
2022-04-15 11:57:00,414:INFO:------------------------------------------------------------------------------------------------
2022-04-15 11:58:48,208:INFO:------------------------------------------------------------------------------------------------
2022-04-15 11:59:41,287:INFO:------------------------------------------------------------------------------------------------
2022-04-15 11:59:52,595:INFO:------------------------------------------------------------------------------------------------
2022-04-15 11:59:56,666:INFO:------------------------------------------------------------------------------------------------
