2020-05-17 06:25:26,357:INFO:------------------------------------------------------------------------------------------------
2020-05-17 06:34:49,294:INFO:------------------------------------------------------------------------------------------------
2020-05-17 07:05:28,457:INFO:------------------------------------------------------------------------------------------------
2020-05-17 07:05:37,317:INFO:------------------------------------------------------------------------------------------------
2020-05-17 07:11:04,268:INFO:------------------------------------------------------------------------------------------------
2020-05-17 07:21:51,285:INFO:------------------------------------------------------------------------------------------------
2020-05-17 07:25:26,591:INFO:------------------------------------------------------------------------------------------------
2020-05-17 07:34:50,320:INFO:------------------------------------------------------------------------------------------------
2020-05-17 08:05:28,656:INFO:------------------------------------------------------------------------------------------------
2020-05-17 08:05:38,278:INFO:------------------------------------------------------------------------------------------------
2020-05-17 08:11:04,444:INFO:------------------------------------------------------------------------------------------------
2020-05-17 08:21:52,587:INFO:------------------------------------------------------------------------------------------------
2020-05-17 08:25:27,078:INFO:------------------------------------------------------------------------------------------------
2020-05-17 08:34:51,349:INFO:------------------------------------------------------------------------------------------------
2020-05-17 09:05:28,862:INFO:------------------------------------------------------------------------------------------------
2020-05-17 09:05:39,319:INFO:------------------------------------------------------------------------------------------------
2020-05-17 09:11:04,615:INFO:------------------------------------------------------------------------------------------------
2020-05-17 09:21:54,258:INFO:------------------------------------------------------------------------------------------------
2020-05-17 09:25:27,561:INFO:------------------------------------------------------------------------------------------------
2020-05-17 09:34:52,389:INFO:------------------------------------------------------------------------------------------------
2020-05-17 09:46:12,517:INFO:------------------------------------------------------------------------------------------------
2020-05-17 09:57:48,245:INFO:------------------------------------------------------------------------------------------------
2020-05-17 10:05:29,073:INFO:------------------------------------------------------------------------------------------------
2020-05-17 10:05:39,734:INFO:------------------------------------------------------------------------------------------------
2020-05-17 10:11:04,798:INFO:------------------------------------------------------------------------------------------------
2020-05-17 10:21:03,223:INFO:------------------------------------------------------------------------------------------------
2020-05-17 10:21:54,765:INFO:------------------------------------------------------------------------------------------------
2020-05-17 10:25:28,041:INFO:------------------------------------------------------------------------------------------------
2020-05-17 10:34:53,398:INFO:------------------------------------------------------------------------------------------------
2020-05-17 10:34:55,700:INFO:------------------------------------------------------------------------------------------------
2020-05-17 10:41:16,533:INFO:ДУГААРАА СОНГОЖ БУЙ ХЭСЭГ
2020-05-17 10:41:16,534:INFO:2
2020-05-17 10:41:16,748:INFO:------------------------------------------------------------------------------------------------
2020-05-17 10:41:16,780:INFO:ДУГААРАА СОНГОЖ БУЙ ХЭСЭГ
2020-05-17 10:41:16,780:INFO:7
2020-05-17 10:46:13,554:INFO:------------------------------------------------------------------------------------------------
2020-05-17 10:46:18,152:INFO:------------------------------------------------------------------------------------------------
2020-05-17 10:46:19,458:INFO:ДУГААРАА СОНГОЖ БУЙ ХЭСЭГ
2020-05-17 10:46:19,458:INFO:2
2020-05-17 10:46:19,757:WARNING:Not Found: /favicon.ico
2020-05-17 10:46:19,773:WARNING:Not Found: /favicon.ico
2020-05-17 10:51:46,186:INFO:------------------------------------------------------------------------------------------------
2020-05-17 10:55:38,839:INFO:------------------------------------------------------------------------------------------------
2020-05-17 10:58:07,467:INFO:------------------------------------------------------------------------------------------------
2020-05-17 11:05:29,583:INFO:------------------------------------------------------------------------------------------------
2020-05-17 11:05:40,981:INFO:------------------------------------------------------------------------------------------------
2020-05-17 11:05:56,504:INFO:ДУГААРАА СОНГОЖ БУЙ ХЭСЭГ
2020-05-17 11:05:56,504:INFO:7
2020-05-17 11:08:16,613:INFO:ДУГААРАА СОНГОЖ БУЙ ХЭСЭГ
2020-05-17 11:08:16,613:INFO:2
2020-05-17 11:08:21,788:WARNING:Not Found: /favicon.ico
2020-05-17 11:09:56,192:INFO:------------------------------------------------------------------------------------------------
2020-05-17 11:11:04,965:INFO:------------------------------------------------------------------------------------------------
2020-05-17 11:14:55,531:INFO:ДУГААРАА СОНГОЖ БУЙ ХЭСЭГ
2020-05-17 11:14:55,531:INFO:2
2020-05-17 11:15:12,213:WARNING:Not Found: /favicon.ico
2020-05-17 11:17:32,584:INFO:------------------------------------------------------------------------------------------------
2020-05-17 11:18:18,535:INFO:ДУГААРЫН ҮНЭ
2020-05-17 11:18:18,538:INFO:5000
2020-05-17 11:21:03,509:INFO:------------------------------------------------------------------------------------------------
2020-05-17 11:21:34,085:INFO:------------------------------------------------------------------------------------------------
2020-05-17 11:21:35,617:INFO:ДУГААРАА СОНГОЖ БУЙ ХЭСЭГ
2020-05-17 11:21:35,617:INFO:2
2020-05-17 11:21:35,910:WARNING:Not Found: /favicon.ico
2020-05-17 11:21:55,903:INFO:------------------------------------------------------------------------------------------------
2020-05-17 11:24:36,316:INFO:------------------------------------------------------------------------------------------------
2020-05-17 11:24:39,623:INFO:ДУГААРАА СОНГОЖ БУЙ ХЭСЭГ
2020-05-17 11:24:39,623:INFO:2
2020-05-17 11:25:28,267:INFO:------------------------------------------------------------------------------------------------
2020-05-17 11:30:10,132:WARNING:Not Found: /
2020-05-17 11:30:10,341:WARNING:Not Found: /favicon.ico
2020-05-17 11:30:35,027:INFO:------------------------------------------------------------------------------------------------
2020-05-17 11:30:37,825:INFO:ДУГААРАА СОНГОЖ БУЙ ХЭСЭГ
2020-05-17 11:30:37,825:INFO:2
2020-05-17 11:31:47,907:ERROR:Internal Server Error: /getnumber
Traceback (most recent call last):
  File "/usr/local/lib/python2.7/dist-packages/django/core/handlers/exception.py", line 41, in inner
    response = get_response(request)
  File "/usr/local/lib/python2.7/dist-packages/django/core/handlers/base.py", line 187, in _get_response
    response = self.process_exception_by_middleware(e, request)
  File "/usr/local/lib/python2.7/dist-packages/django/core/handlers/base.py", line 185, in _get_response
    response = wrapped_callback(request, *callback_args, **callback_kwargs)
  File "/usr/local/lib/python2.7/dist-packages/django/views/decorators/csrf.py", line 58, in wrapped_view
    return view_func(*args, **kwargs)
  File "/usr/local/lib/python2.7/dist-packages/django/views/generic/base.py", line 68, in view
    return self.dispatch(request, *args, **kwargs)
  File "/usr/local/lib/python2.7/dist-packages/rest_framework/views.py", line 495, in dispatch
    response = self.handle_exception(exc)
  File "/usr/local/lib/python2.7/dist-packages/rest_framework/views.py", line 455, in handle_exception
    self.raise_uncaught_exception(exc)
  File "/usr/local/lib/python2.7/dist-packages/rest_framework/views.py", line 492, in dispatch
    response = handler(request, *args, **kwargs)
  File "/usr/local/lib/python2.7/dist-packages/rest_framework/decorators.py", line 55, in handler
    return func(*args, **kwargs)
  File "/home/user/nFilterNew/controller/views.py", line 206, in getNumber
    if data[1] == az:
IndexError: list index out of range
2020-05-17 11:32:51,848:INFO:ДУГААРЫН ҮНЭ
2020-05-17 11:32:51,850:INFO:5000
2020-05-17 11:33:08,868:INFO:ДУГААРАА СОНГОЖ БУЙ ХЭСЭГ
2020-05-17 11:33:08,868:INFO:7
2020-05-17 11:33:09,461:WARNING:Not Found: /favicon.ico
2020-05-17 11:33:09,467:WARNING:Not Found: /favicon.ico
2020-05-17 11:33:21,253:INFO:ДУГААРАА СОНГОЖ БУЙ ХЭСЭГ
2020-05-17 11:33:21,254:INFO:2
2020-05-17 11:33:21,712:WARNING:Not Found: /favicon.ico
2020-05-17 11:34:02,711:INFO:------------------------------------------------------------------------------------------------
2020-05-17 11:34:04,993:INFO:ДУГААРАА СОНГОЖ БУЙ ХЭСЭГ
2020-05-17 11:34:04,993:INFO:2
2020-05-17 11:34:17,288:INFO:ДУГААРАА СОНГОЖ БУЙ ХЭСЭГ
2020-05-17 11:34:17,288:INFO:2
2020-05-17 11:34:38,088:INFO:ДУГААРАА СОНГОЖ БУЙ ХЭСЭГ
2020-05-17 11:34:38,088:INFO:2
2020-05-17 11:34:40,582:INFO:------------------------------------------------------------------------------------------------
2020-05-17 11:34:41,736:INFO:ДУГААРАА СОНГОЖ БУЙ ХЭСЭГ
2020-05-17 11:34:41,736:INFO:7
2020-05-17 11:34:42,969:INFO:ДУГААРАА СОНГОЖ БУЙ ХЭСЭГ
2020-05-17 11:34:42,969:INFO:7
2020-05-17 11:34:54,421:INFO:------------------------------------------------------------------------------------------------
2020-05-17 11:34:56,504:INFO:------------------------------------------------------------------------------------------------
2020-05-17 11:35:02,410:INFO:ДУГААРАА СОНГОЖ БУЙ ХЭСЭГ
2020-05-17 11:35:02,410:INFO:7
2020-05-17 11:35:06,707:INFO:ДУГААРАА СОНГОЖ БУЙ ХЭСЭГ
2020-05-17 11:35:06,707:INFO:7
2020-05-17 11:35:20,682:INFO:------------------------------------------------------------------------------------------------
2020-05-17 11:35:22,589:INFO:ДУГААРАА СОНГОЖ БУЙ ХЭСЭГ
2020-05-17 11:35:22,589:INFO:4
2020-05-17 11:35:39,308:INFO:------------------------------------------------------------------------------------------------
2020-05-17 11:35:41,950:INFO:ДУГААРАА СОНГОЖ БУЙ ХЭСЭГ
2020-05-17 11:35:41,951:INFO:2
2020-05-17 11:35:43,088:INFO:------------------------------------------------------------------------------------------------
2020-05-17 11:35:43,799:INFO:ДУГААРАА СОНГОЖ БУЙ ХЭСЭГ
2020-05-17 11:35:43,799:INFO:7
2020-05-17 11:36:08,020:INFO:ДУГААРЫН ҮНЭ
2020-05-17 11:36:08,023:INFO:10000
2020-05-17 11:37:23,017:INFO:ДУГААРЫН ZAHIALGA
2020-05-17 11:37:25,620:INFO:------------------------------------------------------------------------------------------------
2020-05-17 11:37:27,178:INFO:ДУГААРАА СОНГОЖ БУЙ ХЭСЭГ
2020-05-17 11:37:27,178:INFO:7
2020-05-17 11:39:08,623:INFO:ДУГААРАА СОНГОЖ БУЙ ХЭСЭГ
2020-05-17 11:39:08,624:INFO:7
2020-05-17 11:39:15,054:INFO:ДУГААРАА СОНГОЖ БУЙ ХЭСЭГ
2020-05-17 11:39:15,055:INFO:7
2020-05-17 11:39:29,993:INFO:------------------------------------------------------------------------------------------------
2020-05-17 11:41:17,047:INFO:------------------------------------------------------------------------------------------------
2020-05-17 11:46:13,717:INFO:------------------------------------------------------------------------------------------------
2020-05-17 11:49:20,116:INFO:ДУГААРАА СОНГОЖ БУЙ ХЭСЭГ
2020-05-17 11:49:20,117:INFO:2
2020-05-17 11:49:20,770:WARNING:Not Found: /favicon.ico
2020-05-17 11:51:48,221:INFO:------------------------------------------------------------------------------------------------
2020-05-17 11:56:28,767:INFO:------------------------------------------------------------------------------------------------
2020-05-17 11:56:30,107:INFO:ДУГААРАА СОНГОЖ БУЙ ХЭСЭГ
2020-05-17 11:56:30,107:INFO:2
2020-05-17 11:59:49,238:INFO:------------------------------------------------------------------------------------------------
2020-05-17 11:59:50,188:INFO:ДУГААРАА СОНГОЖ БУЙ ХЭСЭГ
2020-05-17 11:59:50,189:INFO:7
2020-05-17 12:05:29,808:INFO:------------------------------------------------------------------------------------------------
2020-05-17 12:05:41,390:INFO:------------------------------------------------------------------------------------------------
2020-05-17 12:11:05,168:INFO:------------------------------------------------------------------------------------------------
2020-05-17 12:14:20,276:INFO:------------------------------------------------------------------------------------------------
2020-05-17 12:18:47,690:INFO:------------------------------------------------------------------------------------------------
2020-05-17 12:18:49,020:INFO:ДУГААРАА СОНГОЖ БУЙ ХЭСЭГ
2020-05-17 12:18:49,020:INFO:7
2020-05-17 12:18:49,318:WARNING:Not Found: /favicon.ico
2020-05-17 12:21:03,636:INFO:------------------------------------------------------------------------------------------------
2020-05-17 12:21:56,384:INFO:ДУГААРАА СОНГОЖ БУЙ ХЭСЭГ
2020-05-17 12:21:56,384:INFO:2
2020-05-17 12:21:56,452:INFO:------------------------------------------------------------------------------------------------
2020-05-17 12:21:56,617:WARNING:Not Found: /favicon.ico
2020-05-17 12:25:28,753:INFO:------------------------------------------------------------------------------------------------
2020-05-17 12:29:16,149:INFO:------------------------------------------------------------------------------------------------
2020-05-17 12:29:24,459:INFO:ДУГААРАА СОНГОЖ БУЙ ХЭСЭГ
2020-05-17 12:29:24,459:INFO:2
2020-05-17 12:34:55,484:INFO:------------------------------------------------------------------------------------------------
2020-05-17 12:36:18,646:INFO:ДУГААРЫН ҮНЭ
2020-05-17 12:36:18,649:INFO:5000
2020-05-17 12:36:40,287:INFO:ДУГААРЫН ZAHIALGA
2020-05-17 12:38:40,533:INFO:------------------------------------------------------------------------------------------------
2020-05-17 12:39:03,850:INFO:ДУГААРАА СОНГОЖ БУЙ ХЭСЭГ
2020-05-17 12:39:03,850:INFO:2
2020-05-17 12:39:30,231:INFO:------------------------------------------------------------------------------------------------
2020-05-17 12:41:17,185:INFO:------------------------------------------------------------------------------------------------
2020-05-17 12:46:13,851:INFO:------------------------------------------------------------------------------------------------
2020-05-17 12:52:29,342:INFO:------------------------------------------------------------------------------------------------
2020-05-17 12:53:14,943:INFO:------------------------------------------------------------------------------------------------
2020-05-17 12:53:16,610:INFO:ДУГААРАА СОНГОЖ БУЙ ХЭСЭГ
2020-05-17 12:53:16,611:INFO:2
2020-05-17 12:53:38,128:INFO:ДУГААРАА СОНГОЖ БУЙ ХЭСЭГ
2020-05-17 12:53:38,129:INFO:2
2020-05-17 12:53:38,624:WARNING:Not Found: /favicon.ico
2020-05-17 12:53:57,037:INFO:------------------------------------------------------------------------------------------------
2020-05-17 12:53:57,806:INFO:ДУГААРАА СОНГОЖ БУЙ ХЭСЭГ
2020-05-17 12:53:57,806:INFO:2
2020-05-17 13:05:30,027:INFO:------------------------------------------------------------------------------------------------
2020-05-17 13:05:42,537:INFO:------------------------------------------------------------------------------------------------
2020-05-17 13:11:05,323:INFO:------------------------------------------------------------------------------------------------
2020-05-17 13:11:10,567:INFO:------------------------------------------------------------------------------------------------
2020-05-17 13:11:12,188:INFO:ДУГААРАА СОНГОЖ БУЙ ХЭСЭГ
2020-05-17 13:11:12,189:INFO:7
2020-05-17 13:11:14,323:INFO:ДУГААРАА СОНГОЖ БУЙ ХЭСЭГ
2020-05-17 13:11:14,323:INFO:7
2020-05-17 13:11:21,169:INFO:ДУГААРАА СОНГОЖ БУЙ ХЭСЭГ
2020-05-17 13:11:21,169:INFO:2
2020-05-17 13:11:29,137:INFO:------------------------------------------------------------------------------------------------
2020-05-17 13:11:30,146:INFO:ДУГААРАА СОНГОЖ БУЙ ХЭСЭГ
2020-05-17 13:11:30,147:INFO:7
2020-05-17 13:11:31,028:INFO:ДУГААРАА СОНГОЖ БУЙ ХЭСЭГ
2020-05-17 13:11:31,028:INFO:7
2020-05-17 13:11:47,714:INFO:ДУГААРАА СОНГОЖ БУЙ ХЭСЭГ
2020-05-17 13:11:47,714:INFO:7
2020-05-17 13:11:58,839:INFO:ДУГААРАА СОНГОЖ БУЙ ХЭСЭГ
2020-05-17 13:11:58,839:INFO:7
2020-05-17 13:12:43,344:INFO:ДУГААРАА СОНГОЖ БУЙ ХЭСЭГ
2020-05-17 13:12:43,344:INFO:7
2020-05-17 13:12:44,322:INFO:ДУГААРАА СОНГОЖ БУЙ ХЭСЭГ
2020-05-17 13:12:44,322:INFO:7
2020-05-17 13:13:07,570:INFO:ДУГААРАА СОНГОЖ БУЙ ХЭСЭГ
2020-05-17 13:13:07,570:INFO:7
2020-05-17 13:13:51,481:INFO:ДУГААРЫН ҮНЭ
2020-05-17 13:13:51,484:INFO:10000
2020-05-17 13:14:20,407:INFO:------------------------------------------------------------------------------------------------
2020-05-17 13:17:48,182:INFO:ДУГААРАА СОНГОЖ БУЙ ХЭСЭГ
2020-05-17 13:17:48,183:INFO:7
2020-05-17 13:21:03,729:INFO:------------------------------------------------------------------------------------------------
2020-05-17 13:21:57,365:INFO:------------------------------------------------------------------------------------------------
2020-05-17 13:22:07,327:INFO:ДУГААРАА СОНГОЖ БУЙ ХЭСЭГ
2020-05-17 13:22:07,328:INFO:7
2020-05-17 13:23:40,740:INFO:ДУГААРАА СОНГОЖ БУЙ ХЭСЭГ
2020-05-17 13:23:40,740:INFO:7
2020-05-17 13:23:55,803:INFO:ДУГААРАА СОНГОЖ БУЙ ХЭСЭГ
2020-05-17 13:23:55,803:INFO:7
2020-05-17 13:25:24,221:INFO:------------------------------------------------------------------------------------------------
2020-05-17 13:25:25,625:INFO:ДУГААРАА СОНГОЖ БУЙ ХЭСЭГ
2020-05-17 13:25:25,625:INFO:7
2020-05-17 13:25:29,217:INFO:------------------------------------------------------------------------------------------------
2020-05-17 13:25:48,389:INFO:ДУГААРАА СОНГОЖ БУЙ ХЭСЭГ
2020-05-17 13:25:48,389:INFO:7
2020-05-17 13:26:47,040:INFO:ДУГААРАА СОНГОЖ БУЙ ХЭСЭГ
2020-05-17 13:26:47,040:INFO:7
2020-05-17 13:27:05,624:INFO:------------------------------------------------------------------------------------------------
2020-05-17 13:27:13,945:INFO:ДУГААРАА СОНГОЖ БУЙ ХЭСЭГ
2020-05-17 13:27:13,945:INFO:2
2020-05-17 13:28:00,023:INFO:------------------------------------------------------------------------------------------------
2020-05-17 13:28:09,205:INFO:ДУГААРАА СОНГОЖ БУЙ ХЭСЭГ
2020-05-17 13:28:09,206:INFO:2
2020-05-17 13:28:09,663:INFO:ДУГААРАА СОНГОЖ БУЙ ХЭСЭГ
2020-05-17 13:28:09,664:INFO:2
2020-05-17 13:29:37,207:INFO:ДУГААРАА СОНГОЖ БУЙ ХЭСЭГ
2020-05-17 13:29:37,207:INFO:2
2020-05-17 13:29:37,304:INFO:ДУГААРАА СОНГОЖ БУЙ ХЭСЭГ
2020-05-17 13:29:37,304:INFO:2
2020-05-17 13:31:18,254:INFO:------------------------------------------------------------------------------------------------
2020-05-17 13:31:19,319:INFO:ДУГААРАА СОНГОЖ БУЙ ХЭСЭГ
2020-05-17 13:31:19,319:INFO:7
2020-05-17 13:34:24,584:INFO:ДУГААРЫН ҮНЭ
2020-05-17 13:34:24,588:INFO:10000
2020-05-17 13:34:56,470:INFO:------------------------------------------------------------------------------------------------
2020-05-17 13:35:15,033:INFO:------------------------------------------------------------------------------------------------
2020-05-17 13:35:16,513:INFO:ДУГААРАА СОНГОЖ БУЙ ХЭСЭГ
2020-05-17 13:35:16,513:INFO:2
2020-05-17 13:35:26,705:INFO:------------------------------------------------------------------------------------------------
2020-05-17 13:35:27,600:INFO:ДУГААРАА СОНГОЖ БУЙ ХЭСЭГ
2020-05-17 13:35:27,600:INFO:2
2020-05-17 13:35:41,954:INFO:ДУГААРЫН ҮНЭ
2020-05-17 13:35:41,957:INFO:10000
2020-05-17 13:36:35,471:INFO:ДУГААРЫН ҮНЭ
2020-05-17 13:36:35,473:INFO:5000
2020-05-17 13:37:03,073:INFO:ДУГААРАА СОНГОЖ БУЙ ХЭСЭГ
2020-05-17 13:37:03,074:INFO:2
2020-05-17 13:37:41,511:INFO:ДУГААРАА СОНГОЖ БУЙ ХЭСЭГ
2020-05-17 13:37:41,512:INFO:2
2020-05-17 13:38:06,495:INFO:ДУГААРАА СОНГОЖ БУЙ ХЭСЭГ
2020-05-17 13:38:06,495:INFO:2
2020-05-17 13:38:17,591:ERROR:Internal Server Error: /getnumber
Traceback (most recent call last):
  File "/usr/local/lib/python2.7/dist-packages/django/core/handlers/exception.py", line 41, in inner
    response = get_response(request)
  File "/usr/local/lib/python2.7/dist-packages/django/core/handlers/base.py", line 187, in _get_response
    response = self.process_exception_by_middleware(e, request)
  File "/usr/local/lib/python2.7/dist-packages/django/core/handlers/base.py", line 185, in _get_response
    response = wrapped_callback(request, *callback_args, **callback_kwargs)
  File "/usr/local/lib/python2.7/dist-packages/django/views/decorators/csrf.py", line 58, in wrapped_view
    return view_func(*args, **kwargs)
  File "/usr/local/lib/python2.7/dist-packages/django/views/generic/base.py", line 68, in view
    return self.dispatch(request, *args, **kwargs)
  File "/usr/local/lib/python2.7/dist-packages/rest_framework/views.py", line 495, in dispatch
    response = self.handle_exception(exc)
  File "/usr/local/lib/python2.7/dist-packages/rest_framework/views.py", line 455, in handle_exception
    self.raise_uncaught_exception(exc)
  File "/usr/local/lib/python2.7/dist-packages/rest_framework/views.py", line 492, in dispatch
    response = handler(request, *args, **kwargs)
  File "/usr/local/lib/python2.7/dist-packages/rest_framework/decorators.py", line 55, in handler
    return func(*args, **kwargs)
  File "/home/user/nFilterNew/controller/views.py", line 206, in getNumber
    if data[1] == az:
IndexError: list index out of range
2020-05-17 13:38:20,827:INFO:------------------------------------------------------------------------------------------------
2020-05-17 13:38:22,264:INFO:ДУГААРАА СОНГОЖ БУЙ ХЭСЭГ
2020-05-17 13:38:22,265:INFO:2
2020-05-17 13:39:31,074:INFO:------------------------------------------------------------------------------------------------
2020-05-17 13:41:17,240:INFO:------------------------------------------------------------------------------------------------
2020-05-17 13:41:39,506:INFO:------------------------------------------------------------------------------------------------
2020-05-17 13:41:54,521:INFO:ДУГААРАА СОНГОЖ БУЙ ХЭСЭГ
2020-05-17 13:41:54,521:INFO:2
2020-05-17 13:42:22,044:INFO:ДУГААРЫН ҮНЭ
2020-05-17 13:42:22,046:INFO:5000
2020-05-17 13:43:58,011:INFO:ДУГААРЫН ҮНЭ
2020-05-17 13:43:58,013:INFO:5000
2020-05-17 13:44:09,275:INFO:ДУГААРЫН ҮНЭ
2020-05-17 13:44:09,277:INFO:5000
2020-05-17 13:44:09,836:INFO:ДУГААРАА СОНГОЖ БУЙ ХЭСЭГ
2020-05-17 13:44:09,836:INFO:7
2020-05-17 13:44:20,761:INFO:ДУГААРЫН ҮНЭ
2020-05-17 13:44:20,764:INFO:5000
2020-05-17 13:44:24,988:INFO:------------------------------------------------------------------------------------------------
2020-05-17 13:44:27,444:INFO:ДУГААРАА СОНГОЖ БУЙ ХЭСЭГ
2020-05-17 13:44:27,444:INFO:2
2020-05-17 13:44:32,133:INFO:ДУГААРАА СОНГОЖ БУЙ ХЭСЭГ
2020-05-17 13:44:32,133:INFO:2
2020-05-17 13:45:35,969:INFO:------------------------------------------------------------------------------------------------
2020-05-17 13:45:36,976:INFO:ДУГААРАА СОНГОЖ БУЙ ХЭСЭГ
2020-05-17 13:45:36,976:INFO:2
2020-05-17 13:45:38,765:INFO:ДУГААРАА СОНГОЖ БУЙ ХЭСЭГ
2020-05-17 13:45:38,765:INFO:2
2020-05-17 13:45:39,204:INFO:ДУГААРАА СОНГОЖ БУЙ ХЭСЭГ
2020-05-17 13:45:39,204:INFO:2
2020-05-17 13:46:24,841:INFO:ДУГААРАА СОНГОЖ БУЙ ХЭСЭГ
2020-05-17 13:46:24,841:INFO:7
2020-05-17 13:52:34,689:INFO:------------------------------------------------------------------------------------------------
2020-05-17 14:01:21,148:INFO:------------------------------------------------------------------------------------------------
2020-05-17 14:01:22,482:INFO:ДУГААРАА СОНГОЖ БУЙ ХЭСЭГ
2020-05-17 14:01:22,482:INFO:2
2020-05-17 14:01:25,075:INFO:ДУГААРАА СОНГОЖ БУЙ ХЭСЭГ
2020-05-17 14:01:25,075:INFO:2
2020-05-17 14:01:25,894:INFO:ДУГААРАА СОНГОЖ БУЙ ХЭСЭГ
2020-05-17 14:01:25,894:INFO:2
2020-05-17 14:05:30,519:INFO:------------------------------------------------------------------------------------------------
2020-05-17 14:05:43,523:INFO:------------------------------------------------------------------------------------------------
2020-05-17 14:11:05,501:INFO:------------------------------------------------------------------------------------------------
2020-05-17 14:14:20,523:INFO:------------------------------------------------------------------------------------------------
2020-05-17 14:21:03,839:INFO:------------------------------------------------------------------------------------------------
2020-05-17 14:21:58,120:INFO:------------------------------------------------------------------------------------------------
2020-05-17 14:25:29,994:INFO:------------------------------------------------------------------------------------------------
2020-05-17 14:31:34,652:INFO:------------------------------------------------------------------------------------------------
2020-05-17 14:31:35,380:INFO:ДУГААРАА СОНГОЖ БУЙ ХЭСЭГ
2020-05-17 14:31:35,381:INFO:2
2020-05-17 14:34:57,508:INFO:------------------------------------------------------------------------------------------------
2020-05-17 14:39:32,004:INFO:------------------------------------------------------------------------------------------------
2020-05-17 14:41:17,331:INFO:------------------------------------------------------------------------------------------------
2020-05-17 14:43:33,601:INFO:ДУГААРАА СОНГОЖ БУЙ ХЭСЭГ
2020-05-17 14:43:33,602:INFO:2
2020-05-17 14:43:44,419:INFO:------------------------------------------------------------------------------------------------
2020-05-17 14:43:45,979:INFO:ДУГААРАА СОНГОЖ БУЙ ХЭСЭГ
2020-05-17 14:43:45,980:INFO:2
2020-05-17 14:43:47,874:INFO:ДУГААРАА СОНГОЖ БУЙ ХЭСЭГ
2020-05-17 14:43:47,874:INFO:2
2020-05-17 14:44:26,048:INFO:------------------------------------------------------------------------------------------------
2020-05-17 14:44:27,422:INFO:ДУГААРАА СОНГОЖ БУЙ ХЭСЭГ
2020-05-17 14:44:27,422:INFO:2
2020-05-17 14:44:51,512:INFO:ДУГААРАА СОНГОЖ БУЙ ХЭСЭГ
2020-05-17 14:44:51,512:INFO:2
2020-05-17 14:44:54,658:INFO:ДУГААРАА СОНГОЖ БУЙ ХЭСЭГ
2020-05-17 14:44:54,658:INFO:7
2020-05-17 14:44:55,649:INFO:------------------------------------------------------------------------------------------------
2020-05-17 14:44:57,038:INFO:ДУГААРАА СОНГОЖ БУЙ ХЭСЭГ
2020-05-17 14:44:57,038:INFO:2
2020-05-17 14:45:24,649:INFO:------------------------------------------------------------------------------------------------
2020-05-17 14:45:26,526:INFO:ДУГААРАА СОНГОЖ БУЙ ХЭСЭГ
2020-05-17 14:45:26,527:INFO:2
2020-05-17 14:45:34,877:INFO:------------------------------------------------------------------------------------------------
2020-05-17 14:45:35,773:INFO:ДУГААРАА СОНГОЖ БУЙ ХЭСЭГ
2020-05-17 14:45:35,773:INFO:7
2020-05-17 14:46:28,271:INFO:ДУГААРАА СОНГОЖ БУЙ ХЭСЭГ
2020-05-17 14:46:28,271:INFO:7
2020-05-17 14:46:33,427:INFO:------------------------------------------------------------------------------------------------
2020-05-17 14:46:35,523:INFO:ДУГААРАА СОНГОЖ БУЙ ХЭСЭГ
2020-05-17 14:46:35,523:INFO:2
2020-05-17 14:47:30,581:INFO:ДУГААРАА СОНГОЖ БУЙ ХЭСЭГ
2020-05-17 14:47:30,581:INFO:7
2020-05-17 14:50:47,474:INFO:------------------------------------------------------------------------------------------------
2020-05-17 14:50:50,779:INFO:ДУГААРАА СОНГОЖ БУЙ ХЭСЭГ
2020-05-17 14:50:50,780:INFO:2
2020-05-17 14:51:01,585:INFO:ДУГААРЫН ҮНЭ
2020-05-17 14:51:01,588:INFO:5000
2020-05-17 14:54:39,837:INFO:------------------------------------------------------------------------------------------------
2020-05-17 14:56:11,131:INFO:------------------------------------------------------------------------------------------------
2020-05-17 14:56:40,254:INFO:ДУГААРАА СОНГОЖ БУЙ ХЭСЭГ
2020-05-17 14:56:40,254:INFO:7
2020-05-17 14:56:43,135:INFO:ДУГААРАА СОНГОЖ БУЙ ХЭСЭГ
2020-05-17 14:56:43,136:INFO:7
2020-05-17 14:58:06,329:INFO:ДУГААРАА СОНГОЖ БУЙ ХЭСЭГ
2020-05-17 14:58:06,330:INFO:7
2020-05-17 14:58:08,154:INFO:ДУГААРАА СОНГОЖ БУЙ ХЭСЭГ
2020-05-17 14:58:08,154:INFO:7
2020-05-17 14:59:33,792:INFO:ДУГААРАА СОНГОЖ БУЙ ХЭСЭГ
2020-05-17 14:59:33,792:INFO:7
2020-05-17 14:59:35,456:INFO:ДУГААРАА СОНГОЖ БУЙ ХЭСЭГ
2020-05-17 14:59:35,456:INFO:7
2020-05-17 15:00:58,661:ERROR:Internal Server Error: /getnumber
Traceback (most recent call last):
  File "/usr/local/lib/python2.7/dist-packages/django/core/handlers/exception.py", line 41, in inner
    response = get_response(request)
  File "/usr/local/lib/python2.7/dist-packages/django/core/handlers/base.py", line 187, in _get_response
    response = self.process_exception_by_middleware(e, request)
  File "/usr/local/lib/python2.7/dist-packages/django/core/handlers/base.py", line 185, in _get_response
    response = wrapped_callback(request, *callback_args, **callback_kwargs)
  File "/usr/local/lib/python2.7/dist-packages/django/views/decorators/csrf.py", line 58, in wrapped_view
    return view_func(*args, **kwargs)
  File "/usr/local/lib/python2.7/dist-packages/django/views/generic/base.py", line 68, in view
    return self.dispatch(request, *args, **kwargs)
  File "/usr/local/lib/python2.7/dist-packages/rest_framework/views.py", line 495, in dispatch
    response = self.handle_exception(exc)
  File "/usr/local/lib/python2.7/dist-packages/rest_framework/views.py", line 455, in handle_exception
    self.raise_uncaught_exception(exc)
  File "/usr/local/lib/python2.7/dist-packages/rest_framework/views.py", line 492, in dispatch
    response = handler(request, *args, **kwargs)
  File "/usr/local/lib/python2.7/dist-packages/rest_framework/decorators.py", line 55, in handler
    return func(*args, **kwargs)
  File "/home/user/nFilterNew/controller/views.py", line 206, in getNumber
    if data[1] == az:
IndexError: list index out of range
2020-05-17 15:01:51,127:ERROR:Internal Server Error: /getnumber
Traceback (most recent call last):
  File "/usr/local/lib/python2.7/dist-packages/django/core/handlers/exception.py", line 41, in inner
    response = get_response(request)
  File "/usr/local/lib/python2.7/dist-packages/django/core/handlers/base.py", line 187, in _get_response
    response = self.process_exception_by_middleware(e, request)
  File "/usr/local/lib/python2.7/dist-packages/django/core/handlers/base.py", line 185, in _get_response
    response = wrapped_callback(request, *callback_args, **callback_kwargs)
  File "/usr/local/lib/python2.7/dist-packages/django/views/decorators/csrf.py", line 58, in wrapped_view
    return view_func(*args, **kwargs)
  File "/usr/local/lib/python2.7/dist-packages/django/views/generic/base.py", line 68, in view
    return self.dispatch(request, *args, **kwargs)
  File "/usr/local/lib/python2.7/dist-packages/rest_framework/views.py", line 495, in dispatch
    response = self.handle_exception(exc)
  File "/usr/local/lib/python2.7/dist-packages/rest_framework/views.py", line 455, in handle_exception
    self.raise_uncaught_exception(exc)
  File "/usr/local/lib/python2.7/dist-packages/rest_framework/views.py", line 492, in dispatch
    response = handler(request, *args, **kwargs)
  File "/usr/local/lib/python2.7/dist-packages/rest_framework/decorators.py", line 55, in handler
    return func(*args, **kwargs)
  File "/home/user/nFilterNew/controller/views.py", line 206, in getNumber
    if data[1] == az:
IndexError: list index out of range
2020-05-17 15:05:30,739:INFO:------------------------------------------------------------------------------------------------
2020-05-17 15:05:45,281:INFO:------------------------------------------------------------------------------------------------
2020-05-17 15:06:06,811:INFO:------------------------------------------------------------------------------------------------
2020-05-17 15:06:07,810:INFO:ДУГААРАА СОНГОЖ БУЙ ХЭСЭГ
2020-05-17 15:06:07,810:INFO:7
2020-05-17 15:06:29,608:INFO:ДУГААРАА СОНГОЖ БУЙ ХЭСЭГ
2020-05-17 15:06:29,608:INFO:7
2020-05-17 15:06:55,990:INFO:ДУГААРАА СОНГОЖ БУЙ ХЭСЭГ
2020-05-17 15:06:55,990:INFO:7
2020-05-17 15:07:11,207:INFO:ДУГААРАА СОНГОЖ БУЙ ХЭСЭГ
2020-05-17 15:07:11,207:INFO:7
2020-05-17 15:07:14,572:INFO:ДУГААРАА СОНГОЖ БУЙ ХЭСЭГ
2020-05-17 15:07:14,572:INFO:7
2020-05-17 15:10:58,730:INFO:------------------------------------------------------------------------------------------------
2020-05-17 15:11:05,678:INFO:------------------------------------------------------------------------------------------------
2020-05-17 15:14:20,652:INFO:------------------------------------------------------------------------------------------------
2020-05-17 15:16:52,406:INFO:ДУГААРАА СОНГОЖ БУЙ ХЭСЭГ
2020-05-17 15:16:52,406:INFO:7
2020-05-17 15:17:10,048:INFO:ДУГААРАА СОНГОЖ БУЙ ХЭСЭГ
2020-05-17 15:17:10,048:INFO:2
2020-05-17 15:17:11,020:INFO:ДУГААРАА СОНГОЖ БУЙ ХЭСЭГ
2020-05-17 15:17:11,020:INFO:7
2020-05-17 15:17:45,613:ERROR:Internal Server Error: /getnumber
Traceback (most recent call last):
  File "/usr/local/lib/python2.7/dist-packages/django/core/handlers/exception.py", line 41, in inner
    response = get_response(request)
  File "/usr/local/lib/python2.7/dist-packages/django/core/handlers/base.py", line 187, in _get_response
    response = self.process_exception_by_middleware(e, request)
  File "/usr/local/lib/python2.7/dist-packages/django/core/handlers/base.py", line 185, in _get_response
    response = wrapped_callback(request, *callback_args, **callback_kwargs)
  File "/usr/local/lib/python2.7/dist-packages/django/views/decorators/csrf.py", line 58, in wrapped_view
    return view_func(*args, **kwargs)
  File "/usr/local/lib/python2.7/dist-packages/django/views/generic/base.py", line 68, in view
    return self.dispatch(request, *args, **kwargs)
  File "/usr/local/lib/python2.7/dist-packages/rest_framework/views.py", line 495, in dispatch
    response = self.handle_exception(exc)
  File "/usr/local/lib/python2.7/dist-packages/rest_framework/views.py", line 455, in handle_exception
    self.raise_uncaught_exception(exc)
  File "/usr/local/lib/python2.7/dist-packages/rest_framework/views.py", line 492, in dispatch
    response = handler(request, *args, **kwargs)
  File "/usr/local/lib/python2.7/dist-packages/rest_framework/decorators.py", line 55, in handler
    return func(*args, **kwargs)
  File "/home/user/nFilterNew/controller/views.py", line 206, in getNumber
    if data[1] == az:
IndexError: list index out of range
2020-05-17 15:19:00,995:INFO:ДУГААРЫН ҮНЭ
2020-05-17 15:19:00,998:INFO:10000
2020-05-17 15:19:18,519:INFO:ДУГААРЫН ҮНЭ
2020-05-17 15:19:18,521:INFO:10000
2020-05-17 15:19:46,378:INFO:ДУГААРЫН ҮНЭ
2020-05-17 15:19:46,380:INFO:10000
2020-05-17 15:20:45,657:INFO:ДУГААРЫН ZAHIALGA
2020-05-17 15:20:54,404:INFO:------------------------------------------------------------------------------------------------
2020-05-17 15:21:03,949:INFO:------------------------------------------------------------------------------------------------
2020-05-17 15:21:09,738:INFO:ДУГААРЫН ҮНЭ
2020-05-17 15:21:09,740:INFO:10000
2020-05-17 15:21:41,625:INFO:ДУГААРЫН ZAHIALGA
2020-05-17 15:21:43,489:INFO:------------------------------------------------------------------------------------------------
2020-05-17 15:21:59,280:INFO:------------------------------------------------------------------------------------------------
2020-05-17 15:25:30,219:INFO:------------------------------------------------------------------------------------------------
2020-05-17 15:31:00,193:INFO:ДУГААРАА СОНГОЖ БУЙ ХЭСЭГ
2020-05-17 15:31:00,193:INFO:2
2020-05-17 15:31:01,670:WARNING:Not Found: /favicon.ico
2020-05-17 15:34:58,550:INFO:------------------------------------------------------------------------------------------------
2020-05-17 15:37:53,439:INFO:------------------------------------------------------------------------------------------------
2020-05-17 15:37:56,951:INFO:ДУГААРАА СОНГОЖ БУЙ ХЭСЭГ
2020-05-17 15:37:56,952:INFO:2
2020-05-17 15:38:58,869:INFO:ДУГААРЫН ҮНЭ
2020-05-17 15:38:58,871:INFO:5000
2020-05-17 15:39:25,072:INFO:ДУГААРЫН ҮНЭ
2020-05-17 15:39:25,074:INFO:5000
2020-05-17 15:40:30,839:INFO:ДУГААРЫН ҮНЭ
2020-05-17 15:40:30,841:INFO:5000
2020-05-17 15:41:17,438:INFO:------------------------------------------------------------------------------------------------
2020-05-17 15:41:50,520:INFO:ДУГААРАА СОНГОЖ БУЙ ХЭСЭГ
2020-05-17 15:41:50,521:INFO:2
2020-05-17 15:54:41,566:INFO:------------------------------------------------------------------------------------------------
2020-05-17 16:05:30,957:INFO:------------------------------------------------------------------------------------------------
2020-05-17 16:05:46,081:INFO:------------------------------------------------------------------------------------------------
2020-05-17 16:09:36,817:INFO:ДУГААРАА СОНГОЖ БУЙ ХЭСЭГ
2020-05-17 16:09:36,817:INFO:2
2020-05-17 16:11:05,859:INFO:------------------------------------------------------------------------------------------------
2020-05-17 16:20:54,626:INFO:------------------------------------------------------------------------------------------------
2020-05-17 16:21:44,671:INFO:------------------------------------------------------------------------------------------------
2020-05-17 16:22:00,108:INFO:------------------------------------------------------------------------------------------------
2020-05-17 16:25:30,445:INFO:------------------------------------------------------------------------------------------------
2020-05-17 16:25:52,590:INFO:------------------------------------------------------------------------------------------------
2020-05-17 16:28:53,020:INFO:ДУГААРАА СОНГОЖ БУЙ ХЭСЭГ
2020-05-17 16:28:53,021:INFO:2
2020-05-17 16:30:48,117:INFO:ДУГААРАА СОНГОЖ БУЙ ХЭСЭГ
2020-05-17 16:30:48,117:INFO:2
2020-05-17 16:30:50,026:INFO:ДУГААРАА СОНГОЖ БУЙ ХЭСЭГ
2020-05-17 16:30:50,026:INFO:2
2020-05-17 16:30:51,741:INFO:ДУГААРАА СОНГОЖ БУЙ ХЭСЭГ
2020-05-17 16:30:51,741:INFO:2
2020-05-17 16:32:51,658:INFO:------------------------------------------------------------------------------------------------
2020-05-17 16:34:59,586:INFO:------------------------------------------------------------------------------------------------
2020-05-17 16:41:17,535:INFO:------------------------------------------------------------------------------------------------
2020-05-17 16:41:17,852:INFO:ДУГААРАА СОНГОЖ БУЙ ХЭСЭГ
2020-05-17 16:41:17,852:INFO:3
2020-05-17 16:43:09,534:INFO:ДУГААРЫН ҮНЭ
2020-05-17 16:43:09,536:INFO:20000
2020-05-17 16:43:36,658:INFO:ДУГААРЫН ZAHIALGA
2020-05-17 16:43:41,245:INFO:------------------------------------------------------------------------------------------------
2020-05-17 16:44:24,171:INFO:ДУГААРАА СОНГОЖ БУЙ ХЭСЭГ
2020-05-17 16:44:24,172:INFO:7
2020-05-17 16:44:58,377:INFO:ДУГААРАА СОНГОЖ БУЙ ХЭСЭГ
2020-05-17 16:44:58,377:INFO:7
2020-05-17 16:45:03,762:INFO:ДУГААРАА СОНГОЖ БУЙ ХЭСЭГ
2020-05-17 16:45:03,763:INFO:7
2020-05-17 16:45:07,368:INFO:ДУГААРАА СОНГОЖ БУЙ ХЭСЭГ
2020-05-17 16:45:07,369:INFO:7
2020-05-17 16:45:09,791:INFO:ДУГААРАА СОНГОЖ БУЙ ХЭСЭГ
2020-05-17 16:45:09,791:INFO:7
2020-05-17 16:45:24,636:INFO:------------------------------------------------------------------------------------------------
2020-05-17 16:45:27,033:INFO:ДУГААРАА СОНГОЖ БУЙ ХЭСЭГ
2020-05-17 16:45:27,033:INFO:2
2020-05-17 16:45:48,821:INFO:------------------------------------------------------------------------------------------------
2020-05-17 16:45:50,210:INFO:ДУГААРАА СОНГОЖ БУЙ ХЭСЭГ
2020-05-17 16:45:50,210:INFO:7
2020-05-17 16:46:02,749:INFO:ДУГААРАА СОНГОЖ БУЙ ХЭСЭГ
2020-05-17 16:46:02,749:INFO:7
2020-05-17 16:46:04,322:INFO:ДУГААРАА СОНГОЖ БУЙ ХЭСЭГ
2020-05-17 16:46:04,322:INFO:7
2020-05-17 16:46:05,408:INFO:ДУГААРАА СОНГОЖ БУЙ ХЭСЭГ
2020-05-17 16:46:05,409:INFO:7
2020-05-17 16:46:22,940:INFO:ДУГААРАА СОНГОЖ БУЙ ХЭСЭГ
2020-05-17 16:46:22,940:INFO:7
2020-05-17 16:51:19,701:INFO:ДУГААРАА СОНГОЖ БУЙ ХЭСЭГ
2020-05-17 16:51:19,702:INFO:2
2020-05-17 16:51:44,868:INFO:------------------------------------------------------------------------------------------------
2020-05-17 16:51:48,987:INFO:ДУГААРАА СОНГОЖ БУЙ ХЭСЭГ
2020-05-17 16:51:48,988:INFO:2
2020-05-17 16:52:04,834:INFO:ДУГААРАА СОНГОЖ БУЙ ХЭСЭГ
2020-05-17 16:52:04,834:INFO:2
2020-05-17 16:52:45,673:INFO:------------------------------------------------------------------------------------------------
2020-05-17 16:52:45,803:INFO:------------------------------------------------------------------------------------------------
2020-05-17 16:52:52,392:INFO:ДУГААРАА СОНГОЖ БУЙ ХЭСЭГ
2020-05-17 16:52:52,392:INFO:7
2020-05-17 16:53:33,193:INFO:------------------------------------------------------------------------------------------------
2020-05-17 16:53:34,408:INFO:ДУГААРАА СОНГОЖ БУЙ ХЭСЭГ
2020-05-17 16:53:34,408:INFO:2
2020-05-17 16:53:36,368:INFO:------------------------------------------------------------------------------------------------
2020-05-17 16:53:37,414:INFO:ДУГААРАА СОНГОЖ БУЙ ХЭСЭГ
2020-05-17 16:53:37,414:INFO:7
2020-05-17 16:55:04,262:INFO:ДУГААРАА СОНГОЖ БУЙ ХЭСЭГ
2020-05-17 16:55:04,262:INFO:2
2020-05-17 16:58:20,273:INFO:------------------------------------------------------------------------------------------------
2020-05-17 16:58:22,846:INFO:ДУГААРАА СОНГОЖ БУЙ ХЭСЭГ
2020-05-17 16:58:22,846:INFO:2
2020-05-17 16:58:42,859:INFO:ДУГААРЫН ҮНЭ
2020-05-17 16:58:42,863:INFO:5000
2020-05-17 17:00:08,997:INFO:ДУГААРЫН ҮНЭ
2020-05-17 17:00:09,000:INFO:5000
2020-05-17 17:01:17,992:INFO:ДУГААРЫН ҮНЭ
2020-05-17 17:01:17,995:INFO:5000
2020-05-17 17:05:31,159:INFO:------------------------------------------------------------------------------------------------
2020-05-17 17:05:46,881:INFO:------------------------------------------------------------------------------------------------
2020-05-17 17:05:54,123:INFO:ДУГААРАА СОНГОЖ БУЙ ХЭСЭГ
2020-05-17 17:05:54,124:INFO:2
2020-05-17 17:06:31,798:INFO:------------------------------------------------------------------------------------------------
2020-05-17 17:06:33,090:INFO:ДУГААРАА СОНГОЖ БУЙ ХЭСЭГ
2020-05-17 17:06:33,090:INFO:7
2020-05-17 17:07:24,648:ERROR:Internal Server Error: /getnumber
Traceback (most recent call last):
  File "/usr/local/lib/python2.7/dist-packages/django/core/handlers/exception.py", line 41, in inner
    response = get_response(request)
  File "/usr/local/lib/python2.7/dist-packages/django/core/handlers/base.py", line 187, in _get_response
    response = self.process_exception_by_middleware(e, request)
  File "/usr/local/lib/python2.7/dist-packages/django/core/handlers/base.py", line 185, in _get_response
    response = wrapped_callback(request, *callback_args, **callback_kwargs)
  File "/usr/local/lib/python2.7/dist-packages/django/views/decorators/csrf.py", line 58, in wrapped_view
    return view_func(*args, **kwargs)
  File "/usr/local/lib/python2.7/dist-packages/django/views/generic/base.py", line 68, in view
    return self.dispatch(request, *args, **kwargs)
  File "/usr/local/lib/python2.7/dist-packages/rest_framework/views.py", line 495, in dispatch
    response = self.handle_exception(exc)
  File "/usr/local/lib/python2.7/dist-packages/rest_framework/views.py", line 455, in handle_exception
    self.raise_uncaught_exception(exc)
  File "/usr/local/lib/python2.7/dist-packages/rest_framework/views.py", line 492, in dispatch
    response = handler(request, *args, **kwargs)
  File "/usr/local/lib/python2.7/dist-packages/rest_framework/decorators.py", line 55, in handler
    return func(*args, **kwargs)
  File "/home/user/nFilterNew/controller/views.py", line 206, in getNumber
    if data[1] == az:
IndexError: list index out of range
2020-05-17 17:11:06,031:INFO:------------------------------------------------------------------------------------------------
2020-05-17 17:14:38,268:INFO:ДУГААРАА СОНГОЖ БУЙ ХЭСЭГ
2020-05-17 17:14:38,268:INFO:7
2020-05-17 17:14:44,154:WARNING:Not Found: /favicon.ico
2020-05-17 17:21:45,579:INFO:------------------------------------------------------------------------------------------------
2020-05-17 17:22:00,478:INFO:------------------------------------------------------------------------------------------------
2020-05-17 17:25:30,660:INFO:------------------------------------------------------------------------------------------------
2020-05-17 17:35:00,616:INFO:------------------------------------------------------------------------------------------------
2020-05-17 17:41:17,617:INFO:------------------------------------------------------------------------------------------------
2020-05-17 17:45:25,468:INFO:ДУГААРАА СОНГОЖ БУЙ ХЭСЭГ
2020-05-17 17:45:25,468:INFO:2
2020-05-17 17:45:40,614:INFO:ДУГААРАА СОНГОЖ БУЙ ХЭСЭГ
2020-05-17 17:45:40,615:INFO:2
2020-05-17 17:46:02,100:INFO:ДУГААРАА СОНГОЖ БУЙ ХЭСЭГ
2020-05-17 17:46:02,101:INFO:2
2020-05-17 17:46:10,179:INFO:------------------------------------------------------------------------------------------------
2020-05-17 17:46:13,272:INFO:ДУГААРАА СОНГОЖ БУЙ ХЭСЭГ
2020-05-17 17:46:13,272:INFO:7
2020-05-17 17:46:33,196:INFO:ДУГААРАА СОНГОЖ БУЙ ХЭСЭГ
2020-05-17 17:46:33,196:INFO:7
2020-05-17 17:48:06,817:INFO:ДУГААРАА СОНГОЖ БУЙ ХЭСЭГ
2020-05-17 17:48:06,817:INFO:2
2020-05-17 17:48:07,066:INFO:ДУГААРАА СОНГОЖ БУЙ ХЭСЭГ
2020-05-17 17:48:07,066:INFO:2
2020-05-17 17:48:16,519:INFO:------------------------------------------------------------------------------------------------
2020-05-17 17:48:22,299:INFO:ДУГААРАА СОНГОЖ БУЙ ХЭСЭГ
2020-05-17 17:48:22,300:INFO:7
2020-05-17 17:48:25,294:INFO:ДУГААРАА СОНГОЖ БУЙ ХЭСЭГ
2020-05-17 17:48:25,295:INFO:7
2020-05-17 17:48:31,207:INFO:ДУГААРАА СОНГОЖ БУЙ ХЭСЭГ
2020-05-17 17:48:31,207:INFO:7
2020-05-17 17:49:03,904:INFO:ДУГААРАА СОНГОЖ БУЙ ХЭСЭГ
2020-05-17 17:49:03,904:INFO:7
2020-05-17 17:49:06,119:INFO:ДУГААРАА СОНГОЖ БУЙ ХЭСЭГ
2020-05-17 17:49:06,119:INFO:7
2020-05-17 17:50:46,808:INFO:ДУГААРАА СОНГОЖ БУЙ ХЭСЭГ
2020-05-17 17:50:46,808:INFO:7
2020-05-17 17:51:05,239:INFO:ДУГААРАА СОНГОЖ БУЙ ХЭСЭГ
2020-05-17 17:51:05,239:INFO:7
2020-05-17 17:51:28,940:INFO:ДУГААРАА СОНГОЖ БУЙ ХЭСЭГ
2020-05-17 17:51:28,940:INFO:7
2020-05-17 17:51:46,562:ERROR:Internal Server Error: /getnumber
Traceback (most recent call last):
  File "/usr/local/lib/python2.7/dist-packages/django/core/handlers/exception.py", line 41, in inner
    response = get_response(request)
  File "/usr/local/lib/python2.7/dist-packages/django/core/handlers/base.py", line 187, in _get_response
    response = self.process_exception_by_middleware(e, request)
  File "/usr/local/lib/python2.7/dist-packages/django/core/handlers/base.py", line 185, in _get_response
    response = wrapped_callback(request, *callback_args, **callback_kwargs)
  File "/usr/local/lib/python2.7/dist-packages/django/views/decorators/csrf.py", line 58, in wrapped_view
    return view_func(*args, **kwargs)
  File "/usr/local/lib/python2.7/dist-packages/django/views/generic/base.py", line 68, in view
    return self.dispatch(request, *args, **kwargs)
  File "/usr/local/lib/python2.7/dist-packages/rest_framework/views.py", line 495, in dispatch
    response = self.handle_exception(exc)
  File "/usr/local/lib/python2.7/dist-packages/rest_framework/views.py", line 455, in handle_exception
    self.raise_uncaught_exception(exc)
  File "/usr/local/lib/python2.7/dist-packages/rest_framework/views.py", line 492, in dispatch
    response = handler(request, *args, **kwargs)
  File "/usr/local/lib/python2.7/dist-packages/rest_framework/decorators.py", line 55, in handler
    return func(*args, **kwargs)
  File "/home/user/nFilterNew/controller/views.py", line 206, in getNumber
    if data[1] == az:
IndexError: list index out of range
2020-05-17 17:51:53,711:INFO:------------------------------------------------------------------------------------------------
2020-05-17 17:51:55,816:INFO:ДУГААРАА СОНГОЖ БУЙ ХЭСЭГ
2020-05-17 17:51:55,817:INFO:2
2020-05-17 17:52:17,738:INFO:ДУГААРЫН ҮНЭ
2020-05-17 17:52:17,741:INFO:10000
2020-05-17 17:54:37,751:INFO:ДУГААРАА СОНГОЖ БУЙ ХЭСЭГ
2020-05-17 17:54:37,752:INFO:7
2020-05-17 17:56:18,837:INFO:ДУГААРАА СОНГОЖ БУЙ ХЭСЭГ
2020-05-17 17:56:18,837:INFO:7
2020-05-17 17:56:20,292:INFO:------------------------------------------------------------------------------------------------
2020-05-17 17:56:21,438:INFO:ДУГААРАА СОНГОЖ БУЙ ХЭСЭГ
2020-05-17 17:56:21,439:INFO:2
2020-05-17 17:57:26,139:INFO:ДУГААРАА СОНГОЖ БУЙ ХЭСЭГ
2020-05-17 17:57:26,139:INFO:2
2020-05-17 17:57:27,941:INFO:------------------------------------------------------------------------------------------------
2020-05-17 17:57:59,542:INFO:ДУГААРАА СОНГОЖ БУЙ ХЭСЭГ
2020-05-17 17:57:59,542:INFO:7
2020-05-17 17:58:57,130:INFO:ДУГААРАА СОНГОЖ БУЙ ХЭСЭГ
2020-05-17 17:58:57,130:INFO:7
2020-05-17 17:59:45,438:INFO:ДУГААРАА СОНГОЖ БУЙ ХЭСЭГ
2020-05-17 17:59:45,439:INFO:7
2020-05-17 18:03:46,024:INFO:ДУГААРАА СОНГОЖ БУЙ ХЭСЭГ
2020-05-17 18:03:46,024:INFO:7
2020-05-17 18:03:48,286:INFO:------------------------------------------------------------------------------------------------
2020-05-17 18:03:49,592:INFO:ДУГААРАА СОНГОЖ БУЙ ХЭСЭГ
2020-05-17 18:03:49,593:INFO:2
2020-05-17 18:03:50,804:INFO:ДУГААРАА СОНГОЖ БУЙ ХЭСЭГ
2020-05-17 18:03:50,804:INFO:2
2020-05-17 18:05:31,365:INFO:------------------------------------------------------------------------------------------------
2020-05-17 18:05:47,872:INFO:------------------------------------------------------------------------------------------------
2020-05-17 18:07:00,220:INFO:ДУГААРАА СОНГОЖ БУЙ ХЭСЭГ
2020-05-17 18:07:00,220:INFO:7
2020-05-17 18:07:11,965:ERROR:Internal Server Error: /getnumber
Traceback (most recent call last):
  File "/usr/local/lib/python2.7/dist-packages/django/core/handlers/exception.py", line 41, in inner
    response = get_response(request)
  File "/usr/local/lib/python2.7/dist-packages/django/core/handlers/base.py", line 187, in _get_response
    response = self.process_exception_by_middleware(e, request)
  File "/usr/local/lib/python2.7/dist-packages/django/core/handlers/base.py", line 185, in _get_response
    response = wrapped_callback(request, *callback_args, **callback_kwargs)
  File "/usr/local/lib/python2.7/dist-packages/django/views/decorators/csrf.py", line 58, in wrapped_view
    return view_func(*args, **kwargs)
  File "/usr/local/lib/python2.7/dist-packages/django/views/generic/base.py", line 68, in view
    return self.dispatch(request, *args, **kwargs)
  File "/usr/local/lib/python2.7/dist-packages/rest_framework/views.py", line 495, in dispatch
    response = self.handle_exception(exc)
  File "/usr/local/lib/python2.7/dist-packages/rest_framework/views.py", line 455, in handle_exception
    self.raise_uncaught_exception(exc)
  File "/usr/local/lib/python2.7/dist-packages/rest_framework/views.py", line 492, in dispatch
    response = handler(request, *args, **kwargs)
  File "/usr/local/lib/python2.7/dist-packages/rest_framework/decorators.py", line 55, in handler
    return func(*args, **kwargs)
  File "/home/user/nFilterNew/controller/views.py", line 206, in getNumber
    if data[1] == az:
IndexError: list index out of range
2020-05-17 18:09:01,421:INFO:ДУГААРАА СОНГОЖ БУЙ ХЭСЭГ
2020-05-17 18:09:01,421:INFO:7
2020-05-17 18:09:27,464:INFO:ДУГААРАА СОНГОЖ БУЙ ХЭСЭГ
2020-05-17 18:09:27,465:INFO:7
2020-05-17 18:09:44,956:INFO:ДУГААРАА СОНГОЖ БУЙ ХЭСЭГ
2020-05-17 18:09:44,956:INFO:7
2020-05-17 18:09:57,354:INFO:ДУГААРАА СОНГОЖ БУЙ ХЭСЭГ
2020-05-17 18:09:57,354:INFO:7
2020-05-17 18:10:09,413:INFO:ДУГААРАА СОНГОЖ БУЙ ХЭСЭГ
2020-05-17 18:10:09,413:INFO:2
2020-05-17 18:10:16,993:INFO:ДУГААРАА СОНГОЖ БУЙ ХЭСЭГ
2020-05-17 18:10:16,993:INFO:2
2020-05-17 18:10:25,219:INFO:ДУГААРАА СОНГОЖ БУЙ ХЭСЭГ
2020-05-17 18:10:25,219:INFO:2
2020-05-17 18:10:35,107:INFO:ДУГААРАА СОНГОЖ БУЙ ХЭСЭГ
2020-05-17 18:10:35,107:INFO:2
2020-05-17 18:10:42,196:INFO:ДУГААРАА СОНГОЖ БУЙ ХЭСЭГ
2020-05-17 18:10:42,197:INFO:2
2020-05-17 18:10:42,440:INFO:ДУГААРАА СОНГОЖ БУЙ ХЭСЭГ
2020-05-17 18:10:42,441:INFO:2
2020-05-17 18:11:06,211:INFO:------------------------------------------------------------------------------------------------
2020-05-17 18:13:21,106:INFO:ДУГААРАА СОНГОЖ БУЙ ХЭСЭГ
2020-05-17 18:13:21,106:INFO:2
2020-05-17 18:13:21,355:INFO:ДУГААРАА СОНГОЖ БУЙ ХЭСЭГ
2020-05-17 18:13:21,355:INFO:2
2020-05-17 18:13:21,626:INFO:ДУГААРАА СОНГОЖ БУЙ ХЭСЭГ
2020-05-17 18:13:21,626:INFO:2
2020-05-17 18:14:28,971:INFO:ДУГААРАА СОНГОЖ БУЙ ХЭСЭГ
2020-05-17 18:14:28,971:INFO:2
2020-05-17 18:14:30,860:INFO:ДУГААРАА СОНГОЖ БУЙ ХЭСЭГ
2020-05-17 18:14:30,860:INFO:2
2020-05-17 18:17:56,020:ERROR:Internal Server Error: /getnumber
Traceback (most recent call last):
  File "/usr/local/lib/python2.7/dist-packages/django/core/handlers/exception.py", line 41, in inner
    response = get_response(request)
  File "/usr/local/lib/python2.7/dist-packages/django/core/handlers/base.py", line 187, in _get_response
    response = self.process_exception_by_middleware(e, request)
  File "/usr/local/lib/python2.7/dist-packages/django/core/handlers/base.py", line 185, in _get_response
    response = wrapped_callback(request, *callback_args, **callback_kwargs)
  File "/usr/local/lib/python2.7/dist-packages/django/views/decorators/csrf.py", line 58, in wrapped_view
    return view_func(*args, **kwargs)
  File "/usr/local/lib/python2.7/dist-packages/django/views/generic/base.py", line 68, in view
    return self.dispatch(request, *args, **kwargs)
  File "/usr/local/lib/python2.7/dist-packages/rest_framework/views.py", line 495, in dispatch
    response = self.handle_exception(exc)
  File "/usr/local/lib/python2.7/dist-packages/rest_framework/views.py", line 455, in handle_exception
    self.raise_uncaught_exception(exc)
  File "/usr/local/lib/python2.7/dist-packages/rest_framework/views.py", line 492, in dispatch
    response = handler(request, *args, **kwargs)
  File "/usr/local/lib/python2.7/dist-packages/rest_framework/decorators.py", line 55, in handler
    return func(*args, **kwargs)
  File "/home/user/nFilterNew/controller/views.py", line 206, in getNumber
    if data[1] == az:
IndexError: list index out of range
2020-05-17 18:22:01,203:INFO:------------------------------------------------------------------------------------------------
2020-05-17 18:25:30,892:INFO:------------------------------------------------------------------------------------------------
2020-05-17 18:34:23,062:INFO:------------------------------------------------------------------------------------------------
2020-05-17 18:34:27,410:INFO:ДУГААРАА СОНГОЖ БУЙ ХЭСЭГ
2020-05-17 18:34:27,410:INFO:2
2020-05-17 18:35:01,630:INFO:------------------------------------------------------------------------------------------------
2020-05-17 18:35:02,232:INFO:ДУГААРЫН ҮНЭ
2020-05-17 18:35:02,234:INFO:5000
2020-05-17 18:36:22,525:INFO:ДУГААРЫН ZAHIALGA
2020-05-17 18:38:22,688:INFO:------------------------------------------------------------------------------------------------
2020-05-17 18:39:27,833:INFO:ДУГААРАА СОНГОЖ БУЙ ХЭСЭГ
2020-05-17 18:39:27,834:INFO:7
2020-05-17 18:39:29,440:INFO:------------------------------------------------------------------------------------------------
2020-05-17 18:41:17,730:INFO:------------------------------------------------------------------------------------------------
2020-05-17 18:52:23,171:INFO:ДУГААРАА СОНГОЖ БУЙ ХЭСЭГ
2020-05-17 18:52:23,171:INFO:7
2020-05-17 18:52:23,755:INFO:ДУГААРАА СОНГОЖ БУЙ ХЭСЭГ
2020-05-17 18:52:23,755:INFO:7
2020-05-17 18:52:27,237:INFO:ДУГААРАА СОНГОЖ БУЙ ХЭСЭГ
2020-05-17 18:52:27,237:INFO:7
2020-05-17 18:54:55,267:INFO:------------------------------------------------------------------------------------------------
2020-05-17 18:54:58,714:INFO:------------------------------------------------------------------------------------------------
2020-05-17 18:54:59,556:INFO:ДУГААРАА СОНГОЖ БУЙ ХЭСЭГ
2020-05-17 18:54:59,557:INFO:7
2020-05-17 18:55:10,380:ERROR:Internal Server Error: /getnumber
Traceback (most recent call last):
  File "/usr/local/lib/python2.7/dist-packages/django/core/handlers/exception.py", line 41, in inner
    response = get_response(request)
  File "/usr/local/lib/python2.7/dist-packages/django/core/handlers/base.py", line 187, in _get_response
    response = self.process_exception_by_middleware(e, request)
  File "/usr/local/lib/python2.7/dist-packages/django/core/handlers/base.py", line 185, in _get_response
    response = wrapped_callback(request, *callback_args, **callback_kwargs)
  File "/usr/local/lib/python2.7/dist-packages/django/views/decorators/csrf.py", line 58, in wrapped_view
    return view_func(*args, **kwargs)
  File "/usr/local/lib/python2.7/dist-packages/django/views/generic/base.py", line 68, in view
    return self.dispatch(request, *args, **kwargs)
  File "/usr/local/lib/python2.7/dist-packages/rest_framework/views.py", line 495, in dispatch
    response = self.handle_exception(exc)
  File "/usr/local/lib/python2.7/dist-packages/rest_framework/views.py", line 455, in handle_exception
    self.raise_uncaught_exception(exc)
  File "/usr/local/lib/python2.7/dist-packages/rest_framework/views.py", line 492, in dispatch
    response = handler(request, *args, **kwargs)
  File "/usr/local/lib/python2.7/dist-packages/rest_framework/decorators.py", line 55, in handler
    return func(*args, **kwargs)
  File "/home/user/nFilterNew/controller/views.py", line 206, in getNumber
    if data[1] == az:
IndexError: list index out of range
2020-05-17 18:56:33,509:INFO:------------------------------------------------------------------------------------------------
2020-05-17 18:56:34,223:INFO:ДУГААРАА СОНГОЖ БУЙ ХЭСЭГ
2020-05-17 18:56:34,223:INFO:2
2020-05-17 18:56:54,965:INFO:------------------------------------------------------------------------------------------------
2020-05-17 18:56:57,296:INFO:ДУГААРАА СОНГОЖ БУЙ ХЭСЭГ
2020-05-17 18:56:57,296:INFO:2
2020-05-17 19:00:03,341:INFO:ДУГААРЫН ҮНЭ
2020-05-17 19:00:03,344:INFO:5000
2020-05-17 19:02:56,266:INFO:------------------------------------------------------------------------------------------------
2020-05-17 19:03:00,594:INFO:ДУГААРАА СОНГОЖ БУЙ ХЭСЭГ
2020-05-17 19:03:00,595:INFO:7
2020-05-17 19:03:26,121:INFO:ДУГААРЫН ҮНЭ
2020-05-17 19:03:26,123:INFO:10000
2020-05-17 19:05:31,587:INFO:------------------------------------------------------------------------------------------------
2020-05-17 19:05:49,628:INFO:------------------------------------------------------------------------------------------------
2020-05-17 19:11:06,388:INFO:------------------------------------------------------------------------------------------------
2020-05-17 19:12:48,190:INFO:------------------------------------------------------------------------------------------------
2020-05-17 19:12:51,493:INFO:ДУГААРАА СОНГОЖ БУЙ ХЭСЭГ
2020-05-17 19:12:51,493:INFO:2
2020-05-17 19:13:29,381:INFO:------------------------------------------------------------------------------------------------
2020-05-17 19:13:31,244:INFO:ДУГААРАА СОНГОЖ БУЙ ХЭСЭГ
2020-05-17 19:13:31,244:INFO:2
2020-05-17 19:13:52,451:INFO:ДУГААРЫН ҮНЭ
2020-05-17 19:13:52,453:INFO:5000
2020-05-17 19:14:05,309:INFO:ДУГААРЫН ZAHIALGA
2020-05-17 19:14:11,094:INFO:------------------------------------------------------------------------------------------------
2020-05-17 19:16:05,461:INFO:------------------------------------------------------------------------------------------------
2020-05-17 19:16:08,132:INFO:ДУГААРАА СОНГОЖ БУЙ ХЭСЭГ
2020-05-17 19:16:08,132:INFO:2
2020-05-17 19:16:12,963:INFO:------------------------------------------------------------------------------------------------
2020-05-17 19:16:17,028:INFO:ДУГААРАА СОНГОЖ БУЙ ХЭСЭГ
2020-05-17 19:16:17,028:INFO:7
2020-05-17 19:16:49,137:INFO:------------------------------------------------------------------------------------------------
2020-05-17 19:16:50,723:INFO:ДУГААРАА СОНГОЖ БУЙ ХЭСЭГ
2020-05-17 19:16:50,724:INFO:7
2020-05-17 19:16:52,075:INFO:ДУГААРАА СОНГОЖ БУЙ ХЭСЭГ
2020-05-17 19:16:52,076:INFO:7
2020-05-17 19:17:10,775:INFO:------------------------------------------------------------------------------------------------
2020-05-17 19:17:12,444:INFO:ДУГААРАА СОНГОЖ БУЙ ХЭСЭГ
2020-05-17 19:17:12,445:INFO:7
2020-05-17 19:22:02,286:INFO:------------------------------------------------------------------------------------------------
2020-05-17 19:25:31,144:INFO:------------------------------------------------------------------------------------------------
2020-05-17 19:28:34,056:INFO:------------------------------------------------------------------------------------------------
2020-05-17 19:28:35,184:INFO:ДУГААРАА СОНГОЖ БУЙ ХЭСЭГ
2020-05-17 19:28:35,184:INFO:2
2020-05-17 19:29:33,994:INFO:------------------------------------------------------------------------------------------------
2020-05-17 19:31:02,658:INFO:ДУГААРЫН ҮНЭ
2020-05-17 19:31:02,660:INFO:10000
2020-05-17 19:31:10,169:INFO:ДУГААРЫН ҮНЭ
2020-05-17 19:31:10,171:INFO:10000
2020-05-17 19:32:34,493:INFO:ДУГААРАА СОНГОЖ БУЙ ХЭСЭГ
2020-05-17 19:32:34,494:INFO:7
2020-05-17 19:33:18,854:INFO:ДУГААРАА СОНГОЖ БУЙ ХЭСЭГ
2020-05-17 19:33:18,854:INFO:7
2020-05-17 19:33:34,769:INFO:ДУГААРАА СОНГОЖ БУЙ ХЭСЭГ
2020-05-17 19:33:34,769:INFO:7
2020-05-17 19:35:02,667:INFO:------------------------------------------------------------------------------------------------
2020-05-17 19:39:29,544:INFO:------------------------------------------------------------------------------------------------
2020-05-17 19:41:17,829:INFO:------------------------------------------------------------------------------------------------
2020-05-17 19:42:51,947:INFO:ДУГААРАА СОНГОЖ БУЙ ХЭСЭГ
2020-05-17 19:42:51,948:INFO:7
2020-05-17 19:46:49,697:INFO:ДУГААРАА СОНГОЖ БУЙ ХЭСЭГ
2020-05-17 19:46:49,698:INFO:7
2020-05-17 19:49:52,451:INFO:ДУГААРАА СОНГОЖ БУЙ ХЭСЭГ
2020-05-17 19:49:52,451:INFO:7
2020-05-17 19:49:58,033:INFO:ДУГААРАА СОНГОЖ БУЙ ХЭСЭГ
2020-05-17 19:49:58,034:INFO:7
2020-05-17 19:50:20,201:INFO:------------------------------------------------------------------------------------------------
2020-05-17 19:50:21,282:INFO:ДУГААРАА СОНГОЖ БУЙ ХЭСЭГ
2020-05-17 19:50:21,282:INFO:7
2020-05-17 19:51:46,910:INFO:------------------------------------------------------------------------------------------------
2020-05-17 19:51:50,531:INFO:ДУГААРАА СОНГОЖ БУЙ ХЭСЭГ
2020-05-17 19:51:50,531:INFO:7
2020-05-17 19:52:36,533:INFO:ДУГААРАА СОНГОЖ БУЙ ХЭСЭГ
2020-05-17 19:52:36,533:INFO:7
2020-05-17 19:53:03,790:INFO:ДУГААРАА СОНГОЖ БУЙ ХЭСЭГ
2020-05-17 19:53:03,791:INFO:7
2020-05-17 19:53:10,171:INFO:ДУГААРЫН ҮНЭ
2020-05-17 19:53:10,175:INFO:10000
2020-05-17 20:05:31,793:INFO:------------------------------------------------------------------------------------------------
2020-05-17 20:05:51,433:INFO:------------------------------------------------------------------------------------------------
2020-05-17 20:11:06,559:INFO:------------------------------------------------------------------------------------------------
2020-05-17 20:14:27,697:INFO:------------------------------------------------------------------------------------------------
2020-05-17 20:16:05,563:INFO:------------------------------------------------------------------------------------------------
2020-05-17 20:16:19,634:ERROR:Invalid HTTP_HOST header: '127.0.0.1'. You may need to add u'127.0.0.1' to ALLOWED_HOSTS.
2020-05-17 20:22:03,260:INFO:------------------------------------------------------------------------------------------------
2020-05-17 20:25:31,372:INFO:------------------------------------------------------------------------------------------------
2020-05-17 20:35:03,707:INFO:------------------------------------------------------------------------------------------------
2020-05-17 20:41:17,983:INFO:------------------------------------------------------------------------------------------------
2020-05-17 21:05:31,993:INFO:------------------------------------------------------------------------------------------------
2020-05-17 21:05:52,242:INFO:------------------------------------------------------------------------------------------------
2020-05-17 21:11:06,726:INFO:------------------------------------------------------------------------------------------------
2020-05-17 21:14:44,318:INFO:------------------------------------------------------------------------------------------------
2020-05-17 21:16:05,651:INFO:------------------------------------------------------------------------------------------------
2020-05-17 21:22:03,790:INFO:------------------------------------------------------------------------------------------------
2020-05-17 21:25:31,834:INFO:------------------------------------------------------------------------------------------------
2020-05-17 21:35:04,739:INFO:------------------------------------------------------------------------------------------------
2020-05-17 21:41:18,069:INFO:------------------------------------------------------------------------------------------------
2020-05-17 22:05:32,225:INFO:------------------------------------------------------------------------------------------------
2020-05-17 22:05:52,636:INFO:------------------------------------------------------------------------------------------------
2020-05-17 22:11:06,906:INFO:------------------------------------------------------------------------------------------------
2020-05-17 22:22:05,157:INFO:------------------------------------------------------------------------------------------------
2020-05-17 22:25:32,071:INFO:------------------------------------------------------------------------------------------------
2020-05-17 22:35:05,790:INFO:------------------------------------------------------------------------------------------------
2020-05-17 23:05:32,438:INFO:------------------------------------------------------------------------------------------------
2020-05-17 23:05:53,712:INFO:------------------------------------------------------------------------------------------------
2020-05-17 23:11:07,070:INFO:------------------------------------------------------------------------------------------------
2020-05-17 23:22:05,417:INFO:------------------------------------------------------------------------------------------------
2020-05-17 23:25:32,296:INFO:------------------------------------------------------------------------------------------------
2020-05-17 23:35:06,798:INFO:------------------------------------------------------------------------------------------------
2020-05-18 00:05:32,659:INFO:------------------------------------------------------------------------------------------------
2020-05-18 00:05:54,676:INFO:------------------------------------------------------------------------------------------------
2020-05-18 00:11:07,252:INFO:------------------------------------------------------------------------------------------------
2020-05-18 00:22:06,658:INFO:------------------------------------------------------------------------------------------------
2020-05-18 00:25:32,545:INFO:------------------------------------------------------------------------------------------------
2020-05-18 00:35:07,820:INFO:------------------------------------------------------------------------------------------------
2020-05-18 01:05:32,855:INFO:------------------------------------------------------------------------------------------------
2020-05-18 01:05:55,065:INFO:------------------------------------------------------------------------------------------------
2020-05-18 01:11:07,421:INFO:------------------------------------------------------------------------------------------------
2020-05-18 01:22:07,052:INFO:------------------------------------------------------------------------------------------------
2020-05-18 01:22:51,373:ERROR:Invalid HTTP_HOST header: '123.125.114.144'. You may need to add u'123.125.114.144' to ALLOWED_HOSTS.
2020-05-18 01:25:32,767:INFO:------------------------------------------------------------------------------------------------
2020-05-18 01:35:08,866:INFO:------------------------------------------------------------------------------------------------
2020-05-18 02:05:33,069:INFO:------------------------------------------------------------------------------------------------
2020-05-18 02:05:56,403:INFO:------------------------------------------------------------------------------------------------
2020-05-18 02:11:07,589:INFO:------------------------------------------------------------------------------------------------
2020-05-18 02:22:08,390:INFO:------------------------------------------------------------------------------------------------
2020-05-18 02:25:32,972:INFO:------------------------------------------------------------------------------------------------
2020-05-18 02:35:09,883:INFO:------------------------------------------------------------------------------------------------
2020-05-18 03:05:33,278:INFO:------------------------------------------------------------------------------------------------
2020-05-18 03:05:56,732:INFO:------------------------------------------------------------------------------------------------
2020-05-18 03:11:07,754:INFO:------------------------------------------------------------------------------------------------
2020-05-18 03:22:10,087:INFO:------------------------------------------------------------------------------------------------
2020-05-18 03:25:33,174:INFO:------------------------------------------------------------------------------------------------
2020-05-18 03:35:10,917:INFO:------------------------------------------------------------------------------------------------
2020-05-18 04:05:33,499:INFO:------------------------------------------------------------------------------------------------
2020-05-18 04:05:58,005:INFO:------------------------------------------------------------------------------------------------
2020-05-18 04:11:07,948:INFO:------------------------------------------------------------------------------------------------
2020-05-18 04:22:10,500:INFO:------------------------------------------------------------------------------------------------
2020-05-18 04:25:33,649:INFO:------------------------------------------------------------------------------------------------
2020-05-18 04:35:11,951:INFO:------------------------------------------------------------------------------------------------
2020-05-18 05:05:33,712:INFO:------------------------------------------------------------------------------------------------
2020-05-18 05:05:58,752:INFO:------------------------------------------------------------------------------------------------
2020-05-18 05:11:08,111:INFO:------------------------------------------------------------------------------------------------
2020-05-18 05:22:11,740:INFO:------------------------------------------------------------------------------------------------
2020-05-18 05:25:33,877:INFO:------------------------------------------------------------------------------------------------
2020-05-18 05:35:12,973:INFO:------------------------------------------------------------------------------------------------
2020-05-18 06:05:33,926:INFO:------------------------------------------------------------------------------------------------
2020-05-18 06:05:59,280:INFO:------------------------------------------------------------------------------------------------
2020-05-18 06:11:08,291:INFO:------------------------------------------------------------------------------------------------
2020-05-18 06:22:12,166:INFO:------------------------------------------------------------------------------------------------
