2020-07-14 06:25:23,625:INFO:------------------------------------------------------------------------------------------------
2020-07-14 07:25:23,730:INFO:------------------------------------------------------------------------------------------------
2020-07-14 08:25:23,789:INFO:------------------------------------------------------------------------------------------------
2020-07-14 08:48:25,719:WARNING:Not Found: /
2020-07-14 09:25:23,875:INFO:------------------------------------------------------------------------------------------------
2020-07-14 09:37:25,809:INFO:------------------------------------------------------------------------------------------------
2020-07-14 09:37:38,362:INFO:ДУГААРАА СОНГОЖ БУЙ ХЭСЭГ
2020-07-14 09:37:38,362:INFO:7
2020-07-14 09:37:48,061:INFO:ДУГААРАА СОНГОЖ БУЙ ХЭСЭГ
2020-07-14 09:37:48,061:INFO:7
2020-07-14 09:37:57,896:INFO:------------------------------------------------------------------------------------------------
2020-07-14 10:03:47,934:INFO:ДУГААРАА СОНГОЖ БУЙ ХЭСЭГ
2020-07-14 10:03:47,935:INFO:7
2020-07-14 10:03:48,804:WARNING:Not Found: /favicon.ico
2020-07-14 10:03:52,226:INFO:------------------------------------------------------------------------------------------------
2020-07-14 10:03:59,384:INFO:ДУГААРАА СОНГОЖ БУЙ ХЭСЭГ
2020-07-14 10:03:59,384:INFO:7
2020-07-14 10:04:43,494:INFO:ДУГААРАА СОНГОЖ БУЙ ХЭСЭГ
2020-07-14 10:04:43,494:INFO:7
2020-07-14 10:05:01,599:INFO:ДУГААРАА СОНГОЖ БУЙ ХЭСЭГ
2020-07-14 10:05:01,599:INFO:7
2020-07-14 10:07:54,164:INFO:ДУГААРЫН ҮНЭ
2020-07-14 10:07:54,167:INFO:10000
2020-07-14 10:13:04,241:INFO:ДУГААРЫН ҮНЭ
2020-07-14 10:13:04,244:INFO:10000
2020-07-14 10:18:59,848:INFO:------------------------------------------------------------------------------------------------
2020-07-14 10:19:09,646:INFO:ДУГААРАА СОНГОЖ БУЙ ХЭСЭГ
2020-07-14 10:19:09,646:INFO:2
2020-07-14 10:19:10,076:WARNING:Not Found: /favicon.ico
2020-07-14 10:25:23,921:INFO:------------------------------------------------------------------------------------------------
2020-07-14 10:37:27,466:INFO:------------------------------------------------------------------------------------------------
2020-07-14 10:43:25,981:INFO:------------------------------------------------------------------------------------------------
2020-07-14 10:47:23,737:INFO:------------------------------------------------------------------------------------------------
2020-07-14 10:47:23,751:INFO:------------------------------------------------------------------------------------------------
2020-07-14 10:47:23,844:INFO:------------------------------------------------------------------------------------------------
2020-07-14 10:47:24,375:INFO:------------------------------------------------------------------------------------------------
2020-07-14 10:47:24,383:INFO:ДУГААРАА СОНГОЖ БУЙ ХЭСЭГ
2020-07-14 10:47:24,383:INFO:2
2020-07-14 10:47:24,456:INFO:------------------------------------------------------------------------------------------------
2020-07-14 10:47:24,913:INFO:ДУГААРАА СОНГОЖ БУЙ ХЭСЭГ
2020-07-14 10:47:24,913:INFO:2
2020-07-14 10:47:24,942:INFO:------------------------------------------------------------------------------------------------
2020-07-14 10:47:24,961:INFO:------------------------------------------------------------------------------------------------
2020-07-14 10:47:25,080:INFO:------------------------------------------------------------------------------------------------
2020-07-14 10:47:35,679:INFO:------------------------------------------------------------------------------------------------
2020-07-14 10:47:51,714:INFO:ДУГААРАА СОНГОЖ БУЙ ХЭСЭГ
2020-07-14 10:47:51,714:INFO:2
2020-07-14 10:48:05,556:INFO:ДУГААРАА СОНГОЖ БУЙ ХЭСЭГ
2020-07-14 10:48:05,556:INFO:3
2020-07-14 11:00:36,218:INFO:------------------------------------------------------------------------------------------------
2020-07-14 11:07:47,621:INFO:ДУГААРАА СОНГОЖ БУЙ ХЭСЭГ
2020-07-14 11:07:47,622:INFO:2
2020-07-14 11:08:03,681:INFO:ДУГААРАА СОНГОЖ БУЙ ХЭСЭГ
2020-07-14 11:08:03,681:INFO:2
2020-07-14 11:08:51,903:INFO:ДУГААРАА СОНГОЖ БУЙ ХЭСЭГ
2020-07-14 11:08:51,903:INFO:7
2020-07-14 11:08:52,485:WARNING:Not Found: /favicon.ico
2020-07-14 11:10:46,020:INFO:------------------------------------------------------------------------------------------------
2020-07-14 11:10:46,692:INFO:ДУГААРАА СОНГОЖ БУЙ ХЭСЭГ
2020-07-14 11:10:46,692:INFO:2
2020-07-14 11:12:38,350:INFO:ДУГААРЫН ҮНЭ
2020-07-14 11:12:38,353:INFO:5000
2020-07-14 11:15:59,420:INFO:------------------------------------------------------------------------------------------------
2020-07-14 11:16:00,220:INFO:ДУГААРАА СОНГОЖ БУЙ ХЭСЭГ
2020-07-14 11:16:00,220:INFO:2
2020-07-14 11:19:30,004:INFO:ДУГААРЫН ҮНЭ
2020-07-14 11:19:30,007:INFO:5000
2020-07-14 11:25:23,981:INFO:------------------------------------------------------------------------------------------------
2020-07-14 11:30:38,991:INFO:ДУГААРАА СОНГОЖ БУЙ ХЭСЭГ
2020-07-14 11:30:38,991:INFO:2
2020-07-14 11:30:39,601:WARNING:Not Found: /favicon.ico
2020-07-14 11:37:06,435:INFO:------------------------------------------------------------------------------------------------
2020-07-14 11:37:09,855:INFO:------------------------------------------------------------------------------------------------
2020-07-14 11:37:09,996:INFO:ДУГААРАА СОНГОЖ БУЙ ХЭСЭГ
2020-07-14 11:37:09,997:INFO:2
2020-07-14 11:37:27,578:INFO:------------------------------------------------------------------------------------------------
2020-07-14 11:39:43,004:WARNING:Not Found: /favicon.ico
2020-07-14 11:43:26,868:INFO:------------------------------------------------------------------------------------------------
2020-07-14 11:43:34,867:INFO:------------------------------------------------------------------------------------------------
2020-07-14 11:43:41,082:INFO:ДУГААРАА СОНГОЖ БУЙ ХЭСЭГ
2020-07-14 11:43:41,082:INFO:7
2020-07-14 11:43:41,362:WARNING:Not Found: /favicon.ico
2020-07-14 11:45:29,223:INFO:ДУГААРАА СОНГОЖ БУЙ ХЭСЭГ
2020-07-14 11:45:29,224:INFO:2
2020-07-14 11:45:31,404:INFO:ДУГААРАА СОНГОЖ БУЙ ХЭСЭГ
2020-07-14 11:45:31,405:INFO:2
2020-07-14 11:47:24,929:INFO:------------------------------------------------------------------------------------------------
2020-07-14 11:47:25,249:INFO:------------------------------------------------------------------------------------------------
2020-07-14 11:47:25,325:INFO:------------------------------------------------------------------------------------------------
2020-07-14 11:47:25,803:INFO:------------------------------------------------------------------------------------------------
2020-07-14 11:47:25,939:INFO:------------------------------------------------------------------------------------------------
2020-07-14 11:47:26,319:INFO:------------------------------------------------------------------------------------------------
2020-07-14 11:47:26,474:INFO:------------------------------------------------------------------------------------------------
2020-07-14 11:47:37,449:INFO:------------------------------------------------------------------------------------------------
2020-07-14 11:47:38,363:INFO:ДУГААРАА СОНГОЖ БУЙ ХЭСЭГ
2020-07-14 11:47:38,363:INFO:7
2020-07-14 11:47:40,780:INFO:ДУГААРАА СОНГОЖ БУЙ ХЭСЭГ
2020-07-14 11:47:40,781:INFO:7
2020-07-14 11:50:45,069:WARNING:Not Found: /
2020-07-14 11:52:37,658:INFO:ДУГААРЫН ҮНЭ
2020-07-14 11:52:37,661:INFO:10000
2020-07-14 11:52:44,148:INFO:ДУГААРЫН ZAHIALGA
2020-07-14 11:52:46,057:INFO:------------------------------------------------------------------------------------------------
2020-07-14 12:11:56,630:INFO:ДУГААРАА СОНГОЖ БУЙ ХЭСЭГ
2020-07-14 12:11:56,630:INFO:2
2020-07-14 12:11:58,618:WARNING:Not Found: /favicon.ico
2020-07-14 12:25:24,049:INFO:------------------------------------------------------------------------------------------------
2020-07-14 12:27:37,027:INFO:ДУГААРАА СОНГОЖ БУЙ ХЭСЭГ
2020-07-14 12:27:37,027:INFO:2
2020-07-14 12:28:18,420:INFO:------------------------------------------------------------------------------------------------
2020-07-14 12:28:19,723:INFO:ДУГААРАА СОНГОЖ БУЙ ХЭСЭГ
2020-07-14 12:28:19,723:INFO:7
2020-07-14 12:31:47,604:INFO:------------------------------------------------------------------------------------------------
2020-07-14 12:31:48,322:INFO:ДУГААРАА СОНГОЖ БУЙ ХЭСЭГ
2020-07-14 12:31:48,323:INFO:7
2020-07-14 12:32:09,266:INFO:ДУГААРАА СОНГОЖ БУЙ ХЭСЭГ
2020-07-14 12:32:09,266:INFO:7
2020-07-14 12:32:46,418:INFO:ДУГААРАА СОНГОЖ БУЙ ХЭСЭГ
2020-07-14 12:32:46,418:INFO:7
2020-07-14 12:33:20,130:INFO:ДУГААРЫН ҮНЭ
2020-07-14 12:33:20,133:INFO:10000
2020-07-14 12:34:00,947:INFO:------------------------------------------------------------------------------------------------
2020-07-14 12:34:03,118:INFO:ДУГААРАА СОНГОЖ БУЙ ХЭСЭГ
2020-07-14 12:34:03,118:INFO:2
2020-07-14 12:34:17,862:INFO:ДУГААРАА СОНГОЖ БУЙ ХЭСЭГ
2020-07-14 12:34:17,863:INFO:2
2020-07-14 12:34:20,867:INFO:ДУГААРАА СОНГОЖ БУЙ ХЭСЭГ
2020-07-14 12:34:20,868:INFO:2
2020-07-14 12:34:23,620:INFO:ДУГААРАА СОНГОЖ БУЙ ХЭСЭГ
2020-07-14 12:34:23,621:INFO:2
2020-07-14 12:35:36,739:INFO:------------------------------------------------------------------------------------------------
2020-07-14 12:35:37,787:INFO:ДУГААРАА СОНГОЖ БУЙ ХЭСЭГ
2020-07-14 12:35:37,788:INFO:2
2020-07-14 12:35:50,041:INFO:ДУГААРЫН ҮНЭ
2020-07-14 12:35:50,043:INFO:5000
2020-07-14 12:36:20,316:INFO:ДУГААРЫН ZAHIALGA
2020-07-14 12:37:10,052:INFO:------------------------------------------------------------------------------------------------
2020-07-14 12:38:20,447:INFO:------------------------------------------------------------------------------------------------
2020-07-14 12:47:25,015:INFO:------------------------------------------------------------------------------------------------
2020-07-14 12:47:25,338:INFO:------------------------------------------------------------------------------------------------
2020-07-14 12:47:25,475:INFO:------------------------------------------------------------------------------------------------
2020-07-14 12:47:25,947:INFO:------------------------------------------------------------------------------------------------
2020-07-14 12:47:26,094:INFO:------------------------------------------------------------------------------------------------
2020-07-14 12:47:26,430:INFO:------------------------------------------------------------------------------------------------
2020-07-14 12:47:26,555:INFO:------------------------------------------------------------------------------------------------
2020-07-14 13:00:26,184:INFO:------------------------------------------------------------------------------------------------
2020-07-14 13:00:34,414:INFO:ДУГААРАА СОНГОЖ БУЙ ХЭСЭГ
2020-07-14 13:00:34,414:INFO:2
2020-07-14 13:03:00,144:INFO:ДУГААРЫН ҮНЭ
2020-07-14 13:03:00,146:INFO:5000
2020-07-14 13:03:27,375:INFO:ДУГААРЫН ZAHIALGA
2020-07-14 13:05:27,500:INFO:------------------------------------------------------------------------------------------------
2020-07-14 13:09:30,664:INFO:ДУГААРЫН ҮНЭ
2020-07-14 13:09:30,668:INFO:5000
2020-07-14 13:10:06,493:INFO:ДУГААРЫН ҮНЭ
2020-07-14 13:10:06,495:INFO:5000
2020-07-14 13:10:31,588:INFO:------------------------------------------------------------------------------------------------
2020-07-14 13:10:32,706:INFO:ДУГААРАА СОНГОЖ БУЙ ХЭСЭГ
2020-07-14 13:10:32,707:INFO:7
2020-07-14 13:25:24,109:INFO:------------------------------------------------------------------------------------------------
2020-07-14 13:37:10,203:INFO:------------------------------------------------------------------------------------------------
2020-07-14 13:38:20,563:INFO:------------------------------------------------------------------------------------------------
2020-07-14 13:45:40,032:INFO:------------------------------------------------------------------------------------------------
2020-07-14 13:45:41,039:INFO:ДУГААРАА СОНГОЖ БУЙ ХЭСЭГ
2020-07-14 13:45:41,039:INFO:2
2020-07-14 13:45:42,577:INFO:ДУГААРАА СОНГОЖ БУЙ ХЭСЭГ
2020-07-14 13:45:42,577:INFO:2
2020-07-14 13:47:25,372:INFO:------------------------------------------------------------------------------------------------
2020-07-14 13:47:25,475:INFO:------------------------------------------------------------------------------------------------
2020-07-14 13:47:25,593:INFO:------------------------------------------------------------------------------------------------
2020-07-14 13:47:26,044:INFO:------------------------------------------------------------------------------------------------
2020-07-14 13:47:26,179:INFO:------------------------------------------------------------------------------------------------
2020-07-14 13:47:26,550:INFO:------------------------------------------------------------------------------------------------
2020-07-14 13:47:26,749:INFO:------------------------------------------------------------------------------------------------
2020-07-14 14:02:16,716:INFO:ДУГААРЫН ҮНЭ
2020-07-14 14:02:16,718:INFO:10000
2020-07-14 14:02:27,005:INFO:ДУГААРАА СОНГОЖ БУЙ ХЭСЭГ
2020-07-14 14:02:27,005:INFO:7
2020-07-14 14:02:35,532:INFO:ДУГААРАА СОНГОЖ БУЙ ХЭСЭГ
2020-07-14 14:02:35,533:INFO:7
2020-07-14 14:05:27,612:INFO:------------------------------------------------------------------------------------------------
2020-07-14 14:15:45,512:INFO:ДУГААРАА СОНГОЖ БУЙ ХЭСЭГ
2020-07-14 14:15:45,512:INFO:2
2020-07-14 14:21:09,335:INFO:ДУГААРАА СОНГОЖ БУЙ ХЭСЭГ
2020-07-14 14:21:09,335:INFO:7
2020-07-14 14:21:12,927:INFO:ДУГААРАА СОНГОЖ БУЙ ХЭСЭГ
2020-07-14 14:21:12,927:INFO:7
2020-07-14 14:21:23,660:INFO:ДУГААРАА СОНГОЖ БУЙ ХЭСЭГ
2020-07-14 14:21:23,660:INFO:7
2020-07-14 14:21:51,400:INFO:ДУГААРАА СОНГОЖ БУЙ ХЭСЭГ
2020-07-14 14:21:51,401:INFO:7
2020-07-14 14:22:09,602:INFO:ДУГААРЫН ҮНЭ
2020-07-14 14:22:09,605:INFO:10000
2020-07-14 14:22:55,982:INFO:------------------------------------------------------------------------------------------------
2020-07-14 14:23:00,828:INFO:ДУГААРАА СОНГОЖ БУЙ ХЭСЭГ
2020-07-14 14:23:00,828:INFO:7
2020-07-14 14:23:04,707:INFO:ДУГААРЫН ҮНЭ
2020-07-14 14:23:04,710:INFO:10000
2020-07-14 14:25:24,168:INFO:------------------------------------------------------------------------------------------------
2020-07-14 14:30:07,505:INFO:ДУГААРАА СОНГОЖ БУЙ ХЭСЭГ
2020-07-14 14:30:07,505:INFO:7
2020-07-14 14:30:10,203:INFO:ДУГААРАА СОНГОЖ БУЙ ХЭСЭГ
2020-07-14 14:30:10,204:INFO:7
2020-07-14 14:30:11,693:INFO:ДУГААРАА СОНГОЖ БУЙ ХЭСЭГ
2020-07-14 14:30:11,693:INFO:7
2020-07-14 14:30:13,598:INFO:ДУГААРАА СОНГОЖ БУЙ ХЭСЭГ
2020-07-14 14:30:13,599:INFO:7
2020-07-14 14:30:20,082:INFO:------------------------------------------------------------------------------------------------
2020-07-14 14:30:22,072:INFO:ДУГААРАА СОНГОЖ БУЙ ХЭСЭГ
2020-07-14 14:30:22,072:INFO:2
2020-07-14 14:30:33,117:INFO:------------------------------------------------------------------------------------------------
2020-07-14 14:30:34,640:INFO:ДУГААРАА СОНГОЖ БУЙ ХЭСЭГ
2020-07-14 14:30:34,640:INFO:2
2020-07-14 14:31:37,535:INFO:ДУГААРЫН ҮНЭ
2020-07-14 14:31:37,539:INFO:10000
2020-07-14 14:33:59,220:INFO:ДУГААРАА СОНГОЖ БУЙ ХЭСЭГ
2020-07-14 14:33:59,220:INFO:7
2020-07-14 14:34:03,341:INFO:ДУГААРАА СОНГОЖ БУЙ ХЭСЭГ
2020-07-14 14:34:03,343:INFO:7
2020-07-14 14:34:06,450:INFO:ДУГААРАА СОНГОЖ БУЙ ХЭСЭГ
2020-07-14 14:34:06,450:INFO:7
2020-07-14 14:34:07,261:INFO:ДУГААРАА СОНГОЖ БУЙ ХЭСЭГ
2020-07-14 14:34:07,261:INFO:7
2020-07-14 14:34:08,747:INFO:ДУГААРАА СОНГОЖ БУЙ ХЭСЭГ
2020-07-14 14:34:08,747:INFO:7
2020-07-14 14:34:09,500:INFO:ДУГААРАА СОНГОЖ БУЙ ХЭСЭГ
2020-07-14 14:34:09,502:INFO:7
2020-07-14 14:34:10,869:INFO:------------------------------------------------------------------------------------------------
2020-07-14 14:34:15,012:INFO:ДУГААРАА СОНГОЖ БУЙ ХЭСЭГ
2020-07-14 14:34:15,012:INFO:2
2020-07-14 14:37:11,600:INFO:------------------------------------------------------------------------------------------------
2020-07-14 14:37:51,494:ERROR:Internal Server Error: /getnumber
Traceback (most recent call last):
  File "/usr/local/lib/python2.7/dist-packages/django/core/handlers/exception.py", line 41, in inner
    response = get_response(request)
  File "/usr/local/lib/python2.7/dist-packages/django/core/handlers/base.py", line 187, in _get_response
    response = self.process_exception_by_middleware(e, request)
  File "/usr/local/lib/python2.7/dist-packages/django/core/handlers/base.py", line 185, in _get_response
    response = wrapped_callback(request, *callback_args, **callback_kwargs)
  File "/usr/local/lib/python2.7/dist-packages/django/views/decorators/csrf.py", line 58, in wrapped_view
    return view_func(*args, **kwargs)
  File "/usr/local/lib/python2.7/dist-packages/django/views/generic/base.py", line 68, in view
    return self.dispatch(request, *args, **kwargs)
  File "/usr/local/lib/python2.7/dist-packages/rest_framework/views.py", line 495, in dispatch
    response = self.handle_exception(exc)
  File "/usr/local/lib/python2.7/dist-packages/rest_framework/views.py", line 455, in handle_exception
    self.raise_uncaught_exception(exc)
  File "/usr/local/lib/python2.7/dist-packages/rest_framework/views.py", line 492, in dispatch
    response = handler(request, *args, **kwargs)
  File "/usr/local/lib/python2.7/dist-packages/rest_framework/decorators.py", line 55, in handler
    return func(*args, **kwargs)
  File "/home/user/nFilterNew/controller/views.py", line 206, in getNumber
    if data[1] == az:
IndexError: list index out of range
2020-07-14 14:38:41,566:INFO:------------------------------------------------------------------------------------------------
2020-07-14 14:38:43,332:INFO:ДУГААРАА СОНГОЖ БУЙ ХЭСЭГ
2020-07-14 14:38:43,332:INFO:7
2020-07-14 14:38:48,941:INFO:------------------------------------------------------------------------------------------------
2020-07-14 14:38:49,744:INFO:ДУГААРАА СОНГОЖ БУЙ ХЭСЭГ
2020-07-14 14:38:49,744:INFO:2
2020-07-14 14:39:03,205:INFO:ДУГААРЫН ҮНЭ
2020-07-14 14:39:03,207:INFO:5000
2020-07-14 14:39:07,490:ERROR:Internal Server Error: /getnumber
Traceback (most recent call last):
  File "/usr/local/lib/python2.7/dist-packages/django/core/handlers/exception.py", line 41, in inner
    response = get_response(request)
  File "/usr/local/lib/python2.7/dist-packages/django/core/handlers/base.py", line 187, in _get_response
    response = self.process_exception_by_middleware(e, request)
  File "/usr/local/lib/python2.7/dist-packages/django/core/handlers/base.py", line 185, in _get_response
    response = wrapped_callback(request, *callback_args, **callback_kwargs)
  File "/usr/local/lib/python2.7/dist-packages/django/views/decorators/csrf.py", line 58, in wrapped_view
    return view_func(*args, **kwargs)
  File "/usr/local/lib/python2.7/dist-packages/django/views/generic/base.py", line 68, in view
    return self.dispatch(request, *args, **kwargs)
  File "/usr/local/lib/python2.7/dist-packages/rest_framework/views.py", line 495, in dispatch
    response = self.handle_exception(exc)
  File "/usr/local/lib/python2.7/dist-packages/rest_framework/views.py", line 455, in handle_exception
    self.raise_uncaught_exception(exc)
  File "/usr/local/lib/python2.7/dist-packages/rest_framework/views.py", line 492, in dispatch
    response = handler(request, *args, **kwargs)
  File "/usr/local/lib/python2.7/dist-packages/rest_framework/decorators.py", line 55, in handler
    return func(*args, **kwargs)
  File "/home/user/nFilterNew/controller/views.py", line 190, in getNumber
    first4 = str(digit4[i])
IndexError: list index out of range
2020-07-14 14:39:26,605:INFO:ДУГААРЫН ҮНЭ
2020-07-14 14:39:26,607:INFO:5000
2020-07-14 14:39:29,812:INFO:ДУГААРЫН ҮНЭ
2020-07-14 14:39:29,815:INFO:5000
2020-07-14 14:47:25,504:INFO:------------------------------------------------------------------------------------------------
2020-07-14 14:47:25,632:INFO:------------------------------------------------------------------------------------------------
2020-07-14 14:47:25,743:INFO:------------------------------------------------------------------------------------------------
2020-07-14 14:47:26,179:INFO:------------------------------------------------------------------------------------------------
2020-07-14 14:47:26,313:INFO:------------------------------------------------------------------------------------------------
2020-07-14 14:47:26,737:INFO:------------------------------------------------------------------------------------------------
2020-07-14 14:47:26,941:INFO:------------------------------------------------------------------------------------------------
2020-07-14 15:00:23,683:INFO:------------------------------------------------------------------------------------------------
2020-07-14 15:00:25,104:INFO:ДУГААРАА СОНГОЖ БУЙ ХЭСЭГ
2020-07-14 15:00:25,104:INFO:2
2020-07-14 15:00:51,911:INFO:ДУГААРЫН ҮНЭ
2020-07-14 15:00:51,914:INFO:5000
2020-07-14 15:04:04,468:INFO:ДУГААРАА СОНГОЖ БУЙ ХЭСЭГ
2020-07-14 15:04:04,468:INFO:7
2020-07-14 15:04:20,422:INFO:ДУГААРАА СОНГОЖ БУЙ ХЭСЭГ
2020-07-14 15:04:20,422:INFO:7
2020-07-14 15:04:22,174:INFO:------------------------------------------------------------------------------------------------
2020-07-14 15:04:23,860:INFO:ДУГААРАА СОНГОЖ БУЙ ХЭСЭГ
2020-07-14 15:04:23,860:INFO:2
2020-07-14 15:04:25,112:INFO:ДУГААРАА СОНГОЖ БУЙ ХЭСЭГ
2020-07-14 15:04:25,112:INFO:2
2020-07-14 15:05:27,711:INFO:------------------------------------------------------------------------------------------------
2020-07-14 15:09:23,575:INFO:ДУГААРЫН ҮНЭ
2020-07-14 15:09:23,578:INFO:5000
2020-07-14 15:09:34,282:INFO:ДУГААРЫН ҮНЭ
2020-07-14 15:09:34,285:INFO:5000
2020-07-14 15:09:37,555:INFO:ДУГААРЫН ҮНЭ
2020-07-14 15:09:37,557:INFO:5000
2020-07-14 15:10:29,670:INFO:------------------------------------------------------------------------------------------------
2020-07-14 15:10:30,789:INFO:ДУГААРАА СОНГОЖ БУЙ ХЭСЭГ
2020-07-14 15:10:30,789:INFO:7
2020-07-14 15:11:03,338:INFO:ДУГААРЫН ҮНЭ
2020-07-14 15:11:03,340:INFO:5000
2020-07-14 15:11:21,733:INFO:ДУГААРЫН ZAHIALGA
2020-07-14 15:11:25,757:INFO:------------------------------------------------------------------------------------------------
2020-07-14 15:11:28,050:INFO:ДУГААРАА СОНГОЖ БУЙ ХЭСЭГ
2020-07-14 15:11:28,050:INFO:2
2020-07-14 15:11:30,184:INFO:ДУГААРАА СОНГОЖ БУЙ ХЭСЭГ
2020-07-14 15:11:30,184:INFO:2
2020-07-14 15:13:25,019:INFO:ДУГААРЫН ҮНЭ
2020-07-14 15:13:25,022:INFO:5000
2020-07-14 15:15:08,372:INFO:ДУГААРЫН ҮНЭ
2020-07-14 15:15:08,375:INFO:5000
2020-07-14 15:15:18,071:INFO:ДУГААРЫН ZAHIALGA
2020-07-14 15:15:20,724:INFO:------------------------------------------------------------------------------------------------
2020-07-14 15:15:24,762:INFO:------------------------------------------------------------------------------------------------
2020-07-14 15:16:24,456:INFO:ДУГААРАА СОНГОЖ БУЙ ХЭСЭГ
2020-07-14 15:16:24,456:INFO:7
2020-07-14 15:16:55,847:INFO:ДУГААРАА СОНГОЖ БУЙ ХЭСЭГ
2020-07-14 15:16:55,847:INFO:7
2020-07-14 15:22:16,137:INFO:------------------------------------------------------------------------------------------------
2020-07-14 15:22:16,979:INFO:ДУГААРАА СОНГОЖ БУЙ ХЭСЭГ
2020-07-14 15:22:16,979:INFO:7
2020-07-14 15:25:24,215:INFO:------------------------------------------------------------------------------------------------
2020-07-14 15:26:19,270:INFO:ДУГААРЫН ҮНЭ
2020-07-14 15:26:19,273:INFO:10000
2020-07-14 15:26:42,740:INFO:ДУГААРЫН ZAHIALGA
2020-07-14 15:28:42,866:INFO:------------------------------------------------------------------------------------------------
2020-07-14 15:29:51,303:INFO:------------------------------------------------------------------------------------------------
2020-07-14 15:29:55,489:INFO:ДУГААРАА СОНГОЖ БУЙ ХЭСЭГ
2020-07-14 15:29:55,489:INFO:7
2020-07-14 15:31:20,460:INFO:ДУГААРАА СОНГОЖ БУЙ ХЭСЭГ
2020-07-14 15:31:20,460:INFO:7
2020-07-14 15:37:11,746:INFO:------------------------------------------------------------------------------------------------
2020-07-14 15:38:08,411:INFO:ДУГААРАА СОНГОЖ БУЙ ХЭСЭГ
2020-07-14 15:38:08,411:INFO:7
2020-07-14 15:38:46,073:INFO:ДУГААРАА СОНГОЖ БУЙ ХЭСЭГ
2020-07-14 15:38:46,073:INFO:7
2020-07-14 15:38:46,826:INFO:ДУГААРАА СОНГОЖ БУЙ ХЭСЭГ
2020-07-14 15:38:46,826:INFO:7
2020-07-14 15:39:33,083:INFO:ДУГААРАА СОНГОЖ БУЙ ХЭСЭГ
2020-07-14 15:39:33,083:INFO:2
2020-07-14 15:40:12,097:INFO:------------------------------------------------------------------------------------------------
2020-07-14 15:40:12,902:INFO:ДУГААРАА СОНГОЖ БУЙ ХЭСЭГ
2020-07-14 15:40:12,903:INFO:7
2020-07-14 15:40:52,502:INFO:------------------------------------------------------------------------------------------------
2020-07-14 15:40:53,726:INFO:ДУГААРАА СОНГОЖ БУЙ ХЭСЭГ
2020-07-14 15:40:53,727:INFO:7
2020-07-14 15:41:09,179:INFO:------------------------------------------------------------------------------------------------
2020-07-14 15:41:10,277:INFO:ДУГААРАА СОНГОЖ БУЙ ХЭСЭГ
2020-07-14 15:41:10,278:INFO:2
2020-07-14 15:41:39,411:INFO:ДУГААРЫН ҮНЭ
2020-07-14 15:41:39,413:INFO:5000
2020-07-14 15:42:55,997:INFO:------------------------------------------------------------------------------------------------
2020-07-14 15:42:56,691:INFO:ДУГААРАА СОНГОЖ БУЙ ХЭСЭГ
2020-07-14 15:42:56,691:INFO:7
2020-07-14 15:43:10,776:INFO:ДУГААРЫН ҮНЭ
2020-07-14 15:43:10,780:INFO:10000
2020-07-14 15:43:46,690:INFO:ДУГААРЫН ZAHIALGA
2020-07-14 15:45:46,812:INFO:------------------------------------------------------------------------------------------------
2020-07-14 15:47:25,612:INFO:------------------------------------------------------------------------------------------------
2020-07-14 15:47:25,798:INFO:------------------------------------------------------------------------------------------------
2020-07-14 15:47:25,911:INFO:------------------------------------------------------------------------------------------------
2020-07-14 15:47:26,314:INFO:------------------------------------------------------------------------------------------------
2020-07-14 15:47:26,458:INFO:------------------------------------------------------------------------------------------------
2020-07-14 15:47:26,928:INFO:------------------------------------------------------------------------------------------------
2020-07-14 15:47:27,117:INFO:------------------------------------------------------------------------------------------------
2020-07-14 15:50:54,466:INFO:------------------------------------------------------------------------------------------------
2020-07-14 16:15:52,513:INFO:ДУГААРАА СОНГОЖ БУЙ ХЭСЭГ
2020-07-14 16:15:52,513:INFO:7
2020-07-14 16:18:49,759:INFO:ДУГААРЫН ҮНЭ
2020-07-14 16:18:49,762:INFO:10000
2020-07-14 16:23:28,244:INFO:ДУГААРЫН ҮНЭ
2020-07-14 16:23:28,246:INFO:10000
2020-07-14 16:24:04,223:INFO:ДУГААРЫН ҮНЭ
2020-07-14 16:24:04,225:INFO:10000
2020-07-14 16:24:50,730:INFO:ДУГААРЫН ZAHIALGA
2020-07-14 16:24:53,901:INFO:------------------------------------------------------------------------------------------------
2020-07-14 16:25:24,272:INFO:------------------------------------------------------------------------------------------------
2020-07-14 16:40:54,190:INFO:------------------------------------------------------------------------------------------------
2020-07-14 16:42:07,364:INFO:ДУГААРАА СОНГОЖ БУЙ ХЭСЭГ
2020-07-14 16:42:07,364:INFO:2
2020-07-14 16:42:07,795:WARNING:Not Found: /favicon.ico
2020-07-14 16:43:10,328:INFO:ДУГААРЫН ҮНЭ
2020-07-14 16:43:10,330:INFO:5000
2020-07-14 16:50:18,044:INFO:ДУГААРАА СОНГОЖ БУЙ ХЭСЭГ
2020-07-14 16:50:18,044:INFO:2
2020-07-14 16:50:18,554:WARNING:Not Found: /favicon.ico
2020-07-14 17:01:13,449:INFO:------------------------------------------------------------------------------------------------
2020-07-14 17:01:14,450:INFO:ДУГААРАА СОНГОЖ БУЙ ХЭСЭГ
2020-07-14 17:01:14,451:INFO:7
2020-07-14 17:22:55,366:INFO:------------------------------------------------------------------------------------------------
2020-07-14 17:22:56,961:INFO:ДУГААРАА СОНГОЖ БУЙ ХЭСЭГ
2020-07-14 17:22:56,961:INFO:7
2020-07-14 17:23:15,843:INFO:------------------------------------------------------------------------------------------------
2020-07-14 17:23:16,606:INFO:ДУГААРАА СОНГОЖ БУЙ ХЭСЭГ
2020-07-14 17:23:16,606:INFO:7
2020-07-14 17:24:54,091:INFO:------------------------------------------------------------------------------------------------
2020-07-14 17:25:24,352:INFO:------------------------------------------------------------------------------------------------
2020-07-14 17:29:28,838:INFO:------------------------------------------------------------------------------------------------
2020-07-14 17:29:29,752:INFO:ДУГААРАА СОНГОЖ БУЙ ХЭСЭГ
2020-07-14 17:29:29,752:INFO:7
2020-07-14 17:29:31,675:INFO:------------------------------------------------------------------------------------------------
2020-07-14 17:29:32,488:INFO:ДУГААРАА СОНГОЖ БУЙ ХЭСЭГ
2020-07-14 17:29:32,488:INFO:2
2020-07-14 17:29:35,322:INFO:------------------------------------------------------------------------------------------------
2020-07-14 17:29:36,255:INFO:ДУГААРАА СОНГОЖ БУЙ ХЭСЭГ
2020-07-14 17:29:36,255:INFO:7
2020-07-14 17:37:52,783:INFO:------------------------------------------------------------------------------------------------
2020-07-14 17:37:54,478:INFO:ДУГААРАА СОНГОЖ БУЙ ХЭСЭГ
2020-07-14 17:37:54,478:INFO:2
2020-07-14 17:37:56,095:INFO:ДУГААРАА СОНГОЖ БУЙ ХЭСЭГ
2020-07-14 17:37:56,095:INFO:2
2020-07-14 17:38:04,767:INFO:ДУГААРАА СОНГОЖ БУЙ ХЭСЭГ
2020-07-14 17:38:04,767:INFO:2
2020-07-14 17:38:17,035:INFO:------------------------------------------------------------------------------------------------
2020-07-14 17:38:20,854:INFO:ДУГААРАА СОНГОЖ БУЙ ХЭСЭГ
2020-07-14 17:38:20,854:INFO:2
2020-07-14 17:38:22,500:INFO:ДУГААРАА СОНГОЖ БУЙ ХЭСЭГ
2020-07-14 17:38:22,500:INFO:2
2020-07-14 17:38:40,205:INFO:------------------------------------------------------------------------------------------------
2020-07-14 17:38:40,955:INFO:ДУГААРАА СОНГОЖ БУЙ ХЭСЭГ
2020-07-14 17:38:40,955:INFO:7
2020-07-14 17:38:43,283:INFO:ДУГААРАА СОНГОЖ БУЙ ХЭСЭГ
2020-07-14 17:38:43,283:INFO:7
2020-07-14 17:38:56,244:INFO:ДУГААРЫН ҮНЭ
2020-07-14 17:38:56,246:INFO:10000
2020-07-14 17:41:56,692:INFO:ДУГААРАА СОНГОЖ БУЙ ХЭСЭГ
2020-07-14 17:41:56,692:INFO:7
2020-07-14 17:42:01,240:INFO:ДУГААРАА СОНГОЖ БУЙ ХЭСЭГ
2020-07-14 17:42:01,240:INFO:7
2020-07-14 17:42:21,252:INFO:ДУГААРАА СОНГОЖ БУЙ ХЭСЭГ
2020-07-14 17:42:21,253:INFO:7
2020-07-14 17:42:27,147:INFO:------------------------------------------------------------------------------------------------
2020-07-14 17:42:27,973:INFO:ДУГААРАА СОНГОЖ БУЙ ХЭСЭГ
2020-07-14 17:42:27,973:INFO:7
2020-07-14 17:42:42,244:INFO:ДУГААРАА СОНГОЖ БУЙ ХЭСЭГ
2020-07-14 17:42:42,245:INFO:7
2020-07-14 17:42:53,494:INFO:ДУГААРАА СОНГОЖ БУЙ ХЭСЭГ
2020-07-14 17:42:53,495:INFO:7
2020-07-14 17:43:02,077:INFO:ДУГААРАА СОНГОЖ БУЙ ХЭСЭГ
2020-07-14 17:43:02,077:INFO:7
2020-07-14 17:43:50,025:INFO:ДУГААРАА СОНГОЖ БУЙ ХЭСЭГ
2020-07-14 17:43:50,025:INFO:7
2020-07-14 17:44:23,192:INFO:ДУГААРАА СОНГОЖ БУЙ ХЭСЭГ
2020-07-14 17:44:23,192:INFO:7
2020-07-14 17:45:16,825:INFO:ДУГААРАА СОНГОЖ БУЙ ХЭСЭГ
2020-07-14 17:45:16,826:INFO:7
2020-07-14 17:45:59,828:INFO:ДУГААРАА СОНГОЖ БУЙ ХЭСЭГ
2020-07-14 17:45:59,828:INFO:7
2020-07-14 17:46:13,752:INFO:ДУГААРАА СОНГОЖ БУЙ ХЭСЭГ
2020-07-14 17:46:13,752:INFO:7
2020-07-14 17:46:22,566:INFO:ДУГААРАА СОНГОЖ БУЙ ХЭСЭГ
2020-07-14 17:46:22,566:INFO:7
2020-07-14 17:46:35,719:INFO:ДУГААРАА СОНГОЖ БУЙ ХЭСЭГ
2020-07-14 17:46:35,719:INFO:7
2020-07-14 17:46:43,104:INFO:ДУГААРАА СОНГОЖ БУЙ ХЭСЭГ
2020-07-14 17:46:43,104:INFO:7
2020-07-14 17:46:57,677:INFO:ДУГААРАА СОНГОЖ БУЙ ХЭСЭГ
2020-07-14 17:46:57,677:INFO:7
2020-07-14 17:47:08,531:INFO:ДУГААРАА СОНГОЖ БУЙ ХЭСЭГ
2020-07-14 17:47:08,531:INFO:7
2020-07-14 17:47:33,461:INFO:ДУГААРЫН ҮНЭ
2020-07-14 17:47:33,464:INFO:10000
2020-07-14 17:47:56,797:INFO:ДУГААРАА СОНГОЖ БУЙ ХЭСЭГ
2020-07-14 17:47:56,797:INFO:7
2020-07-14 17:48:19,392:INFO:ДУГААРАА СОНГОЖ БУЙ ХЭСЭГ
2020-07-14 17:48:19,392:INFO:7
2020-07-14 17:58:49,380:INFO:ДУГААРАА СОНГОЖ БУЙ ХЭСЭГ
2020-07-14 17:58:49,381:INFO:2
2020-07-14 17:58:49,853:WARNING:Not Found: /favicon.ico
2020-07-14 17:58:57,455:INFO:------------------------------------------------------------------------------------------------
2020-07-14 17:58:58,579:INFO:ДУГААРАА СОНГОЖ БУЙ ХЭСЭГ
2020-07-14 17:58:58,580:INFO:2
2020-07-14 18:00:20,431:INFO:ДУГААРЫН ҮНЭ
2020-07-14 18:00:20,433:INFO:5000
2020-07-14 18:07:18,251:INFO:------------------------------------------------------------------------------------------------
2020-07-14 18:07:19,225:INFO:ДУГААРАА СОНГОЖ БУЙ ХЭСЭГ
2020-07-14 18:07:19,225:INFO:2
2020-07-14 18:07:49,878:INFO:------------------------------------------------------------------------------------------------
2020-07-14 18:07:50,784:INFO:ДУГААРАА СОНГОЖ БУЙ ХЭСЭГ
2020-07-14 18:07:50,785:INFO:7
2020-07-14 18:09:44,580:INFO:ДУГААРАА СОНГОЖ БУЙ ХЭСЭГ
2020-07-14 18:09:44,580:INFO:7
2020-07-14 18:10:18,639:INFO:------------------------------------------------------------------------------------------------
2020-07-14 18:10:19,815:INFO:ДУГААРАА СОНГОЖ БУЙ ХЭСЭГ
2020-07-14 18:10:19,816:INFO:2
2020-07-14 18:10:22,792:INFO:ДУГААРАА СОНГОЖ БУЙ ХЭСЭГ
2020-07-14 18:10:22,792:INFO:2
2020-07-14 18:11:08,016:INFO:ДУГААРАА СОНГОЖ БУЙ ХЭСЭГ
2020-07-14 18:11:08,016:INFO:2
2020-07-14 18:12:43,174:INFO:------------------------------------------------------------------------------------------------
2020-07-14 18:12:43,968:INFO:ДУГААРАА СОНГОЖ БУЙ ХЭСЭГ
2020-07-14 18:12:43,968:INFO:7
2020-07-14 18:20:47,575:INFO:------------------------------------------------------------------------------------------------
2020-07-14 18:20:48,468:INFO:ДУГААРАА СОНГОЖ БУЙ ХЭСЭГ
2020-07-14 18:20:48,469:INFO:2
2020-07-14 18:21:05,018:INFO:ДУГААРЫН ҮНЭ
2020-07-14 18:21:05,021:INFO:5000
2020-07-14 18:25:24,407:INFO:------------------------------------------------------------------------------------------------
2020-07-14 18:36:18,479:INFO:ДУГААРЫН ҮНЭ
2020-07-14 18:36:18,481:INFO:10000
2020-07-14 19:25:24,459:INFO:------------------------------------------------------------------------------------------------
2020-07-14 20:25:24,514:INFO:------------------------------------------------------------------------------------------------
2020-07-14 21:25:24,572:INFO:------------------------------------------------------------------------------------------------
2020-07-14 22:25:24,643:INFO:------------------------------------------------------------------------------------------------
2020-07-14 22:55:48,464:WARNING:Not Found: /
2020-07-14 22:55:48,712:WARNING:Not Found: /index.php
2020-07-14 23:25:24,687:INFO:------------------------------------------------------------------------------------------------
2020-07-15 00:25:24,751:INFO:------------------------------------------------------------------------------------------------
2020-07-15 01:25:24,829:INFO:------------------------------------------------------------------------------------------------
2020-07-15 02:25:24,873:INFO:------------------------------------------------------------------------------------------------
2020-07-15 03:25:24,955:INFO:------------------------------------------------------------------------------------------------
2020-07-15 03:45:46,988:WARNING:Not Found: /
2020-07-15 04:25:25,023:INFO:------------------------------------------------------------------------------------------------
2020-07-15 05:25:25,085:INFO:------------------------------------------------------------------------------------------------
