2019-06-14 16:45:15,986:INFO:ДУГААРЫН ҮНЭ
2019-06-14 16:45:15,993:ERROR:Internal Server Error: /numberPrice
Traceback (most recent call last):
  File "C:\Python27\lib\site-packages\django\core\handlers\exception.py", line 41, in inner
    response = get_response(request)
  File "C:\Python27\lib\site-packages\django\core\handlers\base.py", line 187, in _get_response
    response = self.process_exception_by_middleware(e, request)
  File "C:\Python27\lib\site-packages\django\core\handlers\base.py", line 185, in _get_response
    response = wrapped_callback(request, *callback_args, **callback_kwargs)
  File "D:\nFilter\controller\views.py", line 55, in numberPrice
    print selected_numbertype
UnicodeEncodeError: 'ascii' codec can't encode characters in position 0-4: ordinal not in range(128)
2019-06-14 16:45:18,460:INFO:ДУГААРАА СОНГОЖ БУЙ ХЭСЭГ
2019-06-14 16:45:51,700:INFO:ДУГААРЫН ҮНЭ
2019-06-14 16:45:51,710:INFO:ДАРАА ТӨЛБӨРТ
2019-06-14 16:45:52,677:INFO:ДУГААРАА СОНГОЖ БУЙ ХЭСЭГ
2019-06-14 16:46:56,796:INFO:ДУГААРЫН ҮНЭ
2019-06-14 16:46:56,803:INFO:None
2019-06-14 16:46:58,887:INFO:ДУГААРАА СОНГОЖ БУЙ ХЭСЭГ
2019-06-14 16:47:14,148:INFO:----------------------------------------------------------------------------------------------------
2019-06-14 16:47:15,072:INFO:ДУГААРАА СОНГОЖ БУЙ ХЭСЭГ
2019-06-14 16:47:16,095:INFO:ДУГААРЫН ҮНЭ
2019-06-14 16:47:16,102:INFO:5000
2019-06-14 16:47:17,572:INFO:ДУГААРАА СОНГОЖ БУЙ ХЭСЭГ
2019-06-14 16:47:18,295:INFO:ДУГААРЫН ҮНЭ
2019-06-14 16:47:18,302:INFO:5000
2019-06-14 16:47:19,357:INFO:ДУГААРАА СОНГОЖ БУЙ ХЭСЭГ
2019-06-14 16:47:20,326:INFO:ДУГААРЫН ҮНЭ
2019-06-14 16:47:20,335:INFO:5000
2019-06-14 16:47:22,476:INFO:ДУГААРАА СОНГОЖ БУЙ ХЭСЭГ
2019-06-14 16:57:22,571:INFO:----------------------------------------------------------------------------------------------------
2019-06-14 17:57:23,102:INFO:----------------------------------------------------------------------------------------------------
2019-06-14 18:57:23,621:INFO:----------------------------------------------------------------------------------------------------
2019-06-14 19:57:24,023:INFO:----------------------------------------------------------------------------------------------------
2019-06-14 20:57:24,417:INFO:----------------------------------------------------------------------------------------------------
2019-06-14 21:57:24,845:INFO:----------------------------------------------------------------------------------------------------
2019-06-14 22:57:25,273:INFO:----------------------------------------------------------------------------------------------------
2019-06-14 23:57:31,069:INFO:----------------------------------------------------------------------------------------------------
2019-06-15 00:57:31,542:INFO:----------------------------------------------------------------------------------------------------
2019-06-15 01:57:32,009:INFO:----------------------------------------------------------------------------------------------------
2019-06-15 02:57:32,427:INFO:----------------------------------------------------------------------------------------------------
2019-06-15 03:57:33,118:INFO:----------------------------------------------------------------------------------------------------
2019-06-15 04:57:33,592:INFO:----------------------------------------------------------------------------------------------------
2019-06-15 05:57:33,996:INFO:----------------------------------------------------------------------------------------------------
2019-06-15 06:57:34,658:INFO:----------------------------------------------------------------------------------------------------
2019-06-15 07:57:35,171:INFO:----------------------------------------------------------------------------------------------------
2019-06-15 08:57:36,084:INFO:----------------------------------------------------------------------------------------------------
2019-06-15 09:57:36,594:INFO:----------------------------------------------------------------------------------------------------
2019-06-15 10:57:37,098:INFO:----------------------------------------------------------------------------------------------------
2019-06-15 11:57:37,497:INFO:----------------------------------------------------------------------------------------------------
2019-06-15 12:57:37,891:INFO:----------------------------------------------------------------------------------------------------
2019-06-15 13:57:38,325:INFO:----------------------------------------------------------------------------------------------------
2019-06-15 14:57:38,749:INFO:----------------------------------------------------------------------------------------------------
2019-06-15 15:57:39,141:INFO:----------------------------------------------------------------------------------------------------
2019-06-15 16:57:39,539:INFO:----------------------------------------------------------------------------------------------------
2019-06-15 17:57:40,053:INFO:----------------------------------------------------------------------------------------------------
2019-06-15 18:57:40,663:INFO:----------------------------------------------------------------------------------------------------
2019-06-15 19:57:41,147:INFO:----------------------------------------------------------------------------------------------------
2019-06-15 20:57:41,657:INFO:----------------------------------------------------------------------------------------------------
2019-06-15 21:57:42,177:INFO:----------------------------------------------------------------------------------------------------
2019-06-15 22:57:42,650:INFO:----------------------------------------------------------------------------------------------------
2019-06-15 23:57:43,081:INFO:----------------------------------------------------------------------------------------------------
2019-06-16 00:57:43,832:INFO:----------------------------------------------------------------------------------------------------
2019-06-16 01:57:44,434:INFO:----------------------------------------------------------------------------------------------------
2019-06-16 02:57:44,861:INFO:----------------------------------------------------------------------------------------------------
2019-06-16 03:57:45,461:INFO:----------------------------------------------------------------------------------------------------
2019-06-16 04:57:46,138:INFO:----------------------------------------------------------------------------------------------------
2019-06-16 05:57:46,628:INFO:----------------------------------------------------------------------------------------------------
2019-06-16 06:57:47,309:INFO:----------------------------------------------------------------------------------------------------
2019-06-16 07:57:47,716:INFO:----------------------------------------------------------------------------------------------------
2019-06-16 08:57:48,394:INFO:----------------------------------------------------------------------------------------------------
2019-06-16 09:57:48,835:INFO:----------------------------------------------------------------------------------------------------
2019-06-16 10:57:49,237:INFO:----------------------------------------------------------------------------------------------------
2019-06-16 11:57:49,658:INFO:----------------------------------------------------------------------------------------------------
2019-06-16 12:57:50,124:INFO:----------------------------------------------------------------------------------------------------
2019-06-16 13:57:50,618:INFO:----------------------------------------------------------------------------------------------------
2019-06-16 14:57:54,234:INFO:----------------------------------------------------------------------------------------------------
2019-06-16 15:57:54,634:INFO:----------------------------------------------------------------------------------------------------
2019-06-16 16:57:55,042:INFO:----------------------------------------------------------------------------------------------------
2019-06-16 17:57:55,525:INFO:----------------------------------------------------------------------------------------------------
2019-06-16 18:57:56,029:INFO:----------------------------------------------------------------------------------------------------
2019-06-16 19:57:56,526:INFO:----------------------------------------------------------------------------------------------------
2019-06-16 20:57:57,108:INFO:----------------------------------------------------------------------------------------------------
2019-06-16 21:57:57,661:INFO:----------------------------------------------------------------------------------------------------
2019-06-16 22:57:58,191:INFO:----------------------------------------------------------------------------------------------------
2019-06-16 23:57:58,607:INFO:----------------------------------------------------------------------------------------------------
2019-06-17 00:57:58,999:INFO:----------------------------------------------------------------------------------------------------
2019-06-17 01:57:59,417:INFO:----------------------------------------------------------------------------------------------------
2019-06-17 02:57:59,825:INFO:----------------------------------------------------------------------------------------------------
2019-06-17 03:58:00,319:INFO:----------------------------------------------------------------------------------------------------
2019-06-17 04:58:00,904:INFO:----------------------------------------------------------------------------------------------------
2019-06-17 05:58:01,401:INFO:----------------------------------------------------------------------------------------------------
2019-06-17 06:58:02,112:INFO:----------------------------------------------------------------------------------------------------
2019-06-17 07:58:02,563:INFO:----------------------------------------------------------------------------------------------------
2019-06-17 08:58:03,075:INFO:----------------------------------------------------------------------------------------------------
2019-06-17 09:58:03,480:INFO:----------------------------------------------------------------------------------------------------
2019-06-17 10:58:03,905:INFO:----------------------------------------------------------------------------------------------------
