2019-12-13 09:34:46,261:INFO:----------------------------------------------------------------------------------------------------
2019-12-13 09:44:46,524:INFO:----------------------------------------------------------------------------------------------------
2019-12-13 09:54:47,049:INFO:----------------------------------------------------------------------------------------------------
2019-12-13 10:04:51,907:INFO:----------------------------------------------------------------------------------------------------
2019-12-13 10:14:56,915:INFO:----------------------------------------------------------------------------------------------------
2019-12-13 10:20:51,521:INFO:----------------------------------------------------------------------------------------------------
2019-12-13 10:20:57,610:INFO:ДУГААРАА СОНГОЖ БУЙ ХЭСЭГ
2019-12-13 10:20:57,610:INFO:2
2019-12-13 10:21:16,524:INFO:98124345:6
2019-12-13 10:21:27,519:INFO:РЕГИСТЕРИЙН ДУГААР
2019-12-13 10:21:33,720:INFO:ДУГААРЫН ZAHIALGA
2019-12-13 10:21:33,729:INFO:Success
2019-12-13 10:21:39,639:INFO:----------------------------------------------------------------------------------------------------
2019-12-13 10:25:02,262:INFO:----------------------------------------------------------------------------------------------------
2019-12-13 10:25:40,405:WARNING:Not Found: /favicon.ico
2019-12-13 10:25:51,540:INFO:----------------------------------------------------------------------------------------------------
2019-12-13 10:25:56,120:INFO:ДУГААРАА СОНГОЖ БУЙ ХЭСЭГ
2019-12-13 10:25:56,121:INFO:2
2019-12-13 10:26:10,139:INFO:ДУГААРАА СОНГОЖ БУЙ ХЭСЭГ
2019-12-13 10:26:10,140:INFO:2
2019-12-13 10:26:47,189:INFO:-1
2019-12-13 10:26:57,355:INFO:-1
2019-12-13 10:27:02,681:INFO:-1
2019-12-13 10:27:04,699:INFO:-1
2019-12-13 10:27:05,939:INFO:-1
2019-12-13 10:27:08,021:INFO:-1
2019-12-13 10:27:15,298:INFO:97122337:6
2019-12-13 10:27:27,517:INFO:РЕГИСТЕРИЙН ДУГААР
2019-12-13 10:27:32,569:INFO:ДУГААРЫН ZAHIALGA
2019-12-13 10:27:32,579:INFO:Success
2019-12-13 10:27:39,517:INFO:----------------------------------------------------------------------------------------------------
2019-12-13 10:35:03,854:INFO:----------------------------------------------------------------------------------------------------
2019-12-13 10:39:56,110:WARNING:Not Found: /favicon.ico
2019-12-13 10:40:11,060:INFO:-1
2019-12-13 10:40:12,045:INFO:-1
2019-12-13 10:40:16,724:INFO:-1
2019-12-13 10:40:17,687:INFO:-1
2019-12-13 10:40:19,706:INFO:-1
2019-12-13 10:40:20,729:INFO:-1
2019-12-13 10:40:20,959:INFO:-1
2019-12-13 10:40:21,979:INFO:-1
2019-12-13 10:40:22,201:INFO:-1
2019-12-13 10:40:23,188:INFO:-1
2019-12-13 10:40:23,430:INFO:-1
2019-12-13 10:40:24,420:INFO:-1
2019-12-13 10:40:26,102:INFO:-1
2019-12-13 10:40:27,141:INFO:-1
2019-12-13 10:40:27,396:INFO:-1
2019-12-13 10:40:28,367:INFO:-1
2019-12-13 10:40:29,145:INFO:-1
2019-12-13 10:40:30,181:INFO:-1
2019-12-13 10:40:34,167:INFO:-1
2019-12-13 10:40:35,205:INFO:-1
2019-12-13 10:40:35,403:INFO:-1
2019-12-13 10:40:36,370:INFO:-1
2019-12-13 10:40:40,590:INFO:-1
2019-12-13 10:40:41,662:INFO:-1
2019-12-13 10:40:42,605:INFO:-1
2019-12-13 10:40:43,585:INFO:-1
2019-12-13 10:40:44,542:INFO:-1
2019-12-13 10:40:45,555:INFO:-1
2019-12-13 10:40:46,510:INFO:-1
2019-12-13 10:41:22,147:INFO:-1
2019-12-13 10:41:23,287:INFO:-1
2019-12-13 10:41:23,308:INFO:-1
2019-12-13 10:41:23,586:INFO:-1
2019-12-13 10:41:24,284:INFO:-1
2019-12-13 10:41:24,515:INFO:-1
2019-12-13 10:41:30,362:INFO:-1
2019-12-13 10:41:31,205:INFO:-1
2019-12-13 10:41:32,429:INFO:-1
2019-12-13 10:41:33,451:INFO:-1
2019-12-13 10:41:33,885:INFO:-1
2019-12-13 10:41:34,722:INFO:-1
2019-12-13 10:41:35,314:INFO:-1
2019-12-13 10:41:36,146:INFO:-1
2019-12-13 10:41:37,320:INFO:ДУГААРАА СОНГОЖ БУЙ ХЭСЭГ
2019-12-13 10:41:37,321:INFO:2
2019-12-13 10:42:28,514:INFO:-1
2019-12-13 10:42:29,494:INFO:-1
2019-12-13 10:42:29,782:INFO:-1
2019-12-13 10:42:30,856:INFO:-1
2019-12-13 10:42:33,385:INFO:-1
2019-12-13 10:42:34,196:INFO:-1
2019-12-13 10:42:35,373:INFO:-1
2019-12-13 10:42:37,813:INFO:-1
2019-12-13 10:42:38,873:INFO:-1
2019-12-13 10:42:39,228:INFO:-1
2019-12-13 10:42:39,989:INFO:-1
2019-12-13 10:42:40,316:INFO:-1
2019-12-13 10:42:41,384:INFO:-1
2019-12-13 10:42:41,535:INFO:----------------------------------------------------------------------------------------------------
2019-12-13 10:42:43,621:INFO:ДУГААРАА СОНГОЖ БУЙ ХЭСЭГ
2019-12-13 10:42:43,621:INFO:2
2019-12-13 10:42:56,968:INFO:-1
2019-12-13 10:43:03,961:INFO:----------------------------------------------------------------------------------------------------
2019-12-13 10:43:05,981:INFO:ДУГААРАА СОНГОЖ БУЙ ХЭСЭГ
2019-12-13 10:43:05,981:INFO:2
2019-12-13 10:43:18,200:INFO:-1
2019-12-13 10:43:19,318:INFO:-1
2019-12-13 10:43:20,558:INFO:-1
2019-12-13 10:43:22,867:INFO:-1
2019-12-13 10:43:24,862:INFO:-1
2019-12-13 10:43:26,334:INFO:-1
2019-12-13 10:43:27,413:INFO:-1
2019-12-13 10:43:29,403:INFO:-1
2019-12-13 10:43:32,384:INFO:-1
2019-12-13 10:43:33,699:INFO:-1
2019-12-13 10:43:36,393:INFO:-1
2019-12-13 10:43:37,762:INFO:-1
2019-12-13 10:43:38,845:INFO:-1
2019-12-13 10:43:39,929:INFO:-1
2019-12-13 10:43:40,973:INFO:-1
2019-12-13 10:43:41,266:INFO:----------------------------------------------------------------------------------------------------
2019-12-13 10:43:43,424:INFO:ДУГААРАА СОНГОЖ БУЙ ХЭСЭГ
2019-12-13 10:43:43,424:INFO:2
2019-12-13 10:43:58,014:INFO:-1
2019-12-13 10:44:02,975:INFO:-1
2019-12-13 10:44:04,028:INFO:-1
2019-12-13 10:44:07,199:INFO:-1
2019-12-13 10:44:15,171:INFO:97123779:6
2019-12-13 10:44:16,579:INFO:97123779:6
2019-12-13 10:44:17,492:INFO:97123779:6
2019-12-13 10:44:19,263:INFO:-1
2019-12-13 10:44:56,007:INFO:ДУГААРАА СОНГОЖ БУЙ ХЭСЭГ
2019-12-13 10:44:56,007:INFO:2
2019-12-13 10:45:08,963:INFO:----------------------------------------------------------------------------------------------------
2019-12-13 10:45:11,846:INFO:-1
2019-12-13 10:45:15,518:INFO:-1
2019-12-13 10:46:00,074:INFO:-1
2019-12-13 10:46:01,383:INFO:-1
2019-12-13 10:46:02,534:INFO:-1
2019-12-13 10:46:03,634:INFO:-1
2019-12-13 10:46:04,750:INFO:-1
2019-12-13 10:46:09,811:INFO:-1
2019-12-13 10:46:11,354:INFO:-1
2019-12-13 10:46:16,027:INFO:-1
2019-12-13 10:46:18,990:INFO:-1
2019-12-13 10:46:20,636:INFO:-1
2019-12-13 10:46:21,592:INFO:-1
2019-12-13 10:46:22,199:INFO:-1
2019-12-13 10:46:23,142:INFO:-1
2019-12-13 10:46:23,695:INFO:-1
2019-12-13 10:46:24,707:INFO:-1
2019-12-13 10:46:32,554:INFO:-1
2019-12-13 10:46:33,894:INFO:-1
2019-12-13 10:46:36,781:INFO:-1
2019-12-13 10:46:38,942:INFO:-1
2019-12-13 10:46:40,852:INFO:-1
2019-12-13 10:46:41,766:INFO:-1
2019-12-13 10:46:42,985:INFO:-1
2019-12-13 10:46:47,592:INFO:-1
2019-12-13 10:46:51,421:INFO:-1
2019-12-13 10:46:51,584:INFO:ДУГААРЫН ҮНЭ
2019-12-13 10:46:51,588:INFO:5000
2019-12-13 10:46:53,205:INFO:ДУГААРАА СОНГОЖ БУЙ ХЭСЭГ
2019-12-13 10:46:53,205:INFO:2
2019-12-13 10:47:17,671:INFO:----------------------------------------------------------------------------------------------------
2019-12-13 10:55:12,745:INFO:----------------------------------------------------------------------------------------------------
2019-12-13 11:05:13,739:INFO:----------------------------------------------------------------------------------------------------
2019-12-13 11:15:19,986:INFO:----------------------------------------------------------------------------------------------------
2019-12-13 11:25:20,471:INFO:----------------------------------------------------------------------------------------------------
2019-12-13 11:35:20,893:INFO:----------------------------------------------------------------------------------------------------
2019-12-13 11:45:21,318:INFO:----------------------------------------------------------------------------------------------------
2019-12-13 11:55:21,725:INFO:----------------------------------------------------------------------------------------------------
2019-12-13 12:01:43,603:WARNING:Not Found: /
2019-12-13 12:05:22,804:INFO:----------------------------------------------------------------------------------------------------
2019-12-13 12:14:34,873:INFO:----------------------------------------------------------------------------------------------------
2019-12-13 12:14:36,672:INFO:ДУГААРАА СОНГОЖ БУЙ ХЭСЭГ
2019-12-13 12:14:36,672:INFO:2
2019-12-13 12:14:38,147:WARNING:Not Found: /favicon.ico
2019-12-13 12:14:55,465:INFO:-1
2019-12-13 12:14:59,547:INFO:-1
2019-12-13 12:15:00,576:INFO:-1
2019-12-13 12:15:01,086:INFO:-1
2019-12-13 12:15:03,746:INFO:93121979:6
2019-12-13 12:15:04,660:INFO:93121979:6
2019-12-13 12:15:05,042:INFO:93121979:6
2019-12-13 12:15:06,037:INFO:93121979:6
2019-12-13 12:15:06,131:INFO:93121979:6
2019-12-13 12:15:25,142:INFO:----------------------------------------------------------------------------------------------------
2019-12-13 12:25:26,034:INFO:----------------------------------------------------------------------------------------------------
2019-12-13 12:34:15,583:INFO:----------------------------------------------------------------------------------------------------
2019-12-13 12:34:17,434:INFO:ДУГААРАА СОНГОЖ БУЙ ХЭСЭГ
2019-12-13 12:34:17,434:INFO:2
2019-12-13 12:34:36,211:INFO:98127614:6
2019-12-13 12:34:37,245:INFO:98127614:6
2019-12-13 12:35:26,545:INFO:----------------------------------------------------------------------------------------------------
2019-12-13 12:45:29,708:INFO:----------------------------------------------------------------------------------------------------
2019-12-13 12:55:30,971:INFO:----------------------------------------------------------------------------------------------------
2019-12-13 13:05:32,576:INFO:----------------------------------------------------------------------------------------------------
2019-12-13 13:11:22,811:WARNING:Not Found: /favicon.ico
2019-12-13 13:12:51,326:INFO:-1
2019-12-13 13:12:54,402:INFO:-1
2019-12-13 13:12:55,348:INFO:-1
2019-12-13 13:12:59,073:INFO:-1
2019-12-13 13:13:01,455:INFO:-1
2019-12-13 13:13:03,189:INFO:-1
2019-12-13 13:13:04,156:INFO:-1
2019-12-13 13:13:04,989:INFO:-1
2019-12-13 13:13:05,941:INFO:-1
2019-12-13 13:13:07,460:INFO:-1
2019-12-13 13:13:08,415:INFO:-1
2019-12-13 13:13:09,596:INFO:-1
2019-12-13 13:13:10,498:INFO:-1
2019-12-13 13:13:10,810:INFO:-1
2019-12-13 13:13:11,733:INFO:ДУГААРЫН ҮНЭ
2019-12-13 13:13:11,738:INFO:5000
2019-12-13 13:13:11,886:INFO:-1
2019-12-13 13:13:13,260:INFO:-1
2019-12-13 13:13:13,452:INFO:ДУГААРАА СОНГОЖ БУЙ ХЭСЭГ
2019-12-13 13:13:13,452:INFO:2
2019-12-13 13:13:14,463:INFO:-1
2019-12-13 13:13:27,643:INFO:-1
2019-12-13 13:13:28,758:INFO:-1
2019-12-13 13:13:32,192:INFO:-1
2019-12-13 13:13:33,335:INFO:-1
2019-12-13 13:13:34,281:INFO:-1
2019-12-13 13:13:34,808:INFO:-1
2019-12-13 13:15:34,135:INFO:----------------------------------------------------------------------------------------------------
2019-12-13 13:25:40,292:INFO:----------------------------------------------------------------------------------------------------
2019-12-13 13:35:40,763:INFO:----------------------------------------------------------------------------------------------------
2019-12-13 13:45:46,381:INFO:----------------------------------------------------------------------------------------------------
2019-12-13 13:55:47,038:INFO:----------------------------------------------------------------------------------------------------
2019-12-13 14:05:47,595:INFO:----------------------------------------------------------------------------------------------------
2019-12-13 14:15:48,072:INFO:----------------------------------------------------------------------------------------------------
2019-12-13 14:15:48,767:WARNING:Not Found: /favicon.ico
2019-12-13 14:25:48,528:INFO:----------------------------------------------------------------------------------------------------
2019-12-13 14:35:38,059:WARNING:Not Found: /favicon.ico
2019-12-13 14:35:48,967:INFO:----------------------------------------------------------------------------------------------------
2019-12-13 14:45:49,392:INFO:----------------------------------------------------------------------------------------------------
2019-12-13 14:55:49,861:INFO:----------------------------------------------------------------------------------------------------
2019-12-13 14:59:36,507:INFO:----------------------------------------------------------------------------------------------------
2019-12-13 15:03:48,716:INFO:----------------------------------------------------------------------------------------------------
2019-12-13 15:03:51,446:INFO:ДУГААРАА СОНГОЖ БУЙ ХЭСЭГ
2019-12-13 15:03:51,446:INFO:7
2019-12-13 15:04:02,287:INFO:98000132:6|98000146:6|98000152:6|98000153:6|98000163:6|98000164:6|98000165:6|98000167:6|98000172:6|98000173:6|98000174:6|98000175:6|98000176:6|98000182:6|98000184:6|98000187:6|98000193:6|98000194:6|98000216:6|98000221:6|98000231:6|98000235:6|98000236:6|98000237:6|98000238:6|98000239:6|98000243:6|98000245:6|98000248:6|98000251:6|98000252:6|98000253:6|98000254:6|98000257:6|98000259:6|98000261:6|98000262:6|98000263:6|98000264:6|98000267:6|98000269:6|98000271:6|98000272:6|98000273:6|98000274:6|98000275:6|98000276:6|98000278:6|98000279:6|98000281:6|98000282:6|98000283:6|98000284:6|98000286:6|98000287:6|98000291:6|98000292:6|98000293:6|98000295:6|98000296:6|98000297:6|98000319:6|98000323:6|98000324:6|98000325:6|98000328:6|98000329:6|98000334:6|98000337:6|98000340:6|98000341:6|98000342:6|98000345:6|98000346:6|98000347:6|98000348:6|98000349:6|98000350:6|98000352:6|98000354:6|98000356:6|98000357:6|98000358:6|98000359:6|98000360:6|98000361:6|98000362:6|98000363:6|98000364:6|98000365:6|98000367:6|98000368:6|98000370:6|98000371:6|98000372:6|98000373:6|98000374:6|98000375:6|98000376:6|98000377:6|98000378:6|98000379:6|98000380:6|98000382:6|98000383:6|98000384:6|98000385:6|98000386:6|98000392:6|98000393:6|98000394:6|98000395:6|98000396:6|98000397:6|98000416:6|98000417:6|98000418:6|98000419:6|98000422:6|98000423:6|98000425:6|98000426:6|98000427:6|98000429:6|98000430:6|98000431:6|98000432:6|98000433:6|98000434:6|98000436:6|98000437:6|9800043
2019-12-13 15:04:02,287:ERROR:Internal Server Error: /getnumber
Traceback (most recent call last):
  File "/usr/local/lib/python2.7/dist-packages/django/core/handlers/exception.py", line 41, in inner
    response = get_response(request)
  File "/usr/local/lib/python2.7/dist-packages/django/core/handlers/base.py", line 187, in _get_response
    response = self.process_exception_by_middleware(e, request)
  File "/usr/local/lib/python2.7/dist-packages/django/core/handlers/base.py", line 185, in _get_response
    response = wrapped_callback(request, *callback_args, **callback_kwargs)
  File "/usr/local/lib/python2.7/dist-packages/django/views/decorators/csrf.py", line 58, in wrapped_view
    return view_func(*args, **kwargs)
  File "/usr/local/lib/python2.7/dist-packages/django/views/generic/base.py", line 68, in view
    return self.dispatch(request, *args, **kwargs)
  File "/usr/local/lib/python2.7/dist-packages/rest_framework/views.py", line 495, in dispatch
    response = self.handle_exception(exc)
  File "/usr/local/lib/python2.7/dist-packages/rest_framework/views.py", line 455, in handle_exception
    self.raise_uncaught_exception(exc)
  File "/usr/local/lib/python2.7/dist-packages/rest_framework/views.py", line 492, in dispatch
    response = handler(request, *args, **kwargs)
  File "/usr/local/lib/python2.7/dist-packages/rest_framework/decorators.py", line 55, in handler
    return func(*args, **kwargs)
  File "/home/nFilterNew/controller/views.py", line 138, in getNumber
    if data[1] == az:
IndexError: list index out of range
2019-12-13 15:04:07,228:INFO:98000132:6|98000146:6|98000152:6|98000153:6|98000163:6|98000164:6|98000165:6|98000167:6|98000172:6|98000173:6|98000174:6|98000175:6|98000176:6|98000182:6|98000184:6|98000187:6|98000193:6|98000194:6|98000216:6|98000221:6|98000231:6|98000235:6|98000236:6|98000237:6|98000238:6|98000239:6|98000243:6|98000245:6|98000248:6|98000251:6|98000252:6|98000253:6|98000254:6|98000257:6|98000259:6|98000261:6|98000262:6|98000263:6|98000264:6|98000267:6|98000269:6|98000271:6|98000272:6|98000273:6|98000274:6|98000275:6|98000276:6|98000278:6|98000279:6|98000281:6|98000282:6|98000283:6|98000284:6|98000286:6|98000287:6|98000291:6|98000292:6|98000293:6|98000295:6|98000296:6|98000297:6|98000319:6|98000323:6|98000324:6|98000325:6|98000328:6|98000329:6|98000334:6|98000337:6|98000340:6|98000341:6|98000342:6|98000345:6|98000346:6|98000347:6|98000348:6|98000349:6|98000350:6|98000352:6|98000354:6|98000356:6|98000357:6|98000358:6|98000359:6|98000360:6|98000361:6|98000362:6|98000363:6|98000364:6|98000365:6|98000367:6|98000368:6|98000370:6|98000371:6|98000372:6|98000373:6|98000374:6|98000375:6|98000376:6|98000377:6|98000378:6|98000379:6|98000380:6|98000382:6|98000383:6|98000384:6|98000385:6|98000386:6|98000392:6|98000393:6|98000394:6|98000395:6|98000396:6|98000397:6|98000416:6|98000417:6|98000418:6|98000419:6|98000422:6|98000423:6|98000425:6|98000426:6|98000427:6|98000429:6|98000430:6|98000431:6|98000432:6|98000433:6|98000434:6|98000436:6|98000437:6|98000438:6
2019-12-13 15:05:25,222:INFO:98008020:6|98008030:6|98008040:6|98008060:6|98008110:6|98008120:6|98008130:6|98008140:6|98008150:6|98008160:6|98008170:6|98008190:6|98008210:6|98008220:6|98008230:6|98008240:6|98008250:6|98008260:6|98008270:6|98008280:6|98008290:6|98008300:6|98008310:6|98008320:6|98008330:6|98008340:6|98008350:6|98008360:6|98008370:6|98008380:6|98008390:6|98008400:6|98008410:6|98008420:6|98008430:6|98008440:6|98008450:6|98008460:6|98008470:6|98008480:6|98008490:6|98008510:6|98008520:6|98008530:6|98008540:6|98008550:6|98008560:6|98008570:6|98008580:6|98008590:6|98008610:6|98008620:6|98008630:6|98008640:6|98008650:6|98008660:6|98008670:6|98008680:6|98008690:6|98008710:6|98008720:6|98008730:6|98008740:6|98008750:6|98008760:6|98008770:6|98008780:6|98008790:6|98008820:6|98008830:6|98008840:6|98008850:6|98008860:6|98008910:6|98008920:6|98008930:6|98008940:6|98008950:6|98008960:6|98008970:6|98008980:6
2019-12-13 15:05:50,264:INFO:----------------------------------------------------------------------------------------------------
2019-12-13 15:05:54,416:INFO:98008011:6|98008012:6|98008013:6|98008014:6|98008015:6|98008016:6|98008017:6|98008018:6|98008019:6|98008020:6|98008021:6|98008022:6|98008023:6|98008024:6|98008025:6|98008026:6|98008027:6|98008028:6|98008029:6|98008030:6|98008031:6|98008032:6|98008033:6|98008034:6|98008035:6|98008036:6|98008037:6|98008038:6|98008039:6|98008040:6|98008041:6|98008042:6|98008043:6|98008044:6|98008045:6|98008046:6|98008047:6|98008049:6|98008051:6|98008052:6|98008053:6|98008054:6|98008055:6|98008056:6|98008057:6|98008058:6|98008059:6|98008060:6|98008061:6|98008062:6|98008063:6|98008064:6|98008065:6|98008066:6|98008067:6|98008068:6|98008071:6|98008072:6|98008073:6|98008074:6|98008075:6|98008076:6|98008077:6|98008078:6|98008079:6|98008087:6|98008091:6|98008092:6|98008093:6|98008094:6|98008095:6|98008096:6|98008097:6|98008101:6|98008103:6|98008104:6|98008105:6|98008106:6|98008107:6|98008108:6|98008109:6|98008110:6|98008112:6|98008113:6|98008114:6|98008115:6|98008116:6|98008117:6|98008119:6|98008120:6|98008121:6|98008122:6|98008123:6|98008124:6|98008125:6|98008126:6|98008127:6|98008129:6|98008130:6|98008131:6|98008132:6|98008133:6|98008134:6|98008135:6|98008136:6|98008137:6|98008138:6|98008139:6|98008140:6|98008141:6|98008142:6|98008143:6|98008144:6|98008145:6|98008146:6|98008147:6|98008148:6|98008149:6|98008150:6|98008151:6|98008152:6|98008153:6|98008154:6|98008155:6|98008156:6|98008157:6|98008158:6|98008159:6|98008160:6|98008161:6|98008162:6|98008163:6
2019-12-13 15:05:56,812:INFO:98008011:6|98008012:6|98008013:6|98008014:6|98008015:6|98008016:6|98008017:6|98008018:6|98008019:6|98008020:6|98008021:6|98008022:6|98008023:6|98008024:6|98008025:6|98008026:6|98008027:6|98008028:6|98008029:6|98008030:6|98008031:6|98008032:6|98008033:6|98008034:6|98008035:6|98008036:6|98008037:6|98008038:6|98008039:6|98008040:6|98008041:6|98008042:6|98008043:6|98008044:6|98008045:6|98008046:6|98008047:6|98008049:6|98008051:6|98008052:6|98008053:6|98008054:6|98008055:6|98008056:6|98008057:6|98008058:6|98008059:6|98008060:6|98008061:6|98008062:6|98008063:6|98008064:6|98008065:6|98008066:6|98008067:6|98008068:6|98008071:6|98008072:6|98008073:6|98008074:6|98008075:6|98008076:6|98008077:6|98008078:6|98008079:6|98008087:6|98008091:6|98008092:6|98008093:6|98008094:6|98008095:6|98008096:6|98008097:6|98008101:6|98008103:6|98008104:6|98008105:6|98008106:6|98008107:6|98008108:6|98008109:6|98008110:6|98008112:6|98008113:6|98008114:6|98008115:6|98008116:6|98008117:6|98008119:6|98008120:6|98008121:6|98008122:6|98008123:6|98008124:6|98008125:6|98008126:6|98008127:6|98008129:6|98008130:6|98008131:6|98008132:6|98008133:6|98008134:6|98008135:6|98008136:6|98008137:6|98008138:6|98008139:6|98008140:6|98008141:6|98008142:6|98008143:6|98008144:6|98008145:6|98008146:6|98008147:6|98008148:6|98008149:6|98008150:6|98008151:6|98008152:6|98008153:6|98008154:6|98008155:6|98008156:6|98008157:6|98008158:6|98008159:6|98008160:6|98008161:6|98008162:6|98008163:6
2019-12-13 15:06:10,168:INFO:98005002:6|98005003:6|98005004:6|98005006:6|98005007:6|98005009:6|98005010:6|98005012:6|98005013:6|98005014:6|98005016:6|98005017:6|98005018:6|98005019:6|98005020:6|98005021:6|98005022:6|98005023:6|98005024:6|98005025:6|98005027:6|98005028:6|98005029:6|98005030:6|98005031:6|98005032:6|98005033:6|98005034:6|98005035:6|98005036:6|98005037:6|98005038:6|98005039:6|98005040:6|98005041:6|98005042:6|98005043:6|98005044:6|98005045:6|98005046:6|98005047:6|98005048:6|98005049:6|98005051:6|98005052:6|98005053:6|98005054:6|98005056:6|98005057:6|98005058:6|98005059:6|98005061:6|98005062:6|98005063:6|98005064:6|98005065:6|98005066:6|98005067:6|98005068:6|98005069:6|98005071:6|98005072:6|98005073:6|98005074:6|98005075:6|98005076:6|98005077:6|98005078:6|98005079:6|98005081:6|98005082:6|98005083:6|98005084:6|98005085:6|98005086:6|98005087:6|98005088:6|98005089:6|98005090:6|98005091:6|98005092:6|98005093:6|98005094:6|98005095:6|98005096:6|98005097:6|98005098:6|98005099:6|98005101:6|98005102:6|98005103:6|98005104:6|98005105:6|98005106:6|98005107:6|98005108:6|98005109:6|98005110:6|98005112:6|98005113:6|98005114:6|98005116:6|98005117:6|98005118:6|98005119:6|98005120:6|98005121:6|98005122:6|98005123:6|98005124:6|98005125:6|98005126:6|98005127:6|98005129:6|98005130:6|98005132:6|98005133:6|98005134:6|98005135:6|98005136:6|98005137:6|98005138:6|98005139:6|98005140:6|98005141:6|98005142:6|98005143:6|98005144:6|98005145:6|98005146:6|98005147:6|98005148:6
2019-12-13 15:06:30,990:INFO:98009012:6|98009013:6|98009014:6|98009015:6|98009018:6|98009019:6|98009021:6|98009022:6|98009023:6|98009024:6|98009026:6|98009027:6|98009028:6|98009029:6|98009030:6|98009031:6|98009032:6|98009034:6|98009035:6|98009036:6|98009037:6|98009038:6|98009040:6|98009041:6|98009042:6|98009043:6|98009044:6|98009045:6|98009046:6|98009047:6|98009048:6|98009049:6|98009050:6|98009051:6|98009052:6|98009053:6|98009054:6|98009055:6|98009056:6|98009057:6|98009058:6|98009059:6|98009061:6|98009062:6|98009063:6|98009064:6|98009065:6|98009066:6|98009067:6|98009068:6|98009069:6|98009070:6|98009071:6|98009072:6|98009073:6|98009074:6|98009075:6|98009076:6|98009077:6|98009078:6|98009079:6|98009081:6|98009082:6|98009083:6|98009084:6|98009085:6|98009086:6|98009087:6|98009092:6|98009094:6|98009096:6|98009097:6|98009101:6|98009102:6|98009103:6|98009104:6|98009105:6|98009106:6|98009108:6|98009109:6|98009112:6|98009113:6|98009116:6|98009117:6|98009118:6|98009120:6|98009121:6|98009122:6|98009123:6|98009124:6|98009125:6|98009126:6|98009127:6|98009128:6|98009129:6|98009130:6|98009131:6|98009132:6|98009133:6|98009134:6|98009135:6|98009136:6|98009137:6|98009138:6|98009139:6|98009140:6|98009141:6|98009142:6|98009143:6|98009144:6|98009145:6|98009146:6|98009147:6|98009148:6|98009149:6|98009150:6|98009151:6|98009152:6|98009153:6|98009154:6|98009155:6|98009156:6|98009157:6|98009158:6|98009159:6|98009160:6|98009161:6|98009162:6|98009163:6|98009164:6|98009165:6|98009166:6
2019-12-13 15:06:48,852:INFO:98009812:6|98009814:6|98009815:6|98009816:6|98009817:6|98009819:6|98009823:6|98009824:6|98009825:6|98009826:6|98009827:6|98009828:6|98009829:6|98009830:6|98009831:6|98009832:6|98009833:6|98009834:6|98009835:6|98009836:6|98009837:6|98009838:6|98009839:6|98009840:6|98009841:6|98009842:6|98009845:6|98009846:6|98009847:6|98009848:6|98009851:6|98009852:6|98009853:6|98009854:6|98009856:6|98009857:6|98009860:6|98009861:6|98009862:6|98009863:6|98009864:6|98009865:6|98009866:6|98009867:6|98009869:6|98009871:6|98009872:6|98009873:6|98009874:6|98009875:6|98009876:6|98009879:6|98009881:6|98009882:6|98009883:6|98009884:6|98009885:6|98009893:6
2019-12-13 15:07:03,130:INFO:ДУГААРЫН ҮНЭ
2019-12-13 15:07:03,133:INFO:10000
2019-12-13 15:07:08,689:INFO:ДУГААРАА СОНГОЖ БУЙ ХЭСЭГ
2019-12-13 15:07:08,690:INFO:7
2019-12-13 15:07:11,379:INFO:ДУГААРЫН ҮНЭ
2019-12-13 15:07:11,384:INFO:10000
2019-12-13 15:07:12,949:INFO:ДУГААРАА СОНГОЖ БУЙ ХЭСЭГ
2019-12-13 15:07:12,949:INFO:7
2019-12-13 15:07:24,189:INFO:98009092:6|98009094:6|98009096:6|98009097:6|98009190:6|98009193:6|98009194:6|98009195:6|98009197:6|98009290:6|98009291:6|98009294:6|98009295:6|98009296:6|98009297:6|98009298:6|98009299:6|98009390:6|98009391:6|98009392:6|98009394:6|98009396:6|98009397:6|98009398:6|98009490:6|98009491:6|98009492:6|98009493:6|98009495:6|98009496:6|98009497:6|98009498:6|98009591:6|98009592:6|98009593:6|98009594:6|98009597:6|98009691:6|98009692:6|98009694:6|98009695:6|98009697:6|98009790:6|98009792:6|98009793:6|98009794:6|98009795:6|98009796:6|98009893:6|98009992:6|98019092:6|98019093:6|98019094:6|98019095:6|98019096:6|98019097:6|98019098:6|98019190:6|98019193:6|98019194:6|98019195:6|98019196:6|98019197:6|98019290:6|98019291:6|98019293:6|98019294:6|98019295:6|98019296:6|98019297:6|98019298:6|98019390:6|98019391:6|98019392:6|98019394:6|98019395:6|98019396:6|98019397:6|98019398:6|98019490:6|98019491:6|98019492:6|98019493:6|98019495:6|98019496:6|98019497:6|98019498:6|98019499:6|98019590:6|98019591:6|98019592:6|98019593:6|98019594:6|98019597:6|98019598:6|98019690:6|98019691:6|98019692:6|98019694:6|98019695:6|98019697:6|98019698:6|98019699:6|98019790:6|98019791:6|98019792:6|98019793:6|98019794:6|98019795:6|98019796:6|98019798:6|98019891:6|98019892:6|98019893:6|98019894:6|98019895:6|98019896:6|98019897:6|98019995:6|98019997:6|98029091:6|98029092:6|98029093:6|98029094:6|98029095:6|98029096:6|98029097:6|98029098:6|98029099:6|98029190:6|98029193:6|9802919
2019-12-13 15:07:24,190:ERROR:Internal Server Error: /getnumber
Traceback (most recent call last):
  File "/usr/local/lib/python2.7/dist-packages/django/core/handlers/exception.py", line 41, in inner
    response = get_response(request)
  File "/usr/local/lib/python2.7/dist-packages/django/core/handlers/base.py", line 187, in _get_response
    response = self.process_exception_by_middleware(e, request)
  File "/usr/local/lib/python2.7/dist-packages/django/core/handlers/base.py", line 185, in _get_response
    response = wrapped_callback(request, *callback_args, **callback_kwargs)
  File "/usr/local/lib/python2.7/dist-packages/django/views/decorators/csrf.py", line 58, in wrapped_view
    return view_func(*args, **kwargs)
  File "/usr/local/lib/python2.7/dist-packages/django/views/generic/base.py", line 68, in view
    return self.dispatch(request, *args, **kwargs)
  File "/usr/local/lib/python2.7/dist-packages/rest_framework/views.py", line 495, in dispatch
    response = self.handle_exception(exc)
  File "/usr/local/lib/python2.7/dist-packages/rest_framework/views.py", line 455, in handle_exception
    self.raise_uncaught_exception(exc)
  File "/usr/local/lib/python2.7/dist-packages/rest_framework/views.py", line 492, in dispatch
    response = handler(request, *args, **kwargs)
  File "/usr/local/lib/python2.7/dist-packages/rest_framework/decorators.py", line 55, in handler
    return func(*args, **kwargs)
  File "/home/nFilterNew/controller/views.py", line 138, in getNumber
    if data[1] == az:
IndexError: list index out of range
2019-12-13 15:07:31,621:INFO:98009092:6|98009094:6|98009096:6|98009097:6|98009190:6|98009193:6|98009194:6|98009195:6|98009197:6|98009290:6|98009291:6|98009294:6|98009295:6|98009296:6|98009297:6|98009298:6|98009299:6|98009390:6|98009391:6|98009392:6|98009394:6|98009396:6|98009397:6|98009398:6|98009490:6|98009491:6|98009492:6|98009493:6|98009495:6|98009496:6|98009497:6|98009498:6|98009591:6|98009592:6|98009593:6|98009594:6|98009597:6|98009691:6|98009692:6|98009694:6|98009695:6|98009697:6|98009790:6|98009792:6|98009793:6|98009794:6|98009795:6|98009796:6|98009893:6|98009992:6|98019092:6|98019093:6|98019094:6|98019095:6|98019096:6|98019097:6|98019098:6|98019190:6|98019193:6|98019194:6|98019195:6|98019196:6|98019197:6|98019290:6|98019291:6|98019293:6|98019294:6|98019295:6|98019296:6|98019297:6|98019298:6|98019390:6|98019391:6|98019392:6|98019394:6|98019395:6|98019396:6|98019397:6|98019398:6|98019490:6|98019491:6|98019492:6|98019493:6|98019495:6|98019496:6|98019497:6|98019498:6|98019499:6|98019590:6|98019591:6|98019592:6|98019593:6|98019594:6|98019597:6|98019598:6|98019690:6|98019691:6|98019692:6|98019694:6|98019695:6|98019697:6|98019698:6|98019699:6|98019790:6|98019791:6|98019792:6|98019793:6|98019794:6|98019795:6|98019796:6|98019798:6|98019891:6|98019892:6|98019893:6|98019894:6|98019895:6|98019896:6|98019897:6|98019995:6|98019997:6|98029091:6|98029092:6|98029093:6|98029094:6|98029095:6|98029096:6|98029097:6|98029098:6|98029099:6|98029190:6|98029193:6|98029194:6
2019-12-13 15:08:10,144:INFO:98008087:6|98008184:6|98008185:6|98008186:6|98008187:6|98008189:6|98008280:6|98008281:6|98008284:6|98008285:6|98008286:6|98008287:6|98008289:6|98008380:6|98008381:6|98008382:6|98008384:6|98008385:6|98008386:6|98008387:6|98008389:6|98008480:6|98008481:6|98008482:6|98008483:6|98008486:6|98008487:6|98008489:6|98008580:6|98008581:6|98008582:6|98008583:6|98008584:6|98008587:6|98008589:6|98008680:6|98008681:6|98008682:6|98008683:6|98008684:6|98008780:6|98008781:6|98008782:6|98008783:6|98008784:6|98008785:6|98008786:6|98008980:6|98008981:6|98008982:6|98008983:6|98008984:6|98008985:6|98008986:6|98008987:6|98018082:6|98018083:6|98018084:6|98018085:6|98018086:6|98018087:6|98018180:6|98018182:6|98018183:6|98018184:6|98018185:6|98018186:6|98018187:6|98018189:6|98018280:6|98018281:6|98018283:6|98018284:6|98018285:6|98018286:6|98018287:6|98018288:6|98018289:6|98018380:6|98018381:6|98018382:6|98018384:6|98018385:6|98018386:6|98018387:6|98018388:6|98018389:6|98018480:6|98018481:6|98018483:6|98018485:6|98018486:6|98018487:6|98018489:6|98018580:6|98018581:6|98018582:6|98018583:6|98018584:6|98018586:6|98018587:6|98018588:6|98018589:6|98018680:6|98018681:6|98018682:6|98018683:6|98018684:6|98018685:6|98018687:6|98018688:6|98018689:6|98018780:6|98018781:6|98018782:6|98018783:6|98018784:6|98018785:6|98018786:6|98018789:6|98018882:6|98018883:6|98018885:6|98018886:6|98018887:6|98018980:6|98018981:6|98018982:6|98018983:6|98018984:6|98018985:6|98018986:6
2019-12-13 15:09:16,829:INFO:98007071:6|98007072:6|98007073:6|98007074:6|98007076:6|98007078:6|98007079:6|98007170:6|98007172:6|98007174:6|98007175:6|98007176:6|98007178:6|98007179:6|98007270:6|98007271:6|98007273:6|98007275:6|98007276:6|98007277:6|98007279:6|98007370:6|98007371:6|98007372:6|98007375:6|98007376:6|98007377:6|98007379:6|98007470:6|98007471:6|98007472:6|98007473:6|98007475:6|98007477:6|98007478:6|98007479:6|98007570:6|98007571:6|98007572:6|98007573:6|98007574:6|98007576:6|98007577:6|98007578:6|98007670:6|98007671:6|98007672:6|98007673:6|98007674:6|98007675:6|98007678:6|98007679:6|98007771:6|98007773:6|98007774:6|98007775:6|98007870:6|98007871:6|98007872:6|98007873:6|98007874:6|98007875:6|98007877:6|98007879:6|98007970:6|98007971:6|98007972:6|98007973:6|98007974:6|98007975:6|98007976:6|98007977:6|98017071:6|98017072:6|98017074:6|98017075:6|98017076:6|98017078:6|98017079:6|98017170:6|98017172:6|98017173:6|98017174:6|98017175:6|98017176:6|98017178:6|98017179:6|98017270:6|98017271:6|98017273:6|98017274:6|98017275:6|98017276:6|98017277:6|98017278:6|98017279:6|98017370:6|98017371:6|98017372:6|98017374:6|98017375:6|98017376:6|98017377:6|98017378:6|98017379:6|98017470:6|98017471:6|98017472:6|98017473:6|98017475:6|98017476:6|98017477:6|98017478:6|98017479:6|98017570:6|98017571:6|98017572:6|98017573:6|98017574:6|98017576:6|98017577:6|98017578:6|98017579:6|98017670:6|98017671:6|98017672:6|98017673:6|98017674:6|98017675:6|98017677:6|98017678:6|98017679:6
2019-12-13 15:10:23,300:INFO:98008087:6|98008184:6|98008185:6|98008186:6|98008187:6|98008189:6|98008280:6|98008281:6|98008284:6|98008285:6|98008286:6|98008287:6|98008289:6|98008380:6|98008381:6|98008382:6|98008384:6|98008385:6|98008386:6|98008387:6|98008389:6|98008480:6|98008481:6|98008482:6|98008483:6|98008486:6|98008487:6|98008489:6|98008580:6|98008581:6|98008582:6|98008583:6|98008584:6|98008587:6|98008589:6|98008680:6|98008681:6|98008682:6|98008683:6|98008684:6|98008780:6|98008781:6|98008782:6|98008783:6|98008784:6|98008785:6|98008786:6|98008980:6|98008981:6|98008982:6|98008983:6|98008984:6|98008985:6|98008986:6|98008987:6|98018082:6|98018083:6|98018084:6|98018085:6|98018086:6|98018087:6|98018180:6|98018182:6|98018183:6|98018184:6|98018185:6|98018186:6|98018187:6|98018189:6|98018280:6|98018281:6|98018283:6|98018284:6|98018285:6|98018286:6|98018287:6|98018288:6|98018289:6|98018380:6|98018381:6|98018382:6|98018384:6|98018385:6|98018386:6|98018387:6|98018388:6|98018389:6|98018480:6|98018481:6|98018483:6|98018485:6|98018486:6|98018487:6|98018489:6|98018580:6|98018581:6|98018582:6|98018583:6|98018584:6|98018586:6|98018587:6|98018588:6|98018589:6|98018680:6|98018681:6|98018682:6|98018683:6|98018684:6|98018685:6|98018687:6|98018688:6|98018689:6|98018780:6|98018781:6|98018782:6|98018783:6|98018784:6|98018785:6|98018786:6|98018789:6|98018882:6|98018883:6|98018885:6|98018886:6|98018887:6|98018980:6|98018981:6|98018982:6|98018983:6|98018984:6|98018985:6|98018986:6
2019-12-13 15:15:50,700:INFO:----------------------------------------------------------------------------------------------------
2019-12-13 15:25:51,168:INFO:----------------------------------------------------------------------------------------------------
2019-12-13 15:30:22,348:INFO:----------------------------------------------------------------------------------------------------
2019-12-13 15:35:51,578:INFO:----------------------------------------------------------------------------------------------------
2019-12-13 15:45:54,504:INFO:----------------------------------------------------------------------------------------------------
2019-12-13 15:55:54,906:INFO:----------------------------------------------------------------------------------------------------
2019-12-13 16:00:28,232:INFO:----------------------------------------------------------------------------------------------------
2019-12-13 16:00:31,876:INFO:ДУГААРАА СОНГОЖ БУЙ ХЭСЭГ
2019-12-13 16:00:31,876:INFO:2
2019-12-13 16:00:33,107:WARNING:Not Found: /favicon.ico
2019-12-13 16:00:43,133:INFO:-1
2019-12-13 16:00:44,119:INFO:-1
2019-12-13 16:00:47,827:INFO:-1
2019-12-13 16:00:48,866:INFO:-1
2019-12-13 16:00:49,374:INFO:-1
2019-12-13 16:00:50,048:INFO:-1
2019-12-13 16:00:51,607:INFO:-1
2019-12-13 16:00:52,671:INFO:-1
2019-12-13 16:00:53,203:INFO:-1
2019-12-13 16:00:54,016:INFO:-1
2019-12-13 16:00:54,669:INFO:-1
2019-12-13 16:00:55,449:INFO:-1
2019-12-13 16:00:56,103:INFO:-1
2019-12-13 16:00:56,612:INFO:97120086:6
2019-12-13 16:00:56,981:INFO:-1
2019-12-13 16:00:57,500:INFO:97120086:6
2019-12-13 16:00:58,065:INFO:97120086:6
2019-12-13 16:00:58,873:INFO:97120086:6
2019-12-13 16:05:55,332:INFO:----------------------------------------------------------------------------------------------------
2019-12-13 16:15:55,751:INFO:----------------------------------------------------------------------------------------------------
2019-12-13 16:25:56,205:INFO:----------------------------------------------------------------------------------------------------
2019-12-13 16:35:56,615:INFO:----------------------------------------------------------------------------------------------------
2019-12-13 16:45:57,010:INFO:----------------------------------------------------------------------------------------------------
2019-12-13 16:56:01,629:INFO:----------------------------------------------------------------------------------------------------
2019-12-13 17:06:10,394:INFO:----------------------------------------------------------------------------------------------------
2019-12-13 17:16:10,841:INFO:----------------------------------------------------------------------------------------------------
2019-12-13 18:20:03,616:WARNING:Not Found: /
2019-12-13 19:37:22,625:WARNING:Not Found: /
