2020-01-21 08:45:12,104:INFO:ДУГААРАА СОНГОЖ БУЙ ХЭСЭГ
2020-01-21 08:45:12,104:INFO:2
2020-01-21 08:45:12,112:INFO:102
2020-01-21 08:45:12,112:INFO:['9812', '9813', '9814', '9815', '9816', '9817', '9818', '9819', '9820', '9821', '9822', '9823', '9824', '9825', '9826', '9827', '9828', '9829', '9830', '9831', '9832', '9833', '9838', '9842', '9843', '9848', '9851', '9856', '9859', '9860', '9861', '9862', '9863', '9864', '9865', '9866', '9870', '9880', '9881', '9882', '9883', '9884', '9885', '9886', '9887', '9888', '9889', '9890', '9891', '9892', '9893', '9894', '9895', '9896', '9897', '9899', '9312', '9313', '9314', '9315', '9316', '9317', '9318', '9319', '9320', '9321', '9322', '9323', '9324', '9325', '9326', '9327', '9328', '9329', '9330', '9331', '9337', '9338', '9339', '9340', '9341', '9342', '9343', '9344', '9712', '9713', '9714', '9715', '9716', '9717', '9718', '9719', '9845', '9846', '8312', '8313', '8314', '8315', '8316', '8317', '8318', '8319']
2020-01-21 08:45:12,316:WARNING:Not Found: /favicon.ico
2020-01-21 08:45:14,102:INFO:----------------------------------------------------------------------------------------------------
2020-01-21 09:54:19,975:ERROR:Invalid HTTP_HOST header: u'DugaarShuult:8000'. You may need to add u'dugaarshuult' to ALLOWED_HOSTS.
2020-01-21 10:35:31,594:INFO:----------------------------------------------------------------------------------------------------
2020-01-21 10:35:34,097:INFO:ДУГААРАА СОНГОЖ БУЙ ХЭСЭГ
2020-01-21 10:35:34,097:INFO:2
2020-01-21 10:35:34,104:INFO:102
2020-01-21 10:35:34,104:INFO:['9812', '9813', '9814', '9815', '9816', '9817', '9818', '9819', '9820', '9821', '9822', '9823', '9824', '9825', '9826', '9827', '9828', '9829', '9830', '9831', '9832', '9833', '9838', '9842', '9843', '9848', '9851', '9856', '9859', '9860', '9861', '9862', '9863', '9864', '9865', '9866', '9870', '9880', '9881', '9882', '9883', '9884', '9885', '9886', '9887', '9888', '9889', '9890', '9891', '9892', '9893', '9894', '9895', '9896', '9897', '9899', '9312', '9313', '9314', '9315', '9316', '9317', '9318', '9319', '9320', '9321', '9322', '9323', '9324', '9325', '9326', '9327', '9328', '9329', '9330', '9331', '9337', '9338', '9339', '9340', '9341', '9342', '9343', '9344', '9712', '9713', '9714', '9715', '9716', '9717', '9718', '9719', '9845', '9846', '8312', '8313', '8314', '8315', '8316', '8317', '8318', '8319']
2020-01-21 10:35:34,395:WARNING:Not Found: /favicon.ico
2020-01-21 10:35:45,119:INFO:98102119:6|98103119:6|98104119:6|98105119:6|98106119:6|98107119:6|98108119:6|98125119:6|98136119:6|98137119:6|98143119:6|98145119:6|98146119:6|98147119:6|98148119:6|98152119:6|98153119:6|98154119:6|98155119:6|98158119:6|98163119:6|98164119:6|98167119:6|98172119:6|98173119:6|98174119:6|98175119:6|98176119:6|98178119:6|98183119:6|98198119:6
2020-01-21 10:57:25,548:INFO:----------------------------------------------------------------------------------------------------
2020-01-21 10:57:46,099:INFO:ДУГААРАА СОНГОЖ БУЙ ХЭСЭГ
2020-01-21 10:57:46,099:INFO:2
2020-01-21 10:57:46,105:INFO:102
2020-01-21 10:57:46,105:INFO:['9812', '9813', '9814', '9815', '9816', '9817', '9818', '9819', '9820', '9821', '9822', '9823', '9824', '9825', '9826', '9827', '9828', '9829', '9830', '9831', '9832', '9833', '9838', '9842', '9843', '9848', '9851', '9856', '9859', '9860', '9861', '9862', '9863', '9864', '9865', '9866', '9870', '9880', '9881', '9882', '9883', '9884', '9885', '9886', '9887', '9888', '9889', '9890', '9891', '9892', '9893', '9894', '9895', '9896', '9897', '9899', '9312', '9313', '9314', '9315', '9316', '9317', '9318', '9319', '9320', '9321', '9322', '9323', '9324', '9325', '9326', '9327', '9328', '9329', '9330', '9331', '9337', '9338', '9339', '9340', '9341', '9342', '9343', '9344', '9712', '9713', '9714', '9715', '9716', '9717', '9718', '9719', '9845', '9846', '8312', '8313', '8314', '8315', '8316', '8317', '8318', '8319']
2020-01-21 10:58:15,776:INFO:98109929:6
2020-01-21 10:58:44,686:INFO:98105153:6|98195153:6
2020-01-21 10:59:15,616:INFO:ДУГААРАА СОНГОЖ БУЙ ХЭСЭГ
2020-01-21 10:59:15,616:INFO:2
2020-01-21 10:59:15,622:INFO:102
2020-01-21 10:59:15,623:INFO:['9812', '9813', '9814', '9815', '9816', '9817', '9818', '9819', '9820', '9821', '9822', '9823', '9824', '9825', '9826', '9827', '9828', '9829', '9830', '9831', '9832', '9833', '9838', '9842', '9843', '9848', '9851', '9856', '9859', '9860', '9861', '9862', '9863', '9864', '9865', '9866', '9870', '9880', '9881', '9882', '9883', '9884', '9885', '9886', '9887', '9888', '9889', '9890', '9891', '9892', '9893', '9894', '9895', '9896', '9897', '9899', '9312', '9313', '9314', '9315', '9316', '9317', '9318', '9319', '9320', '9321', '9322', '9323', '9324', '9325', '9326', '9327', '9328', '9329', '9330', '9331', '9337', '9338', '9339', '9340', '9341', '9342', '9343', '9344', '9712', '9713', '9714', '9715', '9716', '9717', '9718', '9719', '9845', '9846', '8312', '8313', '8314', '8315', '8316', '8317', '8318', '8319']
2020-01-21 10:59:42,352:INFO:98105153:6|98195153:6
2020-01-21 11:02:19,293:INFO:РЕГИСТЕРИЙН ДУГААР
2020-01-21 11:03:24,402:INFO:ДУГААРЫН ZAHIALGA
2020-01-21 11:03:24,411:INFO:Success
2020-01-21 11:04:31,343:INFO:----------------------------------------------------------------------------------------------------
2020-01-21 11:04:31,392:INFO:----------------------------------------------------------------------------------------------------
2020-01-21 11:10:47,566:INFO:ДУГААРАА СОНГОЖ БУЙ ХЭСЭГ
2020-01-21 11:10:47,567:INFO:2
2020-01-21 11:10:47,574:INFO:102
2020-01-21 11:10:47,574:INFO:['9812', '9813', '9814', '9815', '9816', '9817', '9818', '9819', '9820', '9821', '9822', '9823', '9824', '9825', '9826', '9827', '9828', '9829', '9830', '9831', '9832', '9833', '9838', '9842', '9843', '9848', '9851', '9856', '9859', '9860', '9861', '9862', '9863', '9864', '9865', '9866', '9870', '9880', '9881', '9882', '9883', '9884', '9885', '9886', '9887', '9888', '9889', '9890', '9891', '9892', '9893', '9894', '9895', '9896', '9897', '9899', '9312', '9313', '9314', '9315', '9316', '9317', '9318', '9319', '9320', '9321', '9322', '9323', '9324', '9325', '9326', '9327', '9328', '9329', '9330', '9331', '9337', '9338', '9339', '9340', '9341', '9342', '9343', '9344', '9712', '9713', '9714', '9715', '9716', '9717', '9718', '9719', '9845', '9846', '8312', '8313', '8314', '8315', '8316', '8317', '8318', '8319']
2020-01-21 11:11:35,215:INFO:98108890:6|98138890:6|98158890:6|98168890:6
2020-01-21 11:31:46,577:INFO:РЕГИСТЕРИЙН ДУГААР
2020-01-21 11:31:52,179:INFO:ДУГААРЫН ZAHIALGA
2020-01-21 11:31:52,192:INFO:Success
2020-01-21 11:32:03,861:INFO:----------------------------------------------------------------------------------------------------
2020-01-21 11:32:12,611:INFO:----------------------------------------------------------------------------------------------------
2020-01-21 11:32:14,649:INFO:ДУГААРАА СОНГОЖ БУЙ ХЭСЭГ
2020-01-21 11:32:14,649:INFO:2
2020-01-21 11:32:14,658:INFO:102
2020-01-21 11:32:14,659:INFO:['9812', '9813', '9814', '9815', '9816', '9817', '9818', '9819', '9820', '9821', '9822', '9823', '9824', '9825', '9826', '9827', '9828', '9829', '9830', '9831', '9832', '9833', '9838', '9842', '9843', '9848', '9851', '9856', '9859', '9860', '9861', '9862', '9863', '9864', '9865', '9866', '9870', '9880', '9881', '9882', '9883', '9884', '9885', '9886', '9887', '9888', '9889', '9890', '9891', '9892', '9893', '9894', '9895', '9896', '9897', '9899', '9312', '9313', '9314', '9315', '9316', '9317', '9318', '9319', '9320', '9321', '9322', '9323', '9324', '9325', '9326', '9327', '9328', '9329', '9330', '9331', '9337', '9338', '9339', '9340', '9341', '9342', '9343', '9344', '9712', '9713', '9714', '9715', '9716', '9717', '9718', '9719', '9845', '9846', '8312', '8313', '8314', '8315', '8316', '8317', '8318', '8319']
2020-01-21 11:32:14,981:WARNING:Not Found: /favicon.ico
2020-01-21 11:32:35,554:INFO:98100559:6
2020-01-21 11:32:49,248:INFO:-1
2020-01-21 11:32:53,117:INFO:-1
2020-01-21 11:32:54,159:INFO:-1
2020-01-21 11:32:55,414:INFO:-1
2020-01-21 11:32:56,327:INFO:-1
2020-01-21 11:32:57,546:INFO:-1
2020-01-21 11:32:59,925:INFO:ДУГААРАА СОНГОЖ БУЙ ХЭСЭГ
2020-01-21 11:32:59,925:INFO:2
2020-01-21 11:32:59,931:INFO:102
2020-01-21 11:32:59,931:INFO:['9812', '9813', '9814', '9815', '9816', '9817', '9818', '9819', '9820', '9821', '9822', '9823', '9824', '9825', '9826', '9827', '9828', '9829', '9830', '9831', '9832', '9833', '9838', '9842', '9843', '9848', '9851', '9856', '9859', '9860', '9861', '9862', '9863', '9864', '9865', '9866', '9870', '9880', '9881', '9882', '9883', '9884', '9885', '9886', '9887', '9888', '9889', '9890', '9891', '9892', '9893', '9894', '9895', '9896', '9897', '9899', '9312', '9313', '9314', '9315', '9316', '9317', '9318', '9319', '9320', '9321', '9322', '9323', '9324', '9325', '9326', '9327', '9328', '9329', '9330', '9331', '9337', '9338', '9339', '9340', '9341', '9342', '9343', '9344', '9712', '9713', '9714', '9715', '9716', '9717', '9718', '9719', '9845', '9846', '8312', '8313', '8314', '8315', '8316', '8317', '8318', '8319']
2020-01-21 11:33:30,684:INFO:98109959:6
2020-01-21 11:33:31,891:INFO:98109959:6
2020-01-21 11:33:31,977:INFO:98124147:6|98154147:6|98164147:6|98174147:6|98194147:6
2020-01-21 11:33:33,670:INFO:98109959:6
2020-01-21 11:33:35,540:INFO:98109959:6
2020-01-21 11:33:36,511:INFO:98109959:6
2020-01-21 11:33:40,081:INFO:98109959:6
2020-01-21 11:33:41,386:INFO:98109959:6
2020-01-21 11:33:42,817:INFO:98109959:6
2020-01-21 11:33:49,721:INFO:----------------------------------------------------------------------------------------------------
2020-01-21 11:33:51,700:INFO:ДУГААРАА СОНГОЖ БУЙ ХЭСЭГ
2020-01-21 11:33:51,700:INFO:2
2020-01-21 11:33:51,706:INFO:102
2020-01-21 11:33:51,706:INFO:['9812', '9813', '9814', '9815', '9816', '9817', '9818', '9819', '9820', '9821', '9822', '9823', '9824', '9825', '9826', '9827', '9828', '9829', '9830', '9831', '9832', '9833', '9838', '9842', '9843', '9848', '9851', '9856', '9859', '9860', '9861', '9862', '9863', '9864', '9865', '9866', '9870', '9880', '9881', '9882', '9883', '9884', '9885', '9886', '9887', '9888', '9889', '9890', '9891', '9892', '9893', '9894', '9895', '9896', '9897', '9899', '9312', '9313', '9314', '9315', '9316', '9317', '9318', '9319', '9320', '9321', '9322', '9323', '9324', '9325', '9326', '9327', '9328', '9329', '9330', '9331', '9337', '9338', '9339', '9340', '9341', '9342', '9343', '9344', '9712', '9713', '9714', '9715', '9716', '9717', '9718', '9719', '9845', '9846', '8312', '8313', '8314', '8315', '8316', '8317', '8318', '8319']
2020-01-21 11:33:57,081:INFO:98100577:6|98150577:6|98170577:6
2020-01-21 11:34:11,040:INFO:98124147:6|98154147:6|98164147:6|98174147:6|98194147:6
2020-01-21 11:35:28,084:INFO:93100577:6|93110577:6|93140577:6|93150577:6|93160577:6|93180577:6|93190577:6
2020-01-21 11:36:17,904:INFO:93109959:6|93119959:6|93129959:6|93139959:6|93149959:6|93169959:6|93179959:6
2020-01-21 11:37:37,080:INFO:93100399:6|93110399:6|93120399:6|93170399:6|93180399:6
2020-01-21 11:37:49,767:INFO:РЕГИСТЕРИЙН ДУГААР
2020-01-21 11:37:56,589:INFO:98100399:6|98160399:6
2020-01-21 11:38:16,971:INFO:----------------------------------------------------------------------------------------------------
2020-01-21 11:38:27,011:INFO:97100399:6|97140399:6|97150399:6|97160399:6
2020-01-21 11:38:42,880:INFO:ДУГААРАА СОНГОЖ БУЙ ХЭСЭГ
2020-01-21 11:38:42,880:INFO:2
2020-01-21 11:38:42,886:INFO:102
2020-01-21 11:38:42,886:INFO:['9812', '9813', '9814', '9815', '9816', '9817', '9818', '9819', '9820', '9821', '9822', '9823', '9824', '9825', '9826', '9827', '9828', '9829', '9830', '9831', '9832', '9833', '9838', '9842', '9843', '9848', '9851', '9856', '9859', '9860', '9861', '9862', '9863', '9864', '9865', '9866', '9870', '9880', '9881', '9882', '9883', '9884', '9885', '9886', '9887', '9888', '9889', '9890', '9891', '9892', '9893', '9894', '9895', '9896', '9897', '9899', '9312', '9313', '9314', '9315', '9316', '9317', '9318', '9319', '9320', '9321', '9322', '9323', '9324', '9325', '9326', '9327', '9328', '9329', '9330', '9331', '9337', '9338', '9339', '9340', '9341', '9342', '9343', '9344', '9712', '9713', '9714', '9715', '9716', '9717', '9718', '9719', '9845', '9846', '8312', '8313', '8314', '8315', '8316', '8317', '8318', '8319']
2020-01-21 11:39:09,715:INFO:98124147:6|98154147:6|98164147:6|98174147:6|98194147:6
2020-01-21 11:39:16,233:INFO:РЕГИСТЕРИЙН ДУГААР
2020-01-21 11:39:24,962:INFO:ДУГААРЫН ZAHIALGA
2020-01-21 11:39:24,971:INFO:Success
2020-01-21 11:39:28,824:INFO:----------------------------------------------------------------------------------------------------
2020-01-21 11:39:57,587:INFO:93100399:6|93110399:6|93120399:6|93170399:6|93180399:6
2020-01-21 11:41:13,236:INFO:----------------------------------------------------------------------------------------------------
2020-01-21 11:41:14,916:INFO:ДУГААРАА СОНГОЖ БУЙ ХЭСЭГ
2020-01-21 11:41:14,916:INFO:2
2020-01-21 11:41:14,922:INFO:102
2020-01-21 11:41:14,922:INFO:['9812', '9813', '9814', '9815', '9816', '9817', '9818', '9819', '9820', '9821', '9822', '9823', '9824', '9825', '9826', '9827', '9828', '9829', '9830', '9831', '9832', '9833', '9838', '9842', '9843', '9848', '9851', '9856', '9859', '9860', '9861', '9862', '9863', '9864', '9865', '9866', '9870', '9880', '9881', '9882', '9883', '9884', '9885', '9886', '9887', '9888', '9889', '9890', '9891', '9892', '9893', '9894', '9895', '9896', '9897', '9899', '9312', '9313', '9314', '9315', '9316', '9317', '9318', '9319', '9320', '9321', '9322', '9323', '9324', '9325', '9326', '9327', '9328', '9329', '9330', '9331', '9337', '9338', '9339', '9340', '9341', '9342', '9343', '9344', '9712', '9713', '9714', '9715', '9716', '9717', '9718', '9719', '9845', '9846', '8312', '8313', '8314', '8315', '8316', '8317', '8318', '8319']
2020-01-21 11:41:15,169:WARNING:Not Found: /favicon.ico
2020-01-21 11:41:42,388:INFO:-1
2020-01-21 11:41:48,362:INFO:-1
2020-01-21 11:41:50,733:INFO:-1
2020-01-21 11:41:52,599:INFO:-1
2020-01-21 11:41:54,517:INFO:-1
2020-01-21 11:41:56,558:INFO:-1
2020-01-21 11:41:57,851:INFO:-1
2020-01-21 11:42:00,212:INFO:-1
2020-01-21 11:42:04,027:INFO:-1
2020-01-21 11:42:12,803:INFO:83100899:6|83110899:6|83140899:6|83150899:6|83160899:6|83170899:6|83190899:6
2020-01-21 11:42:32,185:INFO:-1
2020-01-21 11:42:37,147:INFO:97100899:6|97110899:6|97130899:6|97150899:6|97160899:6
2020-01-21 11:42:49,348:INFO:93100899:6|93120899:6|93150899:6|93160899:6|93170899:6
2020-01-21 11:43:20,217:INFO:-1
2020-01-21 11:43:25,123:INFO:-1
2020-01-21 11:43:30,568:INFO:-1
2020-01-21 11:43:41,377:INFO:83109099:6
2020-01-21 11:43:45,265:INFO:83109099:6
2020-01-21 11:43:50,052:INFO:93109099:6|93139099:6
2020-01-21 11:44:01,484:INFO:97109099:6
2020-01-21 11:44:07,388:INFO:-1
2020-01-21 11:44:11,224:INFO:-1
2020-01-21 11:44:17,985:INFO:93109099:6|93139099:6
2020-01-21 11:48:52,090:INFO:ДУГААРАА СОНГОЖ БУЙ ХЭСЭГ
2020-01-21 11:48:52,091:INFO:2
2020-01-21 11:48:52,097:INFO:102
2020-01-21 11:48:52,097:INFO:['9812', '9813', '9814', '9815', '9816', '9817', '9818', '9819', '9820', '9821', '9822', '9823', '9824', '9825', '9826', '9827', '9828', '9829', '9830', '9831', '9832', '9833', '9838', '9842', '9843', '9848', '9851', '9856', '9859', '9860', '9861', '9862', '9863', '9864', '9865', '9866', '9870', '9880', '9881', '9882', '9883', '9884', '9885', '9886', '9887', '9888', '9889', '9890', '9891', '9892', '9893', '9894', '9895', '9896', '9897', '9899', '9312', '9313', '9314', '9315', '9316', '9317', '9318', '9319', '9320', '9321', '9322', '9323', '9324', '9325', '9326', '9327', '9328', '9329', '9330', '9331', '9337', '9338', '9339', '9340', '9341', '9342', '9343', '9344', '9712', '9713', '9714', '9715', '9716', '9717', '9718', '9719', '9845', '9846', '8312', '8313', '8314', '8315', '8316', '8317', '8318', '8319']
2020-01-21 11:49:50,497:INFO:ДУГААРАА СОНГОЖ БУЙ ХЭСЭГ
2020-01-21 11:49:50,498:INFO:2
2020-01-21 11:49:50,503:INFO:102
2020-01-21 11:49:50,503:INFO:['9812', '9813', '9814', '9815', '9816', '9817', '9818', '9819', '9820', '9821', '9822', '9823', '9824', '9825', '9826', '9827', '9828', '9829', '9830', '9831', '9832', '9833', '9838', '9842', '9843', '9848', '9851', '9856', '9859', '9860', '9861', '9862', '9863', '9864', '9865', '9866', '9870', '9880', '9881', '9882', '9883', '9884', '9885', '9886', '9887', '9888', '9889', '9890', '9891', '9892', '9893', '9894', '9895', '9896', '9897', '9899', '9312', '9313', '9314', '9315', '9316', '9317', '9318', '9319', '9320', '9321', '9322', '9323', '9324', '9325', '9326', '9327', '9328', '9329', '9330', '9331', '9337', '9338', '9339', '9340', '9341', '9342', '9343', '9344', '9712', '9713', '9714', '9715', '9716', '9717', '9718', '9719', '9845', '9846', '8312', '8313', '8314', '8315', '8316', '8317', '8318', '8319']
2020-01-21 11:50:23,276:INFO:-1
2020-01-21 11:50:46,283:INFO:97140204:6|97180204:6
2020-01-21 11:52:12,293:INFO:РЕГИСТЕРИЙН ДУГААР
2020-01-21 11:52:23,373:INFO:ДУГААРЫН ZAHIALGA
2020-01-21 11:52:23,382:INFO:Success
2020-01-21 11:52:27,943:INFO:----------------------------------------------------------------------------------------------------
2020-01-21 12:51:15,937:INFO:----------------------------------------------------------------------------------------------------
2020-01-21 12:51:26,336:INFO:ДУГААРАА СОНГОЖ БУЙ ХЭСЭГ
2020-01-21 12:51:26,336:INFO:2
2020-01-21 12:51:26,343:INFO:102
2020-01-21 12:51:26,344:INFO:['9812', '9813', '9814', '9815', '9816', '9817', '9818', '9819', '9820', '9821', '9822', '9823', '9824', '9825', '9826', '9827', '9828', '9829', '9830', '9831', '9832', '9833', '9838', '9842', '9843', '9848', '9851', '9856', '9859', '9860', '9861', '9862', '9863', '9864', '9865', '9866', '9870', '9880', '9881', '9882', '9883', '9884', '9885', '9886', '9887', '9888', '9889', '9890', '9891', '9892', '9893', '9894', '9895', '9896', '9897', '9899', '9312', '9313', '9314', '9315', '9316', '9317', '9318', '9319', '9320', '9321', '9322', '9323', '9324', '9325', '9326', '9327', '9328', '9329', '9330', '9331', '9337', '9338', '9339', '9340', '9341', '9342', '9343', '9344', '9712', '9713', '9714', '9715', '9716', '9717', '9718', '9719', '9845', '9846', '8312', '8313', '8314', '8315', '8316', '8317', '8318', '8319']
2020-01-21 12:52:22,511:INFO:98104119:6|98154119:6|98164119:6|98174119:6
2020-01-21 12:55:52,321:INFO:РЕГИСТЕРИЙН ДУГААР
2020-01-21 12:55:59,290:INFO:ДУГААРЫН ZAHIALGA
2020-01-21 12:55:59,298:INFO:Success
2020-01-21 12:56:09,060:INFO:----------------------------------------------------------------------------------------------------
2020-01-21 12:57:09,000:INFO:ДУГААРАА СОНГОЖ БУЙ ХЭСЭГ
2020-01-21 12:57:09,000:INFO:2
2020-01-21 12:57:09,007:INFO:102
2020-01-21 12:57:09,007:INFO:['9812', '9813', '9814', '9815', '9816', '9817', '9818', '9819', '9820', '9821', '9822', '9823', '9824', '9825', '9826', '9827', '9828', '9829', '9830', '9831', '9832', '9833', '9838', '9842', '9843', '9848', '9851', '9856', '9859', '9860', '9861', '9862', '9863', '9864', '9865', '9866', '9870', '9880', '9881', '9882', '9883', '9884', '9885', '9886', '9887', '9888', '9889', '9890', '9891', '9892', '9893', '9894', '9895', '9896', '9897', '9899', '9312', '9313', '9314', '9315', '9316', '9317', '9318', '9319', '9320', '9321', '9322', '9323', '9324', '9325', '9326', '9327', '9328', '9329', '9330', '9331', '9337', '9338', '9339', '9340', '9341', '9342', '9343', '9344', '9712', '9713', '9714', '9715', '9716', '9717', '9718', '9719', '9845', '9846', '8312', '8313', '8314', '8315', '8316', '8317', '8318', '8319']
2020-01-21 12:57:53,445:INFO:98104930:6|98124930:6|98144930:6|98154930:6|98164930:6|98174930:6|98184930:6
2020-01-21 12:58:24,239:INFO:РЕГИСТЕРИЙН ДУГААР
2020-01-21 12:58:29,959:INFO:ДУГААРАА СОНГОЖ БУЙ ХЭСЭГ
2020-01-21 12:58:29,960:INFO:2
2020-01-21 12:58:29,966:INFO:102
2020-01-21 12:58:29,966:INFO:['9812', '9813', '9814', '9815', '9816', '9817', '9818', '9819', '9820', '9821', '9822', '9823', '9824', '9825', '9826', '9827', '9828', '9829', '9830', '9831', '9832', '9833', '9838', '9842', '9843', '9848', '9851', '9856', '9859', '9860', '9861', '9862', '9863', '9864', '9865', '9866', '9870', '9880', '9881', '9882', '9883', '9884', '9885', '9886', '9887', '9888', '9889', '9890', '9891', '9892', '9893', '9894', '9895', '9896', '9897', '9899', '9312', '9313', '9314', '9315', '9316', '9317', '9318', '9319', '9320', '9321', '9322', '9323', '9324', '9325', '9326', '9327', '9328', '9329', '9330', '9331', '9337', '9338', '9339', '9340', '9341', '9342', '9343', '9344', '9712', '9713', '9714', '9715', '9716', '9717', '9718', '9719', '9845', '9846', '8312', '8313', '8314', '8315', '8316', '8317', '8318', '8319']
2020-01-21 12:58:49,890:INFO:98104930:6|98124930:6|98144930:6|98154930:6|98164930:6|98174930:6|98184930:6
2020-01-21 12:58:57,080:INFO:РЕГИСТЕРИЙН ДУГААР
2020-01-21 12:59:03,120:INFO:ДУГААРЫН ZAHIALGA
2020-01-21 12:59:03,128:INFO:Success
2020-01-21 12:59:06,887:INFO:----------------------------------------------------------------------------------------------------
2020-01-21 13:03:45,489:INFO:----------------------------------------------------------------------------------------------------
2020-01-21 13:03:47,780:INFO:ДУГААРАА СОНГОЖ БУЙ ХЭСЭГ
2020-01-21 13:03:47,780:INFO:2
2020-01-21 13:03:47,787:INFO:102
2020-01-21 13:03:47,787:INFO:['9812', '9813', '9814', '9815', '9816', '9817', '9818', '9819', '9820', '9821', '9822', '9823', '9824', '9825', '9826', '9827', '9828', '9829', '9830', '9831', '9832', '9833', '9838', '9842', '9843', '9848', '9851', '9856', '9859', '9860', '9861', '9862', '9863', '9864', '9865', '9866', '9870', '9880', '9881', '9882', '9883', '9884', '9885', '9886', '9887', '9888', '9889', '9890', '9891', '9892', '9893', '9894', '9895', '9896', '9897', '9899', '9312', '9313', '9314', '9315', '9316', '9317', '9318', '9319', '9320', '9321', '9322', '9323', '9324', '9325', '9326', '9327', '9328', '9329', '9330', '9331', '9337', '9338', '9339', '9340', '9341', '9342', '9343', '9344', '9712', '9713', '9714', '9715', '9716', '9717', '9718', '9719', '9845', '9846', '8312', '8313', '8314', '8315', '8316', '8317', '8318', '8319']
2020-01-21 13:04:16,869:INFO:98101980:6|98141980:6|98161980:6|98171980:6
2020-01-21 13:04:46,383:INFO:РЕГИСТЕРИЙН ДУГААР
2020-01-21 13:04:53,513:INFO:ДУГААРЫН ZAHIALGA
2020-01-21 13:04:53,522:INFO:Success
2020-01-21 13:04:56,284:INFO:----------------------------------------------------------------------------------------------------
2020-01-21 13:18:44,373:WARNING:Not Found: /
2020-01-21 13:53:11,902:ERROR:Invalid HTTP_HOST header: u'DugaarShuult:8000'. You may need to add u'dugaarshuult' to ALLOWED_HOSTS.
2020-01-21 14:16:26,219:INFO:----------------------------------------------------------------------------------------------------
2020-01-21 14:16:34,119:INFO:ДУГААРАА СОНГОЖ БУЙ ХЭСЭГ
2020-01-21 14:16:34,120:INFO:2
2020-01-21 14:16:34,126:INFO:102
2020-01-21 14:16:34,126:INFO:['9812', '9813', '9814', '9815', '9816', '9817', '9818', '9819', '9820', '9821', '9822', '9823', '9824', '9825', '9826', '9827', '9828', '9829', '9830', '9831', '9832', '9833', '9838', '9842', '9843', '9848', '9851', '9856', '9859', '9860', '9861', '9862', '9863', '9864', '9865', '9866', '9870', '9880', '9881', '9882', '9883', '9884', '9885', '9886', '9887', '9888', '9889', '9890', '9891', '9892', '9893', '9894', '9895', '9896', '9897', '9899', '9312', '9313', '9314', '9315', '9316', '9317', '9318', '9319', '9320', '9321', '9322', '9323', '9324', '9325', '9326', '9327', '9328', '9329', '9330', '9331', '9337', '9338', '9339', '9340', '9341', '9342', '9343', '9344', '9712', '9713', '9714', '9715', '9716', '9717', '9718', '9719', '9845', '9846', '8312', '8313', '8314', '8315', '8316', '8317', '8318', '8319']
2020-01-21 14:18:17,069:ERROR:Invalid HTTP_HOST header: u'DugaarShuult:8000'. You may need to add u'dugaarshuult' to ALLOWED_HOSTS.
2020-01-21 14:23:26,922:WARNING:Not Found: /FxCodeShell.jsp 
2020-01-21 14:23:27,131:WARNING:Not Found: /FxCodeShell.jsp::$DATA
2020-01-21 14:23:27,341:WARNING:Not Found: /FxCodeShell.jsp/
2020-01-21 14:23:27,549:WARNING:Not Found: /FxCodeShell.jsp
2020-01-21 14:24:07,042:INFO:98105095:6|98135095:6|98145095:6|98175095:6|98195095:6
2020-01-21 14:24:43,690:INFO:РЕГИСТЕРИЙН ДУГААР
2020-01-21 14:24:55,090:INFO:ДУГААРЫН ZAHIALGA
2020-01-21 14:24:55,098:INFO:Success
2020-01-21 14:33:22,824:INFO:----------------------------------------------------------------------------------------------------
2020-01-21 14:33:25,105:INFO:ДУГААРАА СОНГОЖ БУЙ ХЭСЭГ
2020-01-21 14:33:25,105:INFO:2
2020-01-21 14:33:25,111:INFO:102
2020-01-21 14:33:25,112:INFO:['9812', '9813', '9814', '9815', '9816', '9817', '9818', '9819', '9820', '9821', '9822', '9823', '9824', '9825', '9826', '9827', '9828', '9829', '9830', '9831', '9832', '9833', '9838', '9842', '9843', '9848', '9851', '9856', '9859', '9860', '9861', '9862', '9863', '9864', '9865', '9866', '9870', '9880', '9881', '9882', '9883', '9884', '9885', '9886', '9887', '9888', '9889', '9890', '9891', '9892', '9893', '9894', '9895', '9896', '9897', '9899', '9312', '9313', '9314', '9315', '9316', '9317', '9318', '9319', '9320', '9321', '9322', '9323', '9324', '9325', '9326', '9327', '9328', '9329', '9330', '9331', '9337', '9338', '9339', '9340', '9341', '9342', '9343', '9344', '9712', '9713', '9714', '9715', '9716', '9717', '9718', '9719', '9845', '9846', '8312', '8313', '8314', '8315', '8316', '8317', '8318', '8319']
2020-01-21 14:33:44,138:INFO:98107298:6|98137298:6|98147298:6|98177298:6|98197298:6
2020-01-21 14:34:09,645:INFO:РЕГИСТЕРИЙН ДУГААР
2020-01-21 14:34:14,316:INFO:ДУГААРЫН ZAHIALGA
2020-01-21 14:34:14,327:INFO:Success
2020-01-21 14:34:17,313:INFO:----------------------------------------------------------------------------------------------------
2020-01-21 14:36:00,812:INFO:----------------------------------------------------------------------------------------------------
2020-01-21 14:36:02,621:INFO:ДУГААРАА СОНГОЖ БУЙ ХЭСЭГ
2020-01-21 14:36:02,621:INFO:2
2020-01-21 14:36:02,628:INFO:102
2020-01-21 14:36:02,628:INFO:['9812', '9813', '9814', '9815', '9816', '9817', '9818', '9819', '9820', '9821', '9822', '9823', '9824', '9825', '9826', '9827', '9828', '9829', '9830', '9831', '9832', '9833', '9838', '9842', '9843', '9848', '9851', '9856', '9859', '9860', '9861', '9862', '9863', '9864', '9865', '9866', '9870', '9880', '9881', '9882', '9883', '9884', '9885', '9886', '9887', '9888', '9889', '9890', '9891', '9892', '9893', '9894', '9895', '9896', '9897', '9899', '9312', '9313', '9314', '9315', '9316', '9317', '9318', '9319', '9320', '9321', '9322', '9323', '9324', '9325', '9326', '9327', '9328', '9329', '9330', '9331', '9337', '9338', '9339', '9340', '9341', '9342', '9343', '9344', '9712', '9713', '9714', '9715', '9716', '9717', '9718', '9719', '9845', '9846', '8312', '8313', '8314', '8315', '8316', '8317', '8318', '8319']
2020-01-21 14:36:17,111:INFO:98102778:6|98122778:6
2020-01-21 14:36:34,473:INFO:ДУГААРЫН ҮНЭ
2020-01-21 14:36:34,476:INFO:5000
2020-01-21 14:36:36,475:INFO:ДУГААРАА СОНГОЖ БУЙ ХЭСЭГ
2020-01-21 14:36:36,476:INFO:2
2020-01-21 14:36:36,481:INFO:102
2020-01-21 14:36:36,481:INFO:['9812', '9813', '9814', '9815', '9816', '9817', '9818', '9819', '9820', '9821', '9822', '9823', '9824', '9825', '9826', '9827', '9828', '9829', '9830', '9831', '9832', '9833', '9838', '9842', '9843', '9848', '9851', '9856', '9859', '9860', '9861', '9862', '9863', '9864', '9865', '9866', '9870', '9880', '9881', '9882', '9883', '9884', '9885', '9886', '9887', '9888', '9889', '9890', '9891', '9892', '9893', '9894', '9895', '9896', '9897', '9899', '9312', '9313', '9314', '9315', '9316', '9317', '9318', '9319', '9320', '9321', '9322', '9323', '9324', '9325', '9326', '9327', '9328', '9329', '9330', '9331', '9337', '9338', '9339', '9340', '9341', '9342', '9343', '9344', '9712', '9713', '9714', '9715', '9716', '9717', '9718', '9719', '9845', '9846', '8312', '8313', '8314', '8315', '8316', '8317', '8318', '8319']
2020-01-21 14:36:40,606:INFO:98130440:9|98132442:9|98132662:9|98134224:9|98134242:9|98134664:9|98134884:9|98135995:9|98136060:9|98136116:9|98136446:9|98136556:9|98137227:9|98138686:9|98139669:9
2020-01-21 14:36:44,517:INFO:ДУГААРЫН ҮНЭ
2020-01-21 14:36:44,521:INFO:5000
2020-01-21 14:36:47,273:INFO:ДУГААРАА СОНГОЖ БУЙ ХЭСЭГ
2020-01-21 14:36:47,273:INFO:2
2020-01-21 14:36:47,279:INFO:102
2020-01-21 14:36:47,279:INFO:['9812', '9813', '9814', '9815', '9816', '9817', '9818', '9819', '9820', '9821', '9822', '9823', '9824', '9825', '9826', '9827', '9828', '9829', '9830', '9831', '9832', '9833', '9838', '9842', '9843', '9848', '9851', '9856', '9859', '9860', '9861', '9862', '9863', '9864', '9865', '9866', '9870', '9880', '9881', '9882', '9883', '9884', '9885', '9886', '9887', '9888', '9889', '9890', '9891', '9892', '9893', '9894', '9895', '9896', '9897', '9899', '9312', '9313', '9314', '9315', '9316', '9317', '9318', '9319', '9320', '9321', '9322', '9323', '9324', '9325', '9326', '9327', '9328', '9329', '9330', '9331', '9337', '9338', '9339', '9340', '9341', '9342', '9343', '9344', '9712', '9713', '9714', '9715', '9716', '9717', '9718', '9719', '9845', '9846', '8312', '8313', '8314', '8315', '8316', '8317', '8318', '8319']
2020-01-21 14:36:59,929:INFO:93430022:7|93430044:7|93430077:7|93430099:7|93431100:7|93431144:7|93431155:7|93431177:7|93432200:7|93432211:7|93432233:7|93432244:7|93432277:7|93432288:7|93432299:7|93433300:7|93433311:7|93433322:7|93433366:7|93433377:7|93434411:7|93434422:7|93434466:7|93434477:7|93435500:7|93435511:7|93435522:7|93435533:7|93435544:7|93435577:7|93435588:7|93435599:7|93436600:7|93436611:7|93436622:7|93436633:7|93436644:7|93436655:7|93436688:7|93436699:7|93437700:7|93437711:7|93437722:7|93437733:7|93437744:7|93437755:7|93437766:7|93437788:7|93437799:7|93438800:7|93438811:7|93438822:7|93438833:7|93438844:7|93438855:7|93438866:7|93439911:7|93439922:7|93439933:7|93439944:7|93439955:7|93439966:7|93439977:7|93439988:7
2020-01-21 14:37:48,845:INFO:ДУГААРЫН ҮНЭ
2020-01-21 14:37:48,849:INFO:5000
2020-01-21 14:37:50,480:INFO:ДУГААРАА СОНГОЖ БУЙ ХЭСЭГ
2020-01-21 14:37:50,480:INFO:2
2020-01-21 14:37:50,485:INFO:102
2020-01-21 14:37:50,486:INFO:['9812', '9813', '9814', '9815', '9816', '9817', '9818', '9819', '9820', '9821', '9822', '9823', '9824', '9825', '9826', '9827', '9828', '9829', '9830', '9831', '9832', '9833', '9838', '9842', '9843', '9848', '9851', '9856', '9859', '9860', '9861', '9862', '9863', '9864', '9865', '9866', '9870', '9880', '9881', '9882', '9883', '9884', '9885', '9886', '9887', '9888', '9889', '9890', '9891', '9892', '9893', '9894', '9895', '9896', '9897', '9899', '9312', '9313', '9314', '9315', '9316', '9317', '9318', '9319', '9320', '9321', '9322', '9323', '9324', '9325', '9326', '9327', '9328', '9329', '9330', '9331', '9337', '9338', '9339', '9340', '9341', '9342', '9343', '9344', '9712', '9713', '9714', '9715', '9716', '9717', '9718', '9719', '9845', '9846', '8312', '8313', '8314', '8315', '8316', '8317', '8318', '8319']
2020-01-21 14:46:47,485:INFO:98108264:6|98118264:6|98128264:6|98148264:6|98158264:6|98168264:6|98198264:6
2020-01-21 14:48:33,641:INFO:98100811:6
2020-01-21 14:48:44,990:INFO:-1
2020-01-21 14:48:48,776:INFO:-1
2020-01-21 14:48:54,352:INFO:97100120:6|97110120:6|97140120:6|97150120:6|97160120:6|97190120:6
2020-01-21 14:50:07,306:INFO:98106282:6|98136282:6|98146282:6|98166282:6
2020-01-21 14:51:10,529:INFO:----------------------------------------------------------------------------------------------------
2020-01-21 14:51:35,860:INFO:ДУГААРАА СОНГОЖ БУЙ ХЭСЭГ
2020-01-21 14:51:35,860:INFO:2
2020-01-21 14:51:35,866:INFO:102
2020-01-21 14:51:35,866:INFO:['9812', '9813', '9814', '9815', '9816', '9817', '9818', '9819', '9820', '9821', '9822', '9823', '9824', '9825', '9826', '9827', '9828', '9829', '9830', '9831', '9832', '9833', '9838', '9842', '9843', '9848', '9851', '9856', '9859', '9860', '9861', '9862', '9863', '9864', '9865', '9866', '9870', '9880', '9881', '9882', '9883', '9884', '9885', '9886', '9887', '9888', '9889', '9890', '9891', '9892', '9893', '9894', '9895', '9896', '9897', '9899', '9312', '9313', '9314', '9315', '9316', '9317', '9318', '9319', '9320', '9321', '9322', '9323', '9324', '9325', '9326', '9327', '9328', '9329', '9330', '9331', '9337', '9338', '9339', '9340', '9341', '9342', '9343', '9344', '9712', '9713', '9714', '9715', '9716', '9717', '9718', '9719', '9845', '9846', '8312', '8313', '8314', '8315', '8316', '8317', '8318', '8319']
2020-01-21 14:51:36,101:INFO:----------------------------------------------------------------------------------------------------
2020-01-21 14:51:38,510:INFO:ДУГААРАА СОНГОЖ БУЙ ХЭСЭГ
2020-01-21 14:51:38,510:INFO:2
2020-01-21 14:51:38,516:INFO:102
2020-01-21 14:51:38,516:INFO:['9812', '9813', '9814', '9815', '9816', '9817', '9818', '9819', '9820', '9821', '9822', '9823', '9824', '9825', '9826', '9827', '9828', '9829', '9830', '9831', '9832', '9833', '9838', '9842', '9843', '9848', '9851', '9856', '9859', '9860', '9861', '9862', '9863', '9864', '9865', '9866', '9870', '9880', '9881', '9882', '9883', '9884', '9885', '9886', '9887', '9888', '9889', '9890', '9891', '9892', '9893', '9894', '9895', '9896', '9897', '9899', '9312', '9313', '9314', '9315', '9316', '9317', '9318', '9319', '9320', '9321', '9322', '9323', '9324', '9325', '9326', '9327', '9328', '9329', '9330', '9331', '9337', '9338', '9339', '9340', '9341', '9342', '9343', '9344', '9712', '9713', '9714', '9715', '9716', '9717', '9718', '9719', '9845', '9846', '8312', '8313', '8314', '8315', '8316', '8317', '8318', '8319']
2020-01-21 14:51:40,807:INFO:98107505:6|98137505:6|98147505:6|98167505:6|98187505:6|98197505:6
2020-01-21 14:51:56,775:INFO:-1
2020-01-21 14:52:04,476:INFO:97101214:6|97141214:6|97161214:6|97181214:6
2020-01-21 14:52:29,324:INFO:98109691:6|98139691:6|98169691:6|98179691:6|98189691:6
2020-01-21 14:52:49,840:INFO:-1
2020-01-21 14:52:56,702:INFO:-1
2020-01-21 14:53:12,496:INFO:-1
2020-01-21 14:53:40,506:INFO:-1
2020-01-21 14:53:54,149:INFO:98103778:6|98123778:6|98153778:6|98163778:6|98173778:6
2020-01-21 14:54:19,053:INFO:РЕГИСТЕРИЙН ДУГААР
2020-01-21 14:54:28,953:INFO:ДУГААРЫН ZAHIALGA
2020-01-21 14:54:28,964:INFO:Success
2020-01-21 14:54:30,923:INFO:----------------------------------------------------------------------------------------------------
2020-01-21 14:54:32,684:INFO:ДУГААРАА СОНГОЖ БУЙ ХЭСЭГ
2020-01-21 14:54:32,684:INFO:2
2020-01-21 14:54:32,690:INFO:102
2020-01-21 14:54:32,690:INFO:['9812', '9813', '9814', '9815', '9816', '9817', '9818', '9819', '9820', '9821', '9822', '9823', '9824', '9825', '9826', '9827', '9828', '9829', '9830', '9831', '9832', '9833', '9838', '9842', '9843', '9848', '9851', '9856', '9859', '9860', '9861', '9862', '9863', '9864', '9865', '9866', '9870', '9880', '9881', '9882', '9883', '9884', '9885', '9886', '9887', '9888', '9889', '9890', '9891', '9892', '9893', '9894', '9895', '9896', '9897', '9899', '9312', '9313', '9314', '9315', '9316', '9317', '9318', '9319', '9320', '9321', '9322', '9323', '9324', '9325', '9326', '9327', '9328', '9329', '9330', '9331', '9337', '9338', '9339', '9340', '9341', '9342', '9343', '9344', '9712', '9713', '9714', '9715', '9716', '9717', '9718', '9719', '9845', '9846', '8312', '8313', '8314', '8315', '8316', '8317', '8318', '8319']
2020-01-21 14:54:51,530:INFO:98108264:6|98118264:6|98128264:6|98148264:6|98158264:6|98168264:6|98198264:6
2020-01-21 14:54:57,412:INFO:РЕГИСТЕРИЙН ДУГААР
2020-01-21 14:55:06,072:INFO:ДУГААРЫН ZAHIALGA
2020-01-21 14:55:06,082:INFO:Success
2020-01-21 14:55:07,713:INFO:----------------------------------------------------------------------------------------------------
2020-01-21 14:55:09,803:INFO:ДУГААРАА СОНГОЖ БУЙ ХЭСЭГ
2020-01-21 14:55:09,803:INFO:2
2020-01-21 14:55:09,809:INFO:102
2020-01-21 14:55:09,809:INFO:['9812', '9813', '9814', '9815', '9816', '9817', '9818', '9819', '9820', '9821', '9822', '9823', '9824', '9825', '9826', '9827', '9828', '9829', '9830', '9831', '9832', '9833', '9838', '9842', '9843', '9848', '9851', '9856', '9859', '9860', '9861', '9862', '9863', '9864', '9865', '9866', '9870', '9880', '9881', '9882', '9883', '9884', '9885', '9886', '9887', '9888', '9889', '9890', '9891', '9892', '9893', '9894', '9895', '9896', '9897', '9899', '9312', '9313', '9314', '9315', '9316', '9317', '9318', '9319', '9320', '9321', '9322', '9323', '9324', '9325', '9326', '9327', '9328', '9329', '9330', '9331', '9337', '9338', '9339', '9340', '9341', '9342', '9343', '9344', '9712', '9713', '9714', '9715', '9716', '9717', '9718', '9719', '9845', '9846', '8312', '8313', '8314', '8315', '8316', '8317', '8318', '8319']
2020-01-21 14:55:22,895:INFO:98109691:6|98139691:6|98169691:6|98179691:6|98189691:6
2020-01-21 14:55:32,843:INFO:РЕГИСТЕРИЙН ДУГААР
2020-01-21 14:55:38,953:INFO:ДУГААРЫН ZAHIALGA
2020-01-21 14:55:38,963:INFO:Success
2020-01-21 14:55:41,005:INFO:----------------------------------------------------------------------------------------------------
2020-01-21 14:55:42,932:INFO:ДУГААРАА СОНГОЖ БУЙ ХЭСЭГ
2020-01-21 14:55:42,932:INFO:2
2020-01-21 14:55:42,937:INFO:102
2020-01-21 14:55:42,937:INFO:['9812', '9813', '9814', '9815', '9816', '9817', '9818', '9819', '9820', '9821', '9822', '9823', '9824', '9825', '9826', '9827', '9828', '9829', '9830', '9831', '9832', '9833', '9838', '9842', '9843', '9848', '9851', '9856', '9859', '9860', '9861', '9862', '9863', '9864', '9865', '9866', '9870', '9880', '9881', '9882', '9883', '9884', '9885', '9886', '9887', '9888', '9889', '9890', '9891', '9892', '9893', '9894', '9895', '9896', '9897', '9899', '9312', '9313', '9314', '9315', '9316', '9317', '9318', '9319', '9320', '9321', '9322', '9323', '9324', '9325', '9326', '9327', '9328', '9329', '9330', '9331', '9337', '9338', '9339', '9340', '9341', '9342', '9343', '9344', '9712', '9713', '9714', '9715', '9716', '9717', '9718', '9719', '9845', '9846', '8312', '8313', '8314', '8315', '8316', '8317', '8318', '8319']
2020-01-21 14:55:58,083:INFO:98106282:6|98136282:6|98146282:6|98166282:6
2020-01-21 14:56:14,288:INFO:РЕГИСТЕРИЙН ДУГААР
2020-01-21 14:56:22,018:INFO:ДУГААРЫН ZAHIALGA
2020-01-21 14:56:22,027:INFO:Success
2020-01-21 14:56:24,438:INFO:----------------------------------------------------------------------------------------------------
2020-01-21 14:56:26,679:INFO:ДУГААРАА СОНГОЖ БУЙ ХЭСЭГ
2020-01-21 14:56:26,679:INFO:2
2020-01-21 14:56:26,685:INFO:102
2020-01-21 14:56:26,685:INFO:['9812', '9813', '9814', '9815', '9816', '9817', '9818', '9819', '9820', '9821', '9822', '9823', '9824', '9825', '9826', '9827', '9828', '9829', '9830', '9831', '9832', '9833', '9838', '9842', '9843', '9848', '9851', '9856', '9859', '9860', '9861', '9862', '9863', '9864', '9865', '9866', '9870', '9880', '9881', '9882', '9883', '9884', '9885', '9886', '9887', '9888', '9889', '9890', '9891', '9892', '9893', '9894', '9895', '9896', '9897', '9899', '9312', '9313', '9314', '9315', '9316', '9317', '9318', '9319', '9320', '9321', '9322', '9323', '9324', '9325', '9326', '9327', '9328', '9329', '9330', '9331', '9337', '9338', '9339', '9340', '9341', '9342', '9343', '9344', '9712', '9713', '9714', '9715', '9716', '9717', '9718', '9719', '9845', '9846', '8312', '8313', '8314', '8315', '8316', '8317', '8318', '8319']
2020-01-21 14:56:40,310:INFO:98102778:6|98122778:6
2020-01-21 14:56:49,457:INFO:РЕГИСТЕРИЙН ДУГААР
2020-01-21 14:56:55,550:INFO:ДУГААРЫН ZAHIALGA
2020-01-21 14:56:55,561:INFO:Success
2020-01-21 14:56:57,399:INFO:----------------------------------------------------------------------------------------------------
2020-01-21 14:56:59,038:INFO:ДУГААРАА СОНГОЖ БУЙ ХЭСЭГ
2020-01-21 14:56:59,038:INFO:2
2020-01-21 14:56:59,044:INFO:102
2020-01-21 14:56:59,044:INFO:['9812', '9813', '9814', '9815', '9816', '9817', '9818', '9819', '9820', '9821', '9822', '9823', '9824', '9825', '9826', '9827', '9828', '9829', '9830', '9831', '9832', '9833', '9838', '9842', '9843', '9848', '9851', '9856', '9859', '9860', '9861', '9862', '9863', '9864', '9865', '9866', '9870', '9880', '9881', '9882', '9883', '9884', '9885', '9886', '9887', '9888', '9889', '9890', '9891', '9892', '9893', '9894', '9895', '9896', '9897', '9899', '9312', '9313', '9314', '9315', '9316', '9317', '9318', '9319', '9320', '9321', '9322', '9323', '9324', '9325', '9326', '9327', '9328', '9329', '9330', '9331', '9337', '9338', '9339', '9340', '9341', '9342', '9343', '9344', '9712', '9713', '9714', '9715', '9716', '9717', '9718', '9719', '9845', '9846', '8312', '8313', '8314', '8315', '8316', '8317', '8318', '8319']
2020-01-21 14:57:25,350:INFO:98103778:6|98123778:6|98153778:6|98163778:6
2020-01-21 15:16:45,319:INFO:----------------------------------------------------------------------------------------------------
2020-01-21 15:16:46,799:INFO:ДУГААРАА СОНГОЖ БУЙ ХЭСЭГ
2020-01-21 15:16:46,800:INFO:2
2020-01-21 15:16:46,806:INFO:102
2020-01-21 15:16:46,806:INFO:['9812', '9813', '9814', '9815', '9816', '9817', '9818', '9819', '9820', '9821', '9822', '9823', '9824', '9825', '9826', '9827', '9828', '9829', '9830', '9831', '9832', '9833', '9838', '9842', '9843', '9848', '9851', '9856', '9859', '9860', '9861', '9862', '9863', '9864', '9865', '9866', '9870', '9880', '9881', '9882', '9883', '9884', '9885', '9886', '9887', '9888', '9889', '9890', '9891', '9892', '9893', '9894', '9895', '9896', '9897', '9899', '9312', '9313', '9314', '9315', '9316', '9317', '9318', '9319', '9320', '9321', '9322', '9323', '9324', '9325', '9326', '9327', '9328', '9329', '9330', '9331', '9337', '9338', '9339', '9340', '9341', '9342', '9343', '9344', '9712', '9713', '9714', '9715', '9716', '9717', '9718', '9719', '9845', '9846', '8312', '8313', '8314', '8315', '8316', '8317', '8318', '8319']
2020-01-21 15:17:00,632:INFO:98105848:6|98135848:6|98145848:6|98155848:6|98175848:6
2020-01-21 15:45:28,757:INFO:----------------------------------------------------------------------------------------------------
2020-01-21 15:45:31,407:INFO:ДУГААРАА СОНГОЖ БУЙ ХЭСЭГ
2020-01-21 15:45:31,407:INFO:2
2020-01-21 15:45:31,416:INFO:102
2020-01-21 15:45:31,416:INFO:['9812', '9813', '9814', '9815', '9816', '9817', '9818', '9819', '9820', '9821', '9822', '9823', '9824', '9825', '9826', '9827', '9828', '9829', '9830', '9831', '9832', '9833', '9838', '9842', '9843', '9848', '9851', '9856', '9859', '9860', '9861', '9862', '9863', '9864', '9865', '9866', '9870', '9880', '9881', '9882', '9883', '9884', '9885', '9886', '9887', '9888', '9889', '9890', '9891', '9892', '9893', '9894', '9895', '9896', '9897', '9899', '9312', '9313', '9314', '9315', '9316', '9317', '9318', '9319', '9320', '9321', '9322', '9323', '9324', '9325', '9326', '9327', '9328', '9329', '9330', '9331', '9337', '9338', '9339', '9340', '9341', '9342', '9343', '9344', '9712', '9713', '9714', '9715', '9716', '9717', '9718', '9719', '9845', '9846', '8312', '8313', '8314', '8315', '8316', '8317', '8318', '8319']
2020-01-21 15:45:46,506:INFO:-1
2020-01-21 15:45:54,596:INFO:97100069:6|97110069:6|97140069:6|97150069:6
2020-01-21 15:46:20,548:INFO:РЕГИСТЕРИЙН ДУГААР
2020-01-21 15:46:25,297:INFO:ДУГААРЫН ZAHIALGA
2020-01-21 15:46:25,306:INFO:Success
2020-01-21 15:46:27,365:INFO:----------------------------------------------------------------------------------------------------
2020-01-21 15:47:00,070:INFO:ДУГААРАА СОНГОЖ БУЙ ХЭСЭГ
2020-01-21 15:47:00,071:INFO:2
2020-01-21 15:47:00,077:INFO:102
2020-01-21 15:47:00,077:INFO:['9812', '9813', '9814', '9815', '9816', '9817', '9818', '9819', '9820', '9821', '9822', '9823', '9824', '9825', '9826', '9827', '9828', '9829', '9830', '9831', '9832', '9833', '9838', '9842', '9843', '9848', '9851', '9856', '9859', '9860', '9861', '9862', '9863', '9864', '9865', '9866', '9870', '9880', '9881', '9882', '9883', '9884', '9885', '9886', '9887', '9888', '9889', '9890', '9891', '9892', '9893', '9894', '9895', '9896', '9897', '9899', '9312', '9313', '9314', '9315', '9316', '9317', '9318', '9319', '9320', '9321', '9322', '9323', '9324', '9325', '9326', '9327', '9328', '9329', '9330', '9331', '9337', '9338', '9339', '9340', '9341', '9342', '9343', '9344', '9712', '9713', '9714', '9715', '9716', '9717', '9718', '9719', '9845', '9846', '8312', '8313', '8314', '8315', '8316', '8317', '8318', '8319']
2020-01-21 15:47:00,310:WARNING:Not Found: /favicon.ico
2020-01-21 15:48:56,557:INFO:----------------------------------------------------------------------------------------------------
2020-01-21 15:49:20,065:INFO:ДУГААРАА СОНГОЖ БУЙ ХЭСЭГ
2020-01-21 15:49:20,065:INFO:2
2020-01-21 15:49:20,072:INFO:102
2020-01-21 15:49:20,072:INFO:['9812', '9813', '9814', '9815', '9816', '9817', '9818', '9819', '9820', '9821', '9822', '9823', '9824', '9825', '9826', '9827', '9828', '9829', '9830', '9831', '9832', '9833', '9838', '9842', '9843', '9848', '9851', '9856', '9859', '9860', '9861', '9862', '9863', '9864', '9865', '9866', '9870', '9880', '9881', '9882', '9883', '9884', '9885', '9886', '9887', '9888', '9889', '9890', '9891', '9892', '9893', '9894', '9895', '9896', '9897', '9899', '9312', '9313', '9314', '9315', '9316', '9317', '9318', '9319', '9320', '9321', '9322', '9323', '9324', '9325', '9326', '9327', '9328', '9329', '9330', '9331', '9337', '9338', '9339', '9340', '9341', '9342', '9343', '9344', '9712', '9713', '9714', '9715', '9716', '9717', '9718', '9719', '9845', '9846', '8312', '8313', '8314', '8315', '8316', '8317', '8318', '8319']
2020-01-21 15:49:20,145:INFO:ДУГААРАА СОНГОЖ БУЙ ХЭСЭГ
2020-01-21 15:49:20,145:INFO:2
2020-01-21 15:49:20,150:INFO:102
2020-01-21 15:49:20,150:INFO:['9812', '9813', '9814', '9815', '9816', '9817', '9818', '9819', '9820', '9821', '9822', '9823', '9824', '9825', '9826', '9827', '9828', '9829', '9830', '9831', '9832', '9833', '9838', '9842', '9843', '9848', '9851', '9856', '9859', '9860', '9861', '9862', '9863', '9864', '9865', '9866', '9870', '9880', '9881', '9882', '9883', '9884', '9885', '9886', '9887', '9888', '9889', '9890', '9891', '9892', '9893', '9894', '9895', '9896', '9897', '9899', '9312', '9313', '9314', '9315', '9316', '9317', '9318', '9319', '9320', '9321', '9322', '9323', '9324', '9325', '9326', '9327', '9328', '9329', '9330', '9331', '9337', '9338', '9339', '9340', '9341', '9342', '9343', '9344', '9712', '9713', '9714', '9715', '9716', '9717', '9718', '9719', '9845', '9846', '8312', '8313', '8314', '8315', '8316', '8317', '8318', '8319']
2020-01-21 15:49:35,964:INFO:98103932:6|98143932:6|98153932:6|98163932:6|98173932:6
2020-01-21 15:50:00,654:INFO:РЕГИСТЕРИЙН ДУГААР
2020-01-21 15:50:06,812:INFO:ДУГААРЫН ZAHIALGA
2020-01-21 15:50:06,820:INFO:Success
2020-01-21 15:50:09,003:INFO:----------------------------------------------------------------------------------------------------
2020-01-21 16:00:26,544:WARNING:Not Found: /
2020-01-21 16:01:17,821:ERROR:Invalid HTTP_HOST header: u'DugaarShuult:8000'. You may need to add u'dugaarshuult' to ALLOWED_HOSTS.
2020-01-21 16:04:51,355:INFO:----------------------------------------------------------------------------------------------------
2020-01-21 16:04:53,835:INFO:ДУГААРАА СОНГОЖ БУЙ ХЭСЭГ
2020-01-21 16:04:53,835:INFO:2
2020-01-21 16:04:53,841:INFO:102
2020-01-21 16:04:53,841:INFO:['9812', '9813', '9814', '9815', '9816', '9817', '9818', '9819', '9820', '9821', '9822', '9823', '9824', '9825', '9826', '9827', '9828', '9829', '9830', '9831', '9832', '9833', '9838', '9842', '9843', '9848', '9851', '9856', '9859', '9860', '9861', '9862', '9863', '9864', '9865', '9866', '9870', '9880', '9881', '9882', '9883', '9884', '9885', '9886', '9887', '9888', '9889', '9890', '9891', '9892', '9893', '9894', '9895', '9896', '9897', '9899', '9312', '9313', '9314', '9315', '9316', '9317', '9318', '9319', '9320', '9321', '9322', '9323', '9324', '9325', '9326', '9327', '9328', '9329', '9330', '9331', '9337', '9338', '9339', '9340', '9341', '9342', '9343', '9344', '9712', '9713', '9714', '9715', '9716', '9717', '9718', '9719', '9845', '9846', '8312', '8313', '8314', '8315', '8316', '8317', '8318', '8319']
2020-01-21 16:05:06,315:INFO:98105263:6|98125263:6|98135263:6|98145263:6|98165263:6|98175263:6|98185263:6|98195263:6
2020-01-21 16:05:40,209:INFO:РЕГИСТЕРИЙН ДУГААР
2020-01-21 16:05:46,479:INFO:ДУГААРЫН ZAHIALGA
2020-01-21 16:05:46,489:INFO:Success
2020-01-21 16:07:20,159:INFO:----------------------------------------------------------------------------------------------------
2020-01-21 16:15:35,329:INFO:----------------------------------------------------------------------------------------------------
2020-01-21 16:15:37,009:INFO:ДУГААРАА СОНГОЖ БУЙ ХЭСЭГ
2020-01-21 16:15:37,009:INFO:2
2020-01-21 16:15:37,016:INFO:102
2020-01-21 16:15:37,016:INFO:['9812', '9813', '9814', '9815', '9816', '9817', '9818', '9819', '9820', '9821', '9822', '9823', '9824', '9825', '9826', '9827', '9828', '9829', '9830', '9831', '9832', '9833', '9838', '9842', '9843', '9848', '9851', '9856', '9859', '9860', '9861', '9862', '9863', '9864', '9865', '9866', '9870', '9880', '9881', '9882', '9883', '9884', '9885', '9886', '9887', '9888', '9889', '9890', '9891', '9892', '9893', '9894', '9895', '9896', '9897', '9899', '9312', '9313', '9314', '9315', '9316', '9317', '9318', '9319', '9320', '9321', '9322', '9323', '9324', '9325', '9326', '9327', '9328', '9329', '9330', '9331', '9337', '9338', '9339', '9340', '9341', '9342', '9343', '9344', '9712', '9713', '9714', '9715', '9716', '9717', '9718', '9719', '9845', '9846', '8312', '8313', '8314', '8315', '8316', '8317', '8318', '8319']
2020-01-21 16:16:02,043:INFO:98104487:6|98124487:6|98134487:6|98164487:6|98174487:6
2020-01-21 16:16:24,761:INFO:РЕГИСТЕРИЙН ДУГААР
2020-01-21 16:16:29,381:INFO:ДУГААРЫН ZAHIALGA
2020-01-21 16:16:29,390:INFO:Success
2020-01-21 16:16:31,961:INFO:----------------------------------------------------------------------------------------------------
2020-01-21 16:22:54,317:INFO:----------------------------------------------------------------------------------------------------
2020-01-21 16:23:05,596:INFO:ДУГААРАА СОНГОЖ БУЙ ХЭСЭГ
2020-01-21 16:23:05,596:INFO:2
2020-01-21 16:23:05,603:INFO:102
2020-01-21 16:23:05,603:INFO:['9812', '9813', '9814', '9815', '9816', '9817', '9818', '9819', '9820', '9821', '9822', '9823', '9824', '9825', '9826', '9827', '9828', '9829', '9830', '9831', '9832', '9833', '9838', '9842', '9843', '9848', '9851', '9856', '9859', '9860', '9861', '9862', '9863', '9864', '9865', '9866', '9870', '9880', '9881', '9882', '9883', '9884', '9885', '9886', '9887', '9888', '9889', '9890', '9891', '9892', '9893', '9894', '9895', '9896', '9897', '9899', '9312', '9313', '9314', '9315', '9316', '9317', '9318', '9319', '9320', '9321', '9322', '9323', '9324', '9325', '9326', '9327', '9328', '9329', '9330', '9331', '9337', '9338', '9339', '9340', '9341', '9342', '9343', '9344', '9712', '9713', '9714', '9715', '9716', '9717', '9718', '9719', '9845', '9846', '8312', '8313', '8314', '8315', '8316', '8317', '8318', '8319']
2020-01-21 16:23:31,470:INFO:98105141:6|98125141:6|98135141:6|98165141:6|98185141:6
2020-01-21 16:23:58,659:INFO:РЕГИСТЕРИЙН ДУГААР
2020-01-21 16:24:03,309:INFO:ДУГААРЫН ZAHIALGA
2020-01-21 16:24:03,318:INFO:Success
2020-01-21 16:24:05,479:INFO:----------------------------------------------------------------------------------------------------
2020-01-21 16:24:57,866:INFO:----------------------------------------------------------------------------------------------------
2020-01-21 16:24:59,126:INFO:ДУГААРАА СОНГОЖ БУЙ ХЭСЭГ
2020-01-21 16:24:59,126:INFO:2
2020-01-21 16:24:59,132:INFO:102
2020-01-21 16:24:59,132:INFO:['9812', '9813', '9814', '9815', '9816', '9817', '9818', '9819', '9820', '9821', '9822', '9823', '9824', '9825', '9826', '9827', '9828', '9829', '9830', '9831', '9832', '9833', '9838', '9842', '9843', '9848', '9851', '9856', '9859', '9860', '9861', '9862', '9863', '9864', '9865', '9866', '9870', '9880', '9881', '9882', '9883', '9884', '9885', '9886', '9887', '9888', '9889', '9890', '9891', '9892', '9893', '9894', '9895', '9896', '9897', '9899', '9312', '9313', '9314', '9315', '9316', '9317', '9318', '9319', '9320', '9321', '9322', '9323', '9324', '9325', '9326', '9327', '9328', '9329', '9330', '9331', '9337', '9338', '9339', '9340', '9341', '9342', '9343', '9344', '9712', '9713', '9714', '9715', '9716', '9717', '9718', '9719', '9845', '9846', '8312', '8313', '8314', '8315', '8316', '8317', '8318', '8319']
2020-01-21 16:25:14,494:INFO:98105782:6|98115782:6|98135782:6|98145782:6|98165782:6|98185782:6
2020-01-21 16:25:44,492:INFO:РЕГИСТЕРИЙН ДУГААР
2020-01-21 16:25:50,518:INFO:ДУГААРЫН ZAHIALGA
2020-01-21 16:25:50,527:INFO:Success
2020-01-21 16:25:52,268:INFO:----------------------------------------------------------------------------------------------------
2020-01-21 16:31:21,795:INFO:----------------------------------------------------------------------------------------------------
2020-01-21 16:31:23,233:INFO:ДУГААРАА СОНГОЖ БУЙ ХЭСЭГ
2020-01-21 16:31:23,234:INFO:2
2020-01-21 16:31:23,242:INFO:102
2020-01-21 16:31:23,242:INFO:['9812', '9813', '9814', '9815', '9816', '9817', '9818', '9819', '9820', '9821', '9822', '9823', '9824', '9825', '9826', '9827', '9828', '9829', '9830', '9831', '9832', '9833', '9838', '9842', '9843', '9848', '9851', '9856', '9859', '9860', '9861', '9862', '9863', '9864', '9865', '9866', '9870', '9880', '9881', '9882', '9883', '9884', '9885', '9886', '9887', '9888', '9889', '9890', '9891', '9892', '9893', '9894', '9895', '9896', '9897', '9899', '9312', '9313', '9314', '9315', '9316', '9317', '9318', '9319', '9320', '9321', '9322', '9323', '9324', '9325', '9326', '9327', '9328', '9329', '9330', '9331', '9337', '9338', '9339', '9340', '9341', '9342', '9343', '9344', '9712', '9713', '9714', '9715', '9716', '9717', '9718', '9719', '9845', '9846', '8312', '8313', '8314', '8315', '8316', '8317', '8318', '8319']
2020-01-21 16:31:42,681:INFO:98108272:6|98128272:6|98138272:6|98178272:6|98198272:6
2020-01-21 16:32:10,095:INFO:РЕГИСТЕРИЙН ДУГААР
2020-01-21 16:32:14,994:INFO:ДУГААРЫН ZAHIALGA
2020-01-21 16:32:15,003:INFO:Success
2020-01-21 16:32:17,085:INFO:----------------------------------------------------------------------------------------------------
2020-01-21 16:34:34,966:INFO:ДУГААРАА СОНГОЖ БУЙ ХЭСЭГ
2020-01-21 16:34:34,967:INFO:2
2020-01-21 16:34:34,973:INFO:102
2020-01-21 16:34:34,973:INFO:['9812', '9813', '9814', '9815', '9816', '9817', '9818', '9819', '9820', '9821', '9822', '9823', '9824', '9825', '9826', '9827', '9828', '9829', '9830', '9831', '9832', '9833', '9838', '9842', '9843', '9848', '9851', '9856', '9859', '9860', '9861', '9862', '9863', '9864', '9865', '9866', '9870', '9880', '9881', '9882', '9883', '9884', '9885', '9886', '9887', '9888', '9889', '9890', '9891', '9892', '9893', '9894', '9895', '9896', '9897', '9899', '9312', '9313', '9314', '9315', '9316', '9317', '9318', '9319', '9320', '9321', '9322', '9323', '9324', '9325', '9326', '9327', '9328', '9329', '9330', '9331', '9337', '9338', '9339', '9340', '9341', '9342', '9343', '9344', '9712', '9713', '9714', '9715', '9716', '9717', '9718', '9719', '9845', '9846', '8312', '8313', '8314', '8315', '8316', '8317', '8318', '8319']
2020-01-21 16:34:49,157:INFO:98100757:6|98140757:6|98150757:6
2020-01-21 16:35:20,478:INFO:РЕГИСТЕРИЙН ДУГААР
2020-01-21 16:35:34,537:INFO:ДУГААРЫН ZAHIALGA
2020-01-21 16:35:34,546:INFO:Success
2020-01-21 16:35:35,866:INFO:----------------------------------------------------------------------------------------------------
2020-01-21 16:44:44,186:INFO:----------------------------------------------------------------------------------------------------
2020-01-21 16:44:46,276:INFO:ДУГААРАА СОНГОЖ БУЙ ХЭСЭГ
2020-01-21 16:44:46,276:INFO:2
2020-01-21 16:44:46,282:INFO:102
2020-01-21 16:44:46,282:INFO:['9812', '9813', '9814', '9815', '9816', '9817', '9818', '9819', '9820', '9821', '9822', '9823', '9824', '9825', '9826', '9827', '9828', '9829', '9830', '9831', '9832', '9833', '9838', '9842', '9843', '9848', '9851', '9856', '9859', '9860', '9861', '9862', '9863', '9864', '9865', '9866', '9870', '9880', '9881', '9882', '9883', '9884', '9885', '9886', '9887', '9888', '9889', '9890', '9891', '9892', '9893', '9894', '9895', '9896', '9897', '9899', '9312', '9313', '9314', '9315', '9316', '9317', '9318', '9319', '9320', '9321', '9322', '9323', '9324', '9325', '9326', '9327', '9328', '9329', '9330', '9331', '9337', '9338', '9339', '9340', '9341', '9342', '9343', '9344', '9712', '9713', '9714', '9715', '9716', '9717', '9718', '9719', '9845', '9846', '8312', '8313', '8314', '8315', '8316', '8317', '8318', '8319']
2020-01-21 16:45:02,930:INFO:98107688:6|98127688:6|98137688:6|98167688:6|98177688:6
2020-01-21 16:45:34,418:INFO:РЕГИСТЕРИЙН ДУГААР
2020-01-21 16:45:41,827:INFO:ДУГААРЫН ZAHIALGA
2020-01-21 16:45:41,841:INFO:Success
2020-01-21 16:45:45,676:INFO:----------------------------------------------------------------------------------------------------
2020-01-21 17:06:17,088:INFO:----------------------------------------------------------------------------------------------------
2020-01-21 17:06:20,017:INFO:ДУГААРАА СОНГОЖ БУЙ ХЭСЭГ
2020-01-21 17:06:20,018:INFO:2
2020-01-21 17:06:20,024:INFO:113
2020-01-21 17:06:20,025:INFO:['9812', '9813', '9814', '9815', '9816', '9817', '9818', '9819', '9820', '9821', '9822', '9823', '9824', '9825', '9826', '9827', '9828', '9829', '9830', '9831', '9832', '9833', '9838', '9842', '9843', '9848', '9851', '9856', '9859', '9860', '9861', '9862', '9863', '9864', '9865', '9866', '9870', '9880', '9881', '9882', '9883', '9884', '9885', '9886', '9887', '9888', '9889', '9890', '9891', '9892', '9893', '9894', '9895', '9896', '9897', '9898', '9899', '9312', '9313', '9314', '9315', '9316', '9317', '9318', '9319', '9320', '9321', '9322', '9323', '9324', '9325', '9326', '9327', '9328', '9329', '9330', '9331', '9337', '9338', '9339', '9340', '9341', '9342', '9343', '9344', '9712', '9713', '9714', '9715', '9716', '9717', '9718', '9719', '9845', '9846', '8312', '8313', '8314', '8315', '8316', '8317', '8318', '8319', '9837', '9847', '9867', '9332', '9333', '9334', '9335', '9336', '9345', '9346']
2020-01-21 17:06:42,766:INFO:98109622:6|98139622:6|98169622:6|98189622:6
2020-01-21 17:07:10,255:INFO:РЕГИСТЕРИЙН ДУГААР
2020-01-21 17:07:15,384:INFO:ДУГААРЫН ZAHIALGA
2020-01-21 17:07:15,395:INFO:Success
2020-01-21 17:07:17,202:INFO:----------------------------------------------------------------------------------------------------
2020-01-21 17:16:34,373:INFO:ДУГААРАА СОНГОЖ БУЙ ХЭСЭГ
2020-01-21 17:16:34,374:INFO:2
2020-01-21 17:16:34,380:INFO:114
2020-01-21 17:16:34,381:INFO:['9812', '9813', '9814', '9815', '9816', '9817', '9818', '9819', '9820', '9821', '9822', '9823', '9824', '9825', '9826', '9827', '9828', '9829', '9830', '9831', '9832', '9833', '9838', '9842', '9843', '9848', '9851', '9856', '9859', '9860', '9861', '9862', '9863', '9864', '9865', '9866', '9870', '9880', '9881', '9882', '9883', '9884', '9885', '9886', '9887', '9888', '9889', '9890', '9891', '9892', '9893', '9894', '9895', '9896', '9897', '9898', '9899', '9312', '9313', '9314', '9315', '9316', '9317', '9318', '9319', '9320', '9321', '9322', '9323', '9324', '9325', '9326', '9327', '9328', '9329', '9330', '9331', '9337', '9338', '9339', '9340', '9341', '9342', '9343', '9344', '9712', '9713', '9714', '9715', '9716', '9717', '9718', '9719', '9845', '9846', '8312', '8313', '8314', '8315', '8316', '8317', '8318', '8319', '9837', '9847', '9867', '9332', '9333', '9334', '9335', '9336', '9345', '9346', '9347']
2020-01-21 17:16:39,380:INFO:----------------------------------------------------------------------------------------------------
2020-01-21 17:16:40,414:INFO:ДУГААРАА СОНГОЖ БУЙ ХЭСЭГ
2020-01-21 17:16:40,414:INFO:2
2020-01-21 17:16:40,420:INFO:114
2020-01-21 17:16:40,420:INFO:['9812', '9813', '9814', '9815', '9816', '9817', '9818', '9819', '9820', '9821', '9822', '9823', '9824', '9825', '9826', '9827', '9828', '9829', '9830', '9831', '9832', '9833', '9838', '9842', '9843', '9848', '9851', '9856', '9859', '9860', '9861', '9862', '9863', '9864', '9865', '9866', '9870', '9880', '9881', '9882', '9883', '9884', '9885', '9886', '9887', '9888', '9889', '9890', '9891', '9892', '9893', '9894', '9895', '9896', '9897', '9898', '9899', '9312', '9313', '9314', '9315', '9316', '9317', '9318', '9319', '9320', '9321', '9322', '9323', '9324', '9325', '9326', '9327', '9328', '9329', '9330', '9331', '9337', '9338', '9339', '9340', '9341', '9342', '9343', '9344', '9712', '9713', '9714', '9715', '9716', '9717', '9718', '9719', '9845', '9846', '8312', '8313', '8314', '8315', '8316', '8317', '8318', '8319', '9837', '9847', '9867', '9332', '9333', '9334', '9335', '9336', '9345', '9346', '9347']
2020-01-21 17:17:40,398:INFO:----------------------------------------------------------------------------------------------------
2020-01-21 17:18:43,304:INFO:ДУГААРАА СОНГОЖ БУЙ ХЭСЭГ
2020-01-21 17:18:43,304:INFO:2
2020-01-21 17:18:43,313:INFO:114
2020-01-21 17:18:43,313:INFO:['9812', '9813', '9814', '9815', '9816', '9817', '9818', '9819', '9820', '9821', '9822', '9823', '9824', '9825', '9826', '9827', '9828', '9829', '9830', '9831', '9832', '9833', '9838', '9842', '9843', '9848', '9851', '9856', '9859', '9860', '9861', '9862', '9863', '9864', '9865', '9866', '9870', '9880', '9881', '9882', '9883', '9884', '9885', '9886', '9887', '9888', '9889', '9890', '9891', '9892', '9893', '9894', '9895', '9896', '9897', '9898', '9899', '9312', '9313', '9314', '9315', '9316', '9317', '9318', '9319', '9320', '9321', '9322', '9323', '9324', '9325', '9326', '9327', '9328', '9329', '9330', '9331', '9337', '9338', '9339', '9340', '9341', '9342', '9343', '9344', '9712', '9713', '9714', '9715', '9716', '9717', '9718', '9719', '9845', '9846', '8312', '8313', '8314', '8315', '8316', '8317', '8318', '8319', '9837', '9847', '9867', '9332', '9333', '9334', '9335', '9336', '9345', '9346', '9347']
2020-01-21 17:19:00,575:INFO:----------------------------------------------------------------------------------------------------
2020-01-21 17:19:01,440:INFO:ДУГААРАА СОНГОЖ БУЙ ХЭСЭГ
2020-01-21 17:19:01,441:INFO:2
2020-01-21 17:19:01,447:INFO:114
2020-01-21 17:19:01,447:INFO:['9812', '9813', '9814', '9815', '9816', '9817', '9818', '9819', '9820', '9821', '9822', '9823', '9824', '9825', '9826', '9827', '9828', '9829', '9830', '9831', '9832', '9833', '9838', '9842', '9843', '9848', '9851', '9856', '9859', '9860', '9861', '9862', '9863', '9864', '9865', '9866', '9870', '9880', '9881', '9882', '9883', '9884', '9885', '9886', '9887', '9888', '9889', '9890', '9891', '9892', '9893', '9894', '9895', '9896', '9897', '9898', '9899', '9312', '9313', '9314', '9315', '9316', '9317', '9318', '9319', '9320', '9321', '9322', '9323', '9324', '9325', '9326', '9327', '9328', '9329', '9330', '9331', '9337', '9338', '9339', '9340', '9341', '9342', '9343', '9344', '9712', '9713', '9714', '9715', '9716', '9717', '9718', '9719', '9845', '9846', '8312', '8313', '8314', '8315', '8316', '8317', '8318', '8319', '9837', '9847', '9867', '9332', '9333', '9334', '9335', '9336', '9345', '9346', '9347']
2020-01-21 17:19:04,614:INFO:ДУГААРАА СОНГОЖ БУЙ ХЭСЭГ
2020-01-21 17:19:04,614:INFO:2
2020-01-21 17:19:04,620:INFO:114
2020-01-21 17:19:04,620:INFO:['9812', '9813', '9814', '9815', '9816', '9817', '9818', '9819', '9820', '9821', '9822', '9823', '9824', '9825', '9826', '9827', '9828', '9829', '9830', '9831', '9832', '9833', '9838', '9842', '9843', '9848', '9851', '9856', '9859', '9860', '9861', '9862', '9863', '9864', '9865', '9866', '9870', '9880', '9881', '9882', '9883', '9884', '9885', '9886', '9887', '9888', '9889', '9890', '9891', '9892', '9893', '9894', '9895', '9896', '9897', '9898', '9899', '9312', '9313', '9314', '9315', '9316', '9317', '9318', '9319', '9320', '9321', '9322', '9323', '9324', '9325', '9326', '9327', '9328', '9329', '9330', '9331', '9337', '9338', '9339', '9340', '9341', '9342', '9343', '9344', '9712', '9713', '9714', '9715', '9716', '9717', '9718', '9719', '9845', '9846', '8312', '8313', '8314', '8315', '8316', '8317', '8318', '8319', '9837', '9847', '9867', '9332', '9333', '9334', '9335', '9336', '9345', '9346', '9347']
2020-01-21 17:20:33,652:INFO:ДУГААРАА СОНГОЖ БУЙ ХЭСЭГ
2020-01-21 17:20:33,652:INFO:2
2020-01-21 17:20:33,657:INFO:114
2020-01-21 17:20:33,658:INFO:['9812', '9813', '9814', '9815', '9816', '9817', '9818', '9819', '9820', '9821', '9822', '9823', '9824', '9825', '9826', '9827', '9828', '9829', '9830', '9831', '9832', '9833', '9838', '9842', '9843', '9848', '9851', '9856', '9859', '9860', '9861', '9862', '9863', '9864', '9865', '9866', '9870', '9880', '9881', '9882', '9883', '9884', '9885', '9886', '9887', '9888', '9889', '9890', '9891', '9892', '9893', '9894', '9895', '9896', '9897', '9898', '9899', '9312', '9313', '9314', '9315', '9316', '9317', '9318', '9319', '9320', '9321', '9322', '9323', '9324', '9325', '9326', '9327', '9328', '9329', '9330', '9331', '9337', '9338', '9339', '9340', '9341', '9342', '9343', '9344', '9712', '9713', '9714', '9715', '9716', '9717', '9718', '9719', '9845', '9846', '8312', '8313', '8314', '8315', '8316', '8317', '8318', '8319', '9837', '9847', '9867', '9332', '9333', '9334', '9335', '9336', '9345', '9346', '9347']
2020-01-21 17:20:40,124:INFO:----------------------------------------------------------------------------------------------------
2020-01-21 17:20:40,977:INFO:ДУГААРАА СОНГОЖ БУЙ ХЭСЭГ
2020-01-21 17:20:40,977:INFO:2
2020-01-21 17:20:40,986:INFO:114
2020-01-21 17:20:40,986:INFO:['8312', '8313', '8314', '8315', '8316', '8317', '8318', '8319', '9312', '9313', '9314', '9315', '9316', '9317', '9318', '9319', '9320', '9321', '9322', '9323', '9324', '9325', '9326', '9327', '9328', '9329', '9330', '9331', '9332', '9333', '9334', '9335', '9336', '9337', '9338', '9339', '9340', '9341', '9342', '9343', '9344', '9345', '9346', '9347', '9712', '9713', '9714', '9715', '9716', '9717', '9718', '9719', '9812', '9813', '9814', '9815', '9816', '9817', '9818', '9819', '9820', '9821', '9822', '9823', '9824', '9825', '9826', '9827', '9828', '9829', '9830', '9831', '9832', '9833', '9837', '9838', '9842', '9843', '9845', '9846', '9847', '9848', '9851', '9856', '9859', '9860', '9861', '9862', '9863', '9864', '9865', '9866', '9867', '9870', '9880', '9881', '9882', '9883', '9884', '9885', '9886', '9887', '9888', '9889', '9890', '9891', '9892', '9893', '9894', '9895', '9896', '9897', '9898', '9899']
2020-01-21 17:31:14,370:INFO:----------------------------------------------------------------------------------------------------
2020-01-21 17:31:16,290:INFO:ДУГААРАА СОНГОЖ БУЙ ХЭСЭГ
2020-01-21 17:31:16,290:INFO:2
2020-01-21 17:31:16,297:INFO:114
2020-01-21 17:31:16,297:INFO:['8312', '8313', '8314', '8315', '8316', '8317', '8318', '8319', '9312', '9313', '9314', '9315', '9316', '9317', '9318', '9319', '9320', '9321', '9322', '9323', '9324', '9325', '9326', '9327', '9328', '9329', '9330', '9331', '9332', '9333', '9334', '9335', '9336', '9337', '9338', '9339', '9340', '9341', '9342', '9343', '9344', '9345', '9346', '9347', '9712', '9713', '9714', '9715', '9716', '9717', '9718', '9719', '9812', '9813', '9814', '9815', '9816', '9817', '9818', '9819', '9820', '9821', '9822', '9823', '9824', '9825', '9826', '9827', '9828', '9829', '9830', '9831', '9832', '9833', '9837', '9838', '9842', '9843', '9845', '9846', '9847', '9848', '9851', '9856', '9859', '9860', '9861', '9862', '9863', '9864', '9865', '9866', '9867', '9870', '9880', '9881', '9882', '9883', '9884', '9885', '9886', '9887', '9888', '9889', '9890', '9891', '9892', '9893', '9894', '9895', '9896', '9897', '9898', '9899']
2020-01-21 17:31:55,430:INFO:98102403:6|98132403:6|98152403:6|98162403:6|98172403:6|98182403:6|98192403:6
2020-01-21 18:40:08,098:ERROR:Invalid HTTP_HOST header: u'DugaarShuult:8000'. You may need to add u'dugaarshuult' to ALLOWED_HOSTS.
2020-01-21 18:52:04,500:ERROR:Invalid HTTP_HOST header: u'DugaarShuult:8000'. You may need to add u'dugaarshuult' to ALLOWED_HOSTS.
2020-01-21 18:54:03,725:ERROR:Invalid HTTP_HOST header: u'DugaarShuult:8000'. You may need to add u'dugaarshuult' to ALLOWED_HOSTS.
2020-01-21 18:54:22,317:ERROR:Invalid HTTP_HOST header: u'DugaarShuult:8000'. You may need to add u'dugaarshuult' to ALLOWED_HOSTS.
2020-01-21 21:27:44,764:ERROR:Invalid HTTP_HOST header: u'DugaarShuult:8000'. You may need to add u'dugaarshuult' to ALLOWED_HOSTS.
