2020-02-29 12:36:09,346:INFO:------------------------------------------------------------------------------------------------
2020-02-29 12:36:10,564:INFO:ДУГААРАА СОНГОЖ БУЙ ХЭСЭГ
2020-02-29 12:36:10,565:INFO:7
2020-02-29 12:36:10,685:WARNING:Not Found: /favicon.ico
2020-02-29 12:36:12,416:INFO:98000149:6|98000153:6|98000156:6|98000159:6|98000163:6|98000164:6|98000165:6|98000167:6|98000172:6|98000175:6|98000182:6|98000184:6|98000216:6|98000231:6|98000237:6|98000239:6|98000243:6|98000245:6|98000251:6|98000252:6|98000253:6|98000254:6|98000257:6|98000258:6|98000259:6|98000261:6|98000262:6|98000263:6|98000264:6|98000267:6|98000269:6|98000271:6|98000272:6|98000273:6|98000274:6|98000275:6|98000276:6|98000278:6|98000279:6|98000281:6|98000283:6|98000284:6|98000287:6|98000291:6|98000293:6|98000295:6|98000296:6|98000297:6|98000319:6|98000325:6|98000329:6|98000340:6|98000341:6|98000342:6|98000344:6|98000346:6|98000347:6|98000348:6|98000349:6|98000352:6|98000354:6|98000356:6|98000357:6|98000358:6|98000359:6|98000360:6|98000361:6|98000362:6|98000363:6|98000364:6|98000365:6|98000367:6|98000370:6|98000371:6|98000372:6|98000374:6|98000375:6|98000376:6|98000378:6|98000379:6|98000382:6|98000383:6|98000384:6|98000385:6|98000386:6|98000392:6|98000394:6|98000395:6|98000396:6|98000397:6|98000416:6|98000417:6|98000418:6|98000419:6|98000423:6|98000425:6|98000427:6|98000429:6|98000430:6|98000431:6|98000432:6|98000433:6|98000434:6|98000436:6|98000437:6|98000438:6|98000439:6|98000441:6|98000442:6|98000443:6|98000445:6|98000446:6|98000451:6|98000452:6|98000453:6|98000457:6|98000458:6|98000459:6|98000460:6|98000461:6|98000462:6|98000463:6|98000465:6|98000467:6|98000468:6|98000469:6|98000471:6|98000472:6|98000473:6|98000474:6|98000475:6|98000476:6
2020-02-29 12:42:49,195:INFO:------------------------------------------------------------------------------------------------
2020-02-29 12:42:51,442:INFO:ДУГААРАА СОНГОЖ БУЙ ХЭСЭГ
2020-02-29 12:42:51,442:INFO:7
2020-02-29 12:42:51,929:WARNING:Not Found: /favicon.ico
2020-02-29 12:46:04,038:INFO:------------------------------------------------------------------------------------------------
2020-02-29 12:47:58,068:INFO:ДУГААРАА СОНГОЖ БУЙ ХЭСЭГ
2020-02-29 12:47:58,068:INFO:2
2020-02-29 12:47:58,351:WARNING:Not Found: /favicon.ico
2020-02-29 12:48:04,020:INFO:------------------------------------------------------------------------------------------------
2020-02-29 12:48:04,972:INFO:ДУГААРАА СОНГОЖ БУЙ ХЭСЭГ
2020-02-29 12:48:04,973:INFO:7
2020-02-29 12:48:13,064:INFO:ДУГААРАА СОНГОЖ БУЙ ХЭСЭГ
2020-02-29 12:48:13,065:INFO:7
2020-02-29 12:48:21,982:INFO:98040110:9|98040220:9|98040770:9|98040880:9|98041313:9|98041331:9|98041441:9|98041551:9|98041661:9|98041717:9|98041881:9|98041991:9|98042112:9|98042323:9|98042332:9|98042552:9|98042662:9|98042727:9|98042772:9|98042828:9|98042882:9|98042992:9|98043113:9|98043131:9|98043223:9|98043443:9|98043553:9|98043663:9|98043737:9|98043773:9|98043883:9|98043993:9|98044114:9|98044141:9|98044224:9|98044242:9|98044334:9|98044343:9|98044554:9|98044646:9|98044664:9|98044747:9|98044774:9|98044994:9|98045115:9|98045225:9|98045252:9|98045335:9|98045445:9|98045454:9|98045665:9|98045757:9|98045775:9|98045885:9|98045995:9|98046006:9|98046116:9|98046161:9|98046226:9|98046262:9|98046336:9|98046363:9|98046446:9|98046565:9|98046767:9|98046776:9|98046886:9|98046996:9|98047007:9|98047117:9|98047171:9|98047227:9|98047272:9|98047337:9|98047373:9|98047447:9|98047474:9|98047557:9|98047667:9|98047887:9|98047997:9|98048118:9|98048228:9|98048338:9|98048383:9|98048558:9|98048668:9|98048778:9|98049009:9|98049119:9|98049191:9|98049229:9|98049339:9|98049393:9|98049559:9|98049595:9|98049669:9|98049779:9|98049889:9
2020-02-29 12:48:53,833:INFO:ДУГААРАА СОНГОЖ БУЙ ХЭСЭГ
2020-02-29 12:48:53,834:INFO:7
2020-02-29 12:48:55,665:INFO:------------------------------------------------------------------------------------------------
2020-02-29 12:48:56,843:INFO:ДУГААРАА СОНГОЖ БУЙ ХЭСЭГ
2020-02-29 12:48:56,843:INFO:7
2020-02-29 12:49:03,657:INFO:98040415:6|98040416:6|98040417:6|98040418:6|98040420:6|98040421:6|98040423:6|98040426:6|98040430:6|98040431:6|98040432:6|98040433:6|98040434:6|98040435:6|98040436:6|98040437:6|98040439:6|98040441:6|98040442:6|98040443:6|98040445:6|98040446:6|98040447:6|98040449:6|98040451:6|98040452:6|98040453:6|98040454:6|98040455:6|98040457:6|98040458:6|98040459:6|98040460:6|98040461:6|98040462:6|98040463:6|98040464:6|98040465:6|98040466:6|98040467:6|98040468:6|98040470:6|98040471:6|98040472:6|98040473:6|98040474:6|98040475:6|98040476:6|98040477:6|98040478:6|98040479:6|98040481:6|98040482:6|98040483:6|98040484:6|98040485:6|98040486:6|98040487:6|98040488:6|98040491:6|98040492:6|98040493:6|98040494:6|98040495:6|98040496:6|98040497:6
2020-02-29 12:50:14,588:INFO:98040434:6|98040454:6|98040464:6|98040474:6|98040484:6|98040494:6
2020-02-29 12:50:22,874:INFO:98043444:6|98046444:6|98047444:6|98049444:6
2020-02-29 12:50:40,112:INFO:-1
2020-02-29 12:50:44,194:INFO:98081388:6|98081688:6|98081988:6|98082388:6|98082488:6|98082588:6|98082688:6|98082788:6|98082988:6|98083088:6|98083288:6|98083588:6|98083688:6|98083788:6|98084088:6|98084188:6|98084288:6|98084388:6|98084588:6|98084688:6|98084988:6|98085288:6|98085388:6|98085488:6|98085688:6|98085788:6|98085988:6|98086188:6|98086288:6|98086388:6|98086488:6|98086588:6|98086788:6|98087188:6|98087288:6|98087388:6|98087488:6|98087688:6|98087988:6|98089188:6|98089288:6|98089488:6|98089588:6|98089688:6
2020-02-29 12:51:08,444:WARNING:Not Found: /
2020-02-29 14:21:48,296:INFO:------------------------------------------------------------------------------------------------
2020-02-29 14:21:50,368:INFO:ДУГААРАА СОНГОЖ БУЙ ХЭСЭГ
2020-02-29 14:21:50,368:INFO:2
2020-02-29 14:22:14,854:INFO:ДУГААРАА СОНГОЖ БУЙ ХЭСЭГ
2020-02-29 14:22:14,854:INFO:2
2020-02-29 14:22:18,042:INFO:98121441:9|98122552:9|98124554:9|98125225:9|98125665:9|98126226:9|98126336:9|98126363:9|98128181:9
2020-02-29 14:22:18,315:INFO:98130440:9|98131818:9|98132121:9|98132442:9|98132662:9|98134224:9|98134242:9|98134664:9|98134884:9|98135995:9|98136116:9|98136446:9|98136556:9|98136776:9|98137227:9|98138686:9|98139669:9
2020-02-29 14:22:18,694:INFO:98140660:9|98140770:9|98140990:9|98141661:9|98142112:9|98143113:9|98143553:9|98143773:9|98143993:9|98144949:9|98145005:9|98145225:9|98145656:9|98145665:9|98146226:9|98146262:9|98146363:9|98146556:9|98147117:9|98147227:9|98147667:9|98147997:9|98148008:9|98148118:9|98148668:9|98148778:9|98149339:9|98149559:9|98149669:9
2020-02-29 14:22:18,993:INFO:98150404:9|98150660:9|98152442:9|98152552:9|98152772:9|98152992:9|98153663:9|98154004:9|98154114:9|98154224:9|98154334:9|98154774:9|98154884:9|98155252:9|98155335:9|98156226:9|98156446:9|98156556:9|98157007:9|98157171:9|98157227:9|98157447:9|98158228:9|98158448:9|98158778:9|98159229:9|98159559:9|98159669:9|98159779:9
2020-02-29 14:22:19,304:INFO:98160808:9|98162112:9|98162442:9|98162992:9|98163773:9|98164114:9|98164334:9|98164554:9|98164664:9|98164884:9|98164994:9|98165225:9|98165335:9|98165445:9|98166226:9|98166776:9|98166886:9|98167227:9|98167474:9|98168228:9|98168448:9|98168668:9|98168787:9|98169119:9|98169339:9|98169449:9
2020-02-29 14:22:19,631:INFO:98171881:9|98172332:9|98172772:9|98172882:9|98173443:9|98173553:9|98173663:9|98173883:9|98173993:9|98174114:9|98174224:9|98174334:9|98174545:9|98174554:9|98174774:9|98174884:9|98175115:9|98175225:9|98175335:9|98175353:9|98175445:9|98175775:9|98175995:9|98176262:9|98176336:9|98176446:9|98176556:9|98176565:9|98176776:9|98176886:9|98177667:9|98178228:9|98178338:9|98178448:9|98178686:9|98178778:9|98179119:9|98179229:9|98179339:9|98179669:9
2020-02-29 14:22:27,819:INFO:98590220:9|98590440:9|98590660:9|98590770:9|98590880:9|98591441:9|98591661:9|98591771:9|98591881:9|98591991:9|98592112:9|98592332:9|98592442:9|98592552:9|98592662:9|98592772:9|98592882:9|98592992:9|98593113:9|98593223:9|98593434:9|98593443:9|98593553:9|98593883:9|98593993:9|98594004:9|98594114:9|98594224:9|98594334:9|98594343:9|98594664:9|98594747:9|98594774:9|98594994:9|98595335:9|98595445:9|98595665:9|98595775:9|98596006:9|98596116:9|98596226:9|98596446:9|98596556:9|98596776:9|98597007:9|98597117:9|98597227:9|98597337:9|98597447:9|98597557:9|98597667:9|98597887:9|98597997:9|98598228:9|98598448:9|98598558:9|98598778:9|98599669:9
2020-02-29 14:22:34,356:INFO:98590220:9|98590440:9|98590660:9|98590770:9|98590880:9|98591441:9|98591661:9|98591771:9|98591881:9|98591991:9|98592112:9|98592332:9|98592442:9|98592552:9|98592662:9|98592772:9|98592882:9|98592992:9|98593113:9|98593223:9|98593434:9|98593443:9|98593553:9|98593883:9|98593993:9|98594004:9|98594114:9|98594224:9|98594334:9|98594343:9|98594664:9|98594747:9|98594774:9|98594994:9|98595335:9|98595445:9|98595665:9|98595775:9|98596006:9|98596116:9|98596226:9|98596446:9|98596556:9|98596776:9|98597007:9|98597117:9|98597227:9|98597337:9|98597447:9|98597557:9|98597667:9|98597887:9|98597997:9|98598228:9|98598448:9|98598558:9|98598778:9|98599669:9
2020-02-29 14:22:38,740:INFO:97170330:9|97170440:9|97171331:9|97171551:9|97171881:9|97172552:9|97172662:9|97172882:9|97173113:9|97173663:9|97173883:9|97173939:9|97174004:9|97174114:9|97174224:9|97174664:9|97174884:9|97174994:9|97175005:9|97175115:9|97175151:9|97175225:9|97175335:9|97175353:9|97175665:9|97175775:9|97175885:9|97175995:9|97176116:9|97176226:9|97176446:9|97176886:9|97177227:9|97177887:9|97177997:9|97178228:9|97178338:9|97178448:9|97178558:9|97178668:9|97179229:9|97179669:9|97179696:9|97179889:9
2020-02-29 14:22:41,440:INFO:97170330:9|97170440:9|97171331:9|97171551:9|97171881:9|97172552:9|97172662:9|97172882:9|97173113:9|97173663:9|97173883:9|97173939:9|97174004:9|97174114:9|97174224:9|97174664:9|97174884:9|97174994:9|97175005:9|97175115:9|97175151:9|97175225:9|97175335:9|97175353:9|97175665:9|97175775:9|97175885:9|97175995:9|97176116:9|97176226:9|97176446:9|97176886:9|97177227:9|97177887:9|97177997:9|97178228:9|97178338:9|97178448:9|97178558:9|97178668:9|97179229:9|97179669:9|97179696:9|97179889:9
2020-02-29 14:23:00,472:INFO:93130440:9|93130660:9|93131818:9|93131881:9|93132112:9|93132442:9|93132662:9|93133663:9|93133773:9|93134114:9|93134224:9|93134664:9|93134774:9|93134884:9|93134994:9|93135225:9|93135445:9|93135665:9|93135757:9|93135775:9|93135885:9|93136006:9|93136116:9|93136226:9|93136262:9|93136336:9|93136556:9|93136767:9|93136776:9|93136886:9|93137007:9|93137227:9|93137667:9|93137676:9|93137887:9|93138118:9|93138228:9|93138338:9|93138448:9|93138558:9|93138778:9|93139229:9|93139449:9|93139559:9
2020-02-29 14:23:54,566:INFO:98280660:9|98281414:9|98281441:9|98281551:9|98281661:9|98281717:9|98281771:9|98282332:9|98282552:9|98282626:9|98283223:9|98283663:9|98283773:9|98284004:9|98284334:9|98284554:9|98284664:9|98285115:9|98285335:9|98285353:9|98285665:9|98285775:9|98286556:9|98286776:9|98287227:9|98287557:9|98287667:9|98288448:9|98289779:9
2020-02-29 14:24:04,322:INFO:98380660:9|98381221:9|98381441:9|98381661:9|98381771:9|98381991:9|98382112:9|98382332:9|98382525:9|98382552:9|98382662:9|98383443:9|98383773:9|98384004:9|98384224:9|98384334:9|98384774:9|98384994:9|98385115:9|98385225:9|98385445:9|98385775:9|98386226:9|98386776:9|98386996:9|98387007:9|98387117:9|98387227:9|98387337:9|98387447:9|98387997:9|98388778:9|98389292:9|98389449:9|98389559:9
2020-02-29 14:24:12,267:INFO:98480660:9|98481221:9|98481331:9|98481551:9|98481991:9|98482002:9|98482552:9|98482772:9|98483113:9|98483223:9|98483443:9|98483553:9|98483663:9|98483773:9|98483993:9|98484224:9|98484334:9|98484554:9|98485005:9|98485115:9|98485665:9|98485775:9|98485995:9|98486116:9|98486226:9|98486336:9|98486446:9|98486776:9|98487007:9|98487227:9|98487447:9|98487667:9|98488668:9|98488686:9|98489229:9|98489339:9|98489559:9|98489669:9|98489779:9
2020-02-29 14:24:22,101:INFO:98330770:9|98331331:9|98331441:9|98331661:9|98332442:9|98332772:9|98332882:9|98332992:9|98334114:9|98334224:9|98334334:9|98334554:9|98334774:9|98334884:9|98335115:9|98335445:9|98335665:9|98335775:9|98336116:9|98336776:9|98336996:9|98337557:9|98337887:9|98338448:9|98339669:9|98339779:9
2020-02-29 14:24:26,760:INFO:98661221:9|98661441:9|98661881:9|98662442:9|98662772:9|98663113:9|98663223:9|98663443:9|98663553:9|98663773:9|98663883:9|98664114:9|98664141:9|98664224:9|98664334:9|98664774:9|98664884:9|98665005:9|98665225:9|98665454:9|98665665:9|98665995:9|98666116:9|98666776:9|98667227:9|98667447:9|98667557:9|98668118:9|98669339:9
2020-02-29 14:24:37,004:INFO:98801441:9|98802112:9|98802552:9|98802882:9|98803663:9|98803993:9|98804224:9|98805775:9|98807997:9|98808338:9|98809449:9
2020-02-29 14:24:42,244:INFO:98887227:9
2020-02-29 14:24:45,538:INFO:ДУГААРАА СОНГОЖ БУЙ ХЭСЭГ
2020-02-29 14:24:45,538:INFO:2
2020-02-29 14:25:27,601:INFO:ДУГААРАА СОНГОЖ БУЙ ХЭСЭГ
2020-02-29 14:25:27,602:INFO:2
2020-02-29 14:25:37,088:INFO:------------------------------------------------------------------------------------------------
2020-02-29 14:25:38,122:INFO:ДУГААРАА СОНГОЖ БУЙ ХЭСЭГ
2020-02-29 14:25:38,122:INFO:7
2020-02-29 14:25:44,828:INFO:ДУГААРАА СОНГОЖ БУЙ ХЭСЭГ
2020-02-29 14:25:44,828:INFO:7
2020-02-29 14:25:54,614:INFO:98070110:9|98070202:9|98070220:9|98070440:9|98070550:9|98070660:9|98070880:9|98070990:9|98071313:9|98071441:9|98071551:9|98071661:9|98071881:9|98071991:9|98072112:9|98072323:9|98072332:9|98072442:9|98072552:9|98072626:9|98072662:9|98072772:9|98072882:9|98072992:9|98073003:9|98073113:9|98073131:9|98073223:9|98073232:9|98073443:9|98073553:9|98073663:9|98073773:9|98073883:9|98073993:9|98074004:9|98074114:9|98074141:9|98074224:9|98074242:9|98074334:9|98074554:9|98074646:9|98074664:9|98074774:9|98074884:9|98074994:9|98075005:9|98075115:9|98075151:9|98075225:9|98075252:9|98075335:9|98075353:9|98075445:9|98075454:9|98075665:9|98075775:9|98075858:9|98075885:9|98076006:9|98076116:9|98076161:9|98076226:9|98076262:9|98076336:9|98076363:9|98076446:9|98076464:9|98076556:9|98076565:9|98076776:9|98076996:9|98077117:9|98077227:9|98077272:9|98077337:9|98077373:9|98077447:9|98077557:9|98077667:9|98077997:9|98078282:9|98078338:9|98078383:9|98078448:9|98078484:9|98078558:9|98078668:9|98078778:9|98079119:9|98079191:9|98079229:9|98079339:9|98079393:9|98079449:9|98079559:9|98079669:9|98079889:9
2020-02-29 14:26:11,134:INFO:97070220:9|97070330:9|97070404:9|97070440:9|97070550:9|97070660:9|97070990:9|97071551:9|97071616:9|97071661:9|97072112:9|97072424:9|97072525:9|97072552:9|97072662:9|97072772:9|97072828:9|97072882:9|97072992:9|97073003:9|97073113:9|97073232:9|97073443:9|97073535:9|97073553:9|97073636:9|97073663:9|97073838:9|97073939:9|97073993:9|97074004:9|97074114:9|97074141:9|97074224:9|97074242:9|97074334:9|97074343:9|97074554:9|97074646:9|97074664:9|97074774:9|97074884:9|97074949:9|97074994:9|97075005:9|97075115:9|97075225:9|97075252:9|97075335:9|97075353:9|97075445:9|97075454:9|97075656:9|97075775:9|97075995:9|97076060:9|97076116:9|97076226:9|97076446:9|97076556:9|97076565:9|97076776:9|97076868:9|97076886:9|97076996:9|97077117:9|97077272:9|97077337:9|97077373:9|97077447:9|97077474:9|97077667:9|97077887:9|97078008:9|97078181:9|97078228:9|97078338:9|97078448:9|97078484:9|97078558:9|97078585:9|97078668:9|97079119:9|97079229:9|97079292:9|97079339:9|97079393:9|97079449:9|97079494:9|97079559:9|97079889:9
2020-02-29 14:26:35,871:INFO:97100220:9|97100303:9|97100330:9|97100440:9|97100550:9|97100660:9|97100990:9|97101212:9|97101221:9|97101313:9|97101331:9|97101414:9|97101441:9|97101551:9|97101616:9|97101661:9|97101771:9|97101881:9|97101991:9|97102002:9|97102112:9|97102121:9|97102332:9|97102424:9|97102442:9|97102552:9|97102626:9|97102662:9|97102772:9|97102882:9|97102929:9|97102992:9|97103003:9|97103030:9|97103113:9|97103131:9|97103223:9|97103232:9|97103434:9|97103443:9|97103535:9|97103553:9|97103663:9|97103737:9|97103773:9|97103883:9|97103939:9|97103993:9|97104004:9|97104114:9|97104141:9|97104224:9|97104242:9|97104334:9|97104343:9|97104545:9|97104554:9|97104646:9|97104664:9|97104747:9|97104774:9|97104884:9|97104949:9|97104994:9|97105005:9|97105115:9|97105151:9|97105225:9|97105252:9|97105335:9|97105353:9|97105445:9|97105454:9|97105656:9|97105665:9|97105757:9|97105775:9|97105858:9|97105885:9|97105959:9|97105995:9|97106006:9|97106116:9|97106161:9|97106226:9|97106336:9|97106363:9|97106446:9|97106464:9|97106556:9|97106565:9|97106767:9|97106776:9|97106868:9|97106886:9|97106969:9|97106996:9|97107117:9|97107171:9|97107227:9|97107272:9|97107337:9|97107373:9|97107447:9|97107474:9|97107557:9|97107575:9|97107667:9|97107676:9|97107887:9|97107997:9|97108008:9|97108118:9|97108181:9|97108228:9|97108282:9|97108338:9|97108383:9|97108448:9|97108484:9|97108558:9|97108585:9|97108668:9|97108778:9|97108787:9|97108998:9|97109119:9|97109191:9|97109229:9|97109292:9|97109339:9|97109393:9
2020-02-29 14:26:42,440:INFO:------------------------------------------------------------------------------------------------
2020-02-29 14:26:43,418:INFO:ДУГААРАА СОНГОЖ БУЙ ХЭСЭГ
2020-02-29 14:26:43,418:INFO:2
2020-02-29 14:26:48,549:INFO:93130137:6|93130145:6|93130152:6|93130158:6|93130160:6|93130168:6|93130218:6|93130219:6|93130227:6|93130235:6|93130237:6|93130252:6|93130265:6|93130269:6|93130271:6|93130275:6|93130279:6|93130281:6|93130284:6|93130292:6|93130296:6|93130297:6|93130356:6|93130382:6|93130385:6|93130417:6|93130418:6|93130426:6|93130428:6|93130429:6|93130436:6|93130437:6|93130439:6|93130451:6|93130452:6|93130455:6|93130456:6|93130458:6|93130463:6|93130465:6|93130467:6|93130468:6|93130469:6|93130471:6|93130472:6|93130475:6|93130476:6|93130478:6|93130479:6|93130481:6|93130482:6|93130485:6|93130486:6|93130487:6|93130489:6|93130492:6|93130524:6|93130529:6|93130532:6|93130533:6|93130534:6|93130549:6|93130553:6|93130554:6|93130556:6|93130562:6|93130564:6|93130568:6|93130569:6|93130572:6|93130574:6|93130576:6|93130581:6|93130583:6|93130586:6|93130587:6|93130591:6|93130594:6|93130596:6|93130597:6|93130619:6|93130623:6|93130624:6|93130632:6|93130634:6|93130635:6|93130637:6|93130638:6|93130639:6|93130642:6|93130645:6|93130648:6|93130649:6|93130650:6|93130653:6|93130656:6|93130657:6|93130658:6|93130661:6|93130664:6|93130671:6|93130672:6|93130674:6|93130675:6|93130678:6|93130682:6|93130684:6|93130685:6|93130687:6|93130692:6|93130693:6|93130694:6|93130696:6|93130697:6|93130722:6|93130723:6|93130726:6|93130729:6|93130731:6|93130734:6|93130735:6|93130736:6|93130737:6|93130740:6|93130741:6|93130742:6|93130743:6|93130746:6|93130750:6|93130752:6|93130753:6|93130754:6
2020-02-29 14:26:52,480:INFO:ДУГААРАА СОНГОЖ БУЙ ХЭСЭГ
2020-02-29 14:26:52,481:INFO:2
2020-02-29 14:27:00,500:INFO:-1
2020-02-29 14:27:05,766:INFO:-1
2020-02-29 14:27:09,279:INFO:98995115:9|98996116:9
2020-02-29 14:27:16,671:INFO:98995115:9|98996116:9
2020-02-29 14:27:19,994:INFO:98995115:9|98996116:9
2020-02-29 14:27:29,092:INFO:-1
2020-02-29 14:27:34,239:INFO:98801441:9|98802112:9|98802552:9|98802882:9|98803663:9|98803993:9|98804224:9|98805775:9|98807997:9|98808338:9|98809449:9
2020-02-29 14:27:37,083:INFO:98801441:9|98802112:9|98802552:9|98802882:9|98803663:9|98803993:9|98804224:9|98805775:9|98807997:9|98808338:9|98809449:9
2020-02-29 14:27:59,385:INFO:93331441:9|93331661:9|93331717:9|93332002:9|93332112:9|93332442:9|93332552:9|93332772:9|93332828:9|93332992:9|93334224:9|93334554:9|93334664:9|93334747:9|93334774:9|93334949:9|93334994:9|93335005:9|93335115:9|93335252:9|93335454:9|93335665:9|93335995:9|93336161:9|93336262:9|93336446:9|93336556:9|93336565:9|93336776:9|93337117:9|93337227:9|93337447:9|93337474:9|93337557:9|93337667:9|93337676:9|93337887:9|93338080:9|93338118:9|93338558:9|93338778:9|93339559:9
2020-02-29 14:28:03,061:INFO:93331441:9|93331661:9|93331717:9|93332002:9|93332112:9|93332442:9|93332552:9|93332772:9|93332828:9|93332992:9|93334224:9|93334554:9|93334664:9|93334747:9|93334774:9|93334949:9|93334994:9|93335005:9|93335115:9|93335252:9|93335454:9|93335665:9|93335995:9|93336161:9|93336262:9|93336446:9|93336556:9|93336565:9|93336776:9|93337117:9|93337227:9|93337447:9|93337474:9|93337557:9|93337667:9|93337676:9|93337887:9|93338080:9|93338118:9|93338558:9|93338778:9|93339559:9
2020-02-29 14:28:08,405:INFO:93331441:9|93331661:9|93331717:9|93332002:9|93332112:9|93332442:9|93332552:9|93332772:9|93332828:9|93332992:9|93334224:9|93334554:9|93334664:9|93334747:9|93334774:9|93334949:9|93334994:9|93335005:9|93335115:9|93335252:9|93335454:9|93335665:9|93335995:9|93336161:9|93336262:9|93336446:9|93336556:9|93336565:9|93336776:9|93337117:9|93337227:9|93337447:9|93337474:9|93337557:9|93337667:9|93337676:9|93337887:9|93338080:9|93338118:9|93338558:9|93338778:9|93339559:9
2020-02-29 14:40:10,593:INFO:------------------------------------------------------------------------------------------------
2020-02-29 14:40:20,106:INFO:ДУГААРАА СОНГОЖ БУЙ ХЭСЭГ
2020-02-29 14:40:20,106:INFO:7
2020-02-29 14:40:20,425:WARNING:Not Found: /favicon.ico
2020-02-29 14:40:37,699:INFO:ДУГААРАА СОНГОЖ БУЙ ХЭСЭГ
2020-02-29 14:40:37,699:INFO:7
2020-02-29 14:40:42,072:INFO:98046666:5|98142222:5|98143333:5|98152222:5|98154444:5|98162222:5|98163333:5|98164444:5|98174444:5|98176666:5|98192222:5|98213333:5|98214444:5|98243333:5|98246666:5|98253333:5|98254444:5|98263333:5|98264444:5|98273333:5|98274444:5|98276666:5|98293333:5|98294444:5|98296666:5|98302222:5|98304444:5|98314444:5|98317777:5|98324444:5|98326666:5|98327777:5|98370000:5|98372222:5|98373333:5|98374444:5|98375555:5|98376666:5|98423333:5|98426666:5|98432222:5|98436666:5|98450000:5|98452222:5|98453333:5|98456666:5|98457777:5|98462222:5|98463333:5|98467777:5|98470000:5|98472222:5|98473333:5|98475555:5|98476666:5|98483333:5|98498888:5|98507777:5|98513333:5|98514444:5|98516666:5|98526666:5|98528888:5|98530000:5|98541111:5|98562222:5|98564444:5|98571111:5|98592222:5|98593333:5|98594444:5|98603333:5|98604444:5|98613333:5|98623333:5|98632222:5|98634444:5|98642222:5|98643333:5|98652222:5|98653333:5|98654444:5|98673333:5|98674444:5|98702222:5|98704444:5|98834444:5|98924444:5|98932222:5|98946666:5|98952222:5|98953333:5
2020-02-29 14:40:49,007:INFO:97016666:5|97024444:5|97032222:5|97034444:5|97046666:5|97052222:5|97053333:5|97054444:5|97063333:5|97064444:5|97073333:5|97082222:5|97124444:5|97125555:5|97126666:5|97130000:5|97132222:5|97134444:5|97135555:5|97142222:5|97143333:5|97145555:5|97146666:5|97152222:5|97153333:5|97156666:5|97162222:5|97163333:5|97165555:5|97182222:5|97183333:5|97184444:5|97186666:5|97192222:5|97193333:5
2020-02-29 14:40:59,542:INFO:97016666:5|97024444:5|97032222:5|97034444:5|97046666:5|97052222:5|97053333:5|97054444:5|97063333:5|97064444:5|97073333:5|97082222:5|97124444:5|97125555:5|97126666:5|97130000:5|97132222:5|97134444:5|97135555:5|97142222:5|97143333:5|97145555:5|97146666:5|97152222:5|97153333:5|97156666:5|97162222:5|97163333:5|97165555:5|97182222:5|97183333:5|97184444:5|97186666:5|97192222:5|97193333:5
2020-02-29 14:41:10,259:INFO:93064444:5|93072222:5|93124444:5|93125555:5|93126666:5|93127777:5|93142222:5|93145555:5|93146666:5|93152222:5|93156666:5|93162222:5|93163333:5|93164444:5|93165555:5|93172222:5|93173333:5|93174444:5|93175555:5|93176666:5|93182222:5|93183333:5|93184444:5|93187777:5|93192222:5|93193333:5|93194444:5|93197777:5|93203333:5|93204444:5|93207777:5|93214444:5|93217777:5|93234444:5|93236666:5|93241111:5|93243333:5|93245555:5|93246666:5|93247777:5|93249999:5|93253333:5|93254444:5|93256666:5|93257777:5|93261111:5|93263333:5|93264444:5|93265555:5|93267777:5|93271111:5|93273333:5|93274444:5|93276666:5|93280000:5|93281111:5|93283333:5|93284444:5|93285555:5|93286666:5|93287777:5|93293333:5|93294444:5|93295555:5|93296666:5|93302222:5|93312222:5|93314444:5|93315555:5|93316666:5|93317777:5|93321111:5|93324444:5|93325555:5|93326666:5|93340000:5|93341111:5|93342222:5|93346666:5|93347777:5|93351111:5|93352222:5|93354444:5|93356666:5|93357777:5|93361111:5|93362222:5|93364444:5|93372222:5|93374444:5|93375555:5|93376666:5|93382222:5|93384444:5|93386666:5|93401111:5|93402222:5|93403333:5|93405555:5|93406666:5|93407777:5|93410000:5|93412222:5|93413333:5|93415555:5|93416666:5|93417777:5|93420000:5|93421111:5|93423333:5|93425555:5|93426666:5|93427777:5|93436666:5|93437777:5|93451111:5|93452222:5|93453333:5|93456666:5|93457777:5|93460000:5|93462222:5|93463333:5|93465555:5|93467777:5|93471111:5|93472222:5|93473333:5|93475555:5|93476666:5
2020-02-29 14:41:22,027:INFO:ДУГААРАА СОНГОЖ БУЙ ХЭСЭГ
2020-02-29 14:41:22,027:INFO:7
2020-02-29 14:41:27,434:INFO:98002662:9|98003223:9|98004774:9|98004994:9|98006446:9|98010660:9|98010770:9|98011661:9|98012662:9|98012772:9|98012992:9|98013113:9|98013443:9|98013663:9|98013773:9|98013883:9|98013993:9|98014114:9|98014334:9|98014343:9|98014554:9|98014664:9|98014774:9|98014994:9|98015115:9|98015225:9|98015335:9|98015445:9|98015665:9|98015775:9|98015885:9|98015995:9|98016116:9|98016262:9|98016336:9|98016363:9|98016446:9|98016556:9|98016776:9|98016886:9|98016996:9|98017007:9|98017117:9|98017227:9|98017272:9|98017337:9|98017373:9|98017447:9|98017557:9|98017667:9|98017887:9|98017997:9|98018338:9|98018558:9|98018778:9|98019119:9|98019229:9|98019339:9|98019449:9|98019669:9|98019779:9|98020440:9|98020550:9|98020660:9|98020770:9|98020990:9|98021331:9|98021441:9|98021551:9|98021616:9|98021661:9|98021717:9|98021771:9|98021991:9|98022332:9|98022424:9|98022442:9|98022552:9|98022772:9|98022992:9|98023003:9|98023113:9|98023131:9|98023223:9|98023443:9|98023553:9|98023663:9|98023737:9|98023773:9|98023883:9|98023993:9|98024004:9|98024114:9|98024224:9|98024242:9|98024343:9|98024545:9|98024554:9|98024774:9|98024884:9|98024994:9|98025115:9|98025225:9|98025252:9|98025335:9|98025353:9|98025445:9|98025665:9|98025757:9|98025775:9|98025885:9|98025995:9|98026116:9|98026161:9|98026226:9|98026336:9|98026446:9|98026556:9|98026565:9|98026767:9|98026776:9|98026886:9|98026996:9|98027007:9|98027117:9|98027171:9|98027227:9|98027337:9|98027373:9|98027447:9|98027474:9|98027557:9
2020-02-29 14:41:34,826:INFO:-1
2020-02-29 14:41:46,271:INFO:-1
2020-02-29 14:41:50,426:INFO:ДУГААРАА СОНГОЖ БУЙ ХЭСЭГ
2020-02-29 14:41:50,426:INFO:7
2020-02-29 14:41:55,097:INFO:98112746:6|98112764:6|98112843:6|98112853:6|98112863:6|98112873:6|98112914:6|98112917:6|98112943:6|98112951:6|98112964:6|98112965:6|98112967:6|98112971:6|98112975:6|98113127:6|98113146:6|98113147:6|98113167:6|98113214:6|98113217:6|98113218:6|98113219:6|98113246:6|98113251:6|98113257:6|98113261:6|98113267:6|98113268:6|98113271:6|98113274:6|98113295:6|98113416:6|98113427:6|98113429:6|98113452:6|98113463:6|98113469:6|98113471:6|98113472:6|98113473:6|98113475:6|98113476:6|98113491:6|98113492:6|98113497:6|98113521:6|98113527:6|98113528:6|98113529:6|98113541:6|98113542:6|98113547:6|98113561:6|98113564:6|98113573:6|98113587:6|98113592:6|98113614:6|98113615:6|98113617:6|98113625:6|98113641:6|98113642:6|98113643:6|98113645:6|98113654:6|98113657:6|98113672:6|98113673:6|98113675:6|98113681:6|98113682:6|98113685:6|98113692:6|98113694:6|98113705:6|98113712:6|98113714:6|98113716:6|98113718:6|98113724:6|98113725:6|98113726:6|98113728:6|98113741:6|98113742:6|98113746:6|98113748:6|98113751:6|98113753:6|98113754:6|98113759:6|98113761:6|98113765:6|98113781:6|98113782:6|98113783:6|98113784:6|98113786:6|98113791:6|98113792:6|98113794:6|98113802:6|98113805:6|98113816:6|98113824:6|98113826:6|98113827:6|98113842:6|98113845:6|98113847:6|98113850:6|98113851:6|98113853:6|98113857:6|98113862:6|98113863:6|98113864:6|98113867:6|98113870:6|98113871:6|98113872:6|98113874:6|98113876:6|98113904:6|98113905:6|98113912:6|98113913:6|98113914:6|98113915:6|98113917:6
2020-02-29 14:57:50,295:INFO:ДУГААРАА СОНГОЖ БУЙ ХЭСЭГ
2020-02-29 14:57:50,296:INFO:2
2020-02-29 14:57:50,643:WARNING:Not Found: /favicon.ico
2020-02-29 14:57:55,299:INFO:ДУГААРАА СОНГОЖ БУЙ ХЭСЭГ
2020-02-29 14:57:55,300:INFO:2
2020-02-29 14:57:55,545:WARNING:Not Found: /favicon.ico
2020-02-29 14:58:07,954:INFO:------------------------------------------------------------------------------------------------
2020-02-29 14:58:09,775:INFO:ДУГААРАА СОНГОЖ БУЙ ХЭСЭГ
2020-02-29 14:58:09,776:INFO:7
2020-02-29 14:58:09,990:WARNING:Not Found: /favicon.ico
2020-02-29 14:58:11,708:INFO:ДУГААРАА СОНГОЖ БУЙ ХЭСЭГ
2020-02-29 14:58:11,708:INFO:7
2020-02-29 14:58:11,922:WARNING:Not Found: /favicon.ico
2020-02-29 14:58:40,457:INFO:ДУГААРАА СОНГОЖ БУЙ ХЭСЭГ
2020-02-29 14:58:40,457:INFO:7
2020-02-29 14:58:40,671:WARNING:Not Found: /favicon.ico
2020-02-29 14:58:49,054:INFO:98070110:9|98070202:9|98070220:9|98070440:9|98070550:9|98070660:9|98070880:9|98070990:9|98071313:9|98071441:9|98071551:9|98071661:9|98071881:9|98071991:9|98072112:9|98072323:9|98072332:9|98072442:9|98072552:9|98072626:9|98072662:9|98072772:9|98072882:9|98072992:9|98073003:9|98073113:9|98073131:9|98073223:9|98073232:9|98073443:9|98073553:9|98073663:9|98073773:9|98073883:9|98073993:9|98074004:9|98074114:9|98074141:9|98074224:9|98074242:9|98074334:9|98074554:9|98074646:9|98074664:9|98074774:9|98074884:9|98074994:9|98075005:9|98075115:9|98075151:9|98075225:9|98075252:9|98075335:9|98075353:9|98075445:9|98075454:9|98075665:9|98075775:9|98075858:9|98075885:9|98076006:9|98076116:9|98076161:9|98076226:9|98076262:9|98076336:9|98076363:9|98076446:9|98076464:9|98076556:9|98076565:9|98076776:9|98076996:9|98077117:9|98077227:9|98077272:9|98077337:9|98077373:9|98077447:9|98077557:9|98077667:9|98077997:9|98078282:9|98078338:9|98078383:9|98078448:9|98078484:9|98078558:9|98078668:9|98078778:9|98079119:9|98079191:9|98079229:9|98079339:9|98079393:9|98079449:9|98079559:9|98079669:9|98079889:9
2020-02-29 14:58:56,578:INFO:ДУГААРЫН ҮНЭ
2020-02-29 14:58:56,582:INFO:10000
2020-02-29 14:59:07,734:INFO:РЕГИСТЕРИЙН ДУГААР
2020-02-29 14:59:53,818:INFO:ДУГААРЫН ZAHIALGA
2020-02-29 14:59:53,830:INFO:Success
2020-02-29 14:59:54,100:WARNING:Not Found: /favicon.ico
2020-02-29 15:00:26,380:INFO:------------------------------------------------------------------------------------------------
2020-02-29 15:00:30,994:INFO:ДУГААРАА СОНГОЖ БУЙ ХЭСЭГ
2020-02-29 15:00:30,994:INFO:7
2020-02-29 15:00:31,225:WARNING:Not Found: /favicon.ico
2020-02-29 15:00:33,772:INFO:ДУГААРАА СОНГОЖ БУЙ ХЭСЭГ
2020-02-29 15:00:33,773:INFO:7
2020-02-29 15:00:34,002:WARNING:Not Found: /favicon.ico
2020-02-29 15:00:39,765:INFO:98070110:9|98070220:9|98070440:9|98070550:9|98070660:9|98070880:9|98070990:9|98071313:9|98071441:9|98071551:9|98071661:9|98071881:9|98071991:9|98072112:9|98072323:9|98072332:9|98072442:9|98072552:9|98072626:9|98072662:9|98072772:9|98072882:9|98072992:9|98073003:9|98073113:9|98073131:9|98073223:9|98073232:9|98073443:9|98073553:9|98073663:9|98073773:9|98073883:9|98073993:9|98074004:9|98074114:9|98074141:9|98074224:9|98074242:9|98074334:9|98074554:9|98074646:9|98074664:9|98074774:9|98074884:9|98074994:9|98075005:9|98075115:9|98075151:9|98075225:9|98075252:9|98075335:9|98075353:9|98075445:9|98075454:9|98075665:9|98075775:9|98075858:9|98075885:9|98076006:9|98076116:9|98076161:9|98076226:9|98076262:9|98076336:9|98076363:9|98076446:9|98076464:9|98076556:9|98076565:9|98076776:9|98076996:9|98077117:9|98077227:9|98077272:9|98077337:9|98077373:9|98077447:9|98077557:9|98077667:9|98077997:9|98078282:9|98078338:9|98078383:9|98078448:9|98078484:9|98078558:9|98078668:9|98078778:9|98079119:9|98079191:9|98079229:9|98079339:9|98079393:9|98079449:9|98079559:9|98079669:9|98079889:9
2020-02-29 15:31:54,094:INFO:------------------------------------------------------------------------------------------------
2020-02-29 15:31:54,132:INFO:------------------------------------------------------------------------------------------------
2020-02-29 15:32:00,686:INFO:ДУГААРАА СОНГОЖ БУЙ ХЭСЭГ
2020-02-29 15:32:00,686:INFO:2
2020-02-29 15:32:01,221:WARNING:Not Found: /favicon.ico
2020-02-29 15:32:01,229:WARNING:Not Found: /favicon.ico
2020-02-29 15:32:19,521:INFO:-1
2020-02-29 15:32:21,183:INFO:-1
2020-02-29 15:56:49,142:INFO:ДУГААРАА СОНГОЖ БУЙ ХЭСЭГ
2020-02-29 15:56:49,142:INFO:4
2020-02-29 15:56:57,945:INFO:ДУГААРАА СОНГОЖ БУЙ ХЭСЭГ
2020-02-29 15:56:57,946:INFO:4
2020-02-29 15:56:59,023:INFO:ДУГААРАА СОНГОЖ БУЙ ХЭСЭГ
2020-02-29 15:56:59,024:INFO:4
2020-02-29 15:57:13,471:INFO:------------------------------------------------------------------------------------------------
2020-02-29 15:57:29,815:INFO:ДУГААРАА СОНГОЖ БУЙ ХЭСЭГ
2020-02-29 15:57:29,815:INFO:3
2020-02-29 15:57:56,219:INFO:------------------------------------------------------------------------------------------------
2020-02-29 15:57:57,222:INFO:ДУГААРАА СОНГОЖ БУЙ ХЭСЭГ
2020-02-29 15:57:57,222:INFO:2
2020-02-29 16:00:13,976:WARNING:Not Found: /favicon.ico
2020-02-29 18:16:53,965:INFO:------------------------------------------------------------------------------------------------
2020-02-29 18:16:56,729:INFO:ДУГААРАА СОНГОЖ БУЙ ХЭСЭГ
2020-02-29 18:16:56,730:INFO:7
2020-02-29 18:16:57,352:WARNING:Not Found: /favicon.ico
2020-02-29 18:17:22,690:INFO:97010116:6
2020-02-29 18:17:23,934:INFO:97010116:6
2020-02-29 18:17:25,091:INFO:97010116:6
2020-02-29 18:17:31,895:INFO:ДУГААРЫН ҮНЭ
2020-02-29 18:17:31,899:INFO:10000
2020-02-29 18:17:41,003:INFO:РЕГИСТЕРИЙН ДУГААР
2020-02-29 18:18:47,837:INFO:ДУГААРЫН ZAHIALGA
2020-02-29 18:18:47,850:INFO:Success
2020-02-29 18:18:51,637:INFO:------------------------------------------------------------------------------------------------
2020-02-29 18:18:53,369:INFO:ДУГААРАА СОНГОЖ БУЙ ХЭСЭГ
2020-02-29 18:18:53,370:INFO:7
2020-02-29 18:19:09,980:INFO:98000416:6
2020-02-29 18:19:12,177:INFO:ДУГААРЫН ҮНЭ
2020-02-29 18:19:12,180:INFO:10000
2020-02-29 18:19:13,105:INFO:РЕГИСТЕРИЙН ДУГААР
2020-02-29 18:19:24,325:INFO:ДУГААРЫН ZAHIALGA
2020-02-29 18:19:24,335:INFO:Success
2020-02-29 18:19:25,877:INFO:------------------------------------------------------------------------------------------------
