2020-01-27 08:46:35,353:INFO:----------------------------------------------------------------------------------------------------
2020-01-27 09:04:01,809:ERROR:Invalid HTTP_HOST header: u'DugaarShuult:8000'. You may need to add u'dugaarshuult' to ALLOWED_HOSTS.
2020-01-27 11:53:56,030:INFO:----------------------------------------------------------------------------------------------------
2020-01-27 11:53:58,050:INFO:ДУГААРАА СОНГОЖ БУЙ ХЭСЭГ
2020-01-27 11:53:58,050:INFO:2
2020-01-27 11:53:58,059:INFO:114
2020-01-27 11:53:58,059:INFO:['8312', '8313', '8314', '8315', '8316', '8317', '8318', '8319', '9312', '9313', '9314', '9315', '9316', '9317', '9318', '9319', '9320', '9321', '9322', '9323', '9324', '9325', '9326', '9327', '9328', '9329', '9330', '9331', '9332', '9333', '9334', '9335', '9336', '9337', '9338', '9339', '9340', '9341', '9342', '9343', '9344', '9345', '9346', '9347', '9712', '9713', '9714', '9715', '9716', '9717', '9718', '9719', '9812', '9813', '9814', '9815', '9816', '9817', '9818', '9819', '9820', '9821', '9822', '9823', '9824', '9825', '9826', '9827', '9828', '9829', '9830', '9831', '9832', '9833', '9837', '9838', '9842', '9843', '9845', '9846', '9847', '9848', '9851', '9856', '9859', '9860', '9861', '9862', '9863', '9864', '9865', '9866', '9867', '9870', '9880', '9881', '9882', '9883', '9884', '9885', '9886', '9887', '9888', '9889', '9890', '9891', '9892', '9893', '9894', '9895', '9896', '9897', '9898', '9899']
2020-01-27 11:54:12,233:INFO:-1
2020-01-27 11:54:18,602:INFO:97101404:6|97111404:6|97131404:6|97151404:6|97181404:6|97191404:6
2020-01-27 11:54:52,047:INFO:РЕГИСТЕРИЙН ДУГААР
2020-01-27 11:54:57,226:INFO:ДУГААРЫН ZAHIALGA
2020-01-27 11:54:57,235:INFO:Success
2020-01-27 11:57:42,752:INFO:----------------------------------------------------------------------------------------------------
2020-01-27 11:57:44,331:INFO:ДУГААРАА СОНГОЖ БУЙ ХЭСЭГ
2020-01-27 11:57:44,332:INFO:2
2020-01-27 11:57:44,338:INFO:114
2020-01-27 11:57:44,338:INFO:['8312', '8313', '8314', '8315', '8316', '8317', '8318', '8319', '9312', '9313', '9314', '9315', '9316', '9317', '9318', '9319', '9320', '9321', '9322', '9323', '9324', '9325', '9326', '9327', '9328', '9329', '9330', '9331', '9332', '9333', '9334', '9335', '9336', '9337', '9338', '9339', '9340', '9341', '9342', '9343', '9344', '9345', '9346', '9347', '9712', '9713', '9714', '9715', '9716', '9717', '9718', '9719', '9812', '9813', '9814', '9815', '9816', '9817', '9818', '9819', '9820', '9821', '9822', '9823', '9824', '9825', '9826', '9827', '9828', '9829', '9830', '9831', '9832', '9833', '9837', '9838', '9842', '9843', '9845', '9846', '9847', '9848', '9851', '9856', '9859', '9860', '9861', '9862', '9863', '9864', '9865', '9866', '9867', '9870', '9880', '9881', '9882', '9883', '9884', '9885', '9886', '9887', '9888', '9889', '9890', '9891', '9892', '9893', '9894', '9895', '9896', '9897', '9898', '9899']
2020-01-27 11:58:26,507:INFO:98104543:6|98124543:6|98194543:6
2020-01-27 11:58:41,759:INFO:РЕГИСТЕРИЙН ДУГААР
2020-01-27 11:58:58,039:INFO:ДУГААРЫН ZAHIALGA
2020-01-27 11:58:58,049:INFO:Success
2020-01-27 12:09:46,398:INFO:----------------------------------------------------------------------------------------------------
2020-01-27 12:09:47,847:INFO:ДУГААРАА СОНГОЖ БУЙ ХЭСЭГ
2020-01-27 12:09:47,848:INFO:2
2020-01-27 12:09:47,856:INFO:114
2020-01-27 12:09:47,856:INFO:['8312', '8313', '8314', '8315', '8316', '8317', '8318', '8319', '9312', '9313', '9314', '9315', '9316', '9317', '9318', '9319', '9320', '9321', '9322', '9323', '9324', '9325', '9326', '9327', '9328', '9329', '9330', '9331', '9332', '9333', '9334', '9335', '9336', '9337', '9338', '9339', '9340', '9341', '9342', '9343', '9344', '9345', '9346', '9347', '9712', '9713', '9714', '9715', '9716', '9717', '9718', '9719', '9812', '9813', '9814', '9815', '9816', '9817', '9818', '9819', '9820', '9821', '9822', '9823', '9824', '9825', '9826', '9827', '9828', '9829', '9830', '9831', '9832', '9833', '9837', '9838', '9842', '9843', '9845', '9846', '9847', '9848', '9851', '9856', '9859', '9860', '9861', '9862', '9863', '9864', '9865', '9866', '9867', '9870', '9880', '9881', '9882', '9883', '9884', '9885', '9886', '9887', '9888', '9889', '9890', '9891', '9892', '9893', '9894', '9895', '9896', '9897', '9898', '9899']
2020-01-27 12:09:58,704:INFO:98179019:6
2020-01-27 12:31:52,305:INFO:----------------------------------------------------------------------------------------------------
2020-01-27 12:31:55,192:INFO:ДУГААРАА СОНГОЖ БУЙ ХЭСЭГ
2020-01-27 12:31:55,192:INFO:2
2020-01-27 12:31:55,200:INFO:114
2020-01-27 12:31:55,200:INFO:['8312', '8313', '8314', '8315', '8316', '8317', '8318', '8319', '9312', '9313', '9314', '9315', '9316', '9317', '9318', '9319', '9320', '9321', '9322', '9323', '9324', '9325', '9326', '9327', '9328', '9329', '9330', '9331', '9332', '9333', '9334', '9335', '9336', '9337', '9338', '9339', '9340', '9341', '9342', '9343', '9344', '9345', '9346', '9347', '9712', '9713', '9714', '9715', '9716', '9717', '9718', '9719', '9812', '9813', '9814', '9815', '9816', '9817', '9818', '9819', '9820', '9821', '9822', '9823', '9824', '9825', '9826', '9827', '9828', '9829', '9830', '9831', '9832', '9833', '9837', '9838', '9842', '9843', '9845', '9846', '9847', '9848', '9851', '9856', '9859', '9860', '9861', '9862', '9863', '9864', '9865', '9866', '9867', '9870', '9880', '9881', '9882', '9883', '9884', '9885', '9886', '9887', '9888', '9889', '9890', '9891', '9892', '9893', '9894', '9895', '9896', '9897', '9898', '9899']
2020-01-27 12:31:56,325:WARNING:Not Found: /favicon.ico
2020-01-27 12:32:14,407:INFO:98103531:6|98123531:6|98133531:6|98143531:6|98153531:6|98163531:6|98173531:6|98183531:6
2020-01-27 12:32:16,392:INFO:98103531:6|98123531:6|98133531:6|98143531:6|98153531:6|98163531:6|98173531:6|98183531:6
2020-01-27 12:33:59,935:INFO:98102409:6|98162409:6|98172409:6|98182409:6
2020-01-27 12:35:21,007:INFO:-1
2020-01-27 12:35:26,899:INFO:97109800:6|97119800:6|97129800:6|97139800:6|97149800:6|97159800:6|97169800:6|97179800:6|97199800:6
2020-01-27 12:36:08,352:INFO:97102829:6|97112829:6|97132829:6|97142829:6|97152829:6|97162829:6
2020-01-27 12:36:21,671:INFO:-1
2020-01-27 12:36:27,693:INFO:93102829:6|93112829:6|93142829:6|93152829:6|93162829:6|93182829:6
2020-01-27 12:36:46,676:INFO:97102829:6|97112829:6|97132829:6|97142829:6|97152829:6|97162829:6
2020-01-27 12:37:13,195:INFO:97109975:6|97119975:6|97129975:6|97139975:6|97149975:6|97159975:6|97169975:6|97189975:6|97199975:6
2020-01-27 12:37:22,243:INFO:98109975:6|98139975:6|98149975:6|98169975:6|98179975:6
2020-01-27 12:37:42,114:INFO:97109975:6|97119975:6|97129975:6|97139975:6|97149975:6|97159975:6|97169975:6|97189975:6|97199975:6
2020-01-27 12:37:43,879:INFO:97109975:6|97119975:6|97129975:6|97139975:6|97149975:6|97159975:6|97169975:6|97189975:6|97199975:6
2020-01-27 12:38:13,577:INFO:97109025:6|97119025:6|97129025:6|97139025:6|97149025:6|97159025:6|97169025:6|97179025:6|97189025:6|97199025:6
2020-01-27 12:38:23,609:INFO:98109025:6|98169025:6|98179025:6|98189025:6
2020-01-27 12:38:25,884:INFO:98109025:6|98169025:6|98179025:6|98189025:6
2020-01-27 12:39:24,523:INFO:98129077:6|98159077:6|98169077:6|98199077:6
2020-01-27 12:45:56,378:INFO:----------------------------------------------------------------------------------------------------
2020-01-27 12:45:58,146:INFO:ДУГААРАА СОНГОЖ БУЙ ХЭСЭГ
2020-01-27 12:45:58,147:INFO:2
2020-01-27 12:45:58,153:INFO:114
2020-01-27 12:45:58,153:INFO:['8312', '8313', '8314', '8315', '8316', '8317', '8318', '8319', '9312', '9313', '9314', '9315', '9316', '9317', '9318', '9319', '9320', '9321', '9322', '9323', '9324', '9325', '9326', '9327', '9328', '9329', '9330', '9331', '9332', '9333', '9334', '9335', '9336', '9337', '9338', '9339', '9340', '9341', '9342', '9343', '9344', '9345', '9346', '9347', '9712', '9713', '9714', '9715', '9716', '9717', '9718', '9719', '9812', '9813', '9814', '9815', '9816', '9817', '9818', '9819', '9820', '9821', '9822', '9823', '9824', '9825', '9826', '9827', '9828', '9829', '9830', '9831', '9832', '9833', '9837', '9838', '9842', '9843', '9845', '9846', '9847', '9848', '9851', '9856', '9859', '9860', '9861', '9862', '9863', '9864', '9865', '9866', '9867', '9870', '9880', '9881', '9882', '9883', '9884', '9885', '9886', '9887', '9888', '9889', '9890', '9891', '9892', '9893', '9894', '9895', '9896', '9897', '9898', '9899']
2020-01-27 12:46:41,600:INFO:98109352:6|98129352:6|98139352:6|98149352:6|98159352:6|98169352:6|98179352:6|98189352:6
2020-01-27 12:47:12,073:INFO:98104534:6|98114534:6|98124534:6|98134534:6|98164534:6|98174534:6|98184534:6
2020-01-27 12:47:15,410:INFO:98104535:6|98124535:6
2020-01-27 12:47:31,087:INFO:98106621:6|98136621:6|98146621:6|98156621:6|98196621:6
2020-01-27 12:47:41,092:INFO:98103345:6|98123345:6|98143345:6|98163345:6|98173345:6
2020-01-27 12:48:16,918:INFO:РЕГИСТЕРИЙН ДУГААР
2020-01-27 12:48:25,568:INFO:ДУГААРЫН ZAHIALGA
2020-01-27 12:48:25,575:INFO:Success
2020-01-27 12:56:32,102:INFO:----------------------------------------------------------------------------------------------------
2020-01-27 13:01:21,020:INFO:ДУГААРАА СОНГОЖ БУЙ ХЭСЭГ
2020-01-27 13:01:21,021:INFO:2
2020-01-27 13:01:21,028:INFO:114
2020-01-27 13:01:21,028:INFO:['8312', '8313', '8314', '8315', '8316', '8317', '8318', '8319', '9312', '9313', '9314', '9315', '9316', '9317', '9318', '9319', '9320', '9321', '9322', '9323', '9324', '9325', '9326', '9327', '9328', '9329', '9330', '9331', '9332', '9333', '9334', '9335', '9336', '9337', '9338', '9339', '9340', '9341', '9342', '9343', '9344', '9345', '9346', '9347', '9712', '9713', '9714', '9715', '9716', '9717', '9718', '9719', '9812', '9813', '9814', '9815', '9816', '9817', '9818', '9819', '9820', '9821', '9822', '9823', '9824', '9825', '9826', '9827', '9828', '9829', '9830', '9831', '9832', '9833', '9837', '9838', '9842', '9843', '9845', '9846', '9847', '9848', '9851', '9856', '9859', '9860', '9861', '9862', '9863', '9864', '9865', '9866', '9867', '9870', '9880', '9881', '9882', '9883', '9884', '9885', '9886', '9887', '9888', '9889', '9890', '9891', '9892', '9893', '9894', '9895', '9896', '9897', '9898', '9899']
2020-01-27 13:01:46,687:INFO:98131169:6|98151169:6|98161169:6|98171169:6
2020-01-27 13:02:30,486:INFO:93101169:6|93121169:6|93141169:6|93151169:6|93161169:6|93171169:6|93181169:6
2020-01-27 13:03:05,334:INFO:97101169:6|97121169:6|97131169:6|97141169:6|97151169:6|97161169:6|97171169:6|97181169:6|97191169:6
2020-01-27 13:04:12,941:INFO:РЕГИСТЕРИЙН ДУГААР
2020-01-27 13:04:40,641:INFO:ДУГААРЫН ZAHIALGA
2020-01-27 13:04:40,650:INFO:Success
2020-01-27 13:04:42,842:INFO:----------------------------------------------------------------------------------------------------
2020-01-27 13:10:59,843:INFO:98109630:6|98129630:6|98139630:6|98149630:6|98159630:6|98179630:6
2020-01-27 13:15:52,258:INFO:-1
2020-01-27 13:16:10,901:INFO:-1
2020-01-27 13:16:37,209:INFO:98100802:6
2020-01-27 13:16:42,923:INFO:97100802:6|97110802:6|97130802:6|97140802:6|97150802:6|97160802:6|97190802:6
2020-01-27 13:17:02,881:INFO:97100208:6|97130208:6|97140208:6|97160208:6|97180208:6
2020-01-27 13:17:04,062:INFO:97100208:6|97130208:6|97140208:6|97160208:6|97180208:6
2020-01-27 13:17:10,259:INFO:-1
2020-01-27 13:17:17,483:INFO:97100208:6|97130208:6|97140208:6|97160208:6|97180208:6
2020-01-27 13:17:52,621:INFO:97101029:6|97111029:6|97121029:6|97131029:6|97151029:6|97161029:6|97171029:6|97181029:6
2020-01-27 13:17:54,537:INFO:97101029:6|97111029:6|97121029:6|97131029:6|97151029:6|97161029:6|97171029:6|97181029:6
2020-01-27 13:18:00,833:INFO:98161029:6
2020-01-27 13:21:10,917:INFO:ДУГААРАА СОНГОЖ БУЙ ХЭСЭГ
2020-01-27 13:21:10,917:INFO:2
2020-01-27 13:21:10,924:INFO:114
2020-01-27 13:21:10,924:INFO:['8312', '8313', '8314', '8315', '8316', '8317', '8318', '8319', '9312', '9313', '9314', '9315', '9316', '9317', '9318', '9319', '9320', '9321', '9322', '9323', '9324', '9325', '9326', '9327', '9328', '9329', '9330', '9331', '9332', '9333', '9334', '9335', '9336', '9337', '9338', '9339', '9340', '9341', '9342', '9343', '9344', '9345', '9346', '9347', '9712', '9713', '9714', '9715', '9716', '9717', '9718', '9719', '9812', '9813', '9814', '9815', '9816', '9817', '9818', '9819', '9820', '9821', '9822', '9823', '9824', '9825', '9826', '9827', '9828', '9829', '9830', '9831', '9832', '9833', '9837', '9838', '9842', '9843', '9845', '9846', '9847', '9848', '9851', '9856', '9859', '9860', '9861', '9862', '9863', '9864', '9865', '9866', '9867', '9870', '9880', '9881', '9882', '9883', '9884', '9885', '9886', '9887', '9888', '9889', '9890', '9891', '9892', '9893', '9894', '9895', '9896', '9897', '9898', '9899']
2020-01-27 13:24:44,028:INFO:98108389:6|98148389:6|98158389:6|98168389:6|98178389:6|98198389:6
2020-01-27 13:25:17,082:INFO:РЕГИСТЕРИЙН ДУГААР
2020-01-27 13:25:31,125:INFO:ДУГААРЫН ZAHIALGA
2020-01-27 13:25:31,134:INFO:Success
2020-01-27 13:31:44,413:WARNING:Not Found: /
2020-01-27 13:34:08,390:INFO:----------------------------------------------------------------------------------------------------
2020-01-27 14:13:19,701:INFO:----------------------------------------------------------------------------------------------------
2020-01-27 14:13:22,299:INFO:ДУГААРАА СОНГОЖ БУЙ ХЭСЭГ
2020-01-27 14:13:22,300:INFO:2
2020-01-27 14:13:22,306:INFO:114
2020-01-27 14:13:22,306:INFO:['8312', '8313', '8314', '8315', '8316', '8317', '8318', '8319', '9312', '9313', '9314', '9315', '9316', '9317', '9318', '9319', '9320', '9321', '9322', '9323', '9324', '9325', '9326', '9327', '9328', '9329', '9330', '9331', '9332', '9333', '9334', '9335', '9336', '9337', '9338', '9339', '9340', '9341', '9342', '9343', '9344', '9345', '9346', '9347', '9712', '9713', '9714', '9715', '9716', '9717', '9718', '9719', '9812', '9813', '9814', '9815', '9816', '9817', '9818', '9819', '9820', '9821', '9822', '9823', '9824', '9825', '9826', '9827', '9828', '9829', '9830', '9831', '9832', '9833', '9837', '9838', '9842', '9843', '9845', '9846', '9847', '9848', '9851', '9856', '9859', '9860', '9861', '9862', '9863', '9864', '9865', '9866', '9867', '9870', '9880', '9881', '9882', '9883', '9884', '9885', '9886', '9887', '9888', '9889', '9890', '9891', '9892', '9893', '9894', '9895', '9896', '9897', '9898', '9899']
2020-01-27 14:17:30,007:INFO:98105196:6|98165196:6|98175196:6|98185196:6|98195196:6
2020-01-27 14:29:11,709:INFO:98108950:6|98128950:6|98138950:6|98158950:6
2020-01-27 14:29:42,521:INFO:РЕГИСТЕРИЙН ДУГААР
2020-01-27 14:29:47,861:INFO:ДУГААРЫН ZAHIALGA
2020-01-27 14:29:47,872:INFO:Success
2020-01-27 14:29:50,231:INFO:----------------------------------------------------------------------------------------------------
2020-01-27 14:37:20,369:INFO:ДУГААРАА СОНГОЖ БУЙ ХЭСЭГ
2020-01-27 14:37:20,369:INFO:2
2020-01-27 14:37:20,377:INFO:114
2020-01-27 14:37:20,377:INFO:['8312', '8313', '8314', '8315', '8316', '8317', '8318', '8319', '9312', '9313', '9314', '9315', '9316', '9317', '9318', '9319', '9320', '9321', '9322', '9323', '9324', '9325', '9326', '9327', '9328', '9329', '9330', '9331', '9332', '9333', '9334', '9335', '9336', '9337', '9338', '9339', '9340', '9341', '9342', '9343', '9344', '9345', '9346', '9347', '9712', '9713', '9714', '9715', '9716', '9717', '9718', '9719', '9812', '9813', '9814', '9815', '9816', '9817', '9818', '9819', '9820', '9821', '9822', '9823', '9824', '9825', '9826', '9827', '9828', '9829', '9830', '9831', '9832', '9833', '9837', '9838', '9842', '9843', '9845', '9846', '9847', '9848', '9851', '9856', '9859', '9860', '9861', '9862', '9863', '9864', '9865', '9866', '9867', '9870', '9880', '9881', '9882', '9883', '9884', '9885', '9886', '9887', '9888', '9889', '9890', '9891', '9892', '9893', '9894', '9895', '9896', '9897', '9898', '9899']
2020-01-27 14:37:35,348:INFO:98105830:6|98145830:6|98165830:6|98175830:6|98195830:6
2020-01-27 14:38:02,899:INFO:РЕГИСТЕРИЙН ДУГААР
2020-01-27 14:38:09,218:INFO:ДУГААРЫН ZAHIALGA
2020-01-27 14:38:09,229:INFO:Success
2020-01-27 14:38:11,458:INFO:----------------------------------------------------------------------------------------------------
2020-01-27 14:44:24,980:INFO:ДУГААРАА СОНГОЖ БУЙ ХЭСЭГ
2020-01-27 14:44:24,980:INFO:2
2020-01-27 14:44:24,988:INFO:114
2020-01-27 14:44:24,988:INFO:['8312', '8313', '8314', '8315', '8316', '8317', '8318', '8319', '9312', '9313', '9314', '9315', '9316', '9317', '9318', '9319', '9320', '9321', '9322', '9323', '9324', '9325', '9326', '9327', '9328', '9329', '9330', '9331', '9332', '9333', '9334', '9335', '9336', '9337', '9338', '9339', '9340', '9341', '9342', '9343', '9344', '9345', '9346', '9347', '9712', '9713', '9714', '9715', '9716', '9717', '9718', '9719', '9812', '9813', '9814', '9815', '9816', '9817', '9818', '9819', '9820', '9821', '9822', '9823', '9824', '9825', '9826', '9827', '9828', '9829', '9830', '9831', '9832', '9833', '9837', '9838', '9842', '9843', '9845', '9846', '9847', '9848', '9851', '9856', '9859', '9860', '9861', '9862', '9863', '9864', '9865', '9866', '9867', '9870', '9880', '9881', '9882', '9883', '9884', '9885', '9886', '9887', '9888', '9889', '9890', '9891', '9892', '9893', '9894', '9895', '9896', '9897', '9898', '9899']
2020-01-27 14:45:15,758:INFO:98104414:6|98154414:6|98164414:6
2020-01-27 14:45:44,556:INFO:93100323:6|93110323:6|93160323:6
2020-01-27 14:46:11,158:INFO:РЕГИСТЕРИЙН ДУГААР
2020-01-27 14:46:17,017:INFO:ДУГААРЫН ZAHIALGA
2020-01-27 14:46:17,025:INFO:Success
2020-01-27 14:46:18,946:INFO:----------------------------------------------------------------------------------------------------
2020-01-27 14:51:55,639:INFO:ДУГААРАА СОНГОЖ БУЙ ХЭСЭГ
2020-01-27 14:51:55,639:INFO:2
2020-01-27 14:51:55,646:INFO:114
2020-01-27 14:51:55,646:INFO:['8312', '8313', '8314', '8315', '8316', '8317', '8318', '8319', '9312', '9313', '9314', '9315', '9316', '9317', '9318', '9319', '9320', '9321', '9322', '9323', '9324', '9325', '9326', '9327', '9328', '9329', '9330', '9331', '9332', '9333', '9334', '9335', '9336', '9337', '9338', '9339', '9340', '9341', '9342', '9343', '9344', '9345', '9346', '9347', '9712', '9713', '9714', '9715', '9716', '9717', '9718', '9719', '9812', '9813', '9814', '9815', '9816', '9817', '9818', '9819', '9820', '9821', '9822', '9823', '9824', '9825', '9826', '9827', '9828', '9829', '9830', '9831', '9832', '9833', '9837', '9838', '9842', '9843', '9845', '9846', '9847', '9848', '9851', '9856', '9859', '9860', '9861', '9862', '9863', '9864', '9865', '9866', '9867', '9870', '9880', '9881', '9882', '9883', '9884', '9885', '9886', '9887', '9888', '9889', '9890', '9891', '9892', '9893', '9894', '9895', '9896', '9897', '9898', '9899']
2020-01-27 14:53:01,893:INFO:-1
2020-01-27 14:53:15,805:INFO:-1
2020-01-27 14:53:34,333:INFO:98100522:6
2020-01-27 14:53:37,387:INFO:98100522:6
2020-01-27 14:53:44,498:INFO:97100522:6|97110522:6|97130522:6|97150522:6
2020-01-27 14:54:14,158:INFO:97102522:6|97112522:6|97132522:6|97152522:6|97162522:6|97182522:6|97192522:6
2020-01-27 14:54:22,614:INFO:98102522:6|98122522:6|98172522:6|98192522:6
2020-01-27 14:54:46,846:INFO:РЕГИСТЕРИЙН ДУГААР
2020-01-27 14:54:51,946:INFO:ДУГААРЫН ZAHIALGA
2020-01-27 14:54:51,956:INFO:Success
2020-01-27 14:54:54,706:INFO:----------------------------------------------------------------------------------------------------
2020-01-27 15:01:38,909:INFO:ДУГААРАА СОНГОЖ БУЙ ХЭСЭГ
2020-01-27 15:01:38,910:INFO:2
2020-01-27 15:01:38,917:INFO:114
2020-01-27 15:01:38,917:INFO:['8312', '8313', '8314', '8315', '8316', '8317', '8318', '8319', '9312', '9313', '9314', '9315', '9316', '9317', '9318', '9319', '9320', '9321', '9322', '9323', '9324', '9325', '9326', '9327', '9328', '9329', '9330', '9331', '9332', '9333', '9334', '9335', '9336', '9337', '9338', '9339', '9340', '9341', '9342', '9343', '9344', '9345', '9346', '9347', '9712', '9713', '9714', '9715', '9716', '9717', '9718', '9719', '9812', '9813', '9814', '9815', '9816', '9817', '9818', '9819', '9820', '9821', '9822', '9823', '9824', '9825', '9826', '9827', '9828', '9829', '9830', '9831', '9832', '9833', '9837', '9838', '9842', '9843', '9845', '9846', '9847', '9848', '9851', '9856', '9859', '9860', '9861', '9862', '9863', '9864', '9865', '9866', '9867', '9870', '9880', '9881', '9882', '9883', '9884', '9885', '9886', '9887', '9888', '9889', '9890', '9891', '9892', '9893', '9894', '9895', '9896', '9897', '9898', '9899']
2020-01-27 15:02:06,532:INFO:98103850:6|98133850:6|98143850:6|98193850:6
2020-01-27 15:02:49,649:INFO:----------------------------------------------------------------------------------------------------
2020-01-27 15:02:52,389:INFO:ДУГААРАА СОНГОЖ БУЙ ХЭСЭГ
2020-01-27 15:02:52,390:INFO:2
2020-01-27 15:02:52,396:INFO:114
2020-01-27 15:02:52,396:INFO:['8312', '8313', '8314', '8315', '8316', '8317', '8318', '8319', '9312', '9313', '9314', '9315', '9316', '9317', '9318', '9319', '9320', '9321', '9322', '9323', '9324', '9325', '9326', '9327', '9328', '9329', '9330', '9331', '9332', '9333', '9334', '9335', '9336', '9337', '9338', '9339', '9340', '9341', '9342', '9343', '9344', '9345', '9346', '9347', '9712', '9713', '9714', '9715', '9716', '9717', '9718', '9719', '9812', '9813', '9814', '9815', '9816', '9817', '9818', '9819', '9820', '9821', '9822', '9823', '9824', '9825', '9826', '9827', '9828', '9829', '9830', '9831', '9832', '9833', '9837', '9838', '9842', '9843', '9845', '9846', '9847', '9848', '9851', '9856', '9859', '9860', '9861', '9862', '9863', '9864', '9865', '9866', '9867', '9870', '9880', '9881', '9882', '9883', '9884', '9885', '9886', '9887', '9888', '9889', '9890', '9891', '9892', '9893', '9894', '9895', '9896', '9897', '9898', '9899']
2020-01-27 15:03:08,918:INFO:98103850:6|98133850:6|98143850:6|98193850:6
2020-01-27 15:03:34,419:INFO:РЕГИСТЕРИЙН ДУГААР
2020-01-27 15:03:41,180:INFO:ДУГААРЫН ZAHIALGA
2020-01-27 15:03:41,189:INFO:Success
2020-01-27 15:03:43,489:INFO:----------------------------------------------------------------------------------------------------
2020-01-27 15:06:15,146:INFO:ДУГААРАА СОНГОЖ БУЙ ХЭСЭГ
2020-01-27 15:06:15,147:INFO:2
2020-01-27 15:06:15,154:INFO:114
2020-01-27 15:06:15,154:INFO:['8312', '8313', '8314', '8315', '8316', '8317', '8318', '8319', '9312', '9313', '9314', '9315', '9316', '9317', '9318', '9319', '9320', '9321', '9322', '9323', '9324', '9325', '9326', '9327', '9328', '9329', '9330', '9331', '9332', '9333', '9334', '9335', '9336', '9337', '9338', '9339', '9340', '9341', '9342', '9343', '9344', '9345', '9346', '9347', '9712', '9713', '9714', '9715', '9716', '9717', '9718', '9719', '9812', '9813', '9814', '9815', '9816', '9817', '9818', '9819', '9820', '9821', '9822', '9823', '9824', '9825', '9826', '9827', '9828', '9829', '9830', '9831', '9832', '9833', '9837', '9838', '9842', '9843', '9845', '9846', '9847', '9848', '9851', '9856', '9859', '9860', '9861', '9862', '9863', '9864', '9865', '9866', '9867', '9870', '9880', '9881', '9882', '9883', '9884', '9885', '9886', '9887', '9888', '9889', '9890', '9891', '9892', '9893', '9894', '9895', '9896', '9897', '9898', '9899']
2020-01-27 15:06:30,631:INFO:-1
2020-01-27 15:06:39,410:INFO:-1
2020-01-27 15:06:56,845:INFO:-1
2020-01-27 15:07:03,272:INFO:-1
2020-01-27 15:07:22,624:INFO:-1
2020-01-27 15:07:40,591:INFO:98108988:6|98148988:6
2020-01-27 15:08:13,014:INFO:РЕГИСТЕРИЙН ДУГААР
2020-01-27 15:08:17,904:INFO:ДУГААРЫН ZAHIALGA
2020-01-27 15:08:17,912:INFO:Success
2020-01-27 15:08:19,913:INFO:----------------------------------------------------------------------------------------------------
2020-01-27 15:08:26,873:INFO:ДУГААРАА СОНГОЖ БУЙ ХЭСЭГ
2020-01-27 15:08:26,874:INFO:2
2020-01-27 15:08:26,881:INFO:114
2020-01-27 15:08:26,881:INFO:['8312', '8313', '8314', '8315', '8316', '8317', '8318', '8319', '9312', '9313', '9314', '9315', '9316', '9317', '9318', '9319', '9320', '9321', '9322', '9323', '9324', '9325', '9326', '9327', '9328', '9329', '9330', '9331', '9332', '9333', '9334', '9335', '9336', '9337', '9338', '9339', '9340', '9341', '9342', '9343', '9344', '9345', '9346', '9347', '9712', '9713', '9714', '9715', '9716', '9717', '9718', '9719', '9812', '9813', '9814', '9815', '9816', '9817', '9818', '9819', '9820', '9821', '9822', '9823', '9824', '9825', '9826', '9827', '9828', '9829', '9830', '9831', '9832', '9833', '9837', '9838', '9842', '9843', '9845', '9846', '9847', '9848', '9851', '9856', '9859', '9860', '9861', '9862', '9863', '9864', '9865', '9866', '9867', '9870', '9880', '9881', '9882', '9883', '9884', '9885', '9886', '9887', '9888', '9889', '9890', '9891', '9892', '9893', '9894', '9895', '9896', '9897', '9898', '9899']
2020-01-27 15:25:42,646:INFO:----------------------------------------------------------------------------------------------------
2020-01-27 15:25:44,754:INFO:ДУГААРАА СОНГОЖ БУЙ ХЭСЭГ
2020-01-27 15:25:44,754:INFO:2
2020-01-27 15:25:44,762:INFO:114
2020-01-27 15:25:44,763:INFO:['8312', '8313', '8314', '8315', '8316', '8317', '8318', '8319', '9312', '9313', '9314', '9315', '9316', '9317', '9318', '9319', '9320', '9321', '9322', '9323', '9324', '9325', '9326', '9327', '9328', '9329', '9330', '9331', '9332', '9333', '9334', '9335', '9336', '9337', '9338', '9339', '9340', '9341', '9342', '9343', '9344', '9345', '9346', '9347', '9712', '9713', '9714', '9715', '9716', '9717', '9718', '9719', '9812', '9813', '9814', '9815', '9816', '9817', '9818', '9819', '9820', '9821', '9822', '9823', '9824', '9825', '9826', '9827', '9828', '9829', '9830', '9831', '9832', '9833', '9837', '9838', '9842', '9843', '9845', '9846', '9847', '9848', '9851', '9856', '9859', '9860', '9861', '9862', '9863', '9864', '9865', '9866', '9867', '9870', '9880', '9881', '9882', '9883', '9884', '9885', '9886', '9887', '9888', '9889', '9890', '9891', '9892', '9893', '9894', '9895', '9896', '9897', '9898', '9899']
2020-01-27 15:26:01,494:INFO:98105532:6|98135532:6|98145532:6|98175532:6|98195532:6
2020-01-27 15:26:31,901:INFO:РЕГИСТЕРИЙН ДУГААР
2020-01-27 15:26:39,570:INFO:ДУГААРЫН ZAHIALGA
2020-01-27 15:26:39,584:INFO:Success
2020-01-27 15:26:43,890:INFO:----------------------------------------------------------------------------------------------------
2020-01-27 15:28:31,087:INFO:----------------------------------------------------------------------------------------------------
2020-01-27 15:28:34,469:INFO:ДУГААРАА СОНГОЖ БУЙ ХЭСЭГ
2020-01-27 15:28:34,469:INFO:2
2020-01-27 15:28:34,476:INFO:114
2020-01-27 15:28:34,476:INFO:['8312', '8313', '8314', '8315', '8316', '8317', '8318', '8319', '9312', '9313', '9314', '9315', '9316', '9317', '9318', '9319', '9320', '9321', '9322', '9323', '9324', '9325', '9326', '9327', '9328', '9329', '9330', '9331', '9332', '9333', '9334', '9335', '9336', '9337', '9338', '9339', '9340', '9341', '9342', '9343', '9344', '9345', '9346', '9347', '9712', '9713', '9714', '9715', '9716', '9717', '9718', '9719', '9812', '9813', '9814', '9815', '9816', '9817', '9818', '9819', '9820', '9821', '9822', '9823', '9824', '9825', '9826', '9827', '9828', '9829', '9830', '9831', '9832', '9833', '9837', '9838', '9842', '9843', '9845', '9846', '9847', '9848', '9851', '9856', '9859', '9860', '9861', '9862', '9863', '9864', '9865', '9866', '9867', '9870', '9880', '9881', '9882', '9883', '9884', '9885', '9886', '9887', '9888', '9889', '9890', '9891', '9892', '9893', '9894', '9895', '9896', '9897', '9898', '9899']
2020-01-27 15:28:34,559:WARNING:Not Found: /favicon.ico
2020-01-27 15:31:59,489:INFO:----------------------------------------------------------------------------------------------------
2020-01-27 15:32:02,613:INFO:ДУГААРАА СОНГОЖ БУЙ ХЭСЭГ
2020-01-27 15:32:02,613:INFO:7
2020-01-27 15:32:02,620:INFO:48
2020-01-27 15:32:02,621:INFO:['8300', '8301', '8302', '8303', '8304', '8305', '8306', '8307', '8308', '8309', '8310', '8311', '9300', '9301', '9302', '9303', '9304', '9305', '9306', '9307', '9308', '9309', '9310', '9311', '9700', '9701', '9702', '9703', '9704', '9705', '9706', '9707', '9708', '9709', '9710', '9711', '9800', '9801', '9802', '9803', '9804', '9805', '9806', '9807', '9808', '9809', '9810', '9811']
2020-01-27 15:32:02,732:WARNING:Not Found: /favicon.ico
2020-01-27 15:32:30,771:INFO:ДУГААРАА СОНГОЖ БУЙ ХЭСЭГ
2020-01-27 15:32:30,771:INFO:2
2020-01-27 15:32:30,778:INFO:114
2020-01-27 15:32:30,778:INFO:['8312', '8313', '8314', '8315', '8316', '8317', '8318', '8319', '9312', '9313', '9314', '9315', '9316', '9317', '9318', '9319', '9320', '9321', '9322', '9323', '9324', '9325', '9326', '9327', '9328', '9329', '9330', '9331', '9332', '9333', '9334', '9335', '9336', '9337', '9338', '9339', '9340', '9341', '9342', '9343', '9344', '9345', '9346', '9347', '9712', '9713', '9714', '9715', '9716', '9717', '9718', '9719', '9812', '9813', '9814', '9815', '9816', '9817', '9818', '9819', '9820', '9821', '9822', '9823', '9824', '9825', '9826', '9827', '9828', '9829', '9830', '9831', '9832', '9833', '9837', '9838', '9842', '9843', '9845', '9846', '9847', '9848', '9851', '9856', '9859', '9860', '9861', '9862', '9863', '9864', '9865', '9866', '9867', '9870', '9880', '9881', '9882', '9883', '9884', '9885', '9886', '9887', '9888', '9889', '9890', '9891', '9892', '9893', '9894', '9895', '9896', '9897', '9898', '9899']
2020-01-27 15:32:30,865:WARNING:Not Found: /favicon.ico
2020-01-27 15:32:33,642:INFO:ДУГААРАА СОНГОЖ БУЙ ХЭСЭГ
2020-01-27 15:32:33,643:INFO:2
2020-01-27 15:32:33,648:INFO:114
2020-01-27 15:32:33,648:INFO:['8312', '8313', '8314', '8315', '8316', '8317', '8318', '8319', '9312', '9313', '9314', '9315', '9316', '9317', '9318', '9319', '9320', '9321', '9322', '9323', '9324', '9325', '9326', '9327', '9328', '9329', '9330', '9331', '9332', '9333', '9334', '9335', '9336', '9337', '9338', '9339', '9340', '9341', '9342', '9343', '9344', '9345', '9346', '9347', '9712', '9713', '9714', '9715', '9716', '9717', '9718', '9719', '9812', '9813', '9814', '9815', '9816', '9817', '9818', '9819', '9820', '9821', '9822', '9823', '9824', '9825', '9826', '9827', '9828', '9829', '9830', '9831', '9832', '9833', '9837', '9838', '9842', '9843', '9845', '9846', '9847', '9848', '9851', '9856', '9859', '9860', '9861', '9862', '9863', '9864', '9865', '9866', '9867', '9870', '9880', '9881', '9882', '9883', '9884', '9885', '9886', '9887', '9888', '9889', '9890', '9891', '9892', '9893', '9894', '9895', '9896', '9897', '9898', '9899']
2020-01-27 15:33:52,635:INFO:ДУГААРАА СОНГОЖ БУЙ ХЭСЭГ
2020-01-27 15:33:52,636:INFO:2
2020-01-27 15:33:52,641:INFO:114
2020-01-27 15:33:52,641:INFO:['8312', '8313', '8314', '8315', '8316', '8317', '8318', '8319', '9312', '9313', '9314', '9315', '9316', '9317', '9318', '9319', '9320', '9321', '9322', '9323', '9324', '9325', '9326', '9327', '9328', '9329', '9330', '9331', '9332', '9333', '9334', '9335', '9336', '9337', '9338', '9339', '9340', '9341', '9342', '9343', '9344', '9345', '9346', '9347', '9712', '9713', '9714', '9715', '9716', '9717', '9718', '9719', '9812', '9813', '9814', '9815', '9816', '9817', '9818', '9819', '9820', '9821', '9822', '9823', '9824', '9825', '9826', '9827', '9828', '9829', '9830', '9831', '9832', '9833', '9837', '9838', '9842', '9843', '9845', '9846', '9847', '9848', '9851', '9856', '9859', '9860', '9861', '9862', '9863', '9864', '9865', '9866', '9867', '9870', '9880', '9881', '9882', '9883', '9884', '9885', '9886', '9887', '9888', '9889', '9890', '9891', '9892', '9893', '9894', '9895', '9896', '9897', '9898', '9899']
2020-01-27 15:33:54,104:INFO:ДУГААРЫН ҮНЭ
2020-01-27 15:33:54,108:INFO:5000
2020-01-27 15:36:41,011:INFO:ДУГААРАА СОНГОЖ БУЙ ХЭСЭГ
2020-01-27 15:36:41,012:INFO:2
2020-01-27 15:36:41,018:INFO:114
2020-01-27 15:36:41,019:INFO:['8312', '8313', '8314', '8315', '8316', '8317', '8318', '8319', '9312', '9313', '9314', '9315', '9316', '9317', '9318', '9319', '9320', '9321', '9322', '9323', '9324', '9325', '9326', '9327', '9328', '9329', '9330', '9331', '9332', '9333', '9334', '9335', '9336', '9337', '9338', '9339', '9340', '9341', '9342', '9343', '9344', '9345', '9346', '9347', '9712', '9713', '9714', '9715', '9716', '9717', '9718', '9719', '9812', '9813', '9814', '9815', '9816', '9817', '9818', '9819', '9820', '9821', '9822', '9823', '9824', '9825', '9826', '9827', '9828', '9829', '9830', '9831', '9832', '9833', '9837', '9838', '9842', '9843', '9845', '9846', '9847', '9848', '9851', '9856', '9859', '9860', '9861', '9862', '9863', '9864', '9865', '9866', '9867', '9870', '9880', '9881', '9882', '9883', '9884', '9885', '9886', '9887', '9888', '9889', '9890', '9891', '9892', '9893', '9894', '9895', '9896', '9897', '9898', '9899']
2020-01-27 15:36:44,567:INFO:98100042:6|98100046:6|98100053:6|98100062:6|98100064:6|98100071:6|98100072:6|98100075:6|98100084:6|98100086:6|98100113:6|98100126:6|98100127:6|98100132:6|98100134:6|98100135:6|98100136:6|98100137:6|98100138:6|98100140:6|98100141:6|98100142:6|98100145:6|98100146:6|98100147:6|98100149:6|98100151:6|98100152:6|98100153:6|98100154:6|98100156:6|98100157:6|98100158:6|98100159:6|98100162:6|98100164:6|98100167:6|98100168:6|98100169:6|98100171:6|98100172:6|98100173:6|98100174:6|98100175:6|98100176:6|98100178:6|98100182:6|98100183:6|98100184:6|98100185:6|98100186:6|98100187:6|98100192:6|98100193:6|98100194:6|98100197:6|98100207:6|98100211:6|98100213:6|98100216:6|98100217:6|98100219:6|98100221:6|98100223:6|98100224:6|98100225:6|98100226:6|98100231:6|98100232:6|98100234:6|98100235:6|98100236:6|98100237:6|98100238:6|98100239:6|98100240:6|98100241:6|98100242:6|98100243:6|98100244:6|98100245:6|98100246:6|98100247:6|98100248:6|98100249:6|98100250:6|98100251:6|98100252:6|98100253:6|98100254:6|98100255:6|98100256:6|98100257:6|98100258:6|98100260:6|98100261:6|98100263:6|98100264:6|98100265:6|98100266:6|98100267:6|98100269:6|98100270:6|98100271:6|98100272:6|98100273:6|98100274:6|98100275:6|98100276:6|98100277:6|98100278:6|98100279:6|98100280:6|98100281:6|98100282:6|98100283:6|98100284:6|98100285:6|98100286:6|98100287:6|98100288:6|98100290:6|98100291:6|98100292:6|98100293:6|98100294:6|98100295:6|98100296:6|98100297:6|98100298:6|98100302:6|98100309:6
2020-01-27 15:36:44,629:INFO:ДУГААРЫН ҮНЭ
2020-01-27 15:36:44,637:INFO:5000
2020-01-27 15:39:04,963:INFO:ДУГААРАА СОНГОЖ БУЙ ХЭСЭГ
2020-01-27 15:39:04,964:INFO:2
2020-01-27 15:39:04,970:INFO:114
2020-01-27 15:39:04,971:INFO:['8312', '8313', '8314', '8315', '8316', '8317', '8318', '8319', '9312', '9313', '9314', '9315', '9316', '9317', '9318', '9319', '9320', '9321', '9322', '9323', '9324', '9325', '9326', '9327', '9328', '9329', '9330', '9331', '9332', '9333', '9334', '9335', '9336', '9337', '9338', '9339', '9340', '9341', '9342', '9343', '9344', '9345', '9346', '9347', '9712', '9713', '9714', '9715', '9716', '9717', '9718', '9719', '9812', '9813', '9814', '9815', '9816', '9817', '9818', '9819', '9820', '9821', '9822', '9823', '9824', '9825', '9826', '9827', '9828', '9829', '9830', '9831', '9832', '9833', '9837', '9838', '9842', '9843', '9845', '9846', '9847', '9848', '9851', '9856', '9859', '9860', '9861', '9862', '9863', '9864', '9865', '9866', '9867', '9870', '9880', '9881', '9882', '9883', '9884', '9885', '9886', '9887', '9888', '9889', '9890', '9891', '9892', '9893', '9894', '9895', '9896', '9897', '9898', '9899']
2020-01-27 15:39:18,801:INFO:----------------------------------------------------------------------------------------------------
2020-01-27 15:40:08,731:INFO:ДУГААРАА СОНГОЖ БУЙ ХЭСЭГ
2020-01-27 15:40:08,732:INFO:2
2020-01-27 15:40:08,738:INFO:114
2020-01-27 15:40:08,738:INFO:['8312', '8313', '8314', '8315', '8316', '8317', '8318', '8319', '9312', '9313', '9314', '9315', '9316', '9317', '9318', '9319', '9320', '9321', '9322', '9323', '9324', '9325', '9326', '9327', '9328', '9329', '9330', '9331', '9332', '9333', '9334', '9335', '9336', '9337', '9338', '9339', '9340', '9341', '9342', '9343', '9344', '9345', '9346', '9347', '9712', '9713', '9714', '9715', '9716', '9717', '9718', '9719', '9812', '9813', '9814', '9815', '9816', '9817', '9818', '9819', '9820', '9821', '9822', '9823', '9824', '9825', '9826', '9827', '9828', '9829', '9830', '9831', '9832', '9833', '9837', '9838', '9842', '9843', '9845', '9846', '9847', '9848', '9851', '9856', '9859', '9860', '9861', '9862', '9863', '9864', '9865', '9866', '9867', '9870', '9880', '9881', '9882', '9883', '9884', '9885', '9886', '9887', '9888', '9889', '9890', '9891', '9892', '9893', '9894', '9895', '9896', '9897', '9898', '9899']
2020-01-27 15:40:11,369:INFO:ДУГААРЫН ҮНЭ
2020-01-27 15:40:11,373:INFO:5000
2020-01-27 15:40:17,636:INFO:83130116:6|83130172:6|83130176:6|83130184:6|83130217:6|83130236:6|83130237:6|83130246:6|83130257:6|83130261:6|83130275:6|83130276:6|83130281:6|83130287:6|83130293:6|83130294:6|83130296:6|83130298:6|83130299:6|83130327:6|83130340:6|83130344:6|83130347:6|83130348:6|83130352:6|83130369:6|83130374:6|83130390:6|83130444:6|83130446:6|83130451:6|83130461:6|83130463:6|83130471:6|83130472:6|83130473:6|83130478:6|83130479:6|83130481:6|83130485:6|83130486:6|83130487:6|83130499:6|83130528:6|83130537:6|83130539:6|83130541:6|83130542:6|83130546:6|83130547:6|83130551:6|83130553:6|83130561:6|83130562:6|83130563:6|83130564:6|83130568:6|83130569:6|83130573:6|83130574:6|83130576:6|83130578:6|83130579:6|83130580:6|83130582:6|83130584:6|83130586:6|83130589:6|83130591:6|83130592:6|83130594:6|83130595:6|83130596:6|83130597:6|83130598:6|83130617:6|83130626:6|83130628:6|83130630:6|83130632:6|83130634:6|83130637:6|83130639:6|83130641:6|83130642:6|83130645:6|83130646:6|83130647:6|83130648:6|83130652:6|83130653:6|83130654:6|83130655:6|83130657:6|83130658:6|83130662:6|83130663:6|83130664:6|83130665:6|83130666:6|83130671:6|83130672:6|83130674:6|83130675:6|83130676:6|83130677:6|83130681:6|83130682:6|83130689:6|83130691:6|83130692:6|83130693:6|83130694:6|83130696:6|83130698:6|83130704:6|83130715:6|83130722:6|83130724:6|83130725:6|83130726:6|83130727:6|83130734:6|83130735:6|83130736:6|83130737:6|83130738:6|83130742:6|83130743:6|83130744:6|83130745:6|83130749:6
2020-01-27 15:40:24,333:INFO:ДУГААРЫН ҮНЭ
2020-01-27 15:40:24,337:INFO:5000
2020-01-27 15:41:00,840:INFO:----------------------------------------------------------------------------------------------------
2020-01-27 15:41:08,920:INFO:ДУГААРАА СОНГОЖ БУЙ ХЭСЭГ
2020-01-27 15:41:08,920:INFO:7
2020-01-27 15:41:08,925:INFO:48
2020-01-27 15:41:08,925:INFO:['8300', '8301', '8302', '8303', '8304', '8305', '8306', '8307', '8308', '8309', '8310', '8311', '9300', '9301', '9302', '9303', '9304', '9305', '9306', '9307', '9308', '9309', '9310', '9311', '9700', '9701', '9702', '9703', '9704', '9705', '9706', '9707', '9708', '9709', '9710', '9711', '9800', '9801', '9802', '9803', '9804', '9805', '9806', '9807', '9808', '9809', '9810', '9811']
2020-01-27 15:41:09,057:WARNING:Not Found: /favicon.ico
2020-01-27 15:41:56,710:INFO:ДУГААРАА СОНГОЖ БУЙ ХЭСЭГ
2020-01-27 15:41:56,710:INFO:2
2020-01-27 15:41:56,716:INFO:114
2020-01-27 15:41:56,716:INFO:['8312', '8313', '8314', '8315', '8316', '8317', '8318', '8319', '9312', '9313', '9314', '9315', '9316', '9317', '9318', '9319', '9320', '9321', '9322', '9323', '9324', '9325', '9326', '9327', '9328', '9329', '9330', '9331', '9332', '9333', '9334', '9335', '9336', '9337', '9338', '9339', '9340', '9341', '9342', '9343', '9344', '9345', '9346', '9347', '9712', '9713', '9714', '9715', '9716', '9717', '9718', '9719', '9812', '9813', '9814', '9815', '9816', '9817', '9818', '9819', '9820', '9821', '9822', '9823', '9824', '9825', '9826', '9827', '9828', '9829', '9830', '9831', '9832', '9833', '9837', '9838', '9842', '9843', '9845', '9846', '9847', '9848', '9851', '9856', '9859', '9860', '9861', '9862', '9863', '9864', '9865', '9866', '9867', '9870', '9880', '9881', '9882', '9883', '9884', '9885', '9886', '9887', '9888', '9889', '9890', '9891', '9892', '9893', '9894', '9895', '9896', '9897', '9898', '9899']
2020-01-27 15:42:03,117:INFO:ДУГААРАА СОНГОЖ БУЙ ХЭСЭГ
2020-01-27 15:42:03,117:INFO:7
2020-01-27 15:42:03,123:INFO:48
2020-01-27 15:42:03,123:INFO:['8300', '8301', '8302', '8303', '8304', '8305', '8306', '8307', '8308', '8309', '8310', '8311', '9300', '9301', '9302', '9303', '9304', '9305', '9306', '9307', '9308', '9309', '9310', '9311', '9700', '9701', '9702', '9703', '9704', '9705', '9706', '9707', '9708', '9709', '9710', '9711', '9800', '9801', '9802', '9803', '9804', '9805', '9806', '9807', '9808', '9809', '9810', '9811']
2020-01-27 15:43:45,081:INFO:ДУГААРАА СОНГОЖ БУЙ ХЭСЭГ
2020-01-27 15:43:45,081:INFO:7
2020-01-27 15:43:45,086:INFO:48
2020-01-27 15:43:45,086:INFO:['8300', '8301', '8302', '8303', '8304', '8305', '8306', '8307', '8308', '8309', '8310', '8311', '9300', '9301', '9302', '9303', '9304', '9305', '9306', '9307', '9308', '9309', '9310', '9311', '9700', '9701', '9702', '9703', '9704', '9705', '9706', '9707', '9708', '9709', '9710', '9711', '9800', '9801', '9802', '9803', '9804', '9805', '9806', '9807', '9808', '9809', '9810', '9811']
2020-01-27 17:48:57,653:INFO:----------------------------------------------------------------------------------------------------
2020-01-27 18:17:55,410:INFO:----------------------------------------------------------------------------------------------------
2020-01-27 18:22:11,082:INFO:ДУГААРАА СОНГОЖ БУЙ ХЭСЭГ
2020-01-27 18:22:11,082:INFO:2
2020-01-27 18:22:11,089:INFO:114
2020-01-27 18:22:11,089:INFO:['8312', '8313', '8314', '8315', '8316', '8317', '8318', '8319', '9312', '9313', '9314', '9315', '9316', '9317', '9318', '9319', '9320', '9321', '9322', '9323', '9324', '9325', '9326', '9327', '9328', '9329', '9330', '9331', '9332', '9333', '9334', '9335', '9336', '9337', '9338', '9339', '9340', '9341', '9342', '9343', '9344', '9345', '9346', '9347', '9712', '9713', '9714', '9715', '9716', '9717', '9718', '9719', '9812', '9813', '9814', '9815', '9816', '9817', '9818', '9819', '9820', '9821', '9822', '9823', '9824', '9825', '9826', '9827', '9828', '9829', '9830', '9831', '9832', '9833', '9837', '9838', '9842', '9843', '9845', '9846', '9847', '9848', '9851', '9856', '9859', '9860', '9861', '9862', '9863', '9864', '9865', '9866', '9867', '9870', '9880', '9881', '9882', '9883', '9884', '9885', '9886', '9887', '9888', '9889', '9890', '9891', '9892', '9893', '9894', '9895', '9896', '9897', '9898', '9899']
2020-01-27 18:22:11,497:WARNING:Not Found: /favicon.ico
2020-01-27 18:22:35,447:INFO:98158810:6|98168810:6|98178810:6
2020-01-27 18:23:11,037:INFO:98101820:6
2020-01-27 18:23:55,014:INFO:97101820:6|97111820:6|97121820:6|97131820:6|97141820:6|97151820:6|97161820:6|97171820:6|97191820:6
2020-01-27 18:23:56,629:INFO:93101820:6|93121820:6|93131820:6|93141820:6|93151820:6|93161820:6|93171820:6|93191820:6
2020-01-27 18:23:57,378:INFO:83101820:6|83111820:6|83121820:6|83131820:6|83141820:6|83151820:6|83161820:6|83171820:6|83191820:6
2020-01-27 18:23:58,969:INFO:97101820:6|97111820:6|97121820:6|97131820:6|97141820:6|97151820:6|97161820:6|97171820:6|97191820:6
2020-01-27 18:23:59,870:INFO:98158810:6|98168810:6|98178810:6
2020-01-27 18:24:00,973:INFO:83101820:6|83111820:6|83121820:6|83131820:6|83141820:6|83151820:6|83161820:6|83171820:6|83191820:6
2020-01-27 18:24:22,252:INFO:98158810:6|98168810:6|98178810:6
2020-01-27 18:24:23,224:INFO:98158810:6|98168810:6|98178810:6
2020-01-27 18:24:24,513:INFO:98158810:6|98168810:6|98178810:6
2020-01-27 18:25:31,902:INFO:98107198:6|98127198:6|98137198:6
2020-01-27 18:46:35,927:INFO:----------------------------------------------------------------------------------------------------
