2020-05-02 06:32:51,382:INFO:------------------------------------------------------------------------------------------------
2020-05-02 07:32:56,184:INFO:------------------------------------------------------------------------------------------------
2020-05-02 08:33:01,008:INFO:------------------------------------------------------------------------------------------------
2020-05-02 09:33:05,664:INFO:------------------------------------------------------------------------------------------------
2020-05-02 09:51:59,789:INFO:ДУГААРАА СОНГОЖ БУЙ ХЭСЭГ
2020-05-02 09:51:59,790:INFO:2
2020-05-02 09:52:04,933:WARNING:Not Found: /favicon.ico
2020-05-02 09:56:02,064:INFO:ДУГААРАА СОНГОЖ БУЙ ХЭСЭГ
2020-05-02 09:56:02,064:INFO:2
2020-05-02 09:56:02,629:WARNING:Not Found: /favicon.ico
2020-05-02 09:58:43,064:INFO:ДУГААРАА СОНГОЖ БУЙ ХЭСЭГ
2020-05-02 09:58:43,065:INFO:7
2020-05-02 09:58:43,700:WARNING:Not Found: /favicon.ico
2020-05-02 09:58:44,896:INFO:------------------------------------------------------------------------------------------------
2020-05-02 09:58:45,841:INFO:ДУГААРАА СОНГОЖ БУЙ ХЭСЭГ
2020-05-02 09:58:45,841:INFO:2
2020-05-02 09:59:38,529:INFO:ДУГААРАА СОНГОЖ БУЙ ХЭСЭГ
2020-05-02 09:59:38,529:INFO:2
2020-05-02 09:59:38,999:WARNING:Not Found: /favicon.ico
2020-05-02 09:59:41,268:INFO:------------------------------------------------------------------------------------------------
2020-05-02 10:02:01,232:INFO:------------------------------------------------------------------------------------------------
2020-05-02 10:02:30,906:INFO:ДУГААРАА СОНГОЖ БУЙ ХЭСЭГ
2020-05-02 10:02:30,906:INFO:2
2020-05-02 10:02:31,401:WARNING:Not Found: /favicon.ico
2020-05-02 10:08:07,618:INFO:------------------------------------------------------------------------------------------------
2020-05-02 10:09:30,825:INFO:------------------------------------------------------------------------------------------------
2020-05-02 10:16:48,087:INFO:------------------------------------------------------------------------------------------------
2020-05-02 10:33:10,347:INFO:------------------------------------------------------------------------------------------------
2020-05-02 10:45:54,058:INFO:ДУГААРАА СОНГОЖ БУЙ ХЭСЭГ
2020-05-02 10:45:54,058:INFO:2
2020-05-02 10:45:59,698:WARNING:Not Found: /favicon.ico
2020-05-02 10:47:54,516:INFO:------------------------------------------------------------------------------------------------
2020-05-02 10:47:55,748:INFO:ДУГААРАА СОНГОЖ БУЙ ХЭСЭГ
2020-05-02 10:47:55,748:INFO:2
2020-05-02 10:48:11,187:WARNING:Not Found: /favicon.ico
2020-05-02 10:48:17,401:INFO:------------------------------------------------------------------------------------------------
2020-05-02 10:48:34,617:INFO:ДУГААРАА СОНГОЖ БУЙ ХЭСЭГ
2020-05-02 10:48:34,618:INFO:2
2020-05-02 10:48:36,345:WARNING:Not Found: /favicon.ico
2020-05-02 10:50:46,943:INFO:------------------------------------------------------------------------------------------------
2020-05-02 10:56:48,778:INFO:ДУГААРАА СОНГОЖ БУЙ ХЭСЭГ
2020-05-02 10:56:48,778:INFO:2
2020-05-02 10:56:49,215:WARNING:Not Found: /favicon.ico
2020-05-02 10:59:41,401:INFO:------------------------------------------------------------------------------------------------
2020-05-02 11:00:08,147:INFO:------------------------------------------------------------------------------------------------
2020-05-02 11:00:20,951:INFO:ДУГААРАА СОНГОЖ БУЙ ХЭСЭГ
2020-05-02 11:00:20,952:INFO:2
2020-05-02 11:00:21,562:WARNING:Not Found: /favicon.ico
2020-05-02 11:00:21,642:WARNING:Not Found: /favicon.ico
2020-05-02 11:08:08,067:INFO:------------------------------------------------------------------------------------------------
2020-05-02 11:09:31,709:INFO:------------------------------------------------------------------------------------------------
2020-05-02 11:11:14,319:INFO:------------------------------------------------------------------------------------------------
2020-05-02 11:12:10,525:INFO:ДУГААРАА СОНГОЖ БУЙ ХЭСЭГ
2020-05-02 11:12:10,526:INFO:2
2020-05-02 11:12:10,863:WARNING:Not Found: /favicon.ico
2020-05-02 11:12:12,326:INFO:------------------------------------------------------------------------------------------------
2020-05-02 11:16:14,694:INFO:------------------------------------------------------------------------------------------------
2020-05-02 11:16:48,382:INFO:------------------------------------------------------------------------------------------------
2020-05-02 11:19:44,378:INFO:ДУГААРАА СОНГОЖ БУЙ ХЭСЭГ
2020-05-02 11:19:44,378:INFO:7
2020-05-02 11:19:44,709:WARNING:Not Found: /favicon.ico
2020-05-02 11:19:52,565:WARNING:Not Found: /favicon.ico
2020-05-02 11:21:32,277:INFO:------------------------------------------------------------------------------------------------
2020-05-02 11:21:42,558:INFO:ДУГААРАА СОНГОЖ БУЙ ХЭСЭГ
2020-05-02 11:21:42,559:INFO:7
2020-05-02 11:21:42,861:WARNING:Not Found: /favicon.ico
2020-05-02 11:26:00,605:INFO:------------------------------------------------------------------------------------------------
2020-05-02 11:33:15,346:INFO:------------------------------------------------------------------------------------------------
2020-05-02 11:36:36,172:INFO:------------------------------------------------------------------------------------------------
2020-05-02 11:36:52,805:INFO:ДУГААРАА СОНГОЖ БУЙ ХЭСЭГ
2020-05-02 11:36:52,805:INFO:2
2020-05-02 11:36:53,157:WARNING:Not Found: /favicon.ico
2020-05-02 11:39:40,970:INFO:------------------------------------------------------------------------------------------------
2020-05-02 11:39:46,499:INFO:------------------------------------------------------------------------------------------------
2020-05-02 11:39:47,736:INFO:ДУГААРАА СОНГОЖ БУЙ ХЭСЭГ
2020-05-02 11:39:47,736:INFO:7
2020-05-02 11:40:26,505:INFO:ДУГААРЫН ҮНЭ
2020-05-02 11:40:26,507:INFO:10000
2020-05-02 11:46:53,841:INFO:ДУГААРЫН ZAHIALGA
2020-05-02 11:48:53,971:INFO:------------------------------------------------------------------------------------------------
2020-05-02 11:50:49,872:INFO:------------------------------------------------------------------------------------------------
2020-05-02 11:53:40,921:INFO:------------------------------------------------------------------------------------------------
2020-05-02 11:53:41,882:INFO:ДУГААРАА СОНГОЖ БУЙ ХЭСЭГ
2020-05-02 11:53:41,882:INFO:7
2020-05-02 11:53:41,982:WARNING:Not Found: /favicon.ico
2020-05-02 11:53:53,820:INFO:ДУГААРАА СОНГОЖ БУЙ ХЭСЭГ
2020-05-02 11:53:53,820:INFO:7
2020-05-02 11:54:09,521:INFO:ДУГААРЫН ҮНЭ
2020-05-02 11:54:09,524:INFO:10000
2020-05-02 11:54:22,773:INFO:ДУГААРЫН ZAHIALGA
2020-05-02 11:54:26,077:INFO:------------------------------------------------------------------------------------------------
2020-05-02 11:55:38,338:INFO:ДУГААРАА СОНГОЖ БУЙ ХЭСЭГ
2020-05-02 11:55:38,338:INFO:2
2020-05-02 11:55:38,919:WARNING:Not Found: /favicon.ico
2020-05-02 11:56:16,534:INFO:------------------------------------------------------------------------------------------------
2020-05-02 11:56:19,013:INFO:ДУГААРАА СОНГОЖ БУЙ ХЭСЭГ
2020-05-02 11:56:19,013:INFO:7
2020-05-02 12:00:04,448:INFO:------------------------------------------------------------------------------------------------
2020-05-02 12:08:08,197:INFO:------------------------------------------------------------------------------------------------
2020-05-02 12:08:46,362:INFO:ДУГААРАА СОНГОЖ БУЙ ХЭСЭГ
2020-05-02 12:08:46,362:INFO:2
2020-05-02 12:08:51,993:INFO:------------------------------------------------------------------------------------------------
2020-05-02 12:08:53,593:INFO:ДУГААРАА СОНГОЖ БУЙ ХЭСЭГ
2020-05-02 12:08:53,593:INFO:2
2020-05-02 12:09:31,991:INFO:------------------------------------------------------------------------------------------------
2020-05-02 12:11:15,166:INFO:------------------------------------------------------------------------------------------------
2020-05-02 12:12:51,603:INFO:------------------------------------------------------------------------------------------------
2020-05-02 12:12:54,291:INFO:ДУГААРАА СОНГОЖ БУЙ ХЭСЭГ
2020-05-02 12:12:54,291:INFO:2
2020-05-02 12:12:54,546:WARNING:Not Found: /favicon.ico
2020-05-02 12:12:56,138:INFO:ДУГААРАА СОНГОЖ БУЙ ХЭСЭГ
2020-05-02 12:12:56,138:INFO:2
2020-05-02 12:13:12,020:INFO:ДУГААРАА СОНГОЖ БУЙ ХЭСЭГ
2020-05-02 12:13:12,021:INFO:2
2020-05-02 12:13:15,658:INFO:ДУГААРАА СОНГОЖ БУЙ ХЭСЭГ
2020-05-02 12:13:15,658:INFO:2
2020-05-02 12:13:24,739:INFO:ДУГААРАА СОНГОЖ БУЙ ХЭСЭГ
2020-05-02 12:13:24,739:INFO:2
2020-05-02 12:13:27,360:INFO:ДУГААРАА СОНГОЖ БУЙ ХЭСЭГ
2020-05-02 12:13:27,360:INFO:2
2020-05-02 12:16:04,361:INFO:ДУГААРАА СОНГОЖ БУЙ ХЭСЭГ
2020-05-02 12:16:04,361:INFO:2
2020-05-02 12:16:15,241:INFO:------------------------------------------------------------------------------------------------
2020-05-02 12:16:19,917:INFO:------------------------------------------------------------------------------------------------
2020-05-02 12:16:21,522:INFO:------------------------------------------------------------------------------------------------
2020-05-02 12:21:35,491:INFO:------------------------------------------------------------------------------------------------
2020-05-02 12:21:43,767:INFO:ДУГААРАА СОНГОЖ БУЙ ХЭСЭГ
2020-05-02 12:21:43,768:INFO:7
2020-05-02 12:21:44,214:WARNING:Not Found: /favicon.ico
2020-05-02 12:22:03,042:INFO:ДУГААРЫН ҮНЭ
2020-05-02 12:22:03,045:INFO:10000
2020-05-02 12:26:01,319:INFO:------------------------------------------------------------------------------------------------
2020-05-02 12:33:20,351:INFO:------------------------------------------------------------------------------------------------
2020-05-02 12:39:39,944:INFO:------------------------------------------------------------------------------------------------
2020-05-02 12:39:43,998:INFO:------------------------------------------------------------------------------------------------
2020-05-02 12:39:54,731:INFO:ДУГААРАА СОНГОЖ БУЙ ХЭСЭГ
2020-05-02 12:39:54,731:INFO:7
2020-05-02 12:39:55,763:WARNING:Not Found: /favicon.ico
2020-05-02 12:41:53,646:INFO:ДУГААРАА СОНГОЖ БУЙ ХЭСЭГ
2020-05-02 12:41:53,646:INFO:2
2020-05-02 12:41:53,851:WARNING:Not Found: /favicon.ico
2020-05-02 12:43:57,333:INFO:ДУГААРЫН ҮНЭ
2020-05-02 12:43:57,336:INFO:5000
2020-05-02 12:45:54,726:INFO:ДУГААРАА СОНГОЖ БУЙ ХЭСЭГ
2020-05-02 12:45:54,726:INFO:2
2020-05-02 12:45:57,633:INFO:ДУГААРАА СОНГОЖ БУЙ ХЭСЭГ
2020-05-02 12:45:57,634:INFO:2
2020-05-02 12:46:09,665:INFO:------------------------------------------------------------------------------------------------
2020-05-02 12:46:30,467:INFO:ДУГААРЫН ҮНЭ
2020-05-02 12:46:30,470:INFO:5000
2020-05-02 12:46:44,612:INFO:ДУГААРЫН ZAHIALGA
2020-05-02 12:48:44,727:INFO:------------------------------------------------------------------------------------------------
2020-05-02 12:49:13,068:INFO:ДУГААРАА СОНГОЖ БУЙ ХЭСЭГ
2020-05-02 12:49:13,069:INFO:2
2020-05-02 12:49:13,391:WARNING:Not Found: /favicon.ico
2020-05-02 12:49:26,445:INFO:ДУГААРАА СОНГОЖ БУЙ ХЭСЭГ
2020-05-02 12:49:26,445:INFO:2
2020-05-02 12:49:32,644:INFO:ДУГААРАА СОНГОЖ БУЙ ХЭСЭГ
2020-05-02 12:49:32,644:INFO:2
2020-05-02 12:49:40,141:INFO:ДУГААРАА СОНГОЖ БУЙ ХЭСЭГ
2020-05-02 12:49:40,141:INFO:2
2020-05-02 12:49:40,900:INFO:ДУГААРАА СОНГОЖ БУЙ ХЭСЭГ
2020-05-02 12:49:40,900:INFO:2
2020-05-02 12:50:09,779:INFO:ДУГААРЫН ҮНЭ
2020-05-02 12:50:09,781:INFO:5000
2020-05-02 12:50:15,217:INFO:ДУГААРЫН ҮНЭ
2020-05-02 12:50:15,220:INFO:5000
2020-05-02 12:50:50,071:INFO:------------------------------------------------------------------------------------------------
2020-05-02 12:50:57,842:INFO:ДУГААРАА СОНГОЖ БУЙ ХЭСЭГ
2020-05-02 12:50:57,842:INFO:2
2020-05-02 12:50:59,359:WARNING:Not Found: /favicon.ico
2020-05-02 12:51:01,943:INFO:------------------------------------------------------------------------------------------------
2020-05-02 12:51:02,989:INFO:ДУГААРАА СОНГОЖ БУЙ ХЭСЭГ
2020-05-02 12:51:02,989:INFO:7
2020-05-02 12:54:14,779:INFO:------------------------------------------------------------------------------------------------
2020-05-02 12:54:16,244:INFO:ДУГААРАА СОНГОЖ БУЙ ХЭСЭГ
2020-05-02 12:54:16,244:INFO:7
2020-05-02 12:54:26,130:INFO:------------------------------------------------------------------------------------------------
2020-05-02 12:55:25,466:INFO:------------------------------------------------------------------------------------------------
2020-05-02 13:00:04,790:INFO:------------------------------------------------------------------------------------------------
2020-05-02 13:06:26,615:INFO:ДУГААРАА СОНГОЖ БУЙ ХЭСЭГ
2020-05-02 13:06:26,615:INFO:2
2020-05-02 13:06:27,454:INFO:ДУГААРАА СОНГОЖ БУЙ ХЭСЭГ
2020-05-02 13:06:27,454:INFO:2
2020-05-02 13:11:21,258:INFO:------------------------------------------------------------------------------------------------
2020-05-02 13:14:37,999:INFO:ДУГААРЫН ҮНЭ
2020-05-02 13:14:38,002:INFO:10000
2020-05-02 13:14:54,956:INFO:ДУГААРЫН ZAHIALGA
2020-05-02 13:14:55,420:INFO:ДУГААРАА СОНГОЖ БУЙ ХЭСЭГ
2020-05-02 13:14:55,421:INFO:2
2020-05-02 13:14:55,965:WARNING:Not Found: /favicon.ico
2020-05-02 13:14:55,971:WARNING:Not Found: /favicon.ico
2020-05-02 13:14:56,256:INFO:------------------------------------------------------------------------------------------------
2020-05-02 13:16:16,538:INFO:------------------------------------------------------------------------------------------------
2020-05-02 13:21:13,003:ERROR:Internal Server Error: /getnumber
Traceback (most recent call last):
  File "/usr/local/lib/python2.7/dist-packages/django/core/handlers/exception.py", line 41, in inner
    response = get_response(request)
  File "/usr/local/lib/python2.7/dist-packages/django/core/handlers/base.py", line 187, in _get_response
    response = self.process_exception_by_middleware(e, request)
  File "/usr/local/lib/python2.7/dist-packages/django/core/handlers/base.py", line 185, in _get_response
    response = wrapped_callback(request, *callback_args, **callback_kwargs)
  File "/usr/local/lib/python2.7/dist-packages/django/views/decorators/csrf.py", line 58, in wrapped_view
    return view_func(*args, **kwargs)
  File "/usr/local/lib/python2.7/dist-packages/django/views/generic/base.py", line 68, in view
    return self.dispatch(request, *args, **kwargs)
  File "/usr/local/lib/python2.7/dist-packages/rest_framework/views.py", line 495, in dispatch
    response = self.handle_exception(exc)
  File "/usr/local/lib/python2.7/dist-packages/rest_framework/views.py", line 455, in handle_exception
    self.raise_uncaught_exception(exc)
  File "/usr/local/lib/python2.7/dist-packages/rest_framework/views.py", line 492, in dispatch
    response = handler(request, *args, **kwargs)
  File "/usr/local/lib/python2.7/dist-packages/rest_framework/decorators.py", line 55, in handler
    return func(*args, **kwargs)
  File "/home/user/nFilterNew/controller/views.py", line 206, in getNumber
    if data[1] == az:
IndexError: list index out of range
2020-05-02 13:33:25,105:INFO:------------------------------------------------------------------------------------------------
2020-05-02 13:36:18,411:INFO:ДУГААРАА СОНГОЖ БУЙ ХЭСЭГ
2020-05-02 13:36:18,412:INFO:3
2020-05-02 13:36:21,630:INFO:------------------------------------------------------------------------------------------------
2020-05-02 13:36:23,298:INFO:ДУГААРАА СОНГОЖ БУЙ ХЭСЭГ
2020-05-02 13:36:23,298:INFO:7
2020-05-02 13:38:41,250:ERROR:Internal Server Error: /getnumber
Traceback (most recent call last):
  File "/usr/local/lib/python2.7/dist-packages/django/core/handlers/exception.py", line 41, in inner
    response = get_response(request)
  File "/usr/local/lib/python2.7/dist-packages/django/core/handlers/base.py", line 187, in _get_response
    response = self.process_exception_by_middleware(e, request)
  File "/usr/local/lib/python2.7/dist-packages/django/core/handlers/base.py", line 185, in _get_response
    response = wrapped_callback(request, *callback_args, **callback_kwargs)
  File "/usr/local/lib/python2.7/dist-packages/django/views/decorators/csrf.py", line 58, in wrapped_view
    return view_func(*args, **kwargs)
  File "/usr/local/lib/python2.7/dist-packages/django/views/generic/base.py", line 68, in view
    return self.dispatch(request, *args, **kwargs)
  File "/usr/local/lib/python2.7/dist-packages/rest_framework/views.py", line 495, in dispatch
    response = self.handle_exception(exc)
  File "/usr/local/lib/python2.7/dist-packages/rest_framework/views.py", line 455, in handle_exception
    self.raise_uncaught_exception(exc)
  File "/usr/local/lib/python2.7/dist-packages/rest_framework/views.py", line 492, in dispatch
    response = handler(request, *args, **kwargs)
  File "/usr/local/lib/python2.7/dist-packages/rest_framework/decorators.py", line 55, in handler
    return func(*args, **kwargs)
  File "/home/user/nFilterNew/controller/views.py", line 206, in getNumber
    if data[1] == az:
IndexError: list index out of range
2020-05-02 13:38:54,983:INFO:ДУГААРЫН ҮНЭ
2020-05-02 13:38:54,985:INFO:10000
2020-05-02 13:43:08,463:ERROR:Internal Server Error: /getnumber
Traceback (most recent call last):
  File "/usr/local/lib/python2.7/dist-packages/django/core/handlers/exception.py", line 41, in inner
    response = get_response(request)
  File "/usr/local/lib/python2.7/dist-packages/django/core/handlers/base.py", line 187, in _get_response
    response = self.process_exception_by_middleware(e, request)
  File "/usr/local/lib/python2.7/dist-packages/django/core/handlers/base.py", line 185, in _get_response
    response = wrapped_callback(request, *callback_args, **callback_kwargs)
  File "/usr/local/lib/python2.7/dist-packages/django/views/decorators/csrf.py", line 58, in wrapped_view
    return view_func(*args, **kwargs)
  File "/usr/local/lib/python2.7/dist-packages/django/views/generic/base.py", line 68, in view
    return self.dispatch(request, *args, **kwargs)
  File "/usr/local/lib/python2.7/dist-packages/rest_framework/views.py", line 495, in dispatch
    response = self.handle_exception(exc)
  File "/usr/local/lib/python2.7/dist-packages/rest_framework/views.py", line 455, in handle_exception
    self.raise_uncaught_exception(exc)
  File "/usr/local/lib/python2.7/dist-packages/rest_framework/views.py", line 492, in dispatch
    response = handler(request, *args, **kwargs)
  File "/usr/local/lib/python2.7/dist-packages/rest_framework/decorators.py", line 55, in handler
    return func(*args, **kwargs)
  File "/home/user/nFilterNew/controller/views.py", line 206, in getNumber
    if data[1] == az:
IndexError: list index out of range
2020-05-02 13:46:09,799:INFO:------------------------------------------------------------------------------------------------
2020-05-02 13:46:22,557:INFO:ДУГААРАА СОНГОЖ БУЙ ХЭСЭГ
2020-05-02 13:46:22,557:INFO:2
2020-05-02 13:46:22,972:WARNING:Not Found: /favicon.ico
2020-05-02 13:46:48,995:INFO:------------------------------------------------------------------------------------------------
2020-05-02 13:46:54,675:INFO:ДУГААРАА СОНГОЖ БУЙ ХЭСЭГ
2020-05-02 13:46:54,675:INFO:2
2020-05-02 13:46:55,062:WARNING:Not Found: /favicon.ico
2020-05-02 13:48:44,854:INFO:------------------------------------------------------------------------------------------------
2020-05-02 13:48:47,287:INFO:ДУГААРЫН ҮНЭ
2020-05-02 13:48:47,290:INFO:5000
2020-05-02 13:49:02,846:INFO:------------------------------------------------------------------------------------------------
2020-05-02 13:49:09,035:INFO:ДУГААРАА СОНГОЖ БУЙ ХЭСЭГ
2020-05-02 13:49:09,035:INFO:2
2020-05-02 13:49:09,456:WARNING:Not Found: /favicon.ico
2020-05-02 13:50:54,307:INFO:ДУГААРАА СОНГОЖ БУЙ ХЭСЭГ
2020-05-02 13:50:54,307:INFO:2
2020-05-02 13:50:54,635:WARNING:Not Found: /favicon.ico
2020-05-02 13:51:19,662:INFO:------------------------------------------------------------------------------------------------
2020-05-02 13:51:23,597:INFO:ДУГААРАА СОНГОЖ БУЙ ХЭСЭГ
2020-05-02 13:51:23,597:INFO:2
2020-05-02 13:51:23,988:WARNING:Not Found: /favicon.ico
2020-05-02 13:54:02,634:ERROR:Internal Server Error: /getnumber
Traceback (most recent call last):
  File "/usr/local/lib/python2.7/dist-packages/django/core/handlers/exception.py", line 41, in inner
    response = get_response(request)
  File "/usr/local/lib/python2.7/dist-packages/django/core/handlers/base.py", line 187, in _get_response
    response = self.process_exception_by_middleware(e, request)
  File "/usr/local/lib/python2.7/dist-packages/django/core/handlers/base.py", line 185, in _get_response
    response = wrapped_callback(request, *callback_args, **callback_kwargs)
  File "/usr/local/lib/python2.7/dist-packages/django/views/decorators/csrf.py", line 58, in wrapped_view
    return view_func(*args, **kwargs)
  File "/usr/local/lib/python2.7/dist-packages/django/views/generic/base.py", line 68, in view
    return self.dispatch(request, *args, **kwargs)
  File "/usr/local/lib/python2.7/dist-packages/rest_framework/views.py", line 495, in dispatch
    response = self.handle_exception(exc)
  File "/usr/local/lib/python2.7/dist-packages/rest_framework/views.py", line 455, in handle_exception
    self.raise_uncaught_exception(exc)
  File "/usr/local/lib/python2.7/dist-packages/rest_framework/views.py", line 492, in dispatch
    response = handler(request, *args, **kwargs)
  File "/usr/local/lib/python2.7/dist-packages/rest_framework/decorators.py", line 55, in handler
    return func(*args, **kwargs)
  File "/home/user/nFilterNew/controller/views.py", line 206, in getNumber
    if data[1] == az:
IndexError: list index out of range
2020-05-02 13:54:26,195:INFO:------------------------------------------------------------------------------------------------
2020-05-02 13:54:34,906:INFO:ДУГААРАА СОНГОЖ БУЙ ХЭСЭГ
2020-05-02 13:54:34,906:INFO:2
2020-05-02 13:54:59,597:INFO:ДУГААРАА СОНГОЖ БУЙ ХЭСЭГ
2020-05-02 13:54:59,597:INFO:2
2020-05-02 13:55:00,038:WARNING:Not Found: /favicon.ico
2020-05-02 13:55:14,723:INFO:ДУГААРАА СОНГОЖ БУЙ ХЭСЭГ
2020-05-02 13:55:14,724:INFO:2
2020-05-02 13:55:15,050:WARNING:Not Found: /favicon.ico
2020-05-02 13:55:23,202:INFO:------------------------------------------------------------------------------------------------
2020-05-02 13:55:25,665:INFO:------------------------------------------------------------------------------------------------
2020-05-02 13:55:41,665:INFO:ДУГААРАА СОНГОЖ БУЙ ХЭСЭГ
2020-05-02 13:55:41,665:INFO:2
2020-05-02 13:55:46,299:INFO:ДУГААРАА СОНГОЖ БУЙ ХЭСЭГ
2020-05-02 13:55:46,300:INFO:2
2020-05-02 13:55:46,743:WARNING:Not Found: /favicon.ico
2020-05-02 13:55:48,297:INFO:ДУГААРАА СОНГОЖ БУЙ ХЭСЭГ
2020-05-02 13:55:48,297:INFO:2
2020-05-02 13:56:30,343:INFO:ДУГААРАА СОНГОЖ БУЙ ХЭСЭГ
2020-05-02 13:56:30,343:INFO:2
2020-05-02 13:58:08,157:INFO:------------------------------------------------------------------------------------------------
2020-05-02 13:58:09,226:INFO:ДУГААРАА СОНГОЖ БУЙ ХЭСЭГ
2020-05-02 13:58:09,226:INFO:2
2020-05-02 13:58:09,684:WARNING:Not Found: /favicon.ico
2020-05-02 13:59:19,614:INFO:ДУГААРЫН ҮНЭ
2020-05-02 13:59:19,617:INFO:5000
2020-05-02 14:00:04,964:INFO:------------------------------------------------------------------------------------------------
2020-05-02 14:03:01,155:INFO:------------------------------------------------------------------------------------------------
2020-05-02 14:03:01,822:INFO:ДУГААРАА СОНГОЖ БУЙ ХЭСЭГ
2020-05-02 14:03:01,822:INFO:2
2020-05-02 14:03:23,006:INFO:ДУГААРЫН ҮНЭ
2020-05-02 14:03:23,009:INFO:5000
2020-05-02 14:04:30,694:INFO:ДУГААРАА СОНГОЖ БУЙ ХЭСЭГ
2020-05-02 14:04:30,694:INFO:2
2020-05-02 14:07:04,286:INFO:ДУГААРЫН ҮНЭ
2020-05-02 14:07:04,288:INFO:10000
2020-05-02 14:11:32,374:INFO:------------------------------------------------------------------------------------------------
2020-05-02 14:12:42,776:INFO:ДУГААРАА СОНГОЖ БУЙ ХЭСЭГ
2020-05-02 14:12:42,776:INFO:2
2020-05-02 14:13:40,720:INFO:------------------------------------------------------------------------------------------------
2020-05-02 14:14:30,388:INFO:ДУГААРАА СОНГОЖ БУЙ ХЭСЭГ
2020-05-02 14:14:30,388:INFO:2
2020-05-02 14:14:56,598:INFO:------------------------------------------------------------------------------------------------
2020-05-02 14:16:18,026:INFO:------------------------------------------------------------------------------------------------
2020-05-02 14:17:59,390:INFO:ДУГААРЫН ҮНЭ
2020-05-02 14:17:59,393:INFO:5000
2020-05-02 14:19:06,179:INFO:ДУГААРЫН ZAHIALGA
2020-05-02 14:21:06,296:INFO:------------------------------------------------------------------------------------------------
2020-05-02 14:33:29,834:INFO:------------------------------------------------------------------------------------------------
2020-05-02 14:34:56,257:INFO:ДУГААРЫН ҮНЭ
2020-05-02 14:34:56,260:INFO:5000
2020-05-02 14:37:00,924:INFO:ДУГААРЫН ZAHIALGA
2020-05-02 14:38:04,389:INFO:------------------------------------------------------------------------------------------------
2020-05-02 14:38:13,391:INFO:ДУГААРАА СОНГОЖ БУЙ ХЭСЭГ
2020-05-02 14:38:13,391:INFO:7
2020-05-02 14:38:21,577:INFO:ДУГААРАА СОНГОЖ БУЙ ХЭСЭГ
2020-05-02 14:38:21,578:INFO:7
2020-05-02 14:38:27,001:INFO:ДУГААРАА СОНГОЖ БУЙ ХЭСЭГ
2020-05-02 14:38:27,001:INFO:7
2020-05-02 14:38:55,186:INFO:------------------------------------------------------------------------------------------------
2020-05-02 14:38:57,055:INFO:ДУГААРАА СОНГОЖ БУЙ ХЭСЭГ
2020-05-02 14:38:57,056:INFO:2
2020-05-02 14:42:03,046:INFO:ДУГААРЫН ҮНЭ
2020-05-02 14:42:03,048:INFO:5000
2020-05-02 14:43:44,473:INFO:ДУГААРАА СОНГОЖ БУЙ ХЭСЭГ
2020-05-02 14:43:44,473:INFO:2
2020-05-02 14:43:46,171:INFO:------------------------------------------------------------------------------------------------
2020-05-02 14:43:52,260:INFO:ДУГААРАА СОНГОЖ БУЙ ХЭСЭГ
2020-05-02 14:43:52,260:INFO:4
2020-05-02 14:43:52,598:INFO:ДУГААРАА СОНГОЖ БУЙ ХЭСЭГ
2020-05-02 14:43:52,598:INFO:7
2020-05-02 14:43:53,017:INFO:------------------------------------------------------------------------------------------------
2020-05-02 14:43:53,356:INFO:ДУГААРАА СОНГОЖ БУЙ ХЭСЭГ
2020-05-02 14:43:53,356:INFO:7
2020-05-02 14:43:53,799:INFO:ДУГААРАА СОНГОЖ БУЙ ХЭСЭГ
2020-05-02 14:43:53,799:INFO:4
2020-05-02 14:43:54,190:INFO:------------------------------------------------------------------------------------------------
2020-05-02 14:43:55,632:INFO:ДУГААРАА СОНГОЖ БУЙ ХЭСЭГ
2020-05-02 14:43:55,632:INFO:2
2020-05-02 14:45:05,865:INFO:ДУГААРАА СОНГОЖ БУЙ ХЭСЭГ
2020-05-02 14:45:05,866:INFO:2
2020-05-02 14:45:10,847:WARNING:Not Found: /favicon.ico
2020-05-02 14:45:24,067:INFO:------------------------------------------------------------------------------------------------
2020-05-02 14:45:52,376:INFO:ДУГААРЫН ZAHIALGA
2020-05-02 14:47:50,749:INFO:ДУГААРАА СОНГОЖ БУЙ ХЭСЭГ
2020-05-02 14:47:50,749:INFO:2
2020-05-02 14:47:53,074:INFO:------------------------------------------------------------------------------------------------
2020-05-02 14:51:11,667:INFO:ДУГААРАА СОНГОЖ БУЙ ХЭСЭГ
2020-05-02 14:51:11,667:INFO:7
2020-05-02 14:51:33,694:ERROR:Internal Server Error: /getnumber
Traceback (most recent call last):
  File "/usr/local/lib/python2.7/dist-packages/django/core/handlers/exception.py", line 41, in inner
    response = get_response(request)
  File "/usr/local/lib/python2.7/dist-packages/django/core/handlers/base.py", line 187, in _get_response
    response = self.process_exception_by_middleware(e, request)
  File "/usr/local/lib/python2.7/dist-packages/django/core/handlers/base.py", line 185, in _get_response
    response = wrapped_callback(request, *callback_args, **callback_kwargs)
  File "/usr/local/lib/python2.7/dist-packages/django/views/decorators/csrf.py", line 58, in wrapped_view
    return view_func(*args, **kwargs)
  File "/usr/local/lib/python2.7/dist-packages/django/views/generic/base.py", line 68, in view
    return self.dispatch(request, *args, **kwargs)
  File "/usr/local/lib/python2.7/dist-packages/rest_framework/views.py", line 495, in dispatch
    response = self.handle_exception(exc)
  File "/usr/local/lib/python2.7/dist-packages/rest_framework/views.py", line 455, in handle_exception
    self.raise_uncaught_exception(exc)
  File "/usr/local/lib/python2.7/dist-packages/rest_framework/views.py", line 492, in dispatch
    response = handler(request, *args, **kwargs)
  File "/usr/local/lib/python2.7/dist-packages/rest_framework/decorators.py", line 55, in handler
    return func(*args, **kwargs)
  File "/home/user/nFilterNew/controller/views.py", line 206, in getNumber
    if data[1] == az:
IndexError: list index out of range
2020-05-02 14:51:36,285:INFO:ДУГААРЫН ҮНЭ
2020-05-02 14:51:36,287:INFO:5000
2020-05-02 14:52:04,434:INFO:ДУГААРЫН ҮНЭ
2020-05-02 14:52:04,436:INFO:10000
2020-05-02 14:52:05,151:INFO:ДУГААРЫН ҮНЭ
2020-05-02 14:52:05,154:INFO:5000
2020-05-02 14:52:31,563:INFO:ДУГААРЫН ZAHIALGA
2020-05-02 14:54:26,283:INFO:------------------------------------------------------------------------------------------------
2020-05-02 14:54:32,415:INFO:------------------------------------------------------------------------------------------------
2020-05-02 14:55:53,913:INFO:ДУГААРАА СОНГОЖ БУЙ ХЭСЭГ
2020-05-02 14:55:53,913:INFO:7
2020-05-02 14:55:54,268:WARNING:Not Found: /favicon.ico
2020-05-02 14:55:54,570:INFO:ДУГААРАА СОНГОЖ БУЙ ХЭСЭГ
2020-05-02 14:55:54,570:INFO:7
2020-05-02 14:55:54,810:WARNING:Not Found: /favicon.ico
2020-05-02 14:56:00,077:INFO:------------------------------------------------------------------------------------------------
2020-05-02 14:56:03,652:INFO:ДУГААРАА СОНГОЖ БУЙ ХЭСЭГ
2020-05-02 14:56:03,652:INFO:7
2020-05-02 14:56:04,075:WARNING:Not Found: /favicon.ico
2020-05-02 14:56:05,503:INFO:ДУГААРАА СОНГОЖ БУЙ ХЭСЭГ
2020-05-02 14:56:05,504:INFO:7
2020-05-02 14:56:05,805:WARNING:Not Found: /favicon.ico
2020-05-02 14:56:09,930:INFO:ДУГААРАА СОНГОЖ БУЙ ХЭСЭГ
2020-05-02 14:56:09,930:INFO:7
2020-05-02 14:56:10,275:WARNING:Not Found: /favicon.ico
2020-05-02 14:56:11,998:INFO:ДУГААРАА СОНГОЖ БУЙ ХЭСЭГ
2020-05-02 14:56:11,999:INFO:7
2020-05-02 14:56:12,280:WARNING:Not Found: /favicon.ico
2020-05-02 14:56:15,400:INFO:------------------------------------------------------------------------------------------------
2020-05-02 14:57:38,163:INFO:ДУГААРАА СОНГОЖ БУЙ ХЭСЭГ
2020-05-02 14:57:38,164:INFO:2
2020-05-02 14:58:08,481:INFO:ДУГААРЫН ҮНЭ
2020-05-02 14:58:08,483:INFO:5000
2020-05-02 14:58:44,556:INFO:ДУГААРАА СОНГОЖ БУЙ ХЭСЭГ
2020-05-02 14:58:44,556:INFO:7
2020-05-02 14:58:44,804:INFO:ДУГААРАА СОНГОЖ БУЙ ХЭСЭГ
2020-05-02 14:58:44,804:INFO:2
2020-05-02 14:58:45,473:WARNING:Not Found: /favicon.ico
2020-05-02 14:58:45,485:WARNING:Not Found: /favicon.ico
2020-05-02 14:58:49,255:INFO:------------------------------------------------------------------------------------------------
2020-05-02 14:59:04,090:INFO:ДУГААРАА СОНГОЖ БУЙ ХЭСЭГ
2020-05-02 14:59:04,090:INFO:2
2020-05-02 14:59:39,108:INFO:ДУГААРАА СОНГОЖ БУЙ ХЭСЭГ
2020-05-02 14:59:39,109:INFO:2
2020-05-02 15:00:05,159:INFO:------------------------------------------------------------------------------------------------
2020-05-02 15:01:20,502:INFO:ДУГААРАА СОНГОЖ БУЙ ХЭСЭГ
2020-05-02 15:01:20,502:INFO:2
2020-05-02 15:01:32,909:INFO:ДУГААРАА СОНГОЖ БУЙ ХЭСЭГ
2020-05-02 15:01:32,910:INFO:7
2020-05-02 15:01:34,943:INFO:------------------------------------------------------------------------------------------------
2020-05-02 15:01:42,636:INFO:------------------------------------------------------------------------------------------------
2020-05-02 15:01:43,662:INFO:ДУГААРАА СОНГОЖ БУЙ ХЭСЭГ
2020-05-02 15:01:43,662:INFO:2
2020-05-02 15:02:00,380:INFO:ДУГААРЫН ҮНЭ
2020-05-02 15:02:00,382:INFO:5000
2020-05-02 15:04:08,312:INFO:------------------------------------------------------------------------------------------------
2020-05-02 15:10:25,219:WARNING:Not Found: /
2020-05-02 15:16:19,586:INFO:------------------------------------------------------------------------------------------------
2020-05-02 15:21:06,423:INFO:------------------------------------------------------------------------------------------------
2020-05-02 15:22:35,169:INFO:------------------------------------------------------------------------------------------------
2020-05-02 15:24:10,271:INFO:ДУГААРАА СОНГОЖ БУЙ ХЭСЭГ
2020-05-02 15:24:10,272:INFO:2
2020-05-02 15:24:10,672:WARNING:Not Found: /favicon.ico
2020-05-02 15:24:51,841:INFO:------------------------------------------------------------------------------------------------
2020-05-02 15:24:53,331:INFO:ДУГААРАА СОНГОЖ БУЙ ХЭСЭГ
2020-05-02 15:24:53,331:INFO:7
2020-05-02 15:24:54,259:INFO:ДУГААРАА СОНГОЖ БУЙ ХЭСЭГ
2020-05-02 15:24:54,259:INFO:7
2020-05-02 15:25:28,071:INFO:------------------------------------------------------------------------------------------------
2020-05-02 15:25:58,957:INFO:ДУГААРАА СОНГОЖ БУЙ ХЭСЭГ
2020-05-02 15:25:58,957:INFO:4
2020-05-02 15:26:16,903:INFO:------------------------------------------------------------------------------------------------
2020-05-02 15:33:34,498:INFO:------------------------------------------------------------------------------------------------
2020-05-02 15:38:43,002:INFO:ДУГААРАА СОНГОЖ БУЙ ХЭСЭГ
2020-05-02 15:38:43,003:INFO:3
2020-05-02 15:39:10,602:INFO:------------------------------------------------------------------------------------------------
2020-05-02 15:40:14,270:INFO:ДУГААРАА СОНГОЖ БУЙ ХЭСЭГ
2020-05-02 15:40:14,271:INFO:2
2020-05-02 15:40:26,030:INFO:ДУГААРЫН ҮНЭ
2020-05-02 15:40:26,032:INFO:5000
2020-05-02 15:40:53,551:INFO:------------------------------------------------------------------------------------------------
2020-05-02 15:40:55,092:INFO:ДУГААРАА СОНГОЖ БУЙ ХЭСЭГ
2020-05-02 15:40:55,092:INFO:7
2020-05-02 15:41:00,092:INFO:ДУГААРАА СОНГОЖ БУЙ ХЭСЭГ
2020-05-02 15:41:00,092:INFO:7
2020-05-02 15:41:46,885:INFO:ДУГААРАА СОНГОЖ БУЙ ХЭСЭГ
2020-05-02 15:41:46,885:INFO:7
2020-05-02 15:41:49,131:INFO:ДУГААРАА СОНГОЖ БУЙ ХЭСЭГ
2020-05-02 15:41:49,131:INFO:7
2020-05-02 15:42:39,963:INFO:ДУГААРАА СОНГОЖ БУЙ ХЭСЭГ
2020-05-02 15:42:39,964:INFO:7
2020-05-02 15:43:08,236:INFO:ДУГААРАА СОНГОЖ БУЙ ХЭСЭГ
2020-05-02 15:43:08,236:INFO:7
2020-05-02 15:43:36,911:ERROR:Internal Server Error: /getnumber
Traceback (most recent call last):
  File "/usr/local/lib/python2.7/dist-packages/django/core/handlers/exception.py", line 41, in inner
    response = get_response(request)
  File "/usr/local/lib/python2.7/dist-packages/django/core/handlers/base.py", line 187, in _get_response
    response = self.process_exception_by_middleware(e, request)
  File "/usr/local/lib/python2.7/dist-packages/django/core/handlers/base.py", line 185, in _get_response
    response = wrapped_callback(request, *callback_args, **callback_kwargs)
  File "/usr/local/lib/python2.7/dist-packages/django/views/decorators/csrf.py", line 58, in wrapped_view
    return view_func(*args, **kwargs)
  File "/usr/local/lib/python2.7/dist-packages/django/views/generic/base.py", line 68, in view
    return self.dispatch(request, *args, **kwargs)
  File "/usr/local/lib/python2.7/dist-packages/rest_framework/views.py", line 495, in dispatch
    response = self.handle_exception(exc)
  File "/usr/local/lib/python2.7/dist-packages/rest_framework/views.py", line 455, in handle_exception
    self.raise_uncaught_exception(exc)
  File "/usr/local/lib/python2.7/dist-packages/rest_framework/views.py", line 492, in dispatch
    response = handler(request, *args, **kwargs)
  File "/usr/local/lib/python2.7/dist-packages/rest_framework/decorators.py", line 55, in handler
    return func(*args, **kwargs)
  File "/home/user/nFilterNew/controller/views.py", line 206, in getNumber
    if data[1] == az:
IndexError: list index out of range
2020-05-02 15:43:53,090:INFO:------------------------------------------------------------------------------------------------
2020-05-02 15:43:54,285:INFO:------------------------------------------------------------------------------------------------
2020-05-02 15:48:56,853:INFO:------------------------------------------------------------------------------------------------
2020-05-02 15:48:58,393:INFO:ДУГААРАА СОНГОЖ БУЙ ХЭСЭГ
2020-05-02 15:48:58,394:INFO:2
2020-05-02 15:49:10,236:INFO:ДУГААРАА СОНГОЖ БУЙ ХЭСЭГ
2020-05-02 15:49:10,236:INFO:2
2020-05-02 15:49:24,016:INFO:------------------------------------------------------------------------------------------------
2020-05-02 15:49:25,865:INFO:ДУГААРАА СОНГОЖ БУЙ ХЭСЭГ
2020-05-02 15:49:25,866:INFO:2
2020-05-02 15:54:26,359:INFO:------------------------------------------------------------------------------------------------
2020-05-02 15:54:35,151:INFO:------------------------------------------------------------------------------------------------
2020-05-02 15:58:49,449:INFO:------------------------------------------------------------------------------------------------
2020-05-02 16:00:05,317:INFO:------------------------------------------------------------------------------------------------
2020-05-02 16:00:50,108:INFO:ДУГААРАА СОНГОЖ БУЙ ХЭСЭГ
2020-05-02 16:00:50,108:INFO:2
2020-05-02 16:00:52,745:INFO:ДУГААРАА СОНГОЖ БУЙ ХЭСЭГ
2020-05-02 16:00:52,745:INFO:2
2020-05-02 16:01:02,726:INFO:ДУГААРАА СОНГОЖ БУЙ ХЭСЭГ
2020-05-02 16:01:02,727:INFO:2
2020-05-02 16:01:48,754:INFO:------------------------------------------------------------------------------------------------
2020-05-02 16:01:51,643:INFO:ДУГААРАА СОНГОЖ БУЙ ХЭСЭГ
2020-05-02 16:01:51,643:INFO:7
2020-05-02 16:02:06,576:INFO:ДУГААРЫН ҮНЭ
2020-05-02 16:02:06,579:INFO:10000
2020-05-02 16:04:08,406:INFO:------------------------------------------------------------------------------------------------
2020-05-02 16:06:59,783:INFO:------------------------------------------------------------------------------------------------
2020-05-02 16:07:10,198:INFO:ДУГААРАА СОНГОЖ БУЙ ХЭСЭГ
2020-05-02 16:07:10,198:INFO:7
2020-05-02 16:07:10,480:WARNING:Not Found: /favicon.ico
2020-05-02 16:07:23,904:INFO:ДУГААРЫН ҮНЭ
2020-05-02 16:07:23,906:INFO:10000
2020-05-02 16:07:26,348:INFO:ДУГААРЫН ZAHIALGA
2020-05-02 16:12:11,227:INFO:ДУГААРАА СОНГОЖ БУЙ ХЭСЭГ
2020-05-02 16:12:11,227:INFO:7
2020-05-02 16:12:28,374:ERROR:Internal Server Error: /getnumber
Traceback (most recent call last):
  File "/usr/local/lib/python2.7/dist-packages/django/core/handlers/exception.py", line 41, in inner
    response = get_response(request)
  File "/usr/local/lib/python2.7/dist-packages/django/core/handlers/base.py", line 187, in _get_response
    response = self.process_exception_by_middleware(e, request)
  File "/usr/local/lib/python2.7/dist-packages/django/core/handlers/base.py", line 185, in _get_response
    response = wrapped_callback(request, *callback_args, **callback_kwargs)
  File "/usr/local/lib/python2.7/dist-packages/django/views/decorators/csrf.py", line 58, in wrapped_view
    return view_func(*args, **kwargs)
  File "/usr/local/lib/python2.7/dist-packages/django/views/generic/base.py", line 68, in view
    return self.dispatch(request, *args, **kwargs)
  File "/usr/local/lib/python2.7/dist-packages/rest_framework/views.py", line 495, in dispatch
    response = self.handle_exception(exc)
  File "/usr/local/lib/python2.7/dist-packages/rest_framework/views.py", line 455, in handle_exception
    self.raise_uncaught_exception(exc)
  File "/usr/local/lib/python2.7/dist-packages/rest_framework/views.py", line 492, in dispatch
    response = handler(request, *args, **kwargs)
  File "/usr/local/lib/python2.7/dist-packages/rest_framework/decorators.py", line 55, in handler
    return func(*args, **kwargs)
  File "/home/user/nFilterNew/controller/views.py", line 206, in getNumber
    if data[1] == az:
IndexError: list index out of range
2020-05-02 16:14:30,029:INFO:ДУГААРАА СОНГОЖ БУЙ ХЭСЭГ
2020-05-02 16:14:30,030:INFO:7
2020-05-02 16:14:43,752:INFO:ДУГААРАА СОНГОЖ БУЙ ХЭСЭГ
2020-05-02 16:14:43,753:INFO:7
2020-05-02 16:15:27,639:INFO:ДУГААРАА СОНГОЖ БУЙ ХЭСЭГ
2020-05-02 16:15:27,639:INFO:7
2020-05-02 16:15:57,455:ERROR:Internal Server Error: /getnumber
Traceback (most recent call last):
  File "/usr/local/lib/python2.7/dist-packages/django/core/handlers/exception.py", line 41, in inner
    response = get_response(request)
  File "/usr/local/lib/python2.7/dist-packages/django/core/handlers/base.py", line 187, in _get_response
    response = self.process_exception_by_middleware(e, request)
  File "/usr/local/lib/python2.7/dist-packages/django/core/handlers/base.py", line 185, in _get_response
    response = wrapped_callback(request, *callback_args, **callback_kwargs)
  File "/usr/local/lib/python2.7/dist-packages/django/views/decorators/csrf.py", line 58, in wrapped_view
    return view_func(*args, **kwargs)
  File "/usr/local/lib/python2.7/dist-packages/django/views/generic/base.py", line 68, in view
    return self.dispatch(request, *args, **kwargs)
  File "/usr/local/lib/python2.7/dist-packages/rest_framework/views.py", line 495, in dispatch
    response = self.handle_exception(exc)
  File "/usr/local/lib/python2.7/dist-packages/rest_framework/views.py", line 455, in handle_exception
    self.raise_uncaught_exception(exc)
  File "/usr/local/lib/python2.7/dist-packages/rest_framework/views.py", line 492, in dispatch
    response = handler(request, *args, **kwargs)
  File "/usr/local/lib/python2.7/dist-packages/rest_framework/decorators.py", line 55, in handler
    return func(*args, **kwargs)
  File "/home/user/nFilterNew/controller/views.py", line 206, in getNumber
    if data[1] == az:
IndexError: list index out of range
2020-05-02 16:21:11,054:INFO:------------------------------------------------------------------------------------------------
2020-05-02 16:22:35,562:INFO:------------------------------------------------------------------------------------------------
2020-05-02 16:22:43,708:INFO:------------------------------------------------------------------------------------------------
2020-05-02 16:22:44,758:INFO:ДУГААРАА СОНГОЖ БУЙ ХЭСЭГ
2020-05-02 16:22:44,758:INFO:2
2020-05-02 16:23:05,534:INFO:ДУГААРАА СОНГОЖ БУЙ ХЭСЭГ
2020-05-02 16:23:05,534:INFO:2
2020-05-02 16:23:09,619:INFO:ДУГААРЫН ҮНЭ
2020-05-02 16:23:09,622:INFO:5000
2020-05-02 16:33:39,176:INFO:------------------------------------------------------------------------------------------------
2020-05-02 16:37:28,350:INFO:ДУГААРАА СОНГОЖ БУЙ ХЭСЭГ
2020-05-02 16:37:28,351:INFO:7
2020-05-02 16:38:02,604:INFO:ДУГААРАА СОНГОЖ БУЙ ХЭСЭГ
2020-05-02 16:38:02,604:INFO:7
2020-05-02 16:39:36,758:INFO:ДУГААРАА СОНГОЖ БУЙ ХЭСЭГ
2020-05-02 16:39:36,759:INFO:2
2020-05-02 16:39:40,408:INFO:ДУГААРАА СОНГОЖ БУЙ ХЭСЭГ
2020-05-02 16:39:40,408:INFO:2
2020-05-02 16:39:49,747:INFO:ДУГААРАА СОНГОЖ БУЙ ХЭСЭГ
2020-05-02 16:39:49,747:INFO:2
2020-05-02 16:40:21,926:INFO:------------------------------------------------------------------------------------------------
2020-05-02 16:40:28,424:INFO:ДУГААРАА СОНГОЖ БУЙ ХЭСЭГ
2020-05-02 16:40:28,424:INFO:7
2020-05-02 16:40:35,595:INFO:ДУГААРАА СОНГОЖ БУЙ ХЭСЭГ
2020-05-02 16:40:35,595:INFO:7
2020-05-02 16:40:58,952:INFO:ДУГААРАА СОНГОЖ БУЙ ХЭСЭГ
2020-05-02 16:40:58,953:INFO:7
2020-05-02 16:41:00,412:INFO:ДУГААРАА СОНГОЖ БУЙ ХЭСЭГ
2020-05-02 16:41:00,413:INFO:7
2020-05-02 16:41:32,023:INFO:------------------------------------------------------------------------------------------------
2020-05-02 16:41:33,130:INFO:ДУГААРАА СОНГОЖ БУЙ ХЭСЭГ
2020-05-02 16:41:33,130:INFO:7
2020-05-02 16:43:18,267:INFO:ДУГААРАА СОНГОЖ БУЙ ХЭСЭГ
2020-05-02 16:43:18,267:INFO:7
2020-05-02 16:43:18,756:INFO:------------------------------------------------------------------------------------------------
2020-05-02 16:43:21,096:INFO:ДУГААРАА СОНГОЖ БУЙ ХЭСЭГ
2020-05-02 16:43:21,096:INFO:2
2020-05-02 16:43:22,744:INFO:------------------------------------------------------------------------------------------------
2020-05-02 16:43:23,978:INFO:ДУГААРАА СОНГОЖ БУЙ ХЭСЭГ
2020-05-02 16:43:23,979:INFO:2
2020-05-02 16:43:28,452:INFO:------------------------------------------------------------------------------------------------
2020-05-02 16:43:29,793:INFO:ДУГААРАА СОНГОЖ БУЙ ХЭСЭГ
2020-05-02 16:43:29,793:INFO:7
2020-05-02 16:43:53,844:INFO:------------------------------------------------------------------------------------------------
2020-05-02 16:43:54,362:INFO:------------------------------------------------------------------------------------------------
2020-05-02 16:45:02,844:INFO:------------------------------------------------------------------------------------------------
2020-05-02 16:45:03,545:INFO:ДУГААРАА СОНГОЖ БУЙ ХЭСЭГ
2020-05-02 16:45:03,545:INFO:2
2020-05-02 16:50:30,150:INFO:------------------------------------------------------------------------------------------------
2020-05-02 16:54:26,443:INFO:------------------------------------------------------------------------------------------------
2020-05-02 16:56:43,365:INFO:------------------------------------------------------------------------------------------------
2020-05-02 16:56:46,173:INFO:ДУГААРАА СОНГОЖ БУЙ ХЭСЭГ
2020-05-02 16:56:46,173:INFO:7
2020-05-02 16:57:17,950:ERROR:Internal Server Error: /getnumber
Traceback (most recent call last):
  File "/usr/local/lib/python2.7/dist-packages/django/core/handlers/exception.py", line 41, in inner
    response = get_response(request)
  File "/usr/local/lib/python2.7/dist-packages/django/core/handlers/base.py", line 187, in _get_response
    response = self.process_exception_by_middleware(e, request)
  File "/usr/local/lib/python2.7/dist-packages/django/core/handlers/base.py", line 185, in _get_response
    response = wrapped_callback(request, *callback_args, **callback_kwargs)
  File "/usr/local/lib/python2.7/dist-packages/django/views/decorators/csrf.py", line 58, in wrapped_view
    return view_func(*args, **kwargs)
  File "/usr/local/lib/python2.7/dist-packages/django/views/generic/base.py", line 68, in view
    return self.dispatch(request, *args, **kwargs)
  File "/usr/local/lib/python2.7/dist-packages/rest_framework/views.py", line 495, in dispatch
    response = self.handle_exception(exc)
  File "/usr/local/lib/python2.7/dist-packages/rest_framework/views.py", line 455, in handle_exception
    self.raise_uncaught_exception(exc)
  File "/usr/local/lib/python2.7/dist-packages/rest_framework/views.py", line 492, in dispatch
    response = handler(request, *args, **kwargs)
  File "/usr/local/lib/python2.7/dist-packages/rest_framework/decorators.py", line 55, in handler
    return func(*args, **kwargs)
  File "/home/user/nFilterNew/controller/views.py", line 206, in getNumber
    if data[1] == az:
IndexError: list index out of range
2020-05-02 17:00:05,480:INFO:------------------------------------------------------------------------------------------------
2020-05-02 17:00:07,085:INFO:ДУГААРАА СОНГОЖ БУЙ ХЭСЭГ
2020-05-02 17:00:07,085:INFO:2
2020-05-02 17:00:07,398:WARNING:Not Found: /favicon.ico
2020-05-02 17:03:02,287:INFO:ДУГААРЫН ҮНЭ
2020-05-02 17:03:02,290:INFO:5000
2020-05-02 17:03:17,739:INFO:ДУГААРЫН ҮНЭ
2020-05-02 17:03:17,742:INFO:5000
2020-05-02 17:05:25,992:INFO:------------------------------------------------------------------------------------------------
2020-05-02 17:09:08,995:INFO:ДУГААРЫН ҮНЭ
2020-05-02 17:09:08,998:INFO:5000
2020-05-02 17:09:13,836:INFO:ДУГААРЫН ҮНЭ
2020-05-02 17:09:13,839:INFO:5000
2020-05-02 17:09:13,873:INFO:ДУГААРЫН ҮНЭ
2020-05-02 17:09:13,875:INFO:5000
2020-05-02 17:09:16,771:INFO:------------------------------------------------------------------------------------------------
2020-05-02 17:15:09,245:INFO:ДУГААРАА СОНГОЖ БУЙ ХЭСЭГ
2020-05-02 17:15:09,245:INFO:2
2020-05-02 17:15:17,677:INFO:------------------------------------------------------------------------------------------------
2020-05-02 17:15:21,295:INFO:ДУГААРАА СОНГОЖ БУЙ ХЭСЭГ
2020-05-02 17:15:21,295:INFO:2
2020-05-02 17:15:23,324:INFO:------------------------------------------------------------------------------------------------
2020-05-02 17:15:24,989:INFO:ДУГААРАА СОНГОЖ БУЙ ХЭСЭГ
2020-05-02 17:15:24,989:INFO:7
2020-05-02 17:15:29,021:INFO:ДУГААРАА СОНГОЖ БУЙ ХЭСЭГ
2020-05-02 17:15:29,022:INFO:7
2020-05-02 17:21:15,693:INFO:------------------------------------------------------------------------------------------------
2020-05-02 17:23:50,085:INFO:------------------------------------------------------------------------------------------------
2020-05-02 17:30:03,427:INFO:ДУГААРАА СОНГОЖ БУЙ ХЭСЭГ
2020-05-02 17:30:03,428:INFO:7
2020-05-02 17:33:43,846:INFO:------------------------------------------------------------------------------------------------
2020-05-02 17:43:53,932:INFO:------------------------------------------------------------------------------------------------
2020-05-02 17:43:54,426:INFO:------------------------------------------------------------------------------------------------
2020-05-02 17:53:48,715:INFO:------------------------------------------------------------------------------------------------
2020-05-02 17:53:49,553:INFO:ДУГААРАА СОНГОЖ БУЙ ХЭСЭГ
2020-05-02 17:53:49,554:INFO:2
2020-05-02 17:57:24,621:INFO:ДУГААРАА СОНГОЖ БУЙ ХЭСЭГ
2020-05-02 17:57:24,621:INFO:2
2020-05-02 17:58:34,583:INFO:ДУГААРАА СОНГОЖ БУЙ ХЭСЭГ
2020-05-02 17:58:34,583:INFO:2
2020-05-02 17:58:49,597:INFO:ДУГААРАА СОНГОЖ БУЙ ХЭСЭГ
2020-05-02 17:58:49,597:INFO:2
2020-05-02 17:58:51,004:INFO:ДУГААРАА СОНГОЖ БУЙ ХЭСЭГ
2020-05-02 17:58:51,004:INFO:2
2020-05-02 17:59:08,207:INFO:ДУГААРАА СОНГОЖ БУЙ ХЭСЭГ
2020-05-02 17:59:08,207:INFO:2
2020-05-02 17:59:23,434:INFO:ДУГААРАА СОНГОЖ БУЙ ХЭСЭГ
2020-05-02 17:59:23,434:INFO:2
2020-05-02 17:59:44,583:INFO:ДУГААРАА СОНГОЖ БУЙ ХЭСЭГ
2020-05-02 17:59:44,584:INFO:2
2020-05-02 18:20:51,591:INFO:------------------------------------------------------------------------------------------------
2020-05-02 18:20:53,351:INFO:ДУГААРАА СОНГОЖ БУЙ ХЭСЭГ
2020-05-02 18:20:53,351:INFO:2
2020-05-02 18:21:20,489:INFO:------------------------------------------------------------------------------------------------
2020-05-02 18:28:07,084:INFO:ДУГААРЫН ҮНЭ
2020-05-02 18:28:07,086:INFO:5000
2020-05-02 18:28:24,010:INFO:ДУГААРЫН ҮНЭ
2020-05-02 18:28:24,013:INFO:5000
2020-05-02 18:28:48,693:INFO:ДУГААРАА СОНГОЖ БУЙ ХЭСЭГ
2020-05-02 18:28:48,694:INFO:2
2020-05-02 18:32:49,385:INFO:ДУГААРАА СОНГОЖ БУЙ ХЭСЭГ
2020-05-02 18:32:49,386:INFO:2
2020-05-02 18:33:48,513:INFO:------------------------------------------------------------------------------------------------
2020-05-02 18:42:01,902:INFO:ДУГААРАА СОНГОЖ БУЙ ХЭСЭГ
2020-05-02 18:42:01,903:INFO:7
2020-05-02 18:43:01,312:INFO:------------------------------------------------------------------------------------------------
2020-05-02 18:43:02,460:INFO:ДУГААРАА СОНГОЖ БУЙ ХЭСЭГ
2020-05-02 18:43:02,460:INFO:7
2020-05-02 18:43:03,075:INFO:ДУГААРАА СОНГОЖ БУЙ ХЭСЭГ
2020-05-02 18:43:03,076:INFO:7
2020-05-02 18:43:05,731:INFO:ДУГААРАА СОНГОЖ БУЙ ХЭСЭГ
2020-05-02 18:43:05,732:INFO:7
2020-05-02 18:43:54,014:INFO:------------------------------------------------------------------------------------------------
2020-05-02 18:43:54,502:INFO:------------------------------------------------------------------------------------------------
2020-05-02 18:43:56,792:INFO:------------------------------------------------------------------------------------------------
2020-05-02 18:43:58,724:INFO:ДУГААРАА СОНГОЖ БУЙ ХЭСЭГ
2020-05-02 18:43:58,724:INFO:7
2020-05-02 18:44:02,379:INFO:ДУГААРАА СОНГОЖ БУЙ ХЭСЭГ
2020-05-02 18:44:02,380:INFO:7
2020-05-02 18:44:04,324:INFO:ДУГААРАА СОНГОЖ БУЙ ХЭСЭГ
2020-05-02 18:44:04,324:INFO:7
2020-05-02 18:46:09,437:INFO:------------------------------------------------------------------------------------------------
2020-05-02 18:46:10,443:INFO:ДУГААРАА СОНГОЖ БУЙ ХЭСЭГ
2020-05-02 18:46:10,443:INFO:7
2020-05-02 18:46:11,828:INFO:ДУГААРАА СОНГОЖ БУЙ ХЭСЭГ
2020-05-02 18:46:11,828:INFO:7
2020-05-02 19:01:01,100:INFO:ДУГААРАА СОНГОЖ БУЙ ХЭСЭГ
2020-05-02 19:01:01,100:INFO:7
2020-05-02 19:07:39,718:INFO:------------------------------------------------------------------------------------------------
2020-05-02 19:07:40,767:INFO:ДУГААРАА СОНГОЖ БУЙ ХЭСЭГ
2020-05-02 19:07:40,767:INFO:7
2020-05-02 19:21:25,625:INFO:------------------------------------------------------------------------------------------------
2020-05-02 19:33:53,180:INFO:------------------------------------------------------------------------------------------------
2020-05-02 19:43:54,102:INFO:------------------------------------------------------------------------------------------------
2020-05-02 19:43:54,617:INFO:------------------------------------------------------------------------------------------------
2020-05-02 20:21:30,244:INFO:------------------------------------------------------------------------------------------------
2020-05-02 20:33:57,836:INFO:------------------------------------------------------------------------------------------------
2020-05-02 21:34:02,577:INFO:------------------------------------------------------------------------------------------------
2020-05-02 22:34:07,392:INFO:------------------------------------------------------------------------------------------------
2020-05-02 23:34:12,025:INFO:------------------------------------------------------------------------------------------------
2020-05-03 00:34:16,970:INFO:------------------------------------------------------------------------------------------------
2020-05-03 01:30:51,633:WARNING:Not Found: /
2020-05-03 01:34:21,636:INFO:------------------------------------------------------------------------------------------------
2020-05-03 02:34:26,386:INFO:------------------------------------------------------------------------------------------------
2020-05-03 02:48:11,497:WARNING:Not Found: /
2020-05-03 03:34:31,133:INFO:------------------------------------------------------------------------------------------------
2020-05-03 04:34:36,085:INFO:------------------------------------------------------------------------------------------------
2020-05-03 05:34:40,746:INFO:------------------------------------------------------------------------------------------------
