2019-06-04 16:08:04,996:INFO:----------------------------------------------------------------------------------------------------
2019-06-04 16:08:05,970:INFO:ДУГААРАА СОНГОЖ БУЙ ХЭСЭГ
2019-06-04 16:08:09,641:INFO:**1*****
2019-06-04 16:11:31,765:INFO:8*******
2019-06-04 16:12:20,767:INFO:9*******
2019-06-04 16:14:21,336:INFO:----------------------------------------------------------------------------------------------------
2019-06-04 16:14:24,408:INFO:ДУГААРАА СОНГОЖ БУЙ ХЭСЭГ
2019-06-04 16:14:28,509:INFO:8*******
2019-06-04 16:24:24,655:INFO:----------------------------------------------------------------------------------------------------
2019-06-04 16:47:40,293:INFO:ДУГААРАА СОНГОЖ БУЙ ХЭСЭГ
2019-06-04 16:47:40,493:WARNING:Not Found: /favicon.ico
2019-06-04 16:47:51,513:INFO:*****0**
2019-06-04 16:48:52,430:INFO:----------------------------------------------------------------------------------------------------
2019-06-04 16:48:53,282:INFO:ДУГААРАА СОНГОЖ БУЙ ХЭСЭГ
2019-06-04 16:48:56,430:INFO:*****0**
2019-06-04 16:53:04,772:INFO:----------------------------------------------------------------------------------------------------
2019-06-04 16:53:05,915:INFO:ДУГААРАА СОНГОЖ БУЙ ХЭСЭГ
2019-06-04 16:53:09,247:INFO:*****0**
2019-06-04 16:54:17,571:INFO:----------------------------------------------------------------------------------------------------
2019-06-04 16:54:18,437:INFO:ДУГААРАА СОНГОЖ БУЙ ХЭСЭГ
2019-06-04 16:54:21,756:INFO:*****0**
2019-06-04 16:58:24,789:INFO:----------------------------------------------------------------------------------------------------
2019-06-04 16:58:25,795:INFO:ДУГААРАА СОНГОЖ БУЙ ХЭСЭГ
2019-06-04 16:58:25,970:WARNING:Not Found: /favicon.ico
2019-06-04 16:58:28,267:INFO:*****0**
2019-06-04 17:08:26,000:INFO:----------------------------------------------------------------------------------------------------
2019-06-04 18:08:26,645:INFO:----------------------------------------------------------------------------------------------------
2019-06-04 19:08:27,322:INFO:----------------------------------------------------------------------------------------------------
2019-06-04 20:08:27,984:INFO:----------------------------------------------------------------------------------------------------
2019-06-04 21:08:28,905:INFO:----------------------------------------------------------------------------------------------------
2019-06-04 22:08:29,473:INFO:----------------------------------------------------------------------------------------------------
2019-06-04 23:08:30,078:INFO:----------------------------------------------------------------------------------------------------
2019-06-05 00:08:30,624:INFO:----------------------------------------------------------------------------------------------------
2019-06-05 01:08:31,538:INFO:----------------------------------------------------------------------------------------------------
2019-06-05 02:08:32,177:INFO:----------------------------------------------------------------------------------------------------
2019-06-05 03:08:32,752:INFO:----------------------------------------------------------------------------------------------------
2019-06-05 04:08:33,459:INFO:----------------------------------------------------------------------------------------------------
2019-06-05 05:08:33,940:INFO:----------------------------------------------------------------------------------------------------
2019-06-05 06:08:34,582:INFO:----------------------------------------------------------------------------------------------------
2019-06-05 07:08:35,273:INFO:----------------------------------------------------------------------------------------------------
2019-06-05 08:08:36,252:INFO:----------------------------------------------------------------------------------------------------
2019-06-05 09:08:36,780:INFO:----------------------------------------------------------------------------------------------------
2019-06-05 09:26:46,980:INFO:ДУГААРАА СОНГОЖ БУЙ ХЭСЭГ
2019-06-05 09:26:47,424:WARNING:Not Found: /favicon.ico
2019-06-05 09:31:20,996:INFO:----------------------------------------------------------------------------------------------------
2019-06-05 09:31:21,911:INFO:ДУГААРАА СОНГОЖ БУЙ ХЭСЭГ
2019-06-05 09:31:25,459:INFO:*****0**
2019-06-05 09:31:54,036:INFO:----------------------------------------------------------------------------------------------------
2019-06-05 09:31:55,055:INFO:ДУГААРАА СОНГОЖ БУЙ ХЭСЭГ
2019-06-05 09:31:58,032:INFO:*****0**
2019-06-05 09:41:55,355:INFO:----------------------------------------------------------------------------------------------------
2019-06-05 10:16:41,236:INFO:ДУГААРАА СОНГОЖ БУЙ ХЭСЭГ
2019-06-05 10:16:41,444:WARNING:Not Found: /favicon.ico
2019-06-05 10:16:44,022:INFO:*****8**
2019-06-05 10:17:24,888:INFO:----------------------------------------------------------------------------------------------------
2019-06-05 10:17:25,832:INFO:ДУГААРАА СОНГОЖ БУЙ ХЭСЭГ
2019-06-05 10:17:30,713:INFO:*****0**
2019-06-05 10:17:49,188:INFO:----------------------------------------------------------------------------------------------------
2019-06-05 10:17:49,957:INFO:ДУГААРАА СОНГОЖ БУЙ ХЭСЭГ
2019-06-05 10:17:52,701:INFO:*****0**
2019-06-05 10:18:04,252:INFO:----------------------------------------------------------------------------------------------------
2019-06-05 10:18:05,256:INFO:ДУГААРАА СОНГОЖ БУЙ ХЭСЭГ
2019-06-05 10:18:08,203:INFO:*****1**
2019-06-05 10:18:15,345:INFO:*****8**
2019-06-05 10:18:46,298:INFO:*****1**
2019-06-05 10:21:19,637:INFO:8****1**
2019-06-05 10:21:38,543:INFO:----------------------------------------------------------------------------------------------------
2019-06-05 10:21:39,437:INFO:ДУГААРАА СОНГОЖ БУЙ ХЭСЭГ
2019-06-05 10:21:43,115:INFO:8*******
2019-06-05 10:22:26,801:INFO:----------------------------------------------------------------------------------------------------
2019-06-05 10:22:27,680:INFO:ДУГААРАА СОНГОЖ БУЙ ХЭСЭГ
2019-06-05 10:22:30,436:INFO:8*******
2019-06-05 10:32:27,914:INFO:----------------------------------------------------------------------------------------------------
2019-06-05 10:43:26,796:INFO:ДУГААРАА СОНГОЖ БУЙ ХЭСЭГ
2019-06-05 10:43:30,737:INFO:****1***
2019-06-05 10:53:27,099:INFO:----------------------------------------------------------------------------------------------------
2019-06-05 11:53:27,723:INFO:----------------------------------------------------------------------------------------------------
2019-06-05 12:53:28,331:INFO:----------------------------------------------------------------------------------------------------
2019-06-05 13:53:28,825:INFO:----------------------------------------------------------------------------------------------------
2019-06-05 14:53:29,663:INFO:----------------------------------------------------------------------------------------------------
2019-06-05 15:53:30,470:INFO:----------------------------------------------------------------------------------------------------
2019-06-05 16:07:08,927:INFO:ДУГААРАА СОНГОЖ БУЙ ХЭСЭГ
2019-06-05 16:07:14,885:INFO:****1***
2019-06-05 16:08:00,684:INFO:8***1***
2019-06-05 16:08:05,676:INFO:83**1***
2019-06-05 16:08:11,836:INFO:831*1***
2019-06-05 16:08:16,641:INFO:83121***
