2020-01-15 08:54:05,010:INFO:----------------------------------------------------------------------------------------------------
2020-01-15 08:54:08,270:INFO:ДУГААРАА СОНГОЖ БУЙ ХЭСЭГ
2020-01-15 08:54:08,270:INFO:2
2020-01-15 08:54:08,277:INFO:102
2020-01-15 08:54:08,277:INFO:['9812', '9813', '9814', '9815', '9816', '9817', '9818', '9819', '9820', '9821', '9822', '9823', '9824', '9825', '9826', '9827', '9828', '9829', '9830', '9831', '9832', '9833', '9838', '9842', '9843', '9848', '9851', '9856', '9859', '9860', '9861', '9862', '9863', '9864', '9865', '9866', '9870', '9880', '9881', '9882', '9883', '9884', '9885', '9886', '9887', '9888', '9889', '9890', '9891', '9892', '9893', '9894', '9895', '9896', '9897', '9899', '9312', '9313', '9314', '9315', '9316', '9317', '9318', '9319', '9320', '9321', '9322', '9323', '9324', '9325', '9326', '9327', '9328', '9329', '9330', '9331', '9337', '9338', '9339', '9340', '9341', '9342', '9343', '9344', '9712', '9713', '9714', '9715', '9716', '9717', '9718', '9719', '9845', '9846', '8312', '8313', '8314', '8315', '8316', '8317', '8318', '8319']
2020-01-15 08:54:12,122:INFO:98160021:6|98160030:6|98160041:6|98160051:6|98160079:6|98160127:6|98160135:6|98160137:6|98160141:6|98160147:6|98160150:6|98160151:6|98160152:6|98160153:6|98160162:6|98160163:6|98160165:6|98160167:6|98160172:6|98160175:6|98160178:6|98160179:6|98160185:6|98160189:6|98160194:6|98160196:6|98160227:6|98160231:6|98160236:6|98160237:6|98160238:6|98160240:6|98160241:6|98160243:6|98160244:6|98160245:6|98160246:6|98160248:6|98160250:6|98160253:6|98160254:6|98160264:6|98160268:6|98160273:6|98160275:6|98160278:6|98160279:6|98160281:6|98160283:6|98160284:6|98160285:6|98160290:6|98160293:6|98160297:6|98160300:6|98160332:6|98160337:6|98160340:6|98160341:6|98160345:6|98160346:6|98160347:6|98160348:6|98160352:6|98160359:6|98160362:6|98160363:6|98160364:6|98160370:6|98160372:6|98160375:6|98160378:6|98160379:6|98160381:6|98160384:6|98160386:6|98160387:6|98160394:6|98160399:6|98160420:6|98160421:6|98160424:6|98160427:6|98160431:6|98160432:6|98160435:6|98160439:6|98160443:6|98160447:6|98160450:6|98160451:6|98160452:6|98160453:6|98160457:6|98160458:6|98160459:6|98160465:6|98160467:6|98160470:6|98160472:6|98160474:6|98160475:6|98160477:6|98160478:6|98160480:6|98160481:6|98160483:6|98160484:6|98160485:6|98160486:6|98160487:6|98160493:6|98160494:6|98160495:6|98160496:6|98160497:6|98160500:6|98160516:6|98160532:6|98160533:6|98160539:6|98160542:6|98160543:6|98160544:6|98160546:6|98160547:6|98160548:6|98160549:6|98160557:6|98160561:6|98160563:6|98160564:6
2020-01-15 09:08:03,908:ERROR:Invalid HTTP_HOST header: u'DugaarShuult:8000'. You may need to add u'dugaarshuult' to ALLOWED_HOSTS.
2020-01-15 09:08:27,587:ERROR:Invalid HTTP_HOST header: u'DugaarShuult:8000'. You may need to add u'dugaarshuult' to ALLOWED_HOSTS.
2020-01-15 09:10:19,510:ERROR:Invalid HTTP_HOST header: u'DugaarShuult:8000'. You may need to add u'dugaarshuult' to ALLOWED_HOSTS.
2020-01-15 09:58:41,653:ERROR:Invalid HTTP_HOST header: u'DugaarShuult:8000'. You may need to add u'dugaarshuult' to ALLOWED_HOSTS.
2020-01-15 10:11:23,263:INFO:----------------------------------------------------------------------------------------------------
2020-01-15 10:11:46,803:INFO:ДУГААРАА СОНГОЖ БУЙ ХЭСЭГ
2020-01-15 10:11:46,803:INFO:2
2020-01-15 10:11:46,815:INFO:102
2020-01-15 10:11:46,815:INFO:['9812', '9813', '9814', '9815', '9816', '9817', '9818', '9819', '9820', '9821', '9822', '9823', '9824', '9825', '9826', '9827', '9828', '9829', '9830', '9831', '9832', '9833', '9838', '9842', '9843', '9848', '9851', '9856', '9859', '9860', '9861', '9862', '9863', '9864', '9865', '9866', '9870', '9880', '9881', '9882', '9883', '9884', '9885', '9886', '9887', '9888', '9889', '9890', '9891', '9892', '9893', '9894', '9895', '9896', '9897', '9899', '9312', '9313', '9314', '9315', '9316', '9317', '9318', '9319', '9320', '9321', '9322', '9323', '9324', '9325', '9326', '9327', '9328', '9329', '9330', '9331', '9337', '9338', '9339', '9340', '9341', '9342', '9343', '9344', '9712', '9713', '9714', '9715', '9716', '9717', '9718', '9719', '9845', '9846', '8312', '8313', '8314', '8315', '8316', '8317', '8318', '8319']
2020-01-15 10:11:47,066:WARNING:Not Found: /favicon.ico
2020-01-15 10:12:07,128:INFO:-1
2020-01-15 10:12:17,257:INFO:-1
2020-01-15 10:12:21,731:INFO:-1
2020-01-15 10:12:23,655:INFO:-1
2020-01-15 10:12:32,025:INFO:98850091:6|98850153:6|98850154:6|98850167:6|98850170:6|98850171:6|98850172:6|98850173:6|98850174:6|98850176:6|98850177:6|98850183:6|98850187:6|98850194:6|98850197:6|98850231:6|98850234:6|98850235:6|98850237:6|98850241:6|98850245:6|98850246:6|98850249:6|98850253:6|98850254:6|98850261:6|98850263:6|98850264:6|98850266:6|98850267:6|98850271:6|98850272:6|98850273:6|98850274:6|98850275:6|98850276:6|98850282:6|98850283:6|98850284:6|98850291:6|98850296:6|98850297:6|98850315:6|98850317:6|98850329:6|98850334:6|98850337:6|98850340:6|98850342:6|98850344:6|98850345:6|98850346:6|98850347:6|98850350:6|98850351:6|98850352:6|98850354:6|98850355:6|98850356:6|98850357:6|98850361:6|98850362:6|98850364:6|98850367:6|98850369:6|98850370:6|98850371:6|98850372:6|98850373:6|98850374:6|98850375:6|98850377:6|98850378:6|98850379:6|98850381:6|98850382:6|98850384:6|98850386:6|98850387:6|98850391:6|98850392:6|98850393:6|98850394:6|98850396:6|98850397:6|98850422:6|98850431:6|98850432:6|98850435:6|98850436:6|98850437:6|98850439:6|98850451:6|98850452:6|98850453:6|98850459:6|98850461:6|98850462:6|98850463:6|98850465:6|98850467:6|98850469:6|98850472:6|98850473:6|98850474:6|98850475:6|98850476:6|98850482:6|98850484:6|98850490:6|98850492:6|98850493:6|98850498:6|98850529:6|98850532:6|98850534:6|98850536:6|98850537:6|98850539:6|98850541:6|98850543:6|98850546:6|98850547:6|98850548:6|98850549:6|98850561:6|98850562:6|98850564:6|98850567:6|98850571:6|98850572:6|98850574:6
2020-01-15 10:22:10,999:INFO:----------------------------------------------------------------------------------------------------
2020-01-15 10:22:58,951:INFO:ДУГААРАА СОНГОЖ БУЙ ХЭСЭГ
2020-01-15 10:22:58,951:INFO:2
2020-01-15 10:22:58,958:INFO:102
2020-01-15 10:22:58,958:INFO:['9812', '9813', '9814', '9815', '9816', '9817', '9818', '9819', '9820', '9821', '9822', '9823', '9824', '9825', '9826', '9827', '9828', '9829', '9830', '9831', '9832', '9833', '9838', '9842', '9843', '9848', '9851', '9856', '9859', '9860', '9861', '9862', '9863', '9864', '9865', '9866', '9870', '9880', '9881', '9882', '9883', '9884', '9885', '9886', '9887', '9888', '9889', '9890', '9891', '9892', '9893', '9894', '9895', '9896', '9897', '9899', '9312', '9313', '9314', '9315', '9316', '9317', '9318', '9319', '9320', '9321', '9322', '9323', '9324', '9325', '9326', '9327', '9328', '9329', '9330', '9331', '9337', '9338', '9339', '9340', '9341', '9342', '9343', '9344', '9712', '9713', '9714', '9715', '9716', '9717', '9718', '9719', '9845', '9846', '8312', '8313', '8314', '8315', '8316', '8317', '8318', '8319']
2020-01-15 10:23:09,105:INFO:98140026:6|98140027:6|98140053:6|98140056:6|98140059:6|98140060:6|98140073:6|98140075:6|98140092:6|98140095:6|98140108:6|98140136:6|98140143:6|98140145:6|98140153:6|98140154:6|98140155:6|98140157:6|98140165:6|98140172:6|98140176:6|98140177:6|98140179:6|98140180:6|98140183:6|98140185:6|98140186:6|98140193:6|98140196:6|98140197:6|98140210:6|98140228:6|98140230:6|98140231:6|98140235:6|98140237:6|98140239:6|98140244:6|98140249:6|98140250:6|98140253:6|98140258:6|98140259:6|98140265:6|98140266:6|98140267:6|98140270:6|98140277:6|98140279:6|98140282:6|98140283:6|98140284:6|98140290:6|98140299:6|98140315:6|98140320:6|98140328:6|98140332:6|98140337:6|98140340:6|98140342:6|98140347:6|98140348:6|98140357:6|98140362:6|98140366:6|98140367:6|98140368:6|98140370:6|98140372:6|98140374:6|98140375:6|98140376:6|98140379:6|98140386:6|98140390:6|98140391:6|98140392:6|98140394:6|98140403:6|98140407:6|98140433:6|98140452:6|98140456:6|98140457:6|98140458:6|98140461:6|98140469:6|98140470:6|98140472:6|98140486:6|98140491:6|98140498:6|98140526:6|98140532:6|98140533:6|98140535:6|98140536:6|98140537:6|98140538:6|98140539:6|98140540:6|98140541:6|98140542:6|98140544:6|98140546:6|98140547:6|98140548:6|98140549:6|98140557:6|98140558:6|98140561:6|98140571:6|98140579:6|98140580:6|98140581:6|98140582:6|98140583:6|98140584:6|98140585:6|98140586:6|98140587:6|98140590:6|98140591:6|98140593:6|98140594:6|98140597:6|98140600:6|98140628:6|98140630:6|98140632:6|98140634:6
2020-01-15 10:23:23,926:INFO:РЕГИСТЕРИЙН ДУГААР
2020-01-15 10:23:29,890:INFO:----------------------------------------------------------------------------------------------------
2020-01-15 10:23:30,973:INFO:ДУГААРАА СОНГОЖ БУЙ ХЭСЭГ
2020-01-15 10:23:30,973:INFO:2
2020-01-15 10:23:30,978:INFO:102
2020-01-15 10:23:30,978:INFO:['9812', '9813', '9814', '9815', '9816', '9817', '9818', '9819', '9820', '9821', '9822', '9823', '9824', '9825', '9826', '9827', '9828', '9829', '9830', '9831', '9832', '9833', '9838', '9842', '9843', '9848', '9851', '9856', '9859', '9860', '9861', '9862', '9863', '9864', '9865', '9866', '9870', '9880', '9881', '9882', '9883', '9884', '9885', '9886', '9887', '9888', '9889', '9890', '9891', '9892', '9893', '9894', '9895', '9896', '9897', '9899', '9312', '9313', '9314', '9315', '9316', '9317', '9318', '9319', '9320', '9321', '9322', '9323', '9324', '9325', '9326', '9327', '9328', '9329', '9330', '9331', '9337', '9338', '9339', '9340', '9341', '9342', '9343', '9344', '9712', '9713', '9714', '9715', '9716', '9717', '9718', '9719', '9845', '9846', '8312', '8313', '8314', '8315', '8316', '8317', '8318', '8319']
2020-01-15 10:23:33,869:INFO:98180061:6|98180217:6|98180231:6|98180237:6|98180241:6|98180264:6|98180271:6|98180283:6|98180284:6|98180287:6|98180326:6|98180352:6|98180354:6|98180376:6|98180378:6|98180381:6|98180383:6|98180395:6|98180420:6|98180421:6|98180429:6|98180434:6|98180437:6|98180451:6|98180453:6|98180461:6|98180465:6|98180467:6|98180469:6|98180473:6|98180481:6|98180485:6|98180486:6|98180497:6|98180522:6|98180542:6|98180543:6|98180546:6|98180553:6|98180562:6|98180564:6|98180567:6|98180574:6|98180576:6|98180587:6|98180593:6|98180627:6|98180635:6|98180637:6|98180643:6|98180647:6|98180651:6|98180658:6|98180671:6|98180674:6|98180684:6|98180685:6|98180692:6|98180693:6|98180694:6|98180731:6|98180732:6|98180749:6|98180753:6|98180763:6|98180766:6|98180783:6|98180786:6|98180792:6|98180796:6|98180897:6|98180934:6|98180942:6|98180944:6|98180945:6|98180946:6|98180947:6|98180950:6|98180952:6|98180964:6|98180967:6|98180970:6|98180985:6|98180987:6|98180997:6|98181047:6|98181049:6|98181052:6|98181054:6|98181055:6|98181064:6|98181069:6|98181073:6|98181075:6|98181081:6|98181085:6|98181086:6|98181096:6|98181097:6|98181134:6|98181135:6|98181154:6|98181163:6|98181241:6|98181258:6|98181276:6|98181283:6|98181285:6|98181290:6|98181304:6|98181305:6|98181320:6|98181324:6|98181325:6|98181342:6|98181346:6|98181347:6|98181359:6|98181376:6|98181379:6|98181384:6|98181390:6|98181426:6|98181430:6|98181438:6|98181447:6|98181450:6|98181451:6|98181458:6|98181473:6|98181481:6|98181485:6
2020-01-15 10:23:36,402:INFO:РЕГИСТЕРИЙН ДУГААР
2020-01-15 10:23:57,270:INFO:ДУГААРЫН ZAHIALGA
2020-01-15 10:23:57,279:INFO:Success
2020-01-15 10:23:58,798:INFO:ДУГААРЫН ZAHIALGA
2020-01-15 10:23:58,807:INFO:Success
2020-01-15 10:24:11,071:INFO:----------------------------------------------------------------------------------------------------
2020-01-15 10:24:17,050:INFO:----------------------------------------------------------------------------------------------------
2020-01-15 10:24:19,413:INFO:ДУГААРАА СОНГОЖ БУЙ ХЭСЭГ
2020-01-15 10:24:19,413:INFO:2
2020-01-15 10:24:19,419:INFO:102
2020-01-15 10:24:19,419:INFO:['9812', '9813', '9814', '9815', '9816', '9817', '9818', '9819', '9820', '9821', '9822', '9823', '9824', '9825', '9826', '9827', '9828', '9829', '9830', '9831', '9832', '9833', '9838', '9842', '9843', '9848', '9851', '9856', '9859', '9860', '9861', '9862', '9863', '9864', '9865', '9866', '9870', '9880', '9881', '9882', '9883', '9884', '9885', '9886', '9887', '9888', '9889', '9890', '9891', '9892', '9893', '9894', '9895', '9896', '9897', '9899', '9312', '9313', '9314', '9315', '9316', '9317', '9318', '9319', '9320', '9321', '9322', '9323', '9324', '9325', '9326', '9327', '9328', '9329', '9330', '9331', '9337', '9338', '9339', '9340', '9341', '9342', '9343', '9344', '9712', '9713', '9714', '9715', '9716', '9717', '9718', '9719', '9845', '9846', '8312', '8313', '8314', '8315', '8316', '8317', '8318', '8319']
2020-01-15 10:24:31,719:INFO:98200173:6|98200183:6|98200238:6|98200341:6|98200358:6|98200407:6|98200411:6|98200415:6|98200437:6|98200438:6|98200441:6|98200447:6|98200461:6|98200465:6|98200474:6|98200476:6|98200483:6|98200486:6|98200493:6|98200495:6|98200539:6|98200541:6|98200542:6|98200548:6|98200549:6|98200561:6|98200562:6|98200567:6|98200568:6|98200569:6|98200573:6|98200575:6|98200576:6|98200580:6|98200587:6|98200588:6|98200590:6|98200597:6|98200619:6|98200624:6|98200627:6|98200634:6|98200636:6|98200637:6|98200643:6|98200648:6|98200651:6|98200654:6|98200657:6|98200658:6|98200662:6|98200671:6|98200675:6|98200678:6|98200683:6|98200684:6|98200685:6|98200687:6|98200692:6|98200693:6|98200694:6|98200714:6|98200732:6|98200733:6|98200734:6|98200738:6|98200739:6|98200741:6|98200743:6|98200746:6|98200747:6|98200749:6|98200753:6|98200754:6|98200756:6|98200761:6|98200762:6|98200763:6|98200764:6|98200765:6|98200766:6|98200769:6|98200785:6|98200786:6|98200794:6|98200795:6|98200796:6|98200814:6|98200832:6|98200834:6|98200837:6|98200845:6|98200847:6|98200851:6|98200852:6|98200856:6|98200859:6|98200864:6|98200875:6|98200885:6|98200889:6|98200893:6|98200914:6|98200937:6|98200938:6|98200942:6|98200943:6|98200948:6|98200952:6|98200954:6|98200957:6|98200974:6|98200981:6|98200983:6|98200984:6|98201034:6|98201062:6|98201064:6|98201065:6|98201069:6|98201073:6|98201085:6|98201094:6|98201096:6|98201097:6|98201136:6|98201137:6|98201146:6|98201148:6|98201149:6|98201150:6|98201152:6
2020-01-15 10:24:52,416:INFO:98180061:6|98180217:6|98180231:6|98180241:6|98180264:6|98180271:6|98180283:6|98180284:6|98180287:6|98180326:6|98180352:6|98180354:6|98180376:6|98180378:6|98180381:6|98180383:6|98180395:6|98180420:6|98180421:6|98180429:6|98180434:6|98180437:6|98180451:6|98180453:6|98180461:6|98180465:6|98180467:6|98180469:6|98180473:6|98180481:6|98180485:6|98180486:6|98180497:6|98180522:6|98180542:6|98180543:6|98180546:6|98180553:6|98180562:6|98180564:6|98180567:6|98180574:6|98180576:6|98180587:6|98180593:6|98180627:6|98180635:6|98180637:6|98180643:6|98180647:6|98180651:6|98180658:6|98180671:6|98180674:6|98180684:6|98180685:6|98180692:6|98180693:6|98180694:6|98180731:6|98180732:6|98180749:6|98180753:6|98180763:6|98180766:6|98180783:6|98180786:6|98180792:6|98180796:6|98180897:6|98180934:6|98180942:6|98180944:6|98180945:6|98180946:6|98180947:6|98180950:6|98180952:6|98180964:6|98180967:6|98180970:6|98180985:6|98180987:6|98180997:6|98181047:6|98181049:6|98181052:6|98181054:6|98181055:6|98181064:6|98181069:6|98181073:6|98181075:6|98181081:6|98181085:6|98181086:6|98181096:6|98181097:6|98181134:6|98181135:6|98181154:6|98181163:6|98181241:6|98181258:6|98181276:6|98181283:6|98181285:6|98181290:6|98181304:6|98181305:6|98181320:6|98181324:6|98181325:6|98181342:6|98181346:6|98181347:6|98181359:6|98181376:6|98181379:6|98181384:6|98181390:6|98181426:6|98181430:6|98181438:6|98181447:6|98181450:6|98181451:6|98181458:6|98181473:6|98181481:6|98181485:6|98181505:6
2020-01-15 10:38:00,055:INFO:ДУГААРАА СОНГОЖ БУЙ ХЭСЭГ
2020-01-15 10:38:00,055:INFO:2
2020-01-15 10:38:00,062:INFO:102
2020-01-15 10:38:00,062:INFO:['9812', '9813', '9814', '9815', '9816', '9817', '9818', '9819', '9820', '9821', '9822', '9823', '9824', '9825', '9826', '9827', '9828', '9829', '9830', '9831', '9832', '9833', '9838', '9842', '9843', '9848', '9851', '9856', '9859', '9860', '9861', '9862', '9863', '9864', '9865', '9866', '9870', '9880', '9881', '9882', '9883', '9884', '9885', '9886', '9887', '9888', '9889', '9890', '9891', '9892', '9893', '9894', '9895', '9896', '9897', '9899', '9312', '9313', '9314', '9315', '9316', '9317', '9318', '9319', '9320', '9321', '9322', '9323', '9324', '9325', '9326', '9327', '9328', '9329', '9330', '9331', '9337', '9338', '9339', '9340', '9341', '9342', '9343', '9344', '9712', '9713', '9714', '9715', '9716', '9717', '9718', '9719', '9845', '9846', '8312', '8313', '8314', '8315', '8316', '8317', '8318', '8319']
2020-01-15 13:06:44,289:WARNING:Not Found: /
2020-01-15 13:31:23,360:ERROR:Invalid HTTP_HOST header: u'DugaarShuult:8000'. You may need to add u'dugaarshuult' to ALLOWED_HOSTS.
2020-01-15 15:08:40,183:INFO:----------------------------------------------------------------------------------------------------
2020-01-15 15:08:49,806:INFO:ДУГААРАА СОНГОЖ БУЙ ХЭСЭГ
2020-01-15 15:08:49,806:INFO:2
2020-01-15 15:08:49,814:INFO:102
2020-01-15 15:08:49,814:INFO:['9812', '9813', '9814', '9815', '9816', '9817', '9818', '9819', '9820', '9821', '9822', '9823', '9824', '9825', '9826', '9827', '9828', '9829', '9830', '9831', '9832', '9833', '9838', '9842', '9843', '9848', '9851', '9856', '9859', '9860', '9861', '9862', '9863', '9864', '9865', '9866', '9870', '9880', '9881', '9882', '9883', '9884', '9885', '9886', '9887', '9888', '9889', '9890', '9891', '9892', '9893', '9894', '9895', '9896', '9897', '9899', '9312', '9313', '9314', '9315', '9316', '9317', '9318', '9319', '9320', '9321', '9322', '9323', '9324', '9325', '9326', '9327', '9328', '9329', '9330', '9331', '9337', '9338', '9339', '9340', '9341', '9342', '9343', '9344', '9712', '9713', '9714', '9715', '9716', '9717', '9718', '9719', '9845', '9846', '8312', '8313', '8314', '8315', '8316', '8317', '8318', '8319']
2020-01-15 15:08:50,122:WARNING:Not Found: /favicon.ico
2020-01-15 15:09:23,194:INFO:-1
2020-01-15 15:09:24,472:INFO:-1
2020-01-15 15:09:34,923:INFO:-1
2020-01-15 15:09:36,462:INFO:-1
2020-01-15 15:09:38,855:INFO:-1
2020-01-15 15:09:39,908:INFO:-1
2020-01-15 15:09:43,495:INFO:-1
2020-01-15 15:09:44,660:INFO:-1
2020-01-15 15:10:02,268:INFO:-1
2020-01-15 15:10:03,228:INFO:-1
2020-01-15 15:10:04,459:INFO:-1
2020-01-15 15:10:05,643:INFO:-1
2020-01-15 15:10:06,811:INFO:-1
2020-01-15 15:10:09,280:INFO:-1
2020-01-15 15:10:14,588:INFO:-1
2020-01-15 15:10:15,779:INFO:-1
2020-01-15 15:10:16,818:INFO:-1
2020-01-15 15:10:25,645:INFO:-1
2020-01-15 15:10:27,234:INFO:-1
2020-01-15 15:10:37,270:INFO:-1
2020-01-15 15:10:41,638:INFO:-1
2020-01-15 15:10:45,386:INFO:-1
2020-01-15 15:10:46,866:INFO:-1
2020-01-15 15:10:48,365:INFO:-1
2020-01-15 15:10:49,783:INFO:-1
2020-01-15 15:10:51,173:INFO:-1
2020-01-15 15:10:54,130:INFO:93120561:6
2020-01-15 15:10:55,290:INFO:93120561:6
2020-01-15 15:10:56,498:INFO:93120561:6
2020-01-15 15:14:21,957:INFO:----------------------------------------------------------------------------------------------------
2020-01-15 15:14:25,288:INFO:ДУГААРАА СОНГОЖ БУЙ ХЭСЭГ
2020-01-15 15:14:25,288:INFO:2
2020-01-15 15:14:25,295:INFO:102
2020-01-15 15:14:25,295:INFO:['9812', '9813', '9814', '9815', '9816', '9817', '9818', '9819', '9820', '9821', '9822', '9823', '9824', '9825', '9826', '9827', '9828', '9829', '9830', '9831', '9832', '9833', '9838', '9842', '9843', '9848', '9851', '9856', '9859', '9860', '9861', '9862', '9863', '9864', '9865', '9866', '9870', '9880', '9881', '9882', '9883', '9884', '9885', '9886', '9887', '9888', '9889', '9890', '9891', '9892', '9893', '9894', '9895', '9896', '9897', '9899', '9312', '9313', '9314', '9315', '9316', '9317', '9318', '9319', '9320', '9321', '9322', '9323', '9324', '9325', '9326', '9327', '9328', '9329', '9330', '9331', '9337', '9338', '9339', '9340', '9341', '9342', '9343', '9344', '9712', '9713', '9714', '9715', '9716', '9717', '9718', '9719', '9845', '9846', '8312', '8313', '8314', '8315', '8316', '8317', '8318', '8319']
2020-01-15 15:14:51,220:INFO:98128658:6
2020-01-15 15:22:35,506:INFO:----------------------------------------------------------------------------------------------------
2020-01-15 15:22:37,866:INFO:ДУГААРАА СОНГОЖ БУЙ ХЭСЭГ
2020-01-15 15:22:37,867:INFO:2
2020-01-15 15:22:37,877:INFO:102
2020-01-15 15:22:37,878:INFO:['9812', '9813', '9814', '9815', '9816', '9817', '9818', '9819', '9820', '9821', '9822', '9823', '9824', '9825', '9826', '9827', '9828', '9829', '9830', '9831', '9832', '9833', '9838', '9842', '9843', '9848', '9851', '9856', '9859', '9860', '9861', '9862', '9863', '9864', '9865', '9866', '9870', '9880', '9881', '9882', '9883', '9884', '9885', '9886', '9887', '9888', '9889', '9890', '9891', '9892', '9893', '9894', '9895', '9896', '9897', '9899', '9312', '9313', '9314', '9315', '9316', '9317', '9318', '9319', '9320', '9321', '9322', '9323', '9324', '9325', '9326', '9327', '9328', '9329', '9330', '9331', '9337', '9338', '9339', '9340', '9341', '9342', '9343', '9344', '9712', '9713', '9714', '9715', '9716', '9717', '9718', '9719', '9845', '9846', '8312', '8313', '8314', '8315', '8316', '8317', '8318', '8319']
2020-01-15 15:23:01,706:INFO:-1
2020-01-15 15:24:05,873:INFO:97128868:6
2020-01-15 15:24:08,277:INFO:-1
2020-01-15 15:24:17,063:INFO:97128868:6
2020-01-15 15:33:23,509:INFO:----------------------------------------------------------------------------------------------------
2020-01-15 15:33:25,728:INFO:ДУГААРАА СОНГОЖ БУЙ ХЭСЭГ
2020-01-15 15:33:25,728:INFO:2
2020-01-15 15:33:25,735:INFO:102
2020-01-15 15:33:25,735:INFO:['9812', '9813', '9814', '9815', '9816', '9817', '9818', '9819', '9820', '9821', '9822', '9823', '9824', '9825', '9826', '9827', '9828', '9829', '9830', '9831', '9832', '9833', '9838', '9842', '9843', '9848', '9851', '9856', '9859', '9860', '9861', '9862', '9863', '9864', '9865', '9866', '9870', '9880', '9881', '9882', '9883', '9884', '9885', '9886', '9887', '9888', '9889', '9890', '9891', '9892', '9893', '9894', '9895', '9896', '9897', '9899', '9312', '9313', '9314', '9315', '9316', '9317', '9318', '9319', '9320', '9321', '9322', '9323', '9324', '9325', '9326', '9327', '9328', '9329', '9330', '9331', '9337', '9338', '9339', '9340', '9341', '9342', '9343', '9344', '9712', '9713', '9714', '9715', '9716', '9717', '9718', '9719', '9845', '9846', '8312', '8313', '8314', '8315', '8316', '8317', '8318', '8319']
2020-01-15 15:33:46,776:INFO:-1
2020-01-15 15:33:53,787:INFO:-1
2020-01-15 15:33:56,402:INFO:-1
2020-01-15 15:33:57,713:INFO:-1
2020-01-15 15:34:04,907:INFO:-1
2020-01-15 15:34:06,689:INFO:-1
2020-01-15 15:34:14,414:INFO:-1
2020-01-15 15:34:17,639:INFO:-1
2020-01-15 15:34:50,833:INFO:-1
2020-01-15 15:34:52,709:INFO:-1
2020-01-15 15:34:54,214:INFO:-1
2020-01-15 15:34:58,967:INFO:97124636:6
2020-01-15 16:06:22,182:INFO:----------------------------------------------------------------------------------------------------
2020-01-15 16:06:24,110:INFO:ДУГААРАА СОНГОЖ БУЙ ХЭСЭГ
2020-01-15 16:06:24,111:INFO:2
2020-01-15 16:06:24,120:INFO:102
2020-01-15 16:06:24,121:INFO:['9812', '9813', '9814', '9815', '9816', '9817', '9818', '9819', '9820', '9821', '9822', '9823', '9824', '9825', '9826', '9827', '9828', '9829', '9830', '9831', '9832', '9833', '9838', '9842', '9843', '9848', '9851', '9856', '9859', '9860', '9861', '9862', '9863', '9864', '9865', '9866', '9870', '9880', '9881', '9882', '9883', '9884', '9885', '9886', '9887', '9888', '9889', '9890', '9891', '9892', '9893', '9894', '9895', '9896', '9897', '9899', '9312', '9313', '9314', '9315', '9316', '9317', '9318', '9319', '9320', '9321', '9322', '9323', '9324', '9325', '9326', '9327', '9328', '9329', '9330', '9331', '9337', '9338', '9339', '9340', '9341', '9342', '9343', '9344', '9712', '9713', '9714', '9715', '9716', '9717', '9718', '9719', '9845', '9846', '8312', '8313', '8314', '8315', '8316', '8317', '8318', '8319']
2020-01-15 16:06:45,733:INFO:-1
2020-01-15 16:06:52,382:INFO:97122278:6
2020-01-15 16:11:18,068:INFO:----------------------------------------------------------------------------------------------------
2020-01-15 16:11:21,768:INFO:ДУГААРАА СОНГОЖ БУЙ ХЭСЭГ
2020-01-15 16:11:21,768:INFO:2
2020-01-15 16:11:21,776:INFO:102
2020-01-15 16:11:21,776:INFO:['9812', '9813', '9814', '9815', '9816', '9817', '9818', '9819', '9820', '9821', '9822', '9823', '9824', '9825', '9826', '9827', '9828', '9829', '9830', '9831', '9832', '9833', '9838', '9842', '9843', '9848', '9851', '9856', '9859', '9860', '9861', '9862', '9863', '9864', '9865', '9866', '9870', '9880', '9881', '9882', '9883', '9884', '9885', '9886', '9887', '9888', '9889', '9890', '9891', '9892', '9893', '9894', '9895', '9896', '9897', '9899', '9312', '9313', '9314', '9315', '9316', '9317', '9318', '9319', '9320', '9321', '9322', '9323', '9324', '9325', '9326', '9327', '9328', '9329', '9330', '9331', '9337', '9338', '9339', '9340', '9341', '9342', '9343', '9344', '9712', '9713', '9714', '9715', '9716', '9717', '9718', '9719', '9845', '9846', '8312', '8313', '8314', '8315', '8316', '8317', '8318', '8319']
2020-01-15 16:11:43,887:INFO:98123189:6
2020-01-15 16:33:38,464:WARNING:Not Found: /
2020-01-15 16:36:07,429:INFO:----------------------------------------------------------------------------------------------------
2020-01-15 16:36:11,969:INFO:ДУГААРАА СОНГОЖ БУЙ ХЭСЭГ
2020-01-15 16:36:11,969:INFO:2
2020-01-15 16:36:11,976:INFO:102
2020-01-15 16:36:11,976:INFO:['9812', '9813', '9814', '9815', '9816', '9817', '9818', '9819', '9820', '9821', '9822', '9823', '9824', '9825', '9826', '9827', '9828', '9829', '9830', '9831', '9832', '9833', '9838', '9842', '9843', '9848', '9851', '9856', '9859', '9860', '9861', '9862', '9863', '9864', '9865', '9866', '9870', '9880', '9881', '9882', '9883', '9884', '9885', '9886', '9887', '9888', '9889', '9890', '9891', '9892', '9893', '9894', '9895', '9896', '9897', '9899', '9312', '9313', '9314', '9315', '9316', '9317', '9318', '9319', '9320', '9321', '9322', '9323', '9324', '9325', '9326', '9327', '9328', '9329', '9330', '9331', '9337', '9338', '9339', '9340', '9341', '9342', '9343', '9344', '9712', '9713', '9714', '9715', '9716', '9717', '9718', '9719', '9845', '9846', '8312', '8313', '8314', '8315', '8316', '8317', '8318', '8319']
2020-01-15 16:36:36,751:INFO:-1
2020-01-15 16:36:43,781:INFO:-1
2020-01-15 16:36:48,706:INFO:-1
2020-01-15 16:36:50,475:INFO:-1
2020-01-15 16:36:56,251:INFO:-1
2020-01-15 16:36:58,259:INFO:-1
2020-01-15 16:37:00,816:INFO:-1
2020-01-15 16:37:07,564:INFO:83120902:6
2020-01-15 16:37:09,187:INFO:83120902:6
2020-01-15 17:32:52,983:WARNING:Not Found: /
2020-01-15 18:55:55,902:ERROR:Invalid HTTP_HOST header: u'DugaarShuult:8000'. You may need to add u'dugaarshuult' to ALLOWED_HOSTS.
2020-01-15 20:24:19,679:INFO:----------------------------------------------------------------------------------------------------
2020-01-15 22:57:43,556:ERROR:Invalid HTTP_HOST header: u'DugaarShuult:8000'. You may need to add u'dugaarshuult' to ALLOWED_HOSTS.
2020-01-15 23:02:48,951:ERROR:Invalid HTTP_HOST header: u'DugaarShuult:8000'. You may need to add u'dugaarshuult' to ALLOWED_HOSTS.
2020-01-16 01:07:44,094:WARNING:Not Found: /
