2020-07-05 06:40:27,269:WARNING:Not Found: /
2020-07-05 06:46:07,709:INFO:------------------------------------------------------------------------------------------------
2020-07-05 06:47:19,601:INFO:------------------------------------------------------------------------------------------------
2020-07-05 06:55:23,977:INFO:------------------------------------------------------------------------------------------------
2020-07-05 07:10:10,954:INFO:------------------------------------------------------------------------------------------------
2020-07-05 07:46:14,264:INFO:------------------------------------------------------------------------------------------------
2020-07-05 07:47:24,364:INFO:------------------------------------------------------------------------------------------------
2020-07-05 07:55:25,001:INFO:------------------------------------------------------------------------------------------------
2020-07-05 08:10:15,650:INFO:------------------------------------------------------------------------------------------------
2020-07-05 08:46:22,544:INFO:------------------------------------------------------------------------------------------------
2020-07-05 08:47:29,068:INFO:------------------------------------------------------------------------------------------------
2020-07-05 08:55:26,040:INFO:------------------------------------------------------------------------------------------------
2020-07-05 09:07:04,475:INFO:ДУГААРАА СОНГОЖ БУЙ ХЭСЭГ
2020-07-05 09:07:04,476:INFO:2
2020-07-05 09:07:18,644:INFO:ДУГААРАА СОНГОЖ БУЙ ХЭСЭГ
2020-07-05 09:07:18,644:INFO:7
2020-07-05 09:07:19,065:INFO:ДУГААРАА СОНГОЖ БУЙ ХЭСЭГ
2020-07-05 09:07:19,066:INFO:7
2020-07-05 09:07:25,018:INFO:ДУГААРАА СОНГОЖ БУЙ ХЭСЭГ
2020-07-05 09:07:25,018:INFO:2
2020-07-05 09:10:20,286:INFO:------------------------------------------------------------------------------------------------
2020-07-05 09:46:29,261:INFO:------------------------------------------------------------------------------------------------
2020-07-05 09:47:33,944:INFO:------------------------------------------------------------------------------------------------
2020-07-05 09:55:27,070:INFO:------------------------------------------------------------------------------------------------
2020-07-05 09:58:20,836:INFO:------------------------------------------------------------------------------------------------
2020-07-05 10:00:27,512:INFO:------------------------------------------------------------------------------------------------
2020-07-05 10:07:29,973:INFO:ДУГААРАА СОНГОЖ БУЙ ХЭСЭГ
2020-07-05 10:07:29,973:INFO:7
2020-07-05 10:07:30,553:WARNING:Not Found: /favicon.ico
2020-07-05 10:07:53,501:INFO:------------------------------------------------------------------------------------------------
2020-07-05 10:07:54,695:INFO:ДУГААРАА СОНГОЖ БУЙ ХЭСЭГ
2020-07-05 10:07:54,695:INFO:2
2020-07-05 10:10:00,323:INFO:ДУГААРАА СОНГОЖ БУЙ ХЭСЭГ
2020-07-05 10:10:00,323:INFO:7
2020-07-05 10:10:00,699:WARNING:Not Found: /favicon.ico
2020-07-05 10:10:02,207:INFO:------------------------------------------------------------------------------------------------
2020-07-05 10:10:25,016:INFO:------------------------------------------------------------------------------------------------
2020-07-05 10:17:32,001:INFO:------------------------------------------------------------------------------------------------
2020-07-05 10:17:35,520:INFO:ДУГААРАА СОНГОЖ БУЙ ХЭСЭГ
2020-07-05 10:17:35,520:INFO:7
2020-07-05 10:24:46,994:WARNING:Not Found: /favicon.ico
2020-07-05 10:25:40,989:INFO:------------------------------------------------------------------------------------------------
2020-07-05 10:25:42,113:INFO:ДУГААРАА СОНГОЖ БУЙ ХЭСЭГ
2020-07-05 10:25:42,114:INFO:2
2020-07-05 10:25:42,493:WARNING:Not Found: /favicon.ico
2020-07-05 10:25:42,549:WARNING:Not Found: /favicon.ico
2020-07-05 10:25:43,718:INFO:ДУГААРАА СОНГОЖ БУЙ ХЭСЭГ
2020-07-05 10:25:43,719:INFO:2
2020-07-05 10:25:48,738:WARNING:Not Found: /favicon.ico
2020-07-05 10:27:31,224:INFO:------------------------------------------------------------------------------------------------
2020-07-05 10:28:26,172:INFO:ДУГААРЫН ҮНЭ
2020-07-05 10:28:26,175:INFO:5000
2020-07-05 10:43:12,960:INFO:ДУГААРАА СОНГОЖ БУЙ ХЭСЭГ
2020-07-05 10:43:12,960:INFO:2
2020-07-05 10:43:13,756:WARNING:Not Found: /favicon.ico
2020-07-05 10:45:26,420:INFO:ДУГААРЫН ҮНЭ
2020-07-05 10:45:26,433:INFO:5000
2020-07-05 10:46:37,639:INFO:------------------------------------------------------------------------------------------------
2020-07-05 10:47:02,468:WARNING:Not Found: /favicon.ico
2020-07-05 10:47:07,379:INFO:------------------------------------------------------------------------------------------------
2020-07-05 10:47:38,661:INFO:------------------------------------------------------------------------------------------------
2020-07-05 10:55:28,132:INFO:------------------------------------------------------------------------------------------------
2020-07-05 10:58:21,304:INFO:------------------------------------------------------------------------------------------------
2020-07-05 10:58:27,241:INFO:------------------------------------------------------------------------------------------------
2020-07-05 10:58:27,566:INFO:------------------------------------------------------------------------------------------------
2020-07-05 10:58:27,748:INFO:------------------------------------------------------------------------------------------------
2020-07-05 11:07:10,756:INFO:ДУГААРАА СОНГОЖ БУЙ ХЭСЭГ
2020-07-05 11:07:10,756:INFO:2
2020-07-05 11:07:10,979:WARNING:Not Found: /favicon.ico
2020-07-05 11:07:23,345:INFO:ДУГААРАА СОНГОЖ БУЙ ХЭСЭГ
2020-07-05 11:07:23,345:INFO:2
2020-07-05 11:10:02,476:INFO:------------------------------------------------------------------------------------------------
2020-07-05 11:10:29,618:INFO:------------------------------------------------------------------------------------------------
2020-07-05 11:12:26,024:INFO:------------------------------------------------------------------------------------------------
2020-07-05 11:12:28,098:INFO:ДУГААРАА СОНГОЖ БУЙ ХЭСЭГ
2020-07-05 11:12:28,098:INFO:4
2020-07-05 11:12:33,696:INFO:ДУГААРАА СОНГОЖ БУЙ ХЭСЭГ
2020-07-05 11:12:33,697:INFO:7
2020-07-05 11:12:34,930:WARNING:Not Found: /favicon.ico
2020-07-05 11:12:53,837:ERROR:Internal Server Error: /getnumber
Traceback (most recent call last):
  File "/usr/local/lib/python2.7/dist-packages/django/core/handlers/exception.py", line 41, in inner
    response = get_response(request)
  File "/usr/local/lib/python2.7/dist-packages/django/core/handlers/base.py", line 187, in _get_response
    response = self.process_exception_by_middleware(e, request)
  File "/usr/local/lib/python2.7/dist-packages/django/core/handlers/base.py", line 185, in _get_response
    response = wrapped_callback(request, *callback_args, **callback_kwargs)
  File "/usr/local/lib/python2.7/dist-packages/django/views/decorators/csrf.py", line 58, in wrapped_view
    return view_func(*args, **kwargs)
  File "/usr/local/lib/python2.7/dist-packages/django/views/generic/base.py", line 68, in view
    return self.dispatch(request, *args, **kwargs)
  File "/usr/local/lib/python2.7/dist-packages/rest_framework/views.py", line 495, in dispatch
    response = self.handle_exception(exc)
  File "/usr/local/lib/python2.7/dist-packages/rest_framework/views.py", line 455, in handle_exception
    self.raise_uncaught_exception(exc)
  File "/usr/local/lib/python2.7/dist-packages/rest_framework/views.py", line 492, in dispatch
    response = handler(request, *args, **kwargs)
  File "/usr/local/lib/python2.7/dist-packages/rest_framework/decorators.py", line 55, in handler
    return func(*args, **kwargs)
  File "/home/user/nFilterNew/controller/views.py", line 206, in getNumber
    if data[1] == az:
IndexError: list index out of range
2020-07-05 11:13:18,248:WARNING:Not Found: /favicon.ico
2020-07-05 11:13:18,272:WARNING:Not Found: /favicon.ico
2020-07-05 11:13:43,792:INFO:ДУГААРЫН ҮНЭ
2020-07-05 11:13:43,794:INFO:10000
2020-07-05 11:14:06,809:INFO:ДУГААРЫН ҮНЭ
2020-07-05 11:14:06,811:INFO:10000
2020-07-05 11:15:20,005:INFO:ДУГААРЫН ҮНЭ
2020-07-05 11:15:20,008:INFO:10000
2020-07-05 11:15:30,961:INFO:ДУГААРЫН ҮНЭ
2020-07-05 11:15:30,963:INFO:10000
2020-07-05 11:16:15,472:INFO:ДУГААРЫН ҮНЭ
2020-07-05 11:16:15,474:INFO:10000
2020-07-05 11:20:05,271:INFO:------------------------------------------------------------------------------------------------
2020-07-05 11:21:41,296:INFO:------------------------------------------------------------------------------------------------
2020-07-05 11:24:46,971:INFO:------------------------------------------------------------------------------------------------
2020-07-05 11:24:46,972:INFO:------------------------------------------------------------------------------------------------
2020-07-05 11:27:32,112:INFO:------------------------------------------------------------------------------------------------
2020-07-05 11:35:01,881:INFO:------------------------------------------------------------------------------------------------
2020-07-05 11:35:03,074:INFO:ДУГААРАА СОНГОЖ БУЙ ХЭСЭГ
2020-07-05 11:35:03,074:INFO:2
2020-07-05 11:35:03,349:WARNING:Not Found: /favicon.ico
2020-07-05 11:40:14,762:WARNING:Not Found: /
2020-07-05 11:46:45,922:INFO:------------------------------------------------------------------------------------------------
2020-07-05 11:47:07,503:INFO:------------------------------------------------------------------------------------------------
2020-07-05 11:47:43,314:INFO:------------------------------------------------------------------------------------------------
2020-07-05 11:47:46,387:INFO:------------------------------------------------------------------------------------------------
2020-07-05 11:47:47,537:INFO:ДУГААРАА СОНГОЖ БУЙ ХЭСЭГ
2020-07-05 11:47:47,538:INFO:7
2020-07-05 11:55:06,439:INFO:ДУГААРЫН ҮНЭ
2020-07-05 11:55:06,442:INFO:10000
2020-07-05 11:55:15,404:INFO:ДУГААРЫН ZAHIALGA
2020-07-05 11:55:29,121:INFO:------------------------------------------------------------------------------------------------
2020-07-05 11:57:15,698:INFO:------------------------------------------------------------------------------------------------
2020-07-05 11:58:32,011:INFO:------------------------------------------------------------------------------------------------
2020-07-05 12:02:36,916:INFO:ДУГААРАА СОНГОЖ БУЙ ХЭСЭГ
2020-07-05 12:02:36,916:INFO:2
2020-07-05 12:02:40,341:INFO:------------------------------------------------------------------------------------------------
2020-07-05 12:10:34,361:INFO:------------------------------------------------------------------------------------------------
2020-07-05 12:12:31,661:INFO:------------------------------------------------------------------------------------------------
2020-07-05 12:16:49,348:INFO:------------------------------------------------------------------------------------------------
2020-07-05 12:16:51,350:INFO:ДУГААРАА СОНГОЖ БУЙ ХЭСЭГ
2020-07-05 12:16:51,350:INFO:2
2020-07-05 12:16:51,705:WARNING:Not Found: /favicon.ico
2020-07-05 12:18:54,326:INFO:ДУГААРЫН ҮНЭ
2020-07-05 12:18:54,328:INFO:5000
2020-07-05 12:20:05,726:INFO:------------------------------------------------------------------------------------------------
2020-07-05 12:20:52,528:INFO:ДУГААРАА СОНГОЖ БУЙ ХЭСЭГ
2020-07-05 12:20:52,529:INFO:2
2020-07-05 12:21:46,223:INFO:------------------------------------------------------------------------------------------------
2020-07-05 12:22:28,298:INFO:ДУГААРАА СОНГОЖ БУЙ ХЭСЭГ
2020-07-05 12:22:28,298:INFO:7
2020-07-05 12:22:29,001:WARNING:Not Found: /favicon.ico
2020-07-05 12:24:02,194:INFO:ДУГААРАА СОНГОЖ БУЙ ХЭСЭГ
2020-07-05 12:24:02,195:INFO:2
2020-07-05 12:24:35,350:INFO:ДУГААРЫН ҮНЭ
2020-07-05 12:24:35,353:INFO:5000
2020-07-05 12:24:47,410:INFO:------------------------------------------------------------------------------------------------
2020-07-05 12:24:47,414:INFO:------------------------------------------------------------------------------------------------
2020-07-05 12:24:54,117:INFO:ДУГААРАА СОНГОЖ БУЙ ХЭСЭГ
2020-07-05 12:24:54,117:INFO:2
2020-07-05 12:26:52,239:INFO:ДУГААРАА СОНГОЖ БУЙ ХЭСЭГ
2020-07-05 12:26:52,240:INFO:2
2020-07-05 12:27:21,410:INFO:ДУГААРАА СОНГОЖ БУЙ ХЭСЭГ
2020-07-05 12:27:21,410:INFO:2
2020-07-05 12:27:29,962:INFO:ДУГААРАА СОНГОЖ БУЙ ХЭСЭГ
2020-07-05 12:27:29,963:INFO:2
2020-07-05 12:27:32,274:INFO:------------------------------------------------------------------------------------------------
2020-07-05 12:27:34,824:INFO:ДУГААРАА СОНГОЖ БУЙ ХЭСЭГ
2020-07-05 12:27:34,824:INFO:2
2020-07-05 12:27:39,382:INFO:------------------------------------------------------------------------------------------------
2020-07-05 12:27:41,229:INFO:ДУГААРАА СОНГОЖ БУЙ ХЭСЭГ
2020-07-05 12:27:41,229:INFO:7
2020-07-05 12:28:26,864:INFO:ДУГААРЫН ҮНЭ
2020-07-05 12:28:26,866:INFO:ДУГААРЫН ҮНЭ
2020-07-05 12:28:26,868:INFO:5000
2020-07-05 12:28:26,870:INFO:5000
2020-07-05 12:42:04,783:INFO:ДУГААРЫН ҮНЭ
2020-07-05 12:42:04,785:INFO:5000
2020-07-05 12:45:35,952:WARNING:Not Found: /favicon.ico
2020-07-05 12:45:36,151:WARNING:Not Found: /favicon.ico
2020-07-05 12:45:36,239:WARNING:Not Found: /favicon.ico
2020-07-05 12:45:36,298:WARNING:Not Found: /favicon.ico
2020-07-05 12:45:42,934:INFO:------------------------------------------------------------------------------------------------
2020-07-05 12:45:43,588:INFO:ДУГААРАА СОНГОЖ БУЙ ХЭСЭГ
2020-07-05 12:45:43,589:INFO:2
2020-07-05 12:46:52,696:INFO:------------------------------------------------------------------------------------------------
2020-07-05 12:47:07,719:INFO:------------------------------------------------------------------------------------------------
2020-07-05 12:47:14,102:INFO:ДУГААРАА СОНГОЖ БУЙ ХЭСЭГ
2020-07-05 12:47:14,102:INFO:2
2020-07-05 12:47:14,892:WARNING:Not Found: /favicon.ico
2020-07-05 12:47:17,773:INFO:------------------------------------------------------------------------------------------------
2020-07-05 12:47:18,703:INFO:ДУГААРАА СОНГОЖ БУЙ ХЭСЭГ
2020-07-05 12:47:18,704:INFO:2
2020-07-05 12:47:48,090:INFO:------------------------------------------------------------------------------------------------
2020-07-05 12:50:02,480:INFO:ДУГААРАА СОНГОЖ БУЙ ХЭСЭГ
2020-07-05 12:50:02,480:INFO:2
2020-07-05 12:50:08,369:WARNING:Not Found: /favicon.ico
2020-07-05 12:50:19,846:INFO:ДУГААРАА СОНГОЖ БУЙ ХЭСЭГ
2020-07-05 12:50:19,846:INFO:2
2020-07-05 12:50:20,299:WARNING:Not Found: /favicon.ico
2020-07-05 12:54:44,560:INFO:ДУГААРАА СОНГОЖ БУЙ ХЭСЭГ
2020-07-05 12:54:44,560:INFO:7
2020-07-05 12:54:45,026:WARNING:Not Found: /favicon.ico
2020-07-05 12:54:46,514:INFO:------------------------------------------------------------------------------------------------
2020-07-05 12:54:47,510:INFO:ДУГААРАА СОНГОЖ БУЙ ХЭСЭГ
2020-07-05 12:54:47,511:INFO:2
2020-07-05 12:55:29,535:INFO:ДУГААРЫН ҮНЭ
2020-07-05 12:55:29,538:INFO:5000
2020-07-05 12:55:30,202:INFO:------------------------------------------------------------------------------------------------
2020-07-05 12:57:16,153:INFO:------------------------------------------------------------------------------------------------
2020-07-05 13:10:38,966:INFO:------------------------------------------------------------------------------------------------
2020-07-05 13:14:53,104:INFO:ДУГААРЫН ҮНЭ
2020-07-05 13:14:53,107:INFO:10000
2020-07-05 13:16:41,788:INFO:------------------------------------------------------------------------------------------------
2020-07-05 13:16:43,633:INFO:ДУГААРАА СОНГОЖ БУЙ ХЭСЭГ
2020-07-05 13:16:43,634:INFO:7
2020-07-05 13:16:43,905:WARNING:Not Found: /favicon.ico
2020-07-05 13:20:05,847:INFO:------------------------------------------------------------------------------------------------
2020-07-05 13:24:47,710:INFO:------------------------------------------------------------------------------------------------
2020-07-05 13:24:47,714:INFO:------------------------------------------------------------------------------------------------
2020-07-05 13:27:32,407:INFO:------------------------------------------------------------------------------------------------
2020-07-05 13:35:46,755:INFO:------------------------------------------------------------------------------------------------
2020-07-05 13:35:52,227:INFO:ДУГААРАА СОНГОЖ БУЙ ХЭСЭГ
2020-07-05 13:35:52,228:INFO:7
2020-07-05 13:35:52,540:WARNING:Not Found: /favicon.ico
2020-07-05 13:35:52,546:WARNING:Not Found: /favicon.ico
2020-07-05 13:36:05,614:INFO:ДУГААРЫН ҮНЭ
2020-07-05 13:36:05,617:INFO:10000
2020-07-05 13:36:35,474:INFO:ДУГААРАА СОНГОЖ БУЙ ХЭСЭГ
2020-07-05 13:36:35,474:INFO:7
2020-07-05 13:36:42,581:INFO:ДУГААРАА СОНГОЖ БУЙ ХЭСЭГ
2020-07-05 13:36:42,581:INFO:7
2020-07-05 13:36:43,292:INFO:ДУГААРАА СОНГОЖ БУЙ ХЭСЭГ
2020-07-05 13:36:43,292:INFO:7
2020-07-05 13:36:47,743:INFO:ДУГААРАА СОНГОЖ БУЙ ХЭСЭГ
2020-07-05 13:36:47,743:INFO:7
2020-07-05 13:44:06,234:INFO:------------------------------------------------------------------------------------------------
2020-07-05 13:46:18,517:INFO:------------------------------------------------------------------------------------------------
2020-07-05 13:46:59,249:INFO:------------------------------------------------------------------------------------------------
2020-07-05 13:47:07,888:INFO:------------------------------------------------------------------------------------------------
2020-07-05 13:47:52,814:INFO:------------------------------------------------------------------------------------------------
2020-07-05 13:53:57,137:INFO:ДУГААРАА СОНГОЖ БУЙ ХЭСЭГ
2020-07-05 13:53:57,138:INFO:7
2020-07-05 13:54:19,304:INFO:ДУГААРЫН ҮНЭ
2020-07-05 13:54:19,306:INFO:10000
2020-07-05 13:55:31,213:INFO:------------------------------------------------------------------------------------------------
2020-07-05 13:55:38,337:INFO:ДУГААРЫН ҮНЭ
2020-07-05 13:55:38,340:INFO:10000
2020-07-05 13:55:47,323:INFO:ДУГААРАА СОНГОЖ БУЙ ХЭСЭГ
2020-07-05 13:55:47,323:INFO:7
2020-07-05 13:56:52,658:INFO:ДУГААРЫН ҮНЭ
2020-07-05 13:56:52,661:INFO:10000
2020-07-05 13:57:55,000:INFO:ДУГААРАА СОНГОЖ БУЙ ХЭСЭГ
2020-07-05 13:57:55,001:INFO:7
2020-07-05 14:10:10,367:INFO:------------------------------------------------------------------------------------------------
2020-07-05 14:10:11,389:INFO:ДУГААРАА СОНГОЖ БУЙ ХЭСЭГ
2020-07-05 14:10:11,390:INFO:7
2020-07-05 14:10:43,562:INFO:------------------------------------------------------------------------------------------------
2020-07-05 14:15:44,415:INFO:ДУГААРАА СОНГОЖ БУЙ ХЭСЭГ
2020-07-05 14:15:44,415:INFO:2
2020-07-05 14:15:44,903:WARNING:Not Found: /favicon.ico
2020-07-05 14:15:47,465:INFO:------------------------------------------------------------------------------------------------
2020-07-05 14:15:48,424:INFO:ДУГААРАА СОНГОЖ БУЙ ХЭСЭГ
2020-07-05 14:15:48,424:INFO:2
2020-07-05 14:15:49,009:INFO:ДУГААРАА СОНГОЖ БУЙ ХЭСЭГ
2020-07-05 14:15:49,009:INFO:2
2020-07-05 14:16:11,137:INFO:ДУГААРЫН ҮНЭ
2020-07-05 14:16:11,140:INFO:5000
2020-07-05 14:16:19,993:INFO:------------------------------------------------------------------------------------------------
2020-07-05 14:16:20,184:INFO:ДУГААРАА СОНГОЖ БУЙ ХЭСЭГ
2020-07-05 14:16:20,185:INFO:7
2020-07-05 14:16:20,540:INFO:------------------------------------------------------------------------------------------------
2020-07-05 14:16:21,435:INFO:ДУГААРАА СОНГОЖ БУЙ ХЭСЭГ
2020-07-05 14:16:21,435:INFO:2
2020-07-05 14:16:59,898:INFO:ДУГААРАА СОНГОЖ БУЙ ХЭСЭГ
2020-07-05 14:16:59,898:INFO:2
2020-07-05 14:17:45,624:INFO:ДУГААРАА СОНГОЖ БУЙ ХЭСЭГ
2020-07-05 14:17:45,624:INFO:2
2020-07-05 14:20:05,962:INFO:------------------------------------------------------------------------------------------------
2020-07-05 14:24:48,014:INFO:------------------------------------------------------------------------------------------------
2020-07-05 14:25:07,726:INFO:ДУГААРАА СОНГОЖ БУЙ ХЭСЭГ
2020-07-05 14:25:07,726:INFO:7
2020-07-05 14:25:10,601:INFO:------------------------------------------------------------------------------------------------
2020-07-05 14:25:15,249:INFO:ДУГААРАА СОНГОЖ БУЙ ХЭСЭГ
2020-07-05 14:25:15,249:INFO:7
2020-07-05 14:26:33,085:INFO:------------------------------------------------------------------------------------------------
2020-07-05 14:26:34,122:INFO:------------------------------------------------------------------------------------------------
2020-07-05 14:26:35,124:INFO:ДУГААРАА СОНГОЖ БУЙ ХЭСЭГ
2020-07-05 14:26:35,124:INFO:2
2020-07-05 14:26:54,879:INFO:ДУГААРЫН ҮНЭ
2020-07-05 14:26:54,882:INFO:5000
2020-07-05 14:27:01,324:INFO:ДУГААРЫН ZAHIALGA
2020-07-05 14:27:32,548:INFO:------------------------------------------------------------------------------------------------
2020-07-05 14:28:04,481:INFO:------------------------------------------------------------------------------------------------
2020-07-05 14:28:06,106:INFO:ДУГААРАА СОНГОЖ БУЙ ХЭСЭГ
2020-07-05 14:28:06,107:INFO:7
2020-07-05 14:28:43,939:INFO:ДУГААРЫН ҮНЭ
2020-07-05 14:28:43,941:INFO:10000
2020-07-05 14:29:01,638:INFO:------------------------------------------------------------------------------------------------
2020-07-05 14:29:11,946:INFO:ДУГААРЫН ZAHIALGA
2020-07-05 14:29:18,279:INFO:------------------------------------------------------------------------------------------------
2020-07-05 14:29:20,970:INFO:ДУГААРАА СОНГОЖ БУЙ ХЭСЭГ
2020-07-05 14:29:20,971:INFO:7
2020-07-05 14:29:38,757:INFO:------------------------------------------------------------------------------------------------
2020-07-05 14:29:40,423:INFO:ДУГААРАА СОНГОЖ БУЙ ХЭСЭГ
2020-07-05 14:29:40,423:INFO:7
2020-07-05 14:29:42,969:INFO:ДУГААРАА СОНГОЖ БУЙ ХЭСЭГ
2020-07-05 14:29:42,969:INFO:2
2020-07-05 14:29:57,021:INFO:------------------------------------------------------------------------------------------------
2020-07-05 14:29:57,712:INFO:ДУГААРАА СОНГОЖ БУЙ ХЭСЭГ
2020-07-05 14:29:57,712:INFO:7
2020-07-05 14:30:05,230:INFO:------------------------------------------------------------------------------------------------
2020-07-05 14:30:28,316:INFO:ДУГААРЫН ҮНЭ
2020-07-05 14:30:28,318:INFO:5000
2020-07-05 14:30:32,418:INFO:ДУГААРЫН ҮНЭ
2020-07-05 14:30:32,421:INFO:10000
2020-07-05 14:30:46,047:INFO:ДУГААРЫН ZAHIALGA
2020-07-05 14:31:10,459:INFO:ДУГААРАА СОНГОЖ БУЙ ХЭСЭГ
2020-07-05 14:31:10,459:INFO:2
2020-07-05 14:31:21,135:ERROR:Internal Server Error: /getnumber
Traceback (most recent call last):
  File "/usr/local/lib/python2.7/dist-packages/django/core/handlers/exception.py", line 41, in inner
    response = get_response(request)
  File "/usr/local/lib/python2.7/dist-packages/django/core/handlers/base.py", line 187, in _get_response
    response = self.process_exception_by_middleware(e, request)
  File "/usr/local/lib/python2.7/dist-packages/django/core/handlers/base.py", line 185, in _get_response
    response = wrapped_callback(request, *callback_args, **callback_kwargs)
  File "/usr/local/lib/python2.7/dist-packages/django/views/decorators/csrf.py", line 58, in wrapped_view
    return view_func(*args, **kwargs)
  File "/usr/local/lib/python2.7/dist-packages/django/views/generic/base.py", line 68, in view
    return self.dispatch(request, *args, **kwargs)
  File "/usr/local/lib/python2.7/dist-packages/rest_framework/views.py", line 495, in dispatch
    response = self.handle_exception(exc)
  File "/usr/local/lib/python2.7/dist-packages/rest_framework/views.py", line 455, in handle_exception
    self.raise_uncaught_exception(exc)
  File "/usr/local/lib/python2.7/dist-packages/rest_framework/views.py", line 492, in dispatch
    response = handler(request, *args, **kwargs)
  File "/usr/local/lib/python2.7/dist-packages/rest_framework/decorators.py", line 55, in handler
    return func(*args, **kwargs)
  File "/home/user/nFilterNew/controller/views.py", line 206, in getNumber
    if data[1] == az:
IndexError: list index out of range
2020-07-05 14:31:22,053:ERROR:Internal Server Error: /getnumber
Traceback (most recent call last):
  File "/usr/local/lib/python2.7/dist-packages/django/core/handlers/exception.py", line 41, in inner
    response = get_response(request)
  File "/usr/local/lib/python2.7/dist-packages/django/core/handlers/base.py", line 187, in _get_response
    response = self.process_exception_by_middleware(e, request)
  File "/usr/local/lib/python2.7/dist-packages/django/core/handlers/base.py", line 185, in _get_response
    response = wrapped_callback(request, *callback_args, **callback_kwargs)
  File "/usr/local/lib/python2.7/dist-packages/django/views/decorators/csrf.py", line 58, in wrapped_view
    return view_func(*args, **kwargs)
  File "/usr/local/lib/python2.7/dist-packages/django/views/generic/base.py", line 68, in view
    return self.dispatch(request, *args, **kwargs)
  File "/usr/local/lib/python2.7/dist-packages/rest_framework/views.py", line 495, in dispatch
    response = self.handle_exception(exc)
  File "/usr/local/lib/python2.7/dist-packages/rest_framework/views.py", line 455, in handle_exception
    self.raise_uncaught_exception(exc)
  File "/usr/local/lib/python2.7/dist-packages/rest_framework/views.py", line 492, in dispatch
    response = handler(request, *args, **kwargs)
  File "/usr/local/lib/python2.7/dist-packages/rest_framework/decorators.py", line 55, in handler
    return func(*args, **kwargs)
  File "/home/user/nFilterNew/controller/views.py", line 206, in getNumber
    if data[1] == az:
IndexError: list index out of range
2020-07-05 14:31:23,409:ERROR:Internal Server Error: /getnumber
Traceback (most recent call last):
  File "/usr/local/lib/python2.7/dist-packages/django/core/handlers/exception.py", line 41, in inner
    response = get_response(request)
  File "/usr/local/lib/python2.7/dist-packages/django/core/handlers/base.py", line 187, in _get_response
    response = self.process_exception_by_middleware(e, request)
  File "/usr/local/lib/python2.7/dist-packages/django/core/handlers/base.py", line 185, in _get_response
    response = wrapped_callback(request, *callback_args, **callback_kwargs)
  File "/usr/local/lib/python2.7/dist-packages/django/views/decorators/csrf.py", line 58, in wrapped_view
    return view_func(*args, **kwargs)
  File "/usr/local/lib/python2.7/dist-packages/django/views/generic/base.py", line 68, in view
    return self.dispatch(request, *args, **kwargs)
  File "/usr/local/lib/python2.7/dist-packages/rest_framework/views.py", line 495, in dispatch
    response = self.handle_exception(exc)
  File "/usr/local/lib/python2.7/dist-packages/rest_framework/views.py", line 455, in handle_exception
    self.raise_uncaught_exception(exc)
  File "/usr/local/lib/python2.7/dist-packages/rest_framework/views.py", line 492, in dispatch
    response = handler(request, *args, **kwargs)
  File "/usr/local/lib/python2.7/dist-packages/rest_framework/decorators.py", line 55, in handler
    return func(*args, **kwargs)
  File "/home/user/nFilterNew/controller/views.py", line 206, in getNumber
    if data[1] == az:
IndexError: list index out of range
2020-07-05 14:31:38,492:INFO:ДУГААРАА СОНГОЖ БУЙ ХЭСЭГ
2020-07-05 14:31:38,493:INFO:2
2020-07-05 14:31:43,433:INFO:ДУГААРАА СОНГОЖ БУЙ ХЭСЭГ
2020-07-05 14:31:43,433:INFO:2
2020-07-05 14:31:48,001:INFO:ДУГААРАА СОНГОЖ БУЙ ХЭСЭГ
2020-07-05 14:31:48,002:INFO:2
2020-07-05 14:31:58,066:INFO:ДУГААРАА СОНГОЖ БУЙ ХЭСЭГ
2020-07-05 14:31:58,066:INFO:2
2020-07-05 14:32:46,242:INFO:------------------------------------------------------------------------------------------------
2020-07-05 14:36:43,293:INFO:ДУГААРЫН ҮНЭ
2020-07-05 14:36:43,295:INFO:5000
2020-07-05 14:44:06,753:INFO:------------------------------------------------------------------------------------------------
2020-07-05 14:46:19,184:INFO:------------------------------------------------------------------------------------------------
2020-07-05 14:47:06,769:INFO:------------------------------------------------------------------------------------------------
2020-07-05 14:47:57,563:INFO:------------------------------------------------------------------------------------------------
2020-07-05 14:55:32,242:INFO:------------------------------------------------------------------------------------------------
2020-07-05 15:10:48,128:INFO:------------------------------------------------------------------------------------------------
2020-07-05 15:20:06,058:INFO:------------------------------------------------------------------------------------------------
2020-07-05 15:24:48,319:INFO:------------------------------------------------------------------------------------------------
2020-07-05 15:27:32,688:INFO:------------------------------------------------------------------------------------------------
2020-07-05 15:27:35,248:INFO:ДУГААРАА СОНГОЖ БУЙ ХЭСЭГ
2020-07-05 15:27:35,249:INFO:7
2020-07-05 15:27:38,386:INFO:ДУГААРАА СОНГОЖ БУЙ ХЭСЭГ
2020-07-05 15:27:38,387:INFO:7
2020-07-05 15:27:39,372:INFO:ДУГААРАА СОНГОЖ БУЙ ХЭСЭГ
2020-07-05 15:27:39,372:INFO:7
2020-07-05 15:30:05,355:INFO:------------------------------------------------------------------------------------------------
2020-07-05 15:30:52,111:INFO:------------------------------------------------------------------------------------------------
2020-07-05 15:30:56,143:INFO:------------------------------------------------------------------------------------------------
2020-07-05 15:30:58,435:INFO:ДУГААРАА СОНГОЖ БУЙ ХЭСЭГ
2020-07-05 15:30:58,435:INFO:2
2020-07-05 15:30:58,820:WARNING:Not Found: /favicon.ico
2020-07-05 15:31:31,873:INFO:ДУГААРЫН ҮНЭ
2020-07-05 15:31:31,876:INFO:5000
2020-07-05 15:32:46,362:INFO:------------------------------------------------------------------------------------------------
2020-07-05 15:42:53,898:INFO:------------------------------------------------------------------------------------------------
2020-07-05 15:42:54,799:INFO:ДУГААРАА СОНГОЖ БУЙ ХЭСЭГ
2020-07-05 15:42:54,800:INFO:2
2020-07-05 15:43:44,268:INFO:ДУГААРЫН ҮНЭ
2020-07-05 15:43:44,271:INFO:5000
2020-07-05 15:44:06,984:INFO:------------------------------------------------------------------------------------------------
2020-07-05 15:46:19,792:INFO:------------------------------------------------------------------------------------------------
2020-07-05 15:47:14,772:INFO:------------------------------------------------------------------------------------------------
2020-07-05 15:48:02,320:INFO:------------------------------------------------------------------------------------------------
2020-07-05 15:52:00,552:INFO:ДУГААРЫН ҮНЭ
2020-07-05 15:52:00,556:INFO:5000
2020-07-05 15:52:08,087:INFO:------------------------------------------------------------------------------------------------
2020-07-05 15:52:09,016:INFO:ДУГААРАА СОНГОЖ БУЙ ХЭСЭГ
2020-07-05 15:52:09,017:INFO:2
2020-07-05 15:52:41,393:INFO:ДУГААРЫН ҮНЭ
2020-07-05 15:52:41,397:INFO:5000
2020-07-05 15:53:55,738:WARNING:Not Found: /
2020-07-05 15:55:26,482:INFO:ДУГААРЫН ҮНЭ
2020-07-05 15:55:26,484:INFO:5000
2020-07-05 15:55:33,305:INFO:------------------------------------------------------------------------------------------------
2020-07-05 15:56:05,726:INFO:ДУГААРЫН ZAHIALGA
2020-07-05 15:57:04,697:INFO:------------------------------------------------------------------------------------------------
2020-07-05 15:58:06,094:INFO:------------------------------------------------------------------------------------------------
2020-07-05 16:10:52,715:INFO:------------------------------------------------------------------------------------------------
2020-07-05 16:24:48,554:INFO:------------------------------------------------------------------------------------------------
2020-07-05 16:27:32,854:INFO:------------------------------------------------------------------------------------------------
2020-07-05 16:29:21,032:INFO:ДУГААРАА СОНГОЖ БУЙ ХЭСЭГ
2020-07-05 16:29:21,032:INFO:7
2020-07-05 16:30:05,476:INFO:------------------------------------------------------------------------------------------------
2020-07-05 16:31:33,154:INFO:------------------------------------------------------------------------------------------------
2020-07-05 16:31:35,069:INFO:------------------------------------------------------------------------------------------------
2020-07-05 16:31:36,075:INFO:ДУГААРАА СОНГОЖ БУЙ ХЭСЭГ
2020-07-05 16:31:36,075:INFO:2
2020-07-05 16:32:13,996:INFO:------------------------------------------------------------------------------------------------
2020-07-05 16:32:14,919:INFO:ДУГААРАА СОНГОЖ БУЙ ХЭСЭГ
2020-07-05 16:32:14,919:INFO:2
2020-07-05 16:32:41,570:INFO:ДУГААРЫН ҮНЭ
2020-07-05 16:32:41,574:INFO:5000
2020-07-05 16:32:46,517:INFO:------------------------------------------------------------------------------------------------
2020-07-05 16:32:56,726:INFO:ДУГААРЫН ҮНЭ
2020-07-05 16:32:56,729:INFO:5000
2020-07-05 16:33:07,756:INFO:ДУГААРЫН ҮНЭ
2020-07-05 16:33:07,759:INFO:5000
2020-07-05 16:33:33,173:INFO:ДУГААРЫН ҮНЭ
2020-07-05 16:33:33,176:INFO:5000
2020-07-05 16:33:45,575:INFO:ДУГААРЫН ҮНЭ
2020-07-05 16:33:45,579:INFO:5000
2020-07-05 16:34:14,959:INFO:ДУГААРЫН ҮНЭ
2020-07-05 16:34:14,962:INFO:5000
2020-07-05 16:35:16,931:INFO:ДУГААРЫН ҮНЭ
2020-07-05 16:35:16,933:INFO:5000
2020-07-05 16:35:22,370:INFO:ДУГААРЫН ҮНЭ
2020-07-05 16:35:22,373:INFO:5000
2020-07-05 16:40:03,804:INFO:------------------------------------------------------------------------------------------------
2020-07-05 16:44:07,379:INFO:------------------------------------------------------------------------------------------------
2020-07-05 16:46:20,427:INFO:------------------------------------------------------------------------------------------------
2020-07-05 16:47:21,471:INFO:------------------------------------------------------------------------------------------------
2020-07-05 16:48:07,113:INFO:------------------------------------------------------------------------------------------------
2020-07-05 16:55:34,340:INFO:------------------------------------------------------------------------------------------------
2020-07-05 16:55:51,929:INFO:------------------------------------------------------------------------------------------------
2020-07-05 16:56:37,457:INFO:ДУГААРАА СОНГОЖ БУЙ ХЭСЭГ
2020-07-05 16:56:37,457:INFO:2
2020-07-05 16:56:39,407:INFO:------------------------------------------------------------------------------------------------
2020-07-05 16:56:40,396:INFO:ДУГААРАА СОНГОЖ БУЙ ХЭСЭГ
2020-07-05 16:56:40,397:INFO:7
2020-07-05 16:57:04,829:INFO:------------------------------------------------------------------------------------------------
2020-07-05 17:00:31,138:INFO:------------------------------------------------------------------------------------------------
2020-07-05 17:00:32,022:INFO:ДУГААРАА СОНГОЖ БУЙ ХЭСЭГ
2020-07-05 17:00:32,022:INFO:2
2020-07-05 17:01:25,196:INFO:ДУГААРЫН ҮНЭ
2020-07-05 17:01:25,199:INFO:5000
2020-07-05 17:04:08,309:INFO:ДУГААРЫН ҮНЭ
2020-07-05 17:04:08,312:INFO:10000
2020-07-05 17:10:57,312:INFO:------------------------------------------------------------------------------------------------
2020-07-05 17:15:00,761:INFO:ДУГААРАА СОНГОЖ БУЙ ХЭСЭГ
2020-07-05 17:15:00,762:INFO:7
2020-07-05 17:15:53,645:INFO:ДУГААРЫН ҮНЭ
2020-07-05 17:15:53,648:INFO:10000
2020-07-05 17:18:17,609:INFO:ДУГААРАА СОНГОЖ БУЙ ХЭСЭГ
2020-07-05 17:18:17,609:INFO:7
2020-07-05 17:18:21,077:INFO:ДУГААРАА СОНГОЖ БУЙ ХЭСЭГ
2020-07-05 17:18:21,077:INFO:7
2020-07-05 17:18:21,941:INFO:ДУГААРАА СОНГОЖ БУЙ ХЭСЭГ
2020-07-05 17:18:21,941:INFO:7
2020-07-05 17:20:23,851:INFO:ДУГААРАА СОНГОЖ БУЙ ХЭСЭГ
2020-07-05 17:20:23,851:INFO:7
2020-07-05 17:20:24,678:INFO:ДУГААРАА СОНГОЖ БУЙ ХЭСЭГ
2020-07-05 17:20:24,678:INFO:7
2020-07-05 17:22:31,362:INFO:ДУГААРАА СОНГОЖ БУЙ ХЭСЭГ
2020-07-05 17:22:31,362:INFO:7
2020-07-05 17:24:57,366:INFO:------------------------------------------------------------------------------------------------
2020-07-05 17:25:03,147:INFO:ДУГААРАА СОНГОЖ БУЙ ХЭСЭГ
2020-07-05 17:25:03,147:INFO:2
2020-07-05 17:27:32,987:INFO:------------------------------------------------------------------------------------------------
2020-07-05 17:30:05,592:INFO:------------------------------------------------------------------------------------------------
2020-07-05 17:33:53,199:ERROR:Internal Server Error: /getnumber
Traceback (most recent call last):
  File "/usr/local/lib/python2.7/dist-packages/django/core/handlers/exception.py", line 41, in inner
    response = get_response(request)
  File "/usr/local/lib/python2.7/dist-packages/django/core/handlers/base.py", line 187, in _get_response
    response = self.process_exception_by_middleware(e, request)
  File "/usr/local/lib/python2.7/dist-packages/django/core/handlers/base.py", line 185, in _get_response
    response = wrapped_callback(request, *callback_args, **callback_kwargs)
  File "/usr/local/lib/python2.7/dist-packages/django/views/decorators/csrf.py", line 58, in wrapped_view
    return view_func(*args, **kwargs)
  File "/usr/local/lib/python2.7/dist-packages/django/views/generic/base.py", line 68, in view
    return self.dispatch(request, *args, **kwargs)
  File "/usr/local/lib/python2.7/dist-packages/rest_framework/views.py", line 495, in dispatch
    response = self.handle_exception(exc)
  File "/usr/local/lib/python2.7/dist-packages/rest_framework/views.py", line 455, in handle_exception
    self.raise_uncaught_exception(exc)
  File "/usr/local/lib/python2.7/dist-packages/rest_framework/views.py", line 492, in dispatch
    response = handler(request, *args, **kwargs)
  File "/usr/local/lib/python2.7/dist-packages/rest_framework/decorators.py", line 55, in handler
    return func(*args, **kwargs)
  File "/home/user/nFilterNew/controller/views.py", line 206, in getNumber
    if data[1] == az:
IndexError: list index out of range
2020-07-05 17:38:26,692:INFO:ДУГААРЫН ҮНЭ
2020-07-05 17:38:26,695:INFO:5000
2020-07-05 17:38:51,882:INFO:ДУГААРЫН ҮНЭ
2020-07-05 17:38:51,884:INFO:5000
2020-07-05 17:40:35,369:INFO:ДУГААРЫН ҮНЭ
2020-07-05 17:40:35,372:INFO:5000
2020-07-05 17:41:34,112:INFO:ДУГААРАА СОНГОЖ БУЙ ХЭСЭГ
2020-07-05 17:41:34,113:INFO:2
2020-07-05 17:41:37,001:INFO:ДУГААРАА СОНГОЖ БУЙ ХЭСЭГ
2020-07-05 17:41:37,001:INFO:2
2020-07-05 17:41:46,628:INFO:ДУГААРАА СОНГОЖ БУЙ ХЭСЭГ
2020-07-05 17:41:46,628:INFO:2
2020-07-05 17:41:48,027:INFO:ДУГААРАА СОНГОЖ БУЙ ХЭСЭГ
2020-07-05 17:41:48,028:INFO:2
2020-07-05 17:42:18,739:INFO:ДУГААРАА СОНГОЖ БУЙ ХЭСЭГ
2020-07-05 17:42:18,739:INFO:2
2020-07-05 17:43:32,541:INFO:ДУГААРАА СОНГОЖ БУЙ ХЭСЭГ
2020-07-05 17:43:32,542:INFO:2
2020-07-05 17:43:33,510:INFO:ДУГААРАА СОНГОЖ БУЙ ХЭСЭГ
2020-07-05 17:43:33,510:INFO:2
2020-07-05 17:43:34,022:INFO:ДУГААРАА СОНГОЖ БУЙ ХЭСЭГ
2020-07-05 17:43:34,022:INFO:2
2020-07-05 17:44:07,586:INFO:------------------------------------------------------------------------------------------------
2020-07-05 17:44:28,214:INFO:------------------------------------------------------------------------------------------------
2020-07-05 17:44:46,090:INFO:ДУГААРАА СОНГОЖ БУЙ ХЭСЭГ
2020-07-05 17:44:46,090:INFO:7
2020-07-05 17:46:21,065:INFO:------------------------------------------------------------------------------------------------
2020-07-05 17:47:29,226:INFO:------------------------------------------------------------------------------------------------
2020-07-05 17:48:08,594:INFO:------------------------------------------------------------------------------------------------
2020-07-05 17:48:11,871:INFO:------------------------------------------------------------------------------------------------
2020-07-05 17:48:14,232:INFO:ДУГААРАА СОНГОЖ БУЙ ХЭСЭГ
2020-07-05 17:48:14,233:INFO:2
2020-07-05 17:48:14,764:WARNING:Not Found: /favicon.ico
2020-07-05 17:48:36,951:INFO:ДУГААРЫН ҮНЭ
2020-07-05 17:48:36,954:INFO:5000
2020-07-05 17:52:16,366:INFO:------------------------------------------------------------------------------------------------
2020-07-05 17:52:17,460:INFO:ДУГААРАА СОНГОЖ БУЙ ХЭСЭГ
2020-07-05 17:52:17,460:INFO:7
2020-07-05 17:55:35,382:INFO:------------------------------------------------------------------------------------------------
2020-07-05 17:57:04,900:INFO:------------------------------------------------------------------------------------------------
2020-07-05 18:11:01,893:INFO:------------------------------------------------------------------------------------------------
2020-07-05 18:24:57,615:INFO:------------------------------------------------------------------------------------------------
2020-07-05 18:27:33,371:INFO:------------------------------------------------------------------------------------------------
2020-07-05 18:30:05,712:INFO:------------------------------------------------------------------------------------------------
2020-07-05 18:44:07,848:INFO:------------------------------------------------------------------------------------------------
2020-07-05 18:46:21,768:INFO:------------------------------------------------------------------------------------------------
2020-07-05 18:47:36,403:INFO:------------------------------------------------------------------------------------------------
2020-07-05 18:48:16,657:INFO:------------------------------------------------------------------------------------------------
2020-07-05 18:55:36,456:INFO:------------------------------------------------------------------------------------------------
2020-07-05 18:57:05,024:INFO:------------------------------------------------------------------------------------------------
2020-07-05 19:11:06,490:INFO:------------------------------------------------------------------------------------------------
2020-07-05 19:24:57,776:INFO:------------------------------------------------------------------------------------------------
2020-07-05 19:27:33,553:INFO:------------------------------------------------------------------------------------------------
2020-07-05 19:30:05,866:INFO:------------------------------------------------------------------------------------------------
2020-07-05 19:43:19,818:INFO:ДУГААРАА СОНГОЖ БУЙ ХЭСЭГ
2020-07-05 19:43:19,819:INFO:2
2020-07-05 19:43:22,001:INFO:ДУГААРАА СОНГОЖ БУЙ ХЭСЭГ
2020-07-05 19:43:22,001:INFO:2
2020-07-05 19:43:48,812:ERROR:Internal Server Error: /getnumber
Traceback (most recent call last):
  File "/usr/local/lib/python2.7/dist-packages/django/core/handlers/exception.py", line 41, in inner
    response = get_response(request)
  File "/usr/local/lib/python2.7/dist-packages/django/core/handlers/base.py", line 187, in _get_response
    response = self.process_exception_by_middleware(e, request)
  File "/usr/local/lib/python2.7/dist-packages/django/core/handlers/base.py", line 185, in _get_response
    response = wrapped_callback(request, *callback_args, **callback_kwargs)
  File "/usr/local/lib/python2.7/dist-packages/django/views/decorators/csrf.py", line 58, in wrapped_view
    return view_func(*args, **kwargs)
  File "/usr/local/lib/python2.7/dist-packages/django/views/generic/base.py", line 68, in view
    return self.dispatch(request, *args, **kwargs)
  File "/usr/local/lib/python2.7/dist-packages/rest_framework/views.py", line 495, in dispatch
    response = self.handle_exception(exc)
  File "/usr/local/lib/python2.7/dist-packages/rest_framework/views.py", line 455, in handle_exception
    self.raise_uncaught_exception(exc)
  File "/usr/local/lib/python2.7/dist-packages/rest_framework/views.py", line 492, in dispatch
    response = handler(request, *args, **kwargs)
  File "/usr/local/lib/python2.7/dist-packages/rest_framework/decorators.py", line 55, in handler
    return func(*args, **kwargs)
  File "/home/user/nFilterNew/controller/views.py", line 190, in getNumber
    first4 = str(digit4[i])
IndexError: list index out of range
2020-07-05 19:44:19,548:ERROR:Internal Server Error: /getnumber
Traceback (most recent call last):
  File "/usr/local/lib/python2.7/dist-packages/django/core/handlers/exception.py", line 41, in inner
    response = get_response(request)
  File "/usr/local/lib/python2.7/dist-packages/django/core/handlers/base.py", line 187, in _get_response
    response = self.process_exception_by_middleware(e, request)
  File "/usr/local/lib/python2.7/dist-packages/django/core/handlers/base.py", line 185, in _get_response
    response = wrapped_callback(request, *callback_args, **callback_kwargs)
  File "/usr/local/lib/python2.7/dist-packages/django/views/decorators/csrf.py", line 58, in wrapped_view
    return view_func(*args, **kwargs)
  File "/usr/local/lib/python2.7/dist-packages/django/views/generic/base.py", line 68, in view
    return self.dispatch(request, *args, **kwargs)
  File "/usr/local/lib/python2.7/dist-packages/rest_framework/views.py", line 495, in dispatch
    response = self.handle_exception(exc)
  File "/usr/local/lib/python2.7/dist-packages/rest_framework/views.py", line 455, in handle_exception
    self.raise_uncaught_exception(exc)
  File "/usr/local/lib/python2.7/dist-packages/rest_framework/views.py", line 492, in dispatch
    response = handler(request, *args, **kwargs)
  File "/usr/local/lib/python2.7/dist-packages/rest_framework/decorators.py", line 55, in handler
    return func(*args, **kwargs)
  File "/home/user/nFilterNew/controller/views.py", line 190, in getNumber
    first4 = str(digit4[i])
IndexError: list index out of range
2020-07-05 19:44:50,180:INFO:ДУГААРАА СОНГОЖ БУЙ ХЭСЭГ
2020-07-05 19:44:50,180:INFO:2
2020-07-05 19:46:10,295:INFO:------------------------------------------------------------------------------------------------
2020-07-05 19:46:21,886:INFO:------------------------------------------------------------------------------------------------
2020-07-05 19:47:43,210:INFO:------------------------------------------------------------------------------------------------
2020-07-05 19:48:21,383:INFO:------------------------------------------------------------------------------------------------
2020-07-05 19:55:37,463:INFO:------------------------------------------------------------------------------------------------
2020-07-05 20:07:44,392:INFO:------------------------------------------------------------------------------------------------
2020-07-05 20:07:47,591:INFO:ДУГААРАА СОНГОЖ БУЙ ХЭСЭГ
2020-07-05 20:07:47,592:INFO:7
2020-07-05 20:09:15,306:INFO:ДУГААРЫН ҮНЭ
2020-07-05 20:09:15,310:INFO:10000
2020-07-05 20:09:32,254:INFO:ДУГААРЫН ZAHIALGA
2020-07-05 20:09:38,576:INFO:------------------------------------------------------------------------------------------------
2020-07-05 20:11:11,102:INFO:------------------------------------------------------------------------------------------------
2020-07-05 20:11:38,589:INFO:------------------------------------------------------------------------------------------------
2020-07-05 20:14:01,901:INFO:------------------------------------------------------------------------------------------------
2020-07-05 20:14:08,272:INFO:ДУГААРАА СОНГОЖ БУЙ ХЭСЭГ
2020-07-05 20:14:08,273:INFO:7
2020-07-05 20:14:08,741:WARNING:Not Found: /favicon.ico
2020-07-05 20:14:19,029:INFO:ДУГААРЫН ҮНЭ
2020-07-05 20:14:19,032:INFO:10000
2020-07-05 20:25:48,871:INFO:------------------------------------------------------------------------------------------------
2020-07-05 20:27:33,695:INFO:------------------------------------------------------------------------------------------------
2020-07-05 20:30:05,961:INFO:------------------------------------------------------------------------------------------------
2020-07-05 20:46:22,034:INFO:------------------------------------------------------------------------------------------------
2020-07-05 20:47:50,280:INFO:------------------------------------------------------------------------------------------------
2020-07-05 20:48:26,155:INFO:------------------------------------------------------------------------------------------------
2020-07-05 20:55:38,506:INFO:------------------------------------------------------------------------------------------------
2020-07-05 21:09:39,212:INFO:------------------------------------------------------------------------------------------------
2020-07-05 21:11:15,791:INFO:------------------------------------------------------------------------------------------------
2020-07-05 21:11:38,717:INFO:------------------------------------------------------------------------------------------------
2020-07-05 21:30:06,059:INFO:------------------------------------------------------------------------------------------------
2020-07-05 21:47:56,989:INFO:------------------------------------------------------------------------------------------------
2020-07-05 21:48:30,901:INFO:------------------------------------------------------------------------------------------------
2020-07-05 21:55:39,539:INFO:------------------------------------------------------------------------------------------------
2020-07-05 22:11:20,500:INFO:------------------------------------------------------------------------------------------------
2020-07-05 22:48:03,540:INFO:------------------------------------------------------------------------------------------------
2020-07-05 22:48:35,617:INFO:------------------------------------------------------------------------------------------------
2020-07-05 22:55:40,596:INFO:------------------------------------------------------------------------------------------------
2020-07-05 23:11:25,089:INFO:------------------------------------------------------------------------------------------------
2020-07-05 23:48:09,559:INFO:------------------------------------------------------------------------------------------------
2020-07-05 23:48:40,291:INFO:------------------------------------------------------------------------------------------------
2020-07-05 23:55:41,614:INFO:------------------------------------------------------------------------------------------------
2020-07-06 00:11:29,677:INFO:------------------------------------------------------------------------------------------------
2020-07-06 00:17:45,403:INFO:------------------------------------------------------------------------------------------------
2020-07-06 00:48:17,288:INFO:------------------------------------------------------------------------------------------------
2020-07-06 00:48:45,062:INFO:------------------------------------------------------------------------------------------------
2020-07-06 00:55:42,677:INFO:------------------------------------------------------------------------------------------------
2020-07-06 01:11:34,272:INFO:------------------------------------------------------------------------------------------------
2020-07-06 01:48:24,868:INFO:------------------------------------------------------------------------------------------------
2020-07-06 01:48:49,709:INFO:------------------------------------------------------------------------------------------------
2020-07-06 01:55:43,704:INFO:------------------------------------------------------------------------------------------------
2020-07-06 02:11:38,892:INFO:------------------------------------------------------------------------------------------------
2020-07-06 02:48:32,756:INFO:------------------------------------------------------------------------------------------------
2020-07-06 02:48:54,406:INFO:------------------------------------------------------------------------------------------------
2020-07-06 02:55:44,762:INFO:------------------------------------------------------------------------------------------------
2020-07-06 03:11:43,523:INFO:------------------------------------------------------------------------------------------------
2020-07-06 03:48:40,799:INFO:------------------------------------------------------------------------------------------------
2020-07-06 03:48:59,319:INFO:------------------------------------------------------------------------------------------------
2020-07-06 03:55:45,770:INFO:------------------------------------------------------------------------------------------------
2020-07-06 04:11:48,107:INFO:------------------------------------------------------------------------------------------------
2020-07-06 04:48:48,855:INFO:------------------------------------------------------------------------------------------------
2020-07-06 04:49:04,039:INFO:------------------------------------------------------------------------------------------------
2020-07-06 04:55:46,851:INFO:------------------------------------------------------------------------------------------------
2020-07-06 05:11:52,717:INFO:------------------------------------------------------------------------------------------------
2020-07-06 05:48:56,672:INFO:------------------------------------------------------------------------------------------------
2020-07-06 05:49:08,730:INFO:------------------------------------------------------------------------------------------------
2020-07-06 05:55:47,876:INFO:------------------------------------------------------------------------------------------------
2020-07-06 06:11:57,352:INFO:------------------------------------------------------------------------------------------------
