2020-06-05 06:25:58,570:INFO:------------------------------------------------------------------------------------------------
2020-06-05 06:26:21,586:INFO:------------------------------------------------------------------------------------------------
2020-06-05 06:38:38,994:INFO:------------------------------------------------------------------------------------------------
2020-06-05 07:26:03,355:INFO:------------------------------------------------------------------------------------------------
2020-06-05 07:26:32,130:INFO:------------------------------------------------------------------------------------------------
2020-06-05 07:38:39,121:INFO:------------------------------------------------------------------------------------------------
2020-06-05 07:48:42,283:WARNING:Not Found: /
2020-06-05 08:26:08,183:INFO:------------------------------------------------------------------------------------------------
2020-06-05 08:26:42,919:INFO:------------------------------------------------------------------------------------------------
2020-06-05 08:38:39,273:INFO:------------------------------------------------------------------------------------------------
2020-06-05 09:26:13,174:INFO:------------------------------------------------------------------------------------------------
2020-06-05 09:27:08,394:INFO:------------------------------------------------------------------------------------------------
2020-06-05 09:29:51,372:INFO:------------------------------------------------------------------------------------------------
2020-06-05 09:29:52,420:INFO:ДУГААРАА СОНГОЖ БУЙ ХЭСЭГ
2020-06-05 09:29:52,420:INFO:7
2020-06-05 09:29:52,526:WARNING:Not Found: /favicon.ico
2020-06-05 09:29:53,899:INFO:ДУГААРАА СОНГОЖ БУЙ ХЭСЭГ
2020-06-05 09:29:53,899:INFO:7
2020-06-05 09:29:59,772:INFO:ДУГААРАА СОНГОЖ БУЙ ХЭСЭГ
2020-06-05 09:29:59,772:INFO:7
2020-06-05 09:31:00,749:INFO:ДУГААРАА СОНГОЖ БУЙ ХЭСЭГ
2020-06-05 09:31:00,749:INFO:7
2020-06-05 09:38:39,391:INFO:------------------------------------------------------------------------------------------------
2020-06-05 09:44:17,277:INFO:ДУГААРАА СОНГОЖ БУЙ ХЭСЭГ
2020-06-05 09:44:17,278:INFO:2
2020-06-05 09:44:23,113:INFO:------------------------------------------------------------------------------------------------
2020-06-05 09:44:24,524:INFO:ДУГААРАА СОНГОЖ БУЙ ХЭСЭГ
2020-06-05 09:44:24,524:INFO:7
2020-06-05 09:58:36,574:INFO:ДУГААРАА СОНГОЖ БУЙ ХЭСЭГ
2020-06-05 09:58:36,574:INFO:2
2020-06-05 09:58:40,997:INFO:------------------------------------------------------------------------------------------------
2020-06-05 10:00:09,367:INFO:------------------------------------------------------------------------------------------------
2020-06-05 10:00:19,078:INFO:------------------------------------------------------------------------------------------------
2020-06-05 10:09:49,130:INFO:ДУГААРАА СОНГОЖ БУЙ ХЭСЭГ
2020-06-05 10:09:49,131:INFO:------------------------------------------------------------------------------------------------
2020-06-05 10:09:49,131:INFO:7
2020-06-05 10:10:02,210:INFO:------------------------------------------------------------------------------------------------
2020-06-05 10:11:29,214:INFO:------------------------------------------------------------------------------------------------
2020-06-05 10:11:49,056:INFO:------------------------------------------------------------------------------------------------
2020-06-05 10:14:05,271:INFO:------------------------------------------------------------------------------------------------
2020-06-05 10:14:06,615:INFO:ДУГААРАА СОНГОЖ БУЙ ХЭСЭГ
2020-06-05 10:14:06,615:INFO:7
2020-06-05 10:26:17,908:INFO:------------------------------------------------------------------------------------------------
2020-06-05 10:27:19,393:INFO:------------------------------------------------------------------------------------------------
2020-06-05 10:28:21,988:INFO:------------------------------------------------------------------------------------------------
2020-06-05 10:28:26,395:INFO:ДУГААРАА СОНГОЖ БУЙ ХЭСЭГ
2020-06-05 10:28:26,395:INFO:2
2020-06-05 10:28:26,697:WARNING:Not Found: /favicon.ico
2020-06-05 10:28:27,961:INFO:------------------------------------------------------------------------------------------------
2020-06-05 10:28:29,011:INFO:ДУГААРАА СОНГОЖ БУЙ ХЭСЭГ
2020-06-05 10:28:29,011:INFO:7
2020-06-05 10:28:29,892:INFO:------------------------------------------------------------------------------------------------
2020-06-05 10:28:30,727:INFO:ДУГААРАА СОНГОЖ БУЙ ХЭСЭГ
2020-06-05 10:28:30,727:INFO:2
2020-06-05 10:28:31,417:INFO:------------------------------------------------------------------------------------------------
2020-06-05 10:28:32,235:INFO:ДУГААРАА СОНГОЖ БУЙ ХЭСЭГ
2020-06-05 10:28:32,235:INFO:2
2020-06-05 10:28:33,864:INFO:ДУГААРАА СОНГОЖ БУЙ ХЭСЭГ
2020-06-05 10:28:33,865:INFO:2
2020-06-05 10:28:45,922:INFO:ДУГААРАА СОНГОЖ БУЙ ХЭСЭГ
2020-06-05 10:28:45,922:INFO:2
2020-06-05 10:29:09,521:INFO:ДУГААРАА СОНГОЖ БУЙ ХЭСЭГ
2020-06-05 10:29:09,521:INFO:2
2020-06-05 10:29:38,963:INFO:------------------------------------------------------------------------------------------------
2020-06-05 10:29:44,706:INFO:ДУГААРАА СОНГОЖ БУЙ ХЭСЭГ
2020-06-05 10:29:44,707:INFO:2
2020-06-05 10:29:52,671:INFO:ДУГААРАА СОНГОЖ БУЙ ХЭСЭГ
2020-06-05 10:29:52,671:INFO:2
2020-06-05 10:32:46,449:INFO:------------------------------------------------------------------------------------------------
2020-06-05 10:32:47,291:INFO:ДУГААРАА СОНГОЖ БУЙ ХЭСЭГ
2020-06-05 10:32:47,291:INFO:2
2020-06-05 10:32:49,107:INFO:ДУГААРАА СОНГОЖ БУЙ ХЭСЭГ
2020-06-05 10:32:49,107:INFO:2
2020-06-05 10:38:39,526:INFO:------------------------------------------------------------------------------------------------
2020-06-05 10:46:44,844:INFO:ДУГААРАА СОНГОЖ БУЙ ХЭСЭГ
2020-06-05 10:46:44,844:INFO:7
2020-06-05 10:46:45,105:WARNING:Not Found: /favicon.ico
2020-06-05 10:46:48,059:INFO:ДУГААРАА СОНГОЖ БУЙ ХЭСЭГ
2020-06-05 10:46:48,059:INFO:7
2020-06-05 10:49:12,677:INFO:ДУГААРАА СОНГОЖ БУЙ ХЭСЭГ
2020-06-05 10:49:12,678:INFO:2
2020-06-05 10:52:25,439:INFO:ДУГААРАА СОНГОЖ БУЙ ХЭСЭГ
2020-06-05 10:52:25,440:INFO:2
2020-06-05 10:58:41,180:INFO:------------------------------------------------------------------------------------------------
2020-06-05 11:00:19,936:INFO:------------------------------------------------------------------------------------------------
2020-06-05 11:09:50,460:INFO:------------------------------------------------------------------------------------------------
2020-06-05 11:12:05,732:INFO:------------------------------------------------------------------------------------------------
2020-06-05 11:26:22,584:INFO:------------------------------------------------------------------------------------------------
2020-06-05 11:27:30,120:INFO:------------------------------------------------------------------------------------------------
2020-06-05 11:29:15,032:INFO:------------------------------------------------------------------------------------------------
2020-06-05 11:38:39,674:INFO:------------------------------------------------------------------------------------------------
2020-06-05 11:42:47,373:INFO:ДУГААРАА СОНГОЖ БУЙ ХЭСЭГ
2020-06-05 11:42:47,373:INFO:7
2020-06-05 11:42:47,652:WARNING:Not Found: /favicon.ico
2020-06-05 11:43:03,998:INFO:ДУГААРЫН ҮНЭ
2020-06-05 11:43:04,001:INFO:10000
2020-06-05 11:58:41,315:INFO:------------------------------------------------------------------------------------------------
2020-06-05 12:00:24,732:INFO:------------------------------------------------------------------------------------------------
2020-06-05 12:02:23,250:INFO:------------------------------------------------------------------------------------------------
2020-06-05 12:02:24,319:INFO:ДУГААРАА СОНГОЖ БУЙ ХЭСЭГ
2020-06-05 12:02:24,320:INFO:2
2020-06-05 12:09:50,589:INFO:------------------------------------------------------------------------------------------------
2020-06-05 12:12:22,389:INFO:------------------------------------------------------------------------------------------------
2020-06-05 12:24:05,306:INFO:------------------------------------------------------------------------------------------------
2020-06-05 12:24:06,428:INFO:ДУГААРАА СОНГОЖ БУЙ ХЭСЭГ
2020-06-05 12:24:06,428:INFO:7
2020-06-05 12:26:27,343:INFO:------------------------------------------------------------------------------------------------
2020-06-05 12:27:40,824:INFO:------------------------------------------------------------------------------------------------
2020-06-05 12:34:18,939:INFO:ДУГААРАА СОНГОЖ БУЙ ХЭСЭГ
2020-06-05 12:34:18,939:INFO:7
2020-06-05 12:34:45,497:INFO:------------------------------------------------------------------------------------------------
2020-06-05 12:34:46,993:INFO:ДУГААРАА СОНГОЖ БУЙ ХЭСЭГ
2020-06-05 12:34:46,993:INFO:2
2020-06-05 12:34:47,221:WARNING:Not Found: /favicon.ico
2020-06-05 12:38:39,779:INFO:------------------------------------------------------------------------------------------------
2020-06-05 12:50:28,195:INFO:ДУГААРАА СОНГОЖ БУЙ ХЭСЭГ
2020-06-05 12:50:28,196:INFO:2
2020-06-05 12:53:25,483:INFO:ДУГААРАА СОНГОЖ БУЙ ХЭСЭГ
2020-06-05 12:53:25,484:INFO:2
2020-06-05 12:53:42,189:WARNING:Not Found: /favicon.ico
2020-06-05 12:56:56,516:INFO:ДУГААРЫН ҮНЭ
2020-06-05 12:56:56,519:INFO:5000
2020-06-05 12:58:41,413:INFO:------------------------------------------------------------------------------------------------
2020-06-05 13:00:29,504:INFO:------------------------------------------------------------------------------------------------
2020-06-05 13:09:50,688:INFO:------------------------------------------------------------------------------------------------
2020-06-05 13:25:11,191:INFO:------------------------------------------------------------------------------------------------
2020-06-05 13:25:12,649:INFO:ДУГААРАА СОНГОЖ БУЙ ХЭСЭГ
2020-06-05 13:25:12,649:INFO:7
2020-06-05 13:26:32,013:INFO:------------------------------------------------------------------------------------------------
2020-06-05 13:27:52,651:INFO:------------------------------------------------------------------------------------------------
2020-06-05 13:38:39,894:INFO:------------------------------------------------------------------------------------------------
2020-06-05 13:46:49,320:INFO:ДУГААРАА СОНГОЖ БУЙ ХЭСЭГ
2020-06-05 13:46:49,321:INFO:7
2020-06-05 13:46:57,419:INFO:ДУГААРАА СОНГОЖ БУЙ ХЭСЭГ
2020-06-05 13:46:57,419:INFO:7
2020-06-05 13:47:02,063:INFO:ДУГААРАА СОНГОЖ БУЙ ХЭСЭГ
2020-06-05 13:47:02,063:INFO:7
2020-06-05 13:47:03,770:INFO:ДУГААРАА СОНГОЖ БУЙ ХЭСЭГ
2020-06-05 13:47:03,770:INFO:7
2020-06-05 13:47:10,161:INFO:ДУГААРАА СОНГОЖ БУЙ ХЭСЭГ
2020-06-05 13:47:10,161:INFO:7
2020-06-05 13:47:14,166:INFO:ДУГААРАА СОНГОЖ БУЙ ХЭСЭГ
2020-06-05 13:47:14,167:INFO:7
2020-06-05 13:47:20,010:INFO:ДУГААРАА СОНГОЖ БУЙ ХЭСЭГ
2020-06-05 13:47:20,010:INFO:7
2020-06-05 13:47:23,183:INFO:ДУГААРАА СОНГОЖ БУЙ ХЭСЭГ
2020-06-05 13:47:23,183:INFO:7
2020-06-05 13:47:30,936:INFO:ДУГААРАА СОНГОЖ БУЙ ХЭСЭГ
2020-06-05 13:47:30,936:INFO:7
2020-06-05 13:49:28,687:INFO:------------------------------------------------------------------------------------------------
2020-06-05 13:49:32,098:INFO:ДУГААРАА СОНГОЖ БУЙ ХЭСЭГ
2020-06-05 13:49:32,098:INFO:7
2020-06-05 13:50:59,328:INFO:ДУГААРЫН ҮНЭ
2020-06-05 13:50:59,331:INFO:10000
2020-06-05 13:52:11,156:INFO:------------------------------------------------------------------------------------------------
2020-06-05 13:53:04,290:INFO:------------------------------------------------------------------------------------------------
2020-06-05 13:53:06,067:INFO:ДУГААРАА СОНГОЖ БУЙ ХЭСЭГ
2020-06-05 13:53:06,068:INFO:7
2020-06-05 13:53:09,319:INFO:ДУГААРАА СОНГОЖ БУЙ ХЭСЭГ
2020-06-05 13:53:09,319:INFO:7
2020-06-05 13:53:31,639:INFO:ДУГААРАА СОНГОЖ БУЙ ХЭСЭГ
2020-06-05 13:53:31,639:INFO:7
2020-06-05 13:54:01,933:INFO:ДУГААРЫН ҮНЭ
2020-06-05 13:54:01,936:INFO:10000
2020-06-05 13:57:04,155:INFO:------------------------------------------------------------------------------------------------
2020-06-05 13:57:05,408:INFO:ДУГААРАА СОНГОЖ БУЙ ХЭСЭГ
2020-06-05 13:57:05,409:INFO:2
2020-06-05 13:57:05,652:WARNING:Not Found: /favicon.ico
2020-06-05 13:57:27,302:INFO:ДУГААРЫН ҮНЭ
2020-06-05 13:57:27,304:INFO:5000
2020-06-05 13:58:03,417:INFO:ДУГААРАА СОНГОЖ БУЙ ХЭСЭГ
2020-06-05 13:58:03,418:INFO:7
2020-06-05 13:58:41,503:INFO:------------------------------------------------------------------------------------------------
2020-06-05 14:00:34,286:INFO:------------------------------------------------------------------------------------------------
2020-06-05 14:18:12,825:INFO:ДУГААРАА СОНГОЖ БУЙ ХЭСЭГ
2020-06-05 14:18:12,825:INFO:7
2020-06-05 14:18:17,915:WARNING:Not Found: /favicon.ico
2020-06-05 14:19:45,808:INFO:------------------------------------------------------------------------------------------------
2020-06-05 14:19:47,233:INFO:ДУГААРАА СОНГОЖ БУЙ ХЭСЭГ
2020-06-05 14:19:47,234:INFO:2
2020-06-05 14:22:03,931:INFO:ДУГААРАА СОНГОЖ БУЙ ХЭСЭГ
2020-06-05 14:22:03,931:INFO:2
2020-06-05 14:24:09,160:INFO:ДУГААРЫН ҮНЭ
2020-06-05 14:24:09,163:INFO:5000
2020-06-05 14:25:31,775:INFO:------------------------------------------------------------------------------------------------
2020-06-05 14:25:32,848:INFO:ДУГААРАА СОНГОЖ БУЙ ХЭСЭГ
2020-06-05 14:25:32,848:INFO:2
2020-06-05 14:26:36,705:INFO:------------------------------------------------------------------------------------------------
2020-06-05 14:27:54,700:INFO:------------------------------------------------------------------------------------------------
2020-06-05 14:28:03,670:INFO:------------------------------------------------------------------------------------------------
2020-06-05 14:28:12,992:INFO:ДУГААРАА СОНГОЖ БУЙ ХЭСЭГ
2020-06-05 14:28:12,992:INFO:2
2020-06-05 14:36:31,757:INFO:------------------------------------------------------------------------------------------------
2020-06-05 14:36:33,087:INFO:ДУГААРАА СОНГОЖ БУЙ ХЭСЭГ
2020-06-05 14:36:33,088:INFO:2
2020-06-05 14:51:08,318:INFO:ДУГААРЫН ҮНЭ
2020-06-05 14:51:08,320:INFO:5000
2020-06-05 14:54:54,614:INFO:ДУГААРАА СОНГОЖ БУЙ ХЭСЭГ
2020-06-05 14:54:54,615:INFO:2
2020-06-05 14:55:52,525:INFO:ДУГААРАА СОНГОЖ БУЙ ХЭСЭГ
2020-06-05 14:55:52,526:INFO:2
2020-06-05 14:56:34,323:INFO:ДУГААРЫН ҮНЭ
2020-06-05 14:56:34,325:INFO:5000
2020-06-05 14:57:26,909:INFO:------------------------------------------------------------------------------------------------
2020-06-05 14:57:32,424:INFO:ДУГААРАА СОНГОЖ БУЙ ХЭСЭГ
2020-06-05 14:57:32,424:INFO:2
2020-06-05 14:57:32,777:WARNING:Not Found: /favicon.ico
2020-06-05 14:57:41,247:INFO:ДУГААРЫН ҮНЭ
2020-06-05 14:57:41,249:INFO:10000
2020-06-05 14:57:47,587:INFO:ДУГААРЫН ZAHIALGA
2020-06-05 14:57:55,566:INFO:------------------------------------------------------------------------------------------------
2020-06-05 14:57:56,937:INFO:ДУГААРАА СОНГОЖ БУЙ ХЭСЭГ
2020-06-05 14:57:56,938:INFO:2
2020-06-05 14:58:24,563:INFO:ДУГААРЫН ҮНЭ
2020-06-05 14:58:24,565:INFO:5000
2020-06-05 14:58:41,590:INFO:------------------------------------------------------------------------------------------------
2020-06-05 14:59:47,699:INFO:------------------------------------------------------------------------------------------------
2020-06-05 15:00:29,259:INFO:ДУГААРЫН ҮНЭ
2020-06-05 15:00:29,261:INFO:5000
2020-06-05 15:00:39,077:INFO:------------------------------------------------------------------------------------------------
2020-06-05 15:00:44,662:INFO:ДУГААРЫН ҮНЭ
2020-06-05 15:00:44,664:INFO:5000
2020-06-05 15:00:54,914:INFO:ДУГААРЫН ҮНЭ
2020-06-05 15:00:54,917:INFO:5000
2020-06-05 15:01:01,715:INFO:ДУГААРЫН ҮНЭ
2020-06-05 15:01:01,718:INFO:5000
2020-06-05 15:01:07,240:INFO:------------------------------------------------------------------------------------------------
2020-06-05 15:01:11,889:INFO:ДУГААРЫН ҮНЭ
2020-06-05 15:01:11,891:INFO:5000
2020-06-05 15:02:10,104:INFO:ДУГААРЫН ҮНЭ
2020-06-05 15:02:10,107:INFO:5000
2020-06-05 15:02:40,564:INFO:ДУГААРЫН ҮНЭ
2020-06-05 15:02:40,566:INFO:5000
2020-06-05 15:19:55,959:INFO:------------------------------------------------------------------------------------------------
2020-06-05 15:19:56,816:INFO:ДУГААРАА СОНГОЖ БУЙ ХЭСЭГ
2020-06-05 15:19:56,816:INFO:7
2020-06-05 15:20:12,317:INFO:ДУГААРЫН ҮНЭ
2020-06-05 15:20:12,319:INFO:10000
2020-06-05 15:23:48,072:INFO:------------------------------------------------------------------------------------------------
2020-06-05 15:23:49,252:INFO:ДУГААРАА СОНГОЖ БУЙ ХЭСЭГ
2020-06-05 15:23:49,252:INFO:7
2020-06-05 15:26:07,567:INFO:------------------------------------------------------------------------------------------------
2020-06-05 15:26:09,186:INFO:ДУГААРАА СОНГОЖ БУЙ ХЭСЭГ
2020-06-05 15:26:09,186:INFO:2
2020-06-05 15:26:41,478:INFO:------------------------------------------------------------------------------------------------
2020-06-05 15:27:07,343:INFO:ДУГААРЫН ҮНЭ
2020-06-05 15:27:07,346:INFO:5000
2020-06-05 15:27:13,782:INFO:ДУГААРЫН ҮНЭ
2020-06-05 15:27:13,784:INFO:5000
2020-06-05 15:27:30,725:INFO:ДУГААРЫН ZAHIALGA
2020-06-05 15:27:34,131:INFO:------------------------------------------------------------------------------------------------
2020-06-05 15:28:14,237:INFO:------------------------------------------------------------------------------------------------
2020-06-05 15:35:35,903:INFO:------------------------------------------------------------------------------------------------
2020-06-05 15:35:37,323:INFO:ДУГААРАА СОНГОЖ БУЙ ХЭСЭГ
2020-06-05 15:35:37,323:INFO:7
2020-06-05 15:35:37,633:WARNING:Not Found: /favicon.ico
2020-06-05 15:39:07,098:INFO:------------------------------------------------------------------------------------------------
2020-06-05 15:39:08,455:INFO:ДУГААРАА СОНГОЖ БУЙ ХЭСЭГ
2020-06-05 15:39:08,455:INFO:7
2020-06-05 15:42:48,378:INFO:ДУГААРАА СОНГОЖ БУЙ ХЭСЭГ
2020-06-05 15:42:48,378:INFO:7
2020-06-05 15:49:21,143:INFO:ДУГААРАА СОНГОЖ БУЙ ХЭСЭГ
2020-06-05 15:49:21,143:INFO:2
2020-06-05 15:55:54,373:INFO:ДУГААРЫН ҮНЭ
2020-06-05 15:55:54,376:INFO:10000
2020-06-05 15:56:03,339:INFO:------------------------------------------------------------------------------------------------
2020-06-05 15:56:04,268:INFO:ДУГААРАА СОНГОЖ БУЙ ХЭСЭГ
2020-06-05 15:56:04,268:INFO:7
2020-06-05 15:56:04,369:WARNING:Not Found: /favicon.ico
2020-06-05 15:56:07,172:INFO:ДУГААРАА СОНГОЖ БУЙ ХЭСЭГ
2020-06-05 15:56:07,172:INFO:7
2020-06-05 15:56:13,534:INFO:ДУГААРАА СОНГОЖ БУЙ ХЭСЭГ
2020-06-05 15:56:13,535:INFO:7
2020-06-05 15:58:37,725:INFO:ДУГААРАА СОНГОЖ БУЙ ХЭСЭГ
2020-06-05 15:58:37,725:INFO:7
2020-06-05 15:58:39,915:INFO:ДУГААРАА СОНГОЖ БУЙ ХЭСЭГ
2020-06-05 15:58:39,915:INFO:7
2020-06-05 15:58:40,563:INFO:ДУГААРАА СОНГОЖ БУЙ ХЭСЭГ
2020-06-05 15:58:40,563:INFO:7
2020-06-05 15:58:55,524:INFO:ДУГААРАА СОНГОЖ БУЙ ХЭСЭГ
2020-06-05 15:58:55,525:INFO:7
2020-06-05 15:59:24,255:INFO:ДУГААРЫН ҮНЭ
2020-06-05 15:59:24,257:INFO:5000
2020-06-05 15:59:47,869:INFO:------------------------------------------------------------------------------------------------
2020-06-05 16:00:33,007:INFO:------------------------------------------------------------------------------------------------
2020-06-05 16:00:43,861:INFO:------------------------------------------------------------------------------------------------
2020-06-05 16:01:08,039:INFO:------------------------------------------------------------------------------------------------
2020-06-05 16:03:20,819:INFO:ДУГААРАА СОНГОЖ БУЙ ХЭСЭГ
2020-06-05 16:03:20,820:INFO:7
2020-06-05 16:05:22,508:INFO:ДУГААРАА СОНГОЖ БУЙ ХЭСЭГ
2020-06-05 16:05:22,508:INFO:7
2020-06-05 16:05:32,727:INFO:------------------------------------------------------------------------------------------------
2020-06-05 16:05:34,698:INFO:ДУГААРАА СОНГОЖ БУЙ ХЭСЭГ
2020-06-05 16:05:34,698:INFO:2
2020-06-05 16:05:56,740:INFO:------------------------------------------------------------------------------------------------
2020-06-05 16:05:58,042:INFO:ДУГААРАА СОНГОЖ БУЙ ХЭСЭГ
2020-06-05 16:05:58,042:INFO:2
2020-06-05 16:05:58,405:WARNING:Not Found: /favicon.ico
2020-06-05 16:07:02,314:INFO:ДУГААРАА СОНГОЖ БУЙ ХЭСЭГ
2020-06-05 16:07:02,315:INFO:7
2020-06-05 16:07:33,314:INFO:ДУГААРАА СОНГОЖ БУЙ ХЭСЭГ
2020-06-05 16:07:33,314:INFO:7
2020-06-05 16:09:23,689:INFO:ДУГААРЫН ҮНЭ
2020-06-05 16:09:23,691:INFO:5000
2020-06-05 16:12:31,671:INFO:ДУГААРАА СОНГОЖ БУЙ ХЭСЭГ
2020-06-05 16:12:31,671:INFO:2
2020-06-05 16:12:49,990:INFO:ДУГААРАА СОНГОЖ БУЙ ХЭСЭГ
2020-06-05 16:12:49,990:INFO:2
2020-06-05 16:13:08,681:INFO:------------------------------------------------------------------------------------------------
2020-06-05 16:13:10,824:INFO:ДУГААРАА СОНГОЖ БУЙ ХЭСЭГ
2020-06-05 16:13:10,824:INFO:7
2020-06-05 16:13:12,460:INFO:ДУГААРАА СОНГОЖ БУЙ ХЭСЭГ
2020-06-05 16:13:12,460:INFO:7
2020-06-05 16:13:14,353:INFO:ДУГААРАА СОНГОЖ БУЙ ХЭСЭГ
2020-06-05 16:13:14,354:INFO:7
2020-06-05 16:15:16,450:INFO:ДУГААРАА СОНГОЖ БУЙ ХЭСЭГ
2020-06-05 16:15:16,451:INFO:7
2020-06-05 16:15:16,492:INFO:ДУГААРАА СОНГОЖ БУЙ ХЭСЭГ
2020-06-05 16:15:16,492:INFO:7
2020-06-05 16:15:16,896:INFO:------------------------------------------------------------------------------------------------
2020-06-05 16:15:18,662:INFO:ДУГААРАА СОНГОЖ БУЙ ХЭСЭГ
2020-06-05 16:15:18,663:INFO:7
2020-06-05 16:24:04,246:INFO:------------------------------------------------------------------------------------------------
2020-06-05 16:24:05,760:INFO:ДУГААРАА СОНГОЖ БУЙ ХЭСЭГ
2020-06-05 16:24:05,761:INFO:2
2020-06-05 16:26:46,179:INFO:------------------------------------------------------------------------------------------------
2020-06-05 16:27:26,959:INFO:ДУГААРЫН ҮНЭ
2020-06-05 16:27:26,962:INFO:10000
2020-06-05 16:28:50,760:INFO:------------------------------------------------------------------------------------------------
2020-06-05 16:30:23,141:INFO:ДУГААРАА СОНГОЖ БУЙ ХЭСЭГ
2020-06-05 16:30:23,141:INFO:2
2020-06-05 17:00:33,137:INFO:------------------------------------------------------------------------------------------------
2020-06-05 17:00:48,645:INFO:------------------------------------------------------------------------------------------------
2020-06-05 17:01:35,029:INFO:------------------------------------------------------------------------------------------------
2020-06-05 17:01:40,465:INFO:ДУГААРАА СОНГОЖ БУЙ ХЭСЭГ
2020-06-05 17:01:40,465:INFO:7
2020-06-05 17:03:47,160:INFO:ДУГААРЫН ҮНЭ
2020-06-05 17:03:47,163:INFO:10000
2020-06-05 17:04:06,132:INFO:ДУГААРАА СОНГОЖ БУЙ ХЭСЭГ
2020-06-05 17:04:06,132:INFO:7
2020-06-05 17:04:13,285:INFO:ДУГААРАА СОНГОЖ БУЙ ХЭСЭГ
2020-06-05 17:04:13,285:INFO:7
2020-06-05 17:04:20,274:INFO:ДУГААРАА СОНГОЖ БУЙ ХЭСЭГ
2020-06-05 17:04:20,275:INFO:7
2020-06-05 17:04:28,490:INFO:ДУГААРАА СОНГОЖ БУЙ ХЭСЭГ
2020-06-05 17:04:28,490:INFO:7
2020-06-05 17:11:28,967:INFO:ДУГААРАА СОНГОЖ БУЙ ХЭСЭГ
2020-06-05 17:11:28,967:INFO:7
2020-06-05 17:13:22,643:INFO:------------------------------------------------------------------------------------------------
2020-06-05 17:13:26,054:INFO:ДУГААРАА СОНГОЖ БУЙ ХЭСЭГ
2020-06-05 17:13:26,054:INFO:7
2020-06-05 17:13:42,753:INFO:ДУГААРАА СОНГОЖ БУЙ ХЭСЭГ
2020-06-05 17:13:42,754:INFO:7
2020-06-05 17:14:08,166:INFO:------------------------------------------------------------------------------------------------
2020-06-05 17:14:09,627:INFO:ДУГААРАА СОНГОЖ БУЙ ХЭСЭГ
2020-06-05 17:14:09,627:INFO:7
2020-06-05 17:16:27,103:INFO:ДУГААРАА СОНГОЖ БУЙ ХЭСЭГ
2020-06-05 17:16:27,103:INFO:7
2020-06-05 17:16:31,221:ERROR:Internal Server Error: /getnumber
Traceback (most recent call last):
  File "/usr/local/lib/python2.7/dist-packages/django/core/handlers/exception.py", line 41, in inner
    response = get_response(request)
  File "/usr/local/lib/python2.7/dist-packages/django/core/handlers/base.py", line 187, in _get_response
    response = self.process_exception_by_middleware(e, request)
  File "/usr/local/lib/python2.7/dist-packages/django/core/handlers/base.py", line 185, in _get_response
    response = wrapped_callback(request, *callback_args, **callback_kwargs)
  File "/usr/local/lib/python2.7/dist-packages/django/views/decorators/csrf.py", line 58, in wrapped_view
    return view_func(*args, **kwargs)
  File "/usr/local/lib/python2.7/dist-packages/django/views/generic/base.py", line 68, in view
    return self.dispatch(request, *args, **kwargs)
  File "/usr/local/lib/python2.7/dist-packages/rest_framework/views.py", line 495, in dispatch
    response = self.handle_exception(exc)
  File "/usr/local/lib/python2.7/dist-packages/rest_framework/views.py", line 455, in handle_exception
    self.raise_uncaught_exception(exc)
  File "/usr/local/lib/python2.7/dist-packages/rest_framework/views.py", line 492, in dispatch
    response = handler(request, *args, **kwargs)
  File "/usr/local/lib/python2.7/dist-packages/rest_framework/decorators.py", line 55, in handler
    return func(*args, **kwargs)
  File "/home/user/nFilterNew/controller/views.py", line 206, in getNumber
    if data[1] == az:
IndexError: list index out of range
2020-06-05 17:17:33,438:INFO:ДУГААРАА СОНГОЖ БУЙ ХЭСЭГ
2020-06-05 17:17:33,438:INFO:7
2020-06-05 17:18:26,734:INFO:ДУГААРАА СОНГОЖ БУЙ ХЭСЭГ
2020-06-05 17:18:26,734:INFO:7
2020-06-05 17:18:38,310:INFO:ДУГААРАА СОНГОЖ БУЙ ХЭСЭГ
2020-06-05 17:18:38,310:INFO:7
2020-06-05 17:18:39,185:INFO:ДУГААРАА СОНГОЖ БУЙ ХЭСЭГ
2020-06-05 17:18:39,185:INFO:7
2020-06-05 17:22:30,291:INFO:ДУГААРАА СОНГОЖ БУЙ ХЭСЭГ
2020-06-05 17:22:30,291:INFO:7
2020-06-05 17:22:30,864:WARNING:Not Found: /favicon.ico
2020-06-05 17:26:50,890:INFO:------------------------------------------------------------------------------------------------
2020-06-05 17:27:29,555:INFO:------------------------------------------------------------------------------------------------
2020-06-05 17:27:30,783:INFO:ДУГААРАА СОНГОЖ БУЙ ХЭСЭГ
2020-06-05 17:27:30,783:INFO:2
2020-06-05 17:29:02,796:INFO:------------------------------------------------------------------------------------------------
2020-06-05 18:00:33,251:INFO:------------------------------------------------------------------------------------------------
2020-06-05 18:06:06,120:INFO:------------------------------------------------------------------------------------------------
2020-06-05 18:06:08,538:INFO:ДУГААРАА СОНГОЖ БУЙ ХЭСЭГ
2020-06-05 18:06:08,539:INFO:7
2020-06-05 18:06:11,357:INFO:ДУГААРАА СОНГОЖ БУЙ ХЭСЭГ
2020-06-05 18:06:11,358:INFO:7
2020-06-05 18:09:20,022:INFO:ДУГААРАА СОНГОЖ БУЙ ХЭСЭГ
2020-06-05 18:09:20,022:INFO:7
2020-06-05 18:16:57,738:INFO:ДУГААРАА СОНГОЖ БУЙ ХЭСЭГ
2020-06-05 18:16:57,738:INFO:2
2020-06-05 18:17:35,417:INFO:ДУГААРАА СОНГОЖ БУЙ ХЭСЭГ
2020-06-05 18:17:35,417:INFO:2
2020-06-05 18:17:38,213:INFO:ДУГААРАА СОНГОЖ БУЙ ХЭСЭГ
2020-06-05 18:17:38,213:INFO:2
2020-06-05 18:17:39,925:INFO:ДУГААРАА СОНГОЖ БУЙ ХЭСЭГ
2020-06-05 18:17:39,926:INFO:2
2020-06-05 18:18:07,290:INFO:ДУГААРАА СОНГОЖ БУЙ ХЭСЭГ
2020-06-05 18:18:07,291:INFO:2
2020-06-05 18:18:09,090:INFO:ДУГААРАА СОНГОЖ БУЙ ХЭСЭГ
2020-06-05 18:18:09,091:INFO:2
2020-06-05 18:18:20,953:INFO:ДУГААРАА СОНГОЖ БУЙ ХЭСЭГ
2020-06-05 18:18:20,954:INFO:2
2020-06-05 18:19:10,379:INFO:ДУГААРАА СОНГОЖ БУЙ ХЭСЭГ
2020-06-05 18:19:10,379:INFO:2
2020-06-05 18:19:10,902:INFO:------------------------------------------------------------------------------------------------
2020-06-05 18:19:13,739:INFO:ДУГААРАА СОНГОЖ БУЙ ХЭСЭГ
2020-06-05 18:19:13,739:INFO:2
2020-06-05 18:19:40,356:INFO:ДУГААРЫН ҮНЭ
2020-06-05 18:19:40,358:INFO:5000
2020-06-05 18:22:42,439:INFO:ДУГААРАА СОНГОЖ БУЙ ХЭСЭГ
2020-06-05 18:22:42,440:INFO:2
2020-06-05 18:22:49,775:INFO:------------------------------------------------------------------------------------------------
2020-06-05 18:26:55,746:INFO:------------------------------------------------------------------------------------------------
2020-06-05 18:28:02,105:INFO:------------------------------------------------------------------------------------------------
2020-06-05 18:28:04,255:INFO:ДУГААРАА СОНГОЖ БУЙ ХЭСЭГ
2020-06-05 18:28:04,255:INFO:7
2020-06-05 18:29:15,048:INFO:------------------------------------------------------------------------------------------------
2020-06-05 18:31:50,662:INFO:------------------------------------------------------------------------------------------------
2020-06-05 18:31:53,059:INFO:ДУГААРАА СОНГОЖ БУЙ ХЭСЭГ
2020-06-05 18:31:53,060:INFO:7
2020-06-05 18:32:31,688:INFO:------------------------------------------------------------------------------------------------
2020-06-05 18:32:33,553:INFO:------------------------------------------------------------------------------------------------
2020-06-05 18:32:35,573:INFO:ДУГААРАА СОНГОЖ БУЙ ХЭСЭГ
2020-06-05 18:32:35,573:INFO:2
2020-06-05 18:32:35,936:WARNING:Not Found: /favicon.ico
2020-06-05 18:32:46,099:INFO:ДУГААРЫН ҮНЭ
2020-06-05 18:32:46,102:INFO:5000
2020-06-05 18:32:48,192:INFO:ДУГААРЫН ҮНЭ
2020-06-05 18:32:48,194:INFO:5000
2020-06-05 18:32:48,209:INFO:ДУГААРЫН ҮНЭ
2020-06-05 18:32:48,211:INFO:5000
2020-06-05 18:48:59,506:INFO:------------------------------------------------------------------------------------------------
2020-06-05 18:49:01,052:INFO:ДУГААРАА СОНГОЖ БУЙ ХЭСЭГ
2020-06-05 18:49:01,053:INFO:2
2020-06-05 18:49:48,311:INFO:ДУГААРЫН ҮНЭ
2020-06-05 18:49:48,313:INFO:5000
2020-06-05 19:11:31,375:INFO:------------------------------------------------------------------------------------------------
2020-06-05 19:11:41,255:INFO:ДУГААРАА СОНГОЖ БУЙ ХЭСЭГ
2020-06-05 19:11:41,255:INFO:2
2020-06-05 19:12:10,887:INFO:ДУГААРАА СОНГОЖ БУЙ ХЭСЭГ
2020-06-05 19:12:10,888:INFO:2
2020-06-05 19:12:16,638:INFO:ДУГААРАА СОНГОЖ БУЙ ХЭСЭГ
2020-06-05 19:12:16,638:INFO:2
2020-06-05 19:12:26,627:INFO:ДУГААРАА СОНГОЖ БУЙ ХЭСЭГ
2020-06-05 19:12:26,627:INFO:2
2020-06-05 19:13:13,105:INFO:ДУГААРАА СОНГОЖ БУЙ ХЭСЭГ
2020-06-05 19:13:13,105:INFO:2
2020-06-05 19:13:23,151:INFO:------------------------------------------------------------------------------------------------
2020-06-05 19:13:30,126:INFO:ДУГААРАА СОНГОЖ БУЙ ХЭСЭГ
2020-06-05 19:13:30,126:INFO:7
2020-06-05 19:13:47,628:INFO:------------------------------------------------------------------------------------------------
2020-06-05 19:13:53,229:INFO:ДУГААРАА СОНГОЖ БУЙ ХЭСЭГ
2020-06-05 19:13:53,230:INFO:2
2020-06-05 19:15:56,879:INFO:ДУГААРЫН ҮНЭ
2020-06-05 19:15:56,882:INFO:5000
2020-06-05 19:16:33,970:INFO:ДУГААРЫН ҮНЭ
2020-06-05 19:16:33,973:INFO:5000
2020-06-05 19:22:54,610:INFO:------------------------------------------------------------------------------------------------
2020-06-05 19:27:00,684:INFO:------------------------------------------------------------------------------------------------
2020-06-05 19:29:25,625:INFO:------------------------------------------------------------------------------------------------
2020-06-05 20:12:25,303:ERROR:Internal Server Error: /getnumber
Traceback (most recent call last):
  File "/usr/local/lib/python2.7/dist-packages/django/core/handlers/exception.py", line 41, in inner
    response = get_response(request)
  File "/usr/local/lib/python2.7/dist-packages/django/core/handlers/base.py", line 187, in _get_response
    response = self.process_exception_by_middleware(e, request)
  File "/usr/local/lib/python2.7/dist-packages/django/core/handlers/base.py", line 185, in _get_response
    response = wrapped_callback(request, *callback_args, **callback_kwargs)
  File "/usr/local/lib/python2.7/dist-packages/django/views/decorators/csrf.py", line 58, in wrapped_view
    return view_func(*args, **kwargs)
  File "/usr/local/lib/python2.7/dist-packages/django/views/generic/base.py", line 68, in view
    return self.dispatch(request, *args, **kwargs)
  File "/usr/local/lib/python2.7/dist-packages/rest_framework/views.py", line 495, in dispatch
    response = self.handle_exception(exc)
  File "/usr/local/lib/python2.7/dist-packages/rest_framework/views.py", line 455, in handle_exception
    self.raise_uncaught_exception(exc)
  File "/usr/local/lib/python2.7/dist-packages/rest_framework/views.py", line 492, in dispatch
    response = handler(request, *args, **kwargs)
  File "/usr/local/lib/python2.7/dist-packages/rest_framework/decorators.py", line 55, in handler
    return func(*args, **kwargs)
  File "/home/user/nFilterNew/controller/views.py", line 206, in getNumber
    if data[1] == az:
IndexError: list index out of range
2020-06-05 20:12:26,622:INFO:------------------------------------------------------------------------------------------------
2020-06-05 20:12:28,812:INFO:ДУГААРАА СОНГОЖ БУЙ ХЭСЭГ
2020-06-05 20:12:28,813:INFO:7
2020-06-05 20:27:05,424:INFO:------------------------------------------------------------------------------------------------
2020-06-05 20:30:01,904:INFO:------------------------------------------------------------------------------------------------
2020-06-05 20:46:05,109:INFO:ДУГААРЫН ҮНЭ
2020-06-05 20:46:05,113:INFO:10000
2020-06-05 20:46:27,574:INFO:ДУГААРЫН ZAHIALGA
2020-06-05 20:47:12,074:INFO:------------------------------------------------------------------------------------------------
2020-06-05 20:48:27,717:INFO:------------------------------------------------------------------------------------------------
2020-06-05 20:54:37,216:INFO:------------------------------------------------------------------------------------------------
2020-06-05 20:54:50,412:INFO:ДУГААРАА СОНГОЖ БУЙ ХЭСЭГ
2020-06-05 20:54:50,412:INFO:7
2020-06-05 20:54:50,710:WARNING:Not Found: /favicon.ico
2020-06-05 20:54:53,160:INFO:ДУГААРАА СОНГОЖ БУЙ ХЭСЭГ
2020-06-05 20:54:53,161:INFO:7
2020-06-05 20:56:09,406:INFO:ДУГААРАА СОНГОЖ БУЙ ХЭСЭГ
2020-06-05 20:56:09,407:INFO:7
2020-06-05 20:58:32,116:INFO:ДУГААРАА СОНГОЖ БУЙ ХЭСЭГ
2020-06-05 20:58:32,116:INFO:7
2020-06-05 20:58:41,488:INFO:ДУГААРАА СОНГОЖ БУЙ ХЭСЭГ
2020-06-05 20:58:41,488:INFO:7
2020-06-05 21:27:10,540:INFO:------------------------------------------------------------------------------------------------
2020-06-05 21:30:13,338:INFO:------------------------------------------------------------------------------------------------
2020-06-05 21:32:45,973:INFO:------------------------------------------------------------------------------------------------
2020-06-05 21:32:48,833:INFO:ДУГААРАА СОНГОЖ БУЙ ХЭСЭГ
2020-06-05 21:32:48,834:INFO:7
2020-06-05 21:48:27,884:INFO:------------------------------------------------------------------------------------------------
2020-06-05 22:27:15,218:INFO:------------------------------------------------------------------------------------------------
2020-06-05 22:27:21,232:INFO:------------------------------------------------------------------------------------------------
2020-06-05 22:27:28,452:INFO:ДУГААРАА СОНГОЖ БУЙ ХЭСЭГ
2020-06-05 22:27:28,452:INFO:7
2020-06-05 22:30:23,869:INFO:------------------------------------------------------------------------------------------------
2020-06-05 23:27:19,925:INFO:------------------------------------------------------------------------------------------------
2020-06-05 23:30:34,354:INFO:------------------------------------------------------------------------------------------------
2020-06-06 00:27:24,794:INFO:------------------------------------------------------------------------------------------------
2020-06-06 00:30:48,517:INFO:------------------------------------------------------------------------------------------------
2020-06-06 01:27:29,502:INFO:------------------------------------------------------------------------------------------------
2020-06-06 01:30:58,989:INFO:------------------------------------------------------------------------------------------------
2020-06-06 02:27:34,418:INFO:------------------------------------------------------------------------------------------------
2020-06-06 02:30:59,917:INFO:------------------------------------------------------------------------------------------------
2020-06-06 02:54:24,541:WARNING:Not Found: /
2020-06-06 03:27:39,296:INFO:------------------------------------------------------------------------------------------------
2020-06-06 03:31:00,900:INFO:------------------------------------------------------------------------------------------------
2020-06-06 04:27:43,973:INFO:------------------------------------------------------------------------------------------------
2020-06-06 04:31:02,710:INFO:------------------------------------------------------------------------------------------------
2020-06-06 05:27:48,659:INFO:------------------------------------------------------------------------------------------------
2020-06-06 05:31:13,508:INFO:------------------------------------------------------------------------------------------------
