2021-01-10 09:11:57,502:INFO:------------------------------------------------------------------------------------------------
2021-01-10 09:12:25,182:INFO:------------------------------------------------------------------------------------------------
2021-01-10 10:09:14,934:INFO:------------------------------------------------------------------------------------------------
2021-01-10 10:11:58,119:INFO:------------------------------------------------------------------------------------------------
2021-01-10 10:12:25,828:INFO:------------------------------------------------------------------------------------------------
2021-01-10 10:19:56,948:INFO:------------------------------------------------------------------------------------------------
2021-01-10 10:36:32,133:INFO:------------------------------------------------------------------------------------------------
2021-01-10 10:44:28,342:INFO:------------------------------------------------------------------------------------------------
2021-01-10 10:57:25,519:INFO:ДУГААРАА СОНГОЖ БУЙ ХЭСЭГ
2021-01-10 10:57:25,520:INFO:2
2021-01-10 10:57:26,310:WARNING:Not Found: /favicon.ico
2021-01-10 11:09:15,034:INFO:------------------------------------------------------------------------------------------------
2021-01-10 11:11:58,224:INFO:------------------------------------------------------------------------------------------------
2021-01-10 11:12:25,977:INFO:------------------------------------------------------------------------------------------------
2021-01-10 11:19:57,348:INFO:------------------------------------------------------------------------------------------------
2021-01-10 11:25:18,263:WARNING:Not Found: /
2021-01-10 11:34:29,789:INFO:------------------------------------------------------------------------------------------------
2021-01-10 11:34:55,664:INFO:ДУГААРЫН ЗАХИАЛГА
2021-01-10 11:34:55,670:INFO:Failed
2021-01-10 11:34:55,670:ERROR:Уучлаарай, таны сонгосон 93285800 дугаар захиалах боломжгүй байна. Line-1379
2021-01-10 11:34:56,162:INFO:ДУГААРАА СОНГОЖ БУЙ ХЭСЭГ
2021-01-10 11:34:56,163:INFO:2
2021-01-10 11:34:58,554:INFO:------------------------------------------------------------------------------------------------
2021-01-10 11:34:58,629:INFO:ДУГААРАА СОНГОЖ БУЙ ХЭСЭГ
2021-01-10 11:34:58,629:INFO:2
2021-01-10 11:36:32,672:INFO:------------------------------------------------------------------------------------------------
2021-01-10 11:37:36,631:WARNING:Not Found: /
2021-01-10 11:43:50,617:INFO:------------------------------------------------------------------------------------------------
2021-01-10 12:02:31,033:INFO:ДУГААРАА СОНГОЖ БУЙ ХЭСЭГ
2021-01-10 12:02:31,034:INFO:7
2021-01-10 12:02:31,263:WARNING:Not Found: /favicon.ico
2021-01-10 12:02:31,299:WARNING:Not Found: /favicon.ico
2021-01-10 12:03:18,147:INFO:------------------------------------------------------------------------------------------------
2021-01-10 12:03:20,213:INFO:ДУГААРАА СОНГОЖ БУЙ ХЭСЭГ
2021-01-10 12:03:20,213:INFO:7
2021-01-10 12:03:24,219:INFO:-1
2021-01-10 12:03:28,689:INFO:98031314:6|98041314:6|98051314:6|98061314:6|98071314:6|98091314:6|98271314:6|98521314:6|98561314:6|98591314:6
2021-01-10 12:03:39,001:INFO:98031314:6
2021-01-10 12:03:41,510:INFO:93001314:6|93011314:6|93041314:6|93051314:6|93061314:6|93071314:6|93081314:6|93091314:6|93101314:6|93241314:6|93251314:6|93261314:6|93281314:6|93291314:6|93311314:6|93321314:6|93341314:6|93351314:6|93361314:6|93371314:6|93381314:6|93391314:6|93411314:6|93421314:6|93431314:6|93441314:6|93461314:6|93471314:6
2021-01-10 12:03:59,631:INFO:98031314:6|98041314:6|98051314:6|98061314:6|98071314:6|98091314:6|98271314:6|98521314:6|98561314:6|98591314:6
2021-01-10 12:08:25,082:INFO:ДУГААРАА СОНГОЖ БУЙ ХЭСЭГ
2021-01-10 12:08:25,082:INFO:2
2021-01-10 12:08:26,139:WARNING:Not Found: /favicon.ico
2021-01-10 12:09:11,696:INFO:ДУГААРЫН ҮНЭ
2021-01-10 12:09:11,698:INFO:10000
2021-01-10 12:11:58,334:INFO:------------------------------------------------------------------------------------------------
2021-01-10 12:12:26,128:INFO:------------------------------------------------------------------------------------------------
2021-01-10 12:18:29,229:INFO:------------------------------------------------------------------------------------------------
2021-01-10 12:18:36,202:INFO:ДУГААРАА СОНГОЖ БУЙ ХЭСЭГ
2021-01-10 12:18:36,203:INFO:2
2021-01-10 12:18:36,893:WARNING:Not Found: /favicon.ico
2021-01-10 12:19:18,980:INFO:98925589:6
2021-01-10 12:19:57,472:INFO:------------------------------------------------------------------------------------------------
2021-01-10 12:34:30,012:INFO:------------------------------------------------------------------------------------------------
2021-01-10 12:43:50,923:INFO:------------------------------------------------------------------------------------------------
2021-01-10 13:11:58,444:INFO:------------------------------------------------------------------------------------------------
2021-01-10 13:12:26,284:INFO:------------------------------------------------------------------------------------------------
2021-01-10 13:19:57,589:INFO:------------------------------------------------------------------------------------------------
2021-01-10 13:34:30,230:INFO:------------------------------------------------------------------------------------------------
2021-01-10 13:34:38,728:INFO:------------------------------------------------------------------------------------------------
2021-01-10 13:34:43,698:INFO:------------------------------------------------------------------------------------------------
2021-01-10 13:34:47,449:INFO:ДУГААРАА СОНГОЖ БУЙ ХЭСЭГ
2021-01-10 13:34:47,450:INFO:2
2021-01-10 13:34:47,970:WARNING:Not Found: /favicon.ico
2021-01-10 13:34:50,634:INFO:ДУГААРАА СОНГОЖ БУЙ ХЭСЭГ
2021-01-10 13:34:50,634:INFO:2
2021-01-10 13:34:58,208:INFO:93312222:5|93314444:5|93316666:5
2021-01-10 13:35:04,071:INFO:93312222:5|93314444:5|93316666:5
2021-01-10 13:35:41,616:INFO:ДУГААРАА СОНГОЖ БУЙ ХЭСЭГ
2021-01-10 13:35:41,616:INFO:2
2021-01-10 13:35:41,839:WARNING:Not Found: /favicon.ico
2021-01-10 13:35:43,505:INFO:ДУГААРАА СОНГОЖ БУЙ ХЭСЭГ
2021-01-10 13:35:43,505:INFO:7
2021-01-10 13:36:00,729:INFO:98004353:6|98014353:6|98024353:6|98034353:6|98044353:6|98054353:6|98064353:6|98084353:6|98094353:6|98104353:6|98194353:6|98204353:6|98264353:6|98274353:6|98374353:6|98464353:6|98484353:6|98514353:6|98564353:6|98594353:6|98604353:6|98614353:6|98624353:6|98634353:6|98644353:6|98664353:6|98674353:6|98804353:6|98814353:6|98844353:6|98854353:6|98864353:6|98914353:6|98924353:6
2021-01-10 13:38:03,841:INFO:------------------------------------------------------------------------------------------------
2021-01-10 13:38:04,995:INFO:ДУГААРАА СОНГОЖ БУЙ ХЭСЭГ
2021-01-10 13:38:04,995:INFO:2
2021-01-10 13:38:05,930:INFO:------------------------------------------------------------------------------------------------
2021-01-10 13:38:07,020:INFO:ДУГААРАА СОНГОЖ БУЙ ХЭСЭГ
2021-01-10 13:38:07,020:INFO:7
2021-01-10 13:38:14,428:INFO:------------------------------------------------------------------------------------------------
2021-01-10 13:38:16,534:INFO:ДУГААРАА СОНГОЖ БУЙ ХЭСЭГ
2021-01-10 13:38:16,534:INFO:3
2021-01-10 13:38:25,942:INFO:98004353:6|98014353:6|98024353:6|98034353:6|98044353:6|98054353:6|98064353:6|98084353:6|98094353:6|98104353:6|98194353:6|98204353:6|98264353:6|98274353:6|98374353:6|98464353:6|98484353:6|98514353:6|98564353:6|98594353:6|98604353:6|98614353:6|98624353:6|98634353:6|98644353:6|98664353:6|98674353:6|98804353:6|98814353:6|98844353:6|98854353:6|98864353:6|98914353:6|98924353:6
2021-01-10 13:39:02,819:INFO:98004353:6|98014353:6|98024353:6|98034353:6|98044353:6|98054353:6|98064353:6|98084353:6|98094353:6|98104353:6|98194353:6|98204353:6|98264353:6|98274353:6|98374353:6|98464353:6|98484353:6|98514353:6|98564353:6|98594353:6|98604353:6|98614353:6|98624353:6|98634353:6|98644353:6|98664353:6|98674353:6|98804353:6|98814353:6|98844353:6|98854353:6|98864353:6|98914353:6|98924353:6
2021-01-10 13:47:35,148:INFO:------------------------------------------------------------------------------------------------
2021-01-10 13:47:37,869:INFO:ДУГААРАА СОНГОЖ БУЙ ХЭСЭГ
2021-01-10 13:47:37,869:INFO:7
2021-01-10 13:47:38,500:WARNING:Not Found: /favicon.ico
2021-01-10 13:47:43,958:INFO:98112715:6|98112763:6|98112876:6|98113415:6|98113426:6|98113527:6|98113584:6|98113624:6|98113723:6|98113924:6|98113926:6|98113946:6|98113954:6|98113976:6|98114317:6|98114513:6|98114517:6|98114537:6|98114539:6|98114573:6|98114631:6|98114672:6|98114732:6|98114735:6|98114738:6|98114762:6|98114825:6|98114835:6|98114917:6|98114923:6|98114931:6|98114935:6|98114952:6|98114962:6|98114963:6|98114967:6|98114972:6|98114975:6|98114982:6|98115134:6|98115143:6|98115213:6|98115217:6|98115236:6|98115237:6|98115246:6|98115273:6|98115274:6|98115287:6|98115293:6|98115314:6|98115317:6|98115327:6|98115341:6|98115342:6|98115346:6|98115347:6|98115361:6|98115371:6|98115382:6|98115386:6|98115392:6|98115413:6|98115423:6|98115427:6|98115431:6|98115438:6|98115471:6|98115614:6|98115627:6|98115631:6|98115632:6|98115634:6|98115637:6|98115639:6|98115643:6|98115672:6|98115693:6|98115712:6|98115713:6|98115714:6|98115716:6|98115721:6|98115724:6|98115728:6|98115729:6|98115732:6|98115734:6|98115736:6|98115742:6|98115743:6|98115761:6|98115762:6|98115763:6|98115764:6|98115782:6|98115783:6|98115784:6|98115786:6|98115792:6|98115794:6|98115817:6|98115834:6|98115841:6|98115843:6|98115846:6|98115847:6|98115863:6|98115867:6|98115871:6|98115873:6|98115893:6|98115924:6|98115925:6|98115926:6|98115928:6|98115932:6|98115935:6|98115937:6|98115938:6|98115941:6|98115942:6|98115943:6|98115946:6|98115947:6|98115962:6|98115964:6|98115973:6|98115974:6|98115983:6|98115984:6|98115986:6
2021-01-10 13:48:22,273:INFO:-1
2021-01-10 13:48:26,245:INFO:-1
2021-01-10 13:48:31,153:INFO:-1
2021-01-10 13:48:36,123:INFO:-1
2021-01-10 13:48:38,924:INFO:ДУГААРАА СОНГОЖ БУЙ ХЭСЭГ
2021-01-10 13:48:38,924:INFO:7
2021-01-10 13:48:40,663:INFO:-1
2021-01-10 13:48:42,547:INFO:ДУГААРАА СОНГОЖ БУЙ ХЭСЭГ
2021-01-10 13:48:42,548:INFO:7
2021-01-10 13:48:48,423:INFO:-1
2021-01-10 13:48:53,148:INFO:-1
2021-01-10 13:48:57,825:INFO:-1
2021-01-10 13:49:00,943:INFO:-1
2021-01-10 13:49:04,569:INFO:-1
2021-01-10 13:49:08,374:INFO:-1
2021-01-10 13:49:11,896:INFO:98114738:6|98115438:6|98115728:6|98115928:6|98115938:6|98116218:6|98116238:6|98116328:6|98116348:6|98116428:6|98116438:6|98116458:6|98116528:6|98116548:6|98116718:6|98116728:6|98116748:6|98116758:6|98116918:6|98116928:6|98117218:6|98117268:6|98117318:6|98117348:6|98117358:6|98117368:6|98117428:6|98117438:6|98117458:6|98117518:6|98117538:6|98117568:6|98117618:6|98117638:6|98117948:6|98118748:6|98119238:6|98119268:6|98119358:6|98119548:6|98119628:6|98119738:6
2021-01-10 13:49:28,864:INFO:98114738:6|98115438:6|98115728:6|98115928:6|98115938:6|98116218:6|98116238:6|98116328:6|98116348:6|98116428:6|98116438:6|98116458:6|98116528:6|98116548:6|98116718:6|98116728:6|98116748:6|98116758:6|98116918:6|98116928:6|98117218:6|98117268:6|98117318:6|98117348:6|98117358:6|98117368:6|98117428:6|98117438:6|98117458:6|98117518:6|98117538:6|98117568:6|98117618:6|98117638:6|98117948:6|98118748:6|98119238:6|98119268:6|98119358:6|98119548:6|98119628:6|98119738:6
2021-01-10 13:49:29,894:INFO:98114738:6|98115438:6|98115728:6|98115928:6|98115938:6|98116218:6|98116238:6|98116328:6|98116348:6|98116428:6|98116438:6|98116458:6|98116528:6|98116548:6|98116718:6|98116728:6|98116748:6|98116758:6|98116918:6|98116928:6|98117218:6|98117268:6|98117318:6|98117348:6|98117358:6|98117368:6|98117428:6|98117438:6|98117458:6|98117518:6|98117538:6|98117568:6|98117618:6|98117638:6|98117948:6|98118748:6|98119238:6|98119268:6|98119358:6|98119548:6|98119628:6|98119738:6
2021-01-10 13:49:30,919:INFO:98114738:6|98115438:6|98115728:6|98115928:6|98115938:6|98116218:6|98116238:6|98116328:6|98116348:6|98116428:6|98116438:6|98116458:6|98116528:6|98116548:6|98116718:6|98116728:6|98116748:6|98116758:6|98116918:6|98116928:6|98117218:6|98117268:6|98117318:6|98117348:6|98117358:6|98117368:6|98117428:6|98117438:6|98117458:6|98117518:6|98117538:6|98117568:6|98117618:6|98117638:6|98117948:6|98118748:6|98119238:6|98119268:6|98119358:6|98119548:6|98119628:6|98119738:6
2021-01-10 13:49:31,788:INFO:98114738:6|98115438:6|98115728:6|98115928:6|98115938:6|98116218:6|98116238:6|98116328:6|98116348:6|98116428:6|98116438:6|98116458:6|98116528:6|98116548:6|98116718:6|98116728:6|98116748:6|98116758:6|98116918:6|98116928:6|98117218:6|98117268:6|98117318:6|98117348:6|98117358:6|98117368:6|98117428:6|98117438:6|98117458:6|98117518:6|98117538:6|98117568:6|98117618:6|98117638:6|98117948:6|98118748:6|98119238:6|98119268:6|98119358:6|98119548:6|98119628:6|98119738:6
2021-01-10 13:49:39,261:INFO:98114631:6|98114931:6|98115341:6|98115361:6|98115371:6|98115431:6|98115471:6|98115631:6|98115721:6|98115761:6|98115841:6|98115871:6|98115941:6|98116041:6|98116071:6|98116231:6|98116241:6|98116251:6|98116271:6|98116291:6|98116321:6|98116341:6|98116351:6|98116371:6|98116421:6|98116431:6|98116451:6|98116471:6|98116531:6|98116541:6|98116571:6|98116581:6|98116591:6|98116721:6|98116741:6|98116781:6|98116831:6|98116841:6|98116871:6|98117231:6|98117251:6|98117281:6|98117321:6|98117351:6|98117361:6|98117381:6|98117421:6|98117431:6|98117451:6|98117461:6|98117491:6|98117521:6|98117531:6|98117541:6|98117561:6|98117581:6|98117621:6|98117631:6|98117641:6|98117831:6|98117841:6|98117851:6|98117921:6|98117931:6|98117941:6|98117951:6|98117961:6|98118071:6|98118231:6|98118271:6|98118291:6|98118321:6|98118341:6|98118351:6|98118361:6|98118391:6|98118421:6|98118451:6|98118461:6|98118471:6|98118541:6|98118571:6|98118621:6|98118671:6|98118731:6|98118741:6|98119231:6|98119241:6|98119271:6|98119351:6|98119361:6|98119421:6|98119431:6|98119461:6|98119471:6|98119541:6|98119561:6|98119581:6|98119631:6|98119641:6|98119671:6|98119681:6
2021-01-10 13:49:58,509:INFO:-1
2021-01-10 13:50:23,889:INFO:98114738:6|98115438:6|98115728:6|98115928:6|98115938:6|98116218:6|98116238:6|98116328:6|98116348:6|98116428:6|98116438:6|98116458:6|98116528:6|98116548:6|98116718:6|98116728:6|98116748:6|98116758:6|98116918:6|98116928:6|98117218:6|98117268:6|98117318:6|98117348:6|98117358:6|98117368:6|98117428:6|98117438:6|98117458:6|98117518:6|98117538:6|98117568:6|98117618:6|98117638:6|98117948:6|98118748:6|98119238:6|98119268:6|98119358:6|98119548:6|98119628:6|98119738:6
2021-01-10 13:50:32,066:INFO:ДУГААРЫН ҮНЭ
2021-01-10 13:50:32,068:INFO:10000
2021-01-10 13:50:44,616:INFO:98114539:6|98115639:6|98115729:6|98116139:6|98116239:6|98116249:6|98116319:6|98116359:6|98116419:6|98116429:6|98116439:6|98116539:6|98116549:6|98116719:6|98116739:6|98116749:6|98116839:6|98116849:6|98117049:6|98117239:6|98117249:6|98117259:6|98117329:6|98117429:6|98117439:6|98117459:6|98117469:6|98117519:6|98117529:6|98117539:6|98117619:6|98117639:6|98117829:6|98117849:6|98118249:6|98118269:6|98118319:6|98118329:6|98118349:6|98118429:6|98118539:6|98118739:6|98118749:6
2021-01-10 13:54:55,307:INFO:-1
2021-01-10 13:54:59,071:INFO:-1
2021-01-10 13:55:02,801:INFO:-1
2021-01-10 13:55:07,654:INFO:-1
2021-01-10 13:55:11,510:INFO:98112715:6|98112763:6|98112876:6
2021-01-10 13:55:18,279:INFO:98118065:6|98118071:6|98118076:6|98118106:6|98118125:6|98118127:6|98118132:6|98118135:6|98118137:6|98118143:6|98118146:6|98118152:6|98118156:6|98118163:6|98118176:6|98118216:6|98118217:6|98118230:6|98118231:6|98118235:6|98118236:6|98118237:6|98118243:6|98118245:6|98118249:6|98118257:6|98118263:6|98118264:6|98118265:6|98118267:6|98118269:6|98118271:6|98118291:6|98118297:6|98118314:6|98118315:6|98118317:6|98118319:6|98118321:6|98118324:6|98118326:6|98118327:6|98118329:6|98118340:6|98118341:6|98118342:6|98118345:6|98118349:6|98118351:6|98118356:6|98118361:6|98118362:6|98118364:6|98118367:6|98118372:6|98118374:6|98118375:6|98118391:6|98118417:6|98118421:6|98118425:6|98118426:6|98118429:6|98118430:6|98118435:6|98118437:6|98118442:6|98118450:6|98118451:6|98118452:6|98118453:6|98118457:6|98118460:6|98118461:6|98118462:6|98118463:6|98118467:6|98118471:6|98118472:6|98118473:6|98118476:6|98118507:6|98118514:6|98118517:6|98118526:6|98118527:6|98118536:6|98118537:6|98118539:6|98118541:6|98118542:6|98118543:6|98118546:6|98118562:6|98118563:6|98118571:6|98118574:6|98118592:6|98118593:6|98118614:6|98118615:6|98118621:6|98118623:6|98118635:6|98118637:6|98118640:6|98118642:6|98118643:6|98118645:6|98118647:6|98118652:6|98118654:6|98118671:6|98118672:6|98118674:6|98118675:6|98118694:6|98118705:6|98118710:6|98118714:6|98118715:6|98118716:6|98118723:6|98118724:6|98118726:6|98118730:6|98118731:6|98118734:6|98118736:6|98118739:6|98118740:6|98118741:6
2021-01-10 13:55:31,099:INFO:98119064:6|98119143:6|98119152:6|98119153:6|98119231:6|98119235:6|98119236:6|98119238:6|98119241:6|98119245:6|98119256:6|98119257:6|98119263:6|98119264:6|98119267:6|98119268:6|98119271:6|98119274:6|98119275:6|98119276:6|98119283:6|98119285:6|98119314:6|98119326:6|98119346:6|98119347:6|98119351:6|98119352:6|98119354:6|98119356:6|98119358:6|98119361:6|98119362:6|98119364:6|98119372:6|98119375:6|98119376:6|98119384:6|98119386:6|98119421:6|98119423:6|98119426:6|98119427:6|98119431:6|98119432:6|98119435:6|98119436:6|98119437:6|98119452:6|98119453:6|98119457:6|98119461:6|98119463:6|98119465:6|98119467:6|98119471:6|98119473:6|98119517:6|98119523:6|98119527:6|98119532:6|98119534:6|98119537:6|98119541:6|98119542:6|98119543:6|98119548:6|98119561:6|98119562:6|98119563:6|98119576:6|98119581:6|98119582:6|98119583:6|98119584:6|98119586:6|98119623:6|98119624:6|98119627:6|98119628:6|98119631:6|98119632:6|98119637:6|98119641:6|98119643:6|98119645:6|98119652:6|98119657:6|98119671:6|98119672:6|98119673:6|98119674:6|98119675:6|98119681:6|98119682:6|98119683:6|98119684:6|98119713:6|98119725:6|98119726:6|98119732:6|98119734:6|98119736:6|98119738:6|98119740:6|98119742:6|98119745:6|98119753:6|98119754:6|98119762:6|98119763:6|98119764:6|98119783:6
2021-01-10 14:01:36,093:INFO:98113415:6|98113426:6|98113527:6|98113584:6|98113624:6|98113723:6|98113924:6|98113926:6|98113946:6|98113954:6|98113976:6
2021-01-10 14:01:40,878:INFO:98112715:6|98112763:6|98112876:6
2021-01-10 14:01:49,868:INFO:-1
2021-01-10 14:01:53,401:INFO:-1
2021-01-10 14:02:01,461:INFO:98116319:6|98116419:6|98116719:6|98117519:6|98117619:6|98118319:6
2021-01-10 14:02:09,196:INFO:98115729:6|98116429:6|98117329:6|98117429:6|98117529:6|98117829:6|98118329:6|98118429:6
2021-01-10 14:02:32,295:INFO:98115712:6|98116512:6|98117312:6
2021-01-10 14:02:39,169:INFO:98114513:6|98115213:6|98115413:6|98115713:6|98116413:6|98116513:6|98116713:6|98116813:6|98116913:6|98117013:6|98117813:6|98117913:6|98119713:6
2021-01-10 14:02:50,487:INFO:98115314:6|98115614:6|98115714:6|98116514:6|98116714:6|98117214:6|98117314:6|98117514:6|98117614:6|98118314:6|98118514:6|98118614:6|98118714:6|98119314:6
2021-01-10 14:02:52,970:INFO:98112715:6|98113415:6|98116215:6|98116315:6|98116415:6|98116715:6|98116815:6|98117015:6|98117215:6|98117815:6|98117915:6|98118315:6|98118615:6|98118715:6
2021-01-10 14:02:57,068:INFO:98115716:6|98116316:6|98116716:6|98117216:6|98117416:6|98117816:6|98118216:6|98118716:6
2021-01-10 14:03:00,446:INFO:98114317:6|98114517:6|98114917:6|98115217:6|98115317:6|98115817:6|98116217:6|98116317:6|98116417:6|98116517:6|98116917:6|98117517:6|98117917:6|98118217:6|98118317:6|98118417:6|98118517:6|98119517:6
2021-01-10 14:03:01,357:INFO:98114317:6|98114517:6|98114917:6|98115217:6|98115317:6|98115817:6|98116217:6|98116317:6|98116417:6|98116517:6|98116917:6|98117517:6|98117917:6|98118217:6|98118317:6|98118417:6|98118517:6|98119517:6
2021-01-10 14:03:03,847:INFO:98116218:6|98116718:6|98116918:6|98117218:6|98117318:6|98117518:6|98117618:6
2021-01-10 14:03:22,851:INFO:98116319:6|98116419:6|98116719:6|98117519:6|98117619:6|98118319:6
2021-01-10 14:03:27,801:INFO:98115729:6|98116429:6|98117329:6|98117429:6|98117529:6|98117829:6|98118329:6|98118429:6
2021-01-10 14:03:33,140:INFO:98115728:6|98115928:6|98116328:6|98116428:6|98116528:6|98116728:6|98116928:6|98117428:6|98119628:6
2021-01-10 14:03:47,961:INFO:98113426:6|98113926:6|98115926:6|98116326:6|98116426:6|98116726:6|98116826:6|98117026:6|98117326:6|98117526:6|98117826:6|98118326:6|98118426:6|98118526:6|98118726:6|98119326:6|98119426:6|98119726:6
2021-01-10 14:04:02,550:INFO:98113624:6|98113924:6|98115724:6|98115924:6|98116024:6|98116324:6|98116724:6|98116824:6|98117324:6|98117524:6|98117624:6|98117824:6|98117924:6|98118324:6|98118724:6|98119624:6
2021-01-10 14:04:03,401:INFO:98113624:6|98113924:6|98115724:6|98115924:6|98116024:6|98116324:6|98116724:6|98116824:6|98117324:6|98117524:6|98117624:6|98117824:6|98117924:6|98118324:6|98118724:6|98119624:6
2021-01-10 14:04:08,731:INFO:98113723:6|98114923:6|98115423:6|98116023:6|98116523:6|98116723:6|98116923:6|98117423:6|98117523:6|98117623:6|98117923:6|98118623:6|98118723:6|98119423:6|98119523:6|98119623:6
2021-01-10 14:04:20,803:INFO:-1
2021-01-10 14:04:25,192:INFO:98115134:6|98115634:6|98115734:6|98115834:6|98116134:6|98116734:6|98116834:6|98116934:6|98117834:6|98117934:6|98118734:6|98119534:6|98119734:6
2021-01-10 14:04:28,313:INFO:98114735:6|98114835:6|98114935:6|98115935:6|98116135:6|98116235:6|98116835:6|98117135:6|98117235:6|98117435:6|98117635:6|98117835:6|98117935:6|98118135:6|98118235:6|98118435:6|98118635:6|98118935:6|98119235:6|98119435:6
2021-01-10 14:04:42,435:INFO:98116348:6|98116548:6|98116748:6|98117348:6|98117948:6|98118748:6|98119548:6
2021-01-10 14:05:08,908:INFO:-1
2021-01-10 14:05:12,122:INFO:-1
2021-01-10 14:05:16,536:INFO:-1
2021-01-10 14:05:19,293:INFO:-1
2021-01-10 14:05:22,228:INFO:-1
2021-01-10 14:05:26,193:INFO:98117348:6|98117948:6
2021-01-10 14:05:33,849:INFO:98118748:6
2021-01-10 14:08:07,419:INFO:98116348:6|98116548:6|98116748:6|98117348:6|98117948:6|98118748:6|98119548:6
2021-01-10 14:08:13,333:INFO:98117268:6|98117368:6|98117568:6|98119268:6
2021-01-10 14:08:23,676:INFO:98117469:6|98118269:6
2021-01-10 14:11:58,549:INFO:------------------------------------------------------------------------------------------------
2021-01-10 14:12:26,433:INFO:------------------------------------------------------------------------------------------------
2021-01-10 14:19:57,706:INFO:------------------------------------------------------------------------------------------------
2021-01-10 14:33:52,077:INFO:ДУГААРАА СОНГОЖ БУЙ ХЭСЭГ
2021-01-10 14:33:52,077:INFO:2
2021-01-10 14:34:09,669:INFO:98001149:6|98011149:6|98021149:6|98031149:6|98041149:6|98051149:6|98061149:6|98071149:6|98081149:6|98091149:6|98171149:6|98241149:6|98251149:6|98261149:6|98271149:6|98321149:6|98371149:6|98421149:6|98431149:6|98451149:6|98461149:6|98471149:6|98481149:6|98561149:6|98591149:6|98601149:6|98611149:6|98621149:6|98631149:6|98641149:6|98651149:6|98671149:6|98701149:6|98811149:6|98821149:6|98831149:6|98841149:6|98851149:6|98861149:6|98871149:6|98941149:6|98951149:6
2021-01-10 14:34:30,448:INFO:------------------------------------------------------------------------------------------------
2021-01-10 14:47:39,818:INFO:------------------------------------------------------------------------------------------------
2021-01-10 14:47:41,781:INFO:ДУГААРАА СОНГОЖ БУЙ ХЭСЭГ
2021-01-10 14:47:41,782:INFO:2
2021-01-10 14:47:42,645:WARNING:Not Found: /favicon.ico
2021-01-10 14:47:49,400:INFO:98890254:6|98890462:6|98890526:6|98890653:6|98890962:6|98891047:6|98891243:6|98891263:6|98891267:6|98891276:6|98891281:6|98891294:6|98891297:6|98891302:6|98891306:6|98891321:6|98891340:6|98891346:6|98891351:6|98891352:6|98891354:6|98891357:6|98891365:6|98891367:6|98891371:6|98891374:6|98891375:6|98891379:6|98891394:6|98891425:6|98891433:6|98891434:6|98891435:6|98891461:6|98891467:6|98891473:6|98891482:6|98891491:6|98891497:6|98891529:6|98891537:6|98891546:6|98891547:6|98891563:6|98891568:6|98891573:6|98891583:6|98891586:6|98891592:6|98891623:6|98891624:6|98891634:6|98891641:6|98891643:6|98891645:6|98891647:6|98891649:6|98891651:6|98891652:6|98891653:6|98891658:6|98891670:6|98891673:6|98891682:6|98891684:6|98891692:6|98891694:6|98891704:6|98891721:6|98891724:6|98891729:6|98891732:6|98891734:6|98891735:6|98891736:6|98891742:6|98891743:6|98891746:6|98891749:6|98891752:6|98891753:6|98891754:6|98891756:6|98891761:6|98891763:6|98891764:6|98891766:6|98891783:6|98891784:6|98891831:6|98891836:6|98891837:6|98891841:6|98891846:6|98891847:6|98891861:6|98891876:6|98891934:6|98891935:6|98891941:6|98891942:6|98891952:6|98891954:6|98891961:6|98891965:6|98891971:6|98891974:6|98892034:6|98892055:6|98892056:6|98892057:6|98892063:6|98892067:6|98892106:6|98892126:6|98892137:6|98892149:6|98892157:6|98892158:6|98892164:6|98892165:6|98892166:6|98892169:6|98892173:6|98892174:6|98892178:6|98892182:6|98892197:6|98892209:6|98892237:6|98892249:6|98892250:6
2021-01-10 14:47:54,799:INFO:98890254:6|98890462:6|98890526:6|98890653:6|98890962:6|98891047:6|98891243:6|98891263:6|98891267:6|98891276:6|98891281:6|98891294:6|98891297:6|98891302:6|98891306:6|98891321:6|98891340:6|98891346:6|98891351:6|98891352:6|98891354:6|98891357:6|98891365:6|98891367:6|98891371:6|98891374:6|98891375:6|98891379:6|98891394:6|98891425:6|98891433:6|98891434:6|98891435:6|98891461:6|98891467:6|98891473:6|98891482:6|98891491:6|98891497:6|98891529:6|98891537:6|98891546:6|98891547:6|98891563:6|98891568:6|98891573:6|98891583:6|98891586:6|98891592:6|98891623:6|98891624:6|98891634:6|98891641:6|98891643:6|98891645:6|98891647:6|98891649:6|98891651:6|98891652:6|98891653:6|98891658:6|98891670:6|98891673:6|98891682:6|98891684:6|98891692:6|98891694:6|98891704:6|98891721:6|98891724:6|98891729:6|98891732:6|98891734:6|98891735:6|98891736:6|98891742:6|98891743:6|98891746:6|98891749:6|98891752:6|98891753:6|98891754:6|98891756:6|98891761:6|98891763:6|98891764:6|98891766:6|98891783:6|98891784:6|98891831:6|98891836:6|98891837:6|98891841:6|98891846:6|98891847:6|98891861:6|98891876:6|98891934:6|98891935:6|98891941:6|98891942:6|98891952:6|98891954:6|98891961:6|98891965:6|98891971:6|98891974:6|98892034:6|98892055:6|98892056:6|98892057:6|98892063:6|98892067:6|98892106:6|98892126:6|98892137:6|98892149:6|98892157:6|98892158:6|98892164:6|98892165:6|98892166:6|98892169:6|98892173:6|98892174:6|98892178:6|98892182:6|98892197:6|98892209:6|98892237:6|98892249:6|98892250:6
2021-01-10 14:47:58,673:INFO:98890254:6|98890462:6|98890526:6|98890653:6|98890962:6|98891047:6|98891243:6|98891263:6|98891267:6|98891276:6|98891281:6|98891294:6|98891297:6|98891302:6|98891306:6|98891321:6|98891340:6|98891346:6|98891351:6|98891352:6|98891354:6|98891357:6|98891365:6|98891367:6|98891371:6|98891374:6|98891375:6|98891379:6|98891394:6|98891425:6|98891433:6|98891434:6|98891435:6|98891461:6|98891467:6|98891473:6|98891482:6|98891491:6|98891497:6|98891529:6|98891537:6|98891546:6|98891547:6|98891563:6|98891568:6|98891573:6|98891583:6|98891586:6|98891592:6|98891623:6|98891624:6|98891634:6|98891641:6|98891643:6|98891645:6|98891647:6|98891649:6|98891651:6|98891652:6|98891653:6|98891658:6|98891670:6|98891673:6|98891682:6|98891684:6|98891692:6|98891694:6|98891704:6|98891721:6|98891724:6|98891729:6|98891732:6|98891734:6|98891735:6|98891736:6|98891742:6|98891743:6|98891746:6|98891749:6|98891752:6|98891753:6|98891754:6|98891756:6|98891761:6|98891763:6|98891764:6|98891766:6|98891783:6|98891784:6|98891831:6|98891836:6|98891837:6|98891841:6|98891846:6|98891847:6|98891861:6|98891876:6|98891934:6|98891935:6|98891941:6|98891942:6|98891952:6|98891954:6|98891961:6|98891965:6|98891971:6|98891974:6|98892034:6|98892055:6|98892056:6|98892057:6|98892063:6|98892067:6|98892106:6|98892126:6|98892137:6|98892149:6|98892157:6|98892158:6|98892164:6|98892165:6|98892166:6|98892169:6|98892173:6|98892174:6|98892178:6|98892182:6|98892197:6|98892209:6|98892237:6|98892249:6|98892250:6
2021-01-10 14:49:03,930:INFO:ДУГААРЫН ҮНЭ
2021-01-10 14:49:03,933:INFO:5000
2021-01-10 14:50:48,249:INFO:------------------------------------------------------------------------------------------------
2021-01-10 15:01:36,734:INFO:-1
2021-01-10 15:01:40,441:INFO:-1
2021-01-10 15:01:44,066:INFO:-1
2021-01-10 15:01:48,582:INFO:ДУГААРАА СОНГОЖ БУЙ ХЭСЭГ
2021-01-10 15:01:48,582:INFO:7
2021-01-10 15:01:49,901:INFO:ДУГААРАА СОНГОЖ БУЙ ХЭСЭГ
2021-01-10 15:01:49,901:INFO:7
2021-01-10 15:01:54,775:INFO:98162222:5|98214444:5|98241111:5|98274444:5|98294444:5|98296666:5|98326666:5|98372222:5|98374444:5|98376666:5|98426666:5|98432222:5|98436666:5|98452222:5|98456666:5|98462222:5|98472222:5|98513333:5|98514444:5|98516666:5|98562222:5|98587777:5|98592222:5|98632222:5|98642222:5|98652222:5|98654444:5|98674444:5
2021-01-10 15:01:56,646:INFO:------------------------------------------------------------------------------------------------
2021-01-10 15:03:17,623:INFO:------------------------------------------------------------------------------------------------
2021-01-10 15:04:03,757:INFO:------------------------------------------------------------------------------------------------
2021-01-10 15:04:05,072:INFO:ДУГААРАА СОНГОЖ БУЙ ХЭСЭГ
2021-01-10 15:04:05,072:INFO:2
2021-01-10 15:04:05,338:WARNING:Not Found: /favicon.ico
2021-01-10 15:04:05,422:WARNING:Not Found: /favicon.ico
2021-01-10 15:05:50,781:INFO:ДУГААРАА СОНГОЖ БУЙ ХЭСЭГ
2021-01-10 15:05:50,781:INFO:2
2021-01-10 15:05:51,130:INFO:ДУГААРАА СОНГОЖ БУЙ ХЭСЭГ
2021-01-10 15:05:51,130:INFO:2
2021-01-10 15:05:51,391:WARNING:Not Found: /favicon.ico
2021-01-10 15:05:56,457:INFO:-1
2021-01-10 15:06:16,194:INFO:83152343:6
2021-01-10 15:06:27,545:INFO:93444221:6
2021-01-10 15:06:28,718:INFO:-1
2021-01-10 15:06:35,892:INFO:-1
2021-01-10 15:06:54,825:INFO:-1
2021-01-10 15:07:04,963:INFO:93312353:6
2021-01-10 15:08:19,071:INFO:-1
2021-01-10 15:08:21,711:INFO:98162222:5|98214444:5|98241111:5|98274444:5|98294444:5|98296666:5|98326666:5|98372222:5|98374444:5|98376666:5|98426666:5|98432222:5|98436666:5|98452222:5|98456666:5|98462222:5|98472222:5|98513333:5|98514444:5|98516666:5|98562222:5|98587777:5|98592222:5|98632222:5|98642222:5|98652222:5|98654444:5|98674444:5
2021-01-10 15:08:34,270:INFO:-1
2021-01-10 15:11:58,661:INFO:------------------------------------------------------------------------------------------------
2021-01-10 15:12:26,588:INFO:------------------------------------------------------------------------------------------------
2021-01-10 15:17:30,968:INFO:ДУГААРАА СОНГОЖ БУЙ ХЭСЭГ
2021-01-10 15:17:30,968:INFO:2
2021-01-10 15:17:37,955:INFO:98171121:6|98451121:6|98611121:6|98801121:6|98871121:6
2021-01-10 15:17:53,769:INFO:------------------------------------------------------------------------------------------------
2021-01-10 15:17:54,807:INFO:ДУГААРАА СОНГОЖ БУЙ ХЭСЭГ
2021-01-10 15:17:54,807:INFO:7
2021-01-10 15:18:03,365:INFO:98171121:6|98451121:6|98611121:6|98801121:6|98871121:6
2021-01-10 15:18:06,434:INFO:97001121:6|97021121:6|97031121:6|97041121:6|97051121:6|97061121:6|97071121:6|97081121:6|97091121:6
2021-01-10 15:18:17,431:INFO:93041121:6|93051121:6|93061121:6|93071121:6|93081121:6|93091121:6|93271121:6|93291121:6|93301121:6|93311121:6
2021-01-10 15:18:23,544:INFO:------------------------------------------------------------------------------------------------
2021-01-10 15:18:25,316:INFO:ДУГААРАА СОНГОЖ БУЙ ХЭСЭГ
2021-01-10 15:18:25,316:INFO:2
2021-01-10 15:18:32,209:INFO:93124444:5|93126666:5|93142222:5|93146666:5|93152222:5|93156666:5|93162222:5|93172222:5|93174444:5|93176666:5|93182222:5|93184444:5|93192222:5|93194444:5|93214444:5|93246666:5|93254444:5|93256666:5|93264444:5|93274444:5|93276666:5|93284444:5|93286666:5|93294444:5|93296666:5|93312222:5|93314444:5|93316666:5|93324444:5|93326666:5|93342222:5|93346666:5|93352222:5|93356666:5|93372222:5|93374444:5|93376666:5|93382222:5|93384444:5|93386666:5|93402222:5|93406666:5|93412222:5|93416666:5|93426666:5|93436666:5|93452222:5|93456666:5|93462222:5|93472222:5|93476666:5
2021-01-10 15:18:42,003:INFO:ДУГААРАА СОНГОЖ БУЙ ХЭСЭГ
2021-01-10 15:18:42,003:INFO:7
2021-01-10 15:18:56,875:INFO:93312222:5|93314444:5|93316666:5
2021-01-10 15:19:00,545:INFO:97091121:6
2021-01-10 15:19:16,194:INFO:93312222:5|93314444:5|93316666:5|93324444:5|93326666:5|93342222:5|93346666:5|93352222:5|93356666:5|93372222:5|93374444:5|93376666:5|93382222:5|93384444:5|93386666:5
2021-01-10 15:19:21,279:INFO:ДУГААРЫН ҮНЭ
2021-01-10 15:19:21,282:INFO:5000
2021-01-10 15:19:51,263:INFO:ДУГААРЫН ҮНЭ
2021-01-10 15:19:51,266:INFO:5000
2021-01-10 15:20:04,513:INFO:93124444:5|93126666:5|93142222:5|93146666:5|93152222:5|93156666:5|93162222:5|93172222:5|93174444:5|93176666:5|93182222:5|93184444:5|93192222:5|93194444:5|93214444:5|93246666:5|93254444:5|93256666:5|93264444:5|93274444:5|93276666:5|93284444:5|93286666:5|93294444:5|93296666:5|93312222:5|93314444:5|93316666:5|93324444:5|93326666:5|93342222:5|93346666:5|93352222:5|93356666:5|93372222:5|93374444:5|93376666:5|93382222:5|93384444:5|93386666:5|93402222:5|93406666:5|93412222:5|93416666:5|93426666:5|93436666:5|93452222:5|93456666:5|93462222:5|93472222:5|93476666:5
2021-01-10 15:20:12,145:INFO:93352222:5|93356666:5
2021-01-10 15:20:23,533:INFO:-1
2021-01-10 15:20:29,349:INFO:-1
2021-01-10 15:20:36,460:INFO:-1
2021-01-10 15:20:40,082:INFO:-1
2021-01-10 15:20:51,980:INFO:-1
2021-01-10 15:20:57,607:INFO:93372222:5|93374444:5|93376666:5
2021-01-10 15:21:04,469:INFO:-1
2021-01-10 15:21:12,147:INFO:93452222:5|93456666:5
2021-01-10 15:21:27,749:INFO:-1
2021-01-10 15:21:38,326:INFO:-1
2021-01-10 15:21:50,026:INFO:97162222:5
2021-01-10 15:21:53,380:INFO:97142222:5|97146666:5
2021-01-10 15:22:41,011:INFO:93352222:5|93356666:5
2021-01-10 15:26:41,928:INFO:93390207:6|93390236:6|93390245:6|93390251:6|93390295:6|93390315:6|93390473:6|93390524:6|93390527:6|93390534:6|93390537:6|93390538:6|93390543:6|93390546:6|93390548:6|93390557:6|93390563:6|93390572:6|93390573:6|93390574:6|93390576:6|93390582:6|93390584:6|93390586:6|93390587:6|93390591:6|93390602:6|93390618:6|93390625:6|93390627:6|93390628:6|93390629:6|93390630:6|93390632:6|93390637:6|93390642:6|93390643:6|93390645:6|93390647:6|93390652:6|93390653:6|93390654:6|93390658:6|93390671:6|93390673:6|93390674:6|93390675:6|93390678:6|93390681:6|93390682:6|93390683:6|93390684:6|93390685:6|93390687:6|93390692:6|93390695:6|93390715:6|93390723:6|93390724:6|93390731:6|93390732:6|93390734:6|93390735:6|93390736:6|93390740:6|93390741:6|93390742:6|93390743:6|93390744:6|93390745:6|93390746:6|93390747:6|93390748:6|93390751:6|93390752:6|93390753:6|93390754:6|93390756:6|93390757:6|93390758:6|93390759:6|93390761:6|93390764:6|93390765:6|93390766:6|93390768:6|93390769:6|93390772:6|93390773:6|93390774:6|93390776:6|93390778:6|93390780:6|93390781:6|93390783:6|93390784:6|93390785:6|93390786:6|93390789:6|93390790:6|93390791:6|93390792:6|93390795:6|93390796:6|93390798:6|93390804:6|93390812:6|93390813:6|93390817:6|93390821:6|93390825:6|93390831:6|93390832:6|93390834:6|93390835:6|93390836:6|93390837:6|93390838:6|93390841:6|93390842:6|93390843:6|93390844:6|93390845:6|93390846:6|93390847:6|93390851:6|93390853:6|93390854:6|93390857:6|93390860:6|93390861:6|93390862:6
2021-01-10 15:26:50,106:INFO:93393008:6|93393010:6|93393012:6|93393013:6|93393014:6|93393015:6|93393016:6|93393017:6|93393019:6|93393021:6|93393022:6|93393023:6|93393025:6|93393026:6|93393029:6|93393036:6|93393041:6|93393042:6|93393043:6|93393045:6|93393046:6|93393047:6|93393048:6|93393049:6|93393051:6|93393052:6|93393053:6|93393054:6|93393055:6|93393056:6|93393057:6|93393058:6|93393061:6|93393062:6|93393064:6|93393065:6|93393066:6|93393067:6|93393068:6|93393071:6|93393072:6|93393074:6|93393075:6|93393076:6|93393078:6|93393079:6|93393080:6|93393081:6|93393082:6|93393084:6|93393085:6|93393086:6|93393087:6|93393091:6|93393092:6|93393094:6|93393095:6|93393097:6|93393102:6|93393103:6|93393104:6|93393105:6|93393106:6|93393107:6|93393108:6|93393110:6|93393112:6|93393114:6|93393115:6|93393116:6|93393117:6|93393118:6|93393130:6|93393135:6|93393136:6|93393137:6|93393138:6|93393140:6|93393141:6|93393142:6|93393143:6|93393144:6|93393145:6|93393146:6|93393147:6|93393148:6|93393149:6|93393150:6|93393151:6|93393152:6|93393153:6|93393154:6|93393155:6|93393156:6|93393157:6|93393158:6|93393159:6|93393160:6|93393161:6|93393162:6|93393163:6|93393164:6|93393166:6|93393167:6|93393168:6|93393169:6|93393170:6|93393171:6|93393172:6|93393173:6|93393174:6|93393175:6|93393176:6|93393177:6|93393178:6|93393179:6|93393180:6|93393181:6|93393182:6|93393183:6|93393184:6|93393185:6|93393186:6|93393187:6|93393189:6|93393190:6|93393191:6|93393192:6|93393194:6|93393196:6|93393197:6|93393198:6
2021-01-10 15:26:57,293:INFO:83133006:6|83133008:6|83133012:6|83133017:6|83133019:6|83133021:6|83133023:6|83133025:6|83133026:6|83133029:6|83133031:6|83133041:6|83133042:6|83133043:6|83133045:6|83133046:6|83133047:6|83133048:6|83133049:6|83133051:6|83133052:6|83133053:6|83133055:6|83133056:6|83133057:6|83133058:6|83133059:6|83133060:6|83133061:6|83133062:6|83133063:6|83133065:6|83133067:6|83133068:6|83133069:6|83133071:6|83133074:6|83133076:6|83133078:6|83133082:6|83133083:6|83133084:6|83133086:6|83133087:6|83133089:6|83133091:6|83133092:6|83133093:6|83133095:6|83133096:6|83133097:6|83133098:6|83133100:6|83133102:6|83133104:6|83133105:6|83133106:6|83133107:6|83133109:6|83133110:6|83133112:6|83133114:6|83133119:6|83133120:6|83133121:6|83133123:6|83133124:6|83133125:6|83133126:6|83133127:6|83133128:6|83133129:6|83133137:6|83133140:6|83133142:6|83133145:6|83133146:6|83133147:6|83133148:6|83133149:6|83133150:6|83133151:6|83133152:6|83133153:6|83133154:6|83133156:6|83133157:6|83133158:6|83133159:6|83133161:6|83133162:6|83133163:6|83133165:6|83133167:6|83133168:6|83133169:6|83133170:6|83133172:6|83133173:6|83133174:6|83133175:6|83133176:6|83133178:6|83133179:6|83133180:6|83133183:6|83133184:6|83133190:6|83133192:6|83133194:6|83133195:6|83133196:6|83133197:6|83133204:6|83133205:6|83133207:6|83133208:6|83133209:6|83133213:6|83133214:6|83133215:6|83133216:6|83133217:6|83133218:6|83133219:6|83133221:6|83133224:6|83133226:6|83133227:6|83133230:6|83133231:6|83133237:6
2021-01-10 15:27:06,468:INFO:93333012:6|93333015:6|93333020:6|93333027:6|93333028:6|93333036:6|93333043:6|93333052:6|93333067:6|93333069:6|93333076:6|93333079:6|93333084:6|93333087:6|93333092:6|93333095:6|93333104:6|93333116:6|93333118:6|93333119:6|93333124:6|93333125:6|93333126:6|93333127:6|93333140:6|93333142:6|93333144:6|93333145:6|93333146:6|93333147:6|93333148:6|93333149:6|93333151:6|93333152:6|93333154:6|93333156:6|93333157:6|93333158:6|93333159:6|93333161:6|93333162:6|93333164:6|93333165:6|93333167:6|93333168:6|93333169:6|93333172:6|93333173:6|93333174:6|93333175:6|93333176:6|93333179:6|93333180:6|93333181:6|93333182:6|93333183:6|93333184:6|93333186:6|93333187:6|93333189:6|93333190:6|93333192:6|93333194:6|93333195:6|93333197:6|93333198:6|93333201:6|93333204:6|93333205:6|93333206:6|93333207:6|93333208:6|93333213:6|93333214:6|93333215:6|93333216:6|93333217:6|93333218:6|93333228:6|93333229:6|93333235:6|93333240:6|93333241:6|93333243:6|93333244:6|93333245:6|93333246:6|93333248:6|93333249:6|93333253:6|93333254:6|93333255:6|93333256:6|93333257:6|93333258:6|93333259:6|93333260:6|93333261:6|93333264:6|93333265:6|93333266:6|93333267:6|93333268:6|93333269:6|93333270:6|93333271:6|93333273:6|93333274:6|93333275:6|93333276:6|93333277:6|93333279:6|93333280:6|93333281:6|93333284:6|93333285:6|93333286:6|93333287:6|93333288:6|93333289:6|93333291:6|93333295:6|93333296:6|93333297:6|93333298:6|93333381:6|93333405:6|93333406:6|93333407:6|93333408:6|93333409:6|93333412:6
2021-01-10 15:29:18,554:INFO:93352222:5|93356666:5
2021-01-10 15:29:21,919:INFO:93352222:5|93356666:5
2021-01-10 15:29:35,992:INFO:ДУГААРАА СОНГОЖ БУЙ ХЭСЭГ
2021-01-10 15:29:35,993:INFO:2
2021-01-10 15:29:38,320:INFO:98128800:7
2021-01-10 15:29:44,117:INFO:98037733:7|98128800:7|98130022:7|98136633:7|98136644:7|98137722:7|98137744:7|98138866:7|98139900:7|98140022:7|98141177:7|98142211:7|98142255:7|98142266:7|98143300:7|98144411:7|98146600:7|98146644:7|98146655:7|98146688:7|98148822:7|98148844:7|98151177:7|98152200:7|98152244:7|98152255:7|98152266:7|98153388:7|98154488:7|98155500:7|98157711:7|98157733:7|98157755:7|98157766:7|98158800:7|98159955:7|98159966:7|98160033:7|98161155:7|98162211:7|98163300:7|98163311:7|98163322:7|98163366:7|98163377:7|98164422:7|98164433:7|98164466:7|98164488:7|98165500:7|98165511:7|98165522:7|98165566:7|98167722:7|98167755:7|98167766:7|98168811:7|98168822:7|98168844:7|98168855:7|98168866:7|98168877:7|98170022:7|98171100:7|98171133:7|98171144:7|98172200:7|98172266:7|98172288:7|98173322:7|98173377:7|98174422:7|98174499:7|98175522:7|98175533:7|98175544:7|98175588:7|98176600:7|98176611:7|98176622:7|98176633:7|98176644:7|98177700:7|98177755:7|98177766:7|98178800:7|98178811:7|98178855:7|98178866:7|98184411:7|98187733:7|98187744:7|98191155:7|98192211:7|98192266:7|98193377:7|98194411:7|98194422:7|98194477:7|98195533:7|98196622:7|98202277:7|98203322:7|98206622:7|98207711:7|98207744:7|98207755:7|98207766:7|98208822:7|98208844:7|98208877:7|98209966:7|98210033:7|98210055:7|98210066:7|98210077:7|98210099:7|98212277:7|98213300:7|98213366:7|98213399:7|98214411:7|98214433:7|98215522:7|98216600:7|98216655:7|98216688:7|98217722:7|98217733:7|98217744:7|98217755:7|98218800:7
2021-01-10 15:29:46,611:INFO:ДУГААРАА СОНГОЖ БУЙ ХЭСЭГ
2021-01-10 15:29:46,611:INFO:2
2021-01-10 15:29:46,994:INFO:ДУГААРАА СОНГОЖ БУЙ ХЭСЭГ
2021-01-10 15:29:46,994:INFO:2
2021-01-10 15:29:49,047:INFO:-1
2021-01-10 15:29:53,241:INFO:98162222:5|98214444:5|98241111:5|98274444:5|98294444:5|98296666:5|98326666:5|98372222:5|98374444:5|98376666:5|98426666:5|98432222:5|98436666:5|98452222:5|98456666:5|98462222:5|98472222:5|98513333:5|98514444:5|98516666:5|98562222:5|98587777:5|98592222:5|98632222:5|98642222:5|98652222:5|98654444:5|98674444:5
2021-01-10 15:30:01,628:INFO:98162222:5|98214444:5|98241111:5|98274444:5|98294444:5|98296666:5|98326666:5|98372222:5|98374444:5|98376666:5|98426666:5|98432222:5|98436666:5|98452222:5|98456666:5|98462222:5|98472222:5|98513333:5|98514444:5|98516666:5|98562222:5|98587777:5|98592222:5|98632222:5|98642222:5|98652222:5|98654444:5|98674444:5
2021-01-10 15:30:11,404:INFO:98162222:5|98214444:5|98241111:5|98274444:5|98294444:5|98296666:5|98326666:5|98372222:5|98374444:5|98376666:5|98426666:5|98432222:5|98436666:5|98452222:5|98456666:5|98462222:5|98472222:5|98513333:5|98514444:5|98516666:5|98562222:5|98587777:5|98592222:5|98632222:5|98642222:5|98652222:5|98654444:5|98674444:5
2021-01-10 15:30:21,604:INFO:98162222:5|98214444:5|98241111:5|98274444:5|98294444:5|98296666:5|98326666:5|98372222:5|98374444:5|98376666:5|98426666:5|98432222:5|98436666:5|98452222:5|98456666:5|98462222:5|98472222:5|98513333:5|98514444:5|98516666:5|98562222:5|98587777:5|98592222:5|98632222:5|98642222:5|98652222:5|98654444:5|98674444:5
2021-01-10 15:30:28,596:INFO:98162222:5|98214444:5|98241111:5|98274444:5|98294444:5|98296666:5|98326666:5|98372222:5|98374444:5|98376666:5|98426666:5|98432222:5|98436666:5|98452222:5|98456666:5|98462222:5|98472222:5|98513333:5|98514444:5|98516666:5|98562222:5|98587777:5|98592222:5|98632222:5|98642222:5|98652222:5|98654444:5|98674444:5
2021-01-10 15:30:34,105:INFO:98162222:5|98214444:5|98241111:5|98274444:5|98294444:5|98296666:5|98326666:5|98372222:5|98374444:5|98376666:5|98426666:5|98432222:5|98436666:5|98452222:5|98456666:5|98462222:5|98472222:5|98513333:5|98514444:5|98516666:5|98562222:5|98587777:5|98592222:5|98632222:5|98642222:5|98652222:5|98654444:5|98674444:5
2021-01-10 15:30:42,224:INFO:98162222:5|98214444:5|98241111:5|98274444:5|98294444:5|98296666:5|98326666:5|98372222:5|98374444:5|98376666:5|98426666:5|98432222:5|98436666:5|98452222:5|98456666:5|98462222:5|98472222:5|98513333:5|98514444:5|98516666:5|98562222:5|98587777:5|98592222:5|98632222:5|98642222:5|98652222:5|98654444:5|98674444:5
2021-01-10 15:30:47,977:INFO:98162222:5|98214444:5|98241111:5|98274444:5|98294444:5|98296666:5|98326666:5|98372222:5|98374444:5|98376666:5|98426666:5|98432222:5|98436666:5|98452222:5|98456666:5|98462222:5|98472222:5|98513333:5|98514444:5|98516666:5|98562222:5|98587777:5|98592222:5|98632222:5|98642222:5|98652222:5|98654444:5|98674444:5
2021-01-10 15:30:55,015:INFO:98162222:5|98214444:5|98241111:5|98274444:5|98294444:5|98296666:5|98326666:5|98372222:5|98374444:5|98376666:5|98426666:5|98432222:5|98436666:5|98452222:5|98456666:5|98462222:5|98472222:5|98513333:5|98514444:5|98516666:5|98562222:5|98587777:5|98592222:5|98632222:5|98642222:5|98652222:5|98654444:5|98674444:5
2021-01-10 15:31:02,939:INFO:98162222:5|98214444:5|98241111:5|98274444:5|98294444:5|98296666:5|98326666:5|98372222:5|98374444:5|98376666:5|98426666:5|98432222:5|98436666:5|98452222:5|98456666:5|98462222:5|98472222:5|98513333:5|98514444:5|98516666:5|98562222:5|98587777:5|98592222:5|98632222:5|98642222:5|98652222:5|98654444:5|98674444:5
2021-01-10 15:31:10,531:INFO:93124444:5|93126666:5|93142222:5|93146666:5|93152222:5|93156666:5|93162222:5|93172222:5|93174444:5|93176666:5|93182222:5|93184444:5|93192222:5|93194444:5|93214444:5|93246666:5|93254444:5|93256666:5|93264444:5|93274444:5|93276666:5|93284444:5|93286666:5|93294444:5|93296666:5|93312222:5|93314444:5|93316666:5|93324444:5|93326666:5|93342222:5|93346666:5|93352222:5|93356666:5|93372222:5|93374444:5|93376666:5|93382222:5|93384444:5|93386666:5|93402222:5|93406666:5|93412222:5|93416666:5|93426666:5|93436666:5|93452222:5|93456666:5|93462222:5|93472222:5|93476666:5
2021-01-10 15:31:17,372:INFO:93124444:5|93126666:5|93142222:5|93146666:5|93152222:5|93156666:5|93162222:5|93172222:5|93174444:5|93176666:5|93182222:5|93184444:5|93192222:5|93194444:5|93214444:5|93246666:5|93254444:5|93256666:5|93264444:5|93274444:5|93276666:5|93284444:5|93286666:5|93294444:5|93296666:5|93312222:5|93314444:5|93316666:5|93324444:5|93326666:5|93342222:5|93346666:5|93352222:5|93356666:5|93372222:5|93374444:5|93376666:5|93382222:5|93384444:5|93386666:5|93402222:5|93406666:5|93412222:5|93416666:5|93426666:5|93436666:5|93452222:5|93456666:5|93462222:5|93472222:5|93476666:5
2021-01-10 15:31:33,918:INFO:93124444:5|93126666:5|93142222:5|93146666:5|93152222:5|93156666:5|93162222:5|93172222:5|93174444:5|93176666:5|93182222:5|93184444:5|93192222:5|93194444:5|93214444:5|93246666:5|93254444:5|93256666:5|93264444:5|93274444:5|93276666:5|93284444:5|93286666:5|93294444:5|93296666:5|93312222:5|93314444:5|93316666:5|93324444:5|93326666:5|93342222:5|93346666:5|93352222:5|93356666:5|93372222:5|93374444:5|93376666:5|93382222:5|93384444:5|93386666:5|93402222:5|93406666:5|93412222:5|93416666:5|93426666:5|93436666:5|93452222:5|93456666:5|93462222:5|93472222:5|93476666:5
2021-01-10 15:31:39,196:INFO:93124444:5|93126666:5|93142222:5|93146666:5|93152222:5|93156666:5|93162222:5|93172222:5|93174444:5|93176666:5|93182222:5|93184444:5|93192222:5|93194444:5|93214444:5|93246666:5|93254444:5|93256666:5|93264444:5|93274444:5|93276666:5|93284444:5|93286666:5|93294444:5|93296666:5|93312222:5|93314444:5|93316666:5|93324444:5|93326666:5|93342222:5|93346666:5|93352222:5|93356666:5|93372222:5|93374444:5|93376666:5|93382222:5|93384444:5|93386666:5|93402222:5|93406666:5|93412222:5|93416666:5|93426666:5|93436666:5|93452222:5|93456666:5|93462222:5|93472222:5|93476666:5
2021-01-10 15:31:44,593:INFO:-1
2021-01-10 15:31:48,652:INFO:ДУГААРАА СОНГОЖ БУЙ ХЭСЭГ
2021-01-10 15:31:48,653:INFO:2
2021-01-10 15:34:30,662:INFO:------------------------------------------------------------------------------------------------
2021-01-10 15:52:28,254:INFO:98112715:6|98112763:6|98112876:6|98113415:6|98113426:6|98113527:6|98113584:6|98113624:6|98113723:6|98113924:6|98113926:6|98113946:6|98113954:6|98113976:6|98114317:6|98114513:6|98114517:6|98114537:6|98114539:6|98114573:6|98114631:6|98114672:6|98114732:6|98114735:6|98114738:6|98114762:6|98114825:6|98114835:6|98114917:6|98114923:6|98114931:6|98114935:6|98114952:6|98114962:6|98114963:6|98114967:6|98114972:6|98114975:6|98114982:6|98115134:6|98115143:6|98115213:6|98115217:6|98115236:6|98115237:6|98115246:6|98115273:6|98115274:6|98115287:6|98115293:6|98115314:6|98115317:6|98115327:6|98115341:6|98115342:6|98115346:6|98115347:6|98115361:6|98115371:6|98115382:6|98115386:6|98115392:6|98115413:6|98115423:6|98115427:6|98115431:6|98115438:6|98115471:6|98115614:6|98115627:6|98115631:6|98115632:6|98115634:6|98115637:6|98115639:6|98115643:6|98115672:6|98115693:6|98115712:6|98115713:6|98115714:6|98115716:6|98115721:6|98115724:6|98115728:6|98115729:6|98115732:6|98115734:6|98115736:6|98115742:6|98115743:6|98115761:6|98115762:6|98115763:6|98115764:6|98115782:6|98115783:6|98115784:6|98115786:6|98115792:6|98115794:6|98115817:6|98115834:6|98115841:6|98115843:6|98115846:6|98115847:6|98115863:6|98115867:6|98115871:6|98115873:6|98115893:6|98115924:6|98115925:6|98115926:6|98115928:6|98115932:6|98115935:6|98115937:6|98115938:6|98115941:6|98115942:6|98115943:6|98115946:6|98115947:6|98115962:6|98115964:6|98115973:6|98115974:6|98115983:6|98115984:6|98115986:6
2021-01-10 15:52:49,960:INFO:ДУГААРАА СОНГОЖ БУЙ ХЭСЭГ
2021-01-10 15:52:49,960:INFO:3
2021-01-10 15:53:25,712:INFO:ДУГААРАА СОНГОЖ БУЙ ХЭСЭГ
2021-01-10 15:53:25,712:INFO:3
2021-01-10 15:53:58,788:INFO:------------------------------------------------------------------------------------------------
2021-01-10 15:54:00,246:INFO:ДУГААРАА СОНГОЖ БУЙ ХЭСЭГ
2021-01-10 15:54:00,246:INFO:7
2021-01-10 15:54:00,825:WARNING:Not Found: /favicon.ico
2021-01-10 15:54:05,066:INFO:98112715:6|98112763:6|98112876:6|98113415:6|98113426:6|98113527:6|98113584:6|98113624:6|98113723:6|98113924:6|98113926:6|98113946:6|98113954:6|98113976:6|98114317:6|98114513:6|98114517:6|98114537:6|98114539:6|98114573:6|98114631:6|98114672:6|98114732:6|98114735:6|98114738:6|98114762:6|98114825:6|98114835:6|98114917:6|98114923:6|98114931:6|98114935:6|98114952:6|98114962:6|98114963:6|98114967:6|98114972:6|98114975:6|98114982:6|98115134:6|98115143:6|98115213:6|98115217:6|98115236:6|98115237:6|98115246:6|98115273:6|98115274:6|98115287:6|98115293:6|98115314:6|98115317:6|98115327:6|98115341:6|98115342:6|98115346:6|98115347:6|98115361:6|98115371:6|98115382:6|98115386:6|98115392:6|98115413:6|98115423:6|98115427:6|98115431:6|98115438:6|98115471:6|98115614:6|98115627:6|98115631:6|98115632:6|98115634:6|98115637:6|98115639:6|98115643:6|98115672:6|98115693:6|98115712:6|98115713:6|98115714:6|98115716:6|98115721:6|98115724:6|98115728:6|98115729:6|98115732:6|98115734:6|98115736:6|98115742:6|98115743:6|98115761:6|98115762:6|98115763:6|98115764:6|98115782:6|98115783:6|98115784:6|98115786:6|98115792:6|98115794:6|98115817:6|98115834:6|98115841:6|98115843:6|98115846:6|98115847:6|98115863:6|98115867:6|98115871:6|98115873:6|98115893:6|98115924:6|98115925:6|98115926:6|98115928:6|98115932:6|98115935:6|98115937:6|98115938:6|98115941:6|98115942:6|98115943:6|98115946:6|98115947:6|98115962:6|98115964:6|98115973:6|98115974:6|98115983:6|98115984:6|98115986:6
2021-01-10 15:54:13,889:INFO:98112715:6|98112763:6|98112876:6|98113415:6|98113426:6|98113527:6|98113584:6|98113624:6|98113723:6|98113924:6|98113926:6|98113946:6|98113954:6|98113976:6|98114317:6|98114513:6|98114517:6|98114537:6|98114539:6|98114573:6|98114631:6|98114672:6|98114732:6|98114735:6|98114738:6|98114762:6|98114825:6|98114835:6|98114917:6|98114923:6|98114931:6|98114935:6|98114952:6|98114962:6|98114963:6|98114967:6|98114972:6|98114975:6|98114982:6|98115134:6|98115143:6|98115213:6|98115217:6|98115236:6|98115237:6|98115246:6|98115273:6|98115274:6|98115287:6|98115293:6|98115314:6|98115317:6|98115327:6|98115341:6|98115342:6|98115346:6|98115347:6|98115361:6|98115371:6|98115382:6|98115386:6|98115392:6|98115413:6|98115423:6|98115427:6|98115431:6|98115438:6|98115471:6|98115614:6|98115627:6|98115631:6|98115632:6|98115634:6|98115637:6|98115639:6|98115643:6|98115672:6|98115693:6|98115712:6|98115713:6|98115714:6|98115716:6|98115721:6|98115724:6|98115728:6|98115729:6|98115732:6|98115734:6|98115736:6|98115742:6|98115743:6|98115761:6|98115762:6|98115763:6|98115764:6|98115782:6|98115783:6|98115784:6|98115786:6|98115792:6|98115794:6|98115817:6|98115834:6|98115841:6|98115843:6|98115846:6|98115847:6|98115863:6|98115867:6|98115871:6|98115873:6|98115893:6|98115924:6|98115925:6|98115926:6|98115928:6|98115932:6|98115935:6|98115937:6|98115938:6|98115941:6|98115942:6|98115943:6|98115946:6|98115947:6|98115962:6|98115964:6|98115973:6|98115974:6|98115983:6|98115984:6|98115986:6
2021-01-10 15:54:55,523:INFO:98112715:6|98112763:6|98112876:6|98113415:6|98113426:6|98113527:6|98113584:6|98113624:6|98113723:6|98113924:6|98113926:6|98113946:6|98113954:6|98113976:6|98114317:6|98114513:6|98114517:6|98114537:6|98114539:6|98114573:6|98114631:6|98114672:6|98114732:6|98114735:6|98114738:6|98114762:6|98114825:6|98114835:6|98114917:6|98114923:6|98114931:6|98114935:6|98114952:6|98114962:6|98114963:6|98114967:6|98114972:6|98114975:6|98114982:6|98115134:6|98115143:6|98115213:6|98115217:6|98115236:6|98115237:6|98115246:6|98115273:6|98115274:6|98115287:6|98115293:6|98115314:6|98115317:6|98115327:6|98115341:6|98115342:6|98115346:6|98115347:6|98115361:6|98115371:6|98115382:6|98115386:6|98115392:6|98115413:6|98115423:6|98115427:6|98115431:6|98115438:6|98115471:6|98115614:6|98115627:6|98115631:6|98115632:6|98115634:6|98115637:6|98115639:6|98115643:6|98115672:6|98115693:6|98115712:6|98115713:6|98115714:6|98115716:6|98115721:6|98115724:6|98115728:6|98115729:6|98115732:6|98115734:6|98115736:6|98115742:6|98115743:6|98115761:6|98115762:6|98115763:6|98115764:6|98115782:6|98115783:6|98115784:6|98115786:6|98115792:6|98115794:6|98115817:6|98115834:6|98115841:6|98115843:6|98115846:6|98115847:6|98115863:6|98115867:6|98115871:6|98115873:6|98115893:6|98115924:6|98115925:6|98115926:6|98115928:6|98115932:6|98115935:6|98115937:6|98115938:6|98115941:6|98115942:6|98115943:6|98115946:6|98115947:6|98115962:6|98115964:6|98115973:6|98115974:6|98115983:6|98115984:6|98115986:6
2021-01-10 15:55:03,454:INFO:98112715:6|98112763:6|98112876:6|98113415:6|98113426:6|98113527:6|98113584:6|98113624:6|98113723:6|98113924:6|98113926:6|98113946:6|98113954:6|98113976:6|98114317:6|98114513:6|98114517:6|98114537:6|98114539:6|98114573:6|98114631:6|98114672:6|98114732:6|98114735:6|98114738:6|98114762:6|98114825:6|98114835:6|98114917:6|98114923:6|98114931:6|98114935:6|98114952:6|98114962:6|98114963:6|98114967:6|98114972:6|98114975:6|98114982:6|98115134:6|98115143:6|98115213:6|98115217:6|98115236:6|98115237:6|98115246:6|98115273:6|98115274:6|98115287:6|98115293:6|98115314:6|98115317:6|98115327:6|98115341:6|98115342:6|98115346:6|98115347:6|98115361:6|98115371:6|98115382:6|98115386:6|98115392:6|98115413:6|98115423:6|98115427:6|98115431:6|98115438:6|98115471:6|98115614:6|98115627:6|98115631:6|98115632:6|98115634:6|98115637:6|98115639:6|98115643:6|98115672:6|98115693:6|98115712:6|98115713:6|98115714:6|98115716:6|98115721:6|98115724:6|98115728:6|98115729:6|98115732:6|98115734:6|98115736:6|98115742:6|98115743:6|98115761:6|98115762:6|98115763:6|98115764:6|98115782:6|98115783:6|98115784:6|98115786:6|98115792:6|98115794:6|98115817:6|98115834:6|98115841:6|98115843:6|98115846:6|98115847:6|98115863:6|98115867:6|98115871:6|98115873:6|98115893:6|98115924:6|98115925:6|98115926:6|98115928:6|98115932:6|98115935:6|98115937:6|98115938:6|98115941:6|98115942:6|98115943:6|98115946:6|98115947:6|98115962:6|98115964:6|98115973:6|98115974:6|98115983:6|98115984:6|98115986:6
2021-01-10 15:55:13,049:INFO:98112715:6|98112763:6|98112876:6|98113415:6|98113426:6|98113527:6|98113584:6|98113624:6|98113723:6|98113924:6|98113926:6|98113946:6|98113954:6|98113976:6|98114317:6|98114513:6|98114517:6|98114537:6|98114539:6|98114573:6|98114631:6|98114672:6|98114732:6|98114735:6|98114738:6|98114762:6|98114825:6|98114835:6|98114917:6|98114923:6|98114931:6|98114935:6|98114952:6|98114962:6|98114963:6|98114967:6|98114972:6|98114975:6|98114982:6|98115134:6|98115143:6|98115213:6|98115217:6|98115236:6|98115237:6|98115246:6|98115273:6|98115274:6|98115287:6|98115293:6|98115314:6|98115317:6|98115327:6|98115341:6|98115342:6|98115346:6|98115347:6|98115361:6|98115371:6|98115382:6|98115386:6|98115392:6|98115413:6|98115423:6|98115427:6|98115431:6|98115438:6|98115471:6|98115614:6|98115627:6|98115631:6|98115632:6|98115634:6|98115637:6|98115639:6|98115643:6|98115672:6|98115693:6|98115712:6|98115713:6|98115714:6|98115716:6|98115721:6|98115724:6|98115728:6|98115729:6|98115732:6|98115734:6|98115736:6|98115742:6|98115743:6|98115761:6|98115762:6|98115763:6|98115764:6|98115782:6|98115783:6|98115784:6|98115786:6|98115792:6|98115794:6|98115817:6|98115834:6|98115841:6|98115843:6|98115846:6|98115847:6|98115863:6|98115867:6|98115871:6|98115873:6|98115893:6|98115924:6|98115925:6|98115926:6|98115928:6|98115932:6|98115935:6|98115937:6|98115938:6|98115941:6|98115942:6|98115943:6|98115946:6|98115947:6|98115962:6|98115964:6|98115973:6|98115974:6|98115983:6|98115984:6|98115986:6
2021-01-10 15:55:21,485:INFO:98112715:6|98112763:6|98112876:6|98113415:6|98113426:6|98113527:6|98113584:6|98113624:6|98113723:6|98113924:6|98113926:6|98113946:6|98113954:6|98113976:6|98114317:6|98114513:6|98114517:6|98114537:6|98114539:6|98114573:6|98114631:6|98114672:6|98114732:6|98114735:6|98114738:6|98114762:6|98114825:6|98114835:6|98114917:6|98114923:6|98114931:6|98114935:6|98114952:6|98114962:6|98114963:6|98114967:6|98114972:6|98114975:6|98114982:6|98115134:6|98115143:6|98115213:6|98115217:6|98115236:6|98115237:6|98115246:6|98115273:6|98115274:6|98115287:6|98115293:6|98115314:6|98115317:6|98115327:6|98115341:6|98115342:6|98115346:6|98115347:6|98115361:6|98115371:6|98115382:6|98115386:6|98115392:6|98115413:6|98115423:6|98115427:6|98115431:6|98115438:6|98115471:6|98115614:6|98115627:6|98115631:6|98115632:6|98115634:6|98115637:6|98115639:6|98115643:6|98115672:6|98115693:6|98115712:6|98115713:6|98115714:6|98115716:6|98115721:6|98115724:6|98115728:6|98115729:6|98115732:6|98115734:6|98115736:6|98115742:6|98115743:6|98115761:6|98115762:6|98115763:6|98115764:6|98115782:6|98115783:6|98115784:6|98115786:6|98115792:6|98115794:6|98115817:6|98115834:6|98115841:6|98115843:6|98115846:6|98115847:6|98115863:6|98115867:6|98115871:6|98115873:6|98115893:6|98115924:6|98115925:6|98115926:6|98115928:6|98115932:6|98115935:6|98115937:6|98115938:6|98115941:6|98115942:6|98115943:6|98115946:6|98115947:6|98115962:6|98115964:6|98115973:6|98115974:6|98115983:6|98115984:6|98115986:6
2021-01-10 15:55:32,672:INFO:ДУГААРАА СОНГОЖ БУЙ ХЭСЭГ
2021-01-10 15:55:32,673:INFO:7
2021-01-10 15:55:34,624:INFO:ДУГААРАА СОНГОЖ БУЙ ХЭСЭГ
2021-01-10 15:55:34,624:INFO:7
2021-01-10 15:55:38,533:INFO:98162222:5|98214444:5|98241111:5|98274444:5|98294444:5|98296666:5|98326666:5|98372222:5|98374444:5|98376666:5|98426666:5|98432222:5|98436666:5|98452222:5|98456666:5|98462222:5|98472222:5|98513333:5|98514444:5|98516666:5|98562222:5|98587777:5|98592222:5|98632222:5|98642222:5|98652222:5|98654444:5|98674444:5
2021-01-10 15:55:41,346:INFO:ДУГААРАА СОНГОЖ БУЙ ХЭСЭГ
2021-01-10 15:55:41,347:INFO:7
2021-01-10 15:55:45,975:INFO:ДУГААРАА СОНГОЖ БУЙ ХЭСЭГ
2021-01-10 15:55:45,975:INFO:7
2021-01-10 15:55:55,311:INFO:ДУГААРАА СОНГОЖ БУЙ ХЭСЭГ
2021-01-10 15:55:55,311:INFO:7
2021-01-10 15:55:59,368:INFO:-1
2021-01-10 15:56:01,410:INFO:ДУГААРАА СОНГОЖ БУЙ ХЭСЭГ
2021-01-10 15:56:01,410:INFO:7
2021-01-10 15:56:06,191:INFO:-1
2021-01-10 15:56:09,722:INFO:ДУГААРАА СОНГОЖ БУЙ ХЭСЭГ
2021-01-10 15:56:09,722:INFO:7
2021-01-10 15:56:14,706:INFO:98082772:9|98084224:9|98084334:9|98084774:9
2021-01-10 15:59:27,526:INFO:ДУГААРАА СОНГОЖ БУЙ ХЭСЭГ
2021-01-10 15:59:27,527:INFO:2
2021-01-10 15:59:27,986:INFO:ДУГААРАА СОНГОЖ БУЙ ХЭСЭГ
2021-01-10 15:59:27,987:INFO:2
2021-01-10 15:59:33,369:INFO:98037733:7|98128800:7|98130022:7|98136633:7|98136644:7|98137722:7|98137744:7|98138866:7|98139900:7|98140022:7|98141177:7|98142211:7|98142255:7|98142266:7|98143300:7|98144411:7|98146600:7|98146644:7|98146655:7|98146688:7|98148822:7|98148844:7|98151177:7|98152200:7|98152244:7|98152255:7|98152266:7|98153388:7|98154488:7|98155500:7|98157711:7|98157733:7|98157755:7|98157766:7|98158800:7|98159955:7|98159966:7|98160033:7|98161155:7|98162211:7|98163300:7|98163311:7|98163322:7|98163366:7|98163377:7|98164422:7|98164433:7|98164466:7|98164488:7|98165500:7|98165511:7|98165522:7|98165566:7|98167722:7|98167755:7|98167766:7|98168811:7|98168822:7|98168844:7|98168855:7|98168866:7|98168877:7|98170022:7|98171100:7|98171133:7|98171144:7|98172200:7|98172266:7|98172288:7|98173322:7|98173377:7|98174422:7|98174499:7|98175522:7|98175533:7|98175544:7|98175588:7|98176600:7|98176611:7|98176622:7|98176633:7|98176644:7|98177700:7|98177755:7|98177766:7|98178800:7|98178811:7|98178855:7|98178866:7|98184411:7|98187733:7|98187744:7|98191155:7|98192211:7|98192266:7|98193377:7|98194411:7|98194422:7|98194477:7|98195533:7|98196622:7|98202277:7|98203322:7|98206622:7|98207711:7|98207744:7|98207755:7|98207766:7|98208822:7|98208844:7|98208877:7|98209966:7|98210033:7|98210055:7|98210066:7|98210077:7|98210099:7|98212277:7|98213300:7|98213366:7|98213399:7|98214411:7|98214433:7|98215522:7|98216600:7|98216655:7|98216688:7|98217722:7|98217733:7|98217744:7|98217755:7|98218800:7
2021-01-10 15:59:34,806:INFO:98128800:7
2021-01-10 15:59:40,445:INFO:97120033:7|97120044:7|97120055:7|97120066:7|97120077:7|97120088:7|97121100:7|97121122:7|97122244:7|97122255:7|97122266:7|97123300:7|97123311:7|97123322:7|97123355:7|97123366:7|97123377:7|97123388:7|97123399:7|97124400:7|97124411:7|97124422:7|97124433:7|97124466:7|97124477:7|97124488:7|97125500:7|97125511:7|97125522:7|97125533:7|97125544:7|97125577:7|97125599:7|97126600:7|97126611:7|97126622:7|97126633:7|97126644:7|97126655:7|97127711:7|97127733:7|97127744:7|97127766:7|97128800:7|97128833:7|97128844:7|97128855:7|97128877:7|97129933:7|97129944:7|97129955:7|97129988:7
2021-01-10 15:59:50,900:INFO:97120033:7|97120044:7|97120055:7|97120066:7|97120077:7|97120088:7|97121100:7|97121122:7|97122244:7|97122255:7|97122266:7|97123300:7|97123311:7|97123322:7|97123355:7|97123366:7|97123377:7|97123388:7|97123399:7|97124400:7|97124411:7|97124422:7|97124433:7|97124466:7|97124477:7|97124488:7|97125500:7|97125511:7|97125522:7|97125533:7|97125544:7|97125577:7|97125599:7|97126600:7|97126611:7|97126622:7|97126633:7|97126644:7|97126655:7|97127711:7|97127733:7|97127744:7|97127766:7|97128800:7|97128833:7|97128844:7|97128855:7|97128877:7|97129933:7|97129944:7|97129955:7|97129988:7
2021-01-10 15:59:53,306:INFO:ДУГААРАА СОНГОЖ БУЙ ХЭСЭГ
2021-01-10 15:59:53,306:INFO:2
2021-01-10 15:59:57,731:INFO:98121991:9|98122442:9|98125225:9|98125665:9|98125775:9|98126006:9|98126336:9|98126446:9|98126464:9|98127447:9|98127667:9
2021-01-10 16:08:02,411:INFO:-1
2021-01-10 16:08:08,148:INFO:-1
2021-01-10 16:08:12,421:INFO:-1
2021-01-10 16:08:20,470:INFO:98182662:9|98184554:9|98184994:9|98185225:9|98187337:9|98188998:9
2021-01-10 16:08:20,859:INFO:98182662:9|98184554:9|98184994:9|98185225:9|98187337:9|98188998:9
2021-01-10 16:08:32,204:INFO:93330440:9|93331441:9|93331661:9|93331717:9|93331771:9|93331881:9|93332002:9|93332112:9|93332552:9|93332772:9|93332992:9|93333883:9|93334224:9|93334554:9|93334664:9|93334774:9|93334884:9|93334994:9|93335005:9|93335115:9|93335665:9|93335775:9|93335995:9|93336116:9|93336446:9|93336556:9|93336767:9|93336776:9|93336996:9|93337117:9|93337171:9|93337227:9|93337447:9|93337474:9|93337557:9|93337667:9|93337676:9|93337887:9|93338228:9|93338282:9|93338448:9|93338558:9|93338778:9|93338998:9|93339449:9|93339494:9
2021-01-10 16:11:58,767:INFO:------------------------------------------------------------------------------------------------
2021-01-10 16:12:26,737:INFO:------------------------------------------------------------------------------------------------
2021-01-10 16:17:20,736:INFO:ДУГААРАА СОНГОЖ БУЙ ХЭСЭГ
2021-01-10 16:17:20,737:INFO:2
2021-01-10 16:17:40,560:INFO:-1
2021-01-10 16:17:45,518:INFO:-1
2021-01-10 16:18:59,881:INFO:-1
2021-01-10 16:19:00,911:INFO:-1
2021-01-10 16:19:05,598:INFO:-1
2021-01-10 16:19:06,599:INFO:-1
2021-01-10 16:19:07,620:INFO:-1
2021-01-10 16:19:08,649:INFO:-1
2021-01-10 16:19:09,677:INFO:-1
2021-01-10 16:19:10,752:INFO:-1
2021-01-10 16:19:11,767:INFO:-1
2021-01-10 16:19:12,777:INFO:-1
2021-01-10 16:19:16,600:INFO:ДУГААРАА СОНГОЖ БУЙ ХЭСЭГ
2021-01-10 16:19:16,600:INFO:2
2021-01-10 16:19:31,929:INFO:93459340:6|93459341:6|93459342:6|93459343:6|93459347:6|93459348:6|93459349:6
2021-01-10 16:21:09,513:INFO:93459340:6|93459341:6|93459342:6|93459343:6|93459347:6|93459348:6|93459349:6
2021-01-10 16:21:13,691:INFO:-1
2021-01-10 16:21:23,216:INFO:93330126:6|93330132:6|93330146:6|93330148:6|93330149:6|93330157:6|93330158:6|93330162:6|93330173:6|93330175:6|93330176:6|93330178:6|93330179:6|93330183:6|93330200:6|93330213:6|93330219:6|93330221:6|93330225:6|93330229:6|93330241:6|93330242:6|93330246:6|93330253:6|93330254:6|93330258:6|93330259:6|93330260:6|93330263:6|93330265:6|93330267:6|93330268:6|93330271:6|93330272:6|93330275:6|93330292:6|93330294:6|93330327:6|93330328:6|93330332:6|93330341:6|93330351:6|93330352:6|93330358:6|93330362:6|93330364:6|93330367:6|93330381:6|93330387:6|93330390:6|93330406:6|93330415:6|93330420:6|93330426:6|93330438:6|93330459:6|93330463:6|93330468:6|93330470:6|93330471:6|93330472:6|93330473:6|93330477:6|93330480:6|93330482:6|93330489:6|93330490:6|93330491:6|93330492:6|93330495:6|93330496:6|93330498:6|93330521:6|93330527:6|93330543:6|93330545:6|93330546:6|93330549:6|93330560:6|93330562:6|93330568:6|93330574:6|93330582:6|93330583:6|93330594:6|93330597:6|93330603:6|93330604:6|93330617:6|93330625:6|93330677:6|93330679:6|93330684:6|93330687:6|93330689:6|93330690:6|93330703:6|93330714:6|93330755:6|93330760:6|93330761:6|93330762:6|93330763:6|93330764:6|93330765:6|93330772:6|93330774:6|93330776:6|93330781:6|93330782:6|93330784:6|93330785:6|93330786:6|93330791:6|93330792:6|93330794:6|93330795:6|93330796:6|93330797:6|93330798:6|93330813:6|93330816:6|93330821:6|93330827:6|93330829:6|93330832:6|93330836:6|93330837:6|93330840:6|93330841:6|93330842:6|93330843:6
2021-01-10 16:21:30,424:INFO:ДУГААРЫН ҮНЭ
2021-01-10 16:21:30,427:INFO:5000
2021-01-10 16:22:05,117:INFO:------------------------------------------------------------------------------------------------
2021-01-10 16:22:06,492:INFO:ДУГААРАА СОНГОЖ БУЙ ХЭСЭГ
2021-01-10 16:22:06,492:INFO:2
2021-01-10 16:22:06,771:WARNING:Not Found: /favicon.ico
2021-01-10 16:22:07,908:INFO:ДУГААРАА СОНГОЖ БУЙ ХЭСЭГ
2021-01-10 16:22:07,908:INFO:2
2021-01-10 16:22:10,814:INFO:------------------------------------------------------------------------------------------------
2021-01-10 16:22:12,197:INFO:ДУГААРАА СОНГОЖ БУЙ ХЭСЭГ
2021-01-10 16:22:12,197:INFO:2
2021-01-10 16:22:16,553:INFO:-1
2021-01-10 16:22:20,021:INFO:ДУГААРАА СОНГОЖ БУЙ ХЭСЭГ
2021-01-10 16:22:20,021:INFO:2
2021-01-10 16:22:22,135:INFO:98121991:9|98122442:9|98125225:9|98125665:9|98125775:9|98126006:9|98126336:9|98126446:9|98126464:9|98127447:9|98127667:9
2021-01-10 16:22:27,617:INFO:------------------------------------------------------------------------------------------------
2021-01-10 16:22:28,788:INFO:ДУГААРАА СОНГОЖ БУЙ ХЭСЭГ
2021-01-10 16:22:28,788:INFO:2
2021-01-10 16:22:35,032:INFO:-1
2021-01-10 16:22:41,512:INFO:-1
2021-01-10 16:22:45,259:INFO:83123434:9
2021-01-10 16:34:30,834:INFO:-1
2021-01-10 16:34:30,966:INFO:------------------------------------------------------------------------------------------------
2021-01-10 17:11:58,887:INFO:------------------------------------------------------------------------------------------------
2021-01-10 17:12:26,898:INFO:------------------------------------------------------------------------------------------------
2021-01-10 17:21:53,559:INFO:------------------------------------------------------------------------------------------------
2021-01-10 17:45:11,787:INFO:98923007:6
2021-01-10 17:45:12,594:INFO:98923007:6
2021-01-10 17:50:19,223:WARNING:Not Found: /
2021-01-10 18:11:58,996:INFO:------------------------------------------------------------------------------------------------
2021-01-10 18:12:27,046:INFO:------------------------------------------------------------------------------------------------
2021-01-10 19:11:59,109:INFO:------------------------------------------------------------------------------------------------
2021-01-10 19:12:27,202:INFO:------------------------------------------------------------------------------------------------
2021-01-10 19:52:43,308:WARNING:Not Found: /
2021-01-10 19:52:43,752:WARNING:Not Found: /
2021-01-10 20:21:40,132:WARNING:Not Found: /
2021-01-10 20:32:55,750:WARNING:Not Found: /
2021-01-10 21:57:12,452:WARNING:Not Found: /favicon.ico
2021-01-10 23:47:38,374:INFO:------------------------------------------------------------------------------------------------
2021-01-11 00:14:28,463:WARNING:Not Found: /
2021-01-11 00:47:38,563:INFO:------------------------------------------------------------------------------------------------
2021-01-11 01:47:38,726:INFO:------------------------------------------------------------------------------------------------
2021-01-11 02:23:48,367:WARNING:Not Found: /
2021-01-11 02:47:38,885:INFO:------------------------------------------------------------------------------------------------
2021-01-11 03:47:39,025:INFO:------------------------------------------------------------------------------------------------
2021-01-11 04:25:10,122:WARNING:Not Found: /
2021-01-11 04:47:39,187:INFO:------------------------------------------------------------------------------------------------
2021-01-11 05:25:53,115:WARNING:Not Found: /
2021-01-11 05:47:39,367:INFO:------------------------------------------------------------------------------------------------
