2020-06-14 06:50:44,552:INFO:------------------------------------------------------------------------------------------------
2020-06-14 06:53:43,918:INFO:------------------------------------------------------------------------------------------------
2020-06-14 07:25:02,203:INFO:------------------------------------------------------------------------------------------------
2020-06-14 07:39:21,927:WARNING:Not Found: /
2020-06-14 07:39:23,053:WARNING:Not Found: /favicon.ico
2020-06-14 07:50:48,477:INFO:------------------------------------------------------------------------------------------------
2020-06-14 07:53:44,063:INFO:------------------------------------------------------------------------------------------------
2020-06-14 08:16:04,330:WARNING:Not Found: /
2020-06-14 08:25:06,791:INFO:------------------------------------------------------------------------------------------------
2020-06-14 08:39:27,276:INFO:ДУГААРАА СОНГОЖ БУЙ ХЭСЭГ
2020-06-14 08:39:27,277:INFO:------------------------------------------------------------------------------------------------
2020-06-14 08:39:27,277:INFO:3
2020-06-14 08:39:35,863:INFO:ДУГААРАА СОНГОЖ БУЙ ХЭСЭГ
2020-06-14 08:39:35,864:INFO:2
2020-06-14 08:39:41,705:INFO:ДУГААРАА СОНГОЖ БУЙ ХЭСЭГ
2020-06-14 08:39:41,706:INFO:3
2020-06-14 08:39:44,562:INFO:ДУГААРАА СОНГОЖ БУЙ ХЭСЭГ
2020-06-14 08:39:44,562:INFO:3
2020-06-14 08:50:53,071:INFO:------------------------------------------------------------------------------------------------
2020-06-14 08:53:44,180:INFO:------------------------------------------------------------------------------------------------
2020-06-14 09:25:11,394:INFO:------------------------------------------------------------------------------------------------
2020-06-14 09:27:29,534:INFO:ДУГААРАА СОНГОЖ БУЙ ХЭСЭГ
2020-06-14 09:27:29,534:INFO:2
2020-06-14 09:27:30,003:WARNING:Not Found: /favicon.ico
2020-06-14 09:27:33,806:INFO:------------------------------------------------------------------------------------------------
2020-06-14 09:50:57,697:INFO:------------------------------------------------------------------------------------------------
2020-06-14 09:53:44,334:INFO:------------------------------------------------------------------------------------------------
2020-06-14 09:59:54,189:INFO:------------------------------------------------------------------------------------------------
2020-06-14 10:00:48,711:INFO:------------------------------------------------------------------------------------------------
2020-06-14 10:00:54,839:INFO:ДУГААРАА СОНГОЖ БУЙ ХЭСЭГ
2020-06-14 10:00:54,839:INFO:7
2020-06-14 10:00:55,592:WARNING:Not Found: /favicon.ico
2020-06-14 10:01:16,084:INFO:ДУГААРАА СОНГОЖ БУЙ ХЭСЭГ
2020-06-14 10:01:16,085:INFO:------------------------------------------------------------------------------------------------
2020-06-14 10:01:16,085:INFO:2
2020-06-14 10:01:18,427:INFO:------------------------------------------------------------------------------------------------
2020-06-14 10:02:53,197:INFO:ДУГААРЫН ҮНЭ
2020-06-14 10:02:53,200:INFO:10000
2020-06-14 10:03:01,798:INFO:ДУГААРЫН ZAHIALGA
2020-06-14 10:05:02,636:INFO:------------------------------------------------------------------------------------------------
2020-06-14 10:09:07,564:INFO:------------------------------------------------------------------------------------------------
2020-06-14 10:09:11,538:INFO:------------------------------------------------------------------------------------------------
2020-06-14 10:23:20,723:INFO:------------------------------------------------------------------------------------------------
2020-06-14 10:23:37,538:INFO:ДУГААРАА СОНГОЖ БУЙ ХЭСЭГ
2020-06-14 10:23:37,538:INFO:2
2020-06-14 10:23:37,899:WARNING:Not Found: /favicon.ico
2020-06-14 10:24:50,934:INFO:------------------------------------------------------------------------------------------------
2020-06-14 10:25:15,984:INFO:------------------------------------------------------------------------------------------------
2020-06-14 10:27:33,884:INFO:------------------------------------------------------------------------------------------------
2020-06-14 10:28:31,746:INFO:------------------------------------------------------------------------------------------------
2020-06-14 10:31:47,946:INFO:------------------------------------------------------------------------------------------------
2020-06-14 10:39:20,714:INFO:------------------------------------------------------------------------------------------------
2020-06-14 10:44:19,924:INFO:ДУГААРАА СОНГОЖ БУЙ ХЭСЭГ
2020-06-14 10:44:19,924:INFO:7
2020-06-14 10:44:20,710:WARNING:Not Found: /favicon.ico
2020-06-14 10:44:20,872:WARNING:Not Found: /favicon.ico
2020-06-14 10:44:23,111:INFO:------------------------------------------------------------------------------------------------
2020-06-14 10:44:23,862:INFO:ДУГААРАА СОНГОЖ БУЙ ХЭСЭГ
2020-06-14 10:44:23,862:INFO:2
2020-06-14 10:48:57,434:INFO:------------------------------------------------------------------------------------------------
2020-06-14 10:49:04,141:INFO:ДУГААРАА СОНГОЖ БУЙ ХЭСЭГ
2020-06-14 10:49:04,142:INFO:2
2020-06-14 10:49:04,416:WARNING:Not Found: /favicon.ico
2020-06-14 10:49:51,222:INFO:ДУГААРЫН ҮНЭ
2020-06-14 10:49:51,225:INFO:5000
2020-06-14 10:50:30,591:INFO:ДУГААРЫН ZAHIALGA
2020-06-14 10:51:02,297:INFO:------------------------------------------------------------------------------------------------
2020-06-14 10:52:30,735:INFO:------------------------------------------------------------------------------------------------
2020-06-14 10:53:44,463:INFO:------------------------------------------------------------------------------------------------
2020-06-14 10:54:31,056:WARNING:Not Found: /favicon.ico
2020-06-14 10:58:00,835:INFO:------------------------------------------------------------------------------------------------
2020-06-14 10:58:46,884:INFO:ДУГААРАА СОНГОЖ БУЙ ХЭСЭГ
2020-06-14 10:58:46,884:INFO:7
2020-06-14 10:58:48,059:INFO:------------------------------------------------------------------------------------------------
2020-06-14 10:59:37,057:INFO:ДУГААРАА СОНГОЖ БУЙ ХЭСЭГ
2020-06-14 10:59:37,057:INFO:2
2020-06-14 10:59:37,497:WARNING:Not Found: /favicon.ico
2020-06-14 10:59:54,776:INFO:------------------------------------------------------------------------------------------------
2020-06-14 11:00:08,318:INFO:ДУГААРАА СОНГОЖ БУЙ ХЭСЭГ
2020-06-14 11:00:08,318:INFO:2
2020-06-14 11:00:08,603:WARNING:Not Found: /favicon.ico
2020-06-14 11:01:16,350:INFO:------------------------------------------------------------------------------------------------
2020-06-14 11:01:18,525:INFO:------------------------------------------------------------------------------------------------
2020-06-14 11:01:22,689:INFO:ДУГААРЫН ҮНЭ
2020-06-14 11:01:22,692:INFO:5000
2020-06-14 11:01:31,261:INFO:ДУГААРЫН ZAHIALGA
2020-06-14 11:01:32,678:INFO:------------------------------------------------------------------------------------------------
2020-06-14 11:04:20,155:INFO:ДУГААРАА СОНГОЖ БУЙ ХЭСЭГ
2020-06-14 11:04:20,156:INFO:2
2020-06-14 11:04:23,941:INFO:ДУГААРАА СОНГОЖ БУЙ ХЭСЭГ
2020-06-14 11:04:23,942:INFO:2
2020-06-14 11:04:25,178:WARNING:Not Found: /favicon.ico
2020-06-14 11:04:26,260:INFO:------------------------------------------------------------------------------------------------
2020-06-14 11:04:27,227:INFO:ДУГААРАА СОНГОЖ БУЙ ХЭСЭГ
2020-06-14 11:04:27,227:INFO:2
2020-06-14 11:04:51,421:INFO:ДУГААРЫН ҮНЭ
2020-06-14 11:04:51,423:INFO:5000
2020-06-14 11:05:01,612:INFO:ДУГААРЫН ZAHIALGA
2020-06-14 11:05:03,279:INFO:------------------------------------------------------------------------------------------------
2020-06-14 11:05:19,669:INFO:ДУГААРАА СОНГОЖ БУЙ ХЭСЭГ
2020-06-14 11:05:19,669:INFO:2
2020-06-14 11:07:29,919:INFO:------------------------------------------------------------------------------------------------
2020-06-14 11:07:33,604:INFO:ДУГААРАА СОНГОЖ БУЙ ХЭСЭГ
2020-06-14 11:07:33,604:INFO:7
2020-06-14 11:07:46,597:WARNING:Not Found: /favicon.ico
2020-06-14 11:08:17,257:INFO:------------------------------------------------------------------------------------------------
2020-06-14 11:08:19,637:INFO:ДУГААРАА СОНГОЖ БУЙ ХЭСЭГ
2020-06-14 11:08:19,637:INFO:2
2020-06-14 11:08:19,974:WARNING:Not Found: /favicon.ico
2020-06-14 11:08:21,189:INFO:------------------------------------------------------------------------------------------------
2020-06-14 11:09:12,025:INFO:------------------------------------------------------------------------------------------------
2020-06-14 11:14:28,971:INFO:------------------------------------------------------------------------------------------------
2020-06-14 11:18:18,187:INFO:ДУГААРАА СОНГОЖ БУЙ ХЭСЭГ
2020-06-14 11:18:18,187:INFO:7
2020-06-14 11:18:18,657:WARNING:Not Found: /favicon.ico
2020-06-14 11:18:23,846:INFO:ДУГААРАА СОНГОЖ БУЙ ХЭСЭГ
2020-06-14 11:18:23,847:INFO:7
2020-06-14 11:20:05,806:INFO:ДУГААРАА СОНГОЖ БУЙ ХЭСЭГ
2020-06-14 11:20:05,807:INFO:7
2020-06-14 11:20:18,709:INFO:ДУГААРАА СОНГОЖ БУЙ ХЭСЭГ
2020-06-14 11:20:18,709:INFO:2
2020-06-14 11:21:09,667:INFO:ДУГААРАА СОНГОЖ БУЙ ХЭСЭГ
2020-06-14 11:21:09,667:INFO:7
2020-06-14 11:21:10,186:WARNING:Not Found: /favicon.ico
2020-06-14 11:21:21,338:INFO:ДУГААРАА СОНГОЖ БУЙ ХЭСЭГ
2020-06-14 11:21:21,338:INFO:7
2020-06-14 11:22:03,645:INFO:ДУГААРАА СОНГОЖ БУЙ ХЭСЭГ
2020-06-14 11:22:03,645:INFO:2
2020-06-14 11:22:04,501:WARNING:Not Found: /favicon.ico
2020-06-14 11:22:04,508:WARNING:Not Found: /favicon.ico
2020-06-14 11:22:07,159:INFO:ДУГААРАА СОНГОЖ БУЙ ХЭСЭГ
2020-06-14 11:22:07,159:INFO:2
2020-06-14 11:22:16,755:INFO:------------------------------------------------------------------------------------------------
2020-06-14 11:22:47,245:INFO:ДУГААРАА СОНГОЖ БУЙ ХЭСЭГ
2020-06-14 11:22:47,246:INFO:7
2020-06-14 11:22:54,389:INFO:ДУГААРАА СОНГОЖ БУЙ ХЭСЭГ
2020-06-14 11:22:54,390:INFO:2
2020-06-14 11:23:00,600:INFO:------------------------------------------------------------------------------------------------
2020-06-14 11:23:07,675:INFO:ДУГААРАА СОНГОЖ БУЙ ХЭСЭГ
2020-06-14 11:23:07,675:INFO:7
2020-06-14 11:23:08,113:WARNING:Not Found: /favicon.ico
2020-06-14 11:23:11,972:INFO:ДУГААРАА СОНГОЖ БУЙ ХЭСЭГ
2020-06-14 11:23:11,972:INFO:2
2020-06-14 11:23:20,852:INFO:ДУГААРАА СОНГОЖ БУЙ ХЭСЭГ
2020-06-14 11:23:20,852:INFO:2
2020-06-14 11:23:28,089:INFO:ДУГААРЫН ҮНЭ
2020-06-14 11:23:28,092:INFO:5000
2020-06-14 11:23:33,937:INFO:ДУГААРЫН ZAHIALGA
2020-06-14 11:23:35,000:INFO:------------------------------------------------------------------------------------------------
2020-06-14 11:24:02,072:INFO:ДУГААРАА СОНГОЖ БУЙ ХЭСЭГ
2020-06-14 11:24:02,072:INFO:2
2020-06-14 11:24:51,485:INFO:------------------------------------------------------------------------------------------------
2020-06-14 11:25:20,594:INFO:------------------------------------------------------------------------------------------------
2020-06-14 11:25:26,718:INFO:ДУГААРАА СОНГОЖ БУЙ ХЭСЭГ
2020-06-14 11:25:26,718:INFO:2
2020-06-14 11:25:37,365:INFO:ДУГААРЫН ҮНЭ
2020-06-14 11:25:37,368:INFO:5000
2020-06-14 11:25:41,286:INFO:ДУГААРЫН ZAHIALGA
2020-06-14 11:25:42,454:INFO:------------------------------------------------------------------------------------------------
2020-06-14 11:26:37,779:INFO:ДУГААРАА СОНГОЖ БУЙ ХЭСЭГ
2020-06-14 11:26:37,780:INFO:7
2020-06-14 11:27:33,898:INFO:------------------------------------------------------------------------------------------------
2020-06-14 11:28:31,261:INFO:------------------------------------------------------------------------------------------------
2020-06-14 11:28:31,918:INFO:------------------------------------------------------------------------------------------------
2020-06-14 11:31:19,699:INFO:ДУГААРАА СОНГОЖ БУЙ ХЭСЭГ
2020-06-14 11:31:19,699:INFO:2
2020-06-14 11:31:32,751:INFO:ДУГААРЫН ҮНЭ
2020-06-14 11:31:32,754:INFO:5000
2020-06-14 11:31:36,788:INFO:ДУГААРЫН ZAHIALGA
2020-06-14 11:31:37,724:INFO:------------------------------------------------------------------------------------------------
2020-06-14 11:35:26,959:INFO:------------------------------------------------------------------------------------------------
2020-06-14 11:35:29,808:INFO:ДУГААРАА СОНГОЖ БУЙ ХЭСЭГ
2020-06-14 11:35:29,808:INFO:7
2020-06-14 11:36:14,048:INFO:ДУГААРАА СОНГОЖ БУЙ ХЭСЭГ
2020-06-14 11:36:14,048:INFO:7
2020-06-14 11:36:35,086:INFO:------------------------------------------------------------------------------------------------
2020-06-14 11:40:45,778:INFO:ДУГААРАА СОНГОЖ БУЙ ХЭСЭГ
2020-06-14 11:40:45,779:INFO:2
2020-06-14 11:40:53,839:INFO:ДУГААРЫН ҮНЭ
2020-06-14 11:40:53,841:INFO:5000
2020-06-14 11:40:59,072:INFO:ДУГААРЫН ZAHIALGA
2020-06-14 11:41:00,138:INFO:------------------------------------------------------------------------------------------------
2020-06-14 11:46:02,425:INFO:ДУГААРАА СОНГОЖ БУЙ ХЭСЭГ
2020-06-14 11:46:02,426:INFO:2
2020-06-14 11:46:13,276:INFO:ДУГААРЫН ҮНЭ
2020-06-14 11:46:13,278:INFO:5000
2020-06-14 11:46:23,863:INFO:ДУГААРЫН ZAHIALGA
2020-06-14 11:48:23,999:INFO:------------------------------------------------------------------------------------------------
2020-06-14 11:51:06,909:INFO:------------------------------------------------------------------------------------------------
2020-06-14 11:52:16,766:INFO:ДУГААРАА СОНГОЖ БУЙ ХЭСЭГ
2020-06-14 11:52:16,766:INFO:2
2020-06-14 11:52:28,076:INFO:ДУГААРЫН ҮНЭ
2020-06-14 11:52:28,078:INFO:5000
2020-06-14 11:52:30,871:INFO:------------------------------------------------------------------------------------------------
2020-06-14 11:52:32,449:INFO:ДУГААРЫН ZAHIALGA
2020-06-14 11:53:44,600:INFO:------------------------------------------------------------------------------------------------
2020-06-14 11:54:32,573:INFO:------------------------------------------------------------------------------------------------
2020-06-14 11:56:57,765:INFO:ДУГААРАА СОНГОЖ БУЙ ХЭСЭГ
2020-06-14 11:56:57,765:INFO:2
2020-06-14 11:57:59,267:INFO:------------------------------------------------------------------------------------------------
2020-06-14 11:58:19,016:INFO:ДУГААРЫН ҮНЭ
2020-06-14 11:58:19,019:INFO:5000
2020-06-14 11:58:33,455:INFO:ДУГААРЫН ZAHIALGA
2020-06-14 11:58:48,271:INFO:------------------------------------------------------------------------------------------------
2020-06-14 12:00:33,604:INFO:------------------------------------------------------------------------------------------------
2020-06-14 12:00:50,324:INFO:ДУГААРАА СОНГОЖ БУЙ ХЭСЭГ
2020-06-14 12:00:50,324:INFO:2
2020-06-14 12:00:50,655:WARNING:Not Found: /favicon.ico
2020-06-14 12:01:16,455:INFO:------------------------------------------------------------------------------------------------
2020-06-14 12:01:18,585:INFO:------------------------------------------------------------------------------------------------
2020-06-14 12:01:23,771:INFO:------------------------------------------------------------------------------------------------
2020-06-14 12:01:25,045:INFO:ДУГААРАА СОНГОЖ БУЙ ХЭСЭГ
2020-06-14 12:01:25,045:INFO:2
2020-06-14 12:03:05,032:INFO:ДУГААРАА СОНГОЖ БУЙ ХЭСЭГ
2020-06-14 12:03:05,032:INFO:2
2020-06-14 12:03:26,668:INFO:ДУГААРЫН ҮНЭ
2020-06-14 12:03:26,671:INFO:5000
2020-06-14 12:03:31,775:INFO:ДУГААРЫН ZAHIALGA
2020-06-14 12:03:54,174:INFO:------------------------------------------------------------------------------------------------
2020-06-14 12:04:19,224:INFO:ДУГААРАА СОНГОЖ БУЙ ХЭСЭГ
2020-06-14 12:04:19,224:INFO:7
2020-06-14 12:07:47,569:INFO:ДУГААРАА СОНГОЖ БУЙ ХЭСЭГ
2020-06-14 12:07:47,569:INFO:7
2020-06-14 12:08:21,528:INFO:------------------------------------------------------------------------------------------------
2020-06-14 12:09:07,362:INFO:------------------------------------------------------------------------------------------------
2020-06-14 12:09:08,461:INFO:ДУГААРАА СОНГОЖ БУЙ ХЭСЭГ
2020-06-14 12:09:08,461:INFO:2
2020-06-14 12:09:12,246:INFO:------------------------------------------------------------------------------------------------
2020-06-14 12:09:59,120:INFO:ДУГААРАА СОНГОЖ БУЙ ХЭСЭГ
2020-06-14 12:09:59,121:INFO:7
2020-06-14 12:12:02,466:INFO:------------------------------------------------------------------------------------------------
2020-06-14 12:12:03,203:INFO:ДУГААРАА СОНГОЖ БУЙ ХЭСЭГ
2020-06-14 12:12:03,204:INFO:2
2020-06-14 12:15:50,844:WARNING:Not Found: /favicon.ico
2020-06-14 12:17:42,583:INFO:------------------------------------------------------------------------------------------------
2020-06-14 12:17:44,576:INFO:------------------------------------------------------------------------------------------------
2020-06-14 12:17:45,717:INFO:ДУГААРАА СОНГОЖ БУЙ ХЭСЭГ
2020-06-14 12:17:45,717:INFO:2
2020-06-14 12:18:02,681:INFO:ДУГААРЫН ҮНЭ
2020-06-14 12:18:02,683:INFO:5000
2020-06-14 12:20:10,046:INFO:------------------------------------------------------------------------------------------------
2020-06-14 12:20:10,850:INFO:ДУГААРАА СОНГОЖ БУЙ ХЭСЭГ
2020-06-14 12:20:10,851:INFO:2
2020-06-14 12:22:16,863:INFO:------------------------------------------------------------------------------------------------
2020-06-14 12:24:51,621:INFO:------------------------------------------------------------------------------------------------
2020-06-14 12:25:25,182:INFO:------------------------------------------------------------------------------------------------
2020-06-14 12:25:45,242:INFO:------------------------------------------------------------------------------------------------
2020-06-14 12:25:47,673:INFO:ДУГААРАА СОНГОЖ БУЙ ХЭСЭГ
2020-06-14 12:25:47,673:INFO:2
2020-06-14 12:26:27,490:INFO:ДУГААРЫН ҮНЭ
2020-06-14 12:26:27,493:INFO:5000
2020-06-14 12:27:33,904:INFO:------------------------------------------------------------------------------------------------
2020-06-14 12:27:51,037:INFO:------------------------------------------------------------------------------------------------
2020-06-14 12:27:52,215:INFO:ДУГААРАА СОНГОЖ БУЙ ХЭСЭГ
2020-06-14 12:27:52,215:INFO:2
2020-06-14 12:28:32,272:INFO:------------------------------------------------------------------------------------------------
2020-06-14 12:28:32,782:INFO:ДУГААРЫН ҮНЭ
2020-06-14 12:28:32,785:INFO:5000
2020-06-14 12:30:21,803:INFO:ДУГААРЫН ҮНЭ
2020-06-14 12:30:21,806:INFO:5000
2020-06-14 12:30:39,494:INFO:ДУГААРЫН ZAHIALGA
2020-06-14 12:30:41,086:INFO:------------------------------------------------------------------------------------------------
2020-06-14 12:36:35,227:INFO:------------------------------------------------------------------------------------------------
2020-06-14 12:36:44,835:INFO:------------------------------------------------------------------------------------------------
2020-06-14 12:37:29,109:INFO:------------------------------------------------------------------------------------------------
2020-06-14 12:37:30,330:INFO:ДУГААРАА СОНГОЖ БУЙ ХЭСЭГ
2020-06-14 12:37:30,330:INFO:7
2020-06-14 12:37:37,983:INFO:ДУГААРАА СОНГОЖ БУЙ ХЭСЭГ
2020-06-14 12:37:37,983:INFO:7
2020-06-14 12:38:44,087:INFO:ДУГААРАА СОНГОЖ БУЙ ХЭСЭГ
2020-06-14 12:38:44,088:INFO:2
2020-06-14 12:38:45,043:WARNING:Not Found: /favicon.ico
2020-06-14 12:38:53,080:INFO:------------------------------------------------------------------------------------------------
2020-06-14 12:38:53,834:INFO:ДУГААРАА СОНГОЖ БУЙ ХЭСЭГ
2020-06-14 12:38:53,835:INFO:7
2020-06-14 12:38:57,977:INFO:ДУГААРАА СОНГОЖ БУЙ ХЭСЭГ
2020-06-14 12:38:57,977:INFO:7
2020-06-14 12:39:05,424:INFO:ДУГААРЫН ҮНЭ
2020-06-14 12:39:05,426:INFO:10000
2020-06-14 12:39:12,981:INFO:ДУГААРЫН ZAHIALGA
2020-06-14 12:40:47,425:INFO:------------------------------------------------------------------------------------------------
2020-06-14 12:40:48,495:INFO:ДУГААРАА СОНГОЖ БУЙ ХЭСЭГ
2020-06-14 12:40:48,496:INFO:2
2020-06-14 12:41:13,298:INFO:------------------------------------------------------------------------------------------------
2020-06-14 12:50:45,291:INFO:------------------------------------------------------------------------------------------------
2020-06-14 12:50:46,234:INFO:ДУГААРАА СОНГОЖ БУЙ ХЭСЭГ
2020-06-14 12:50:46,234:INFO:2
2020-06-14 12:51:11,523:INFO:------------------------------------------------------------------------------------------------
2020-06-14 12:52:30,022:INFO:ДУГААРАА СОНГОЖ БУЙ ХЭСЭГ
2020-06-14 12:52:30,022:INFO:7
2020-06-14 12:53:44,726:INFO:------------------------------------------------------------------------------------------------
2020-06-14 12:54:10,426:INFO:ДУГААРАА СОНГОЖ БУЙ ХЭСЭГ
2020-06-14 12:54:10,426:INFO:3
2020-06-14 12:54:47,598:INFO:ДУГААРЫН ҮНЭ
2020-06-14 12:54:47,601:INFO:20000
2020-06-14 12:55:29,483:INFO:------------------------------------------------------------------------------------------------
2020-06-14 12:55:30,507:INFO:ДУГААРАА СОНГОЖ БУЙ ХЭСЭГ
2020-06-14 12:55:30,507:INFO:2
2020-06-14 12:57:30,443:INFO:ДУГААРЫН ҮНЭ
2020-06-14 12:57:30,447:INFO:20000
2020-06-14 12:58:48,844:INFO:------------------------------------------------------------------------------------------------
2020-06-14 12:59:38,867:INFO:ДУГААРЫН ҮНЭ
2020-06-14 12:59:38,870:INFO:20000
2020-06-14 13:00:50,781:INFO:------------------------------------------------------------------------------------------------
2020-06-14 13:00:52,124:INFO:ДУГААРАА СОНГОЖ БУЙ ХЭСЭГ
2020-06-14 13:00:52,124:INFO:2
2020-06-14 13:01:16,558:INFO:------------------------------------------------------------------------------------------------
2020-06-14 13:01:18,640:INFO:------------------------------------------------------------------------------------------------
2020-06-14 13:02:21,521:INFO:ДУГААРЫН ҮНЭ
2020-06-14 13:02:21,523:INFO:20000
2020-06-14 13:08:21,877:INFO:------------------------------------------------------------------------------------------------
2020-06-14 13:09:17,492:INFO:------------------------------------------------------------------------------------------------
2020-06-14 13:17:12,416:INFO:------------------------------------------------------------------------------------------------
2020-06-14 13:17:14,307:INFO:ДУГААРАА СОНГОЖ БУЙ ХЭСЭГ
2020-06-14 13:17:14,307:INFO:7
2020-06-14 13:17:16,885:INFO:ДУГААРАА СОНГОЖ БУЙ ХЭСЭГ
2020-06-14 13:17:16,885:INFO:7
2020-06-14 13:17:28,626:INFO:ДУГААРАА СОНГОЖ БУЙ ХЭСЭГ
2020-06-14 13:17:28,626:INFO:7
2020-06-14 13:18:18,257:INFO:------------------------------------------------------------------------------------------------
2020-06-14 13:18:19,409:INFO:ДУГААРАА СОНГОЖ БУЙ ХЭСЭГ
2020-06-14 13:18:19,409:INFO:2
2020-06-14 13:22:17,009:INFO:------------------------------------------------------------------------------------------------
2020-06-14 13:23:18,173:INFO:------------------------------------------------------------------------------------------------
2020-06-14 13:23:19,303:INFO:ДУГААРАА СОНГОЖ БУЙ ХЭСЭГ
2020-06-14 13:23:19,303:INFO:2
2020-06-14 13:23:19,573:WARNING:Not Found: /favicon.ico
2020-06-14 13:24:07,530:INFO:------------------------------------------------------------------------------------------------
2020-06-14 13:24:32,294:INFO:ДУГААРАА СОНГОЖ БУЙ ХЭСЭГ
2020-06-14 13:24:32,294:INFO:2
2020-06-14 13:24:38,562:INFO:------------------------------------------------------------------------------------------------
2020-06-14 13:24:39,400:INFO:ДУГААРАА СОНГОЖ БУЙ ХЭСЭГ
2020-06-14 13:24:39,400:INFO:2
2020-06-14 13:24:51,774:INFO:------------------------------------------------------------------------------------------------
2020-06-14 13:25:29,809:INFO:------------------------------------------------------------------------------------------------
2020-06-14 13:27:27,525:INFO:ДУГААРЫН ҮНЭ
2020-06-14 13:27:27,528:INFO:5000
2020-06-14 13:27:33,914:INFO:------------------------------------------------------------------------------------------------
2020-06-14 13:32:01,725:INFO:ДУГААРЫН ҮНЭ
2020-06-14 13:32:01,728:INFO:5000
2020-06-14 13:36:35,344:INFO:------------------------------------------------------------------------------------------------
2020-06-14 13:36:45,272:INFO:------------------------------------------------------------------------------------------------
2020-06-14 13:41:13,938:INFO:------------------------------------------------------------------------------------------------
2020-06-14 13:49:39,119:INFO:------------------------------------------------------------------------------------------------
2020-06-14 13:49:39,743:INFO:ДУГААРАА СОНГОЖ БУЙ ХЭСЭГ
2020-06-14 13:49:39,744:INFO:7
2020-06-14 13:51:03,549:INFO:ДУГААРАА СОНГОЖ БУЙ ХЭСЭГ
2020-06-14 13:51:03,550:INFO:7
2020-06-14 13:51:16,132:INFO:------------------------------------------------------------------------------------------------
2020-06-14 13:51:56,500:INFO:------------------------------------------------------------------------------------------------
2020-06-14 13:51:57,287:INFO:ДУГААРАА СОНГОЖ БУЙ ХЭСЭГ
2020-06-14 13:51:57,288:INFO:7
2020-06-14 13:52:02,509:INFO:------------------------------------------------------------------------------------------------
2020-06-14 13:52:03,375:INFO:ДУГААРАА СОНГОЖ БУЙ ХЭСЭГ
2020-06-14 13:52:03,376:INFO:7
2020-06-14 13:53:44,855:INFO:------------------------------------------------------------------------------------------------
2020-06-14 13:55:59,666:INFO:------------------------------------------------------------------------------------------------
2020-06-14 13:56:00,350:INFO:ДУГААРАА СОНГОЖ БУЙ ХЭСЭГ
2020-06-14 13:56:00,351:INFO:7
2020-06-14 13:57:10,020:INFO:------------------------------------------------------------------------------------------------
2020-06-14 13:57:11,366:INFO:ДУГААРАА СОНГОЖ БУЙ ХЭСЭГ
2020-06-14 13:57:11,366:INFO:7
2020-06-14 13:57:20,114:INFO:ДУГААРАА СОНГОЖ БУЙ ХЭСЭГ
2020-06-14 13:57:20,115:INFO:7
2020-06-14 13:57:31,702:INFO:------------------------------------------------------------------------------------------------
2020-06-14 13:57:34,752:INFO:ДУГААРАА СОНГОЖ БУЙ ХЭСЭГ
2020-06-14 13:57:34,752:INFO:7
2020-06-14 13:57:37,702:INFO:ДУГААРАА СОНГОЖ БУЙ ХЭСЭГ
2020-06-14 13:57:37,703:INFO:2
2020-06-14 13:57:37,960:WARNING:Not Found: /favicon.ico
2020-06-14 13:58:20,951:INFO:ДУГААРЫН ҮНЭ
2020-06-14 13:58:20,953:INFO:5000
2020-06-14 13:58:49,209:INFO:------------------------------------------------------------------------------------------------
2020-06-14 13:59:06,584:INFO:ДУГААРЫН ZAHIALGA
2020-06-14 13:59:09,234:INFO:ДУГААРАА СОНГОЖ БУЙ ХЭСЭГ
2020-06-14 13:59:09,234:INFO:7
2020-06-14 14:01:04,324:INFO:ДУГААРЫН ҮНЭ
2020-06-14 14:01:04,326:INFO:10000
2020-06-14 14:01:06,745:INFO:------------------------------------------------------------------------------------------------
2020-06-14 14:01:16,663:INFO:------------------------------------------------------------------------------------------------
2020-06-14 14:01:18,701:INFO:------------------------------------------------------------------------------------------------
2020-06-14 14:02:19,732:INFO:ДУГААРЫН ҮНЭ
2020-06-14 14:02:19,734:INFO:10000
2020-06-14 14:04:42,273:INFO:------------------------------------------------------------------------------------------------
2020-06-14 14:04:44,054:INFO:ДУГААРАА СОНГОЖ БУЙ ХЭСЭГ
2020-06-14 14:04:44,054:INFO:2
2020-06-14 14:08:22,207:INFO:------------------------------------------------------------------------------------------------
2020-06-14 14:08:58,121:INFO:ДУГААРАА СОНГОЖ БУЙ ХЭСЭГ
2020-06-14 14:08:58,121:INFO:2
2020-06-14 14:09:08,165:INFO:ДУГААРАА СОНГОЖ БУЙ ХЭСЭГ
2020-06-14 14:09:08,165:INFO:2
2020-06-14 14:09:22,713:INFO:------------------------------------------------------------------------------------------------
2020-06-14 14:13:32,922:INFO:ДУГААРАА СОНГОЖ БУЙ ХЭСЭГ
2020-06-14 14:13:32,923:INFO:7
2020-06-14 14:13:34,665:INFO:ДУГААРАА СОНГОЖ БУЙ ХЭСЭГ
2020-06-14 14:13:34,665:INFO:7
2020-06-14 14:16:18,819:INFO:ДУГААРАА СОНГОЖ БУЙ ХЭСЭГ
2020-06-14 14:16:18,819:INFO:2
2020-06-14 14:17:46,863:INFO:ДУГААРЫН ҮНЭ
2020-06-14 14:17:46,866:INFO:5000
2020-06-14 14:19:02,876:INFO:ДУГААРЫН ZAHIALGA
2020-06-14 14:19:11,380:INFO:ДУГААРАА СОНГОЖ БУЙ ХЭСЭГ
2020-06-14 14:19:11,380:INFO:2
2020-06-14 14:19:54,418:INFO:ДУГААРАА СОНГОЖ БУЙ ХЭСЭГ
2020-06-14 14:19:54,418:INFO:2
2020-06-14 14:19:59,924:INFO:ДУГААРАА СОНГОЖ БУЙ ХЭСЭГ
2020-06-14 14:19:59,925:INFO:2
2020-06-14 14:20:03,041:INFO:ДУГААРАА СОНГОЖ БУЙ ХЭСЭГ
2020-06-14 14:20:03,042:INFO:2
2020-06-14 14:22:17,135:INFO:------------------------------------------------------------------------------------------------
2020-06-14 14:22:21,727:INFO:------------------------------------------------------------------------------------------------
2020-06-14 14:22:25,081:INFO:ДУГААРАА СОНГОЖ БУЙ ХЭСЭГ
2020-06-14 14:22:25,081:INFO:7
2020-06-14 14:22:26,354:INFO:ДУГААРАА СОНГОЖ БУЙ ХЭСЭГ
2020-06-14 14:22:26,354:INFO:7
2020-06-14 14:24:07,681:INFO:------------------------------------------------------------------------------------------------
2020-06-14 14:24:30,244:INFO:------------------------------------------------------------------------------------------------
2020-06-14 14:24:31,326:INFO:ДУГААРАА СОНГОЖ БУЙ ХЭСЭГ
2020-06-14 14:24:31,327:INFO:2
2020-06-14 14:24:51,944:INFO:------------------------------------------------------------------------------------------------
2020-06-14 14:25:14,836:INFO:------------------------------------------------------------------------------------------------
2020-06-14 14:25:16,094:INFO:------------------------------------------------------------------------------------------------
2020-06-14 14:25:17,240:INFO:ДУГААРАА СОНГОЖ БУЙ ХЭСЭГ
2020-06-14 14:25:17,240:INFO:7
2020-06-14 14:25:18,944:INFO:ДУГААРАА СОНГОЖ БУЙ ХЭСЭГ
2020-06-14 14:25:18,944:INFO:7
2020-06-14 14:25:23,506:INFO:------------------------------------------------------------------------------------------------
2020-06-14 14:25:25,263:INFO:ДУГААРАА СОНГОЖ БУЙ ХЭСЭГ
2020-06-14 14:25:25,263:INFO:7
2020-06-14 14:25:27,876:INFO:ДУГААРАА СОНГОЖ БУЙ ХЭСЭГ
2020-06-14 14:25:27,877:INFO:7
2020-06-14 14:25:34,405:INFO:------------------------------------------------------------------------------------------------
2020-06-14 14:25:35,757:INFO:ДУГААРАА СОНГОЖ БУЙ ХЭСЭГ
2020-06-14 14:25:35,757:INFO:7
2020-06-14 14:25:48,744:INFO:ДУГААРАА СОНГОЖ БУЙ ХЭСЭГ
2020-06-14 14:25:48,744:INFO:7
2020-06-14 14:26:27,138:INFO:ДУГААРАА СОНГОЖ БУЙ ХЭСЭГ
2020-06-14 14:26:27,138:INFO:7
2020-06-14 14:26:46,441:INFO:ДУГААРАА СОНГОЖ БУЙ ХЭСЭГ
2020-06-14 14:26:46,441:INFO:7
2020-06-14 14:26:55,954:INFO:ДУГААРАА СОНГОЖ БУЙ ХЭСЭГ
2020-06-14 14:26:55,954:INFO:7
2020-06-14 14:27:33,908:INFO:------------------------------------------------------------------------------------------------
2020-06-14 14:27:35,447:INFO:------------------------------------------------------------------------------------------------
2020-06-14 14:27:36,432:INFO:ДУГААРАА СОНГОЖ БУЙ ХЭСЭГ
2020-06-14 14:27:36,432:INFO:2
2020-06-14 14:28:35,027:ERROR:Internal Server Error: /getnumber
Traceback (most recent call last):
  File "/usr/local/lib/python2.7/dist-packages/django/core/handlers/exception.py", line 41, in inner
    response = get_response(request)
  File "/usr/local/lib/python2.7/dist-packages/django/core/handlers/base.py", line 187, in _get_response
    response = self.process_exception_by_middleware(e, request)
  File "/usr/local/lib/python2.7/dist-packages/django/core/handlers/base.py", line 185, in _get_response
    response = wrapped_callback(request, *callback_args, **callback_kwargs)
  File "/usr/local/lib/python2.7/dist-packages/django/views/decorators/csrf.py", line 58, in wrapped_view
    return view_func(*args, **kwargs)
  File "/usr/local/lib/python2.7/dist-packages/django/views/generic/base.py", line 68, in view
    return self.dispatch(request, *args, **kwargs)
  File "/usr/local/lib/python2.7/dist-packages/rest_framework/views.py", line 495, in dispatch
    response = self.handle_exception(exc)
  File "/usr/local/lib/python2.7/dist-packages/rest_framework/views.py", line 455, in handle_exception
    self.raise_uncaught_exception(exc)
  File "/usr/local/lib/python2.7/dist-packages/rest_framework/views.py", line 492, in dispatch
    response = handler(request, *args, **kwargs)
  File "/usr/local/lib/python2.7/dist-packages/rest_framework/decorators.py", line 55, in handler
    return func(*args, **kwargs)
  File "/home/user/nFilterNew/controller/views.py", line 206, in getNumber
    if data[1] == az:
IndexError: list index out of range
2020-06-14 14:30:09,160:INFO:------------------------------------------------------------------------------------------------
2020-06-14 14:30:10,039:INFO:ДУГААРАА СОНГОЖ БУЙ ХЭСЭГ
2020-06-14 14:30:10,039:INFO:2
2020-06-14 14:30:11,296:INFO:ДУГААРАА СОНГОЖ БУЙ ХЭСЭГ
2020-06-14 14:30:11,297:INFO:7
2020-06-14 14:30:36,277:INFO:ДУГААРАА СОНГОЖ БУЙ ХЭСЭГ
2020-06-14 14:30:36,278:INFO:7
2020-06-14 14:30:53,382:INFO:ДУГААРАА СОНГОЖ БУЙ ХЭСЭГ
2020-06-14 14:30:53,383:INFO:7
2020-06-14 14:30:55,150:INFO:ДУГААРАА СОНГОЖ БУЙ ХЭСЭГ
2020-06-14 14:30:55,150:INFO:7
2020-06-14 14:30:55,632:INFO:ДУГААРАА СОНГОЖ БУЙ ХЭСЭГ
2020-06-14 14:30:55,632:INFO:7
2020-06-14 14:30:56,391:INFO:ДУГААРАА СОНГОЖ БУЙ ХЭСЭГ
2020-06-14 14:30:56,392:INFO:7
2020-06-14 14:30:59,005:INFO:ДУГААРАА СОНГОЖ БУЙ ХЭСЭГ
2020-06-14 14:30:59,006:INFO:7
2020-06-14 14:31:15,841:INFO:------------------------------------------------------------------------------------------------
2020-06-14 14:31:17,047:INFO:ДУГААРАА СОНГОЖ БУЙ ХЭСЭГ
2020-06-14 14:31:17,047:INFO:7
2020-06-14 14:31:20,985:INFO:ДУГААРАА СОНГОЖ БУЙ ХЭСЭГ
2020-06-14 14:31:20,985:INFO:7
2020-06-14 14:31:29,247:INFO:ДУГААРЫН ҮНЭ
2020-06-14 14:31:29,249:INFO:10000
2020-06-14 14:32:00,647:INFO:ДУГААРЫН ҮНЭ
2020-06-14 14:32:00,649:INFO:5000
2020-06-14 14:32:12,809:INFO:ДУГААРЫН ҮНЭ
2020-06-14 14:32:12,812:INFO:10000
2020-06-14 14:32:13,247:INFO:ДУГААРЫН ҮНЭ
2020-06-14 14:32:13,250:INFO:5000
2020-06-14 14:32:40,539:INFO:ДУГААРЫН ҮНЭ
2020-06-14 14:32:40,541:INFO:10000
2020-06-14 14:32:53,460:INFO:ДУГААРЫН ZAHIALGA
2020-06-14 14:32:54,766:INFO:------------------------------------------------------------------------------------------------
2020-06-14 14:32:55,807:INFO:ДУГААРАА СОНГОЖ БУЙ ХЭСЭГ
2020-06-14 14:32:55,807:INFO:7
2020-06-14 14:32:57,167:INFO:ДУГААРАА СОНГОЖ БУЙ ХЭСЭГ
2020-06-14 14:32:57,167:INFO:7
2020-06-14 14:33:07,611:INFO:ДУГААРЫН ҮНЭ
2020-06-14 14:33:07,613:INFO:10000
2020-06-14 14:33:18,630:INFO:------------------------------------------------------------------------------------------------
2020-06-14 14:33:19,729:INFO:ДУГААРАА СОНГОЖ БУЙ ХЭСЭГ
2020-06-14 14:33:19,729:INFO:7
2020-06-14 14:33:29,261:INFO:ДУГААРАА СОНГОЖ БУЙ ХЭСЭГ
2020-06-14 14:33:29,261:INFO:7
2020-06-14 14:33:35,235:INFO:ДУГААРАА СОНГОЖ БУЙ ХЭСЭГ
2020-06-14 14:33:35,235:INFO:7
2020-06-14 14:33:36,066:INFO:ДУГААРЫН ҮНЭ
2020-06-14 14:33:36,068:INFO:10000
2020-06-14 14:33:47,499:INFO:ДУГААРЫН ҮНЭ
2020-06-14 14:33:47,502:INFO:10000
2020-06-14 14:34:07,274:INFO:ДУГААРЫН ZAHIALGA
2020-06-14 14:35:33,849:INFO:ДУГААРАА СОНГОЖ БУЙ ХЭСЭГ
2020-06-14 14:35:33,849:INFO:7
2020-06-14 14:35:58,424:INFO:ДУГААРАА СОНГОЖ БУЙ ХЭСЭГ
2020-06-14 14:35:58,424:INFO:7
2020-06-14 14:36:07,538:INFO:------------------------------------------------------------------------------------------------
2020-06-14 14:36:11,096:INFO:------------------------------------------------------------------------------------------------
2020-06-14 14:36:12,350:INFO:ДУГААРАА СОНГОЖ БУЙ ХЭСЭГ
2020-06-14 14:36:12,351:INFO:2
2020-06-14 14:36:38,269:INFO:ДУГААРЫН ҮНЭ
2020-06-14 14:36:38,272:INFO:10000
2020-06-14 14:41:14,228:INFO:------------------------------------------------------------------------------------------------
2020-06-14 14:44:53,048:INFO:ДУГААРАА СОНГОЖ БУЙ ХЭСЭГ
2020-06-14 14:44:53,049:INFO:3
2020-06-14 14:45:03,365:INFO:ДУГААРЫН ҮНЭ
2020-06-14 14:45:03,368:INFO:10000
2020-06-14 14:45:29,026:INFO:ДУГААРЫН ҮНЭ
2020-06-14 14:45:29,029:INFO:20000
2020-06-14 14:46:06,306:INFO:ДУГААРАА СОНГОЖ БУЙ ХЭСЭГ
2020-06-14 14:46:06,306:INFO:2
2020-06-14 14:46:26,767:INFO:ДУГААРЫН ҮНЭ
2020-06-14 14:46:26,770:INFO:5000
2020-06-14 14:46:27,342:INFO:ДУГААРЫН ҮНЭ
2020-06-14 14:46:27,344:INFO:10000
2020-06-14 14:48:26,453:INFO:ДУГААРЫН ҮНЭ
2020-06-14 14:48:26,455:INFO:5000
2020-06-14 14:51:20,732:INFO:------------------------------------------------------------------------------------------------
2020-06-14 14:53:44,988:INFO:------------------------------------------------------------------------------------------------
2020-06-14 14:55:13,608:INFO:------------------------------------------------------------------------------------------------
2020-06-14 14:55:16,519:INFO:ДУГААРАА СОНГОЖ БУЙ ХЭСЭГ
2020-06-14 14:55:16,519:INFO:7
2020-06-14 14:55:18,327:INFO:ДУГААРАА СОНГОЖ БУЙ ХЭСЭГ
2020-06-14 14:55:18,327:INFO:7
2020-06-14 14:58:25,945:INFO:ДУГААРЫН ҮНЭ
2020-06-14 14:58:25,947:INFO:5000
2020-06-14 14:58:49,773:INFO:------------------------------------------------------------------------------------------------
2020-06-14 15:01:06,883:INFO:------------------------------------------------------------------------------------------------
2020-06-14 15:01:16,758:INFO:------------------------------------------------------------------------------------------------
2020-06-14 15:08:22,546:INFO:------------------------------------------------------------------------------------------------
2020-06-14 15:08:37,541:INFO:ДУГААРАА СОНГОЖ БУЙ ХЭСЭГ
2020-06-14 15:08:37,542:INFO:2
2020-06-14 15:08:55,005:INFO:ДУГААРАА СОНГОЖ БУЙ ХЭСЭГ
2020-06-14 15:08:55,005:INFO:2
2020-06-14 15:08:57,693:INFO:ДУГААРАА СОНГОЖ БУЙ ХЭСЭГ
2020-06-14 15:08:57,693:INFO:2
2020-06-14 15:09:15,075:INFO:ДУГААРАА СОНГОЖ БУЙ ХЭСЭГ
2020-06-14 15:09:15,076:INFO:2
2020-06-14 15:09:20,661:INFO:ДУГААРАА СОНГОЖ БУЙ ХЭСЭГ
2020-06-14 15:09:20,662:INFO:2
2020-06-14 15:09:27,502:INFO:------------------------------------------------------------------------------------------------
2020-06-14 15:09:35,867:INFO:ДУГААРАА СОНГОЖ БУЙ ХЭСЭГ
2020-06-14 15:09:35,868:INFO:2
2020-06-14 15:09:47,866:INFO:ДУГААРАА СОНГОЖ БУЙ ХЭСЭГ
2020-06-14 15:09:47,867:INFO:2
2020-06-14 15:09:58,685:INFO:ДУГААРЫН ҮНЭ
2020-06-14 15:09:58,687:INFO:5000
2020-06-14 15:10:13,564:INFO:ДУГААРЫН ZAHIALGA
2020-06-14 15:12:13,703:INFO:------------------------------------------------------------------------------------------------
2020-06-14 15:16:59,607:INFO:ДУГААРАА СОНГОЖ БУЙ ХЭСЭГ
2020-06-14 15:16:59,607:INFO:7
2020-06-14 15:17:01,125:INFO:------------------------------------------------------------------------------------------------
2020-06-14 15:17:02,024:INFO:ДУГААРАА СОНГОЖ БУЙ ХЭСЭГ
2020-06-14 15:17:02,024:INFO:2
2020-06-14 15:17:02,921:INFO:ДУГААРАА СОНГОЖ БУЙ ХЭСЭГ
2020-06-14 15:17:02,921:INFO:2
2020-06-14 15:19:16,496:INFO:ДУГААРАА СОНГОЖ БУЙ ХЭСЭГ
2020-06-14 15:19:16,496:INFO:2
2020-06-14 15:19:26,049:INFO:------------------------------------------------------------------------------------------------
2020-06-14 15:19:27,231:INFO:ДУГААРАА СОНГОЖ БУЙ ХЭСЭГ
2020-06-14 15:19:27,231:INFO:2
2020-06-14 15:24:52,350:INFO:------------------------------------------------------------------------------------------------
2020-06-14 15:25:39,000:INFO:------------------------------------------------------------------------------------------------
2020-06-14 15:27:29,040:INFO:ДУГААРАА СОНГОЖ БУЙ ХЭСЭГ
2020-06-14 15:27:29,041:INFO:2
2020-06-14 15:27:33,906:INFO:------------------------------------------------------------------------------------------------
2020-06-14 15:28:25,133:INFO:ДУГААРЫН ҮНЭ
2020-06-14 15:28:25,135:INFO:5000
2020-06-14 15:28:36,593:INFO:ДУГААРАА СОНГОЖ БУЙ ХЭСЭГ
2020-06-14 15:28:36,594:INFO:2
2020-06-14 15:28:52,959:INFO:ДУГААРЫН ZAHIALGA
2020-06-14 15:30:53,098:INFO:------------------------------------------------------------------------------------------------
2020-06-14 15:31:03,246:INFO:------------------------------------------------------------------------------------------------
2020-06-14 15:31:04,434:INFO:ДУГААРАА СОНГОЖ БУЙ ХЭСЭГ
2020-06-14 15:31:04,434:INFO:2
2020-06-14 15:32:05,480:INFO:ДУГААРАА СОНГОЖ БУЙ ХЭСЭГ
2020-06-14 15:32:05,481:INFO:2
2020-06-14 15:32:05,697:INFO:ДУГААРАА СОНГОЖ БУЙ ХЭСЭГ
2020-06-14 15:32:05,697:INFO:7
2020-06-14 15:32:12,877:INFO:ДУГААРАА СОНГОЖ БУЙ ХЭСЭГ
2020-06-14 15:32:12,877:INFO:7
2020-06-14 15:32:25,127:INFO:ДУГААРАА СОНГОЖ БУЙ ХЭСЭГ
2020-06-14 15:32:25,127:INFO:7
2020-06-14 15:32:27,998:INFO:ДУГААРЫН ҮНЭ
2020-06-14 15:32:28,000:INFO:5000
2020-06-14 15:32:42,168:INFO:ДУГААРЫН ZAHIALGA
2020-06-14 15:34:42,330:INFO:------------------------------------------------------------------------------------------------
2020-06-14 15:41:14,398:INFO:------------------------------------------------------------------------------------------------
2020-06-14 15:45:55,396:INFO:ДУГААРАА СОНГОЖ БУЙ ХЭСЭГ
2020-06-14 15:45:55,396:INFO:2
2020-06-14 15:45:55,617:WARNING:Not Found: /favicon.ico
2020-06-14 15:46:12,592:INFO:ДУГААРАА СОНГОЖ БУЙ ХЭСЭГ
2020-06-14 15:46:12,592:INFO:2
2020-06-14 15:48:12,773:INFO:ДУГААРЫН ҮНЭ
2020-06-14 15:48:12,775:INFO:5000
2020-06-14 15:49:37,125:INFO:ДУГААРАА СОНГОЖ БУЙ ХЭСЭГ
2020-06-14 15:49:37,125:INFO:2
2020-06-14 15:50:06,363:INFO:ДУГААРЫН ҮНЭ
2020-06-14 15:50:06,366:INFO:5000
2020-06-14 15:50:27,270:INFO:ДУГААРЫН ZAHIALGA
2020-06-14 15:51:25,348:INFO:------------------------------------------------------------------------------------------------
2020-06-14 15:52:10,701:INFO:------------------------------------------------------------------------------------------------
2020-06-14 15:52:11,571:INFO:ДУГААРАА СОНГОЖ БУЙ ХЭСЭГ
2020-06-14 15:52:11,572:INFO:2
2020-06-14 15:52:27,401:INFO:------------------------------------------------------------------------------------------------
2020-06-14 15:53:45,124:INFO:------------------------------------------------------------------------------------------------
2020-06-14 15:53:57,292:INFO:ДУГААРАА СОНГОЖ БУЙ ХЭСЭГ
2020-06-14 15:53:57,292:INFO:7
2020-06-14 15:54:09,941:INFO:------------------------------------------------------------------------------------------------
2020-06-14 15:54:10,961:INFO:ДУГААРАА СОНГОЖ БУЙ ХЭСЭГ
2020-06-14 15:54:10,961:INFO:2
2020-06-14 15:57:52,260:INFO:------------------------------------------------------------------------------------------------
2020-06-14 15:57:59,771:INFO:ДУГААРАА СОНГОЖ БУЙ ХЭСЭГ
2020-06-14 15:57:59,771:INFO:2
2020-06-14 15:58:00,178:WARNING:Not Found: /favicon.ico
2020-06-14 15:58:09,437:INFO:ДУГААРАА СОНГОЖ БУЙ ХЭСЭГ
2020-06-14 15:58:09,438:INFO:7
2020-06-14 15:58:11,534:INFO:ДУГААРАА СОНГОЖ БУЙ ХЭСЭГ
2020-06-14 15:58:11,535:INFO:7
2020-06-14 15:58:36,619:INFO:ДУГААРАА СОНГОЖ БУЙ ХЭСЭГ
2020-06-14 15:58:36,619:INFO:7
2020-06-14 15:58:37,380:INFO:ДУГААРЫН ҮНЭ
2020-06-14 15:58:37,383:INFO:5000
2020-06-14 15:58:38,569:INFO:------------------------------------------------------------------------------------------------
2020-06-14 15:58:41,381:INFO:ДУГААРАА СОНГОЖ БУЙ ХЭСЭГ
2020-06-14 15:58:41,381:INFO:2
2020-06-14 15:58:43,030:INFO:ДУГААРАА СОНГОЖ БУЙ ХЭСЭГ
2020-06-14 15:58:43,030:INFO:2
2020-06-14 15:59:13,554:INFO:------------------------------------------------------------------------------------------------
2020-06-14 15:59:14,281:INFO:ДУГААРАА СОНГОЖ БУЙ ХЭСЭГ
2020-06-14 15:59:14,281:INFO:7
2020-06-14 15:59:54,221:INFO:ДУГААРАА СОНГОЖ БУЙ ХЭСЭГ
2020-06-14 15:59:54,221:INFO:2
2020-06-14 16:00:20,199:INFO:------------------------------------------------------------------------------------------------
2020-06-14 16:00:24,660:INFO:ДУГААРАА СОНГОЖ БУЙ ХЭСЭГ
2020-06-14 16:00:24,661:INFO:2
2020-06-14 16:00:25,449:WARNING:Not Found: /favicon.ico
2020-06-14 16:00:31,136:INFO:ДУГААРАА СОНГОЖ БУЙ ХЭСЭГ
2020-06-14 16:00:31,137:INFO:2
2020-06-14 16:00:32,871:INFO:ДУГААРАА СОНГОЖ БУЙ ХЭСЭГ
2020-06-14 16:00:32,872:INFO:2
2020-06-14 16:00:33,790:INFO:ДУГААРАА СОНГОЖ БУЙ ХЭСЭГ
2020-06-14 16:00:33,790:INFO:2
2020-06-14 16:00:39,885:INFO:ДУГААРАА СОНГОЖ БУЙ ХЭСЭГ
2020-06-14 16:00:39,886:INFO:2
2020-06-14 16:00:40,582:INFO:ДУГААРАА СОНГОЖ БУЙ ХЭСЭГ
2020-06-14 16:00:40,582:INFO:2
2020-06-14 16:00:40,961:INFO:ДУГААРАА СОНГОЖ БУЙ ХЭСЭГ
2020-06-14 16:00:40,961:INFO:2
2020-06-14 16:00:41,903:INFO:ДУГААРАА СОНГОЖ БУЙ ХЭСЭГ
2020-06-14 16:00:41,903:INFO:2
2020-06-14 16:00:43,006:INFO:ДУГААРАА СОНГОЖ БУЙ ХЭСЭГ
2020-06-14 16:00:43,006:INFO:2
2020-06-14 16:00:44,287:INFO:ДУГААРАА СОНГОЖ БУЙ ХЭСЭГ
2020-06-14 16:00:44,287:INFO:2
2020-06-14 16:00:44,994:INFO:ДУГААРАА СОНГОЖ БУЙ ХЭСЭГ
2020-06-14 16:00:44,994:INFO:2
2020-06-14 16:00:50,739:INFO:ДУГААРАА СОНГОЖ БУЙ ХЭСЭГ
2020-06-14 16:00:50,740:INFO:2
2020-06-14 16:01:02,996:INFO:------------------------------------------------------------------------------------------------
2020-06-14 16:01:07,270:INFO:ДУГААРАА СОНГОЖ БУЙ ХЭСЭГ
2020-06-14 16:01:07,270:INFO:2
2020-06-14 16:01:11,954:INFO:ДУГААРАА СОНГОЖ БУЙ ХЭСЭГ
2020-06-14 16:01:11,954:INFO:2
2020-06-14 16:01:12,942:INFO:ДУГААРАА СОНГОЖ БУЙ ХЭСЭГ
2020-06-14 16:01:12,942:INFO:2
2020-06-14 16:01:13,408:INFO:ДУГААРАА СОНГОЖ БУЙ ХЭСЭГ
2020-06-14 16:01:13,409:INFO:2
2020-06-14 16:01:16,864:INFO:------------------------------------------------------------------------------------------------
2020-06-14 16:02:31,541:INFO:ДУГААРАА СОНГОЖ БУЙ ХЭСЭГ
2020-06-14 16:02:31,542:INFO:2
2020-06-14 16:02:34,070:INFO:ДУГААРАА СОНГОЖ БУЙ ХЭСЭГ
2020-06-14 16:02:34,070:INFO:2
2020-06-14 16:02:36,289:INFO:ДУГААРАА СОНГОЖ БУЙ ХЭСЭГ
2020-06-14 16:02:36,290:INFO:2
2020-06-14 16:02:36,316:INFO:ДУГААРАА СОНГОЖ БУЙ ХЭСЭГ
2020-06-14 16:02:36,317:INFO:2
2020-06-14 16:02:55,461:INFO:------------------------------------------------------------------------------------------------
2020-06-14 16:02:56,774:INFO:ДУГААРАА СОНГОЖ БУЙ ХЭСЭГ
2020-06-14 16:02:56,774:INFO:7
2020-06-14 16:04:32,271:INFO:ДУГААРЫН ҮНЭ
2020-06-14 16:04:32,274:INFO:5000
2020-06-14 16:04:42,448:INFO:ДУГААРЫН ZAHIALGA
2020-06-14 16:06:16,302:INFO:------------------------------------------------------------------------------------------------
2020-06-14 16:06:17,277:INFO:ДУГААРАА СОНГОЖ БУЙ ХЭСЭГ
2020-06-14 16:06:17,278:INFO:2
2020-06-14 16:06:33,951:INFO:------------------------------------------------------------------------------------------------
2020-06-14 16:06:39,381:INFO:ДУГААРАА СОНГОЖ БУЙ ХЭСЭГ
2020-06-14 16:06:39,381:INFO:2
2020-06-14 16:06:42,590:INFO:------------------------------------------------------------------------------------------------
2020-06-14 16:06:53,923:INFO:------------------------------------------------------------------------------------------------
2020-06-14 16:06:55,642:INFO:ДУГААРАА СОНГОЖ БУЙ ХЭСЭГ
2020-06-14 16:06:55,643:INFO:2
2020-06-14 16:08:22,881:INFO:------------------------------------------------------------------------------------------------
2020-06-14 16:09:32,270:INFO:------------------------------------------------------------------------------------------------
2020-06-14 16:10:58,479:INFO:ДУГААРЫН ҮНЭ
2020-06-14 16:10:58,482:INFO:5000
2020-06-14 16:11:07,909:INFO:ДУГААРЫН ҮНЭ
2020-06-14 16:11:07,912:INFO:5000
2020-06-14 16:11:29,574:INFO:ДУГААРЫН ZAHIALGA
2020-06-14 16:11:33,053:INFO:------------------------------------------------------------------------------------------------
2020-06-14 16:12:59,427:INFO:------------------------------------------------------------------------------------------------
2020-06-14 16:13:10,996:INFO:ДУГААРАА СОНГОЖ БУЙ ХЭСЭГ
2020-06-14 16:13:10,996:INFO:2
2020-06-14 16:18:06,145:INFO:ДУГААРЫН ҮНЭ
2020-06-14 16:18:06,149:INFO:5000
2020-06-14 16:19:33,283:WARNING:Not Found: /
2020-06-14 16:25:43,594:INFO:------------------------------------------------------------------------------------------------
2020-06-14 16:44:39,372:INFO:------------------------------------------------------------------------------------------------
2020-06-14 16:44:40,437:INFO:ДУГААРАА СОНГОЖ БУЙ ХЭСЭГ
2020-06-14 16:44:40,437:INFO:2
2020-06-14 16:50:18,248:INFO:ДУГААРАА СОНГОЖ БУЙ ХЭСЭГ
2020-06-14 16:50:18,248:INFO:7
2020-06-14 16:50:21,716:INFO:ДУГААРАА СОНГОЖ БУЙ ХЭСЭГ
2020-06-14 16:50:21,716:INFO:7
2020-06-14 16:50:38,725:INFO:ДУГААРАА СОНГОЖ БУЙ ХЭСЭГ
2020-06-14 16:50:38,725:INFO:7
2020-06-14 16:51:29,970:INFO:------------------------------------------------------------------------------------------------
2020-06-14 16:53:03,403:INFO:ДУГААРАА СОНГОЖ БУЙ ХЭСЭГ
2020-06-14 16:53:03,403:INFO:7
2020-06-14 16:53:45,275:INFO:------------------------------------------------------------------------------------------------
2020-06-14 16:53:59,867:INFO:ДУГААРАА СОНГОЖ БУЙ ХЭСЭГ
2020-06-14 16:53:59,868:INFO:2
2020-06-14 16:54:03,338:INFO:ДУГААРАА СОНГОЖ БУЙ ХЭСЭГ
2020-06-14 16:54:03,338:INFO:7
2020-06-14 16:56:38,762:INFO:------------------------------------------------------------------------------------------------
2020-06-14 16:56:39,687:INFO:ДУГААРАА СОНГОЖ БУЙ ХЭСЭГ
2020-06-14 16:56:39,687:INFO:2
2020-06-14 17:01:16,952:INFO:------------------------------------------------------------------------------------------------
2020-06-14 17:06:42,707:INFO:------------------------------------------------------------------------------------------------
2020-06-14 17:08:23,207:INFO:------------------------------------------------------------------------------------------------
2020-06-14 17:09:36,998:INFO:------------------------------------------------------------------------------------------------
2020-06-14 17:11:33,227:INFO:------------------------------------------------------------------------------------------------
2020-06-14 17:21:25,132:INFO:------------------------------------------------------------------------------------------------
2020-06-14 17:24:30,646:INFO:------------------------------------------------------------------------------------------------
2020-06-14 17:24:33,105:INFO:ДУГААРАА СОНГОЖ БУЙ ХЭСЭГ
2020-06-14 17:24:33,105:INFO:2
2020-06-14 17:24:43,595:INFO:ДУГААРАА СОНГОЖ БУЙ ХЭСЭГ
2020-06-14 17:24:43,595:INFO:2
2020-06-14 17:24:45,470:INFO:ДУГААРАА СОНГОЖ БУЙ ХЭСЭГ
2020-06-14 17:24:45,470:INFO:2
2020-06-14 17:24:47,055:INFO:ДУГААРАА СОНГОЖ БУЙ ХЭСЭГ
2020-06-14 17:24:47,055:INFO:2
2020-06-14 17:24:47,777:INFO:ДУГААРАА СОНГОЖ БУЙ ХЭСЭГ
2020-06-14 17:24:47,777:INFO:2
2020-06-14 17:25:48,179:INFO:------------------------------------------------------------------------------------------------
2020-06-14 17:26:13,842:INFO:ДУГААРАА СОНГОЖ БУЙ ХЭСЭГ
2020-06-14 17:26:13,842:INFO:2
2020-06-14 17:29:23,682:INFO:ДУГААРАА СОНГОЖ БУЙ ХЭСЭГ
2020-06-14 17:29:23,682:INFO:7
2020-06-14 17:31:54,616:ERROR:Internal Server Error: /getnumber
Traceback (most recent call last):
  File "/usr/local/lib/python2.7/dist-packages/django/core/handlers/exception.py", line 41, in inner
    response = get_response(request)
  File "/usr/local/lib/python2.7/dist-packages/django/core/handlers/base.py", line 187, in _get_response
    response = self.process_exception_by_middleware(e, request)
  File "/usr/local/lib/python2.7/dist-packages/django/core/handlers/base.py", line 185, in _get_response
    response = wrapped_callback(request, *callback_args, **callback_kwargs)
  File "/usr/local/lib/python2.7/dist-packages/django/views/decorators/csrf.py", line 58, in wrapped_view
    return view_func(*args, **kwargs)
  File "/usr/local/lib/python2.7/dist-packages/django/views/generic/base.py", line 68, in view
    return self.dispatch(request, *args, **kwargs)
  File "/usr/local/lib/python2.7/dist-packages/rest_framework/views.py", line 495, in dispatch
    response = self.handle_exception(exc)
  File "/usr/local/lib/python2.7/dist-packages/rest_framework/views.py", line 455, in handle_exception
    self.raise_uncaught_exception(exc)
  File "/usr/local/lib/python2.7/dist-packages/rest_framework/views.py", line 492, in dispatch
    response = handler(request, *args, **kwargs)
  File "/usr/local/lib/python2.7/dist-packages/rest_framework/decorators.py", line 55, in handler
    return func(*args, **kwargs)
  File "/home/user/nFilterNew/controller/views.py", line 206, in getNumber
    if data[1] == az:
IndexError: list index out of range
2020-06-14 17:37:54,364:ERROR:Internal Server Error: /getnumber
Traceback (most recent call last):
  File "/usr/local/lib/python2.7/dist-packages/django/core/handlers/exception.py", line 41, in inner
    response = get_response(request)
  File "/usr/local/lib/python2.7/dist-packages/django/core/handlers/base.py", line 187, in _get_response
    response = self.process_exception_by_middleware(e, request)
  File "/usr/local/lib/python2.7/dist-packages/django/core/handlers/base.py", line 185, in _get_response
    response = wrapped_callback(request, *callback_args, **callback_kwargs)
  File "/usr/local/lib/python2.7/dist-packages/django/views/decorators/csrf.py", line 58, in wrapped_view
    return view_func(*args, **kwargs)
  File "/usr/local/lib/python2.7/dist-packages/django/views/generic/base.py", line 68, in view
    return self.dispatch(request, *args, **kwargs)
  File "/usr/local/lib/python2.7/dist-packages/rest_framework/views.py", line 495, in dispatch
    response = self.handle_exception(exc)
  File "/usr/local/lib/python2.7/dist-packages/rest_framework/views.py", line 455, in handle_exception
    self.raise_uncaught_exception(exc)
  File "/usr/local/lib/python2.7/dist-packages/rest_framework/views.py", line 492, in dispatch
    response = handler(request, *args, **kwargs)
  File "/usr/local/lib/python2.7/dist-packages/rest_framework/decorators.py", line 55, in handler
    return func(*args, **kwargs)
  File "/home/user/nFilterNew/controller/views.py", line 206, in getNumber
    if data[1] == az:
IndexError: list index out of range
2020-06-14 17:39:32,372:INFO:------------------------------------------------------------------------------------------------
2020-06-14 17:39:33,925:INFO:ДУГААРАА СОНГОЖ БУЙ ХЭСЭГ
2020-06-14 17:39:33,925:INFO:2
2020-06-14 17:40:09,843:INFO:ДУГААРЫН ҮНЭ
2020-06-14 17:40:09,845:INFO:5000
2020-06-14 17:40:14,695:INFO:------------------------------------------------------------------------------------------------
2020-06-14 17:40:16,143:INFO:ДУГААРАА СОНГОЖ БУЙ ХЭСЭГ
2020-06-14 17:40:16,143:INFO:7
2020-06-14 17:40:21,629:INFO:ДУГААРАА СОНГОЖ БУЙ ХЭСЭГ
2020-06-14 17:40:21,629:INFO:7
2020-06-14 17:40:24,544:INFO:ДУГААРЫН ZAHIALGA
2020-06-14 17:40:37,010:INFO:ДУГААРЫН ҮНЭ
2020-06-14 17:40:37,012:INFO:5000
2020-06-14 17:40:53,693:INFO:ДУГААРАА СОНГОЖ БУЙ ХЭСЭГ
2020-06-14 17:40:53,693:INFO:7
2020-06-14 17:41:20,967:INFO:ДУГААРАА СОНГОЖ БУЙ ХЭСЭГ
2020-06-14 17:41:20,967:INFO:7
2020-06-14 17:42:04,604:INFO:ДУГААРЫН ҮНЭ
2020-06-14 17:42:04,606:INFO:5000
2020-06-14 17:42:24,728:INFO:------------------------------------------------------------------------------------------------
2020-06-14 17:44:05,238:INFO:ДУГААРАА СОНГОЖ БУЙ ХЭСЭГ
2020-06-14 17:44:05,238:INFO:2
2020-06-14 17:44:20,905:INFO:ДУГААРЫН ҮНЭ
2020-06-14 17:44:20,908:INFO:5000
2020-06-14 17:44:40,849:INFO:ДУГААРЫН ZAHIALGA
2020-06-14 17:46:32,841:INFO:ДУГААРАА СОНГОЖ БУЙ ХЭСЭГ
2020-06-14 17:46:32,841:INFO:7
2020-06-14 17:46:38,785:INFO:ДУГААРАА СОНГОЖ БУЙ ХЭСЭГ
2020-06-14 17:46:38,786:INFO:7
2020-06-14 17:46:41,010:INFO:------------------------------------------------------------------------------------------------
2020-06-14 17:46:41,580:INFO:ДУГААРАА СОНГОЖ БУЙ ХЭСЭГ
2020-06-14 17:46:41,580:INFO:7
2020-06-14 17:47:11,662:INFO:ДУГААРАА СОНГОЖ БУЙ ХЭСЭГ
2020-06-14 17:47:11,663:INFO:7
2020-06-14 17:50:04,021:INFO:------------------------------------------------------------------------------------------------
2020-06-14 17:50:10,326:INFO:ДУГААРАА СОНГОЖ БУЙ ХЭСЭГ
2020-06-14 17:50:10,326:INFO:2
2020-06-14 17:51:34,557:INFO:------------------------------------------------------------------------------------------------
2020-06-14 17:52:40,851:INFO:------------------------------------------------------------------------------------------------
2020-06-14 17:52:41,968:INFO:ДУГААРАА СОНГОЖ БУЙ ХЭСЭГ
2020-06-14 17:52:41,968:INFO:2
2020-06-14 17:52:58,779:INFO:ДУГААРАА СОНГОЖ БУЙ ХЭСЭГ
2020-06-14 17:52:58,779:INFO:2
2020-06-14 17:53:45,415:INFO:------------------------------------------------------------------------------------------------
2020-06-14 17:54:40,728:INFO:ДУГААРЫН ҮНЭ
2020-06-14 17:54:40,731:INFO:5000
2020-06-14 17:54:52,947:INFO:ДУГААРЫН ZAHIALGA
2020-06-14 17:56:53,092:INFO:------------------------------------------------------------------------------------------------
2020-06-14 17:57:39,188:INFO:------------------------------------------------------------------------------------------------
2020-06-14 17:57:40,735:INFO:ДУГААРАА СОНГОЖ БУЙ ХЭСЭГ
2020-06-14 17:57:40,736:INFO:7
2020-06-14 17:58:03,776:INFO:ДУГААРЫН ҮНЭ
2020-06-14 17:58:03,779:INFO:10000
2020-06-14 17:58:13,558:INFO:ДУГААРЫН ZAHIALGA
2020-06-14 18:01:17,061:INFO:------------------------------------------------------------------------------------------------
2020-06-14 18:06:27,645:INFO:------------------------------------------------------------------------------------------------
2020-06-14 18:06:52,125:INFO:ДУГААРАА СОНГОЖ БУЙ ХЭСЭГ
2020-06-14 18:06:52,126:INFO:3
2020-06-14 18:07:34,836:ERROR:Internal Server Error: /getnumber
Traceback (most recent call last):
  File "/usr/local/lib/python2.7/dist-packages/django/core/handlers/exception.py", line 41, in inner
    response = get_response(request)
  File "/usr/local/lib/python2.7/dist-packages/django/core/handlers/base.py", line 187, in _get_response
    response = self.process_exception_by_middleware(e, request)
  File "/usr/local/lib/python2.7/dist-packages/django/core/handlers/base.py", line 185, in _get_response
    response = wrapped_callback(request, *callback_args, **callback_kwargs)
  File "/usr/local/lib/python2.7/dist-packages/django/views/decorators/csrf.py", line 58, in wrapped_view
    return view_func(*args, **kwargs)
  File "/usr/local/lib/python2.7/dist-packages/django/views/generic/base.py", line 68, in view
    return self.dispatch(request, *args, **kwargs)
  File "/usr/local/lib/python2.7/dist-packages/rest_framework/views.py", line 495, in dispatch
    response = self.handle_exception(exc)
  File "/usr/local/lib/python2.7/dist-packages/rest_framework/views.py", line 455, in handle_exception
    self.raise_uncaught_exception(exc)
  File "/usr/local/lib/python2.7/dist-packages/rest_framework/views.py", line 492, in dispatch
    response = handler(request, *args, **kwargs)
  File "/usr/local/lib/python2.7/dist-packages/rest_framework/decorators.py", line 55, in handler
    return func(*args, **kwargs)
  File "/home/user/nFilterNew/controller/views.py", line 206, in getNumber
    if data[1] == az:
IndexError: list index out of range
2020-06-14 18:08:23,552:INFO:------------------------------------------------------------------------------------------------
2020-06-14 18:08:42,581:INFO:ДУГААРЫН ҮНЭ
2020-06-14 18:08:42,585:INFO:20000
2020-06-14 18:09:41,737:INFO:------------------------------------------------------------------------------------------------
2020-06-14 18:16:41,366:INFO:------------------------------------------------------------------------------------------------
2020-06-14 18:16:43,766:INFO:ДУГААРАА СОНГОЖ БУЙ ХЭСЭГ
2020-06-14 18:16:43,766:INFO:7
2020-06-14 18:17:37,720:INFO:ДУГААРЫН ҮНЭ
2020-06-14 18:17:37,723:INFO:10000
2020-06-14 18:17:46,457:INFO:ДУГААРАА СОНГОЖ БУЙ ХЭСЭГ
2020-06-14 18:17:46,457:INFO:7
2020-06-14 18:18:02,481:INFO:------------------------------------------------------------------------------------------------
2020-06-14 18:18:05,977:INFO:ДУГААРАА СОНГОЖ БУЙ ХЭСЭГ
2020-06-14 18:18:05,977:INFO:2
2020-06-14 18:18:20,524:INFO:ДУГААРЫН ҮНЭ
2020-06-14 18:18:20,527:INFO:10000
2020-06-14 18:19:15,432:INFO:ДУГААРЫН ҮНЭ
2020-06-14 18:19:15,435:INFO:5000
2020-06-14 18:19:54,410:INFO:------------------------------------------------------------------------------------------------
2020-06-14 18:19:55,866:INFO:ДУГААРАА СОНГОЖ БУЙ ХЭСЭГ
2020-06-14 18:19:55,866:INFO:7
2020-06-14 18:19:59,198:INFO:ДУГААРАА СОНГОЖ БУЙ ХЭСЭГ
2020-06-14 18:19:59,198:INFO:7
2020-06-14 18:20:06,057:INFO:ДУГААРАА СОНГОЖ БУЙ ХЭСЭГ
2020-06-14 18:20:06,057:INFO:7
2020-06-14 18:20:20,671:INFO:ДУГААРАА СОНГОЖ БУЙ ХЭСЭГ
2020-06-14 18:20:20,671:INFO:7
2020-06-14 18:20:41,397:INFO:ДУГААРАА СОНГОЖ БУЙ ХЭСЭГ
2020-06-14 18:20:41,397:INFO:7
2020-06-14 18:20:41,918:INFO:ДУГААРАА СОНГОЖ БУЙ ХЭСЭГ
2020-06-14 18:20:41,918:INFO:7
2020-06-14 18:21:12,131:INFO:ДУГААРАА СОНГОЖ БУЙ ХЭСЭГ
2020-06-14 18:21:12,131:INFO:7
2020-06-14 18:21:59,009:INFO:ДУГААРАА СОНГОЖ БУЙ ХЭСЭГ
2020-06-14 18:21:59,010:INFO:2
2020-06-14 18:21:59,068:INFO:ДУГААРАА СОНГОЖ БУЙ ХЭСЭГ
2020-06-14 18:21:59,068:INFO:2
2020-06-14 18:22:09,376:INFO:ДУГААРЫН ҮНЭ
2020-06-14 18:22:09,379:INFO:10000
2020-06-14 18:22:16,382:INFO:ДУГААРЫН ҮНЭ
2020-06-14 18:22:16,384:INFO:10000
2020-06-14 18:22:17,708:INFO:------------------------------------------------------------------------------------------------
2020-06-14 18:22:32,933:INFO:ДУГААРАА СОНГОЖ БУЙ ХЭСЭГ
2020-06-14 18:22:32,933:INFO:2
2020-06-14 18:22:46,874:INFO:------------------------------------------------------------------------------------------------
2020-06-14 18:22:49,170:INFO:------------------------------------------------------------------------------------------------
2020-06-14 18:22:50,688:INFO:ДУГААРАА СОНГОЖ БУЙ ХЭСЭГ
2020-06-14 18:22:50,689:INFO:7
2020-06-14 18:22:51,432:INFO:ДУГААРАА СОНГОЖ БУЙ ХЭСЭГ
2020-06-14 18:22:51,432:INFO:7
2020-06-14 18:23:33,810:INFO:ДУГААРАА СОНГОЖ БУЙ ХЭСЭГ
2020-06-14 18:23:33,810:INFO:7
2020-06-14 18:23:53,242:INFO:ДУГААРЫН ҮНЭ
2020-06-14 18:23:53,244:INFO:10000
2020-06-14 18:24:05,173:INFO:ДУГААРЫН ZAHIALGA
2020-06-14 18:24:10,622:INFO:ДУГААРАА СОНГОЖ БУЙ ХЭСЭГ
2020-06-14 18:24:10,622:INFO:7
2020-06-14 18:24:13,464:INFO:ДУГААРАА СОНГОЖ БУЙ ХЭСЭГ
2020-06-14 18:24:13,464:INFO:7
2020-06-14 18:24:18,980:INFO:ДУГААРАА СОНГОЖ БУЙ ХЭСЭГ
2020-06-14 18:24:18,981:INFO:7
2020-06-14 18:24:51,802:INFO:ДУГААРАА СОНГОЖ БУЙ ХЭСЭГ
2020-06-14 18:24:51,802:INFO:7
2020-06-14 18:24:59,788:INFO:ДУГААРАА СОНГОЖ БУЙ ХЭСЭГ
2020-06-14 18:24:59,789:INFO:7
2020-06-14 18:25:52,788:INFO:------------------------------------------------------------------------------------------------
2020-06-14 18:26:05,308:INFO:------------------------------------------------------------------------------------------------
2020-06-14 18:28:23,249:INFO:ДУГААРЫН ҮНЭ
2020-06-14 18:28:23,251:INFO:10000
2020-06-14 18:28:32,713:INFO:ДУГААРАА СОНГОЖ БУЙ ХЭСЭГ
2020-06-14 18:28:32,714:INFO:7
2020-06-14 18:28:43,106:INFO:ДУГААРЫН ҮНЭ
2020-06-14 18:28:43,109:INFO:10000
2020-06-14 18:28:50,387:INFO:------------------------------------------------------------------------------------------------
2020-06-14 18:29:27,181:INFO:------------------------------------------------------------------------------------------------
2020-06-14 18:29:28,632:INFO:ДУГААРАА СОНГОЖ БУЙ ХЭСЭГ
2020-06-14 18:29:28,632:INFO:2
2020-06-14 18:29:51,457:INFO:------------------------------------------------------------------------------------------------
2020-06-14 18:31:20,684:INFO:ДУГААРАА СОНГОЖ БУЙ ХЭСЭГ
2020-06-14 18:31:20,684:INFO:7
2020-06-14 18:31:22,381:INFO:ДУГААРАА СОНГОЖ БУЙ ХЭСЭГ
2020-06-14 18:31:22,382:INFO:7
2020-06-14 18:31:31,504:INFO:ДУГААРАА СОНГОЖ БУЙ ХЭСЭГ
2020-06-14 18:31:31,505:INFO:7
2020-06-14 18:31:51,686:INFO:ДУГААРЫН ҮНЭ
2020-06-14 18:31:51,689:INFO:10000
2020-06-14 18:31:54,240:INFO:ДУГААРАА СОНГОЖ БУЙ ХЭСЭГ
2020-06-14 18:31:54,240:INFO:7
2020-06-14 18:32:19,905:INFO:ДУГААРЫН ҮНЭ
2020-06-14 18:32:19,907:INFO:10000
2020-06-14 18:32:44,449:INFO:ДУГААРАА СОНГОЖ БУЙ ХЭСЭГ
2020-06-14 18:32:44,449:INFO:7
2020-06-14 18:33:06,547:INFO:ДУГААРАА СОНГОЖ БУЙ ХЭСЭГ
2020-06-14 18:33:06,548:INFO:7
2020-06-14 18:34:23,769:INFO:------------------------------------------------------------------------------------------------
2020-06-14 18:34:25,992:INFO:ДУГААРАА СОНГОЖ БУЙ ХЭСЭГ
2020-06-14 18:34:25,993:INFO:2
2020-06-14 18:35:05,394:INFO:ДУГААРЫН ҮНЭ
2020-06-14 18:35:05,397:INFO:5000
2020-06-14 18:35:07,304:INFO:ДУГААРЫН ҮНЭ
2020-06-14 18:35:07,307:INFO:5000
2020-06-14 18:35:30,386:INFO:ДУГААРЫН ZAHIALGA
2020-06-14 18:37:30,458:INFO:------------------------------------------------------------------------------------------------
2020-06-14 18:41:14,132:INFO:------------------------------------------------------------------------------------------------
2020-06-14 18:47:11,458:INFO:ДУГААРАА СОНГОЖ БУЙ ХЭСЭГ
2020-06-14 18:47:11,459:INFO:7
2020-06-14 18:47:11,588:WARNING:Not Found: /favicon.ico
2020-06-14 18:47:20,081:INFO:ДУГААРАА СОНГОЖ БУЙ ХЭСЭГ
2020-06-14 18:47:20,081:INFO:7
2020-06-14 18:47:27,401:INFO:ДУГААРАА СОНГОЖ БУЙ ХЭСЭГ
2020-06-14 18:47:27,401:INFO:7
2020-06-14 18:47:30,657:INFO:ДУГААРАА СОНГОЖ БУЙ ХЭСЭГ
2020-06-14 18:47:30,657:INFO:7
2020-06-14 18:47:37,881:INFO:ДУГААРАА СОНГОЖ БУЙ ХЭСЭГ
2020-06-14 18:47:37,881:INFO:7
2020-06-14 18:50:36,713:INFO:ДУГААРАА СОНГОЖ БУЙ ХЭСЭГ
2020-06-14 18:50:36,713:INFO:7
2020-06-14 18:51:15,645:INFO:------------------------------------------------------------------------------------------------
2020-06-14 18:51:17,271:INFO:ДУГААРАА СОНГОЖ БУЙ ХЭСЭГ
2020-06-14 18:51:17,271:INFO:2
2020-06-14 18:51:39,190:INFO:------------------------------------------------------------------------------------------------
2020-06-14 18:52:55,344:INFO:ДУГААРАА СОНГОЖ БУЙ ХЭСЭГ
2020-06-14 18:52:55,344:INFO:2
2020-06-14 18:53:45,566:INFO:------------------------------------------------------------------------------------------------
2020-06-14 19:01:17,181:INFO:------------------------------------------------------------------------------------------------
2020-06-14 19:01:55,184:INFO:ДУГААРАА СОНГОЖ БУЙ ХЭСЭГ
2020-06-14 19:01:55,185:INFO:2
2020-06-14 19:02:01,239:INFO:------------------------------------------------------------------------------------------------
2020-06-14 19:02:03,550:INFO:ДУГААРАА СОНГОЖ БУЙ ХЭСЭГ
2020-06-14 19:02:03,551:INFO:4
2020-06-14 19:02:05,119:INFO:ДУГААРАА СОНГОЖ БУЙ ХЭСЭГ
2020-06-14 19:02:05,119:INFO:4
2020-06-14 19:02:07,662:INFO:ДУГААРАА СОНГОЖ БУЙ ХЭСЭГ
2020-06-14 19:02:07,662:INFO:4
2020-06-14 19:09:46,464:INFO:------------------------------------------------------------------------------------------------
2020-06-14 19:11:01,188:INFO:ДУГААРЫН ҮНЭ
2020-06-14 19:11:01,191:INFO:10000
2020-06-14 19:24:56,132:INFO:ДУГААРАА СОНГОЖ БУЙ ХЭСЭГ
2020-06-14 19:24:56,133:INFO:2
2020-06-14 19:25:18,250:INFO:ДУГААРАА СОНГОЖ БУЙ ХЭСЭГ
2020-06-14 19:25:18,250:INFO:2
2020-06-14 19:25:34,473:INFO:ДУГААРАА СОНГОЖ БУЙ ХЭСЭГ
2020-06-14 19:25:34,473:INFO:2
2020-06-14 19:25:57,358:INFO:------------------------------------------------------------------------------------------------
2020-06-14 19:26:05,436:INFO:------------------------------------------------------------------------------------------------
2020-06-14 19:27:47,967:INFO:ДУГААРАА СОНГОЖ БУЙ ХЭСЭГ
2020-06-14 19:27:47,968:INFO:2
2020-06-14 19:28:07,844:INFO:ДУГААРАА СОНГОЖ БУЙ ХЭСЭГ
2020-06-14 19:28:07,844:INFO:2
2020-06-14 19:28:17,144:INFO:ДУГААРАА СОНГОЖ БУЙ ХЭСЭГ
2020-06-14 19:28:17,144:INFO:2
2020-06-14 19:28:23,235:INFO:------------------------------------------------------------------------------------------------
2020-06-14 19:28:23,798:INFO:ДУГААРАА СОНГОЖ БУЙ ХЭСЭГ
2020-06-14 19:28:23,799:INFO:7
2020-06-14 19:29:58,246:INFO:ДУГААРЫН ҮНЭ
2020-06-14 19:29:58,248:INFO:10000
2020-06-14 19:37:30,532:INFO:------------------------------------------------------------------------------------------------
2020-06-14 19:41:14,272:INFO:------------------------------------------------------------------------------------------------
2020-06-14 19:46:26,072:INFO:ДУГААРАА СОНГОЖ БУЙ ХЭСЭГ
2020-06-14 19:46:26,073:INFO:2
2020-06-14 19:46:39,463:INFO:ДУГААРАА СОНГОЖ БУЙ ХЭСЭГ
2020-06-14 19:46:39,463:INFO:2
2020-06-14 19:51:43,783:INFO:------------------------------------------------------------------------------------------------
2020-06-14 19:53:45,693:INFO:------------------------------------------------------------------------------------------------
2020-06-14 19:54:04,238:INFO:ДУГААРАА СОНГОЖ БУЙ ХЭСЭГ
2020-06-14 19:54:04,239:INFO:2
2020-06-14 19:54:11,073:INFO:ДУГААРАА СОНГОЖ БУЙ ХЭСЭГ
2020-06-14 19:54:11,073:INFO:2
2020-06-14 19:54:13,794:INFO:ДУГААРАА СОНГОЖ БУЙ ХЭСЭГ
2020-06-14 19:54:13,794:INFO:2
2020-06-14 19:54:23,466:INFO:ДУГААРАА СОНГОЖ БУЙ ХЭСЭГ
2020-06-14 19:54:23,466:INFO:2
2020-06-14 19:56:06,215:INFO:ДУГААРЫН ҮНЭ
2020-06-14 19:56:06,218:INFO:5000
2020-06-14 20:26:01,959:INFO:------------------------------------------------------------------------------------------------
2020-06-14 20:26:10,075:INFO:------------------------------------------------------------------------------------------------
2020-06-14 20:37:30,654:INFO:------------------------------------------------------------------------------------------------
2020-06-14 20:38:41,596:INFO:ДУГААРЫН ҮНЭ
2020-06-14 20:38:41,599:INFO:5000
2020-06-14 20:39:17,387:INFO:ДУГААРЫН ҮНЭ
2020-06-14 20:39:17,390:INFO:5000
2020-06-14 20:51:48,396:INFO:------------------------------------------------------------------------------------------------
2020-06-14 20:53:45,820:INFO:------------------------------------------------------------------------------------------------
2020-06-14 21:26:06,554:INFO:------------------------------------------------------------------------------------------------
2020-06-14 21:37:30,766:INFO:------------------------------------------------------------------------------------------------
2020-06-14 21:51:52,993:INFO:------------------------------------------------------------------------------------------------
2020-06-14 21:53:45,987:INFO:------------------------------------------------------------------------------------------------
2020-06-14 22:26:11,144:INFO:------------------------------------------------------------------------------------------------
2020-06-14 22:51:57,609:INFO:------------------------------------------------------------------------------------------------
2020-06-14 22:53:46,114:INFO:------------------------------------------------------------------------------------------------
2020-06-14 22:57:09,662:WARNING:Not Found: /
2020-06-14 23:26:15,723:INFO:------------------------------------------------------------------------------------------------
2020-06-14 23:52:02,213:INFO:------------------------------------------------------------------------------------------------
2020-06-14 23:53:46,257:INFO:------------------------------------------------------------------------------------------------
2020-06-15 00:26:20,320:INFO:------------------------------------------------------------------------------------------------
2020-06-15 00:52:06,817:INFO:------------------------------------------------------------------------------------------------
2020-06-15 00:53:46,385:INFO:------------------------------------------------------------------------------------------------
2020-06-15 01:26:24,925:INFO:------------------------------------------------------------------------------------------------
2020-06-15 01:52:11,438:INFO:------------------------------------------------------------------------------------------------
2020-06-15 01:53:46,534:INFO:------------------------------------------------------------------------------------------------
2020-06-15 02:26:29,531:INFO:------------------------------------------------------------------------------------------------
2020-06-15 02:52:16,097:INFO:------------------------------------------------------------------------------------------------
2020-06-15 02:53:46,721:INFO:------------------------------------------------------------------------------------------------
2020-06-15 03:26:34,132:INFO:------------------------------------------------------------------------------------------------
2020-06-15 03:52:20,739:INFO:------------------------------------------------------------------------------------------------
2020-06-15 03:53:46,865:INFO:------------------------------------------------------------------------------------------------
2020-06-15 04:26:38,716:INFO:------------------------------------------------------------------------------------------------
2020-06-15 04:52:25,335:INFO:------------------------------------------------------------------------------------------------
2020-06-15 04:53:46,995:INFO:------------------------------------------------------------------------------------------------
2020-06-15 05:26:43,321:INFO:------------------------------------------------------------------------------------------------
2020-06-15 05:52:29,949:INFO:------------------------------------------------------------------------------------------------
2020-06-15 05:53:47,113:INFO:------------------------------------------------------------------------------------------------
