2020-02-14 09:05:15,287:INFO:------------------------------------------------------------------------------------------------
2020-02-14 09:30:30,104:INFO:ДУГААРАА СОНГОЖ БУЙ ХЭСЭГ
2020-02-14 09:30:30,105:INFO:4
2020-02-14 09:30:30,111:INFO:['7800', '7801', '7802', '7803', '7804', '7805', '7806', '7807', '7808', '7809', '7812', '7813', '7814', '7815', '7816', '7817', '7818', '7819']
2020-02-14 09:30:30,392:WARNING:Not Found: /favicon.ico
2020-02-14 09:32:21,750:INFO:------------------------------------------------------------------------------------------------
2020-02-14 09:32:27,350:INFO:ДУГААРАА СОНГОЖ БУЙ ХЭСЭГ
2020-02-14 09:32:27,350:INFO:2
2020-02-14 09:32:27,357:INFO:['8312', '8313', '8314', '8315', '8316', '8317', '8318', '8319', '9312', '9313', '9314', '9315', '9316', '9317', '9318', '9319', '9320', '9321', '9322', '9323', '9324', '9325', '9326', '9327', '9328', '9329', '9330', '9331', '9332', '9333', '9334', '9335', '9336', '9337', '9338', '9339', '9340', '9341', '9342', '9343', '9344', '9345', '9346', '9347', '9712', '9713', '9714', '9715', '9716', '9717', '9718', '9719', '9812', '9813', '9814', '9815', '9816', '9817', '9818', '9819', '9820', '9821', '9822', '9823', '9824', '9825', '9826', '9827', '9828', '9829', '9830', '9831', '9832', '9833', '9837', '9838', '9842', '9843', '9847', '9848', '9851', '9856', '9859', '9860', '9861', '9862', '9863', '9864', '9865', '9866', '9867', '9870', '9880', '9881', '9882', '9883', '9884', '9885', '9886', '9887', '9888', '9889', '9890', '9891', '9892', '9893', '9894', '9895', '9896', '9897', '9898', '9899']
2020-02-14 09:32:27,784:WARNING:Not Found: /favicon.ico
2020-02-14 10:49:55,383:INFO:------------------------------------------------------------------------------------------------
2020-02-14 10:52:34,096:INFO:ДУГААРАА СОНГОЖ БУЙ ХЭСЭГ
2020-02-14 10:52:34,096:INFO:3
2020-02-14 10:52:34,105:INFO:['8312', '8313', '8314', '8315', '8316', '8317', '8318', '8319', '9312', '9313', '9314', '9315', '9316', '9317', '9318', '9319', '9320', '9321', '9322', '9323', '9324', '9325', '9326', '9327', '9328', '9329', '9330', '9331', '9332', '9333', '9334', '9335', '9336', '9337', '9338', '9339', '9340', '9341', '9342', '9343', '9344', '9345', '9346', '9347', '9712', '9713', '9714', '9715', '9716', '9717', '9718', '9719', '9812', '9813', '9814', '9815', '9816', '9817', '9818', '9819', '9820', '9821', '9822', '9823', '9824', '9825', '9826', '9827', '9828', '9829', '9830', '9831', '9832', '9833', '9837', '9838', '9842', '9843', '9847', '9848', '9851', '9856', '9859', '9860', '9861', '9862', '9863', '9864', '9865', '9866', '9867', '9870', '9880', '9881', '9882', '9883', '9884', '9885', '9886', '9887', '9888', '9889', '9890', '9891', '9892', '9893', '9894', '9895', '9896', '9897', '9898', '9899']
2020-02-14 10:52:38,594:INFO:ДУГААРАА СОНГОЖ БУЙ ХЭСЭГ
2020-02-14 10:52:38,594:INFO:3
2020-02-14 10:52:38,600:INFO:['8312', '8313', '8314', '8315', '8316', '8317', '8318', '8319', '9312', '9313', '9314', '9315', '9316', '9317', '9318', '9319', '9320', '9321', '9322', '9323', '9324', '9325', '9326', '9327', '9328', '9329', '9330', '9331', '9332', '9333', '9334', '9335', '9336', '9337', '9338', '9339', '9340', '9341', '9342', '9343', '9344', '9345', '9346', '9347', '9712', '9713', '9714', '9715', '9716', '9717', '9718', '9719', '9812', '9813', '9814', '9815', '9816', '9817', '9818', '9819', '9820', '9821', '9822', '9823', '9824', '9825', '9826', '9827', '9828', '9829', '9830', '9831', '9832', '9833', '9837', '9838', '9842', '9843', '9847', '9848', '9851', '9856', '9859', '9860', '9861', '9862', '9863', '9864', '9865', '9866', '9867', '9870', '9880', '9881', '9882', '9883', '9884', '9885', '9886', '9887', '9888', '9889', '9890', '9891', '9892', '9893', '9894', '9895', '9896', '9897', '9898', '9899']
2020-02-14 10:52:47,463:INFO:ДУГААРАА СОНГОЖ БУЙ ХЭСЭГ
2020-02-14 10:52:47,464:INFO:3
2020-02-14 10:52:47,470:INFO:['8312', '8313', '8314', '8315', '8316', '8317', '8318', '8319', '9312', '9313', '9314', '9315', '9316', '9317', '9318', '9319', '9320', '9321', '9322', '9323', '9324', '9325', '9326', '9327', '9328', '9329', '9330', '9331', '9332', '9333', '9334', '9335', '9336', '9337', '9338', '9339', '9340', '9341', '9342', '9343', '9344', '9345', '9346', '9347', '9712', '9713', '9714', '9715', '9716', '9717', '9718', '9719', '9812', '9813', '9814', '9815', '9816', '9817', '9818', '9819', '9820', '9821', '9822', '9823', '9824', '9825', '9826', '9827', '9828', '9829', '9830', '9831', '9832', '9833', '9837', '9838', '9842', '9843', '9847', '9848', '9851', '9856', '9859', '9860', '9861', '9862', '9863', '9864', '9865', '9866', '9867', '9870', '9880', '9881', '9882', '9883', '9884', '9885', '9886', '9887', '9888', '9889', '9890', '9891', '9892', '9893', '9894', '9895', '9896', '9897', '9898', '9899']
2020-02-14 10:52:49,567:INFO:az: 5
2020-02-14 10:52:51,079:INFO:az: 5
2020-02-14 10:52:52,367:INFO:98046666:5|98142222:5|98143333:5|98152222:5|98154444:5|98162222:5|98163333:5|98164444:5|98174444:5|98176666:5|98192222:5|98213333:5|98214444:5|98243333:5|98246666:5|98253333:5|98254444:5|98263333:5|98264444:5|98273333:5|98274444:5|98276666:5|98293333:5|98294444:5|98296666:5|98302222:5|98304444:5|98314444:5|98317777:5|98324444:5|98326666:5|98327777:5|98370000:5|98372222:5|98373333:5|98374444:5|98375555:5|98376666:5|98423333:5|98426666:5|98432222:5|98436666:5|98450000:5|98452222:5|98453333:5|98456666:5|98457777:5|98462222:5|98463333:5|98467777:5|98470000:5|98472222:5|98473333:5|98475555:5|98476666:5|98483333:5|98498888:5|98507777:5|98513333:5|98514444:5|98516666:5|98526666:5|98528888:5|98530000:5|98541111:5|98562222:5|98564444:5|98571111:5|98592222:5|98593333:5|98594444:5|98603333:5|98604444:5|98613333:5|98623333:5|98632222:5|98634444:5|98640000:5|98642222:5|98643333:5|98652222:5|98653333:5|98654444:5|98673333:5|98674444:5|98702222:5|98704444:5|98834444:5|98924444:5|98932222:5|98946666:5|98952222:5|98953333:5
2020-02-14 10:52:52,567:INFO:alt1
2020-02-14 10:52:52,567:INFO:alt1
2020-02-14 10:52:52,567:INFO:alt1
2020-02-14 10:52:52,567:INFO:alt1
2020-02-14 10:52:52,567:INFO:alt1
2020-02-14 10:52:52,567:INFO:alt1
2020-02-14 10:52:52,567:INFO:alt1
2020-02-14 10:52:52,567:INFO:alt1
2020-02-14 10:52:52,567:INFO:alt1
2020-02-14 10:52:52,567:INFO:alt1
2020-02-14 10:52:52,567:INFO:alt1
2020-02-14 10:52:52,567:INFO:alt1
2020-02-14 10:52:52,567:INFO:alt1
2020-02-14 10:52:52,568:INFO:alt1
2020-02-14 10:52:52,568:INFO:alt1
2020-02-14 10:52:52,568:INFO:alt1
2020-02-14 10:52:52,568:INFO:alt1
2020-02-14 10:52:52,568:INFO:alt1
2020-02-14 10:52:52,568:INFO:alt1
2020-02-14 10:52:52,568:INFO:alt1
2020-02-14 10:52:52,568:INFO:alt1
2020-02-14 10:52:52,568:INFO:alt1
2020-02-14 10:52:52,568:INFO:alt1
2020-02-14 10:52:52,568:INFO:alt1
2020-02-14 10:52:52,568:INFO:alt1
2020-02-14 10:52:52,568:INFO:alt1
2020-02-14 10:52:52,568:INFO:alt1
2020-02-14 10:52:52,568:INFO:alt1
2020-02-14 10:52:52,568:INFO:alt1
2020-02-14 10:52:52,568:INFO:alt1
2020-02-14 10:52:52,568:INFO:alt1
2020-02-14 10:52:52,568:INFO:alt1
2020-02-14 10:52:52,568:INFO:alt1
2020-02-14 10:52:52,568:INFO:alt1
2020-02-14 10:52:52,568:INFO:alt1
2020-02-14 10:52:52,568:INFO:alt1
2020-02-14 10:52:52,568:INFO:alt1
2020-02-14 10:52:52,568:INFO:alt1
2020-02-14 10:52:52,568:INFO:alt1
2020-02-14 10:52:52,569:INFO:alt1
2020-02-14 10:52:52,569:INFO:alt1
2020-02-14 10:52:52,569:INFO:alt1
2020-02-14 10:52:52,569:INFO:alt1
2020-02-14 10:52:52,569:INFO:alt1
2020-02-14 10:52:52,569:INFO:alt1
2020-02-14 10:52:52,569:INFO:alt1
2020-02-14 10:52:52,569:INFO:alt1
2020-02-14 10:52:52,569:INFO:alt1
2020-02-14 10:52:52,569:INFO:alt1
2020-02-14 10:52:52,569:INFO:alt1
2020-02-14 10:52:52,569:INFO:alt1
2020-02-14 10:52:52,569:INFO:alt1
2020-02-14 10:52:52,569:INFO:alt1
2020-02-14 10:52:52,569:INFO:alt1
2020-02-14 10:52:52,569:INFO:alt1
2020-02-14 10:52:52,569:INFO:alt1
2020-02-14 10:52:52,569:INFO:alt1
2020-02-14 10:52:52,569:INFO:alt1
2020-02-14 10:52:52,569:INFO:alt1
2020-02-14 10:52:52,569:INFO:alt1
2020-02-14 10:52:52,569:INFO:alt1
2020-02-14 10:52:52,569:INFO:alt1
2020-02-14 10:52:52,569:INFO:alt1
2020-02-14 10:52:52,569:INFO:alt1
2020-02-14 10:52:52,570:INFO:alt1
2020-02-14 10:52:52,570:INFO:alt1
2020-02-14 10:52:52,570:INFO:alt1
2020-02-14 10:52:52,570:INFO:alt1
2020-02-14 10:52:52,570:INFO:alt1
2020-02-14 10:52:52,570:INFO:alt1
2020-02-14 10:52:52,570:INFO:alt1
2020-02-14 10:52:52,570:INFO:alt1
2020-02-14 10:52:52,570:INFO:alt1
2020-02-14 10:52:52,570:INFO:alt1
2020-02-14 10:52:52,570:INFO:alt1
2020-02-14 10:52:52,570:INFO:alt1
2020-02-14 10:52:52,570:INFO:alt1
2020-02-14 10:52:54,777:INFO:98046666:5|98142222:5|98143333:5|98152222:5|98154444:5|98162222:5|98163333:5|98164444:5|98174444:5|98176666:5|98192222:5|98213333:5|98214444:5|98243333:5|98246666:5|98253333:5|98254444:5|98263333:5|98264444:5|98273333:5|98274444:5|98276666:5|98293333:5|98294444:5|98296666:5|98302222:5|98304444:5|98314444:5|98317777:5|98324444:5|98326666:5|98327777:5|98370000:5|98372222:5|98373333:5|98374444:5|98375555:5|98376666:5|98423333:5|98426666:5|98432222:5|98436666:5|98450000:5|98452222:5|98453333:5|98456666:5|98457777:5|98462222:5|98463333:5|98467777:5|98470000:5|98472222:5|98473333:5|98475555:5|98476666:5|98483333:5|98498888:5|98507777:5|98513333:5|98514444:5|98516666:5|98526666:5|98528888:5|98530000:5|98541111:5|98562222:5|98564444:5|98571111:5|98592222:5|98593333:5|98594444:5|98603333:5|98604444:5|98613333:5|98623333:5|98632222:5|98634444:5|98640000:5|98642222:5|98643333:5|98652222:5|98653333:5|98654444:5|98673333:5|98674444:5|98702222:5|98704444:5|98834444:5|98924444:5|98932222:5|98946666:5|98952222:5|98953333:5
2020-02-14 10:52:54,978:INFO:alt1
2020-02-14 10:52:54,979:INFO:alt1
2020-02-14 10:52:54,979:INFO:alt1
2020-02-14 10:52:54,979:INFO:alt1
2020-02-14 10:52:54,979:INFO:alt1
2020-02-14 10:52:54,979:INFO:alt1
2020-02-14 10:52:54,979:INFO:alt1
2020-02-14 10:52:54,979:INFO:alt1
2020-02-14 10:52:54,979:INFO:alt1
2020-02-14 10:52:54,979:INFO:alt1
2020-02-14 10:52:54,979:INFO:alt1
2020-02-14 10:52:54,979:INFO:alt1
2020-02-14 10:52:54,979:INFO:alt1
2020-02-14 10:52:54,979:INFO:alt1
2020-02-14 10:52:54,979:INFO:alt1
2020-02-14 10:52:54,979:INFO:alt1
2020-02-14 10:52:54,979:INFO:alt1
2020-02-14 10:52:54,979:INFO:alt1
2020-02-14 10:52:54,979:INFO:alt1
2020-02-14 10:52:54,979:INFO:alt1
2020-02-14 10:52:54,979:INFO:alt1
2020-02-14 10:52:54,979:INFO:alt1
2020-02-14 10:52:54,979:INFO:alt1
2020-02-14 10:52:54,979:INFO:alt1
2020-02-14 10:52:54,979:INFO:alt1
2020-02-14 10:52:54,979:INFO:alt1
2020-02-14 10:52:54,980:INFO:alt1
2020-02-14 10:52:54,980:INFO:alt1
2020-02-14 10:52:54,980:INFO:alt1
2020-02-14 10:52:54,980:INFO:alt1
2020-02-14 10:52:54,980:INFO:alt1
2020-02-14 10:52:54,980:INFO:alt1
2020-02-14 10:52:54,980:INFO:alt1
2020-02-14 10:52:54,980:INFO:alt1
2020-02-14 10:52:54,980:INFO:alt1
2020-02-14 10:52:54,980:INFO:alt1
2020-02-14 10:52:54,980:INFO:alt1
2020-02-14 10:52:54,980:INFO:alt1
2020-02-14 10:52:54,980:INFO:alt1
2020-02-14 10:52:54,980:INFO:alt1
2020-02-14 10:52:54,980:INFO:alt1
2020-02-14 10:52:54,980:INFO:alt1
2020-02-14 10:52:54,980:INFO:alt1
2020-02-14 10:52:54,980:INFO:alt1
2020-02-14 10:52:54,980:INFO:alt1
2020-02-14 10:52:54,980:INFO:alt1
2020-02-14 10:52:54,980:INFO:alt1
2020-02-14 10:52:54,980:INFO:alt1
2020-02-14 10:52:54,980:INFO:alt1
2020-02-14 10:52:54,980:INFO:alt1
2020-02-14 10:52:54,980:INFO:alt1
2020-02-14 10:52:54,980:INFO:alt1
2020-02-14 10:52:54,980:INFO:alt1
2020-02-14 10:52:54,981:INFO:alt1
2020-02-14 10:52:54,981:INFO:alt1
2020-02-14 10:52:54,981:INFO:alt1
2020-02-14 10:52:54,981:INFO:alt1
2020-02-14 10:52:54,981:INFO:alt1
2020-02-14 10:52:54,981:INFO:alt1
2020-02-14 10:52:54,981:INFO:alt1
2020-02-14 10:52:54,981:INFO:alt1
2020-02-14 10:52:54,981:INFO:alt1
2020-02-14 10:52:54,981:INFO:alt1
2020-02-14 10:52:54,981:INFO:alt1
2020-02-14 10:52:54,981:INFO:alt1
2020-02-14 10:52:54,981:INFO:alt1
2020-02-14 10:52:54,981:INFO:alt1
2020-02-14 10:52:54,981:INFO:alt1
2020-02-14 10:52:54,981:INFO:alt1
2020-02-14 10:52:54,981:INFO:alt1
2020-02-14 10:52:54,981:INFO:alt1
2020-02-14 10:52:54,981:INFO:alt1
2020-02-14 10:52:54,981:INFO:alt1
2020-02-14 10:52:54,981:INFO:alt1
2020-02-14 10:52:54,981:INFO:alt1
2020-02-14 10:52:54,981:INFO:alt1
2020-02-14 10:52:54,981:INFO:alt1
2020-02-14 10:53:06,286:INFO:ДУГААРАА СОНГОЖ БУЙ ХЭСЭГ
2020-02-14 10:53:06,286:INFO:2
2020-02-14 10:53:06,292:INFO:['8312', '8313', '8314', '8315', '8316', '8317', '8318', '8319', '9312', '9313', '9314', '9315', '9316', '9317', '9318', '9319', '9320', '9321', '9322', '9323', '9324', '9325', '9326', '9327', '9328', '9329', '9330', '9331', '9332', '9333', '9334', '9335', '9336', '9337', '9338', '9339', '9340', '9341', '9342', '9343', '9344', '9345', '9346', '9347', '9712', '9713', '9714', '9715', '9716', '9717', '9718', '9719', '9812', '9813', '9814', '9815', '9816', '9817', '9818', '9819', '9820', '9821', '9822', '9823', '9824', '9825', '9826', '9827', '9828', '9829', '9830', '9831', '9832', '9833', '9837', '9838', '9842', '9843', '9847', '9848', '9851', '9856', '9859', '9860', '9861', '9862', '9863', '9864', '9865', '9866', '9867', '9870', '9880', '9881', '9882', '9883', '9884', '9885', '9886', '9887', '9888', '9889', '9890', '9891', '9892', '9893', '9894', '9895', '9896', '9897', '9898', '9899']
2020-02-14 10:53:09,735:INFO:ДУГААРАА СОНГОЖ БУЙ ХЭСЭГ
2020-02-14 10:53:09,735:INFO:2
2020-02-14 10:53:09,741:INFO:['8312', '8313', '8314', '8315', '8316', '8317', '8318', '8319', '9312', '9313', '9314', '9315', '9316', '9317', '9318', '9319', '9320', '9321', '9322', '9323', '9324', '9325', '9326', '9327', '9328', '9329', '9330', '9331', '9332', '9333', '9334', '9335', '9336', '9337', '9338', '9339', '9340', '9341', '9342', '9343', '9344', '9345', '9346', '9347', '9712', '9713', '9714', '9715', '9716', '9717', '9718', '9719', '9812', '9813', '9814', '9815', '9816', '9817', '9818', '9819', '9820', '9821', '9822', '9823', '9824', '9825', '9826', '9827', '9828', '9829', '9830', '9831', '9832', '9833', '9837', '9838', '9842', '9843', '9847', '9848', '9851', '9856', '9859', '9860', '9861', '9862', '9863', '9864', '9865', '9866', '9867', '9870', '9880', '9881', '9882', '9883', '9884', '9885', '9886', '9887', '9888', '9889', '9890', '9891', '9892', '9893', '9894', '9895', '9896', '9897', '9898', '9899']
2020-02-14 10:53:10,334:INFO:------------------------------------------------------------------------------------------------
2020-02-14 10:53:11,594:INFO:az: 5
2020-02-14 10:53:13,580:INFO:98046666:5|98142222:5|98143333:5|98152222:5|98154444:5|98162222:5|98163333:5|98164444:5|98174444:5|98176666:5|98192222:5|98213333:5|98214444:5|98243333:5|98246666:5|98253333:5|98254444:5|98263333:5|98264444:5|98273333:5|98274444:5|98276666:5|98293333:5|98294444:5|98296666:5|98302222:5|98304444:5|98314444:5|98317777:5|98324444:5|98326666:5|98327777:5|98370000:5|98372222:5|98373333:5|98374444:5|98375555:5|98376666:5|98423333:5|98426666:5|98432222:5|98436666:5|98450000:5|98452222:5|98453333:5|98456666:5|98457777:5|98462222:5|98463333:5|98467777:5|98470000:5|98472222:5|98473333:5|98475555:5|98476666:5|98483333:5|98498888:5|98507777:5|98513333:5|98514444:5|98516666:5|98526666:5|98528888:5|98530000:5|98541111:5|98562222:5|98564444:5|98571111:5|98592222:5|98593333:5|98594444:5|98603333:5|98604444:5|98613333:5|98623333:5|98632222:5|98634444:5|98640000:5|98642222:5|98643333:5|98652222:5|98653333:5|98654444:5|98673333:5|98674444:5|98702222:5|98704444:5|98834444:5|98924444:5|98932222:5|98946666:5|98952222:5|98953333:5
2020-02-14 10:53:13,778:INFO:alt1
2020-02-14 10:53:13,778:INFO:alt1
2020-02-14 10:53:13,778:INFO:alt1
2020-02-14 10:53:13,778:INFO:alt1
2020-02-14 10:53:13,778:INFO:alt1
2020-02-14 10:53:13,779:INFO:alt1
2020-02-14 10:53:13,779:INFO:alt1
2020-02-14 10:53:13,779:INFO:alt1
2020-02-14 10:53:13,779:INFO:alt1
2020-02-14 10:53:13,779:INFO:alt1
2020-02-14 10:53:13,779:INFO:alt1
2020-02-14 10:53:13,779:INFO:alt1
2020-02-14 10:53:13,779:INFO:alt1
2020-02-14 10:53:13,779:INFO:alt1
2020-02-14 10:53:13,779:INFO:alt1
2020-02-14 10:53:13,779:INFO:alt1
2020-02-14 10:53:13,779:INFO:alt1
2020-02-14 10:53:13,779:INFO:alt1
2020-02-14 10:53:13,779:INFO:alt1
2020-02-14 10:53:13,779:INFO:alt1
2020-02-14 10:53:13,779:INFO:alt1
2020-02-14 10:53:13,779:INFO:alt1
2020-02-14 10:53:13,779:INFO:alt1
2020-02-14 10:53:13,779:INFO:alt1
2020-02-14 10:53:13,779:INFO:alt1
2020-02-14 10:53:13,779:INFO:alt1
2020-02-14 10:53:13,779:INFO:alt1
2020-02-14 10:53:13,779:INFO:alt1
2020-02-14 10:53:13,780:INFO:alt1
2020-02-14 10:53:13,780:INFO:alt1
2020-02-14 10:53:13,780:INFO:alt1
2020-02-14 10:53:13,780:INFO:alt1
2020-02-14 10:53:13,780:INFO:alt1
2020-02-14 10:53:13,780:INFO:alt1
2020-02-14 10:53:13,780:INFO:alt1
2020-02-14 10:53:13,780:INFO:alt1
2020-02-14 10:53:13,780:INFO:alt1
2020-02-14 10:53:13,780:INFO:alt1
2020-02-14 10:53:13,780:INFO:alt1
2020-02-14 10:53:13,780:INFO:alt1
2020-02-14 10:53:13,780:INFO:alt1
2020-02-14 10:53:13,780:INFO:alt1
2020-02-14 10:53:13,780:INFO:alt1
2020-02-14 10:53:13,780:INFO:alt1
2020-02-14 10:53:13,780:INFO:alt1
2020-02-14 10:53:13,780:INFO:alt1
2020-02-14 10:53:13,780:INFO:alt1
2020-02-14 10:53:13,780:INFO:alt1
2020-02-14 10:53:13,780:INFO:alt1
2020-02-14 10:53:13,780:INFO:alt1
2020-02-14 10:53:13,780:INFO:alt1
2020-02-14 10:53:13,780:INFO:alt1
2020-02-14 10:53:13,780:INFO:alt1
2020-02-14 10:53:13,780:INFO:alt1
2020-02-14 10:53:13,781:INFO:alt1
2020-02-14 10:53:13,781:INFO:alt1
2020-02-14 10:53:13,781:INFO:alt1
2020-02-14 10:53:13,781:INFO:alt1
2020-02-14 10:53:13,781:INFO:alt1
2020-02-14 10:53:13,781:INFO:alt1
2020-02-14 10:53:13,781:INFO:alt1
2020-02-14 10:53:13,781:INFO:alt1
2020-02-14 10:53:13,781:INFO:alt1
2020-02-14 10:53:13,781:INFO:alt1
2020-02-14 10:53:13,781:INFO:alt1
2020-02-14 10:53:13,781:INFO:alt1
2020-02-14 10:53:13,781:INFO:alt1
2020-02-14 10:53:13,781:INFO:alt1
2020-02-14 10:53:13,781:INFO:alt1
2020-02-14 10:53:13,781:INFO:alt1
2020-02-14 10:53:13,781:INFO:alt1
2020-02-14 10:53:13,781:INFO:alt1
2020-02-14 10:53:13,781:INFO:alt1
2020-02-14 10:53:13,781:INFO:alt1
2020-02-14 10:53:13,781:INFO:alt1
2020-02-14 10:53:13,781:INFO:alt1
2020-02-14 10:53:13,781:INFO:alt1
2020-02-14 10:53:15,608:INFO:az: 5
2020-02-14 10:53:15,790:INFO:ДУГААРАА СОНГОЖ БУЙ ХЭСЭГ
2020-02-14 10:53:15,790:INFO:7
2020-02-14 10:53:15,795:INFO:['8300', '8301', '8302', '8303', '8304', '8305', '8306', '8307', '8308', '8309', '8310', '8311', '9300', '9301', '9302', '9303', '9304', '9305', '9306', '9307', '9308', '9309', '9310', '9311', '9700', '9701', '9702', '9703', '9704', '9705', '9706', '9707', '9708', '9709', '9710', '9711', '9800', '9801', '9802', '9803', '9804', '9805', '9806', '9807', '9808', '9809', '9810', '9811']
2020-02-14 10:53:16,333:INFO:az: 5
2020-02-14 10:53:16,567:INFO:az: 5
2020-02-14 10:53:16,720:WARNING:Not Found: /favicon.ico
2020-02-14 10:53:16,835:INFO:az: 5
2020-02-14 10:53:17,489:INFO:az: 5
2020-02-14 10:53:17,575:INFO:98046666:5|98142222:5|98143333:5|98152222:5|98154444:5|98162222:5|98163333:5|98164444:5|98174444:5|98176666:5|98192222:5|98213333:5|98214444:5|98243333:5|98246666:5|98253333:5|98254444:5|98263333:5|98264444:5|98273333:5|98274444:5|98276666:5|98293333:5|98294444:5|98296666:5|98302222:5|98304444:5|98314444:5|98317777:5|98324444:5|98326666:5|98327777:5|98370000:5|98372222:5|98373333:5|98374444:5|98375555:5|98376666:5|98423333:5|98426666:5|98432222:5|98436666:5|98450000:5|98452222:5|98453333:5|98456666:5|98457777:5|98462222:5|98463333:5|98467777:5|98470000:5|98472222:5|98473333:5|98475555:5|98476666:5|98483333:5|98498888:5|98507777:5|98513333:5|98514444:5|98516666:5|98526666:5|98528888:5|98530000:5|98541111:5|98562222:5|98564444:5|98571111:5|98592222:5|98593333:5|98594444:5|98603333:5|98604444:5|98613333:5|98623333:5|98632222:5|98634444:5|98640000:5|98642222:5|98643333:5|98652222:5|98653333:5|98654444:5|98673333:5|98674444:5|98702222:5|98704444:5|98834444:5|98924444:5|98932222:5|98946666:5|98952222:5|98953333:5
2020-02-14 10:53:17,775:INFO:alt1
2020-02-14 10:53:17,775:INFO:alt1
2020-02-14 10:53:17,775:INFO:alt1
2020-02-14 10:53:17,775:INFO:alt1
2020-02-14 10:53:17,775:INFO:alt1
2020-02-14 10:53:17,775:INFO:alt1
2020-02-14 10:53:17,775:INFO:alt1
2020-02-14 10:53:17,775:INFO:alt1
2020-02-14 10:53:17,775:INFO:alt1
2020-02-14 10:53:17,776:INFO:alt1
2020-02-14 10:53:17,776:INFO:alt1
2020-02-14 10:53:17,776:INFO:alt1
2020-02-14 10:53:17,776:INFO:alt1
2020-02-14 10:53:17,776:INFO:alt1
2020-02-14 10:53:17,776:INFO:alt1
2020-02-14 10:53:17,776:INFO:alt1
2020-02-14 10:53:17,776:INFO:alt1
2020-02-14 10:53:17,776:INFO:alt1
2020-02-14 10:53:17,776:INFO:alt1
2020-02-14 10:53:17,776:INFO:alt1
2020-02-14 10:53:17,776:INFO:alt1
2020-02-14 10:53:17,776:INFO:alt1
2020-02-14 10:53:17,776:INFO:alt1
2020-02-14 10:53:17,776:INFO:alt1
2020-02-14 10:53:17,776:INFO:alt1
2020-02-14 10:53:17,776:INFO:alt1
2020-02-14 10:53:17,776:INFO:alt1
2020-02-14 10:53:17,776:INFO:alt1
2020-02-14 10:53:17,776:INFO:alt1
2020-02-14 10:53:17,776:INFO:alt1
2020-02-14 10:53:17,776:INFO:alt1
2020-02-14 10:53:17,776:INFO:alt1
2020-02-14 10:53:17,776:INFO:alt1
2020-02-14 10:53:17,776:INFO:alt1
2020-02-14 10:53:17,776:INFO:alt1
2020-02-14 10:53:17,776:INFO:alt1
2020-02-14 10:53:17,777:INFO:alt1
2020-02-14 10:53:17,777:INFO:alt1
2020-02-14 10:53:17,777:INFO:alt1
2020-02-14 10:53:17,777:INFO:alt1
2020-02-14 10:53:17,777:INFO:alt1
2020-02-14 10:53:17,777:INFO:alt1
2020-02-14 10:53:17,777:INFO:alt1
2020-02-14 10:53:17,777:INFO:alt1
2020-02-14 10:53:17,777:INFO:alt1
2020-02-14 10:53:17,777:INFO:alt1
2020-02-14 10:53:17,777:INFO:alt1
2020-02-14 10:53:17,777:INFO:alt1
2020-02-14 10:53:17,777:INFO:alt1
2020-02-14 10:53:17,777:INFO:alt1
2020-02-14 10:53:17,777:INFO:alt1
2020-02-14 10:53:17,777:INFO:alt1
2020-02-14 10:53:17,777:INFO:alt1
2020-02-14 10:53:17,777:INFO:alt1
2020-02-14 10:53:17,777:INFO:alt1
2020-02-14 10:53:17,777:INFO:alt1
2020-02-14 10:53:17,777:INFO:alt1
2020-02-14 10:53:17,777:INFO:alt1
2020-02-14 10:53:17,777:INFO:alt1
2020-02-14 10:53:17,777:INFO:alt1
2020-02-14 10:53:17,777:INFO:alt1
2020-02-14 10:53:17,777:INFO:alt1
2020-02-14 10:53:17,777:INFO:alt1
2020-02-14 10:53:17,777:INFO:alt1
2020-02-14 10:53:17,778:INFO:alt1
2020-02-14 10:53:17,778:INFO:alt1
2020-02-14 10:53:17,778:INFO:alt1
2020-02-14 10:53:17,778:INFO:alt1
2020-02-14 10:53:17,778:INFO:alt1
2020-02-14 10:53:17,778:INFO:alt1
2020-02-14 10:53:17,778:INFO:alt1
2020-02-14 10:53:17,778:INFO:alt1
2020-02-14 10:53:17,778:INFO:alt1
2020-02-14 10:53:17,778:INFO:alt1
2020-02-14 10:53:17,778:INFO:alt1
2020-02-14 10:53:17,778:INFO:alt1
2020-02-14 10:53:17,778:INFO:alt1
2020-02-14 10:53:18,168:INFO:98046666:5|98142222:5|98143333:5|98152222:5|98154444:5|98162222:5|98163333:5|98164444:5|98174444:5|98176666:5|98192222:5|98213333:5|98214444:5|98243333:5|98246666:5|98253333:5|98254444:5|98263333:5|98264444:5|98273333:5|98274444:5|98276666:5|98293333:5|98294444:5|98296666:5|98302222:5|98304444:5|98314444:5|98317777:5|98324444:5|98326666:5|98327777:5|98370000:5|98372222:5|98373333:5|98374444:5|98375555:5|98376666:5|98423333:5|98426666:5|98432222:5|98436666:5|98450000:5|98452222:5|98453333:5|98456666:5|98457777:5|98462222:5|98463333:5|98467777:5|98470000:5|98472222:5|98473333:5|98475555:5|98476666:5|98483333:5|98498888:5|98507777:5|98513333:5|98514444:5|98516666:5|98526666:5|98528888:5|98530000:5|98541111:5|98562222:5|98564444:5|98571111:5|98592222:5|98593333:5|98594444:5|98603333:5|98604444:5|98613333:5|98623333:5|98632222:5|98634444:5|98640000:5|98642222:5|98643333:5|98652222:5|98653333:5|98654444:5|98673333:5|98674444:5|98702222:5|98704444:5|98834444:5|98924444:5|98932222:5|98946666:5|98952222:5|98953333:5
2020-02-14 10:53:18,367:INFO:alt1
2020-02-14 10:53:18,368:INFO:alt1
2020-02-14 10:53:18,368:INFO:alt1
2020-02-14 10:53:18,368:INFO:alt1
2020-02-14 10:53:18,368:INFO:alt1
2020-02-14 10:53:18,368:INFO:alt1
2020-02-14 10:53:18,368:INFO:alt1
2020-02-14 10:53:18,368:INFO:alt1
2020-02-14 10:53:18,368:INFO:alt1
2020-02-14 10:53:18,368:INFO:alt1
2020-02-14 10:53:18,368:INFO:alt1
2020-02-14 10:53:18,368:INFO:alt1
2020-02-14 10:53:18,368:INFO:alt1
2020-02-14 10:53:18,368:INFO:alt1
2020-02-14 10:53:18,368:INFO:alt1
2020-02-14 10:53:18,368:INFO:alt1
2020-02-14 10:53:18,368:INFO:alt1
2020-02-14 10:53:18,368:INFO:alt1
2020-02-14 10:53:18,368:INFO:alt1
2020-02-14 10:53:18,368:INFO:alt1
2020-02-14 10:53:18,368:INFO:alt1
2020-02-14 10:53:18,368:INFO:alt1
2020-02-14 10:53:18,368:INFO:alt1
2020-02-14 10:53:18,368:INFO:alt1
2020-02-14 10:53:18,368:INFO:alt1
2020-02-14 10:53:18,369:INFO:alt1
2020-02-14 10:53:18,369:INFO:alt1
2020-02-14 10:53:18,369:INFO:alt1
2020-02-14 10:53:18,369:INFO:alt1
2020-02-14 10:53:18,369:INFO:alt1
2020-02-14 10:53:18,369:INFO:alt1
2020-02-14 10:53:18,369:INFO:alt1
2020-02-14 10:53:18,369:INFO:alt1
2020-02-14 10:53:18,369:INFO:alt1
2020-02-14 10:53:18,369:INFO:alt1
2020-02-14 10:53:18,369:INFO:alt1
2020-02-14 10:53:18,369:INFO:alt1
2020-02-14 10:53:18,369:INFO:alt1
2020-02-14 10:53:18,369:INFO:alt1
2020-02-14 10:53:18,369:INFO:alt1
2020-02-14 10:53:18,369:INFO:alt1
2020-02-14 10:53:18,369:INFO:alt1
2020-02-14 10:53:18,369:INFO:alt1
2020-02-14 10:53:18,369:INFO:alt1
2020-02-14 10:53:18,369:INFO:alt1
2020-02-14 10:53:18,369:INFO:alt1
2020-02-14 10:53:18,369:INFO:alt1
2020-02-14 10:53:18,369:INFO:alt1
2020-02-14 10:53:18,369:INFO:alt1
2020-02-14 10:53:18,369:INFO:alt1
2020-02-14 10:53:18,369:INFO:alt1
2020-02-14 10:53:18,369:INFO:alt1
2020-02-14 10:53:18,370:INFO:alt1
2020-02-14 10:53:18,370:INFO:alt1
2020-02-14 10:53:18,370:INFO:alt1
2020-02-14 10:53:18,370:INFO:alt1
2020-02-14 10:53:18,370:INFO:alt1
2020-02-14 10:53:18,370:INFO:alt1
2020-02-14 10:53:18,370:INFO:alt1
2020-02-14 10:53:18,370:INFO:alt1
2020-02-14 10:53:18,370:INFO:alt1
2020-02-14 10:53:18,370:INFO:alt1
2020-02-14 10:53:18,370:INFO:alt1
2020-02-14 10:53:18,370:INFO:alt1
2020-02-14 10:53:18,370:INFO:alt1
2020-02-14 10:53:18,370:INFO:alt1
2020-02-14 10:53:18,370:INFO:alt1
2020-02-14 10:53:18,370:INFO:alt1
2020-02-14 10:53:18,370:INFO:alt1
2020-02-14 10:53:18,370:INFO:alt1
2020-02-14 10:53:18,370:INFO:alt1
2020-02-14 10:53:18,370:INFO:alt1
2020-02-14 10:53:18,370:INFO:alt1
2020-02-14 10:53:18,370:INFO:alt1
2020-02-14 10:53:18,370:INFO:alt1
2020-02-14 10:53:18,370:INFO:alt1
2020-02-14 10:53:18,370:INFO:alt1
2020-02-14 10:53:18,459:INFO:98046666:5|98142222:5|98143333:5|98152222:5|98154444:5|98162222:5|98163333:5|98164444:5|98174444:5|98176666:5|98192222:5|98213333:5|98214444:5|98243333:5|98246666:5|98253333:5|98254444:5|98263333:5|98264444:5|98273333:5|98274444:5|98276666:5|98293333:5|98294444:5|98296666:5|98302222:5|98304444:5|98314444:5|98317777:5|98324444:5|98326666:5|98327777:5|98370000:5|98372222:5|98373333:5|98374444:5|98375555:5|98376666:5|98423333:5|98426666:5|98432222:5|98436666:5|98450000:5|98452222:5|98453333:5|98456666:5|98457777:5|98462222:5|98463333:5|98467777:5|98470000:5|98472222:5|98473333:5|98475555:5|98476666:5|98483333:5|98498888:5|98507777:5|98513333:5|98514444:5|98516666:5|98526666:5|98528888:5|98530000:5|98541111:5|98562222:5|98564444:5|98571111:5|98592222:5|98593333:5|98594444:5|98603333:5|98604444:5|98613333:5|98623333:5|98632222:5|98634444:5|98640000:5|98642222:5|98643333:5|98652222:5|98653333:5|98654444:5|98673333:5|98674444:5|98702222:5|98704444:5|98834444:5|98924444:5|98932222:5|98946666:5|98952222:5|98953333:5
2020-02-14 10:53:18,658:INFO:alt1
2020-02-14 10:53:18,658:INFO:alt1
2020-02-14 10:53:18,658:INFO:alt1
2020-02-14 10:53:18,658:INFO:alt1
2020-02-14 10:53:18,658:INFO:alt1
2020-02-14 10:53:18,658:INFO:alt1
2020-02-14 10:53:18,658:INFO:alt1
2020-02-14 10:53:18,658:INFO:alt1
2020-02-14 10:53:18,658:INFO:alt1
2020-02-14 10:53:18,658:INFO:alt1
2020-02-14 10:53:18,658:INFO:alt1
2020-02-14 10:53:18,658:INFO:alt1
2020-02-14 10:53:18,658:INFO:alt1
2020-02-14 10:53:18,658:INFO:alt1
2020-02-14 10:53:18,658:INFO:alt1
2020-02-14 10:53:18,658:INFO:alt1
2020-02-14 10:53:18,659:INFO:alt1
2020-02-14 10:53:18,659:INFO:alt1
2020-02-14 10:53:18,659:INFO:alt1
2020-02-14 10:53:18,659:INFO:alt1
2020-02-14 10:53:18,659:INFO:alt1
2020-02-14 10:53:18,659:INFO:alt1
2020-02-14 10:53:18,659:INFO:alt1
2020-02-14 10:53:18,659:INFO:alt1
2020-02-14 10:53:18,659:INFO:alt1
2020-02-14 10:53:18,659:INFO:alt1
2020-02-14 10:53:18,659:INFO:alt1
2020-02-14 10:53:18,659:INFO:alt1
2020-02-14 10:53:18,659:INFO:alt1
2020-02-14 10:53:18,659:INFO:alt1
2020-02-14 10:53:18,659:INFO:alt1
2020-02-14 10:53:18,659:INFO:alt1
2020-02-14 10:53:18,659:INFO:alt1
2020-02-14 10:53:18,659:INFO:alt1
2020-02-14 10:53:18,659:INFO:alt1
2020-02-14 10:53:18,659:INFO:alt1
2020-02-14 10:53:18,659:INFO:alt1
2020-02-14 10:53:18,659:INFO:alt1
2020-02-14 10:53:18,659:INFO:alt1
2020-02-14 10:53:18,659:INFO:alt1
2020-02-14 10:53:18,659:INFO:alt1
2020-02-14 10:53:18,659:INFO:alt1
2020-02-14 10:53:18,660:INFO:alt1
2020-02-14 10:53:18,660:INFO:alt1
2020-02-14 10:53:18,660:INFO:alt1
2020-02-14 10:53:18,660:INFO:alt1
2020-02-14 10:53:18,660:INFO:alt1
2020-02-14 10:53:18,660:INFO:alt1
2020-02-14 10:53:18,660:INFO:alt1
2020-02-14 10:53:18,660:INFO:alt1
2020-02-14 10:53:18,660:INFO:alt1
2020-02-14 10:53:18,660:INFO:alt1
2020-02-14 10:53:18,660:INFO:alt1
2020-02-14 10:53:18,660:INFO:alt1
2020-02-14 10:53:18,660:INFO:alt1
2020-02-14 10:53:18,660:INFO:alt1
2020-02-14 10:53:18,660:INFO:alt1
2020-02-14 10:53:18,660:INFO:alt1
2020-02-14 10:53:18,660:INFO:alt1
2020-02-14 10:53:18,660:INFO:alt1
2020-02-14 10:53:18,660:INFO:alt1
2020-02-14 10:53:18,660:INFO:alt1
2020-02-14 10:53:18,660:INFO:alt1
2020-02-14 10:53:18,660:INFO:alt1
2020-02-14 10:53:18,660:INFO:alt1
2020-02-14 10:53:18,660:INFO:alt1
2020-02-14 10:53:18,660:INFO:alt1
2020-02-14 10:53:18,660:INFO:alt1
2020-02-14 10:53:18,661:INFO:alt1
2020-02-14 10:53:18,661:INFO:alt1
2020-02-14 10:53:18,661:INFO:alt1
2020-02-14 10:53:18,661:INFO:alt1
2020-02-14 10:53:18,661:INFO:alt1
2020-02-14 10:53:18,661:INFO:alt1
2020-02-14 10:53:18,661:INFO:alt1
2020-02-14 10:53:18,661:INFO:alt1
2020-02-14 10:53:18,661:INFO:alt1
2020-02-14 10:53:19,002:INFO:98046666:5|98142222:5|98143333:5|98152222:5|98154444:5|98162222:5|98163333:5|98164444:5|98174444:5|98176666:5|98192222:5|98213333:5|98214444:5|98243333:5|98246666:5|98253333:5|98254444:5|98263333:5|98264444:5|98273333:5|98274444:5|98276666:5|98293333:5|98294444:5|98296666:5|98302222:5|98304444:5|98314444:5|98317777:5|98324444:5|98326666:5|98327777:5|98370000:5|98372222:5|98373333:5|98374444:5|98375555:5|98376666:5|98423333:5|98426666:5|98432222:5|98436666:5|98450000:5|98452222:5|98453333:5|98456666:5|98457777:5|98462222:5|98463333:5|98467777:5|98470000:5|98472222:5|98473333:5|98475555:5|98476666:5|98483333:5|98498888:5|98507777:5|98513333:5|98514444:5|98516666:5|98526666:5|98528888:5|98530000:5|98541111:5|98562222:5|98564444:5|98571111:5|98592222:5|98593333:5|98594444:5|98603333:5|98604444:5|98613333:5|98623333:5|98632222:5|98634444:5|98640000:5|98642222:5|98643333:5|98652222:5|98653333:5|98654444:5|98673333:5|98674444:5|98702222:5|98704444:5|98834444:5|98924444:5|98932222:5|98946666:5|98952222:5|98953333:5
2020-02-14 10:53:19,216:INFO:alt1
2020-02-14 10:53:19,216:INFO:alt1
2020-02-14 10:53:19,216:INFO:alt1
2020-02-14 10:53:19,216:INFO:alt1
2020-02-14 10:53:19,217:INFO:alt1
2020-02-14 10:53:19,217:INFO:alt1
2020-02-14 10:53:19,217:INFO:alt1
2020-02-14 10:53:19,217:INFO:alt1
2020-02-14 10:53:19,217:INFO:alt1
2020-02-14 10:53:19,217:INFO:alt1
2020-02-14 10:53:19,217:INFO:alt1
2020-02-14 10:53:19,217:INFO:alt1
2020-02-14 10:53:19,217:INFO:alt1
2020-02-14 10:53:19,217:INFO:alt1
2020-02-14 10:53:19,217:INFO:alt1
2020-02-14 10:53:19,217:INFO:alt1
2020-02-14 10:53:19,217:INFO:alt1
2020-02-14 10:53:19,217:INFO:alt1
2020-02-14 10:53:19,217:INFO:alt1
2020-02-14 10:53:19,217:INFO:alt1
2020-02-14 10:53:19,217:INFO:alt1
2020-02-14 10:53:19,217:INFO:alt1
2020-02-14 10:53:19,217:INFO:alt1
2020-02-14 10:53:19,217:INFO:alt1
2020-02-14 10:53:19,217:INFO:alt1
2020-02-14 10:53:19,217:INFO:alt1
2020-02-14 10:53:19,217:INFO:alt1
2020-02-14 10:53:19,217:INFO:alt1
2020-02-14 10:53:19,217:INFO:alt1
2020-02-14 10:53:19,218:INFO:alt1
2020-02-14 10:53:19,218:INFO:alt1
2020-02-14 10:53:19,218:INFO:alt1
2020-02-14 10:53:19,218:INFO:alt1
2020-02-14 10:53:19,218:INFO:alt1
2020-02-14 10:53:19,218:INFO:alt1
2020-02-14 10:53:19,218:INFO:alt1
2020-02-14 10:53:19,218:INFO:alt1
2020-02-14 10:53:19,218:INFO:alt1
2020-02-14 10:53:19,218:INFO:alt1
2020-02-14 10:53:19,218:INFO:alt1
2020-02-14 10:53:19,218:INFO:alt1
2020-02-14 10:53:19,218:INFO:alt1
2020-02-14 10:53:19,218:INFO:alt1
2020-02-14 10:53:19,218:INFO:alt1
2020-02-14 10:53:19,218:INFO:alt1
2020-02-14 10:53:19,218:INFO:alt1
2020-02-14 10:53:19,218:INFO:alt1
2020-02-14 10:53:19,218:INFO:alt1
2020-02-14 10:53:19,218:INFO:alt1
2020-02-14 10:53:19,218:INFO:alt1
2020-02-14 10:53:19,218:INFO:alt1
2020-02-14 10:53:19,218:INFO:alt1
2020-02-14 10:53:19,218:INFO:alt1
2020-02-14 10:53:19,219:INFO:alt1
2020-02-14 10:53:19,219:INFO:alt1
2020-02-14 10:53:19,219:INFO:alt1
2020-02-14 10:53:19,219:INFO:alt1
2020-02-14 10:53:19,219:INFO:alt1
2020-02-14 10:53:19,219:INFO:alt1
2020-02-14 10:53:19,219:INFO:alt1
2020-02-14 10:53:19,219:INFO:alt1
2020-02-14 10:53:19,219:INFO:alt1
2020-02-14 10:53:19,219:INFO:alt1
2020-02-14 10:53:19,219:INFO:alt1
2020-02-14 10:53:19,219:INFO:alt1
2020-02-14 10:53:19,219:INFO:alt1
2020-02-14 10:53:19,219:INFO:alt1
2020-02-14 10:53:19,219:INFO:alt1
2020-02-14 10:53:19,219:INFO:alt1
2020-02-14 10:53:19,219:INFO:alt1
2020-02-14 10:53:19,219:INFO:alt1
2020-02-14 10:53:19,219:INFO:alt1
2020-02-14 10:53:19,219:INFO:alt1
2020-02-14 10:53:19,219:INFO:alt1
2020-02-14 10:53:19,219:INFO:alt1
2020-02-14 10:53:19,219:INFO:alt1
2020-02-14 10:53:19,219:INFO:alt1
2020-02-14 10:53:19,547:INFO:98046666:5|98142222:5|98143333:5|98152222:5|98154444:5|98162222:5|98163333:5|98164444:5|98174444:5|98176666:5|98192222:5|98213333:5|98214444:5|98243333:5|98246666:5|98253333:5|98254444:5|98263333:5|98264444:5|98273333:5|98274444:5|98276666:5|98293333:5|98294444:5|98296666:5|98302222:5|98304444:5|98314444:5|98317777:5|98324444:5|98326666:5|98327777:5|98370000:5|98372222:5|98373333:5|98374444:5|98375555:5|98376666:5|98423333:5|98426666:5|98432222:5|98436666:5|98450000:5|98452222:5|98453333:5|98456666:5|98457777:5|98462222:5|98463333:5|98467777:5|98470000:5|98472222:5|98473333:5|98475555:5|98476666:5|98483333:5|98498888:5|98507777:5|98513333:5|98514444:5|98516666:5|98526666:5|98528888:5|98530000:5|98541111:5|98562222:5|98564444:5|98571111:5|98592222:5|98593333:5|98594444:5|98603333:5|98604444:5|98613333:5|98623333:5|98632222:5|98634444:5|98640000:5|98642222:5|98643333:5|98652222:5|98653333:5|98654444:5|98673333:5|98674444:5|98702222:5|98704444:5|98834444:5|98924444:5|98932222:5|98946666:5|98952222:5|98953333:5
2020-02-14 10:53:19,745:INFO:alt1
2020-02-14 10:53:19,745:INFO:alt1
2020-02-14 10:53:19,745:INFO:alt1
2020-02-14 10:53:19,745:INFO:alt1
2020-02-14 10:53:19,745:INFO:alt1
2020-02-14 10:53:19,745:INFO:alt1
2020-02-14 10:53:19,745:INFO:alt1
2020-02-14 10:53:19,745:INFO:alt1
2020-02-14 10:53:19,745:INFO:alt1
2020-02-14 10:53:19,745:INFO:alt1
2020-02-14 10:53:19,745:INFO:alt1
2020-02-14 10:53:19,745:INFO:alt1
2020-02-14 10:53:19,746:INFO:alt1
2020-02-14 10:53:19,746:INFO:alt1
2020-02-14 10:53:19,746:INFO:alt1
2020-02-14 10:53:19,746:INFO:alt1
2020-02-14 10:53:19,746:INFO:alt1
2020-02-14 10:53:19,746:INFO:alt1
2020-02-14 10:53:19,746:INFO:alt1
2020-02-14 10:53:19,746:INFO:alt1
2020-02-14 10:53:19,746:INFO:alt1
2020-02-14 10:53:19,746:INFO:alt1
2020-02-14 10:53:19,746:INFO:alt1
2020-02-14 10:53:19,746:INFO:alt1
2020-02-14 10:53:19,746:INFO:alt1
2020-02-14 10:53:19,746:INFO:alt1
2020-02-14 10:53:19,746:INFO:alt1
2020-02-14 10:53:19,746:INFO:alt1
2020-02-14 10:53:19,746:INFO:alt1
2020-02-14 10:53:19,746:INFO:alt1
2020-02-14 10:53:19,746:INFO:alt1
2020-02-14 10:53:19,746:INFO:alt1
2020-02-14 10:53:19,746:INFO:alt1
2020-02-14 10:53:19,746:INFO:alt1
2020-02-14 10:53:19,746:INFO:alt1
2020-02-14 10:53:19,746:INFO:alt1
2020-02-14 10:53:19,746:INFO:alt1
2020-02-14 10:53:19,746:INFO:alt1
2020-02-14 10:53:19,746:INFO:alt1
2020-02-14 10:53:19,746:INFO:alt1
2020-02-14 10:53:19,747:INFO:alt1
2020-02-14 10:53:19,747:INFO:alt1
2020-02-14 10:53:19,747:INFO:alt1
2020-02-14 10:53:19,747:INFO:alt1
2020-02-14 10:53:19,747:INFO:alt1
2020-02-14 10:53:19,747:INFO:alt1
2020-02-14 10:53:19,747:INFO:alt1
2020-02-14 10:53:19,747:INFO:alt1
2020-02-14 10:53:19,747:INFO:alt1
2020-02-14 10:53:19,747:INFO:alt1
2020-02-14 10:53:19,747:INFO:alt1
2020-02-14 10:53:19,747:INFO:alt1
2020-02-14 10:53:19,747:INFO:alt1
2020-02-14 10:53:19,747:INFO:alt1
2020-02-14 10:53:19,747:INFO:alt1
2020-02-14 10:53:19,747:INFO:alt1
2020-02-14 10:53:19,747:INFO:alt1
2020-02-14 10:53:19,747:INFO:alt1
2020-02-14 10:53:19,747:INFO:alt1
2020-02-14 10:53:19,747:INFO:alt1
2020-02-14 10:53:19,747:INFO:alt1
2020-02-14 10:53:19,747:INFO:alt1
2020-02-14 10:53:19,747:INFO:alt1
2020-02-14 10:53:19,747:INFO:alt1
2020-02-14 10:53:19,747:INFO:alt1
2020-02-14 10:53:19,747:INFO:alt1
2020-02-14 10:53:19,747:INFO:alt1
2020-02-14 10:53:19,748:INFO:alt1
2020-02-14 10:53:19,748:INFO:alt1
2020-02-14 10:53:19,748:INFO:alt1
2020-02-14 10:53:19,748:INFO:alt1
2020-02-14 10:53:19,748:INFO:alt1
2020-02-14 10:53:19,748:INFO:alt1
2020-02-14 10:53:19,748:INFO:alt1
2020-02-14 10:53:19,748:INFO:alt1
2020-02-14 10:53:19,748:INFO:alt1
2020-02-14 10:53:19,748:INFO:alt1
2020-02-14 10:53:23,157:INFO:------------------------------------------------------------------------------------------------
2020-02-14 10:53:25,565:INFO:ДУГААРАА СОНГОЖ БУЙ ХЭСЭГ
2020-02-14 10:53:25,565:INFO:2
2020-02-14 10:53:25,572:INFO:['8312', '8313', '8314', '8315', '8316', '8317', '8318', '8319', '9312', '9313', '9314', '9315', '9316', '9317', '9318', '9319', '9320', '9321', '9322', '9323', '9324', '9325', '9326', '9327', '9328', '9329', '9330', '9331', '9332', '9333', '9334', '9335', '9336', '9337', '9338', '9339', '9340', '9341', '9342', '9343', '9344', '9345', '9346', '9347', '9712', '9713', '9714', '9715', '9716', '9717', '9718', '9719', '9812', '9813', '9814', '9815', '9816', '9817', '9818', '9819', '9820', '9821', '9822', '9823', '9824', '9825', '9826', '9827', '9828', '9829', '9830', '9831', '9832', '9833', '9837', '9838', '9842', '9843', '9847', '9848', '9851', '9856', '9859', '9860', '9861', '9862', '9863', '9864', '9865', '9866', '9867', '9870', '9880', '9881', '9882', '9883', '9884', '9885', '9886', '9887', '9888', '9889', '9890', '9891', '9892', '9893', '9894', '9895', '9896', '9897', '9898', '9899']
2020-02-14 10:53:28,908:INFO:az: 5
2020-02-14 10:53:30,824:INFO:98046666:5|98142222:5|98143333:5|98152222:5|98154444:5|98162222:5|98163333:5|98164444:5|98174444:5|98176666:5|98192222:5|98213333:5|98214444:5|98243333:5|98246666:5|98253333:5|98254444:5|98263333:5|98264444:5|98273333:5|98274444:5|98276666:5|98293333:5|98294444:5|98296666:5|98302222:5|98304444:5|98314444:5|98317777:5|98324444:5|98326666:5|98327777:5|98370000:5|98372222:5|98373333:5|98374444:5|98375555:5|98376666:5|98423333:5|98426666:5|98432222:5|98436666:5|98450000:5|98452222:5|98453333:5|98456666:5|98457777:5|98462222:5|98463333:5|98467777:5|98470000:5|98472222:5|98473333:5|98475555:5|98476666:5|98483333:5|98498888:5|98507777:5|98513333:5|98514444:5|98516666:5|98526666:5|98528888:5|98530000:5|98541111:5|98562222:5|98564444:5|98571111:5|98592222:5|98593333:5|98594444:5|98603333:5|98604444:5|98613333:5|98623333:5|98632222:5|98634444:5|98640000:5|98642222:5|98643333:5|98652222:5|98653333:5|98654444:5|98673333:5|98674444:5|98702222:5|98704444:5|98834444:5|98924444:5|98932222:5|98946666:5|98952222:5|98953333:5
2020-02-14 10:53:31,020:INFO:alt1
2020-02-14 10:53:31,020:INFO:alt1
2020-02-14 10:53:31,020:INFO:alt1
2020-02-14 10:53:31,020:INFO:alt1
2020-02-14 10:53:31,020:INFO:alt1
2020-02-14 10:53:31,020:INFO:alt1
2020-02-14 10:53:31,020:INFO:alt1
2020-02-14 10:53:31,020:INFO:alt1
2020-02-14 10:53:31,020:INFO:alt1
2020-02-14 10:53:31,020:INFO:alt1
2020-02-14 10:53:31,020:INFO:alt1
2020-02-14 10:53:31,020:INFO:alt1
2020-02-14 10:53:31,020:INFO:alt1
2020-02-14 10:53:31,020:INFO:alt1
2020-02-14 10:53:31,020:INFO:alt1
2020-02-14 10:53:31,020:INFO:alt1
2020-02-14 10:53:31,020:INFO:alt1
2020-02-14 10:53:31,020:INFO:alt1
2020-02-14 10:53:31,020:INFO:alt1
2020-02-14 10:53:31,020:INFO:alt1
2020-02-14 10:53:31,020:INFO:alt1
2020-02-14 10:53:31,021:INFO:alt1
2020-02-14 10:53:31,021:INFO:alt1
2020-02-14 10:53:31,021:INFO:alt1
2020-02-14 10:53:31,021:INFO:alt1
2020-02-14 10:53:31,021:INFO:alt1
2020-02-14 10:53:31,021:INFO:alt1
2020-02-14 10:53:31,021:INFO:alt1
2020-02-14 10:53:31,021:INFO:alt1
2020-02-14 10:53:31,021:INFO:alt1
2020-02-14 10:53:31,021:INFO:alt1
2020-02-14 10:53:31,021:INFO:alt1
2020-02-14 10:53:31,021:INFO:alt1
2020-02-14 10:53:31,021:INFO:alt1
2020-02-14 10:53:31,021:INFO:alt1
2020-02-14 10:53:31,021:INFO:alt1
2020-02-14 10:53:31,021:INFO:alt1
2020-02-14 10:53:31,021:INFO:alt1
2020-02-14 10:53:31,021:INFO:alt1
2020-02-14 10:53:31,021:INFO:alt1
2020-02-14 10:53:31,021:INFO:alt1
2020-02-14 10:53:31,021:INFO:alt1
2020-02-14 10:53:31,021:INFO:alt1
2020-02-14 10:53:31,021:INFO:alt1
2020-02-14 10:53:31,021:INFO:alt1
2020-02-14 10:53:31,021:INFO:alt1
2020-02-14 10:53:31,021:INFO:alt1
2020-02-14 10:53:31,021:INFO:alt1
2020-02-14 10:53:31,022:INFO:alt1
2020-02-14 10:53:31,022:INFO:alt1
2020-02-14 10:53:31,022:INFO:alt1
2020-02-14 10:53:31,022:INFO:alt1
2020-02-14 10:53:31,022:INFO:alt1
2020-02-14 10:53:31,022:INFO:alt1
2020-02-14 10:53:31,022:INFO:alt1
2020-02-14 10:53:31,022:INFO:alt1
2020-02-14 10:53:31,022:INFO:alt1
2020-02-14 10:53:31,022:INFO:alt1
2020-02-14 10:53:31,022:INFO:alt1
2020-02-14 10:53:31,022:INFO:alt1
2020-02-14 10:53:31,022:INFO:alt1
2020-02-14 10:53:31,022:INFO:alt1
2020-02-14 10:53:31,022:INFO:alt1
2020-02-14 10:53:31,022:INFO:alt1
2020-02-14 10:53:31,022:INFO:alt1
2020-02-14 10:53:31,022:INFO:alt1
2020-02-14 10:53:31,022:INFO:alt1
2020-02-14 10:53:31,022:INFO:alt1
2020-02-14 10:53:31,022:INFO:alt1
2020-02-14 10:53:31,022:INFO:alt1
2020-02-14 10:53:31,022:INFO:alt1
2020-02-14 10:53:31,022:INFO:alt1
2020-02-14 10:53:31,022:INFO:alt1
2020-02-14 10:53:31,022:INFO:alt1
2020-02-14 10:53:31,022:INFO:alt1
2020-02-14 10:53:31,023:INFO:alt1
2020-02-14 10:53:31,023:INFO:alt1
2020-02-14 11:19:39,605:INFO:------------------------------------------------------------------------------------------------
2020-02-14 11:19:40,296:INFO:------------------------------------------------------------------------------------------------
2020-02-14 12:34:17,926:INFO:------------------------------------------------------------------------------------------------
2020-02-14 12:34:40,950:WARNING:Not Found: /favicon.ico
2020-02-14 13:34:18,080:ERROR:Invalid HTTP_HOST header: u'DugaarShuult:8000'. You may need to add u'dugaarshuult' to ALLOWED_HOSTS.
2020-02-14 13:51:15,281:INFO:------------------------------------------------------------------------------------------------
2020-02-14 13:51:20,774:WARNING:Not Found: /favicon.ico
2020-02-14 13:51:30,194:INFO:ДУГААРАА СОНГОЖ БУЙ ХЭСЭГ
2020-02-14 13:51:30,194:INFO:7
2020-02-14 13:51:30,200:INFO:['8300', '8301', '8302', '8303', '8304', '8305', '8306', '8307', '8308', '8309', '8310', '8311', '9300', '9301', '9302', '9303', '9304', '9305', '9306', '9307', '9308', '9309', '9310', '9311', '9700', '9701', '9702', '9703', '9704', '9705', '9706', '9707', '9708', '9709', '9710', '9711', '9800', '9801', '9802', '9803', '9804', '9805', '9806', '9807', '9808', '9809', '9810', '9811']
2020-02-14 13:57:20,641:WARNING:Not Found: /
2020-02-14 14:37:36,916:WARNING:Not Found: /
2020-02-14 15:02:19,621:INFO:------------------------------------------------------------------------------------------------
2020-02-14 15:03:53,062:INFO:ДУГААРАА СОНГОЖ БУЙ ХЭСЭГ
2020-02-14 15:03:53,062:INFO:7
2020-02-14 15:03:53,068:INFO:['8300', '8301', '8302', '8303', '8304', '8305', '8306', '8307', '8308', '8309', '8310', '8311', '9300', '9301', '9302', '9303', '9304', '9305', '9306', '9307', '9308', '9309', '9310', '9311', '9700', '9701', '9702', '9703', '9704', '9705', '9706', '9707', '9708', '9709', '9710', '9711', '9800', '9801', '9802', '9803', '9804', '9805', '9806', '9807', '9808', '9809', '9810', '9811']
2020-02-14 15:03:53,530:WARNING:Not Found: /favicon.ico
2020-02-14 15:11:11,948:ERROR:Invalid HTTP_HOST header: u'DugaarShuult:8000'. You may need to add u'dugaarshuult' to ALLOWED_HOSTS.
2020-02-14 15:25:37,577:INFO:ДУГААРАА СОНГОЖ БУЙ ХЭСЭГ
2020-02-14 15:25:37,577:INFO:2
2020-02-14 15:25:37,584:INFO:['8312', '8313', '8314', '8315', '8316', '8317', '8318', '8319', '9312', '9313', '9314', '9315', '9316', '9317', '9318', '9319', '9320', '9321', '9322', '9323', '9324', '9325', '9326', '9327', '9328', '9329', '9330', '9331', '9332', '9333', '9334', '9335', '9336', '9337', '9338', '9339', '9340', '9341', '9342', '9343', '9344', '9345', '9346', '9347', '9712', '9713', '9714', '9715', '9716', '9717', '9718', '9719', '9812', '9813', '9814', '9815', '9816', '9817', '9818', '9819', '9820', '9821', '9822', '9823', '9824', '9825', '9826', '9827', '9828', '9829', '9830', '9831', '9832', '9833', '9837', '9838', '9842', '9843', '9847', '9848', '9851', '9856', '9859', '9860', '9861', '9862', '9863', '9864', '9865', '9866', '9867', '9870', '9880', '9881', '9882', '9883', '9884', '9885', '9886', '9887', '9888', '9889', '9890', '9891', '9892', '9893', '9894', '9895', '9896', '9897', '9898', '9899']
2020-02-14 15:25:50,073:INFO:az: 6
2020-02-14 15:25:51,196:INFO:az: 6
2020-02-14 15:25:51,473:INFO:98024999:6|98032999:6|98036999:6|98037999:6|98040999:6|98042999:6|98052999:6|98063999:6|98064999:6|98067999:6|98072999:6|98073999:6|98074999:6|98076999:6|98350999:6|98491999:6|98496999:6|98501999:6|98502999:6|98505999:6|98507999:6|98508999:6|98522999:6|98523999:6|98527999:6|98531999:6|98535999:6|98542999:6|98553999:6|98557999:6|98570999:6|98584999:6|98586999:6
2020-02-14 15:25:52,610:INFO:98024999:6|98032999:6|98036999:6|98037999:6|98040999:6|98042999:6|98052999:6|98063999:6|98064999:6|98067999:6|98072999:6|98073999:6|98074999:6|98076999:6|98350999:6|98491999:6|98496999:6|98501999:6|98502999:6|98505999:6|98507999:6|98508999:6|98522999:6|98523999:6|98527999:6|98531999:6|98535999:6|98542999:6|98553999:6|98557999:6|98570999:6|98584999:6|98586999:6
2020-02-14 15:25:58,102:INFO:az: 6
2020-02-14 15:25:59,442:INFO:az: 6
2020-02-14 15:25:59,522:INFO:97008999:6|97010999:6|97011999:6|97014999:6|97015999:6|97016999:6|97017999:6|97020999:6|97021999:6|97022999:6|97023999:6|97024999:6|97025999:6|97026999:6|97027999:6|97028999:6|97030999:6|97031999:6|97032999:6|97033999:6|97034999:6|97035999:6|97036999:6|97037999:6|97040999:6|97041999:6|97042999:6|97043999:6|97044999:6|97045999:6|97047999:6|97050999:6|97051999:6|97052999:6|97053999:6|97054999:6|97057999:6|97058999:6|97061999:6|97062999:6|97063999:6|97064999:6|97065999:6|97066999:6|97067999:6|97068999:6|97071999:6|97073999:6|97074999:6|97075999:6|97076999:6|97081999:6|97082999:6|97083999:6|97084999:6|97085999:6|97086999:6|97091999:6|97094999:6|97101999:6|97102999:6|97103999:6|97104999:6|97105999:6|97106999:6|97186999:6
2020-02-14 15:25:59,628:INFO:engiin
2020-02-14 15:26:00,785:INFO:97008999:6|97010999:6|97011999:6|97014999:6|97015999:6|97016999:6|97017999:6|97020999:6|97021999:6|97022999:6|97023999:6|97024999:6|97025999:6|97026999:6|97027999:6|97028999:6|97030999:6|97031999:6|97032999:6|97033999:6|97034999:6|97035999:6|97036999:6|97037999:6|97040999:6|97041999:6|97042999:6|97043999:6|97044999:6|97045999:6|97047999:6|97050999:6|97051999:6|97052999:6|97053999:6|97054999:6|97057999:6|97058999:6|97061999:6|97062999:6|97063999:6|97064999:6|97065999:6|97066999:6|97067999:6|97068999:6|97071999:6|97073999:6|97074999:6|97075999:6|97076999:6|97081999:6|97082999:6|97083999:6|97084999:6|97085999:6|97086999:6|97091999:6|97094999:6|97101999:6|97102999:6|97103999:6|97104999:6|97105999:6|97106999:6|97186999:6
2020-02-14 15:26:00,866:INFO:engiin
2020-02-14 15:26:06,070:INFO:az: 6
2020-02-14 15:26:07,464:INFO:93001999:6|93002999:6|93004999:6|93006999:6|93007999:6|93008999:6|93010999:6|93011999:6|93013999:6|93014999:6|93015999:6|93018999:6|93031999:6|93034999:6|93035999:6|93037999:6|93040999:6|93041999:6|93043999:6|93045999:6|93047999:6|93053999:6|93055999:6|93056999:6|93058999:6|93062999:6|93063999:6|93064999:6|93065999:6|93068999:6|93071999:6|93072999:6|93073999:6|93075999:6|93076999:6|93078999:6|93080999:6|93081999:6|93082999:6|93083999:6|93084999:6|93085999:6|93086999:6|93087999:6|93092999:6|93094999:6|93095999:6|93097999:6|93101999:6|93102999:6|93103999:6|93104999:6|93106999:6|93107999:6|93324999:6|93347999:6|93351999:6|93400999:6|93436999:6|93464999:6
2020-02-14 15:26:07,540:INFO:engiin
2020-02-14 15:26:07,541:INFO:engiin
2020-02-14 15:26:07,541:INFO:engiin
2020-02-14 15:26:07,541:INFO:engiin
2020-02-14 15:26:07,541:INFO:engiin
2020-02-14 15:26:07,541:INFO:engiin
2020-02-14 15:26:07,754:INFO:az: 6
2020-02-14 15:26:09,127:INFO:93001999:6|93002999:6|93004999:6|93006999:6|93007999:6|93008999:6|93010999:6|93011999:6|93013999:6|93014999:6|93015999:6|93018999:6|93031999:6|93034999:6|93035999:6|93037999:6|93040999:6|93041999:6|93043999:6|93045999:6|93047999:6|93053999:6|93055999:6|93056999:6|93058999:6|93062999:6|93063999:6|93064999:6|93065999:6|93068999:6|93071999:6|93072999:6|93073999:6|93075999:6|93076999:6|93078999:6|93080999:6|93081999:6|93082999:6|93083999:6|93084999:6|93085999:6|93086999:6|93087999:6|93092999:6|93094999:6|93095999:6|93097999:6|93101999:6|93102999:6|93103999:6|93104999:6|93106999:6|93107999:6|93324999:6|93347999:6|93351999:6|93400999:6|93436999:6|93464999:6
2020-02-14 15:26:09,206:INFO:engiin
2020-02-14 15:26:09,206:INFO:engiin
2020-02-14 15:26:09,206:INFO:engiin
2020-02-14 15:26:09,206:INFO:engiin
2020-02-14 15:26:09,206:INFO:engiin
2020-02-14 15:26:09,206:INFO:engiin
2020-02-14 15:26:50,721:INFO:az: 6
2020-02-14 15:26:51,527:INFO:83163999:6
2020-02-14 15:26:51,533:INFO:engiin
2020-02-14 15:26:55,515:INFO:az: 6
2020-02-14 15:26:56,680:INFO:83004999:6|83010999:6|83012999:6|83013999:6|83016999:6|83020999:6|83022999:6|83023999:6|83024999:6|83026999:6|83027999:6|83028999:6|83030999:6|83031999:6|83032999:6|83033999:6|83034999:6|83036999:6|83037999:6|83040999:6|83041999:6|83042999:6|83043999:6|83044999:6|83046999:6|83047999:6|83048999:6|83050999:6|83051999:6|83052999:6|83053999:6|83054999:6|83056999:6|83057999:6|83058999:6|83060999:6|83061999:6|83062999:6|83063999:6|83064999:6|83066999:6|83067999:6|83068999:6|83070999:6|83071999:6|83072999:6|83073999:6|83074999:6|83076999:6|83077999:6|83078999:6|83080999:6|83081999:6|83082999:6|83083999:6|83084999:6|83086999:6|83087999:6|83091999:6|83092999:6|83093999:6|83094999:6|83096999:6|83097999:6|83101999:6|83102999:6|83103999:6|83104999:6|83106999:6|83107999:6|83108999:6|83113999:6|83115999:6|83116999:6|83117999:6|83124999:6|83125999:6|83151999:6|83155999:6|83163999:6|83170999:6|83182999:6
2020-02-14 15:26:56,787:INFO:engiin
2020-02-14 15:26:56,787:INFO:engiin
2020-02-14 15:26:56,787:INFO:engiin
2020-02-14 15:26:56,787:INFO:engiin
2020-02-14 15:26:56,787:INFO:engiin
2020-02-14 15:26:56,787:INFO:engiin
2020-02-14 15:26:56,787:INFO:engiin
2020-02-14 15:26:56,963:INFO:az: 6
2020-02-14 15:26:58,109:INFO:83004999:6|83010999:6|83012999:6|83013999:6|83016999:6|83020999:6|83022999:6|83023999:6|83024999:6|83026999:6|83027999:6|83028999:6|83030999:6|83031999:6|83032999:6|83033999:6|83034999:6|83036999:6|83037999:6|83040999:6|83041999:6|83042999:6|83043999:6|83044999:6|83046999:6|83047999:6|83048999:6|83050999:6|83051999:6|83052999:6|83053999:6|83054999:6|83056999:6|83057999:6|83058999:6|83060999:6|83061999:6|83062999:6|83063999:6|83064999:6|83066999:6|83067999:6|83068999:6|83070999:6|83071999:6|83072999:6|83073999:6|83074999:6|83076999:6|83077999:6|83078999:6|83080999:6|83081999:6|83082999:6|83083999:6|83084999:6|83086999:6|83087999:6|83091999:6|83092999:6|83093999:6|83094999:6|83096999:6|83097999:6|83101999:6|83102999:6|83103999:6|83104999:6|83106999:6|83107999:6|83108999:6|83113999:6|83115999:6|83116999:6|83117999:6|83124999:6|83125999:6|83151999:6|83155999:6|83163999:6|83170999:6|83182999:6
2020-02-14 15:26:58,212:INFO:engiin
2020-02-14 15:26:58,213:INFO:engiin
2020-02-14 15:26:58,213:INFO:engiin
2020-02-14 15:26:58,213:INFO:engiin
2020-02-14 15:26:58,213:INFO:engiin
2020-02-14 15:26:58,213:INFO:engiin
2020-02-14 15:26:58,213:INFO:engiin
2020-02-14 15:27:19,058:INFO:az: 6
2020-02-14 15:27:19,889:INFO:az: 6
2020-02-14 15:27:20,125:INFO:az: 6
2020-02-14 15:27:20,284:INFO:az: 6
2020-02-14 15:27:20,370:INFO:83000130:6|83000135:6|83000145:6|83000146:6|83000149:6|83000152:6|83000153:6|83000157:6|83000158:6|83000159:6|83000161:6|83000163:6|83000164:6|83000165:6|83000167:6|83000170:6|83000171:6|83000173:6|83000175:6|83000178:6|83000179:6|83000180:6|83000182:6|83000184:6|83000186:6|83000187:6|83000191:6|83000192:6|83000193:6|83000194:6|83000195:6|83000196:6|83000197:6|83000205:6|83000213:6|83000218:6|83000219:6|83000225:6|83000228:6|83000231:6|83000234:6|83000235:6|83000236:6|83000238:6|83000239:6|83000243:6|83000246:6|83000249:6|83000250:6|83000251:6|83000253:6|83000255:6|83000258:6|83000259:6|83000260:6|83000261:6|83000266:6|83000268:6|83000269:6|83000270:6|83000271:6|83000272:6|83000273:6|83000276:6|83000277:6|83000279:6|83000280:6|83000281:6|83000283:6|83000284:6|83000285:6|83000286:6|83000289:6|83000290:6|83000294:6|83000295:6|83000296:6|83000298:6|83000312:6|83000314:6|83000316:6|83000319:6|83000321:6|83000322:6|83000324:6|83000325:6|83000327:6|83000328:6|83000329:6|83000336:6|83000337:6|83000339:6|83000340:6|83000341:6|83000343:6|83000344:6|83000347:6|83000348:6|83000351:6|83000352:6|83000353:6|83000354:6|83000357:6|83000358:6|83000359:6|83000360:6|83000361:6|83000362:6|83000363:6|83000371:6|83000372:6|83000374:6|83000377:6|83000378:6|83000379:6|83000381:6|83000382:6|83000384:6|83000386:6|83000387:6|83000389:6|83000391:6|83000392:6|83000393:6|83000394:6|83000396:6|83000397:6|83000401:6|83000403:6|83000406:6|83000415:6|83000417:6
2020-02-14 15:27:20,547:INFO:83000130:6|83000135:6|83000145:6|83000146:6|83000149:6|83000152:6|83000153:6|83000157:6|83000158:6|83000159:6|83000161:6|83000163:6|83000164:6|83000165:6|83000167:6|83000170:6|83000171:6|83000173:6|83000175:6|83000178:6|83000179:6|83000180:6|83000182:6|83000184:6|83000186:6|83000187:6|83000191:6|83000192:6|83000193:6|83000194:6|83000195:6|83000196:6|83000197:6|83000205:6|83000213:6|83000218:6|83000219:6|83000225:6|83000228:6|83000231:6|83000234:6|83000235:6|83000236:6|83000238:6|83000239:6|83000243:6|83000246:6|83000249:6|83000250:6|83000251:6|83000253:6|83000255:6|83000258:6|83000259:6|83000260:6|83000261:6|83000266:6|83000268:6|83000269:6|83000270:6|83000271:6|83000272:6|83000273:6|83000276:6|83000277:6|83000279:6|83000280:6|83000281:6|83000283:6|83000284:6|83000285:6|83000286:6|83000289:6|83000290:6|83000294:6|83000295:6|83000296:6|83000298:6|83000312:6|83000314:6|83000316:6|83000319:6|83000321:6|83000322:6|83000324:6|83000325:6|83000327:6|83000328:6|83000329:6|83000336:6|83000337:6|83000339:6|83000340:6|83000341:6|83000343:6|83000344:6|83000347:6|83000348:6|83000351:6|83000352:6|83000353:6|83000354:6|83000357:6|83000358:6|83000359:6|83000360:6|83000361:6|83000362:6|83000363:6|83000371:6|83000372:6|83000374:6|83000377:6|83000378:6|83000379:6|83000381:6|83000382:6|83000384:6|83000386:6|83000387:6|83000389:6|83000391:6|83000392:6|83000393:6|83000394:6|83000396:6|83000397:6|83000401:6|83000403:6|83000406:6|83000415:6|83000417:6
2020-02-14 15:27:21,342:INFO:83000130:6|83000135:6|83000145:6|83000146:6|83000149:6|83000152:6|83000153:6|83000157:6|83000158:6|83000159:6|83000161:6|83000163:6|83000164:6|83000165:6|83000167:6|83000170:6|83000171:6|83000173:6|83000175:6|83000178:6|83000179:6|83000180:6|83000182:6|83000184:6|83000186:6|83000187:6|83000191:6|83000192:6|83000193:6|83000194:6|83000195:6|83000196:6|83000197:6|83000205:6|83000213:6|83000218:6|83000219:6|83000225:6|83000228:6|83000231:6|83000234:6|83000235:6|83000236:6|83000238:6|83000239:6|83000243:6|83000246:6|83000249:6|83000250:6|83000251:6|83000253:6|83000255:6|83000258:6|83000259:6|83000260:6|83000261:6|83000266:6|83000268:6|83000269:6|83000270:6|83000271:6|83000272:6|83000273:6|83000276:6|83000277:6|83000279:6|83000280:6|83000281:6|83000283:6|83000284:6|83000285:6|83000286:6|83000289:6|83000290:6|83000294:6|83000295:6|83000296:6|83000298:6|83000312:6|83000314:6|83000316:6|83000319:6|83000321:6|83000322:6|83000324:6|83000325:6|83000327:6|83000328:6|83000329:6|83000336:6|83000337:6|83000339:6|83000340:6|83000341:6|83000343:6|83000344:6|83000347:6|83000348:6|83000351:6|83000352:6|83000353:6|83000354:6|83000357:6|83000358:6|83000359:6|83000360:6|83000361:6|83000362:6|83000363:6|83000371:6|83000372:6|83000374:6|83000377:6|83000378:6|83000379:6|83000381:6|83000382:6|83000384:6|83000386:6|83000387:6|83000389:6|83000391:6|83000392:6|83000393:6|83000394:6|83000396:6|83000397:6|83000401:6|83000403:6|83000406:6|83000415:6|83000417:6
2020-02-14 15:27:21,545:INFO:83000130:6|83000135:6|83000145:6|83000146:6|83000149:6|83000152:6|83000153:6|83000157:6|83000158:6|83000159:6|83000161:6|83000163:6|83000164:6|83000165:6|83000167:6|83000170:6|83000171:6|83000173:6|83000175:6|83000178:6|83000179:6|83000180:6|83000182:6|83000184:6|83000186:6|83000187:6|83000191:6|83000192:6|83000193:6|83000194:6|83000195:6|83000196:6|83000197:6|83000205:6|83000213:6|83000218:6|83000219:6|83000225:6|83000228:6|83000231:6|83000234:6|83000235:6|83000236:6|83000238:6|83000239:6|83000243:6|83000246:6|83000249:6|83000250:6|83000251:6|83000253:6|83000255:6|83000258:6|83000259:6|83000260:6|83000261:6|83000266:6|83000268:6|83000269:6|83000270:6|83000271:6|83000272:6|83000273:6|83000276:6|83000277:6|83000279:6|83000280:6|83000281:6|83000283:6|83000284:6|83000285:6|83000286:6|83000289:6|83000290:6|83000294:6|83000295:6|83000296:6|83000298:6|83000312:6|83000314:6|83000316:6|83000319:6|83000321:6|83000322:6|83000324:6|83000325:6|83000327:6|83000328:6|83000329:6|83000336:6|83000337:6|83000339:6|83000340:6|83000341:6|83000343:6|83000344:6|83000347:6|83000348:6|83000351:6|83000352:6|83000353:6|83000354:6|83000357:6|83000358:6|83000359:6|83000360:6|83000361:6|83000362:6|83000363:6|83000371:6|83000372:6|83000374:6|83000377:6|83000378:6|83000379:6|83000381:6|83000382:6|83000384:6|83000386:6|83000387:6|83000389:6|83000391:6|83000392:6|83000393:6|83000394:6|83000396:6|83000397:6|83000401:6|83000403:6|83000406:6|83000415:6|83000417:6
2020-02-14 15:41:37,818:WARNING:Not Found: /
2020-02-14 15:41:38,079:WARNING:Not Found: /index.php
2020-02-14 15:50:12,825:INFO:------------------------------------------------------------------------------------------------
2020-02-14 15:50:14,431:INFO:ДУГААРАА СОНГОЖ БУЙ ХЭСЭГ
2020-02-14 15:50:14,431:INFO:7
2020-02-14 15:50:17,862:INFO:98000146:6|98000149:6|98000152:6|98000153:6|98000156:6|98000159:6|98000163:6|98000164:6|98000165:6|98000167:6|98000172:6|98000175:6|98000182:6|98000184:6|98000216:6|98000231:6|98000237:6|98000239:6|98000240:6|98000243:6|98000245:6|98000251:6|98000252:6|98000253:6|98000254:6|98000257:6|98000258:6|98000259:6|98000261:6|98000262:6|98000263:6|98000264:6|98000267:6|98000269:6|98000271:6|98000272:6|98000273:6|98000274:6|98000275:6|98000276:6|98000278:6|98000279:6|98000281:6|98000283:6|98000284:6|98000287:6|98000291:6|98000293:6|98000295:6|98000296:6|98000297:6|98000319:6|98000324:6|98000325:6|98000329:6|98000340:6|98000341:6|98000342:6|98000344:6|98000346:6|98000347:6|98000348:6|98000349:6|98000352:6|98000354:6|98000356:6|98000357:6|98000358:6|98000359:6|98000360:6|98000361:6|98000362:6|98000363:6|98000364:6|98000365:6|98000367:6|98000370:6|98000371:6|98000372:6|98000374:6|98000375:6|98000376:6|98000378:6|98000379:6|98000382:6|98000383:6|98000384:6|98000385:6|98000386:6|98000392:6|98000394:6|98000395:6|98000396:6|98000397:6|98000416:6|98000417:6|98000418:6|98000419:6|98000423:6|98000425:6|98000427:6|98000429:6|98000430:6|98000431:6|98000432:6|98000433:6|98000434:6|98000436:6|98000437:6|98000438:6|98000439:6|98000441:6|98000442:6|98000443:6|98000445:6|98000446:6|98000451:6|98000452:6|98000453:6|98000457:6|98000458:6|98000459:6|98000460:6|98000461:6|98000462:6|98000463:6|98000465:6|98000467:6|98000468:6|98000469:6|98000471:6|98000472:6
2020-02-14 15:50:26,511:INFO:98001014:6|98001015:6|98001029:6|98001031:6|98001032:6|98001034:6|98001035:6|98001036:6|98001037:6|98001038:6|98001039:6|98001041:6|98001042:6|98001043:6|98001045:6|98001046:6|98001047:6|98001048:6|98001049:6|98001051:6|98001052:6|98001053:6|98001054:6|98001056:6|98001057:6|98001058:6|98001059:6|98001061:6|98001062:6|98001063:6|98001065:6|98001066:6|98001067:6|98001068:6|98001069:6|98001071:6|98001072:6|98001073:6|98001074:6|98001075:6|98001076:6|98001077:6|98001078:6|98001079:6|98001082:6|98001083:6|98001084:6|98001085:6|98001086:6|98001087:6|98001090:6|98001091:6|98001092:6|98001093:6|98001094:6|98001096:6|98001097:6|98011006:6|98011013:6|98011014:6|98011015:6|98011018:6|98011021:6|98011024:6|98011027:6|98011032:6|98011033:6|98011034:6|98011035:6|98011036:6|98011037:6|98011038:6|98011039:6|98011040:6|98011042:6|98011043:6|98011044:6|98011046:6|98011047:6|98011048:6|98011049:6|98011050:6|98011051:6|98011052:6|98011053:6|98011054:6|98011055:6|98011056:6|98011057:6|98011058:6|98011059:6|98011060:6|98011061:6|98011062:6|98011064:6|98011065:6|98011066:6|98011067:6|98011069:6|98011070:6|98011071:6|98011072:6|98011073:6|98011074:6|98011075:6|98011076:6|98011077:6|98011078:6|98011079:6|98011080:6|98011081:6|98011082:6|98011083:6|98011084:6|98011085:6|98011086:6|98011087:6|98011092:6|98011093:6|98011094:6|98011095:6|98011096:6|98011097:6|98021005:6|98021006:6|98021009:6|98021011:6|98021013:6|98021014:6|98021016:6|98021017:6|98021018:6
2020-02-14 15:50:31,276:INFO:98001071:6|98001072:6|98001073:6|98001074:6|98001075:6|98001076:6|98001077:6|98001078:6|98001079:6|98011070:6|98011071:6|98011072:6|98011073:6|98011074:6|98011075:6|98011076:6|98011077:6|98011078:6|98011079:6|98021070:6|98021071:6|98021072:6|98021073:6|98021074:6|98021075:6|98021076:6|98021077:6|98021078:6|98021079:6|98031071:6|98031072:6|98031073:6|98031074:6|98031075:6|98031076:6|98031078:6|98031079:6|98041070:6|98041071:6|98041072:6|98041073:6|98041074:6|98041075:6|98041076:6|98041077:6|98041078:6|98041079:6|98051070:6|98051071:6|98051072:6|98051073:6|98051074:6|98051075:6|98051076:6|98051077:6|98051078:6|98051079:6|98061070:6|98061071:6|98061072:6|98061073:6|98061074:6|98061075:6|98061076:6|98061077:6|98061078:6|98061079:6|98071070:6|98071071:6|98071072:6|98071073:6|98071074:6|98071075:6|98071076:6|98071077:6|98071078:6|98071079:6|98081070:6|98081071:6|98081072:6|98081073:6|98081074:6|98081075:6|98081076:6|98081077:6|98081078:6|98081079:6|98091070:6|98091071:6|98091072:6|98091073:6|98091074:6|98091075:6|98091077:6|98091078:6|98091079:6|98131071:6|98131073:6|98131074:6|98131076:6|98131077:6|98131078:6|98131079:6|98141075:6|98141076:6|98141077:6|98141079:6|98151071:6|98151074:6|98151078:6|98151079:6|98161072:6|98161074:6|98161075:6|98161078:6|98171073:6|98171075:6|98171078:6|98181073:6|98181075:6|98191074:6|98191075:6|98191076:6|98201073:6|98211071:6|98211072:6|98211073:6|98211078:6|98221076:6|98221078:6|98231071:6|98231072:6
2020-02-14 15:50:35,209:INFO:98001075:6|98011075:6|98021075:6|98031075:6|98041075:6|98051075:6|98061075:6|98071075:6|98081075:6|98091075:6|98141075:6|98161075:6|98171075:6|98181075:6|98191075:6|98231075:6|98241075:6|98271075:6|98281075:6|98291075:6|98301075:6|98431075:6|98451075:6|98461075:6|98491075:6|98501075:6|98511075:6|98531075:6|98541075:6|98551075:6|98561075:6|98571075:6|98591075:6|98601075:6|98611075:6|98621075:6|98631075:6|98641075:6|98651075:6|98661075:6|98671075:6|98701075:6|98711075:6|98801075:6|98811075:6|98821075:6|98841075:6|98871075:6|98881075:6|98921075:6|98931075:6|98951075:6|98961075:6|98971075:6
2020-02-14 15:50:43,773:INFO:ДУГААРАА СОНГОЖ БУЙ ХЭСЭГ
2020-02-14 15:50:43,773:INFO:7
2020-02-14 15:50:48,608:INFO:98046666:5|98142222:5|98143333:5|98152222:5|98154444:5|98162222:5|98163333:5|98164444:5|98174444:5|98176666:5|98192222:5|98213333:5|98214444:5|98243333:5|98246666:5|98253333:5|98254444:5|98263333:5|98264444:5|98273333:5|98274444:5|98276666:5|98293333:5|98294444:5|98296666:5|98302222:5|98304444:5|98314444:5|98317777:5|98324444:5|98326666:5|98327777:5|98370000:5|98372222:5|98373333:5|98374444:5|98375555:5|98376666:5|98423333:5|98426666:5|98432222:5|98436666:5|98450000:5|98452222:5|98453333:5|98456666:5|98457777:5|98462222:5|98463333:5|98467777:5|98470000:5|98472222:5|98473333:5|98475555:5|98476666:5|98483333:5|98498888:5|98507777:5|98513333:5|98514444:5|98516666:5|98526666:5|98528888:5|98530000:5|98541111:5|98562222:5|98564444:5|98571111:5|98592222:5|98593333:5|98594444:5|98603333:5|98604444:5|98613333:5|98623333:5|98632222:5|98634444:5|98640000:5|98642222:5|98643333:5|98652222:5|98653333:5|98654444:5|98673333:5|98674444:5|98702222:5|98704444:5|98834444:5|98924444:5|98932222:5|98946666:5|98952222:5|98953333:5
2020-02-14 15:50:53,434:INFO:------------------------------------------------------------------------------------------------
2020-02-14 15:50:54,593:INFO:ДУГААРАА СОНГОЖ БУЙ ХЭСЭГ
2020-02-14 15:50:54,593:INFO:2
2020-02-14 15:50:56,330:INFO:98120235:6|98120264:6|98120376:6|98120386:6|98120425:6|98120486:6|98120534:6|98120539:6|98120542:6|98120546:6|98120567:6|98120572:6|98120631:6|98120654:6|98120674:6|98120697:6|98120784:6|98120926:6|98120932:6|98120933:6|98120938:6|98120953:6|98121029:6|98121096:6|98121097:6|98121143:6|98121152:6|98121320:6|98121329:6|98121379:6|98121437:6|98121459:6|98121465:6|98121467:6|98121472:6|98121479:6|98121486:6|98121487:6|98121497:6|98121503:6|98121514:6|98121537:6|98121544:6|98121563:6|98121574:6|98121579:6|98121604:6|98121605:6|98121625:6|98121628:6|98121635:6|98121640:6|98121649:6|98121683:6|98121691:6|98121695:6|98121696:6|98121697:6|98121715:6|98121724:6|98121730:6|98121731:6|98121736:6|98121738:6|98121739:6|98121740:6|98121742:6|98121743:6|98121746:6|98121753:6|98121759:6|98121760:6|98121763:6|98121764:6|98121768:6|98121769:6|98121782:6|98121792:6|98121805:6|98121806:6|98121807:6|98121823:6|98121825:6|98121826:6|98121835:6|98121839:6|98121849:6|98121850:6|98121851:6|98121852:6|98121854:6|98121856:6|98121859:6|98121863:6|98121864:6|98121872:6|98121873:6|98121876:6|98121879:6|98121885:6|98121886:6|98121891:6|98121895:6|98121901:6|98121918:6|98121935:6|98121936:6|98121937:6|98121938:6|98121941:6|98121947:6|98121948:6|98121951:6|98121953:6|98121957:6|98121958:6|98121961:6|98121976:6|98121978:6|98121983:6|98121987:6|98122016:6|98122031:6|98122067:6|98122068:6|98122087:6|98122107:6|98122130:6|98122152:6|98122156:6|98122253:6|98122306:6
2020-02-14 16:10:42,763:INFO:ДУГААРАА СОНГОЖ БУЙ ХЭСЭГ
2020-02-14 16:10:42,763:INFO:2
2020-02-14 16:10:45,560:INFO:98120235:6|98120264:6|98120376:6|98120386:6|98120425:6|98120486:6|98120534:6|98120539:6|98120542:6|98120546:6|98120567:6|98120572:6|98120631:6|98120654:6|98120674:6|98120697:6|98120784:6|98120926:6|98120932:6|98120933:6|98120938:6|98120953:6|98121029:6|98121096:6|98121097:6|98121143:6|98121152:6|98121320:6|98121329:6|98121379:6|98121437:6|98121459:6|98121465:6|98121467:6|98121472:6|98121479:6|98121486:6|98121487:6|98121497:6|98121503:6|98121514:6|98121537:6|98121544:6|98121563:6|98121574:6|98121579:6|98121604:6|98121605:6|98121625:6|98121628:6|98121635:6|98121640:6|98121649:6|98121683:6|98121691:6|98121695:6|98121696:6|98121697:6|98121715:6|98121724:6|98121730:6|98121731:6|98121736:6|98121738:6|98121739:6|98121740:6|98121742:6|98121743:6|98121746:6|98121753:6|98121759:6|98121760:6|98121763:6|98121764:6|98121768:6|98121769:6|98121782:6|98121792:6|98121805:6|98121806:6|98121807:6|98121823:6|98121825:6|98121826:6|98121835:6|98121839:6|98121849:6|98121850:6|98121851:6|98121852:6|98121854:6|98121856:6|98121859:6|98121863:6|98121864:6|98121872:6|98121873:6|98121876:6|98121879:6|98121885:6|98121886:6|98121891:6|98121895:6|98121901:6|98121918:6|98121935:6|98121936:6|98121937:6|98121938:6|98121941:6|98121947:6|98121948:6|98121951:6|98121953:6|98121957:6|98121958:6|98121961:6|98121976:6|98121978:6|98121983:6|98121987:6|98122016:6|98122031:6|98122067:6|98122068:6|98122087:6|98122107:6|98122130:6|98122152:6|98122156:6|98122253:6|98122306:6
2020-02-14 16:10:50,505:INFO:98120235:6|98120264:6|98120376:6|98120386:6|98120425:6|98120486:6|98120534:6|98120539:6|98120542:6|98120546:6|98120567:6|98120572:6|98120631:6|98120654:6|98120674:6|98120697:6|98120784:6|98120926:6|98120932:6|98120933:6|98120938:6|98120953:6|98121029:6|98121096:6|98121097:6|98121143:6|98121152:6|98121320:6|98121329:6|98121379:6|98121437:6|98121459:6|98121465:6|98121467:6|98121472:6|98121479:6|98121486:6|98121487:6|98121497:6|98121503:6|98121514:6|98121537:6|98121544:6|98121563:6|98121574:6|98121579:6|98121604:6|98121605:6|98121625:6|98121628:6|98121635:6|98121640:6|98121649:6|98121683:6|98121691:6|98121695:6|98121696:6|98121697:6|98121715:6|98121724:6|98121730:6|98121731:6|98121736:6|98121738:6|98121739:6|98121740:6|98121742:6|98121743:6|98121746:6|98121753:6|98121759:6|98121760:6|98121763:6|98121764:6|98121768:6|98121769:6|98121782:6|98121792:6|98121805:6|98121806:6|98121807:6|98121823:6|98121825:6|98121826:6|98121835:6|98121839:6|98121849:6|98121850:6|98121851:6|98121852:6|98121854:6|98121856:6|98121859:6|98121863:6|98121864:6|98121872:6|98121873:6|98121876:6|98121879:6|98121885:6|98121886:6|98121891:6|98121895:6|98121901:6|98121918:6|98121935:6|98121936:6|98121937:6|98121938:6|98121941:6|98121947:6|98121948:6|98121951:6|98121953:6|98121957:6|98121958:6|98121961:6|98121976:6|98121978:6|98121983:6|98121987:6|98122016:6|98122031:6|98122067:6|98122068:6|98122087:6|98122107:6|98122130:6|98122152:6|98122156:6|98122253:6|98122306:6
2020-02-14 16:13:18,620:INFO:ДУГААРАА СОНГОЖ БУЙ ХЭСЭГ
2020-02-14 16:13:18,620:INFO:2
2020-02-14 16:13:19,153:INFO:ДУГААРАА СОНГОЖ БУЙ ХЭСЭГ
2020-02-14 16:13:19,154:INFO:2
2020-02-14 17:49:24,557:INFO:------------------------------------------------------------------------------------------------
2020-02-14 17:49:30,691:INFO:ДУГААРАА СОНГОЖ БУЙ ХЭСЭГ
2020-02-14 17:49:30,691:INFO:7
2020-02-14 17:49:39,568:INFO:98112681:6|98112731:6|98112746:6|98112762:6|98112764:6|98112794:6|98112843:6|98112851:6|98112853:6|98112863:6|98112873:6|98112914:6|98112917:6|98112934:6|98112935:6|98112943:6|98112946:6|98112951:6|98112963:6|98112964:6|98112965:6|98112967:6|98112971:6|98112975:6|98112985:6|98113024:6|98113127:6|98113146:6|98113147:6|98113167:6|98113207:6|98113214:6|98113217:6|98113218:6|98113219:6|98113246:6|98113251:6|98113253:6|98113257:6|98113261:6|98113267:6|98113268:6|98113271:6|98113274:6|98113295:6|98113415:6|98113416:6|98113417:6|98113425:6|98113426:6|98113427:6|98113429:6|98113452:6|98113463:6|98113469:6|98113471:6|98113472:6|98113473:6|98113475:6|98113476:6|98113491:6|98113492:6|98113497:6|98113521:6|98113526:6|98113527:6|98113528:6|98113529:6|98113541:6|98113542:6|98113547:6|98113561:6|98113564:6|98113573:6|98113587:6|98113592:6|98113594:6|98113605:6|98113614:6|98113615:6|98113617:6|98113625:6|98113641:6|98113642:6|98113643:6|98113645:6|98113654:6|98113657:6|98113672:6|98113673:6|98113675:6|98113681:6|98113682:6|98113684:6|98113685:6|98113692:6|98113694:6|98113705:6|98113712:6|98113714:6|98113716:6|98113718:6|98113724:6|98113725:6|98113726:6|98113728:6|98113741:6|98113742:6|98113746:6|98113748:6|98113751:6|98113752:6|98113753:6|98113754:6|98113759:6|98113761:6|98113765:6|98113781:6|98113782:6|98113783:6|98113784:6|98113786:6|98113791:6|98113792:6|98113794:6|98113802:6|98113805:6|98113815:6|98113816:6|98113824:6|98113825:6|98113826:6
2020-02-14 18:27:33,406:INFO:ДУГААРАА СОНГОЖ БУЙ ХЭСЭГ
2020-02-14 18:27:33,406:INFO:2
2020-02-14 18:27:38,733:INFO:83124001:6|83124003:6|83124005:6|83124006:6|83124009:6|83124010:6|83124013:6|83124014:6|83124015:6|83124017:6|83124023:6|83124024:6|83124025:6|83124026:6|83124027:6|83124028:6|83124029:6|83124030:6|83124032:6|83124033:6|83124034:6|83124035:6|83124036:6|83124037:6|83124038:6|83124039:6|83124041:6|83124042:6|83124043:6|83124046:6|83124047:6|83124048:6|83124049:6|83124051:6|83124052:6|83124053:6|83124054:6|83124055:6|83124056:6|83124057:6|83124058:6|83124059:6|83124061:6|83124062:6|83124063:6|83124064:6|83124065:6|83124066:6|83124067:6|83124068:6|83124069:6|83124071:6|83124072:6|83124073:6|83124074:6|83124075:6|83124076:6|83124077:6|83124078:6|83124079:6|83124080:6|83124081:6|83124082:6|83124084:6|83124085:6|83124086:6|83124087:6|83124089:6|83124091:6|83124092:6|83124093:6|83124094:6|83124095:6|83124096:6|83124097:6|83124098:6|83124100:6|83124101:6|83124102:6|83124103:6|83124104:6|83124105:6|83124106:6|83124107:6|83124108:6|83124109:6|83124112:6|83124113:6|83124115:6|83124116:6|83124117:6|83124118:6|83124119:6|83124121:6|83124122:6|83124123:6|83124125:6|83124126:6|83124127:6|83124128:6|83124129:6|83124130:6|83124131:6|83124133:6|83124134:6|83124135:6|83124136:6|83124137:6|83124138:6|83124139:6|83124140:6|83124142:6|83124143:6|83124144:6|83124145:6|83124146:6|83124147:6|83124148:6|83124149:6|83124150:6|83124152:6|83124153:6|83124154:6|83124155:6|83124156:6|83124157:6|83124158:6|83124159:6|83124160:6|83124161:6|83124162:6|83124163:6
2020-02-14 21:44:53,124:INFO:------------------------------------------------------------------------------------------------
2020-02-14 21:44:53,434:INFO:------------------------------------------------------------------------------------------------
