2019-10-14 09:02:07,828:INFO:----------------------------------------------------------------------------------------------------
2019-10-14 09:02:09,375:INFO:ДУГААРАА СОНГОЖ БУЙ ХЭСЭГ
2019-10-14 09:02:09,375:INFO:2
2019-10-14 09:02:09,548:WARNING:Not Found: /favicon.ico
2019-10-14 09:02:20,002:INFO:98180127:6|98180134:6|98180164:6|98180289:6|98180434:6|98180593:6|98180657:6|98180658:6|98180945:6|98180947:6|98181093:6|98181344:6|98181347:6|98181356:6|98181566:6|98181590:6|98181671:6|98181746:6|98181749:6|98181764:6|98181791:6|98181956:6|98181965:6|98182063:6|98182142:6|98182156:6|98182157:6|98182165:6|98182173:6|98182175:6|98182185:6|98182241:6|98182267:6|98182277:7|98182305:6|98182307:6|98182327:6|98182335:6|98182339:6|98182344:6|98182347:6|98182353:6|98182354:6|98182357:6|98182358:6|98182365:6|98182375:6|98182382:6|98182384:6|98182385:6|98182392:6|98182394:6|98182396:6|98182397:6|98182405:6|98182407:6|98182411:6|98182413:6|98182415:6|98182417:6|98182430:6|98182436:6|98182447:6|98182452:6|98182459:6|98182463:6|98182465:6|98182467:6|98182469:6|98182483:6|98182485:6|98182492:6|98182493:6|98182516:6|98182517:6|98182522:6|98182530:6|98182531:6|98182532:6|98182537:6|98182541:6|98182542:6|98182546:6|98182547:6|98182561:6|98182563:6|98182566:6|98182571:6|98182572:6|98182573:6|98182579:6|98182582:6|98182583:6|98182584:6|98182586:6|98182587:6|98182593:6|98182594:6|98182596:6|98182597:6|98182599:6|98182603:6|98182604:6|98182607:6|98182609:6|98182612:6|98182614:6|98182615:6|98182617:6|98182619:6|98182621:6|98182631:6|98182632:6|98182635:6|98182637:6|98182641:6|98182643:6|98182651:6|98182652:6|98182653:6|98182655:6|98182657:6|98182659:6|98182670:6|98182671:6|98182672:6|98182673:6|98182679:6|98182683:6|98182687:6|98182692:6|98182694:6
2019-10-14 09:12:09,665:INFO:----------------------------------------------------------------------------------------------------
2019-10-14 09:21:10,973:INFO:ДУГААРАА СОНГОЖ БУЙ ХЭСЭГ
2019-10-14 09:21:10,973:INFO:2
2019-10-14 09:21:11,161:WARNING:Not Found: /favicon.ico
2019-10-14 09:21:15,318:INFO:98180127:6|98180134:6|98180164:6|98180289:6|98180434:6|98180593:6|98180657:6|98180658:6|98180945:6|98180947:6|98181093:6|98181344:6|98181347:6|98181356:6|98181566:6|98181590:6|98181671:6|98181746:6|98181749:6|98181764:6|98181791:6|98181956:6|98181965:6|98182063:6|98182142:6|98182156:6|98182157:6|98182165:6|98182173:6|98182175:6|98182185:6|98182241:6|98182267:6|98182277:7|98182305:6|98182307:6|98182327:6|98182335:6|98182339:6|98182344:6|98182347:6|98182353:6|98182354:6|98182357:6|98182358:6|98182365:6|98182375:6|98182382:6|98182384:6|98182385:6|98182392:6|98182394:6|98182396:6|98182397:6|98182405:6|98182407:6|98182411:6|98182413:6|98182415:6|98182417:6|98182430:6|98182436:6|98182447:6|98182452:6|98182459:6|98182463:6|98182465:6|98182467:6|98182469:6|98182483:6|98182485:6|98182492:6|98182493:6|98182516:6|98182517:6|98182522:6|98182530:6|98182531:6|98182532:6|98182537:6|98182541:6|98182542:6|98182546:6|98182547:6|98182561:6|98182563:6|98182566:6|98182571:6|98182572:6|98182573:6|98182579:6|98182582:6|98182583:6|98182584:6|98182586:6|98182587:6|98182593:6|98182594:6|98182596:6|98182597:6|98182599:6|98182603:6|98182604:6|98182607:6|98182609:6|98182612:6|98182614:6|98182615:6|98182617:6|98182619:6|98182621:6|98182631:6|98182632:6|98182635:6|98182637:6|98182641:6|98182643:6|98182651:6|98182652:6|98182653:6|98182655:6|98182657:6|98182659:6|98182670:6|98182671:6|98182672:6|98182673:6|98182679:6|98182683:6|98182687:6|98182692:6|98182694:6
2019-10-14 09:21:23,109:INFO:----------------------------------------------------------------------------------------------------
2019-10-14 09:21:24,625:INFO:ДУГААРАА СОНГОЖ БУЙ ХЭСЭГ
2019-10-14 09:21:24,625:INFO:2
2019-10-14 09:21:28,516:INFO:98180127:6|98180134:6|98180164:6|98180289:6|98180434:6|98180593:6|98180657:6|98180658:6|98180945:6|98180947:6|98181093:6|98181344:6|98181347:6|98181356:6|98181566:6|98181590:6|98181671:6|98181746:6|98181749:6|98181764:6|98181791:6|98181956:6|98181965:6|98182063:6|98182142:6|98182156:6|98182157:6|98182165:6|98182173:6|98182175:6|98182185:6|98182241:6|98182267:6|98182277:7|98182305:6|98182307:6|98182327:6|98182335:6|98182339:6|98182344:6|98182347:6|98182353:6|98182354:6|98182357:6|98182358:6|98182365:6|98182375:6|98182382:6|98182384:6|98182385:6|98182392:6|98182394:6|98182396:6|98182397:6|98182405:6|98182407:6|98182411:6|98182413:6|98182415:6|98182417:6|98182430:6|98182436:6|98182447:6|98182452:6|98182459:6|98182463:6|98182465:6|98182467:6|98182469:6|98182483:6|98182485:6|98182492:6|98182493:6|98182516:6|98182517:6|98182522:6|98182530:6|98182531:6|98182532:6|98182537:6|98182541:6|98182542:6|98182546:6|98182547:6|98182561:6|98182563:6|98182566:6|98182571:6|98182572:6|98182573:6|98182579:6|98182582:6|98182583:6|98182584:6|98182586:6|98182587:6|98182593:6|98182594:6|98182596:6|98182597:6|98182599:6|98182603:6|98182604:6|98182607:6|98182609:6|98182612:6|98182614:6|98182615:6|98182617:6|98182619:6|98182621:6|98182631:6|98182632:6|98182635:6|98182637:6|98182641:6|98182643:6|98182651:6|98182652:6|98182653:6|98182655:6|98182657:6|98182659:6|98182670:6|98182671:6|98182672:6|98182673:6|98182679:6|98182683:6|98182687:6|98182692:6|98182694:6
2019-10-14 09:22:24,862:INFO:----------------------------------------------------------------------------------------------------
2019-10-14 09:22:40,819:INFO:ДУГААРАА СОНГОЖ БУЙ ХЭСЭГ
2019-10-14 09:22:40,819:INFO:2
2019-10-14 09:22:44,427:INFO:98180127:6|98180134:6|98180164:6|98180289:6|98180434:6|98180593:6|98180657:6|98180658:6|98180945:6|98180947:6|98181093:6|98181344:6|98181347:6|98181356:6|98181566:6|98181590:6|98181671:6|98181746:6|98181749:6|98181764:6|98181791:6|98181956:6|98181965:6|98182063:6|98182142:6|98182156:6|98182157:6|98182165:6|98182173:6|98182175:6|98182185:6|98182241:6|98182267:6|98182277:7|98182305:6|98182307:6|98182327:6|98182335:6|98182339:6|98182344:6|98182347:6|98182353:6|98182354:6|98182357:6|98182358:6|98182365:6|98182375:6|98182382:6|98182384:6|98182385:6|98182392:6|98182394:6|98182396:6|98182397:6|98182405:6|98182407:6|98182411:6|98182413:6|98182415:6|98182417:6|98182430:6|98182436:6|98182447:6|98182452:6|98182459:6|98182463:6|98182465:6|98182467:6|98182469:6|98182483:6|98182485:6|98182492:6|98182493:6|98182516:6|98182517:6|98182522:6|98182530:6|98182531:6|98182532:6|98182537:6|98182541:6|98182542:6|98182546:6|98182547:6|98182561:6|98182563:6|98182566:6|98182571:6|98182572:6|98182573:6|98182579:6|98182582:6|98182583:6|98182584:6|98182586:6|98182587:6|98182593:6|98182594:6|98182596:6|98182597:6|98182599:6|98182603:6|98182604:6|98182607:6|98182609:6|98182612:6|98182614:6|98182615:6|98182617:6|98182619:6|98182621:6|98182631:6|98182632:6|98182635:6|98182637:6|98182641:6|98182643:6|98182651:6|98182652:6|98182653:6|98182655:6|98182657:6|98182659:6|98182670:6|98182671:6|98182672:6|98182673:6|98182679:6|98182683:6|98182687:6|98182692:6|98182694:6
2019-10-14 09:23:24,680:INFO:----------------------------------------------------------------------------------------------------
2019-10-14 09:23:25,852:INFO:ДУГААРАА СОНГОЖ БУЙ ХЭСЭГ
2019-10-14 09:23:25,868:INFO:2
2019-10-14 09:23:26,102:WARNING:Not Found: /favicon.ico
2019-10-14 09:23:29,430:INFO:98180127:6|98180134:6|98180164:6|98180289:6|98180434:6|98180593:6|98180657:6|98180658:6|98180945:6|98180947:6|98181093:6|98181344:6|98181347:6|98181356:6|98181566:6|98181590:6|98181671:6|98181746:6|98181749:6|98181764:6|98181791:6|98181956:6|98181965:6|98182063:6|98182142:6|98182156:6|98182157:6|98182165:6|98182173:6|98182175:6|98182185:6|98182241:6|98182267:6|98182277:7|98182305:6|98182307:6|98182327:6|98182335:6|98182339:6|98182344:6|98182347:6|98182353:6|98182354:6|98182357:6|98182358:6|98182365:6|98182375:6|98182382:6|98182384:6|98182385:6|98182392:6|98182394:6|98182396:6|98182397:6|98182405:6|98182407:6|98182411:6|98182413:6|98182415:6|98182417:6|98182430:6|98182436:6|98182447:6|98182452:6|98182459:6|98182463:6|98182465:6|98182467:6|98182469:6|98182483:6|98182485:6|98182492:6|98182493:6|98182516:6|98182517:6|98182522:6|98182530:6|98182531:6|98182532:6|98182537:6|98182541:6|98182542:6|98182546:6|98182547:6|98182561:6|98182563:6|98182566:6|98182571:6|98182572:6|98182573:6|98182579:6|98182582:6|98182583:6|98182584:6|98182586:6|98182587:6|98182593:6|98182594:6|98182596:6|98182597:6|98182599:6|98182603:6|98182604:6|98182607:6|98182609:6|98182612:6|98182614:6|98182615:6|98182617:6|98182619:6|98182621:6|98182631:6|98182632:6|98182635:6|98182637:6|98182641:6|98182643:6|98182651:6|98182652:6|98182653:6|98182655:6|98182657:6|98182659:6|98182670:6|98182671:6|98182672:6|98182673:6|98182679:6|98182683:6|98182687:6|98182692:6|98182694:6
2019-10-14 09:24:40,384:INFO:----------------------------------------------------------------------------------------------------
2019-10-14 09:24:41,713:INFO:ДУГААРАА СОНГОЖ БУЙ ХЭСЭГ
2019-10-14 09:24:41,713:INFO:2
2019-10-14 09:24:46,028:INFO:98180127:6|98180134:6|98180164:6|98180289:6|98180434:6|98180593:6|98180657:6|98180658:6|98180945:6|98180947:6|98181093:6|98181344:6|98181347:6|98181356:6|98181566:6|98181590:6|98181671:6|98181746:6|98181749:6|98181764:6|98181791:6|98181956:6|98181965:6|98182063:6|98182142:6|98182156:6|98182157:6|98182165:6|98182173:6|98182175:6|98182185:6|98182241:6|98182267:6|98182277:7|98182305:6|98182307:6|98182327:6|98182335:6|98182339:6|98182344:6|98182347:6|98182353:6|98182354:6|98182357:6|98182358:6|98182365:6|98182375:6|98182382:6|98182384:6|98182385:6|98182392:6|98182394:6|98182396:6|98182397:6|98182405:6|98182407:6|98182411:6|98182413:6|98182415:6|98182417:6|98182430:6|98182436:6|98182447:6|98182452:6|98182459:6|98182463:6|98182465:6|98182467:6|98182469:6|98182483:6|98182485:6|98182492:6|98182493:6|98182516:6|98182517:6|98182522:6|98182530:6|98182531:6|98182532:6|98182537:6|98182541:6|98182542:6|98182546:6|98182547:6|98182561:6|98182563:6|98182566:6|98182571:6|98182572:6|98182573:6|98182579:6|98182582:6|98182583:6|98182584:6|98182586:6|98182587:6|98182593:6|98182594:6|98182596:6|98182597:6|98182599:6|98182603:6|98182604:6|98182607:6|98182609:6|98182612:6|98182614:6|98182615:6|98182617:6|98182619:6|98182621:6|98182631:6|98182632:6|98182635:6|98182637:6|98182641:6|98182643:6|98182651:6|98182652:6|98182653:6|98182655:6|98182657:6|98182659:6|98182670:6|98182671:6|98182672:6|98182673:6|98182679:6|98182683:6|98182687:6|98182692:6|98182694:6
2019-10-14 09:24:48,966:INFO:РЕГИСТЕРИЙН ДУГААР
2019-10-14 09:25:05,444:INFO:ДУГААРЫН ZAHIALGA
2019-10-14 09:25:05,460:INFO:Success
2019-10-14 09:25:10,648:INFO:----------------------------------------------------------------------------------------------------
2019-10-14 09:35:10,868:INFO:----------------------------------------------------------------------------------------------------
2019-10-14 09:45:11,430:INFO:----------------------------------------------------------------------------------------------------
2019-10-14 09:55:12,030:INFO:----------------------------------------------------------------------------------------------------
2019-10-14 10:05:12,710:INFO:----------------------------------------------------------------------------------------------------
2019-10-14 10:15:13,331:INFO:----------------------------------------------------------------------------------------------------
2019-10-14 10:25:13,994:INFO:----------------------------------------------------------------------------------------------------
2019-10-14 10:35:14,519:INFO:----------------------------------------------------------------------------------------------------
2019-10-14 10:45:15,005:INFO:----------------------------------------------------------------------------------------------------
2019-10-14 10:55:15,556:INFO:----------------------------------------------------------------------------------------------------
2019-10-14 11:05:16,174:INFO:----------------------------------------------------------------------------------------------------
2019-10-14 11:10:40,039:INFO:ДУГААРАА СОНГОЖ БУЙ ХЭСЭГ
2019-10-14 11:10:40,039:INFO:2
2019-10-14 11:10:40,150:WARNING:Not Found: /favicon.ico
2019-10-14 11:12:40,686:INFO:98182812:6|98182856:6|98182872:6|98182873:6|98183823:6|98183824:6|98183825:6|98183826:6|98183892:6|98184803:6|98184804:6|98184805:6|98184806:6|98184807:6|98184820:6|98184821:6|98184823:6|98184824:6|98184826:6|98184827:6|98184829:6|98184832:6|98184834:6|98184835:6|98184839:6|98184845:6|98184853:6|98184857:6|98184861:6|98184863:6|98184874:6|98184875:6|98184891:6|98185802:6|98185804:6|98185807:6|98185812:6|98185826:6|98185831:6|98185835:6|98185839:6|98185841:6|98185842:6|98185843:6|98185847:6|98185852:6|98185861:6|98185863:6|98185867:6|98185871:6|98185872:6|98185873:6|98185875:6|98185876:6|98185879:6|98185892:6|98185897:6|98186801:6|98186805:6|98186814:6|98186817:6|98186820:6|98186824:6|98186825:6|98186830:6|98186831:6|98186833:6|98186839:6|98186840:6|98186841:6|98186845:6|98186846:6|98186849:6|98186850:6|98186851:6|98186852:6|98186860:6|98186871:6|98186872:6|98186883:6|98186884:6|98186891:6|98186897:6|98187803:6|98187812:6|98187815:6|98187816:6|98187820:6|98187821:6|98187825:6|98187827:6|98187829:6|98187831:6|98187832:6|98187837:6|98187842:6|98187843:6|98187847:6|98187853:6|98187854:6|98187855:6|98187857:6|98187859:6|98187862:6|98187863:6|98187864:6|98187865:6|98187873:6|98187875:6|98187882:6|98187897:6|98188816:6|98188867:6|98188894:6|98189831:6|98189896:6
2019-10-14 11:12:55,780:INFO:98182812:6|98182856:6|98182872:6|98182873:6|98183823:6|98183824:6|98183825:6|98183826:6|98183892:6|98184803:6|98184804:6|98184805:6|98184806:6|98184807:6|98184820:6|98184821:6|98184823:6|98184824:6|98184826:6|98184827:6|98184829:6|98184832:6|98184834:6|98184835:6|98184839:6|98184845:6|98184853:6|98184857:6|98184861:6|98184863:6|98184874:6|98184875:6|98184891:6|98185802:6|98185804:6|98185807:6|98185812:6|98185826:6|98185831:6|98185835:6|98185839:6|98185841:6|98185842:6|98185843:6|98185847:6|98185852:6|98185861:6|98185863:6|98185867:6|98185871:6|98185872:6|98185873:6|98185875:6|98185876:6|98185879:6|98185892:6|98185897:6|98186801:6|98186805:6|98186814:6|98186817:6|98186820:6|98186824:6|98186825:6|98186830:6|98186831:6|98186833:6|98186839:6|98186840:6|98186841:6|98186845:6|98186846:6|98186849:6|98186850:6|98186851:6|98186852:6|98186860:6|98186871:6|98186872:6|98186883:6|98186884:6|98186891:6|98186897:6|98187803:6|98187812:6|98187815:6|98187816:6|98187820:6|98187821:6|98187825:6|98187827:6|98187829:6|98187831:6|98187832:6|98187837:6|98187842:6|98187843:6|98187847:6|98187853:6|98187854:6|98187855:6|98187857:6|98187859:6|98187862:6|98187863:6|98187864:6|98187865:6|98187873:6|98187875:6|98187882:6|98187897:6|98188816:6|98188867:6|98188894:6|98189831:6|98189896:6
2019-10-14 11:15:12,520:INFO:98984871:6|98985812:6|98986865:6
2019-10-14 11:15:45,476:INFO:98880857:6|98882843:6|98883826:6|98883876:6|98884835:6|98884853:6|98884865:6|98885813:6|98885814:6|98885839:6|98885846:6|98886834:6|98886874:6|98886892:6|98887816:6|98887823:6|98887824:6|98887832:6|98887835:6|98887841:6|98887845:6|98887851:6|98887867:6|98889832:6
2019-10-14 11:15:59,358:INFO:РЕГИСТЕРИЙН ДУГААР
2019-10-14 11:16:00,625:INFO:ДУГААРАА СОНГОЖ БУЙ ХЭСЭГ
2019-10-14 11:16:00,625:INFO:2
2019-10-14 11:16:28,174:INFO:98182812:6|98182856:6|98182872:6|98182873:6|98183823:6|98183824:6|98183825:6|98183826:6|98183892:6|98184803:6|98184804:6|98184805:6|98184806:6|98184807:6|98184820:6|98184821:6|98184823:6|98184824:6|98184826:6|98184827:6|98184829:6|98184832:6|98184834:6|98184835:6|98184839:6|98184845:6|98184853:6|98184857:6|98184861:6|98184863:6|98184874:6|98184875:6|98184891:6|98185802:6|98185804:6|98185807:6|98185812:6|98185826:6|98185831:6|98185835:6|98185839:6|98185841:6|98185842:6|98185843:6|98185847:6|98185852:6|98185861:6|98185863:6|98185867:6|98185871:6|98185872:6|98185873:6|98185875:6|98185876:6|98185879:6|98185892:6|98185897:6|98186801:6|98186805:6|98186814:6|98186817:6|98186820:6|98186824:6|98186825:6|98186830:6|98186831:6|98186833:6|98186839:6|98186840:6|98186841:6|98186845:6|98186846:6|98186849:6|98186850:6|98186851:6|98186852:6|98186860:6|98186871:6|98186872:6|98186883:6|98186884:6|98186891:6|98186897:6|98187803:6|98187812:6|98187815:6|98187816:6|98187820:6|98187821:6|98187825:6|98187827:6|98187829:6|98187831:6|98187832:6|98187837:6|98187842:6|98187843:6|98187847:6|98187853:6|98187854:6|98187855:6|98187857:6|98187859:6|98187862:6|98187863:6|98187864:6|98187865:6|98187873:6|98187875:6|98187882:6|98187897:6|98188816:6|98188867:6|98188894:6|98189831:6|98189896:6
2019-10-14 11:16:33,407:INFO:-1
2019-10-14 11:26:00,812:INFO:----------------------------------------------------------------------------------------------------
2019-10-14 11:26:05,094:INFO:ДУГААРАА СОНГОЖ БУЙ ХЭСЭГ
2019-10-14 11:26:05,094:INFO:2
2019-10-14 11:26:09,500:INFO:98150012:6|98150059:6|98150067:6|98150074:6|98150077:7|98150113:6|98150134:6|98150140:6|98150146:6|98150153:6|98150162:6|98150165:6|98150175:6|98150184:6|98150239:6|98150241:6|98150243:6|98150245:6|98150249:6|98150253:6|98150262:6|98150264:6|98150267:6|98150270:6|98150271:6|98150274:6|98150277:6|98150279:6|98150280:6|98150284:6|98150286:6|98150289:6|98150290:6|98150293:6|98150294:6|98150296:6|98150297:6|98150335:6|98150340:6|98150341:6|98150344:6|98150347:6|98150349:6|98150357:6|98150359:6|98150360:6|98150361:6|98150362:6|98150367:6|98150371:6|98150376:6|98150377:6|98150378:6|98150379:6|98150382:6|98150385:6|98150394:6|98150397:6|98150417:6|98150421:6|98150432:6|98150436:6|98150438:6|98150452:6|98150453:6|98150456:6|98150457:6|98150461:6|98150462:6|98150467:6|98150468:6|98150469:6|98150470:6|98150471:6|98150476:6|98150477:6|98150479:6|98150482:6|98150484:6|98150490:6|98150491:6|98150492:6|98150495:6|98150496:6|98150497:6|98150498:6|98150534:6|98150541:6|98150544:6|98150561:6|98150562:6|98150564:6|98150569:6|98150571:6|98150572:6|98150573:6|98150574:6|98150576:6|98150577:6|98150578:6|98150582:6|98150584:6|98150586:6|98150587:6|98150591:6|98150592:6|98150594:6|98150617:6|98150619:6|98150621:6|98150636:6|98150638:6|98150640:6|98150642:6|98150643:6|98150647:6|98150649:6|98150650:6|98150652:6|98150653:6|98150654:6|98150661:6|98150663:6|98150664:6|98150668:6|98150670:6|98150672:6|98150673:6|98150675:6|98150681:6|98150682:6|98150684:6
2019-10-14 11:26:54,834:INFO:98182812:6|98182856:6|98182872:6|98182873:6|98183823:6|98183824:6|98183825:6|98183826:6|98183892:6|98184803:6|98184804:6|98184805:6|98184806:6|98184807:6|98184820:6|98184821:6|98184823:6|98184824:6|98184826:6|98184827:6|98184829:6|98184832:6|98184834:6|98184835:6|98184839:6|98184845:6|98184853:6|98184857:6|98184861:6|98184863:6|98184874:6|98184875:6|98184891:6|98185802:6|98185804:6|98185807:6|98185812:6|98185826:6|98185831:6|98185835:6|98185839:6|98185841:6|98185842:6|98185843:6|98185847:6|98185852:6|98185861:6|98185863:6|98185867:6|98185871:6|98185872:6|98185873:6|98185875:6|98185876:6|98185879:6|98185892:6|98185897:6|98186801:6|98186805:6|98186814:6|98186817:6|98186820:6|98186824:6|98186825:6|98186830:6|98186831:6|98186833:6|98186839:6|98186840:6|98186841:6|98186845:6|98186846:6|98186849:6|98186850:6|98186851:6|98186852:6|98186860:6|98186871:6|98186872:6|98186883:6|98186884:6|98186891:6|98186897:6|98187803:6|98187812:6|98187815:6|98187816:6|98187820:6|98187821:6|98187825:6|98187827:6|98187829:6|98187831:6|98187832:6|98187837:6|98187842:6|98187843:6|98187847:6|98187853:6|98187854:6|98187855:6|98187857:6|98187859:6|98187862:6|98187863:6|98187864:6|98187865:6|98187873:6|98187875:6|98187882:6|98187897:6|98188816:6|98188867:6|98188894:6|98189831:6|98189896:6
2019-10-14 11:27:06,928:INFO:98182812:6|98182856:6|98182872:6|98182873:6|98183823:6|98183824:6|98183825:6|98183826:6|98183892:6|98184803:6|98184804:6|98184805:6|98184806:6|98184807:6|98184820:6|98184821:6|98184823:6|98184824:6|98184826:6|98184827:6|98184829:6|98184832:6|98184834:6|98184835:6|98184839:6|98184845:6|98184853:6|98184857:6|98184861:6|98184863:6|98184874:6|98184875:6|98184891:6|98185802:6|98185804:6|98185807:6|98185812:6|98185826:6|98185831:6|98185835:6|98185839:6|98185841:6|98185842:6|98185843:6|98185847:6|98185852:6|98185861:6|98185863:6|98185867:6|98185871:6|98185872:6|98185873:6|98185875:6|98185876:6|98185879:6|98185892:6|98185897:6|98186801:6|98186805:6|98186814:6|98186817:6|98186820:6|98186824:6|98186825:6|98186830:6|98186831:6|98186833:6|98186839:6|98186840:6|98186841:6|98186845:6|98186846:6|98186849:6|98186850:6|98186851:6|98186852:6|98186860:6|98186871:6|98186872:6|98186883:6|98186884:6|98186891:6|98186897:6|98187803:6|98187812:6|98187815:6|98187816:6|98187820:6|98187821:6|98187825:6|98187827:6|98187829:6|98187831:6|98187832:6|98187837:6|98187842:6|98187843:6|98187847:6|98187853:6|98187854:6|98187855:6|98187857:6|98187859:6|98187862:6|98187863:6|98187864:6|98187865:6|98187873:6|98187875:6|98187882:6|98187897:6|98188816:6|98188867:6|98188894:6|98189831:6|98189896:6
2019-10-14 11:27:55,528:INFO:-1
2019-10-14 11:28:25,191:INFO:----------------------------------------------------------------------------------------------------
2019-10-14 11:28:26,395:INFO:ДУГААРАА СОНГОЖ БУЙ ХЭСЭГ
2019-10-14 11:28:26,395:INFO:2
2019-10-14 11:28:35,036:INFO:-1
2019-10-14 11:38:26,569:INFO:----------------------------------------------------------------------------------------------------
2019-10-14 11:48:27,125:INFO:----------------------------------------------------------------------------------------------------
2019-10-14 11:58:27,762:INFO:----------------------------------------------------------------------------------------------------
2019-10-14 12:08:28,372:INFO:----------------------------------------------------------------------------------------------------
2019-10-14 12:18:28,880:INFO:----------------------------------------------------------------------------------------------------
2019-10-14 12:28:29,355:INFO:----------------------------------------------------------------------------------------------------
2019-10-14 12:38:30,772:INFO:----------------------------------------------------------------------------------------------------
2019-10-14 12:48:32,065:INFO:----------------------------------------------------------------------------------------------------
2019-10-14 12:58:32,622:INFO:----------------------------------------------------------------------------------------------------
2019-10-14 13:08:33,117:INFO:----------------------------------------------------------------------------------------------------
2019-10-14 13:18:33,614:INFO:----------------------------------------------------------------------------------------------------
2019-10-14 13:28:34,201:INFO:----------------------------------------------------------------------------------------------------
2019-10-14 13:38:34,785:INFO:----------------------------------------------------------------------------------------------------
2019-10-14 13:48:35,342:INFO:----------------------------------------------------------------------------------------------------
2019-10-14 13:58:36,029:INFO:----------------------------------------------------------------------------------------------------
2019-10-14 14:08:36,680:INFO:----------------------------------------------------------------------------------------------------
2019-10-14 14:18:37,338:INFO:----------------------------------------------------------------------------------------------------
2019-10-14 14:28:37,868:INFO:----------------------------------------------------------------------------------------------------
2019-10-14 14:38:38,637:INFO:----------------------------------------------------------------------------------------------------
2019-10-14 14:48:39,131:INFO:----------------------------------------------------------------------------------------------------
2019-10-14 14:58:39,628:INFO:----------------------------------------------------------------------------------------------------
2019-10-14 15:08:40,200:INFO:----------------------------------------------------------------------------------------------------
2019-10-14 15:18:40,934:INFO:----------------------------------------------------------------------------------------------------
2019-10-14 15:28:41,579:INFO:----------------------------------------------------------------------------------------------------
2019-10-14 15:38:42,105:INFO:----------------------------------------------------------------------------------------------------
2019-10-14 15:48:42,720:INFO:----------------------------------------------------------------------------------------------------
2019-10-14 15:58:43,374:INFO:----------------------------------------------------------------------------------------------------
2019-10-14 16:08:43,862:INFO:----------------------------------------------------------------------------------------------------
2019-10-14 16:18:44,371:INFO:----------------------------------------------------------------------------------------------------
2019-10-14 16:28:45,747:INFO:----------------------------------------------------------------------------------------------------
2019-10-14 16:38:46,299:INFO:----------------------------------------------------------------------------------------------------
2019-10-14 16:48:46,789:INFO:----------------------------------------------------------------------------------------------------
2019-10-14 16:58:47,463:INFO:----------------------------------------------------------------------------------------------------
2019-10-14 17:08:47,967:INFO:----------------------------------------------------------------------------------------------------
2019-10-14 17:18:48,436:INFO:----------------------------------------------------------------------------------------------------
2019-10-14 17:28:48,973:INFO:----------------------------------------------------------------------------------------------------
2019-10-14 17:38:49,555:INFO:----------------------------------------------------------------------------------------------------
2019-10-14 17:45:13,605:INFO:ДУГААРАА СОНГОЖ БУЙ ХЭСЭГ
2019-10-14 17:45:13,605:INFO:2
2019-10-14 17:45:18,934:INFO:98180134:6|98180289:6|98180434:6|98180593:6|98180657:6|98180658:6|98180945:6|98180947:6|98181093:6|98181344:6|98181347:6|98181356:6|98181566:6|98181590:6|98181671:6|98181746:6|98181749:6|98181764:6|98181791:6|98181956:6|98181965:6|98182063:6|98182142:6|98182156:6|98182157:6|98182165:6|98182169:6|98182173:6|98182175:6|98182185:6|98182241:6|98182267:6|98182277:7|98182305:6|98182307:6|98182327:6|98182335:6|98182339:6|98182344:6|98182347:6|98182353:6|98182354:6|98182357:6|98182358:6|98182365:6|98182375:6|98182382:6|98182384:6|98182385:6|98182392:6|98182394:6|98182396:6|98182397:6|98182405:6|98182407:6|98182411:6|98182413:6|98182415:6|98182417:6|98182430:6|98182436:6|98182447:6|98182452:6|98182459:6|98182463:6|98182465:6|98182467:6|98182469:6|98182483:6|98182485:6|98182492:6|98182493:6|98182516:6|98182517:6|98182522:6|98182530:6|98182531:6|98182532:6|98182537:6|98182541:6|98182542:6|98182546:6|98182547:6|98182561:6|98182563:6|98182566:6|98182571:6|98182572:6|98182573:6|98182579:6|98182582:6|98182583:6|98182584:6|98182586:6|98182587:6|98182593:6|98182594:6|98182596:6|98182597:6|98182599:6|98182603:6|98182604:6|98182607:6|98182609:6|98182612:6|98182614:6|98182615:6|98182617:6|98182619:6|98182621:6|98182631:6|98182632:6|98182635:6|98182637:6|98182641:6|98182643:6|98182651:6|98182652:6|98182653:6|98182655:6|98182657:6|98182659:6|98182670:6|98182671:6|98182672:6|98182673:6|98182679:6|98182683:6|98182687:6|98182692:6|98182694:6|98182701:6
2019-10-14 17:48:42,390:INFO:----------------------------------------------------------------------------------------------------
2019-10-14 17:48:43,250:INFO:ДУГААРАА СОНГОЖ БУЙ ХЭСЭГ
2019-10-14 17:48:43,250:INFO:2
2019-10-14 17:48:47,394:INFO:98180134:6|98180289:6|98180434:6|98180593:6|98180657:6|98180658:6|98180945:6|98180947:6|98181093:6|98181344:6|98181347:6|98181356:6|98181566:6|98181590:6|98181671:6|98181746:6|98181749:6|98181764:6|98181791:6|98181956:6|98181965:6|98182063:6|98182142:6|98182156:6|98182157:6|98182165:6|98182169:6|98182173:6|98182175:6|98182185:6|98182241:6|98182267:6|98182277:7|98182305:6|98182307:6|98182327:6|98182335:6|98182339:6|98182344:6|98182347:6|98182353:6|98182354:6|98182357:6|98182358:6|98182365:6|98182375:6|98182382:6|98182384:6|98182385:6|98182392:6|98182394:6|98182396:6|98182397:6|98182405:6|98182407:6|98182411:6|98182413:6|98182415:6|98182417:6|98182430:6|98182436:6|98182447:6|98182452:6|98182459:6|98182463:6|98182465:6|98182467:6|98182469:6|98182483:6|98182485:6|98182492:6|98182493:6|98182516:6|98182517:6|98182522:6|98182530:6|98182531:6|98182532:6|98182537:6|98182541:6|98182542:6|98182546:6|98182547:6|98182561:6|98182563:6|98182566:6|98182571:6|98182572:6|98182573:6|98182579:6|98182582:6|98182583:6|98182584:6|98182586:6|98182587:6|98182593:6|98182594:6|98182596:6|98182597:6|98182599:6|98182603:6|98182604:6|98182607:6|98182609:6|98182612:6|98182614:6|98182615:6|98182617:6|98182619:6|98182621:6|98182631:6|98182632:6|98182635:6|98182637:6|98182641:6|98182643:6|98182651:6|98182652:6|98182653:6|98182655:6|98182657:6|98182659:6|98182670:6|98182671:6|98182672:6|98182673:6|98182679:6|98182683:6|98182687:6|98182692:6|98182694:6|98182701:6
2019-10-14 17:49:13,362:INFO:РЕГИСТЕРИЙН ДУГААР
2019-10-14 17:49:15,362:INFO:ДУГААРАА СОНГОЖ БУЙ ХЭСЭГ
2019-10-14 17:49:15,362:INFO:2
2019-10-14 17:59:15,546:INFO:----------------------------------------------------------------------------------------------------
2019-10-14 18:09:16,063:INFO:----------------------------------------------------------------------------------------------------
2019-10-14 18:19:16,618:INFO:----------------------------------------------------------------------------------------------------
2019-10-14 18:29:17,105:INFO:----------------------------------------------------------------------------------------------------
2019-10-14 18:39:17,592:INFO:----------------------------------------------------------------------------------------------------
2019-10-14 18:49:18,184:INFO:----------------------------------------------------------------------------------------------------
2019-10-14 18:59:18,670:INFO:----------------------------------------------------------------------------------------------------
2019-10-14 19:09:19,164:INFO:----------------------------------------------------------------------------------------------------
2019-10-14 19:19:19,648:INFO:----------------------------------------------------------------------------------------------------
2019-10-14 19:29:20,684:INFO:----------------------------------------------------------------------------------------------------
2019-10-14 19:39:21,369:INFO:----------------------------------------------------------------------------------------------------
2019-10-14 19:49:21,976:INFO:----------------------------------------------------------------------------------------------------
2019-10-14 19:59:22,572:INFO:----------------------------------------------------------------------------------------------------
2019-10-14 20:09:23,112:INFO:----------------------------------------------------------------------------------------------------
2019-10-14 20:19:23,986:INFO:----------------------------------------------------------------------------------------------------
2019-10-14 20:29:24,510:INFO:----------------------------------------------------------------------------------------------------
2019-10-14 20:39:25,036:INFO:----------------------------------------------------------------------------------------------------
2019-10-14 20:49:25,661:INFO:----------------------------------------------------------------------------------------------------
2019-10-14 20:59:26,312:INFO:----------------------------------------------------------------------------------------------------
2019-10-14 21:09:26,877:INFO:----------------------------------------------------------------------------------------------------
2019-10-14 21:19:27,464:INFO:----------------------------------------------------------------------------------------------------
2019-10-14 21:29:28,039:INFO:----------------------------------------------------------------------------------------------------
2019-10-14 21:39:28,706:INFO:----------------------------------------------------------------------------------------------------
2019-10-14 21:49:29,321:INFO:----------------------------------------------------------------------------------------------------
2019-10-14 21:59:29,888:INFO:----------------------------------------------------------------------------------------------------
2019-10-14 22:09:30,394:INFO:----------------------------------------------------------------------------------------------------
2019-10-14 22:19:30,900:INFO:----------------------------------------------------------------------------------------------------
2019-10-14 22:29:31,358:INFO:----------------------------------------------------------------------------------------------------
2019-10-14 22:39:31,888:INFO:----------------------------------------------------------------------------------------------------
2019-10-14 22:49:32,553:INFO:----------------------------------------------------------------------------------------------------
2019-10-14 22:59:33,180:INFO:----------------------------------------------------------------------------------------------------
2019-10-14 23:09:33,759:INFO:----------------------------------------------------------------------------------------------------
2019-10-14 23:19:34,357:INFO:----------------------------------------------------------------------------------------------------
2019-10-14 23:29:34,894:INFO:----------------------------------------------------------------------------------------------------
2019-10-14 23:39:35,436:INFO:----------------------------------------------------------------------------------------------------
2019-10-14 23:49:35,921:INFO:----------------------------------------------------------------------------------------------------
2019-10-14 23:59:36,279:INFO:----------------------------------------------------------------------------------------------------
2019-10-15 00:09:36,905:INFO:----------------------------------------------------------------------------------------------------
2019-10-15 00:19:37,483:INFO:----------------------------------------------------------------------------------------------------
2019-10-15 00:29:38,112:INFO:----------------------------------------------------------------------------------------------------
2019-10-15 00:39:38,700:INFO:----------------------------------------------------------------------------------------------------
2019-10-15 00:49:39,207:INFO:----------------------------------------------------------------------------------------------------
2019-10-15 00:59:39,805:INFO:----------------------------------------------------------------------------------------------------
2019-10-15 01:09:40,338:INFO:----------------------------------------------------------------------------------------------------
2019-10-15 01:19:40,828:INFO:----------------------------------------------------------------------------------------------------
2019-10-15 01:29:41,395:INFO:----------------------------------------------------------------------------------------------------
2019-10-15 01:39:42,022:INFO:----------------------------------------------------------------------------------------------------
2019-10-15 01:49:42,538:INFO:----------------------------------------------------------------------------------------------------
2019-10-15 01:59:43,128:INFO:----------------------------------------------------------------------------------------------------
2019-10-15 02:09:43,759:INFO:----------------------------------------------------------------------------------------------------
2019-10-15 02:19:44,392:INFO:----------------------------------------------------------------------------------------------------
2019-10-15 02:29:44,881:INFO:----------------------------------------------------------------------------------------------------
2019-10-15 02:39:45,397:INFO:----------------------------------------------------------------------------------------------------
2019-10-15 02:49:45,984:INFO:----------------------------------------------------------------------------------------------------
2019-10-15 02:59:46,450:INFO:----------------------------------------------------------------------------------------------------
2019-10-15 03:09:47,046:INFO:----------------------------------------------------------------------------------------------------
2019-10-15 03:19:47,565:INFO:----------------------------------------------------------------------------------------------------
2019-10-15 03:29:48,214:INFO:----------------------------------------------------------------------------------------------------
2019-10-15 03:39:48,864:INFO:----------------------------------------------------------------------------------------------------
2019-10-15 03:49:49,367:INFO:----------------------------------------------------------------------------------------------------
2019-10-15 03:59:49,878:INFO:----------------------------------------------------------------------------------------------------
2019-10-15 04:09:50,530:INFO:----------------------------------------------------------------------------------------------------
2019-10-15 04:19:51,226:INFO:----------------------------------------------------------------------------------------------------
2019-10-15 04:29:51,690:INFO:----------------------------------------------------------------------------------------------------
2019-10-15 04:39:52,236:INFO:----------------------------------------------------------------------------------------------------
2019-10-15 04:49:52,989:INFO:----------------------------------------------------------------------------------------------------
2019-10-15 04:59:53,571:INFO:----------------------------------------------------------------------------------------------------
2019-10-15 05:09:54,096:INFO:----------------------------------------------------------------------------------------------------
2019-10-15 05:19:54,637:INFO:----------------------------------------------------------------------------------------------------
2019-10-15 05:29:55,191:INFO:----------------------------------------------------------------------------------------------------
2019-10-15 05:39:55,803:INFO:----------------------------------------------------------------------------------------------------
2019-10-15 05:49:56,380:INFO:----------------------------------------------------------------------------------------------------
2019-10-15 05:59:56,894:INFO:----------------------------------------------------------------------------------------------------
2019-10-15 06:09:57,486:INFO:----------------------------------------------------------------------------------------------------
2019-10-15 06:19:58,145:INFO:----------------------------------------------------------------------------------------------------
2019-10-15 06:29:58,815:INFO:----------------------------------------------------------------------------------------------------
2019-10-15 06:39:59,440:INFO:----------------------------------------------------------------------------------------------------
2019-10-15 06:49:59,937:INFO:----------------------------------------------------------------------------------------------------
2019-10-15 07:00:00,506:INFO:----------------------------------------------------------------------------------------------------
2019-10-15 07:10:01,010:INFO:----------------------------------------------------------------------------------------------------
2019-10-15 07:20:01,493:INFO:----------------------------------------------------------------------------------------------------
2019-10-15 07:30:01,969:INFO:----------------------------------------------------------------------------------------------------
2019-10-15 07:40:02,517:INFO:----------------------------------------------------------------------------------------------------
2019-10-15 07:50:02,954:INFO:----------------------------------------------------------------------------------------------------
2019-10-15 08:00:03,611:INFO:----------------------------------------------------------------------------------------------------
2019-10-15 08:10:04,194:INFO:----------------------------------------------------------------------------------------------------
2019-10-15 08:20:05,098:INFO:----------------------------------------------------------------------------------------------------
2019-10-15 08:30:05,703:INFO:----------------------------------------------------------------------------------------------------
2019-10-15 08:40:06,200:INFO:----------------------------------------------------------------------------------------------------
2019-10-15 08:50:06,838:INFO:----------------------------------------------------------------------------------------------------
2019-10-15 09:00:07,331:INFO:----------------------------------------------------------------------------------------------------
2019-10-15 09:10:07,846:INFO:----------------------------------------------------------------------------------------------------
2019-10-15 09:20:08,456:INFO:----------------------------------------------------------------------------------------------------
2019-10-15 09:30:09,078:INFO:----------------------------------------------------------------------------------------------------
2019-10-15 09:40:09,713:INFO:----------------------------------------------------------------------------------------------------
2019-10-15 09:50:10,309:INFO:----------------------------------------------------------------------------------------------------
2019-10-15 10:00:10,799:INFO:----------------------------------------------------------------------------------------------------
2019-10-15 10:10:12,079:INFO:----------------------------------------------------------------------------------------------------
2019-10-15 10:20:12,575:INFO:----------------------------------------------------------------------------------------------------
2019-10-15 10:30:13,052:INFO:----------------------------------------------------------------------------------------------------
2019-10-15 10:40:13,586:INFO:----------------------------------------------------------------------------------------------------
2019-10-15 10:50:14,187:INFO:----------------------------------------------------------------------------------------------------
2019-10-15 11:00:14,855:INFO:----------------------------------------------------------------------------------------------------
2019-10-15 11:10:15,509:INFO:----------------------------------------------------------------------------------------------------
2019-10-15 11:20:15,979:INFO:----------------------------------------------------------------------------------------------------
2019-10-15 11:30:16,497:INFO:----------------------------------------------------------------------------------------------------
2019-10-15 11:40:17,016:INFO:----------------------------------------------------------------------------------------------------
2019-10-15 11:50:17,505:INFO:----------------------------------------------------------------------------------------------------
2019-10-15 12:00:18,016:INFO:----------------------------------------------------------------------------------------------------
2019-10-15 12:10:18,573:INFO:----------------------------------------------------------------------------------------------------
2019-10-15 12:20:19,176:INFO:----------------------------------------------------------------------------------------------------
2019-10-15 12:30:19,802:INFO:----------------------------------------------------------------------------------------------------
2019-10-15 12:40:20,381:INFO:----------------------------------------------------------------------------------------------------
2019-10-15 12:50:20,904:INFO:----------------------------------------------------------------------------------------------------
2019-10-15 13:00:21,519:INFO:----------------------------------------------------------------------------------------------------
2019-10-15 13:10:22,029:INFO:----------------------------------------------------------------------------------------------------
2019-10-15 13:20:22,569:INFO:----------------------------------------------------------------------------------------------------
2019-10-15 13:30:23,190:INFO:----------------------------------------------------------------------------------------------------
2019-10-15 13:40:23,775:INFO:----------------------------------------------------------------------------------------------------
2019-10-15 13:50:24,339:INFO:----------------------------------------------------------------------------------------------------
2019-10-15 14:00:24,904:INFO:----------------------------------------------------------------------------------------------------
2019-10-15 14:10:25,536:INFO:----------------------------------------------------------------------------------------------------
2019-10-15 14:20:26,101:INFO:----------------------------------------------------------------------------------------------------
2019-10-15 14:30:26,635:INFO:----------------------------------------------------------------------------------------------------
2019-10-15 14:40:27,171:INFO:----------------------------------------------------------------------------------------------------
2019-10-15 14:50:27,711:INFO:----------------------------------------------------------------------------------------------------
2019-10-15 15:00:28,273:INFO:----------------------------------------------------------------------------------------------------
2019-10-15 15:10:28,864:INFO:----------------------------------------------------------------------------------------------------
2019-10-15 15:20:29,457:INFO:----------------------------------------------------------------------------------------------------
2019-10-15 15:30:30,029:INFO:----------------------------------------------------------------------------------------------------
2019-10-15 15:40:30,605:INFO:----------------------------------------------------------------------------------------------------
2019-10-15 15:50:31,210:INFO:----------------------------------------------------------------------------------------------------
2019-10-15 16:00:31,677:INFO:----------------------------------------------------------------------------------------------------
2019-10-15 16:10:32,203:INFO:----------------------------------------------------------------------------------------------------
2019-10-15 16:20:32,701:INFO:----------------------------------------------------------------------------------------------------
2019-10-15 16:30:33,467:INFO:----------------------------------------------------------------------------------------------------
2019-10-15 16:40:34,829:INFO:----------------------------------------------------------------------------------------------------
2019-10-15 16:50:36,230:INFO:----------------------------------------------------------------------------------------------------
2019-10-15 17:00:47,523:INFO:----------------------------------------------------------------------------------------------------
2019-10-15 17:10:48,253:INFO:----------------------------------------------------------------------------------------------------
2019-10-15 17:20:49,650:INFO:----------------------------------------------------------------------------------------------------
2019-10-15 17:30:50,517:INFO:----------------------------------------------------------------------------------------------------
2019-10-15 17:40:51,256:INFO:----------------------------------------------------------------------------------------------------
2019-10-15 17:50:52,552:INFO:----------------------------------------------------------------------------------------------------
2019-10-15 18:00:53,845:INFO:----------------------------------------------------------------------------------------------------
2019-10-15 18:10:55,835:INFO:----------------------------------------------------------------------------------------------------
2019-10-15 18:20:57,184:INFO:----------------------------------------------------------------------------------------------------
2019-10-15 18:30:58,484:INFO:----------------------------------------------------------------------------------------------------
2019-10-15 18:40:59,786:INFO:----------------------------------------------------------------------------------------------------
2019-10-15 18:51:01,131:INFO:----------------------------------------------------------------------------------------------------
2019-10-15 19:01:02,428:INFO:----------------------------------------------------------------------------------------------------
2019-10-15 19:11:03,727:INFO:----------------------------------------------------------------------------------------------------
2019-10-15 19:21:05,114:INFO:----------------------------------------------------------------------------------------------------
2019-10-15 19:31:06,503:INFO:----------------------------------------------------------------------------------------------------
2019-10-15 19:41:07,801:INFO:----------------------------------------------------------------------------------------------------
2019-10-15 19:51:08,542:INFO:----------------------------------------------------------------------------------------------------
2019-10-15 20:01:09,177:INFO:----------------------------------------------------------------------------------------------------
2019-10-15 20:11:09,828:INFO:----------------------------------------------------------------------------------------------------
2019-10-15 20:21:10,431:INFO:----------------------------------------------------------------------------------------------------
2019-10-15 20:31:11,131:INFO:----------------------------------------------------------------------------------------------------
2019-10-15 20:41:11,786:INFO:----------------------------------------------------------------------------------------------------
2019-10-15 20:51:12,477:INFO:----------------------------------------------------------------------------------------------------
2019-10-15 21:01:13,056:INFO:----------------------------------------------------------------------------------------------------
2019-10-15 21:11:13,684:INFO:----------------------------------------------------------------------------------------------------
2019-10-15 21:21:14,283:INFO:----------------------------------------------------------------------------------------------------
2019-10-15 21:31:14,829:INFO:----------------------------------------------------------------------------------------------------
2019-10-15 21:41:15,421:INFO:----------------------------------------------------------------------------------------------------
2019-10-15 21:51:16,013:INFO:----------------------------------------------------------------------------------------------------
2019-10-15 22:01:16,644:INFO:----------------------------------------------------------------------------------------------------
2019-10-15 22:11:17,253:INFO:----------------------------------------------------------------------------------------------------
2019-10-15 22:21:17,755:INFO:----------------------------------------------------------------------------------------------------
2019-10-15 22:31:18,266:INFO:----------------------------------------------------------------------------------------------------
2019-10-15 22:41:18,744:INFO:----------------------------------------------------------------------------------------------------
2019-10-15 22:51:19,237:INFO:----------------------------------------------------------------------------------------------------
2019-10-15 23:01:19,747:INFO:----------------------------------------------------------------------------------------------------
2019-10-15 23:11:20,293:INFO:----------------------------------------------------------------------------------------------------
2019-10-15 23:21:20,822:INFO:----------------------------------------------------------------------------------------------------
2019-10-15 23:31:21,322:INFO:----------------------------------------------------------------------------------------------------
2019-10-15 23:41:21,865:INFO:----------------------------------------------------------------------------------------------------
2019-10-15 23:51:22,434:INFO:----------------------------------------------------------------------------------------------------
2019-10-16 00:01:23,062:INFO:----------------------------------------------------------------------------------------------------
2019-10-16 00:11:23,687:INFO:----------------------------------------------------------------------------------------------------
2019-10-16 00:21:24,296:INFO:----------------------------------------------------------------------------------------------------
2019-10-16 00:31:24,849:INFO:----------------------------------------------------------------------------------------------------
2019-10-16 00:41:25,410:INFO:----------------------------------------------------------------------------------------------------
2019-10-16 00:51:26,000:INFO:----------------------------------------------------------------------------------------------------
2019-10-16 01:01:26,499:INFO:----------------------------------------------------------------------------------------------------
2019-10-16 01:11:27,006:INFO:----------------------------------------------------------------------------------------------------
2019-10-16 01:21:27,515:INFO:----------------------------------------------------------------------------------------------------
2019-10-16 01:31:28,016:INFO:----------------------------------------------------------------------------------------------------
2019-10-16 01:41:28,548:INFO:----------------------------------------------------------------------------------------------------
2019-10-16 01:51:29,102:INFO:----------------------------------------------------------------------------------------------------
2019-10-16 02:01:29,595:INFO:----------------------------------------------------------------------------------------------------
2019-10-16 02:11:30,161:INFO:----------------------------------------------------------------------------------------------------
2019-10-16 02:21:30,631:INFO:----------------------------------------------------------------------------------------------------
2019-10-16 02:31:31,134:INFO:----------------------------------------------------------------------------------------------------
2019-10-16 02:41:31,696:INFO:----------------------------------------------------------------------------------------------------
2019-10-16 02:51:32,230:INFO:----------------------------------------------------------------------------------------------------
2019-10-16 03:01:32,736:INFO:----------------------------------------------------------------------------------------------------
2019-10-16 03:11:33,244:INFO:----------------------------------------------------------------------------------------------------
2019-10-16 03:21:33,780:INFO:----------------------------------------------------------------------------------------------------
2019-10-16 03:31:34,371:INFO:----------------------------------------------------------------------------------------------------
2019-10-16 03:41:34,891:INFO:----------------------------------------------------------------------------------------------------
2019-10-16 03:51:35,469:INFO:----------------------------------------------------------------------------------------------------
2019-10-16 04:01:36,062:INFO:----------------------------------------------------------------------------------------------------
2019-10-16 04:11:36,565:INFO:----------------------------------------------------------------------------------------------------
2019-10-16 04:21:37,045:INFO:----------------------------------------------------------------------------------------------------
2019-10-16 04:31:37,617:INFO:----------------------------------------------------------------------------------------------------
2019-10-16 04:41:38,137:INFO:----------------------------------------------------------------------------------------------------
2019-10-16 04:51:38,617:INFO:----------------------------------------------------------------------------------------------------
2019-10-16 05:01:39,153:INFO:----------------------------------------------------------------------------------------------------
2019-10-16 05:11:39,691:INFO:----------------------------------------------------------------------------------------------------
2019-10-16 05:21:40,167:INFO:----------------------------------------------------------------------------------------------------
2019-10-16 05:31:40,704:INFO:----------------------------------------------------------------------------------------------------
2019-10-16 05:41:41,214:INFO:----------------------------------------------------------------------------------------------------
2019-10-16 05:51:41,707:INFO:----------------------------------------------------------------------------------------------------
2019-10-16 06:01:42,278:INFO:----------------------------------------------------------------------------------------------------
2019-10-16 06:11:42,966:INFO:----------------------------------------------------------------------------------------------------
2019-10-16 06:21:43,466:INFO:----------------------------------------------------------------------------------------------------
2019-10-16 06:31:44,303:INFO:----------------------------------------------------------------------------------------------------
2019-10-16 06:41:44,829:INFO:----------------------------------------------------------------------------------------------------
2019-10-16 06:51:45,355:INFO:----------------------------------------------------------------------------------------------------
2019-10-16 07:01:45,849:INFO:----------------------------------------------------------------------------------------------------
2019-10-16 07:11:46,361:INFO:----------------------------------------------------------------------------------------------------
2019-10-16 07:21:46,884:INFO:----------------------------------------------------------------------------------------------------
2019-10-16 07:31:47,345:INFO:----------------------------------------------------------------------------------------------------
2019-10-16 07:41:47,841:INFO:----------------------------------------------------------------------------------------------------
2019-10-16 07:51:48,542:INFO:----------------------------------------------------------------------------------------------------
2019-10-16 08:01:49,176:INFO:----------------------------------------------------------------------------------------------------
2019-10-16 08:11:49,819:INFO:----------------------------------------------------------------------------------------------------
2019-10-16 08:21:50,384:INFO:----------------------------------------------------------------------------------------------------
2019-10-16 08:31:50,882:INFO:----------------------------------------------------------------------------------------------------
2019-10-16 08:41:51,384:INFO:----------------------------------------------------------------------------------------------------
2019-10-16 08:51:51,933:INFO:----------------------------------------------------------------------------------------------------
2019-10-16 09:01:52,457:INFO:----------------------------------------------------------------------------------------------------
2019-10-16 09:11:53,039:INFO:----------------------------------------------------------------------------------------------------
2019-10-16 09:21:53,568:INFO:----------------------------------------------------------------------------------------------------
2019-10-16 09:31:54,184:INFO:----------------------------------------------------------------------------------------------------
2019-10-16 09:41:54,831:INFO:----------------------------------------------------------------------------------------------------
2019-10-16 09:51:55,392:INFO:----------------------------------------------------------------------------------------------------
2019-10-16 10:01:55,960:INFO:----------------------------------------------------------------------------------------------------
2019-10-16 10:11:56,546:INFO:----------------------------------------------------------------------------------------------------
2019-10-16 10:21:57,092:INFO:----------------------------------------------------------------------------------------------------
2019-10-16 10:31:57,671:INFO:----------------------------------------------------------------------------------------------------
2019-10-16 10:41:58,259:INFO:----------------------------------------------------------------------------------------------------
2019-10-16 10:51:58,941:INFO:----------------------------------------------------------------------------------------------------
2019-10-16 11:01:59,719:INFO:----------------------------------------------------------------------------------------------------
2019-10-16 11:12:00,367:INFO:----------------------------------------------------------------------------------------------------
2019-10-16 11:22:00,973:INFO:----------------------------------------------------------------------------------------------------
2019-10-16 11:32:01,579:INFO:----------------------------------------------------------------------------------------------------
2019-10-16 11:42:02,186:INFO:----------------------------------------------------------------------------------------------------
2019-10-16 11:52:02,793:INFO:----------------------------------------------------------------------------------------------------
2019-10-16 12:02:03,480:INFO:----------------------------------------------------------------------------------------------------
2019-10-16 12:12:04,184:INFO:----------------------------------------------------------------------------------------------------
2019-10-16 12:22:04,759:INFO:----------------------------------------------------------------------------------------------------
2019-10-16 12:32:05,301:INFO:----------------------------------------------------------------------------------------------------
2019-10-16 12:42:05,888:INFO:----------------------------------------------------------------------------------------------------
2019-10-16 12:52:06,463:INFO:----------------------------------------------------------------------------------------------------
2019-10-16 13:02:07,069:INFO:----------------------------------------------------------------------------------------------------
2019-10-16 13:12:07,644:INFO:----------------------------------------------------------------------------------------------------
2019-10-16 13:22:08,380:INFO:----------------------------------------------------------------------------------------------------
2019-10-16 13:32:08,976:INFO:----------------------------------------------------------------------------------------------------
2019-10-16 13:42:09,529:INFO:----------------------------------------------------------------------------------------------------
2019-10-16 13:52:10,180:INFO:----------------------------------------------------------------------------------------------------
2019-10-16 14:02:10,706:INFO:----------------------------------------------------------------------------------------------------
2019-10-16 14:12:11,298:INFO:----------------------------------------------------------------------------------------------------
2019-10-16 14:22:11,855:INFO:----------------------------------------------------------------------------------------------------
2019-10-16 14:32:12,375:INFO:----------------------------------------------------------------------------------------------------
2019-10-16 14:42:12,915:INFO:----------------------------------------------------------------------------------------------------
2019-10-16 14:52:13,506:INFO:----------------------------------------------------------------------------------------------------
2019-10-16 15:02:14,122:INFO:----------------------------------------------------------------------------------------------------
2019-10-16 15:12:14,638:INFO:----------------------------------------------------------------------------------------------------
2019-10-16 15:22:15,187:INFO:----------------------------------------------------------------------------------------------------
2019-10-16 15:32:15,734:INFO:----------------------------------------------------------------------------------------------------
2019-10-16 15:42:16,270:INFO:----------------------------------------------------------------------------------------------------
2019-10-16 15:52:16,802:INFO:----------------------------------------------------------------------------------------------------
2019-10-16 16:02:17,357:INFO:----------------------------------------------------------------------------------------------------
2019-10-16 16:12:18,049:INFO:----------------------------------------------------------------------------------------------------
2019-10-16 16:22:18,546:INFO:----------------------------------------------------------------------------------------------------
2019-10-16 16:32:19,055:INFO:----------------------------------------------------------------------------------------------------
2019-10-16 16:42:19,661:INFO:----------------------------------------------------------------------------------------------------
2019-10-16 16:52:20,322:INFO:----------------------------------------------------------------------------------------------------
2019-10-16 17:02:20,917:INFO:----------------------------------------------------------------------------------------------------
2019-10-16 17:12:21,461:INFO:----------------------------------------------------------------------------------------------------
2019-10-16 17:22:21,974:INFO:----------------------------------------------------------------------------------------------------
2019-10-16 17:32:22,496:INFO:----------------------------------------------------------------------------------------------------
2019-10-16 17:42:23,009:INFO:----------------------------------------------------------------------------------------------------
2019-10-16 17:52:24,954:INFO:----------------------------------------------------------------------------------------------------
2019-10-16 18:02:25,592:INFO:----------------------------------------------------------------------------------------------------
2019-10-16 18:12:26,227:INFO:----------------------------------------------------------------------------------------------------
2019-10-16 18:22:26,752:INFO:----------------------------------------------------------------------------------------------------
2019-10-16 18:32:27,273:INFO:----------------------------------------------------------------------------------------------------
2019-10-16 18:42:27,759:INFO:----------------------------------------------------------------------------------------------------
2019-10-16 18:52:28,239:INFO:----------------------------------------------------------------------------------------------------
2019-10-16 19:02:28,740:INFO:----------------------------------------------------------------------------------------------------
2019-10-16 19:12:29,322:INFO:----------------------------------------------------------------------------------------------------
2019-10-16 19:22:29,970:INFO:----------------------------------------------------------------------------------------------------
2019-10-16 19:32:30,680:INFO:----------------------------------------------------------------------------------------------------
2019-10-16 19:42:31,405:INFO:----------------------------------------------------------------------------------------------------
2019-10-16 19:52:32,033:INFO:----------------------------------------------------------------------------------------------------
2019-10-16 20:02:32,549:INFO:----------------------------------------------------------------------------------------------------
2019-10-16 20:12:33,088:INFO:----------------------------------------------------------------------------------------------------
2019-10-16 20:22:33,628:INFO:----------------------------------------------------------------------------------------------------
2019-10-16 20:32:34,247:INFO:----------------------------------------------------------------------------------------------------
2019-10-16 20:42:34,858:INFO:----------------------------------------------------------------------------------------------------
2019-10-16 20:52:35,456:INFO:----------------------------------------------------------------------------------------------------
2019-10-16 21:02:36,042:INFO:----------------------------------------------------------------------------------------------------
2019-10-16 21:12:36,548:INFO:----------------------------------------------------------------------------------------------------
2019-10-16 21:22:37,963:INFO:----------------------------------------------------------------------------------------------------
2019-10-16 21:32:38,448:INFO:----------------------------------------------------------------------------------------------------
2019-10-16 21:42:39,035:INFO:----------------------------------------------------------------------------------------------------
2019-10-16 21:52:39,617:INFO:----------------------------------------------------------------------------------------------------
2019-10-16 22:02:40,305:INFO:----------------------------------------------------------------------------------------------------
2019-10-16 22:12:40,861:INFO:----------------------------------------------------------------------------------------------------
2019-10-16 22:22:41,663:INFO:----------------------------------------------------------------------------------------------------
2019-10-16 22:32:42,280:INFO:----------------------------------------------------------------------------------------------------
2019-10-16 22:42:42,849:INFO:----------------------------------------------------------------------------------------------------
2019-10-16 22:52:43,332:INFO:----------------------------------------------------------------------------------------------------
2019-10-16 23:02:43,911:INFO:----------------------------------------------------------------------------------------------------
2019-10-16 23:12:44,562:INFO:----------------------------------------------------------------------------------------------------
2019-10-16 23:22:45,165:INFO:----------------------------------------------------------------------------------------------------
2019-10-16 23:32:45,829:INFO:----------------------------------------------------------------------------------------------------
2019-10-16 23:42:46,480:INFO:----------------------------------------------------------------------------------------------------
2019-10-16 23:52:46,980:INFO:----------------------------------------------------------------------------------------------------
2019-10-17 00:02:47,401:INFO:----------------------------------------------------------------------------------------------------
2019-10-17 00:12:47,885:INFO:----------------------------------------------------------------------------------------------------
2019-10-17 00:22:48,494:INFO:----------------------------------------------------------------------------------------------------
2019-10-17 00:32:49,117:INFO:----------------------------------------------------------------------------------------------------
2019-10-17 00:42:49,796:INFO:----------------------------------------------------------------------------------------------------
2019-10-17 00:52:50,318:INFO:----------------------------------------------------------------------------------------------------
2019-10-17 01:02:50,954:INFO:----------------------------------------------------------------------------------------------------
2019-10-17 01:12:51,535:INFO:----------------------------------------------------------------------------------------------------
2019-10-17 01:22:52,089:INFO:----------------------------------------------------------------------------------------------------
2019-10-17 01:32:52,619:INFO:----------------------------------------------------------------------------------------------------
2019-10-17 01:42:53,137:INFO:----------------------------------------------------------------------------------------------------
2019-10-17 01:52:53,709:INFO:----------------------------------------------------------------------------------------------------
2019-10-17 02:02:54,283:INFO:----------------------------------------------------------------------------------------------------
2019-10-17 02:12:54,776:INFO:----------------------------------------------------------------------------------------------------
2019-10-17 02:22:55,382:INFO:----------------------------------------------------------------------------------------------------
2019-10-17 02:32:55,976:INFO:----------------------------------------------------------------------------------------------------
2019-10-17 02:42:56,542:INFO:----------------------------------------------------------------------------------------------------
2019-10-17 02:52:57,089:INFO:----------------------------------------------------------------------------------------------------
2019-10-17 03:02:57,765:INFO:----------------------------------------------------------------------------------------------------
2019-10-17 03:12:58,447:INFO:----------------------------------------------------------------------------------------------------
2019-10-17 03:22:59,148:INFO:----------------------------------------------------------------------------------------------------
2019-10-17 03:32:59,694:INFO:----------------------------------------------------------------------------------------------------
2019-10-17 03:43:00,359:INFO:----------------------------------------------------------------------------------------------------
2019-10-17 03:53:01,006:INFO:----------------------------------------------------------------------------------------------------
2019-10-17 04:03:01,678:INFO:----------------------------------------------------------------------------------------------------
2019-10-17 04:13:02,414:INFO:----------------------------------------------------------------------------------------------------
2019-10-17 04:23:03,059:INFO:----------------------------------------------------------------------------------------------------
2019-10-17 04:33:03,664:INFO:----------------------------------------------------------------------------------------------------
2019-10-17 04:43:04,173:INFO:----------------------------------------------------------------------------------------------------
2019-10-17 04:53:04,733:INFO:----------------------------------------------------------------------------------------------------
2019-10-17 05:03:05,420:INFO:----------------------------------------------------------------------------------------------------
2019-10-17 05:13:06,033:INFO:----------------------------------------------------------------------------------------------------
2019-10-17 05:23:06,618:INFO:----------------------------------------------------------------------------------------------------
2019-10-17 05:33:07,157:INFO:----------------------------------------------------------------------------------------------------
2019-10-17 05:43:07,769:INFO:----------------------------------------------------------------------------------------------------
2019-10-17 05:53:08,388:INFO:----------------------------------------------------------------------------------------------------
2019-10-17 06:03:08,957:INFO:----------------------------------------------------------------------------------------------------
2019-10-17 06:13:09,611:INFO:----------------------------------------------------------------------------------------------------
2019-10-17 06:23:10,236:INFO:----------------------------------------------------------------------------------------------------
2019-10-17 06:33:10,808:INFO:----------------------------------------------------------------------------------------------------
2019-10-17 06:43:11,440:INFO:----------------------------------------------------------------------------------------------------
2019-10-17 06:53:12,184:INFO:----------------------------------------------------------------------------------------------------
2019-10-17 07:03:12,802:INFO:----------------------------------------------------------------------------------------------------
2019-10-17 07:13:13,345:INFO:----------------------------------------------------------------------------------------------------
2019-10-17 07:23:13,895:INFO:----------------------------------------------------------------------------------------------------
2019-10-17 07:33:14,394:INFO:----------------------------------------------------------------------------------------------------
2019-10-17 07:43:14,967:INFO:----------------------------------------------------------------------------------------------------
2019-10-17 07:53:15,625:INFO:----------------------------------------------------------------------------------------------------
2019-10-17 08:03:16,249:INFO:----------------------------------------------------------------------------------------------------
2019-10-17 08:13:16,865:INFO:----------------------------------------------------------------------------------------------------
2019-10-17 08:23:17,503:INFO:----------------------------------------------------------------------------------------------------
2019-10-17 08:33:18,088:INFO:----------------------------------------------------------------------------------------------------
2019-10-17 08:43:18,618:INFO:----------------------------------------------------------------------------------------------------
2019-10-17 08:53:19,118:INFO:----------------------------------------------------------------------------------------------------
2019-10-17 09:03:19,714:INFO:----------------------------------------------------------------------------------------------------
2019-10-17 09:13:20,270:INFO:----------------------------------------------------------------------------------------------------
2019-10-17 09:23:20,835:INFO:----------------------------------------------------------------------------------------------------
2019-10-17 09:33:21,365:INFO:----------------------------------------------------------------------------------------------------
2019-10-17 09:43:21,934:INFO:----------------------------------------------------------------------------------------------------
2019-10-17 09:53:22,542:INFO:----------------------------------------------------------------------------------------------------
2019-10-17 10:03:23,118:INFO:----------------------------------------------------------------------------------------------------
2019-10-17 10:13:23,755:INFO:----------------------------------------------------------------------------------------------------
2019-10-17 10:23:24,355:INFO:----------------------------------------------------------------------------------------------------
2019-10-17 10:33:24,875:INFO:----------------------------------------------------------------------------------------------------
2019-10-17 10:43:25,423:INFO:----------------------------------------------------------------------------------------------------
2019-10-17 10:53:25,956:INFO:----------------------------------------------------------------------------------------------------
2019-10-17 11:03:26,496:INFO:----------------------------------------------------------------------------------------------------
2019-10-17 11:13:27,191:INFO:----------------------------------------------------------------------------------------------------
2019-10-17 11:23:27,789:INFO:----------------------------------------------------------------------------------------------------
2019-10-17 11:33:28,404:INFO:----------------------------------------------------------------------------------------------------
2019-10-17 11:43:28,904:INFO:----------------------------------------------------------------------------------------------------
2019-10-17 11:53:29,426:INFO:----------------------------------------------------------------------------------------------------
2019-10-17 12:03:29,987:INFO:----------------------------------------------------------------------------------------------------
2019-10-17 12:13:30,506:INFO:----------------------------------------------------------------------------------------------------
2019-10-17 12:23:31,006:INFO:----------------------------------------------------------------------------------------------------
2019-10-17 12:33:31,595:INFO:----------------------------------------------------------------------------------------------------
