2020-06-20 06:28:57,671:INFO:------------------------------------------------------------------------------------------------
2020-06-20 06:53:04,625:INFO:------------------------------------------------------------------------------------------------
2020-06-20 07:15:32,146:INFO:------------------------------------------------------------------------------------------------
2020-06-20 07:23:14,116:INFO:------------------------------------------------------------------------------------------------
2020-06-20 07:28:58,120:INFO:------------------------------------------------------------------------------------------------
2020-06-20 07:53:04,697:INFO:------------------------------------------------------------------------------------------------
2020-06-20 08:15:33,172:INFO:------------------------------------------------------------------------------------------------
2020-06-20 08:23:18,765:INFO:------------------------------------------------------------------------------------------------
2020-06-20 08:28:58,362:INFO:------------------------------------------------------------------------------------------------
2020-06-20 08:53:04,762:INFO:------------------------------------------------------------------------------------------------
2020-06-20 09:15:34,227:INFO:------------------------------------------------------------------------------------------------
2020-06-20 09:23:23,463:INFO:------------------------------------------------------------------------------------------------
2020-06-20 09:28:58,633:INFO:------------------------------------------------------------------------------------------------
2020-06-20 09:53:04,824:INFO:------------------------------------------------------------------------------------------------
2020-06-20 10:04:07,586:INFO:ДУГААРАА СОНГОЖ БУЙ ХЭСЭГ
2020-06-20 10:04:07,587:INFO:7
2020-06-20 10:04:29,013:INFO:ДУГААРАА СОНГОЖ БУЙ ХЭСЭГ
2020-06-20 10:04:29,013:INFO:3
2020-06-20 10:04:39,078:INFO:------------------------------------------------------------------------------------------------
2020-06-20 10:04:39,469:INFO:ДУГААРАА СОНГОЖ БУЙ ХЭСЭГ
2020-06-20 10:04:39,470:INFO:7
2020-06-20 10:05:28,517:INFO:ДУГААРЫН ҮНЭ
2020-06-20 10:05:28,520:INFO:5000
2020-06-20 10:07:37,820:INFO:ДУГААРАА СОНГОЖ БУЙ ХЭСЭГ
2020-06-20 10:07:37,820:INFO:2
2020-06-20 10:12:39,806:INFO:------------------------------------------------------------------------------------------------
2020-06-20 10:12:40,609:INFO:ДУГААРАА СОНГОЖ БУЙ ХЭСЭГ
2020-06-20 10:12:40,609:INFO:4
2020-06-20 10:12:40,782:WARNING:Not Found: /favicon.ico
2020-06-20 10:12:42,940:INFO:ДУГААРАА СОНГОЖ БУЙ ХЭСЭГ
2020-06-20 10:12:42,940:INFO:4
2020-06-20 10:12:43,751:INFO:------------------------------------------------------------------------------------------------
2020-06-20 10:12:51,344:INFO:ДУГААРАА СОНГОЖ БУЙ ХЭСЭГ
2020-06-20 10:12:51,345:INFO:2
2020-06-20 10:13:10,481:INFO:ДУГААРЫН ҮНЭ
2020-06-20 10:13:10,484:INFO:5000
2020-06-20 10:15:35,295:INFO:------------------------------------------------------------------------------------------------
2020-06-20 10:15:36,721:INFO:ДУГААРАА СОНГОЖ БУЙ ХЭСЭГ
2020-06-20 10:15:36,721:INFO:7
2020-06-20 10:15:37,182:WARNING:Not Found: /favicon.ico
2020-06-20 10:20:25,458:INFO:------------------------------------------------------------------------------------------------
2020-06-20 10:20:26,807:INFO:ДУГААРАА СОНГОЖ БУЙ ХЭСЭГ
2020-06-20 10:20:26,807:INFO:2
2020-06-20 10:20:27,155:WARNING:Not Found: /favicon.ico
2020-06-20 10:23:28,094:INFO:------------------------------------------------------------------------------------------------
2020-06-20 10:23:56,527:INFO:------------------------------------------------------------------------------------------------
2020-06-20 10:24:04,019:INFO:ДУГААРАА СОНГОЖ БУЙ ХЭСЭГ
2020-06-20 10:24:04,019:INFO:2
2020-06-20 10:24:04,191:WARNING:Not Found: /favicon.ico
2020-06-20 10:24:05,746:INFO:ДУГААРАА СОНГОЖ БУЙ ХЭСЭГ
2020-06-20 10:24:05,747:INFO:2
2020-06-20 10:24:54,226:INFO:ДУГААРАА СОНГОЖ БУЙ ХЭСЭГ
2020-06-20 10:24:54,227:INFO:2
2020-06-20 10:25:55,890:INFO:ДУГААРАА СОНГОЖ БУЙ ХЭСЭГ
2020-06-20 10:25:55,890:INFO:2
2020-06-20 10:26:45,047:INFO:ДУГААРАА СОНГОЖ БУЙ ХЭСЭГ
2020-06-20 10:26:45,047:INFO:2
2020-06-20 10:26:55,661:INFO:------------------------------------------------------------------------------------------------
2020-06-20 10:26:58,809:INFO:ДУГААРАА СОНГОЖ БУЙ ХЭСЭГ
2020-06-20 10:26:58,809:INFO:7
2020-06-20 10:28:58,919:INFO:------------------------------------------------------------------------------------------------
2020-06-20 10:32:05,144:INFO:ДУГААРАА СОНГОЖ БУЙ ХЭСЭГ
2020-06-20 10:32:05,144:INFO:2
2020-06-20 10:32:10,505:WARNING:Not Found: /favicon.ico
2020-06-20 10:32:45,651:INFO:ДУГААРАА СОНГОЖ БУЙ ХЭСЭГ
2020-06-20 10:32:45,652:INFO:7
2020-06-20 10:32:46,226:WARNING:Not Found: /favicon.ico
2020-06-20 10:33:03,526:INFO:ДУГААРАА СОНГОЖ БУЙ ХЭСЭГ
2020-06-20 10:33:03,527:INFO:7
2020-06-20 10:33:10,750:INFO:ДУГААРАА СОНГОЖ БУЙ ХЭСЭГ
2020-06-20 10:33:10,750:INFO:7
2020-06-20 10:33:34,790:INFO:ДУГААРАА СОНГОЖ БУЙ ХЭСЭГ
2020-06-20 10:33:34,790:INFO:7
2020-06-20 10:33:41,684:ERROR:Internal Server Error: /getnumber
Traceback (most recent call last):
  File "/usr/local/lib/python2.7/dist-packages/django/core/handlers/exception.py", line 41, in inner
    response = get_response(request)
  File "/usr/local/lib/python2.7/dist-packages/django/core/handlers/base.py", line 187, in _get_response
    response = self.process_exception_by_middleware(e, request)
  File "/usr/local/lib/python2.7/dist-packages/django/core/handlers/base.py", line 185, in _get_response
    response = wrapped_callback(request, *callback_args, **callback_kwargs)
  File "/usr/local/lib/python2.7/dist-packages/django/views/decorators/csrf.py", line 58, in wrapped_view
    return view_func(*args, **kwargs)
  File "/usr/local/lib/python2.7/dist-packages/django/views/generic/base.py", line 68, in view
    return self.dispatch(request, *args, **kwargs)
  File "/usr/local/lib/python2.7/dist-packages/rest_framework/views.py", line 495, in dispatch
    response = self.handle_exception(exc)
  File "/usr/local/lib/python2.7/dist-packages/rest_framework/views.py", line 455, in handle_exception
    self.raise_uncaught_exception(exc)
  File "/usr/local/lib/python2.7/dist-packages/rest_framework/views.py", line 492, in dispatch
    response = handler(request, *args, **kwargs)
  File "/usr/local/lib/python2.7/dist-packages/rest_framework/decorators.py", line 55, in handler
    return func(*args, **kwargs)
  File "/home/user/nFilterNew/controller/views.py", line 206, in getNumber
    if data[1] == az:
IndexError: list index out of range
2020-06-20 10:33:50,198:INFO:ДУГААРАА СОНГОЖ БУЙ ХЭСЭГ
2020-06-20 10:33:50,198:INFO:7
2020-06-20 10:33:54,264:INFO:------------------------------------------------------------------------------------------------
2020-06-20 10:33:57,700:INFO:ДУГААРАА СОНГОЖ БУЙ ХЭСЭГ
2020-06-20 10:33:57,700:INFO:7
2020-06-20 10:34:11,075:INFO:ДУГААРЫН ҮНЭ
2020-06-20 10:34:11,077:INFO:10000
2020-06-20 10:39:35,258:INFO:ДУГААРАА СОНГОЖ БУЙ ХЭСЭГ
2020-06-20 10:39:35,258:INFO:7
2020-06-20 10:39:41,495:INFO:ДУГААРАА СОНГОЖ БУЙ ХЭСЭГ
2020-06-20 10:39:41,496:INFO:7
2020-06-20 10:39:51,892:INFO:ДУГААРАА СОНГОЖ БУЙ ХЭСЭГ
2020-06-20 10:39:51,892:INFO:7
2020-06-20 10:39:57,832:INFO:ДУГААРАА СОНГОЖ БУЙ ХЭСЭГ
2020-06-20 10:39:57,832:INFO:7
2020-06-20 10:39:58,475:INFO:------------------------------------------------------------------------------------------------
2020-06-20 10:41:27,672:INFO:ДУГААРЫН ҮНЭ
2020-06-20 10:41:27,675:INFO:10000
2020-06-20 10:42:34,590:INFO:ДУГААРЫН ҮНЭ
2020-06-20 10:42:34,594:INFO:10000
2020-06-20 10:44:55,662:INFO:------------------------------------------------------------------------------------------------
2020-06-20 10:45:02,902:INFO:ДУГААРАА СОНГОЖ БУЙ ХЭСЭГ
2020-06-20 10:45:02,902:INFO:7
2020-06-20 10:45:04,238:WARNING:Not Found: /favicon.ico
2020-06-20 10:45:11,727:INFO:------------------------------------------------------------------------------------------------
2020-06-20 10:45:21,590:INFO:------------------------------------------------------------------------------------------------
2020-06-20 10:45:21,928:INFO:------------------------------------------------------------------------------------------------
2020-06-20 10:45:23,139:INFO:ДУГААРАА СОНГОЖ БУЙ ХЭСЭГ
2020-06-20 10:45:23,139:INFO:2
2020-06-20 10:45:23,487:WARNING:Not Found: /favicon.ico
2020-06-20 10:45:23,545:WARNING:Not Found: /favicon.ico
2020-06-20 10:45:29,162:INFO:ДУГААРАА СОНГОЖ БУЙ ХЭСЭГ
2020-06-20 10:45:29,162:INFO:7
2020-06-20 10:45:29,774:WARNING:Not Found: /favicon.ico
2020-06-20 10:45:35,976:INFO:ДУГААРАА СОНГОЖ БУЙ ХЭСЭГ
2020-06-20 10:45:35,976:INFO:7
2020-06-20 10:46:04,886:INFO:------------------------------------------------------------------------------------------------
2020-06-20 10:46:06,101:INFO:ДУГААРАА СОНГОЖ БУЙ ХЭСЭГ
2020-06-20 10:46:06,101:INFO:2
2020-06-20 10:46:07,800:INFO:ДУГААРАА СОНГОЖ БУЙ ХЭСЭГ
2020-06-20 10:46:07,800:INFO:2
2020-06-20 10:47:08,168:INFO:------------------------------------------------------------------------------------------------
2020-06-20 10:53:04,892:INFO:------------------------------------------------------------------------------------------------
2020-06-20 10:55:08,668:INFO:------------------------------------------------------------------------------------------------
2020-06-20 10:55:09,765:INFO:ДУГААРАА СОНГОЖ БУЙ ХЭСЭГ
2020-06-20 10:55:09,765:INFO:2
2020-06-20 11:00:17,537:INFO:------------------------------------------------------------------------------------------------
2020-06-20 11:00:18,658:INFO:ДУГААРАА СОНГОЖ БУЙ ХЭСЭГ
2020-06-20 11:00:18,658:INFO:7
2020-06-20 11:02:56,205:INFO:------------------------------------------------------------------------------------------------
2020-06-20 11:04:35,432:INFO:ДУГААРЫН ҮНЭ
2020-06-20 11:04:35,434:INFO:5000
2020-06-20 11:04:52,025:INFO:------------------------------------------------------------------------------------------------
2020-06-20 11:04:53,240:INFO:ДУГААРАА СОНГОЖ БУЙ ХЭСЭГ
2020-06-20 11:04:53,241:INFO:7
2020-06-20 11:05:27,066:INFO:ДУГААРЫН ZAHIALGA
2020-06-20 11:05:45,464:INFO:------------------------------------------------------------------------------------------------
2020-06-20 11:06:32,903:WARNING:Not Found: /favicon.ico
2020-06-20 11:06:34,813:INFO:ДУГААРАА СОНГОЖ БУЙ ХЭСЭГ
2020-06-20 11:06:34,813:INFO:2
2020-06-20 11:06:35,793:WARNING:Not Found: /favicon.ico
2020-06-20 11:06:36,024:INFO:ДУГААРАА СОНГОЖ БУЙ ХЭСЭГ
2020-06-20 11:06:36,024:INFO:7
2020-06-20 11:07:11,277:INFO:ДУГААРЫН ҮНЭ
2020-06-20 11:07:11,279:INFO:5000
2020-06-20 11:07:23,077:INFO:ДУГААРЫН ZAHIALGA
2020-06-20 11:07:27,305:INFO:------------------------------------------------------------------------------------------------
2020-06-20 11:08:38,175:INFO:ДУГААРАА СОНГОЖ БУЙ ХЭСЭГ
2020-06-20 11:08:38,175:INFO:7
2020-06-20 11:09:12,451:INFO:ДУГААРАА СОНГОЖ БУЙ ХЭСЭГ
2020-06-20 11:09:12,451:INFO:7
2020-06-20 11:09:12,879:WARNING:Not Found: /favicon.ico
2020-06-20 11:09:23,314:INFO:------------------------------------------------------------------------------------------------
2020-06-20 11:12:57,833:INFO:------------------------------------------------------------------------------------------------
2020-06-20 11:12:59,169:INFO:ДУГААРАА СОНГОЖ БУЙ ХЭСЭГ
2020-06-20 11:12:59,169:INFO:7
2020-06-20 11:14:59,644:INFO:------------------------------------------------------------------------------------------------
2020-06-20 11:15:36,326:INFO:------------------------------------------------------------------------------------------------
2020-06-20 11:15:36,754:INFO:------------------------------------------------------------------------------------------------
2020-06-20 11:16:13,160:INFO:ДУГААРАА СОНГОЖ БУЙ ХЭСЭГ
2020-06-20 11:16:13,160:INFO:7
2020-06-20 11:16:13,440:WARNING:Not Found: /favicon.ico
2020-06-20 11:16:17,221:INFO:ДУГААРАА СОНГОЖ БУЙ ХЭСЭГ
2020-06-20 11:16:17,222:INFO:7
2020-06-20 11:16:42,233:INFO:ДУГААРАА СОНГОЖ БУЙ ХЭСЭГ
2020-06-20 11:16:42,233:INFO:2
2020-06-20 11:16:45,944:INFO:ДУГААРАА СОНГОЖ БУЙ ХЭСЭГ
2020-06-20 11:16:45,944:INFO:2
2020-06-20 11:17:17,850:INFO:ДУГААРАА СОНГОЖ БУЙ ХЭСЭГ
2020-06-20 11:17:17,850:INFO:7
2020-06-20 11:18:09,767:INFO:------------------------------------------------------------------------------------------------
2020-06-20 11:18:56,550:INFO:------------------------------------------------------------------------------------------------
2020-06-20 11:23:32,726:INFO:------------------------------------------------------------------------------------------------
2020-06-20 11:23:32,840:INFO:ДУГААРАА СОНГОЖ БУЙ ХЭСЭГ
2020-06-20 11:23:32,840:INFO:2
2020-06-20 11:25:34,448:INFO:ДУГААРАА СОНГОЖ БУЙ ХЭСЭГ
2020-06-20 11:25:34,449:INFO:2
2020-06-20 11:25:34,745:WARNING:Not Found: /favicon.ico
2020-06-20 11:27:06,768:INFO:------------------------------------------------------------------------------------------------
2020-06-20 11:27:09,393:INFO:ДУГААРАА СОНГОЖ БУЙ ХЭСЭГ
2020-06-20 11:27:09,393:INFO:2
2020-06-20 11:27:09,735:WARNING:Not Found: /favicon.ico
2020-06-20 11:28:35,165:INFO:ДУГААРЫН ҮНЭ
2020-06-20 11:28:35,168:INFO:5000
2020-06-20 11:28:59,102:INFO:------------------------------------------------------------------------------------------------
2020-06-20 11:29:55,242:INFO:------------------------------------------------------------------------------------------------
2020-06-20 11:29:56,750:INFO:ДУГААРАА СОНГОЖ БУЙ ХЭСЭГ
2020-06-20 11:29:56,750:INFO:2
2020-06-20 11:29:57,008:WARNING:Not Found: /favicon.ico
2020-06-20 11:29:58,473:ERROR:Internal Server Error: /getnumber
Traceback (most recent call last):
  File "/usr/local/lib/python2.7/dist-packages/django/core/handlers/exception.py", line 41, in inner
    response = get_response(request)
  File "/usr/local/lib/python2.7/dist-packages/django/core/handlers/base.py", line 187, in _get_response
    response = self.process_exception_by_middleware(e, request)
  File "/usr/local/lib/python2.7/dist-packages/django/core/handlers/base.py", line 185, in _get_response
    response = wrapped_callback(request, *callback_args, **callback_kwargs)
  File "/usr/local/lib/python2.7/dist-packages/django/views/decorators/csrf.py", line 58, in wrapped_view
    return view_func(*args, **kwargs)
  File "/usr/local/lib/python2.7/dist-packages/django/views/generic/base.py", line 68, in view
    return self.dispatch(request, *args, **kwargs)
  File "/usr/local/lib/python2.7/dist-packages/rest_framework/views.py", line 495, in dispatch
    response = self.handle_exception(exc)
  File "/usr/local/lib/python2.7/dist-packages/rest_framework/views.py", line 455, in handle_exception
    self.raise_uncaught_exception(exc)
  File "/usr/local/lib/python2.7/dist-packages/rest_framework/views.py", line 492, in dispatch
    response = handler(request, *args, **kwargs)
  File "/usr/local/lib/python2.7/dist-packages/rest_framework/decorators.py", line 55, in handler
    return func(*args, **kwargs)
  File "/home/user/nFilterNew/controller/views.py", line 206, in getNumber
    if data[1] == az:
IndexError: list index out of range
2020-06-20 11:30:26,292:INFO:ДУГААРЫН ҮНЭ
2020-06-20 11:30:26,295:INFO:5000
2020-06-20 11:30:35,073:INFO:ДУГААРЫН ҮНЭ
2020-06-20 11:30:35,076:INFO:5000
2020-06-20 11:30:47,995:INFO:ДУГААРЫН ҮНЭ
2020-06-20 11:30:47,997:INFO:10000
2020-06-20 11:30:48,920:INFO:ДУГААРЫН ҮНЭ
2020-06-20 11:30:48,923:INFO:5000
2020-06-20 11:30:56,553:INFO:ДУГААРЫН ҮНЭ
2020-06-20 11:30:56,556:INFO:5000
2020-06-20 11:33:01,826:INFO:ДУГААРАА СОНГОЖ БУЙ ХЭСЭГ
2020-06-20 11:33:01,827:INFO:7
2020-06-20 11:33:02,486:WARNING:Not Found: /favicon.ico
2020-06-20 11:34:16,257:INFO:------------------------------------------------------------------------------------------------
2020-06-20 11:34:17,648:INFO:ДУГААРАА СОНГОЖ БУЙ ХЭСЭГ
2020-06-20 11:34:17,648:INFO:2
2020-06-20 11:36:26,481:INFO:ДУГААРЫН ҮНЭ
2020-06-20 11:36:26,483:INFO:5000
2020-06-20 11:39:27,176:INFO:ДУГААРАА СОНГОЖ БУЙ ХЭСЭГ
2020-06-20 11:39:27,176:INFO:2
2020-06-20 11:40:35,314:INFO:------------------------------------------------------------------------------------------------
2020-06-20 11:40:36,596:INFO:ДУГААРАА СОНГОЖ БУЙ ХЭСЭГ
2020-06-20 11:40:36,596:INFO:2
2020-06-20 11:42:57,674:INFO:------------------------------------------------------------------------------------------------
2020-06-20 11:44:22,323:INFO:------------------------------------------------------------------------------------------------
2020-06-20 11:44:27,223:INFO:ДУГААРАА СОНГОЖ БУЙ ХЭСЭГ
2020-06-20 11:44:27,224:INFO:2
2020-06-20 11:44:36,074:INFO:------------------------------------------------------------------------------------------------
2020-06-20 11:45:14,518:INFO:------------------------------------------------------------------------------------------------
2020-06-20 11:45:58,426:INFO:ДУГААРАА СОНГОЖ БУЙ ХЭСЭГ
2020-06-20 11:45:58,426:INFO:2
2020-06-20 11:47:08,426:INFO:------------------------------------------------------------------------------------------------
2020-06-20 11:47:34,308:INFO:------------------------------------------------------------------------------------------------
2020-06-20 11:53:04,989:INFO:------------------------------------------------------------------------------------------------
2020-06-20 11:56:33,592:INFO:------------------------------------------------------------------------------------------------
2020-06-20 11:56:34,469:INFO:ДУГААРАА СОНГОЖ БУЙ ХЭСЭГ
2020-06-20 11:56:34,469:INFO:2
2020-06-20 12:09:00,218:INFO:------------------------------------------------------------------------------------------------
2020-06-20 12:09:01,900:INFO:ДУГААРАА СОНГОЖ БУЙ ХЭСЭГ
2020-06-20 12:09:01,900:INFO:7
2020-06-20 12:09:03,747:INFO:------------------------------------------------------------------------------------------------
2020-06-20 12:09:04,739:INFO:ДУГААРАА СОНГОЖ БУЙ ХЭСЭГ
2020-06-20 12:09:04,739:INFO:2
2020-06-20 12:11:00,884:WARNING:Not Found: /
2020-06-20 12:11:02,452:WARNING:Not Found: /favicon.ico
2020-06-20 12:13:12,749:INFO:------------------------------------------------------------------------------------------------
2020-06-20 12:13:16,569:INFO:ДУГААРАА СОНГОЖ БУЙ ХЭСЭГ
2020-06-20 12:13:16,570:INFO:7
2020-06-20 12:13:22,049:INFO:ДУГААРАА СОНГОЖ БУЙ ХЭСЭГ
2020-06-20 12:13:22,049:INFO:7
2020-06-20 12:13:31,854:WARNING:Not Found: /favicon.ico
2020-06-20 12:14:11,603:INFO:ДУГААРАА СОНГОЖ БУЙ ХЭСЭГ
2020-06-20 12:14:11,603:INFO:7
2020-06-20 12:14:11,760:WARNING:Not Found: /favicon.ico
2020-06-20 12:14:33,183:INFO:------------------------------------------------------------------------------------------------
2020-06-20 12:14:34,466:INFO:ДУГААРАА СОНГОЖ БУЙ ХЭСЭГ
2020-06-20 12:14:34,466:INFO:2
2020-06-20 12:14:35,026:WARNING:Not Found: /favicon.ico
2020-06-20 12:14:36,114:INFO:------------------------------------------------------------------------------------------------
2020-06-20 12:14:39,864:INFO:ДУГААРАА СОНГОЖ БУЙ ХЭСЭГ
2020-06-20 12:14:39,864:INFO:7
2020-06-20 12:15:00,049:INFO:------------------------------------------------------------------------------------------------
2020-06-20 12:15:37,346:INFO:------------------------------------------------------------------------------------------------
2020-06-20 12:18:09,973:INFO:------------------------------------------------------------------------------------------------
2020-06-20 12:23:37,464:INFO:------------------------------------------------------------------------------------------------
2020-06-20 12:25:04,894:INFO:------------------------------------------------------------------------------------------------
2020-06-20 12:25:08,939:INFO:ДУГААРАА СОНГОЖ БУЙ ХЭСЭГ
2020-06-20 12:25:08,939:INFO:2
2020-06-20 12:26:58,929:INFO:ДУГААРЫН ҮНЭ
2020-06-20 12:26:58,932:INFO:5000
2020-06-20 12:28:05,686:INFO:ДУГААРЫН ZAHIALGA
2020-06-20 12:28:08,952:INFO:------------------------------------------------------------------------------------------------
2020-06-20 12:28:59,238:INFO:------------------------------------------------------------------------------------------------
2020-06-20 12:29:54,556:INFO:ДУГААРАА СОНГОЖ БУЙ ХЭСЭГ
2020-06-20 12:29:54,556:INFO:2
2020-06-20 12:29:55,900:WARNING:Not Found: /favicon.ico
2020-06-20 12:31:29,301:INFO:ДУГААРАА СОНГОЖ БУЙ ХЭСЭГ
2020-06-20 12:31:29,301:INFO:2
2020-06-20 12:31:42,427:INFO:------------------------------------------------------------------------------------------------
2020-06-20 12:31:43,862:INFO:ДУГААРАА СОНГОЖ БУЙ ХЭСЭГ
2020-06-20 12:31:43,863:INFO:2
2020-06-20 12:39:37,034:INFO:------------------------------------------------------------------------------------------------
2020-06-20 12:39:39,000:INFO:ДУГААРАА СОНГОЖ БУЙ ХЭСЭГ
2020-06-20 12:39:39,001:INFO:7
2020-06-20 12:40:42,193:INFO:------------------------------------------------------------------------------------------------
2020-06-20 12:40:46,361:INFO:ДУГААРАА СОНГОЖ БУЙ ХЭСЭГ
2020-06-20 12:40:46,361:INFO:2
2020-06-20 12:40:48,321:INFO:------------------------------------------------------------------------------------------------
2020-06-20 12:42:22,011:INFO:ДУГААРАА СОНГОЖ БУЙ ХЭСЭГ
2020-06-20 12:42:22,012:INFO:7
2020-06-20 12:42:24,991:WARNING:Not Found: /favicon.ico
2020-06-20 12:42:24,997:WARNING:Not Found: /favicon.ico
2020-06-20 12:42:26,613:INFO:------------------------------------------------------------------------------------------------
2020-06-20 12:44:36,831:INFO:------------------------------------------------------------------------------------------------
2020-06-20 12:45:14,718:INFO:------------------------------------------------------------------------------------------------
2020-06-20 12:47:09,070:INFO:------------------------------------------------------------------------------------------------
2020-06-20 12:47:34,468:INFO:------------------------------------------------------------------------------------------------
2020-06-20 12:49:38,273:INFO:ДУГААРАА СОНГОЖ БУЙ ХЭСЭГ
2020-06-20 12:49:38,274:INFO:2
2020-06-20 12:49:45,517:WARNING:Not Found: /favicon.ico
2020-06-20 12:51:28,548:INFO:------------------------------------------------------------------------------------------------
2020-06-20 12:51:29,891:INFO:ДУГААРАА СОНГОЖ БУЙ ХЭСЭГ
2020-06-20 12:51:29,891:INFO:2
2020-06-20 12:51:52,862:INFO:ДУГААРЫН ҮНЭ
2020-06-20 12:51:52,865:INFO:5000
2020-06-20 12:53:05,067:INFO:------------------------------------------------------------------------------------------------
2020-06-20 12:54:16,378:INFO:ДУГААРЫН ҮНЭ
2020-06-20 12:54:16,381:INFO:5000
2020-06-20 12:55:28,421:INFO:------------------------------------------------------------------------------------------------
2020-06-20 12:55:29,717:INFO:ДУГААРАА СОНГОЖ БУЙ ХЭСЭГ
2020-06-20 12:55:29,717:INFO:2
2020-06-20 12:55:30,015:WARNING:Not Found: /favicon.ico
2020-06-20 12:59:06,307:INFO:ДУГААРЫН ҮНЭ
2020-06-20 12:59:06,310:INFO:5000
2020-06-20 12:59:18,122:INFO:ДУГААРАА СОНГОЖ БУЙ ХЭСЭГ
2020-06-20 12:59:18,123:INFO:2
2020-06-20 12:59:18,795:WARNING:Not Found: /favicon.ico
2020-06-20 13:04:45,414:INFO:ДУГААРЫН ҮНЭ
2020-06-20 13:04:45,418:INFO:5000
2020-06-20 13:11:16,371:INFO:------------------------------------------------------------------------------------------------
2020-06-20 13:11:17,272:INFO:ДУГААРАА СОНГОЖ БУЙ ХЭСЭГ
2020-06-20 13:11:17,272:INFO:7
2020-06-20 13:15:01,086:INFO:------------------------------------------------------------------------------------------------
2020-06-20 13:15:38,409:INFO:------------------------------------------------------------------------------------------------
2020-06-20 13:18:10,175:INFO:------------------------------------------------------------------------------------------------
2020-06-20 13:21:06,812:INFO:ДУГААРЫН ҮНЭ
2020-06-20 13:21:06,816:INFO:5000
2020-06-20 13:23:42,092:INFO:------------------------------------------------------------------------------------------------
2020-06-20 13:24:26,577:INFO:------------------------------------------------------------------------------------------------
2020-06-20 13:24:27,369:INFO:ДУГААРАА СОНГОЖ БУЙ ХЭСЭГ
2020-06-20 13:24:27,370:INFO:2
2020-06-20 13:27:06,564:INFO:------------------------------------------------------------------------------------------------
2020-06-20 13:27:07,820:INFO:ДУГААРАА СОНГОЖ БУЙ ХЭСЭГ
2020-06-20 13:27:07,820:INFO:7
2020-06-20 13:28:09,059:INFO:------------------------------------------------------------------------------------------------
2020-06-20 13:28:59,490:INFO:------------------------------------------------------------------------------------------------
2020-06-20 13:31:22,117:INFO:------------------------------------------------------------------------------------------------
2020-06-20 13:31:40,796:INFO:------------------------------------------------------------------------------------------------
2020-06-20 13:31:42,283:INFO:ДУГААРАА СОНГОЖ БУЙ ХЭСЭГ
2020-06-20 13:31:42,283:INFO:7
2020-06-20 13:31:59,043:INFO:ДУГААРАА СОНГОЖ БУЙ ХЭСЭГ
2020-06-20 13:31:59,044:INFO:7
2020-06-20 13:32:22,291:INFO:ДУГААРАА СОНГОЖ БУЙ ХЭСЭГ
2020-06-20 13:32:22,292:INFO:7
2020-06-20 13:33:29,714:INFO:------------------------------------------------------------------------------------------------
2020-06-20 13:33:30,551:INFO:ДУГААРАА СОНГОЖ БУЙ ХЭСЭГ
2020-06-20 13:33:30,551:INFO:2
2020-06-20 13:34:25,981:INFO:ДУГААРЫН ҮНЭ
2020-06-20 13:34:25,984:INFO:10000
2020-06-20 13:35:02,553:INFO:ДУГААРАА СОНГОЖ БУЙ ХЭСЭГ
2020-06-20 13:35:02,553:INFO:7
2020-06-20 13:35:22,423:INFO:ДУГААРЫН ҮНЭ
2020-06-20 13:35:22,426:INFO:10000
2020-06-20 13:35:45,260:INFO:ДУГААРЫН ZAHIALGA
2020-06-20 13:40:49,904:INFO:------------------------------------------------------------------------------------------------
2020-06-20 13:42:26,882:INFO:------------------------------------------------------------------------------------------------
2020-06-20 13:42:47,006:INFO:ДУГААРАА СОНГОЖ БУЙ ХЭСЭГ
2020-06-20 13:42:47,006:INFO:2
2020-06-20 13:44:37,950:INFO:------------------------------------------------------------------------------------------------
2020-06-20 13:45:13,172:INFO:ДУГААРАА СОНГОЖ БУЙ ХЭСЭГ
2020-06-20 13:45:13,172:INFO:2
2020-06-20 13:47:09,525:INFO:------------------------------------------------------------------------------------------------
2020-06-20 13:47:56,861:INFO:------------------------------------------------------------------------------------------------
2020-06-20 13:47:58,827:INFO:ДУГААРАА СОНГОЖ БУЙ ХЭСЭГ
2020-06-20 13:47:58,827:INFO:2
2020-06-20 13:48:20,304:INFO:ДУГААРЫН ҮНЭ
2020-06-20 13:48:20,307:INFO:5000
2020-06-20 13:52:23,231:ERROR:Internal Server Error: /getnumber
Traceback (most recent call last):
  File "/usr/local/lib/python2.7/dist-packages/django/core/handlers/exception.py", line 41, in inner
    response = get_response(request)
  File "/usr/local/lib/python2.7/dist-packages/django/core/handlers/base.py", line 187, in _get_response
    response = self.process_exception_by_middleware(e, request)
  File "/usr/local/lib/python2.7/dist-packages/django/core/handlers/base.py", line 185, in _get_response
    response = wrapped_callback(request, *callback_args, **callback_kwargs)
  File "/usr/local/lib/python2.7/dist-packages/django/views/decorators/csrf.py", line 58, in wrapped_view
    return view_func(*args, **kwargs)
  File "/usr/local/lib/python2.7/dist-packages/django/views/generic/base.py", line 68, in view
    return self.dispatch(request, *args, **kwargs)
  File "/usr/local/lib/python2.7/dist-packages/rest_framework/views.py", line 495, in dispatch
    response = self.handle_exception(exc)
  File "/usr/local/lib/python2.7/dist-packages/rest_framework/views.py", line 455, in handle_exception
    self.raise_uncaught_exception(exc)
  File "/usr/local/lib/python2.7/dist-packages/rest_framework/views.py", line 492, in dispatch
    response = handler(request, *args, **kwargs)
  File "/usr/local/lib/python2.7/dist-packages/rest_framework/decorators.py", line 55, in handler
    return func(*args, **kwargs)
  File "/home/user/nFilterNew/controller/views.py", line 206, in getNumber
    if data[1] == az:
IndexError: list index out of range
2020-06-20 13:52:31,330:INFO:ДУГААРЫН ҮНЭ
2020-06-20 13:52:31,332:INFO:10000
2020-06-20 13:52:57,333:INFO:ДУГААРЫН ҮНЭ
2020-06-20 13:52:57,336:INFO:10000
2020-06-20 13:53:05,152:INFO:------------------------------------------------------------------------------------------------
2020-06-20 13:53:53,829:INFO:ДУГААРЫН ҮНЭ
2020-06-20 13:53:53,831:INFO:5000
2020-06-20 13:54:11,985:INFO:ДУГААРАА СОНГОЖ БУЙ ХЭСЭГ
2020-06-20 13:54:11,985:INFO:7
2020-06-20 13:54:34,939:INFO:ДУГААРЫН ҮНЭ
2020-06-20 13:54:34,942:INFO:10000
2020-06-20 13:55:20,364:INFO:ДУГААРЫН ZAHIALGA
2020-06-20 14:03:54,203:INFO:------------------------------------------------------------------------------------------------
2020-06-20 14:03:55,667:INFO:ДУГААРАА СОНГОЖ БУЙ ХЭСЭГ
2020-06-20 14:03:55,667:INFO:2
2020-06-20 14:03:57,221:INFO:------------------------------------------------------------------------------------------------
2020-06-20 14:03:57,994:INFO:ДУГААРАА СОНГОЖ БУЙ ХЭСЭГ
2020-06-20 14:03:57,995:INFO:7
2020-06-20 14:04:00,008:INFO:ДУГААРАА СОНГОЖ БУЙ ХЭСЭГ
2020-06-20 14:04:00,008:INFO:7
2020-06-20 14:04:03,711:INFO:ДУГААРАА СОНГОЖ БУЙ ХЭСЭГ
2020-06-20 14:04:03,711:INFO:7
2020-06-20 14:05:50,639:INFO:ДУГААРАА СОНГОЖ БУЙ ХЭСЭГ
2020-06-20 14:05:50,640:INFO:7
2020-06-20 14:06:01,378:INFO:ДУГААРАА СОНГОЖ БУЙ ХЭСЭГ
2020-06-20 14:06:01,378:INFO:2
2020-06-20 14:06:10,163:INFO:------------------------------------------------------------------------------------------------
2020-06-20 14:06:11,514:INFO:ДУГААРАА СОНГОЖ БУЙ ХЭСЭГ
2020-06-20 14:06:11,515:INFO:2
2020-06-20 14:10:21,480:INFO:ДУГААРАА СОНГОЖ БУЙ ХЭСЭГ
2020-06-20 14:10:21,480:INFO:2
2020-06-20 14:10:24,213:INFO:ДУГААРАА СОНГОЖ БУЙ ХЭСЭГ
2020-06-20 14:10:24,213:INFO:7
2020-06-20 14:15:01,854:INFO:------------------------------------------------------------------------------------------------
2020-06-20 14:15:31,374:INFO:ДУГААРАА СОНГОЖ БУЙ ХЭСЭГ
2020-06-20 14:15:31,374:INFO:7
2020-06-20 14:15:39,450:INFO:------------------------------------------------------------------------------------------------
2020-06-20 14:18:10,351:INFO:------------------------------------------------------------------------------------------------
2020-06-20 14:18:19,189:INFO:ДУГААРАА СОНГОЖ БУЙ ХЭСЭГ
2020-06-20 14:18:19,189:INFO:7
2020-06-20 14:18:25,793:INFO:ДУГААРАА СОНГОЖ БУЙ ХЭСЭГ
2020-06-20 14:18:25,793:INFO:7
2020-06-20 14:23:46,722:INFO:------------------------------------------------------------------------------------------------
2020-06-20 14:25:16,855:INFO:------------------------------------------------------------------------------------------------
2020-06-20 14:28:09,180:INFO:------------------------------------------------------------------------------------------------
2020-06-20 14:28:59,634:INFO:------------------------------------------------------------------------------------------------
2020-06-20 14:32:02,157:INFO:ДУГААРАА СОНГОЖ БУЙ ХЭСЭГ
2020-06-20 14:32:02,157:INFO:2
2020-06-20 14:32:28,084:INFO:ДУГААРЫН ҮНЭ
2020-06-20 14:32:28,087:INFO:5000
2020-06-20 14:34:21,843:INFO:ДУГААРЫН ҮНЭ
2020-06-20 14:34:21,845:INFO:5000
2020-06-20 14:40:54,535:INFO:------------------------------------------------------------------------------------------------
2020-06-20 14:42:27,902:INFO:------------------------------------------------------------------------------------------------
2020-06-20 14:42:44,802:WARNING:Not Found: /favicon.ico
2020-06-20 14:44:38,823:INFO:------------------------------------------------------------------------------------------------
2020-06-20 14:45:49,759:INFO:------------------------------------------------------------------------------------------------
2020-06-20 14:45:51,155:INFO:ДУГААРАА СОНГОЖ БУЙ ХЭСЭГ
2020-06-20 14:45:51,155:INFO:2
2020-06-20 14:46:09,450:INFO:ДУГААРАА СОНГОЖ БУЙ ХЭСЭГ
2020-06-20 14:46:09,450:INFO:2
2020-06-20 14:47:09,917:INFO:------------------------------------------------------------------------------------------------
2020-06-20 14:53:05,215:INFO:------------------------------------------------------------------------------------------------
2020-06-20 14:55:48,885:INFO:ДУГААРАА СОНГОЖ БУЙ ХЭСЭГ
2020-06-20 14:55:48,886:INFO:2
2020-06-20 14:56:50,360:INFO:ДУГААРАА СОНГОЖ БУЙ ХЭСЭГ
2020-06-20 14:56:50,360:INFO:2
2020-06-20 14:57:16,917:INFO:ДУГААРАА СОНГОЖ БУЙ ХЭСЭГ
2020-06-20 14:57:16,918:INFO:7
2020-06-20 14:57:17,508:WARNING:Not Found: /favicon.ico
2020-06-20 14:57:24,308:INFO:------------------------------------------------------------------------------------------------
2020-06-20 14:57:25,141:INFO:ДУГААРАА СОНГОЖ БУЙ ХЭСЭГ
2020-06-20 14:57:25,141:INFO:2
2020-06-20 14:57:46,803:INFO:ДУГААРАА СОНГОЖ БУЙ ХЭСЭГ
2020-06-20 14:57:46,803:INFO:2
2020-06-20 14:58:05,112:INFO:------------------------------------------------------------------------------------------------
2020-06-20 14:58:07,013:INFO:------------------------------------------------------------------------------------------------
2020-06-20 14:58:07,948:INFO:ДУГААРАА СОНГОЖ БУЙ ХЭСЭГ
2020-06-20 14:58:07,949:INFO:2
2020-06-20 14:58:12,455:INFO:ДУГААРАА СОНГОЖ БУЙ ХЭСЭГ
2020-06-20 14:58:12,455:INFO:2
2020-06-20 14:59:29,409:INFO:ДУГААРЫН ҮНЭ
2020-06-20 14:59:29,412:INFO:5000
2020-06-20 15:03:50,393:INFO:------------------------------------------------------------------------------------------------
2020-06-20 15:03:54,535:INFO:ДУГААРАА СОНГОЖ БУЙ ХЭСЭГ
2020-06-20 15:03:54,535:INFO:2
2020-06-20 15:10:50,734:INFO:ДУГААРАА СОНГОЖ БУЙ ХЭСЭГ
2020-06-20 15:10:50,734:INFO:2
2020-06-20 15:12:48,512:INFO:------------------------------------------------------------------------------------------------
2020-06-20 15:15:02,011:INFO:------------------------------------------------------------------------------------------------
2020-06-20 15:15:02,730:INFO:------------------------------------------------------------------------------------------------
2020-06-20 15:15:03,032:INFO:ДУГААРАА СОНГОЖ БУЙ ХЭСЭГ
2020-06-20 15:15:03,032:INFO:2
2020-06-20 15:15:40,493:INFO:------------------------------------------------------------------------------------------------
2020-06-20 15:16:24,435:INFO:------------------------------------------------------------------------------------------------
2020-06-20 15:16:25,582:INFO:ДУГААРАА СОНГОЖ БУЙ ХЭСЭГ
2020-06-20 15:16:25,582:INFO:7
2020-06-20 15:17:47,827:INFO:------------------------------------------------------------------------------------------------
2020-06-20 15:17:48,755:INFO:ДУГААРАА СОНГОЖ БУЙ ХЭСЭГ
2020-06-20 15:17:48,756:INFO:2
2020-06-20 15:18:02,375:INFO:------------------------------------------------------------------------------------------------
2020-06-20 15:21:43,063:INFO:------------------------------------------------------------------------------------------------
2020-06-20 15:21:46,108:INFO:ДУГААРАА СОНГОЖ БУЙ ХЭСЭГ
2020-06-20 15:21:46,108:INFO:7
2020-06-20 15:22:12,137:INFO:------------------------------------------------------------------------------------------------
2020-06-20 15:22:13,985:INFO:ДУГААРАА СОНГОЖ БУЙ ХЭСЭГ
2020-06-20 15:22:13,985:INFO:7
2020-06-20 15:23:51,351:INFO:------------------------------------------------------------------------------------------------
2020-06-20 15:25:05,370:INFO:------------------------------------------------------------------------------------------------
2020-06-20 15:25:06,693:INFO:ДУГААРАА СОНГОЖ БУЙ ХЭСЭГ
2020-06-20 15:25:06,694:INFO:2
2020-06-20 15:25:16,085:INFO:------------------------------------------------------------------------------------------------
2020-06-20 15:25:16,670:INFO:ДУГААРАА СОНГОЖ БУЙ ХЭСЭГ
2020-06-20 15:25:16,670:INFO:7
2020-06-20 15:25:51,812:INFO:ДУГААРАА СОНГОЖ БУЙ ХЭСЭГ
2020-06-20 15:25:51,812:INFO:2
2020-06-20 15:25:52,138:WARNING:Not Found: /favicon.ico
2020-06-20 15:25:52,254:WARNING:Not Found: /favicon.ico
2020-06-20 15:26:20,963:INFO:------------------------------------------------------------------------------------------------
2020-06-20 15:26:21,693:INFO:ДУГААРАА СОНГОЖ БУЙ ХЭСЭГ
2020-06-20 15:26:21,694:INFO:7
2020-06-20 15:26:55,727:INFO:------------------------------------------------------------------------------------------------
2020-06-20 15:26:57,758:INFO:ДУГААРАА СОНГОЖ БУЙ ХЭСЭГ
2020-06-20 15:26:57,759:INFO:3
2020-06-20 15:26:57,885:WARNING:Not Found: /favicon.ico
2020-06-20 15:27:01,054:INFO:ДУГААРАА СОНГОЖ БУЙ ХЭСЭГ
2020-06-20 15:27:01,054:INFO:3
2020-06-20 15:27:07,721:INFO:------------------------------------------------------------------------------------------------
2020-06-20 15:27:10,094:INFO:ДУГААРАА СОНГОЖ БУЙ ХЭСЭГ
2020-06-20 15:27:10,094:INFO:3
2020-06-20 15:27:15,422:INFO:ДУГААРАА СОНГОЖ БУЙ ХЭСЭГ
2020-06-20 15:27:15,422:INFO:3
2020-06-20 15:27:18,024:INFO:------------------------------------------------------------------------------------------------
2020-06-20 15:27:20,958:INFO:ДУГААРАА СОНГОЖ БУЙ ХЭСЭГ
2020-06-20 15:27:20,958:INFO:4
2020-06-20 15:27:56,199:INFO:ДУГААРЫН ҮНЭ
2020-06-20 15:27:56,201:INFO:5000
2020-06-20 15:28:09,359:INFO:------------------------------------------------------------------------------------------------
2020-06-20 15:28:33,263:INFO:------------------------------------------------------------------------------------------------
2020-06-20 15:28:34,931:INFO:ДУГААРАА СОНГОЖ БУЙ ХЭСЭГ
2020-06-20 15:28:34,931:INFO:7
2020-06-20 15:28:59,783:INFO:------------------------------------------------------------------------------------------------
2020-06-20 15:29:53,227:INFO:ДУГААРАА СОНГОЖ БУЙ ХЭСЭГ
2020-06-20 15:29:53,227:INFO:2
2020-06-20 15:31:11,042:INFO:ДУГААРЫН ҮНЭ
2020-06-20 15:31:11,044:INFO:5000
2020-06-20 15:32:21,633:INFO:ДУГААРЫН ҮНЭ
2020-06-20 15:32:21,636:INFO:5000
2020-06-20 15:33:28,450:INFO:ДУГААРЫН ҮНЭ
2020-06-20 15:33:28,453:INFO:5000
2020-06-20 15:33:48,106:INFO:ДУГААРЫН ZAHIALGA
2020-06-20 15:34:38,003:INFO:------------------------------------------------------------------------------------------------
2020-06-20 15:34:39,303:INFO:ДУГААРАА СОНГОЖ БУЙ ХЭСЭГ
2020-06-20 15:34:39,303:INFO:2
2020-06-20 15:34:49,932:INFO:ДУГААРЫН ҮНЭ
2020-06-20 15:34:49,935:INFO:5000
2020-06-20 15:35:48,441:INFO:------------------------------------------------------------------------------------------------
2020-06-20 15:36:02,843:INFO:------------------------------------------------------------------------------------------------
2020-06-20 15:40:54,899:INFO:------------------------------------------------------------------------------------------------
2020-06-20 15:42:28,674:INFO:------------------------------------------------------------------------------------------------
2020-06-20 15:45:53,741:INFO:ДУГААРАА СОНГОЖ БУЙ ХЭСЭГ
2020-06-20 15:45:53,741:INFO:7
2020-06-20 15:46:25,251:INFO:ДУГААРЫН ҮНЭ
2020-06-20 15:46:25,253:INFO:5000
2020-06-20 15:46:46,986:INFO:ДУГААРЫН ZAHIALGA
2020-06-20 15:47:01,799:INFO:------------------------------------------------------------------------------------------------
2020-06-20 15:47:02,947:INFO:ДУГААРАА СОНГОЖ БУЙ ХЭСЭГ
2020-06-20 15:47:02,948:INFO:2
2020-06-20 15:47:10,295:INFO:------------------------------------------------------------------------------------------------
2020-06-20 15:48:05,633:INFO:ДУГААРЫН ҮНЭ
2020-06-20 15:48:05,636:INFO:5000
2020-06-20 15:48:47,145:INFO:------------------------------------------------------------------------------------------------
2020-06-20 15:50:43,508:INFO:ДУГААРАА СОНГОЖ БУЙ ХЭСЭГ
2020-06-20 15:50:43,509:INFO:2
2020-06-20 15:53:05,297:INFO:------------------------------------------------------------------------------------------------
2020-06-20 16:08:42,101:INFO:------------------------------------------------------------------------------------------------
2020-06-20 16:08:42,923:INFO:ДУГААРАА СОНГОЖ БУЙ ХЭСЭГ
2020-06-20 16:08:42,924:INFO:2
2020-06-20 16:09:54,575:INFO:------------------------------------------------------------------------------------------------
2020-06-20 16:09:56,244:INFO:ДУГААРАА СОНГОЖ БУЙ ХЭСЭГ
2020-06-20 16:09:56,244:INFO:2
2020-06-20 16:15:03,730:INFO:------------------------------------------------------------------------------------------------
2020-06-20 16:15:41,529:INFO:------------------------------------------------------------------------------------------------
2020-06-20 16:18:09,119:INFO:ДУГААРАА СОНГОЖ БУЙ ХЭСЭГ
2020-06-20 16:18:09,120:INFO:2
2020-06-20 16:18:09,469:WARNING:Not Found: /favicon.ico
2020-06-20 16:18:17,556:INFO:ДУГААРАА СОНГОЖ БУЙ ХЭСЭГ
2020-06-20 16:18:17,557:INFO:2
2020-06-20 16:18:19,422:INFO:------------------------------------------------------------------------------------------------
2020-06-20 16:18:20,874:INFO:ДУГААРАА СОНГОЖ БУЙ ХЭСЭГ
2020-06-20 16:18:20,874:INFO:2
2020-06-20 16:18:28,233:INFO:------------------------------------------------------------------------------------------------
2020-06-20 16:18:29,473:INFO:ДУГААРАА СОНГОЖ БУЙ ХЭСЭГ
2020-06-20 16:18:29,473:INFO:2
2020-06-20 16:18:51,302:INFO:ДУГААРЫН ҮНЭ
2020-06-20 16:18:51,305:INFO:5000
2020-06-20 16:23:56,056:INFO:------------------------------------------------------------------------------------------------
2020-06-20 16:28:59,939:INFO:------------------------------------------------------------------------------------------------
2020-06-20 16:30:36,257:INFO:ДУГААРЫН ҮНЭ
2020-06-20 16:30:36,260:INFO:5000
2020-06-20 16:32:17,427:INFO:ДУГААРЫН ZAHIALGA
2020-06-20 16:32:24,986:INFO:------------------------------------------------------------------------------------------------
2020-06-20 16:32:32,298:INFO:ДУГААРАА СОНГОЖ БУЙ ХЭСЭГ
2020-06-20 16:32:32,298:INFO:2
2020-06-20 16:32:32,669:INFO:ДУГААРАА СОНГОЖ БУЙ ХЭСЭГ
2020-06-20 16:32:32,669:INFO:7
2020-06-20 16:32:33,180:INFO:------------------------------------------------------------------------------------------------
2020-06-20 16:32:50,947:INFO:ДУГААРАА СОНГОЖ БУЙ ХЭСЭГ
2020-06-20 16:32:50,947:INFO:7
2020-06-20 16:32:52,821:INFO:ДУГААРАА СОНГОЖ БУЙ ХЭСЭГ
2020-06-20 16:32:52,822:INFO:7
2020-06-20 16:32:54,955:INFO:ДУГААРАА СОНГОЖ БУЙ ХЭСЭГ
2020-06-20 16:32:54,955:INFO:7
2020-06-20 16:33:04,991:INFO:ДУГААРАА СОНГОЖ БУЙ ХЭСЭГ
2020-06-20 16:33:04,992:INFO:7
2020-06-20 16:33:07,656:INFO:ДУГААРАА СОНГОЖ БУЙ ХЭСЭГ
2020-06-20 16:33:07,656:INFO:7
2020-06-20 16:35:36,559:INFO:ДУГААРЫН ҮНЭ
2020-06-20 16:35:36,562:INFO:5000
2020-06-20 16:36:02,983:INFO:------------------------------------------------------------------------------------------------
2020-06-20 16:36:10,529:INFO:ДУГААРЫН ZAHIALGA
2020-06-20 16:38:10,739:INFO:------------------------------------------------------------------------------------------------
2020-06-20 16:38:32,796:INFO:ДУГААРЫН ҮНЭ
2020-06-20 16:38:32,799:INFO:5000
2020-06-20 16:40:36,524:INFO:------------------------------------------------------------------------------------------------
2020-06-20 16:40:37,645:INFO:ДУГААРАА СОНГОЖ БУЙ ХЭСЭГ
2020-06-20 16:40:37,645:INFO:7
2020-06-20 16:40:56,797:INFO:------------------------------------------------------------------------------------------------
2020-06-20 16:41:27,343:INFO:ДУГААРЫН ҮНЭ
2020-06-20 16:41:27,346:INFO:5000
2020-06-20 16:42:39,125:INFO:ДУГААРЫН ZAHIALGA
2020-06-20 16:42:50,302:INFO:------------------------------------------------------------------------------------------------
2020-06-20 16:43:14,677:INFO:ДУГААРАА СОНГОЖ БУЙ ХЭСЭГ
2020-06-20 16:43:14,677:INFO:3
2020-06-20 16:43:36,852:INFO:ДУГААРАА СОНГОЖ БУЙ ХЭСЭГ
2020-06-20 16:43:36,853:INFO:2
2020-06-20 16:46:01,853:ERROR:Internal Server Error: /getnumber
Traceback (most recent call last):
  File "/usr/local/lib/python2.7/dist-packages/django/core/handlers/exception.py", line 41, in inner
    response = get_response(request)
  File "/usr/local/lib/python2.7/dist-packages/django/core/handlers/base.py", line 187, in _get_response
    response = self.process_exception_by_middleware(e, request)
  File "/usr/local/lib/python2.7/dist-packages/django/core/handlers/base.py", line 185, in _get_response
    response = wrapped_callback(request, *callback_args, **callback_kwargs)
  File "/usr/local/lib/python2.7/dist-packages/django/views/decorators/csrf.py", line 58, in wrapped_view
    return view_func(*args, **kwargs)
  File "/usr/local/lib/python2.7/dist-packages/django/views/generic/base.py", line 68, in view
    return self.dispatch(request, *args, **kwargs)
  File "/usr/local/lib/python2.7/dist-packages/rest_framework/views.py", line 495, in dispatch
    response = self.handle_exception(exc)
  File "/usr/local/lib/python2.7/dist-packages/rest_framework/views.py", line 455, in handle_exception
    self.raise_uncaught_exception(exc)
  File "/usr/local/lib/python2.7/dist-packages/rest_framework/views.py", line 492, in dispatch
    response = handler(request, *args, **kwargs)
  File "/usr/local/lib/python2.7/dist-packages/rest_framework/decorators.py", line 55, in handler
    return func(*args, **kwargs)
  File "/home/user/nFilterNew/controller/views.py", line 206, in getNumber
    if data[1] == az:
IndexError: list index out of range
2020-06-20 16:47:58,043:INFO:ДУГААРЫН ҮНЭ
2020-06-20 16:47:58,046:INFO:10000
2020-06-20 16:48:47,340:INFO:------------------------------------------------------------------------------------------------
2020-06-20 16:51:45,281:INFO:ДУГААРЫН ҮНЭ
2020-06-20 16:51:45,284:INFO:10000
2020-06-20 16:53:05,356:INFO:------------------------------------------------------------------------------------------------
2020-06-20 16:53:15,155:INFO:ДУГААРЫН ҮНЭ
2020-06-20 16:53:15,157:INFO:10000
2020-06-20 16:53:52,140:INFO:ДУГААРАА СОНГОЖ БУЙ ХЭСЭГ
2020-06-20 16:53:52,140:INFO:2
2020-06-20 16:54:30,222:INFO:ДУГААРЫН ҮНЭ
2020-06-20 16:54:30,225:INFO:5000
2020-06-20 17:11:12,630:INFO:ДУГААРАА СОНГОЖ БУЙ ХЭСЭГ
2020-06-20 17:11:12,630:INFO:2
2020-06-20 17:11:48,898:INFO:------------------------------------------------------------------------------------------------
2020-06-20 17:11:50,203:INFO:------------------------------------------------------------------------------------------------
2020-06-20 17:15:42,583:INFO:------------------------------------------------------------------------------------------------
2020-06-20 17:15:53,602:INFO:ДУГААРАА СОНГОЖ БУЙ ХЭСЭГ
2020-06-20 17:15:53,602:INFO:7
2020-06-20 17:16:08,465:WARNING:Not Found: /
2020-06-20 17:24:00,699:INFO:------------------------------------------------------------------------------------------------
2020-06-20 17:29:00,261:INFO:------------------------------------------------------------------------------------------------
2020-06-20 17:29:39,526:INFO:ДУГААРАА СОНГОЖ БУЙ ХЭСЭГ
2020-06-20 17:29:39,527:INFO:2
2020-06-20 17:30:38,387:INFO:ДУГААРЫН ҮНЭ
2020-06-20 17:30:38,390:INFO:5000
2020-06-20 17:34:01,327:INFO:ДУГААРЫН ҮНЭ
2020-06-20 17:34:01,330:INFO:5000
2020-06-20 17:36:03,137:INFO:------------------------------------------------------------------------------------------------
2020-06-20 17:36:38,414:INFO:ДУГААРАА СОНГОЖ БУЙ ХЭСЭГ
2020-06-20 17:36:38,414:INFO:7
2020-06-20 17:36:38,663:WARNING:Not Found: /favicon.ico
2020-06-20 17:36:57,507:INFO:ДУГААРЫН ҮНЭ
2020-06-20 17:36:57,511:INFO:10000
2020-06-20 17:38:20,869:INFO:ДУГААРАА СОНГОЖ БУЙ ХЭСЭГ
2020-06-20 17:38:20,869:INFO:2
2020-06-20 17:41:10,649:INFO:------------------------------------------------------------------------------------------------
2020-06-20 17:42:16,116:INFO:------------------------------------------------------------------------------------------------
2020-06-20 17:42:18,033:INFO:ДУГААРАА СОНГОЖ БУЙ ХЭСЭГ
2020-06-20 17:42:18,033:INFO:2
2020-06-20 17:48:01,395:INFO:ДУГААРАА СОНГОЖ БУЙ ХЭСЭГ
2020-06-20 17:48:01,396:INFO:7
2020-06-20 17:49:32,456:INFO:ДУГААРАА СОНГОЖ БУЙ ХЭСЭГ
2020-06-20 17:49:32,456:INFO:7
2020-06-20 17:49:33,394:INFO:ДУГААРАА СОНГОЖ БУЙ ХЭСЭГ
2020-06-20 17:49:33,394:INFO:7
2020-06-20 17:49:49,546:INFO:ДУГААРАА СОНГОЖ БУЙ ХЭСЭГ
2020-06-20 17:49:49,546:INFO:7
2020-06-20 17:50:25,603:INFO:ДУГААРАА СОНГОЖ БУЙ ХЭСЭГ
2020-06-20 17:50:25,604:INFO:7
2020-06-20 17:50:34,046:INFO:------------------------------------------------------------------------------------------------
2020-06-20 17:50:37,055:INFO:ДУГААРАА СОНГОЖ БУЙ ХЭСЭГ
2020-06-20 17:50:37,055:INFO:2
2020-06-20 17:51:30,099:INFO:ДУГААРАА СОНГОЖ БУЙ ХЭСЭГ
2020-06-20 17:51:30,100:INFO:7
2020-06-20 17:52:13,946:INFO:ДУГААРАА СОНГОЖ БУЙ ХЭСЭГ
2020-06-20 17:52:13,946:INFO:2
2020-06-20 17:53:05,427:INFO:------------------------------------------------------------------------------------------------
2020-06-20 17:53:16,902:INFO:ДУГААРАА СОНГОЖ БУЙ ХЭСЭГ
2020-06-20 17:53:16,903:INFO:2
2020-06-20 18:02:33,632:INFO:ДУГААРЫН ҮНЭ
2020-06-20 18:02:33,634:INFO:5000
2020-06-20 18:14:42,746:INFO:------------------------------------------------------------------------------------------------
2020-06-20 18:14:45,765:INFO:ДУГААРАА СОНГОЖ БУЙ ХЭСЭГ
2020-06-20 18:14:45,765:INFO:2
2020-06-20 18:15:43,613:INFO:------------------------------------------------------------------------------------------------
2020-06-20 18:16:54,642:INFO:ДУГААРЫН ҮНЭ
2020-06-20 18:16:54,645:INFO:5000
2020-06-20 18:18:13,036:INFO:ДУГААРЫН ZAHIALGA
2020-06-20 18:18:17,993:INFO:------------------------------------------------------------------------------------------------
2020-06-20 18:18:22,324:INFO:ДУГААРАА СОНГОЖ БУЙ ХЭСЭГ
2020-06-20 18:18:22,325:INFO:2
2020-06-20 18:18:45,215:INFO:ДУГААРАА СОНГОЖ БУЙ ХЭСЭГ
2020-06-20 18:18:45,215:INFO:2
2020-06-20 18:19:08,798:INFO:ДУГААРЫН ҮНЭ
2020-06-20 18:19:08,801:INFO:5000
2020-06-20 18:19:55,895:INFO:ДУГААРАА СОНГОЖ БУЙ ХЭСЭГ
2020-06-20 18:19:55,895:INFO:2
2020-06-20 18:20:01,930:INFO:ДУГААРАА СОНГОЖ БУЙ ХЭСЭГ
2020-06-20 18:20:01,930:INFO:2
2020-06-20 18:20:03,937:INFO:ДУГААРАА СОНГОЖ БУЙ ХЭСЭГ
2020-06-20 18:20:03,937:INFO:2
2020-06-20 18:20:14,524:INFO:ДУГААРАА СОНГОЖ БУЙ ХЭСЭГ
2020-06-20 18:20:14,525:INFO:2
2020-06-20 18:24:05,358:INFO:------------------------------------------------------------------------------------------------
2020-06-20 18:29:00,530:INFO:------------------------------------------------------------------------------------------------
2020-06-20 18:36:03,286:INFO:------------------------------------------------------------------------------------------------
2020-06-20 18:41:24,519:INFO:------------------------------------------------------------------------------------------------
2020-06-20 18:45:31,120:INFO:------------------------------------------------------------------------------------------------
2020-06-20 18:45:31,933:INFO:ДУГААРАА СОНГОЖ БУЙ ХЭСЭГ
2020-06-20 18:45:31,933:INFO:2
2020-06-20 18:47:23,691:INFO:ДУГААРЫН ҮНЭ
2020-06-20 18:47:23,694:INFO:5000
2020-06-20 18:53:05,521:INFO:------------------------------------------------------------------------------------------------
2020-06-20 19:15:44,678:INFO:------------------------------------------------------------------------------------------------
2020-06-20 19:23:56,979:INFO:------------------------------------------------------------------------------------------------
2020-06-20 19:23:59,192:INFO:ДУГААРАА СОНГОЖ БУЙ ХЭСЭГ
2020-06-20 19:23:59,193:INFO:2
2020-06-20 19:23:59,577:WARNING:Not Found: /favicon.ico
2020-06-20 19:24:10,004:INFO:------------------------------------------------------------------------------------------------
2020-06-20 19:28:20,471:INFO:ДУГААРАА СОНГОЖ БУЙ ХЭСЭГ
2020-06-20 19:28:20,472:INFO:2
2020-06-20 19:28:40,443:INFO:ДУГААРАА СОНГОЖ БУЙ ХЭСЭГ
2020-06-20 19:28:40,443:INFO:2
2020-06-20 19:29:00,708:INFO:------------------------------------------------------------------------------------------------
2020-06-20 19:29:53,741:INFO:------------------------------------------------------------------------------------------------
2020-06-20 19:36:03,416:INFO:------------------------------------------------------------------------------------------------
2020-06-20 19:53:05,592:INFO:------------------------------------------------------------------------------------------------
2020-06-20 20:03:25,092:INFO:------------------------------------------------------------------------------------------------
2020-06-20 20:03:25,965:INFO:ДУГААРАА СОНГОЖ БУЙ ХЭСЭГ
2020-06-20 20:03:25,965:INFO:2
2020-06-20 20:09:34,825:ERROR:Internal Server Error: /getnumber
Traceback (most recent call last):
  File "/usr/local/lib/python2.7/dist-packages/django/core/handlers/exception.py", line 41, in inner
    response = get_response(request)
  File "/usr/local/lib/python2.7/dist-packages/django/core/handlers/base.py", line 187, in _get_response
    response = self.process_exception_by_middleware(e, request)
  File "/usr/local/lib/python2.7/dist-packages/django/core/handlers/base.py", line 185, in _get_response
    response = wrapped_callback(request, *callback_args, **callback_kwargs)
  File "/usr/local/lib/python2.7/dist-packages/django/views/decorators/csrf.py", line 58, in wrapped_view
    return view_func(*args, **kwargs)
  File "/usr/local/lib/python2.7/dist-packages/django/views/generic/base.py", line 68, in view
    return self.dispatch(request, *args, **kwargs)
  File "/usr/local/lib/python2.7/dist-packages/rest_framework/views.py", line 495, in dispatch
    response = self.handle_exception(exc)
  File "/usr/local/lib/python2.7/dist-packages/rest_framework/views.py", line 455, in handle_exception
    self.raise_uncaught_exception(exc)
  File "/usr/local/lib/python2.7/dist-packages/rest_framework/views.py", line 492, in dispatch
    response = handler(request, *args, **kwargs)
  File "/usr/local/lib/python2.7/dist-packages/rest_framework/decorators.py", line 55, in handler
    return func(*args, **kwargs)
  File "/home/user/nFilterNew/controller/views.py", line 206, in getNumber
    if data[1] == az:
IndexError: list index out of range
2020-06-20 20:10:49,724:INFO:ДУГААРЫН ҮНЭ
2020-06-20 20:10:49,727:INFO:5000
2020-06-20 20:15:45,701:INFO:------------------------------------------------------------------------------------------------
2020-06-20 20:16:55,458:INFO:------------------------------------------------------------------------------------------------
2020-06-20 20:17:04,904:INFO:ДУГААРАА СОНГОЖ БУЙ ХЭСЭГ
2020-06-20 20:17:04,905:INFO:7
2020-06-20 20:19:08,503:INFO:ДУГААРАА СОНГОЖ БУЙ ХЭСЭГ
2020-06-20 20:19:08,504:INFO:7
2020-06-20 20:19:22,319:INFO:ДУГААРАА СОНГОЖ БУЙ ХЭСЭГ
2020-06-20 20:19:22,319:INFO:7
2020-06-20 20:19:42,880:INFO:ДУГААРАА СОНГОЖ БУЙ ХЭСЭГ
2020-06-20 20:19:42,881:INFO:7
2020-06-20 20:24:15,381:INFO:------------------------------------------------------------------------------------------------
2020-06-20 20:25:45,037:INFO:------------------------------------------------------------------------------------------------
2020-06-20 20:25:46,369:INFO:ДУГААРАА СОНГОЖ БУЙ ХЭСЭГ
2020-06-20 20:25:46,369:INFO:2
2020-06-20 20:25:56,703:INFO:ДУГААРЫН ҮНЭ
2020-06-20 20:25:56,705:INFO:5000
2020-06-20 20:27:41,608:INFO:ДУГААРЫН ZAHIALGA
2020-06-20 20:27:43,346:INFO:------------------------------------------------------------------------------------------------
2020-06-20 20:29:00,837:INFO:------------------------------------------------------------------------------------------------
2020-06-20 20:32:36,927:WARNING:Not Found: /public/index.php
2020-06-20 20:32:37,144:WARNING:Not Found: /public/index.php
2020-06-20 20:32:37,363:WARNING:Not Found: /public/hydra.php
2020-06-20 20:36:03,532:INFO:------------------------------------------------------------------------------------------------
2020-06-20 20:53:05,659:INFO:------------------------------------------------------------------------------------------------
2020-06-20 21:00:42,557:INFO:------------------------------------------------------------------------------------------------
2020-06-20 21:00:44,503:INFO:ДУГААРАА СОНГОЖ БУЙ ХЭСЭГ
2020-06-20 21:00:44,503:INFO:2
2020-06-20 21:09:41,618:INFO:------------------------------------------------------------------------------------------------
2020-06-20 21:09:43,496:INFO:ДУГААРАА СОНГОЖ БУЙ ХЭСЭГ
2020-06-20 21:09:43,497:INFO:7
2020-06-20 21:11:02,169:INFO:------------------------------------------------------------------------------------------------
2020-06-20 21:11:03,924:INFO:ДУГААРАА СОНГОЖ БУЙ ХЭСЭГ
2020-06-20 21:11:03,924:INFO:2
2020-06-20 21:13:50,632:INFO:------------------------------------------------------------------------------------------------
2020-06-20 21:13:52,684:INFO:ДУГААРАА СОНГОЖ БУЙ ХЭСЭГ
2020-06-20 21:13:52,685:INFO:7
2020-06-20 21:15:46,741:INFO:------------------------------------------------------------------------------------------------
2020-06-20 21:24:20,032:INFO:------------------------------------------------------------------------------------------------
2020-06-20 21:29:01,117:INFO:------------------------------------------------------------------------------------------------
2020-06-20 21:53:05,741:INFO:------------------------------------------------------------------------------------------------
2020-06-20 22:15:47,795:INFO:------------------------------------------------------------------------------------------------
2020-06-20 22:24:24,677:INFO:------------------------------------------------------------------------------------------------
2020-06-20 22:29:01,287:INFO:------------------------------------------------------------------------------------------------
2020-06-20 22:51:40,729:WARNING:Not Found: /
2020-06-20 22:53:05,808:INFO:------------------------------------------------------------------------------------------------
2020-06-20 23:15:48,824:INFO:------------------------------------------------------------------------------------------------
2020-06-20 23:24:29,294:INFO:------------------------------------------------------------------------------------------------
2020-06-20 23:29:01,507:INFO:------------------------------------------------------------------------------------------------
2020-06-20 23:53:05,870:INFO:------------------------------------------------------------------------------------------------
2020-06-21 00:15:49,855:INFO:------------------------------------------------------------------------------------------------
2020-06-21 00:24:33,940:INFO:------------------------------------------------------------------------------------------------
2020-06-21 00:29:01,676:INFO:------------------------------------------------------------------------------------------------
2020-06-21 00:53:05,947:INFO:------------------------------------------------------------------------------------------------
2020-06-21 01:15:50,933:INFO:------------------------------------------------------------------------------------------------
2020-06-21 01:24:38,583:INFO:------------------------------------------------------------------------------------------------
2020-06-21 01:29:01,974:INFO:------------------------------------------------------------------------------------------------
2020-06-21 01:53:06,034:INFO:------------------------------------------------------------------------------------------------
2020-06-21 02:15:51,959:INFO:------------------------------------------------------------------------------------------------
2020-06-21 02:24:43,210:INFO:------------------------------------------------------------------------------------------------
2020-06-21 02:29:02,094:INFO:------------------------------------------------------------------------------------------------
2020-06-21 02:53:06,083:INFO:------------------------------------------------------------------------------------------------
2020-06-21 03:15:52,983:INFO:------------------------------------------------------------------------------------------------
2020-06-21 03:24:47,852:INFO:------------------------------------------------------------------------------------------------
2020-06-21 03:29:02,312:INFO:------------------------------------------------------------------------------------------------
2020-06-21 03:53:06,180:INFO:------------------------------------------------------------------------------------------------
2020-06-21 04:15:54,017:INFO:------------------------------------------------------------------------------------------------
2020-06-21 04:24:52,594:INFO:------------------------------------------------------------------------------------------------
2020-06-21 04:29:02,487:INFO:------------------------------------------------------------------------------------------------
2020-06-21 04:53:06,259:INFO:------------------------------------------------------------------------------------------------
2020-06-21 05:15:55,116:INFO:------------------------------------------------------------------------------------------------
2020-06-21 05:24:57,251:INFO:------------------------------------------------------------------------------------------------
2020-06-21 05:29:02,634:INFO:------------------------------------------------------------------------------------------------
2020-06-21 05:53:06,356:INFO:------------------------------------------------------------------------------------------------
2020-06-21 06:15:56,113:INFO:------------------------------------------------------------------------------------------------
2020-06-21 06:25:01,937:INFO:------------------------------------------------------------------------------------------------
