2020-03-09 09:14:13,968:INFO:------------------------------------------------------------------------------------------------
2020-03-09 10:02:51,287:INFO:------------------------------------------------------------------------------------------------
2020-03-09 10:02:53,380:INFO:ДУГААРАА СОНГОЖ БУЙ ХЭСЭГ
2020-03-09 10:02:53,380:INFO:2
2020-03-09 10:02:59,325:INFO:98980450:6|98980614:6|98980703:6|98980793:6|98980814:6|98981628:6|98983422:6|98983591:6|98983778:6|98984307:6|98984576:6|98984593:6|98984756:6|98984938:6|98985025:6|98985294:6|98985321:6|98985322:6|98985379:6|98985423:6|98985439:6|98985600:6|98985627:6|98985641:6|98985647:6|98985684:6|98985724:6|98985792:6|98985862:6|98985931:6|98986249:6|98986253:6|98986274:6|98986293:6|98986303:6|98986342:6|98986354:6|98986438:6|98986452:6|98986473:6|98986476:6|98986524:6|98986531:6|98986541:6|98986584:6|98986624:6|98986704:6|98986741:6|98986756:6|98986792:6|98986924:6|98986927:6|98986935:6|98987036:6|98987061:6|98987063:6|98987129:6|98987143:6|98987148:6|98987149:6|98987182:6|98987203:6|98987235:6|98987265:6|98987281:6|98987307:6|98987314:6|98987315:6|98987325:6|98987326:6|98987358:6|98987362:6|98987364:6|98987365:6|98987397:6|98987401:6|98987403:6|98987424:6|98987453:6|98987593:6|98987637:6|98987643:6|98987645:6|98987916:6|98987952:6|98987961:6|98987985:6|98987991:6|98988036:6|98988043:6|98988166:6|98988234:6|98988245:6|98988257:6|98988263:6|98988319:6|98988369:6|98988413:6|98988512:6|98988566:6|98988574:6|98988601:6|98988637:6|98988723:6|98989127:6|98989173:6|98989342:6|98989417:6|98989436:6|98989465:6|98989561:6|98989573:6|98989742:6|98989783:6
2020-03-09 10:03:16,388:INFO:98990121:6|98990157:6|98990416:6|98990566:6|98990617:6|98990764:6|98990867:6|98991113:6|98991306:6|98991345:6|98991360:6|98991371:6|98991452:6|98991457:6|98991481:6|98991496:6|98991546:6|98991576:6|98991596:6|98991628:6|98991634:6|98991639:6|98991674:6|98991682:6|98991684:6|98991713:6|98991724:6|98991725:6|98991735:6|98991736:6|98991742:6|98991752:6|98991754:6|98991764:6|98991785:6|98991792:6|98991793:6|98991796:6|98991821:6|98991843:6|98991847:6|98991851:6|98991874:6|98991876:6|98991926:6|98991943:6|98991945:6|98991954:6|98991969:6|98991973:6|98992061:6|98992064:6|98992067:6|98992130:6|98992137:6|98992143:6|98992157:6|98992174:6|98992176:6|98992185:6|98992196:6|98992264:6|98992305:6|98992314:6|98992315:6|98992316:6|98992327:6|98992340:6|98992359:6|98992371:6|98992384:6|98992386:6|98992391:6|98992397:6|98992438:6|98992443:6|98992451:6|98992456:6|98992457:6|98992458:6|98992461:6|98992475:6|98992481:6|98992482:6|98992487:6|98992528:6|98992534:6|98992543:6|98992546:6|98992547:6|98992576:6|98992591:6|98992592:6|98992597:6|98992621:6|98992631:6|98992632:6|98992642:6|98992651:6|98992652:6|98992653:6|98992657:6|98992671:6|98992693:6|98992697:6|98992714:6|98992726:6|98992732:6|98992748:6|98992750:6|98992754:6|98992763:6|98992781:6|98992794:6|98992806:6|98992837:6|98992840:6|98992845:6|98992861:6|98992862:6|98992870:6|98992874:6|98992876:6|98992903:6|98992917:6|98992921:6|98992928:6|98992942:6|98992946:6|98992955:6|98992957:6|98992976:6
2020-03-09 10:10:52,476:INFO:98880037:6|98880274:6|98880297:6|98880468:6|98880546:6|98880560:6|98880674:6|98880752:6|98880756:6|98880759:6|98880947:6|98880961:6|98880975:6|98881238:6|98881274:6|98881283:6|98881286:6|98881354:6|98881365:6|98881375:6|98881392:6|98881423:6|98881430:6|98881437:6|98881463:6|98881507:6|98881527:6|98881537:6|98881593:6|98881596:6|98881652:6|98881682:6|98881691:6|98881711:6|98881714:6|98881723:6|98881724:6|98881728:6|98881734:6|98881762:6|98881783:6|98881785:6|98881793:6|98881795:6|98881823:6|98881936:6|98881941:6|98881974:6|98881976:6|98881982:6|98882042:6|98882052:6|98882072:6|98882096:6|98882114:6|98882143:6|98882147:6|98882149:6|98882154:6|98882157:6|98882162:6|98882172:6|98882173:6|98882175:6|98882178:6|98882185:6|98882257:6|98882276:6|98882307:6|98882312:6|98882315:6|98882331:6|98882350:6|98882351:6|98882357:6|98882361:6|98882365:6|98882370:6|98882372:6|98882376:6|98882391:6|98882395:6|98882397:6|98882413:6|98882416:6|98882417:6|98882436:6|98882437:6|98882439:6|98882492:6|98882497:6|98882516:6|98882517:6|98882536:6|98882541:6|98882543:6|98882563:6|98882571:6|98882574:6|98882593:6|98882614:6|98882634:6|98882637:6|98882645:6|98882647:6|98882671:6|98882673:6|98882674:6|98882693:6|98882715:6|98882725:6|98882730:6|98882733:6|98882734:6|98882743:6|98882745:6|98882751:6|98882753:6|98882759:6|98882763:6|98882769:6|98882781:6|98882782:6|98882793:6|98882794:6|98882826:6|98882843:6|98882854:6|98882916:6|98882917:6|98882931:6|98882935:6
2020-03-09 10:53:09,564:INFO:------------------------------------------------------------------------------------------------
2020-03-09 10:53:10,770:INFO:ДУГААРАА СОНГОЖ БУЙ ХЭСЭГ
2020-03-09 10:53:10,770:INFO:2
2020-03-09 10:53:24,542:INFO:-1
2020-03-09 10:53:25,764:INFO:98138662:6
2020-03-09 10:53:26,866:INFO:98148662:6
2020-03-09 10:53:27,859:INFO:98158662:6
2020-03-09 10:53:29,189:INFO:98168662:6
2020-03-09 10:53:30,103:INFO:98178662:6
2020-03-09 10:53:31,296:INFO:-1
2020-03-09 10:53:32,435:INFO:-1
2020-03-09 10:53:33,450:INFO:-1
2020-03-09 10:53:34,523:INFO:-1
2020-03-09 10:53:34,836:INFO:98218662:6
2020-03-09 10:53:35,681:INFO:98138662:6
2020-03-09 10:53:35,878:INFO:-1
2020-03-09 10:53:36,982:INFO:98148662:6
2020-03-09 10:53:37,239:INFO:98238662:6
2020-03-09 10:53:38,113:INFO:98158662:6
2020-03-09 10:53:38,310:INFO:98248662:6
2020-03-09 10:53:39,227:INFO:98168662:6
2020-03-09 10:53:39,459:INFO:98258662:6
2020-03-09 10:53:40,494:INFO:98178662:6
2020-03-09 10:53:40,630:INFO:98268662:6
2020-03-09 10:53:41,557:INFO:-1
2020-03-09 10:53:41,671:INFO:98278662:6
2020-03-09 10:53:42,486:INFO:-1
2020-03-09 10:53:42,659:INFO:98288662:6
2020-03-09 10:53:43,379:INFO:-1
2020-03-09 10:53:43,472:INFO:98298662:6
2020-03-09 10:53:44,176:INFO:98218662:6
2020-03-09 10:53:44,257:INFO:98308662:6
2020-03-09 10:53:45,055:INFO:-1
2020-03-09 10:53:45,134:INFO:98318662:6
2020-03-09 10:53:46,187:INFO:98238662:6
2020-03-09 10:53:46,267:INFO:98328662:6
2020-03-09 10:53:47,570:INFO:98248662:6
2020-03-09 10:53:47,620:INFO:98338662:6
2020-03-09 10:53:48,528:INFO:98258662:6
2020-03-09 10:53:48,563:INFO:98388662:6
2020-03-09 10:53:49,908:INFO:98268662:6
2020-03-09 10:53:49,933:INFO:98428662:6
2020-03-09 10:53:51,144:INFO:98438662:6
2020-03-09 10:53:51,144:INFO:98278662:6
2020-03-09 10:53:52,460:INFO:98488662:6
2020-03-09 10:53:52,461:INFO:98288662:6
2020-03-09 10:53:53,540:INFO:98518662:6
2020-03-09 10:53:53,541:INFO:98298662:6
2020-03-09 10:53:54,701:INFO:98308662:6
2020-03-09 10:53:54,711:INFO:98568662:6
2020-03-09 10:53:55,946:INFO:98318662:6
2020-03-09 10:53:55,946:INFO:98518662:6
2020-03-09 10:53:55,964:INFO:98598662:6
2020-03-09 10:53:56,898:INFO:98328662:6
2020-03-09 10:53:56,983:INFO:98568662:6
2020-03-09 10:53:57,001:INFO:98608662:6
2020-03-09 10:53:58,217:INFO:98338662:6
2020-03-09 10:53:58,407:INFO:98598662:6
2020-03-09 10:53:58,452:INFO:98618662:6
2020-03-09 10:53:59,172:INFO:98388662:6
2020-03-09 10:53:59,383:INFO:-1
2020-03-09 10:54:00,303:INFO:98428662:6
2020-03-09 10:54:00,645:INFO:-1
2020-03-09 10:54:01,301:INFO:98438662:6
2020-03-09 10:54:01,520:INFO:98648662:6
2020-03-09 10:54:02,179:INFO:98488662:6
2020-03-09 10:54:02,468:INFO:98658662:6
2020-03-09 10:54:03,063:INFO:98518662:6
2020-03-09 10:54:03,290:INFO:98668662:6
2020-03-09 10:54:03,919:INFO:98568662:6
2020-03-09 10:54:04,192:INFO:98708662:6
2020-03-09 10:54:04,921:INFO:98598662:6
2020-03-09 10:54:05,348:INFO:98808662:6
2020-03-09 10:54:06,211:INFO:98608662:6
2020-03-09 10:54:06,503:INFO:98818662:6
2020-03-09 10:54:07,094:INFO:98618662:6
2020-03-09 10:54:07,499:INFO:98828662:6
2020-03-09 10:54:08,343:INFO:-1
2020-03-09 10:54:08,861:INFO:-1
2020-03-09 10:54:09,458:INFO:-1
2020-03-09 10:54:09,789:INFO:-1
2020-03-09 10:54:10,564:INFO:98648662:6
2020-03-09 10:54:11,089:INFO:-1
2020-03-09 10:54:11,800:INFO:98658662:6
2020-03-09 10:54:12,219:INFO:-1
2020-03-09 10:54:12,698:INFO:98668662:6
2020-03-09 10:54:13,277:INFO:98878662:6
2020-03-09 10:54:13,711:INFO:98708662:6
2020-03-09 10:54:14,111:INFO:-1
2020-03-09 10:54:14,632:INFO:98808662:6
2020-03-09 10:54:15,113:INFO:-1
2020-03-09 10:54:15,506:INFO:98818662:6
2020-03-09 10:54:15,986:INFO:98908662:6
2020-03-09 10:54:16,339:INFO:98828662:6
2020-03-09 10:54:16,982:INFO:98918662:6
2020-03-09 10:54:17,518:INFO:-1
2020-03-09 10:54:18,407:INFO:98928662:6
2020-03-09 10:54:18,747:INFO:-1
2020-03-09 10:54:19,423:INFO:98938662:6
2020-03-09 10:54:19,668:INFO:-1
2020-03-09 10:54:20,518:INFO:98948662:6
2020-03-09 10:54:20,685:INFO:-1
2020-03-09 10:54:21,497:INFO:98958662:6
2020-03-09 10:54:21,619:INFO:98878662:6
2020-03-09 10:54:22,399:INFO:98968662:6
2020-03-09 10:54:22,525:INFO:-1
2020-03-09 10:54:23,671:INFO:98978662:6
2020-03-09 10:54:23,800:INFO:-1
2020-03-09 10:54:24,793:INFO:-1
2020-03-09 10:54:24,814:INFO:98908662:6
2020-03-09 10:54:25,688:INFO:-1
2020-03-09 10:54:25,708:INFO:98918662:6
2020-03-09 10:54:26,733:INFO:-1
2020-03-09 10:54:26,739:INFO:98928662:6
2020-03-09 10:54:27,575:INFO:98938662:6
2020-03-09 10:54:27,582:INFO:98478662:6
2020-03-09 10:54:28,603:INFO:98948662:6
2020-03-09 10:54:28,670:INFO:98678662:6
2020-03-09 10:54:29,665:INFO:98958662:6
2020-03-09 10:54:30,896:INFO:98968662:6
2020-03-09 10:54:31,761:INFO:98978662:6
2020-03-09 10:54:33,071:INFO:-1
2020-03-09 10:54:34,122:INFO:-1
2020-03-09 10:54:35,214:INFO:-1
2020-03-09 10:54:36,497:INFO:98478662:6
2020-03-09 10:54:37,325:INFO:98678662:6
2020-03-09 10:58:12,764:INFO:ДУГААРЫН ҮНЭ
2020-03-09 10:58:12,769:INFO:5000
2020-03-09 10:58:13,985:INFO:РЕГИСТЕРИЙН ДУГААР
2020-03-09 10:58:20,864:INFO:ДУГААРЫН ZAHIALGA
2020-03-09 10:58:20,875:INFO:Success
2020-03-09 10:58:22,864:INFO:------------------------------------------------------------------------------------------------
2020-03-09 10:59:51,282:INFO:ДУГААРАА СОНГОЖ БУЙ ХЭСЭГ
2020-03-09 10:59:51,282:INFO:2
2020-03-09 11:00:01,006:INFO:98308662:6
2020-03-09 11:00:01,966:INFO:98318662:6
2020-03-09 11:00:03,276:INFO:98328662:6
2020-03-09 11:00:04,325:INFO:98338662:6
2020-03-09 11:00:05,488:INFO:98388662:6
2020-03-09 11:00:06,650:INFO:-1
2020-03-09 11:00:15,008:INFO:ДУГААРЫН ҮНЭ
2020-03-09 11:00:15,012:INFO:5000
2020-03-09 11:00:16,086:INFO:РЕГИСТЕРИЙН ДУГААР
2020-03-09 11:00:59,437:INFO:ДУГААРЫН ZAHIALGA
2020-03-09 11:00:59,444:INFO:Success
2020-03-09 11:02:59,663:INFO:------------------------------------------------------------------------------------------------
2020-03-09 11:06:25,927:INFO:------------------------------------------------------------------------------------------------
2020-03-09 11:12:56,577:INFO:------------------------------------------------------------------------------------------------
2020-03-09 11:13:04,351:INFO:------------------------------------------------------------------------------------------------
2020-03-09 11:13:08,662:INFO:ДУГААРАА СОНГОЖ БУЙ ХЭСЭГ
2020-03-09 11:13:08,662:INFO:2
2020-03-09 11:13:08,761:WARNING:Not Found: /favicon.ico
2020-03-09 11:13:11,711:INFO:ДУГААРАА СОНГОЖ БУЙ ХЭСЭГ
2020-03-09 11:13:11,711:INFO:2
2020-03-09 11:13:19,871:INFO:ДУГААРАА СОНГОЖ БУЙ ХЭСЭГ
2020-03-09 11:13:19,871:INFO:2
2020-03-09 11:13:21,550:INFO:ДУГААРАА СОНГОЖ БУЙ ХЭСЭГ
2020-03-09 11:13:21,550:INFO:2
2020-03-09 11:13:22,524:INFO:------------------------------------------------------------------------------------------------
2020-03-09 11:13:40,983:INFO:ДУГААРАА СОНГОЖ БУЙ ХЭСЭГ
2020-03-09 11:13:40,983:INFO:2
2020-03-09 11:20:25,416:INFO:ДУГААРАА СОНГОЖ БУЙ ХЭСЭГ
2020-03-09 11:20:25,417:INFO:7
2020-03-09 11:20:25,732:WARNING:Not Found: /favicon.ico
2020-03-09 11:20:27,004:INFO:------------------------------------------------------------------------------------------------
2020-03-09 11:20:28,091:INFO:ДУГААРАА СОНГОЖ БУЙ ХЭСЭГ
2020-03-09 11:20:28,091:INFO:2
2020-03-09 11:20:28,332:WARNING:Not Found: /favicon.ico
2020-03-09 11:20:39,713:INFO:98935652:6
2020-03-09 11:26:33,470:INFO:------------------------------------------------------------------------------------------------
2020-03-09 11:26:34,413:INFO:ДУГААРАА СОНГОЖ БУЙ ХЭСЭГ
2020-03-09 11:26:34,413:INFO:2
2020-03-09 11:26:43,348:INFO:-1
2020-03-09 11:26:43,760:INFO:-1
2020-03-09 11:26:44,463:INFO:-1
2020-03-09 11:26:44,841:INFO:-1
2020-03-09 11:26:45,699:INFO:-1
2020-03-09 11:26:45,927:INFO:-1
2020-03-09 11:26:46,621:INFO:-1
2020-03-09 11:26:47,076:INFO:-1
2020-03-09 11:26:47,475:INFO:-1
2020-03-09 11:26:48,182:INFO:-1
2020-03-09 11:26:48,537:INFO:-1
2020-03-09 11:26:49,083:INFO:-1
2020-03-09 11:26:49,415:INFO:-1
2020-03-09 11:26:50,213:INFO:-1
2020-03-09 11:26:50,330:INFO:-1
2020-03-09 11:26:51,306:INFO:-1
2020-03-09 11:26:51,433:INFO:-1
2020-03-09 11:26:52,526:INFO:-1
2020-03-09 11:26:52,557:INFO:-1
2020-03-09 11:26:53,503:INFO:98220708:6
2020-03-09 11:26:53,699:INFO:-1
2020-03-09 11:26:54,810:INFO:98220708:6
2020-03-09 11:26:54,842:INFO:-1
2020-03-09 11:26:55,827:INFO:-1
2020-03-09 11:26:55,872:INFO:-1
2020-03-09 11:26:56,776:INFO:-1
2020-03-09 11:26:56,936:INFO:-1
2020-03-09 11:26:57,713:INFO:-1
2020-03-09 11:26:58,018:INFO:-1
2020-03-09 11:26:59,058:INFO:-1
2020-03-09 11:26:59,082:INFO:-1
2020-03-09 11:27:00,009:INFO:-1
2020-03-09 11:27:00,184:INFO:-1
2020-03-09 11:27:00,805:INFO:-1
2020-03-09 11:27:01,263:INFO:-1
2020-03-09 11:27:01,816:INFO:-1
2020-03-09 11:27:01,997:INFO:-1
2020-03-09 11:27:02,331:INFO:-1
2020-03-09 11:27:02,921:INFO:-1
2020-03-09 11:27:03,058:INFO:-1
2020-03-09 11:27:03,430:INFO:-1
2020-03-09 11:27:03,818:INFO:-1
2020-03-09 11:27:03,968:INFO:-1
2020-03-09 11:27:04,389:INFO:93120708:6
2020-03-09 11:27:04,503:INFO:-1
2020-03-09 11:27:04,738:INFO:-1
2020-03-09 11:27:04,856:INFO:-1
2020-03-09 11:27:05,429:INFO:-1
2020-03-09 11:27:05,533:INFO:-1
2020-03-09 11:27:05,558:INFO:-1
2020-03-09 11:27:05,715:INFO:-1
2020-03-09 11:27:06,484:INFO:-1
2020-03-09 11:27:06,545:INFO:-1
2020-03-09 11:27:06,637:INFO:-1
2020-03-09 11:27:06,677:INFO:-1
2020-03-09 11:27:07,498:INFO:-1
2020-03-09 11:27:07,523:INFO:-1
2020-03-09 11:27:07,646:INFO:-1
2020-03-09 11:27:07,701:INFO:-1
2020-03-09 11:27:08,419:INFO:-1
2020-03-09 11:27:08,522:INFO:-1
2020-03-09 11:27:08,594:INFO:-1
2020-03-09 11:27:08,810:INFO:-1
2020-03-09 11:27:09,295:INFO:-1
2020-03-09 11:27:09,477:INFO:-1
2020-03-09 11:27:09,686:INFO:-1
2020-03-09 11:27:09,882:INFO:-1
2020-03-09 11:27:10,316:INFO:-1
2020-03-09 11:27:10,513:INFO:-1
2020-03-09 11:27:10,743:INFO:-1
2020-03-09 11:27:10,953:INFO:-1
2020-03-09 11:27:11,182:INFO:-1
2020-03-09 11:27:11,327:INFO:98220708:6
2020-03-09 11:27:11,717:INFO:-1
2020-03-09 11:27:11,872:INFO:-1
2020-03-09 11:27:12,200:INFO:-1
2020-03-09 11:27:12,347:INFO:-1
2020-03-09 11:27:12,744:INFO:-1
2020-03-09 11:27:12,990:INFO:-1
2020-03-09 11:27:12,990:INFO:-1
2020-03-09 11:27:13,139:INFO:-1
2020-03-09 11:27:13,868:INFO:-1
2020-03-09 11:27:13,884:INFO:-1
2020-03-09 11:27:14,062:INFO:-1
2020-03-09 11:27:14,142:INFO:-1
2020-03-09 11:27:14,676:INFO:-1
2020-03-09 11:27:14,859:INFO:-1
2020-03-09 11:27:14,862:INFO:-1
2020-03-09 11:27:15,182:INFO:-1
2020-03-09 11:27:15,457:INFO:-1
2020-03-09 11:27:15,644:INFO:-1
2020-03-09 11:27:16,191:INFO:-1
2020-03-09 11:27:16,281:INFO:-1
2020-03-09 11:27:16,357:INFO:-1
2020-03-09 11:27:16,497:INFO:-1
2020-03-09 11:27:17,344:INFO:-1
2020-03-09 11:27:17,345:INFO:-1
2020-03-09 11:27:17,489:INFO:-1
2020-03-09 11:27:17,501:INFO:-1
2020-03-09 11:27:18,533:INFO:-1
2020-03-09 11:27:18,613:INFO:-1
2020-03-09 11:27:18,705:INFO:-1
2020-03-09 11:27:18,841:INFO:-1
2020-03-09 11:27:19,654:INFO:-1
2020-03-09 11:27:19,712:INFO:-1
2020-03-09 11:27:19,752:INFO:-1
2020-03-09 11:27:19,762:INFO:-1
2020-03-09 11:27:20,837:INFO:-1
2020-03-09 11:27:20,859:INFO:-1
2020-03-09 11:27:20,862:INFO:-1
2020-03-09 11:27:21,018:INFO:-1
2020-03-09 11:27:21,945:INFO:-1
2020-03-09 11:27:21,957:INFO:-1
2020-03-09 11:27:22,026:INFO:-1
2020-03-09 11:27:22,167:INFO:93290708:6
2020-03-09 11:27:22,860:INFO:-1
2020-03-09 11:27:22,867:INFO:-1
2020-03-09 11:27:23,098:INFO:-1
2020-03-09 11:27:23,238:INFO:-1
2020-03-09 11:27:23,854:INFO:-1
2020-03-09 11:27:23,963:INFO:-1
2020-03-09 11:27:24,457:INFO:-1
2020-03-09 11:27:24,548:INFO:-1
2020-03-09 11:27:25,060:INFO:-1
2020-03-09 11:27:25,138:INFO:-1
2020-03-09 11:27:25,347:INFO:-1
2020-03-09 11:27:25,483:INFO:-1
2020-03-09 11:27:26,213:INFO:-1
2020-03-09 11:27:26,282:INFO:-1
2020-03-09 11:27:26,650:INFO:-1
2020-03-09 11:27:26,851:INFO:-1
2020-03-09 11:27:27,333:INFO:-1
2020-03-09 11:27:27,434:INFO:-1
2020-03-09 11:27:27,744:INFO:-1
2020-03-09 11:27:27,979:INFO:-1
2020-03-09 11:27:28,377:INFO:-1
2020-03-09 11:27:28,429:INFO:-1
2020-03-09 11:27:28,813:INFO:-1
2020-03-09 11:27:29,239:INFO:-1
2020-03-09 11:27:29,596:INFO:-1
2020-03-09 11:27:29,636:INFO:-1
2020-03-09 11:27:30,144:INFO:-1
2020-03-09 11:27:30,417:INFO:-1
2020-03-09 11:27:30,690:INFO:-1
2020-03-09 11:27:30,800:INFO:-1
2020-03-09 11:27:30,829:INFO:98220708:6
2020-03-09 11:27:31,095:INFO:-1
2020-03-09 11:27:31,410:INFO:-1
2020-03-09 11:27:31,746:INFO:-1
2020-03-09 11:27:31,865:INFO:-1
2020-03-09 11:27:31,880:INFO:ДУГААРЫН ҮНЭ
2020-03-09 11:27:31,884:INFO:5000
2020-03-09 11:27:32,437:INFO:-1
2020-03-09 11:27:32,758:INFO:-1
2020-03-09 11:27:32,803:INFO:-1
2020-03-09 11:27:32,943:INFO:-1
2020-03-09 11:27:33,169:INFO:РЕГИСТЕРИЙН ДУГААР
2020-03-09 11:27:33,438:INFO:-1
2020-03-09 11:27:33,679:INFO:-1
2020-03-09 11:27:33,868:INFO:-1
2020-03-09 11:27:34,013:INFO:-1
2020-03-09 11:27:34,594:INFO:-1
2020-03-09 11:27:34,911:INFO:93320708:6
2020-03-09 11:27:34,929:INFO:-1
2020-03-09 11:27:35,090:INFO:-1
2020-03-09 11:27:35,607:INFO:-1
2020-03-09 11:27:35,789:INFO:-1
2020-03-09 11:27:36,005:INFO:-1
2020-03-09 11:27:36,173:INFO:-1
2020-03-09 11:27:36,512:INFO:-1
2020-03-09 11:27:36,716:INFO:93340708:6
2020-03-09 11:27:37,067:INFO:-1
2020-03-09 11:27:37,245:INFO:-1
2020-03-09 11:27:37,517:INFO:-1
2020-03-09 11:27:37,857:INFO:-1
2020-03-09 11:27:38,162:INFO:-1
2020-03-09 11:27:38,323:INFO:-1
2020-03-09 11:27:38,754:INFO:-1
2020-03-09 11:27:38,936:INFO:-1
2020-03-09 11:27:39,252:INFO:-1
2020-03-09 11:27:39,418:INFO:-1
2020-03-09 11:27:39,686:INFO:-1
2020-03-09 11:27:39,857:INFO:93450708:6
2020-03-09 11:27:40,338:INFO:-1
2020-03-09 11:27:40,493:INFO:-1
2020-03-09 11:27:40,517:INFO:-1
2020-03-09 11:27:40,678:INFO:-1
2020-03-09 11:27:41,353:INFO:-1
2020-03-09 11:27:41,409:INFO:-1
2020-03-09 11:27:41,502:INFO:-1
2020-03-09 11:27:41,592:INFO:-1
2020-03-09 11:27:42,282:INFO:-1
2020-03-09 11:27:42,471:INFO:-1
2020-03-09 11:27:42,665:INFO:-1
2020-03-09 11:27:43,414:INFO:-1
2020-03-09 11:27:43,526:INFO:-1
2020-03-09 11:27:43,732:INFO:-1
2020-03-09 11:27:44,342:INFO:-1
2020-03-09 11:27:44,589:INFO:-1
2020-03-09 11:27:44,830:INFO:-1
2020-03-09 11:27:45,185:INFO:-1
2020-03-09 11:27:45,493:INFO:-1
2020-03-09 11:27:46,030:INFO:-1
2020-03-09 11:27:46,792:INFO:-1
2020-03-09 11:27:46,939:INFO:-1
2020-03-09 11:27:47,859:INFO:-1
2020-03-09 11:27:48,131:INFO:ДУГААРЫН ZAHIALGA
2020-03-09 11:27:48,141:INFO:Success
2020-03-09 11:27:48,899:INFO:-1
2020-03-09 11:27:49,959:INFO:-1
2020-03-09 11:27:50,798:INFO:-1
2020-03-09 11:27:51,824:INFO:-1
2020-03-09 11:27:52,880:INFO:-1
2020-03-09 11:27:54,157:INFO:-1
2020-03-09 11:27:55,066:INFO:-1
2020-03-09 11:27:56,361:INFO:-1
2020-03-09 11:27:57,428:INFO:-1
2020-03-09 11:27:58,318:INFO:-1
2020-03-09 11:27:59,158:INFO:-1
2020-03-09 11:28:00,081:INFO:-1
2020-03-09 11:28:01,113:INFO:-1
2020-03-09 11:28:02,388:INFO:-1
2020-03-09 11:29:48,359:INFO:------------------------------------------------------------------------------------------------
2020-03-09 11:44:53,546:INFO:ДУГААРАА СОНГОЖ БУЙ ХЭСЭГ
2020-03-09 11:44:53,546:INFO:2
2020-03-09 11:44:53,862:WARNING:Not Found: /favicon.ico
2020-03-09 11:44:57,078:INFO:------------------------------------------------------------------------------------------------
2020-03-09 11:44:58,824:INFO:ДУГААРАА СОНГОЖ БУЙ ХЭСЭГ
2020-03-09 11:44:58,824:INFO:7
2020-03-09 11:45:06,137:INFO:93000018:6|93000041:6|93000067:6|93000081:6|93000105:6|93000107:6|93000112:6|93000115:6|93000117:6|93000118:6|93000124:6|93000126:6|93000127:6|93000128:6|93000129:6|93000133:6|93000134:6|93000135:6|93000136:6|93000137:6|93000138:6|93000139:6|93000140:6|93000141:6|93000142:6|93000143:6|93000145:6|93000146:6|93000149:6|93000150:6|93000151:6|93000152:6|93000153:6|93000154:6|93000155:6|93000156:6|93000157:6|93000158:6|93000159:6|93000160:6|93000161:6|93000162:6|93000163:6|93000164:6|93000165:6|93000166:6|93000167:6|93000168:6|93000169:6|93000170:6|93000171:6|93000172:6|93000173:6|93000174:6|93000175:6|93000176:6|93000178:6|93000179:6|93000180:6|93000183:6|93000184:6|93000185:6|93000186:6|93000187:6|93000188:6|93000189:6|93000190:6|93000191:6|93000192:6|93000194:6|93000195:6|93000196:6|93000197:6|93000201:6|93000204:6|93000205:6|93000211:6|93000212:6|93000213:6|93000214:6|93000215:6|93000216:6|93000217:6|93000218:6|93000219:6|93000223:6|93000224:6|93000225:6|93000227:6|93000228:6|93000230:6|93000231:6|93000232:6|93000233:6|93000234:6|93000235:6|93000236:6|93000237:6|93000238:6|93000239:6|93000240:6|93000241:6|93000242:6|93000243:6|93000244:6|93000245:6|93000246:6|93000248:6|93000249:6|93000250:6|93000251:6|93000252:6|93000253:6|93000254:6|93000255:6|93000257:6|93000258:6|93000259:6|93000260:6|93000261:6|93000262:6|93000263:6|93000264:6|93000265:6|93000266:6|93000268:6|93000269:6|93000270:6|93000271:6|93000272:6|93000273:6|93000274:6
2020-03-09 11:54:39,447:INFO:------------------------------------------------------------------------------------------------
2020-03-09 11:54:40,527:INFO:ДУГААРАА СОНГОЖ БУЙ ХЭСЭГ
2020-03-09 11:54:40,527:INFO:7
2020-03-09 11:54:40,834:WARNING:Not Found: /favicon.ico
2020-03-09 11:54:48,486:INFO:-1
2020-03-09 11:55:02,102:INFO:-1
2020-03-09 11:55:05,986:INFO:ДУГААРАА СОНГОЖ БУЙ ХЭСЭГ
2020-03-09 11:55:05,986:INFO:7
2020-03-09 11:55:06,240:WARNING:Not Found: /favicon.ico
2020-03-09 11:55:10,975:INFO:98070110:9|98070220:9|98070440:9|98070550:9|98070660:9|98070880:9|98070990:9|98071313:9|98071441:9|98071551:9|98071661:9|98071881:9|98071991:9|98072112:9|98072323:9|98072332:9|98072442:9|98072552:9|98072626:9|98072662:9|98072772:9|98072882:9|98072992:9|98073003:9|98073030:9|98073113:9|98073131:9|98073223:9|98073232:9|98073443:9|98073553:9|98073663:9|98073773:9|98073883:9|98073993:9|98074004:9|98074114:9|98074141:9|98074224:9|98074242:9|98074334:9|98074554:9|98074646:9|98074664:9|98074774:9|98074884:9|98074994:9|98075005:9|98075115:9|98075151:9|98075225:9|98075252:9|98075335:9|98075353:9|98075445:9|98075454:9|98075665:9|98075775:9|98075858:9|98075885:9|98076006:9|98076116:9|98076161:9|98076226:9|98076262:9|98076336:9|98076363:9|98076446:9|98076464:9|98076556:9|98076565:9|98076776:9|98076996:9|98077117:9|98077227:9|98077272:9|98077337:9|98077373:9|98077447:9|98077557:9|98077667:9|98077997:9|98078282:9|98078338:9|98078383:9|98078448:9|98078484:9|98078558:9|98078668:9|98078778:9|98078998:9|98079119:9|98079191:9|98079229:9|98079339:9|98079393:9|98079449:9|98079559:9|98079669:9|98079889:9
2020-03-09 11:58:08,929:INFO:------------------------------------------------------------------------------------------------
2020-03-09 11:58:09,974:INFO:ДУГААРАА СОНГОЖ БУЙ ХЭСЭГ
2020-03-09 11:58:09,974:INFO:2
2020-03-09 11:58:10,258:WARNING:Not Found: /favicon.ico
2020-03-09 12:08:46,361:INFO:ДУГААРАА СОНГОЖ БУЙ ХЭСЭГ
2020-03-09 12:08:46,362:INFO:7
2020-03-09 12:08:54,834:INFO:98112746:6|98112764:6|98112843:6|98112853:6|98112873:6|98112914:6|98112917:6|98112943:6|98112951:6|98112958:6|98112964:6|98112965:6|98112967:6|98112971:6|98112975:6|98113071:6|98113127:6|98113146:6|98113147:6|98113167:6|98113214:6|98113216:6|98113217:6|98113218:6|98113219:6|98113246:6|98113251:6|98113257:6|98113261:6|98113267:6|98113268:6|98113271:6|98113274:6|98113295:6|98113416:6|98113427:6|98113429:6|98113452:6|98113463:6|98113469:6|98113471:6|98113472:6|98113473:6|98113475:6|98113476:6|98113491:6|98113492:6|98113497:6|98113521:6|98113527:6|98113529:6|98113541:6|98113542:6|98113547:6|98113561:6|98113564:6|98113573:6|98113587:6|98113592:6|98113614:6|98113615:6|98113617:6|98113625:6|98113641:6|98113642:6|98113643:6|98113645:6|98113654:6|98113657:6|98113672:6|98113673:6|98113675:6|98113681:6|98113682:6|98113685:6|98113692:6|98113693:6|98113694:6|98113705:6|98113712:6|98113714:6|98113716:6|98113718:6|98113723:6|98113724:6|98113725:6|98113726:6|98113728:6|98113741:6|98113742:6|98113746:6|98113748:6|98113750:6|98113751:6|98113753:6|98113754:6|98113759:6|98113761:6|98113765:6|98113781:6|98113782:6|98113783:6|98113784:6|98113786:6|98113791:6|98113792:6|98113794:6|98113805:6|98113816:6|98113824:6|98113826:6|98113827:6|98113842:6|98113845:6|98113847:6|98113851:6|98113853:6|98113857:6|98113862:6|98113863:6|98113864:6|98113867:6|98113870:6|98113872:6|98113874:6|98113876:6|98113904:6|98113905:6|98113912:6|98113913:6|98113914:6|98113915:6
2020-03-09 12:11:09,431:INFO:-1
2020-03-09 12:11:10,881:INFO:-1
2020-03-09 12:11:27,209:INFO:98112746:6|98112764:6|98112843:6|98112853:6|98112873:6|98112914:6|98112917:6|98112943:6|98112951:6|98112958:6|98112964:6|98112965:6|98112967:6|98112971:6|98112975:6|98113071:6|98113127:6|98113146:6|98113147:6|98113167:6|98113214:6|98113216:6|98113217:6|98113218:6|98113219:6|98113246:6|98113251:6|98113257:6|98113261:6|98113267:6|98113268:6|98113271:6|98113274:6|98113295:6|98113416:6|98113427:6|98113429:6|98113452:6|98113463:6|98113469:6|98113471:6|98113472:6|98113473:6|98113475:6|98113476:6|98113491:6|98113492:6|98113497:6|98113521:6|98113527:6|98113529:6|98113541:6|98113542:6|98113547:6|98113561:6|98113564:6|98113573:6|98113587:6|98113592:6|98113614:6|98113615:6|98113617:6|98113625:6|98113641:6|98113642:6|98113643:6|98113645:6|98113654:6|98113657:6|98113672:6|98113673:6|98113675:6|98113681:6|98113682:6|98113685:6|98113692:6|98113693:6|98113694:6|98113705:6|98113712:6|98113714:6|98113716:6|98113718:6|98113723:6|98113724:6|98113725:6|98113726:6|98113728:6|98113741:6|98113742:6|98113746:6|98113748:6|98113750:6|98113751:6|98113753:6|98113754:6|98113759:6|98113761:6|98113765:6|98113781:6|98113782:6|98113783:6|98113784:6|98113786:6|98113791:6|98113792:6|98113794:6|98113805:6|98113816:6|98113824:6|98113826:6|98113827:6|98113842:6|98113845:6|98113847:6|98113851:6|98113853:6|98113857:6|98113862:6|98113863:6|98113864:6|98113867:6|98113870:6|98113872:6|98113874:6|98113876:6|98113904:6|98113905:6|98113912:6|98113913:6|98113914:6|98113915:6
2020-03-09 12:12:58,066:INFO:-1
2020-03-09 12:13:23,792:INFO:-1
2020-03-09 12:13:27,406:INFO:-1
2020-03-09 12:13:29,627:INFO:-1
2020-03-09 12:14:19,111:INFO:-1
2020-03-09 12:14:42,131:INFO:97119703:6|97119704:6|97119705:6|97119706:6|97119707:6|97119708:6|97119709:6|97119714:6|97119715:6|97119716:6|97119718:6|97119720:6|97119723:6|97119724:6|97119725:6|97119726:6|97119727:6|97119728:6|97119729:6|97119730:6|97119731:6|97119732:6|97119734:6|97119735:6|97119736:6|97119737:6|97119738:6|97119739:6|97119740:6|97119741:6|97119742:6|97119743:6|97119744:6|97119745:6|97119746:6|97119747:6|97119748:6|97119749:6|97119750:6|97119751:6|97119752:6|97119753:6|97119754:6|97119756:6|97119757:6|97119758:6|97119759:6|97119760:6|97119761:6|97119762:6|97119763:6|97119764:6|97119766:6|97119767:6|97119768:6|97119769:6|97119770:6|97119772:6|97119773:6|97119774:6|97119775:6|97119776:6|97119778:6|97119780:6|97119782:6|97119783:6|97119784:6|97119785:6|97119786:6|97119789:6|97119790:6|97119794:6|97119795:6|97119796:6
2020-03-09 12:25:13,347:INFO:-1
2020-03-09 12:25:26,313:INFO:ДУГААРАА СОНГОЖ БУЙ ХЭСЭГ
2020-03-09 12:25:26,314:INFO:7
2020-03-09 12:26:16,334:INFO:-1
2020-03-09 12:26:27,065:INFO:-1
2020-03-09 12:26:44,871:INFO:-1
2020-03-09 12:26:52,192:INFO:-1
2020-03-09 12:27:00,120:INFO:-1
2020-03-09 12:27:18,594:INFO:98106550:6
2020-03-09 12:27:42,964:INFO:98106566:6
2020-03-09 12:41:22,179:INFO:ДУГААРАА СОНГОЖ БУЙ ХЭСЭГ
2020-03-09 12:41:22,179:INFO:2
2020-03-09 12:41:24,841:INFO:------------------------------------------------------------------------------------------------
2020-03-09 12:41:27,569:INFO:------------------------------------------------------------------------------------------------
2020-03-09 12:52:59,752:INFO:------------------------------------------------------------------------------------------------
2020-03-09 12:53:01,275:INFO:ДУГААРАА СОНГОЖ БУЙ ХЭСЭГ
2020-03-09 12:53:01,275:INFO:2
2020-03-09 12:53:10,277:INFO:98890246:6|98890452:6|98890461:6|98890495:6|98890562:6|98890573:6|98890576:6|98890587:6|98890635:6|98890641:6|98890652:6|98890716:6|98890742:6|98890787:6|98890793:6|98890841:6|98890843:6|98890852:6|98891167:6|98891249:6|98891304:6|98891321:6|98891325:6|98891340:6|98891357:6|98891362:6|98891365:6|98891369:6|98891374:6|98891376:6|98891393:6|98891426:6|98891427:6|98891434:6|98891452:6|98891453:6|98891462:6|98891482:6|98891483:6|98891485:6|98891486:6|98891492:6|98891495:6|98891496:6|98891529:6|98891536:6|98891537:6|98891547:6|98891548:6|98891563:6|98891568:6|98891578:6|98891582:6|98891583:6|98891596:6|98891603:6|98891613:6|98891627:6|98891641:6|98891643:6|98891647:6|98891652:6|98891653:6|98891654:6|98891658:6|98891659:6|98891672:6|98891673:6|98891675:6|98891684:6|98891685:6|98891693:6|98891714:6|98891721:6|98891723:6|98891729:6|98891734:6|98891735:6|98891736:6|98891741:6|98891742:6|98891745:6|98891746:6|98891749:6|98891751:6|98891752:6|98891753:6|98891756:6|98891764:6|98891783:6|98891784:6|98891830:6|98891835:6|98891837:6|98891846:6|98891847:6|98891873:6|98891876:6|98891893:6|98891901:6|98891923:6|98891926:6|98891937:6|98891942:6|98891961:6|98891964:6|98891965:6|98891993:6|98891995:6|98892037:6|98892043:6|98892046:6|98892052:6|98892056:6|98892057:6|98892063:6|98892084:6|98892093:6|98892094:6|98892097:6|98892103:6|98892106:6|98892120:6|98892130:6|98892133:6|98892140:6|98892142:6|98892147:6|98892154:6|98892155:6|98892157:6|98892160:6
2020-03-09 12:53:41,441:INFO:98880274:6|98880297:6|98880468:6|98880546:6|98880560:6|98880674:6|98880752:6|98880756:6|98880759:6|98880947:6|98880961:6|98880975:6|98881238:6|98881274:6|98881283:6|98881286:6|98881354:6|98881365:6|98881375:6|98881392:6|98881423:6|98881430:6|98881437:6|98881463:6|98881507:6|98881527:6|98881537:6|98881593:6|98881596:6|98881652:6|98881682:6|98881691:6|98881723:6|98881724:6|98881728:6|98881734:6|98881762:6|98881783:6|98881785:6|98881793:6|98881795:6|98881823:6|98881936:6|98881941:6|98881974:6|98881976:6|98881982:6|98882042:6|98882052:6|98882072:6|98882096:6|98882143:6|98882147:6|98882149:6|98882154:6|98882157:6|98882162:6|98882172:6|98882173:6|98882175:6|98882178:6|98882185:6|98882257:6|98882276:6|98882307:6|98882312:6|98882315:6|98882350:6|98882351:6|98882357:6|98882361:6|98882365:6|98882370:6|98882372:6|98882376:6|98882391:6|98882395:6|98882397:6|98882413:6|98882416:6|98882417:6|98882436:6|98882437:6|98882439:6|98882492:6|98882497:6|98882516:6|98882517:6|98882536:6|98882541:6|98882543:6|98882563:6|98882571:6|98882574:6|98882593:6|98882614:6|98882634:6|98882637:6|98882645:6|98882647:6|98882671:6|98882673:6|98882674:6|98882693:6|98882715:6|98882725:6|98882730:6|98882733:6|98882734:6|98882743:6|98882745:6|98882751:6|98882753:6|98882759:6|98882763:6|98882769:6|98882781:6|98882782:6|98882793:6|98882794:6|98882826:6|98882843:6|98882854:6|98882916:6|98882917:6|98882931:6|98882935:6|98882937:6|98882947:6|98882951:6|98882954:6|98882963:6
2020-03-09 12:54:36,780:INFO:98990121:6|98990157:6|98990416:6|98990566:6|98990617:6|98990764:6|98990867:6|98991306:6|98991345:6|98991360:6|98991371:6|98991452:6|98991457:6|98991481:6|98991496:6|98991546:6|98991576:6|98991596:6|98991628:6|98991634:6|98991639:6|98991674:6|98991682:6|98991684:6|98991713:6|98991724:6|98991725:6|98991735:6|98991736:6|98991742:6|98991752:6|98991754:6|98991764:6|98991785:6|98991792:6|98991793:6|98991796:6|98991821:6|98991843:6|98991847:6|98991851:6|98991874:6|98991876:6|98991926:6|98991943:6|98991945:6|98991954:6|98991969:6|98991973:6|98992061:6|98992064:6|98992067:6|98992130:6|98992137:6|98992143:6|98992157:6|98992174:6|98992176:6|98992185:6|98992196:6|98992264:6|98992305:6|98992314:6|98992315:6|98992316:6|98992327:6|98992340:6|98992359:6|98992371:6|98992384:6|98992386:6|98992391:6|98992397:6|98992438:6|98992443:6|98992451:6|98992456:6|98992457:6|98992458:6|98992461:6|98992475:6|98992481:6|98992482:6|98992487:6|98992528:6|98992534:6|98992543:6|98992546:6|98992547:6|98992576:6|98992591:6|98992592:6|98992597:6|98992621:6|98992631:6|98992632:6|98992642:6|98992651:6|98992652:6|98992653:6|98992657:6|98992671:6|98992693:6|98992697:6|98992714:6|98992726:6|98992732:6|98992748:6|98992750:6|98992754:6|98992763:6|98992781:6|98992794:6|98992806:6|98992837:6|98992840:6|98992845:6|98992861:6|98992862:6|98992870:6|98992874:6|98992876:6|98992903:6|98992917:6|98992921:6|98992928:6|98992942:6|98992946:6|98992955:6|98992957:6|98992976:6|98992982:6
2020-03-09 12:55:07,228:INFO:98980814:6|98981628:6|98983591:6|98984307:6|98984575:6|98984576:6|98984593:6|98984756:6|98984938:6|98985025:6|98985294:6|98985321:6|98985322:6|98985379:6|98985423:6|98985439:6|98985600:6|98985627:6|98985641:6|98985647:6|98985684:6|98985724:6|98985792:6|98985862:6|98985931:6|98986249:6|98986253:6|98986274:6|98986293:6|98986303:6|98986342:6|98986354:6|98986438:6|98986452:6|98986473:6|98986476:6|98986524:6|98986531:6|98986541:6|98986584:6|98986624:6|98986704:6|98986741:6|98986756:6|98986792:6|98986924:6|98986927:6|98986935:6|98987036:6|98987061:6|98987063:6|98987129:6|98987143:6|98987148:6|98987149:6|98987182:6|98987203:6|98987235:6|98987265:6|98987281:6|98987307:6|98987314:6|98987315:6|98987325:6|98987326:6|98987358:6|98987362:6|98987364:6|98987365:6|98987397:6|98987401:6|98987403:6|98987424:6|98987453:6|98987593:6|98987637:6|98987643:6|98987645:6|98987916:6|98987952:6|98987961:6|98987985:6|98987991:6|98988036:6|98988043:6|98988166:6|98988234:6|98988245:6|98988257:6|98988263:6|98988319:6|98988369:6|98988413:6|98988512:6|98988574:6|98988601:6|98988637:6|98988723:6|98989127:6|98989173:6|98989342:6|98989417:6|98989436:6|98989465:6|98989561:6|98989573:6|98989742:6|98989783:6
2020-03-09 12:56:24,264:INFO:98190021:6|98190026:6|98190116:6|98190141:6|98190145:6|98190152:6|98190153:6|98190161:6|98190162:6|98190166:6|98190174:6|98190183:6|98190187:6|98190188:6|98190207:6|98190246:6|98190248:6|98190249:6|98190250:6|98190251:6|98190254:6|98190263:6|98190265:6|98190268:6|98190270:6|98190272:6|98190278:6|98190282:6|98190284:6|98190297:6|98190332:6|98190338:6|98190341:6|98190346:6|98190347:6|98190352:6|98190355:6|98190356:6|98190357:6|98190358:6|98190360:6|98190361:6|98190362:6|98190363:6|98190364:6|98190367:6|98190369:6|98190370:6|98190371:6|98190375:6|98190383:6|98190384:6|98190389:6|98190393:6|98190394:6|98190396:6|98190397:6|98190428:6|98190431:6|98190432:6|98190436:6|98190437:6|98190438:6|98190439:6|98190446:6|98190447:6|98190452:6|98190453:6|98190455:6|98190457:6|98190458:6|98190461:6|98190462:6|98190467:6|98190470:6|98190474:6|98190475:6|98190477:6|98190478:6|98190480:6|98190485:6|98190486:6|98190487:6|98190495:6|98190496:6|98190497:6|98190501:6|98190533:6|98190537:6|98190546:6|98190557:6|98190561:6|98190563:6|98190564:6|98190571:6|98190573:6|98190574:6|98190576:6|98190581:6|98190582:6|98190584:6|98190593:6|98190632:6|98190633:6|98190634:6|98190639:6|98190641:6|98190642:6|98190643:6|98190644:6|98190645:6|98190647:6|98190648:6|98190651:6|98190653:6|98190654:6|98190655:6|98190657:6|98190658:6|98190661:6|98190672:6|98190673:6|98190675:6|98190681:6|98190683:6|98190684:6|98190687:6|98190693:6|98190697:6|98190721:6|98190723:6|98190732:6
2020-03-09 13:08:57,020:WARNING:Not Found: /
2020-03-09 15:29:21,381:INFO:------------------------------------------------------------------------------------------------
2020-03-09 15:29:25,213:INFO:ДУГААРАА СОНГОЖ БУЙ ХЭСЭГ
2020-03-09 15:29:25,214:INFO:2
2020-03-09 15:29:25,440:WARNING:Not Found: /favicon.ico
2020-03-09 15:29:31,137:INFO:98981628:6|98983591:6|98984307:6|98984593:6|98984756:6|98984938:6|98985294:6|98985321:6|98985322:6|98985379:6|98985423:6|98985439:6|98985627:6|98985641:6|98985647:6|98985684:6|98985724:6|98985792:6|98985862:6|98985931:6|98986249:6|98986253:6|98986274:6|98986293:6|98986303:6|98986342:6|98986354:6|98986438:6|98986452:6|98986473:6|98986476:6|98986524:6|98986531:6|98986541:6|98986584:6|98986624:6|98986704:6|98986741:6|98986756:6|98986792:6|98986924:6|98986927:6|98986935:6|98987036:6|98987061:6|98987063:6|98987129:6|98987143:6|98987148:6|98987149:6|98987182:6|98987203:6|98987235:6|98987265:6|98987281:6|98987307:6|98987314:6|98987315:6|98987325:6|98987326:6|98987358:6|98987362:6|98987364:6|98987365:6|98987397:6|98987401:6|98987403:6|98987424:6|98987453:6|98987593:6|98987637:6|98987643:6|98987645:6|98987916:6|98987952:6|98987961:6|98987985:6|98987991:6|98988036:6|98988043:6|98988166:6|98988234:6|98988245:6|98988257:6|98988263:6|98988319:6|98988369:6|98988413:6|98988512:6|98988574:6|98988601:6|98988637:6|98988723:6|98989127:6|98989173:6|98989342:6|98989417:6|98989436:6|98989465:6|98989561:6|98989573:6|98989742:6|98989783:6
2020-03-09 15:31:18,913:INFO:------------------------------------------------------------------------------------------------
2020-03-09 15:31:24,313:INFO:ДУГААРАА СОНГОЖ БУЙ ХЭСЭГ
2020-03-09 15:31:24,313:INFO:7
2020-03-09 15:31:55,563:INFO:83111159:6
2020-03-09 15:31:56,652:INFO:83111159:6
2020-03-09 15:33:21,438:INFO:------------------------------------------------------------------------------------------------
2020-03-09 15:33:22,247:INFO:ДУГААРАА СОНГОЖ БУЙ ХЭСЭГ
2020-03-09 15:33:22,248:INFO:7
2020-03-09 15:33:27,732:INFO:83110018:6|83110023:6|83110024:6|83110025:6|83110026:6|83110027:6|83110028:6|83110029:6|83110031:6|83110032:6|83110034:6|83110035:6|83110036:6|83110037:6|83110039:6|83110040:6|83110041:6|83110042:6|83110043:6|83110045:6|83110046:6|83110048:6|83110049:6|83110051:6|83110052:6|83110053:6|83110054:6|83110056:6|83110057:6|83110058:6|83110059:6|83110061:6|83110062:6|83110063:6|83110064:6|83110065:6|83110067:6|83110068:6|83110069:6|83110070:6|83110071:6|83110072:6|83110073:6|83110074:6|83110075:6|83110076:6|83110078:6|83110079:6|83110082:6|83110084:6|83110085:6|83110086:6|83110087:6|83110091:6|83110092:6|83110094:6|83110095:6|83110096:6|83110097:6|83110098:6|83110104:6|83110105:6|83110106:6|83110107:6|83110109:6|83110114:6|83110115:6|83110116:6|83110117:6|83110118:6|83110119:6|83110120:6|83110121:6|83110122:6|83110123:6|83110124:6|83110125:6|83110126:6|83110127:6|83110128:6|83110129:6|83110131:6|83110132:6|83110133:6|83110134:6|83110135:6|83110136:6|83110137:6|83110138:6|83110139:6|83110140:6|83110141:6|83110142:6|83110143:6|83110144:6|83110145:6|83110146:6|83110147:6|83110148:6|83110149:6|83110150:6|83110151:6|83110152:6|83110153:6|83110154:6|83110155:6|83110156:6|83110157:6|83110158:6|83110159:6|83110160:6|83110161:6|83110162:6|83110163:6|83110164:6|83110165:6|83110166:6|83110167:6|83110168:6|83110169:6|83110170:6|83110171:6|83110172:6|83110173:6|83110174:6|83110175:6|83110176:6|83110177:6|83110178:6|83110179:6|83110180:6|83110181:6
2020-03-09 15:33:42,879:INFO:-1
2020-03-09 15:33:43,926:INFO:-1
2020-03-09 15:33:48,396:INFO:83111149:6
2020-03-09 15:33:49,606:INFO:83111149:6
2020-03-09 15:33:53,358:INFO:83111159:6
2020-03-09 15:33:54,035:INFO:83111159:6
2020-03-09 15:33:58,755:INFO:-1
2020-03-09 15:34:04,513:INFO:-1
2020-03-09 15:34:05,374:INFO:-1
2020-03-09 15:34:06,939:INFO:-1
2020-03-09 15:34:10,391:INFO:-1
2020-03-09 15:34:11,545:INFO:-1
2020-03-09 15:34:12,167:INFO:-1
2020-03-09 15:34:16,043:INFO:-1
2020-03-09 15:34:17,726:INFO:-1
2020-03-09 15:34:17,793:INFO:-1
2020-03-09 15:34:21,604:INFO:-1
2020-03-09 15:34:22,134:INFO:-1
2020-03-09 15:34:22,210:INFO:-1
2020-03-09 15:34:27,275:INFO:-1
2020-03-09 15:34:27,321:INFO:-1
2020-03-09 15:34:27,392:INFO:-1
2020-03-09 15:34:38,563:INFO:-1
2020-03-09 15:34:41,006:INFO:-1
2020-03-09 15:34:41,186:INFO:-1
2020-03-09 15:34:46,180:INFO:83111149:6
2020-03-09 15:35:18,648:INFO:83111149:6
2020-03-09 16:22:19,828:INFO:------------------------------------------------------------------------------------------------
2020-03-09 16:22:21,058:INFO:ДУГААРАА СОНГОЖ БУЙ ХЭСЭГ
2020-03-09 16:22:21,058:INFO:2
2020-03-09 16:22:31,263:INFO:-1
2020-03-09 16:22:33,365:INFO:98132102:6|98133102:6|98134102:6|98137102:6|98138102:6
2020-03-09 16:22:34,578:INFO:98142102:6|98144102:6|98147102:6|98148102:6|98149102:6
2020-03-09 16:22:35,812:INFO:98153102:6|98155102:6|98156102:6|98157102:6|98158102:6|98159102:6
2020-03-09 16:22:36,362:INFO:-1
2020-03-09 16:22:36,953:INFO:98162102:6|98163102:6|98164102:6|98165102:6|98166102:6|98167102:6|98168102:6
2020-03-09 16:22:37,440:INFO:98132102:6|98133102:6|98134102:6|98137102:6|98138102:6
2020-03-09 16:22:38,076:INFO:98172102:6|98173102:6|98175102:6|98178102:6|98179102:6
2020-03-09 16:22:38,548:INFO:98142102:6|98144102:6|98147102:6|98148102:6|98149102:6
2020-03-09 16:22:39,126:INFO:98183102:6|98184102:6|98189102:6
2020-03-09 16:22:39,703:INFO:-1
2020-03-09 16:22:40,038:INFO:98153102:6|98155102:6|98156102:6|98157102:6|98158102:6|98159102:6
2020-03-09 16:22:40,563:INFO:98192102:6|98193102:6|98197102:6|98199102:6
2020-03-09 16:22:40,891:INFO:98132102:6|98133102:6|98134102:6|98137102:6|98138102:6
2020-03-09 16:22:41,448:INFO:98162102:6|98163102:6|98164102:6|98165102:6|98166102:6|98167102:6|98168102:6
2020-03-09 16:22:42,028:INFO:98142102:6|98144102:6|98147102:6|98148102:6|98149102:6
2020-03-09 16:22:42,371:INFO:98203102:6|98204102:6|98205102:6|98206102:6|98207102:6|98208102:6
2020-03-09 16:22:43,174:INFO:98153102:6|98155102:6|98156102:6|98157102:6|98158102:6|98159102:6
2020-03-09 16:22:43,232:INFO:98172102:6|98173102:6|98175102:6|98178102:6|98179102:6
2020-03-09 16:22:43,830:INFO:98902102:6|98904102:6|98905102:6|98906102:6|98908102:6
2020-03-09 16:22:44,061:INFO:98214102:6|98215102:6|98217102:6|98218102:6|98219102:6
2020-03-09 16:22:44,390:INFO:98162102:6|98163102:6|98164102:6|98165102:6|98166102:6|98167102:6|98168102:6
2020-03-09 16:22:44,894:INFO:98183102:6|98184102:6|98189102:6
2020-03-09 16:22:45,036:INFO:98912102:6|98913102:6|98914102:6|98915102:6|98916102:6|98917102:6|98918102:6
2020-03-09 16:22:45,594:INFO:98172102:6|98173102:6|98175102:6|98178102:6|98179102:6
2020-03-09 16:22:45,622:INFO:98223102:6|98225102:6|98227102:6|98228102:6|98229102:6
2020-03-09 16:22:46,261:INFO:98924102:6|98925102:6|98926102:6|98927102:6|98928102:6
2020-03-09 16:22:46,319:INFO:98192102:6|98193102:6|98197102:6|98199102:6
2020-03-09 16:22:46,818:INFO:98183102:6|98184102:6|98189102:6
2020-03-09 16:22:47,216:INFO:98233102:6|98234102:6|98235102:6|98236102:6|98237102:6|98238102:6|98239102:6
2020-03-09 16:22:47,506:INFO:98932102:6|98933102:6|98934102:6|98935102:6|98936102:6|98937102:6|98938102:6|98939102:6
2020-03-09 16:22:48,000:INFO:98203102:6|98204102:6|98205102:6|98206102:6|98207102:6|98208102:6
2020-03-09 16:22:48,078:INFO:98192102:6|98193102:6|98197102:6|98199102:6
2020-03-09 16:22:48,604:INFO:98242102:6|98243102:6|98244102:6|98245102:6|98246102:6|98247102:6|98248102:6
2020-03-09 16:22:48,810:INFO:98942102:6|98943102:6|98944102:6|98945102:6|98946102:6|98947102:6|98948102:6|98949102:6
2020-03-09 16:22:49,072:INFO:98902102:6|98904102:6|98905102:6|98906102:6|98908102:6
2020-03-09 16:22:49,343:INFO:98203102:6|98204102:6|98205102:6|98206102:6|98207102:6|98208102:6
2020-03-09 16:22:49,519:INFO:98214102:6|98215102:6|98217102:6|98218102:6|98219102:6
2020-03-09 16:22:49,799:INFO:98952102:6|98953102:6|98954102:6|98955102:6|98956102:6|98957102:6|98958102:6
2020-03-09 16:22:50,321:INFO:98912102:6|98913102:6|98914102:6|98915102:6|98916102:6|98917102:6|98918102:6
2020-03-09 16:22:50,477:INFO:98214102:6|98215102:6|98217102:6|98218102:6|98219102:6
2020-03-09 16:22:50,481:INFO:98253102:6|98255102:6|98256102:6|98258102:6
2020-03-09 16:22:51,051:INFO:98962102:6|98963102:6|98964102:6|98965102:6|98968102:6
2020-03-09 16:22:51,229:INFO:98902102:6|98904102:6|98905102:6|98906102:6|98908102:6
2020-03-09 16:22:51,385:INFO:98223102:6|98225102:6|98227102:6|98228102:6|98229102:6
2020-03-09 16:22:51,421:INFO:98223102:6|98225102:6|98227102:6|98228102:6|98229102:6
2020-03-09 16:22:52,093:INFO:98924102:6|98925102:6|98926102:6|98927102:6|98928102:6
2020-03-09 16:22:52,373:INFO:98263102:6|98264102:6|98265102:6|98266102:6|98267102:6|98268102:6|98269102:6
2020-03-09 16:22:52,511:INFO:98972102:6|98973102:6|98974102:6|98975102:6|98976102:6|98978102:6
2020-03-09 16:22:52,825:INFO:98912102:6|98913102:6|98914102:6|98915102:6|98916102:6|98917102:6|98918102:6
2020-03-09 16:22:52,952:INFO:98233102:6|98234102:6|98235102:6|98236102:6|98237102:6|98238102:6|98239102:6
2020-03-09 16:22:53,261:INFO:98233102:6|98234102:6|98235102:6|98236102:6|98237102:6|98238102:6|98239102:6
2020-03-09 16:22:53,803:INFO:98932102:6|98933102:6|98934102:6|98935102:6|98936102:6|98937102:6|98938102:6|98939102:6
2020-03-09 16:22:53,829:INFO:98272102:6|98273102:6|98274102:6|98275102:6|98276102:6|98277102:6|98278102:6|98279102:6
2020-03-09 16:22:53,954:INFO:-1
2020-03-09 16:22:54,259:INFO:98924102:6|98925102:6|98926102:6|98927102:6|98928102:6
2020-03-09 16:22:54,365:INFO:98242102:6|98243102:6|98244102:6|98245102:6|98246102:6|98247102:6|98248102:6
2020-03-09 16:22:54,370:INFO:98242102:6|98243102:6|98244102:6|98245102:6|98246102:6|98247102:6|98248102:6
2020-03-09 16:22:54,667:INFO:98282102:6|98283102:6|98284102:6|98285102:6|98286102:6|98287102:6|98288102:6|98289102:6
2020-03-09 16:22:54,931:INFO:98942102:6|98943102:6|98944102:6|98945102:6|98946102:6|98947102:6|98948102:6|98949102:6
2020-03-09 16:22:54,979:INFO:98996102:6|98998102:6
2020-03-09 16:22:55,307:INFO:98253102:6|98255102:6|98256102:6|98258102:6
2020-03-09 16:22:55,534:INFO:98932102:6|98933102:6|98934102:6|98935102:6|98936102:6|98937102:6|98938102:6|98939102:6
2020-03-09 16:22:55,577:INFO:98253102:6|98255102:6|98256102:6|98258102:6
2020-03-09 16:22:55,811:INFO:98292102:6|98294102:6|98295102:6|98296102:6|98297102:6|98298102:6
2020-03-09 16:22:56,660:INFO:98902102:6|98904102:6|98905102:6|98906102:6|98908102:6
2020-03-09 16:22:56,794:INFO:98952102:6|98953102:6|98954102:6|98955102:6|98956102:6|98957102:6|98958102:6
2020-03-09 16:22:56,921:INFO:98942102:6|98943102:6|98944102:6|98945102:6|98946102:6|98947102:6|98948102:6|98949102:6
2020-03-09 16:22:56,973:INFO:98263102:6|98264102:6|98265102:6|98266102:6|98267102:6|98268102:6|98269102:6
2020-03-09 16:22:56,973:INFO:98263102:6|98264102:6|98265102:6|98266102:6|98267102:6|98268102:6|98269102:6
2020-03-09 16:22:57,328:INFO:98302102:6|98304102:6|98305102:6|98306102:6|98307102:6|98308102:6|98309102:6
2020-03-09 16:22:58,021:INFO:98272102:6|98273102:6|98274102:6|98275102:6|98276102:6|98277102:6|98278102:6|98279102:6
2020-03-09 16:22:58,032:INFO:98912102:6|98913102:6|98914102:6|98915102:6|98916102:6|98917102:6|98918102:6
2020-03-09 16:22:58,303:INFO:98952102:6|98953102:6|98954102:6|98955102:6|98956102:6|98957102:6|98958102:6
2020-03-09 16:22:58,360:INFO:98962102:6|98963102:6|98964102:6|98965102:6|98968102:6
2020-03-09 16:22:58,375:INFO:98272102:6|98273102:6|98274102:6|98275102:6|98276102:6|98277102:6|98278102:6|98279102:6
2020-03-09 16:22:58,596:INFO:98312102:6|98314102:6|98315102:6|98316102:6|98317102:6|98318102:6|98319102:6
2020-03-09 16:22:59,423:INFO:98924102:6|98925102:6|98926102:6|98927102:6|98928102:6
2020-03-09 16:22:59,602:INFO:98282102:6|98283102:6|98284102:6|98285102:6|98286102:6|98287102:6|98288102:6|98289102:6
2020-03-09 16:22:59,710:INFO:98962102:6|98963102:6|98964102:6|98965102:6|98968102:6
2020-03-09 16:22:59,761:INFO:98282102:6|98283102:6|98284102:6|98285102:6|98286102:6|98287102:6|98288102:6|98289102:6
2020-03-09 16:22:59,857:INFO:98972102:6|98973102:6|98974102:6|98975102:6|98976102:6|98978102:6
2020-03-09 16:23:00,527:INFO:98322102:6|98324102:6|98325102:6|98327102:6|98328102:6|98329102:6
2020-03-09 16:23:00,804:INFO:98932102:6|98933102:6|98934102:6|98935102:6|98936102:6|98937102:6|98938102:6|98939102:6
2020-03-09 16:23:01,087:INFO:98972102:6|98973102:6|98974102:6|98975102:6|98976102:6|98978102:6
2020-03-09 16:23:01,130:INFO:98292102:6|98294102:6|98295102:6|98296102:6|98297102:6|98298102:6
2020-03-09 16:23:01,337:INFO:-1
2020-03-09 16:23:01,391:INFO:98292102:6|98294102:6|98295102:6|98296102:6|98297102:6|98298102:6
2020-03-09 16:23:02,168:INFO:98942102:6|98943102:6|98944102:6|98945102:6|98946102:6|98947102:6|98948102:6|98949102:6
2020-03-09 16:23:02,316:INFO:98332102:6|98336102:6|98338102:6|98339102:6
2020-03-09 16:23:02,470:INFO:-1
2020-03-09 16:23:02,514:INFO:98302102:6|98304102:6|98305102:6|98306102:6|98307102:6|98308102:6|98309102:6
2020-03-09 16:23:02,832:INFO:98302102:6|98304102:6|98305102:6|98306102:6|98307102:6|98308102:6|98309102:6
2020-03-09 16:23:02,869:INFO:98996102:6|98998102:6
2020-03-09 16:23:03,111:INFO:98385102:6|98386102:6
2020-03-09 16:23:03,519:INFO:98952102:6|98953102:6|98954102:6|98955102:6|98956102:6|98957102:6|98958102:6
2020-03-09 16:23:03,613:INFO:98312102:6|98314102:6|98315102:6|98316102:6|98317102:6|98318102:6|98319102:6
2020-03-09 16:23:03,793:INFO:98996102:6|98998102:6
2020-03-09 16:23:03,831:INFO:98312102:6|98314102:6|98315102:6|98316102:6|98317102:6|98318102:6|98319102:6
2020-03-09 16:23:03,883:INFO:98423102:6|98424102:6|98425102:6|98429102:6
2020-03-09 16:23:04,382:INFO:98322102:6|98324102:6|98325102:6|98327102:6|98328102:6|98329102:6
2020-03-09 16:23:04,739:INFO:98433102:6|98434102:6|98435102:6|98436102:6|98437102:6|98438102:6|98439102:6
2020-03-09 16:23:04,824:INFO:98962102:6|98963102:6|98964102:6|98965102:6|98968102:6
2020-03-09 16:23:05,065:INFO:98322102:6|98324102:6|98325102:6|98327102:6|98328102:6|98329102:6
2020-03-09 16:23:05,250:INFO:-1
2020-03-09 16:23:05,471:INFO:98332102:6|98336102:6|98338102:6|98339102:6
2020-03-09 16:23:05,939:INFO:98972102:6|98973102:6|98974102:6|98975102:6|98976102:6|98978102:6
2020-03-09 16:23:06,255:INFO:98332102:6|98336102:6|98338102:6|98339102:6
2020-03-09 16:23:06,463:INFO:-1
2020-03-09 16:23:06,822:INFO:98385102:6|98386102:6
2020-03-09 16:23:07,229:INFO:-1
2020-03-09 16:23:07,373:INFO:98385102:6|98386102:6
2020-03-09 16:23:07,921:INFO:-1
2020-03-09 16:23:07,994:INFO:98423102:6|98424102:6|98425102:6|98429102:6
2020-03-09 16:23:08,456:INFO:98996102:6|98998102:6
2020-03-09 16:23:08,537:INFO:98423102:6|98424102:6|98425102:6|98429102:6
2020-03-09 16:23:09,133:INFO:-1
2020-03-09 16:23:09,149:INFO:98433102:6|98434102:6|98435102:6|98436102:6|98437102:6|98438102:6|98439102:6
2020-03-09 16:23:09,740:INFO:98433102:6|98434102:6|98435102:6|98436102:6|98437102:6|98438102:6|98439102:6
2020-03-09 16:23:10,053:INFO:-1
2020-03-09 16:23:11,335:INFO:-1
2020-03-09 16:23:12,553:INFO:-1
2020-03-09 16:23:13,561:INFO:-1
2020-03-09 16:23:14,594:INFO:-1
2020-03-09 16:23:15,781:INFO:-1
2020-03-09 16:23:16,979:INFO:-1
2020-03-09 16:23:18,181:INFO:-1
2020-03-09 16:23:19,309:INFO:-1
2020-03-09 16:23:20,408:INFO:-1
2020-03-09 16:23:21,521:INFO:-1
2020-03-09 16:23:22,614:INFO:-1
2020-03-09 16:23:23,783:INFO:-1
2020-03-09 16:23:24,754:INFO:-1
2020-03-09 16:23:25,999:INFO:-1
2020-03-09 16:23:27,104:INFO:-1
2020-03-09 16:23:28,179:INFO:-1
2020-03-09 16:23:29,275:INFO:-1
2020-03-09 16:23:30,343:INFO:-1
2020-03-09 16:23:31,425:INFO:-1
2020-03-09 16:23:32,507:INFO:-1
2020-03-09 16:23:33,591:INFO:-1
2020-03-09 16:23:34,673:INFO:-1
2020-03-09 16:23:35,763:INFO:-1
2020-03-09 16:23:36,841:INFO:-1
2020-03-09 16:23:37,924:INFO:-1
2020-03-09 16:23:38,924:INFO:-1
2020-03-09 16:23:40,051:INFO:-1
2020-03-09 16:23:41,251:INFO:-1
2020-03-09 16:23:42,354:INFO:-1
2020-03-09 16:23:43,506:INFO:-1
2020-03-09 16:23:44,619:INFO:-1
2020-03-09 16:23:45,731:INFO:-1
2020-03-09 16:23:46,842:INFO:-1
2020-03-09 16:23:47,955:INFO:-1
2020-03-09 16:23:49,059:INFO:-1
2020-03-09 16:23:50,207:INFO:-1
2020-03-09 16:23:51,351:INFO:-1
2020-03-09 16:23:52,471:INFO:-1
2020-03-09 16:23:53,639:INFO:-1
2020-03-09 16:23:54,833:INFO:-1
2020-03-09 16:23:55,952:INFO:-1
2020-03-09 16:23:57,104:INFO:-1
2020-03-09 16:23:58,247:INFO:-1
2020-03-09 16:23:59,404:INFO:-1
2020-03-09 16:24:00,515:INFO:-1
2020-03-09 16:24:01,644:INFO:-1
2020-03-09 16:24:02,823:INFO:-1
2020-03-09 16:24:03,949:INFO:-1
2020-03-09 16:24:05,111:INFO:-1
2020-03-09 16:24:06,272:INFO:-1
2020-03-09 16:24:07,438:INFO:-1
2020-03-09 16:24:08,430:INFO:-1
2020-03-09 16:24:09,667:INFO:-1
2020-03-09 16:24:10,761:INFO:-1
2020-03-09 16:24:11,989:INFO:-1
2020-03-09 16:24:15,916:INFO:-1
2020-03-09 16:24:17,189:INFO:-1
2020-03-09 16:24:17,804:INFO:-1
2020-03-09 16:24:18,274:INFO:-1
2020-03-09 16:24:18,980:INFO:-1
2020-03-09 16:24:19,762:INFO:-1
2020-03-09 16:24:20,229:INFO:-1
2020-03-09 16:24:21,013:INFO:-1
2020-03-09 16:24:21,475:INFO:-1
2020-03-09 16:24:22,243:INFO:-1
2020-03-09 16:24:22,783:INFO:-1
2020-03-09 16:24:23,570:INFO:-1
2020-03-09 16:24:23,671:INFO:-1
2020-03-09 16:24:24,212:INFO:-1
2020-03-09 16:24:24,334:INFO:-1
2020-03-09 16:24:24,996:INFO:-1
2020-03-09 16:24:25,123:INFO:-1
2020-03-09 16:24:25,457:INFO:-1
2020-03-09 16:24:26,259:INFO:-1
2020-03-09 16:24:26,439:INFO:-1
2020-03-09 16:24:26,754:INFO:-1
2020-03-09 16:24:27,592:INFO:-1
2020-03-09 16:24:27,648:INFO:-1
2020-03-09 16:24:28,131:INFO:-1
2020-03-09 16:24:28,728:INFO:-1
2020-03-09 16:24:29,074:INFO:-1
2020-03-09 16:24:29,628:INFO:-1
2020-03-09 16:24:30,207:INFO:-1
2020-03-09 16:24:30,485:INFO:-1
2020-03-09 16:24:30,907:INFO:-1
2020-03-09 16:24:31,248:INFO:-1
2020-03-09 16:24:31,693:INFO:-1
2020-03-09 16:24:32,133:INFO:-1
2020-03-09 16:24:32,634:INFO:-1
2020-03-09 16:24:33,004:INFO:-1
2020-03-09 16:24:33,116:INFO:-1
2020-03-09 16:24:33,431:INFO:-1
2020-03-09 16:24:33,524:INFO:-1
2020-03-09 16:24:34,331:INFO:-1
2020-03-09 16:24:34,385:INFO:98132102:6|98133102:6|98134102:6|98137102:6|98138102:6
2020-03-09 16:24:34,519:INFO:-1
2020-03-09 16:24:34,553:INFO:-1
2020-03-09 16:24:35,617:INFO:-1
2020-03-09 16:24:35,728:INFO:98142102:6|98144102:6|98147102:6|98148102:6|98149102:6
2020-03-09 16:24:35,731:INFO:-1
2020-03-09 16:24:35,937:INFO:-1
2020-03-09 16:24:36,989:INFO:-1
2020-03-09 16:24:37,051:INFO:-1
2020-03-09 16:24:37,062:INFO:98153102:6|98155102:6|98156102:6|98157102:6|98158102:6|98159102:6
2020-03-09 16:24:37,069:INFO:-1
2020-03-09 16:24:38,197:INFO:-1
2020-03-09 16:24:38,311:INFO:-1
2020-03-09 16:24:38,360:INFO:98162102:6|98163102:6|98164102:6|98165102:6|98166102:6|98167102:6|98168102:6
2020-03-09 16:24:38,373:INFO:-1
2020-03-09 16:24:39,705:INFO:-1
2020-03-09 16:24:39,710:INFO:-1
2020-03-09 16:24:39,770:INFO:98172102:6|98173102:6|98175102:6|98178102:6|98179102:6
2020-03-09 16:24:39,795:INFO:-1
2020-03-09 16:24:40,186:INFO:-1
2020-03-09 16:24:40,456:INFO:-1
2020-03-09 16:24:40,822:INFO:-1
2020-03-09 16:24:40,847:INFO:-1
2020-03-09 16:24:40,921:INFO:98183102:6|98184102:6|98189102:6
2020-03-09 16:24:40,935:INFO:-1
2020-03-09 16:24:41,446:INFO:98132102:6|98133102:6|98134102:6|98137102:6|98138102:6
2020-03-09 16:24:42,102:INFO:-1
2020-03-09 16:24:42,217:INFO:-1
2020-03-09 16:24:42,281:INFO:-1
2020-03-09 16:24:42,291:INFO:98192102:6|98193102:6|98197102:6|98199102:6
2020-03-09 16:24:43,013:INFO:98142102:6|98144102:6|98147102:6|98148102:6|98149102:6
2020-03-09 16:24:43,667:INFO:-1
2020-03-09 16:24:43,708:INFO:-1
2020-03-09 16:24:43,743:INFO:-1
2020-03-09 16:24:43,772:INFO:-1
2020-03-09 16:24:43,886:INFO:98203102:6|98204102:6|98205102:6|98206102:6|98207102:6|98208102:6
2020-03-09 16:24:44,224:INFO:98153102:6|98155102:6|98156102:6|98157102:6|98158102:6|98159102:6
2020-03-09 16:24:44,800:INFO:-1
2020-03-09 16:24:45,077:INFO:-1
2020-03-09 16:24:45,126:INFO:98132102:6|98133102:6|98134102:6|98137102:6|98138102:6
2020-03-09 16:24:45,157:INFO:-1
2020-03-09 16:24:45,316:INFO:98214102:6|98215102:6|98217102:6|98218102:6|98219102:6
2020-03-09 16:24:45,634:INFO:98162102:6|98163102:6|98164102:6|98165102:6|98166102:6|98167102:6|98168102:6
2020-03-09 16:24:46,407:INFO:-1
2020-03-09 16:24:46,439:INFO:98142102:6|98144102:6|98147102:6|98148102:6|98149102:6
2020-03-09 16:24:46,530:INFO:-1
2020-03-09 16:24:46,632:INFO:-1
2020-03-09 16:24:46,788:INFO:98223102:6|98225102:6|98227102:6|98228102:6|98229102:6
2020-03-09 16:24:46,917:INFO:98172102:6|98173102:6|98175102:6|98178102:6|98179102:6
2020-03-09 16:24:47,289:INFO:-1
2020-03-09 16:24:47,331:INFO:-1
2020-03-09 16:24:47,754:INFO:98153102:6|98155102:6|98156102:6|98157102:6|98158102:6|98159102:6
2020-03-09 16:24:47,874:INFO:98183102:6|98184102:6|98189102:6
2020-03-09 16:24:47,981:INFO:-1
2020-03-09 16:24:48,068:INFO:-1
2020-03-09 16:24:48,206:INFO:98233102:6|98234102:6|98235102:6|98236102:6|98237102:6|98238102:6|98239102:6
2020-03-09 16:24:48,305:INFO:-1
2020-03-09 16:24:49,022:INFO:98192102:6|98193102:6|98197102:6|98199102:6
2020-03-09 16:24:49,035:INFO:98162102:6|98163102:6|98164102:6|98165102:6|98166102:6|98167102:6|98168102:6
2020-03-09 16:24:49,436:INFO:-1
2020-03-09 16:24:49,525:INFO:-1
2020-03-09 16:24:49,577:INFO:-1
2020-03-09 16:24:49,636:INFO:98242102:6|98243102:6|98244102:6|98245102:6|98246102:6|98247102:6|98248102:6
2020-03-09 16:24:50,123:INFO:98172102:6|98173102:6|98175102:6|98178102:6|98179102:6
2020-03-09 16:24:50,506:INFO:98203102:6|98204102:6|98205102:6|98206102:6|98207102:6|98208102:6
2020-03-09 16:24:50,905:INFO:-1
2020-03-09 16:24:50,967:INFO:-1
2020-03-09 16:24:51,008:INFO:-1
2020-03-09 16:24:51,244:INFO:98253102:6|98255102:6|98256102:6|98258102:6
2020-03-09 16:24:51,538:INFO:98214102:6|98215102:6|98217102:6|98218102:6|98219102:6
2020-03-09 16:24:51,774:INFO:98183102:6|98184102:6|98189102:6
2020-03-09 16:24:52,251:INFO:-1
2020-03-09 16:24:52,413:INFO:-1
2020-03-09 16:24:52,445:INFO:-1
2020-03-09 16:24:52,663:INFO:98263102:6|98264102:6|98265102:6|98266102:6|98267102:6|98268102:6|98269102:6
2020-03-09 16:24:53,041:INFO:98192102:6|98193102:6|98197102:6|98199102:6
2020-03-09 16:24:53,140:INFO:98223102:6|98225102:6|98227102:6|98228102:6|98229102:6
2020-03-09 16:24:53,615:INFO:-1
2020-03-09 16:24:53,856:INFO:-1
2020-03-09 16:24:53,889:INFO:-1
2020-03-09 16:24:54,121:INFO:98272102:6|98273102:6|98274102:6|98275102:6|98276102:6|98277102:6|98278102:6|98279102:6
2020-03-09 16:24:54,223:INFO:98233102:6|98234102:6|98235102:6|98236102:6|98237102:6|98238102:6|98239102:6
2020-03-09 16:24:54,469:INFO:98203102:6|98204102:6|98205102:6|98206102:6|98207102:6|98208102:6
2020-03-09 16:24:54,767:INFO:-1
2020-03-09 16:24:55,396:INFO:-1
2020-03-09 16:24:55,472:INFO:-1
2020-03-09 16:24:55,595:INFO:-1
2020-03-09 16:24:55,678:INFO:98282102:6|98283102:6|98284102:6|98285102:6|98286102:6|98287102:6|98288102:6|98289102:6
2020-03-09 16:24:55,705:INFO:98242102:6|98243102:6|98244102:6|98245102:6|98246102:6|98247102:6|98248102:6
2020-03-09 16:24:55,837:INFO:98214102:6|98215102:6|98217102:6|98218102:6|98219102:6
2020-03-09 16:24:56,242:INFO:-1
2020-03-09 16:24:56,261:INFO:-1
2020-03-09 16:24:56,889:INFO:-1
2020-03-09 16:24:56,989:INFO:-1
2020-03-09 16:24:56,998:INFO:98253102:6|98255102:6|98256102:6|98258102:6
2020-03-09 16:24:57,166:INFO:98223102:6|98225102:6|98227102:6|98228102:6|98229102:6
2020-03-09 16:24:57,180:INFO:98292102:6|98294102:6|98295102:6|98296102:6|98297102:6|98298102:6
2020-03-09 16:24:57,318:INFO:-1
2020-03-09 16:24:58,303:INFO:98263102:6|98264102:6|98265102:6|98266102:6|98267102:6|98268102:6|98269102:6
2020-03-09 16:24:58,364:INFO:-1
2020-03-09 16:24:58,480:INFO:-1
2020-03-09 16:24:58,494:INFO:98233102:6|98234102:6|98235102:6|98236102:6|98237102:6|98238102:6|98239102:6
2020-03-09 16:24:58,513:INFO:-1
2020-03-09 16:24:58,625:INFO:98302102:6|98304102:6|98305102:6|98306102:6|98307102:6|98308102:6|98309102:6
2020-03-09 16:24:59,606:INFO:98242102:6|98243102:6|98244102:6|98245102:6|98246102:6|98247102:6|98248102:6
2020-03-09 16:24:59,621:INFO:98272102:6|98273102:6|98274102:6|98275102:6|98276102:6|98277102:6|98278102:6|98279102:6
2020-03-09 16:24:59,710:INFO:-1
2020-03-09 16:24:59,872:INFO:-1
2020-03-09 16:24:59,964:INFO:-1
2020-03-09 16:24:59,964:INFO:98312102:6|98314102:6|98315102:6|98316102:6|98317102:6|98318102:6|98319102:6
2020-03-09 16:25:01,014:INFO:98253102:6|98255102:6|98256102:6|98258102:6
2020-03-09 16:25:01,157:INFO:-1
2020-03-09 16:25:01,206:INFO:98282102:6|98283102:6|98284102:6|98285102:6|98286102:6|98287102:6|98288102:6|98289102:6
2020-03-09 16:25:01,249:INFO:-1
2020-03-09 16:25:01,424:INFO:-1
2020-03-09 16:25:01,426:INFO:98322102:6|98324102:6|98325102:6|98327102:6|98328102:6|98329102:6
2020-03-09 16:25:01,547:INFO:-1
2020-03-09 16:25:02,417:INFO:98263102:6|98264102:6|98265102:6|98266102:6|98267102:6|98268102:6|98269102:6
2020-03-09 16:25:02,652:INFO:98292102:6|98294102:6|98295102:6|98296102:6|98297102:6|98298102:6
2020-03-09 16:25:02,867:INFO:-1
2020-03-09 16:25:02,879:INFO:-1
2020-03-09 16:25:03,091:INFO:-1
2020-03-09 16:25:03,229:INFO:98332102:6|98336102:6|98338102:6|98339102:6
2020-03-09 16:25:03,847:INFO:98272102:6|98273102:6|98274102:6|98275102:6|98276102:6|98277102:6|98278102:6|98279102:6
2020-03-09 16:25:04,028:INFO:98302102:6|98304102:6|98305102:6|98306102:6|98307102:6|98308102:6|98309102:6
2020-03-09 16:25:04,316:INFO:-1
2020-03-09 16:25:04,547:INFO:-1
2020-03-09 16:25:04,557:INFO:-1
2020-03-09 16:25:04,703:INFO:98385102:6|98386102:6
2020-03-09 16:25:04,941:INFO:-1
2020-03-09 16:25:04,973:INFO:98282102:6|98283102:6|98284102:6|98285102:6|98286102:6|98287102:6|98288102:6|98289102:6
2020-03-09 16:25:05,109:INFO:98312102:6|98314102:6|98315102:6|98316102:6|98317102:6|98318102:6|98319102:6
2020-03-09 16:25:05,474:INFO:-1
2020-03-09 16:25:05,686:INFO:-1
2020-03-09 16:25:06,021:INFO:-1
2020-03-09 16:25:06,185:INFO:-1
2020-03-09 16:25:06,291:INFO:98423102:6|98424102:6|98425102:6|98429102:6
2020-03-09 16:25:06,389:INFO:98322102:6|98324102:6|98325102:6|98327102:6|98328102:6|98329102:6
2020-03-09 16:25:06,412:INFO:98292102:6|98294102:6|98295102:6|98296102:6|98297102:6|98298102:6
2020-03-09 16:25:06,797:INFO:-1
2020-03-09 16:25:07,302:INFO:-1
2020-03-09 16:25:07,518:INFO:-1
2020-03-09 16:25:07,816:INFO:98302102:6|98304102:6|98305102:6|98306102:6|98307102:6|98308102:6|98309102:6
2020-03-09 16:25:07,881:INFO:98332102:6|98336102:6|98338102:6|98339102:6
2020-03-09 16:25:07,951:INFO:98433102:6|98434102:6|98435102:6|98436102:6|98437102:6|98438102:6|98439102:6
2020-03-09 16:25:08,073:INFO:-1
2020-03-09 16:25:08,756:INFO:98312102:6|98314102:6|98315102:6|98316102:6|98317102:6|98318102:6|98319102:6
2020-03-09 16:25:08,763:INFO:-1
2020-03-09 16:25:08,806:INFO:-1
2020-03-09 16:25:08,953:INFO:98385102:6|98386102:6
2020-03-09 16:25:09,138:INFO:-1
2020-03-09 16:25:09,471:INFO:-1
2020-03-09 16:25:09,628:INFO:-1
2020-03-09 16:25:09,898:INFO:-1
2020-03-09 16:25:10,406:INFO:98322102:6|98324102:6|98325102:6|98327102:6|98328102:6|98329102:6
2020-03-09 16:25:10,441:INFO:-1
2020-03-09 16:25:10,487:INFO:-1
2020-03-09 16:25:10,494:INFO:98423102:6|98424102:6|98425102:6|98429102:6
2020-03-09 16:25:10,868:INFO:-1
2020-03-09 16:25:11,062:INFO:98132102:6|98133102:6|98134102:6|98137102:6|98138102:6
2020-03-09 16:25:11,492:INFO:98433102:6|98434102:6|98435102:6|98436102:6|98437102:6|98438102:6|98439102:6
2020-03-09 16:25:11,664:INFO:98332102:6|98336102:6|98338102:6|98339102:6
2020-03-09 16:25:11,906:INFO:-1
2020-03-09 16:25:11,933:INFO:-1
2020-03-09 16:25:12,144:INFO:-1
2020-03-09 16:25:12,519:INFO:98142102:6|98144102:6|98147102:6|98148102:6|98149102:6
2020-03-09 16:25:12,976:INFO:98385102:6|98386102:6
2020-03-09 16:25:12,990:INFO:-1
2020-03-09 16:25:13,227:INFO:-1
2020-03-09 16:25:13,492:INFO:-1
2020-03-09 16:25:13,529:INFO:-1
2020-03-09 16:25:13,635:INFO:-1
2020-03-09 16:25:13,638:INFO:-1
2020-03-09 16:25:14,111:INFO:98153102:6|98155102:6|98156102:6|98157102:6|98158102:6|98159102:6
2020-03-09 16:25:14,223:INFO:98132102:6|98133102:6|98134102:6|98137102:6|98138102:6
2020-03-09 16:25:14,479:INFO:98423102:6|98424102:6|98425102:6|98429102:6
2020-03-09 16:25:14,943:INFO:-1
2020-03-09 16:25:14,993:INFO:-1
2020-03-09 16:25:15,027:INFO:-1
2020-03-09 16:25:15,582:INFO:98142102:6|98144102:6|98147102:6|98148102:6|98149102:6
2020-03-09 16:25:15,650:INFO:98162102:6|98163102:6|98164102:6|98165102:6|98166102:6|98167102:6|98168102:6
2020-03-09 16:25:16,240:INFO:98433102:6|98434102:6|98435102:6|98436102:6|98437102:6|98438102:6|98439102:6
2020-03-09 16:25:16,483:INFO:-1
2020-03-09 16:25:16,589:INFO:-1
2020-03-09 16:25:16,628:INFO:-1
2020-03-09 16:25:16,917:INFO:98153102:6|98155102:6|98156102:6|98157102:6|98158102:6|98159102:6
2020-03-09 16:25:17,173:INFO:98172102:6|98173102:6|98175102:6|98178102:6|98179102:6
2020-03-09 16:25:17,776:INFO:-1
2020-03-09 16:25:17,894:INFO:-1
2020-03-09 16:25:18,038:INFO:-1
2020-03-09 16:25:18,054:INFO:-1
2020-03-09 16:25:18,399:INFO:98162102:6|98163102:6|98164102:6|98165102:6|98166102:6|98167102:6|98168102:6
2020-03-09 16:25:18,648:INFO:98183102:6|98184102:6|98189102:6
2020-03-09 16:25:19,128:INFO:98132102:6|98133102:6|98134102:6|98137102:6|98138102:6
2020-03-09 16:25:19,422:INFO:-1
2020-03-09 16:25:19,516:INFO:-1
2020-03-09 16:25:19,532:INFO:-1
2020-03-09 16:25:19,789:INFO:98172102:6|98173102:6|98175102:6|98178102:6|98179102:6
2020-03-09 16:25:20,111:INFO:98192102:6|98193102:6|98197102:6|98199102:6
2020-03-09 16:25:20,488:INFO:98142102:6|98144102:6|98147102:6|98148102:6|98149102:6
2020-03-09 16:25:20,823:INFO:-1
2020-03-09 16:25:20,985:INFO:-1
2020-03-09 16:25:21,002:INFO:-1
2020-03-09 16:25:21,131:INFO:98183102:6|98184102:6|98189102:6
2020-03-09 16:25:21,613:INFO:98203102:6|98204102:6|98205102:6|98206102:6|98207102:6|98208102:6
2020-03-09 16:25:21,860:INFO:98153102:6|98155102:6|98156102:6|98157102:6|98158102:6|98159102:6
2020-03-09 16:25:22,278:INFO:-1
2020-03-09 16:25:22,319:INFO:98192102:6|98193102:6|98197102:6|98199102:6
2020-03-09 16:25:22,444:INFO:-1
2020-03-09 16:25:22,471:INFO:-1
2020-03-09 16:25:23,123:INFO:98214102:6|98215102:6|98217102:6|98218102:6|98219102:6
2020-03-09 16:25:23,210:INFO:98162102:6|98163102:6|98164102:6|98165102:6|98166102:6|98167102:6|98168102:6
2020-03-09 16:25:23,617:INFO:-1
2020-03-09 16:25:23,684:INFO:98203102:6|98204102:6|98205102:6|98206102:6|98207102:6|98208102:6
2020-03-09 16:25:23,989:INFO:-1
2020-03-09 16:25:24,036:INFO:-1
2020-03-09 16:25:24,646:INFO:98223102:6|98225102:6|98227102:6|98228102:6|98229102:6
2020-03-09 16:25:24,650:INFO:98172102:6|98173102:6|98175102:6|98178102:6|98179102:6
2020-03-09 16:25:24,977:INFO:98214102:6|98215102:6|98217102:6|98218102:6|98219102:6
2020-03-09 16:25:25,081:INFO:-1
2020-03-09 16:25:25,426:INFO:-1
2020-03-09 16:25:25,476:INFO:-1
2020-03-09 16:25:25,934:INFO:98233102:6|98234102:6|98235102:6|98236102:6|98237102:6|98238102:6|98239102:6
2020-03-09 16:25:26,068:INFO:98183102:6|98184102:6|98189102:6
2020-03-09 16:25:26,096:INFO:98223102:6|98225102:6|98227102:6|98228102:6|98229102:6
2020-03-09 16:25:26,333:INFO:-1
2020-03-09 16:25:26,870:INFO:-1
2020-03-09 16:25:26,896:INFO:-1
2020-03-09 16:25:27,266:INFO:98242102:6|98243102:6|98244102:6|98245102:6|98246102:6|98247102:6|98248102:6
2020-03-09 16:25:27,513:INFO:98192102:6|98193102:6|98197102:6|98199102:6
2020-03-09 16:25:27,544:INFO:98233102:6|98234102:6|98235102:6|98236102:6|98237102:6|98238102:6|98239102:6
2020-03-09 16:25:27,687:INFO:-1
2020-03-09 16:25:28,107:INFO:-1
2020-03-09 16:25:28,372:INFO:-1
2020-03-09 16:25:28,406:INFO:-1
2020-03-09 16:25:28,532:INFO:98242102:6|98243102:6|98244102:6|98245102:6|98246102:6|98247102:6|98248102:6
2020-03-09 16:25:28,700:INFO:98253102:6|98255102:6|98256102:6|98258102:6
2020-03-09 16:25:28,790:INFO:-1
2020-03-09 16:25:28,962:INFO:98203102:6|98204102:6|98205102:6|98206102:6|98207102:6|98208102:6
2020-03-09 16:25:29,952:INFO:-1
2020-03-09 16:25:30,009:INFO:-1
2020-03-09 16:25:30,171:INFO:98253102:6|98255102:6|98256102:6|98258102:6
2020-03-09 16:25:30,364:INFO:98263102:6|98264102:6|98265102:6|98266102:6|98267102:6|98268102:6|98269102:6
2020-03-09 16:25:30,406:INFO:-1
2020-03-09 16:25:30,571:INFO:98214102:6|98215102:6|98217102:6|98218102:6|98219102:6
2020-03-09 16:25:31,229:INFO:98263102:6|98264102:6|98265102:6|98266102:6|98267102:6|98268102:6|98269102:6
2020-03-09 16:25:31,379:INFO:-1
2020-03-09 16:25:31,436:INFO:-1
2020-03-09 16:25:31,541:INFO:-1
2020-03-09 16:25:31,710:INFO:98272102:6|98273102:6|98274102:6|98275102:6|98276102:6|98277102:6|98278102:6|98279102:6
2020-03-09 16:25:31,967:INFO:98223102:6|98225102:6|98227102:6|98228102:6|98229102:6
2020-03-09 16:25:32,401:INFO:98272102:6|98273102:6|98274102:6|98275102:6|98276102:6|98277102:6|98278102:6|98279102:6
2020-03-09 16:25:32,667:INFO:-1
2020-03-09 16:25:32,790:INFO:-1
2020-03-09 16:25:32,847:INFO:-1
2020-03-09 16:25:33,052:INFO:98282102:6|98283102:6|98284102:6|98285102:6|98286102:6|98287102:6|98288102:6|98289102:6
2020-03-09 16:25:33,386:INFO:98233102:6|98234102:6|98235102:6|98236102:6|98237102:6|98238102:6|98239102:6
2020-03-09 16:25:33,544:INFO:98282102:6|98283102:6|98284102:6|98285102:6|98286102:6|98287102:6|98288102:6|98289102:6
2020-03-09 16:25:34,009:INFO:-1
2020-03-09 16:25:34,219:INFO:-1
2020-03-09 16:25:34,250:INFO:-1
2020-03-09 16:25:34,450:INFO:98292102:6|98294102:6|98295102:6|98296102:6|98297102:6|98298102:6
2020-03-09 16:25:34,752:INFO:98292102:6|98294102:6|98295102:6|98296102:6|98297102:6|98298102:6
2020-03-09 16:25:34,767:INFO:98242102:6|98243102:6|98244102:6|98245102:6|98246102:6|98247102:6|98248102:6
2020-03-09 16:25:35,213:INFO:-1
2020-03-09 16:25:35,705:INFO:-1
2020-03-09 16:25:35,728:INFO:-1
2020-03-09 16:25:35,828:INFO:98302102:6|98304102:6|98305102:6|98306102:6|98307102:6|98308102:6|98309102:6
2020-03-09 16:25:35,844:INFO:98302102:6|98304102:6|98305102:6|98306102:6|98307102:6|98308102:6|98309102:6
2020-03-09 16:25:36,243:INFO:98253102:6|98255102:6|98256102:6|98258102:6
2020-03-09 16:25:36,331:INFO:-1
2020-03-09 16:25:37,095:INFO:-1
2020-03-09 16:25:37,116:INFO:-1
2020-03-09 16:25:37,122:INFO:98312102:6|98314102:6|98315102:6|98316102:6|98317102:6|98318102:6|98319102:6
2020-03-09 16:25:37,250:INFO:98312102:6|98314102:6|98315102:6|98316102:6|98317102:6|98318102:6|98319102:6
2020-03-09 16:25:37,632:INFO:98263102:6|98264102:6|98265102:6|98266102:6|98267102:6|98268102:6|98269102:6
2020-03-09 16:25:37,861:INFO:-1
2020-03-09 16:25:38,454:INFO:98322102:6|98324102:6|98325102:6|98327102:6|98328102:6|98329102:6
2020-03-09 16:25:38,494:INFO:98322102:6|98324102:6|98325102:6|98327102:6|98328102:6|98329102:6
2020-03-09 16:25:38,509:INFO:-1
2020-03-09 16:25:38,539:INFO:-1
2020-03-09 16:25:39,037:INFO:98272102:6|98273102:6|98274102:6|98275102:6|98276102:6|98277102:6|98278102:6|98279102:6
2020-03-09 16:25:39,551:INFO:98332102:6|98336102:6|98338102:6|98339102:6
2020-03-09 16:25:39,739:INFO:98332102:6|98336102:6|98338102:6|98339102:6
2020-03-09 16:25:39,797:INFO:-1
2020-03-09 16:25:39,824:INFO:-1
2020-03-09 16:25:40,372:INFO:98282102:6|98283102:6|98284102:6|98285102:6|98286102:6|98287102:6|98288102:6|98289102:6
2020-03-09 16:25:40,960:INFO:98385102:6|98386102:6
2020-03-09 16:25:41,192:INFO:98385102:6|98386102:6
2020-03-09 16:25:41,277:INFO:-1
2020-03-09 16:25:41,858:INFO:98292102:6|98294102:6|98295102:6|98296102:6|98297102:6|98298102:6
2020-03-09 16:25:41,997:INFO:98423102:6|98424102:6|98425102:6|98429102:6
2020-03-09 16:25:42,624:INFO:98423102:6|98424102:6|98425102:6|98429102:6
2020-03-09 16:25:42,741:INFO:-1
2020-03-09 16:25:43,231:INFO:98302102:6|98304102:6|98305102:6|98306102:6|98307102:6|98308102:6|98309102:6
2020-03-09 16:25:43,430:INFO:98433102:6|98434102:6|98435102:6|98436102:6|98437102:6|98438102:6|98439102:6
2020-03-09 16:25:43,920:INFO:98433102:6|98434102:6|98435102:6|98436102:6|98437102:6|98438102:6|98439102:6
2020-03-09 16:25:44,488:INFO:98312102:6|98314102:6|98315102:6|98316102:6|98317102:6|98318102:6|98319102:6
2020-03-09 16:25:45,658:INFO:98322102:6|98324102:6|98325102:6|98327102:6|98328102:6|98329102:6
2020-03-09 16:25:46,505:INFO:83111178:6
2020-03-09 16:25:46,887:INFO:98332102:6|98336102:6|98338102:6|98339102:6
2020-03-09 16:25:48,049:INFO:98385102:6|98386102:6
2020-03-09 16:25:49,227:INFO:98423102:6|98424102:6|98425102:6|98429102:6
2020-03-09 16:25:50,394:INFO:98433102:6|98434102:6|98435102:6|98436102:6|98437102:6|98438102:6|98439102:6
2020-03-09 16:25:56,903:INFO:-1
2020-03-09 16:26:07,944:INFO:83111158:6
2020-03-09 16:26:59,839:INFO:83111178:6
2020-03-09 16:27:09,262:INFO:-1
2020-03-09 16:27:14,816:INFO:-1
2020-03-09 16:27:15,058:INFO:-1
2020-03-09 16:27:34,323:INFO:-1
2020-03-09 16:27:35,991:INFO:-1
2020-03-09 16:27:44,730:INFO:-1
2020-03-09 16:28:06,443:INFO:-1
2020-03-09 16:28:07,687:INFO:-1
2020-03-09 16:28:08,699:INFO:-1
2020-03-09 16:28:10,000:INFO:-1
2020-03-09 16:28:11,260:INFO:-1
2020-03-09 16:28:11,825:INFO:-1
2020-03-09 16:28:12,380:INFO:-1
2020-03-09 16:28:12,763:INFO:-1
2020-03-09 16:28:13,494:INFO:-1
2020-03-09 16:28:13,618:INFO:-1
2020-03-09 16:28:14,452:INFO:-1
2020-03-09 16:28:14,872:INFO:-1
2020-03-09 16:28:15,359:INFO:-1
2020-03-09 16:28:15,935:INFO:-1
2020-03-09 16:28:16,260:INFO:-1
2020-03-09 16:28:16,363:INFO:-1
2020-03-09 16:28:17,308:INFO:-1
2020-03-09 16:28:17,444:INFO:-1
2020-03-09 16:28:17,570:INFO:-1
2020-03-09 16:28:18,210:INFO:-1
2020-03-09 16:28:18,892:INFO:-1
2020-03-09 16:28:18,947:INFO:-1
2020-03-09 16:28:19,027:INFO:-1
2020-03-09 16:28:19,980:INFO:-1
2020-03-09 16:28:20,141:INFO:-1
2020-03-09 16:28:20,170:INFO:-1
2020-03-09 16:28:20,936:INFO:-1
2020-03-09 16:28:21,434:INFO:-1
2020-03-09 16:28:21,470:INFO:-1
2020-03-09 16:28:21,919:INFO:-1
2020-03-09 16:28:22,710:INFO:-1
2020-03-09 16:28:22,735:INFO:-1
2020-03-09 16:28:22,831:INFO:-1
2020-03-09 16:28:23,824:INFO:-1
2020-03-09 16:28:23,986:INFO:-1
2020-03-09 16:28:24,024:INFO:-1
2020-03-09 16:28:24,701:INFO:-1
2020-03-09 16:28:25,269:INFO:-1
2020-03-09 16:28:25,282:INFO:-1
2020-03-09 16:28:25,669:INFO:-1
2020-03-09 16:28:26,477:INFO:-1
2020-03-09 16:28:26,490:INFO:-1
2020-03-09 16:28:26,591:INFO:-1
2020-03-09 16:28:27,460:INFO:-1
2020-03-09 16:28:27,727:INFO:-1
2020-03-09 16:28:27,730:INFO:-1
2020-03-09 16:28:28,447:INFO:-1
2020-03-09 16:28:28,958:INFO:-1
2020-03-09 16:28:28,958:INFO:93220102:6
2020-03-09 16:28:29,606:INFO:-1
2020-03-09 16:28:30,190:INFO:-1
2020-03-09 16:28:30,194:INFO:-1
2020-03-09 16:28:30,580:INFO:-1
2020-03-09 16:28:31,423:INFO:-1
2020-03-09 16:28:31,436:INFO:-1
2020-03-09 16:28:31,516:INFO:-1
2020-03-09 16:28:32,413:INFO:-1
2020-03-09 16:28:32,650:INFO:-1
2020-03-09 16:28:32,651:INFO:-1
2020-03-09 16:28:33,308:INFO:-1
2020-03-09 16:28:33,883:INFO:-1
2020-03-09 16:28:33,897:INFO:-1
2020-03-09 16:28:34,462:INFO:-1
2020-03-09 16:28:35,108:INFO:-1
2020-03-09 16:28:35,126:INFO:-1
2020-03-09 16:28:35,381:INFO:-1
2020-03-09 16:28:36,318:INFO:-1
2020-03-09 16:28:36,359:INFO:-1
2020-03-09 16:28:36,426:INFO:-1
2020-03-09 16:28:37,532:INFO:-1
2020-03-09 16:28:37,589:INFO:-1
2020-03-09 16:28:37,883:INFO:-1
2020-03-09 16:28:38,755:INFO:-1
2020-03-09 16:28:38,819:INFO:-1
2020-03-09 16:28:39,334:INFO:-1
2020-03-09 16:28:39,983:INFO:-1
2020-03-09 16:28:40,064:INFO:-1
2020-03-09 16:28:40,466:INFO:-1
2020-03-09 16:28:41,235:INFO:-1
2020-03-09 16:28:41,333:INFO:-1
2020-03-09 16:28:41,426:INFO:-1
2020-03-09 16:28:42,422:INFO:-1
2020-03-09 16:28:42,546:INFO:-1
2020-03-09 16:28:42,721:INFO:-1
2020-03-09 16:28:43,656:INFO:-1
2020-03-09 16:28:43,803:INFO:-1
2020-03-09 16:28:43,883:INFO:-1
2020-03-09 16:28:44,888:INFO:-1
2020-03-09 16:28:45,058:INFO:-1
2020-03-09 16:28:45,222:INFO:-1
2020-03-09 16:28:46,133:INFO:-1
2020-03-09 16:28:46,312:INFO:-1
2020-03-09 16:28:46,769:INFO:-1
2020-03-09 16:28:47,343:INFO:-1
2020-03-09 16:28:47,552:INFO:-1
2020-03-09 16:28:48,264:INFO:-1
2020-03-09 16:28:48,561:INFO:-1
2020-03-09 16:28:48,781:INFO:-1
2020-03-09 16:28:49,419:INFO:-1
2020-03-09 16:28:49,787:INFO:-1
2020-03-09 16:28:50,022:INFO:-1
2020-03-09 16:28:50,771:INFO:-1
2020-03-09 16:28:50,998:INFO:-1
2020-03-09 16:28:51,284:INFO:-1
2020-03-09 16:28:51,897:INFO:-1
2020-03-09 16:28:52,256:INFO:-1
2020-03-09 16:28:52,544:INFO:-1
2020-03-09 16:28:52,760:INFO:-1
2020-03-09 16:28:53,521:INFO:-1
2020-03-09 16:28:53,831:INFO:-1
2020-03-09 16:28:53,895:INFO:-1
2020-03-09 16:28:54,769:INFO:-1
2020-03-09 16:28:55,077:INFO:-1
2020-03-09 16:28:55,417:INFO:-1
2020-03-09 16:28:56,003:INFO:-1
2020-03-09 16:28:56,318:INFO:-1
2020-03-09 16:28:56,847:INFO:-1
2020-03-09 16:28:57,245:INFO:-1
2020-03-09 16:28:57,580:INFO:-1
2020-03-09 16:28:58,019:INFO:-1
2020-03-09 16:28:58,460:INFO:93460102:6
2020-03-09 16:28:58,795:INFO:-1
2020-03-09 16:28:59,328:INFO:-1
2020-03-09 16:28:59,671:INFO:-1
2020-03-09 16:29:00,030:INFO:-1
2020-03-09 16:29:00,436:INFO:-1
2020-03-09 16:29:01,245:INFO:-1
2020-03-09 16:29:01,888:INFO:-1
2020-03-09 16:29:02,468:INFO:-1
2020-03-09 16:29:03,340:INFO:-1
2020-03-09 16:29:03,714:INFO:-1
2020-03-09 16:29:04,730:INFO:-1
2020-03-09 16:29:04,857:INFO:-1
2020-03-09 16:29:05,963:INFO:-1
2020-03-09 16:29:05,984:INFO:-1
2020-03-09 16:29:06,732:INFO:-1
2020-03-09 16:29:07,128:INFO:-1
2020-03-09 16:29:07,508:INFO:-1
2020-03-09 16:29:08,257:INFO:-1
2020-03-09 16:29:08,712:INFO:-1
2020-03-09 16:29:09,389:INFO:-1
2020-03-09 16:29:09,947:INFO:-1
2020-03-09 16:29:10,477:INFO:-1
2020-03-09 16:29:10,987:INFO:-1
2020-03-09 16:29:11,671:INFO:-1
2020-03-09 16:29:12,409:INFO:-1
2020-03-09 16:29:12,705:INFO:-1
2020-03-09 16:29:13,394:INFO:-1
2020-03-09 16:29:13,976:INFO:-1
2020-03-09 16:29:14,628:INFO:-1
2020-03-09 16:29:15,140:INFO:-1
2020-03-09 16:29:15,909:INFO:-1
2020-03-09 16:29:16,283:INFO:-1
2020-03-09 16:29:17,066:INFO:-1
2020-03-09 16:29:17,459:INFO:-1
2020-03-09 16:29:18,730:INFO:-1
2020-03-09 16:33:24,271:INFO:83111157:6
2020-03-09 16:33:34,208:INFO:-1
2020-03-09 16:33:40,202:INFO:-1
2020-03-09 16:33:43,811:INFO:-1
2020-03-09 16:33:46,982:INFO:-1
2020-03-09 16:33:50,843:INFO:-1
2020-03-09 16:33:55,499:INFO:-1
2020-03-09 16:34:09,680:INFO:-1
2020-03-09 16:34:13,682:INFO:-1
2020-03-09 16:34:22,456:INFO:-1
2020-03-09 16:34:25,239:INFO:-1
2020-03-09 16:34:25,480:INFO:-1
2020-03-09 16:34:27,034:INFO:-1
2020-03-09 16:34:35,502:INFO:-1
2020-03-09 16:34:40,262:INFO:ДУГААРАА СОНГОЖ БУЙ ХЭСЭГ
2020-03-09 16:34:40,262:INFO:7
2020-03-09 16:34:58,389:INFO:ДУГААРАА СОНГОЖ БУЙ ХЭСЭГ
2020-03-09 16:34:58,389:INFO:7
2020-03-09 16:35:09,017:INFO:-1
2020-03-09 16:35:14,140:INFO:ДУГААРАА СОНГОЖ БУЙ ХЭСЭГ
2020-03-09 16:35:14,140:INFO:7
2020-03-09 16:54:10,594:INFO:------------------------------------------------------------------------------------------------
2020-03-09 16:54:11,533:INFO:ДУГААРАА СОНГОЖ БУЙ ХЭСЭГ
2020-03-09 16:54:11,534:INFO:2
2020-03-09 16:54:11,785:WARNING:Not Found: /favicon.ico
2020-03-09 16:54:20,914:INFO:98880274:6|98880297:6|98880468:6|98880546:6|98880674:6|98880752:6|98880756:6|98880759:6|98880947:6|98880961:6|98880975:6|98881238:6|98881274:6|98881283:6|98881286:6|98881354:6|98881365:6|98881375:6|98881392:6|98881423:6|98881430:6|98881437:6|98881463:6|98881507:6|98881527:6|98881537:6|98881593:6|98881596:6|98881652:6|98881682:6|98881691:6|98881723:6|98881724:6|98881728:6|98881734:6|98881762:6|98881783:6|98881785:6|98881793:6|98881795:6|98881823:6|98881936:6|98881941:6|98881974:6|98881976:6|98881982:6|98882042:6|98882052:6|98882072:6|98882096:6|98882143:6|98882147:6|98882149:6|98882154:6|98882157:6|98882162:6|98882172:6|98882173:6|98882175:6|98882178:6|98882185:6|98882257:6|98882276:6|98882307:6|98882312:6|98882315:6|98882350:6|98882351:6|98882357:6|98882361:6|98882365:6|98882370:6|98882372:6|98882376:6|98882391:6|98882395:6|98882397:6|98882413:6|98882416:6|98882417:6|98882436:6|98882437:6|98882439:6|98882492:6|98882497:6|98882516:6|98882517:6|98882536:6|98882541:6|98882543:6|98882563:6|98882571:6|98882574:6|98882593:6|98882614:6|98882634:6|98882637:6|98882645:6|98882647:6|98882671:6|98882673:6|98882674:6|98882693:6|98882715:6|98882725:6|98882730:6|98882733:6|98882734:6|98882743:6|98882745:6|98882751:6|98882753:6|98882759:6|98882763:6|98882769:6|98882781:6|98882782:6|98882793:6|98882794:6|98882826:6|98882843:6|98882854:6|98882916:6|98882917:6|98882931:6|98882935:6|98882937:6|98882947:6|98882951:6|98882954:6|98882963:6|98882964:6
2020-03-09 16:54:30,914:INFO:98881823:6
2020-03-09 17:59:04,080:INFO:------------------------------------------------------------------------------------------------
2020-03-09 17:59:04,087:INFO:------------------------------------------------------------------------------------------------
2020-03-09 18:29:39,156:INFO:ДУГААРАА СОНГОЖ БУЙ ХЭСЭГ
2020-03-09 18:29:39,156:INFO:7
2020-03-09 18:30:03,608:INFO:ДУГААРАА СОНГОЖ БУЙ ХЭСЭГ
2020-03-09 18:30:03,608:INFO:7
2020-03-09 18:30:11,443:INFO:------------------------------------------------------------------------------------------------
2020-03-09 18:30:12,247:INFO:ДУГААРАА СОНГОЖ БУЙ ХЭСЭГ
2020-03-09 18:30:12,247:INFO:2
2020-03-09 18:31:36,016:INFO:-1
2020-03-09 18:31:37,172:INFO:-1
2020-03-09 18:32:02,023:INFO:-1
2020-03-09 18:32:03,383:INFO:-1
2020-03-09 19:14:14,617:INFO:------------------------------------------------------------------------------------------------
2020-03-10 01:09:56,952:WARNING:Not Found: /
