2019-12-23 12:18:38,954:INFO:----------------------------------------------------------------------------------------------------
2019-12-23 12:18:40,306:INFO:ДУГААРАА СОНГОЖ БУЙ ХЭСЭГ
2019-12-23 12:18:40,306:INFO:2
2019-12-23 12:18:40,421:WARNING:Not Found: /favicon.ico
2019-12-23 12:18:51,436:INFO:ДУГААРАА СОНГОЖ БУЙ ХЭСЭГ
2019-12-23 12:18:51,436:INFO:2
2019-12-23 12:21:44,343:WARNING:Not Found: /
2019-12-23 12:28:40,429:INFO:----------------------------------------------------------------------------------------------------
2019-12-23 12:32:56,443:INFO:ДУГААРАА СОНГОЖ БУЙ ХЭСЭГ
2019-12-23 12:32:56,443:INFO:2
2019-12-23 12:34:48,920:INFO:ДУГААРАА СОНГОЖ БУЙ ХЭСЭГ
2019-12-23 12:34:48,921:INFO:2
2019-12-23 12:34:48,928:INFO:102
2019-12-23 12:34:48,928:INFO:['9812', '9813', '9814', '9815', '9816', '9817', '9818', '9819', '9820', '9821', '9822', '9823', '9824', '9825', '9826', '9827', '9828', '9829', '9830', '9831', '9832', '9833', '9838', '9842', '9843', '9848', '9851', '9856', '9859', '9860', '9861', '9862', '9863', '9864', '9865', '9866', '9870', '9880', '9881', '9882', '9883', '9884', '9885', '9886', '9887', '9888', '9889', '9890', '9891', '9892', '9893', '9894', '9895', '9896', '9897', '9899', '9312', '9313', '9314', '9315', '9316', '9317', '9318', '9319', '9320', '9321', '9322', '9323', '9324', '9325', '9326', '9327', '9328', '9329', '9330', '9331', '9337', '9338', '9339', '9340', '9341', '9342', '9343', '9344', '9712', '9713', '9714', '9715', '9716', '9717', '9718', '9719', '9845', '9846', '8312', '8313', '8314', '8315', '8316', '8317', '8318', '8319']
2019-12-23 12:36:10,367:INFO:ДУГААРАА СОНГОЖ БУЙ ХЭСЭГ
2019-12-23 12:36:10,367:INFO:2
2019-12-23 12:36:10,373:INFO:102
2019-12-23 12:36:10,373:INFO:['9812', '9813', '9814', '9815', '9816', '9817', '9818', '9819', '9820', '9821', '9822', '9823', '9824', '9825', '9826', '9827', '9828', '9829', '9830', '9831', '9832', '9833', '9838', '9842', '9843', '9848', '9851', '9856', '9859', '9860', '9861', '9862', '9863', '9864', '9865', '9866', '9870', '9880', '9881', '9882', '9883', '9884', '9885', '9886', '9887', '9888', '9889', '9890', '9891', '9892', '9893', '9894', '9895', '9896', '9897', '9899', '9312', '9313', '9314', '9315', '9316', '9317', '9318', '9319', '9320', '9321', '9322', '9323', '9324', '9325', '9326', '9327', '9328', '9329', '9330', '9331', '9337', '9338', '9339', '9340', '9341', '9342', '9343', '9344', '9712', '9713', '9714', '9715', '9716', '9717', '9718', '9719', '9845', '9846', '8312', '8313', '8314', '8315', '8316', '8317', '8318', '8319']
2019-12-23 12:37:51,466:INFO:ДУГААРАА СОНГОЖ БУЙ ХЭСЭГ
2019-12-23 12:37:51,466:INFO:2
2019-12-23 12:37:51,472:INFO:102
2019-12-23 12:37:51,472:INFO:['9812', '9813', '9814', '9815', '9816', '9817', '9818', '9819', '9820', '9821', '9822', '9823', '9824', '9825', '9826', '9827', '9828', '9829', '9830', '9831', '9832', '9833', '9838', '9842', '9843', '9848', '9851', '9856', '9859', '9860', '9861', '9862', '9863', '9864', '9865', '9866', '9870', '9880', '9881', '9882', '9883', '9884', '9885', '9886', '9887', '9888', '9889', '9890', '9891', '9892', '9893', '9894', '9895', '9896', '9897', '9899', '9312', '9313', '9314', '9315', '9316', '9317', '9318', '9319', '9320', '9321', '9322', '9323', '9324', '9325', '9326', '9327', '9328', '9329', '9330', '9331', '9337', '9338', '9339', '9340', '9341', '9342', '9343', '9344', '9712', '9713', '9714', '9715', '9716', '9717', '9718', '9719', '9845', '9846', '8312', '8313', '8314', '8315', '8316', '8317', '8318', '8319']
2019-12-23 12:38:15,527:WARNING:Not Found: /favicon.ico
2019-12-23 12:38:30,117:INFO:98160035:6|98160041:6|98160051:6|98160064:6|98160067:6|98160079:6|98160127:6|98160135:6|98160137:6|98160141:6|98160147:6|98160150:6|98160151:6|98160152:6|98160153:6|98160162:6|98160163:6|98160165:6|98160167:6|98160172:6|98160175:6|98160178:6|98160185:6|98160189:6|98160194:6|98160196:6|98160224:6|98160231:6|98160236:6|98160237:6|98160238:6|98160240:6|98160241:6|98160243:6|98160244:6|98160245:6|98160246:6|98160248:6|98160250:6|98160253:6|98160254:6|98160264:6|98160270:6|98160273:6|98160275:6|98160278:6|98160279:6|98160281:6|98160283:6|98160284:6|98160285:6|98160290:6|98160293:6|98160297:6|98160340:6|98160341:6|98160345:6|98160346:6|98160347:6|98160348:6|98160352:6|98160359:6|98160362:6|98160363:6|98160364:6|98160370:6|98160372:6|98160375:6|98160378:6|98160379:6|98160384:6|98160386:6|98160387:6|98160388:6|98160394:6|98160420:6|98160421:6|98160427:6|98160431:6|98160432:6|98160435:6|98160439:6|98160443:6|98160447:6|98160450:6|98160451:6|98160452:6|98160453:6|98160457:6|98160458:6|98160459:6|98160465:6|98160467:6|98160470:6|98160472:6|98160474:6|98160475:6|98160477:6|98160478:6|98160480:6|98160481:6|98160483:6|98160484:6|98160485:6|98160486:6|98160487:6|98160493:6|98160494:6|98160495:6|98160496:6|98160497:6|98160500:6|98160514:6|98160516:6|98160531:6|98160532:6|98160533:6|98160539:6|98160542:6|98160543:6|98160544:6|98160546:6|98160547:6|98160548:6|98160549:6|98160557:6|98160561:6|98160563:6|98160564:6|98160566:6|98160567:6|98160571:6
2019-12-23 12:38:44,569:INFO:83170012:6|83170019:6|83170024:6|83170028:6|83170029:6|83170031:6|83170032:6|83170035:6|83170036:6|83170037:6|83170039:6|83170042:6|83170052:6|83170053:6|83170059:6|83170061:6|83170063:6|83170068:6|83170072:6|83170074:6|83170075:6|83170079:6|83170080:6|83170081:6|83170084:6|83170085:6|83170086:6|83170087:6|83170090:6|83170094:6|83170095:6|83170096:6|83170098:6|83170121:6|83170122:6|83170124:6|83170126:6|83170128:6|83170131:6|83170132:6|83170133:6|83170136:6|83170139:6|83170140:6|83170144:6|83170145:6|83170147:6|83170149:6|83170150:6|83170151:6|83170152:6|83170153:6|83170154:6|83170155:6|83170156:6|83170157:6|83170158:6|83170161:6|83170163:6|83170164:6|83170165:6|83170167:6|83170169:6|83170171:6|83170172:6|83170174:6|83170175:6|83170176:6|83170177:6|83170179:6|83170181:6|83170182:6|83170183:6|83170184:6|83170185:6|83170186:6|83170187:6|83170188:6|83170189:6|83170190:6|83170191:6|83170192:6|83170193:6|83170194:6|83170195:6|83170196:6|83170197:6|83170198:6|83170199:6|83170200:6|83170207:6|83170209:6|83170210:6|83170211:6|83170213:6|83170215:6|83170218:6|83170219:6|83170223:6|83170226:6|83170227:6|83170228:6|83170229:6|83170230:6|83170231:6|83170233:6|83170234:6|83170235:6|83170236:6|83170237:6|83170238:6|83170239:6|83170240:6|83170241:6|83170242:6|83170243:6|83170244:6|83170245:6|83170246:6|83170248:6|83170250:6|83170251:6|83170252:6|83170253:6|83170255:6|83170256:6|83170257:6|83170258:6|83170259:6|83170261:6|83170262:6|83170263:6
2019-12-23 12:40:05,791:INFO:ДУГААРАА СОНГОЖ БУЙ ХЭСЭГ
2019-12-23 12:40:05,791:INFO:2
2019-12-23 12:40:05,799:INFO:102
2019-12-23 12:40:05,799:INFO:['9812', '9813', '9814', '9815', '9816', '9817', '9818', '9819', '9820', '9821', '9822', '9823', '9824', '9825', '9826', '9827', '9828', '9829', '9830', '9831', '9832', '9833', '9838', '9842', '9843', '9848', '9851', '9856', '9859', '9860', '9861', '9862', '9863', '9864', '9865', '9866', '9870', '9880', '9881', '9882', '9883', '9884', '9885', '9886', '9887', '9888', '9889', '9890', '9891', '9892', '9893', '9894', '9895', '9896', '9897', '9899', '9312', '9313', '9314', '9315', '9316', '9317', '9318', '9319', '9320', '9321', '9322', '9323', '9324', '9325', '9326', '9327', '9328', '9329', '9330', '9331', '9337', '9338', '9339', '9340', '9341', '9342', '9343', '9344', '9712', '9713', '9714', '9715', '9716', '9717', '9718', '9719', '9845', '9846', '8312', '8313', '8314', '8315', '8316', '8317', '8318', '8319']
2019-12-23 12:40:09,053:INFO:83170012:6|83170019:6|83170024:6|83170028:6|83170029:6|83170031:6|83170032:6|83170035:6|83170036:6|83170037:6|83170039:6|83170042:6|83170052:6|83170053:6|83170059:6|83170061:6|83170063:6|83170068:6|83170072:6|83170074:6|83170075:6|83170079:6|83170080:6|83170081:6|83170084:6|83170085:6|83170086:6|83170087:6|83170090:6|83170094:6|83170095:6|83170096:6|83170098:6|83170121:6|83170122:6|83170124:6|83170126:6|83170128:6|83170131:6|83170132:6|83170133:6|83170136:6|83170139:6|83170140:6|83170144:6|83170145:6|83170147:6|83170149:6|83170150:6|83170151:6|83170152:6|83170153:6|83170154:6|83170155:6|83170156:6|83170157:6|83170158:6|83170161:6|83170163:6|83170164:6|83170165:6|83170167:6|83170169:6|83170171:6|83170172:6|83170174:6|83170175:6|83170176:6|83170177:6|83170179:6|83170181:6|83170182:6|83170183:6|83170184:6|83170185:6|83170186:6|83170187:6|83170188:6|83170189:6|83170190:6|83170191:6|83170192:6|83170193:6|83170194:6|83170195:6|83170196:6|83170197:6|83170198:6|83170199:6|83170200:6|83170207:6|83170209:6|83170210:6|83170211:6|83170213:6|83170215:6|83170218:6|83170219:6|83170223:6|83170226:6|83170227:6|83170228:6|83170229:6|83170230:6|83170231:6|83170233:6|83170234:6|83170235:6|83170236:6|83170237:6|83170238:6|83170239:6|83170240:6|83170241:6|83170242:6|83170243:6|83170244:6|83170245:6|83170246:6|83170248:6|83170250:6|83170251:6|83170252:6|83170253:6|83170255:6|83170256:6|83170257:6|83170258:6|83170259:6|83170261:6|83170262:6|83170263:6
2019-12-23 12:40:19,298:INFO:ДУГААРЫН ҮНЭ
2019-12-23 12:40:19,302:INFO:5000
2019-12-23 12:40:21,358:INFO:ДУГААРАА СОНГОЖ БУЙ ХЭСЭГ
2019-12-23 12:40:21,359:INFO:2
2019-12-23 12:40:21,366:INFO:102
2019-12-23 12:40:21,367:INFO:['9812', '9813', '9814', '9815', '9816', '9817', '9818', '9819', '9820', '9821', '9822', '9823', '9824', '9825', '9826', '9827', '9828', '9829', '9830', '9831', '9832', '9833', '9838', '9842', '9843', '9848', '9851', '9856', '9859', '9860', '9861', '9862', '9863', '9864', '9865', '9866', '9870', '9880', '9881', '9882', '9883', '9884', '9885', '9886', '9887', '9888', '9889', '9890', '9891', '9892', '9893', '9894', '9895', '9896', '9897', '9899', '9312', '9313', '9314', '9315', '9316', '9317', '9318', '9319', '9320', '9321', '9322', '9323', '9324', '9325', '9326', '9327', '9328', '9329', '9330', '9331', '9337', '9338', '9339', '9340', '9341', '9342', '9343', '9344', '9712', '9713', '9714', '9715', '9716', '9717', '9718', '9719', '9845', '9846', '8312', '8313', '8314', '8315', '8316', '8317', '8318', '8319']
2019-12-23 12:40:30,736:INFO:98221441:9|98222882:9|98223773:9|98224747:9|98224774:9|98226116:9
2019-12-23 12:40:49,130:INFO:РЕГИСТЕРИЙН ДУГААР
2019-12-23 12:40:53,594:INFO:ДУГААРАА СОНГОЖ БУЙ ХЭСЭГ
2019-12-23 12:40:53,594:INFO:2
2019-12-23 12:40:53,602:INFO:102
2019-12-23 12:40:53,602:INFO:['9812', '9813', '9814', '9815', '9816', '9817', '9818', '9819', '9820', '9821', '9822', '9823', '9824', '9825', '9826', '9827', '9828', '9829', '9830', '9831', '9832', '9833', '9838', '9842', '9843', '9848', '9851', '9856', '9859', '9860', '9861', '9862', '9863', '9864', '9865', '9866', '9870', '9880', '9881', '9882', '9883', '9884', '9885', '9886', '9887', '9888', '9889', '9890', '9891', '9892', '9893', '9894', '9895', '9896', '9897', '9899', '9312', '9313', '9314', '9315', '9316', '9317', '9318', '9319', '9320', '9321', '9322', '9323', '9324', '9325', '9326', '9327', '9328', '9329', '9330', '9331', '9337', '9338', '9339', '9340', '9341', '9342', '9343', '9344', '9712', '9713', '9714', '9715', '9716', '9717', '9718', '9719', '9845', '9846', '8312', '8313', '8314', '8315', '8316', '8317', '8318', '8319']
2019-12-23 12:40:55,866:INFO:ДУГААРЫН ҮНЭ
2019-12-23 12:40:55,869:INFO:5000
2019-12-23 12:40:56,967:INFO:ДУГААРАА СОНГОЖ БУЙ ХЭСЭГ
2019-12-23 12:40:56,967:INFO:2
2019-12-23 12:40:56,972:INFO:102
2019-12-23 12:40:56,972:INFO:['9812', '9813', '9814', '9815', '9816', '9817', '9818', '9819', '9820', '9821', '9822', '9823', '9824', '9825', '9826', '9827', '9828', '9829', '9830', '9831', '9832', '9833', '9838', '9842', '9843', '9848', '9851', '9856', '9859', '9860', '9861', '9862', '9863', '9864', '9865', '9866', '9870', '9880', '9881', '9882', '9883', '9884', '9885', '9886', '9887', '9888', '9889', '9890', '9891', '9892', '9893', '9894', '9895', '9896', '9897', '9899', '9312', '9313', '9314', '9315', '9316', '9317', '9318', '9319', '9320', '9321', '9322', '9323', '9324', '9325', '9326', '9327', '9328', '9329', '9330', '9331', '9337', '9338', '9339', '9340', '9341', '9342', '9343', '9344', '9712', '9713', '9714', '9715', '9716', '9717', '9718', '9719', '9845', '9846', '8312', '8313', '8314', '8315', '8316', '8317', '8318', '8319']
2019-12-23 12:50:57,127:INFO:----------------------------------------------------------------------------------------------------
2019-12-23 13:00:57,424:INFO:----------------------------------------------------------------------------------------------------
2019-12-23 13:10:57,732:INFO:----------------------------------------------------------------------------------------------------
2019-12-23 13:20:58,050:INFO:----------------------------------------------------------------------------------------------------
2019-12-23 13:30:58,355:INFO:----------------------------------------------------------------------------------------------------
2019-12-23 13:40:58,668:INFO:----------------------------------------------------------------------------------------------------
2019-12-23 13:50:58,967:INFO:----------------------------------------------------------------------------------------------------
2019-12-23 14:00:59,275:INFO:----------------------------------------------------------------------------------------------------
2019-12-23 14:10:59,564:INFO:----------------------------------------------------------------------------------------------------
2019-12-23 14:21:00,076:INFO:----------------------------------------------------------------------------------------------------
2019-12-23 14:27:06,606:INFO:ДУГААРАА СОНГОЖ БУЙ ХЭСЭГ
2019-12-23 14:27:06,606:INFO:7
2019-12-23 14:27:06,612:INFO:48
2019-12-23 14:27:06,612:INFO:['9800', '9809', '9810', '8300', '9700', '9300', '9301', '9302', '9303', '9304', '9305', '9306', '9307', '9308', '9309', '9310', '9801', '9802', '9803', '9804', '9805', '9806', '9807', '9808', '8301', '8302', '8303', '8304', '8305', '8306', '8307', '8308', '8309', '8310', '9701', '9702', '9703', '9704', '9705', '9706', '9707', '9708', '9709', '9710', '9811', '8311', '9711', '9311']
2019-12-23 14:27:18,003:INFO:98000132:6|98000146:6|98000152:6|98000153:6|98000163:6|98000164:6|98000165:6|98000167:6|98000172:6|98000173:6|98000174:6|98000175:6|98000176:6|98000182:6|98000184:6|98000187:6|98000193:6|98000194:6|98000216:6|98000231:6|98000237:6|98000238:6|98000239:6|98000243:6|98000245:6|98000248:6|98000251:6|98000252:6|98000253:6|98000254:6|98000257:6|98000259:6|98000261:6|98000262:6|98000263:6|98000264:6|98000267:6|98000269:6|98000271:6|98000272:6|98000273:6|98000274:6|98000275:6|98000276:6|98000278:6|98000279:6|98000281:6|98000283:6|98000284:6|98000286:6|98000287:6|98000291:6|98000292:6|98000293:6|98000295:6|98000296:6|98000297:6|98000319:6|98000324:6|98000325:6|98000328:6|98000329:6|98000334:6|98000337:6|98000340:6|98000341:6|98000342:6|98000345:6|98000346:6|98000347:6|98000348:6|98000349:6|98000350:6|98000352:6|98000354:6|98000356:6|98000357:6|98000358:6|98000359:6|98000360:6|98000361:6|98000362:6|98000363:6|98000364:6|98000365:6|98000367:6|98000368:6|98000370:6|98000371:6|98000372:6|98000373:6|98000374:6|98000375:6|98000376:6|98000378:6|98000379:6|98000380:6|98000382:6|98000383:6|98000384:6|98000385:6|98000386:6|98000392:6|98000393:6|98000394:6|98000395:6|98000396:6|98000397:6|98000416:6|98000417:6|98000418:6|98000419:6|98000422:6|98000423:6|98000425:6|98000427:6|98000429:6|98000430:6|98000431:6|98000432:6|98000433:6|98000434:6|98000436:6|98000437:6|98000438:6|98000439:6|98000441:6|98000442:6|98000443:6|98000446:6|98000450:6|98000451:6
2019-12-23 14:27:36,689:INFO:ДУГААРАА СОНГОЖ БУЙ ХЭСЭГ
2019-12-23 14:27:36,689:INFO:2
2019-12-23 14:27:36,695:INFO:102
2019-12-23 14:27:36,695:INFO:['9812', '9813', '9814', '9815', '9816', '9817', '9818', '9819', '9820', '9821', '9822', '9823', '9824', '9825', '9826', '9827', '9828', '9829', '9830', '9831', '9832', '9833', '9838', '9842', '9843', '9848', '9851', '9856', '9859', '9860', '9861', '9862', '9863', '9864', '9865', '9866', '9870', '9880', '9881', '9882', '9883', '9884', '9885', '9886', '9887', '9888', '9889', '9890', '9891', '9892', '9893', '9894', '9895', '9896', '9897', '9899', '9312', '9313', '9314', '9315', '9316', '9317', '9318', '9319', '9320', '9321', '9322', '9323', '9324', '9325', '9326', '9327', '9328', '9329', '9330', '9331', '9337', '9338', '9339', '9340', '9341', '9342', '9343', '9344', '9712', '9713', '9714', '9715', '9716', '9717', '9718', '9719', '9845', '9846', '8312', '8313', '8314', '8315', '8316', '8317', '8318', '8319']
2019-12-23 14:27:53,614:INFO:98120254:6|98120351:6|98120632:6|98120679:6|98120791:6|98120845:6|98120847:6|98120848:6|98120854:6|98120864:6|98120890:6|98120895:6|98120908:6|98120927:6|98120931:6|98120935:6|98120937:6|98120951:6|98120954:6|98120963:6|98120978:6|98121039:6|98121061:6|98121135:6|98121163:6|98121379:6|98121381:6|98121384:6|98121392:6|98121430:6|98121431:6|98121453:6|98121459:6|98121481:6|98121487:6|98121520:6|98121537:6|98121574:6|98121579:6|98121602:6|98121603:6|98121604:6|98121609:6|98121635:6|98121689:6|98121691:6|98121704:6|98121706:6|98121716:6|98121722:6|98121727:6|98121742:6|98121743:6|98121746:6|98121756:6|98121759:6|98121763:6|98121764:6|98121769:6|98121778:6|98121782:6|98121790:6|98121792:6|98121804:6|98121806:6|98121807:6|98121816:6|98121823:6|98121825:6|98121826:6|98121839:6|98121864:6|98121872:6|98121879:6|98121935:6|98121936:6|98121941:6|98121947:6|98121953:6|98121957:6|98121972:6|98121978:6|98121983:6|98121987:6|98121993:6|98122049:6|98122060:6|98122073:6|98122076:6|98122161:6|98122170:6|98122182:6|98122249:6|98122274:6|98122301:6|98122306:6|98122307:6|98122318:6|98122329:6|98122330:6|98122346:6|98122362:6|98122365:6|98122374:6|98122380:6|98122384:6|98122385:6|98122386:6|98122387:6|98122394:6|98122397:6|98122415:6|98122417:6|98122431:6|98122451:6|98122452:6|98122459:6|98122476:6|98122482:6|98122503:6|98122516:6|98122517:6|98122518:6|98122523:6|98122537:6|98122546:6|98122549:6|98122587:6|98122601:6|98122608:6|98122612:6|98122622:6
2019-12-23 14:28:51,130:INFO:----------------------------------------------------------------------------------------------------
2019-12-23 14:28:53,674:WARNING:Not Found: /apple-touch-icon-120x120-precomposed.png
2019-12-23 14:28:54,282:WARNING:Not Found: /apple-touch-icon-120x120.png
2019-12-23 14:28:54,866:WARNING:Not Found: /apple-touch-icon-precomposed.png
2019-12-23 14:28:55,682:WARNING:Not Found: /apple-touch-icon.png
2019-12-23 14:28:56,386:INFO:ДУГААРАА СОНГОЖ БУЙ ХЭСЭГ
2019-12-23 14:28:56,387:INFO:2
2019-12-23 14:28:56,392:INFO:102
2019-12-23 14:28:56,393:INFO:['9812', '9813', '9814', '9815', '9816', '9817', '9818', '9819', '9820', '9821', '9822', '9823', '9824', '9825', '9826', '9827', '9828', '9829', '9830', '9831', '9832', '9833', '9838', '9842', '9843', '9848', '9851', '9856', '9859', '9860', '9861', '9862', '9863', '9864', '9865', '9866', '9870', '9880', '9881', '9882', '9883', '9884', '9885', '9886', '9887', '9888', '9889', '9890', '9891', '9892', '9893', '9894', '9895', '9896', '9897', '9899', '9312', '9313', '9314', '9315', '9316', '9317', '9318', '9319', '9320', '9321', '9322', '9323', '9324', '9325', '9326', '9327', '9328', '9329', '9330', '9331', '9337', '9338', '9339', '9340', '9341', '9342', '9343', '9344', '9712', '9713', '9714', '9715', '9716', '9717', '9718', '9719', '9845', '9846', '8312', '8313', '8314', '8315', '8316', '8317', '8318', '8319']
2019-12-23 14:29:23,653:INFO:98120254:6|98120351:6|98120632:6|98120679:6|98120791:6|98120845:6|98120847:6|98120848:6|98120854:6|98120864:6|98120890:6|98120895:6|98120908:6|98120927:6|98120931:6|98120935:6|98120937:6|98120951:6|98120954:6|98120963:6|98120978:6|98121039:6|98121061:6|98121135:6|98121163:6|98121379:6|98121381:6|98121384:6|98121392:6|98121430:6|98121431:6|98121453:6|98121459:6|98121481:6|98121487:6|98121520:6|98121537:6|98121574:6|98121579:6|98121602:6|98121603:6|98121604:6|98121609:6|98121635:6|98121689:6|98121691:6|98121704:6|98121706:6|98121716:6|98121722:6|98121727:6|98121742:6|98121743:6|98121746:6|98121756:6|98121759:6|98121763:6|98121764:6|98121769:6|98121778:6|98121782:6|98121790:6|98121792:6|98121804:6|98121806:6|98121807:6|98121816:6|98121823:6|98121825:6|98121826:6|98121839:6|98121864:6|98121872:6|98121879:6|98121935:6|98121936:6|98121941:6|98121947:6|98121953:6|98121957:6|98121972:6|98121978:6|98121983:6|98121987:6|98121993:6|98122049:6|98122060:6|98122073:6|98122076:6|98122161:6|98122170:6|98122182:6|98122249:6|98122274:6|98122301:6|98122306:6|98122307:6|98122318:6|98122329:6|98122330:6|98122346:6|98122362:6|98122365:6|98122374:6|98122380:6|98122384:6|98122385:6|98122386:6|98122387:6|98122394:6|98122397:6|98122415:6|98122417:6|98122431:6|98122451:6|98122452:6|98122459:6|98122476:6|98122482:6|98122503:6|98122516:6|98122517:6|98122518:6|98122523:6|98122537:6|98122546:6|98122549:6|98122587:6|98122601:6|98122608:6|98122612:6|98122622:6
2019-12-23 14:37:06,869:INFO:----------------------------------------------------------------------------------------------------
2019-12-23 14:47:07,375:INFO:----------------------------------------------------------------------------------------------------
2019-12-23 14:57:07,816:INFO:----------------------------------------------------------------------------------------------------
2019-12-23 15:07:08,274:INFO:----------------------------------------------------------------------------------------------------
2019-12-23 15:17:08,711:INFO:----------------------------------------------------------------------------------------------------
2019-12-23 15:27:09,138:INFO:----------------------------------------------------------------------------------------------------
2019-12-23 15:37:09,631:INFO:----------------------------------------------------------------------------------------------------
2019-12-23 15:47:10,153:INFO:----------------------------------------------------------------------------------------------------
2019-12-23 15:57:11,049:INFO:----------------------------------------------------------------------------------------------------
2019-12-23 16:07:11,656:INFO:----------------------------------------------------------------------------------------------------
2019-12-23 16:17:12,170:INFO:----------------------------------------------------------------------------------------------------
2019-12-23 16:27:12,628:INFO:----------------------------------------------------------------------------------------------------
2019-12-23 16:37:10,321:INFO:----------------------------------------------------------------------------------------------------
2019-12-23 16:37:12,967:INFO:ДУГААРАА СОНГОЖ БУЙ ХЭСЭГ
2019-12-23 16:37:12,968:INFO:7
2019-12-23 16:37:12,974:INFO:48
2019-12-23 16:37:12,974:INFO:['9800', '9809', '9810', '8300', '9700', '9300', '9301', '9302', '9303', '9304', '9305', '9306', '9307', '9308', '9309', '9310', '9801', '9802', '9803', '9804', '9805', '9806', '9807', '9808', '8301', '8302', '8303', '8304', '8305', '8306', '8307', '8308', '8309', '8310', '9701', '9702', '9703', '9704', '9705', '9706', '9707', '9708', '9709', '9710', '9811', '8311', '9711', '9311']
2019-12-23 16:37:13,077:INFO:----------------------------------------------------------------------------------------------------
2019-12-23 16:37:28,072:INFO:-1
2019-12-23 16:37:38,715:INFO:-1
2019-12-23 16:37:45,453:INFO:-1
2019-12-23 16:37:45,988:INFO:ДУГААРЫН ҮНЭ
2019-12-23 16:37:45,992:INFO:10000
2019-12-23 16:37:48,149:INFO:ДУГААРАА СОНГОЖ БУЙ ХЭСЭГ
2019-12-23 16:37:48,149:INFO:7
2019-12-23 16:37:48,156:INFO:48
2019-12-23 16:37:48,156:INFO:['9800', '9809', '9810', '8300', '9700', '9300', '9301', '9302', '9303', '9304', '9305', '9306', '9307', '9308', '9309', '9310', '9801', '9802', '9803', '9804', '9805', '9806', '9807', '9808', '8301', '8302', '8303', '8304', '8305', '8306', '8307', '8308', '8309', '8310', '9701', '9702', '9703', '9704', '9705', '9706', '9707', '9708', '9709', '9710', '9811', '8311', '9711', '9311']
2019-12-23 16:38:05,220:INFO:-1
2019-12-23 16:38:11,862:INFO:-1
2019-12-23 16:42:14,518:INFO:ДУГААРАА СОНГОЖ БУЙ ХЭСЭГ
2019-12-23 16:42:14,518:INFO:2
2019-12-23 16:42:14,524:INFO:102
2019-12-23 16:42:14,524:INFO:['9812', '9813', '9814', '9815', '9816', '9817', '9818', '9819', '9820', '9821', '9822', '9823', '9824', '9825', '9826', '9827', '9828', '9829', '9830', '9831', '9832', '9833', '9838', '9842', '9843', '9848', '9851', '9856', '9859', '9860', '9861', '9862', '9863', '9864', '9865', '9866', '9870', '9880', '9881', '9882', '9883', '9884', '9885', '9886', '9887', '9888', '9889', '9890', '9891', '9892', '9893', '9894', '9895', '9896', '9897', '9899', '9312', '9313', '9314', '9315', '9316', '9317', '9318', '9319', '9320', '9321', '9322', '9323', '9324', '9325', '9326', '9327', '9328', '9329', '9330', '9331', '9337', '9338', '9339', '9340', '9341', '9342', '9343', '9344', '9712', '9713', '9714', '9715', '9716', '9717', '9718', '9719', '9845', '9846', '8312', '8313', '8314', '8315', '8316', '8317', '8318', '8319']
2019-12-23 16:44:40,529:INFO:98120254:6|98120351:6|98120632:6|98120679:6|98120791:6|98120845:6|98120847:6|98120848:6|98120854:6|98120864:6|98120890:6|98120895:6|98120908:6|98120927:6|98120931:6|98120935:6|98120937:6|98120951:6|98120954:6|98120963:6|98120978:6|98121039:6|98121061:6|98121135:6|98121163:6|98121379:6|98121381:6|98121384:6|98121392:6|98121431:6|98121453:6|98121459:6|98121481:6|98121487:6|98121520:6|98121537:6|98121574:6|98121579:6|98121602:6|98121603:6|98121604:6|98121609:6|98121635:6|98121689:6|98121691:6|98121704:6|98121706:6|98121716:6|98121722:6|98121727:6|98121742:6|98121743:6|98121746:6|98121756:6|98121759:6|98121763:6|98121764:6|98121769:6|98121778:6|98121782:6|98121790:6|98121792:6|98121804:6|98121806:6|98121807:6|98121816:6|98121823:6|98121825:6|98121826:6|98121839:6|98121864:6|98121872:6|98121879:6|98121935:6|98121936:6|98121941:6|98121947:6|98121953:6|98121957:6|98121972:6|98121978:6|98121983:6|98121987:6|98121993:6|98122049:6|98122060:6|98122073:6|98122076:6|98122161:6|98122170:6|98122182:6|98122249:6|98122274:6|98122301:6|98122306:6|98122307:6|98122318:6|98122329:6|98122330:6|98122346:6|98122362:6|98122365:6|98122374:6|98122380:6|98122384:6|98122385:6|98122386:6|98122387:6|98122394:6|98122397:6|98122415:6|98122417:6|98122431:6|98122451:6|98122452:6|98122459:6|98122476:6|98122482:6|98122503:6|98122516:6|98122517:6|98122518:6|98122523:6|98122537:6|98122546:6|98122549:6|98122587:6|98122601:6|98122608:6|98122612:6|98122622:6|98122633:6
2019-12-23 16:45:42,399:INFO:-1
2019-12-23 16:45:51,531:INFO:98122633:6|98124533:6|98125833:6|98126733:6|98127133:6|98127933:6|98128733:6
2019-12-23 16:52:14,685:INFO:----------------------------------------------------------------------------------------------------
2019-12-23 17:02:15,130:INFO:----------------------------------------------------------------------------------------------------
2019-12-23 17:12:18,196:INFO:----------------------------------------------------------------------------------------------------
2019-12-23 17:32:26,207:INFO:----------------------------------------------------------------------------------------------------
2019-12-23 17:32:42,067:INFO:----------------------------------------------------------------------------------------------------
2019-12-23 17:32:46,469:INFO:----------------------------------------------------------------------------------------------------
