2020-12-29 09:21:58,284:INFO:ДУГААРАА СОНГОЖ БУЙ ХЭСЭГ
2020-12-29 09:21:58,284:INFO:ДУГААРАА СОНГОЖ БУЙ ХЭСЭГ
2020-12-29 09:21:58,284:INFO:7
2020-12-29 09:21:58,284:INFO:7
2020-12-29 09:48:44,383:INFO:------------------------------------------------------------------------------------------------
2020-12-29 09:55:51,281:INFO:ДУГААРАА СОНГОЖ БУЙ ХЭСЭГ
2020-12-29 09:55:51,282:INFO:7
2020-12-29 09:57:34,239:INFO:------------------------------------------------------------------------------------------------
2020-12-29 09:58:07,190:WARNING:Not Found: /
2020-12-29 09:58:07,631:WARNING:Not Found: /
2020-12-29 10:00:37,726:WARNING:Not Found: /favicon.ico
2020-12-29 10:02:42,034:INFO:------------------------------------------------------------------------------------------------
2020-12-29 10:07:19,876:INFO:------------------------------------------------------------------------------------------------
2020-12-29 10:09:43,379:INFO:------------------------------------------------------------------------------------------------
2020-12-29 10:11:17,721:INFO:------------------------------------------------------------------------------------------------
2020-12-29 10:46:06,183:INFO:------------------------------------------------------------------------------------------------
2020-12-29 10:46:08,218:INFO:ДУГААРАА СОНГОЖ БУЙ ХЭСЭГ
2020-12-29 10:46:08,219:INFO:2
2020-12-29 10:46:19,389:INFO:------------------------------------------------------------------------------------------------
2020-12-29 10:46:23,581:INFO:ДУГААРАА СОНГОЖ БУЙ ХЭСЭГ
2020-12-29 10:46:23,581:INFO:2
2020-12-29 10:48:45,013:INFO:------------------------------------------------------------------------------------------------
2020-12-29 10:57:47,499:INFO:------------------------------------------------------------------------------------------------
2020-12-29 11:02:42,216:INFO:------------------------------------------------------------------------------------------------
2020-12-29 11:07:20,268:INFO:------------------------------------------------------------------------------------------------
2020-12-29 11:09:43,739:INFO:------------------------------------------------------------------------------------------------
2020-12-29 11:11:18,058:INFO:------------------------------------------------------------------------------------------------
2020-12-29 11:48:45,420:INFO:------------------------------------------------------------------------------------------------
2020-12-29 11:57:47,650:INFO:------------------------------------------------------------------------------------------------
2020-12-29 12:02:42,316:INFO:------------------------------------------------------------------------------------------------
2020-12-29 12:05:29,249:INFO:ДУГААРАА СОНГОЖ БУЙ ХЭСЭГ
2020-12-29 12:05:29,250:INFO:2
2020-12-29 12:05:29,463:WARNING:Not Found: /favicon.ico
2020-12-29 12:05:46,995:INFO:98025800:6|98035800:6|98055800:6|98065800:6|98075800:6|98095800:6|98105800:6|98135800:6|98145800:6|98175800:6|98295800:6|98325800:6|98425800:6|98435800:6|98455800:6|98465800:6|98475800:6|98625800:6|98645800:6|98675800:6|98705800:6|98825800:6
2020-12-29 12:07:20,457:INFO:------------------------------------------------------------------------------------------------
2020-12-29 12:11:18,072:INFO:------------------------------------------------------------------------------------------------
2020-12-29 12:48:45,569:INFO:------------------------------------------------------------------------------------------------
2020-12-29 12:57:47,802:INFO:------------------------------------------------------------------------------------------------
2020-12-29 13:02:42,415:INFO:------------------------------------------------------------------------------------------------
2020-12-29 13:05:12,420:INFO:ДУГААРАА СОНГОЖ БУЙ ХЭСЭГ
2020-12-29 13:05:12,420:INFO:7
2020-12-29 13:06:22,839:INFO:98010017:6|98010054:6|98010218:6|98010576:6|98010591:6|98010592:6|98010594:6|98010595:6|98010596:6|98010597:6|98010598:6|98010617:6|98010618:6|98010619:6|98010620:6|98010621:6|98010623:6|98010624:6|98010625:6|98010627:6|98010628:6|98010629:6|98010631:6|98010632:6|98010633:6|98010634:6|98010635:6|98010637:6|98010638:6|98010639:6|98010641:6|98010643:6|98010645:6|98010646:6|98010648:6|98010652:6|98010657:6|98010658:6|98010662:6|98010671:6|98010672:6|98010683:6|98010685:6|98010687:6|98010689:6|98010691:6|98010692:6|98010693:6|98010694:6|98010695:6|98010696:6|98010697:6|98010703:6|98010704:6|98010712:6|98010713:6|98010714:6|98010716:6|98010718:6|98010719:6|98010720:6|98010721:6|98010722:6|98010723:6|98010724:6|98010725:6|98010728:6|98010729:6|98010730:6|98010731:6|98010732:6|98010733:6|98010734:6|98010735:6|98010736:6|98010737:6|98010738:6|98010739:6|98010741:6|98010742:6|98010743:6|98010744:6|98010745:6|98010746:6|98010747:6|98010748:6|98010749:6|98010750:6|98010751:6|98010752:6|98010753:6|98010754:6|98010755:6|98010756:6|98010757:6|98010758:6|98010759:6|98010760:6|98010762:6|98010763:6|98010764:6|98010765:6|98010766:6|98010767:6|98010768:6|98010769:6|98010771:6|98010772:6|98010773:6|98010774:6|98010775:6|98010776:6|98010778:6|98010779:6|98010782:6|98010783:6|98010784:6|98010785:6|98010786:6|98010787:6|98010791:6|98010792:6|98010793:6|98010794:6|98010795:6|98010796:6|98010797:6|98010799:6|98010803:6|98010812:6|98010813:6|98010814:6
2020-12-29 13:07:20,942:INFO:------------------------------------------------------------------------------------------------
2020-12-29 13:07:29,566:INFO:ДУГААРАА СОНГОЖ БУЙ ХЭСЭГ
2020-12-29 13:07:29,566:INFO:7
2020-12-29 13:07:29,846:WARNING:Not Found: /favicon.ico
2020-12-29 13:07:34,783:INFO:98010017:6|98010054:6|98010218:6|98010576:6|98010591:6|98010592:6|98010594:6|98010595:6|98010596:6|98010597:6|98010598:6|98010617:6|98010618:6|98010619:6|98010620:6|98010621:6|98010623:6|98010624:6|98010625:6|98010627:6|98010628:6|98010629:6|98010631:6|98010632:6|98010633:6|98010634:6|98010635:6|98010637:6|98010638:6|98010639:6|98010641:6|98010643:6|98010645:6|98010646:6|98010648:6|98010652:6|98010657:6|98010658:6|98010662:6|98010671:6|98010672:6|98010683:6|98010685:6|98010687:6|98010689:6|98010691:6|98010692:6|98010693:6|98010694:6|98010695:6|98010696:6|98010697:6|98010703:6|98010704:6|98010712:6|98010713:6|98010714:6|98010716:6|98010718:6|98010719:6|98010720:6|98010721:6|98010722:6|98010723:6|98010724:6|98010725:6|98010728:6|98010729:6|98010730:6|98010731:6|98010732:6|98010733:6|98010734:6|98010735:6|98010736:6|98010737:6|98010738:6|98010739:6|98010741:6|98010742:6|98010743:6|98010744:6|98010745:6|98010746:6|98010747:6|98010748:6|98010749:6|98010750:6|98010751:6|98010752:6|98010753:6|98010754:6|98010755:6|98010756:6|98010757:6|98010758:6|98010759:6|98010760:6|98010762:6|98010763:6|98010764:6|98010765:6|98010766:6|98010767:6|98010768:6|98010769:6|98010771:6|98010772:6|98010773:6|98010774:6|98010775:6|98010776:6|98010778:6|98010779:6|98010782:6|98010783:6|98010784:6|98010785:6|98010786:6|98010787:6|98010791:6|98010792:6|98010793:6|98010794:6|98010795:6|98010796:6|98010797:6|98010799:6|98010803:6|98010812:6|98010813:6|98010814:6
2020-12-29 13:07:42,723:INFO:-1
2020-12-29 13:07:46,201:INFO:98010617:6|98010618:6|98010619:6
2020-12-29 13:07:51,913:INFO:98010619:6
2020-12-29 13:07:55,349:INFO:98010618:6
2020-12-29 13:15:14,353:INFO:------------------------------------------------------------------------------------------------
2020-12-29 13:15:15,812:INFO:ДУГААРАА СОНГОЖ БУЙ ХЭСЭГ
2020-12-29 13:15:15,813:INFO:7
2020-12-29 13:15:15,941:WARNING:Not Found: /favicon.ico
2020-12-29 13:15:22,148:INFO:98031208:6|98041208:6|98051208:6|98061208:6|98071208:6|98091208:6|98861208:6
2020-12-29 13:15:23,105:INFO:98031208:6|98041208:6|98051208:6|98061208:6|98071208:6|98091208:6|98861208:6
2020-12-29 13:15:28,927:INFO:-1
2020-12-29 13:15:32,397:INFO:-1
2020-12-29 13:15:33,288:INFO:-1
2020-12-29 13:15:34,760:INFO:------------------------------------------------------------------------------------------------
2020-12-29 13:15:35,563:INFO:ДУГААРАА СОНГОЖ БУЙ ХЭСЭГ
2020-12-29 13:15:35,564:INFO:7
2020-12-29 13:15:36,845:INFO:------------------------------------------------------------------------------------------------
2020-12-29 13:15:37,515:INFO:ДУГААРАА СОНГОЖ БУЙ ХЭСЭГ
2020-12-29 13:15:37,516:INFO:2
2020-12-29 13:15:44,385:INFO:-1
2020-12-29 13:15:48,102:INFO:------------------------------------------------------------------------------------------------
2020-12-29 13:15:49,524:INFO:ДУГААРАА СОНГОЖ БУЙ ХЭСЭГ
2020-12-29 13:15:49,524:INFO:7
2020-12-29 13:15:55,969:INFO:98081202:6|98151202:6|98371202:6|98461202:6|98471202:6|98611202:6|98831202:6|98871202:6
2020-12-29 13:15:58,123:INFO:98031208:6|98041208:6|98051208:6|98061208:6|98071208:6|98091208:6|98861208:6
2020-12-29 13:16:18,158:INFO:------------------------------------------------------------------------------------------------
2020-12-29 13:16:19,690:INFO:ДУГААРАА СОНГОЖ БУЙ ХЭСЭГ
2020-12-29 13:16:19,691:INFO:2
2020-12-29 13:16:25,023:INFO:98031208:6|98041208:6|98051208:6|98061208:6|98071208:6|98091208:6|98861208:6
2020-12-29 13:17:08,055:INFO:98010619:6
2020-12-29 13:21:57,729:INFO:ДУГААРАА СОНГОЖ БУЙ ХЭСЭГ
2020-12-29 13:21:57,729:INFO:2
2020-12-29 13:22:12,199:INFO:ДУГААРАА СОНГОЖ БУЙ ХЭСЭГ
2020-12-29 13:22:12,199:INFO:2
2020-12-29 13:22:34,585:INFO:------------------------------------------------------------------------------------------------
2020-12-29 13:22:36,633:INFO:ДУГААРАА СОНГОЖ БУЙ ХЭСЭГ
2020-12-29 13:22:36,634:INFO:7
2020-12-29 13:22:39,441:INFO:ДУГААРАА СОНГОЖ БУЙ ХЭСЭГ
2020-12-29 13:22:39,441:INFO:7
2020-12-29 13:22:56,619:INFO:-1
2020-12-29 13:23:11,970:INFO:ДУГААРАА СОНГОЖ БУЙ ХЭСЭГ
2020-12-29 13:23:11,970:INFO:7
2020-12-29 13:23:22,499:INFO:-1
2020-12-29 13:23:24,650:INFO:ДУГААРАА СОНГОЖ БУЙ ХЭСЭГ
2020-12-29 13:23:24,651:INFO:7
2020-12-29 13:23:28,203:INFO:ДУГААРАА СОНГОЖ БУЙ ХЭСЭГ
2020-12-29 13:23:28,203:INFO:7
2020-12-29 13:23:46,016:INFO:98006687:6|98016687:6|98026687:6|98036687:6|98056687:6|98066687:6|98076687:6|98086687:6|98096687:6|98136687:6|98176687:6|98196687:6|98216687:6|98236687:6|98256687:6|98266687:6|98276687:6|98296687:6|98306687:6|98316687:6|98326687:6|98376687:6|98456687:6|98466687:6|98476687:6|98486687:6|98516687:6|98566687:6|98596687:6|98626687:6|98636687:6|98656687:6|98676687:6|98706687:6|98816687:6|98826687:6|98836687:6|98846687:6|98856687:6|98866687:6|98896687:6|98906687:6|98916687:6|98926687:6|98936687:6|98946687:6|98956687:6
2020-12-29 13:23:58,682:INFO:ДУГААРЫН ҮНЭ
2020-12-29 13:23:58,685:INFO:10000
2020-12-29 13:25:07,990:INFO:------------------------------------------------------------------------------------------------
2020-12-29 13:25:21,561:INFO:ДУГААРАА СОНГОЖ БУЙ ХЭСЭГ
2020-12-29 13:25:21,561:INFO:7
2020-12-29 13:25:54,755:INFO:98010618:6
2020-12-29 13:45:24,262:INFO:ДУГААРАА СОНГОЖ БУЙ ХЭСЭГ
2020-12-29 13:45:24,262:INFO:2
2020-12-29 13:48:45,727:INFO:------------------------------------------------------------------------------------------------
2020-12-29 13:55:53,916:INFO:ДУГААРАА СОНГОЖ БУЙ ХЭСЭГ
2020-12-29 13:55:53,916:INFO:2
2020-12-29 13:56:54,046:INFO:98112715:6|98112763:6|98112876:6|98113415:6|98113426:6|98113527:6|98113584:6|98113624:6|98113723:6|98113924:6|98113926:6|98113946:6|98113954:6|98113976:6|98114317:6|98114507:6|98114513:6|98114517:6|98114537:6|98114539:6|98114573:6|98114631:6|98114671:6|98114672:6|98114732:6|98114735:6|98114738:6|98114762:6|98114763:6|98114825:6|98114835:6|98114917:6|98114923:6|98114931:6|98114935:6|98114952:6|98114962:6|98114963:6|98114967:6|98114972:6|98114975:6|98114982:6|98115134:6|98115143:6|98115213:6|98115217:6|98115236:6|98115237:6|98115246:6|98115273:6|98115274:6|98115287:6|98115293:6|98115314:6|98115317:6|98115327:6|98115341:6|98115342:6|98115346:6|98115347:6|98115361:6|98115371:6|98115382:6|98115384:6|98115386:6|98115392:6|98115403:6|98115413:6|98115423:6|98115427:6|98115431:6|98115438:6|98115462:6|98115471:6|98115614:6|98115627:6|98115631:6|98115632:6|98115634:6|98115637:6|98115638:6|98115639:6|98115643:6|98115672:6|98115693:6|98115712:6|98115713:6|98115714:6|98115716:6|98115721:6|98115724:6|98115728:6|98115729:6|98115732:6|98115734:6|98115736:6|98115742:6|98115743:6|98115761:6|98115762:6|98115763:6|98115764:6|98115782:6|98115783:6|98115784:6|98115786:6|98115791:6|98115792:6|98115794:6|98115817:6|98115834:6|98115841:6|98115843:6|98115846:6|98115847:6|98115863:6|98115867:6|98115871:6|98115873:6|98115893:6|98115924:6|98115925:6|98115926:6|98115928:6|98115932:6|98115935:6|98115937:6|98115938:6|98115941:6|98115942:6|98115943:6|9811594
2020-12-29 13:56:54,046:ERROR:Internal Server Error: /getnumber
Traceback (most recent call last):
  File "/usr/local/lib/python2.7/dist-packages/django/core/handlers/exception.py", line 41, in inner
    response = get_response(request)
  File "/usr/local/lib/python2.7/dist-packages/django/core/handlers/base.py", line 187, in _get_response
    response = self.process_exception_by_middleware(e, request)
  File "/usr/local/lib/python2.7/dist-packages/django/core/handlers/base.py", line 185, in _get_response
    response = wrapped_callback(request, *callback_args, **callback_kwargs)
  File "/usr/local/lib/python2.7/dist-packages/django/views/decorators/csrf.py", line 58, in wrapped_view
    return view_func(*args, **kwargs)
  File "/usr/local/lib/python2.7/dist-packages/django/views/generic/base.py", line 68, in view
    return self.dispatch(request, *args, **kwargs)
  File "/usr/local/lib/python2.7/dist-packages/rest_framework/views.py", line 495, in dispatch
    response = self.handle_exception(exc)
  File "/usr/local/lib/python2.7/dist-packages/rest_framework/views.py", line 455, in handle_exception
    self.raise_uncaught_exception(exc)
  File "/usr/local/lib/python2.7/dist-packages/rest_framework/views.py", line 492, in dispatch
    response = handler(request, *args, **kwargs)
  File "/usr/local/lib/python2.7/dist-packages/rest_framework/decorators.py", line 55, in handler
    return func(*args, **kwargs)
  File "/home/user/nFilterNew/controller/views.py", line 201, in getNumber
    if data[1] == az:
IndexError: list index out of range
2020-12-29 13:57:14,486:INFO:98890227:6|98890264:6|98890429:6|98890587:6|98890667:6|98890857:6|98891047:6|98891153:6|98891182:6|98891237:6|98891243:6|98891263:6|98891267:6|98891276:6|98891279:6|98891281:6|98891294:6|98891297:6|98891302:6|98891306:6|98891320:6|98891340:6|98891346:6|98891351:6|98891352:6|98891354:6|98891357:6|98891365:6|98891367:6|98891374:6|98891375:6|98891379:6|98891381:6|98891425:6|98891435:6|98891461:6|98891467:6|98891473:6|98891474:6|98891478:6|98891481:6|98891482:6|98891491:6|98891497:6|98891537:6|98891546:6|98891547:6|98891563:6|98891568:6|98891573:6|98891583:6|98891586:6|98891592:6|98891623:6|98891624:6|98891634:6|98891641:6|98891643:6|98891645:6|98891647:6|98891649:6|98891652:6|98891653:6|98891658:6|98891669:6|98891673:6|98891682:6|98891684:6|98891692:6|98891694:6|98891704:6|98891721:6|98891724:6|98891729:6|98891732:6|98891734:6|98891735:6|98891736:6|98891742:6|98891746:6|98891749:6|98891752:6|98891753:6|98891754:6|98891756:6|98891757:6|98891761:6|98891763:6|98891764:6|98891766:6|98891783:6|98891784:6|98891801:6|98891806:6|98891829:6|98891831:6|98891836:6|98891837:6|98891841:6|98891846:6|98891847:6|98891861:6|98891876:6|98891884:6|98891893:6|98891934:6|98891935:6|98891941:6|98891942:6|98891952:6|98891954:6|98891961:6|98891971:6|98891974:6|98891975:6|98891976:6|98892034:6|98892037:6|98892055:6|98892056:6|98892063:6|98892106:6|98892126:6|98892149:6|98892157:6|98892158:6|98892164:6|98892165:6|98892166:6|98892169:6|98892173:6|98892174:6
2020-12-29 13:57:26,931:INFO:-1
2020-12-29 13:57:36,830:INFO:-1
2020-12-29 13:57:48,020:INFO:------------------------------------------------------------------------------------------------
2020-12-29 13:57:56,884:INFO:-1
2020-12-29 13:58:03,280:INFO:-1
2020-12-29 13:58:21,179:INFO:93140619:6
2020-12-29 13:58:27,783:INFO:-1
2020-12-29 13:58:33,523:INFO:-1
2020-12-29 13:59:00,603:INFO:------------------------------------------------------------------------------------------------
2020-12-29 13:59:04,426:INFO:ДУГААРАА СОНГОЖ БУЙ ХЭСЭГ
2020-12-29 13:59:04,427:INFO:7
2020-12-29 13:59:21,425:INFO:98112715:6|98112763:6|98112876:6|98113415:6|98113426:6|98113527:6|98113584:6|98113624:6|98113723:6|98113924:6|98113926:6|98113946:6|98113954:6|98113976:6|98114317:6|98114507:6|98114513:6|98114517:6|98114537:6|98114539:6|98114573:6|98114631:6|98114671:6|98114672:6|98114732:6|98114735:6|98114738:6|98114762:6|98114763:6|98114825:6|98114835:6|98114917:6|98114923:6|98114931:6|98114935:6|98114952:6|98114962:6|98114963:6|98114967:6|98114972:6|98114975:6|98114982:6|98115134:6|98115143:6|98115213:6|98115217:6|98115236:6|98115237:6|98115246:6|98115273:6|98115274:6|98115287:6|98115293:6|98115314:6|98115317:6|98115327:6|98115341:6|98115342:6|98115346:6|98115347:6|98115361:6|98115371:6|98115382:6|98115384:6|98115386:6|98115392:6|98115403:6|98115413:6|98115423:6|98115427:6|98115431:6|98115438:6|98115462:6|98115471:6|98115614:6|98115627:6|98115631:6|98115632:6|98115634:6|98115637:6|98115638:6|98115639:6|98115643:6|98115672:6|98115693:6|98115712:6|98115713:6|98115714:6|98115716:6|98115721:6|98115724:6|98115728:6|98115729:6|98115732:6|98115734:6|98115736:6|98115742:6|98115743:6|98115761:6|98115762:6|98115763:6|98115764:6|98115782:6|98115783:6|98115784:6|98115786:6|98115791:6|98115792:6|98115794:6|98115817:6|98115834:6|98115841:6|98115843:6|98115846:6|98115847:6|98115863:6|98115867:6|98115871:6|98115873:6|98115893:6|98115924:6|98115925:6|98115926:6|98115928:6|98115932:6|98115935:6|98115937:6|98115938:6|98115941:6|98115942:6|98115943:6|98115946:6
2020-12-29 13:59:28,258:INFO:98112715:6|98112763:6|98112876:6|98113415:6|98113426:6|98113527:6|98113584:6|98113624:6|98113723:6|98113924:6|98113926:6|98113946:6|98113954:6|98113976:6|98114317:6|98114507:6|98114513:6|98114517:6|98114537:6|98114539:6|98114573:6|98114631:6|98114671:6|98114672:6|98114732:6|98114735:6|98114738:6|98114762:6|98114763:6|98114825:6|98114835:6|98114917:6|98114923:6|98114931:6|98114935:6|98114952:6|98114962:6|98114963:6|98114967:6|98114972:6|98114975:6|98114982:6|98115134:6|98115143:6|98115213:6|98115217:6|98115236:6|98115237:6|98115246:6|98115273:6|98115274:6|98115287:6|98115293:6|98115314:6|98115317:6|98115327:6|98115341:6|98115342:6|98115346:6|98115347:6|98115361:6|98115371:6|98115382:6|98115384:6|98115386:6|98115392:6|98115403:6|98115413:6|98115423:6|98115427:6|98115431:6|98115438:6|98115462:6|98115471:6|98115614:6|98115627:6|98115631:6|98115632:6|98115634:6|98115637:6|98115638:6|98115639:6|98115643:6|98115672:6|98115693:6|98115712:6|98115713:6|98115714:6|98115716:6|98115721:6|98115724:6|98115728:6|98115729:6|98115732:6|98115734:6|98115736:6|98115742:6|98115743:6|98115761:6|98115762:6|98115763:6|98115764:6|98115782:6|98115783:6|98115784:6|98115786:6|98115791:6|98115792:6|98115794:6|98115817:6|98115834:6|98115841:6|98115843:6|98115846:6|98115847:6|98115863:6|98115867:6|98115871:6|98115873:6|98115893:6|98115924:6|98115925:6|98115926:6|98115928:6|98115932:6|98115935:6|98115937:6|98115938:6|98115941:6|98115942:6|98115943:6|98115946:6
2020-12-29 13:59:47,040:INFO:-1
2020-12-29 13:59:53,970:INFO:-1
2020-12-29 14:00:06,681:WARNING:Not Found: /
2020-12-29 14:00:10,857:INFO:-1
2020-12-29 14:00:17,286:INFO:-1
2020-12-29 14:00:34,236:INFO:ДУГААРАА СОНГОЖ БУЙ ХЭСЭГ
2020-12-29 14:00:34,236:INFO:7
2020-12-29 14:00:34,907:INFO:ДУГААРАА СОНГОЖ БУЙ ХЭСЭГ
2020-12-29 14:00:34,908:INFO:7
2020-12-29 14:00:48,783:INFO:-1
2020-12-29 14:00:52,133:INFO:-1
2020-12-29 14:00:52,950:INFO:ДУГААРАА СОНГОЖ БУЙ ХЭСЭГ
2020-12-29 14:00:52,950:INFO:7
2020-12-29 14:00:53,641:INFO:ДУГААРАА СОНГОЖ БУЙ ХЭСЭГ
2020-12-29 14:00:53,642:INFO:7
2020-12-29 14:00:55,005:INFO:ДУГААРАА СОНГОЖ БУЙ ХЭСЭГ
2020-12-29 14:00:55,005:INFO:7
2020-12-29 14:00:57,967:INFO:ДУГААРАА СОНГОЖ БУЙ ХЭСЭГ
2020-12-29 14:00:57,968:INFO:7
2020-12-29 14:00:58,374:INFO:ДУГААРАА СОНГОЖ БУЙ ХЭСЭГ
2020-12-29 14:00:58,374:INFO:7
2020-12-29 14:00:59,104:INFO:ДУГААРАА СОНГОЖ БУЙ ХЭСЭГ
2020-12-29 14:00:59,104:INFO:7
2020-12-29 14:01:09,476:INFO:-1
2020-12-29 14:01:11,338:INFO:ДУГААРАА СОНГОЖ БУЙ ХЭСЭГ
2020-12-29 14:01:11,338:INFO:7
2020-12-29 14:01:19,811:INFO:-1
2020-12-29 14:01:23,266:INFO:-1
2020-12-29 14:01:25,993:INFO:-1
2020-12-29 14:01:26,946:INFO:ДУГААРАА СОНГОЖ БУЙ ХЭСЭГ
2020-12-29 14:01:26,946:INFO:7
2020-12-29 14:01:30,866:INFO:-1
2020-12-29 14:01:32,077:INFO:-1
2020-12-29 14:01:34,968:INFO:-1
2020-12-29 14:01:39,517:INFO:-1
2020-12-29 14:01:46,080:INFO:-1
2020-12-29 14:01:49,053:INFO:-1
2020-12-29 14:02:02,619:INFO:98013663:9|98013773:9|98014334:9|98014664:9|98014774:9|98014884:9|98015665:9|98016446:9|98016556:9|98017227:9|98017337:9|98017557:9|98017667:9
2020-12-29 14:02:17,250:INFO:98021441:9|98021551:9|98023443:9|98023553:9|98023663:9|98023773:9|98024114:9|98024554:9|98024774:9|98025115:9|98025335:9|98025665:9|98025775:9|98026226:9|98026336:9|98026446:9|98026556:9|98026776:9|98026996:9|98027117:9|98027227:9|98027337:9|98027447:9|98027557:9|98027667:9|98028338:9|98029339:9|98029449:9|98029559:9|98029669:9
2020-12-29 14:02:24,705:INFO:ДУГААРАА СОНГОЖ БУЙ ХЭСЭГ
2020-12-29 14:02:24,705:INFO:7
2020-12-29 14:02:25,416:INFO:ДУГААРАА СОНГОЖ БУЙ ХЭСЭГ
2020-12-29 14:02:25,417:INFO:7
2020-12-29 14:02:30,873:INFO:-1
2020-12-29 14:02:35,014:INFO:-1
2020-12-29 14:02:35,243:INFO:------------------------------------------------------------------------------------------------
2020-12-29 14:02:37,918:INFO:ДУГААРАА СОНГОЖ БУЙ ХЭСЭГ
2020-12-29 14:02:37,919:INFO:2
2020-12-29 14:02:38,041:WARNING:Not Found: /favicon.ico
2020-12-29 14:02:38,084:INFO:-1
2020-12-29 14:02:47,189:INFO:ДУГААРАА СОНГОЖ БУЙ ХЭСЭГ
2020-12-29 14:02:47,189:INFO:7
2020-12-29 14:02:47,354:INFO:ДУГААРАА СОНГОЖ БУЙ ХЭСЭГ
2020-12-29 14:02:47,354:INFO:7
2020-12-29 14:02:51,954:INFO:93339336:6
2020-12-29 14:02:52,692:INFO:ДУГААРЫН ҮНЭ
2020-12-29 14:02:52,694:INFO:5000
2020-12-29 14:03:19,594:INFO:-1
2020-12-29 14:03:21,240:INFO:-1
2020-12-29 14:03:22,903:INFO:-1
2020-12-29 14:03:48,374:INFO:-1
2020-12-29 14:03:53,247:INFO:-1
2020-12-29 14:03:57,173:INFO:ДУГААРАА СОНГОЖ БУЙ ХЭСЭГ
2020-12-29 14:03:57,174:INFO:7
2020-12-29 14:03:58,584:INFO:98000178:6|98000237:6|98000243:6|98000263:6|98000276:6|98000341:6|98000352:6|98000357:6|98000360:6|98000372:6|98000374:6|98000375:6|98000376:6|98000378:6|98000379:6|98000382:6|98000385:6|98000387:6|98000394:6|98000395:6|98000397:6|98000412:6|98000427:6|98000431:6|98000432:6|98000437:6|98000438:6|98000451:6|98000452:6|98000453:6|98000462:6|98000463:6|98000465:6|98000467:6|98000468:6|98000469:6|98000472:6|98000473:6|98000475:6|98000476:6|98000478:6|98000481:6|98000482:6|98000483:6|98000485:6|98000486:6|98000487:6|98000491:6|98000492:6|98000495:6|98000496:6|98000497:6|98000521:6|98000528:6|98000532:6|98000534:6|98000536:6|98000537:6|98000538:6|98000539:6|98000541:6|98000542:6|98000543:6|98000546:6|98000547:6|98000548:6|98000549:6|98000563:6|98000564:6|98000571:6|98000573:6|98000576:6|98000582:6|98000584:6|98000587:6|98000591:6|98000592:6|98000593:6|98000594:6|98000597:6|98000625:6|98000632:6|98000634:6|98000635:6|98000637:6|98000638:6|98000639:6|98000641:6|98000642:6|98000643:6|98000645:6|98000647:6|98000648:6|98000649:6|98000651:6|98000652:6|98000654:6|98000655:6|98000657:6|98000658:6|98000659:6|98000671:6|98000672:6|98000673:6|98000674:6|98000675:6|98000682:6|98000683:6|98000685:6|98000687:6|98000692:6|98000693:6|98000694:6|98000695:6|98000697:6|98000704:6|98000716:6|98000720:6|98000732:6|98000734:6|98000735:6|98000736:6|98000738:6|98000739:6|98000740:6|98000741:6|98000742:6|98000743:6|98000745:6|98000747:6|98000748:6|98000749:6
2020-12-29 14:04:01,852:INFO:98112715:6|98112763:6|98112876:6|98113415:6|98113426:6|98113527:6|98113584:6|98113624:6|98113723:6|98113924:6|98113926:6|98113946:6|98113954:6|98113976:6|98114317:6|98114507:6|98114513:6|98114517:6|98114537:6|98114539:6|98114573:6|98114631:6|98114671:6|98114672:6|98114732:6|98114735:6|98114738:6|98114762:6|98114763:6|98114825:6|98114835:6|98114917:6|98114923:6|98114931:6|98114935:6|98114952:6|98114962:6|98114963:6|98114967:6|98114972:6|98114975:6|98114982:6|98115134:6|98115143:6|98115213:6|98115217:6|98115236:6|98115237:6|98115246:6|98115273:6|98115274:6|98115287:6|98115293:6|98115314:6|98115317:6|98115327:6|98115341:6|98115342:6|98115346:6|98115347:6|98115361:6|98115371:6|98115382:6|98115384:6|98115386:6|98115392:6|98115403:6|98115413:6|98115423:6|98115427:6|98115431:6|98115438:6|98115462:6|98115471:6|98115614:6|98115627:6|98115631:6|98115632:6|98115634:6|98115637:6|98115638:6|98115639:6|98115643:6|98115672:6|98115693:6|98115712:6|98115713:6|98115714:6|98115716:6|98115721:6|98115724:6|98115728:6|98115729:6|98115732:6|98115734:6|98115736:6|98115742:6|98115743:6|98115761:6|98115762:6|98115763:6|98115764:6|98115782:6|98115783:6|98115784:6|98115786:6|98115791:6|98115792:6|98115794:6|98115817:6|98115834:6|98115841:6|98115843:6|98115846:6|98115847:6|98115863:6|98115867:6|98115871:6|98115873:6|98115893:6|98115924:6|98115925:6|98115926:6|98115928:6|98115932:6|98115935:6|98115937:6|98115938:6|98115941:6|98115942:6|98115943:6|98115946:6
2020-12-29 14:04:10,204:INFO:98112715:6|98112763:6|98112876:6|98113415:6|98113426:6|98113527:6|98113584:6|98113624:6|98113723:6|98113924:6|98113926:6|98113946:6|98113954:6|98113976:6|98114317:6|98114507:6|98114513:6|98114517:6|98114537:6|98114539:6|98114573:6|98114631:6|98114671:6|98114672:6|98114732:6|98114735:6|98114738:6|98114762:6|98114763:6|98114825:6|98114835:6|98114917:6|98114923:6|98114931:6|98114935:6|98114952:6|98114962:6|98114963:6|98114967:6|98114972:6|98114975:6|98114982:6|98115134:6|98115143:6|98115213:6|98115217:6|98115236:6|98115237:6|98115246:6|98115273:6|98115274:6|98115287:6|98115293:6|98115314:6|98115317:6|98115327:6|98115341:6|98115342:6|98115346:6|98115347:6|98115361:6|98115371:6|98115382:6|98115384:6|98115386:6|98115392:6|98115403:6|98115413:6|98115423:6|98115427:6|98115431:6|98115438:6|98115462:6|98115471:6|98115614:6|98115627:6|98115631:6|98115632:6|98115634:6|98115637:6|98115638:6|98115639:6|98115643:6|98115672:6|98115693:6|98115712:6|98115713:6|98115714:6|98115716:6|98115721:6|98115724:6|98115728:6|98115729:6|98115732:6|98115734:6|98115736:6|98115742:6|98115743:6|98115761:6|98115762:6|98115763:6|98115764:6|98115782:6|98115783:6|98115784:6|98115786:6|98115791:6|98115792:6|98115794:6|98115817:6|98115834:6|98115841:6|98115843:6|98115846:6|98115847:6|98115863:6|98115867:6|98115871:6|98115873:6|98115893:6|98115924:6|98115925:6|98115926:6|98115928:6|98115932:6|98115935:6|98115937:6|98115938:6|98115941:6|98115942:6|98115943:6|98115946:6
2020-12-29 14:04:15,254:INFO:98112715:6|98112763:6|98112876:6|98113415:6|98113426:6|98113527:6|98113584:6|98113624:6|98113723:6|98113924:6|98113926:6|98113946:6|98113954:6|98113976:6|98114317:6|98114507:6|98114513:6|98114517:6|98114537:6|98114539:6|98114573:6|98114631:6|98114671:6|98114672:6|98114732:6|98114735:6|98114738:6|98114762:6|98114763:6|98114825:6|98114835:6|98114917:6|98114923:6|98114931:6|98114935:6|98114952:6|98114962:6|98114963:6|98114967:6|98114972:6|98114975:6|98114982:6|98115134:6|98115143:6|98115213:6|98115217:6|98115236:6|98115237:6|98115246:6|98115273:6|98115274:6|98115287:6|98115293:6|98115314:6|98115317:6|98115327:6|98115341:6|98115342:6|98115346:6|98115347:6|98115361:6|98115371:6|98115382:6|98115384:6|98115386:6|98115392:6|98115403:6|98115413:6|98115423:6|98115427:6|98115431:6|98115438:6|98115462:6|98115471:6|98115614:6|98115627:6|98115631:6|98115632:6|98115634:6|98115637:6|98115638:6|98115639:6|98115643:6|98115672:6|98115693:6|98115712:6|98115713:6|98115714:6|98115716:6|98115721:6|98115724:6|98115728:6|98115729:6|98115732:6|98115734:6|98115736:6|98115742:6|98115743:6|98115761:6|98115762:6|98115763:6|98115764:6|98115782:6|98115783:6|98115784:6|98115786:6|98115791:6|98115792:6|98115794:6|98115817:6|98115834:6|98115841:6|98115843:6|98115846:6|98115847:6|98115863:6|98115867:6|98115871:6|98115873:6|98115893:6|98115924:6|98115925:6|98115926:6|98115928:6|98115932:6|98115935:6|98115937:6|98115938:6|98115941:6|98115942:6|98115943:6|98115946:6
2020-12-29 14:04:23,522:INFO:98112715:6|98112763:6|98112876:6|98113415:6|98113426:6|98113527:6|98113584:6|98113624:6|98113723:6|98113924:6|98113926:6|98113946:6|98113954:6|98113976:6|98114317:6|98114507:6|98114513:6|98114517:6|98114537:6|98114539:6|98114573:6|98114631:6|98114671:6|98114672:6|98114732:6|98114735:6|98114738:6|98114762:6|98114763:6|98114825:6|98114835:6|98114917:6|98114923:6|98114931:6|98114935:6|98114952:6|98114962:6|98114963:6|98114967:6|98114972:6|98114975:6|98114982:6|98115134:6|98115143:6|98115213:6|98115217:6|98115236:6|98115237:6|98115246:6|98115273:6|98115274:6|98115287:6|98115293:6|98115314:6|98115317:6|98115327:6|98115341:6|98115342:6|98115346:6|98115347:6|98115361:6|98115371:6|98115382:6|98115384:6|98115386:6|98115392:6|98115403:6|98115413:6|98115423:6|98115427:6|98115431:6|98115438:6|98115462:6|98115471:6|98115614:6|98115627:6|98115631:6|98115632:6|98115634:6|98115637:6|98115638:6|98115639:6|98115643:6|98115672:6|98115693:6|98115712:6|98115713:6|98115714:6|98115716:6|98115721:6|98115724:6|98115728:6|98115729:6|98115732:6|98115734:6|98115736:6|98115742:6|98115743:6|98115761:6|98115762:6|98115763:6|98115764:6|98115782:6|98115783:6|98115784:6|98115786:6|98115791:6|98115792:6|98115794:6|98115817:6|98115834:6|98115841:6|98115843:6|98115846:6|98115847:6|98115863:6|98115867:6|98115871:6|98115873:6|98115893:6|98115924:6|98115925:6|98115926:6|98115928:6|98115932:6|98115935:6|98115937:6|98115938:6|98115941:6|98115942:6|98115943:6|98115946:6
2020-12-29 14:04:30,339:INFO:98112715:6|98112763:6|98112876:6|98113415:6|98113426:6|98113527:6|98113584:6|98113624:6|98113723:6|98113924:6|98113926:6|98113946:6|98113954:6|98113976:6|98114317:6|98114507:6|98114513:6|98114517:6|98114537:6|98114539:6|98114573:6|98114631:6|98114671:6|98114672:6|98114732:6|98114735:6|98114738:6|98114762:6|98114763:6|98114825:6|98114835:6|98114917:6|98114923:6|98114931:6|98114935:6|98114952:6|98114962:6|98114963:6|98114967:6|98114972:6|98114975:6|98114982:6|98115134:6|98115143:6|98115213:6|98115217:6|98115236:6|98115237:6|98115246:6|98115273:6|98115274:6|98115287:6|98115293:6|98115314:6|98115317:6|98115327:6|98115341:6|98115342:6|98115346:6|98115347:6|98115361:6|98115371:6|98115382:6|98115384:6|98115386:6|98115392:6|98115403:6|98115413:6|98115423:6|98115427:6|98115431:6|98115438:6|98115462:6|98115471:6|98115614:6|98115627:6|98115631:6|98115632:6|98115634:6|98115637:6|98115638:6|98115639:6|98115643:6|98115672:6|98115693:6|98115712:6|98115713:6|98115714:6|98115716:6|98115721:6|98115724:6|98115728:6|98115729:6|98115732:6|98115734:6|98115736:6|98115742:6|98115743:6|98115761:6|98115762:6|98115763:6|98115764:6|98115782:6|98115783:6|98115784:6|98115786:6|98115791:6|98115792:6|98115794:6|98115817:6|98115834:6|98115841:6|98115843:6|98115846:6|98115847:6|98115863:6|98115867:6|98115871:6|98115873:6|98115893:6|98115924:6|98115925:6|98115926:6|98115928:6|98115932:6|98115935:6|98115937:6|98115938:6|98115941:6|98115942:6|98115943:6|98115946:6
2020-12-29 14:04:34,225:INFO:98112715:6|98112763:6|98112876:6|98113415:6|98113426:6|98113527:6|98113584:6|98113624:6|98113723:6|98113924:6|98113926:6|98113946:6|98113954:6|98113976:6|98114317:6|98114507:6|98114513:6|98114517:6|98114537:6|98114539:6|98114573:6|98114631:6|98114671:6|98114672:6|98114732:6|98114735:6|98114738:6|98114762:6|98114763:6|98114825:6|98114835:6|98114917:6|98114923:6|98114931:6|98114935:6|98114952:6|98114962:6|98114963:6|98114967:6|98114972:6|98114975:6|98114982:6|98115134:6|98115143:6|98115213:6|98115217:6|98115236:6|98115237:6|98115246:6|98115273:6|98115274:6|98115287:6|98115293:6|98115314:6|98115317:6|98115327:6|98115341:6|98115342:6|98115346:6|98115347:6|98115361:6|98115371:6|98115382:6|98115384:6|98115386:6|98115392:6|98115403:6|98115413:6|98115423:6|98115427:6|98115431:6|98115438:6|98115462:6|98115471:6|98115614:6|98115627:6|98115631:6|98115632:6|98115634:6|98115637:6|98115638:6|98115639:6|98115643:6|98115672:6|98115693:6|98115712:6|98115713:6|98115714:6|98115716:6|98115721:6|98115724:6|98115728:6|98115729:6|98115732:6|98115734:6|98115736:6|98115742:6|98115743:6|98115761:6|98115762:6|98115763:6|98115764:6|98115782:6|98115783:6|98115784:6|98115786:6|98115791:6|98115792:6|98115794:6|98115817:6|98115834:6|98115841:6|98115843:6|98115846:6|98115847:6|98115863:6|98115867:6|98115871:6|98115873:6|98115893:6|98115924:6|98115925:6|98115926:6|98115928:6|98115932:6|98115935:6|98115937:6|98115938:6|98115941:6|98115942:6|98115943:6|98115946:6
2020-12-29 14:04:43,152:INFO:98112715:6|98112763:6|98112876:6|98113415:6|98113426:6|98113527:6|98113584:6|98113624:6|98113723:6|98113924:6|98113926:6|98113946:6|98113954:6|98113976:6|98114317:6|98114507:6|98114513:6|98114517:6|98114537:6|98114539:6|98114573:6|98114631:6|98114671:6|98114672:6|98114732:6|98114735:6|98114738:6|98114762:6|98114763:6|98114825:6|98114835:6|98114917:6|98114923:6|98114931:6|98114935:6|98114952:6|98114962:6|98114963:6|98114967:6|98114972:6|98114975:6|98114982:6|98115134:6|98115143:6|98115213:6|98115217:6|98115236:6|98115237:6|98115246:6|98115273:6|98115274:6|98115287:6|98115293:6|98115314:6|98115317:6|98115327:6|98115341:6|98115342:6|98115346:6|98115347:6|98115361:6|98115371:6|98115382:6|98115384:6|98115386:6|98115392:6|98115403:6|98115413:6|98115423:6|98115427:6|98115431:6|98115438:6|98115462:6|98115471:6|98115614:6|98115627:6|98115631:6|98115632:6|98115634:6|98115637:6|98115638:6|98115639:6|98115643:6|98115672:6|98115693:6|98115712:6|98115713:6|98115714:6|98115716:6|98115721:6|98115724:6|98115728:6|98115729:6|98115732:6|98115734:6|98115736:6|98115742:6|98115743:6|98115761:6|98115762:6|98115763:6|98115764:6|98115782:6|98115783:6|98115784:6|98115786:6|98115791:6|98115792:6|98115794:6|98115817:6|98115834:6|98115841:6|98115843:6|98115846:6|98115847:6|98115863:6|98115867:6|98115871:6|98115873:6|98115893:6|98115924:6|98115925:6|98115926:6|98115928:6|98115932:6|98115935:6|98115937:6|98115938:6|98115941:6|98115942:6|98115943:6|98115946:6
2020-12-29 14:04:47,699:INFO:98112715:6|98112763:6|98112876:6|98113415:6|98113426:6|98113527:6|98113584:6|98113624:6|98113723:6|98113924:6|98113926:6|98113946:6|98113954:6|98113976:6|98114317:6|98114507:6|98114513:6|98114517:6|98114537:6|98114539:6|98114573:6|98114631:6|98114671:6|98114672:6|98114732:6|98114735:6|98114738:6|98114762:6|98114763:6|98114825:6|98114835:6|98114917:6|98114923:6|98114931:6|98114935:6|98114952:6|98114962:6|98114963:6|98114967:6|98114972:6|98114975:6|98114982:6|98115134:6|98115143:6|98115213:6|98115217:6|98115236:6|98115237:6|98115246:6|98115273:6|98115274:6|98115287:6|98115293:6|98115314:6|98115317:6|98115327:6|98115341:6|98115342:6|98115346:6|98115347:6|98115361:6|98115371:6|98115382:6|98115384:6|98115386:6|98115392:6|98115403:6|98115413:6|98115423:6|98115427:6|98115431:6|98115438:6|98115462:6|98115471:6|98115614:6|98115627:6|98115631:6|98115632:6|98115634:6|98115637:6|98115638:6|98115639:6|98115643:6|98115672:6|98115693:6|98115712:6|98115713:6|98115714:6|98115716:6|98115721:6|98115724:6|98115728:6|98115729:6|98115732:6|98115734:6|98115736:6|98115742:6|98115743:6|98115761:6|98115762:6|98115763:6|98115764:6|98115782:6|98115783:6|98115784:6|98115786:6|98115791:6|98115792:6|98115794:6|98115817:6|98115834:6|98115841:6|98115843:6|98115846:6|98115847:6|98115863:6|98115867:6|98115871:6|98115873:6|98115893:6|98115924:6|98115925:6|98115926:6|98115928:6|98115932:6|98115935:6|98115937:6|98115938:6|98115941:6|98115942:6|98115943:6|98115946:6
2020-12-29 14:05:00,856:INFO:98112715:6|98112763:6|98112876:6|98113415:6|98113426:6|98113527:6|98113584:6|98113624:6|98113723:6|98113924:6|98113926:6|98113946:6|98113954:6|98113976:6|98114317:6|98114507:6|98114513:6|98114517:6|98114537:6|98114539:6|98114573:6|98114631:6|98114671:6|98114672:6|98114732:6|98114735:6|98114738:6|98114762:6|98114763:6|98114825:6|98114835:6|98114917:6|98114923:6|98114931:6|98114935:6|98114952:6|98114962:6|98114963:6|98114967:6|98114972:6|98114975:6|98114982:6|98115134:6|98115143:6|98115213:6|98115217:6|98115236:6|98115237:6|98115246:6|98115273:6|98115274:6|98115287:6|98115293:6|98115314:6|98115317:6|98115327:6|98115341:6|98115342:6|98115346:6|98115347:6|98115361:6|98115371:6|98115382:6|98115384:6|98115386:6|98115392:6|98115403:6|98115413:6|98115423:6|98115427:6|98115431:6|98115438:6|98115462:6|98115471:6|98115614:6|98115627:6|98115631:6|98115632:6|98115634:6|98115637:6|98115638:6|98115639:6|98115643:6|98115672:6|98115693:6|98115712:6|98115713:6|98115714:6|98115716:6|98115721:6|98115724:6|98115728:6|98115729:6|98115732:6|98115734:6|98115736:6|98115742:6|98115743:6|98115761:6|98115762:6|98115763:6|98115764:6|98115782:6|98115783:6|98115784:6|98115786:6|98115791:6|98115792:6|98115794:6|98115817:6|98115834:6|98115841:6|98115843:6|98115846:6|98115847:6|98115863:6|98115867:6|98115871:6|98115873:6|98115893:6|98115924:6|98115925:6|98115926:6|98115928:6|98115932:6|98115935:6|98115937:6|98115938:6|98115941:6|98115942:6|98115943:6|98115946:6
2020-12-29 14:05:12,498:INFO:98112715:6|98112763:6|98112876:6|98113415:6|98113426:6|98113527:6|98113584:6|98113624:6|98113723:6|98113924:6|98113926:6|98113946:6|98113954:6|98113976:6|98114317:6|98114507:6|98114513:6|98114517:6|98114537:6|98114539:6|98114573:6|98114631:6|98114671:6|98114672:6|98114732:6|98114735:6|98114738:6|98114762:6|98114763:6|98114825:6|98114835:6|98114917:6|98114923:6|98114931:6|98114935:6|98114952:6|98114962:6|98114963:6|98114967:6|98114972:6|98114975:6|98114982:6|98115134:6|98115143:6|98115213:6|98115217:6|98115236:6|98115237:6|98115246:6|98115273:6|98115274:6|98115287:6|98115293:6|98115314:6|98115317:6|98115327:6|98115341:6|98115342:6|98115346:6|98115347:6|98115361:6|98115371:6|98115382:6|98115384:6|98115386:6|98115392:6|98115403:6|98115413:6|98115423:6|98115427:6|98115431:6|98115438:6|98115462:6|98115471:6|98115614:6|98115627:6|98115631:6|98115632:6|98115634:6|98115637:6|98115638:6|98115639:6|98115643:6|98115672:6|98115693:6|98115712:6|98115713:6|98115714:6|98115716:6|98115721:6|98115724:6|98115728:6|98115729:6|98115732:6|98115734:6|98115736:6|98115742:6|98115743:6|98115761:6|98115762:6|98115763:6|98115764:6|98115782:6|98115783:6|98115784:6|98115786:6|98115791:6|98115792:6|98115794:6|98115817:6|98115834:6|98115841:6|98115843:6|98115846:6|98115847:6|98115863:6|98115867:6|98115871:6|98115873:6|98115893:6|98115924:6|98115925:6|98115926:6|98115928:6|98115932:6|98115935:6|98115937:6|98115938:6|98115941:6|98115942:6|98115943:6|98115946:6
2020-12-29 14:05:24,671:INFO:98112715:6|98112763:6|98112876:6|98113415:6|98113426:6|98113527:6|98113584:6|98113624:6|98113723:6|98113924:6|98113926:6|98113946:6|98113954:6|98113976:6|98114317:6|98114507:6|98114513:6|98114517:6|98114537:6|98114539:6|98114573:6|98114631:6|98114671:6|98114672:6|98114732:6|98114735:6|98114738:6|98114762:6|98114763:6|98114825:6|98114835:6|98114917:6|98114923:6|98114931:6|98114935:6|98114952:6|98114962:6|98114963:6|98114967:6|98114972:6|98114975:6|98114982:6|98115134:6|98115143:6|98115213:6|98115217:6|98115236:6|98115237:6|98115246:6|98115273:6|98115274:6|98115287:6|98115293:6|98115314:6|98115317:6|98115327:6|98115341:6|98115342:6|98115346:6|98115347:6|98115361:6|98115371:6|98115382:6|98115384:6|98115386:6|98115392:6|98115403:6|98115413:6|98115423:6|98115427:6|98115431:6|98115438:6|98115462:6|98115471:6|98115614:6|98115627:6|98115631:6|98115632:6|98115634:6|98115637:6|98115638:6|98115639:6|98115643:6|98115672:6|98115693:6|98115712:6|98115713:6|98115714:6|98115716:6|98115721:6|98115724:6|98115728:6|98115729:6|98115732:6|98115734:6|98115736:6|98115742:6|98115743:6|98115761:6|98115762:6|98115763:6|98115764:6|98115782:6|98115783:6|98115784:6|98115786:6|98115791:6|98115792:6|98115794:6|98115817:6|98115834:6|98115841:6|98115843:6|98115846:6|98115847:6|98115863:6|98115867:6|98115871:6|98115873:6|98115893:6|98115924:6|98115925:6|98115926:6|98115928:6|98115932:6|98115935:6|98115937:6|98115938:6|98115941:6|98115942:6|98115943:6|98115946:6
2020-12-29 14:05:37,116:INFO:98112715:6|98112763:6|98112876:6|98113415:6|98113426:6|98113527:6|98113584:6|98113624:6|98113723:6|98113924:6|98113926:6|98113946:6|98113954:6|98113976:6|98114317:6|98114507:6|98114513:6|98114517:6|98114537:6|98114539:6|98114573:6|98114631:6|98114671:6|98114672:6|98114732:6|98114735:6|98114738:6|98114762:6|98114763:6|98114825:6|98114835:6|98114917:6|98114923:6|98114931:6|98114935:6|98114952:6|98114962:6|98114963:6|98114967:6|98114972:6|98114975:6|98114982:6|98115134:6|98115143:6|98115213:6|98115217:6|98115236:6|98115237:6|98115246:6|98115273:6|98115274:6|98115287:6|98115293:6|98115314:6|98115317:6|98115327:6|98115341:6|98115342:6|98115346:6|98115347:6|98115361:6|98115371:6|98115382:6|98115384:6|98115386:6|98115392:6|98115403:6|98115413:6|98115423:6|98115427:6|98115431:6|98115438:6|98115462:6|98115471:6|98115614:6|98115627:6|98115631:6|98115632:6|98115634:6|98115637:6|98115638:6|98115639:6|98115643:6|98115672:6|98115693:6|98115712:6|98115713:6|98115714:6|98115716:6|98115721:6|98115724:6|98115728:6|98115729:6|98115732:6|98115734:6|98115736:6|98115742:6|98115743:6|98115761:6|98115762:6|98115763:6|98115764:6|98115782:6|98115783:6|98115784:6|98115786:6|98115791:6|98115792:6|98115794:6|98115817:6|98115834:6|98115841:6|98115843:6|98115846:6|98115847:6|98115863:6|98115867:6|98115871:6|98115873:6|98115893:6|98115924:6|98115925:6|98115926:6|98115928:6|98115932:6|98115935:6|98115937:6|98115938:6|98115941:6|98115942:6|98115943:6|98115946:6
2020-12-29 14:05:49,892:INFO:98112715:6|98112763:6|98112876:6|98113415:6|98113426:6|98113527:6|98113584:6|98113624:6|98113723:6|98113924:6|98113926:6|98113946:6|98113954:6|98113976:6|98114317:6|98114507:6|98114513:6|98114517:6|98114537:6|98114539:6|98114573:6|98114631:6|98114671:6|98114672:6|98114732:6|98114735:6|98114738:6|98114762:6|98114763:6|98114825:6|98114835:6|98114917:6|98114923:6|98114931:6|98114935:6|98114952:6|98114962:6|98114963:6|98114967:6|98114972:6|98114975:6|98114982:6|98115134:6|98115143:6|98115213:6|98115217:6|98115236:6|98115237:6|98115246:6|98115273:6|98115274:6|98115287:6|98115293:6|98115314:6|98115317:6|98115327:6|98115341:6|98115342:6|98115346:6|98115347:6|98115361:6|98115371:6|98115382:6|98115384:6|98115386:6|98115392:6|98115403:6|98115413:6|98115423:6|98115427:6|98115431:6|98115438:6|98115462:6|98115471:6|98115614:6|98115627:6|98115631:6|98115632:6|98115634:6|98115637:6|98115638:6|98115639:6|98115643:6|98115672:6|98115693:6|98115712:6|98115713:6|98115714:6|98115716:6|98115721:6|98115724:6|98115728:6|98115729:6|98115732:6|98115734:6|98115736:6|98115742:6|98115743:6|98115761:6|98115762:6|98115763:6|98115764:6|98115782:6|98115783:6|98115784:6|98115786:6|98115791:6|98115792:6|98115794:6|98115817:6|98115834:6|98115841:6|98115843:6|98115846:6|98115847:6|98115863:6|98115867:6|98115871:6|98115873:6|98115893:6|98115924:6|98115925:6|98115926:6|98115928:6|98115932:6|98115935:6|98115937:6|98115938:6|98115941:6|98115942:6|98115943:6|98115946:6
2020-12-29 14:06:01,550:INFO:98112715:6|98112763:6|98112876:6|98113415:6|98113426:6|98113527:6|98113584:6|98113624:6|98113723:6|98113924:6|98113926:6|98113946:6|98113954:6|98113976:6|98114317:6|98114507:6|98114513:6|98114517:6|98114537:6|98114539:6|98114573:6|98114631:6|98114671:6|98114672:6|98114732:6|98114735:6|98114738:6|98114762:6|98114763:6|98114825:6|98114835:6|98114917:6|98114923:6|98114931:6|98114935:6|98114952:6|98114962:6|98114963:6|98114967:6|98114972:6|98114975:6|98114982:6|98115134:6|98115143:6|98115213:6|98115217:6|98115236:6|98115237:6|98115246:6|98115273:6|98115274:6|98115287:6|98115293:6|98115314:6|98115317:6|98115327:6|98115341:6|98115342:6|98115346:6|98115347:6|98115361:6|98115371:6|98115382:6|98115384:6|98115386:6|98115392:6|98115403:6|98115413:6|98115423:6|98115427:6|98115431:6|98115438:6|98115462:6|98115471:6|98115614:6|98115627:6|98115631:6|98115632:6|98115634:6|98115637:6|98115638:6|98115639:6|98115643:6|98115672:6|98115693:6|98115712:6|98115713:6|98115714:6|98115716:6|98115721:6|98115724:6|98115728:6|98115729:6|98115732:6|98115734:6|98115736:6|98115742:6|98115743:6|98115761:6|98115762:6|98115763:6|98115764:6|98115782:6|98115783:6|98115784:6|98115786:6|98115791:6|98115792:6|98115794:6|98115817:6|98115834:6|98115841:6|98115843:6|98115846:6|98115847:6|98115863:6|98115867:6|98115871:6|98115873:6|98115893:6|98115924:6|98115925:6|98115926:6|98115928:6|98115932:6|98115935:6|98115937:6|98115938:6|98115941:6|98115942:6|98115943:6|98115946:6
2020-12-29 14:06:09,802:INFO:98112715:6|98112763:6|98112876:6|98113415:6|98113426:6|98113527:6|98113584:6|98113624:6|98113723:6|98113924:6|98113926:6|98113946:6|98113954:6|98113976:6|98114317:6|98114507:6|98114513:6|98114517:6|98114537:6|98114539:6|98114573:6|98114631:6|98114671:6|98114672:6|98114732:6|98114735:6|98114738:6|98114762:6|98114763:6|98114825:6|98114835:6|98114917:6|98114923:6|98114931:6|98114935:6|98114952:6|98114962:6|98114963:6|98114967:6|98114972:6|98114975:6|98114982:6|98115134:6|98115143:6|98115213:6|98115217:6|98115236:6|98115237:6|98115246:6|98115273:6|98115274:6|98115287:6|98115293:6|98115314:6|98115317:6|98115327:6|98115341:6|98115342:6|98115346:6|98115347:6|98115361:6|98115371:6|98115382:6|98115384:6|98115386:6|98115392:6|98115403:6|98115413:6|98115423:6|98115427:6|98115431:6|98115438:6|98115462:6|98115471:6|98115614:6|98115627:6|98115631:6|98115632:6|98115634:6|98115637:6|98115638:6|98115639:6|98115643:6|98115672:6|98115693:6|98115712:6|98115713:6|98115714:6|98115716:6|98115721:6|98115724:6|98115728:6|98115729:6|98115732:6|98115734:6|98115736:6|98115742:6|98115743:6|98115761:6|98115762:6|98115763:6|98115764:6|98115782:6|98115783:6|98115784:6|98115786:6|98115791:6|98115792:6|98115794:6|98115817:6|98115834:6|98115841:6|98115843:6|98115846:6|98115847:6|98115863:6|98115867:6|98115871:6|98115873:6|98115893:6|98115924:6|98115925:6|98115926:6|98115928:6|98115932:6|98115935:6|98115937:6|98115938:6|98115941:6|98115942:6|98115943:6|98115946:6
2020-12-29 14:06:20,050:INFO:98112715:6|98112763:6|98112876:6|98113415:6|98113426:6|98113527:6|98113584:6|98113624:6|98113723:6|98113924:6|98113926:6|98113946:6|98113954:6|98113976:6|98114317:6|98114507:6|98114513:6|98114517:6|98114537:6|98114539:6|98114573:6|98114631:6|98114671:6|98114672:6|98114732:6|98114735:6|98114738:6|98114762:6|98114763:6|98114825:6|98114835:6|98114917:6|98114923:6|98114931:6|98114935:6|98114952:6|98114962:6|98114963:6|98114967:6|98114972:6|98114975:6|98114982:6|98115134:6|98115143:6|98115213:6|98115217:6|98115236:6|98115237:6|98115246:6|98115273:6|98115274:6|98115287:6|98115293:6|98115314:6|98115317:6|98115327:6|98115341:6|98115342:6|98115346:6|98115347:6|98115361:6|98115371:6|98115382:6|98115384:6|98115386:6|98115392:6|98115403:6|98115413:6|98115423:6|98115427:6|98115431:6|98115438:6|98115462:6|98115471:6|98115614:6|98115627:6|98115631:6|98115632:6|98115634:6|98115637:6|98115638:6|98115639:6|98115643:6|98115672:6|98115693:6|98115712:6|98115713:6|98115714:6|98115716:6|98115721:6|98115724:6|98115728:6|98115729:6|98115732:6|98115734:6|98115736:6|98115742:6|98115743:6|98115761:6|98115762:6|98115763:6|98115764:6|98115782:6|98115783:6|98115784:6|98115786:6|98115791:6|98115792:6|98115794:6|98115817:6|98115834:6|98115841:6|98115843:6|98115846:6|98115847:6|98115863:6|98115867:6|98115871:6|98115873:6|98115893:6|98115924:6|98115925:6|98115926:6|98115928:6|98115932:6|98115935:6|98115937:6|98115938:6|98115941:6|98115942:6|98115943:6|98115946:6
2020-12-29 14:06:25,595:INFO:98112715:6|98112763:6|98112876:6|98113415:6|98113426:6|98113527:6|98113584:6|98113624:6|98113723:6|98113924:6|98113926:6|98113946:6|98113954:6|98113976:6|98114317:6|98114507:6|98114513:6|98114517:6|98114537:6|98114539:6|98114573:6|98114631:6|98114671:6|98114672:6|98114732:6|98114735:6|98114738:6|98114762:6|98114763:6|98114825:6|98114835:6|98114917:6|98114923:6|98114931:6|98114935:6|98114952:6|98114962:6|98114963:6|98114967:6|98114972:6|98114975:6|98114982:6|98115134:6|98115143:6|98115213:6|98115217:6|98115236:6|98115237:6|98115246:6|98115273:6|98115274:6|98115287:6|98115293:6|98115314:6|98115317:6|98115327:6|98115341:6|98115342:6|98115346:6|98115347:6|98115361:6|98115371:6|98115382:6|98115384:6|98115386:6|98115392:6|98115403:6|98115413:6|98115423:6|98115427:6|98115431:6|98115438:6|98115462:6|98115471:6|98115614:6|98115627:6|98115631:6|98115632:6|98115634:6|98115637:6|98115638:6|98115639:6|98115643:6|98115672:6|98115693:6|98115712:6|98115713:6|98115714:6|98115716:6|98115721:6|98115724:6|98115728:6|98115729:6|98115732:6|98115734:6|98115736:6|98115742:6|98115743:6|98115761:6|98115762:6|98115763:6|98115764:6|98115782:6|98115783:6|98115784:6|98115786:6|98115791:6|98115792:6|98115794:6|98115817:6|98115834:6|98115841:6|98115843:6|98115846:6|98115847:6|98115863:6|98115867:6|98115871:6|98115873:6|98115893:6|98115924:6|98115925:6|98115926:6|98115928:6|98115932:6|98115935:6|98115937:6|98115938:6|98115941:6|98115942:6|98115943:6|98115946:6
2020-12-29 14:06:39,031:INFO:98112715:6|98112763:6|98112876:6|98113415:6|98113426:6|98113527:6|98113584:6|98113624:6|98113723:6|98113924:6|98113926:6|98113946:6|98113954:6|98113976:6|98114317:6|98114507:6|98114513:6|98114517:6|98114537:6|98114539:6|98114573:6|98114631:6|98114671:6|98114672:6|98114732:6|98114735:6|98114738:6|98114762:6|98114763:6|98114825:6|98114835:6|98114917:6|98114923:6|98114931:6|98114935:6|98114952:6|98114962:6|98114963:6|98114967:6|98114972:6|98114975:6|98114982:6|98115134:6|98115143:6|98115213:6|98115217:6|98115236:6|98115237:6|98115246:6|98115273:6|98115274:6|98115287:6|98115293:6|98115314:6|98115317:6|98115327:6|98115341:6|98115342:6|98115346:6|98115347:6|98115361:6|98115371:6|98115382:6|98115384:6|98115386:6|98115392:6|98115403:6|98115413:6|98115423:6|98115427:6|98115431:6|98115438:6|98115462:6|98115471:6|98115614:6|98115627:6|98115631:6|98115632:6|98115634:6|98115637:6|98115638:6|98115639:6|98115643:6|98115672:6|98115693:6|98115712:6|98115713:6|98115714:6|98115716:6|98115721:6|98115724:6|98115728:6|98115729:6|98115732:6|98115734:6|98115736:6|98115742:6|98115743:6|98115761:6|98115762:6|98115763:6|98115764:6|98115782:6|98115783:6|98115784:6|98115786:6|98115791:6|98115792:6|98115794:6|98115817:6|98115834:6|98115841:6|98115843:6|98115846:6|98115847:6|98115863:6|98115867:6|98115871:6|98115873:6|98115893:6|98115924:6|98115925:6|98115926:6|98115928:6|98115932:6|98115935:6|98115937:6|98115938:6|98115941:6|98115942:6|98115943:6|98115946:6
2020-12-29 14:06:47,010:INFO:98112715:6|98112763:6|98112876:6|98113415:6|98113426:6|98113527:6|98113584:6|98113624:6|98113723:6|98113924:6|98113926:6|98113946:6|98113954:6|98113976:6|98114317:6|98114507:6|98114513:6|98114517:6|98114537:6|98114539:6|98114573:6|98114631:6|98114671:6|98114672:6|98114732:6|98114735:6|98114738:6|98114762:6|98114763:6|98114825:6|98114835:6|98114917:6|98114923:6|98114931:6|98114935:6|98114952:6|98114962:6|98114963:6|98114967:6|98114972:6|98114975:6|98114982:6|98115134:6|98115143:6|98115213:6|98115217:6|98115236:6|98115237:6|98115246:6|98115273:6|98115274:6|98115287:6|98115293:6|98115314:6|98115317:6|98115327:6|98115341:6|98115342:6|98115346:6|98115347:6|98115361:6|98115371:6|98115382:6|98115384:6|98115386:6|98115392:6|98115403:6|98115413:6|98115423:6|98115427:6|98115431:6|98115438:6|98115462:6|98115471:6|98115614:6|98115627:6|98115631:6|98115632:6|98115634:6|98115637:6|98115638:6|98115639:6|98115643:6|98115672:6|98115693:6|98115712:6|98115713:6|98115714:6|98115716:6|98115721:6|98115724:6|98115728:6|98115729:6|98115732:6|98115734:6|98115736:6|98115742:6|98115743:6|98115761:6|98115762:6|98115763:6|98115764:6|98115782:6|98115783:6|98115784:6|98115786:6|98115791:6|98115792:6|98115794:6|98115817:6|98115834:6|98115841:6|98115843:6|98115846:6|98115847:6|98115863:6|98115867:6|98115871:6|98115873:6|98115893:6|98115924:6|98115925:6|98115926:6|98115928:6|98115932:6|98115935:6|98115937:6|98115938:6|98115941:6|98115942:6|98115943:6|98115946:6
2020-12-29 14:06:57,565:INFO:98112715:6|98112763:6|98112876:6|98113415:6|98113426:6|98113527:6|98113584:6|98113624:6|98113723:6|98113924:6|98113926:6|98113946:6|98113954:6|98113976:6|98114317:6|98114507:6|98114513:6|98114517:6|98114537:6|98114539:6|98114573:6|98114631:6|98114671:6|98114672:6|98114732:6|98114735:6|98114738:6|98114762:6|98114763:6|98114825:6|98114835:6|98114917:6|98114923:6|98114931:6|98114935:6|98114952:6|98114962:6|98114963:6|98114967:6|98114972:6|98114975:6|98114982:6|98115134:6|98115143:6|98115213:6|98115217:6|98115236:6|98115237:6|98115246:6|98115273:6|98115274:6|98115287:6|98115293:6|98115314:6|98115317:6|98115327:6|98115341:6|98115342:6|98115346:6|98115347:6|98115361:6|98115371:6|98115382:6|98115384:6|98115386:6|98115392:6|98115403:6|98115413:6|98115423:6|98115427:6|98115431:6|98115438:6|98115462:6|98115471:6|98115614:6|98115627:6|98115631:6|98115632:6|98115634:6|98115637:6|98115638:6|98115639:6|98115643:6|98115672:6|98115693:6|98115712:6|98115713:6|98115714:6|98115716:6|98115721:6|98115724:6|98115728:6|98115729:6|98115732:6|98115734:6|98115736:6|98115742:6|98115743:6|98115761:6|98115762:6|98115763:6|98115764:6|98115782:6|98115783:6|98115784:6|98115786:6|98115791:6|98115792:6|98115794:6|98115817:6|98115834:6|98115841:6|98115843:6|98115846:6|98115847:6|98115863:6|98115867:6|98115871:6|98115873:6|98115893:6|98115924:6|98115925:6|98115926:6|98115928:6|98115932:6|98115935:6|98115937:6|98115938:6|98115941:6|98115942:6|98115943:6|98115946:6
2020-12-29 14:07:03,923:INFO:98112715:6|98112763:6|98112876:6|98113415:6|98113426:6|98113527:6|98113584:6|98113624:6|98113723:6|98113924:6|98113926:6|98113946:6|98113954:6|98113976:6|98114317:6|98114507:6|98114513:6|98114517:6|98114537:6|98114539:6|98114573:6|98114631:6|98114671:6|98114672:6|98114732:6|98114735:6|98114738:6|98114762:6|98114763:6|98114825:6|98114835:6|98114917:6|98114923:6|98114931:6|98114935:6|98114952:6|98114962:6|98114963:6|98114967:6|98114972:6|98114975:6|98114982:6|98115134:6|98115143:6|98115213:6|98115217:6|98115236:6|98115237:6|98115246:6|98115273:6|98115274:6|98115287:6|98115293:6|98115314:6|98115317:6|98115327:6|98115341:6|98115342:6|98115346:6|98115347:6|98115361:6|98115371:6|98115382:6|98115384:6|98115386:6|98115392:6|98115403:6|98115413:6|98115423:6|98115427:6|98115431:6|98115438:6|98115462:6|98115471:6|98115614:6|98115627:6|98115631:6|98115632:6|98115634:6|98115637:6|98115638:6|98115639:6|98115643:6|98115672:6|98115693:6|98115712:6|98115713:6|98115714:6|98115716:6|98115721:6|98115724:6|98115728:6|98115729:6|98115732:6|98115734:6|98115736:6|98115742:6|98115743:6|98115761:6|98115762:6|98115763:6|98115764:6|98115782:6|98115783:6|98115784:6|98115786:6|98115791:6|98115792:6|98115794:6|98115817:6|98115834:6|98115841:6|98115843:6|98115846:6|98115847:6|98115863:6|98115867:6|98115871:6|98115873:6|98115893:6|98115924:6|98115925:6|98115926:6|98115928:6|98115932:6|98115935:6|98115937:6|98115938:6|98115941:6|98115942:6|98115943:6|98115946:6
2020-12-29 14:07:14,218:INFO:98112715:6|98112763:6|98112876:6|98113415:6|98113426:6|98113527:6|98113584:6|98113624:6|98113723:6|98113924:6|98113926:6|98113946:6|98113954:6|98113976:6|98114317:6|98114507:6|98114513:6|98114517:6|98114537:6|98114539:6|98114573:6|98114631:6|98114671:6|98114672:6|98114732:6|98114735:6|98114738:6|98114762:6|98114763:6|98114825:6|98114835:6|98114917:6|98114923:6|98114931:6|98114935:6|98114952:6|98114962:6|98114963:6|98114967:6|98114972:6|98114975:6|98114982:6|98115134:6|98115143:6|98115213:6|98115217:6|98115236:6|98115237:6|98115246:6|98115273:6|98115274:6|98115287:6|98115293:6|98115314:6|98115317:6|98115327:6|98115341:6|98115342:6|98115346:6|98115347:6|98115361:6|98115371:6|98115382:6|98115384:6|98115386:6|98115392:6|98115403:6|98115413:6|98115423:6|98115427:6|98115431:6|98115438:6|98115462:6|98115471:6|98115614:6|98115627:6|98115631:6|98115632:6|98115634:6|98115637:6|98115638:6|98115639:6|98115643:6|98115672:6|98115693:6|98115712:6|98115713:6|98115714:6|98115716:6|98115721:6|98115724:6|98115728:6|98115729:6|98115732:6|98115734:6|98115736:6|98115742:6|98115743:6|98115761:6|98115762:6|98115763:6|98115764:6|98115782:6|98115783:6|98115784:6|98115786:6|98115791:6|98115792:6|98115794:6|98115817:6|98115834:6|98115841:6|98115843:6|98115846:6|98115847:6|98115863:6|98115867:6|98115871:6|98115873:6|98115893:6|98115924:6|98115925:6|98115926:6|98115928:6|98115932:6|98115935:6|98115937:6|98115938:6|98115941:6|98115942:6|98115943:6|98115946:6
2020-12-29 14:07:19,413:INFO:98112715:6|98112763:6|98112876:6|98113415:6|98113426:6|98113527:6|98113584:6|98113624:6|98113723:6|98113924:6|98113926:6|98113946:6|98113954:6|98113976:6|98114317:6|98114507:6|98114513:6|98114517:6|98114537:6|98114539:6|98114573:6|98114631:6|98114671:6|98114672:6|98114732:6|98114735:6|98114738:6|98114762:6|98114763:6|98114825:6|98114835:6|98114917:6|98114923:6|98114931:6|98114935:6|98114952:6|98114962:6|98114963:6|98114967:6|98114972:6|98114975:6|98114982:6|98115134:6|98115143:6|98115213:6|98115217:6|98115236:6|98115237:6|98115246:6|98115273:6|98115274:6|98115287:6|98115293:6|98115314:6|98115317:6|98115327:6|98115341:6|98115342:6|98115346:6|98115347:6|98115361:6|98115371:6|98115382:6|98115384:6|98115386:6|98115392:6|98115403:6|98115413:6|98115423:6|98115427:6|98115431:6|98115438:6|98115462:6|98115471:6|98115614:6|98115627:6|98115631:6|98115632:6|98115634:6|98115637:6|98115638:6|98115639:6|98115643:6|98115672:6|98115693:6|98115712:6|98115713:6|98115714:6|98115716:6|98115721:6|98115724:6|98115728:6|98115729:6|98115732:6|98115734:6|98115736:6|98115742:6|98115743:6|98115761:6|98115762:6|98115763:6|98115764:6|98115782:6|98115783:6|98115784:6|98115786:6|98115791:6|98115792:6|98115794:6|98115817:6|98115834:6|98115841:6|98115843:6|98115846:6|98115847:6|98115863:6|98115867:6|98115871:6|98115873:6|98115893:6|98115924:6|98115925:6|98115926:6|98115928:6|98115932:6|98115935:6|98115937:6|98115938:6|98115941:6|98115942:6|98115943:6|98115946:6
2020-12-29 14:07:21,121:INFO:------------------------------------------------------------------------------------------------
2020-12-29 14:07:23,130:INFO:98112715:6|98112763:6|98112876:6|98113415:6|98113426:6|98113527:6|98113584:6|98113624:6|98113723:6|98113924:6|98113926:6|98113946:6|98113954:6|98113976:6|98114317:6|98114507:6|98114513:6|98114517:6|98114537:6|98114539:6|98114573:6|98114631:6|98114671:6|98114672:6|98114732:6|98114735:6|98114738:6|98114762:6|98114763:6|98114825:6|98114835:6|98114917:6|98114923:6|98114931:6|98114935:6|98114952:6|98114962:6|98114963:6|98114967:6|98114972:6|98114975:6|98114982:6|98115134:6|98115143:6|98115213:6|98115217:6|98115236:6|98115237:6|98115246:6|98115273:6|98115274:6|98115287:6|98115293:6|98115314:6|98115317:6|98115327:6|98115341:6|98115342:6|98115346:6|98115347:6|98115361:6|98115371:6|98115382:6|98115384:6|98115386:6|98115392:6|98115403:6|98115413:6|98115423:6|98115427:6|98115431:6|98115438:6|98115462:6|98115471:6|98115614:6|98115627:6|98115631:6|98115632:6|98115634:6|98115637:6|98115638:6|98115639:6|98115643:6|98115672:6|98115693:6|98115712:6|98115713:6|98115714:6|98115716:6|98115721:6|98115724:6|98115728:6|98115729:6|98115732:6|98115734:6|98115736:6|98115742:6|98115743:6|98115761:6|98115762:6|98115763:6|98115764:6|98115782:6|98115783:6|98115784:6|98115786:6|98115791:6|98115792:6|98115794:6|98115817:6|98115834:6|98115841:6|98115843:6|98115846:6|98115847:6|98115863:6|98115867:6|98115871:6|98115873:6|98115893:6|98115924:6|98115925:6|98115926:6|98115928:6|98115932:6|98115935:6|98115937:6|98115938:6|98115941:6|98115942:6|98115943:6|98115946:6
2020-12-29 14:07:52,399:INFO:98029669:9|98049669:9|98059669:9|98149669:9|98219669:9|98239669:9|98249669:9|98259669:9|98299669:9|98329669:9|98339669:9|98379669:9|98429669:9|98459669:9|98489669:9|98569669:9|98599669:9|98629669:9|98639669:9|98679669:9|98819669:9|98849669:9|98859669:9
2020-12-29 14:08:25,560:INFO:-1
2020-12-29 14:08:33,047:INFO:93019669:9|93029669:9|93039669:9|93059669:9|93079669:9|93089669:9|93099669:9|93109669:9|93139669:9|93149669:9|93169669:9|93179669:9|93209669:9|93229669:9|93239669:9|93259669:9|93269669:9|93289669:9|93319669:9|93329669:9|93349669:9|93359669:9|93369669:9|93389669:9|93409669:9|93419669:9|93429669:9|93439669:9|93449669:9|93459669:9|93469669:9|93479669:9
2020-12-29 14:08:54,363:INFO:97019669:9|97029669:9|97039669:9|97049669:9|97059669:9|97069669:9|97089669:9|97099669:9|97109669:9|97129669:9|97139669:9|97149669:9|97169669:9|97179669:9|97199669:9
2020-12-29 14:09:39,986:INFO:83009669:9|83049669:9|83059669:9|83069669:9|83079669:9|83089669:9|83099669:9|83109669:9|83119669:9|83129669:9|83139669:9|83149669:9|83159669:9|83169669:9|83179669:9
2020-12-29 14:10:03,678:INFO:98029669:9|98049669:9|98059669:9|98149669:9|98219669:9|98239669:9|98249669:9|98259669:9|98299669:9|98329669:9|98339669:9|98379669:9|98429669:9|98459669:9|98489669:9|98569669:9|98599669:9|98629669:9|98639669:9|98679669:9|98819669:9|98849669:9|98859669:9
2020-12-29 14:10:31,027:INFO:------------------------------------------------------------------------------------------------
2020-12-29 14:12:20,937:INFO:ДУГААРАА СОНГОЖ БУЙ ХЭСЭГ
2020-12-29 14:12:20,937:INFO:7
2020-12-29 14:12:35,021:INFO:-1
2020-12-29 14:21:10,204:INFO:------------------------------------------------------------------------------------------------
2020-12-29 14:21:15,287:INFO:ДУГААРАА СОНГОЖ БУЙ ХЭСЭГ
2020-12-29 14:21:15,287:INFO:2
2020-12-29 14:22:07,340:INFO:98888041:6|98888065:6|98888067:6|98888074:6|98888131:6|98888135:6|98888157:6|98888246:6|98888274:6|98888320:6|98888327:6|98888347:6|98888351:6|98888357:6|98888413:6|98888423:6|98888426:6|98888429:6|98888432:6|98888435:6|98888437:6|98888445:6|98888458:6|98888471:6|98888514:6|98888643:6|98888657:6|98888721:6|98888726:6|98888794:6
2020-12-29 14:22:13,691:INFO:98888041:6|98888065:6|98888067:6|98888074:6|98888131:6|98888135:6|98888157:6|98888246:6|98888274:6|98888320:6|98888327:6|98888347:6|98888351:6|98888357:6|98888413:6|98888423:6|98888426:6|98888429:6|98888432:6|98888435:6|98888437:6|98888445:6|98888458:6|98888471:6|98888514:6|98888643:6|98888657:6|98888721:6|98888726:6|98888794:6
2020-12-29 14:22:17,223:INFO:98888041:6|98888065:6|98888067:6|98888074:6|98888131:6|98888135:6|98888157:6|98888246:6|98888274:6|98888320:6|98888327:6|98888347:6|98888351:6|98888357:6|98888413:6|98888423:6|98888426:6|98888429:6|98888432:6|98888435:6|98888437:6|98888445:6|98888458:6|98888471:6|98888514:6|98888643:6|98888657:6|98888721:6|98888726:6|98888794:6
2020-12-29 14:22:20,142:INFO:98888041:6|98888065:6|98888067:6|98888074:6|98888131:6|98888135:6|98888157:6|98888246:6|98888274:6|98888320:6|98888327:6|98888347:6|98888351:6|98888357:6|98888413:6|98888423:6|98888426:6|98888429:6|98888432:6|98888435:6|98888437:6|98888445:6|98888458:6|98888471:6|98888514:6|98888643:6|98888657:6|98888721:6|98888726:6|98888794:6
2020-12-29 14:23:03,383:INFO:98999264:6|98999316:6|98999354:6|98999390:6|98999421:6|98999429:6|98999451:6|98999462:6|98999473:6|98999576:6|98999623:6|98999635:6|98999641:6|98999683:6|98999763:6|98999786:6
2020-12-29 14:23:24,436:INFO:98986541:6|98986649:6|98986724:6|98986732:6|98986741:6|98986742:6|98986792:6|98986823:6|98986924:6|98987106:6|98987138:6|98987245:6|98987392:6|98987517:6|98987554:6|98987641:6|98987650:6|98987684:6|98987931:6|98987938:6|98988031:6|98988461:6|98988748:6|98989175:6|98989254:6
2020-12-29 14:23:29,523:INFO:98986541:6|98986649:6|98986724:6|98986732:6|98986741:6|98986742:6|98986792:6|98986823:6|98986924:6|98987106:6|98987138:6|98987245:6|98987392:6|98987517:6|98987554:6|98987641:6|98987650:6|98987684:6|98987931:6|98987938:6|98988031:6|98988461:6|98988748:6|98989175:6|98989254:6
2020-12-29 14:23:40,608:INFO:98992755:6|98994755:6|98996855:6|98997955:6|98998455:6|98998755:6
2020-12-29 14:24:06,254:INFO:93121305:6|93121405:6|93121505:6|93121705:6|93121905:6|93122105:6|93122305:6|93122405:6|93122905:6|93123005:6|93123105:6|93123205:6|93123305:6|93123405:6|93123505:6|93123605:6|93123705:6|93123805:6|93124105:6|93124205:6|93124305:6|93124405:6|93124505:6|93124605:6|93124705:6|93124805:6|93125105:6|93125305:6|93125405:6|93125505:6|93125605:6|93125705:6|93125805:6|93125905:6|93126005:6|93126105:6|93126205:6|93126405:6|93126505:6|93126605:6|93126705:6|93126805:6|93126905:6|93127105:6|93127205:6|93127305:6|93127405:6|93127505:6|93127605:6|93127705:6|93127805:6|93127905:6|93128005:6|93128105:6|93128305:6|93128405:6|93128505:6|93128605:6|93128705:6|93128805:6|93128905:6|93129005:6|93129105:6|93129205:6|93129305:6|93129505:6|93129605:6|93129705:6|93129805:6|93129905:6
2020-12-29 14:24:11,159:INFO:93010605:6|93030605:6|93040605:6|93050605:6|93090605:6|93100605:6|93290605:6|93340605:6|93350605:6|93410605:6|93420605:6|93430605:6|93440605:6|93470605:6
2020-12-29 14:25:08,163:INFO:------------------------------------------------------------------------------------------------
2020-12-29 14:29:27,935:INFO:98859879:6
2020-12-29 14:31:57,077:INFO:98893338:6
2020-12-29 14:31:57,851:INFO:98893338:6
2020-12-29 14:36:57,607:INFO:------------------------------------------------------------------------------------------------
2020-12-29 14:40:45,679:INFO:------------------------------------------------------------------------------------------------
2020-12-29 14:40:46,366:INFO:ДУГААРАА СОНГОЖ БУЙ ХЭСЭГ
2020-12-29 14:40:46,366:INFO:7
2020-12-29 14:40:49,897:INFO:98112715:6|98112763:6|98112876:6|98113415:6|98113426:6|98113527:6|98113584:6|98113624:6|98113723:6|98113924:6|98113926:6|98113946:6|98113954:6|98113976:6|98114317:6|98114507:6|98114513:6|98114517:6|98114537:6|98114539:6|98114573:6|98114631:6|98114671:6|98114672:6|98114732:6|98114735:6|98114738:6|98114762:6|98114763:6|98114825:6|98114835:6|98114917:6|98114923:6|98114931:6|98114935:6|98114952:6|98114962:6|98114963:6|98114967:6|98114972:6|98114975:6|98114982:6|98115134:6|98115143:6|98115213:6|98115217:6|98115236:6|98115237:6|98115246:6|98115273:6|98115274:6|98115287:6|98115293:6|98115314:6|98115317:6|98115327:6|98115341:6|98115342:6|98115346:6|98115347:6|98115361:6|98115371:6|98115382:6|98115384:6|98115386:6|98115392:6|98115403:6|98115413:6|98115423:6|98115427:6|98115431:6|98115438:6|98115462:6|98115471:6|98115614:6|98115627:6|98115631:6|98115632:6|98115634:6|98115637:6|98115638:6|98115639:6|98115643:6|98115672:6|98115693:6|98115712:6|98115713:6|98115714:6|98115716:6|98115721:6|98115724:6|98115728:6|98115729:6|98115732:6|98115734:6|98115736:6|98115742:6|98115743:6|98115761:6|98115762:6|98115763:6|98115764:6|98115782:6|98115783:6|98115784:6|98115786:6|98115791:6|98115792:6|98115794:6|98115817:6|98115834:6|98115841:6|98115843:6|98115846:6|98115847:6|98115863:6|98115867:6|98115871:6|98115873:6|98115893:6|98115924:6|98115925:6|98115926:6|98115928:6|98115932:6|98115935:6|98115937:6|98115938:6|98115941:6|98115942:6|98115943:6|98115946:6
2020-12-29 14:40:55,539:INFO:98112715:6|98112763:6|98112876:6|98113415:6|98113426:6|98113527:6|98113584:6|98113624:6|98113723:6|98113924:6|98113926:6|98113946:6|98113954:6|98113976:6|98114317:6|98114507:6|98114513:6|98114517:6|98114537:6|98114539:6|98114573:6|98114631:6|98114671:6|98114672:6|98114732:6|98114735:6|98114738:6|98114762:6|98114763:6|98114825:6|98114835:6|98114917:6|98114923:6|98114931:6|98114935:6|98114952:6|98114962:6|98114963:6|98114967:6|98114972:6|98114975:6|98114982:6|98115134:6|98115143:6|98115213:6|98115217:6|98115236:6|98115237:6|98115246:6|98115273:6|98115274:6|98115287:6|98115293:6|98115314:6|98115317:6|98115327:6|98115341:6|98115342:6|98115346:6|98115347:6|98115361:6|98115371:6|98115382:6|98115384:6|98115386:6|98115392:6|98115403:6|98115413:6|98115423:6|98115427:6|98115431:6|98115438:6|98115462:6|98115471:6|98115614:6|98115627:6|98115631:6|98115632:6|98115634:6|98115637:6|98115638:6|98115639:6|98115643:6|98115672:6|98115693:6|98115712:6|98115713:6|98115714:6|98115716:6|98115721:6|98115724:6|98115728:6|98115729:6|98115732:6|98115734:6|98115736:6|98115742:6|98115743:6|98115761:6|98115762:6|98115763:6|98115764:6|98115782:6|98115783:6|98115784:6|98115786:6|98115791:6|98115792:6|98115794:6|98115817:6|98115834:6|98115841:6|98115843:6|98115846:6|98115847:6|98115863:6|98115867:6|98115871:6|98115873:6|98115893:6|98115924:6|98115925:6|98115926:6|98115928:6|98115932:6|98115935:6|98115937:6|98115938:6|98115941:6|98115942:6|98115943:6|98115946:6
2020-12-29 14:40:57,266:INFO:98112715:6|98112763:6|98112876:6|98113415:6|98113426:6|98113527:6|98113584:6|98113624:6|98113723:6|98113924:6|98113926:6|98113946:6|98113954:6|98113976:6|98114317:6|98114507:6|98114513:6|98114517:6|98114537:6|98114539:6|98114573:6|98114631:6|98114671:6|98114672:6|98114732:6|98114735:6|98114738:6|98114762:6|98114763:6|98114825:6|98114835:6|98114917:6|98114923:6|98114931:6|98114935:6|98114952:6|98114962:6|98114963:6|98114967:6|98114972:6|98114975:6|98114982:6|98115134:6|98115143:6|98115213:6|98115217:6|98115236:6|98115237:6|98115246:6|98115273:6|98115274:6|98115287:6|98115293:6|98115314:6|98115317:6|98115327:6|98115341:6|98115342:6|98115346:6|98115347:6|98115361:6|98115371:6|98115382:6|98115384:6|98115386:6|98115392:6|98115403:6|98115413:6|98115423:6|98115427:6|98115431:6|98115438:6|98115462:6|98115471:6|98115614:6|98115627:6|98115631:6|98115632:6|98115634:6|98115637:6|98115638:6|98115639:6|98115643:6|98115672:6|98115693:6|98115712:6|98115713:6|98115714:6|98115716:6|98115721:6|98115724:6|98115728:6|98115729:6|98115732:6|98115734:6|98115736:6|98115742:6|98115743:6|98115761:6|98115762:6|98115763:6|98115764:6|98115782:6|98115783:6|98115784:6|98115786:6|98115791:6|98115792:6|98115794:6|98115817:6|98115834:6|98115841:6|98115843:6|98115846:6|98115847:6|98115863:6|98115867:6|98115871:6|98115873:6|98115893:6|98115924:6|98115925:6|98115926:6|98115928:6|98115932:6|98115935:6|98115937:6|98115938:6|98115941:6|98115942:6|98115943:6|98115946:6
2020-12-29 14:40:59,313:INFO:98112715:6|98112763:6|98112876:6|98113415:6|98113426:6|98113527:6|98113584:6|98113624:6|98113723:6|98113924:6|98113926:6|98113946:6|98113954:6|98113976:6|98114317:6|98114507:6|98114513:6|98114517:6|98114537:6|98114539:6|98114573:6|98114631:6|98114671:6|98114672:6|98114732:6|98114735:6|98114738:6|98114762:6|98114763:6|98114825:6|98114835:6|98114917:6|98114923:6|98114931:6|98114935:6|98114952:6|98114962:6|98114963:6|98114967:6|98114972:6|98114975:6|98114982:6|98115134:6|98115143:6|98115213:6|98115217:6|98115236:6|98115237:6|98115246:6|98115273:6|98115274:6|98115287:6|98115293:6|98115314:6|98115317:6|98115327:6|98115341:6|98115342:6|98115346:6|98115347:6|98115361:6|98115371:6|98115382:6|98115384:6|98115386:6|98115392:6|98115403:6|98115413:6|98115423:6|98115427:6|98115431:6|98115438:6|98115462:6|98115471:6|98115614:6|98115627:6|98115631:6|98115632:6|98115634:6|98115637:6|98115638:6|98115639:6|98115643:6|98115672:6|98115693:6|98115712:6|98115713:6|98115714:6|98115716:6|98115721:6|98115724:6|98115728:6|98115729:6|98115732:6|98115734:6|98115736:6|98115742:6|98115743:6|98115761:6|98115762:6|98115763:6|98115764:6|98115782:6|98115783:6|98115784:6|98115786:6|98115791:6|98115792:6|98115794:6|98115817:6|98115834:6|98115841:6|98115843:6|98115846:6|98115847:6|98115863:6|98115867:6|98115871:6|98115873:6|98115893:6|98115924:6|98115925:6|98115926:6|98115928:6|98115932:6|98115935:6|98115937:6|98115938:6|98115941:6|98115942:6|98115943:6|98115946:6
2020-12-29 14:41:03,454:INFO:98112715:6|98112763:6|98112876:6|98113415:6|98113426:6|98113527:6|98113584:6|98113624:6|98113723:6|98113924:6|98113926:6|98113946:6|98113954:6|98113976:6|98114317:6|98114507:6|98114513:6|98114517:6|98114537:6|98114539:6|98114573:6|98114631:6|98114671:6|98114672:6|98114732:6|98114735:6|98114738:6|98114762:6|98114763:6|98114825:6|98114835:6|98114917:6|98114923:6|98114931:6|98114935:6|98114952:6|98114962:6|98114963:6|98114967:6|98114972:6|98114975:6|98114982:6|98115134:6|98115143:6|98115213:6|98115217:6|98115236:6|98115237:6|98115246:6|98115273:6|98115274:6|98115287:6|98115293:6|98115314:6|98115317:6|98115327:6|98115341:6|98115342:6|98115346:6|98115347:6|98115361:6|98115371:6|98115382:6|98115384:6|98115386:6|98115392:6|98115403:6|98115413:6|98115423:6|98115427:6|98115431:6|98115438:6|98115462:6|98115471:6|98115614:6|98115627:6|98115631:6|98115632:6|98115634:6|98115637:6|98115638:6|98115639:6|98115643:6|98115672:6|98115693:6|98115712:6|98115713:6|98115714:6|98115716:6|98115721:6|98115724:6|98115728:6|98115729:6|98115732:6|98115734:6|98115736:6|98115742:6|98115743:6|98115761:6|98115762:6|98115763:6|98115764:6|98115782:6|98115783:6|98115784:6|98115786:6|98115791:6|98115792:6|98115794:6|98115817:6|98115834:6|98115841:6|98115843:6|98115846:6|98115847:6|98115863:6|98115867:6|98115871:6|98115873:6|98115893:6|98115924:6|98115925:6|98115926:6|98115928:6|98115932:6|98115935:6|98115937:6|98115938:6|98115941:6|98115942:6|98115943:6|98115946:6
2020-12-29 14:41:05,560:INFO:98112715:6|98112763:6|98112876:6|98113415:6|98113426:6|98113527:6|98113584:6|98113624:6|98113723:6|98113924:6|98113926:6|98113946:6|98113954:6|98113976:6|98114317:6|98114507:6|98114513:6|98114517:6|98114537:6|98114539:6|98114573:6|98114631:6|98114671:6|98114672:6|98114732:6|98114735:6|98114738:6|98114762:6|98114763:6|98114825:6|98114835:6|98114917:6|98114923:6|98114931:6|98114935:6|98114952:6|98114962:6|98114963:6|98114967:6|98114972:6|98114975:6|98114982:6|98115134:6|98115143:6|98115213:6|98115217:6|98115236:6|98115237:6|98115246:6|98115273:6|98115274:6|98115287:6|98115293:6|98115314:6|98115317:6|98115327:6|98115341:6|98115342:6|98115346:6|98115347:6|98115361:6|98115371:6|98115382:6|98115384:6|98115386:6|98115392:6|98115403:6|98115413:6|98115423:6|98115427:6|98115431:6|98115438:6|98115462:6|98115471:6|98115614:6|98115627:6|98115631:6|98115632:6|98115634:6|98115637:6|98115638:6|98115639:6|98115643:6|98115672:6|98115693:6|98115712:6|98115713:6|98115714:6|98115716:6|98115721:6|98115724:6|98115728:6|98115729:6|98115732:6|98115734:6|98115736:6|98115742:6|98115743:6|98115761:6|98115762:6|98115763:6|98115764:6|98115782:6|98115783:6|98115784:6|98115786:6|98115791:6|98115792:6|98115794:6|98115817:6|98115834:6|98115841:6|98115843:6|98115846:6|98115847:6|98115863:6|98115867:6|98115871:6|98115873:6|98115893:6|98115924:6|98115925:6|98115926:6|98115928:6|98115932:6|98115935:6|98115937:6|98115938:6|98115941:6|98115942:6|98115943:6|98115946:6
2020-12-29 14:44:35,112:ERROR:Invalid HTTP_HOST header: 'example.com'. You may need to add u'example.com' to ALLOWED_HOSTS.
2020-12-29 14:48:45,872:INFO:------------------------------------------------------------------------------------------------
2020-12-29 14:51:38,900:INFO:ДУГААРАА СОНГОЖ БУЙ ХЭСЭГ
2020-12-29 14:51:38,901:INFO:7
2020-12-29 14:51:45,237:INFO:ДУГААРАА СОНГОЖ БУЙ ХЭСЭГ
2020-12-29 14:51:45,238:INFO:7
2020-12-29 14:56:01,910:INFO:ДУГААРАА СОНГОЖ БУЙ ХЭСЭГ
2020-12-29 14:56:01,910:INFO:2
2020-12-29 14:56:39,459:WARNING:Not Found: /favicon.ico
2020-12-29 14:57:48,236:INFO:------------------------------------------------------------------------------------------------
2020-12-29 15:32:33,553:INFO:ДУГААРАА СОНГОЖ БУЙ ХЭСЭГ
2020-12-29 15:32:33,554:INFO:2
2020-12-29 15:32:33,836:WARNING:Not Found: /favicon.ico
2020-12-29 15:33:08,992:INFO:98015777:6|98025777:6|98035777:6|98045777:6|98065777:6|98095777:6|98105777:6|98135777:6|98915777:6
2020-12-29 15:47:03,838:INFO:------------------------------------------------------------------------------------------------
2020-12-29 15:47:05,985:INFO:ДУГААРАА СОНГОЖ БУЙ ХЭСЭГ
2020-12-29 15:47:05,986:INFO:7
2020-12-29 15:47:18,316:INFO:93021004:6
2020-12-29 15:48:09,595:INFO:ДУГААРЫН ҮНЭ
2020-12-29 15:48:09,598:INFO:10000
2020-12-29 15:57:48,385:INFO:------------------------------------------------------------------------------------------------
2020-12-29 16:12:07,070:INFO:------------------------------------------------------------------------------------------------
2020-12-29 16:12:08,210:INFO:ДУГААРАА СОНГОЖ БУЙ ХЭСЭГ
2020-12-29 16:12:08,210:INFO:2
2020-12-29 16:12:09,723:INFO:------------------------------------------------------------------------------------------------
2020-12-29 16:12:10,506:INFO:ДУГААРАА СОНГОЖ БУЙ ХЭСЭГ
2020-12-29 16:12:10,506:INFO:2
2020-12-29 16:12:15,001:INFO:98008577:6|98018577:6|98028577:6|98038577:6|98048577:6|98058577:6|98068577:6|98078577:6|98088577:6|98098577:6|98108577:6|98128577:6|98138577:6|98148577:6|98168577:6|98178577:6|98198577:6|98218577:6|98238577:6|98258577:6|98268577:6|98278577:6|98288577:6|98298577:6|98308577:6|98318577:6|98328577:6|98378577:6|98388577:6|98458577:6|98478577:6|98488577:6|98518577:6|98568577:6|98598577:6|98608577:6|98618577:6|98628577:6|98638577:6|98648577:6|98658577:6|98678577:6|98848577:6|98898577:6|98938577:6|98948577:6|98958577:6|98978577:6
2020-12-29 16:12:17,554:INFO:98008577:6|98018577:6|98028577:6|98038577:6|98048577:6|98058577:6|98068577:6|98078577:6|98088577:6|98098577:6|98108577:6|98128577:6|98138577:6|98148577:6|98168577:6|98178577:6|98198577:6|98218577:6|98238577:6|98258577:6|98268577:6|98278577:6|98288577:6|98298577:6|98308577:6|98318577:6|98328577:6|98378577:6|98388577:6|98458577:6|98478577:6|98488577:6|98518577:6|98568577:6|98598577:6|98608577:6|98618577:6|98628577:6|98638577:6|98648577:6|98658577:6|98678577:6|98848577:6|98898577:6|98938577:6|98948577:6|98958577:6|98978577:6
2020-12-29 16:13:19,600:INFO:-1
2020-12-29 16:13:23,161:INFO:98057999:6|98812999:6
2020-12-29 16:13:46,029:INFO:93013000:6|93076000:6|93093000:6
2020-12-29 16:13:49,376:INFO:98353000:6
2020-12-29 16:13:53,203:INFO:98057999:6|98812999:6
2020-12-29 16:15:05,023:INFO:98016989:6|98026989:6|98036989:6|98046989:6|98056989:6|98076989:6|98106989:6|98146989:6|98156989:6|98326989:6|98376989:6
2020-12-29 16:15:23,196:INFO:98353000:6
2020-12-29 16:42:44,297:INFO:ДУГААРАА СОНГОЖ БУЙ ХЭСЭГ
2020-12-29 16:42:44,298:INFO:7
2020-12-29 16:42:51,757:INFO:ДУГААРАА СОНГОЖ БУЙ ХЭСЭГ
2020-12-29 16:42:51,757:INFO:7
2020-12-29 16:43:03,791:INFO:------------------------------------------------------------------------------------------------
2020-12-29 16:43:05,730:INFO:ДУГААРАА СОНГОЖ БУЙ ХЭСЭГ
2020-12-29 16:43:05,730:INFO:2
2020-12-29 16:43:19,017:INFO:-1
2020-12-29 16:43:31,194:INFO:-1
2020-12-29 16:43:32,188:INFO:-1
2020-12-29 16:43:33,231:INFO:-1
2020-12-29 16:43:33,237:INFO:-1
2020-12-29 16:59:11,073:INFO:ДУГААРАА СОНГОЖ БУЙ ХЭСЭГ
2020-12-29 16:59:11,073:INFO:2
2020-12-29 17:00:03,992:INFO:-1
2020-12-29 17:01:49,530:INFO:------------------------------------------------------------------------------------------------
2020-12-29 17:11:15,675:INFO:------------------------------------------------------------------------------------------------
2020-12-29 17:11:17,205:INFO:ДУГААРАА СОНГОЖ БУЙ ХЭСЭГ
2020-12-29 17:11:17,205:INFO:2
2020-12-29 17:11:19,694:INFO:------------------------------------------------------------------------------------------------
2020-12-29 17:59:00,342:ERROR:Invalid HTTP_HOST header: 'example.com'. You may need to add u'example.com' to ALLOWED_HOSTS.
2020-12-29 18:01:59,835:INFO:------------------------------------------------------------------------------------------------
2020-12-29 18:11:20,144:INFO:------------------------------------------------------------------------------------------------
2020-12-29 18:28:01,124:INFO:------------------------------------------------------------------------------------------------
2020-12-29 18:28:02,669:INFO:ДУГААРАА СОНГОЖ БУЙ ХЭСЭГ
2020-12-29 18:28:02,669:INFO:2
2020-12-29 18:28:07,925:INFO:98986541:6|98986649:6|98986724:6|98986732:6|98986741:6|98986742:6|98986792:6|98986823:6|98986924:6|98987106:6|98987138:6|98987245:6|98987392:6|98987517:6|98987554:6|98987641:6|98987650:6|98987684:6|98987931:6|98987938:6|98988031:6|98988461:6|98988748:6|98989175:6|98989254:6
2020-12-29 18:28:15,484:INFO:ДУГААРЫН ҮНЭ
2020-12-29 18:28:15,487:INFO:5000
2020-12-29 18:49:00,309:WARNING:Not Found: /
2020-12-29 19:07:48,481:INFO:------------------------------------------------------------------------------------------------
2020-12-29 19:07:49,924:INFO:ДУГААРАА СОНГОЖ БУЙ ХЭСЭГ
2020-12-29 19:07:49,924:INFO:7
2020-12-29 19:07:51,699:INFO:ДУГААРАА СОНГОЖ БУЙ ХЭСЭГ
2020-12-29 19:07:51,699:INFO:7
2020-12-29 19:07:56,500:INFO:98014455:7|98024477:7|98037733:7|98130022:7|98136644:7|98137722:7|98137744:7|98138866:7|98139900:7|98140022:7|98141177:7|98142211:7|98142255:7|98142266:7|98143300:7|98144411:7|98146600:7|98146644:7|98146655:7|98146688:7|98148822:7|98148844:7|98151177:7|98152200:7|98152244:7|98152255:7|98152266:7|98153388:7|98154488:7|98155500:7|98157711:7|98157733:7|98157755:7|98157766:7|98158800:7|98159955:7|98159966:7|98160033:7|98161155:7|98163300:7|98163311:7|98163322:7|98163366:7|98163377:7|98164422:7|98164433:7|98164466:7|98164488:7|98165500:7|98165511:7|98165522:7|98165566:7|98167722:7|98167755:7|98167766:7|98168811:7|98168822:7|98168844:7|98168855:7|98168866:7|98168877:7|98170022:7|98171100:7|98171133:7|98171144:7|98172200:7|98172266:7|98172288:7|98173322:7|98173377:7|98174422:7|98174499:7|98175522:7|98175533:7|98175544:7|98175588:7|98176600:7|98176611:7|98176622:7|98176633:7|98176644:7|98177700:7|98177755:7|98177766:7|98178800:7|98178855:7|98178866:7|98184411:7|98187733:7|98187744:7|98191155:7|98192211:7|98192266:7|98193377:7|98194411:7|98194422:7|98194477:7|98195533:7|98196622:7|98202277:7|98203322:7|98206622:7|98207711:7|98207744:7|98207755:7|98208822:7|98208844:7|98208877:7|98210033:7|98210055:7|98210066:7|98210077:7|98210099:7|98212277:7|98213300:7|98213366:7|98213399:7|98214411:7|98214433:7|98215522:7|98216600:7|98216655:7|98216688:7|98217722:7|98217733:7|98217744:7|98217755:7|98218800:7|98218822:7|98218844:7|98230011:7|98230044:7
2020-12-29 19:08:15,424:INFO:------------------------------------------------------------------------------------------------
2020-12-29 19:08:16,820:INFO:ДУГААРАА СОНГОЖ БУЙ ХЭСЭГ
2020-12-29 19:08:16,820:INFO:2
2020-12-29 19:08:18,557:INFO:ДУГААРАА СОНГОЖ БУЙ ХЭСЭГ
2020-12-29 19:08:18,557:INFO:2
2020-12-29 19:08:27,647:INFO:-1
2020-12-29 19:08:33,550:INFO:------------------------------------------------------------------------------------------------
2020-12-29 19:08:34,988:INFO:ДУГААРАА СОНГОЖ БУЙ ХЭСЭГ
2020-12-29 19:08:34,988:INFO:7
2020-12-29 19:08:36,886:INFO:ДУГААРАА СОНГОЖ БУЙ ХЭСЭГ
2020-12-29 19:08:36,886:INFO:7
2020-12-29 19:08:46,162:INFO:97012255:7|97012266:7|97012277:7|97013300:7|97013322:7|97013366:7|97014411:7|97014422:7|97014433:7|97014455:7|97014466:7|97014477:7|97014499:7|97015533:7|97015544:7|97016622:7|97016633:7|97016644:7|97016655:7|97016677:7|97020033:7|97020044:7|97020055:7|97020066:7|97020088:7|97021100:7|97021133:7|97021144:7|97021155:7|97021166:7|97021177:7|97021188:7|97021199:7|97023300:7|97023311:7|97023322:7|97023366:7|97023377:7|97023388:7|97024400:7|97024411:7|97024422:7|97024433:7|97024455:7|97024466:7|97024477:7|97024499:7|97025500:7|97025511:7|97025522:7|97025533:7|97025544:7|97025566:7|97025577:7|97025588:7|97026600:7|97026611:7|97026622:7|97026633:7|97026644:7|97026655:7|97026688:7|97027711:7|97027722:7|97027733:7|97027744:7|97027755:7|97027766:7|97027788:7|97028811:7|97028822:7|97028833:7|97028844:7|97028855:7|97028866:7|97028877:7|97029900:7|97029922:7|97029933:7|97029944:7|97029955:7|97029966:7|97029977:7|97029988:7|97030011:7|97030022:7|97030044:7|97030055:7|97030066:7|97031144:7|97031155:7|97031166:7|97032211:7|97032233:7|97032255:7|97032266:7|97032277:7|97032288:7|97032299:7|97033300:7|97033366:7|97034400:7|97034411:7|97034433:7|97034455:7|97034466:7|97034477:7|97034499:7|97035500:7|97035511:7|97035522:7|97035533:7|97035544:7|97035566:7|97035577:7|97035588:7|97035599:7|97036600:7|97036611:7|97036622:7|97036633:7|97036644:7|97036655:7|97036677:7|97036688:7|97037700:7|97037711:7|97037722:7|97037733:7|97037744:7|97037755:7|97037766:7
2020-12-29 19:09:02,326:INFO:97012255:7|97012266:7|97012277:7|97013300:7|97013322:7|97013366:7|97014411:7|97014422:7|97014433:7|97014455:7|97014466:7|97014477:7|97014499:7|97015533:7|97015544:7|97016622:7|97016633:7|97016644:7|97016655:7|97016677:7|97020033:7|97020044:7|97020055:7|97020066:7|97020088:7|97021100:7|97021133:7|97021144:7|97021155:7|97021166:7|97021177:7|97021188:7|97021199:7|97023300:7|97023311:7|97023322:7|97023366:7|97023377:7|97023388:7|97024400:7|97024411:7|97024422:7|97024433:7|97024455:7|97024466:7|97024477:7|97024499:7|97025500:7|97025511:7|97025522:7|97025533:7|97025544:7|97025566:7|97025577:7|97025588:7|97026600:7|97026611:7|97026622:7|97026633:7|97026644:7|97026655:7|97026688:7|97027711:7|97027722:7|97027733:7|97027744:7|97027755:7|97027766:7|97027788:7|97028811:7|97028822:7|97028833:7|97028844:7|97028855:7|97028866:7|97028877:7|97029900:7|97029922:7|97029933:7|97029944:7|97029955:7|97029966:7|97029977:7|97029988:7|97030011:7|97030022:7|97030044:7|97030055:7|97030066:7|97031144:7|97031155:7|97031166:7|97032211:7|97032233:7|97032255:7|97032266:7|97032277:7|97032288:7|97032299:7|97033300:7|97033366:7|97034400:7|97034411:7|97034433:7|97034455:7|97034466:7|97034477:7|97034499:7|97035500:7|97035511:7|97035522:7|97035533:7|97035544:7|97035566:7|97035577:7|97035588:7|97035599:7|97036600:7|97036611:7|97036622:7|97036633:7|97036644:7|97036655:7|97036677:7|97036688:7|97037700:7|97037711:7|97037722:7|97037733:7|97037744:7|97037755:7|97037766:7
2020-12-29 19:09:41,649:INFO:98014455:7|98024477:7|98037733:7|98130022:7|98136644:7|98137722:7|98137744:7|98138866:7|98139900:7|98140022:7|98141177:7|98142211:7|98142255:7|98142266:7|98143300:7|98144411:7|98146600:7|98146644:7|98146655:7|98146688:7|98148822:7|98148844:7|98151177:7|98152200:7|98152244:7|98152255:7|98152266:7|98153388:7|98154488:7|98155500:7|98157711:7|98157733:7|98157755:7|98157766:7|98158800:7|98159955:7|98159966:7|98160033:7|98161155:7|98163300:7|98163311:7|98163322:7|98163366:7|98163377:7|98164422:7|98164433:7|98164466:7|98164488:7|98165500:7|98165511:7|98165522:7|98165566:7|98167722:7|98167755:7|98167766:7|98168811:7|98168822:7|98168844:7|98168855:7|98168866:7|98168877:7|98170022:7|98171100:7|98171133:7|98171144:7|98172200:7|98172266:7|98172288:7|98173322:7|98173377:7|98174422:7|98174499:7|98175522:7|98175533:7|98175544:7|98175588:7|98176600:7|98176611:7|98176622:7|98176633:7|98176644:7|98177700:7|98177755:7|98177766:7|98178800:7|98178855:7|98178866:7|98184411:7|98187733:7|98187744:7|98191155:7|98192211:7|98192266:7|98193377:7|98194411:7|98194422:7|98194477:7|98195533:7|98196622:7|98202277:7|98203322:7|98206622:7|98207711:7|98207744:7|98207755:7|98208822:7|98208844:7|98208877:7|98210033:7|98210055:7|98210066:7|98210077:7|98210099:7|98212277:7|98213300:7|98213366:7|98213399:7|98214411:7|98214433:7|98215522:7|98216600:7|98216655:7|98216688:7|98217722:7|98217733:7|98217744:7|98217755:7|98218800:7|98218822:7|98218844:7|98230011:7|98230044:7
2020-12-29 19:09:49,329:INFO:98014455:7|98024477:7|98037733:7|98130022:7|98136644:7|98137722:7|98137744:7|98138866:7|98139900:7|98140022:7|98141177:7|98142211:7|98142255:7|98142266:7|98143300:7|98144411:7|98146600:7|98146644:7|98146655:7|98146688:7|98148822:7|98148844:7|98151177:7|98152200:7|98152244:7|98152255:7|98152266:7|98153388:7|98154488:7|98155500:7|98157711:7|98157733:7|98157755:7|98157766:7|98158800:7|98159955:7|98159966:7|98160033:7|98161155:7|98163300:7|98163311:7|98163322:7|98163366:7|98163377:7|98164422:7|98164433:7|98164466:7|98164488:7|98165500:7|98165511:7|98165522:7|98165566:7|98167722:7|98167755:7|98167766:7|98168811:7|98168822:7|98168844:7|98168855:7|98168866:7|98168877:7|98170022:7|98171100:7|98171133:7|98171144:7|98172200:7|98172266:7|98172288:7|98173322:7|98173377:7|98174422:7|98174499:7|98175522:7|98175533:7|98175544:7|98175588:7|98176600:7|98176611:7|98176622:7|98176633:7|98176644:7|98177700:7|98177755:7|98177766:7|98178800:7|98178855:7|98178866:7|98184411:7|98187733:7|98187744:7|98191155:7|98192211:7|98192266:7|98193377:7|98194411:7|98194422:7|98194477:7|98195533:7|98196622:7|98202277:7|98203322:7|98206622:7|98207711:7|98207744:7|98207755:7|98208822:7|98208844:7|98208877:7|98210033:7|98210055:7|98210066:7|98210077:7|98210099:7|98212277:7|98213300:7|98213366:7|98213399:7|98214411:7|98214433:7|98215522:7|98216600:7|98216655:7|98216688:7|98217722:7|98217733:7|98217744:7|98217755:7|98218800:7|98218822:7|98218844:7|98230011:7|98230044:7
2020-12-29 19:10:04,205:INFO:98014455:7|98024477:7|98037733:7|98130022:7|98136644:7|98137722:7|98137744:7|98138866:7|98139900:7|98140022:7|98141177:7|98142211:7|98142255:7|98142266:7|98143300:7|98144411:7|98146600:7|98146644:7|98146655:7|98146688:7|98148822:7|98148844:7|98151177:7|98152200:7|98152244:7|98152255:7|98152266:7|98153388:7|98154488:7|98155500:7|98157711:7|98157733:7|98157755:7|98157766:7|98158800:7|98159955:7|98159966:7|98160033:7|98161155:7|98163300:7|98163311:7|98163322:7|98163366:7|98163377:7|98164422:7|98164433:7|98164466:7|98164488:7|98165500:7|98165511:7|98165522:7|98165566:7|98167722:7|98167755:7|98167766:7|98168811:7|98168822:7|98168844:7|98168855:7|98168866:7|98168877:7|98170022:7|98171100:7|98171133:7|98171144:7|98172200:7|98172266:7|98172288:7|98173322:7|98173377:7|98174422:7|98174499:7|98175522:7|98175533:7|98175544:7|98175588:7|98176600:7|98176611:7|98176622:7|98176633:7|98176644:7|98177700:7|98177755:7|98177766:7|98178800:7|98178855:7|98178866:7|98184411:7|98187733:7|98187744:7|98191155:7|98192211:7|98192266:7|98193377:7|98194411:7|98194422:7|98194477:7|98195533:7|98196622:7|98202277:7|98203322:7|98206622:7|98207711:7|98207744:7|98207755:7|98208822:7|98208844:7|98208877:7|98210033:7|98210055:7|98210066:7|98210077:7|98210099:7|98212277:7|98213300:7|98213366:7|98213399:7|98214411:7|98214433:7|98215522:7|98216600:7|98216655:7|98216688:7|98217722:7|98217733:7|98217744:7|98217755:7|98218800:7|98218822:7|98218844:7|98230011:7|98230044:7
2020-12-29 19:11:17,153:INFO:------------------------------------------------------------------------------------------------
2020-12-29 19:11:20,320:INFO:------------------------------------------------------------------------------------------------
2020-12-29 20:29:43,131:WARNING:Not Found: /
2020-12-29 22:55:31,467:WARNING:Not Found: /
2020-12-29 23:27:19,295:WARNING:Not Found: /
2020-12-29 23:27:19,689:WARNING:Not Found: /
2020-12-30 01:40:54,344:WARNING:Not Found: /
2020-12-30 04:38:12,713:WARNING:Not Found: /
2020-12-30 05:05:57,307:WARNING:Not Found: /
2020-12-30 05:33:04,877:WARNING:Not Found: /
