2019-10-08 14:29:54,601:INFO:----------------------------------------------------------------------------------------------------
2019-10-08 14:30:23,707:INFO:ДУГААРАА СОНГОЖ БУЙ ХЭСЭГ
2019-10-08 14:30:23,707:INFO:2
2019-10-08 14:30:53,098:INFO:ДУГААРЫН ҮНЭ
2019-10-08 14:30:53,203:INFO:5000
2019-10-08 14:31:11,815:INFO:ДУГААРАА СОНГОЖ БУЙ ХЭСЭГ
2019-10-08 14:31:11,815:INFO:2
2019-10-08 14:31:37,193:INFO:ДУГААРЫН ҮНЭ
2019-10-08 14:31:37,201:INFO:5000
2019-10-08 14:31:38,151:INFO:ДУГААРАА СОНГОЖ БУЙ ХЭСЭГ
2019-10-08 14:31:38,151:INFO:2
2019-10-08 14:34:25,306:INFO:----------------------------------------------------------------------------------------------------
2019-10-08 14:34:26,588:INFO:ДУГААРАА СОНГОЖ БУЙ ХЭСЭГ
2019-10-08 14:34:26,588:INFO:2
2019-10-08 14:43:18,207:INFO:----------------------------------------------------------------------------------------------------
2019-10-08 14:43:19,785:INFO:ДУГААРАА СОНГОЖ БУЙ ХЭСЭГ
2019-10-08 14:43:19,786:INFO:2
2019-10-08 14:43:20,548:WARNING:Not Found: /favicon.ico
2019-10-08 14:43:31,638:INFO:98180034:6|98180107:6|98180134:6|98180164:6|98180289:6|98180530:6|98180585:6|98180593:6|98180657:6|98180922:6|98180945:6|98180947:6|98180969:6|98181093:6|98181185:6|98181256:6|98181257:6|98181281:6|98181344:6|98181347:6|98181356:6|98181528:6|98181566:6|98181671:6|98181746:6|98181749:6|98181764:6|98181791:6|98181956:6|98182063:6|98182142:6|98182156:6|98182157:6|98182165:6|98182173:6|98182175:6|98182185:6|98182241:6|98182267:6|98182277:7|98182283:6|98182305:6|98182307:6|98182327:6|98182332:9|98182335:6|98182339:6|98182344:6|98182347:6|98182353:6|98182354:6|98182357:6|98182358:6|98182365:6|98182375:6|98182382:6|98182384:6|98182385:6|98182392:6|98182394:6|98182396:6|98182397:6|98182405:6|98182407:6|98182411:6|98182413:6|98182415:6|98182417:6|98182430:6|98182436:6|98182447:6|98182452:6|98182459:6|98182463:6|98182465:6|98182467:6|98182469:6|98182483:6|98182485:6|98182492:6|98182493:6|98182516:6|98182517:6|98182522:6|98182530:6|98182531:6|98182532:6|98182537:6|98182541:6|98182542:6|98182546:6|98182547:6|98182561:6|98182563:6|98182566:6|98182571:6|98182572:6|98182573:6|98182579:6|98182582:6|98182583:6|98182584:6|98182586:6|98182587:6|98182593:6|98182594:6|98182596:6|98182597:6|98182603:6|98182604:6|98182607:6|98182609:6|98182612:6|98182614:6|98182615:6|98182617:6|98182619:6|98182621:6|98182631:6|98182632:6|98182635:6|98182637:6|98182641:6|98182643:6|98182651:6|98182652:6|98182653:6|98182655:6|98182657:6|98182659:6|98182670:6|98182671:6
2019-10-08 14:53:20,627:INFO:----------------------------------------------------------------------------------------------------
2019-10-08 15:00:27,648:INFO:ДУГААРАА СОНГОЖ БУЙ ХЭСЭГ
2019-10-08 15:00:27,648:INFO:2
2019-10-08 15:00:27,834:WARNING:Not Found: /favicon.ico
2019-10-08 15:00:32,190:INFO:98180034:6|98180107:6|98180134:6|98180164:6|98180289:6|98180530:6|98180585:6|98180593:6|98180657:6|98180922:6|98180945:6|98180947:6|98180969:6|98181093:6|98181185:6|98181256:6|98181257:6|98181281:6|98181344:6|98181347:6|98181356:6|98181528:6|98181566:6|98181671:6|98181746:6|98181749:6|98181764:6|98181791:6|98181956:6|98182063:6|98182142:6|98182156:6|98182157:6|98182165:6|98182173:6|98182175:6|98182185:6|98182241:6|98182267:6|98182277:7|98182283:6|98182305:6|98182307:6|98182327:6|98182332:9|98182335:6|98182339:6|98182344:6|98182347:6|98182353:6|98182354:6|98182357:6|98182358:6|98182365:6|98182375:6|98182382:6|98182384:6|98182385:6|98182392:6|98182394:6|98182396:6|98182397:6|98182405:6|98182407:6|98182411:6|98182413:6|98182415:6|98182417:6|98182430:6|98182436:6|98182447:6|98182452:6|98182459:6|98182463:6|98182465:6|98182467:6|98182469:6|98182483:6|98182485:6|98182492:6|98182493:6|98182516:6|98182517:6|98182522:6|98182530:6|98182531:6|98182532:6|98182537:6|98182541:6|98182542:6|98182546:6|98182547:6|98182561:6|98182563:6|98182566:6|98182571:6|98182572:6|98182573:6|98182579:6|98182582:6|98182583:6|98182584:6|98182586:6|98182587:6|98182593:6|98182594:6|98182596:6|98182597:6|98182603:6|98182604:6|98182607:6|98182609:6|98182612:6|98182614:6|98182615:6|98182617:6|98182619:6|98182621:6|98182631:6|98182632:6|98182635:6|98182637:6|98182641:6|98182643:6|98182651:6|98182652:6|98182653:6|98182655:6|98182657:6|98182659:6|98182670:6|98182671:6
2019-10-08 15:00:34,983:INFO:98080027:6|98080032:6|98080037:6|98080041:6|98080046:6|98080053:6|98080057:6|98080061:6|98080071:6|98080072:6|98080074:6|98080075:6|98080076:6|98080093:6|98080115:6|98080116:6|98080131:6|98080132:6|98080134:6|98080151:6|98080152:6|98080153:6|98080154:6|98080155:6|98080156:6|98080157:6|98080158:6|98080160:6|98080161:6|98080162:6|98080163:6|98080164:6|98080165:6|98080166:6|98080167:6|98080168:6|98080169:6|98080170:6|98080171:6|98080172:6|98080173:6|98080174:6|98080175:6|98080176:6|98080177:6|98080178:6|98080179:6|98080182:6|98080183:6|98080184:6|98080185:6|98080186:6|98080187:6|98080192:6|98080193:6|98080194:6|98080195:6|98080196:6|98080197:6|98080205:6|98080206:6|98080207:6|98080210:6|98080213:6|98080215:6|98080216:6|98080217:6|98080219:6|98080221:6|98080224:6|98080226:6|98080227:6|98080230:6|98080231:6|98080232:6|98080233:6|98080234:6|98080235:6|98080236:6|98080238:6|98080239:6|98080240:6|98080241:6|98080242:6|98080243:6|98080244:6|98080245:6|98080248:6|98080249:6|98080250:6|98080251:6|98080252:6|98080253:6|98080254:6|98080257:6|98080259:6|98080260:6|98080261:6|98080262:6|98080263:6|98080264:6|98080265:6|98080266:6|98080267:6|98080268:6|98080269:6|98080270:6|98080271:6|98080272:6|98080273:6|98080274:6|98080275:6|98080276:6|98080277:6|98080278:6|98080279:6|98080280:6|98080281:6|98080282:6|98080283:6|98080284:6|98080285:6|98080286:6|98080287:6|98080288:6|98080290:6|98080291:6|98080292:6|98080293:6|98080294:6|98080295:6|98080296:6
2019-10-08 15:09:03,282:INFO:98180034:6|98180107:6|98180134:6|98180164:6|98180289:6|98180530:6|98180585:6|98180593:6|98180657:6|98180922:6|98180945:6|98180947:6|98180969:6|98181093:6|98181185:6|98181256:6|98181257:6|98181281:6|98181344:6|98181347:6|98181356:6|98181528:6|98181566:6|98181671:6|98181746:6|98181749:6|98181764:6|98181791:6|98181956:6|98182063:6|98182142:6|98182156:6|98182157:6|98182165:6|98182173:6|98182175:6|98182185:6|98182241:6|98182267:6|98182277:7|98182283:6|98182305:6|98182307:6|98182327:6|98182332:9|98182335:6|98182339:6|98182344:6|98182347:6|98182353:6|98182354:6|98182357:6|98182358:6|98182365:6|98182375:6|98182382:6|98182384:6|98182385:6|98182392:6|98182394:6|98182396:6|98182397:6|98182405:6|98182407:6|98182411:6|98182413:6|98182415:6|98182417:6|98182430:6|98182436:6|98182447:6|98182452:6|98182459:6|98182463:6|98182465:6|98182467:6|98182469:6|98182483:6|98182485:6|98182492:6|98182493:6|98182516:6|98182517:6|98182522:6|98182530:6|98182531:6|98182532:6|98182537:6|98182541:6|98182542:6|98182546:6|98182547:6|98182561:6|98182563:6|98182566:6|98182571:6|98182572:6|98182573:6|98182579:6|98182582:6|98182583:6|98182584:6|98182586:6|98182587:6|98182593:6|98182594:6|98182596:6|98182597:6|98182603:6|98182604:6|98182607:6|98182609:6|98182612:6|98182614:6|98182615:6|98182617:6|98182619:6|98182621:6|98182631:6|98182632:6|98182635:6|98182637:6|98182641:6|98182643:6|98182651:6|98182652:6|98182653:6|98182655:6|98182657:6|98182659:6|98182670:6|98182671:6
2019-10-08 15:10:27,948:INFO:----------------------------------------------------------------------------------------------------
2019-10-08 15:14:24,431:INFO:ДУГААРАА СОНГОЖ БУЙ ХЭСЭГ
2019-10-08 15:14:24,431:INFO:2
2019-10-08 15:14:35,397:INFO:----------------------------------------------------------------------------------------------------
2019-10-08 15:14:36,456:INFO:ДУГААРАА СОНГОЖ БУЙ ХЭСЭГ
2019-10-08 15:14:36,456:INFO:2
2019-10-08 15:14:36,615:WARNING:Not Found: /favicon.ico
2019-10-08 15:14:42,151:INFO:98180034:6|98180107:6|98180134:6|98180164:6|98180289:6|98180530:6|98180585:6|98180593:6|98180657:6|98180922:6|98180945:6|98180947:6|98180969:6|98181093:6|98181185:6|98181256:6|98181257:6|98181281:6|98181344:6|98181347:6|98181356:6|98181528:6|98181566:6|98181671:6|98181746:6|98181749:6|98181764:6|98181791:6|98181956:6|98182063:6|98182142:6|98182156:6|98182157:6|98182165:6|98182173:6|98182175:6|98182185:6|98182241:6|98182267:6|98182277:7|98182283:6|98182305:6|98182307:6|98182327:6|98182332:9|98182335:6|98182339:6|98182344:6|98182347:6|98182353:6|98182354:6|98182357:6|98182358:6|98182365:6|98182375:6|98182382:6|98182384:6|98182385:6|98182392:6|98182394:6|98182396:6|98182397:6|98182405:6|98182407:6|98182411:6|98182413:6|98182415:6|98182417:6|98182430:6|98182436:6|98182447:6|98182452:6|98182459:6|98182463:6|98182465:6|98182467:6|98182469:6|98182483:6|98182485:6|98182492:6|98182493:6|98182516:6|98182517:6|98182522:6|98182530:6|98182531:6|98182532:6|98182537:6|98182541:6|98182542:6|98182546:6|98182547:6|98182561:6|98182563:6|98182566:6|98182571:6|98182572:6|98182573:6|98182579:6|98182582:6|98182583:6|98182584:6|98182586:6|98182587:6|98182593:6|98182594:6|98182596:6|98182597:6|98182603:6|98182604:6|98182607:6|98182609:6|98182612:6|98182614:6|98182615:6|98182617:6|98182619:6|98182621:6|98182631:6|98182632:6|98182635:6|98182637:6|98182641:6|98182643:6|98182651:6|98182652:6|98182653:6|98182655:6|98182657:6|98182659:6|98182670:6|98182671:6
2019-10-08 15:18:59,969:INFO:----------------------------------------------------------------------------------------------------
2019-10-08 15:19:01,204:INFO:ДУГААРАА СОНГОЖ БУЙ ХЭСЭГ
2019-10-08 15:19:01,204:INFO:2
2019-10-08 15:19:01,381:WARNING:Not Found: /favicon.ico
2019-10-08 15:19:10,026:INFO:98180034:6|98180107:6|98180134:6|98180164:6|98180289:6|98180530:6|98180585:6|98180593:6|98180657:6|98180922:6|98180945:6|98180947:6|98180969:6|98181093:6|98181185:6|98181256:6|98181257:6|98181281:6|98181344:6|98181347:6|98181356:6|98181528:6|98181566:6|98181671:6|98181746:6|98181749:6|98181764:6|98181791:6|98181956:6|98182063:6|98182142:6|98182156:6|98182157:6|98182165:6|98182173:6|98182175:6|98182185:6|98182241:6|98182267:6|98182277:7|98182283:6|98182305:6|98182307:6|98182327:6|98182332:9|98182335:6|98182339:6|98182344:6|98182347:6|98182353:6|98182354:6|98182357:6|98182358:6|98182365:6|98182375:6|98182382:6|98182384:6|98182385:6|98182392:6|98182394:6|98182396:6|98182397:6|98182405:6|98182407:6|98182411:6|98182413:6|98182415:6|98182417:6|98182430:6|98182436:6|98182447:6|98182452:6|98182459:6|98182463:6|98182465:6|98182467:6|98182469:6|98182483:6|98182485:6|98182492:6|98182493:6|98182516:6|98182517:6|98182522:6|98182530:6|98182531:6|98182532:6|98182537:6|98182541:6|98182542:6|98182546:6|98182547:6|98182561:6|98182563:6|98182566:6|98182571:6|98182572:6|98182573:6|98182579:6|98182582:6|98182583:6|98182584:6|98182586:6|98182587:6|98182593:6|98182594:6|98182596:6|98182597:6|98182603:6|98182604:6|98182607:6|98182609:6|98182612:6|98182614:6|98182615:6|98182617:6|98182619:6|98182621:6|98182631:6|98182632:6|98182635:6|98182637:6|98182641:6|98182643:6|98182651:6|98182652:6|98182653:6|98182655:6|98182657:6|98182659:6|98182670:6|98182671:6
2019-10-08 15:22:00,461:INFO:----------------------------------------------------------------------------------------------------
2019-10-08 15:22:01,332:INFO:ДУГААРАА СОНГОЖ БУЙ ХЭСЭГ
2019-10-08 15:22:01,332:INFO:2
2019-10-08 15:22:05,128:INFO:98180034:6|98180107:6|98180134:6|98180164:6|98180289:6|98180530:6|98180585:6|98180593:6|98180657:6|98180922:6|98180945:6|98180947:6|98180969:6|98181093:6|98181185:6|98181256:6|98181257:6|98181281:6|98181344:6|98181347:6|98181356:6|98181528:6|98181566:6|98181671:6|98181746:6|98181749:6|98181764:6|98181791:6|98181956:6|98182063:6|98182142:6|98182156:6|98182157:6|98182165:6|98182173:6|98182175:6|98182185:6|98182241:6|98182267:6|98182277:7|98182283:6|98182305:6|98182307:6|98182327:6|98182332:9|98182335:6|98182339:6|98182344:6|98182347:6|98182353:6|98182354:6|98182357:6|98182358:6|98182365:6|98182375:6|98182382:6|98182384:6|98182385:6|98182392:6|98182394:6|98182396:6|98182397:6|98182405:6|98182407:6|98182411:6|98182413:6|98182415:6|98182417:6|98182430:6|98182436:6|98182447:6|98182452:6|98182459:6|98182463:6|98182465:6|98182467:6|98182469:6|98182483:6|98182485:6|98182492:6|98182493:6|98182516:6|98182517:6|98182522:6|98182530:6|98182531:6|98182532:6|98182537:6|98182541:6|98182542:6|98182546:6|98182547:6|98182561:6|98182563:6|98182566:6|98182571:6|98182572:6|98182573:6|98182579:6|98182582:6|98182583:6|98182584:6|98182586:6|98182587:6|98182593:6|98182594:6|98182596:6|98182597:6|98182603:6|98182604:6|98182607:6|98182609:6|98182612:6|98182614:6|98182615:6|98182617:6|98182619:6|98182621:6|98182631:6|98182632:6|98182635:6|98182637:6|98182641:6|98182643:6|98182651:6|98182652:6|98182653:6|98182655:6|98182657:6|98182659:6|98182670:6|98182671:6
2019-10-08 15:22:23,799:INFO:----------------------------------------------------------------------------------------------------
2019-10-08 15:22:24,868:INFO:ДУГААРАА СОНГОЖ БУЙ ХЭСЭГ
2019-10-08 15:22:24,868:INFO:2
2019-10-08 15:22:29,535:INFO:98180034:6|98180107:6|98180134:6|98180164:6|98180289:6|98180530:6|98180585:6|98180593:6|98180657:6|98180922:6|98180945:6|98180947:6|98180969:6|98181093:6|98181185:6|98181256:6|98181257:6|98181281:6|98181344:6|98181347:6|98181356:6|98181528:6|98181566:6|98181671:6|98181746:6|98181749:6|98181764:6|98181791:6|98181956:6|98182063:6|98182142:6|98182156:6|98182157:6|98182165:6|98182173:6|98182175:6|98182185:6|98182241:6|98182267:6|98182277:7|98182283:6|98182305:6|98182307:6|98182327:6|98182332:9|98182335:6|98182339:6|98182344:6|98182347:6|98182353:6|98182354:6|98182357:6|98182358:6|98182365:6|98182375:6|98182382:6|98182384:6|98182385:6|98182392:6|98182394:6|98182396:6|98182397:6|98182405:6|98182407:6|98182411:6|98182413:6|98182415:6|98182417:6|98182430:6|98182436:6|98182447:6|98182452:6|98182459:6|98182463:6|98182465:6|98182467:6|98182469:6|98182483:6|98182485:6|98182492:6|98182493:6|98182516:6|98182517:6|98182522:6|98182530:6|98182531:6|98182532:6|98182537:6|98182541:6|98182542:6|98182546:6|98182547:6|98182561:6|98182563:6|98182566:6|98182571:6|98182572:6|98182573:6|98182579:6|98182582:6|98182583:6|98182584:6|98182586:6|98182587:6|98182593:6|98182594:6|98182596:6|98182597:6|98182603:6|98182604:6|98182607:6|98182609:6|98182612:6|98182614:6|98182615:6|98182617:6|98182619:6|98182621:6|98182631:6|98182632:6|98182635:6|98182637:6|98182641:6|98182643:6|98182651:6|98182652:6|98182653:6|98182655:6|98182657:6|98182659:6|98182670:6|98182671:6
2019-10-08 15:23:12,065:INFO:----------------------------------------------------------------------------------------------------
2019-10-08 15:23:12,920:INFO:ДУГААРАА СОНГОЖ БУЙ ХЭСЭГ
2019-10-08 15:23:12,921:INFO:2
2019-10-08 15:23:16,278:INFO:98180034:6|98180107:6|98180134:6|98180164:6|98180289:6|98180530:6|98180585:6|98180593:6|98180657:6|98180922:6|98180945:6|98180947:6|98180969:6|98181093:6|98181185:6|98181256:6|98181257:6|98181281:6|98181344:6|98181347:6|98181356:6|98181528:6|98181566:6|98181671:6|98181746:6|98181749:6|98181764:6|98181791:6|98181956:6|98182063:6|98182142:6|98182156:6|98182157:6|98182165:6|98182173:6|98182175:6|98182185:6|98182241:6|98182267:6|98182277:7|98182283:6|98182305:6|98182307:6|98182327:6|98182332:9|98182335:6|98182339:6|98182344:6|98182347:6|98182353:6|98182354:6|98182357:6|98182358:6|98182365:6|98182375:6|98182382:6|98182384:6|98182385:6|98182392:6|98182394:6|98182396:6|98182397:6|98182405:6|98182407:6|98182411:6|98182413:6|98182415:6|98182417:6|98182430:6|98182436:6|98182447:6|98182452:6|98182459:6|98182463:6|98182465:6|98182467:6|98182469:6|98182483:6|98182485:6|98182492:6|98182493:6|98182516:6|98182517:6|98182522:6|98182530:6|98182531:6|98182532:6|98182537:6|98182541:6|98182542:6|98182546:6|98182547:6|98182561:6|98182563:6|98182566:6|98182571:6|98182572:6|98182573:6|98182579:6|98182582:6|98182583:6|98182584:6|98182586:6|98182587:6|98182593:6|98182594:6|98182596:6|98182597:6|98182603:6|98182604:6|98182607:6|98182609:6|98182612:6|98182614:6|98182615:6|98182617:6|98182619:6|98182621:6|98182631:6|98182632:6|98182635:6|98182637:6|98182641:6|98182643:6|98182651:6|98182652:6|98182653:6|98182655:6|98182657:6|98182659:6|98182670:6|98182671:6
2019-10-08 15:25:47,109:INFO:----------------------------------------------------------------------------------------------------
2019-10-08 15:25:48,344:INFO:ДУГААРАА СОНГОЖ БУЙ ХЭСЭГ
2019-10-08 15:25:48,344:INFO:2
2019-10-08 15:25:51,526:INFO:98180034:6|98180107:6|98180134:6|98180164:6|98180289:6|98180530:6|98180585:6|98180593:6|98180657:6|98180922:6|98180945:6|98180947:6|98180969:6|98181093:6|98181185:6|98181256:6|98181257:6|98181281:6|98181344:6|98181347:6|98181356:6|98181528:6|98181566:6|98181671:6|98181746:6|98181749:6|98181764:6|98181791:6|98181956:6|98182063:6|98182142:6|98182156:6|98182157:6|98182165:6|98182173:6|98182175:6|98182185:6|98182241:6|98182267:6|98182277:7|98182283:6|98182305:6|98182307:6|98182327:6|98182332:9|98182335:6|98182339:6|98182344:6|98182347:6|98182353:6|98182354:6|98182357:6|98182358:6|98182365:6|98182375:6|98182382:6|98182384:6|98182385:6|98182392:6|98182394:6|98182396:6|98182397:6|98182405:6|98182407:6|98182411:6|98182413:6|98182415:6|98182417:6|98182430:6|98182436:6|98182447:6|98182452:6|98182459:6|98182463:6|98182465:6|98182467:6|98182469:6|98182483:6|98182485:6|98182492:6|98182493:6|98182516:6|98182517:6|98182522:6|98182530:6|98182531:6|98182532:6|98182537:6|98182541:6|98182542:6|98182546:6|98182547:6|98182561:6|98182563:6|98182566:6|98182571:6|98182572:6|98182573:6|98182579:6|98182582:6|98182583:6|98182584:6|98182586:6|98182587:6|98182593:6|98182594:6|98182596:6|98182597:6|98182603:6|98182604:6|98182607:6|98182609:6|98182612:6|98182614:6|98182615:6|98182617:6|98182619:6|98182621:6|98182631:6|98182632:6|98182635:6|98182637:6|98182641:6|98182643:6|98182651:6|98182652:6|98182653:6|98182655:6|98182657:6|98182659:6|98182670:6|98182671:6
2019-10-08 15:35:48,549:INFO:----------------------------------------------------------------------------------------------------
2019-10-08 15:45:49,306:INFO:----------------------------------------------------------------------------------------------------
2019-10-08 15:49:27,151:INFO:ДУГААРАА СОНГОЖ БУЙ ХЭСЭГ
2019-10-08 15:49:27,151:INFO:2
2019-10-08 15:49:30,822:INFO:98180034:6|98180134:6|98180164:6|98180289:6|98180530:6|98180585:6|98180593:6|98180657:6|98180922:6|98180945:6|98180947:6|98180969:6|98181093:6|98181185:6|98181256:6|98181257:6|98181281:6|98181344:6|98181347:6|98181356:6|98181528:6|98181566:6|98181671:6|98181746:6|98181749:6|98181764:6|98181791:6|98181956:6|98182063:6|98182142:6|98182156:6|98182157:6|98182165:6|98182173:6|98182175:6|98182185:6|98182241:6|98182267:6|98182277:7|98182283:6|98182305:6|98182307:6|98182327:6|98182332:9|98182335:6|98182339:6|98182344:6|98182347:6|98182353:6|98182354:6|98182357:6|98182358:6|98182365:6|98182375:6|98182382:6|98182384:6|98182385:6|98182392:6|98182394:6|98182396:6|98182397:6|98182405:6|98182407:6|98182411:6|98182413:6|98182415:6|98182417:6|98182430:6|98182436:6|98182447:6|98182452:6|98182459:6|98182463:6|98182465:6|98182467:6|98182469:6|98182483:6|98182485:6|98182492:6|98182493:6|98182516:6|98182517:6|98182522:6|98182530:6|98182531:6|98182532:6|98182537:6|98182541:6|98182542:6|98182546:6|98182547:6|98182561:6|98182563:6|98182566:6|98182571:6|98182572:6|98182573:6|98182579:6|98182582:6|98182583:6|98182584:6|98182586:6|98182587:6|98182593:6|98182594:6|98182596:6|98182597:6|98182603:6|98182604:6|98182607:6|98182609:6|98182612:6|98182614:6|98182615:6|98182617:6|98182619:6|98182621:6|98182631:6|98182632:6|98182635:6|98182637:6|98182641:6|98182643:6|98182651:6|98182652:6|98182653:6|98182655:6|98182657:6|98182659:6|98182670:6|98182671:6|98182672:6
2019-10-08 15:50:08,637:INFO:----------------------------------------------------------------------------------------------------
2019-10-08 15:50:09,278:INFO:ДУГААРАА СОНГОЖ БУЙ ХЭСЭГ
2019-10-08 15:50:09,278:INFO:2
2019-10-08 15:50:12,986:INFO:98180034:6|98180134:6|98180164:6|98180289:6|98180530:6|98180585:6|98180593:6|98180657:6|98180922:6|98180945:6|98180947:6|98180969:6|98181093:6|98181185:6|98181256:6|98181257:6|98181281:6|98181344:6|98181347:6|98181356:6|98181528:6|98181566:6|98181671:6|98181746:6|98181749:6|98181764:6|98181791:6|98181956:6|98182063:6|98182142:6|98182156:6|98182157:6|98182165:6|98182173:6|98182175:6|98182185:6|98182241:6|98182267:6|98182277:7|98182283:6|98182305:6|98182307:6|98182327:6|98182332:9|98182335:6|98182339:6|98182344:6|98182347:6|98182353:6|98182354:6|98182357:6|98182358:6|98182365:6|98182375:6|98182382:6|98182384:6|98182385:6|98182392:6|98182394:6|98182396:6|98182397:6|98182405:6|98182407:6|98182411:6|98182413:6|98182415:6|98182417:6|98182430:6|98182436:6|98182447:6|98182452:6|98182459:6|98182463:6|98182465:6|98182467:6|98182469:6|98182483:6|98182485:6|98182492:6|98182493:6|98182516:6|98182517:6|98182522:6|98182530:6|98182531:6|98182532:6|98182537:6|98182541:6|98182542:6|98182546:6|98182547:6|98182561:6|98182563:6|98182566:6|98182571:6|98182572:6|98182573:6|98182579:6|98182582:6|98182583:6|98182584:6|98182586:6|98182587:6|98182593:6|98182594:6|98182596:6|98182597:6|98182603:6|98182604:6|98182607:6|98182609:6|98182612:6|98182614:6|98182615:6|98182617:6|98182619:6|98182621:6|98182631:6|98182632:6|98182635:6|98182637:6|98182641:6|98182643:6|98182651:6|98182652:6|98182653:6|98182655:6|98182657:6|98182659:6|98182670:6|98182671:6|98182672:6
2019-10-08 16:00:09,487:INFO:----------------------------------------------------------------------------------------------------
2019-10-08 16:10:10,128:INFO:----------------------------------------------------------------------------------------------------
2019-10-08 16:20:10,653:INFO:----------------------------------------------------------------------------------------------------
2019-10-08 16:30:11,216:INFO:----------------------------------------------------------------------------------------------------
2019-10-08 16:40:11,730:INFO:----------------------------------------------------------------------------------------------------
2019-10-08 16:50:12,252:INFO:----------------------------------------------------------------------------------------------------
2019-10-08 17:00:12,907:INFO:----------------------------------------------------------------------------------------------------
2019-10-08 17:10:13,585:INFO:----------------------------------------------------------------------------------------------------
2019-10-08 17:20:14,220:INFO:----------------------------------------------------------------------------------------------------
2019-10-08 17:30:14,729:INFO:----------------------------------------------------------------------------------------------------
2019-10-08 17:40:15,207:INFO:----------------------------------------------------------------------------------------------------
2019-10-08 17:50:15,720:INFO:----------------------------------------------------------------------------------------------------
2019-10-08 18:00:16,263:INFO:----------------------------------------------------------------------------------------------------
