2020-03-06 10:20:19,936:INFO:ДУГААРАА СОНГОЖ БУЙ ХЭСЭГ
2020-03-06 10:20:19,937:INFO:2
2020-03-06 10:20:20,331:WARNING:Not Found: /favicon.ico
2020-03-06 10:20:21,179:INFO:------------------------------------------------------------------------------------------------
2020-03-06 10:20:22,049:INFO:ДУГААРАА СОНГОЖ БУЙ ХЭСЭГ
2020-03-06 10:20:22,049:INFO:7
2020-03-06 10:20:22,309:WARNING:Not Found: /favicon.ico
2020-03-06 10:20:30,816:INFO:-1
2020-03-06 11:06:52,621:INFO:------------------------------------------------------------------------------------------------
2020-03-06 11:06:54,058:INFO:ДУГААРАА СОНГОЖ БУЙ ХЭСЭГ
2020-03-06 11:06:54,058:INFO:2
2020-03-06 11:06:54,315:WARNING:Not Found: /favicon.ico
2020-03-06 11:08:57,207:INFO:98990477:6|98990617:6|98990764:6|98990867:6|98991083:6|98991345:6|98991371:6|98991375:6|98991452:6|98991457:6|98991481:6|98991496:6|98991504:6|98991546:6|98991576:6|98991628:6|98991634:6|98991639:6|98991674:6|98991682:6|98991713:6|98991724:6|98991725:6|98991736:6|98991742:6|98991752:6|98991754:6|98991764:6|98991785:6|98991792:6|98991793:6|98991796:6|98991805:6|98991821:6|98991843:6|98991847:6|98991850:6|98991851:6|98991874:6|98991876:6|98991926:6|98991943:6|98991945:6|98991954:6|98991973:6|98992061:6|98992064:6|98992067:6|98992130:6|98992137:6|98992143:6|98992157:6|98992174:6|98992176:6|98992185:6|98992196:6|98992264:6|98992305:6|98992314:6|98992315:6|98992316:6|98992327:6|98992336:6|98992340:6|98992359:6|98992371:6|98992384:6|98992386:6|98992389:6|98992391:6|98992397:6|98992438:6|98992443:6|98992451:6|98992456:6|98992457:6|98992458:6|98992461:6|98992475:6|98992481:6|98992482:6|98992487:6|98992528:6|98992534:6|98992543:6|98992546:6|98992547:6|98992576:6|98992591:6|98992592:6|98992597:6|98992621:6|98992631:6|98992632:6|98992642:6|98992651:6|98992652:6|98992653:6|98992657:6|98992671:6|98992693:6|98992697:6|98992714:6|98992726:6|98992732:6|98992748:6|98992750:6|98992754:6|98992763:6|98992781:6|98992790:6|98992794:6|98992806:6|98992837:6|98992840:6|98992845:6|98992861:6|98992862:6|98992870:6|98992874:6|98992876:6|98992903:6|98992917:6|98992921:6|98992928:6|98992942:6|98992946:6|98992955:6|98992957:6|98992976:6|98992982:6|98992994:6
2020-03-06 11:09:24,482:INFO:98200059:6|98200126:6|98200137:6|98200147:6|98200148:6|98200159:6|98200167:6|98200193:6|98200194:6|98200240:6|98200276:6|98200285:6|98200337:6|98200340:6|98200341:6|98200345:6|98200347:6|98200348:6|98200368:6|98200415:6|98200457:6|98200461:6|98200465:6|98200473:6|98200475:6|98200476:6|98200483:6|98200486:6|98200493:6|98200541:6|98200542:6|98200549:6|98200561:6|98200562:6|98200567:6|98200568:6|98200569:6|98200573:6|98200576:6|98200587:6|98200597:6|98200624:6|98200635:6|98200636:6|98200637:6|98200643:6|98200648:6|98200651:6|98200654:6|98200657:6|98200658:6|98200662:6|98200668:6|98200671:6|98200675:6|98200678:6|98200683:6|98200684:6|98200687:6|98200692:6|98200693:6|98200694:6|98200728:6|98200732:6|98200733:6|98200734:6|98200738:6|98200739:6|98200741:6|98200743:6|98200746:6|98200749:6|98200751:6|98200752:6|98200753:6|98200754:6|98200756:6|98200759:6|98200761:6|98200762:6|98200763:6|98200764:6|98200765:6|98200766:6|98200769:6|98200778:6|98200780:6|98200785:6|98200786:6|98200789:6|98200791:6|98200794:6|98200796:6|98200832:6|98200834:6|98200837:6|98200845:6|98200847:6|98200851:6|98200852:6|98200856:6|98200859:6|98200863:6|98200864:6|98200875:6|98200885:6|98200889:6|98200893:6|98200937:6|98200938:6|98200942:6|98200943:6|98200944:6|98200948:6|98200954:6|98200957:6|98200963:6|98200974:6|98200981:6|98200983:6|98200984:6|98201031:6|98201034:6|98201044:6|98201049:6|98201061:6|98201062:6|98201064:6|98201065:6|98201069:6|98201073:6|98201081:6
2020-03-06 11:09:34,542:INFO:ДУГААРЫН ҮНЭ
2020-03-06 11:09:34,545:INFO:5000
2020-03-06 11:09:44,462:INFO:РЕГИСТЕРИЙН ДУГААР
2020-03-06 11:09:49,283:INFO:ДУГААРАА СОНГОЖ БУЙ ХЭСЭГ
2020-03-06 11:09:49,283:INFO:2
2020-03-06 11:09:49,563:WARNING:Not Found: /favicon.ico
2020-03-06 11:10:03,236:INFO:98201061:6
2020-03-06 12:07:29,428:INFO:------------------------------------------------------------------------------------------------
2020-03-06 12:07:29,434:INFO:------------------------------------------------------------------------------------------------
2020-03-06 12:15:49,502:INFO:------------------------------------------------------------------------------------------------
2020-03-06 12:15:50,550:INFO:ДУГААРАА СОНГОЖ БУЙ ХЭСЭГ
2020-03-06 12:15:50,550:INFO:7
2020-03-06 12:15:54,569:INFO:ДУГААРАА СОНГОЖ БУЙ ХЭСЭГ
2020-03-06 12:15:54,569:INFO:7
2020-03-06 12:16:36,344:INFO:93055056:6
2020-03-06 12:17:57,298:INFO:93075056:6
2020-03-06 12:18:11,230:INFO:97025556:6
2020-03-06 12:18:17,273:INFO:97025556:6
2020-03-06 12:18:19,219:INFO:97025556:6
2020-03-06 12:18:23,621:INFO:-1
2020-03-06 12:18:33,938:INFO:------------------------------------------------------------------------------------------------
2020-03-06 12:18:35,517:INFO:ДУГААРАА СОНГОЖ БУЙ ХЭСЭГ
2020-03-06 12:18:35,517:INFO:2
2020-03-06 12:18:40,856:INFO:83120175:6|83120259:6|83120279:6|83120326:6|83120458:6|83120679:6|83120704:6|83120923:6|83120944:6|83121037:6|83121044:6|83121074:6|83121079:6|83121342:6|83121352:6|83121402:6|83121403:6|83121405:6|83121406:6|83121408:6|83121409:6|83121410:6|83121413:6|83121416:6|83121420:6|83121421:6|83121424:6|83121425:6|83121426:6|83121427:6|83121428:6|83121429:6|83121431:6|83121432:6|83121433:6|83121435:6|83121436:6|83121437:6|83121438:6|83121439:6|83121443:6|83121445:6|83121446:6|83121448:6|83121449:6|83121451:6|83121452:6|83121453:6|83121454:6|83121456:6|83121457:6|83121458:6|83121459:6|83121460:6|83121461:6|83121471:6|83121472:6|83121473:6|83121474:6|83121475:6|83121476:6|83121477:6|83121478:6|83121486:6|83121493:6|83121494:6|83121495:6|83121496:6|83121497:6|83121499:6|83121501:6|83121502:6|83121503:6|83121504:6|83121506:6|83121508:6|83121509:6|83121510:6|83121511:6|83121513:6|83121519:6|83121520:6|83121521:6|83121522:6|83121523:6|83121524:6|83121527:6|83121528:6|83121531:6|83121532:6|83121533:6|83121534:6|83121538:6|83121542:6|83121543:6|83121572:6|83121573:6|83121577:6|83121578:6|83121579:6|83121580:6|83121581:6|83121658:6|83121713:6|83121714:6|83121715:6|83121720:6|83121722:6|83121723:6|83121724:6|83121725:6|83121726:6|83121728:6|83121729:6|83121730:6|83121731:6|83121732:6|83121733:6|83121734:6|83121735:6|83121736:6|83121737:6|83121738:6|83121739:6|83121740:6|83121741:6|83121742:6|83121743:6|83121744:6|83121745:6|83121746:6|83121747:6
2020-03-06 12:18:48,158:INFO:98120459:6|98120516:6|98120537:6|98120572:6|98120586:6|98120631:6|98120641:6|98120652:6|98120657:6|98120674:6|98120679:6|98120681:6|98120694:6|98120697:6|98120741:6|98120760:6|98120761:6|98120765:6|98120768:6|98120780:6|98120783:6|98120784:6|98120791:6|98120793:6|98120814:6|98120834:6|98120845:6|98120846:6|98120847:6|98120849:6|98120854:6|98120894:6|98120917:6|98120926:6|98120931:6|98120932:6|98120933:6|98120935:6|98120937:6|98120938:6|98120940:6|98120945:6|98120953:6|98120972:6|98121043:6|98121065:6|98121084:6|98121090:6|98121096:6|98121131:6|98121143:6|98121147:6|98121170:6|98121329:6|98121347:6|98121379:6|98121425:6|98121436:6|98121437:6|98121467:6|98121472:6|98121479:6|98121486:6|98121487:6|98121497:6|98121503:6|98121504:6|98121537:6|98121541:6|98121544:6|98121563:6|98121574:6|98121579:6|98121604:6|98121622:6|98121624:6|98121625:6|98121628:6|98121635:6|98121640:6|98121649:6|98121683:6|98121691:6|98121695:6|98121696:6|98121697:6|98121715:6|98121724:6|98121731:6|98121732:6|98121736:6|98121738:6|98121739:6|98121740:6|98121742:6|98121743:6|98121746:6|98121749:6|98121753:6|98121759:6|98121763:6|98121764:6|98121768:6|98121769:6|98121782:6|98121792:6|98121805:6|98121806:6|98121807:6|98121809:6|98121823:6|98121825:6|98121826:6|98121835:6|98121839:6|98121849:6|98121851:6|98121852:6|98121854:6|98121856:6|98121859:6|98121863:6|98121864:6|98121872:6|98121873:6|98121876:6|98121879:6|98121885:6|98121886:6|98121891:6|98121895:6|98121901:6
2020-03-06 12:34:51,333:INFO:------------------------------------------------------------------------------------------------
2020-03-06 12:34:52,126:INFO:ДУГААРАА СОНГОЖ БУЙ ХЭСЭГ
2020-03-06 12:34:52,127:INFO:2
2020-03-06 12:34:53,384:INFO:------------------------------------------------------------------------------------------------
2020-03-06 12:34:54,868:INFO:ДУГААРАА СОНГОЖ БУЙ ХЭСЭГ
2020-03-06 12:34:54,869:INFO:7
2020-03-06 12:35:09,305:INFO:-1
2020-03-06 12:35:10,705:INFO:-1
2020-03-06 12:35:15,237:INFO:98112365:6|98112746:6|98112764:6|98112843:6|98112853:6|98112873:6|98112914:6|98112917:6|98112943:6|98112951:6|98112958:6|98112964:6|98112965:6|98112967:6|98112971:6|98112975:6|98113071:6|98113127:6|98113146:6|98113147:6|98113167:6|98113214:6|98113216:6|98113217:6|98113218:6|98113219:6|98113246:6|98113251:6|98113257:6|98113261:6|98113267:6|98113268:6|98113271:6|98113274:6|98113295:6|98113416:6|98113427:6|98113429:6|98113452:6|98113463:6|98113469:6|98113471:6|98113472:6|98113473:6|98113475:6|98113476:6|98113491:6|98113492:6|98113497:6|98113521:6|98113527:6|98113529:6|98113541:6|98113542:6|98113547:6|98113561:6|98113564:6|98113573:6|98113587:6|98113592:6|98113614:6|98113615:6|98113617:6|98113625:6|98113641:6|98113642:6|98113643:6|98113645:6|98113654:6|98113657:6|98113672:6|98113673:6|98113675:6|98113681:6|98113682:6|98113685:6|98113692:6|98113693:6|98113694:6|98113705:6|98113712:6|98113714:6|98113716:6|98113718:6|98113723:6|98113724:6|98113725:6|98113726:6|98113728:6|98113741:6|98113742:6|98113746:6|98113748:6|98113750:6|98113751:6|98113753:6|98113754:6|98113759:6|98113761:6|98113765:6|98113781:6|98113782:6|98113783:6|98113784:6|98113786:6|98113791:6|98113792:6|98113794:6|98113802:6|98113805:6|98113816:6|98113824:6|98113826:6|98113827:6|98113842:6|98113845:6|98113847:6|98113851:6|98113853:6|98113857:6|98113862:6|98113863:6|98113864:6|98113867:6|98113870:6|98113872:6|98113874:6|98113876:6|98113904:6|98113905:6|98113912:6|98113913:6
2020-03-06 12:35:15,831:INFO:98112365:6|98112746:6|98112764:6|98112843:6|98112853:6|98112873:6|98112914:6|98112917:6|98112943:6|98112951:6|98112958:6|98112964:6|98112965:6|98112967:6|98112971:6|98112975:6|98113071:6|98113127:6|98113146:6|98113147:6|98113167:6|98113214:6|98113216:6|98113217:6|98113218:6|98113219:6|98113246:6|98113251:6|98113257:6|98113261:6|98113267:6|98113268:6|98113271:6|98113274:6|98113295:6|98113416:6|98113427:6|98113429:6|98113452:6|98113463:6|98113469:6|98113471:6|98113472:6|98113473:6|98113475:6|98113476:6|98113491:6|98113492:6|98113497:6|98113521:6|98113527:6|98113529:6|98113541:6|98113542:6|98113547:6|98113561:6|98113564:6|98113573:6|98113587:6|98113592:6|98113614:6|98113615:6|98113617:6|98113625:6|98113641:6|98113642:6|98113643:6|98113645:6|98113654:6|98113657:6|98113672:6|98113673:6|98113675:6|98113681:6|98113682:6|98113685:6|98113692:6|98113693:6|98113694:6|98113705:6|98113712:6|98113714:6|98113716:6|98113718:6|98113723:6|98113724:6|98113725:6|98113726:6|98113728:6|98113741:6|98113742:6|98113746:6|98113748:6|98113750:6|98113751:6|98113753:6|98113754:6|98113759:6|98113761:6|98113765:6|98113781:6|98113782:6|98113783:6|98113784:6|98113786:6|98113791:6|98113792:6|98113794:6|98113802:6|98113805:6|98113816:6|98113824:6|98113826:6|98113827:6|98113842:6|98113845:6|98113847:6|98113851:6|98113853:6|98113857:6|98113862:6|98113863:6|98113864:6|98113867:6|98113870:6|98113872:6|98113874:6|98113876:6|98113904:6|98113905:6|98113912:6|98113913:6
2020-03-06 12:35:16,436:INFO:98112365:6|98112746:6|98112764:6|98112843:6|98112853:6|98112873:6|98112914:6|98112917:6|98112943:6|98112951:6|98112958:6|98112964:6|98112965:6|98112967:6|98112971:6|98112975:6|98113071:6|98113127:6|98113146:6|98113147:6|98113167:6|98113214:6|98113216:6|98113217:6|98113218:6|98113219:6|98113246:6|98113251:6|98113257:6|98113261:6|98113267:6|98113268:6|98113271:6|98113274:6|98113295:6|98113416:6|98113427:6|98113429:6|98113452:6|98113463:6|98113469:6|98113471:6|98113472:6|98113473:6|98113475:6|98113476:6|98113491:6|98113492:6|98113497:6|98113521:6|98113527:6|98113529:6|98113541:6|98113542:6|98113547:6|98113561:6|98113564:6|98113573:6|98113587:6|98113592:6|98113614:6|98113615:6|98113617:6|98113625:6|98113641:6|98113642:6|98113643:6|98113645:6|98113654:6|98113657:6|98113672:6|98113673:6|98113675:6|98113681:6|98113682:6|98113685:6|98113692:6|98113693:6|98113694:6|98113705:6|98113712:6|98113714:6|98113716:6|98113718:6|98113723:6|98113724:6|98113725:6|98113726:6|98113728:6|98113741:6|98113742:6|98113746:6|98113748:6|98113750:6|98113751:6|98113753:6|98113754:6|98113759:6|98113761:6|98113765:6|98113781:6|98113782:6|98113783:6|98113784:6|98113786:6|98113791:6|98113792:6|98113794:6|98113802:6|98113805:6|98113816:6|98113824:6|98113826:6|98113827:6|98113842:6|98113845:6|98113847:6|98113851:6|98113853:6|98113857:6|98113862:6|98113863:6|98113864:6|98113867:6|98113870:6|98113872:6|98113874:6|98113876:6|98113904:6|98113905:6|98113912:6|98113913:6
2020-03-06 12:35:16,935:INFO:98112365:6|98112746:6|98112764:6|98112843:6|98112853:6|98112873:6|98112914:6|98112917:6|98112943:6|98112951:6|98112958:6|98112964:6|98112965:6|98112967:6|98112971:6|98112975:6|98113071:6|98113127:6|98113146:6|98113147:6|98113167:6|98113214:6|98113216:6|98113217:6|98113218:6|98113219:6|98113246:6|98113251:6|98113257:6|98113261:6|98113267:6|98113268:6|98113271:6|98113274:6|98113295:6|98113416:6|98113427:6|98113429:6|98113452:6|98113463:6|98113469:6|98113471:6|98113472:6|98113473:6|98113475:6|98113476:6|98113491:6|98113492:6|98113497:6|98113521:6|98113527:6|98113529:6|98113541:6|98113542:6|98113547:6|98113561:6|98113564:6|98113573:6|98113587:6|98113592:6|98113614:6|98113615:6|98113617:6|98113625:6|98113641:6|98113642:6|98113643:6|98113645:6|98113654:6|98113657:6|98113672:6|98113673:6|98113675:6|98113681:6|98113682:6|98113685:6|98113692:6|98113693:6|98113694:6|98113705:6|98113712:6|98113714:6|98113716:6|98113718:6|98113723:6|98113724:6|98113725:6|98113726:6|98113728:6|98113741:6|98113742:6|98113746:6|98113748:6|98113750:6|98113751:6|98113753:6|98113754:6|98113759:6|98113761:6|98113765:6|98113781:6|98113782:6|98113783:6|98113784:6|98113786:6|98113791:6|98113792:6|98113794:6|98113802:6|98113805:6|98113816:6|98113824:6|98113826:6|98113827:6|98113842:6|98113845:6|98113847:6|98113851:6|98113853:6|98113857:6|98113862:6|98113863:6|98113864:6|98113867:6|98113870:6|98113872:6|98113874:6|98113876:6|98113904:6|98113905:6|98113912:6|98113913:6
2020-03-06 12:35:17,350:INFO:98112365:6|98112746:6|98112764:6|98112843:6|98112853:6|98112873:6|98112914:6|98112917:6|98112943:6|98112951:6|98112958:6|98112964:6|98112965:6|98112967:6|98112971:6|98112975:6|98113071:6|98113127:6|98113146:6|98113147:6|98113167:6|98113214:6|98113216:6|98113217:6|98113218:6|98113219:6|98113246:6|98113251:6|98113257:6|98113261:6|98113267:6|98113268:6|98113271:6|98113274:6|98113295:6|98113416:6|98113427:6|98113429:6|98113452:6|98113463:6|98113469:6|98113471:6|98113472:6|98113473:6|98113475:6|98113476:6|98113491:6|98113492:6|98113497:6|98113521:6|98113527:6|98113529:6|98113541:6|98113542:6|98113547:6|98113561:6|98113564:6|98113573:6|98113587:6|98113592:6|98113614:6|98113615:6|98113617:6|98113625:6|98113641:6|98113642:6|98113643:6|98113645:6|98113654:6|98113657:6|98113672:6|98113673:6|98113675:6|98113681:6|98113682:6|98113685:6|98113692:6|98113693:6|98113694:6|98113705:6|98113712:6|98113714:6|98113716:6|98113718:6|98113723:6|98113724:6|98113725:6|98113726:6|98113728:6|98113741:6|98113742:6|98113746:6|98113748:6|98113750:6|98113751:6|98113753:6|98113754:6|98113759:6|98113761:6|98113765:6|98113781:6|98113782:6|98113783:6|98113784:6|98113786:6|98113791:6|98113792:6|98113794:6|98113802:6|98113805:6|98113816:6|98113824:6|98113826:6|98113827:6|98113842:6|98113845:6|98113847:6|98113851:6|98113853:6|98113857:6|98113862:6|98113863:6|98113864:6|98113867:6|98113870:6|98113872:6|98113874:6|98113876:6|98113904:6|98113905:6|98113912:6|98113913:6
2020-03-06 12:37:51,749:INFO:-1
2020-03-06 12:37:58,837:INFO:-1
2020-03-06 12:38:03,381:INFO:ДУГААРАА СОНГОЖ БУЙ ХЭСЭГ
2020-03-06 12:38:03,381:INFO:7
2020-03-06 12:38:46,789:INFO:ДУГААРАА СОНГОЖ БУЙ ХЭСЭГ
2020-03-06 12:38:46,789:INFO:7
2020-03-06 12:38:50,084:INFO:ДУГААРАА СОНГОЖ БУЙ ХЭСЭГ
2020-03-06 12:38:50,084:INFO:7
2020-03-06 12:38:52,115:INFO:ДУГААРАА СОНГОЖ БУЙ ХЭСЭГ
2020-03-06 12:38:52,115:INFO:7
2020-03-06 12:39:11,388:INFO:98142222:5|98143333:5|98152222:5|98154444:5|98174444:5|98176666:5|98192222:5|98213333:5|98214444:5|98243333:5|98246666:5|98253333:5|98254444:5|98263333:5|98264444:5|98273333:5|98274444:5|98276666:5|98293333:5|98294444:5|98296666:5|98302222:5|98304444:5|98314444:5|98317777:5|98324444:5|98326666:5|98327777:5|98370000:5|98372222:5|98373333:5|98374444:5|98375555:5|98376666:5|98423333:5|98426666:5|98432222:5|98436666:5|98452222:5|98453333:5|98456666:5|98457777:5|98462222:5|98463333:5|98467777:5|98470000:5|98472222:5|98473333:5|98475555:5|98476666:5|98483333:5|98498888:5|98507777:5|98513333:5|98514444:5|98516666:5|98526666:5|98528888:5|98530000:5|98541111:5|98562222:5|98564444:5|98571111:5|98592222:5|98593333:5|98594444:5|98603333:5|98604444:5|98613333:5|98623333:5|98632222:5|98634444:5|98642222:5|98643333:5|98652222:5|98653333:5|98654444:5|98673333:5|98674444:5|98702222:5|98704444:5|98834444:5|98924444:5|98932222:5|98946666:5|98952222:5|98953333:5
2020-03-06 12:39:19,545:INFO:98142222:5|98143333:5|98152222:5|98154444:5|98174444:5|98176666:5|98192222:5|98213333:5|98214444:5|98243333:5|98246666:5|98253333:5|98254444:5|98263333:5|98264444:5|98273333:5|98274444:5|98276666:5|98293333:5|98294444:5|98296666:5|98302222:5|98304444:5|98314444:5|98317777:5|98324444:5|98326666:5|98327777:5|98370000:5|98372222:5|98373333:5|98374444:5|98375555:5|98376666:5|98423333:5|98426666:5|98432222:5|98436666:5|98452222:5|98453333:5|98456666:5|98457777:5|98462222:5|98463333:5|98467777:5|98470000:5|98472222:5|98473333:5|98475555:5|98476666:5|98483333:5|98498888:5|98507777:5|98513333:5|98514444:5|98516666:5|98526666:5|98528888:5|98530000:5|98541111:5|98562222:5|98564444:5|98571111:5|98592222:5|98593333:5|98594444:5|98603333:5|98604444:5|98613333:5|98623333:5|98632222:5|98634444:5|98642222:5|98643333:5|98652222:5|98653333:5|98654444:5|98673333:5|98674444:5|98702222:5|98704444:5|98834444:5|98924444:5|98932222:5|98946666:5|98952222:5|98953333:5
2020-03-06 12:39:21,377:INFO:98142222:5|98143333:5|98152222:5|98154444:5|98174444:5|98176666:5|98192222:5|98213333:5|98214444:5|98243333:5|98246666:5|98253333:5|98254444:5|98263333:5|98264444:5|98273333:5|98274444:5|98276666:5|98293333:5|98294444:5|98296666:5|98302222:5|98304444:5|98314444:5|98317777:5|98324444:5|98326666:5|98327777:5|98370000:5|98372222:5|98373333:5|98374444:5|98375555:5|98376666:5|98423333:5|98426666:5|98432222:5|98436666:5|98452222:5|98453333:5|98456666:5|98457777:5|98462222:5|98463333:5|98467777:5|98470000:5|98472222:5|98473333:5|98475555:5|98476666:5|98483333:5|98498888:5|98507777:5|98513333:5|98514444:5|98516666:5|98526666:5|98528888:5|98530000:5|98541111:5|98562222:5|98564444:5|98571111:5|98592222:5|98593333:5|98594444:5|98603333:5|98604444:5|98613333:5|98623333:5|98632222:5|98634444:5|98642222:5|98643333:5|98652222:5|98653333:5|98654444:5|98673333:5|98674444:5|98702222:5|98704444:5|98834444:5|98924444:5|98932222:5|98946666:5|98952222:5|98953333:5
2020-03-06 12:40:03,651:INFO:ДУГААРАА СОНГОЖ БУЙ ХЭСЭГ
2020-03-06 12:40:03,652:INFO:7
2020-03-06 12:40:13,719:INFO:98007722:7|98012244:7|98012288:7|98013322:7|98014411:7|98014422:7|98014477:7|98015500:7|98016600:7|98016622:7|98016655:7|98017722:7|98017744:7|98018833:7|98018866:7|98020033:7|98020066:7|98021155:7|98021166:7|98021177:7|98022266:7|98023300:7|98023311:7|98023322:7|98023377:7|98024400:7|98024411:7|98024433:7|98024455:7|98025500:7|98025511:7|98025522:7|98025544:7|98025566:7|98025577:7|98026600:7|98026611:7|98026622:7|98026633:7|98026644:7|98026655:7|98026677:7|98027700:7|98027711:7|98027722:7|98027733:7|98027744:7|98027755:7|98027766:7|98028833:7|98028855:7|98028866:7|98029933:7|98029944:7|98029955:7|98029966:7|98029977:7|98030044:7|98030055:7|98030066:7|98030077:7|98031100:7|98031133:7|98031144:7|98031155:7|98031166:7|98031177:7|98032200:7|98032211:7|98032244:7|98032255:7|98032266:7|98032277:7|98032299:7|98033311:7|98033322:7|98033355:7|98034400:7|98034411:7|98034422:7|98034433:7|98034477:7|98034499:7|98035500:7|98035511:7|98035522:7|98035533:7|98035577:7|98035588:7|98036600:7|98036622:7|98036633:7|98036644:7|98036655:7|98037700:7|98037711:7|98037722:7|98037733:7|98037744:7|98037766:7|98038800:7|98038811:7|98038822:7|98038844:7|98038855:7|98038866:7|98039900:7|98039933:7|98039955:7|98039966:7|98040033:7|98040055:7|98040077:7|98040099:7|98041133:7|98041155:7|98041166:7|98042200:7|98042211:7|98042255:7|98042266:7|98042277:7|98042288:7|98042299:7|98043300:7|98043322:7|98043355:7|98043366:7|98043377:7|98043388:7|98044411:7|98044422:7
2020-03-06 12:40:21,052:INFO:98007722:7|98012244:7|98012288:7|98013322:7|98014411:7|98014422:7|98014477:7|98015500:7|98016600:7|98016622:7|98016655:7|98017722:7|98017744:7|98018833:7|98018866:7|98020033:7|98020066:7|98021155:7|98021166:7|98021177:7|98022266:7|98023300:7|98023311:7|98023322:7|98023377:7|98024400:7|98024411:7|98024433:7|98024455:7|98025500:7|98025511:7|98025522:7|98025544:7|98025566:7|98025577:7|98026600:7|98026611:7|98026622:7|98026633:7|98026644:7|98026655:7|98026677:7|98027700:7|98027711:7|98027722:7|98027733:7|98027744:7|98027755:7|98027766:7|98028833:7|98028855:7|98028866:7|98029933:7|98029944:7|98029955:7|98029966:7|98029977:7|98030044:7|98030055:7|98030066:7|98030077:7|98031100:7|98031133:7|98031144:7|98031155:7|98031166:7|98031177:7|98032200:7|98032211:7|98032244:7|98032255:7|98032266:7|98032277:7|98032299:7|98033311:7|98033322:7|98033355:7|98034400:7|98034411:7|98034422:7|98034433:7|98034477:7|98034499:7|98035500:7|98035511:7|98035522:7|98035533:7|98035577:7|98035588:7|98036600:7|98036622:7|98036633:7|98036644:7|98036655:7|98037700:7|98037711:7|98037722:7|98037733:7|98037744:7|98037766:7|98038800:7|98038811:7|98038822:7|98038844:7|98038855:7|98038866:7|98039900:7|98039933:7|98039955:7|98039966:7|98040033:7|98040055:7|98040077:7|98040099:7|98041133:7|98041155:7|98041166:7|98042200:7|98042211:7|98042255:7|98042266:7|98042277:7|98042288:7|98042299:7|98043300:7|98043322:7|98043355:7|98043366:7|98043377:7|98043388:7|98044411:7|98044422:7
2020-03-06 12:40:22,609:INFO:98007722:7|98012244:7|98012288:7|98013322:7|98014411:7|98014422:7|98014477:7|98015500:7|98016600:7|98016622:7|98016655:7|98017722:7|98017744:7|98018833:7|98018866:7|98020033:7|98020066:7|98021155:7|98021166:7|98021177:7|98022266:7|98023300:7|98023311:7|98023322:7|98023377:7|98024400:7|98024411:7|98024433:7|98024455:7|98025500:7|98025511:7|98025522:7|98025544:7|98025566:7|98025577:7|98026600:7|98026611:7|98026622:7|98026633:7|98026644:7|98026655:7|98026677:7|98027700:7|98027711:7|98027722:7|98027733:7|98027744:7|98027755:7|98027766:7|98028833:7|98028855:7|98028866:7|98029933:7|98029944:7|98029955:7|98029966:7|98029977:7|98030044:7|98030055:7|98030066:7|98030077:7|98031100:7|98031133:7|98031144:7|98031155:7|98031166:7|98031177:7|98032200:7|98032211:7|98032244:7|98032255:7|98032266:7|98032277:7|98032299:7|98033311:7|98033322:7|98033355:7|98034400:7|98034411:7|98034422:7|98034433:7|98034477:7|98034499:7|98035500:7|98035511:7|98035522:7|98035533:7|98035577:7|98035588:7|98036600:7|98036622:7|98036633:7|98036644:7|98036655:7|98037700:7|98037711:7|98037722:7|98037733:7|98037744:7|98037766:7|98038800:7|98038811:7|98038822:7|98038844:7|98038855:7|98038866:7|98039900:7|98039933:7|98039955:7|98039966:7|98040033:7|98040055:7|98040077:7|98040099:7|98041133:7|98041155:7|98041166:7|98042200:7|98042211:7|98042255:7|98042266:7|98042277:7|98042288:7|98042299:7|98043300:7|98043322:7|98043355:7|98043366:7|98043377:7|98043388:7|98044411:7|98044422:7
2020-03-06 12:40:27,932:INFO:98007722:7|98012244:7|98012288:7|98013322:7|98014411:7|98014422:7|98014477:7|98015500:7|98016600:7|98016622:7|98016655:7|98017722:7|98017744:7|98018833:7|98018866:7|98020033:7|98020066:7|98021155:7|98021166:7|98021177:7|98022266:7|98023300:7|98023311:7|98023322:7|98023377:7|98024400:7|98024411:7|98024433:7|98024455:7|98025500:7|98025511:7|98025522:7|98025544:7|98025566:7|98025577:7|98026600:7|98026611:7|98026622:7|98026633:7|98026644:7|98026655:7|98026677:7|98027700:7|98027711:7|98027722:7|98027733:7|98027744:7|98027755:7|98027766:7|98028833:7|98028855:7|98028866:7|98029933:7|98029944:7|98029955:7|98029966:7|98029977:7|98030044:7|98030055:7|98030066:7|98030077:7|98031100:7|98031133:7|98031144:7|98031155:7|98031166:7|98031177:7|98032200:7|98032211:7|98032244:7|98032255:7|98032266:7|98032277:7|98032299:7|98033311:7|98033322:7|98033355:7|98034400:7|98034411:7|98034422:7|98034433:7|98034477:7|98034499:7|98035500:7|98035511:7|98035522:7|98035533:7|98035577:7|98035588:7|98036600:7|98036622:7|98036633:7|98036644:7|98036655:7|98037700:7|98037711:7|98037722:7|98037733:7|98037744:7|98037766:7|98038800:7|98038811:7|98038822:7|98038844:7|98038855:7|98038866:7|98039900:7|98039933:7|98039955:7|98039966:7|98040033:7|98040055:7|98040077:7|98040099:7|98041133:7|98041155:7|98041166:7|98042200:7|98042211:7|98042255:7|98042266:7|98042277:7|98042288:7|98042299:7|98043300:7|98043322:7|98043355:7|98043366:7|98043377:7|98043388:7|98044411:7|98044422:7
2020-03-06 12:40:48,042:INFO:ДУГААРАА СОНГОЖ БУЙ ХЭСЭГ
2020-03-06 12:40:48,042:INFO:7
2020-03-06 12:40:55,678:INFO:98002662:9|98003223:9|98004774:9|98004994:9|98006446:9|98010660:9|98010770:9|98011661:9|98012662:9|98012772:9|98012992:9|98013113:9|98013443:9|98013663:9|98013773:9|98013883:9|98013993:9|98014114:9|98014334:9|98014343:9|98014554:9|98014664:9|98014774:9|98014994:9|98015115:9|98015225:9|98015335:9|98015445:9|98015665:9|98015775:9|98015885:9|98015995:9|98016116:9|98016262:9|98016336:9|98016363:9|98016446:9|98016556:9|98016776:9|98016886:9|98016996:9|98017007:9|98017117:9|98017227:9|98017272:9|98017337:9|98017373:9|98017447:9|98017557:9|98017667:9|98017887:9|98017997:9|98018338:9|98018558:9|98018778:9|98019119:9|98019229:9|98019339:9|98019449:9|98019669:9|98019779:9|98020440:9|98020550:9|98020660:9|98020770:9|98020990:9|98021331:9|98021441:9|98021551:9|98021616:9|98021661:9|98021717:9|98021771:9|98021991:9|98022332:9|98022424:9|98022442:9|98022552:9|98022772:9|98022992:9|98023003:9|98023113:9|98023131:9|98023223:9|98023443:9|98023553:9|98023663:9|98023737:9|98023773:9|98023883:9|98023993:9|98024004:9|98024114:9|98024224:9|98024242:9|98024343:9|98024545:9|98024554:9|98024774:9|98024884:9|98024994:9|98025115:9|98025225:9|98025252:9|98025335:9|98025353:9|98025445:9|98025665:9|98025757:9|98025775:9|98025885:9|98025995:9|98026116:9|98026161:9|98026226:9|98026336:9|98026446:9|98026556:9|98026565:9|98026767:9|98026776:9|98026886:9|98026996:9|98027007:9|98027117:9|98027171:9|98027227:9|98027337:9|98027373:9|98027447:9|98027474:9|98027557:9
2020-03-06 12:43:15,906:INFO:ДУГААРАА СОНГОЖ БУЙ ХЭСЭГ
2020-03-06 12:43:15,907:INFO:7
2020-03-06 12:43:50,284:INFO:98008003:6|98008006:6|98008011:6|98008012:6|98008013:6|98008014:6|98008015:6|98008016:6|98008017:6|98008018:6|98008019:6|98008020:6|98008021:6|98008022:6|98008023:6|98008024:6|98008025:6|98008026:6|98008027:6|98008028:6|98008029:6|98008030:6|98008031:6|98008032:6|98008033:6|98008034:6|98008035:6|98008036:6|98008037:6|98008038:6|98008039:6|98008040:6|98008041:6|98008042:6|98008043:6|98008044:6|98008045:6|98008046:6|98008047:6|98008049:6|98008051:6|98008052:6|98008053:6|98008054:6|98008055:6|98008056:6|98008057:6|98008058:6|98008059:6|98008060:6|98008061:6|98008062:6|98008063:6|98008064:6|98008065:6|98008067:6|98008068:6|98008071:6|98008072:6|98008073:6|98008074:6|98008075:6|98008077:6|98008078:6|98008079:6|98008086:6|98008087:6|98008091:6|98008092:6|98008093:6|98008094:6|98008095:6|98008096:6|98008097:6|98008101:6|98008103:6|98008104:6|98008105:6|98008106:6|98008107:6|98008108:6|98008109:6|98008110:6|98008112:6|98008113:6|98008114:6|98008115:6|98008116:6|98008117:6|98008119:6|98008120:6|98008121:6|98008122:6|98008123:6|98008124:6|98008125:6|98008126:6|98008127:6|98008129:6|98008130:6|98008131:6|98008132:6|98008133:6|98008134:6|98008135:6|98008136:6|98008137:6|98008138:6|98008139:6|98008140:6|98008142:6|98008143:6|98008144:6|98008145:6|98008146:6|98008147:6|98008148:6|98008149:6|98008150:6|98008151:6|98008152:6|98008153:6|98008154:6|98008155:6|98008156:6|98008157:6|98008158:6|98008159:6|98008160:6|98008161:6|98008162:6|98008163:6
2020-03-06 12:49:54,725:INFO:------------------------------------------------------------------------------------------------
2020-03-06 12:50:39,711:INFO:98088012:6|98088013:6|98088014:6|98088015:6|98088016:6|98088017:6|98088021:6|98088023:6|98088024:6|98088025:6|98088026:6|98088027:6|98088029:6|98088030:6|98088031:6|98088032:6|98088034:6|98088035:6|98088036:6|98088037:6|98088038:6|98088039:6|98088041:6|98088042:6|98088043:6|98088046:6|98088047:6|98088048:6|98088049:6|98088051:6|98088052:6|98088053:6|98088054:6|98088056:6|98088057:6|98088059:6|98088061:6|98088062:6|98088064:6|98088065:6|98088066:6|98088067:6|98088069:6|98088071:6|98088072:6|98088074:6|98088075:6|98088076:6|98088078:6|98088079:6|98088091:6|98088092:6|98088094:6|98088095:6|98088097:6|98088101:6|98088102:6|98088103:6|98088104:6|98088105:6|98088106:6|98088107:6|98088109:6|98088110:6|98088112:6|98088113:6|98088114:6|98088116:6|98088117:6|98088119:6|98088120:6|98088121:6|98088122:6|98088123:6|98088124:6|98088125:6|98088126:6|98088127:6|98088128:6|98088129:6|98088130:6|98088131:6|98088132:6|98088134:6|98088135:6|98088136:6|98088137:6|98088138:6|98088139:6|98088140:6|98088141:6|98088142:6|98088143:6|98088144:6|98088145:6|98088146:6|98088147:6|98088148:6|98088149:6|98088150:6|98088151:6|98088152:6|98088153:6|98088154:6|98088155:6|98088156:6|98088157:6|98088158:6|98088159:6|98088160:6|98088162:6|98088163:6|98088164:6|98088165:6|98088166:6|98088167:6|98088168:6|98088169:6|98088170:6|98088171:6|98088172:6|98088173:6|98088174:6|98088175:6|98088176:6|98088177:6|98088178:6|98088179:6|98088183:6|98088184:6|98088185:6|98088186:6
2020-03-06 12:51:34,379:INFO:98008086:6|98008087:6
2020-03-06 12:51:53,609:INFO:98008003:6|98008006:6
2020-03-06 12:52:09,915:INFO:98008086:6|98008087:6
2020-03-06 12:52:10,986:INFO:98008086:6|98008087:6
2020-03-06 12:52:39,617:INFO:98008071:6|98008072:6|98008073:6|98008074:6|98008075:6|98008077:6|98008078:6|98008079:6
2020-03-06 12:53:07,290:INFO:98088071:6|98088072:6|98088074:6|98088075:6|98088076:6|98088078:6|98088079:6
2020-03-06 12:53:29,032:INFO:-1
2020-03-06 12:53:39,328:INFO:-1
2020-03-06 12:54:11,228:INFO:-1
2020-03-06 12:54:29,193:INFO:98112365:6|98112746:6|98112764:6|98112843:6|98112853:6|98112873:6|98112914:6|98112917:6|98112943:6|98112951:6|98112958:6|98112964:6|98112965:6|98112967:6|98112971:6|98112975:6|98113071:6|98113127:6|98113146:6|98113147:6|98113167:6|98113214:6|98113216:6|98113217:6|98113218:6|98113219:6|98113246:6|98113251:6|98113257:6|98113261:6|98113267:6|98113268:6|98113271:6|98113274:6|98113295:6|98113416:6|98113427:6|98113429:6|98113452:6|98113463:6|98113469:6|98113471:6|98113472:6|98113473:6|98113475:6|98113476:6|98113491:6|98113492:6|98113497:6|98113521:6|98113527:6|98113529:6|98113541:6|98113542:6|98113547:6|98113561:6|98113564:6|98113573:6|98113587:6|98113592:6|98113614:6|98113615:6|98113617:6|98113625:6|98113641:6|98113642:6|98113643:6|98113645:6|98113654:6|98113657:6|98113672:6|98113673:6|98113675:6|98113681:6|98113682:6|98113685:6|98113692:6|98113693:6|98113694:6|98113705:6|98113712:6|98113714:6|98113716:6|98113718:6|98113723:6|98113724:6|98113725:6|98113726:6|98113728:6|98113741:6|98113742:6|98113746:6|98113748:6|98113750:6|98113751:6|98113753:6|98113754:6|98113759:6|98113761:6|98113765:6|98113781:6|98113782:6|98113783:6|98113784:6|98113786:6|98113791:6|98113792:6|98113794:6|98113802:6|98113805:6|98113816:6|98113824:6|98113826:6|98113827:6|98113842:6|98113845:6|98113847:6|98113851:6|98113853:6|98113857:6|98113862:6|98113863:6|98113864:6|98113867:6|98113870:6|98113872:6|98113874:6|98113876:6|98113904:6|98113905:6|98113912:6|98113913:6
2020-03-06 12:55:28,782:INFO:98112958:6|98113218:6|98113268:6|98113718:6|98113728:6|98113748:6|98113918:6|98113928:6|98114128:6|98114158:6|98114238:6|98114278:6|98114328:6|98114358:6|98114368:6|98114518:6|98114528:6|98114618:6|98114718:6|98114738:6|98114768:6|98114908:6|98114928:6|98114938:6|98114958:6|98114968:6|98115238:6|98115268:6|98115348:6|98115378:6|98115408:6|98115418:6|98115428:6|98115468:6|98115478:6|98115638:6|98115648:6|98115718:6|98115728:6|98115748:6|98115768:6|98115928:6|98115938:6|98116028:6|98116038:6|98116138:6|98116158:6|98116208:6|98116238:6|98116248:6|98116328:6|98116348:6|98116378:6|98116418:6|98116428:6|98116438:6|98116478:6|98116528:6|98116718:6|98116728:6|98116738:6|98116748:6|98116758:6|98116928:6|98117148:6|98117158:6|98117218:6|98117248:6|98117268:6|98117308:6|98117318:6|98117348:6|98117358:6|98117368:6|98117408:6|98117418:6|98117428:6|98117438:6|98117458:6|98117468:6|98117518:6|98117538:6|98117548:6|98117568:6|98117618:6|98117628:6|98117638:6|98117918:6|98117948:6|98117968:6|98118148:6|98118238:6|98118328:6|98118518:6|98118548:6|98118718:6|98118738:6|98118948:6|98119128:6|98119238:6|98119248:6|98119258:6|98119268:6|98119278:6|98119368:6|98119408:6|98119428:6|98119458:6|98119528:6|98119548:6|98119648:6|98119738:6|98119748:6
2020-03-06 13:02:57,203:WARNING:Not Found: /
2020-03-06 13:09:30,744:INFO:-1
2020-03-06 13:09:45,081:INFO:-1
2020-03-06 13:09:49,131:INFO:-1
2020-03-06 13:09:57,658:INFO:-1
2020-03-06 13:10:04,647:INFO:-1
2020-03-06 13:10:10,945:INFO:-1
2020-03-06 13:10:22,276:INFO:-1
2020-03-06 13:10:28,366:INFO:-1
2020-03-06 13:10:35,621:INFO:-1
2020-03-06 13:15:53,050:INFO:ДУГААРАА СОНГОЖ БУЙ ХЭСЭГ
2020-03-06 13:15:53,050:INFO:7
2020-03-06 13:16:24,261:INFO:98008328:6|98018328:6|98028328:6|98038328:6|98048328:6|98058328:6|98068328:6|98078328:6|98088328:6|98098328:6|98108328:6|98128328:6|98138328:6|98148328:6|98168328:6|98178328:6|98188328:6|98198328:6|98218328:6|98228328:6|98238328:6|98248328:6|98258328:6|98268328:6|98278328:6|98298328:6|98308328:6|98318328:6|98328328:6|98338328:6|98388328:6|98428328:6|98438328:6|98458328:6|98468328:6|98478328:6|98488328:6|98518328:6|98528328:6|98568328:6|98588328:6|98598328:6|98608328:6|98628328:6|98638328:6|98648328:6|98658328:6|98678328:6|98708328:6|98818328:6|98848328:6|98858328:6|98868328:6|98878328:6|98898328:6|98908328:6|98918328:6|98938328:6|98948328:6|98958328:6|98968328:6|98978328:6
2020-03-06 13:16:51,715:INFO:98098328:6
2020-03-06 13:17:05,861:INFO:98088328:6
2020-03-06 13:17:07,995:INFO:98088328:6
2020-03-06 13:48:05,822:INFO:-1
2020-03-06 13:48:14,551:INFO:-1
2020-03-06 13:48:17,783:INFO:-1
2020-03-06 13:48:19,226:INFO:-1
2020-03-06 13:48:19,312:INFO:-1
2020-03-06 13:48:19,537:INFO:-1
2020-03-06 13:48:19,565:INFO:-1
2020-03-06 13:49:04,850:INFO:-1
2020-03-06 13:49:04,993:INFO:-1
2020-03-06 13:49:05,921:INFO:-1
2020-03-06 13:49:06,374:INFO:-1
2020-03-06 13:49:06,520:INFO:-1
2020-03-06 13:49:06,632:INFO:-1
2020-03-06 13:49:27,585:INFO:-1
2020-03-06 13:49:28,169:INFO:-1
2020-03-06 13:49:28,775:INFO:-1
2020-03-06 13:49:29,089:INFO:-1
2020-03-06 13:49:29,300:INFO:-1
2020-03-06 13:49:29,413:INFO:-1
2020-03-06 13:49:29,513:INFO:-1
2020-03-06 13:49:45,171:INFO:ДУГААРАА СОНГОЖ БУЙ ХЭСЭГ
2020-03-06 13:49:45,172:INFO:7
2020-03-06 13:50:10,122:INFO:ДУГААРАА СОНГОЖ БУЙ ХЭСЭГ
2020-03-06 13:50:10,122:INFO:7
2020-03-06 13:50:24,879:INFO:98102112:9|98102442:9|98102772:9|98102992:9|98103113:9|98103223:9|98103443:9|98103553:9|98103663:9|98103773:9|98103993:9|98104114:9|98104224:9|98104334:9|98104554:9|98104664:9|98104774:9|98104994:9|98106226:9|98106336:9|98106556:9|98106776:9|98106886:9|98107227:9|98107337:9|98107447:9|98107557:9|98107667:9|98107997:9|98109229:9|98109449:9|98109779:9
2020-03-06 13:51:00,851:INFO:ДУГААРАА СОНГОЖ БУЙ ХЭСЭГ
2020-03-06 13:51:00,851:INFO:7
2020-03-06 13:51:39,199:INFO:98100042:6|98100053:6|98100113:6|98100126:6|98100132:6|98100134:6|98100135:6|98100136:6|98100137:6|98100138:6|98100142:6|98100144:6|98100145:6|98100146:6|98100147:6|98100149:6|98100152:6|98100153:6|98100154:6|98100156:6|98100157:6|98100158:6|98100159:6|98100162:6|98100164:6|98100167:6|98100168:6|98100169:6|98100170:6|98100171:6|98100172:6|98100173:6|98100174:6|98100175:6|98100176:6|98100178:6|98100182:6|98100183:6|98100184:6|98100185:6|98100186:6|98100187:6|98100192:6|98100193:6|98100194:6|98100196:6|98100204:6|98100207:6|98100213:6|98100216:6|98100217:6|98100219:6|98100221:6|98100223:6|98100224:6|98100226:6|98100231:6|98100232:6|98100234:6|98100235:6|98100236:6|98100237:6|98100238:6|98100239:6|98100240:6|98100241:6|98100242:6|98100243:6|98100244:6|98100245:6|98100246:6|98100248:6|98100249:6|98100250:6|98100251:6|98100252:6|98100253:6|98100254:6|98100256:6|98100257:6|98100258:6|98100260:6|98100261:6|98100263:6|98100264:6|98100265:6|98100266:6|98100267:6|98100269:6|98100270:6|98100271:6|98100272:6|98100273:6|98100274:6|98100275:6|98100276:6|98100277:6|98100278:6|98100279:6|98100281:6|98100282:6|98100283:6|98100284:6|98100285:6|98100286:6|98100287:6|98100288:6|98100290:6|98100291:6|98100292:6|98100293:6|98100294:6|98100295:6|98100296:6|98100297:6|98100298:6|98100302:6|98100309:6|98100316:6|98100317:6|98100319:6|98100320:6|98100322:6|98100324:6|98100326:6|98100329:6|98100331:6|98100332:6|98100334:6|98100335:6|98100336:6|98100337:6
2020-03-06 13:52:23,546:INFO:98000136:6|98000137:6|98000148:6|98000153:6|98000156:6|98000159:6|98000163:6|98000164:6|98000165:6|98000167:6|98000172:6|98000175:6|98000184:6|98000197:6|98000216:6|98000231:6|98000237:6|98000239:6|98000243:6|98000245:6|98000251:6|98000252:6|98000253:6|98000254:6|98000257:6|98000258:6|98000259:6|98000261:6|98000263:6|98000264:6|98000267:6|98000269:6|98000271:6|98000273:6|98000274:6|98000275:6|98000276:6|98000278:6|98000279:6|98000281:6|98000283:6|98000284:6|98000287:6|98000291:6|98000293:6|98000295:6|98000296:6|98000297:6|98000319:6|98000325:6|98000329:6|98000339:6|98000340:6|98000341:6|98000344:6|98000346:6|98000347:6|98000348:6|98000349:6|98000352:6|98000354:6|98000356:6|98000357:6|98000358:6|98000359:6|98000360:6|98000361:6|98000362:6|98000363:6|98000364:6|98000365:6|98000367:6|98000369:6|98000371:6|98000372:6|98000374:6|98000375:6|98000376:6|98000378:6|98000379:6|98000382:6|98000383:6|98000384:6|98000385:6|98000386:6|98000392:6|98000394:6|98000395:6|98000396:6|98000397:6|98000417:6|98000418:6|98000419:6|98000423:6|98000425:6|98000427:6|98000429:6|98000430:6|98000431:6|98000432:6|98000433:6|98000434:6|98000436:6|98000437:6|98000438:6|98000439:6|98000441:6|98000442:6|98000443:6|98000445:6|98000446:6|98000451:6|98000452:6|98000453:6|98000457:6|98000458:6|98000459:6|98000460:6|98000461:6|98000462:6|98000463:6|98000465:6|98000467:6|98000468:6|98000469:6|98000471:6|98000472:6|98000473:6|98000474:6|98000475:6|98000476:6|98000477:6
2020-03-06 13:52:58,419:INFO:98100042:6|98100053:6|98100113:6|98100126:6|98100132:6|98100134:6|98100135:6|98100136:6|98100137:6|98100138:6|98100142:6|98100144:6|98100145:6|98100146:6|98100147:6|98100149:6|98100152:6|98100153:6|98100154:6|98100156:6|98100157:6|98100158:6|98100159:6|98100162:6|98100164:6|98100167:6|98100168:6|98100169:6|98100170:6|98100171:6|98100172:6|98100173:6|98100174:6|98100175:6|98100176:6|98100178:6|98100182:6|98100183:6|98100184:6|98100185:6|98100186:6|98100187:6|98100192:6|98100193:6|98100194:6|98100196:6|98100204:6|98100207:6|98100213:6|98100216:6|98100217:6|98100219:6|98100221:6|98100223:6|98100224:6|98100226:6|98100231:6|98100232:6|98100234:6|98100235:6|98100236:6|98100237:6|98100238:6|98100239:6|98100240:6|98100241:6|98100242:6|98100243:6|98100244:6|98100245:6|98100246:6|98100248:6|98100249:6|98100250:6|98100251:6|98100252:6|98100253:6|98100254:6|98100256:6|98100257:6|98100258:6|98100260:6|98100261:6|98100263:6|98100264:6|98100265:6|98100266:6|98100267:6|98100269:6|98100270:6|98100271:6|98100272:6|98100273:6|98100274:6|98100275:6|98100276:6|98100277:6|98100278:6|98100279:6|98100281:6|98100282:6|98100283:6|98100284:6|98100285:6|98100286:6|98100287:6|98100288:6|98100290:6|98100291:6|98100292:6|98100293:6|98100294:6|98100295:6|98100296:6|98100297:6|98100298:6|98100302:6|98100309:6|98100316:6|98100317:6|98100319:6|98100320:6|98100322:6|98100324:6|98100326:6|98100329:6|98100331:6|98100332:6|98100334:6|98100335:6|98100336:6|98100337:6
2020-03-06 13:52:59,467:INFO:98100042:6|98100053:6|98100113:6|98100126:6|98100132:6|98100134:6|98100135:6|98100136:6|98100137:6|98100138:6|98100142:6|98100144:6|98100145:6|98100146:6|98100147:6|98100149:6|98100152:6|98100153:6|98100154:6|98100156:6|98100157:6|98100158:6|98100159:6|98100162:6|98100164:6|98100167:6|98100168:6|98100169:6|98100170:6|98100171:6|98100172:6|98100173:6|98100174:6|98100175:6|98100176:6|98100178:6|98100182:6|98100183:6|98100184:6|98100185:6|98100186:6|98100187:6|98100192:6|98100193:6|98100194:6|98100196:6|98100204:6|98100207:6|98100213:6|98100216:6|98100217:6|98100219:6|98100221:6|98100223:6|98100224:6|98100226:6|98100231:6|98100232:6|98100234:6|98100235:6|98100236:6|98100237:6|98100238:6|98100239:6|98100240:6|98100241:6|98100242:6|98100243:6|98100244:6|98100245:6|98100246:6|98100248:6|98100249:6|98100250:6|98100251:6|98100252:6|98100253:6|98100254:6|98100256:6|98100257:6|98100258:6|98100260:6|98100261:6|98100263:6|98100264:6|98100265:6|98100266:6|98100267:6|98100269:6|98100270:6|98100271:6|98100272:6|98100273:6|98100274:6|98100275:6|98100276:6|98100277:6|98100278:6|98100279:6|98100281:6|98100282:6|98100283:6|98100284:6|98100285:6|98100286:6|98100287:6|98100288:6|98100290:6|98100291:6|98100292:6|98100293:6|98100294:6|98100295:6|98100296:6|98100297:6|98100298:6|98100302:6|98100309:6|98100316:6|98100317:6|98100319:6|98100320:6|98100322:6|98100324:6|98100326:6|98100329:6|98100331:6|98100332:6|98100334:6|98100335:6|98100336:6|98100337:6
2020-03-06 13:53:59,385:INFO:-1
2020-03-06 13:54:01,637:INFO:-1
2020-03-06 14:45:33,462:INFO:------------------------------------------------------------------------------------------------
2020-03-06 14:45:33,468:INFO:------------------------------------------------------------------------------------------------
2020-03-06 16:08:23,516:INFO:ДУГААРАА СОНГОЖ БУЙ ХЭСЭГ
2020-03-06 16:08:23,516:INFO:2
2020-03-06 16:08:23,843:WARNING:Not Found: /favicon.ico
2020-03-06 16:08:33,454:INFO:93430018:6|93430020:6|93430024:6|93430028:6|93430029:6|93430031:6|93430034:6|93430035:6|93430036:6|93430037:6|93430039:6|93430040:6|93430041:6|93430042:6|93430046:6|93430048:6|93430049:6|93430050:6|93430051:6|93430052:6|93430054:6|93430056:6|93430057:6|93430059:6|93430061:6|93430062:6|93430064:6|93430071:6|93430073:6|93430074:6|93430081:6|93430083:6|93430084:6|93430085:6|93430086:6|93430090:6|93430091:6|93430092:6|93430094:6|93430095:6|93430098:6|93430117:6|93430120:6|93430123:6|93430124:6|93430125:6|93430128:6|93430129:6|93430132:6|93430133:6|93430135:6|93430138:6|93430139:6|93430140:6|93430141:6|93430142:6|93430144:6|93430145:6|93430146:6|93430148:6|93430149:6|93430150:6|93430151:6|93430152:6|93430153:6|93430154:6|93430155:6|93430156:6|93430157:6|93430158:6|93430159:6|93430160:6|93430161:6|93430163:6|93430164:6|93430165:6|93430167:6|93430168:6|93430169:6|93430170:6|93430171:6|93430172:6|93430173:6|93430174:6|93430175:6|93430176:6|93430178:6|93430179:6|93430180:6|93430181:6|93430182:6|93430183:6|93430184:6|93430185:6|93430186:6|93430187:6|93430190:6|93430191:6|93430192:6|93430193:6|93430194:6|93430195:6|93430196:6|93430198:6|93430206:6|93430208:6|93430211:6|93430213:6|93430215:6|93430216:6|93430217:6|93430219:6|93430224:6|93430227:6|93430231:6|93430233:6|93430234:6|93430235:6|93430236:6|93430237:6|93430238:6|93430239:6|93430240:6|93430241:6|93430242:6|93430244:6|93430245:6|93430246:6|93430248:6|93430249:6|93430250:6|93430251:6
2020-03-06 16:11:27,692:INFO:-1
2020-03-06 16:11:35,638:INFO:98006740:6
2020-03-06 16:11:50,603:INFO:ДУГААРЫН ҮНЭ
2020-03-06 16:11:50,607:INFO:10000
2020-03-06 16:50:07,482:INFO:РЕГИСТЕРИЙН ДУГААР
2020-03-06 16:50:09,057:INFO:ДУГААРАА СОНГОЖ БУЙ ХЭСЭГ
2020-03-06 16:50:09,057:INFO:7
2020-03-06 16:50:33,877:INFO:------------------------------------------------------------------------------------------------
2020-03-06 16:50:46,578:INFO:ДУГААРАА СОНГОЖ БУЙ ХЭСЭГ
2020-03-06 16:50:46,579:INFO:2
2020-03-06 16:50:47,188:WARNING:Not Found: /favicon.ico
2020-03-06 16:51:08,596:INFO:ДУГААРАА СОНГОЖ БУЙ ХЭСЭГ
2020-03-06 16:51:08,596:INFO:2
2020-03-06 16:51:40,158:INFO:------------------------------------------------------------------------------------------------
2020-03-06 16:51:42,773:INFO:ДУГААРАА СОНГОЖ БУЙ ХЭСЭГ
2020-03-06 16:51:42,773:INFO:2
2020-03-06 16:51:44,521:INFO:98388395:6
2020-03-06 16:51:50,619:INFO:ДУГААРЫН ҮНЭ
2020-03-06 16:51:50,622:INFO:5000
2020-03-06 16:52:03,594:INFO:-1
2020-03-06 16:52:09,914:INFO:98388396:6
2020-03-06 16:52:12,076:INFO:98388396:6
2020-03-06 16:52:50,338:INFO:-1
2020-03-06 16:52:52,030:INFO:-1
2020-03-06 16:52:52,453:INFO:-1
2020-03-06 16:52:54,042:INFO:-1
2020-03-06 16:52:54,064:INFO:-1
2020-03-06 16:53:14,206:INFO:93391825:6
2020-03-06 16:53:44,229:INFO:-1
2020-03-06 16:57:55,119:INFO:------------------------------------------------------------------------------------------------
2020-03-06 16:57:59,119:INFO:ДУГААРАА СОНГОЖ БУЙ ХЭСЭГ
2020-03-06 16:57:59,119:INFO:7
2020-03-06 16:57:59,554:WARNING:Not Found: /favicon.ico
2020-03-06 16:58:07,452:INFO:ДУГААРАА СОНГОЖ БУЙ ХЭСЭГ
2020-03-06 16:58:07,452:INFO:7
2020-03-06 16:58:21,278:INFO:98113802:6
2020-03-06 16:58:22,795:INFO:98113802:6
2020-03-06 16:58:23,201:INFO:ДУГААРЫН ҮНЭ
2020-03-06 16:58:23,204:INFO:10000
2020-03-06 16:58:24,651:INFO:98113802:6
2020-03-06 16:58:29,629:INFO:РЕГИСТЕРИЙН ДУГААР
2020-03-06 16:59:55,820:INFO:ДУГААРЫН ZAHIALGA
2020-03-06 16:59:55,830:INFO:Success
2020-03-06 17:01:56,110:INFO:------------------------------------------------------------------------------------------------
2020-03-06 17:09:59,056:INFO:------------------------------------------------------------------------------------------------
2020-03-06 17:10:19,114:INFO:ДУГААРАА СОНГОЖ БУЙ ХЭСЭГ
2020-03-06 17:10:19,115:INFO:7
2020-03-06 17:10:19,378:WARNING:Not Found: /favicon.ico
2020-03-06 17:10:27,950:INFO:98001955:6|98101955:6|98141955:6|98241955:6|98261955:6|98271955:6|98321955:6|98461955:6|98491955:6|98501955:6|98521955:6|98531955:6|98541955:6|98561955:6|98591955:6|98601955:6|98621955:6|98631955:6|98641955:6|98671955:6|98801955:6|98811955:6|98821955:6|98831955:6|98871955:6|98941955:6
2020-03-06 17:13:24,924:INFO:ДУГААРАА СОНГОЖ БУЙ ХЭСЭГ
2020-03-06 17:13:24,925:INFO:7
2020-03-06 17:13:28,033:INFO:98002662:9|98003223:9|98004774:9|98004994:9|98006446:9|98010660:9|98010770:9|98011661:9|98012662:9|98012772:9|98012992:9|98013113:9|98013443:9|98013663:9|98013773:9|98013883:9|98013993:9|98014114:9|98014334:9|98014343:9|98014554:9|98014664:9|98014774:9|98014994:9|98015115:9|98015225:9|98015335:9|98015445:9|98015665:9|98015775:9|98015885:9|98015995:9|98016116:9|98016262:9|98016336:9|98016363:9|98016446:9|98016556:9|98016776:9|98016886:9|98016996:9|98017007:9|98017117:9|98017227:9|98017272:9|98017337:9|98017373:9|98017447:9|98017557:9|98017667:9|98017887:9|98017997:9|98018338:9|98018558:9|98018778:9|98019119:9|98019229:9|98019339:9|98019449:9|98019669:9|98019779:9|98020440:9|98020550:9|98020660:9|98020770:9|98020990:9|98021331:9|98021441:9|98021551:9|98021616:9|98021661:9|98021717:9|98021771:9|98021991:9|98022332:9|98022424:9|98022442:9|98022552:9|98022772:9|98022992:9|98023003:9|98023113:9|98023131:9|98023223:9|98023443:9|98023553:9|98023663:9|98023737:9|98023773:9|98023883:9|98023993:9|98024004:9|98024114:9|98024224:9|98024242:9|98024343:9|98024545:9|98024554:9|98024774:9|98024884:9|98024994:9|98025115:9|98025225:9|98025252:9|98025335:9|98025353:9|98025445:9|98025665:9|98025757:9|98025775:9|98025885:9|98025995:9|98026116:9|98026161:9|98026226:9|98026336:9|98026446:9|98026556:9|98026565:9|98026767:9|98026776:9|98026886:9|98026996:9|98027007:9|98027117:9|98027171:9|98027227:9|98027337:9|98027373:9|98027447:9|98027474:9|98027557:9
2020-03-06 17:13:31,016:INFO:98002662:9|98003223:9|98004774:9|98004994:9|98006446:9|98010660:9|98010770:9|98011661:9|98012662:9|98012772:9|98012992:9|98013113:9|98013443:9|98013663:9|98013773:9|98013883:9|98013993:9|98014114:9|98014334:9|98014343:9|98014554:9|98014664:9|98014774:9|98014994:9|98015115:9|98015225:9|98015335:9|98015445:9|98015665:9|98015775:9|98015885:9|98015995:9|98016116:9|98016262:9|98016336:9|98016363:9|98016446:9|98016556:9|98016776:9|98016886:9|98016996:9|98017007:9|98017117:9|98017227:9|98017272:9|98017337:9|98017373:9|98017447:9|98017557:9|98017667:9|98017887:9|98017997:9|98018338:9|98018558:9|98018778:9|98019119:9|98019229:9|98019339:9|98019449:9|98019669:9|98019779:9|98020440:9|98020550:9|98020660:9|98020770:9|98020990:9|98021331:9|98021441:9|98021551:9|98021616:9|98021661:9|98021717:9|98021771:9|98021991:9|98022332:9|98022424:9|98022442:9|98022552:9|98022772:9|98022992:9|98023003:9|98023113:9|98023131:9|98023223:9|98023443:9|98023553:9|98023663:9|98023737:9|98023773:9|98023883:9|98023993:9|98024004:9|98024114:9|98024224:9|98024242:9|98024343:9|98024545:9|98024554:9|98024774:9|98024884:9|98024994:9|98025115:9|98025225:9|98025252:9|98025335:9|98025353:9|98025445:9|98025665:9|98025757:9|98025775:9|98025885:9|98025995:9|98026116:9|98026161:9|98026226:9|98026336:9|98026446:9|98026556:9|98026565:9|98026767:9|98026776:9|98026886:9|98026996:9|98027007:9|98027117:9|98027171:9|98027227:9|98027337:9|98027373:9|98027447:9|98027474:9|98027557:9
2020-03-06 17:13:37,588:INFO:93000440:9|93001414:9|93001441:9|93001551:9|93001661:9|93001771:9|93001881:9|93001991:9|93002332:9|93002442:9|93002525:9|93002552:9|93002626:9|93002662:9|93002727:9|93002772:9|93002882:9|93003113:9|93003223:9|93003232:9|93003434:9|93003443:9|93003535:9|93003553:9|93003663:9|93003773:9|93003883:9|93004114:9|93004141:9|93004334:9|93004343:9|93004545:9|93004554:9|93004646:9|93004664:9|93004747:9|93004774:9|93004848:9|93004884:9|93004949:9|93005115:9|93005151:9|93005225:9|93005252:9|93005335:9|93005445:9|93005656:9|93005665:9|93005757:9|93005775:9|93005885:9|93005995:9|93006006:9|93006116:9|93006161:9|93006226:9|93006262:9|93006336:9|93006446:9|93006464:9|93006556:9|93006565:9|93006767:9|93006776:9|93006868:9|93006886:9|93006996:9|93007117:9|93007171:9|93007227:9|93007272:9|93007337:9|93007447:9|93007474:9|93007557:9|93007575:9|93007667:9|93007887:9|93007979:9|93007997:9|93008118:9|93008228:9|93008282:9|93008338:9|93008383:9|93008558:9|93008585:9|93008668:9|93008686:9|93008778:9|93008787:9|93009119:9|93009229:9|93009449:9|93009559:9|93009669:9|93009779:9|93009889:9|93010440:9|93010550:9|93010770:9|93010990:9|93011441:9|93011616:9|93011717:9|93011881:9|93012002:9|93012112:9|93012121:9|93012332:9|93012424:9|93012525:9|93012552:9|93013003:9|93013113:9|93013443:9|93013636:9|93013663:9|93013773:9|93013838:9|93013883:9|93013939:9|93013993:9|93014004:9|93014334:9|93014343:9|93014545:9|93014646:9|93014664:9|93014747:9|93014774:9|93014949:9
2020-03-06 17:13:41,923:INFO:93000440:9|93001414:9|93001441:9|93001551:9|93001661:9|93001771:9|93001881:9|93001991:9|93002332:9|93002442:9|93002525:9|93002552:9|93002626:9|93002662:9|93002727:9|93002772:9|93002882:9|93003113:9|93003223:9|93003232:9|93003434:9|93003443:9|93003535:9|93003553:9|93003663:9|93003773:9|93003883:9|93004114:9|93004141:9|93004334:9|93004343:9|93004545:9|93004554:9|93004646:9|93004664:9|93004747:9|93004774:9|93004848:9|93004884:9|93004949:9|93005115:9|93005151:9|93005225:9|93005252:9|93005335:9|93005445:9|93005656:9|93005665:9|93005757:9|93005775:9|93005885:9|93005995:9|93006006:9|93006116:9|93006161:9|93006226:9|93006262:9|93006336:9|93006446:9|93006464:9|93006556:9|93006565:9|93006767:9|93006776:9|93006868:9|93006886:9|93006996:9|93007117:9|93007171:9|93007227:9|93007272:9|93007337:9|93007447:9|93007474:9|93007557:9|93007575:9|93007667:9|93007887:9|93007979:9|93007997:9|93008118:9|93008228:9|93008282:9|93008338:9|93008383:9|93008558:9|93008585:9|93008668:9|93008686:9|93008778:9|93008787:9|93009119:9|93009229:9|93009449:9|93009559:9|93009669:9|93009779:9|93009889:9|93010440:9|93010550:9|93010770:9|93010990:9|93011441:9|93011616:9|93011717:9|93011881:9|93012002:9|93012112:9|93012121:9|93012332:9|93012424:9|93012525:9|93012552:9|93013003:9|93013113:9|93013443:9|93013636:9|93013663:9|93013773:9|93013838:9|93013883:9|93013939:9|93013993:9|93014004:9|93014334:9|93014343:9|93014545:9|93014646:9|93014664:9|93014747:9|93014774:9|93014949:9
2020-03-06 17:13:49,454:INFO:93000440:9|93001414:9|93001441:9|93001551:9|93001661:9|93001771:9|93001881:9|93001991:9|93002332:9|93002442:9|93002525:9|93002552:9|93002626:9|93002662:9|93002727:9|93002772:9|93002882:9|93003113:9|93003223:9|93003232:9|93003434:9|93003443:9|93003535:9|93003553:9|93003663:9|93003773:9|93003883:9|93004114:9|93004141:9|93004334:9|93004343:9|93004545:9|93004554:9|93004646:9|93004664:9|93004747:9|93004774:9|93004848:9|93004884:9|93004949:9|93005115:9|93005151:9|93005225:9|93005252:9|93005335:9|93005445:9|93005656:9|93005665:9|93005757:9|93005775:9|93005885:9|93005995:9|93006006:9|93006116:9|93006161:9|93006226:9|93006262:9|93006336:9|93006446:9|93006464:9|93006556:9|93006565:9|93006767:9|93006776:9|93006868:9|93006886:9|93006996:9|93007117:9|93007171:9|93007227:9|93007272:9|93007337:9|93007447:9|93007474:9|93007557:9|93007575:9|93007667:9|93007887:9|93007979:9|93007997:9|93008118:9|93008228:9|93008282:9|93008338:9|93008383:9|93008558:9|93008585:9|93008668:9|93008686:9|93008778:9|93008787:9|93009119:9|93009229:9|93009449:9|93009559:9|93009669:9|93009779:9|93009889:9|93010440:9|93010550:9|93010770:9|93010990:9|93011441:9|93011616:9|93011717:9|93011881:9|93012002:9|93012112:9|93012121:9|93012332:9|93012424:9|93012525:9|93012552:9|93013003:9|93013113:9|93013443:9|93013636:9|93013663:9|93013773:9|93013838:9|93013883:9|93013939:9|93013993:9|93014004:9|93014334:9|93014343:9|93014545:9|93014646:9|93014664:9|93014747:9|93014774:9|93014949:9
2020-03-06 17:13:52,558:INFO:ДУГААРАА СОНГОЖ БУЙ ХЭСЭГ
2020-03-06 17:13:52,558:INFO:7
2020-03-06 17:13:53,918:INFO:ДУГААРАА СОНГОЖ БУЙ ХЭСЭГ
2020-03-06 17:13:53,918:INFO:7
2020-03-06 17:13:58,663:INFO:98002662:9|98003223:9|98004774:9|98004994:9|98006446:9|98010660:9|98010770:9|98011661:9|98012662:9|98012772:9|98012992:9|98013113:9|98013443:9|98013663:9|98013773:9|98013883:9|98013993:9|98014114:9|98014334:9|98014343:9|98014554:9|98014664:9|98014774:9|98014994:9|98015115:9|98015225:9|98015335:9|98015445:9|98015665:9|98015775:9|98015885:9|98015995:9|98016116:9|98016262:9|98016336:9|98016363:9|98016446:9|98016556:9|98016776:9|98016886:9|98016996:9|98017007:9|98017117:9|98017227:9|98017272:9|98017337:9|98017373:9|98017447:9|98017557:9|98017667:9|98017887:9|98017997:9|98018338:9|98018558:9|98018778:9|98019119:9|98019229:9|98019339:9|98019449:9|98019669:9|98019779:9|98020440:9|98020550:9|98020660:9|98020770:9|98020990:9|98021331:9|98021441:9|98021551:9|98021616:9|98021661:9|98021717:9|98021771:9|98021991:9|98022332:9|98022424:9|98022442:9|98022552:9|98022772:9|98022992:9|98023003:9|98023113:9|98023131:9|98023223:9|98023443:9|98023553:9|98023663:9|98023737:9|98023773:9|98023883:9|98023993:9|98024004:9|98024114:9|98024224:9|98024242:9|98024343:9|98024545:9|98024554:9|98024774:9|98024884:9|98024994:9|98025115:9|98025225:9|98025252:9|98025335:9|98025353:9|98025445:9|98025665:9|98025757:9|98025775:9|98025885:9|98025995:9|98026116:9|98026161:9|98026226:9|98026336:9|98026446:9|98026556:9|98026565:9|98026767:9|98026776:9|98026886:9|98026996:9|98027007:9|98027117:9|98027171:9|98027227:9|98027337:9|98027373:9|98027447:9|98027474:9|98027557:9
2020-03-06 17:14:26,058:INFO:98002662:9|98003223:9|98004774:9|98004994:9|98006446:9|98010660:9|98010770:9|98011661:9|98012662:9|98012772:9|98012992:9|98013113:9|98013443:9|98013663:9|98013773:9|98013883:9|98013993:9|98014114:9|98014334:9|98014343:9|98014554:9|98014664:9|98014774:9|98014994:9|98015115:9|98015225:9|98015335:9|98015445:9|98015665:9|98015775:9|98015885:9|98015995:9|98016116:9|98016262:9|98016336:9|98016363:9|98016446:9|98016556:9|98016776:9|98016886:9|98016996:9|98017007:9|98017117:9|98017227:9|98017272:9|98017337:9|98017373:9|98017447:9|98017557:9|98017667:9|98017887:9|98017997:9|98018338:9|98018558:9|98018778:9|98019119:9|98019229:9|98019339:9|98019449:9|98019669:9|98019779:9|98020440:9|98020550:9|98020660:9|98020770:9|98020990:9|98021331:9|98021441:9|98021551:9|98021616:9|98021661:9|98021717:9|98021771:9|98021991:9|98022332:9|98022424:9|98022442:9|98022552:9|98022772:9|98022992:9|98023003:9|98023113:9|98023131:9|98023223:9|98023443:9|98023553:9|98023663:9|98023737:9|98023773:9|98023883:9|98023993:9|98024004:9|98024114:9|98024224:9|98024242:9|98024343:9|98024545:9|98024554:9|98024774:9|98024884:9|98024994:9|98025115:9|98025225:9|98025252:9|98025335:9|98025353:9|98025445:9|98025665:9|98025757:9|98025775:9|98025885:9|98025995:9|98026116:9|98026161:9|98026226:9|98026336:9|98026446:9|98026556:9|98026565:9|98026767:9|98026776:9|98026886:9|98026996:9|98027007:9|98027117:9|98027171:9|98027227:9|98027337:9|98027373:9|98027447:9|98027474:9|98027557:9
2020-03-06 17:18:45,862:INFO:ДУГААРАА СОНГОЖ БУЙ ХЭСЭГ
2020-03-06 17:18:45,862:INFO:7
