2020-01-29 11:03:58,891:INFO:----------------------------------------------------------------------------------------------------
2020-01-29 11:04:00,115:INFO:ДУГААРАА СОНГОЖ БУЙ ХЭСЭГ
2020-01-29 11:04:00,116:INFO:2
2020-01-29 11:04:00,122:INFO:114
2020-01-29 11:04:00,123:INFO:['8312', '8313', '8314', '8315', '8316', '8317', '8318', '8319', '9312', '9313', '9314', '9315', '9316', '9317', '9318', '9319', '9320', '9321', '9322', '9323', '9324', '9325', '9326', '9327', '9328', '9329', '9330', '9331', '9332', '9333', '9334', '9335', '9336', '9337', '9338', '9339', '9340', '9341', '9342', '9343', '9344', '9345', '9346', '9347', '9712', '9713', '9714', '9715', '9716', '9717', '9718', '9719', '9812', '9813', '9814', '9815', '9816', '9817', '9818', '9819', '9820', '9821', '9822', '9823', '9824', '9825', '9826', '9827', '9828', '9829', '9830', '9831', '9832', '9833', '9837', '9838', '9842', '9843', '9845', '9846', '9847', '9848', '9851', '9856', '9859', '9860', '9861', '9862', '9863', '9864', '9865', '9866', '9867', '9870', '9880', '9881', '9882', '9883', '9884', '9885', '9886', '9887', '9888', '9889', '9890', '9891', '9892', '9893', '9894', '9895', '9896', '9897', '9898', '9899']
2020-01-29 12:13:29,283:ERROR:Invalid HTTP_HOST header: u'DugaarShuult:8000'. You may need to add u'dugaarshuult' to ALLOWED_HOSTS.
2020-01-29 13:35:44,445:WARNING:Not Found: /
2020-01-29 13:56:23,363:INFO:----------------------------------------------------------------------------------------------------
2020-01-29 13:56:33,204:INFO:ДУГААРАА СОНГОЖ БУЙ ХЭСЭГ
2020-01-29 13:56:33,205:INFO:2
2020-01-29 13:56:33,212:INFO:114
2020-01-29 13:56:33,212:INFO:['8312', '8313', '8314', '8315', '8316', '8317', '8318', '8319', '9312', '9313', '9314', '9315', '9316', '9317', '9318', '9319', '9320', '9321', '9322', '9323', '9324', '9325', '9326', '9327', '9328', '9329', '9330', '9331', '9332', '9333', '9334', '9335', '9336', '9337', '9338', '9339', '9340', '9341', '9342', '9343', '9344', '9345', '9346', '9347', '9712', '9713', '9714', '9715', '9716', '9717', '9718', '9719', '9812', '9813', '9814', '9815', '9816', '9817', '9818', '9819', '9820', '9821', '9822', '9823', '9824', '9825', '9826', '9827', '9828', '9829', '9830', '9831', '9832', '9833', '9837', '9838', '9842', '9843', '9845', '9846', '9847', '9848', '9851', '9856', '9859', '9860', '9861', '9862', '9863', '9864', '9865', '9866', '9867', '9870', '9880', '9881', '9882', '9883', '9884', '9885', '9886', '9887', '9888', '9889', '9890', '9891', '9892', '9893', '9894', '9895', '9896', '9897', '9898', '9899']
2020-01-29 13:56:33,381:WARNING:Not Found: /favicon.ico
2020-01-29 13:56:38,650:INFO:ДУГААРАА СОНГОЖ БУЙ ХЭСЭГ
2020-01-29 13:56:38,650:INFO:7
2020-01-29 13:56:38,655:INFO:48
2020-01-29 13:56:38,655:INFO:['8300', '8301', '8302', '8303', '8304', '8305', '8306', '8307', '8308', '8309', '8310', '8311', '9300', '9301', '9302', '9303', '9304', '9305', '9306', '9307', '9308', '9309', '9310', '9311', '9700', '9701', '9702', '9703', '9704', '9705', '9706', '9707', '9708', '9709', '9710', '9711', '9800', '9801', '9802', '9803', '9804', '9805', '9806', '9807', '9808', '9809', '9810', '9811']
2020-01-29 13:56:39,625:INFO:ДУГААРЫН ҮНЭ
2020-01-29 13:56:39,629:INFO:10000
2020-01-29 13:56:43,304:INFO:ДУГААРАА СОНГОЖ БУЙ ХЭСЭГ
2020-01-29 13:56:43,305:INFO:7
2020-01-29 13:56:43,309:INFO:48
2020-01-29 13:56:43,309:INFO:['8300', '8301', '8302', '8303', '8304', '8305', '8306', '8307', '8308', '8309', '8310', '8311', '9300', '9301', '9302', '9303', '9304', '9305', '9306', '9307', '9308', '9309', '9310', '9311', '9700', '9701', '9702', '9703', '9704', '9705', '9706', '9707', '9708', '9709', '9710', '9711', '9800', '9801', '9802', '9803', '9804', '9805', '9806', '9807', '9808', '9809', '9810', '9811']
2020-01-29 13:56:45,309:INFO:ДУГААРЫН ҮНЭ
2020-01-29 13:56:45,312:INFO:10000
2020-01-29 13:56:46,613:INFO:ДУГААРАА СОНГОЖ БУЙ ХЭСЭГ
2020-01-29 13:56:46,614:INFO:7
2020-01-29 13:56:46,619:INFO:48
2020-01-29 13:56:46,619:INFO:['8300', '8301', '8302', '8303', '8304', '8305', '8306', '8307', '8308', '8309', '8310', '8311', '9300', '9301', '9302', '9303', '9304', '9305', '9306', '9307', '9308', '9309', '9310', '9311', '9700', '9701', '9702', '9703', '9704', '9705', '9706', '9707', '9708', '9709', '9710', '9711', '9800', '9801', '9802', '9803', '9804', '9805', '9806', '9807', '9808', '9809', '9810', '9811']
2020-01-29 13:57:08,354:INFO:-1
2020-01-29 13:57:14,676:INFO:93021199:7|93022266:7|93023377:7|93024488:7|93026611:7|93028855:7|93029955:7
2020-01-29 13:58:46,164:INFO:-1
2020-01-29 13:58:47,240:INFO:-1
2020-01-29 13:58:50,525:INFO:-1
2020-01-29 13:58:51,920:INFO:-1
2020-01-29 13:58:52,897:INFO:-1
2020-01-29 13:58:54,109:INFO:-1
2020-01-29 13:58:54,923:INFO:-1
2020-01-29 13:58:55,597:INFO:-1
2020-01-29 13:59:02,797:INFO:-1
2020-01-29 13:59:05,449:INFO:-1
2020-01-29 13:59:06,076:INFO:-1
2020-01-29 13:59:07,589:INFO:----------------------------------------------------------------------------------------------------
2020-01-29 13:59:10,484:INFO:ДУГААРАА СОНГОЖ БУЙ ХЭСЭГ
2020-01-29 13:59:10,484:INFO:7
2020-01-29 13:59:10,490:INFO:48
2020-01-29 13:59:10,490:INFO:['8300', '8301', '8302', '8303', '8304', '8305', '8306', '8307', '8308', '8309', '8310', '8311', '9300', '9301', '9302', '9303', '9304', '9305', '9306', '9307', '9308', '9309', '9310', '9311', '9700', '9701', '9702', '9703', '9704', '9705', '9706', '9707', '9708', '9709', '9710', '9711', '9800', '9801', '9802', '9803', '9804', '9805', '9806', '9807', '9808', '9809', '9810', '9811']
2020-01-29 13:59:13,269:INFO:ДУГААРЫН ҮНЭ
2020-01-29 13:59:13,273:INFO:10000
2020-01-29 13:59:18,690:INFO:ДУГААРАА СОНГОЖ БУЙ ХЭСЭГ
2020-01-29 13:59:18,690:INFO:7
2020-01-29 13:59:18,696:INFO:48
2020-01-29 13:59:18,696:INFO:['8300', '8301', '8302', '8303', '8304', '8305', '8306', '8307', '8308', '8309', '8310', '8311', '9300', '9301', '9302', '9303', '9304', '9305', '9306', '9307', '9308', '9309', '9310', '9311', '9700', '9701', '9702', '9703', '9704', '9705', '9706', '9707', '9708', '9709', '9710', '9711', '9800', '9801', '9802', '9803', '9804', '9805', '9806', '9807', '9808', '9809', '9810', '9811']
2020-01-29 13:59:33,089:INFO:-1
2020-01-29 13:59:43,242:INFO:-1
2020-01-29 13:59:55,026:INFO:93021199:7|93022266:7|93023377:7|93024488:7|93026611:7|93028855:7|93029955:7
2020-01-29 13:59:59,274:INFO:ДУГААРЫН ҮНЭ
2020-01-29 13:59:59,277:INFO:10000
2020-01-29 14:00:01,055:INFO:ДУГААРАА СОНГОЖ БУЙ ХЭСЭГ
2020-01-29 14:00:01,055:INFO:7
2020-01-29 14:00:01,060:INFO:48
2020-01-29 14:00:01,061:INFO:['8300', '8301', '8302', '8303', '8304', '8305', '8306', '8307', '8308', '8309', '8310', '8311', '9300', '9301', '9302', '9303', '9304', '9305', '9306', '9307', '9308', '9309', '9310', '9311', '9700', '9701', '9702', '9703', '9704', '9705', '9706', '9707', '9708', '9709', '9710', '9711', '9800', '9801', '9802', '9803', '9804', '9805', '9806', '9807', '9808', '9809', '9810', '9811']
2020-01-29 14:00:10,180:INFO:93020440:9|93020660:9|93020880:9|93021771:9|93022442:9|93022662:9|93023993:9|93024545:9|93024554:9|93024646:9|93025225:9|93025335:9|93026226:9|93026446:9|93026565:9|93027227:9|93027373:9|93027997:9|93028118:9|93028558:9|93028778:9|93029449:9|93029779:9|93029889:9
2020-01-29 14:00:57,430:INFO:ДУГААРЫН ҮНЭ
2020-01-29 14:00:57,434:INFO:10000
2020-01-29 14:00:59,659:INFO:ДУГААРАА СОНГОЖ БУЙ ХЭСЭГ
2020-01-29 14:00:59,659:INFO:7
2020-01-29 14:00:59,664:INFO:48
2020-01-29 14:00:59,664:INFO:['8300', '8301', '8302', '8303', '8304', '8305', '8306', '8307', '8308', '8309', '8310', '8311', '9300', '9301', '9302', '9303', '9304', '9305', '9306', '9307', '9308', '9309', '9310', '9311', '9700', '9701', '9702', '9703', '9704', '9705', '9706', '9707', '9708', '9709', '9710', '9711', '9800', '9801', '9802', '9803', '9804', '9805', '9806', '9807', '9808', '9809', '9810', '9811']
2020-01-29 14:01:10,076:INFO:93020013:6|93020027:6|93020029:6|93020031:6|93020041:6|93020046:6|93020052:6|93020053:6|93020057:6|93020059:6|93020061:6|93020063:6|93020069:6|93020073:6|93020074:6|93020075:6|93020079:6|93020083:6|93020084:6|93020087:6|93020114:6|93020115:6|93020116:6|93020117:6|93020118:6|93020119:6|93020120:6|93020121:6|93020122:6|93020125:6|93020126:6|93020127:6|93020128:6|93020129:6|93020130:6|93020131:6|93020132:6|93020133:6|93020134:6|93020135:6|93020136:6|93020138:6|93020139:6|93020144:6|93020145:6|93020146:6|93020147:6|93020148:6|93020149:6|93020150:6|93020152:6|93020153:6|93020154:6|93020156:6|93020157:6|93020158:6|93020159:6|93020160:6|93020161:6|93020162:6|93020163:6|93020164:6|93020165:6|93020166:6|93020167:6|93020171:6|93020172:6|93020173:6|93020174:6|93020175:6|93020177:6|93020178:6|93020179:6|93020180:6|93020181:6|93020182:6|93020183:6|93020184:6|93020185:6|93020186:6|93020187:6|93020188:6|93020189:6|93020190:6|93020191:6|93020192:6|93020193:6|93020194:6|93020195:6|93020196:6|93020197:6|93020214:6|93020215:6|93020235:6|93020236:6|93020237:6|93020245:6|93020257:6|93020263:6|93020265:6|93020271:6|93020273:6|93020274:6|93020275:6|93020276:6|93020279:6|93020286:6|93020295:6|93020311:6|93020317:6|93020321:6|93020322:6|93020323:6|93020324:6|93020325:6|93020326:6|93020327:6|93020328:6|93020331:6|93020334:6|93020335:6|93020336:6|93020337:6|93020338:6|93020339:6|93020340:6|93020341:6|93020343:6|93020345:6|93020346:6|93020348:6|93020349:6
2020-01-29 14:01:48,836:INFO:ДУГААРЫН ҮНЭ
2020-01-29 14:01:48,839:INFO:10000
2020-01-29 14:01:49,943:INFO:ДУГААРАА СОНГОЖ БУЙ ХЭСЭГ
2020-01-29 14:01:49,944:INFO:7
2020-01-29 14:01:49,950:INFO:48
2020-01-29 14:01:49,950:INFO:['8300', '8301', '8302', '8303', '8304', '8305', '8306', '8307', '8308', '8309', '8310', '8311', '9300', '9301', '9302', '9303', '9304', '9305', '9306', '9307', '9308', '9309', '9310', '9311', '9700', '9701', '9702', '9703', '9704', '9705', '9706', '9707', '9708', '9709', '9710', '9711', '9800', '9801', '9802', '9803', '9804', '9805', '9806', '9807', '9808', '9809', '9810', '9811']
2020-01-29 14:01:57,999:INFO:93020440:9|93020660:9|93020880:9|93021771:9|93022442:9|93022662:9|93023993:9|93024545:9|93024554:9|93024646:9|93025225:9|93025335:9|93026226:9|93026446:9|93026565:9|93027227:9|93027373:9|93027997:9|93028118:9|93028558:9|93028778:9|93029449:9|93029779:9|93029889:9
2020-01-29 14:02:53,469:INFO:ДУГААРЫН ҮНЭ
2020-01-29 14:02:53,472:INFO:10000
2020-01-29 14:02:55,827:INFO:ДУГААРАА СОНГОЖ БУЙ ХЭСЭГ
2020-01-29 14:02:55,827:INFO:7
2020-01-29 14:02:55,832:INFO:48
2020-01-29 14:02:55,832:INFO:['8300', '8301', '8302', '8303', '8304', '8305', '8306', '8307', '8308', '8309', '8310', '8311', '9300', '9301', '9302', '9303', '9304', '9305', '9306', '9307', '9308', '9309', '9310', '9311', '9700', '9701', '9702', '9703', '9704', '9705', '9706', '9707', '9708', '9709', '9710', '9711', '9800', '9801', '9802', '9803', '9804', '9805', '9806', '9807', '9808', '9809', '9810', '9811']
2020-01-29 14:03:03,509:INFO:-1
2020-01-29 14:03:11,585:INFO:93001144:7|93001155:7|93002211:7|93002244:7|93002266:7|93002277:7|93003322:7|93003366:7|93003377:7|93004422:7|93004433:7|93004466:7|93004477:7|93005511:7|93005533:7|93005544:7|93005588:7|93006611:7|93006622:7|93006633:7|93006644:7|93006655:7|93006688:7|93007733:7|93007766:7|93008811:7|93008822:7|93008833:7|93008844:7|93008855:7|93008866:7|93008877:7|93009944:7|93009955:7|93009977:7
2020-01-29 14:03:47,938:INFO:ДУГААРЫН ҮНЭ
2020-01-29 14:03:47,942:INFO:10000
2020-01-29 14:03:50,842:INFO:ДУГААРАА СОНГОЖ БУЙ ХЭСЭГ
2020-01-29 14:03:50,842:INFO:7
2020-01-29 14:03:50,847:INFO:48
2020-01-29 14:03:50,848:INFO:['8300', '8301', '8302', '8303', '8304', '8305', '8306', '8307', '8308', '8309', '8310', '8311', '9300', '9301', '9302', '9303', '9304', '9305', '9306', '9307', '9308', '9309', '9310', '9311', '9700', '9701', '9702', '9703', '9704', '9705', '9706', '9707', '9708', '9709', '9710', '9711', '9800', '9801', '9802', '9803', '9804', '9805', '9806', '9807', '9808', '9809', '9810', '9811']
2020-01-29 14:04:00,707:INFO:93050003:6|93050015:6|93050017:6|93050018:6|93050019:6|93050024:6|93050027:6|93050028:6|93050030:6|93050031:6|93050032:6|93050034:6|93050036:6|93050037:6|93050038:6|93050039:6|93050041:6|93050042:6|93050043:6|93050046:6|93050047:6|93050049:6|93050050:6|93050051:6|93050052:6|93050053:6|93050054:6|93050056:6|93050057:6|93050058:6|93050059:6|93050061:6|93050062:6|93050063:6|93050064:6|93050065:6|93050067:6|93050068:6|93050069:6|93050070:6|93050071:6|93050072:6|93050073:6|93050074:6|93050075:6|93050076:6|93050078:6|93050079:6|93050080:6|93050081:6|93050082:6|93050083:6|93050084:6|93050085:6|93050086:6|93050087:6|93050089:6|93050090:6|93050091:6|93050092:6|93050095:6|93050096:6|93050097:6|93050098:6|93050100:6|93050103:6|93050104:6|93050106:6|93050107:6|93050108:6|93050109:6|93050112:6|93050114:6|93050115:6|93050117:6|93050118:6|93050119:6|93050120:6|93050121:6|93050124:6|93050125:6|93050128:6|93050129:6|93050130:6|93050131:6|93050132:6|93050133:6|93050134:6|93050135:6|93050136:6|93050137:6|93050138:6|93050139:6|93050140:6|93050141:6|93050143:6|93050144:6|93050145:6|93050146:6|93050147:6|93050148:6|93050149:6|93050150:6|93050151:6|93050152:6|93050153:6|93050154:6|93050155:6|93050156:6|93050157:6|93050158:6|93050160:6|93050162:6|93050163:6|93050164:6|93050166:6|93050167:6|93050168:6|93050169:6|93050171:6|93050172:6|93050174:6|93050175:6|93050176:6|93050177:6|93050178:6|93050180:6|93050181:6|93050183:6|93050184:6|93050185:6|93050186:6
2020-01-29 14:05:04,726:INFO:-1
2020-01-29 14:05:11,544:INFO:83020060:6
2020-01-29 14:05:16,599:INFO:-1
2020-01-29 14:05:22,024:INFO:ДУГААРЫН ҮНЭ
2020-01-29 14:05:22,028:INFO:10000
2020-01-29 14:05:23,441:INFO:ДУГААРАА СОНГОЖ БУЙ ХЭСЭГ
2020-01-29 14:05:23,441:INFO:7
2020-01-29 14:05:23,446:INFO:48
2020-01-29 14:05:23,446:INFO:['8300', '8301', '8302', '8303', '8304', '8305', '8306', '8307', '8308', '8309', '8310', '8311', '9300', '9301', '9302', '9303', '9304', '9305', '9306', '9307', '9308', '9309', '9310', '9311', '9700', '9701', '9702', '9703', '9704', '9705', '9706', '9707', '9708', '9709', '9710', '9711', '9800', '9801', '9802', '9803', '9804', '9805', '9806', '9807', '9808', '9809', '9810', '9811']
2020-01-29 14:05:48,888:INFO:93050003:6|93050015:6|93050017:6|93050018:6|93050019:6|93050024:6|93050027:6|93050028:6|93050030:6|93050031:6|93050032:6|93050034:6|93050036:6|93050037:6|93050038:6|93050039:6|93050041:6|93050042:6|93050043:6|93050046:6|93050047:6|93050049:6|93050050:6|93050051:6|93050052:6|93050053:6|93050054:6|93050056:6|93050057:6|93050058:6|93050059:6|93050061:6|93050062:6|93050063:6|93050064:6|93050065:6|93050067:6|93050068:6|93050069:6|93050070:6|93050071:6|93050072:6|93050073:6|93050074:6|93050075:6|93050076:6|93050078:6|93050079:6|93050080:6|93050081:6|93050082:6|93050083:6|93050084:6|93050085:6|93050086:6|93050087:6|93050089:6|93050090:6|93050091:6|93050092:6|93050095:6|93050096:6|93050097:6|93050098:6|93050100:6|93050103:6|93050104:6|93050106:6|93050107:6|93050108:6|93050109:6|93050112:6|93050114:6|93050115:6|93050117:6|93050118:6|93050119:6|93050120:6|93050121:6|93050124:6|93050125:6|93050128:6|93050129:6|93050130:6|93050131:6|93050132:6|93050133:6|93050134:6|93050135:6|93050136:6|93050137:6|93050138:6|93050139:6|93050140:6|93050141:6|93050143:6|93050144:6|93050145:6|93050146:6|93050147:6|93050148:6|93050149:6|93050150:6|93050151:6|93050152:6|93050153:6|93050154:6|93050155:6|93050156:6|93050157:6|93050158:6|93050160:6|93050162:6|93050163:6|93050164:6|93050166:6|93050167:6|93050168:6|93050169:6|93050171:6|93050172:6|93050174:6|93050175:6|93050176:6|93050177:6|93050178:6|93050180:6|93050181:6|93050183:6|93050184:6|93050185:6|93050186:6
2020-01-29 14:07:02,233:INFO:ДУГААРЫН ҮНЭ
2020-01-29 14:07:02,238:INFO:10000
2020-01-29 14:07:03,509:INFO:ДУГААРАА СОНГОЖ БУЙ ХЭСЭГ
2020-01-29 14:07:03,509:INFO:7
2020-01-29 14:07:03,514:INFO:48
2020-01-29 14:07:03,514:INFO:['8300', '8301', '8302', '8303', '8304', '8305', '8306', '8307', '8308', '8309', '8310', '8311', '9300', '9301', '9302', '9303', '9304', '9305', '9306', '9307', '9308', '9309', '9310', '9311', '9700', '9701', '9702', '9703', '9704', '9705', '9706', '9707', '9708', '9709', '9710', '9711', '9800', '9801', '9802', '9803', '9804', '9805', '9806', '9807', '9808', '9809', '9810', '9811']
2020-01-29 14:07:11,816:INFO:93021199:7|93022266:7|93023377:7|93024488:7|93026611:7|93028855:7|93029955:7
2020-01-29 14:07:19,831:INFO:РЕГИСТЕРИЙН ДУГААР
2020-01-29 14:07:22,806:INFO:ДУГААРЫН ZAHIALGA
2020-01-29 14:07:22,816:INFO:Success
2020-01-29 14:07:27,292:INFO:----------------------------------------------------------------------------------------------------
2020-01-29 15:31:06,505:INFO:ДУГААРАА СОНГОЖ БУЙ ХЭСЭГ
2020-01-29 15:31:06,506:INFO:2
2020-01-29 15:31:06,513:INFO:114
2020-01-29 15:31:06,514:INFO:['8312', '8313', '8314', '8315', '8316', '8317', '8318', '8319', '9312', '9313', '9314', '9315', '9316', '9317', '9318', '9319', '9320', '9321', '9322', '9323', '9324', '9325', '9326', '9327', '9328', '9329', '9330', '9331', '9332', '9333', '9334', '9335', '9336', '9337', '9338', '9339', '9340', '9341', '9342', '9343', '9344', '9345', '9346', '9347', '9712', '9713', '9714', '9715', '9716', '9717', '9718', '9719', '9812', '9813', '9814', '9815', '9816', '9817', '9818', '9819', '9820', '9821', '9822', '9823', '9824', '9825', '9826', '9827', '9828', '9829', '9830', '9831', '9832', '9833', '9837', '9838', '9842', '9843', '9845', '9846', '9847', '9848', '9851', '9856', '9859', '9860', '9861', '9862', '9863', '9864', '9865', '9866', '9867', '9870', '9880', '9881', '9882', '9883', '9884', '9885', '9886', '9887', '9888', '9889', '9890', '9891', '9892', '9893', '9894', '9895', '9896', '9897', '9898', '9899']
2020-01-29 15:31:34,814:INFO:98100042:6|98100046:6|98100053:6|98100062:6|98100064:6|98100071:6|98100072:6|98100075:6|98100084:6|98100086:6|98100113:6|98100126:6|98100127:6|98100132:6|98100134:6|98100135:6|98100136:6|98100137:6|98100138:6|98100140:6|98100141:6|98100142:6|98100145:6|98100146:6|98100147:6|98100149:6|98100151:6|98100152:6|98100153:6|98100154:6|98100156:6|98100157:6|98100158:6|98100159:6|98100162:6|98100164:6|98100167:6|98100168:6|98100169:6|98100171:6|98100172:6|98100173:6|98100174:6|98100175:6|98100176:6|98100178:6|98100182:6|98100183:6|98100184:6|98100185:6|98100186:6|98100187:6|98100192:6|98100193:6|98100194:6|98100197:6|98100207:6|98100211:6|98100213:6|98100216:6|98100217:6|98100219:6|98100221:6|98100223:6|98100224:6|98100225:6|98100226:6|98100231:6|98100232:6|98100234:6|98100235:6|98100236:6|98100237:6|98100238:6|98100239:6|98100240:6|98100241:6|98100242:6|98100243:6|98100244:6|98100245:6|98100246:6|98100247:6|98100248:6|98100249:6|98100250:6|98100251:6|98100252:6|98100253:6|98100254:6|98100255:6|98100256:6|98100257:6|98100258:6|98100260:6|98100261:6|98100263:6|98100264:6|98100265:6|98100266:6|98100267:6|98100269:6|98100270:6|98100271:6|98100272:6|98100273:6|98100274:6|98100275:6|98100276:6|98100277:6|98100278:6|98100279:6|98100280:6|98100281:6|98100282:6|98100283:6|98100284:6|98100285:6|98100286:6|98100287:6|98100288:6|98100290:6|98100291:6|98100292:6|98100293:6|98100294:6|98100295:6|98100296:6|98100297:6|98100298:6|98100302:6|98100309:6
2020-01-29 15:31:57,394:INFO:98108785:6|98128785:6|98138785:6|98158785:6|98168785:6|98178785:6|98198785:6
2020-01-29 15:32:15,849:INFO:РЕГИСТЕРИЙН ДУГААР
2020-01-29 15:32:33,441:INFO:ДУГААРЫН ZAHIALGA
2020-01-29 15:32:33,449:INFO:Success
2020-01-29 15:32:40,040:INFO:----------------------------------------------------------------------------------------------------
2020-01-29 17:24:35,059:INFO:ДУГААРАА СОНГОЖ БУЙ ХЭСЭГ
2020-01-29 17:24:35,059:INFO:2
2020-01-29 17:24:35,066:INFO:114
2020-01-29 17:24:35,066:INFO:['8312', '8313', '8314', '8315', '8316', '8317', '8318', '8319', '9312', '9313', '9314', '9315', '9316', '9317', '9318', '9319', '9320', '9321', '9322', '9323', '9324', '9325', '9326', '9327', '9328', '9329', '9330', '9331', '9332', '9333', '9334', '9335', '9336', '9337', '9338', '9339', '9340', '9341', '9342', '9343', '9344', '9345', '9346', '9347', '9712', '9713', '9714', '9715', '9716', '9717', '9718', '9719', '9812', '9813', '9814', '9815', '9816', '9817', '9818', '9819', '9820', '9821', '9822', '9823', '9824', '9825', '9826', '9827', '9828', '9829', '9830', '9831', '9832', '9833', '9837', '9838', '9842', '9843', '9845', '9846', '9847', '9848', '9851', '9856', '9859', '9860', '9861', '9862', '9863', '9864', '9865', '9866', '9867', '9870', '9880', '9881', '9882', '9883', '9884', '9885', '9886', '9887', '9888', '9889', '9890', '9891', '9892', '9893', '9894', '9895', '9896', '9897', '9898', '9899']
2020-01-29 17:25:10,219:INFO:93135513:6
2020-01-29 17:25:11,582:INFO:93135513:6
2020-01-29 17:25:11,847:INFO:93135513:6
2020-01-29 17:25:17,336:INFO:93135513:6
2020-01-29 17:25:24,583:INFO:----------------------------------------------------------------------------------------------------
2020-01-29 17:25:25,776:INFO:ДУГААРАА СОНГОЖ БУЙ ХЭСЭГ
2020-01-29 17:25:25,776:INFO:2
2020-01-29 17:25:25,782:INFO:114
2020-01-29 17:25:25,782:INFO:['8312', '8313', '8314', '8315', '8316', '8317', '8318', '8319', '9312', '9313', '9314', '9315', '9316', '9317', '9318', '9319', '9320', '9321', '9322', '9323', '9324', '9325', '9326', '9327', '9328', '9329', '9330', '9331', '9332', '9333', '9334', '9335', '9336', '9337', '9338', '9339', '9340', '9341', '9342', '9343', '9344', '9345', '9346', '9347', '9712', '9713', '9714', '9715', '9716', '9717', '9718', '9719', '9812', '9813', '9814', '9815', '9816', '9817', '9818', '9819', '9820', '9821', '9822', '9823', '9824', '9825', '9826', '9827', '9828', '9829', '9830', '9831', '9832', '9833', '9837', '9838', '9842', '9843', '9845', '9846', '9847', '9848', '9851', '9856', '9859', '9860', '9861', '9862', '9863', '9864', '9865', '9866', '9867', '9870', '9880', '9881', '9882', '9883', '9884', '9885', '9886', '9887', '9888', '9889', '9890', '9891', '9892', '9893', '9894', '9895', '9896', '9897', '9898', '9899']
2020-01-29 17:25:50,288:INFO:-1
2020-01-29 21:04:00,524:INFO:----------------------------------------------------------------------------------------------------
