2020-06-21 06:29:03,484:INFO:------------------------------------------------------------------------------------------------
2020-06-21 06:53:06,441:INFO:------------------------------------------------------------------------------------------------
2020-06-21 07:15:57,180:INFO:------------------------------------------------------------------------------------------------
2020-06-21 07:25:06,633:INFO:------------------------------------------------------------------------------------------------
2020-06-21 07:29:03,654:INFO:------------------------------------------------------------------------------------------------
2020-06-21 07:31:52,609:WARNING:Not Found: /
2020-06-21 07:53:06,509:INFO:------------------------------------------------------------------------------------------------
2020-06-21 08:15:58,218:INFO:------------------------------------------------------------------------------------------------
2020-06-21 08:25:11,458:INFO:------------------------------------------------------------------------------------------------
2020-06-21 08:29:03,817:INFO:------------------------------------------------------------------------------------------------
2020-06-21 08:53:06,588:INFO:------------------------------------------------------------------------------------------------
2020-06-21 09:15:59,259:INFO:------------------------------------------------------------------------------------------------
2020-06-21 09:25:16,091:INFO:------------------------------------------------------------------------------------------------
2020-06-21 09:29:03,974:INFO:------------------------------------------------------------------------------------------------
2020-06-21 09:35:21,805:INFO:------------------------------------------------------------------------------------------------
2020-06-21 09:35:27,904:INFO:ДУГААРАА СОНГОЖ БУЙ ХЭСЭГ
2020-06-21 09:35:27,905:INFO:7
2020-06-21 09:35:28,215:WARNING:Not Found: /favicon.ico
2020-06-21 09:35:41,468:INFO:ДУГААРЫН ҮНЭ
2020-06-21 09:35:41,472:INFO:10000
2020-06-21 09:42:56,896:INFO:ДУГААРЫН ҮНЭ
2020-06-21 09:42:56,900:INFO:10000
2020-06-21 09:46:48,451:INFO:------------------------------------------------------------------------------------------------
2020-06-21 09:51:48,921:INFO:------------------------------------------------------------------------------------------------
2020-06-21 09:53:06,669:INFO:------------------------------------------------------------------------------------------------
2020-06-21 10:00:09,078:INFO:ДУГААРАА СОНГОЖ БУЙ ХЭСЭГ
2020-06-21 10:00:09,079:INFO:2
2020-06-21 10:00:14,459:WARNING:Not Found: /favicon.ico
2020-06-21 10:02:40,739:INFO:ДУГААРАА СОНГОЖ БУЙ ХЭСЭГ
2020-06-21 10:02:40,740:INFO:2
2020-06-21 10:02:45,774:WARNING:Not Found: /favicon.ico
2020-06-21 10:03:18,322:INFO:ДУГААРАА СОНГОЖ БУЙ ХЭСЭГ
2020-06-21 10:03:18,323:INFO:2
2020-06-21 10:03:32,445:INFO:ДУГААРАА СОНГОЖ БУЙ ХЭСЭГ
2020-06-21 10:03:32,446:INFO:3
2020-06-21 10:03:39,582:INFO:------------------------------------------------------------------------------------------------
2020-06-21 10:03:39,994:INFO:ДУГААРАА СОНГОЖ БУЙ ХЭСЭГ
2020-06-21 10:03:39,995:INFO:7
2020-06-21 10:05:12,535:INFO:ДУГААРЫН ҮНЭ
2020-06-21 10:05:12,538:INFO:5000
2020-06-21 10:13:22,809:INFO:------------------------------------------------------------------------------------------------
2020-06-21 10:13:25,273:INFO:ДУГААРАА СОНГОЖ БУЙ ХЭСЭГ
2020-06-21 10:13:25,273:INFO:2
2020-06-21 10:13:25,591:WARNING:Not Found: /favicon.ico
2020-06-21 10:16:00,265:INFO:------------------------------------------------------------------------------------------------
2020-06-21 10:25:20,852:INFO:------------------------------------------------------------------------------------------------
2020-06-21 10:29:04,113:INFO:------------------------------------------------------------------------------------------------
2020-06-21 10:31:44,062:INFO:ДУГААРАА СОНГОЖ БУЙ ХЭСЭГ
2020-06-21 10:31:44,062:INFO:2
2020-06-21 10:31:44,983:WARNING:Not Found: /favicon.ico
2020-06-21 10:32:04,761:INFO:ДУГААРЫН ҮНЭ
2020-06-21 10:32:04,763:INFO:5000
2020-06-21 10:32:17,180:INFO:ДУГААРЫН ZAHIALGA
2020-06-21 10:32:19,410:INFO:------------------------------------------------------------------------------------------------
2020-06-21 10:32:55,048:INFO:ДУГААРАА СОНГОЖ БУЙ ХЭСЭГ
2020-06-21 10:32:55,049:INFO:2
2020-06-21 10:39:39,279:INFO:------------------------------------------------------------------------------------------------
2020-06-21 10:40:11,757:INFO:ДУГААРАА СОНГОЖ БУЙ ХЭСЭГ
2020-06-21 10:40:11,758:INFO:2
2020-06-21 10:40:12,324:WARNING:Not Found: /favicon.ico
2020-06-21 10:40:12,547:WARNING:Not Found: /favicon.ico
2020-06-21 10:41:36,735:INFO:------------------------------------------------------------------------------------------------
2020-06-21 10:41:37,658:INFO:------------------------------------------------------------------------------------------------
2020-06-21 10:41:38,247:INFO:ДУГААРАА СОНГОЖ БУЙ ХЭСЭГ
2020-06-21 10:41:38,247:INFO:7
2020-06-21 10:44:06,576:INFO:ДУГААРЫН ҮНЭ
2020-06-21 10:44:06,578:INFO:10000
2020-06-21 10:45:05,989:INFO:ДУГААРЫН ZAHIALGA
2020-06-21 10:45:07,759:INFO:------------------------------------------------------------------------------------------------
2020-06-21 10:45:09,129:INFO:ДУГААРАА СОНГОЖ БУЙ ХЭСЭГ
2020-06-21 10:45:09,129:INFO:7
2020-06-21 10:45:46,458:INFO:ДУГААРАА СОНГОЖ БУЙ ХЭСЭГ
2020-06-21 10:45:46,458:INFO:7
2020-06-21 10:45:56,205:INFO:ДУГААРЫН ҮНЭ
2020-06-21 10:45:56,208:INFO:10000
2020-06-21 10:46:13,532:INFO:ДУГААРЫН ZAHIALGA
2020-06-21 10:46:15,245:INFO:------------------------------------------------------------------------------------------------
2020-06-21 10:46:18,928:INFO:ДУГААРАА СОНГОЖ БУЙ ХЭСЭГ
2020-06-21 10:46:18,928:INFO:7
2020-06-21 10:46:46,879:INFO:ДУГААРЫН ҮНЭ
2020-06-21 10:46:46,881:INFO:10000
2020-06-21 10:46:49,055:INFO:------------------------------------------------------------------------------------------------
2020-06-21 10:46:56,662:INFO:ДУГААРЫН ZAHIALGA
2020-06-21 10:46:58,485:INFO:------------------------------------------------------------------------------------------------
2020-06-21 10:47:06,143:INFO:ДУГААРАА СОНГОЖ БУЙ ХЭСЭГ
2020-06-21 10:47:06,143:INFO:7
2020-06-21 10:47:32,380:INFO:ДУГААРЫН ҮНЭ
2020-06-21 10:47:32,384:INFO:10000
2020-06-21 10:47:47,598:INFO:ДУГААРЫН ZAHIALGA
2020-06-21 10:47:48,640:INFO:------------------------------------------------------------------------------------------------
2020-06-21 10:47:50,165:INFO:ДУГААРАА СОНГОЖ БУЙ ХЭСЭГ
2020-06-21 10:47:50,165:INFO:7
2020-06-21 10:48:13,698:INFO:ДУГААРАА СОНГОЖ БУЙ ХЭСЭГ
2020-06-21 10:48:13,699:INFO:2
2020-06-21 10:48:15,940:INFO:ДУГААРЫН ҮНЭ
2020-06-21 10:48:15,942:INFO:10000
2020-06-21 10:48:37,556:INFO:ДУГААРЫН ҮНЭ
2020-06-21 10:48:37,558:INFO:5000
2020-06-21 10:49:06,209:INFO:ДУГААРЫН ZAHIALGA
2020-06-21 10:49:07,432:INFO:------------------------------------------------------------------------------------------------
2020-06-21 10:49:08,677:INFO:ДУГААРАА СОНГОЖ БУЙ ХЭСЭГ
2020-06-21 10:49:08,677:INFO:7
2020-06-21 10:49:30,703:INFO:ДУГААРЫН ҮНЭ
2020-06-21 10:49:30,706:INFO:10000
2020-06-21 10:49:36,963:INFO:ДУГААРЫН ZAHIALGA
2020-06-21 10:50:01,656:INFO:------------------------------------------------------------------------------------------------
2020-06-21 10:50:02,753:INFO:ДУГААРАА СОНГОЖ БУЙ ХЭСЭГ
2020-06-21 10:50:02,753:INFO:7
2020-06-21 10:50:15,142:INFO:ДУГААРЫН ҮНЭ
2020-06-21 10:50:15,145:INFO:10000
2020-06-21 10:50:44,417:INFO:ДУГААРЫН ZAHIALGA
2020-06-21 10:50:45,467:INFO:------------------------------------------------------------------------------------------------
2020-06-21 10:50:46,567:INFO:ДУГААРАА СОНГОЖ БУЙ ХЭСЭГ
2020-06-21 10:50:46,567:INFO:7
2020-06-21 10:51:10,791:INFO:ДУГААРЫН ҮНЭ
2020-06-21 10:51:10,794:INFO:10000
2020-06-21 10:51:24,810:INFO:ДУГААРЫН ZAHIALGA
2020-06-21 10:51:26,153:INFO:------------------------------------------------------------------------------------------------
2020-06-21 10:51:27,814:INFO:ДУГААРАА СОНГОЖ БУЙ ХЭСЭГ
2020-06-21 10:51:27,814:INFO:7
2020-06-21 10:51:32,019:INFO:ДУГААРАА СОНГОЖ БУЙ ХЭСЭГ
2020-06-21 10:51:32,020:INFO:7
2020-06-21 10:51:34,818:INFO:------------------------------------------------------------------------------------------------
2020-06-21 10:51:35,901:INFO:ДУГААРАА СОНГОЖ БУЙ ХЭСЭГ
2020-06-21 10:51:35,901:INFO:2
2020-06-21 10:51:36,092:INFO:ДУГААРЫН ҮНЭ
2020-06-21 10:51:36,095:INFO:10000
2020-06-21 10:52:11,838:INFO:ДУГААРЫН ZAHIALGA
2020-06-21 10:52:12,901:INFO:------------------------------------------------------------------------------------------------
2020-06-21 10:52:13,804:INFO:ДУГААРАА СОНГОЖ БУЙ ХЭСЭГ
2020-06-21 10:52:13,804:INFO:7
2020-06-21 10:52:19,910:INFO:------------------------------------------------------------------------------------------------
2020-06-21 10:52:31,940:INFO:ДУГААРЫН ҮНЭ
2020-06-21 10:52:31,942:INFO:10000
2020-06-21 10:52:46,835:INFO:ДУГААРЫН ZAHIALGA
2020-06-21 10:52:48,910:INFO:------------------------------------------------------------------------------------------------
2020-06-21 10:52:50,043:INFO:ДУГААРАА СОНГОЖ БУЙ ХЭСЭГ
2020-06-21 10:52:50,043:INFO:7
2020-06-21 10:53:06,750:INFO:------------------------------------------------------------------------------------------------
2020-06-21 10:53:09,051:INFO:ДУГААРЫН ҮНЭ
2020-06-21 10:53:09,054:INFO:10000
2020-06-21 10:53:20,964:INFO:ДУГААРЫН ZAHIALGA
2020-06-21 10:53:22,160:INFO:------------------------------------------------------------------------------------------------
2020-06-21 10:53:22,182:INFO:ДУГААРАА СОНГОЖ БУЙ ХЭСЭГ
2020-06-21 10:53:22,183:INFO:2
2020-06-21 10:53:22,842:WARNING:Not Found: /favicon.ico
2020-06-21 10:53:23,322:INFO:ДУГААРАА СОНГОЖ БУЙ ХЭСЭГ
2020-06-21 10:53:23,322:INFO:7
2020-06-21 10:53:34,433:INFO:ДУГААРЫН ҮНЭ
2020-06-21 10:53:34,436:INFO:10000
2020-06-21 10:53:58,176:INFO:ДУГААРЫН ZAHIALGA
2020-06-21 10:53:59,302:INFO:------------------------------------------------------------------------------------------------
2020-06-21 10:54:00,273:INFO:ДУГААРАА СОНГОЖ БУЙ ХЭСЭГ
2020-06-21 10:54:00,273:INFO:7
2020-06-21 10:54:17,618:INFO:ДУГААРЫН ҮНЭ
2020-06-21 10:54:17,620:INFO:10000
2020-06-21 10:54:29,359:INFO:ДУГААРЫН ZAHIALGA
2020-06-21 10:54:30,579:INFO:------------------------------------------------------------------------------------------------
2020-06-21 10:54:31,560:INFO:ДУГААРАА СОНГОЖ БУЙ ХЭСЭГ
2020-06-21 10:54:31,560:INFO:7
2020-06-21 10:54:57,688:INFO:ДУГААРЫН ҮНЭ
2020-06-21 10:54:57,691:INFO:10000
2020-06-21 10:55:23,731:INFO:ДУГААРЫН ZAHIALGA
2020-06-21 10:55:24,717:INFO:------------------------------------------------------------------------------------------------
2020-06-21 10:55:25,768:INFO:ДУГААРАА СОНГОЖ БУЙ ХЭСЭГ
2020-06-21 10:55:25,768:INFO:7
2020-06-21 10:55:28,200:INFO:ДУГААРЫН ҮНЭ
2020-06-21 10:55:28,203:INFO:5000
2020-06-21 10:55:43,719:INFO:ДУГААРЫН ҮНЭ
2020-06-21 10:55:43,722:INFO:10000
2020-06-21 10:55:57,262:INFO:ДУГААРЫН ZAHIALGA
2020-06-21 10:55:58,917:INFO:------------------------------------------------------------------------------------------------
2020-06-21 10:56:01,600:INFO:ДУГААРАА СОНГОЖ БУЙ ХЭСЭГ
2020-06-21 10:56:01,600:INFO:7
2020-06-21 10:56:12,421:INFO:ДУГААРЫН ҮНЭ
2020-06-21 10:56:12,424:INFO:10000
2020-06-21 10:56:35,419:INFO:ДУГААРЫН ZAHIALGA
2020-06-21 10:56:36,883:INFO:------------------------------------------------------------------------------------------------
2020-06-21 10:56:37,935:INFO:ДУГААРАА СОНГОЖ БУЙ ХЭСЭГ
2020-06-21 10:56:37,935:INFO:7
2020-06-21 10:56:47,795:INFO:ДУГААРЫН ҮНЭ
2020-06-21 10:56:47,797:INFO:10000
2020-06-21 10:57:18,312:INFO:ДУГААРЫН ZAHIALGA
2020-06-21 10:57:19,852:INFO:------------------------------------------------------------------------------------------------
2020-06-21 10:57:21,067:INFO:ДУГААРАА СОНГОЖ БУЙ ХЭСЭГ
2020-06-21 10:57:21,068:INFO:7
2020-06-21 10:57:45,125:INFO:ДУГААРЫН ҮНЭ
2020-06-21 10:57:45,129:INFO:10000
2020-06-21 10:57:58,602:INFO:ДУГААРЫН ZAHIALGA
2020-06-21 10:57:59,717:INFO:------------------------------------------------------------------------------------------------
2020-06-21 10:58:00,779:INFO:ДУГААРАА СОНГОЖ БУЙ ХЭСЭГ
2020-06-21 10:58:00,779:INFO:7
2020-06-21 10:58:09,313:INFO:ДУГААРЫН ҮНЭ
2020-06-21 10:58:09,315:INFO:10000
2020-06-21 10:58:44,538:INFO:ДУГААРЫН ZAHIALGA
2020-06-21 10:58:45,899:INFO:------------------------------------------------------------------------------------------------
2020-06-21 10:58:46,970:INFO:ДУГААРАА СОНГОЖ БУЙ ХЭСЭГ
2020-06-21 10:58:46,970:INFO:7
2020-06-21 10:58:56,799:INFO:ДУГААРЫН ҮНЭ
2020-06-21 10:58:56,802:INFO:10000
2020-06-21 10:59:18,354:INFO:ДУГААРЫН ZAHIALGA
2020-06-21 10:59:19,831:INFO:------------------------------------------------------------------------------------------------
2020-06-21 10:59:21,008:INFO:ДУГААРАА СОНГОЖ БУЙ ХЭСЭГ
2020-06-21 10:59:21,008:INFO:7
2020-06-21 10:59:58,920:INFO:ДУГААРЫН ҮНЭ
2020-06-21 10:59:58,923:INFO:10000
2020-06-21 11:00:10,448:INFO:ДУГААРЫН ZAHIALGA
2020-06-21 11:00:11,722:INFO:------------------------------------------------------------------------------------------------
2020-06-21 11:00:12,926:INFO:ДУГААРАА СОНГОЖ БУЙ ХЭСЭГ
2020-06-21 11:00:12,927:INFO:7
2020-06-21 11:00:22,053:INFO:ДУГААРЫН ҮНЭ
2020-06-21 11:00:22,055:INFO:10000
2020-06-21 11:00:51,089:INFO:ДУГААРЫН ZAHIALGA
2020-06-21 11:00:52,221:INFO:------------------------------------------------------------------------------------------------
2020-06-21 11:00:53,354:INFO:ДУГААРАА СОНГОЖ БУЙ ХЭСЭГ
2020-06-21 11:00:53,354:INFO:7
2020-06-21 11:01:01,508:INFO:ДУГААРЫН ҮНЭ
2020-06-21 11:01:01,510:INFO:10000
2020-06-21 11:01:28,942:INFO:ДУГААРЫН ZAHIALGA
2020-06-21 11:01:30,192:INFO:------------------------------------------------------------------------------------------------
2020-06-21 11:01:31,998:INFO:ДУГААРАА СОНГОЖ БУЙ ХЭСЭГ
2020-06-21 11:01:31,998:INFO:7
2020-06-21 11:01:42,394:INFO:ДУГААРЫН ҮНЭ
2020-06-21 11:01:42,396:INFO:10000
2020-06-21 11:02:15,921:INFO:ДУГААРЫН ZAHIALGA
2020-06-21 11:02:17,618:INFO:------------------------------------------------------------------------------------------------
2020-06-21 11:02:19,031:INFO:ДУГААРАА СОНГОЖ БУЙ ХЭСЭГ
2020-06-21 11:02:19,031:INFO:7
2020-06-21 11:02:40,202:INFO:ДУГААРЫН ҮНЭ
2020-06-21 11:02:40,205:INFO:10000
2020-06-21 11:02:53,212:INFO:ДУГААРЫН ZAHIALGA
2020-06-21 11:02:58,968:INFO:------------------------------------------------------------------------------------------------
2020-06-21 11:02:59,930:INFO:ДУГААРАА СОНГОЖ БУЙ ХЭСЭГ
2020-06-21 11:02:59,930:INFO:7
2020-06-21 11:03:25,897:INFO:ДУГААРЫН ҮНЭ
2020-06-21 11:03:25,899:INFO:10000
2020-06-21 11:03:38,701:INFO:ДУГААРЫН ZAHIALGA
2020-06-21 11:03:39,774:INFO:------------------------------------------------------------------------------------------------
2020-06-21 11:03:40,674:INFO:ДУГААРАА СОНГОЖ БУЙ ХЭСЭГ
2020-06-21 11:03:40,674:INFO:7
2020-06-21 11:03:50,359:INFO:ДУГААРЫН ҮНЭ
2020-06-21 11:03:50,362:INFO:10000
2020-06-21 11:04:14,717:INFO:ДУГААРЫН ZAHIALGA
2020-06-21 11:04:17,782:INFO:------------------------------------------------------------------------------------------------
2020-06-21 11:04:19,151:INFO:ДУГААРАА СОНГОЖ БУЙ ХЭСЭГ
2020-06-21 11:04:19,151:INFO:7
2020-06-21 11:04:26,809:INFO:ДУГААРЫН ҮНЭ
2020-06-21 11:04:26,811:INFO:10000
2020-06-21 11:04:45,359:INFO:ДУГААРЫН ZAHIALGA
2020-06-21 11:04:46,506:INFO:------------------------------------------------------------------------------------------------
2020-06-21 11:04:47,727:INFO:ДУГААРАА СОНГОЖ БУЙ ХЭСЭГ
2020-06-21 11:04:47,727:INFO:7
2020-06-21 11:05:07,399:INFO:ДУГААРЫН ҮНЭ
2020-06-21 11:05:07,402:INFO:10000
2020-06-21 11:05:31,391:INFO:ДУГААРЫН ZAHIALGA
2020-06-21 11:05:32,489:INFO:------------------------------------------------------------------------------------------------
2020-06-21 11:05:33,454:INFO:ДУГААРАА СОНГОЖ БУЙ ХЭСЭГ
2020-06-21 11:05:33,454:INFO:7
2020-06-21 11:05:42,379:INFO:ДУГААРЫН ҮНЭ
2020-06-21 11:05:42,382:INFO:10000
2020-06-21 11:05:55,728:INFO:ДУГААРАА СОНГОЖ БУЙ ХЭСЭГ
2020-06-21 11:05:55,729:INFO:2
2020-06-21 11:06:05,870:INFO:ДУГААРЫН ZAHIALGA
2020-06-21 11:06:07,009:INFO:------------------------------------------------------------------------------------------------
2020-06-21 11:06:08,045:INFO:ДУГААРАА СОНГОЖ БУЙ ХЭСЭГ
2020-06-21 11:06:08,045:INFO:2
2020-06-21 11:06:08,341:INFO:ДУГААРАА СОНГОЖ БУЙ ХЭСЭГ
2020-06-21 11:06:08,341:INFO:7
2020-06-21 11:06:23,260:INFO:------------------------------------------------------------------------------------------------
2020-06-21 11:06:26,940:INFO:ДУГААРЫН ҮНЭ
2020-06-21 11:06:26,942:INFO:10000
2020-06-21 11:06:32,511:INFO:ДУГААРЫН ZAHIALGA
2020-06-21 11:06:35,431:INFO:------------------------------------------------------------------------------------------------
2020-06-21 11:06:36,657:INFO:ДУГААРАА СОНГОЖ БУЙ ХЭСЭГ
2020-06-21 11:06:36,658:INFO:7
2020-06-21 11:06:45,809:INFO:ДУГААРЫН ҮНЭ
2020-06-21 11:06:45,812:INFO:10000
2020-06-21 11:07:19,897:INFO:ДУГААРЫН ZAHIALGA
2020-06-21 11:07:21,112:INFO:------------------------------------------------------------------------------------------------
2020-06-21 11:07:22,284:INFO:ДУГААРАА СОНГОЖ БУЙ ХЭСЭГ
2020-06-21 11:07:22,284:INFO:7
2020-06-21 11:07:49,194:INFO:ДУГААРЫН ҮНЭ
2020-06-21 11:07:49,196:INFO:10000
2020-06-21 11:07:55,883:INFO:ДУГААРЫН ZAHIALGA
2020-06-21 11:07:58,164:INFO:------------------------------------------------------------------------------------------------
2020-06-21 11:07:59,298:INFO:ДУГААРАА СОНГОЖ БУЙ ХЭСЭГ
2020-06-21 11:07:59,298:INFO:7
2020-06-21 11:08:06,709:INFO:ДУГААРЫН ҮНЭ
2020-06-21 11:08:06,712:INFO:10000
2020-06-21 11:08:43,837:INFO:ДУГААРЫН ZAHIALGA
2020-06-21 11:08:44,812:INFO:------------------------------------------------------------------------------------------------
2020-06-21 11:08:45,827:INFO:ДУГААРАА СОНГОЖ БУЙ ХЭСЭГ
2020-06-21 11:08:45,827:INFO:7
2020-06-21 11:08:54,126:INFO:ДУГААРЫН ҮНЭ
2020-06-21 11:08:54,128:INFO:10000
2020-06-21 11:09:22,106:INFO:ДУГААРЫН ZAHIALGA
2020-06-21 11:09:23,541:INFO:------------------------------------------------------------------------------------------------
2020-06-21 11:09:24,799:INFO:ДУГААРАА СОНГОЖ БУЙ ХЭСЭГ
2020-06-21 11:09:24,799:INFO:7
2020-06-21 11:09:33,560:INFO:ДУГААРАА СОНГОЖ БУЙ ХЭСЭГ
2020-06-21 11:09:33,560:INFO:2
2020-06-21 11:09:41,230:INFO:ДУГААРЫН ҮНЭ
2020-06-21 11:09:41,233:INFO:10000
2020-06-21 11:09:55,412:INFO:ДУГААРЫН ZAHIALGA
2020-06-21 11:09:57,025:INFO:------------------------------------------------------------------------------------------------
2020-06-21 11:09:58,111:INFO:ДУГААРАА СОНГОЖ БУЙ ХЭСЭГ
2020-06-21 11:09:58,111:INFO:7
2020-06-21 11:10:17,621:INFO:ДУГААРЫН ҮНЭ
2020-06-21 11:10:17,623:INFO:10000
2020-06-21 11:10:18,482:INFO:ДУГААРАА СОНГОЖ БУЙ ХЭСЭГ
2020-06-21 11:10:18,482:INFO:2
2020-06-21 11:10:23,339:INFO:ДУГААРЫН ZAHIALGA
2020-06-21 11:10:24,912:INFO:------------------------------------------------------------------------------------------------
2020-06-21 11:10:25,981:INFO:ДУГААРАА СОНГОЖ БУЙ ХЭСЭГ
2020-06-21 11:10:25,981:INFO:7
2020-06-21 11:10:36,570:INFO:ДУГААРАА СОНГОЖ БУЙ ХЭСЭГ
2020-06-21 11:10:36,570:INFO:2
2020-06-21 11:10:36,954:INFO:ДУГААРАА СОНГОЖ БУЙ ХЭСЭГ
2020-06-21 11:10:36,954:INFO:2
2020-06-21 11:10:44,308:INFO:ДУГААРЫН ҮНЭ
2020-06-21 11:10:44,310:INFO:10000
2020-06-21 11:10:47,133:INFO:ДУГААРАА СОНГОЖ БУЙ ХЭСЭГ
2020-06-21 11:10:47,133:INFO:2
2020-06-21 11:10:55,303:INFO:ДУГААРАА СОНГОЖ БУЙ ХЭСЭГ
2020-06-21 11:10:55,303:INFO:2
2020-06-21 11:11:03,661:INFO:ДУГААРЫН ZAHIALGA
2020-06-21 11:11:05,736:INFO:------------------------------------------------------------------------------------------------
2020-06-21 11:11:07,827:INFO:ДУГААРАА СОНГОЖ БУЙ ХЭСЭГ
2020-06-21 11:11:07,828:INFO:7
2020-06-21 11:11:26,068:INFO:ДУГААРЫН ҮНЭ
2020-06-21 11:11:26,070:INFO:10000
2020-06-21 11:11:33,520:INFO:ДУГААРЫН ZAHIALGA
2020-06-21 11:11:34,590:INFO:------------------------------------------------------------------------------------------------
2020-06-21 11:11:35,619:INFO:ДУГААРАА СОНГОЖ БУЙ ХЭСЭГ
2020-06-21 11:11:35,619:INFO:7
2020-06-21 11:11:45,668:INFO:------------------------------------------------------------------------------------------------
2020-06-21 11:11:47,100:INFO:ДУГААРАА СОНГОЖ БУЙ ХЭСЭГ
2020-06-21 11:11:47,100:INFO:2
2020-06-21 11:11:47,499:WARNING:Not Found: /favicon.ico
2020-06-21 11:11:47,637:WARNING:Not Found: /favicon.ico
2020-06-21 11:11:54,707:INFO:ДУГААРЫН ҮНЭ
2020-06-21 11:11:54,709:INFO:10000
2020-06-21 11:11:57,391:INFO:------------------------------------------------------------------------------------------------
2020-06-21 11:11:59,946:INFO:ДУГААРАА СОНГОЖ БУЙ ХЭСЭГ
2020-06-21 11:11:59,947:INFO:7
2020-06-21 11:12:16,442:INFO:ДУГААРЫН ZAHIALGA
2020-06-21 11:12:17,065:INFO:ДУГААРЫН ҮНЭ
2020-06-21 11:12:17,068:INFO:5000
2020-06-21 11:12:17,654:INFO:------------------------------------------------------------------------------------------------
2020-06-21 11:12:18,626:INFO:ДУГААРАА СОНГОЖ БУЙ ХЭСЭГ
2020-06-21 11:12:18,627:INFO:7
2020-06-21 11:12:19,371:INFO:ДУГААРАА СОНГОЖ БУЙ ХЭСЭГ
2020-06-21 11:12:19,371:INFO:7
2020-06-21 11:12:27,608:INFO:ДУГААРЫН ҮНЭ
2020-06-21 11:12:27,611:INFO:10000
2020-06-21 11:12:39,715:INFO:ДУГААРАА СОНГОЖ БУЙ ХЭСЭГ
2020-06-21 11:12:39,715:INFO:7
2020-06-21 11:12:45,586:INFO:ДУГААРАА СОНГОЖ БУЙ ХЭСЭГ
2020-06-21 11:12:45,587:INFO:7
2020-06-21 11:12:54,121:INFO:ДУГААРАА СОНГОЖ БУЙ ХЭСЭГ
2020-06-21 11:12:54,121:INFO:7
2020-06-21 11:13:03,967:INFO:ДУГААРЫН ZAHIALGA
2020-06-21 11:13:05,219:INFO:------------------------------------------------------------------------------------------------
2020-06-21 11:13:06,240:INFO:ДУГААРАА СОНГОЖ БУЙ ХЭСЭГ
2020-06-21 11:13:06,240:INFO:7
2020-06-21 11:13:08,298:INFO:ДУГААРЫН ZAHIALGA
2020-06-21 11:13:09,781:INFO:ДУГААРАА СОНГОЖ БУЙ ХЭСЭГ
2020-06-21 11:13:09,781:INFO:7
2020-06-21 11:13:09,949:INFO:------------------------------------------------------------------------------------------------
2020-06-21 11:13:11,400:INFO:ДУГААРАА СОНГОЖ БУЙ ХЭСЭГ
2020-06-21 11:13:11,400:INFO:2
2020-06-21 11:13:13,822:INFO:ДУГААРЫН ҮНЭ
2020-06-21 11:13:13,825:INFO:10000
2020-06-21 11:13:13,989:INFO:------------------------------------------------------------------------------------------------
2020-06-21 11:13:15,426:INFO:ДУГААРАА СОНГОЖ БУЙ ХЭСЭГ
2020-06-21 11:13:15,426:INFO:7
2020-06-21 11:13:25,610:INFO:ДУГААРАА СОНГОЖ БУЙ ХЭСЭГ
2020-06-21 11:13:25,610:INFO:7
2020-06-21 11:13:31,510:INFO:ДУГААРЫН ZAHIALGA
2020-06-21 11:13:32,786:INFO:------------------------------------------------------------------------------------------------
2020-06-21 11:13:33,712:INFO:ДУГААРАА СОНГОЖ БУЙ ХЭСЭГ
2020-06-21 11:13:33,712:INFO:7
2020-06-21 11:13:55,126:INFO:ДУГААРЫН ҮНЭ
2020-06-21 11:13:55,129:INFO:10000
2020-06-21 11:13:57,594:INFO:ДУГААРАА СОНГОЖ БУЙ ХЭСЭГ
2020-06-21 11:13:57,594:INFO:7
2020-06-21 11:13:57,760:WARNING:Not Found: /favicon.ico
2020-06-21 11:14:18,258:INFO:ДУГААРАА СОНГОЖ БУЙ ХЭСЭГ
2020-06-21 11:14:18,258:INFO:7
2020-06-21 11:14:19,963:INFO:------------------------------------------------------------------------------------------------
2020-06-21 11:14:21,292:INFO:ДУГААРАА СОНГОЖ БУЙ ХЭСЭГ
2020-06-21 11:14:21,293:INFO:2
2020-06-21 11:14:22,904:INFO:ДУГААРЫН ZAHIALGA
2020-06-21 11:14:23,979:INFO:------------------------------------------------------------------------------------------------
2020-06-21 11:14:24,809:INFO:ДУГААРАА СОНГОЖ БУЙ ХЭСЭГ
2020-06-21 11:14:24,809:INFO:7
2020-06-21 11:14:38,086:INFO:ДУГААРЫН ҮНЭ
2020-06-21 11:14:38,089:INFO:10000
2020-06-21 11:14:42,053:INFO:------------------------------------------------------------------------------------------------
2020-06-21 11:14:42,915:INFO:ДУГААРАА СОНГОЖ БУЙ ХЭСЭГ
2020-06-21 11:14:42,915:INFO:7
2020-06-21 11:14:43,997:INFO:ДУГААРЫН ҮНЭ
2020-06-21 11:14:44,000:INFO:10000
2020-06-21 11:14:57,963:INFO:ДУГААРЫН ZAHIALGA
2020-06-21 11:14:58,801:INFO:------------------------------------------------------------------------------------------------
2020-06-21 11:14:59,300:INFO:------------------------------------------------------------------------------------------------
2020-06-21 11:15:00,381:INFO:ДУГААРАА СОНГОЖ БУЙ ХЭСЭГ
2020-06-21 11:15:00,381:INFO:7
2020-06-21 11:15:01,232:INFO:ДУГААРАА СОНГОЖ БУЙ ХЭСЭГ
2020-06-21 11:15:01,232:INFO:2
2020-06-21 11:15:08,676:INFO:ДУГААРЫН ҮНЭ
2020-06-21 11:15:08,679:INFO:10000
2020-06-21 11:15:46,990:INFO:ДУГААРЫН ZAHIALGA
2020-06-21 11:15:51,215:INFO:------------------------------------------------------------------------------------------------
2020-06-21 11:15:52,867:INFO:ДУГААРАА СОНГОЖ БУЙ ХЭСЭГ
2020-06-21 11:15:52,867:INFO:7
2020-06-21 11:16:01,328:INFO:------------------------------------------------------------------------------------------------
2020-06-21 11:16:01,634:INFO:ДУГААРЫН ҮНЭ
2020-06-21 11:16:01,637:INFO:10000
2020-06-21 11:16:28,780:INFO:ДУГААРЫН ҮНЭ
2020-06-21 11:16:28,783:INFO:5000
2020-06-21 11:16:30,949:INFO:ДУГААРЫН ZAHIALGA
2020-06-21 11:16:39,580:INFO:ДУГААРАА СОНГОЖ БУЙ ХЭСЭГ
2020-06-21 11:16:39,580:INFO:7
2020-06-21 11:16:40,110:WARNING:Not Found: /favicon.ico
2020-06-21 11:16:40,117:WARNING:Not Found: /favicon.ico
2020-06-21 11:16:40,293:INFO:ДУГААРЫН ZAHIALGA
2020-06-21 11:16:43,738:INFO:ДУГААРАА СОНГОЖ БУЙ ХЭСЭГ
2020-06-21 11:16:43,738:INFO:7
2020-06-21 11:16:46,635:INFO:ДУГААРАА СОНГОЖ БУЙ ХЭСЭГ
2020-06-21 11:16:46,636:INFO:7
2020-06-21 11:17:02,525:INFO:------------------------------------------------------------------------------------------------
2020-06-21 11:17:48,929:INFO:ДУГААРЫН ҮНЭ
2020-06-21 11:17:48,931:INFO:10000
2020-06-21 11:18:31,078:INFO:------------------------------------------------------------------------------------------------
2020-06-21 11:18:40,756:INFO:------------------------------------------------------------------------------------------------
2020-06-21 11:21:21,890:INFO:------------------------------------------------------------------------------------------------
2020-06-21 11:21:23,164:INFO:ДУГААРАА СОНГОЖ БУЙ ХЭСЭГ
2020-06-21 11:21:23,164:INFO:2
2020-06-21 11:21:44,793:INFO:ДУГААРЫН ҮНЭ
2020-06-21 11:21:44,796:INFO:5000
2020-06-21 11:22:54,410:INFO:ДУГААРАА СОНГОЖ БУЙ ХЭСЭГ
2020-06-21 11:22:54,411:INFO:2
2020-06-21 11:24:30,356:INFO:ДУГААРЫН ҮНЭ
2020-06-21 11:24:30,359:INFO:5000
2020-06-21 11:25:25,493:INFO:------------------------------------------------------------------------------------------------
2020-06-21 11:27:50,819:INFO:ДУГААРАА СОНГОЖ БУЙ ХЭСЭГ
2020-06-21 11:27:50,819:INFO:2
2020-06-21 11:28:20,376:INFO:------------------------------------------------------------------------------------------------
2020-06-21 11:28:22,007:INFO:ДУГААРАА СОНГОЖ БУЙ ХЭСЭГ
2020-06-21 11:28:22,007:INFO:7
2020-06-21 11:28:36,804:INFO:------------------------------------------------------------------------------------------------
2020-06-21 11:28:38,019:INFO:ДУГААРАА СОНГОЖ БУЙ ХЭСЭГ
2020-06-21 11:28:38,019:INFO:2
2020-06-21 11:29:04,250:INFO:------------------------------------------------------------------------------------------------
2020-06-21 11:31:30,638:INFO:ДУГААРЫН ҮНЭ
2020-06-21 11:31:30,641:INFO:10000
2020-06-21 11:31:46,269:INFO:ДУГААРЫН ZAHIALGA
2020-06-21 11:33:46,984:INFO:------------------------------------------------------------------------------------------------
2020-06-21 11:34:46,851:INFO:ДУГААРАА СОНГОЖ БУЙ ХЭСЭГ
2020-06-21 11:34:46,852:INFO:7
2020-06-21 11:36:34,167:INFO:ДУГААРЫН ҮНЭ
2020-06-21 11:36:34,170:INFO:10000
2020-06-21 11:36:35,735:INFO:------------------------------------------------------------------------------------------------
2020-06-21 11:36:36,988:INFO:ДУГААРАА СОНГОЖ БУЙ ХЭСЭГ
2020-06-21 11:36:36,988:INFO:7
2020-06-21 11:37:00,996:INFO:ДУГААРЫН ҮНЭ
2020-06-21 11:37:00,999:INFO:10000
2020-06-21 11:37:11,121:INFO:ДУГААРЫН ZAHIALGA
2020-06-21 11:37:12,209:INFO:------------------------------------------------------------------------------------------------
2020-06-21 11:38:16,677:INFO:ДУГААРАА СОНГОЖ БУЙ ХЭСЭГ
2020-06-21 11:38:16,677:INFO:2
2020-06-21 11:39:39,711:INFO:------------------------------------------------------------------------------------------------
2020-06-21 11:40:55,790:INFO:------------------------------------------------------------------------------------------------
2020-06-21 11:40:59,704:INFO:ДУГААРАА СОНГОЖ БУЙ ХЭСЭГ
2020-06-21 11:40:59,705:INFO:7
2020-06-21 11:41:38,284:ERROR:Internal Server Error: /getnumber
Traceback (most recent call last):
  File "/usr/local/lib/python2.7/dist-packages/django/core/handlers/exception.py", line 41, in inner
    response = get_response(request)
  File "/usr/local/lib/python2.7/dist-packages/django/core/handlers/base.py", line 187, in _get_response
    response = self.process_exception_by_middleware(e, request)
  File "/usr/local/lib/python2.7/dist-packages/django/core/handlers/base.py", line 185, in _get_response
    response = wrapped_callback(request, *callback_args, **callback_kwargs)
  File "/usr/local/lib/python2.7/dist-packages/django/views/decorators/csrf.py", line 58, in wrapped_view
    return view_func(*args, **kwargs)
  File "/usr/local/lib/python2.7/dist-packages/django/views/generic/base.py", line 68, in view
    return self.dispatch(request, *args, **kwargs)
  File "/usr/local/lib/python2.7/dist-packages/rest_framework/views.py", line 495, in dispatch
    response = self.handle_exception(exc)
  File "/usr/local/lib/python2.7/dist-packages/rest_framework/views.py", line 455, in handle_exception
    self.raise_uncaught_exception(exc)
  File "/usr/local/lib/python2.7/dist-packages/rest_framework/views.py", line 492, in dispatch
    response = handler(request, *args, **kwargs)
  File "/usr/local/lib/python2.7/dist-packages/rest_framework/decorators.py", line 55, in handler
    return func(*args, **kwargs)
  File "/home/user/nFilterNew/controller/views.py", line 206, in getNumber
    if data[1] == az:
IndexError: list index out of range
2020-06-21 11:41:43,488:INFO:------------------------------------------------------------------------------------------------
2020-06-21 11:41:44,939:INFO:ДУГААРАА СОНГОЖ БУЙ ХЭСЭГ
2020-06-21 11:41:44,939:INFO:7
2020-06-21 11:43:09,641:INFO:------------------------------------------------------------------------------------------------
2020-06-21 11:43:10,581:INFO:ДУГААРАА СОНГОЖ БУЙ ХЭСЭГ
2020-06-21 11:43:10,581:INFO:7
2020-06-21 11:43:10,856:WARNING:Not Found: /favicon.ico
2020-06-21 11:43:11,956:INFO:------------------------------------------------------------------------------------------------
2020-06-21 11:43:12,493:INFO:ДУГААРАА СОНГОЖ БУЙ ХЭСЭГ
2020-06-21 11:43:12,494:INFO:2
2020-06-21 11:43:52,668:INFO:ДУГААРЫН ҮНЭ
2020-06-21 11:43:52,672:INFO:5000
2020-06-21 11:52:25,008:INFO:ДУГААРЫН ҮНЭ
2020-06-21 11:52:25,010:INFO:10000
2020-06-21 11:52:32,337:INFO:ДУГААРЫН ZAHIALGA
2020-06-21 11:53:06,815:INFO:------------------------------------------------------------------------------------------------
2020-06-21 11:54:32,608:INFO:------------------------------------------------------------------------------------------------
2020-06-21 11:55:40,202:INFO:ДУГААРАА СОНГОЖ БУЙ ХЭСЭГ
2020-06-21 11:55:40,203:INFO:7
2020-06-21 11:58:19,449:INFO:------------------------------------------------------------------------------------------------
2020-06-21 11:58:25,176:INFO:ДУГААРАА СОНГОЖ БУЙ ХЭСЭГ
2020-06-21 11:58:25,176:INFO:7
2020-06-21 11:58:27,655:INFO:ДУГААРАА СОНГОЖ БУЙ ХЭСЭГ
2020-06-21 11:58:27,656:INFO:7
2020-06-21 12:05:16,629:INFO:ДУГААРАА СОНГОЖ БУЙ ХЭСЭГ
2020-06-21 12:05:16,629:INFO:2
2020-06-21 12:05:19,533:INFO:ДУГААРАА СОНГОЖ БУЙ ХЭСЭГ
2020-06-21 12:05:19,533:INFO:2
2020-06-21 12:05:21,376:INFO:ДУГААРАА СОНГОЖ БУЙ ХЭСЭГ
2020-06-21 12:05:21,376:INFO:2
2020-06-21 12:16:02,394:INFO:------------------------------------------------------------------------------------------------
2020-06-21 12:17:02,783:INFO:------------------------------------------------------------------------------------------------
2020-06-21 12:18:07,258:INFO:ДУГААРЫН ҮНЭ
2020-06-21 12:18:07,261:INFO:5000
2020-06-21 12:24:19,927:INFO:------------------------------------------------------------------------------------------------
2020-06-21 12:24:21,147:INFO:ДУГААРАА СОНГОЖ БУЙ ХЭСЭГ
2020-06-21 12:24:21,147:INFO:7
2020-06-21 12:24:22,321:INFO:------------------------------------------------------------------------------------------------
2020-06-21 12:24:23,251:INFO:ДУГААРАА СОНГОЖ БУЙ ХЭСЭГ
2020-06-21 12:24:23,251:INFO:2
2020-06-21 12:25:30,134:INFO:------------------------------------------------------------------------------------------------
2020-06-21 12:29:04,555:INFO:------------------------------------------------------------------------------------------------
2020-06-21 12:32:07,437:INFO:------------------------------------------------------------------------------------------------
2020-06-21 12:32:54,422:INFO:------------------------------------------------------------------------------------------------
2020-06-21 12:37:12,329:INFO:------------------------------------------------------------------------------------------------
2020-06-21 12:39:39,853:INFO:------------------------------------------------------------------------------------------------
2020-06-21 12:40:26,473:INFO:ДУГААРАА СОНГОЖ БУЙ ХЭСЭГ
2020-06-21 12:40:26,473:INFO:7
2020-06-21 12:40:27,621:WARNING:Not Found: /favicon.ico
2020-06-21 12:41:20,138:INFO:ДУГААРЫН ҮНЭ
2020-06-21 12:41:20,140:INFO:10000
2020-06-21 12:41:42,368:INFO:ДУГААРЫН ҮНЭ
2020-06-21 12:41:42,371:INFO:5000
2020-06-21 12:42:02,378:INFO:ДУГААРЫН ZAHIALGA
2020-06-21 12:44:02,811:INFO:------------------------------------------------------------------------------------------------
2020-06-21 12:44:25,387:INFO:------------------------------------------------------------------------------------------------
2020-06-21 12:44:31,168:INFO:ДУГААРАА СОНГОЖ БУЙ ХЭСЭГ
2020-06-21 12:44:31,168:INFO:2
2020-06-21 12:44:31,644:WARNING:Not Found: /favicon.ico
2020-06-21 12:44:48,667:INFO:ДУГААРЫН ҮНЭ
2020-06-21 12:44:48,669:INFO:5000
2020-06-21 12:48:57,075:INFO:------------------------------------------------------------------------------------------------
2020-06-21 12:48:57,901:INFO:ДУГААРАА СОНГОЖ БУЙ ХЭСЭГ
2020-06-21 12:48:57,901:INFO:2
2020-06-21 12:49:12,369:INFO:ДУГААРЫН ҮНЭ
2020-06-21 12:49:12,372:INFO:5000
2020-06-21 12:53:06,889:INFO:------------------------------------------------------------------------------------------------
2020-06-21 12:59:38,536:INFO:ДУГААРАА СОНГОЖ БУЙ ХЭСЭГ
2020-06-21 12:59:38,536:INFO:2
2020-06-21 13:06:53,733:INFO:------------------------------------------------------------------------------------------------
2020-06-21 13:06:58,384:INFO:ДУГААРАА СОНГОЖ БУЙ ХЭСЭГ
2020-06-21 13:06:58,384:INFO:2
2020-06-21 13:06:58,898:WARNING:Not Found: /favicon.ico
2020-06-21 13:07:24,424:INFO:ДУГААРЫН ҮНЭ
2020-06-21 13:07:24,427:INFO:5000
2020-06-21 13:07:49,911:INFO:ДУГААРЫН ZAHIALGA
2020-06-21 13:09:50,210:INFO:------------------------------------------------------------------------------------------------
2020-06-21 13:12:46,667:INFO:ДУГААРАА СОНГОЖ БУЙ ХЭСЭГ
2020-06-21 13:12:46,667:INFO:2
2020-06-21 13:12:58,448:INFO:ДУГААРЫН ҮНЭ
2020-06-21 13:12:58,451:INFO:5000
2020-06-21 13:13:12,761:INFO:ДУГААРЫН ZAHIALGA
2020-06-21 13:13:26,410:INFO:------------------------------------------------------------------------------------------------
2020-06-21 13:13:27,507:INFO:ДУГААРАА СОНГОЖ БУЙ ХЭСЭГ
2020-06-21 13:13:27,507:INFO:2
2020-06-21 13:15:12,968:INFO:------------------------------------------------------------------------------------------------
2020-06-21 13:16:03,375:INFO:------------------------------------------------------------------------------------------------
2020-06-21 13:17:03,749:INFO:------------------------------------------------------------------------------------------------
2020-06-21 13:22:21,979:INFO:------------------------------------------------------------------------------------------------
2020-06-21 13:22:22,815:INFO:ДУГААРАА СОНГОЖ БУЙ ХЭСЭГ
2020-06-21 13:22:22,815:INFO:2
2020-06-21 13:22:43,408:INFO:ДУГААРЫН ҮНЭ
2020-06-21 13:22:43,411:INFO:5000
2020-06-21 13:25:34,775:INFO:------------------------------------------------------------------------------------------------
2020-06-21 13:27:43,005:INFO:ДУГААРАА СОНГОЖ БУЙ ХЭСЭГ
2020-06-21 13:27:43,006:INFO:7
2020-06-21 13:29:04,693:INFO:------------------------------------------------------------------------------------------------
2020-06-21 13:32:07,609:INFO:------------------------------------------------------------------------------------------------
2020-06-21 13:32:54,694:INFO:------------------------------------------------------------------------------------------------
2020-06-21 13:34:06,148:INFO:ДУГААРАА СОНГОЖ БУЙ ХЭСЭГ
2020-06-21 13:34:06,149:INFO:2
2020-06-21 13:37:16,939:INFO:------------------------------------------------------------------------------------------------
2020-06-21 13:39:39,972:INFO:------------------------------------------------------------------------------------------------
2020-06-21 13:53:06,972:INFO:------------------------------------------------------------------------------------------------
2020-06-21 13:54:59,478:INFO:------------------------------------------------------------------------------------------------
2020-06-21 13:55:00,447:INFO:ДУГААРАА СОНГОЖ БУЙ ХЭСЭГ
2020-06-21 13:55:00,447:INFO:2
2020-06-21 13:55:00,645:WARNING:Not Found: /favicon.ico
2020-06-21 13:56:23,972:INFO:------------------------------------------------------------------------------------------------
2020-06-21 13:56:25,905:INFO:------------------------------------------------------------------------------------------------
2020-06-21 13:56:26,820:INFO:ДУГААРАА СОНГОЖ БУЙ ХЭСЭГ
2020-06-21 13:56:26,820:INFO:2
2020-06-21 13:56:48,625:INFO:ДУГААРЫН ҮНЭ
2020-06-21 13:56:48,628:INFO:5000
2020-06-21 13:57:59,768:INFO:ДУГААРАА СОНГОЖ БУЙ ХЭСЭГ
2020-06-21 13:57:59,768:INFO:2
2020-06-21 14:00:38,232:INFO:ДУГААРАА СОНГОЖ БУЙ ХЭСЭГ
2020-06-21 14:00:38,232:INFO:2
2020-06-21 14:14:50,194:INFO:------------------------------------------------------------------------------------------------
2020-06-21 14:14:51,443:INFO:ДУГААРАА СОНГОЖ БУЙ ХЭСЭГ
2020-06-21 14:14:51,443:INFO:7
2020-06-21 14:16:04,457:INFO:------------------------------------------------------------------------------------------------
2020-06-21 14:17:04,610:INFO:------------------------------------------------------------------------------------------------
2020-06-21 14:19:43,890:INFO:------------------------------------------------------------------------------------------------
2020-06-21 14:19:46,891:INFO:ДУГААРАА СОНГОЖ БУЙ ХЭСЭГ
2020-06-21 14:19:46,891:INFO:2
2020-06-21 14:21:20,520:INFO:ДУГААРЫН ҮНЭ
2020-06-21 14:21:20,523:INFO:5000
2020-06-21 14:21:34,587:INFO:ДУГААРЫН ҮНЭ
2020-06-21 14:21:34,589:INFO:10000
2020-06-21 14:22:18,662:INFO:ДУГААРЫН ZAHIALGA
2020-06-21 14:23:11,078:INFO:ДУГААРЫН ҮНЭ
2020-06-21 14:23:11,081:INFO:10000
2020-06-21 14:24:19,227:INFO:------------------------------------------------------------------------------------------------
2020-06-21 14:25:05,668:INFO:------------------------------------------------------------------------------------------------
2020-06-21 14:25:06,316:INFO:ДУГААРАА СОНГОЖ БУЙ ХЭСЭГ
2020-06-21 14:25:06,317:INFO:7
2020-06-21 14:25:39,524:INFO:------------------------------------------------------------------------------------------------
2020-06-21 14:28:21,551:INFO:ДУГААРАА СОНГОЖ БУЙ ХЭСЭГ
2020-06-21 14:28:21,551:INFO:7
2020-06-21 14:28:22,853:INFO:------------------------------------------------------------------------------------------------
2020-06-21 14:28:25,204:INFO:ДУГААРАА СОНГОЖ БУЙ ХЭСЭГ
2020-06-21 14:28:25,204:INFO:7
2020-06-21 14:28:26,206:INFO:------------------------------------------------------------------------------------------------
2020-06-21 14:28:27,292:INFO:ДУГААРАА СОНГОЖ БУЙ ХЭСЭГ
2020-06-21 14:28:27,292:INFO:2
2020-06-21 14:28:28,099:INFO:ДУГААРАА СОНГОЖ БУЙ ХЭСЭГ
2020-06-21 14:28:28,100:INFO:2
2020-06-21 14:29:04,628:INFO:ДУГААРЫН ҮНЭ
2020-06-21 14:29:04,631:INFO:5000
2020-06-21 14:29:05,014:INFO:------------------------------------------------------------------------------------------------
2020-06-21 14:29:34,030:INFO:ДУГААРАА СОНГОЖ БУЙ ХЭСЭГ
2020-06-21 14:29:34,030:INFO:7
2020-06-21 14:29:34,237:WARNING:Not Found: /favicon.ico
2020-06-21 14:30:38,383:INFO:ДУГААРАА СОНГОЖ БУЙ ХЭСЭГ
2020-06-21 14:30:38,383:INFO:7
2020-06-21 14:30:49,279:INFO:ДУГААРАА СОНГОЖ БУЙ ХЭСЭГ
2020-06-21 14:30:49,279:INFO:7
2020-06-21 14:31:01,108:INFO:ДУГААРАА СОНГОЖ БУЙ ХЭСЭГ
2020-06-21 14:31:01,108:INFO:7
2020-06-21 14:32:07,830:INFO:------------------------------------------------------------------------------------------------
2020-06-21 14:37:21,547:INFO:------------------------------------------------------------------------------------------------
2020-06-21 14:39:40,098:INFO:------------------------------------------------------------------------------------------------
2020-06-21 14:46:09,007:INFO:ДУГААРАА СОНГОЖ БУЙ ХЭСЭГ
2020-06-21 14:46:09,008:INFO:7
2020-06-21 14:46:16,969:INFO:ДУГААРАА СОНГОЖ БУЙ ХЭСЭГ
2020-06-21 14:46:16,970:INFO:7
2020-06-21 14:47:01,137:INFO:ДУГААРАА СОНГОЖ БУЙ ХЭСЭГ
2020-06-21 14:47:01,137:INFO:7
2020-06-21 14:47:23,127:INFO:ДУГААРАА СОНГОЖ БУЙ ХЭСЭГ
2020-06-21 14:47:23,128:INFO:7
2020-06-21 14:47:25,903:INFO:ДУГААРАА СОНГОЖ БУЙ ХЭСЭГ
2020-06-21 14:47:25,903:INFO:7
2020-06-21 14:47:57,849:INFO:ДУГААРАА СОНГОЖ БУЙ ХЭСЭГ
2020-06-21 14:47:57,849:INFO:7
2020-06-21 14:49:58,784:INFO:ДУГААРАА СОНГОЖ БУЙ ХЭСЭГ
2020-06-21 14:49:58,785:INFO:7
2020-06-21 14:50:26,191:INFO:ДУГААРАА СОНГОЖ БУЙ ХЭСЭГ
2020-06-21 14:50:26,191:INFO:7
2020-06-21 14:53:07,040:INFO:------------------------------------------------------------------------------------------------
2020-06-21 14:54:39,640:INFO:------------------------------------------------------------------------------------------------
2020-06-21 14:54:46,232:INFO:ДУГААРАА СОНГОЖ БУЙ ХЭСЭГ
2020-06-21 14:54:46,233:INFO:2
2020-06-21 14:55:03,711:INFO:ДУГААРАА СОНГОЖ БУЙ ХЭСЭГ
2020-06-21 14:55:03,712:INFO:7
2020-06-21 14:56:43,054:INFO:ДУГААРАА СОНГОЖ БУЙ ХЭСЭГ
2020-06-21 14:56:43,054:INFO:7
2020-06-21 14:56:57,841:INFO:------------------------------------------------------------------------------------------------
2020-06-21 14:57:05,901:INFO:ДУГААРАА СОНГОЖ БУЙ ХЭСЭГ
2020-06-21 14:57:05,901:INFO:7
2020-06-21 15:00:58,387:INFO:ДУГААРАА СОНГОЖ БУЙ ХЭСЭГ
2020-06-21 15:00:58,387:INFO:7
2020-06-21 15:00:59,415:INFO:------------------------------------------------------------------------------------------------
2020-06-21 15:01:05,876:INFO:ДУГААРАА СОНГОЖ БУЙ ХЭСЭГ
2020-06-21 15:01:05,876:INFO:2
2020-06-21 15:01:54,940:INFO:------------------------------------------------------------------------------------------------
2020-06-21 15:02:37,925:INFO:ДУГААРЫН ҮНЭ
2020-06-21 15:02:37,928:INFO:5000
2020-06-21 15:03:11,888:INFO:ДУГААРЫН ҮНЭ
2020-06-21 15:03:11,890:INFO:5000
2020-06-21 15:07:22,088:INFO:------------------------------------------------------------------------------------------------
2020-06-21 15:07:22,238:INFO:------------------------------------------------------------------------------------------------
2020-06-21 15:07:28,710:INFO:ДУГААРАА СОНГОЖ БУЙ ХЭСЭГ
2020-06-21 15:07:28,711:INFO:7
2020-06-21 15:07:29,189:WARNING:Not Found: /favicon.ico
2020-06-21 15:16:05,507:INFO:------------------------------------------------------------------------------------------------
2020-06-21 15:17:05,469:INFO:------------------------------------------------------------------------------------------------
2020-06-21 15:23:33,781:INFO:------------------------------------------------------------------------------------------------
2020-06-21 15:23:37,717:INFO:ДУГААРЫН ҮНЭ
2020-06-21 15:23:37,720:INFO:10000
2020-06-21 15:23:39,127:INFO:ДУГААРАА СОНГОЖ БУЙ ХЭСЭГ
2020-06-21 15:23:39,127:INFO:2
2020-06-21 15:23:47,761:INFO:ДУГААРЫН ҮНЭ
2020-06-21 15:23:47,764:INFO:5000
2020-06-21 15:25:44,161:INFO:------------------------------------------------------------------------------------------------
2020-06-21 15:29:05,213:INFO:------------------------------------------------------------------------------------------------
2020-06-21 15:32:19,193:INFO:------------------------------------------------------------------------------------------------
2020-06-21 15:37:26,156:INFO:------------------------------------------------------------------------------------------------
2020-06-21 15:39:40,246:INFO:------------------------------------------------------------------------------------------------
2020-06-21 15:44:57,715:INFO:------------------------------------------------------------------------------------------------
2020-06-21 15:45:03,212:INFO:ДУГААРАА СОНГОЖ БУЙ ХЭСЭГ
2020-06-21 15:45:03,213:INFO:2
2020-06-21 15:45:10,843:INFO:ДУГААРАА СОНГОЖ БУЙ ХЭСЭГ
2020-06-21 15:45:10,843:INFO:7
2020-06-21 15:45:19,044:INFO:ДУГААРАА СОНГОЖ БУЙ ХЭСЭГ
2020-06-21 15:45:19,044:INFO:7
2020-06-21 15:45:26,314:INFO:------------------------------------------------------------------------------------------------
2020-06-21 15:45:30,614:INFO:------------------------------------------------------------------------------------------------
2020-06-21 15:45:31,792:INFO:ДУГААРАА СОНГОЖ БУЙ ХЭСЭГ
2020-06-21 15:45:31,793:INFO:7
2020-06-21 15:45:32,759:INFO:------------------------------------------------------------------------------------------------
2020-06-21 15:45:35,672:INFO:ДУГААРАА СОНГОЖ БУЙ ХЭСЭГ
2020-06-21 15:45:35,672:INFO:2
2020-06-21 15:45:39,213:INFO:ДУГААРАА СОНГОЖ БУЙ ХЭСЭГ
2020-06-21 15:45:39,213:INFO:2
2020-06-21 15:45:51,780:INFO:ДУГААРЫН ҮНЭ
2020-06-21 15:45:51,783:INFO:10000
2020-06-21 15:46:05,277:INFO:ДУГААРЫН ZAHIALGA
2020-06-21 15:46:12,609:INFO:------------------------------------------------------------------------------------------------
2020-06-21 15:46:13,820:INFO:ДУГААРАА СОНГОЖ БУЙ ХЭСЭГ
2020-06-21 15:46:13,820:INFO:2
2020-06-21 15:46:14,882:INFO:ДУГААРАА СОНГОЖ БУЙ ХЭСЭГ
2020-06-21 15:46:14,882:INFO:2
2020-06-21 15:46:20,765:INFO:ДУГААРАА СОНГОЖ БУЙ ХЭСЭГ
2020-06-21 15:46:20,766:INFO:2
2020-06-21 15:46:21,619:INFO:------------------------------------------------------------------------------------------------
2020-06-21 15:46:22,428:INFO:ДУГААРАА СОНГОЖ БУЙ ХЭСЭГ
2020-06-21 15:46:22,429:INFO:7
2020-06-21 15:46:56,245:INFO:ДУГААРЫН ҮНЭ
2020-06-21 15:46:56,248:INFO:5000
2020-06-21 15:47:36,865:INFO:------------------------------------------------------------------------------------------------
2020-06-21 15:48:05,861:INFO:------------------------------------------------------------------------------------------------
2020-06-21 15:48:11,234:INFO:ДУГААРЫН ҮНЭ
2020-06-21 15:48:11,236:INFO:10000
2020-06-21 15:49:13,218:INFO:------------------------------------------------------------------------------------------------
2020-06-21 15:49:14,195:INFO:ДУГААРАА СОНГОЖ БУЙ ХЭСЭГ
2020-06-21 15:49:14,195:INFO:7
2020-06-21 15:49:44,350:INFO:ДУГААРЫН ҮНЭ
2020-06-21 15:49:44,353:INFO:10000
2020-06-21 15:49:51,808:INFO:ДУГААРЫН ҮНЭ
2020-06-21 15:49:51,810:INFO:10000
2020-06-21 15:53:07,108:INFO:------------------------------------------------------------------------------------------------
2020-06-21 15:59:49,904:INFO:------------------------------------------------------------------------------------------------
2020-06-21 15:59:50,755:INFO:ДУГААРАА СОНГОЖ БУЙ ХЭСЭГ
2020-06-21 15:59:50,755:INFO:2
2020-06-21 16:01:55,111:INFO:------------------------------------------------------------------------------------------------
2020-06-21 16:02:39,018:INFO:------------------------------------------------------------------------------------------------
2020-06-21 16:02:39,785:INFO:ДУГААРАА СОНГОЖ БУЙ ХЭСЭГ
2020-06-21 16:02:39,785:INFO:2
2020-06-21 16:02:50,313:INFO:------------------------------------------------------------------------------------------------
2020-06-21 16:02:51,137:INFO:ДУГААРАА СОНГОЖ БУЙ ХЭСЭГ
2020-06-21 16:02:51,137:INFO:2
2020-06-21 16:02:55,210:INFO:ДУГААРАА СОНГОЖ БУЙ ХЭСЭГ
2020-06-21 16:02:55,210:INFO:7
2020-06-21 16:02:58,161:INFO:ДУГААРЫН ҮНЭ
2020-06-21 16:02:58,164:INFO:5000
2020-06-21 16:04:05,080:INFO:------------------------------------------------------------------------------------------------
2020-06-21 16:04:06,050:INFO:ДУГААРАА СОНГОЖ БУЙ ХЭСЭГ
2020-06-21 16:04:06,051:INFO:2
2020-06-21 16:04:33,422:INFO:ДУГААРАА СОНГОЖ БУЙ ХЭСЭГ
2020-06-21 16:04:33,422:INFO:2
2020-06-21 16:04:56,219:INFO:ДУГААРЫН ҮНЭ
2020-06-21 16:04:56,222:INFO:5000
2020-06-21 16:05:06,405:INFO:------------------------------------------------------------------------------------------------
2020-06-21 16:05:07,538:INFO:ДУГААРАА СОНГОЖ БУЙ ХЭСЭГ
2020-06-21 16:05:07,538:INFO:2
2020-06-21 16:05:18,280:INFO:------------------------------------------------------------------------------------------------
2020-06-21 16:05:19,131:INFO:ДУГААРАА СОНГОЖ БУЙ ХЭСЭГ
2020-06-21 16:05:19,131:INFO:2
2020-06-21 16:05:59,068:INFO:ДУГААРАА СОНГОЖ БУЙ ХЭСЭГ
2020-06-21 16:05:59,068:INFO:2
2020-06-21 16:07:33,783:INFO:ДУГААРАА СОНГОЖ БУЙ ХЭСЭГ
2020-06-21 16:07:33,783:INFO:3
2020-06-21 16:08:48,996:INFO:ДУГААРЫН ҮНЭ
2020-06-21 16:08:48,998:INFO:5000
2020-06-21 16:10:15,104:INFO:ДУГААРАА СОНГОЖ БУЙ ХЭСЭГ
2020-06-21 16:10:15,104:INFO:2
2020-06-21 16:11:58,056:INFO:ДУГААРАА СОНГОЖ БУЙ ХЭСЭГ
2020-06-21 16:11:58,056:INFO:2
2020-06-21 16:12:40,547:INFO:------------------------------------------------------------------------------------------------
2020-06-21 16:12:41,352:INFO:ДУГААРАА СОНГОЖ БУЙ ХЭСЭГ
2020-06-21 16:12:41,353:INFO:7
2020-06-21 16:16:06,561:INFO:------------------------------------------------------------------------------------------------
2020-06-21 16:16:06,957:INFO:------------------------------------------------------------------------------------------------
2020-06-21 16:16:07,730:INFO:ДУГААРАА СОНГОЖ БУЙ ХЭСЭГ
2020-06-21 16:16:07,730:INFO:7
2020-06-21 16:18:56,756:INFO:------------------------------------------------------------------------------------------------
2020-06-21 16:18:57,564:INFO:ДУГААРАА СОНГОЖ БУЙ ХЭСЭГ
2020-06-21 16:18:57,564:INFO:2
2020-06-21 16:23:47,778:INFO:ДУГААРАА СОНГОЖ БУЙ ХЭСЭГ
2020-06-21 16:23:47,778:INFO:7
2020-06-21 16:24:22,677:INFO:ДУГААРАА СОНГОЖ БУЙ ХЭСЭГ
2020-06-21 16:24:22,677:INFO:7
2020-06-21 16:24:23,643:INFO:ДУГААРАА СОНГОЖ БУЙ ХЭСЭГ
2020-06-21 16:24:23,643:INFO:7
2020-06-21 16:25:48,800:INFO:------------------------------------------------------------------------------------------------
2020-06-21 16:29:05,369:INFO:------------------------------------------------------------------------------------------------
2020-06-21 16:32:45,903:INFO:------------------------------------------------------------------------------------------------
2020-06-21 16:32:46,763:INFO:ДУГААРАА СОНГОЖ БУЙ ХЭСЭГ
2020-06-21 16:32:46,764:INFO:2
2020-06-21 16:35:13,971:INFO:------------------------------------------------------------------------------------------------
2020-06-21 16:35:18,877:INFO:ДУГААРАА СОНГОЖ БУЙ ХЭСЭГ
2020-06-21 16:35:18,877:INFO:2
2020-06-21 16:35:19,152:WARNING:Not Found: /favicon.ico
2020-06-21 16:35:51,901:INFO:------------------------------------------------------------------------------------------------
2020-06-21 16:35:52,520:INFO:ДУГААРЫН ҮНЭ
2020-06-21 16:35:52,523:INFO:5000
2020-06-21 16:35:57,977:INFO:ДУГААРАА СОНГОЖ БУЙ ХЭСЭГ
2020-06-21 16:35:57,977:INFO:2
2020-06-21 16:35:58,425:WARNING:Not Found: /favicon.ico
2020-06-21 16:36:35,166:INFO:------------------------------------------------------------------------------------------------
2020-06-21 16:36:36,007:INFO:ДУГААРАА СОНГОЖ БУЙ ХЭСЭГ
2020-06-21 16:36:36,007:INFO:2
2020-06-21 16:36:38,388:INFO:ДУГААРЫН ҮНЭ
2020-06-21 16:36:38,390:INFO:5000
2020-06-21 16:37:00,464:INFO:ДУГААРЫН ҮНЭ
2020-06-21 16:37:00,467:INFO:5000
2020-06-21 16:37:30,739:INFO:------------------------------------------------------------------------------------------------
2020-06-21 16:38:59,711:INFO:ДУГААРЫН ZAHIALGA
2020-06-21 16:39:02,833:INFO:------------------------------------------------------------------------------------------------
2020-06-21 16:40:33,534:INFO:------------------------------------------------------------------------------------------------
2020-06-21 16:40:34,660:INFO:ДУГААРАА СОНГОЖ БУЙ ХЭСЭГ
2020-06-21 16:40:34,660:INFO:2
2020-06-21 16:41:00,648:INFO:ДУГААРЫН ҮНЭ
2020-06-21 16:41:00,651:INFO:5000
2020-06-21 16:42:43,531:INFO:ДУГААРАА СОНГОЖ БУЙ ХЭСЭГ
2020-06-21 16:42:43,531:INFO:2
2020-06-21 16:42:43,820:INFO:ДУГААРАА СОНГОЖ БУЙ ХЭСЭГ
2020-06-21 16:42:43,820:INFO:2
2020-06-21 16:46:44,639:INFO:ДУГААРАА СОНГОЖ БУЙ ХЭСЭГ
2020-06-21 16:46:44,639:INFO:2
2020-06-21 16:46:45,405:INFO:------------------------------------------------------------------------------------------------
2020-06-21 16:46:45,924:INFO:ДУГААРАА СОНГОЖ БУЙ ХЭСЭГ
2020-06-21 16:46:45,924:INFO:7
2020-06-21 16:52:35,994:INFO:ДУГААРЫН ҮНЭ
2020-06-21 16:52:35,997:INFO:5000
2020-06-21 16:52:53,205:INFO:------------------------------------------------------------------------------------------------
2020-06-21 16:52:54,148:INFO:ДУГААРАА СОНГОЖ БУЙ ХЭСЭГ
2020-06-21 16:52:54,148:INFO:2
2020-06-21 16:53:07,178:INFO:------------------------------------------------------------------------------------------------
2020-06-21 16:53:07,745:INFO:ДУГААРЫН ҮНЭ
2020-06-21 16:53:07,748:INFO:5000
2020-06-21 16:54:53,690:INFO:------------------------------------------------------------------------------------------------
2020-06-21 16:54:55,197:INFO:ДУГААРАА СОНГОЖ БУЙ ХЭСЭГ
2020-06-21 16:54:55,197:INFO:7
2020-06-21 16:55:57,524:INFO:------------------------------------------------------------------------------------------------
2020-06-21 16:55:58,792:INFO:ДУГААРАА СОНГОЖ БУЙ ХЭСЭГ
2020-06-21 16:55:58,793:INFO:7
2020-06-21 16:59:53,790:INFO:------------------------------------------------------------------------------------------------
2020-06-21 16:59:55,255:INFO:ДУГААРАА СОНГОЖ БУЙ ХЭСЭГ
2020-06-21 16:59:55,255:INFO:2
2020-06-21 16:59:56,663:INFO:------------------------------------------------------------------------------------------------
2020-06-21 16:59:57,543:INFO:ДУГААРАА СОНГОЖ БУЙ ХЭСЭГ
2020-06-21 16:59:57,543:INFO:2
2020-06-21 17:01:55,416:INFO:------------------------------------------------------------------------------------------------
2020-06-21 17:16:07,568:INFO:------------------------------------------------------------------------------------------------
2020-06-21 17:18:19,478:INFO:------------------------------------------------------------------------------------------------
2020-06-21 17:18:21,232:INFO:ДУГААРАА СОНГОЖ БУЙ ХЭСЭГ
2020-06-21 17:18:21,232:INFO:2
2020-06-21 17:18:21,480:WARNING:Not Found: /favicon.ico
2020-06-21 17:25:53,417:INFO:------------------------------------------------------------------------------------------------
2020-06-21 17:29:05,561:INFO:------------------------------------------------------------------------------------------------
2020-06-21 17:37:40,602:INFO:------------------------------------------------------------------------------------------------
2020-06-21 17:37:54,059:INFO:ДУГААРАА СОНГОЖ БУЙ ХЭСЭГ
2020-06-21 17:37:54,059:INFO:7
2020-06-21 17:42:39,093:INFO:------------------------------------------------------------------------------------------------
2020-06-21 17:42:42,788:INFO:ДУГААРАА СОНГОЖ БУЙ ХЭСЭГ
2020-06-21 17:42:42,788:INFO:2
2020-06-21 17:48:32,159:INFO:ДУГААРАА СОНГОЖ БУЙ ХЭСЭГ
2020-06-21 17:48:32,159:INFO:2
2020-06-21 17:49:31,260:INFO:------------------------------------------------------------------------------------------------
2020-06-21 17:53:07,237:INFO:------------------------------------------------------------------------------------------------
2020-06-21 18:04:22,820:INFO:ДУГААРАА СОНГОЖ БУЙ ХЭСЭГ
2020-06-21 18:04:22,820:INFO:7
2020-06-21 18:04:22,931:WARNING:Not Found: /favicon.ico
2020-06-21 18:04:24,499:INFO:------------------------------------------------------------------------------------------------
2020-06-21 18:04:25,026:INFO:ДУГААРАА СОНГОЖ БУЙ ХЭСЭГ
2020-06-21 18:04:25,026:INFO:7
2020-06-21 18:07:44,173:INFO:------------------------------------------------------------------------------------------------
2020-06-21 18:07:44,909:INFO:ДУГААРАА СОНГОЖ БУЙ ХЭСЭГ
2020-06-21 18:07:44,909:INFO:7
2020-06-21 18:15:40,890:INFO:------------------------------------------------------------------------------------------------
2020-06-21 18:15:42,890:INFO:------------------------------------------------------------------------------------------------
2020-06-21 18:15:44,436:INFO:ДУГААРАА СОНГОЖ БУЙ ХЭСЭГ
2020-06-21 18:15:44,436:INFO:7
2020-06-21 18:16:08,643:INFO:------------------------------------------------------------------------------------------------
2020-06-21 18:25:58,247:INFO:------------------------------------------------------------------------------------------------
2020-06-21 18:29:05,731:INFO:------------------------------------------------------------------------------------------------
2020-06-21 18:49:49,999:INFO:------------------------------------------------------------------------------------------------
2020-06-21 18:49:51,176:INFO:ДУГААРАА СОНГОЖ БУЙ ХЭСЭГ
2020-06-21 18:49:51,177:INFO:2
2020-06-21 18:50:45,572:INFO:------------------------------------------------------------------------------------------------
2020-06-21 18:50:46,400:INFO:ДУГААРАА СОНГОЖ БУЙ ХЭСЭГ
2020-06-21 18:50:46,401:INFO:7
2020-06-21 18:52:53,471:INFO:------------------------------------------------------------------------------------------------
2020-06-21 18:53:07,316:INFO:------------------------------------------------------------------------------------------------
2020-06-21 18:55:14,851:INFO:ДУГААРАА СОНГОЖ БУЙ ХЭСЭГ
2020-06-21 18:55:14,851:INFO:7
2020-06-21 18:56:16,772:INFO:------------------------------------------------------------------------------------------------
2020-06-21 18:56:17,727:INFO:ДУГААРАА СОНГОЖ БУЙ ХЭСЭГ
2020-06-21 18:56:17,727:INFO:7
2020-06-21 19:16:09,675:INFO:------------------------------------------------------------------------------------------------
2020-06-21 19:16:26,537:INFO:------------------------------------------------------------------------------------------------
2020-06-21 19:16:27,582:INFO:ДУГААРАА СОНГОЖ БУЙ ХЭСЭГ
2020-06-21 19:16:27,583:INFO:2
2020-06-21 19:20:00,229:INFO:------------------------------------------------------------------------------------------------
2020-06-21 19:20:00,818:INFO:ДУГААРАА СОНГОЖ БУЙ ХЭСЭГ
2020-06-21 19:20:00,818:INFO:2
2020-06-21 19:21:09,127:INFO:------------------------------------------------------------------------------------------------
2020-06-21 19:21:09,849:INFO:ДУГААРАА СОНГОЖ БУЙ ХЭСЭГ
2020-06-21 19:21:09,849:INFO:7
2020-06-21 19:26:02,906:INFO:------------------------------------------------------------------------------------------------
2020-06-21 19:26:25,634:INFO:ДУГААРЫН ҮНЭ
2020-06-21 19:26:25,637:INFO:5000
2020-06-21 19:29:05,979:INFO:------------------------------------------------------------------------------------------------
2020-06-21 19:52:53,701:INFO:------------------------------------------------------------------------------------------------
2020-06-21 19:53:07,390:INFO:------------------------------------------------------------------------------------------------
2020-06-21 20:16:10,699:INFO:------------------------------------------------------------------------------------------------
2020-06-21 20:26:07,535:INFO:------------------------------------------------------------------------------------------------
2020-06-21 20:29:06,135:INFO:------------------------------------------------------------------------------------------------
2020-06-21 20:53:07,463:INFO:------------------------------------------------------------------------------------------------
2020-06-21 21:16:11,777:INFO:------------------------------------------------------------------------------------------------
2020-06-21 21:26:12,144:INFO:------------------------------------------------------------------------------------------------
2020-06-21 21:29:06,352:INFO:------------------------------------------------------------------------------------------------
2020-06-21 21:53:07,523:INFO:------------------------------------------------------------------------------------------------
2020-06-21 22:16:12,773:INFO:------------------------------------------------------------------------------------------------
2020-06-21 22:26:16,832:INFO:------------------------------------------------------------------------------------------------
2020-06-21 22:29:06,518:INFO:------------------------------------------------------------------------------------------------
2020-06-21 22:53:07,599:INFO:------------------------------------------------------------------------------------------------
2020-06-21 23:16:13,825:INFO:------------------------------------------------------------------------------------------------
2020-06-21 23:26:21,451:INFO:------------------------------------------------------------------------------------------------
2020-06-21 23:29:06,669:INFO:------------------------------------------------------------------------------------------------
2020-06-21 23:53:07,674:INFO:------------------------------------------------------------------------------------------------
2020-06-22 00:16:14,878:INFO:------------------------------------------------------------------------------------------------
2020-06-22 00:26:26,095:INFO:------------------------------------------------------------------------------------------------
2020-06-22 00:29:06,975:INFO:------------------------------------------------------------------------------------------------
2020-06-22 00:53:07,737:INFO:------------------------------------------------------------------------------------------------
2020-06-22 01:16:15,903:INFO:------------------------------------------------------------------------------------------------
2020-06-22 01:26:30,747:INFO:------------------------------------------------------------------------------------------------
2020-06-22 01:29:07,119:INFO:------------------------------------------------------------------------------------------------
2020-06-22 01:53:07,812:INFO:------------------------------------------------------------------------------------------------
2020-06-22 02:14:47,268:WARNING:Not Found: /robots.txt
2020-06-22 02:16:16,966:INFO:------------------------------------------------------------------------------------------------
2020-06-22 02:26:35,613:INFO:------------------------------------------------------------------------------------------------
2020-06-22 02:29:07,385:INFO:------------------------------------------------------------------------------------------------
2020-06-22 02:53:07,892:INFO:------------------------------------------------------------------------------------------------
2020-06-22 03:16:17,996:INFO:------------------------------------------------------------------------------------------------
2020-06-22 03:26:40,262:INFO:------------------------------------------------------------------------------------------------
2020-06-22 03:29:07,560:INFO:------------------------------------------------------------------------------------------------
2020-06-22 03:53:07,977:INFO:------------------------------------------------------------------------------------------------
2020-06-22 04:16:19,078:INFO:------------------------------------------------------------------------------------------------
2020-06-22 04:26:44,905:INFO:------------------------------------------------------------------------------------------------
2020-06-22 04:29:07,742:INFO:------------------------------------------------------------------------------------------------
2020-06-22 04:53:08,042:INFO:------------------------------------------------------------------------------------------------
2020-06-22 05:16:20,057:INFO:------------------------------------------------------------------------------------------------
2020-06-22 05:26:49,551:INFO:------------------------------------------------------------------------------------------------
2020-06-22 05:29:08,016:INFO:------------------------------------------------------------------------------------------------
2020-06-22 05:42:57,305:WARNING:Not Found: /public/index.php
2020-06-22 05:42:57,413:WARNING:Not Found: /public/index.php
2020-06-22 05:42:57,521:WARNING:Not Found: /public/hydra.php
2020-06-22 05:53:08,139:INFO:------------------------------------------------------------------------------------------------
2020-06-22 06:16:21,128:INFO:------------------------------------------------------------------------------------------------
