2020-06-19 06:26:11,538:INFO:------------------------------------------------------------------------------------------------
2020-06-19 06:53:02,851:INFO:------------------------------------------------------------------------------------------------
2020-06-19 07:18:22,922:INFO:------------------------------------------------------------------------------------------------
2020-06-19 07:18:42,935:INFO:------------------------------------------------------------------------------------------------
2020-06-19 07:26:11,606:INFO:------------------------------------------------------------------------------------------------
2020-06-19 07:53:02,913:INFO:------------------------------------------------------------------------------------------------
2020-06-19 07:56:47,161:INFO:ДУГААРАА СОНГОЖ БУЙ ХЭСЭГ
2020-06-19 07:56:47,162:INFO:7
2020-06-19 08:04:16,635:INFO:------------------------------------------------------------------------------------------------
2020-06-19 08:04:28,146:INFO:ДУГААРАА СОНГОЖ БУЙ ХЭСЭГ
2020-06-19 08:04:28,146:INFO:7
2020-06-19 08:04:28,377:WARNING:Not Found: /favicon.ico
2020-06-19 08:04:47,944:INFO:ДУГААРЫН ҮНЭ
2020-06-19 08:04:47,948:INFO:10000
2020-06-19 08:04:57,383:INFO:ДУГААРЫН ZAHIALGA
2020-06-19 08:04:58,800:INFO:------------------------------------------------------------------------------------------------
2020-06-19 08:04:59,825:INFO:ДУГААРАА СОНГОЖ БУЙ ХЭСЭГ
2020-06-19 08:04:59,825:INFO:7
2020-06-19 08:05:09,924:INFO:------------------------------------------------------------------------------------------------
2020-06-19 08:05:10,152:WARNING:Not Found: /favicon.ico
2020-06-19 08:05:19,905:INFO:ДУГААРЫН ҮНЭ
2020-06-19 08:05:19,909:INFO:10000
2020-06-19 08:05:23,630:INFO:ДУГААРЫН ZAHIALGA
2020-06-19 08:05:25,466:INFO:------------------------------------------------------------------------------------------------
2020-06-19 08:05:26,392:INFO:ДУГААРАА СОНГОЖ БУЙ ХЭСЭГ
2020-06-19 08:05:26,392:INFO:7
2020-06-19 08:05:39,873:INFO:ДУГААРЫН ҮНЭ
2020-06-19 08:05:39,875:INFO:10000
2020-06-19 08:05:42,847:INFO:ДУГААРЫН ZAHIALGA
2020-06-19 08:05:44,046:INFO:------------------------------------------------------------------------------------------------
2020-06-19 08:05:44,946:INFO:ДУГААРАА СОНГОЖ БУЙ ХЭСЭГ
2020-06-19 08:05:44,946:INFO:7
2020-06-19 08:06:00,224:INFO:ДУГААРЫН ҮНЭ
2020-06-19 08:06:00,227:INFO:10000
2020-06-19 08:06:03,061:INFO:ДУГААРЫН ZAHIALGA
2020-06-19 08:06:04,248:INFO:------------------------------------------------------------------------------------------------
2020-06-19 08:06:05,107:INFO:ДУГААРАА СОНГОЖ БУЙ ХЭСЭГ
2020-06-19 08:06:05,107:INFO:7
2020-06-19 08:06:21,025:INFO:ДУГААРЫН ҮНЭ
2020-06-19 08:06:21,027:INFO:10000
2020-06-19 08:06:24,466:INFO:ДУГААРЫН ZAHIALGA
2020-06-19 08:06:25,518:INFO:------------------------------------------------------------------------------------------------
2020-06-19 08:06:26,549:INFO:ДУГААРАА СОНГОЖ БУЙ ХЭСЭГ
2020-06-19 08:06:26,550:INFO:7
2020-06-19 08:06:41,568:INFO:ДУГААРЫН ҮНЭ
2020-06-19 08:06:41,570:INFO:10000
2020-06-19 08:06:44,204:INFO:ДУГААРЫН ZAHIALGA
2020-06-19 08:06:45,328:INFO:------------------------------------------------------------------------------------------------
2020-06-19 08:06:46,161:INFO:ДУГААРАА СОНГОЖ БУЙ ХЭСЭГ
2020-06-19 08:06:46,161:INFO:7
2020-06-19 08:07:00,544:INFO:ДУГААРЫН ҮНЭ
2020-06-19 08:07:00,547:INFO:10000
2020-06-19 08:07:04,007:INFO:ДУГААРЫН ZAHIALGA
2020-06-19 08:07:05,039:INFO:------------------------------------------------------------------------------------------------
2020-06-19 08:07:06,312:INFO:ДУГААРАА СОНГОЖ БУЙ ХЭСЭГ
2020-06-19 08:07:06,312:INFO:7
2020-06-19 08:07:18,953:INFO:ДУГААРЫН ҮНЭ
2020-06-19 08:07:18,955:INFO:10000
2020-06-19 08:07:22,847:INFO:ДУГААРЫН ZAHIALGA
2020-06-19 08:07:23,741:INFO:------------------------------------------------------------------------------------------------
2020-06-19 08:07:24,525:INFO:ДУГААРАА СОНГОЖ БУЙ ХЭСЭГ
2020-06-19 08:07:24,525:INFO:7
2020-06-19 08:07:38,129:INFO:ДУГААРЫН ҮНЭ
2020-06-19 08:07:38,131:INFO:10000
2020-06-19 08:07:40,547:INFO:ДУГААРЫН ZAHIALGA
2020-06-19 08:07:41,415:INFO:------------------------------------------------------------------------------------------------
2020-06-19 08:07:42,101:INFO:ДУГААРАА СОНГОЖ БУЙ ХЭСЭГ
2020-06-19 08:07:42,101:INFO:7
2020-06-19 08:07:59,471:INFO:ДУГААРЫН ҮНЭ
2020-06-19 08:07:59,474:INFO:10000
2020-06-19 08:08:01,998:INFO:ДУГААРЫН ZAHIALGA
2020-06-19 08:08:02,951:INFO:------------------------------------------------------------------------------------------------
2020-06-19 08:08:03,687:INFO:ДУГААРАА СОНГОЖ БУЙ ХЭСЭГ
2020-06-19 08:08:03,688:INFO:7
2020-06-19 08:08:45,448:INFO:ДУГААРЫН ҮНЭ
2020-06-19 08:08:45,450:INFO:10000
2020-06-19 08:08:48,293:INFO:ДУГААРЫН ZAHIALGA
2020-06-19 08:08:49,188:INFO:------------------------------------------------------------------------------------------------
2020-06-19 08:08:50,040:INFO:ДУГААРАА СОНГОЖ БУЙ ХЭСЭГ
2020-06-19 08:08:50,041:INFO:7
2020-06-19 08:08:55,688:INFO:------------------------------------------------------------------------------------------------
2020-06-19 08:09:11,306:INFO:ДУГААРЫН ҮНЭ
2020-06-19 08:09:11,309:INFO:10000
2020-06-19 08:09:15,589:INFO:------------------------------------------------------------------------------------------------
2020-06-19 08:09:16,502:INFO:ДУГААРЫН ZAHIALGA
2020-06-19 08:09:17,779:INFO:------------------------------------------------------------------------------------------------
2020-06-19 08:09:19,254:INFO:ДУГААРАА СОНГОЖ БУЙ ХЭСЭГ
2020-06-19 08:09:19,254:INFO:7
2020-06-19 08:09:45,416:INFO:ДУГААРЫН ҮНЭ
2020-06-19 08:09:45,419:INFO:10000
2020-06-19 08:09:47,846:INFO:ДУГААРЫН ZAHIALGA
2020-06-19 08:09:48,829:INFO:------------------------------------------------------------------------------------------------
2020-06-19 08:09:50,126:INFO:ДУГААРАА СОНГОЖ БУЙ ХЭСЭГ
2020-06-19 08:09:50,127:INFO:7
2020-06-19 08:16:36,859:INFO:ДУГААРАА СОНГОЖ БУЙ ХЭСЭГ
2020-06-19 08:16:36,859:INFO:2
2020-06-19 08:16:40,848:WARNING:Not Found: /favicon.ico
2020-06-19 08:16:42,673:INFO:------------------------------------------------------------------------------------------------
2020-06-19 08:16:43,530:INFO:ДУГААРАА СОНГОЖ БУЙ ХЭСЭГ
2020-06-19 08:16:43,531:INFO:7
2020-06-19 08:16:44,804:INFO:ДУГААРАА СОНГОЖ БУЙ ХЭСЭГ
2020-06-19 08:16:44,804:INFO:7
2020-06-19 08:18:23,328:INFO:------------------------------------------------------------------------------------------------
2020-06-19 08:19:53,539:INFO:ДУГААРЫН ҮНЭ
2020-06-19 08:19:53,542:INFO:10000
2020-06-19 08:24:38,697:INFO:ДУГААРАА СОНГОЖ БУЙ ХЭСЭГ
2020-06-19 08:24:38,697:INFO:7
2020-06-19 08:26:11,679:INFO:------------------------------------------------------------------------------------------------
2020-06-19 08:40:24,176:INFO:------------------------------------------------------------------------------------------------
2020-06-19 08:40:25,498:INFO:------------------------------------------------------------------------------------------------
2020-06-19 08:40:28,253:INFO:ДУГААРАА СОНГОЖ БУЙ ХЭСЭГ
2020-06-19 08:40:28,253:INFO:7
2020-06-19 08:40:28,437:WARNING:Not Found: /favicon.ico
2020-06-19 08:41:34,122:INFO:ДУГААРЫН ҮНЭ
2020-06-19 08:41:34,124:INFO:10000
2020-06-19 08:41:48,036:INFO:ДУГААРЫН ZAHIALGA
2020-06-19 08:41:48,128:WARNING:Not Found: /favicon.ico
2020-06-19 08:41:49,040:INFO:ДУГААРАА СОНГОЖ БУЙ ХЭСЭГ
2020-06-19 08:41:49,040:INFO:2
2020-06-19 08:41:49,572:WARNING:Not Found: /favicon.ico
2020-06-19 08:43:48,204:INFO:------------------------------------------------------------------------------------------------
2020-06-19 08:46:06,007:INFO:ДУГААРЫН ҮНЭ
2020-06-19 08:46:06,010:INFO:5000
2020-06-19 08:46:15,566:INFO:ДУГААРЫН ZAHIALGA
2020-06-19 08:46:17,948:INFO:------------------------------------------------------------------------------------------------
2020-06-19 08:46:19,536:INFO:ДУГААРАА СОНГОЖ БУЙ ХЭСЭГ
2020-06-19 08:46:19,537:INFO:2
2020-06-19 08:53:02,980:INFO:------------------------------------------------------------------------------------------------
2020-06-19 09:00:55,499:INFO:------------------------------------------------------------------------------------------------
2020-06-19 09:00:55,665:INFO:------------------------------------------------------------------------------------------------
2020-06-19 09:02:25,809:INFO:------------------------------------------------------------------------------------------------
2020-06-19 09:02:34,935:INFO:ДУГААРАА СОНГОЖ БУЙ ХЭСЭГ
2020-06-19 09:02:34,935:INFO:7
2020-06-19 09:02:35,427:WARNING:Not Found: /favicon.ico
2020-06-19 09:03:09,046:INFO:ДУГААРЫН ҮНЭ
2020-06-19 09:03:09,049:INFO:10000
2020-06-19 09:03:10,069:INFO:------------------------------------------------------------------------------------------------
2020-06-19 09:05:10,375:INFO:------------------------------------------------------------------------------------------------
2020-06-19 09:06:27,432:INFO:ДУГААРЫН ҮНЭ
2020-06-19 09:06:27,437:INFO:10000
2020-06-19 09:06:50,535:INFO:------------------------------------------------------------------------------------------------
2020-06-19 09:07:01,905:INFO:ДУГААРАА СОНГОЖ БУЙ ХЭСЭГ
2020-06-19 09:07:01,905:INFO:2
2020-06-19 09:07:09,509:WARNING:Not Found: /favicon.ico
2020-06-19 09:07:14,660:INFO:ДУГААРАА СОНГОЖ БУЙ ХЭСЭГ
2020-06-19 09:07:14,661:INFO:7
2020-06-19 09:07:15,167:WARNING:Not Found: /favicon.ico
2020-06-19 09:13:38,465:INFO:------------------------------------------------------------------------------------------------
2020-06-19 09:13:56,862:INFO:ДУГААРАА СОНГОЖ БУЙ ХЭСЭГ
2020-06-19 09:13:56,862:INFO:7
2020-06-19 09:13:57,454:WARNING:Not Found: /favicon.ico
2020-06-19 09:14:19,257:INFO:ДУГААРАА СОНГОЖ БУЙ ХЭСЭГ
2020-06-19 09:14:19,257:INFO:2
2020-06-19 09:14:25,241:WARNING:Not Found: /favicon.ico
2020-06-19 09:14:25,747:INFO:ДУГААРАА СОНГОЖ БУЙ ХЭСЭГ
2020-06-19 09:14:25,748:INFO:2
2020-06-19 09:14:26,026:INFO:ДУГААРАА СОНГОЖ БУЙ ХЭСЭГ
2020-06-19 09:14:26,026:INFO:2
2020-06-19 09:14:34,918:INFO:------------------------------------------------------------------------------------------------
2020-06-19 09:14:37,899:INFO:ДУГААРАА СОНГОЖ БУЙ ХЭСЭГ
2020-06-19 09:14:37,899:INFO:7
2020-06-19 09:14:38,066:INFO:ДУГААРАА СОНГОЖ БУЙ ХЭСЭГ
2020-06-19 09:14:38,066:INFO:7
2020-06-19 09:15:45,220:INFO:ДУГААРАА СОНГОЖ БУЙ ХЭСЭГ
2020-06-19 09:15:45,220:INFO:7
2020-06-19 09:15:59,047:INFO:ДУГААРАА СОНГОЖ БУЙ ХЭСЭГ
2020-06-19 09:15:59,047:INFO:3
2020-06-19 09:15:59,435:INFO:------------------------------------------------------------------------------------------------
2020-06-19 09:16:06,073:INFO:ДУГААРАА СОНГОЖ БУЙ ХЭСЭГ
2020-06-19 09:16:06,074:INFO:7
2020-06-19 09:16:15,918:INFO:ДУГААРАА СОНГОЖ БУЙ ХЭСЭГ
2020-06-19 09:16:15,918:INFO:7
2020-06-19 09:17:59,765:INFO:ДУГААРЫН ҮНЭ
2020-06-19 09:17:59,767:INFO:10000
2020-06-19 09:18:05,739:INFO:ДУГААРЫН ZAHIALGA
2020-06-19 09:18:06,906:INFO:------------------------------------------------------------------------------------------------
2020-06-19 09:18:23,758:INFO:------------------------------------------------------------------------------------------------
2020-06-19 09:19:21,908:INFO:------------------------------------------------------------------------------------------------
2020-06-19 09:19:24,009:INFO:ДУГААРАА СОНГОЖ БУЙ ХЭСЭГ
2020-06-19 09:19:24,009:INFO:7
2020-06-19 09:19:46,849:INFO:------------------------------------------------------------------------------------------------
2020-06-19 09:19:50,202:INFO:ДУГААРАА СОНГОЖ БУЙ ХЭСЭГ
2020-06-19 09:19:50,202:INFO:2
2020-06-19 09:19:57,721:INFO:------------------------------------------------------------------------------------------------
2020-06-19 09:19:59,841:INFO:ДУГААРАА СОНГОЖ БУЙ ХЭСЭГ
2020-06-19 09:19:59,842:INFO:7
2020-06-19 09:23:22,429:INFO:------------------------------------------------------------------------------------------------
2020-06-19 09:23:24,230:INFO:ДУГААРАА СОНГОЖ БУЙ ХЭСЭГ
2020-06-19 09:23:24,231:INFO:2
2020-06-19 09:25:25,400:INFO:------------------------------------------------------------------------------------------------
2020-06-19 09:25:26,295:INFO:ДУГААРАА СОНГОЖ БУЙ ХЭСЭГ
2020-06-19 09:25:26,295:INFO:2
2020-06-19 09:26:11,744:INFO:------------------------------------------------------------------------------------------------
2020-06-19 09:31:25,309:INFO:ДУГААРАА СОНГОЖ БУЙ ХЭСЭГ
2020-06-19 09:31:25,310:INFO:7
2020-06-19 09:36:44,392:INFO:------------------------------------------------------------------------------------------------
2020-06-19 09:40:49,226:INFO:------------------------------------------------------------------------------------------------
2020-06-19 09:40:50,032:INFO:ДУГААРАА СОНГОЖ БУЙ ХЭСЭГ
2020-06-19 09:40:50,032:INFO:7
2020-06-19 09:42:13,185:INFO:------------------------------------------------------------------------------------------------
2020-06-19 09:42:42,751:INFO:------------------------------------------------------------------------------------------------
2020-06-19 09:43:20,462:INFO:------------------------------------------------------------------------------------------------
2020-06-19 09:45:34,078:INFO:------------------------------------------------------------------------------------------------
2020-06-19 09:45:37,366:INFO:ДУГААРАА СОНГОЖ БУЙ ХЭСЭГ
2020-06-19 09:45:37,366:INFO:7
2020-06-19 09:45:38,281:WARNING:Not Found: /favicon.ico
2020-06-19 09:45:51,690:INFO:ДУГААРЫН ҮНЭ
2020-06-19 09:45:51,692:INFO:10000
2020-06-19 09:45:59,592:INFO:ДУГААРЫН ZAHIALGA
2020-06-19 09:46:01,878:INFO:------------------------------------------------------------------------------------------------
2020-06-19 09:46:02,803:INFO:ДУГААРАА СОНГОЖ БУЙ ХЭСЭГ
2020-06-19 09:46:02,803:INFO:7
2020-06-19 09:46:25,761:INFO:ДУГААРЫН ҮНЭ
2020-06-19 09:46:25,764:INFO:10000
2020-06-19 09:46:27,606:INFO:ДУГААРЫН ZAHIALGA
2020-06-19 09:46:27,611:ERROR:Уучлаарай, таны сонгосон 93144115 дугаар захиалах боломжгүй байна. Line-1379
2020-06-19 09:46:27,860:WARNING:Not Found: /favicon.ico
2020-06-19 09:46:27,885:WARNING:Not Found: /favicon.ico
2020-06-19 09:46:28,874:INFO:------------------------------------------------------------------------------------------------
2020-06-19 09:46:29,900:INFO:ДУГААРАА СОНГОЖ БУЙ ХЭСЭГ
2020-06-19 09:46:29,900:INFO:2
2020-06-19 09:46:33,758:INFO:ДУГААРЫН ZAHIALGA
2020-06-19 09:46:35,055:INFO:------------------------------------------------------------------------------------------------
2020-06-19 09:47:10,221:INFO:ДУГААРАА СОНГОЖ БУЙ ХЭСЭГ
2020-06-19 09:47:10,221:INFO:7
2020-06-19 09:47:13,069:INFO:------------------------------------------------------------------------------------------------
2020-06-19 09:47:25,689:WARNING:Not Found: /favicon.ico
2020-06-19 09:47:25,708:WARNING:Not Found: /favicon.ico
2020-06-19 09:47:27,498:INFO:------------------------------------------------------------------------------------------------
2020-06-19 09:47:34,777:INFO:ДУГААРЫН ҮНЭ
2020-06-19 09:47:34,780:INFO:10000
2020-06-19 09:47:48,143:INFO:ДУГААРЫН ZAHIALGA
2020-06-19 09:47:51,955:INFO:------------------------------------------------------------------------------------------------
2020-06-19 09:47:53,480:INFO:ДУГААРАА СОНГОЖ БУЙ ХЭСЭГ
2020-06-19 09:47:53,480:INFO:7
2020-06-19 09:48:19,035:INFO:------------------------------------------------------------------------------------------------
2020-06-19 09:48:36,770:INFO:ДУГААРЫН ҮНЭ
2020-06-19 09:48:36,773:INFO:10000
2020-06-19 09:48:45,835:INFO:ДУГААРЫН ZAHIALGA
2020-06-19 09:48:47,556:INFO:------------------------------------------------------------------------------------------------
2020-06-19 09:48:49,354:INFO:ДУГААРАА СОНГОЖ БУЙ ХЭСЭГ
2020-06-19 09:48:49,354:INFO:7
2020-06-19 09:49:04,982:INFO:ДУГААРЫН ҮНЭ
2020-06-19 09:49:04,985:INFO:10000
2020-06-19 09:49:15,620:INFO:ДУГААРЫН ZAHIALGA
2020-06-19 09:49:21,816:INFO:------------------------------------------------------------------------------------------------
2020-06-19 09:51:23,401:INFO:------------------------------------------------------------------------------------------------
2020-06-19 09:51:25,379:INFO:ДУГААРАА СОНГОЖ БУЙ ХЭСЭГ
2020-06-19 09:51:25,380:INFO:2
2020-06-19 09:51:25,490:WARNING:Not Found: /favicon.ico
2020-06-19 09:51:27,868:INFO:ДУГААРАА СОНГОЖ БУЙ ХЭСЭГ
2020-06-19 09:51:27,868:INFO:2
2020-06-19 09:53:03,073:INFO:------------------------------------------------------------------------------------------------
2020-06-19 09:53:39,503:INFO:------------------------------------------------------------------------------------------------
2020-06-19 09:55:27,598:INFO:ДУГААРАА СОНГОЖ БУЙ ХЭСЭГ
2020-06-19 09:55:27,598:INFO:2
2020-06-19 09:55:32,577:WARNING:Not Found: /favicon.ico
2020-06-19 09:55:42,092:INFO:------------------------------------------------------------------------------------------------
2020-06-19 09:56:52,131:INFO:ДУГААРАА СОНГОЖ БУЙ ХЭСЭГ
2020-06-19 09:56:52,131:INFO:2
2020-06-19 09:56:52,598:WARNING:Not Found: /favicon.ico
2020-06-19 09:56:52,605:WARNING:Not Found: /favicon.ico
2020-06-19 09:56:55,996:INFO:------------------------------------------------------------------------------------------------
2020-06-19 09:57:46,165:INFO:------------------------------------------------------------------------------------------------
2020-06-19 09:58:59,072:INFO:------------------------------------------------------------------------------------------------
2020-06-19 10:00:58,355:INFO:------------------------------------------------------------------------------------------------
2020-06-19 10:01:14,677:INFO:------------------------------------------------------------------------------------------------
2020-06-19 10:01:18,298:INFO:ДУГААРАА СОНГОЖ БУЙ ХЭСЭГ
2020-06-19 10:01:18,298:INFO:2
2020-06-19 10:01:18,655:WARNING:Not Found: /favicon.ico
2020-06-19 10:01:27,995:INFO:ДУГААРАА СОНГОЖ БУЙ ХЭСЭГ
2020-06-19 10:01:27,995:INFO:7
2020-06-19 10:01:31,065:INFO:------------------------------------------------------------------------------------------------
2020-06-19 10:01:34,655:INFO:------------------------------------------------------------------------------------------------
2020-06-19 10:01:45,689:INFO:ДУГААРАА СОНГОЖ БУЙ ХЭСЭГ
2020-06-19 10:01:45,690:INFO:7
2020-06-19 10:01:46,126:WARNING:Not Found: /favicon.ico
2020-06-19 10:01:47,288:INFO:ДУГААРАА СОНГОЖ БУЙ ХЭСЭГ
2020-06-19 10:01:47,289:INFO:2
2020-06-19 10:01:49,124:INFO:ДУГААРАА СОНГОЖ БУЙ ХЭСЭГ
2020-06-19 10:01:49,124:INFO:7
2020-06-19 10:01:50,010:INFO:------------------------------------------------------------------------------------------------
2020-06-19 10:01:52,108:WARNING:Not Found: /favicon.ico
2020-06-19 10:03:10,380:INFO:------------------------------------------------------------------------------------------------
2020-06-19 10:05:00,048:INFO:ДУГААРАА СОНГОЖ БУЙ ХЭСЭГ
2020-06-19 10:05:00,049:INFO:2
2020-06-19 10:05:09,550:INFO:------------------------------------------------------------------------------------------------
2020-06-19 10:05:10,563:INFO:ДУГААРАА СОНГОЖ БУЙ ХЭСЭГ
2020-06-19 10:05:10,564:INFO:7
2020-06-19 10:05:10,840:INFO:------------------------------------------------------------------------------------------------
2020-06-19 10:11:37,722:INFO:ДУГААРЫН ҮНЭ
2020-06-19 10:11:37,725:INFO:5000
2020-06-19 10:11:59,722:INFO:ДУГААРАА СОНГОЖ БУЙ ХЭСЭГ
2020-06-19 10:11:59,722:INFO:2
2020-06-19 10:12:12,290:INFO:ДУГААРЫН ҮНЭ
2020-06-19 10:12:12,293:INFO:5000
2020-06-19 10:12:18,858:INFO:ДУГААРАА СОНГОЖ БУЙ ХЭСЭГ
2020-06-19 10:12:18,859:INFO:2
2020-06-19 10:12:25,340:WARNING:Not Found: /favicon.ico
2020-06-19 10:12:27,193:INFO:ДУГААРАА СОНГОЖ БУЙ ХЭСЭГ
2020-06-19 10:12:27,193:INFO:2
2020-06-19 10:12:56,799:INFO:ДУГААРЫН ҮНЭ
2020-06-19 10:12:56,802:INFO:5000
2020-06-19 10:12:58,264:INFO:------------------------------------------------------------------------------------------------
2020-06-19 10:12:59,419:INFO:ДУГААРАА СОНГОЖ БУЙ ХЭСЭГ
2020-06-19 10:12:59,419:INFO:2
2020-06-19 10:13:31,535:INFO:ДУГААРАА СОНГОЖ БУЙ ХЭСЭГ
2020-06-19 10:13:31,535:INFO:2
2020-06-19 10:13:31,958:WARNING:Not Found: /favicon.ico
2020-06-19 10:13:34,009:INFO:ДУГААРАА СОНГОЖ БУЙ ХЭСЭГ
2020-06-19 10:13:34,010:INFO:7
2020-06-19 10:13:43,495:INFO:ДУГААРЫН ҮНЭ
2020-06-19 10:13:43,498:INFO:5000
2020-06-19 10:14:28,860:INFO:ДУГААРЫН ZAHIALGA
2020-06-19 10:16:29,655:INFO:------------------------------------------------------------------------------------------------
2020-06-19 10:18:23,896:INFO:------------------------------------------------------------------------------------------------
2020-06-19 10:18:35,592:INFO:------------------------------------------------------------------------------------------------
2020-06-19 10:18:44,899:INFO:ДУГААРАА СОНГОЖ БУЙ ХЭСЭГ
2020-06-19 10:18:44,899:INFO:2
2020-06-19 10:18:45,464:WARNING:Not Found: /favicon.ico
2020-06-19 10:19:28,246:INFO:------------------------------------------------------------------------------------------------
2020-06-19 10:19:29,072:INFO:ДУГААРАА СОНГОЖ БУЙ ХЭСЭГ
2020-06-19 10:19:29,072:INFO:7
2020-06-19 10:24:04,674:INFO:ДУГААРАА СОНГОЖ БУЙ ХЭСЭГ
2020-06-19 10:24:04,675:INFO:2
2020-06-19 10:24:36,604:INFO:------------------------------------------------------------------------------------------------
2020-06-19 10:24:38,857:INFO:ДУГААРАА СОНГОЖ БУЙ ХЭСЭГ
2020-06-19 10:24:38,857:INFO:2
2020-06-19 10:24:50,581:INFO:ДУГААРЫН ҮНЭ
2020-06-19 10:24:50,584:INFO:5000
2020-06-19 10:24:56,094:INFO:ДУГААРАА СОНГОЖ БУЙ ХЭСЭГ
2020-06-19 10:24:56,094:INFO:2
2020-06-19 10:25:37,828:INFO:ДУГААРЫН ҮНЭ
2020-06-19 10:25:37,831:INFO:5000
2020-06-19 10:25:57,216:INFO:ДУГААРАА СОНГОЖ БУЙ ХЭСЭГ
2020-06-19 10:25:57,216:INFO:2
2020-06-19 10:27:47,064:INFO:------------------------------------------------------------------------------------------------
2020-06-19 10:28:01,127:INFO:ДУГААРАА СОНГОЖ БУЙ ХЭСЭГ
2020-06-19 10:28:01,127:INFO:2
2020-06-19 10:28:28,859:INFO:------------------------------------------------------------------------------------------------
2020-06-19 10:28:31,225:INFO:ДУГААРАА СОНГОЖ БУЙ ХЭСЭГ
2020-06-19 10:28:31,226:INFO:7
2020-06-19 10:30:16,351:INFO:ДУГААРАА СОНГОЖ БУЙ ХЭСЭГ
2020-06-19 10:30:16,352:INFO:7
2020-06-19 10:30:27,484:INFO:ДУГААРЫН ҮНЭ
2020-06-19 10:30:27,487:INFO:5000
2020-06-19 10:30:45,457:INFO:ДУГААРАА СОНГОЖ БУЙ ХЭСЭГ
2020-06-19 10:30:45,457:INFO:7
2020-06-19 10:30:47,931:INFO:ДУГААРАА СОНГОЖ БУЙ ХЭСЭГ
2020-06-19 10:30:47,931:INFO:7
2020-06-19 10:32:54,158:INFO:ДУГААРАА СОНГОЖ БУЙ ХЭСЭГ
2020-06-19 10:32:54,158:INFO:7
2020-06-19 10:32:54,722:INFO:ДУГААРАА СОНГОЖ БУЙ ХЭСЭГ
2020-06-19 10:32:54,722:INFO:2
2020-06-19 10:32:54,887:WARNING:Not Found: /favicon.ico
2020-06-19 10:32:55,108:WARNING:Not Found: /favicon.ico
2020-06-19 10:32:55,631:INFO:------------------------------------------------------------------------------------------------
2020-06-19 10:32:56,565:INFO:ДУГААРАА СОНГОЖ БУЙ ХЭСЭГ
2020-06-19 10:32:56,566:INFO:2
2020-06-19 10:36:03,559:INFO:ДУГААРАА СОНГОЖ БУЙ ХЭСЭГ
2020-06-19 10:36:03,560:INFO:2
2020-06-19 10:36:03,899:WARNING:Not Found: /favicon.ico
2020-06-19 10:36:07,742:INFO:------------------------------------------------------------------------------------------------
2020-06-19 10:37:31,700:INFO:------------------------------------------------------------------------------------------------
2020-06-19 10:38:35,464:INFO:------------------------------------------------------------------------------------------------
2020-06-19 10:42:47,884:INFO:------------------------------------------------------------------------------------------------
2020-06-19 10:43:20,043:INFO:ДУГААРАА СОНГОЖ БУЙ ХЭСЭГ
2020-06-19 10:43:20,044:INFO:2
2020-06-19 10:43:20,610:WARNING:Not Found: /favicon.ico
2020-06-19 10:43:20,879:INFO:------------------------------------------------------------------------------------------------
2020-06-19 10:43:23,553:INFO:ДУГААРАА СОНГОЖ БУЙ ХЭСЭГ
2020-06-19 10:43:23,554:INFO:2
2020-06-19 10:43:24,149:INFO:ДУГААРАА СОНГОЖ БУЙ ХЭСЭГ
2020-06-19 10:43:24,149:INFO:2
2020-06-19 10:43:26,519:INFO:ДУГААРАА СОНГОЖ БУЙ ХЭСЭГ
2020-06-19 10:43:26,519:INFO:2
2020-06-19 10:43:35,456:INFO:------------------------------------------------------------------------------------------------
2020-06-19 10:43:44,934:INFO:ДУГААРАА СОНГОЖ БУЙ ХЭСЭГ
2020-06-19 10:43:44,934:INFO:2
2020-06-19 10:44:02,776:INFO:ДУГААРАА СОНГОЖ БУЙ ХЭСЭГ
2020-06-19 10:44:02,776:INFO:2
2020-06-19 10:44:17,464:INFO:ДУГААРЫН ҮНЭ
2020-06-19 10:44:17,467:INFO:5000
2020-06-19 10:44:24,362:INFO:ДУГААРЫН ҮНЭ
2020-06-19 10:44:24,366:INFO:5000
2020-06-19 10:44:39,080:INFO:------------------------------------------------------------------------------------------------
2020-06-19 10:45:45,060:INFO:ДУГААРЫН ҮНЭ
2020-06-19 10:45:45,064:INFO:5000
2020-06-19 10:45:48,953:INFO:------------------------------------------------------------------------------------------------
2020-06-19 10:45:57,806:INFO:ДУГААРАА СОНГОЖ БУЙ ХЭСЭГ
2020-06-19 10:45:57,806:INFO:2
2020-06-19 10:47:15,788:INFO:------------------------------------------------------------------------------------------------
2020-06-19 10:48:19,190:INFO:------------------------------------------------------------------------------------------------
2020-06-19 10:53:03,156:INFO:------------------------------------------------------------------------------------------------
2020-06-19 10:53:12,404:INFO:ДУГААРАА СОНГОЖ БУЙ ХЭСЭГ
2020-06-19 10:53:12,404:INFO:2
2020-06-19 10:56:56,143:INFO:------------------------------------------------------------------------------------------------
2020-06-19 10:57:21,097:INFO:ДУГААРАА СОНГОЖ БУЙ ХЭСЭГ
2020-06-19 10:57:21,097:INFO:7
2020-06-19 10:57:46,986:INFO:------------------------------------------------------------------------------------------------
2020-06-19 10:59:46,868:INFO:ДУГААРАА СОНГОЖ БУЙ ХЭСЭГ
2020-06-19 10:59:46,869:INFO:7
2020-06-19 11:00:58,517:INFO:------------------------------------------------------------------------------------------------
2020-06-19 11:01:47,068:INFO:ДУГААРАА СОНГОЖ БУЙ ХЭСЭГ
2020-06-19 11:01:47,068:INFO:2
2020-06-19 11:01:50,885:INFO:------------------------------------------------------------------------------------------------
2020-06-19 11:02:16,761:INFO:ДУГААРАА СОНГОЖ БУЙ ХЭСЭГ
2020-06-19 11:02:16,762:INFO:7
2020-06-19 11:03:10,979:INFO:------------------------------------------------------------------------------------------------
2020-06-19 11:04:05,599:INFO:ДУГААРАА СОНГОЖ БУЙ ХЭСЭГ
2020-06-19 11:04:05,599:INFO:7
2020-06-19 11:04:12,638:INFO:ДУГААРАА СОНГОЖ БУЙ ХЭСЭГ
2020-06-19 11:04:12,638:INFO:7
2020-06-19 11:05:03,487:INFO:------------------------------------------------------------------------------------------------
2020-06-19 11:05:10,976:INFO:------------------------------------------------------------------------------------------------
2020-06-19 11:05:14,260:INFO:ДУГААРАА СОНГОЖ БУЙ ХЭСЭГ
2020-06-19 11:05:14,260:INFO:2
2020-06-19 11:09:34,600:INFO:ДУГААРАА СОНГОЖ БУЙ ХЭСЭГ
2020-06-19 11:09:34,601:INFO:2
2020-06-19 11:09:38,327:INFO:ДУГААРАА СОНГОЖ БУЙ ХЭСЭГ
2020-06-19 11:09:38,327:INFO:2
2020-06-19 11:09:42,126:INFO:------------------------------------------------------------------------------------------------
2020-06-19 11:09:51,648:INFO:ДУГААРАА СОНГОЖ БУЙ ХЭСЭГ
2020-06-19 11:09:51,648:INFO:7
2020-06-19 11:11:48,499:INFO:ДУГААРАА СОНГОЖ БУЙ ХЭСЭГ
2020-06-19 11:11:48,499:INFO:7
2020-06-19 11:11:52,780:INFO:ДУГААРАА СОНГОЖ БУЙ ХЭСЭГ
2020-06-19 11:11:52,780:INFO:7
2020-06-19 11:11:54,708:INFO:ДУГААРАА СОНГОЖ БУЙ ХЭСЭГ
2020-06-19 11:11:54,709:INFO:7
2020-06-19 11:11:55,956:INFO:ДУГААРАА СОНГОЖ БУЙ ХЭСЭГ
2020-06-19 11:11:55,957:INFO:7
2020-06-19 11:11:58,983:INFO:------------------------------------------------------------------------------------------------
2020-06-19 11:12:02,650:INFO:ДУГААРАА СОНГОЖ БУЙ ХЭСЭГ
2020-06-19 11:12:02,650:INFO:3
2020-06-19 11:13:11,565:INFO:ДУГААРАА СОНГОЖ БУЙ ХЭСЭГ
2020-06-19 11:13:11,565:INFO:3
2020-06-19 11:13:27,535:INFO:------------------------------------------------------------------------------------------------
2020-06-19 11:13:29,278:INFO:ДУГААРАА СОНГОЖ БУЙ ХЭСЭГ
2020-06-19 11:13:29,278:INFO:4
2020-06-19 11:13:43,926:INFO:------------------------------------------------------------------------------------------------
2020-06-19 11:13:48,956:INFO:ДУГААРАА СОНГОЖ БУЙ ХЭСЭГ
2020-06-19 11:13:48,956:INFO:2
2020-06-19 11:15:24,669:INFO:------------------------------------------------------------------------------------------------
2020-06-19 11:15:25,810:INFO:ДУГААРАА СОНГОЖ БУЙ ХЭСЭГ
2020-06-19 11:15:25,810:INFO:2
2020-06-19 11:15:44,290:INFO:------------------------------------------------------------------------------------------------
2020-06-19 11:15:45,977:INFO:ДУГААРАА СОНГОЖ БУЙ ХЭСЭГ
2020-06-19 11:15:45,977:INFO:7
2020-06-19 11:16:36,633:INFO:ДУГААРЫН ҮНЭ
2020-06-19 11:16:36,637:INFO:10000
2020-06-19 11:18:24,070:INFO:------------------------------------------------------------------------------------------------
2020-06-19 11:20:58,829:INFO:------------------------------------------------------------------------------------------------
2020-06-19 11:21:01,564:INFO:ДУГААРАА СОНГОЖ БУЙ ХЭСЭГ
2020-06-19 11:21:01,565:INFO:7
2020-06-19 11:21:31,338:INFO:ДУГААРЫН ҮНЭ
2020-06-19 11:21:31,340:INFO:10000
2020-06-19 11:22:06,559:INFO:ДУГААРЫН ҮНЭ
2020-06-19 11:22:06,562:INFO:10000
2020-06-19 11:22:25,603:INFO:ДУГААРЫН ҮНЭ
2020-06-19 11:22:25,606:INFO:10000
2020-06-19 11:23:20,066:INFO:ДУГААРАА СОНГОЖ БУЙ ХЭСЭГ
2020-06-19 11:23:20,067:INFO:2
2020-06-19 11:23:20,512:WARNING:Not Found: /favicon.ico
2020-06-19 11:29:17,640:INFO:------------------------------------------------------------------------------------------------
2020-06-19 11:37:51,680:INFO:------------------------------------------------------------------------------------------------
2020-06-19 11:37:52,019:INFO:------------------------------------------------------------------------------------------------
2020-06-19 11:37:53,309:INFO:ДУГААРАА СОНГОЖ БУЙ ХЭСЭГ
2020-06-19 11:37:53,310:INFO:2
2020-06-19 11:37:53,755:WARNING:Not Found: /favicon.ico
2020-06-19 11:38:06,740:INFO:ДУГААРАА СОНГОЖ БУЙ ХЭСЭГ
2020-06-19 11:38:06,740:INFO:2
2020-06-19 11:38:35,613:INFO:------------------------------------------------------------------------------------------------
2020-06-19 11:38:53,736:INFO:ДУГААРАА СОНГОЖ БУЙ ХЭСЭГ
2020-06-19 11:38:53,736:INFO:2
2020-06-19 11:38:54,004:WARNING:Not Found: /favicon.ico
2020-06-19 11:39:06,025:INFO:------------------------------------------------------------------------------------------------
2020-06-19 11:39:07,921:INFO:ДУГААРАА СОНГОЖ БУЙ ХЭСЭГ
2020-06-19 11:39:07,921:INFO:2
2020-06-19 11:39:24,430:INFO:ДУГААРАА СОНГОЖ БУЙ ХЭСЭГ
2020-06-19 11:39:24,431:INFO:2
2020-06-19 11:39:34,919:INFO:------------------------------------------------------------------------------------------------
2020-06-19 11:39:37,093:INFO:ДУГААРАА СОНГОЖ БУЙ ХЭСЭГ
2020-06-19 11:39:37,093:INFO:7
2020-06-19 11:39:47,688:INFO:ДУГААРАА СОНГОЖ БУЙ ХЭСЭГ
2020-06-19 11:39:47,688:INFO:7
2020-06-19 11:40:54,503:INFO:ДУГААРАА СОНГОЖ БУЙ ХЭСЭГ
2020-06-19 11:40:54,503:INFO:7
2020-06-19 11:42:26,249:INFO:ДУГААРЫН ҮНЭ
2020-06-19 11:42:26,252:INFO:5000
2020-06-19 11:42:48,170:INFO:------------------------------------------------------------------------------------------------
2020-06-19 11:42:52,995:INFO:ДУГААРАА СОНГОЖ БУЙ ХЭСЭГ
2020-06-19 11:42:52,995:INFO:7
2020-06-19 11:43:09,632:INFO:ДУГААРАА СОНГОЖ БУЙ ХЭСЭГ
2020-06-19 11:43:09,633:INFO:7
2020-06-19 11:43:10,996:INFO:ДУГААРАА СОНГОЖ БУЙ ХЭСЭГ
2020-06-19 11:43:10,996:INFO:7
2020-06-19 11:43:11,885:INFO:ДУГААРАА СОНГОЖ БУЙ ХЭСЭГ
2020-06-19 11:43:11,885:INFO:7
2020-06-19 11:43:35,907:INFO:------------------------------------------------------------------------------------------------
2020-06-19 11:44:17,431:INFO:------------------------------------------------------------------------------------------------
2020-06-19 11:44:24,151:INFO:ДУГААРАА СОНГОЖ БУЙ ХЭСЭГ
2020-06-19 11:44:24,152:INFO:7
2020-06-19 11:44:39,846:INFO:------------------------------------------------------------------------------------------------
2020-06-19 11:45:39,142:INFO:ДУГААРАА СОНГОЖ БУЙ ХЭСЭГ
2020-06-19 11:45:39,143:INFO:2
2020-06-19 11:45:41,154:WARNING:Not Found: /favicon.ico
2020-06-19 11:45:56,730:INFO:ДУГААРАА СОНГОЖ БУЙ ХЭСЭГ
2020-06-19 11:45:56,731:INFO:2
2020-06-19 11:46:05,876:INFO:------------------------------------------------------------------------------------------------
2020-06-19 11:46:07,587:INFO:ДУГААРАА СОНГОЖ БУЙ ХЭСЭГ
2020-06-19 11:46:07,587:INFO:7
2020-06-19 11:46:14,651:INFO:ДУГААРАА СОНГОЖ БУЙ ХЭСЭГ
2020-06-19 11:46:14,651:INFO:7
2020-06-19 11:47:15,259:INFO:------------------------------------------------------------------------------------------------
2020-06-19 11:47:16,187:INFO:ДУГААРАА СОНГОЖ БУЙ ХЭСЭГ
2020-06-19 11:47:16,188:INFO:2
2020-06-19 11:47:16,516:WARNING:Not Found: /favicon.ico
2020-06-19 11:47:16,949:INFO:------------------------------------------------------------------------------------------------
2020-06-19 11:47:44,501:INFO:ДУГААРАА СОНГОЖ БУЙ ХЭСЭГ
2020-06-19 11:47:44,501:INFO:2
2020-06-19 11:48:29,207:INFO:------------------------------------------------------------------------------------------------
2020-06-19 11:48:32,541:INFO:ДУГААРАА СОНГОЖ БУЙ ХЭСЭГ
2020-06-19 11:48:32,541:INFO:7
2020-06-19 11:49:22,129:INFO:ДУГААРЫН ҮНЭ
2020-06-19 11:49:22,132:INFO:10000
2020-06-19 11:51:13,775:INFO:ДУГААРАА СОНГОЖ БУЙ ХЭСЭГ
2020-06-19 11:51:13,776:INFO:2
2020-06-19 11:51:14,269:WARNING:Not Found: /favicon.ico
2020-06-19 11:51:36,968:INFO:ДУГААРЫН ZAHIALGA
2020-06-19 11:51:54,521:INFO:------------------------------------------------------------------------------------------------
2020-06-19 11:52:14,468:INFO:ДУГААРАА СОНГОЖ БУЙ ХЭСЭГ
2020-06-19 11:52:14,468:INFO:7
2020-06-19 11:52:15,314:INFO:ДУГААРАА СОНГОЖ БУЙ ХЭСЭГ
2020-06-19 11:52:15,314:INFO:2
2020-06-19 11:52:43,349:INFO:------------------------------------------------------------------------------------------------
2020-06-19 11:52:44,851:INFO:ДУГААРАА СОНГОЖ БУЙ ХЭСЭГ
2020-06-19 11:52:44,851:INFO:2
2020-06-19 11:53:03,213:INFO:------------------------------------------------------------------------------------------------
2020-06-19 11:54:19,909:INFO:ДУГААРЫН ҮНЭ
2020-06-19 11:54:19,912:INFO:5000
2020-06-19 11:56:57,126:INFO:------------------------------------------------------------------------------------------------
2020-06-19 11:57:47,403:INFO:------------------------------------------------------------------------------------------------
2020-06-19 11:58:11,246:INFO:ДУГААРАА СОНГОЖ БУЙ ХЭСЭГ
2020-06-19 11:58:11,247:INFO:7
2020-06-19 11:59:26,527:INFO:ДУГААРАА СОНГОЖ БУЙ ХЭСЭГ
2020-06-19 11:59:26,527:INFO:7
2020-06-19 11:59:28,355:INFO:ДУГААРАА СОНГОЖ БУЙ ХЭСЭГ
2020-06-19 11:59:28,356:INFO:7
2020-06-19 11:59:42,861:INFO:ДУГААРАА СОНГОЖ БУЙ ХЭСЭГ
2020-06-19 11:59:42,861:INFO:7
2020-06-19 11:59:46,813:INFO:ДУГААРАА СОНГОЖ БУЙ ХЭСЭГ
2020-06-19 11:59:46,813:INFO:2
2020-06-19 11:59:47,498:WARNING:Not Found: /favicon.ico
2020-06-19 11:59:48,841:INFO:------------------------------------------------------------------------------------------------
2020-06-19 11:59:50,273:INFO:ДУГААРАА СОНГОЖ БУЙ ХЭСЭГ
2020-06-19 11:59:50,273:INFO:7
2020-06-19 11:59:50,998:INFO:ДУГААРАА СОНГОЖ БУЙ ХЭСЭГ
2020-06-19 11:59:50,998:INFO:7
2020-06-19 12:00:58,822:INFO:------------------------------------------------------------------------------------------------
2020-06-19 12:03:11,584:INFO:------------------------------------------------------------------------------------------------
2020-06-19 12:04:16,285:INFO:------------------------------------------------------------------------------------------------
2020-06-19 12:04:18,139:INFO:ДУГААРАА СОНГОЖ БУЙ ХЭСЭГ
2020-06-19 12:04:18,139:INFO:2
2020-06-19 12:04:18,404:WARNING:Not Found: /favicon.ico
2020-06-19 12:04:19,660:INFO:ДУГААРЫН ҮНЭ
2020-06-19 12:04:19,663:INFO:10000
2020-06-19 12:04:36,910:INFO:ДУГААРАА СОНГОЖ БУЙ ХЭСЭГ
2020-06-19 12:04:36,910:INFO:2
2020-06-19 12:04:37,434:WARNING:Not Found: /favicon.ico
2020-06-19 12:04:57,599:INFO:------------------------------------------------------------------------------------------------
2020-06-19 12:04:58,436:INFO:ДУГААРАА СОНГОЖ БУЙ ХЭСЭГ
2020-06-19 12:04:58,436:INFO:7
2020-06-19 12:05:11,153:INFO:------------------------------------------------------------------------------------------------
2020-06-19 12:05:25,408:INFO:------------------------------------------------------------------------------------------------
2020-06-19 12:05:26,126:INFO:ДУГААРАА СОНГОЖ БУЙ ХЭСЭГ
2020-06-19 12:05:26,127:INFO:2
2020-06-19 12:05:39,904:INFO:------------------------------------------------------------------------------------------------
2020-06-19 12:05:43,997:INFO:ДУГААРАА СОНГОЖ БУЙ ХЭСЭГ
2020-06-19 12:05:43,998:INFO:2
2020-06-19 12:05:44,289:WARNING:Not Found: /favicon.ico
2020-06-19 12:05:45,288:INFO:------------------------------------------------------------------------------------------------
2020-06-19 12:05:46,381:INFO:ДУГААРАА СОНГОЖ БУЙ ХЭСЭГ
2020-06-19 12:05:46,381:INFO:7
2020-06-19 12:06:41,344:INFO:------------------------------------------------------------------------------------------------
2020-06-19 12:06:42,375:INFO:ДУГААРАА СОНГОЖ БУЙ ХЭСЭГ
2020-06-19 12:06:42,375:INFO:2
2020-06-19 12:06:54,150:INFO:------------------------------------------------------------------------------------------------
2020-06-19 12:06:55,117:INFO:ДУГААРАА СОНГОЖ БУЙ ХЭСЭГ
2020-06-19 12:06:55,117:INFO:2
2020-06-19 12:07:53,235:INFO:ДУГААРАА СОНГОЖ БУЙ ХЭСЭГ
2020-06-19 12:07:53,235:INFO:2
2020-06-19 12:09:29,926:INFO:------------------------------------------------------------------------------------------------
2020-06-19 12:10:10,012:INFO:------------------------------------------------------------------------------------------------
2020-06-19 12:12:44,945:INFO:ДУГААРАА СОНГОЖ БУЙ ХЭСЭГ
2020-06-19 12:12:44,946:INFO:2
2020-06-19 12:16:00,928:INFO:------------------------------------------------------------------------------------------------
2020-06-19 12:16:13,616:INFO:------------------------------------------------------------------------------------------------
2020-06-19 12:18:24,359:INFO:------------------------------------------------------------------------------------------------
2020-06-19 12:19:42,207:INFO:ДУГААРЫН ҮНЭ
2020-06-19 12:19:42,210:INFO:5000
2020-06-19 12:21:45,407:INFO:------------------------------------------------------------------------------------------------
2020-06-19 12:21:46,132:INFO:ДУГААРАА СОНГОЖ БУЙ ХЭСЭГ
2020-06-19 12:21:46,132:INFO:2
2020-06-19 12:22:42,510:INFO:------------------------------------------------------------------------------------------------
2020-06-19 12:22:43,185:INFO:ДУГААРАА СОНГОЖ БУЙ ХЭСЭГ
2020-06-19 12:22:43,185:INFO:7
2020-06-19 12:23:45,061:INFO:ДУГААРАА СОНГОЖ БУЙ ХЭСЭГ
2020-06-19 12:23:45,061:INFO:7
2020-06-19 12:23:49,411:INFO:ДУГААРАА СОНГОЖ БУЙ ХЭСЭГ
2020-06-19 12:23:49,411:INFO:7
2020-06-19 12:24:33,613:INFO:ДУГААРЫН ҮНЭ
2020-06-19 12:24:33,616:INFO:5000
2020-06-19 12:24:52,661:INFO:ДУГААРЫН ZAHIALGA
2020-06-19 12:26:04,081:INFO:------------------------------------------------------------------------------------------------
2020-06-19 12:26:05,488:INFO:ДУГААРАА СОНГОЖ БУЙ ХЭСЭГ
2020-06-19 12:26:05,488:INFO:7
2020-06-19 12:26:08,336:INFO:ДУГААРАА СОНГОЖ БУЙ ХЭСЭГ
2020-06-19 12:26:08,336:INFO:7
2020-06-19 12:26:22,401:INFO:ДУГААРАА СОНГОЖ БУЙ ХЭСЭГ
2020-06-19 12:26:22,402:INFO:7
2020-06-19 12:26:53,450:INFO:------------------------------------------------------------------------------------------------
2020-06-19 12:26:55,073:INFO:ДУГААРАА СОНГОЖ БУЙ ХЭСЭГ
2020-06-19 12:26:55,073:INFO:7
2020-06-19 12:28:10,240:INFO:------------------------------------------------------------------------------------------------
2020-06-19 12:29:17,769:INFO:------------------------------------------------------------------------------------------------
2020-06-19 12:29:23,620:INFO:ДУГААРАА СОНГОЖ БУЙ ХЭСЭГ
2020-06-19 12:29:23,620:INFO:7
2020-06-19 12:29:23,758:INFO:ДУГААРАА СОНГОЖ БУЙ ХЭСЭГ
2020-06-19 12:29:23,758:INFO:7
2020-06-19 12:29:25,423:WARNING:Not Found: /favicon.ico
2020-06-19 12:29:27,522:INFO:ДУГААРАА СОНГОЖ БУЙ ХЭСЭГ
2020-06-19 12:29:27,522:INFO:7
2020-06-19 12:29:38,549:INFO:------------------------------------------------------------------------------------------------
2020-06-19 12:29:40,062:INFO:ДУГААРАА СОНГОЖ БУЙ ХЭСЭГ
2020-06-19 12:29:40,063:INFO:2
2020-06-19 12:29:56,795:INFO:ДУГААРЫН ҮНЭ
2020-06-19 12:29:56,799:INFO:5000
2020-06-19 12:30:11,377:INFO:ДУГААРЫН ZAHIALGA
2020-06-19 12:30:38,816:INFO:------------------------------------------------------------------------------------------------
2020-06-19 12:32:11,088:INFO:------------------------------------------------------------------------------------------------
2020-06-19 12:32:11,782:INFO:------------------------------------------------------------------------------------------------
2020-06-19 12:32:22,639:INFO:------------------------------------------------------------------------------------------------
2020-06-19 12:32:29,219:INFO:ДУГААРАА СОНГОЖ БУЙ ХЭСЭГ
2020-06-19 12:32:29,220:INFO:7
2020-06-19 12:32:29,706:INFO:ДУГААРАА СОНГОЖ БУЙ ХЭСЭГ
2020-06-19 12:32:29,707:INFO:7
2020-06-19 12:32:32,887:INFO:ДУГААРАА СОНГОЖ БУЙ ХЭСЭГ
2020-06-19 12:32:32,888:INFO:3
2020-06-19 12:32:33,585:WARNING:Not Found: /favicon.ico
2020-06-19 12:32:37,916:INFO:ДУГААРАА СОНГОЖ БУЙ ХЭСЭГ
2020-06-19 12:32:37,916:INFO:2
2020-06-19 12:33:19,641:INFO:ДУГААРАА СОНГОЖ БУЙ ХЭСЭГ
2020-06-19 12:33:19,641:INFO:2
2020-06-19 12:42:48,402:INFO:------------------------------------------------------------------------------------------------
2020-06-19 12:43:36,666:INFO:------------------------------------------------------------------------------------------------
2020-06-19 12:44:12,324:INFO:ДУГААРАА СОНГОЖ БУЙ ХЭСЭГ
2020-06-19 12:44:12,325:INFO:2
2020-06-19 12:44:17,606:INFO:------------------------------------------------------------------------------------------------
2020-06-19 12:44:45,649:INFO:------------------------------------------------------------------------------------------------
2020-06-19 12:45:58,925:INFO:ДУГААРАА СОНГОЖ БУЙ ХЭСЭГ
2020-06-19 12:45:58,926:INFO:2
2020-06-19 12:46:48,124:WARNING:Not Found: /favicon.ico
2020-06-19 12:46:51,107:INFO:------------------------------------------------------------------------------------------------
2020-06-19 12:46:57,062:INFO:ДУГААРАА СОНГОЖ БУЙ ХЭСЭГ
2020-06-19 12:46:57,063:INFO:2
2020-06-19 12:47:17,677:INFO:------------------------------------------------------------------------------------------------
2020-06-19 12:49:15,278:INFO:ДУГААРЫН ҮНЭ
2020-06-19 12:49:15,280:INFO:5000
2020-06-19 12:50:03,025:INFO:------------------------------------------------------------------------------------------------
2020-06-19 12:50:04,577:INFO:ДУГААРАА СОНГОЖ БУЙ ХЭСЭГ
2020-06-19 12:50:04,577:INFO:2
2020-06-19 12:50:04,642:INFO:ДУГААРЫН ҮНЭ
2020-06-19 12:50:04,645:INFO:5000
2020-06-19 12:50:04,901:WARNING:Not Found: /favicon.ico
2020-06-19 12:50:32,215:INFO:ДУГААРЫН ҮНЭ
2020-06-19 12:50:32,217:INFO:5000
2020-06-19 12:51:13,722:INFO:ДУГААРЫН ҮНЭ
2020-06-19 12:51:13,725:INFO:5000
2020-06-19 12:51:42,645:INFO:ДУГААРЫН ҮНЭ
2020-06-19 12:51:42,647:INFO:5000
2020-06-19 12:51:46,264:INFO:ДУГААРЫН ҮНЭ
2020-06-19 12:51:46,267:INFO:5000
2020-06-19 12:51:54,034:INFO:ДУГААРЫН ҮНЭ
2020-06-19 12:51:54,037:INFO:5000
2020-06-19 12:53:03,314:INFO:------------------------------------------------------------------------------------------------
2020-06-19 12:54:34,562:INFO:ДУГААРАА СОНГОЖ БУЙ ХЭСЭГ
2020-06-19 12:54:34,562:INFO:2
2020-06-19 12:54:38,935:INFO:ДУГААРАА СОНГОЖ БУЙ ХЭСЭГ
2020-06-19 12:54:38,935:INFO:2
2020-06-19 12:54:43,878:INFO:ДУГААРАА СОНГОЖ БУЙ ХЭСЭГ
2020-06-19 12:54:43,878:INFO:2
2020-06-19 12:54:46,326:INFO:ДУГААРАА СОНГОЖ БУЙ ХЭСЭГ
2020-06-19 12:54:46,326:INFO:2
2020-06-19 12:55:13,930:INFO:ДУГААРЫН ҮНЭ
2020-06-19 12:55:13,933:INFO:5000
2020-06-19 12:56:52,535:INFO:ДУГААРЫН ҮНЭ
2020-06-19 12:56:52,538:INFO:5000
2020-06-19 12:56:57,980:INFO:------------------------------------------------------------------------------------------------
2020-06-19 12:57:07,260:INFO:ДУГААРЫН ҮНЭ
2020-06-19 12:57:07,263:INFO:5000
2020-06-19 12:57:47,567:INFO:------------------------------------------------------------------------------------------------
2020-06-19 12:59:47,246:INFO:------------------------------------------------------------------------------------------------
2020-06-19 13:00:01,191:INFO:ДУГААРАА СОНГОЖ БУЙ ХЭСЭГ
2020-06-19 13:00:01,192:INFO:2
2020-06-19 13:00:01,532:WARNING:Not Found: /favicon.ico
2020-06-19 13:00:10,427:INFO:ДУГААРЫН ҮНЭ
2020-06-19 13:00:10,430:INFO:5000
2020-06-19 13:01:32,840:INFO:------------------------------------------------------------------------------------------------
2020-06-19 13:03:11,972:INFO:------------------------------------------------------------------------------------------------
2020-06-19 13:05:11,305:INFO:------------------------------------------------------------------------------------------------
2020-06-19 13:09:50,854:INFO:------------------------------------------------------------------------------------------------
2020-06-19 13:10:29,163:INFO:ДУГААРАА СОНГОЖ БУЙ ХЭСЭГ
2020-06-19 13:10:29,163:INFO:7
2020-06-19 13:10:48,006:INFO:ДУГААРЫН ZAHIALGA
2020-06-19 13:10:48,015:ERROR:Уучлаарай, таны сонгосон 93316580 дугаар захиалах боломжгүй байна. Line-1379
2020-06-19 13:10:50,701:INFO:------------------------------------------------------------------------------------------------
2020-06-19 13:10:51,937:INFO:ДУГААРАА СОНГОЖ БУЙ ХЭСЭГ
2020-06-19 13:10:51,937:INFO:2
2020-06-19 13:11:07,408:INFO:------------------------------------------------------------------------------------------------
2020-06-19 13:12:29,187:INFO:ДУГААРАА СОНГОЖ БУЙ ХЭСЭГ
2020-06-19 13:12:29,188:INFO:7
2020-06-19 13:12:47,344:INFO:------------------------------------------------------------------------------------------------
2020-06-19 13:12:47,938:INFO:ДУГААРАА СОНГОЖ БУЙ ХЭСЭГ
2020-06-19 13:12:47,938:INFO:7
2020-06-19 13:14:56,172:INFO:------------------------------------------------------------------------------------------------
2020-06-19 13:15:02,004:INFO:ДУГААРАА СОНГОЖ БУЙ ХЭСЭГ
2020-06-19 13:15:02,004:INFO:7
2020-06-19 13:15:21,086:INFO:------------------------------------------------------------------------------------------------
2020-06-19 13:15:25,696:INFO:ДУГААРАА СОНГОЖ БУЙ ХЭСЭГ
2020-06-19 13:15:25,696:INFO:7
2020-06-19 13:15:56,514:INFO:------------------------------------------------------------------------------------------------
2020-06-19 13:16:01,052:INFO:------------------------------------------------------------------------------------------------
2020-06-19 13:16:13,810:INFO:------------------------------------------------------------------------------------------------
2020-06-19 13:18:23,629:INFO:------------------------------------------------------------------------------------------------
2020-06-19 13:18:24,441:INFO:ДУГААРАА СОНГОЖ БУЙ ХЭСЭГ
2020-06-19 13:18:24,441:INFO:2
2020-06-19 13:18:24,499:INFO:------------------------------------------------------------------------------------------------
2020-06-19 13:21:58,004:INFO:ДУГААРЫН ҮНЭ
2020-06-19 13:21:58,006:INFO:10000
2020-06-19 13:23:02,195:INFO:------------------------------------------------------------------------------------------------
2020-06-19 13:26:12,495:INFO:------------------------------------------------------------------------------------------------
2020-06-19 13:26:13,670:INFO:ДУГААРАА СОНГОЖ БУЙ ХЭСЭГ
2020-06-19 13:26:13,671:INFO:7
2020-06-19 13:26:52,029:INFO:ДУГААРЫН ҮНЭ
2020-06-19 13:26:52,031:INFO:10000
2020-06-19 13:27:25,984:INFO:ДУГААРЫН ZAHIALGA
2020-06-19 13:29:26,118:INFO:------------------------------------------------------------------------------------------------
2020-06-19 13:30:39,381:INFO:------------------------------------------------------------------------------------------------
2020-06-19 13:42:48,608:INFO:------------------------------------------------------------------------------------------------
2020-06-19 13:42:51,991:INFO:ДУГААРАА СОНГОЖ БУЙ ХЭСЭГ
2020-06-19 13:42:51,991:INFO:7
2020-06-19 13:43:37,464:INFO:------------------------------------------------------------------------------------------------
2020-06-19 13:44:17,652:INFO:------------------------------------------------------------------------------------------------
2020-06-19 13:47:18,267:INFO:------------------------------------------------------------------------------------------------
2020-06-19 13:48:32,916:INFO:------------------------------------------------------------------------------------------------
2020-06-19 13:48:40,978:INFO:ДУГААРАА СОНГОЖ БУЙ ХЭСЭГ
2020-06-19 13:48:40,978:INFO:2
2020-06-19 13:48:48,343:INFO:------------------------------------------------------------------------------------------------
2020-06-19 13:48:49,406:INFO:ДУГААРАА СОНГОЖ БУЙ ХЭСЭГ
2020-06-19 13:48:49,406:INFO:2
2020-06-19 13:48:49,675:WARNING:Not Found: /favicon.ico
2020-06-19 13:49:23,046:INFO:ДУГААРЫН ҮНЭ
2020-06-19 13:49:23,049:INFO:5000
2020-06-19 13:49:47,708:INFO:ДУГААРЫН ҮНЭ
2020-06-19 13:49:47,712:INFO:5000
2020-06-19 13:53:03,390:INFO:------------------------------------------------------------------------------------------------
2020-06-19 13:54:06,492:INFO:ДУГААРЫН ҮНЭ
2020-06-19 13:54:06,496:INFO:5000
2020-06-19 13:55:08,191:INFO:ДУГААРЫН ҮНЭ
2020-06-19 13:55:08,194:INFO:10000
2020-06-19 13:56:12,903:INFO:------------------------------------------------------------------------------------------------
2020-06-19 13:56:13,948:INFO:ДУГААРАА СОНГОЖ БУЙ ХЭСЭГ
2020-06-19 13:56:13,948:INFO:2
2020-06-19 13:56:58,838:INFO:------------------------------------------------------------------------------------------------
2020-06-19 13:57:47,719:INFO:------------------------------------------------------------------------------------------------
2020-06-19 14:01:33,045:INFO:------------------------------------------------------------------------------------------------
2020-06-19 14:03:12,364:INFO:------------------------------------------------------------------------------------------------
2020-06-19 14:05:11,489:INFO:------------------------------------------------------------------------------------------------
2020-06-19 14:07:05,770:INFO:ДУГААРАА СОНГОЖ БУЙ ХЭСЭГ
2020-06-19 14:07:05,770:INFO:2
2020-06-19 14:12:47,310:INFO:ДУГААРАА СОНГОЖ БУЙ ХЭСЭГ
2020-06-19 14:12:47,311:INFO:2
2020-06-19 14:12:48,267:WARNING:Not Found: /favicon.ico
2020-06-19 14:13:08,153:INFO:------------------------------------------------------------------------------------------------
2020-06-19 14:13:09,363:INFO:ДУГААРАА СОНГОЖ БУЙ ХЭСЭГ
2020-06-19 14:13:09,363:INFO:2
2020-06-19 14:14:30,466:INFO:------------------------------------------------------------------------------------------------
2020-06-19 14:14:31,156:INFO:ДУГААРАА СОНГОЖ БУЙ ХЭСЭГ
2020-06-19 14:14:31,157:INFO:7
2020-06-19 14:15:57,072:INFO:------------------------------------------------------------------------------------------------
2020-06-19 14:16:01,141:INFO:------------------------------------------------------------------------------------------------
2020-06-19 14:16:13,976:INFO:------------------------------------------------------------------------------------------------
2020-06-19 14:16:52,877:INFO:ДУГААРАА СОНГОЖ БУЙ ХЭСЭГ
2020-06-19 14:16:52,877:INFO:2
2020-06-19 14:17:35,895:INFO:ДУГААРАА СОНГОЖ БУЙ ХЭСЭГ
2020-06-19 14:17:35,896:INFO:2
2020-06-19 14:18:24,696:INFO:------------------------------------------------------------------------------------------------
2020-06-19 14:18:48,540:INFO:------------------------------------------------------------------------------------------------
2020-06-19 14:18:54,777:INFO:ДУГААРАА СОНГОЖ БУЙ ХЭСЭГ
2020-06-19 14:18:54,778:INFO:2
2020-06-19 14:18:55,559:WARNING:Not Found: /favicon.ico
2020-06-19 14:19:01,319:INFO:ДУГААРАА СОНГОЖ БУЙ ХЭСЭГ
2020-06-19 14:19:01,319:INFO:2
2020-06-19 14:22:39,151:INFO:ДУГААРАА СОНГОЖ БУЙ ХЭСЭГ
2020-06-19 14:22:39,161:INFO:7
2020-06-19 14:23:02,641:INFO:------------------------------------------------------------------------------------------------
2020-06-19 14:27:44,416:INFO:ДУГААРАА СОНГОЖ БУЙ ХЭСЭГ
2020-06-19 14:27:44,424:INFO:2
2020-06-19 14:28:20,538:INFO:ДУГААРЫН ҮНЭ
2020-06-19 14:28:20,545:INFO:5000
2020-06-19 14:28:28,591:INFO:ДУГААРЫН ZAHIALGA
2020-06-19 14:28:29,633:INFO:------------------------------------------------------------------------------------------------
2020-06-19 14:28:30,470:INFO:ДУГААРАА СОНГОЖ БУЙ ХЭСЭГ
2020-06-19 14:28:30,470:INFO:7
2020-06-19 14:28:31,975:INFO:------------------------------------------------------------------------------------------------
2020-06-19 14:28:32,677:INFO:ДУГААРАА СОНГОЖ БУЙ ХЭСЭГ
2020-06-19 14:28:32,678:INFO:2
2020-06-19 14:28:45,838:INFO:ДУГААРЫН ҮНЭ
2020-06-19 14:28:45,841:INFO:5000
2020-06-19 14:28:52,457:INFO:ДУГААРЫН ZAHIALGA
2020-06-19 14:28:53,763:INFO:------------------------------------------------------------------------------------------------
2020-06-19 14:30:39,862:INFO:------------------------------------------------------------------------------------------------
2020-06-19 14:32:26,269:INFO:ДУГААРАА СОНГОЖ БУЙ ХЭСЭГ
2020-06-19 14:32:26,269:INFO:2
2020-06-19 14:37:57,480:INFO:ДУГААРЫН ҮНЭ
2020-06-19 14:37:57,484:INFO:5000
2020-06-19 14:38:21,077:INFO:------------------------------------------------------------------------------------------------
2020-06-19 14:42:36,498:INFO:------------------------------------------------------------------------------------------------
2020-06-19 14:42:48,848:INFO:------------------------------------------------------------------------------------------------
2020-06-19 14:42:58,908:INFO:------------------------------------------------------------------------------------------------
2020-06-19 14:43:38,271:INFO:------------------------------------------------------------------------------------------------
2020-06-19 14:47:18,853:INFO:------------------------------------------------------------------------------------------------
2020-06-19 14:47:23,364:INFO:------------------------------------------------------------------------------------------------
2020-06-19 14:48:44,070:INFO:ДУГААРАА СОНГОЖ БУЙ ХЭСЭГ
2020-06-19 14:48:44,070:INFO:7
2020-06-19 14:48:53,018:INFO:ДУГААРАА СОНГОЖ БУЙ ХЭСЭГ
2020-06-19 14:48:53,019:INFO:7
2020-06-19 14:49:37,535:INFO:------------------------------------------------------------------------------------------------
2020-06-19 14:49:38,207:INFO:ДУГААРАА СОНГОЖ БУЙ ХЭСЭГ
2020-06-19 14:49:38,207:INFO:2
2020-06-19 14:53:03,461:INFO:------------------------------------------------------------------------------------------------
2020-06-19 14:56:05,653:INFO:------------------------------------------------------------------------------------------------
2020-06-19 14:56:54,059:INFO:ДУГААРАА СОНГОЖ БУЙ ХЭСЭГ
2020-06-19 14:56:54,059:INFO:7
2020-06-19 14:57:48,148:INFO:------------------------------------------------------------------------------------------------
2020-06-19 15:00:51,113:INFO:ДУГААРАА СОНГОЖ БУЙ ХЭСЭГ
2020-06-19 15:00:51,114:INFO:7
2020-06-19 15:01:33,385:INFO:------------------------------------------------------------------------------------------------
2020-06-19 15:02:13,547:INFO:ДУГААРЫН ҮНЭ
2020-06-19 15:02:13,551:INFO:10000
2020-06-19 15:02:49,123:INFO:ДУГААРЫН ZAHIALGA
2020-06-19 15:03:12,716:INFO:------------------------------------------------------------------------------------------------
2020-06-19 15:05:11,652:INFO:------------------------------------------------------------------------------------------------
2020-06-19 15:05:12,571:INFO:ДУГААРЫН ҮНЭ
2020-06-19 15:05:12,576:INFO:10000
2020-06-19 15:05:40,812:INFO:ДУГААРАА СОНГОЖ БУЙ ХЭСЭГ
2020-06-19 15:05:40,812:INFO:7
2020-06-19 15:09:04,673:INFO:ДУГААРАА СОНГОЖ БУЙ ХЭСЭГ
2020-06-19 15:09:04,673:INFO:3
2020-06-19 15:09:06,181:WARNING:Not Found: /favicon.ico
2020-06-19 15:09:06,188:WARNING:Not Found: /favicon.ico
2020-06-19 15:09:52,260:INFO:ДУГААРАА СОНГОЖ БУЙ ХЭСЭГ
2020-06-19 15:09:52,261:INFO:3
2020-06-19 15:09:58,857:INFO:ДУГААРАА СОНГОЖ БУЙ ХЭСЭГ
2020-06-19 15:09:58,857:INFO:3
2020-06-19 15:10:59,738:INFO:ДУГААРАА СОНГОЖ БУЙ ХЭСЭГ
2020-06-19 15:10:59,738:INFO:3
2020-06-19 15:12:11,948:INFO:ДУГААРАА СОНГОЖ БУЙ ХЭСЭГ
2020-06-19 15:12:11,948:INFO:3
2020-06-19 15:12:34,209:INFO:------------------------------------------------------------------------------------------------
2020-06-19 15:12:58,365:INFO:ДУГААРАА СОНГОЖ БУЙ ХЭСЭГ
2020-06-19 15:12:58,366:INFO:3
2020-06-19 15:13:36,698:INFO:ДУГААРАА СОНГОЖ БУЙ ХЭСЭГ
2020-06-19 15:13:36,698:INFO:3
2020-06-19 15:13:39,472:INFO:ДУГААРАА СОНГОЖ БУЙ ХЭСЭГ
2020-06-19 15:13:39,473:INFO:3
2020-06-19 15:13:41,585:INFO:ДУГААРАА СОНГОЖ БУЙ ХЭСЭГ
2020-06-19 15:13:41,585:INFO:3
2020-06-19 15:13:45,857:INFO:ДУГААРАА СОНГОЖ БУЙ ХЭСЭГ
2020-06-19 15:13:45,857:INFO:3
2020-06-19 15:13:49,112:INFO:ДУГААРАА СОНГОЖ БУЙ ХЭСЭГ
2020-06-19 15:13:49,113:INFO:3
2020-06-19 15:13:52,977:INFO:ДУГААРАА СОНГОЖ БУЙ ХЭСЭГ
2020-06-19 15:13:52,977:INFO:3
2020-06-19 15:14:10,419:INFO:ДУГААРАА СОНГОЖ БУЙ ХЭСЭГ
2020-06-19 15:14:10,419:INFO:3
2020-06-19 15:14:19,091:INFO:ДУГААРАА СОНГОЖ БУЙ ХЭСЭГ
2020-06-19 15:14:19,092:INFO:3
2020-06-19 15:15:07,411:INFO:ДУГААРАА СОНГОЖ БУЙ ХЭСЭГ
2020-06-19 15:15:07,412:INFO:3
2020-06-19 15:16:01,229:INFO:------------------------------------------------------------------------------------------------
2020-06-19 15:16:02,006:INFO:------------------------------------------------------------------------------------------------
2020-06-19 15:16:03,223:INFO:ДУГААРАА СОНГОЖ БУЙ ХЭСЭГ
2020-06-19 15:16:03,223:INFO:3
2020-06-19 15:16:14,089:INFO:------------------------------------------------------------------------------------------------
2020-06-19 15:16:45,582:INFO:ДУГААРАА СОНГОЖ БУЙ ХЭСЭГ
2020-06-19 15:16:45,583:INFO:3
2020-06-19 15:17:08,699:INFO:ДУГААРАА СОНГОЖ БУЙ ХЭСЭГ
2020-06-19 15:17:08,700:INFO:3
2020-06-19 15:22:07,876:INFO:ДУГААРЫН ҮНЭ
2020-06-19 15:22:07,879:INFO:5000
2020-06-19 15:22:17,200:INFO:------------------------------------------------------------------------------------------------
2020-06-19 15:22:19,606:INFO:ДУГААРАА СОНГОЖ БУЙ ХЭСЭГ
2020-06-19 15:22:19,606:INFO:2
2020-06-19 15:22:45,207:INFO:ДУГААРАА СОНГОЖ БУЙ ХЭСЭГ
2020-06-19 15:22:45,207:INFO:7
2020-06-19 15:23:03,049:INFO:------------------------------------------------------------------------------------------------
2020-06-19 15:23:08,692:INFO:ДУГААРЫН ZAHIALGA
2020-06-19 15:23:53,947:INFO:ДУГААРАА СОНГОЖ БУЙ ХЭСЭГ
2020-06-19 15:23:53,947:INFO:2
2020-06-19 15:24:28,423:INFO:ДУГААРЫН ҮНЭ
2020-06-19 15:24:28,426:INFO:5000
2020-06-19 15:24:47,630:INFO:ДУГААРЫН ZAHIALGA
2020-06-19 15:25:00,588:INFO:------------------------------------------------------------------------------------------------
2020-06-19 15:25:09,050:INFO:------------------------------------------------------------------------------------------------
2020-06-19 15:28:53,936:INFO:------------------------------------------------------------------------------------------------
2020-06-19 15:30:40,448:INFO:------------------------------------------------------------------------------------------------
2020-06-19 15:33:19,370:INFO:------------------------------------------------------------------------------------------------
2020-06-19 15:38:04,768:INFO:ДУГААРАА СОНГОЖ БУЙ ХЭСЭГ
2020-06-19 15:38:04,768:INFO:7
2020-06-19 15:38:04,983:WARNING:Not Found: /favicon.ico
2020-06-19 15:38:08,383:INFO:ДУГААРАА СОНГОЖ БУЙ ХЭСЭГ
2020-06-19 15:38:08,383:INFO:7
2020-06-19 15:38:21,213:INFO:------------------------------------------------------------------------------------------------
2020-06-19 15:38:55,938:INFO:ДУГААРАА СОНГОЖ БУЙ ХЭСЭГ
2020-06-19 15:38:55,939:INFO:7
2020-06-19 15:39:14,782:INFO:ДУГААРАА СОНГОЖ БУЙ ХЭСЭГ
2020-06-19 15:39:14,782:INFO:7
2020-06-19 15:39:21,721:INFO:ДУГААРАА СОНГОЖ БУЙ ХЭСЭГ
2020-06-19 15:39:21,722:INFO:7
2020-06-19 15:40:54,850:INFO:ДУГААРАА СОНГОЖ БУЙ ХЭСЭГ
2020-06-19 15:40:54,850:INFO:2
2020-06-19 15:41:26,967:INFO:ДУГААРЫН ҮНЭ
2020-06-19 15:41:26,970:INFO:5000
2020-06-19 15:42:49,106:INFO:------------------------------------------------------------------------------------------------
2020-06-19 15:43:39,094:INFO:------------------------------------------------------------------------------------------------
2020-06-19 15:46:14,757:INFO:------------------------------------------------------------------------------------------------
2020-06-19 15:47:23,848:INFO:------------------------------------------------------------------------------------------------
2020-06-19 15:51:03,960:INFO:ДУГААРАА СОНГОЖ БУЙ ХЭСЭГ
2020-06-19 15:51:03,961:INFO:2
2020-06-19 15:51:04,286:WARNING:Not Found: /favicon.ico
2020-06-19 15:51:57,736:INFO:ДУГААРЫН ҮНЭ
2020-06-19 15:51:57,739:INFO:10000
2020-06-19 15:53:03,537:INFO:------------------------------------------------------------------------------------------------
2020-06-19 15:56:15,493:INFO:------------------------------------------------------------------------------------------------
2020-06-19 15:57:30,999:INFO:ДУГААРАА СОНГОЖ БУЙ ХЭСЭГ
2020-06-19 15:57:30,999:INFO:7
2020-06-19 15:57:32,281:WARNING:Not Found: /favicon.ico
2020-06-19 15:57:34,240:INFO:------------------------------------------------------------------------------------------------
2020-06-19 15:57:36,343:INFO:ДУГААРАА СОНГОЖ БУЙ ХЭСЭГ
2020-06-19 15:57:36,343:INFO:2
2020-06-19 15:57:59,362:INFO:ДУГААРАА СОНГОЖ БУЙ ХЭСЭГ
2020-06-19 15:57:59,363:INFO:2
2020-06-19 15:58:19,230:INFO:ДУГААРАА СОНГОЖ БУЙ ХЭСЭГ
2020-06-19 15:58:19,230:INFO:2
2020-06-19 16:01:33,739:INFO:------------------------------------------------------------------------------------------------
2020-06-19 16:03:13,175:INFO:------------------------------------------------------------------------------------------------
2020-06-19 16:04:30,941:INFO:ДУГААРАА СОНГОЖ БУЙ ХЭСЭГ
2020-06-19 16:04:30,941:INFO:2
2020-06-19 16:05:11,898:INFO:------------------------------------------------------------------------------------------------
2020-06-19 16:06:50,089:INFO:------------------------------------------------------------------------------------------------
2020-06-19 16:08:36,305:INFO:ДУГААРЫН ҮНЭ
2020-06-19 16:08:36,307:INFO:5000
2020-06-19 16:14:25,120:INFO:------------------------------------------------------------------------------------------------
2020-06-19 16:15:06,735:INFO:ДУГААРАА СОНГОЖ БУЙ ХЭСЭГ
2020-06-19 16:15:06,735:INFO:7
2020-06-19 16:16:01,331:INFO:------------------------------------------------------------------------------------------------
2020-06-19 16:16:07,034:INFO:------------------------------------------------------------------------------------------------
2020-06-19 16:19:16,653:INFO:------------------------------------------------------------------------------------------------
2020-06-19 16:19:25,904:INFO:ДУГААРАА СОНГОЖ БУЙ ХЭСЭГ
2020-06-19 16:19:25,904:INFO:2
2020-06-19 16:19:30,676:WARNING:Not Found: /favicon.ico
2020-06-19 16:19:58,728:INFO:ДУГААРЫН ҮНЭ
2020-06-19 16:19:58,731:INFO:10000
2020-06-19 16:20:33,298:INFO:ДУГААРАА СОНГОЖ БУЙ ХЭСЭГ
2020-06-19 16:20:33,298:INFO:7
2020-06-19 16:20:33,795:WARNING:Not Found: /favicon.ico
2020-06-19 16:20:33,812:WARNING:Not Found: /favicon.ico
2020-06-19 16:20:41,326:INFO:------------------------------------------------------------------------------------------------
2020-06-19 16:20:50,049:INFO:ДУГААРАА СОНГОЖ БУЙ ХЭСЭГ
2020-06-19 16:20:50,050:INFO:2
2020-06-19 16:20:50,427:WARNING:Not Found: /favicon.ico
2020-06-19 16:21:06,058:INFO:------------------------------------------------------------------------------------------------
2020-06-19 16:21:13,977:INFO:ДУГААРАА СОНГОЖ БУЙ ХЭСЭГ
2020-06-19 16:21:13,977:INFO:7
2020-06-19 16:21:53,272:INFO:ДУГААРЫН ҮНЭ
2020-06-19 16:21:53,275:INFO:5000
2020-06-19 16:21:57,230:INFO:ДУГААРЫН ҮНЭ
2020-06-19 16:21:57,233:INFO:10000
2020-06-19 16:22:07,764:INFO:ДУГААРАА СОНГОЖ БУЙ ХЭСЭГ
2020-06-19 16:22:07,764:INFO:7
2020-06-19 16:23:03,431:INFO:------------------------------------------------------------------------------------------------
2020-06-19 16:23:08,245:INFO:ДУГААРАА СОНГОЖ БУЙ ХЭСЭГ
2020-06-19 16:23:08,245:INFO:7
2020-06-19 16:23:15,346:INFO:ДУГААРАА СОНГОЖ БУЙ ХЭСЭГ
2020-06-19 16:23:15,347:INFO:7
2020-06-19 16:23:46,532:INFO:------------------------------------------------------------------------------------------------
2020-06-19 16:23:48,201:INFO:ДУГААРАА СОНГОЖ БУЙ ХЭСЭГ
2020-06-19 16:23:48,202:INFO:2
2020-06-19 16:24:19,611:INFO:------------------------------------------------------------------------------------------------
2020-06-19 16:25:00,940:INFO:------------------------------------------------------------------------------------------------
2020-06-19 16:25:10,399:INFO:------------------------------------------------------------------------------------------------
2020-06-19 16:25:16,119:INFO:ДУГААРАА СОНГОЖ БУЙ ХЭСЭГ
2020-06-19 16:25:16,119:INFO:2
2020-06-19 16:26:20,486:INFO:------------------------------------------------------------------------------------------------
2020-06-19 16:26:22,634:INFO:ДУГААРАА СОНГОЖ БУЙ ХЭСЭГ
2020-06-19 16:26:22,635:INFO:7
2020-06-19 16:26:23,701:INFO:ДУГААРАА СОНГОЖ БУЙ ХЭСЭГ
2020-06-19 16:26:23,701:INFO:7
2020-06-19 16:26:40,935:INFO:------------------------------------------------------------------------------------------------
2020-06-19 16:26:45,105:INFO:ДУГААРАА СОНГОЖ БУЙ ХЭСЭГ
2020-06-19 16:26:45,105:INFO:2
2020-06-19 16:28:05,784:INFO:------------------------------------------------------------------------------------------------
2020-06-19 16:28:20,666:INFO:------------------------------------------------------------------------------------------------
2020-06-19 16:28:23,250:INFO:ДУГААРАА СОНГОЖ БУЙ ХЭСЭГ
2020-06-19 16:28:23,250:INFO:2
2020-06-19 16:28:50,163:INFO:------------------------------------------------------------------------------------------------
2020-06-19 16:28:51,169:INFO:ДУГААРАА СОНГОЖ БУЙ ХЭСЭГ
2020-06-19 16:28:51,169:INFO:2
2020-06-19 16:28:54,114:INFO:------------------------------------------------------------------------------------------------
2020-06-19 16:29:31,623:INFO:------------------------------------------------------------------------------------------------
2020-06-19 16:29:33,009:INFO:ДУГААРАА СОНГОЖ БУЙ ХЭСЭГ
2020-06-19 16:29:33,009:INFO:7
2020-06-19 16:29:34,519:INFO:------------------------------------------------------------------------------------------------
2020-06-19 16:29:35,471:INFO:ДУГААРАА СОНГОЖ БУЙ ХЭСЭГ
2020-06-19 16:29:35,471:INFO:2
2020-06-19 16:29:57,165:INFO:ДУГААРАА СОНГОЖ БУЙ ХЭСЭГ
2020-06-19 16:29:57,165:INFO:2
2020-06-19 16:30:50,162:INFO:ДУГААРЫН ҮНЭ
2020-06-19 16:30:50,164:INFO:5000
2020-06-19 16:31:24,471:INFO:------------------------------------------------------------------------------------------------
2020-06-19 16:31:28,838:INFO:ДУГААРАА СОНГОЖ БУЙ ХЭСЭГ
2020-06-19 16:31:28,839:INFO:2
2020-06-19 16:31:29,231:WARNING:Not Found: /favicon.ico
2020-06-19 16:31:52,924:INFO:------------------------------------------------------------------------------------------------
2020-06-19 16:31:55,692:INFO:ДУГААРАА СОНГОЖ БУЙ ХЭСЭГ
2020-06-19 16:31:55,692:INFO:2
2020-06-19 16:31:55,990:WARNING:Not Found: /favicon.ico
2020-06-19 16:31:56,577:INFO:------------------------------------------------------------------------------------------------
2020-06-19 16:32:00,713:INFO:ДУГААРАА СОНГОЖ БУЙ ХЭСЭГ
2020-06-19 16:32:00,713:INFO:2
2020-06-19 16:32:27,455:INFO:------------------------------------------------------------------------------------------------
2020-06-19 16:33:20,536:INFO:ДУГААРЫН ҮНЭ
2020-06-19 16:33:20,539:INFO:5000
2020-06-19 16:34:22,307:INFO:ДУГААРАА СОНГОЖ БУЙ ХЭСЭГ
2020-06-19 16:34:22,308:INFO:7
2020-06-19 16:34:38,561:INFO:ДУГААРЫН ҮНЭ
2020-06-19 16:34:38,564:INFO:5000
2020-06-19 16:35:06,200:INFO:ДУГААРАА СОНГОЖ БУЙ ХЭСЭГ
2020-06-19 16:35:06,200:INFO:7
2020-06-19 16:35:57,736:INFO:ДУГААРЫН ҮНЭ
2020-06-19 16:35:57,740:INFO:5000
2020-06-19 16:38:41,040:INFO:ДУГААРЫН ҮНЭ
2020-06-19 16:38:41,042:INFO:5000
2020-06-19 16:38:46,978:INFO:ДУГААРЫН ҮНЭ
2020-06-19 16:38:46,981:INFO:5000
2020-06-19 16:41:26,086:INFO:------------------------------------------------------------------------------------------------
2020-06-19 16:41:27,124:INFO:ДУГААРАА СОНГОЖ БУЙ ХЭСЭГ
2020-06-19 16:41:27,124:INFO:2
2020-06-19 16:41:27,495:WARNING:Not Found: /favicon.ico
2020-06-19 16:42:14,290:INFO:ДУГААРЫН ҮНЭ
2020-06-19 16:42:14,292:INFO:5000
2020-06-19 16:43:39,964:INFO:------------------------------------------------------------------------------------------------
2020-06-19 16:44:04,434:INFO:------------------------------------------------------------------------------------------------
2020-06-19 16:44:12,166:INFO:ДУГААРАА СОНГОЖ БУЙ ХЭСЭГ
2020-06-19 16:44:12,167:INFO:2
2020-06-19 16:44:12,425:WARNING:Not Found: /favicon.ico
2020-06-19 16:44:15,864:INFO:ДУГААРАА СОНГОЖ БУЙ ХЭСЭГ
2020-06-19 16:44:15,864:INFO:2
2020-06-19 16:44:33,901:WARNING:Not Found: /
2020-06-19 16:44:38,631:WARNING:Not Found: /favicon.ico
2020-06-19 16:45:02,841:INFO:------------------------------------------------------------------------------------------------
2020-06-19 16:45:05,864:INFO:ДУГААРАА СОНГОЖ БУЙ ХЭСЭГ
2020-06-19 16:45:05,864:INFO:2
2020-06-19 16:45:09,120:INFO:ДУГААРАА СОНГОЖ БУЙ ХЭСЭГ
2020-06-19 16:45:09,121:INFO:2
2020-06-19 16:46:14,459:INFO:ДУГААРАА СОНГОЖ БУЙ ХЭСЭГ
2020-06-19 16:46:14,459:INFO:2
2020-06-19 16:46:14,900:INFO:------------------------------------------------------------------------------------------------
2020-06-19 16:50:03,432:INFO:------------------------------------------------------------------------------------------------
2020-06-19 16:50:11,238:INFO:ДУГААРАА СОНГОЖ БУЙ ХЭСЭГ
2020-06-19 16:50:11,238:INFO:2
2020-06-19 16:51:05,920:INFO:------------------------------------------------------------------------------------------------
2020-06-19 16:51:15,355:INFO:ДУГААРАА СОНГОЖ БУЙ ХЭСЭГ
2020-06-19 16:51:15,355:INFO:7
2020-06-19 16:51:36,835:INFO:ДУГААРЫН ҮНЭ
2020-06-19 16:51:36,838:INFO:10000
2020-06-19 16:52:46,801:INFO:------------------------------------------------------------------------------------------------
2020-06-19 16:52:51,023:INFO:ДУГААРАА СОНГОЖ БУЙ ХЭСЭГ
2020-06-19 16:52:51,023:INFO:2
2020-06-19 16:53:03,595:INFO:------------------------------------------------------------------------------------------------
2020-06-19 16:53:16,957:INFO:ДУГААРЫН ҮНЭ
2020-06-19 16:53:16,960:INFO:10000
2020-06-19 16:53:37,439:INFO:ДУГААРЫН ZAHIALGA
2020-06-19 16:53:39,043:INFO:------------------------------------------------------------------------------------------------
2020-06-19 16:56:20,479:INFO:------------------------------------------------------------------------------------------------
2020-06-19 16:57:01,053:INFO:ДУГААРАА СОНГОЖ БУЙ ХЭСЭГ
2020-06-19 16:57:01,053:INFO:2
2020-06-19 16:57:04,986:INFO:ДУГААРЫН ҮНЭ
2020-06-19 16:57:04,989:INFO:5000
2020-06-19 16:57:37,803:INFO:ДУГААРЫН ZAHIALGA
2020-06-19 16:57:44,274:INFO:------------------------------------------------------------------------------------------------
2020-06-19 16:57:49,292:INFO:------------------------------------------------------------------------------------------------
2020-06-19 16:58:24,018:INFO:------------------------------------------------------------------------------------------------
2020-06-19 16:58:24,906:INFO:ДУГААРАА СОНГОЖ БУЙ ХЭСЭГ
2020-06-19 16:58:24,906:INFO:2
2020-06-19 17:00:06,386:INFO:------------------------------------------------------------------------------------------------
2020-06-19 17:00:07,719:INFO:ДУГААРАА СОНГОЖ БУЙ ХЭСЭГ
2020-06-19 17:00:07,719:INFO:7
2020-06-19 17:00:17,966:INFO:------------------------------------------------------------------------------------------------
2020-06-19 17:00:18,758:INFO:ДУГААРАА СОНГОЖ БУЙ ХЭСЭГ
2020-06-19 17:00:18,758:INFO:2
2020-06-19 17:00:31,306:INFO:ДУГААРАА СОНГОЖ БУЙ ХЭСЭГ
2020-06-19 17:00:31,306:INFO:2
2020-06-19 17:01:01,934:INFO:------------------------------------------------------------------------------------------------
2020-06-19 17:01:03,130:INFO:ДУГААРАА СОНГОЖ БУЙ ХЭСЭГ
2020-06-19 17:01:03,130:INFO:7
2020-06-19 17:01:33,963:INFO:------------------------------------------------------------------------------------------------
2020-06-19 17:03:10,483:INFO:ДУГААРАА СОНГОЖ БУЙ ХЭСЭГ
2020-06-19 17:03:10,483:INFO:2
2020-06-19 17:03:20,136:INFO:ДУГААРАА СОНГОЖ БУЙ ХЭСЭГ
2020-06-19 17:03:20,136:INFO:2
2020-06-19 17:03:24,286:INFO:ДУГААРАА СОНГОЖ БУЙ ХЭСЭГ
2020-06-19 17:03:24,286:INFO:2
2020-06-19 17:03:26,773:INFO:ДУГААРАА СОНГОЖ БУЙ ХЭСЭГ
2020-06-19 17:03:26,774:INFO:2
2020-06-19 17:03:44,812:INFO:ДУГААРАА СОНГОЖ БУЙ ХЭСЭГ
2020-06-19 17:03:44,813:INFO:2
2020-06-19 17:03:48,826:INFO:------------------------------------------------------------------------------------------------
2020-06-19 17:03:57,191:INFO:ДУГААРАА СОНГОЖ БУЙ ХЭСЭГ
2020-06-19 17:03:57,191:INFO:2
2020-06-19 17:04:00,734:INFO:ДУГААРАА СОНГОЖ БУЙ ХЭСЭГ
2020-06-19 17:04:00,734:INFO:2
2020-06-19 17:04:11,018:INFO:ДУГААРАА СОНГОЖ БУЙ ХЭСЭГ
2020-06-19 17:04:11,019:INFO:2
2020-06-19 17:04:12,795:INFO:------------------------------------------------------------------------------------------------
2020-06-19 17:04:15,562:INFO:ДУГААРАА СОНГОЖ БУЙ ХЭСЭГ
2020-06-19 17:04:15,562:INFO:2
2020-06-19 17:04:46,422:INFO:ДУГААРАА СОНГОЖ БУЙ ХЭСЭГ
2020-06-19 17:04:46,422:INFO:2
2020-06-19 17:04:52,751:INFO:ДУГААРАА СОНГОЖ БУЙ ХЭСЭГ
2020-06-19 17:04:52,751:INFO:2
2020-06-19 17:04:54,080:INFO:ДУГААРАА СОНГОЖ БУЙ ХЭСЭГ
2020-06-19 17:04:54,080:INFO:2
2020-06-19 17:05:03,294:INFO:ДУГААРАА СОНГОЖ БУЙ ХЭСЭГ
2020-06-19 17:05:03,295:INFO:2
2020-06-19 17:05:22,086:INFO:------------------------------------------------------------------------------------------------
2020-06-19 17:05:24,418:INFO:ДУГААРАА СОНГОЖ БУЙ ХЭСЭГ
2020-06-19 17:05:24,419:INFO:2
2020-06-19 17:08:35,098:INFO:ДУГААРЫН ҮНЭ
2020-06-19 17:08:35,101:INFO:5000
2020-06-19 17:08:39,967:INFO:ДУГААРАА СОНГОЖ БУЙ ХЭСЭГ
2020-06-19 17:08:39,967:INFO:2
2020-06-19 17:08:45,939:INFO:ДУГААРАА СОНГОЖ БУЙ ХЭСЭГ
2020-06-19 17:08:45,939:INFO:2
2020-06-19 17:11:19,012:INFO:ДУГААРЫН ҮНЭ
2020-06-19 17:11:19,015:INFO:5000
2020-06-19 17:11:58,811:INFO:ДУГААРЫН ҮНЭ
2020-06-19 17:11:58,815:INFO:5000
2020-06-19 17:13:48,876:INFO:ДУГААРЫН ҮНЭ
2020-06-19 17:13:48,879:INFO:5000
2020-06-19 17:15:18,158:INFO:------------------------------------------------------------------------------------------------
2020-06-19 17:15:46,435:INFO:------------------------------------------------------------------------------------------------
2020-06-19 17:15:47,513:INFO:ДУГААРАА СОНГОЖ БУЙ ХЭСЭГ
2020-06-19 17:15:47,514:INFO:2
2020-06-19 17:16:18,198:INFO:ДУГААРЫН ҮНЭ
2020-06-19 17:16:18,201:INFO:5000
2020-06-19 17:18:49,784:INFO:ДУГААРАА СОНГОЖ БУЙ ХЭСЭГ
2020-06-19 17:18:49,785:INFO:7
2020-06-19 17:18:52,988:INFO:------------------------------------------------------------------------------------------------
2020-06-19 17:18:54,039:INFO:ДУГААРАА СОНГОЖ БУЙ ХЭСЭГ
2020-06-19 17:18:54,039:INFO:2
2020-06-19 17:19:16,443:INFO:ДУГААРЫН ҮНЭ
2020-06-19 17:19:16,446:INFO:5000
2020-06-19 17:20:41,570:INFO:------------------------------------------------------------------------------------------------
2020-06-19 17:21:13,336:INFO:ДУГААРЫН ҮНЭ
2020-06-19 17:21:13,339:INFO:5000
2020-06-19 17:23:11,042:INFO:ДУГААРАА СОНГОЖ БУЙ ХЭСЭГ
2020-06-19 17:23:11,043:INFO:7
2020-06-19 17:23:11,890:WARNING:Not Found: /favicon.ico
2020-06-19 17:23:54,781:INFO:ДУГААРАА СОНГОЖ БУЙ ХЭСЭГ
2020-06-19 17:23:54,782:INFO:7
2020-06-19 17:23:57,789:INFO:ДУГААРАА СОНГОЖ БУЙ ХЭСЭГ
2020-06-19 17:23:57,790:INFO:7
2020-06-19 17:23:58,608:WARNING:Not Found: /favicon.ico
2020-06-19 17:23:59,606:INFO:------------------------------------------------------------------------------------------------
2020-06-19 17:24:05,428:INFO:ДУГААРАА СОНГОЖ БУЙ ХЭСЭГ
2020-06-19 17:24:05,429:INFO:7
2020-06-19 17:24:17,900:INFO:ДУГААРАА СОНГОЖ БУЙ ХЭСЭГ
2020-06-19 17:24:17,900:INFO:7
2020-06-19 17:24:19,683:INFO:------------------------------------------------------------------------------------------------
2020-06-19 17:24:30,824:INFO:ДУГААРЫН ҮНЭ
2020-06-19 17:24:30,827:INFO:5000
2020-06-19 17:24:41,194:INFO:ДУГААРАА СОНГОЖ БУЙ ХЭСЭГ
2020-06-19 17:24:41,194:INFO:7
2020-06-19 17:24:42,086:INFO:------------------------------------------------------------------------------------------------
2020-06-19 17:24:43,171:INFO:ДУГААРАА СОНГОЖ БУЙ ХЭСЭГ
2020-06-19 17:24:43,171:INFO:2
2020-06-19 17:25:01,488:INFO:------------------------------------------------------------------------------------------------
2020-06-19 17:25:08,187:INFO:ДУГААРАА СОНГОЖ БУЙ ХЭСЭГ
2020-06-19 17:25:08,187:INFO:2
2020-06-19 17:25:08,727:INFO:------------------------------------------------------------------------------------------------
2020-06-19 17:25:09,608:INFO:ДУГААРАА СОНГОЖ БУЙ ХЭСЭГ
2020-06-19 17:25:09,608:INFO:7
2020-06-19 17:25:11,696:INFO:------------------------------------------------------------------------------------------------
2020-06-19 17:26:57,462:INFO:------------------------------------------------------------------------------------------------
2020-06-19 17:26:58,452:INFO:ДУГААРАА СОНГОЖ БУЙ ХЭСЭГ
2020-06-19 17:26:58,452:INFO:2
2020-06-19 17:27:11,728:INFO:ДУГААРЫН ҮНЭ
2020-06-19 17:27:11,731:INFO:5000
2020-06-19 17:27:21,103:INFO:ДУГААРЫН ҮНЭ
2020-06-19 17:27:21,106:INFO:5000
2020-06-19 17:28:05,932:INFO:------------------------------------------------------------------------------------------------
2020-06-19 17:28:54,297:INFO:------------------------------------------------------------------------------------------------
2020-06-19 17:30:52,018:INFO:------------------------------------------------------------------------------------------------
2020-06-19 17:30:52,966:INFO:ДУГААРАА СОНГОЖ БУЙ ХЭСЭГ
2020-06-19 17:30:52,966:INFO:2
2020-06-19 17:31:44,381:INFO:ДУГААРЫН ҮНЭ
2020-06-19 17:31:44,384:INFO:5000
2020-06-19 17:34:57,937:INFO:ДУГААРЫН ҮНЭ
2020-06-19 17:34:57,940:INFO:5000
2020-06-19 17:35:01,480:INFO:------------------------------------------------------------------------------------------------
2020-06-19 17:35:02,720:INFO:ДУГААРАА СОНГОЖ БУЙ ХЭСЭГ
2020-06-19 17:35:02,720:INFO:2
2020-06-19 17:36:11,622:INFO:ДУГААРЫН ҮНЭ
2020-06-19 17:36:11,625:INFO:5000
2020-06-19 17:36:12,702:INFO:------------------------------------------------------------------------------------------------
2020-06-19 17:36:14,048:INFO:ДУГААРАА СОНГОЖ БУЙ ХЭСЭГ
2020-06-19 17:36:14,048:INFO:2
2020-06-19 17:37:03,932:INFO:ДУГААРЫН ҮНЭ
2020-06-19 17:37:03,934:INFO:5000
2020-06-19 17:38:57,220:INFO:ДУГААРЫН ҮНЭ
2020-06-19 17:38:57,224:INFO:5000
2020-06-19 17:39:28,363:INFO:ДУГААРАА СОНГОЖ БУЙ ХЭСЭГ
2020-06-19 17:39:28,364:INFO:2
2020-06-19 17:40:58,617:INFO:ДУГААРЫН ҮНЭ
2020-06-19 17:40:58,621:INFO:5000
2020-06-19 17:41:02,063:INFO:ДУГААРЫН ҮНЭ
2020-06-19 17:41:02,066:INFO:5000
2020-06-19 17:41:02,189:INFO:------------------------------------------------------------------------------------------------
2020-06-19 17:41:10,392:INFO:ДУГААРАА СОНГОЖ БУЙ ХЭСЭГ
2020-06-19 17:41:10,392:INFO:2
2020-06-19 17:41:10,660:WARNING:Not Found: /favicon.ico
2020-06-19 17:41:12,712:INFO:ДУГААРАА СОНГОЖ БУЙ ХЭСЭГ
2020-06-19 17:41:12,712:INFO:2
2020-06-19 17:43:09,785:INFO:ДУГААРЫН ҮНЭ
2020-06-19 17:43:09,789:INFO:5000
2020-06-19 17:43:41,738:INFO:------------------------------------------------------------------------------------------------
2020-06-19 17:43:47,369:INFO:ДУГААРЫН ҮНЭ
2020-06-19 17:43:47,373:INFO:5000
2020-06-19 17:44:32,255:INFO:------------------------------------------------------------------------------------------------
2020-06-19 17:44:33,432:INFO:ДУГААРАА СОНГОЖ БУЙ ХЭСЭГ
2020-06-19 17:44:33,433:INFO:2
2020-06-19 17:44:36,457:INFO:------------------------------------------------------------------------------------------------
2020-06-19 17:44:38,011:INFO:ДУГААРАА СОНГОЖ БУЙ ХЭСЭГ
2020-06-19 17:44:38,011:INFO:7
2020-06-19 17:44:39,299:INFO:ДУГААРАА СОНГОЖ БУЙ ХЭСЭГ
2020-06-19 17:44:39,299:INFO:7
2020-06-19 17:45:56,030:INFO:ДУГААРЫН ҮНЭ
2020-06-19 17:45:56,033:INFO:5000
2020-06-19 17:47:35,605:INFO:ДУГААРЫН ҮНЭ
2020-06-19 17:47:35,608:INFO:5000
2020-06-19 17:47:41,598:INFO:ДУГААРАА СОНГОЖ БУЙ ХЭСЭГ
2020-06-19 17:47:41,598:INFO:2
2020-06-19 17:47:44,170:INFO:ДУГААРЫН ҮНЭ
2020-06-19 17:47:44,173:INFO:10000
2020-06-19 17:47:44,772:INFO:ДУГААРАА СОНГОЖ БУЙ ХЭСЭГ
2020-06-19 17:47:44,772:INFO:2
2020-06-19 17:47:50,879:INFO:ДУГААРАА СОНГОЖ БУЙ ХЭСЭГ
2020-06-19 17:47:50,879:INFO:2
2020-06-19 17:50:27,670:INFO:ДУГААРЫН ҮНЭ
2020-06-19 17:50:27,673:INFO:5000
2020-06-19 17:51:07,750:INFO:------------------------------------------------------------------------------------------------
2020-06-19 17:51:10,593:INFO:ДУГААРАА СОНГОЖ БУЙ ХЭСЭГ
2020-06-19 17:51:10,594:INFO:2
2020-06-19 17:51:10,921:WARNING:Not Found: /favicon.ico
2020-06-19 17:52:03,254:INFO:ДУГААРЫН ҮНЭ
2020-06-19 17:52:03,256:INFO:5000
2020-06-19 17:53:03,670:INFO:------------------------------------------------------------------------------------------------
2020-06-19 17:54:17,179:INFO:ДУГААРАА СОНГОЖ БУЙ ХЭСЭГ
2020-06-19 17:54:17,179:INFO:2
2020-06-19 17:54:18,051:INFO:------------------------------------------------------------------------------------------------
2020-06-19 17:54:19,642:INFO:ДУГААРАА СОНГОЖ БУЙ ХЭСЭГ
2020-06-19 17:54:19,642:INFO:2
2020-06-19 17:54:42,264:INFO:ДУГААРЫН ҮНЭ
2020-06-19 17:54:42,266:INFO:5000
2020-06-19 17:54:48,812:INFO:ДУГААРЫН ҮНЭ
2020-06-19 17:54:48,816:INFO:5000
2020-06-19 17:55:15,498:INFO:ДУГААРЫН ҮНЭ
2020-06-19 17:55:15,500:INFO:5000
2020-06-19 17:56:12,312:INFO:ДУГААРАА СОНГОЖ БУЙ ХЭСЭГ
2020-06-19 17:56:12,313:INFO:2
2020-06-19 17:56:12,829:WARNING:Not Found: /favicon.ico
2020-06-19 17:57:01,041:INFO:ДУГААРЫН ҮНЭ
2020-06-19 17:57:01,044:INFO:5000
2020-06-19 17:58:06,353:INFO:------------------------------------------------------------------------------------------------
2020-06-19 17:58:11,866:INFO:ДУГААРАА СОНГОЖ БУЙ ХЭСЭГ
2020-06-19 17:58:11,866:INFO:2
2020-06-19 17:59:41,535:INFO:ДУГААРЫН ҮНЭ
2020-06-19 17:59:41,538:INFO:5000
2020-06-19 18:00:34,917:INFO:------------------------------------------------------------------------------------------------
2020-06-19 18:00:35,543:INFO:ДУГААРАА СОНГОЖ БУЙ ХЭСЭГ
2020-06-19 18:00:35,543:INFO:7
2020-06-19 18:01:07,674:INFO:ДУГААРЫН ҮНЭ
2020-06-19 18:01:07,676:INFO:5000
2020-06-19 18:01:32,115:INFO:ДУГААРЫН ҮНЭ
2020-06-19 18:01:32,117:INFO:5000
2020-06-19 18:01:34,186:INFO:------------------------------------------------------------------------------------------------
2020-06-19 18:01:45,012:INFO:ДУГААРЫН ҮНЭ
2020-06-19 18:01:45,015:INFO:5000
2020-06-19 18:03:17,722:INFO:------------------------------------------------------------------------------------------------
2020-06-19 18:03:19,362:INFO:ДУГААРАА СОНГОЖ БУЙ ХЭСЭГ
2020-06-19 18:03:19,362:INFO:2
2020-06-19 18:03:49,388:INFO:------------------------------------------------------------------------------------------------
2020-06-19 18:05:32,742:INFO:ДУГААРЫН ҮНЭ
2020-06-19 18:05:32,745:INFO:5000
2020-06-19 18:06:30,299:INFO:------------------------------------------------------------------------------------------------
2020-06-19 18:06:31,359:INFO:ДУГААРАА СОНГОЖ БУЙ ХЭСЭГ
2020-06-19 18:06:31,359:INFO:7
2020-06-19 18:06:33,432:INFO:------------------------------------------------------------------------------------------------
2020-06-19 18:06:34,527:INFO:ДУГААРАА СОНГОЖ БУЙ ХЭСЭГ
2020-06-19 18:06:34,527:INFO:2
2020-06-19 18:07:57,353:INFO:ДУГААРЫН ҮНЭ
2020-06-19 18:07:57,356:INFO:5000
2020-06-19 18:08:04,215:INFO:ДУГААРЫН ҮНЭ
2020-06-19 18:08:04,218:INFO:10000
2020-06-19 18:08:14,582:INFO:ДУГААРЫН ҮНЭ
2020-06-19 18:08:14,585:INFO:5000
2020-06-19 18:08:17,383:INFO:ДУГААРЫН ZAHIALGA
2020-06-19 18:08:18,472:INFO:------------------------------------------------------------------------------------------------
2020-06-19 18:10:55,348:INFO:ДУГААРЫН ҮНЭ
2020-06-19 18:10:55,352:INFO:5000
2020-06-19 18:12:35,181:INFO:ДУГААРАА СОНГОЖ БУЙ ХЭСЭГ
2020-06-19 18:12:35,182:INFO:2
2020-06-19 18:12:40,257:INFO:ДУГААРАА СОНГОЖ БУЙ ХЭСЭГ
2020-06-19 18:12:40,258:INFO:2
2020-06-19 18:13:06,711:INFO:ДУГААРАА СОНГОЖ БУЙ ХЭСЭГ
2020-06-19 18:13:06,711:INFO:2
2020-06-19 18:13:15,009:INFO:ДУГААРАА СОНГОЖ БУЙ ХЭСЭГ
2020-06-19 18:13:15,010:INFO:2
2020-06-19 18:13:16,983:INFO:ДУГААРАА СОНГОЖ БУЙ ХЭСЭГ
2020-06-19 18:13:16,983:INFO:2
2020-06-19 18:13:46,345:INFO:ДУГААРАА СОНГОЖ БУЙ ХЭСЭГ
2020-06-19 18:13:46,345:INFO:2
2020-06-19 18:13:48,134:INFO:ДУГААРАА СОНГОЖ БУЙ ХЭСЭГ
2020-06-19 18:13:48,135:INFO:2
2020-06-19 18:13:50,838:INFO:ДУГААРАА СОНГОЖ БУЙ ХЭСЭГ
2020-06-19 18:13:50,838:INFO:2
2020-06-19 18:13:54,800:INFO:ДУГААРЫН ҮНЭ
2020-06-19 18:13:54,803:INFO:5000
2020-06-19 18:15:18,589:INFO:------------------------------------------------------------------------------------------------
2020-06-19 18:15:18,942:INFO:ДУГААРЫН ҮНЭ
2020-06-19 18:15:18,946:INFO:5000
2020-06-19 18:18:02,161:INFO:ДУГААРЫН ҮНЭ
2020-06-19 18:18:02,164:INFO:5000
2020-06-19 18:20:31,525:INFO:ДУГААРЫН ҮНЭ
2020-06-19 18:20:31,529:INFO:5000
2020-06-19 18:20:41,787:INFO:------------------------------------------------------------------------------------------------
2020-06-19 18:22:35,492:INFO:ДУГААРЫН ҮНЭ
2020-06-19 18:22:35,495:INFO:5000
2020-06-19 18:24:19,753:INFO:------------------------------------------------------------------------------------------------
2020-06-19 18:24:32,545:INFO:ДУГААРЫН ҮНЭ
2020-06-19 18:24:32,549:INFO:5000
2020-06-19 18:25:01,855:INFO:------------------------------------------------------------------------------------------------
2020-06-19 18:27:18,742:INFO:ДУГААРЫН ҮНЭ
2020-06-19 18:27:18,746:INFO:5000
2020-06-19 18:28:06,055:INFO:------------------------------------------------------------------------------------------------
2020-06-19 18:28:54,458:INFO:------------------------------------------------------------------------------------------------
2020-06-19 18:36:22,639:INFO:------------------------------------------------------------------------------------------------
2020-06-19 18:36:23,667:INFO:ДУГААРАА СОНГОЖ БУЙ ХЭСЭГ
2020-06-19 18:36:23,667:INFO:7
2020-06-19 18:36:38,902:INFO:------------------------------------------------------------------------------------------------
2020-06-19 18:36:40,090:INFO:ДУГААРАА СОНГОЖ БУЙ ХЭСЭГ
2020-06-19 18:36:40,090:INFO:2
2020-06-19 18:36:40,387:WARNING:Not Found: /favicon.ico
2020-06-19 18:36:43,013:INFO:ДУГААРАА СОНГОЖ БУЙ ХЭСЭГ
2020-06-19 18:36:43,013:INFO:7
2020-06-19 18:36:44,018:INFO:ДУГААРАА СОНГОЖ БУЙ ХЭСЭГ
2020-06-19 18:36:44,018:INFO:7
2020-06-19 18:36:56,351:INFO:ДУГААРЫН ҮНЭ
2020-06-19 18:36:56,355:INFO:5000
2020-06-19 18:37:11,908:INFO:------------------------------------------------------------------------------------------------
2020-06-19 18:37:14,164:INFO:ДУГААРАА СОНГОЖ БУЙ ХЭСЭГ
2020-06-19 18:37:14,164:INFO:7
2020-06-19 18:37:24,374:INFO:ДУГААРАА СОНГОЖ БУЙ ХЭСЭГ
2020-06-19 18:37:24,374:INFO:7
2020-06-19 18:37:39,723:INFO:ДУГААРЫН ҮНЭ
2020-06-19 18:37:39,726:INFO:10000
2020-06-19 18:37:43,506:INFO:ДУГААРАА СОНГОЖ БУЙ ХЭСЭГ
2020-06-19 18:37:43,506:INFO:7
2020-06-19 18:37:47,193:INFO:ДУГААРАА СОНГОЖ БУЙ ХЭСЭГ
2020-06-19 18:37:47,194:INFO:7
2020-06-19 18:37:48,207:INFO:ДУГААРАА СОНГОЖ БУЙ ХЭСЭГ
2020-06-19 18:37:48,208:INFO:7
2020-06-19 18:38:43,823:INFO:------------------------------------------------------------------------------------------------
2020-06-19 18:38:44,723:INFO:ДУГААРАА СОНГОЖ БУЙ ХЭСЭГ
2020-06-19 18:38:44,723:INFO:2
2020-06-19 18:40:16,429:INFO:------------------------------------------------------------------------------------------------
2020-06-19 18:40:18,282:INFO:ДУГААРАА СОНГОЖ БУЙ ХЭСЭГ
2020-06-19 18:40:18,282:INFO:7
2020-06-19 18:40:29,969:INFO:ДУГААРАА СОНГОЖ БУЙ ХЭСЭГ
2020-06-19 18:40:29,969:INFO:7
2020-06-19 18:41:24,803:INFO:------------------------------------------------------------------------------------------------
2020-06-19 18:41:26,517:INFO:ДУГААРАА СОНГОЖ БУЙ ХЭСЭГ
2020-06-19 18:41:26,517:INFO:2
2020-06-19 18:41:29,179:INFO:ДУГААРАА СОНГОЖ БУЙ ХЭСЭГ
2020-06-19 18:41:29,179:INFO:7
2020-06-19 18:41:30,593:WARNING:Not Found: /favicon.ico
2020-06-19 18:41:38,954:WARNING:Not Found: /favicon.ico
2020-06-19 18:42:07,926:INFO:------------------------------------------------------------------------------------------------
2020-06-19 18:42:09,724:INFO:ДУГААРАА СОНГОЖ БУЙ ХЭСЭГ
2020-06-19 18:42:09,725:INFO:7
2020-06-19 18:42:15,161:INFO:------------------------------------------------------------------------------------------------
2020-06-19 18:42:16,012:INFO:ДУГААРАА СОНГОЖ БУЙ ХЭСЭГ
2020-06-19 18:42:16,012:INFO:7
2020-06-19 18:42:26,496:INFO:ДУГААРАА СОНГОЖ БУЙ ХЭСЭГ
2020-06-19 18:42:26,496:INFO:2
2020-06-19 18:44:25,430:INFO:ДУГААРАА СОНГОЖ БУЙ ХЭСЭГ
2020-06-19 18:44:25,431:INFO:2
2020-06-19 18:44:56,086:INFO:ДУГААРАА СОНГОЖ БУЙ ХЭСЭГ
2020-06-19 18:44:56,086:INFO:2
2020-06-19 18:45:18,462:INFO:ДУГААРАА СОНГОЖ БУЙ ХЭСЭГ
2020-06-19 18:45:18,462:INFO:2
2020-06-19 18:45:21,639:INFO:ДУГААРАА СОНГОЖ БУЙ ХЭСЭГ
2020-06-19 18:45:21,639:INFO:2
2020-06-19 18:45:43,795:INFO:ДУГААРАА СОНГОЖ БУЙ ХЭСЭГ
2020-06-19 18:45:43,796:INFO:7
2020-06-19 18:46:06,537:INFO:------------------------------------------------------------------------------------------------
2020-06-19 18:46:57,331:INFO:ДУГААРАА СОНГОЖ БУЙ ХЭСЭГ
2020-06-19 18:46:57,331:INFO:7
2020-06-19 18:47:02,103:INFO:------------------------------------------------------------------------------------------------
2020-06-19 18:47:05,851:INFO:ДУГААРАА СОНГОЖ БУЙ ХЭСЭГ
2020-06-19 18:47:05,852:INFO:7
2020-06-19 18:50:53,563:INFO:------------------------------------------------------------------------------------------------
2020-06-19 18:50:54,244:INFO:------------------------------------------------------------------------------------------------
2020-06-19 18:50:55,215:INFO:ДУГААРАА СОНГОЖ БУЙ ХЭСЭГ
2020-06-19 18:50:55,215:INFO:7
2020-06-19 18:50:56,681:INFO:ДУГААРАА СОНГОЖ БУЙ ХЭСЭГ
2020-06-19 18:50:56,681:INFO:7
2020-06-19 18:53:03,724:INFO:------------------------------------------------------------------------------------------------
2020-06-19 18:58:49,413:INFO:ДУГААРАА СОНГОЖ БУЙ ХЭСЭГ
2020-06-19 18:58:49,413:INFO:2
2020-06-19 18:59:12,060:INFO:ДУГААРАА СОНГОЖ БУЙ ХЭСЭГ
2020-06-19 18:59:12,060:INFO:2
2020-06-19 19:01:24,047:INFO:------------------------------------------------------------------------------------------------
2020-06-19 19:01:25,566:INFO:ДУГААРАА СОНГОЖ БУЙ ХЭСЭГ
2020-06-19 19:01:25,567:INFO:2
2020-06-19 19:03:49,347:WARNING:Not Found: /
2020-06-19 19:03:53,383:WARNING:Not Found: /favicon.ico
2020-06-19 19:06:06,135:INFO:------------------------------------------------------------------------------------------------
2020-06-19 19:06:11,966:INFO:ДУГААРАА СОНГОЖ БУЙ ХЭСЭГ
2020-06-19 19:06:11,966:INFO:2
2020-06-19 19:06:12,261:WARNING:Not Found: /favicon.ico
2020-06-19 19:07:35,867:INFO:ДУГААРЫН ҮНЭ
2020-06-19 19:07:35,870:INFO:5000
2020-06-19 19:07:54,785:INFO:ДУГААРЫН ZAHIALGA
2020-06-19 19:08:18,495:INFO:------------------------------------------------------------------------------------------------
2020-06-19 19:09:54,925:INFO:------------------------------------------------------------------------------------------------
2020-06-19 19:15:19,620:INFO:------------------------------------------------------------------------------------------------
2020-06-19 19:19:58,623:INFO:ДУГААРАА СОНГОЖ БУЙ ХЭСЭГ
2020-06-19 19:19:58,623:INFO:2
2020-06-19 19:21:31,832:INFO:------------------------------------------------------------------------------------------------
2020-06-19 19:21:33,254:INFO:ДУГААРАА СОНГОЖ БУЙ ХЭСЭГ
2020-06-19 19:21:33,255:INFO:2
2020-06-19 19:22:11,793:INFO:------------------------------------------------------------------------------------------------
2020-06-19 19:22:13,073:INFO:ДУГААРАА СОНГОЖ БУЙ ХЭСЭГ
2020-06-19 19:22:13,074:INFO:2
2020-06-19 19:22:55,870:INFO:ДУГААРЫН ҮНЭ
2020-06-19 19:22:55,873:INFO:10000
2020-06-19 19:23:11,134:INFO:ДУГААРЫН ZAHIALGA
2020-06-19 19:25:02,084:INFO:------------------------------------------------------------------------------------------------
2020-06-19 19:25:11,269:INFO:------------------------------------------------------------------------------------------------
2020-06-19 19:28:06,207:INFO:------------------------------------------------------------------------------------------------
2020-06-19 19:28:54,614:INFO:------------------------------------------------------------------------------------------------
2020-06-19 19:53:03,803:INFO:------------------------------------------------------------------------------------------------
2020-06-19 19:55:03,149:INFO:ДУГААРАА СОНГОЖ БУЙ ХЭСЭГ
2020-06-19 19:55:03,149:INFO:2
2020-06-19 20:08:18,540:INFO:------------------------------------------------------------------------------------------------
2020-06-19 20:09:55,072:INFO:------------------------------------------------------------------------------------------------
2020-06-19 20:15:20,691:INFO:------------------------------------------------------------------------------------------------
2020-06-19 20:28:06,378:INFO:------------------------------------------------------------------------------------------------
2020-06-19 20:28:54,785:INFO:------------------------------------------------------------------------------------------------
2020-06-19 20:46:25,127:WARNING:Not Found: /
2020-06-19 20:48:17,372:WARNING:Not Found: /nmaplowercheck1592570896
2020-06-19 20:48:17,874:WARNING:Not Found: /HNAP1
2020-06-19 20:48:20,879:WARNING:Not Found: /evox/about
2020-06-19 20:48:20,998:WARNING:Not Found: /
2020-06-19 20:48:21,491:WARNING:Not Found: /
2020-06-19 20:48:27,687:WARNING:Not Found: /sdk
2020-06-19 20:48:33,862:ERROR:Invalid HTTP_HOST header: 'www'. You may need to add u'www' to ALLOWED_HOSTS.
2020-06-19 20:53:03,883:INFO:------------------------------------------------------------------------------------------------
2020-06-19 21:15:21,729:INFO:------------------------------------------------------------------------------------------------
2020-06-19 21:28:54,928:INFO:------------------------------------------------------------------------------------------------
2020-06-19 21:53:03,948:INFO:------------------------------------------------------------------------------------------------
2020-06-19 22:15:22,786:INFO:------------------------------------------------------------------------------------------------
2020-06-19 22:28:55,209:INFO:------------------------------------------------------------------------------------------------
2020-06-19 22:53:04,019:INFO:------------------------------------------------------------------------------------------------
2020-06-19 23:10:38,945:WARNING:Not Found: /
2020-06-19 23:15:23,807:INFO:------------------------------------------------------------------------------------------------
2020-06-19 23:28:55,404:INFO:------------------------------------------------------------------------------------------------
2020-06-19 23:53:04,105:INFO:------------------------------------------------------------------------------------------------
2020-06-20 00:15:24,851:INFO:------------------------------------------------------------------------------------------------
2020-06-20 00:28:55,526:INFO:------------------------------------------------------------------------------------------------
2020-06-20 00:53:04,163:INFO:------------------------------------------------------------------------------------------------
2020-06-20 01:15:25,895:INFO:------------------------------------------------------------------------------------------------
2020-06-20 01:22:45,651:INFO:------------------------------------------------------------------------------------------------
2020-06-20 01:28:55,769:INFO:------------------------------------------------------------------------------------------------
2020-06-20 01:53:04,233:INFO:------------------------------------------------------------------------------------------------
2020-06-20 02:15:26,927:INFO:------------------------------------------------------------------------------------------------
2020-06-20 02:22:50,529:INFO:------------------------------------------------------------------------------------------------
2020-06-20 02:28:55,970:INFO:------------------------------------------------------------------------------------------------
2020-06-20 02:53:04,331:INFO:------------------------------------------------------------------------------------------------
2020-06-20 03:15:27,976:INFO:------------------------------------------------------------------------------------------------
2020-06-20 03:22:55,162:INFO:------------------------------------------------------------------------------------------------
2020-06-20 03:28:56,358:INFO:------------------------------------------------------------------------------------------------
2020-06-20 03:53:04,403:INFO:------------------------------------------------------------------------------------------------
2020-06-20 04:15:29,016:INFO:------------------------------------------------------------------------------------------------
2020-06-20 04:22:59,798:INFO:------------------------------------------------------------------------------------------------
2020-06-20 04:28:56,518:INFO:------------------------------------------------------------------------------------------------
2020-06-20 04:53:04,468:INFO:------------------------------------------------------------------------------------------------
2020-06-20 05:15:30,061:INFO:------------------------------------------------------------------------------------------------
2020-06-20 05:23:04,417:INFO:------------------------------------------------------------------------------------------------
2020-06-20 05:28:56,756:INFO:------------------------------------------------------------------------------------------------
2020-06-20 05:53:04,553:INFO:------------------------------------------------------------------------------------------------
2020-06-20 06:15:31,113:INFO:------------------------------------------------------------------------------------------------
2020-06-20 06:23:09,180:INFO:------------------------------------------------------------------------------------------------
